L 12/16/2017 - 01:33:49: SourceMod error session started
L 12/16/2017 - 01:33:49: Info (map "emp_drygulch_a6") (file "errors_20171216.log")
L 12/16/2017 - 01:33:49: [SM] Exception reported: Invalid timer handle 2e610330 (error 3)
L 12/16/2017 - 01:33:49: [SM] Blaming: umc-emp-mapvote.smx()
L 12/16/2017 - 01:33:49: [SM] Call stack trace:
L 12/16/2017 - 01:33:49: [SM]   [0] KillTimer
L 12/16/2017 - 01:33:49: [SM]   [1] Line 686, D:\Documents\My Folder\Empires Custom UMC Stuff\SourceMod\Workspace\umc-emp-mapvote.sp::UMC_OnNextmapSet()
L 12/16/2017 - 01:33:49: [SM]   [3] Call_Finish
L 12/16/2017 - 01:33:49: [SM]   [4] Line 4834, D:\Documents\My Folder\Empires Custom UMC Stuff\SourceMod\Workspace\umc-core.sp::DoMapChange()
L 12/16/2017 - 01:33:49: [SM]   [5] Line 1767, D:\Documents\My Folder\Empires Custom UMC Stuff\SourceMod\Workspace\umc-core.sp::Native_UMCSetNextMap()
L 12/16/2017 - 01:33:49: [SM]   [7] UMC_SetNextMap
L 12/16/2017 - 01:33:49: [SM]   [8] Line 621, D:\Documents\My Folder\Empires Custom UMC Stuff\SourceMod\Workspace\umc-emp-mapvote.sp::DoRandomNextMap()
L 12/16/2017 - 01:33:49: [SM]   [9] Line 606, D:\Documents\My Folder\Empires Custom UMC Stuff\SourceMod\Workspace\umc-emp-mapvote.sp::DoMapChangeFailSafe()
L 12/16/2017 - 01:33:49: [SM]   [10] Line 722, D:\Documents\My Folder\Empires Custom UMC Stuff\SourceMod\Workspace\umc-emp-mapvote.sp::UMC_OnVoteFailed()
L 12/16/2017 - 01:33:49: [SM]   [12] Call_Finish
L 12/16/2017 - 01:33:49: [SM]   [13] Line 4796, D:\Documents\My Folder\Empires Custom UMC Stuff\SourceMod\Workspace\umc-core.sp::VoteFailed()
L 12/16/2017 - 01:33:49: [SM]   [14] Line 3507, D:\Documents\My Folder\Empires Custom UMC Stuff\SourceMod\Workspace\umc-core.sp::VoteCancelled()
L 12/16/2017 - 01:33:49: [SM]   [15] Line 1177, D:\Documents\My Folder\Empires Custom UMC Stuff\SourceMod\Workspace\umc-core.sp::Native_UMCVoteManagerCancel()
L 12/16/2017 - 01:33:49: [SM]   [17] UMC_VoteManagerVoteCancelled
L 12/16/2017 - 01:33:49: [SM]   [18] Line 2276, D:\Documents\My Folder\Empires Custom UMC Stuff\SourceMod\Workspace\umc-core.sp::Handle_VoteMenu()
L 12/16/2017 - 01:33:55: Error log file session closed.
L 12/16/2017 - 17:30:50: SourceMod error session started
L 12/16/2017 - 17:30:50: Info (map "con_district402") (file "errors_20171216.log")
L 12/16/2017 - 17:30:50: [SM] Exception reported: Invalid timer handle 2e610330 (error 3)
L 12/16/2017 - 17:30:50: [SM] Blaming: umc-emp-mapvote.smx()
L 12/16/2017 - 17:30:50: [SM] Call stack trace:
L 12/16/2017 - 17:30:50: [SM]   [0] KillTimer
L 12/16/2017 - 17:30:50: [SM]   [1] Line 686, D:\Documents\My Folder\Empires Custom UMC Stuff\SourceMod\Workspace\umc-emp-mapvote.sp::UMC_OnNextmapSet()
L 12/16/2017 - 17:30:50: [SM]   [3] Call_Finish
L 12/16/2017 - 17:30:50: [SM]   [4] Line 4834, D:\Documents\My Folder\Empires Custom UMC Stuff\SourceMod\Workspace\umc-core.sp::DoMapChange()
L 12/16/2017 - 17:30:50: [SM]   [5] Line 1767, D:\Documents\My Folder\Empires Custom UMC Stuff\SourceMod\Workspace\umc-core.sp::Native_UMCSetNextMap()
L 12/16/2017 - 17:30:50: [SM]   [7] UMC_SetNextMap
L 12/16/2017 - 17:30:50: [SM]   [8] Line 2354, D:\Documents\My Folder\Empires Custom UMC Stuff\SourceMod\Workspace\umc-adminmenu.sp::DoMapChange()
L 12/16/2017 - 17:30:50: [SM]   [9] Line 2281, D:\Documents\My Folder\Empires Custom UMC Stuff\SourceMod\Workspace\umc-adminmenu.sp::DoManualMapChange()
L 12/16/2017 - 17:30:50: [SM]   [10] Line 2230, D:\Documents\My Folder\Empires Custom UMC Stuff\SourceMod\Workspace\umc-adminmenu.sp::Handle_ManualChangeWhenMenu()
L 12/16/2017 - 17:30:55: Error log file session closed.
L 12/16/2017 - 18:09:06: SourceMod error session started
L 12/16/2017 - 18:09:06: Info (map "emp_vehicletraining_2013") (file "errors_20171216.log")
L 12/16/2017 - 18:09:06: [SM] Exception reported: Invalid timer handle 53770342 (error 1)
L 12/16/2017 - 18:09:06: [SM] Blaming: umc-emp-mapvote.smx()
L 12/16/2017 - 18:09:06: [SM] Call stack trace:
L 12/16/2017 - 18:09:06: [SM]   [0] KillTimer
L 12/16/2017 - 18:09:06: [SM]   [1] Line 686, D:\Documents\My Folder\Empires Custom UMC Stuff\SourceMod\Workspace\umc-emp-mapvote.sp::UMC_OnNextmapSet()
L 12/16/2017 - 18:09:06: [SM]   [3] Call_Finish
L 12/16/2017 - 18:09:06: [SM]   [4] Line 4834, D:\Documents\My Folder\Empires Custom UMC Stuff\SourceMod\Workspace\umc-core.sp::DoMapChange()
L 12/16/2017 - 18:09:06: [SM]   [5] Line 4267, D:\Documents\My Folder\Empires Custom UMC Stuff\SourceMod\Workspace\umc-core.sp::Handle_MapVoteWinner()
L 12/16/2017 - 18:09:06: [SM]   [6] Line 3819, D:\Documents\My Folder\Empires Custom UMC Stuff\SourceMod\Workspace\umc-core.sp::ProcessVoteWinner()
L 12/16/2017 - 18:09:06: [SM]   [7] Line 3795, D:\Documents\My Folder\Empires Custom UMC Stuff\SourceMod\Workspace\umc-core.sp::ProcessVoteResults()
L 12/16/2017 - 18:09:06: [SM]   [8] Line 1277, D:\Documents\My Folder\Empires Custom UMC Stuff\SourceMod\Workspace\umc-core.sp::Native_UMCVoteManagerComplete()
L 12/16/2017 - 18:09:06: [SM]   [10] UMC_VoteManagerVoteCompleted
L 12/16/2017 - 18:09:06: [SM]   [11] Line 2309, D:\Documents\My Folder\Empires Custom UMC Stuff\SourceMod\Workspace\umc-core.sp::Handle_MapVoteResults()
L 12/16/2017 - 18:09:11: Error log file session closed.
L 12/16/2017 - 19:17:01: SourceMod error session started
L 12/16/2017 - 19:17:01: Info (map "emp_flat_fix") (file "errors_20171216.log")
L 12/16/2017 - 19:17:01: [SM] Exception reported: Invalid timer handle 5a920355 (error 1)
L 12/16/2017 - 19:17:01: [SM] Blaming: umc-emp-mapvote.smx()
L 12/16/2017 - 19:17:01: [SM] Call stack trace:
L 12/16/2017 - 19:17:01: [SM]   [0] KillTimer
L 12/16/2017 - 19:17:01: [SM]   [1] Line 686, D:\Documents\My Folder\Empires Custom UMC Stuff\SourceMod\Workspace\umc-emp-mapvote.sp::UMC_OnNextmapSet()
L 12/16/2017 - 19:17:01: [SM]   [3] Call_Finish
L 12/16/2017 - 19:17:01: [SM]   [4] Line 4834, D:\Documents\My Folder\Empires Custom UMC Stuff\SourceMod\Workspace\umc-core.sp::DoMapChange()
L 12/16/2017 - 19:17:01: [SM]   [5] Line 4267, D:\Documents\My Folder\Empires Custom UMC Stuff\SourceMod\Workspace\umc-core.sp::Handle_MapVoteWinner()
L 12/16/2017 - 19:17:01: [SM]   [6] Line 3819, D:\Documents\My Folder\Empires Custom UMC Stuff\SourceMod\Workspace\umc-core.sp::ProcessVoteWinner()
L 12/16/2017 - 19:17:01: [SM]   [7] Line 3795, D:\Documents\My Folder\Empires Custom UMC Stuff\SourceMod\Workspace\umc-core.sp::ProcessVoteResults()
L 12/16/2017 - 19:17:01: [SM]   [8] Line 1277, D:\Documents\My Folder\Empires Custom UMC Stuff\SourceMod\Workspace\umc-core.sp::Native_UMCVoteManagerComplete()
L 12/16/2017 - 19:17:01: [SM]   [10] UMC_VoteManagerVoteCompleted
L 12/16/2017 - 19:17:01: [SM]   [11] Line 2309, D:\Documents\My Folder\Empires Custom UMC Stuff\SourceMod\Workspace\umc-core.sp::Handle_MapVoteResults()
L 12/16/2017 - 19:17:08: Error log file session closed.
L 12/16/2017 - 20:09:48: SourceMod error session started
L 12/16/2017 - 20:09:48: Info (map "con_urbanchaos_fix") (file "errors_20171216.log")
L 12/16/2017 - 20:09:48: [SM] Exception reported: Invalid timer handle 608d0381 (error 1)
L 12/16/2017 - 20:09:48: [SM] Blaming: umc-emp-mapvote.smx()
L 12/16/2017 - 20:09:48: [SM] Call stack trace:
L 12/16/2017 - 20:09:48: [SM]   [0] KillTimer
L 12/16/2017 - 20:09:48: [SM]   [1] Line 686, D:\Documents\My Folder\Empires Custom UMC Stuff\SourceMod\Workspace\umc-emp-mapvote.sp::UMC_OnNextmapSet()
L 12/16/2017 - 20:09:48: [SM]   [3] Call_Finish
L 12/16/2017 - 20:09:48: [SM]   [4] Line 4834, D:\Documents\My Folder\Empires Custom UMC Stuff\SourceMod\Workspace\umc-core.sp::DoMapChange()
L 12/16/2017 - 20:09:48: [SM]   [5] Line 4267, D:\Documents\My Folder\Empires Custom UMC Stuff\SourceMod\Workspace\umc-core.sp::Handle_MapVoteWinner()
L 12/16/2017 - 20:09:48: [SM]   [6] Line 3819, D:\Documents\My Folder\Empires Custom UMC Stuff\SourceMod\Workspace\umc-core.sp::ProcessVoteWinner()
L 12/16/2017 - 20:09:48: [SM]   [7] Line 3795, D:\Documents\My Folder\Empires Custom UMC Stuff\SourceMod\Workspace\umc-core.sp::ProcessVoteResults()
L 12/16/2017 - 20:09:48: [SM]   [8] Line 1277, D:\Documents\My Folder\Empires Custom UMC Stuff\SourceMod\Workspace\umc-core.sp::Native_UMCVoteManagerComplete()
L 12/16/2017 - 20:09:48: [SM]   [10] UMC_VoteManagerVoteCompleted
L 12/16/2017 - 20:09:48: [SM]   [11] Line 2309, D:\Documents\My Folder\Empires Custom UMC Stuff\SourceMod\Workspace\umc-core.sp::Handle_MapVoteResults()
L 12/16/2017 - 20:09:54: Error log file session closed.
L 12/16/2017 - 20:11:39: SourceMod error session started
L 12/16/2017 - 20:11:39: Info (map "emp_crossroads_towerless") (file "errors_20171216.log")
L 12/16/2017 - 20:11:39: [SM] Exception reported: Plugin not runnable
L 12/16/2017 - 20:11:39: [SM] Exception reported: Plugin not runnable
L 12/16/2017 - 20:11:39: [SM] Exception reported: Plugin not runnable
L 12/16/2017 - 20:11:39: [SM] Exception reported: Plugin not runnable
L 12/16/2017 - 20:17:24: [SM] Exception reported: Invalid timer handle 608d0381 (error 3)
L 12/16/2017 - 20:17:24: [SM] Blaming: umc-emp-mapvote.smx()
L 12/16/2017 - 20:17:24: [SM] Call stack trace:
L 12/16/2017 - 20:17:24: [SM]   [0] KillTimer
L 12/16/2017 - 20:17:24: [SM]   [1] Line 686, D:\Documents\My Folder\Empires Custom UMC Stuff\SourceMod\Workspace\umc-emp-mapvote.sp::UMC_OnNextmapSet()
L 12/16/2017 - 20:17:24: [SM]   [3] Call_Finish
L 12/16/2017 - 20:17:24: [SM]   [4] Line 4834, D:\Documents\My Folder\Empires Custom UMC Stuff\SourceMod\Workspace\umc-core.sp::DoMapChange()
L 12/16/2017 - 20:17:24: [SM]   [5] Line 4267, D:\Documents\My Folder\Empires Custom UMC Stuff\SourceMod\Workspace\umc-core.sp::Handle_MapVoteWinner()
L 12/16/2017 - 20:17:24: [SM]   [6] Line 3819, D:\Documents\My Folder\Empires Custom UMC Stuff\SourceMod\Workspace\umc-core.sp::ProcessVoteWinner()
L 12/16/2017 - 20:17:24: [SM]   [7] Line 3795, D:\Documents\My Folder\Empires Custom UMC Stuff\SourceMod\Workspace\umc-core.sp::ProcessVoteResults()
L 12/16/2017 - 20:17:24: [SM]   [8] Line 1277, D:\Documents\My Folder\Empires Custom UMC Stuff\SourceMod\Workspace\umc-core.sp::Native_UMCVoteManagerComplete()
L 12/16/2017 - 20:17:24: [SM]   [10] UMC_VoteManagerVoteCompleted
L 12/16/2017 - 20:17:24: [SM]   [11] Line 2309, D:\Documents\My Folder\Empires Custom UMC Stuff\SourceMod\Workspace\umc-core.sp::Handle_MapVoteResults()
L 12/16/2017 - 20:17:31: Error log file session closed.
L 12/16/2017 - 20:18:56: SourceMod error session started
L 12/16/2017 - 20:18:56: Info (map "con_glycencity") (file "errors_20171216.log")
L 12/16/2017 - 20:18:56: [SM] Exception reported: Plugin not runnable
L 12/16/2017 - 20:18:56: [SM] Exception reported: Plugin not runnable
L 12/16/2017 - 20:18:56: [SM] Exception reported: Plugin not runnable
L 12/16/2017 - 20:18:56: [SM] Exception reported: Plugin not runnable
L 12/16/2017 - 20:18:56: [SM] Exception reported: Plugin not runnable
L 12/16/2017 - 20:18:56: [SM] Exception reported: Plugin not runnable
L 12/16/2017 - 20:18:56: [SM] Exception reported: Plugin not runnable
L 12/16/2017 - 20:18:56: [SM] Exception reported: Plugin not runnable
L 12/16/2017 - 20:18:56: [SM] Exception reported: Plugin not runnable
L 12/16/2017 - 20:18:56: [SM] Exception reported: Plugin not runnable
L 12/16/2017 - 20:18:56: [SM] Exception reported: Plugin not runnable
L 12/16/2017 - 20:18:56: [SM] Exception reported: Plugin not runnable
L 12/16/2017 - 20:18:56: [SM] Exception reported: Plugin not runnable
L 12/16/2017 - 20:18:56: [SM] Exception reported: Plugin not runnable
L 12/16/2017 - 20:18:56: [SM] Exception reported: Plugin not runnable
L 12/16/2017 - 20:18:56: [SM] Exception reported: Plugin not runnable
L 12/16/2017 - 20:18:56: [SM] Exception reported: Plugin not runnable
L 12/16/2017 - 20:18:56: [SM] Exception reported: Plugin not runnable
L 12/16/2017 - 20:18:56: [SM] Exception reported: Plugin not runnable
L 12/16/2017 - 20:18:56: [SM] Exception reported: Plugin not runnable
L 12/16/2017 - 20:18:56: [SM] Exception reported: Plugin not runnable
L 12/16/2017 - 20:18:56: [SM] Exception reported: Plugin not runnable
L 12/16/2017 - 20:46:40: [SM] Exception reported: Invalid timer handle 6b840387 (error 1)
L 12/16/2017 - 20:46:40: [SM] Blaming: umc-emp-mapvote.smx()
L 12/16/2017 - 20:46:40: [SM] Call stack trace:
L 12/16/2017 - 20:46:40: [SM]   [0] KillTimer
L 12/16/2017 - 20:46:40: [SM]   [1] Line 686, D:\Documents\My Folder\Empires Custom UMC Stuff\SourceMod\Workspace\umc-emp-mapvote.sp::UMC_OnNextmapSet()
L 12/16/2017 - 20:46:40: [SM]   [3] Call_Finish
L 12/16/2017 - 20:46:40: [SM]   [4] Line 4834, D:\Documents\My Folder\Empires Custom UMC Stuff\SourceMod\Workspace\umc-core.sp::DoMapChange()
L 12/16/2017 - 20:46:40: [SM]   [5] Line 1767, D:\Documents\My Folder\Empires Custom UMC Stuff\SourceMod\Workspace\umc-core.sp::Native_UMCSetNextMap()
L 12/16/2017 - 20:46:40: [SM]   [7] UMC_SetNextMap
L 12/16/2017 - 20:46:40: [SM]   [8] Line 621, D:\Documents\My Folder\Empires Custom UMC Stuff\SourceMod\Workspace\umc-emp-mapvote.sp::DoRandomNextMap()
L 12/16/2017 - 20:46:40: [SM]   [9] Line 606, D:\Documents\My Folder\Empires Custom UMC Stuff\SourceMod\Workspace\umc-emp-mapvote.sp::DoMapChangeFailSafe()
L 12/16/2017 - 20:46:40: [SM]   [10] Line 722, D:\Documents\My Folder\Empires Custom UMC Stuff\SourceMod\Workspace\umc-emp-mapvote.sp::UMC_OnVoteFailed()
L 12/16/2017 - 20:46:40: [SM]   [12] Call_Finish
L 12/16/2017 - 20:46:40: [SM]   [13] Line 4796, D:\Documents\My Folder\Empires Custom UMC Stuff\SourceMod\Workspace\umc-core.sp::VoteFailed()
L 12/16/2017 - 20:46:40: [SM]   [14] Line 3507, D:\Documents\My Folder\Empires Custom UMC Stuff\SourceMod\Workspace\umc-core.sp::VoteCancelled()
L 12/16/2017 - 20:46:40: [SM]   [15] Line 1177, D:\Documents\My Folder\Empires Custom UMC Stuff\SourceMod\Workspace\umc-core.sp::Native_UMCVoteManagerCancel()
L 12/16/2017 - 20:46:40: [SM]   [17] UMC_VoteManagerVoteCancelled
L 12/16/2017 - 20:46:40: [SM]   [18] Line 2276, D:\Documents\My Folder\Empires Custom UMC Stuff\SourceMod\Workspace\umc-core.sp::Handle_VoteMenu()
L 12/16/2017 - 20:46:41: Error log file session closed.
L 12/16/2017 - 21:02:01: SourceMod error session started
L 12/16/2017 - 21:02:01: Info (map "con_district402") (file "errors_20171216.log")
L 12/16/2017 - 21:02:01: [SM] Exception reported: Invalid timer handle 71b7034a (error 1)
L 12/16/2017 - 21:02:01: [SM] Blaming: umc-emp-mapvote.smx()
L 12/16/2017 - 21:02:01: [SM] Call stack trace:
L 12/16/2017 - 21:02:01: [SM]   [0] KillTimer
L 12/16/2017 - 21:02:01: [SM]   [1] Line 686, D:\Documents\My Folder\Empires Custom UMC Stuff\SourceMod\Workspace\umc-emp-mapvote.sp::UMC_OnNextmapSet()
L 12/16/2017 - 21:02:01: [SM]   [3] Call_Finish
L 12/16/2017 - 21:02:01: [SM]   [4] Line 4834, D:\Documents\My Folder\Empires Custom UMC Stuff\SourceMod\Workspace\umc-core.sp::DoMapChange()
L 12/16/2017 - 21:02:01: [SM]   [5] Line 4267, D:\Documents\My Folder\Empires Custom UMC Stuff\SourceMod\Workspace\umc-core.sp::Handle_MapVoteWinner()
L 12/16/2017 - 21:02:01: [SM]   [6] Line 3819, D:\Documents\My Folder\Empires Custom UMC Stuff\SourceMod\Workspace\umc-core.sp::ProcessVoteWinner()
L 12/16/2017 - 21:02:01: [SM]   [7] Line 3795, D:\Documents\My Folder\Empires Custom UMC Stuff\SourceMod\Workspace\umc-core.sp::ProcessVoteResults()
L 12/16/2017 - 21:02:01: [SM]   [8] Line 1277, D:\Documents\My Folder\Empires Custom UMC Stuff\SourceMod\Workspace\umc-core.sp::Native_UMCVoteManagerComplete()
L 12/16/2017 - 21:02:01: [SM]   [10] UMC_VoteManagerVoteCompleted
L 12/16/2017 - 21:02:01: [SM]   [11] Line 2309, D:\Documents\My Folder\Empires Custom UMC Stuff\SourceMod\Workspace\umc-core.sp::Handle_MapVoteResults()
L 12/16/2017 - 21:02:01: Error log file session closed.
L 12/16/2017 - 21:04:25: SourceMod error session started
L 12/16/2017 - 21:04:25: Info (map "emp_canyon") (file "errors_20171216.log")
L 12/16/2017 - 21:04:25: [SM] Exception reported: Heap leak detected: hp:13976 should be 13956!
L 12/16/2017 - 22:05:23: [SM] Exception reported: Invalid timer handle 8574032a (error 3)
L 12/16/2017 - 22:05:23: [SM] Blaming: umc-emp-mapvote.smx()
L 12/16/2017 - 22:05:23: [SM] Call stack trace:
L 12/16/2017 - 22:05:23: [SM]   [0] KillTimer
L 12/16/2017 - 22:05:23: [SM]   [1] Line 686, D:\Documents\My Folder\Empires Custom UMC Stuff\SourceMod\Workspace\umc-emp-mapvote.sp::UMC_OnNextmapSet()
L 12/16/2017 - 22:05:23: [SM]   [3] Call_Finish
L 12/16/2017 - 22:05:23: [SM]   [4] Line 4834, D:\Documents\My Folder\Empires Custom UMC Stuff\SourceMod\Workspace\umc-core.sp::DoMapChange()
L 12/16/2017 - 22:05:23: [SM]   [5] Line 4267, D:\Documents\My Folder\Empires Custom UMC Stuff\SourceMod\Workspace\umc-core.sp::Handle_MapVoteWinner()
L 12/16/2017 - 22:05:23: [SM]   [6] Line 3819, D:\Documents\My Folder\Empires Custom UMC Stuff\SourceMod\Workspace\umc-core.sp::ProcessVoteWinner()
L 12/16/2017 - 22:05:23: [SM]   [7] Line 3795, D:\Documents\My Folder\Empires Custom UMC Stuff\SourceMod\Workspace\umc-core.sp::ProcessVoteResults()
L 12/16/2017 - 22:05:23: [SM]   [8] Line 1277, D:\Documents\My Folder\Empires Custom UMC Stuff\SourceMod\Workspace\umc-core.sp::Native_UMCVoteManagerComplete()
L 12/16/2017 - 22:05:23: [SM]   [10] UMC_VoteManagerVoteCompleted
L 12/16/2017 - 22:05:23: [SM]   [11] Line 2309, D:\Documents\My Folder\Empires Custom UMC Stuff\SourceMod\Workspace\umc-core.sp::Handle_MapVoteResults()
L 12/16/2017 - 22:05:29: Error log file session closed.
L 12/16/2017 - 22:07:13: SourceMod error session started
L 12/16/2017 - 22:07:13: Info (map "emp_bush") (file "errors_20171216.log")
L 12/16/2017 - 22:07:13: [SM] Exception reported: Heap leak detected: hp:14012 should be 13976!
L 12/16/2017 - 23:04:27: [SM] Exception reported: Invalid timer handle 9c4c02d8 (error 1)
L 12/16/2017 - 23:04:27: [SM] Blaming: umc-emp-mapvote.smx()
L 12/16/2017 - 23:04:27: [SM] Call stack trace:
L 12/16/2017 - 23:04:27: [SM]   [0] KillTimer
L 12/16/2017 - 23:04:27: [SM]   [1] Line 686, D:\Documents\My Folder\Empires Custom UMC Stuff\SourceMod\Workspace\umc-emp-mapvote.sp::UMC_OnNextmapSet()
L 12/16/2017 - 23:04:27: [SM]   [3] Call_Finish
L 12/16/2017 - 23:04:27: [SM]   [4] Line 4834, D:\Documents\My Folder\Empires Custom UMC Stuff\SourceMod\Workspace\umc-core.sp::DoMapChange()
L 12/16/2017 - 23:04:27: [SM]   [5] Line 4267, D:\Documents\My Folder\Empires Custom UMC Stuff\SourceMod\Workspace\umc-core.sp::Handle_MapVoteWinner()
L 12/16/2017 - 23:04:27: [SM]   [6] Line 3819, D:\Documents\My Folder\Empires Custom UMC Stuff\SourceMod\Workspace\umc-core.sp::ProcessVoteWinner()
L 12/16/2017 - 23:04:27: [SM]   [7] Line 3795, D:\Documents\My Folder\Empires Custom UMC Stuff\SourceMod\Workspace\umc-core.sp::ProcessVoteResults()
L 12/16/2017 - 23:04:27: [SM]   [8] Line 1277, D:\Documents\My Folder\Empires Custom UMC Stuff\SourceMod\Workspace\umc-core.sp::Native_UMCVoteManagerComplete()
L 12/16/2017 - 23:04:27: [SM]   [10] UMC_VoteManagerVoteCompleted
L 12/16/2017 - 23:04:27: [SM]   [11] Line 2309, D:\Documents\My Folder\Empires Custom UMC Stuff\SourceMod\Workspace\umc-core.sp::Handle_MapVoteResults()
L 12/16/2017 - 23:04:33: Error log file session closed.
L 12/16/2017 - 23:06:29: SourceMod error session started
L 12/16/2017 - 23:06:29: Info (map "emp_streetsoffire_fix") (file "errors_20171216.log")
L 12/16/2017 - 23:06:29: [SM] Exception reported: Heap leak detected: hp:14036 should be 14012!
