L 01/15/2018 - 00:00:32: SourceMod error session started
L 01/15/2018 - 00:00:32: Info (map "fun_ricochet_a4") (file "errors_20180115.log")
L 01/15/2018 - 00:00:32: [SM] Exception reported: Invalid timer handle 9cc031b (error 1)
L 01/15/2018 - 00:00:32: [SM] Blaming: umc-emp-mapvote.smx()
L 01/15/2018 - 00:00:32: [SM] Call stack trace:
L 01/15/2018 - 00:00:32: [SM]   [0] KillTimer
L 01/15/2018 - 00:00:32: [SM]   [1] Line 686, D:\Documents\My Folder\Empires Custom UMC Stuff\SourceMod\Workspace\umc-emp-mapvote.sp::UMC_OnNextmapSet()
L 01/15/2018 - 00:00:32: [SM]   [3] Call_Finish
L 01/15/2018 - 00:00:32: [SM]   [4] Line 4834, D:\Documents\My Folder\Empires Custom UMC Stuff\SourceMod\Workspace\umc-core.sp::DoMapChange()
L 01/15/2018 - 00:00:32: [SM]   [5] Line 4267, D:\Documents\My Folder\Empires Custom UMC Stuff\SourceMod\Workspace\umc-core.sp::Handle_MapVoteWinner()
L 01/15/2018 - 00:00:32: [SM]   [6] Line 3819, D:\Documents\My Folder\Empires Custom UMC Stuff\SourceMod\Workspace\umc-core.sp::ProcessVoteWinner()
L 01/15/2018 - 00:00:32: [SM]   [7] Line 3795, D:\Documents\My Folder\Empires Custom UMC Stuff\SourceMod\Workspace\umc-core.sp::ProcessVoteResults()
L 01/15/2018 - 00:00:32: [SM]   [8] Line 1277, D:\Documents\My Folder\Empires Custom UMC Stuff\SourceMod\Workspace\umc-core.sp::Native_UMCVoteManagerComplete()
L 01/15/2018 - 00:00:32: [SM]   [10] UMC_VoteManagerVoteCompleted
L 01/15/2018 - 00:00:32: [SM]   [11] Line 2309, D:\Documents\My Folder\Empires Custom UMC Stuff\SourceMod\Workspace\umc-core.sp::Handle_MapVoteResults()
L 01/15/2018 - 00:00:38: Error log file session closed.
L 01/15/2018 - 00:02:23: SourceMod error session started
L 01/15/2018 - 00:02:23: Info (map "emp_shadows_attacks_fix") (file "errors_20180115.log")
L 01/15/2018 - 00:02:23: [SM] Exception reported: Game event "player_disconnect" has no active hook
L 01/15/2018 - 00:02:23: [SM] Blaming: saysounds.smx()
L 01/15/2018 - 00:02:23: [SM] Call stack trace:
L 01/15/2018 - 00:02:23: [SM]   [0] UnhookEvent
L 01/15/2018 - 00:02:23: [SM]   [1] Line 488, E:\dev\sourcemod\sourcemod-1.4.6-linux\addons\sourcemod\scripting\saysounds.sp::EnableChanged()
L 01/15/2018 - 00:07:50: [SM] Exception reported: Game event "player_disconnect" has no active hook
L 01/15/2018 - 00:07:50: [SM] Blaming: empstats.smx()
L 01/15/2018 - 00:07:50: [SM] Call stack trace:
L 01/15/2018 - 00:07:50: [SM]   [0] UnhookEvent
L 01/15/2018 - 00:07:50: [SM]   [1] Line 338, dist\addons\sourcemod\scripting\empstats.sp::Deactivate()
L 01/15/2018 - 00:07:50: [SM]   [2] Line 290, dist\addons\sourcemod\scripting\empstats.sp::CheckActivate()
L 01/15/2018 - 00:07:50: [SM]   [3] Line 1014, dist\addons\sourcemod\scripting\empstats.sp::OnClientDisconnect_Post()
L 01/15/2018 - 00:18:26: Error log file session closed.
L 01/15/2018 - 00:18:28: SourceMod error session started
L 01/15/2018 - 00:18:28: Info (map "con_urbanchaos_comm_b2") (file "errors_20180115.log")
L 01/15/2018 - 00:18:28: [SM] Exception reported: Invalid hook callback specified for game event "player_disconnect"
L 01/15/2018 - 00:18:28: [SM] Blaming: empstats.smx()
L 01/15/2018 - 00:18:28: [SM] Call stack trace:
L 01/15/2018 - 00:18:28: [SM]   [0] UnhookEvent
L 01/15/2018 - 00:18:28: [SM]   [1] Line 338, dist\addons\sourcemod\scripting\empstats.sp::Deactivate()
L 01/15/2018 - 00:18:28: [SM]   [2] Line 290, dist\addons\sourcemod\scripting\empstats.sp::CheckActivate()
L 01/15/2018 - 00:18:28: [SM]   [3] Line 1608, dist\addons\sourcemod\scripting\empstats.sp::EndMapChange()
