L 12/26/2017 - 19:37:21: SourceMod error session started
L 12/26/2017 - 19:37:21: Info (map "emp_snowstorm_rc6") (file "errors_20171226.log")
L 12/26/2017 - 19:37:21: [SM] Exception reported: Invalid timer handle 4c7b0391 (error 3)
L 12/26/2017 - 19:37:21: [SM] Blaming: umc-emp-mapvote.smx()
L 12/26/2017 - 19:37:21: [SM] Call stack trace:
L 12/26/2017 - 19:37:21: [SM]   [0] KillTimer
L 12/26/2017 - 19:37:21: [SM]   [1] Line 686, D:\Documents\My Folder\Empires Custom UMC Stuff\SourceMod\Workspace\umc-emp-mapvote.sp::UMC_OnNextmapSet()
L 12/26/2017 - 19:37:21: [SM]   [3] Call_Finish
L 12/26/2017 - 19:37:21: [SM]   [4] Line 4834, D:\Documents\My Folder\Empires Custom UMC Stuff\SourceMod\Workspace\umc-core.sp::DoMapChange()
L 12/26/2017 - 19:37:21: [SM]   [5] Line 1767, D:\Documents\My Folder\Empires Custom UMC Stuff\SourceMod\Workspace\umc-core.sp::Native_UMCSetNextMap()
L 12/26/2017 - 19:37:21: [SM]   [7] UMC_SetNextMap
L 12/26/2017 - 19:37:21: [SM]   [8] Line 2354, D:\Documents\My Folder\Empires Custom UMC Stuff\SourceMod\Workspace\umc-adminmenu.sp::DoMapChange()
L 12/26/2017 - 19:37:21: [SM]   [9] Line 2281, D:\Documents\My Folder\Empires Custom UMC Stuff\SourceMod\Workspace\umc-adminmenu.sp::DoManualMapChange()
L 12/26/2017 - 19:37:21: [SM]   [10] Line 2230, D:\Documents\My Folder\Empires Custom UMC Stuff\SourceMod\Workspace\umc-adminmenu.sp::Handle_ManualChangeWhenMenu()
L 12/26/2017 - 19:37:27: Error log file session closed.
L 12/26/2017 - 19:49:28: SourceMod error session started
L 12/26/2017 - 19:49:28: Info (map "emp_king_r5_nosplt") (file "errors_20171226.log")
L 12/26/2017 - 19:49:28: [SM] Exception reported: Invalid timer handle 4c7b0391 (error 1)
L 12/26/2017 - 19:49:28: [SM] Blaming: umc-emp-mapvote.smx()
L 12/26/2017 - 19:49:28: [SM] Call stack trace:
L 12/26/2017 - 19:49:28: [SM]   [0] KillTimer
L 12/26/2017 - 19:49:28: [SM]   [1] Line 686, D:\Documents\My Folder\Empires Custom UMC Stuff\SourceMod\Workspace\umc-emp-mapvote.sp::UMC_OnNextmapSet()
L 12/26/2017 - 19:49:28: [SM]   [3] Call_Finish
L 12/26/2017 - 19:49:28: [SM]   [4] Line 4834, D:\Documents\My Folder\Empires Custom UMC Stuff\SourceMod\Workspace\umc-core.sp::DoMapChange()
L 12/26/2017 - 19:49:28: [SM]   [5] Line 1767, D:\Documents\My Folder\Empires Custom UMC Stuff\SourceMod\Workspace\umc-core.sp::Native_UMCSetNextMap()
L 12/26/2017 - 19:49:28: [SM]   [7] UMC_SetNextMap
L 12/26/2017 - 19:49:28: [SM]   [8] Line 2354, D:\Documents\My Folder\Empires Custom UMC Stuff\SourceMod\Workspace\umc-adminmenu.sp::DoMapChange()
L 12/26/2017 - 19:49:28: [SM]   [9] Line 2281, D:\Documents\My Folder\Empires Custom UMC Stuff\SourceMod\Workspace\umc-adminmenu.sp::DoManualMapChange()
L 12/26/2017 - 19:49:28: [SM]   [10] Line 2230, D:\Documents\My Folder\Empires Custom UMC Stuff\SourceMod\Workspace\umc-adminmenu.sp::Handle_ManualChangeWhenMenu()
L 12/26/2017 - 19:49:34: Error log file session closed.
