L 07/02/2017 - 00:11:53: SourceMod error session started
L 07/02/2017 - 00:11:53: Info (map "emp_beachfront_b2") (file "errors_20170702.log")
L 07/02/2017 - 00:11:53: [SM] Exception reported: Array index is out of bounds
L 07/02/2017 - 00:11:53: [SM] Blaming: squadcontrol.smx()
L 07/02/2017 - 00:11:53: [SM] Call stack trace:
L 07/02/2017 - 00:11:53: [SM]   [1] Line 2144, squadcontrol.sp::Command_Unit_Order_List()
L 07/02/2017 - 00:14:23: [SM] Exception reported: Array index is out of bounds
L 07/02/2017 - 00:14:23: [SM] Blaming: squadcontrol.smx()
L 07/02/2017 - 00:14:23: [SM] Call stack trace:
L 07/02/2017 - 00:14:23: [SM]   [1] Line 2144, squadcontrol.sp::Command_Unit_Order_List()
L 07/02/2017 - 00:21:53: [SM] Exception reported: Array index is out of bounds
L 07/02/2017 - 00:21:53: [SM] Blaming: squadcontrol.smx()
L 07/02/2017 - 00:21:53: [SM] Call stack trace:
L 07/02/2017 - 00:21:53: [SM]   [1] Line 2144, squadcontrol.sp::Command_Unit_Order_List()
L 07/02/2017 - 00:39:48: [SM] Exception reported: Invalid timer handle 9a5802b7 (error 1)
L 07/02/2017 - 00:39:48: [SM] Blaming: umc-emp-mapvote.smx()
L 07/02/2017 - 00:39:48: [SM] Call stack trace:
L 07/02/2017 - 00:39:48: [SM]   [0] KillTimer
L 07/02/2017 - 00:39:48: [SM]   [1] Line 686, D:\Documents\My Folder\Empires Custom UMC Stuff\SourceMod\Workspace\umc-emp-mapvote.sp::UMC_OnNextmapSet()
L 07/02/2017 - 00:39:48: [SM]   [3] Call_Finish
L 07/02/2017 - 00:39:48: [SM]   [4] Line 4834, D:\Documents\My Folder\Empires Custom UMC Stuff\SourceMod\Workspace\umc-core.sp::DoMapChange()
L 07/02/2017 - 00:39:48: [SM]   [5] Line 4267, D:\Documents\My Folder\Empires Custom UMC Stuff\SourceMod\Workspace\umc-core.sp::Handle_MapVoteWinner()
L 07/02/2017 - 00:39:48: [SM]   [6] Line 3819, D:\Documents\My Folder\Empires Custom UMC Stuff\SourceMod\Workspace\umc-core.sp::ProcessVoteWinner()
L 07/02/2017 - 00:39:48: [SM]   [7] Line 3795, D:\Documents\My Folder\Empires Custom UMC Stuff\SourceMod\Workspace\umc-core.sp::ProcessVoteResults()
L 07/02/2017 - 00:39:48: [SM]   [8] Line 1277, D:\Documents\My Folder\Empires Custom UMC Stuff\SourceMod\Workspace\umc-core.sp::Native_UMCVoteManagerComplete()
L 07/02/2017 - 00:39:48: [SM]   [10] UMC_VoteManagerVoteCompleted
L 07/02/2017 - 00:39:48: [SM]   [11] Line 2309, D:\Documents\My Folder\Empires Custom UMC Stuff\SourceMod\Workspace\umc-core.sp::Handle_MapVoteResults()
L 07/02/2017 - 00:39:53: Error log file session closed.
L 07/02/2017 - 00:39:57: SourceMod error session started
L 07/02/2017 - 00:39:57: Info (map "emp_downfall") (file "errors_20170702.log")
L 07/02/2017 - 00:39:57: [nextmap.smx] FATAL: Cannot load map cycle. Nextmap not loaded.
L 07/02/2017 - 00:39:57: [SM] Exception reported: Mapcycle Not Found
L 07/02/2017 - 00:39:57: [SM] Blaming: nextmap.smx()
L 07/02/2017 - 00:39:57: [SM] Call stack trace:
L 07/02/2017 - 00:39:57: [SM]   [0] SetFailState
L 07/02/2017 - 00:39:57: [SM]   [1] Line 139, D:\builds\build-sourcemod-msvc12\windows-1.8\build\plugins\nextmap.sp::FindAndSetNextMap()
L 07/02/2017 - 00:39:57: [SM]   [2] Line 109, D:\builds\build-sourcemod-msvc12\windows-1.8\build\plugins\nextmap.sp::OnConfigsExecuted()
L 07/02/2017 - 01:02:00: [umc-core.smx] VOTING: Not enough options to run a vote. 1 options available.
L 07/02/2017 - 01:02:00: [umc-core.smx] Could not start core vote.
L 07/02/2017 - 01:02:06: Error log file session closed.
L 07/02/2017 - 01:02:08: SourceMod error session started
L 07/02/2017 - 01:02:08: Info (map "emp_blast_ob1") (file "errors_20170702.log")
L 07/02/2017 - 01:02:08: [nextmap.smx] FATAL: Cannot load map cycle. Nextmap not loaded.
L 07/02/2017 - 01:02:08: [SM] Exception reported: Mapcycle Not Found
L 07/02/2017 - 01:02:08: [SM] Blaming: nextmap.smx()
L 07/02/2017 - 01:02:08: [SM] Call stack trace:
L 07/02/2017 - 01:02:08: [SM]   [0] SetFailState
L 07/02/2017 - 01:02:08: [SM]   [1] Line 139, D:\builds\build-sourcemod-msvc12\windows-1.8\build\plugins\nextmap.sp::FindAndSetNextMap()
L 07/02/2017 - 01:02:08: [SM]   [2] Line 109, D:\builds\build-sourcemod-msvc12\windows-1.8\build\plugins\nextmap.sp::OnConfigsExecuted()
L 07/02/2017 - 01:26:23: [SM] Exception reported: Invalid timer handle a6f902ec (error 1)
L 07/02/2017 - 01:26:23: [SM] Blaming: umc-emp-mapvote.smx()
L 07/02/2017 - 01:26:23: [SM] Call stack trace:
L 07/02/2017 - 01:26:23: [SM]   [0] KillTimer
L 07/02/2017 - 01:26:23: [SM]   [1] Line 686, D:\Documents\My Folder\Empires Custom UMC Stuff\SourceMod\Workspace\umc-emp-mapvote.sp::UMC_OnNextmapSet()
L 07/02/2017 - 01:26:23: [SM]   [3] Call_Finish
L 07/02/2017 - 01:26:23: [SM]   [4] Line 4834, D:\Documents\My Folder\Empires Custom UMC Stuff\SourceMod\Workspace\umc-core.sp::DoMapChange()
L 07/02/2017 - 01:26:23: [SM]   [5] Line 1767, D:\Documents\My Folder\Empires Custom UMC Stuff\SourceMod\Workspace\umc-core.sp::Native_UMCSetNextMap()
L 07/02/2017 - 01:26:23: [SM]   [7] UMC_SetNextMap
L 07/02/2017 - 01:26:23: [SM]   [8] Line 621, D:\Documents\My Folder\Empires Custom UMC Stuff\SourceMod\Workspace\umc-emp-mapvote.sp::DoRandomNextMap()
L 07/02/2017 - 01:26:23: [SM]   [9] Line 606, D:\Documents\My Folder\Empires Custom UMC Stuff\SourceMod\Workspace\umc-emp-mapvote.sp::DoMapChangeFailSafe()
L 07/02/2017 - 01:26:23: [SM]   [10] Line 722, D:\Documents\My Folder\Empires Custom UMC Stuff\SourceMod\Workspace\umc-emp-mapvote.sp::UMC_OnVoteFailed()
L 07/02/2017 - 01:26:23: [SM]   [12] Call_Finish
L 07/02/2017 - 01:26:23: [SM]   [13] Line 4796, D:\Documents\My Folder\Empires Custom UMC Stuff\SourceMod\Workspace\umc-core.sp::VoteFailed()
L 07/02/2017 - 01:26:23: [SM]   [14] Line 3507, D:\Documents\My Folder\Empires Custom UMC Stuff\SourceMod\Workspace\umc-core.sp::VoteCancelled()
L 07/02/2017 - 01:26:23: [SM]   [15] Line 1177, D:\Documents\My Folder\Empires Custom UMC Stuff\SourceMod\Workspace\umc-core.sp::Native_UMCVoteManagerCancel()
L 07/02/2017 - 01:26:23: [SM]   [17] UMC_VoteManagerVoteCancelled
L 07/02/2017 - 01:26:23: [SM]   [18] Line 2276, D:\Documents\My Folder\Empires Custom UMC Stuff\SourceMod\Workspace\umc-core.sp::Handle_VoteMenu()
L 07/02/2017 - 01:26:29: Error log file session closed.
L 07/02/2017 - 01:26:30: SourceMod error session started
L 07/02/2017 - 01:26:30: Info (map "emp_drygulch_a6") (file "errors_20170702.log")
L 07/02/2017 - 01:26:30: [nextmap.smx] FATAL: Cannot load map cycle. Nextmap not loaded.
L 07/02/2017 - 01:26:30: [SM] Exception reported: Mapcycle Not Found
L 07/02/2017 - 01:26:30: [SM] Blaming: nextmap.smx()
L 07/02/2017 - 01:26:30: [SM] Call stack trace:
L 07/02/2017 - 01:26:30: [SM]   [0] SetFailState
L 07/02/2017 - 01:26:30: [SM]   [1] Line 139, D:\builds\build-sourcemod-msvc12\windows-1.8\build\plugins\nextmap.sp::FindAndSetNextMap()
L 07/02/2017 - 01:26:30: [SM]   [2] Line 109, D:\builds\build-sourcemod-msvc12\windows-1.8\build\plugins\nextmap.sp::OnConfigsExecuted()
L 07/02/2017 - 16:14:15: SourceMod error session started
L 07/02/2017 - 16:14:15: Info (map "con_district402") (file "errors_20170702.log")
L 07/02/2017 - 16:14:15: [SDKTOOLS] Invalid detour address passed - Disabling detour to prevent crashes
L 07/02/2017 - 16:14:15: [SDKTOOLS] Failed to find PlayerRunCmd offset - OnPlayerRunCmd forward disabled.
L 07/02/2017 - 16:14:16: [nextmap.smx] FATAL: Cannot load map cycle. Nextmap not loaded.
L 07/02/2017 - 16:14:16: [SM] Exception reported: Mapcycle Not Found
L 07/02/2017 - 16:14:16: [SM] Blaming: nextmap.smx()
L 07/02/2017 - 16:14:16: [SM] Call stack trace:
L 07/02/2017 - 16:14:16: [SM]   [0] SetFailState
L 07/02/2017 - 16:14:16: [SM]   [1] Line 139, D:\builds\build-sourcemod-msvc12\windows-1.8\build\plugins\nextmap.sp::FindAndSetNextMap()
L 07/02/2017 - 16:14:16: [SM]   [2] Line 109, D:\builds\build-sourcemod-msvc12\windows-1.8\build\plugins\nextmap.sp::OnConfigsExecuted()
L 07/02/2017 - 17:32:44: [SM] Exception reported: Invalid timer handle a410166 (error 1)
L 07/02/2017 - 17:32:44: [SM] Blaming: umc-emp-mapvote.smx()
L 07/02/2017 - 17:32:44: [SM] Call stack trace:
L 07/02/2017 - 17:32:44: [SM]   [0] KillTimer
L 07/02/2017 - 17:32:44: [SM]   [1] Line 686, D:\Documents\My Folder\Empires Custom UMC Stuff\SourceMod\Workspace\umc-emp-mapvote.sp::UMC_OnNextmapSet()
L 07/02/2017 - 17:32:44: [SM]   [3] Call_Finish
L 07/02/2017 - 17:32:44: [SM]   [4] Line 4834, D:\Documents\My Folder\Empires Custom UMC Stuff\SourceMod\Workspace\umc-core.sp::DoMapChange()
L 07/02/2017 - 17:32:44: [SM]   [5] Line 4267, D:\Documents\My Folder\Empires Custom UMC Stuff\SourceMod\Workspace\umc-core.sp::Handle_MapVoteWinner()
L 07/02/2017 - 17:32:44: [SM]   [6] Line 3819, D:\Documents\My Folder\Empires Custom UMC Stuff\SourceMod\Workspace\umc-core.sp::ProcessVoteWinner()
L 07/02/2017 - 17:32:44: [SM]   [7] Line 3795, D:\Documents\My Folder\Empires Custom UMC Stuff\SourceMod\Workspace\umc-core.sp::ProcessVoteResults()
L 07/02/2017 - 17:32:44: [SM]   [8] Line 1277, D:\Documents\My Folder\Empires Custom UMC Stuff\SourceMod\Workspace\umc-core.sp::Native_UMCVoteManagerComplete()
L 07/02/2017 - 17:32:44: [SM]   [10] UMC_VoteManagerVoteCompleted
L 07/02/2017 - 17:32:44: [SM]   [11] Line 2309, D:\Documents\My Folder\Empires Custom UMC Stuff\SourceMod\Workspace\umc-core.sp::Handle_MapVoteResults()
L 07/02/2017 - 17:32:50: Error log file session closed.
L 07/02/2017 - 17:32:52: SourceMod error session started
L 07/02/2017 - 17:32:52: Info (map "emp_crossroads") (file "errors_20170702.log")
L 07/02/2017 - 17:32:52: [nextmap.smx] FATAL: Cannot load map cycle. Nextmap not loaded.
L 07/02/2017 - 17:32:52: [SM] Exception reported: Mapcycle Not Found
L 07/02/2017 - 17:32:52: [SM] Blaming: nextmap.smx()
L 07/02/2017 - 17:32:52: [SM] Call stack trace:
L 07/02/2017 - 17:32:52: [SM]   [0] SetFailState
L 07/02/2017 - 17:32:52: [SM]   [1] Line 139, D:\builds\build-sourcemod-msvc12\windows-1.8\build\plugins\nextmap.sp::FindAndSetNextMap()
L 07/02/2017 - 17:32:52: [SM]   [2] Line 109, D:\builds\build-sourcemod-msvc12\windows-1.8\build\plugins\nextmap.sp::OnConfigsExecuted()
L 07/02/2017 - 17:52:39: [SM] Exception reported: Array index is out of bounds
L 07/02/2017 - 17:52:39: [SM] Blaming: squadcontrol.smx()
L 07/02/2017 - 17:52:39: [SM] Call stack trace:
L 07/02/2017 - 17:52:39: [SM]   [1] Line 2144, squadcontrol.sp::Command_Unit_Order_List()
L 07/02/2017 - 17:52:41: [SM] Exception reported: Array index is out of bounds
L 07/02/2017 - 17:52:41: [SM] Blaming: squadcontrol.smx()
L 07/02/2017 - 17:52:41: [SM] Call stack trace:
L 07/02/2017 - 17:52:41: [SM]   [1] Line 2144, squadcontrol.sp::Command_Unit_Order_List()
L 07/02/2017 - 17:52:42: [SM] Exception reported: Array index is out of bounds
L 07/02/2017 - 17:52:42: [SM] Blaming: squadcontrol.smx()
L 07/02/2017 - 17:52:42: [SM] Call stack trace:
L 07/02/2017 - 17:52:42: [SM]   [1] Line 2144, squadcontrol.sp::Command_Unit_Order_List()
L 07/02/2017 - 17:53:00: [SM] Exception reported: Array index is out of bounds
L 07/02/2017 - 17:53:00: [SM] Blaming: squadcontrol.smx()
L 07/02/2017 - 17:53:00: [SM] Call stack trace:
L 07/02/2017 - 17:53:00: [SM]   [1] Line 2144, squadcontrol.sp::Command_Unit_Order_List()
L 07/02/2017 - 17:54:31: [SM] Exception reported: Array index is out of bounds
L 07/02/2017 - 17:54:31: [SM] Blaming: squadcontrol.smx()
L 07/02/2017 - 17:54:31: [SM] Call stack trace:
L 07/02/2017 - 17:54:31: [SM]   [1] Line 2144, squadcontrol.sp::Command_Unit_Order_List()
L 07/02/2017 - 17:54:33: [SM] Exception reported: Array index is out of bounds
L 07/02/2017 - 17:54:33: [SM] Blaming: squadcontrol.smx()
L 07/02/2017 - 17:54:33: [SM] Call stack trace:
L 07/02/2017 - 17:54:33: [SM]   [1] Line 2144, squadcontrol.sp::Command_Unit_Order_List()
L 07/02/2017 - 18:04:03: [SM] Exception reported: Array index is out of bounds
L 07/02/2017 - 18:04:03: [SM] Blaming: squadcontrol.smx()
L 07/02/2017 - 18:04:03: [SM] Call stack trace:
L 07/02/2017 - 18:04:03: [SM]   [1] Line 2144, squadcontrol.sp::Command_Unit_Order_List()
L 07/02/2017 - 18:05:29: [SM] Exception reported: Array index is out of bounds
L 07/02/2017 - 18:05:29: [SM] Blaming: squadcontrol.smx()
L 07/02/2017 - 18:05:29: [SM] Call stack trace:
L 07/02/2017 - 18:05:29: [SM]   [1] Line 2144, squadcontrol.sp::Command_Unit_Order_List()
L 07/02/2017 - 18:21:00: [SM] Exception reported: Array index is out of bounds
L 07/02/2017 - 18:21:00: [SM] Blaming: squadcontrol.smx()
L 07/02/2017 - 18:21:00: [SM] Call stack trace:
L 07/02/2017 - 18:21:00: [SM]   [1] Line 2144, squadcontrol.sp::Command_Unit_Order_List()
L 07/02/2017 - 18:23:38: [SM] Exception reported: Array index is out of bounds
L 07/02/2017 - 18:23:38: [SM] Blaming: squadcontrol.smx()
L 07/02/2017 - 18:23:38: [SM] Call stack trace:
L 07/02/2017 - 18:23:38: [SM]   [1] Line 2144, squadcontrol.sp::Command_Unit_Order_List()
L 07/02/2017 - 18:23:47: [SM] Exception reported: Array index is out of bounds
L 07/02/2017 - 18:23:47: [SM] Blaming: squadcontrol.smx()
L 07/02/2017 - 18:23:47: [SM] Call stack trace:
L 07/02/2017 - 18:23:47: [SM]   [1] Line 2144, squadcontrol.sp::Command_Unit_Order_List()
L 07/02/2017 - 18:23:49: [SM] Exception reported: Array index is out of bounds
L 07/02/2017 - 18:23:49: [SM] Blaming: squadcontrol.smx()
L 07/02/2017 - 18:23:49: [SM] Call stack trace:
L 07/02/2017 - 18:23:49: [SM]   [1] Line 2144, squadcontrol.sp::Command_Unit_Order_List()
L 07/02/2017 - 18:24:28: [SM] Exception reported: Array index is out of bounds
L 07/02/2017 - 18:24:28: [SM] Blaming: squadcontrol.smx()
L 07/02/2017 - 18:24:28: [SM] Call stack trace:
L 07/02/2017 - 18:24:28: [SM]   [1] Line 2144, squadcontrol.sp::Command_Unit_Order_List()
L 07/02/2017 - 18:37:40: [SM] Exception reported: Invalid timer handle 1901031a (error 1)
L 07/02/2017 - 18:37:40: [SM] Blaming: umc-emp-mapvote.smx()
L 07/02/2017 - 18:37:40: [SM] Call stack trace:
L 07/02/2017 - 18:37:40: [SM]   [0] KillTimer
L 07/02/2017 - 18:37:40: [SM]   [1] Line 686, D:\Documents\My Folder\Empires Custom UMC Stuff\SourceMod\Workspace\umc-emp-mapvote.sp::UMC_OnNextmapSet()
L 07/02/2017 - 18:37:40: [SM]   [3] Call_Finish
L 07/02/2017 - 18:37:40: [SM]   [4] Line 4834, D:\Documents\My Folder\Empires Custom UMC Stuff\SourceMod\Workspace\umc-core.sp::DoMapChange()
L 07/02/2017 - 18:37:40: [SM]   [5] Line 4267, D:\Documents\My Folder\Empires Custom UMC Stuff\SourceMod\Workspace\umc-core.sp::Handle_MapVoteWinner()
L 07/02/2017 - 18:37:40: [SM]   [6] Line 3819, D:\Documents\My Folder\Empires Custom UMC Stuff\SourceMod\Workspace\umc-core.sp::ProcessVoteWinner()
L 07/02/2017 - 18:37:40: [SM]   [7] Line 3795, D:\Documents\My Folder\Empires Custom UMC Stuff\SourceMod\Workspace\umc-core.sp::ProcessVoteResults()
L 07/02/2017 - 18:37:40: [SM]   [8] Line 1277, D:\Documents\My Folder\Empires Custom UMC Stuff\SourceMod\Workspace\umc-core.sp::Native_UMCVoteManagerComplete()
L 07/02/2017 - 18:37:40: [SM]   [10] UMC_VoteManagerVoteCompleted
L 07/02/2017 - 18:37:40: [SM]   [11] Line 2309, D:\Documents\My Folder\Empires Custom UMC Stuff\SourceMod\Workspace\umc-core.sp::Handle_MapVoteResults()
L 07/02/2017 - 18:37:47: Error log file session closed.
L 07/02/2017 - 18:37:50: SourceMod error session started
L 07/02/2017 - 18:37:50: Info (map "con_glycencity") (file "errors_20170702.log")
L 07/02/2017 - 18:37:50: [nextmap.smx] FATAL: Cannot load map cycle. Nextmap not loaded.
L 07/02/2017 - 18:37:50: [SM] Exception reported: Mapcycle Not Found
L 07/02/2017 - 18:37:50: [SM] Blaming: nextmap.smx()
L 07/02/2017 - 18:37:50: [SM] Call stack trace:
L 07/02/2017 - 18:37:50: [SM]   [0] SetFailState
L 07/02/2017 - 18:37:50: [SM]   [1] Line 139, D:\builds\build-sourcemod-msvc12\windows-1.8\build\plugins\nextmap.sp::FindAndSetNextMap()
L 07/02/2017 - 18:37:50: [SM]   [2] Line 109, D:\builds\build-sourcemod-msvc12\windows-1.8\build\plugins\nextmap.sp::OnConfigsExecuted()
L 07/02/2017 - 19:07:53: [SM] Exception reported: Invalid timer handle 2617031c (error 1)
L 07/02/2017 - 19:07:53: [SM] Blaming: umc-emp-mapvote.smx()
L 07/02/2017 - 19:07:53: [SM] Call stack trace:
L 07/02/2017 - 19:07:53: [SM]   [0] KillTimer
L 07/02/2017 - 19:07:53: [SM]   [1] Line 686, D:\Documents\My Folder\Empires Custom UMC Stuff\SourceMod\Workspace\umc-emp-mapvote.sp::UMC_OnNextmapSet()
L 07/02/2017 - 19:07:53: [SM]   [3] Call_Finish
L 07/02/2017 - 19:07:53: [SM]   [4] Line 4834, D:\Documents\My Folder\Empires Custom UMC Stuff\SourceMod\Workspace\umc-core.sp::DoMapChange()
L 07/02/2017 - 19:07:53: [SM]   [5] Line 4267, D:\Documents\My Folder\Empires Custom UMC Stuff\SourceMod\Workspace\umc-core.sp::Handle_MapVoteWinner()
L 07/02/2017 - 19:07:53: [SM]   [6] Line 3819, D:\Documents\My Folder\Empires Custom UMC Stuff\SourceMod\Workspace\umc-core.sp::ProcessVoteWinner()
L 07/02/2017 - 19:07:53: [SM]   [7] Line 3795, D:\Documents\My Folder\Empires Custom UMC Stuff\SourceMod\Workspace\umc-core.sp::ProcessVoteResults()
L 07/02/2017 - 19:07:53: [SM]   [8] Line 1277, D:\Documents\My Folder\Empires Custom UMC Stuff\SourceMod\Workspace\umc-core.sp::Native_UMCVoteManagerComplete()
L 07/02/2017 - 19:07:53: [SM]   [10] UMC_VoteManagerVoteCompleted
L 07/02/2017 - 19:07:53: [SM]   [11] Line 2309, D:\Documents\My Folder\Empires Custom UMC Stuff\SourceMod\Workspace\umc-core.sp::Handle_MapVoteResults()
L 07/02/2017 - 19:07:59: Error log file session closed.
L 07/02/2017 - 19:08:03: SourceMod error session started
L 07/02/2017 - 19:08:03: Info (map "emp_drygulch_a6") (file "errors_20170702.log")
L 07/02/2017 - 19:08:03: [nextmap.smx] FATAL: Cannot load map cycle. Nextmap not loaded.
L 07/02/2017 - 19:08:03: [SM] Exception reported: Mapcycle Not Found
L 07/02/2017 - 19:08:03: [SM] Blaming: nextmap.smx()
L 07/02/2017 - 19:08:03: [SM] Call stack trace:
L 07/02/2017 - 19:08:03: [SM]   [0] SetFailState
L 07/02/2017 - 19:08:03: [SM]   [1] Line 139, D:\builds\build-sourcemod-msvc12\windows-1.8\build\plugins\nextmap.sp::FindAndSetNextMap()
L 07/02/2017 - 19:08:03: [SM]   [2] Line 109, D:\builds\build-sourcemod-msvc12\windows-1.8\build\plugins\nextmap.sp::OnConfigsExecuted()
L 07/02/2017 - 19:16:13: [SM] Exception reported: Array index is out of bounds
L 07/02/2017 - 19:16:13: [SM] Blaming: squadcontrol.smx()
L 07/02/2017 - 19:16:13: [SM] Call stack trace:
L 07/02/2017 - 19:16:13: [SM]   [1] Line 2144, squadcontrol.sp::Command_Unit_Order_List()
L 07/02/2017 - 19:20:55: [SM] Exception reported: Array index is out of bounds
L 07/02/2017 - 19:20:55: [SM] Blaming: squadcontrol.smx()
L 07/02/2017 - 19:20:55: [SM] Call stack trace:
L 07/02/2017 - 19:20:55: [SM]   [1] Line 2144, squadcontrol.sp::Command_Unit_Order_List()
L 07/02/2017 - 19:20:56: [SM] Exception reported: Array index is out of bounds
L 07/02/2017 - 19:20:56: [SM] Blaming: squadcontrol.smx()
L 07/02/2017 - 19:20:56: [SM] Call stack trace:
L 07/02/2017 - 19:20:56: [SM]   [1] Line 2144, squadcontrol.sp::Command_Unit_Order_List()
L 07/02/2017 - 19:20:57: [SM] Exception reported: Array index is out of bounds
L 07/02/2017 - 19:20:57: [SM] Blaming: squadcontrol.smx()
L 07/02/2017 - 19:20:57: [SM] Call stack trace:
L 07/02/2017 - 19:20:57: [SM]   [1] Line 2144, squadcontrol.sp::Command_Unit_Order_List()
L 07/02/2017 - 19:20:58: [SM] Exception reported: Array index is out of bounds
L 07/02/2017 - 19:20:58: [SM] Blaming: squadcontrol.smx()
L 07/02/2017 - 19:20:58: [SM] Call stack trace:
L 07/02/2017 - 19:20:58: [SM]   [1] Line 2144, squadcontrol.sp::Command_Unit_Order_List()
L 07/02/2017 - 19:21:00: [SM] Exception reported: Array index is out of bounds
L 07/02/2017 - 19:21:00: [SM] Blaming: squadcontrol.smx()
L 07/02/2017 - 19:21:00: [SM] Call stack trace:
L 07/02/2017 - 19:21:00: [SM]   [1] Line 2144, squadcontrol.sp::Command_Unit_Order_List()
L 07/02/2017 - 19:25:23: [SM] Exception reported: Array index is out of bounds
L 07/02/2017 - 19:25:23: [SM] Blaming: squadcontrol.smx()
L 07/02/2017 - 19:25:23: [SM] Call stack trace:
L 07/02/2017 - 19:25:23: [SM]   [1] Line 2144, squadcontrol.sp::Command_Unit_Order_List()
L 07/02/2017 - 19:27:48: [SM] Exception reported: Array index is out of bounds
L 07/02/2017 - 19:27:48: [SM] Blaming: squadcontrol.smx()
L 07/02/2017 - 19:27:48: [SM] Call stack trace:
L 07/02/2017 - 19:27:48: [SM]   [1] Line 2144, squadcontrol.sp::Command_Unit_Order_List()
L 07/02/2017 - 19:29:29: [SM] Exception reported: Array index is out of bounds
L 07/02/2017 - 19:29:29: [SM] Blaming: squadcontrol.smx()
L 07/02/2017 - 19:29:29: [SM] Call stack trace:
L 07/02/2017 - 19:29:29: [SM]   [1] Line 2144, squadcontrol.sp::Command_Unit_Order_List()
L 07/02/2017 - 19:29:30: [SM] Exception reported: Array index is out of bounds
L 07/02/2017 - 19:29:30: [SM] Blaming: squadcontrol.smx()
L 07/02/2017 - 19:29:30: [SM] Call stack trace:
L 07/02/2017 - 19:29:30: [SM]   [1] Line 2144, squadcontrol.sp::Command_Unit_Order_List()
L 07/02/2017 - 19:30:19: [SM] Exception reported: Array index is out of bounds
L 07/02/2017 - 19:30:19: [SM] Blaming: squadcontrol.smx()
L 07/02/2017 - 19:30:19: [SM] Call stack trace:
L 07/02/2017 - 19:30:19: [SM]   [1] Line 2144, squadcontrol.sp::Command_Unit_Order_List()
L 07/02/2017 - 19:31:35: [SM] Exception reported: Array index is out of bounds
L 07/02/2017 - 19:31:35: [SM] Blaming: squadcontrol.smx()
L 07/02/2017 - 19:31:35: [SM] Call stack trace:
L 07/02/2017 - 19:31:35: [SM]   [1] Line 2144, squadcontrol.sp::Command_Unit_Order_List()
L 07/02/2017 - 19:31:37: [SM] Exception reported: Array index is out of bounds
L 07/02/2017 - 19:31:37: [SM] Blaming: squadcontrol.smx()
L 07/02/2017 - 19:31:37: [SM] Call stack trace:
L 07/02/2017 - 19:31:37: [SM]   [1] Line 2144, squadcontrol.sp::Command_Unit_Order_List()
L 07/02/2017 - 19:34:05: [SM] Exception reported: Array index is out of bounds
L 07/02/2017 - 19:34:05: [SM] Blaming: squadcontrol.smx()
L 07/02/2017 - 19:34:05: [SM] Call stack trace:
L 07/02/2017 - 19:34:05: [SM]   [1] Line 2144, squadcontrol.sp::Command_Unit_Order_List()
L 07/02/2017 - 19:34:08: [SM] Exception reported: Array index is out of bounds
L 07/02/2017 - 19:34:08: [SM] Blaming: squadcontrol.smx()
L 07/02/2017 - 19:34:08: [SM] Call stack trace:
L 07/02/2017 - 19:34:08: [SM]   [1] Line 2144, squadcontrol.sp::Command_Unit_Order_List()
L 07/02/2017 - 19:36:31: [SM] Exception reported: Array index is out of bounds
L 07/02/2017 - 19:36:31: [SM] Blaming: squadcontrol.smx()
L 07/02/2017 - 19:36:31: [SM] Call stack trace:
L 07/02/2017 - 19:36:31: [SM]   [1] Line 2144, squadcontrol.sp::Command_Unit_Order_List()
L 07/02/2017 - 19:36:34: [SM] Exception reported: Array index is out of bounds
L 07/02/2017 - 19:36:34: [SM] Blaming: squadcontrol.smx()
L 07/02/2017 - 19:36:34: [SM] Call stack trace:
L 07/02/2017 - 19:36:34: [SM]   [1] Line 2144, squadcontrol.sp::Command_Unit_Order_List()
L 07/02/2017 - 19:36:36: [SM] Exception reported: Array index is out of bounds
L 07/02/2017 - 19:36:36: [SM] Blaming: squadcontrol.smx()
L 07/02/2017 - 19:36:36: [SM] Call stack trace:
L 07/02/2017 - 19:36:36: [SM]   [1] Line 2144, squadcontrol.sp::Command_Unit_Order_List()
L 07/02/2017 - 19:36:38: [SM] Exception reported: Array index is out of bounds
L 07/02/2017 - 19:36:38: [SM] Blaming: squadcontrol.smx()
L 07/02/2017 - 19:36:38: [SM] Call stack trace:
L 07/02/2017 - 19:36:38: [SM]   [1] Line 2144, squadcontrol.sp::Command_Unit_Order_List()
L 07/02/2017 - 19:42:30: [SM] Exception reported: Array index is out of bounds
L 07/02/2017 - 19:42:30: [SM] Blaming: squadcontrol.smx()
L 07/02/2017 - 19:42:30: [SM] Call stack trace:
L 07/02/2017 - 19:42:30: [SM]   [1] Line 2144, squadcontrol.sp::Command_Unit_Order_List()
L 07/02/2017 - 19:43:11: [SM] Exception reported: Array index is out of bounds
L 07/02/2017 - 19:43:11: [SM] Blaming: squadcontrol.smx()
L 07/02/2017 - 19:43:11: [SM] Call stack trace:
L 07/02/2017 - 19:43:11: [SM]   [1] Line 2144, squadcontrol.sp::Command_Unit_Order_List()
L 07/02/2017 - 19:43:48: [SM] Exception reported: Array index is out of bounds
L 07/02/2017 - 19:43:48: [SM] Blaming: squadcontrol.smx()
L 07/02/2017 - 19:43:48: [SM] Call stack trace:
L 07/02/2017 - 19:43:48: [SM]   [1] Line 2144, squadcontrol.sp::Command_Unit_Order_List()
L 07/02/2017 - 19:45:21: [SM] Exception reported: Array index is out of bounds
L 07/02/2017 - 19:45:21: [SM] Blaming: squadcontrol.smx()
L 07/02/2017 - 19:45:21: [SM] Call stack trace:
L 07/02/2017 - 19:45:21: [SM]   [1] Line 2144, squadcontrol.sp::Command_Unit_Order_List()
L 07/02/2017 - 19:46:17: [SM] Exception reported: Array index is out of bounds
L 07/02/2017 - 19:46:17: [SM] Blaming: squadcontrol.smx()
L 07/02/2017 - 19:46:17: [SM] Call stack trace:
L 07/02/2017 - 19:46:17: [SM]   [1] Line 2144, squadcontrol.sp::Command_Unit_Order_List()
L 07/02/2017 - 19:46:19: [SM] Exception reported: Array index is out of bounds
L 07/02/2017 - 19:46:19: [SM] Blaming: squadcontrol.smx()
L 07/02/2017 - 19:46:19: [SM] Call stack trace:
L 07/02/2017 - 19:46:19: [SM]   [1] Line 2144, squadcontrol.sp::Command_Unit_Order_List()
L 07/02/2017 - 19:51:31: [SM] Exception reported: Array index is out of bounds
L 07/02/2017 - 19:51:31: [SM] Blaming: squadcontrol.smx()
L 07/02/2017 - 19:51:31: [SM] Call stack trace:
L 07/02/2017 - 19:51:31: [SM]   [1] Line 2144, squadcontrol.sp::Command_Unit_Order_List()
L 07/02/2017 - 19:51:32: [SM] Exception reported: Array index is out of bounds
L 07/02/2017 - 19:51:32: [SM] Blaming: squadcontrol.smx()
L 07/02/2017 - 19:51:32: [SM] Call stack trace:
L 07/02/2017 - 19:51:32: [SM]   [1] Line 2144, squadcontrol.sp::Command_Unit_Order_List()
L 07/02/2017 - 19:53:41: [SM] Exception reported: Array index is out of bounds
L 07/02/2017 - 19:53:41: [SM] Blaming: squadcontrol.smx()
L 07/02/2017 - 19:53:41: [SM] Call stack trace:
L 07/02/2017 - 19:53:41: [SM]   [1] Line 2144, squadcontrol.sp::Command_Unit_Order_List()
L 07/02/2017 - 19:55:33: [SM] Exception reported: Array index is out of bounds
L 07/02/2017 - 19:55:33: [SM] Blaming: squadcontrol.smx()
L 07/02/2017 - 19:55:33: [SM] Call stack trace:
L 07/02/2017 - 19:55:33: [SM]   [1] Line 2144, squadcontrol.sp::Command_Unit_Order_List()
L 07/02/2017 - 19:55:35: [SM] Exception reported: Array index is out of bounds
L 07/02/2017 - 19:55:35: [SM] Blaming: squadcontrol.smx()
L 07/02/2017 - 19:55:35: [SM] Call stack trace:
L 07/02/2017 - 19:55:35: [SM]   [1] Line 2144, squadcontrol.sp::Command_Unit_Order_List()
L 07/02/2017 - 19:55:36: [SM] Exception reported: Array index is out of bounds
L 07/02/2017 - 19:55:36: [SM] Blaming: squadcontrol.smx()
L 07/02/2017 - 19:55:36: [SM] Call stack trace:
L 07/02/2017 - 19:55:36: [SM]   [1] Line 2144, squadcontrol.sp::Command_Unit_Order_List()
L 07/02/2017 - 19:55:52: [SM] Exception reported: Array index is out of bounds
L 07/02/2017 - 19:55:52: [SM] Blaming: squadcontrol.smx()
L 07/02/2017 - 19:55:52: [SM] Call stack trace:
L 07/02/2017 - 19:55:52: [SM]   [1] Line 2144, squadcontrol.sp::Command_Unit_Order_List()
L 07/02/2017 - 19:56:39: [SM] Exception reported: Array index is out of bounds
L 07/02/2017 - 19:56:39: [SM] Blaming: squadcontrol.smx()
L 07/02/2017 - 19:56:39: [SM] Call stack trace:
L 07/02/2017 - 19:56:39: [SM]   [1] Line 2144, squadcontrol.sp::Command_Unit_Order_List()
L 07/02/2017 - 19:56:40: [SM] Exception reported: Array index is out of bounds
L 07/02/2017 - 19:56:40: [SM] Blaming: squadcontrol.smx()
L 07/02/2017 - 19:56:40: [SM] Call stack trace:
L 07/02/2017 - 19:56:40: [SM]   [1] Line 2144, squadcontrol.sp::Command_Unit_Order_List()
L 07/02/2017 - 19:56:41: [SM] Exception reported: Array index is out of bounds
L 07/02/2017 - 19:56:41: [SM] Blaming: squadcontrol.smx()
L 07/02/2017 - 19:56:41: [SM] Call stack trace:
L 07/02/2017 - 19:56:41: [SM]   [1] Line 2144, squadcontrol.sp::Command_Unit_Order_List()
L 07/02/2017 - 19:56:42: [SM] Exception reported: Array index is out of bounds
L 07/02/2017 - 19:56:42: [SM] Blaming: squadcontrol.smx()
L 07/02/2017 - 19:56:42: [SM] Call stack trace:
L 07/02/2017 - 19:56:42: [SM]   [1] Line 2144, squadcontrol.sp::Command_Unit_Order_List()
L 07/02/2017 - 19:56:43: [SM] Exception reported: Array index is out of bounds
L 07/02/2017 - 19:56:43: [SM] Blaming: squadcontrol.smx()
L 07/02/2017 - 19:56:43: [SM] Call stack trace:
L 07/02/2017 - 19:56:43: [SM]   [1] Line 2144, squadcontrol.sp::Command_Unit_Order_List()
L 07/02/2017 - 19:57:18: [SM] Exception reported: Array index is out of bounds
L 07/02/2017 - 19:57:18: [SM] Blaming: squadcontrol.smx()
L 07/02/2017 - 19:57:18: [SM] Call stack trace:
L 07/02/2017 - 19:57:18: [SM]   [1] Line 2144, squadcontrol.sp::Command_Unit_Order_List()
L 07/02/2017 - 19:59:09: [SM] Exception reported: Invalid timer handle 304f032b (error 1)
L 07/02/2017 - 19:59:09: [SM] Blaming: umc-emp-mapvote.smx()
L 07/02/2017 - 19:59:09: [SM] Call stack trace:
L 07/02/2017 - 19:59:09: [SM]   [0] KillTimer
L 07/02/2017 - 19:59:09: [SM]   [1] Line 686, D:\Documents\My Folder\Empires Custom UMC Stuff\SourceMod\Workspace\umc-emp-mapvote.sp::UMC_OnNextmapSet()
L 07/02/2017 - 19:59:09: [SM]   [3] Call_Finish
L 07/02/2017 - 19:59:09: [SM]   [4] Line 4834, D:\Documents\My Folder\Empires Custom UMC Stuff\SourceMod\Workspace\umc-core.sp::DoMapChange()
L 07/02/2017 - 19:59:09: [SM]   [5] Line 4267, D:\Documents\My Folder\Empires Custom UMC Stuff\SourceMod\Workspace\umc-core.sp::Handle_MapVoteWinner()
L 07/02/2017 - 19:59:09: [SM]   [6] Line 3819, D:\Documents\My Folder\Empires Custom UMC Stuff\SourceMod\Workspace\umc-core.sp::ProcessVoteWinner()
L 07/02/2017 - 19:59:09: [SM]   [7] Line 3795, D:\Documents\My Folder\Empires Custom UMC Stuff\SourceMod\Workspace\umc-core.sp::ProcessVoteResults()
L 07/02/2017 - 19:59:09: [SM]   [8] Line 1277, D:\Documents\My Folder\Empires Custom UMC Stuff\SourceMod\Workspace\umc-core.sp::Native_UMCVoteManagerComplete()
L 07/02/2017 - 19:59:09: [SM]   [10] UMC_VoteManagerVoteCompleted
L 07/02/2017 - 19:59:09: [SM]   [11] Line 2309, D:\Documents\My Folder\Empires Custom UMC Stuff\SourceMod\Workspace\umc-core.sp::Handle_MapVoteResults()
L 07/02/2017 - 19:59:15: Error log file session closed.
L 07/02/2017 - 19:59:19: SourceMod error session started
L 07/02/2017 - 19:59:19: Info (map "emp_downfall") (file "errors_20170702.log")
L 07/02/2017 - 19:59:19: [nextmap.smx] FATAL: Cannot load map cycle. Nextmap not loaded.
L 07/02/2017 - 19:59:19: [SM] Exception reported: Mapcycle Not Found
L 07/02/2017 - 19:59:19: [SM] Blaming: nextmap.smx()
L 07/02/2017 - 19:59:19: [SM] Call stack trace:
L 07/02/2017 - 19:59:19: [SM]   [0] SetFailState
L 07/02/2017 - 19:59:19: [SM]   [1] Line 139, D:\builds\build-sourcemod-msvc12\windows-1.8\build\plugins\nextmap.sp::FindAndSetNextMap()
L 07/02/2017 - 19:59:19: [SM]   [2] Line 109, D:\builds\build-sourcemod-msvc12\windows-1.8\build\plugins\nextmap.sp::OnConfigsExecuted()
L 07/02/2017 - 20:44:04: [SM] Exception reported: Array index is out of bounds
L 07/02/2017 - 20:44:04: [SM] Blaming: squadcontrol.smx()
L 07/02/2017 - 20:44:04: [SM] Call stack trace:
L 07/02/2017 - 20:44:04: [SM]   [1] Line 2144, squadcontrol.sp::Command_Unit_Order_List()
L 07/02/2017 - 20:54:53: [SM] Exception reported: Invalid timer handle 3f8b0307 (error 1)
L 07/02/2017 - 20:54:53: [SM] Blaming: umc-emp-mapvote.smx()
L 07/02/2017 - 20:54:53: [SM] Call stack trace:
L 07/02/2017 - 20:54:53: [SM]   [0] KillTimer
L 07/02/2017 - 20:54:53: [SM]   [1] Line 686, D:\Documents\My Folder\Empires Custom UMC Stuff\SourceMod\Workspace\umc-emp-mapvote.sp::UMC_OnNextmapSet()
L 07/02/2017 - 20:54:53: [SM]   [3] Call_Finish
L 07/02/2017 - 20:54:53: [SM]   [4] Line 4834, D:\Documents\My Folder\Empires Custom UMC Stuff\SourceMod\Workspace\umc-core.sp::DoMapChange()
L 07/02/2017 - 20:54:53: [SM]   [5] Line 4267, D:\Documents\My Folder\Empires Custom UMC Stuff\SourceMod\Workspace\umc-core.sp::Handle_MapVoteWinner()
L 07/02/2017 - 20:54:53: [SM]   [6] Line 3819, D:\Documents\My Folder\Empires Custom UMC Stuff\SourceMod\Workspace\umc-core.sp::ProcessVoteWinner()
L 07/02/2017 - 20:54:53: [SM]   [7] Line 3795, D:\Documents\My Folder\Empires Custom UMC Stuff\SourceMod\Workspace\umc-core.sp::ProcessVoteResults()
L 07/02/2017 - 20:54:53: [SM]   [8] Line 1277, D:\Documents\My Folder\Empires Custom UMC Stuff\SourceMod\Workspace\umc-core.sp::Native_UMCVoteManagerComplete()
L 07/02/2017 - 20:54:53: [SM]   [10] UMC_VoteManagerVoteCompleted
L 07/02/2017 - 20:54:53: [SM]   [11] Line 2309, D:\Documents\My Folder\Empires Custom UMC Stuff\SourceMod\Workspace\umc-core.sp::Handle_MapVoteResults()
L 07/02/2017 - 20:54:59: Error log file session closed.
L 07/02/2017 - 20:55:04: SourceMod error session started
L 07/02/2017 - 20:55:04: Info (map "emp_vehicletraining_2013") (file "errors_20170702.log")
L 07/02/2017 - 20:55:04: [nextmap.smx] FATAL: Cannot load map cycle. Nextmap not loaded.
L 07/02/2017 - 20:55:04: [SM] Exception reported: Mapcycle Not Found
L 07/02/2017 - 20:55:04: [SM] Blaming: nextmap.smx()
L 07/02/2017 - 20:55:04: [SM] Call stack trace:
L 07/02/2017 - 20:55:04: [SM]   [0] SetFailState
L 07/02/2017 - 20:55:04: [SM]   [1] Line 139, D:\builds\build-sourcemod-msvc12\windows-1.8\build\plugins\nextmap.sp::FindAndSetNextMap()
L 07/02/2017 - 20:55:04: [SM]   [2] Line 109, D:\builds\build-sourcemod-msvc12\windows-1.8\build\plugins\nextmap.sp::OnConfigsExecuted()
L 07/02/2017 - 21:32:25: [SM] Exception reported: Invalid timer handle 460602f3 (error 1)
L 07/02/2017 - 21:32:25: [SM] Blaming: umc-emp-mapvote.smx()
L 07/02/2017 - 21:32:25: [SM] Call stack trace:
L 07/02/2017 - 21:32:25: [SM]   [0] KillTimer
L 07/02/2017 - 21:32:25: [SM]   [1] Line 686, D:\Documents\My Folder\Empires Custom UMC Stuff\SourceMod\Workspace\umc-emp-mapvote.sp::UMC_OnNextmapSet()
L 07/02/2017 - 21:32:25: [SM]   [3] Call_Finish
L 07/02/2017 - 21:32:25: [SM]   [4] Line 4834, D:\Documents\My Folder\Empires Custom UMC Stuff\SourceMod\Workspace\umc-core.sp::DoMapChange()
L 07/02/2017 - 21:32:25: [SM]   [5] Line 4267, D:\Documents\My Folder\Empires Custom UMC Stuff\SourceMod\Workspace\umc-core.sp::Handle_MapVoteWinner()
L 07/02/2017 - 21:32:25: [SM]   [6] Line 3819, D:\Documents\My Folder\Empires Custom UMC Stuff\SourceMod\Workspace\umc-core.sp::ProcessVoteWinner()
L 07/02/2017 - 21:32:25: [SM]   [7] Line 3765, D:\Documents\My Folder\Empires Custom UMC Stuff\SourceMod\Workspace\umc-core.sp::ProcessVoteResults()
L 07/02/2017 - 21:32:25: [SM]   [8] Line 1277, D:\Documents\My Folder\Empires Custom UMC Stuff\SourceMod\Workspace\umc-core.sp::Native_UMCVoteManagerComplete()
L 07/02/2017 - 21:32:25: [SM]   [10] UMC_VoteManagerVoteCompleted
L 07/02/2017 - 21:32:25: [SM]   [11] Line 2309, D:\Documents\My Folder\Empires Custom UMC Stuff\SourceMod\Workspace\umc-core.sp::Handle_MapVoteResults()
L 07/02/2017 - 21:32:31: Error log file session closed.
L 07/02/2017 - 21:32:34: SourceMod error session started
L 07/02/2017 - 21:32:34: Info (map "emp_crossroads") (file "errors_20170702.log")
L 07/02/2017 - 21:32:34: [nextmap.smx] FATAL: Cannot load map cycle. Nextmap not loaded.
L 07/02/2017 - 21:32:34: [SM] Exception reported: Mapcycle Not Found
L 07/02/2017 - 21:32:34: [SM] Blaming: nextmap.smx()
L 07/02/2017 - 21:32:34: [SM] Call stack trace:
L 07/02/2017 - 21:32:34: [SM]   [0] SetFailState
L 07/02/2017 - 21:32:34: [SM]   [1] Line 139, D:\builds\build-sourcemod-msvc12\windows-1.8\build\plugins\nextmap.sp::FindAndSetNextMap()
L 07/02/2017 - 21:32:34: [SM]   [2] Line 109, D:\builds\build-sourcemod-msvc12\windows-1.8\build\plugins\nextmap.sp::OnConfigsExecuted()
L 07/02/2017 - 22:22:58: [SM] Exception reported: Array index is out of bounds
L 07/02/2017 - 22:22:58: [SM] Blaming: squadcontrol.smx()
L 07/02/2017 - 22:22:58: [SM] Call stack trace:
L 07/02/2017 - 22:22:58: [SM]   [1] Line 2144, squadcontrol.sp::Command_Unit_Order_List()
L 07/02/2017 - 22:29:08: [SM] Exception reported: Invalid timer handle 589f02f3 (error 1)
L 07/02/2017 - 22:29:08: [SM] Blaming: umc-emp-mapvote.smx()
L 07/02/2017 - 22:29:08: [SM] Call stack trace:
L 07/02/2017 - 22:29:08: [SM]   [0] KillTimer
L 07/02/2017 - 22:29:08: [SM]   [1] Line 686, D:\Documents\My Folder\Empires Custom UMC Stuff\SourceMod\Workspace\umc-emp-mapvote.sp::UMC_OnNextmapSet()
L 07/02/2017 - 22:29:08: [SM]   [3] Call_Finish
L 07/02/2017 - 22:29:08: [SM]   [4] Line 4834, D:\Documents\My Folder\Empires Custom UMC Stuff\SourceMod\Workspace\umc-core.sp::DoMapChange()
L 07/02/2017 - 22:29:08: [SM]   [5] Line 4267, D:\Documents\My Folder\Empires Custom UMC Stuff\SourceMod\Workspace\umc-core.sp::Handle_MapVoteWinner()
L 07/02/2017 - 22:29:08: [SM]   [6] Line 3819, D:\Documents\My Folder\Empires Custom UMC Stuff\SourceMod\Workspace\umc-core.sp::ProcessVoteWinner()
L 07/02/2017 - 22:29:08: [SM]   [7] Line 3795, D:\Documents\My Folder\Empires Custom UMC Stuff\SourceMod\Workspace\umc-core.sp::ProcessVoteResults()
L 07/02/2017 - 22:29:08: [SM]   [8] Line 1277, D:\Documents\My Folder\Empires Custom UMC Stuff\SourceMod\Workspace\umc-core.sp::Native_UMCVoteManagerComplete()
L 07/02/2017 - 22:29:08: [SM]   [10] UMC_VoteManagerVoteCompleted
L 07/02/2017 - 22:29:08: [SM]   [11] Line 2309, D:\Documents\My Folder\Empires Custom UMC Stuff\SourceMod\Workspace\umc-core.sp::Handle_MapVoteResults()
L 07/02/2017 - 22:29:13: Error log file session closed.
L 07/02/2017 - 22:29:18: SourceMod error session started
L 07/02/2017 - 22:29:18: Info (map "emp_beachfront_b2") (file "errors_20170702.log")
L 07/02/2017 - 22:29:18: [nextmap.smx] FATAL: Cannot load map cycle. Nextmap not loaded.
L 07/02/2017 - 22:29:18: [SM] Exception reported: Mapcycle Not Found
L 07/02/2017 - 22:29:18: [SM] Blaming: nextmap.smx()
L 07/02/2017 - 22:29:18: [SM] Call stack trace:
L 07/02/2017 - 22:29:18: [SM]   [0] SetFailState
L 07/02/2017 - 22:29:18: [SM]   [1] Line 139, D:\builds\build-sourcemod-msvc12\windows-1.8\build\plugins\nextmap.sp::FindAndSetNextMap()
L 07/02/2017 - 22:29:18: [SM]   [2] Line 109, D:\builds\build-sourcemod-msvc12\windows-1.8\build\plugins\nextmap.sp::OnConfigsExecuted()
L 07/02/2017 - 22:37:48: SourceMod error session started
L 07/02/2017 - 22:37:48: Info (map "con_district402") (file "errors_20170702.log")
L 07/02/2017 - 22:37:48: [SDKTOOLS] Invalid detour address passed - Disabling detour to prevent crashes
L 07/02/2017 - 22:37:48: [SDKTOOLS] Failed to find PlayerRunCmd offset - OnPlayerRunCmd forward disabled.
L 07/02/2017 - 22:37:49: [nextmap.smx] FATAL: Cannot load map cycle. Nextmap not loaded.
L 07/02/2017 - 22:37:49: [SM] Exception reported: Mapcycle Not Found
L 07/02/2017 - 22:37:49: [SM] Blaming: nextmap.smx()
L 07/02/2017 - 22:37:49: [SM] Call stack trace:
L 07/02/2017 - 22:37:49: [SM]   [0] SetFailState
L 07/02/2017 - 22:37:49: [SM]   [1] Line 139, D:\builds\build-sourcemod-msvc12\windows-1.8\build\plugins\nextmap.sp::FindAndSetNextMap()
L 07/02/2017 - 22:37:49: [SM]   [2] Line 109, D:\builds\build-sourcemod-msvc12\windows-1.8\build\plugins\nextmap.sp::OnConfigsExecuted()
L 07/02/2017 - 22:38:06: Error log file session closed.
L 07/02/2017 - 22:38:06: SourceMod error session started
L 07/02/2017 - 22:38:06: Info (map "emp_beachfront_b2") (file "errors_20170702.log")
L 07/02/2017 - 22:38:06: [nextmap.smx] FATAL: Cannot load map cycle. Nextmap not loaded.
L 07/02/2017 - 22:38:06: [SM] Exception reported: Mapcycle Not Found
L 07/02/2017 - 22:38:06: [SM] Blaming: nextmap.smx()
L 07/02/2017 - 22:38:06: [SM] Call stack trace:
L 07/02/2017 - 22:38:06: [SM]   [0] SetFailState
L 07/02/2017 - 22:38:06: [SM]   [1] Line 139, D:\builds\build-sourcemod-msvc12\windows-1.8\build\plugins\nextmap.sp::FindAndSetNextMap()
L 07/02/2017 - 22:38:06: [SM]   [2] Line 109, D:\builds\build-sourcemod-msvc12\windows-1.8\build\plugins\nextmap.sp::OnConfigsExecuted()
L 07/02/2017 - 22:40:25: [SM] Exception reported: Array index is out of bounds
L 07/02/2017 - 22:40:25: [SM] Blaming: squadcontrol.smx()
L 07/02/2017 - 22:40:25: [SM] Call stack trace:
L 07/02/2017 - 22:40:25: [SM]   [1] Line 2144, squadcontrol.sp::Command_Unit_Order_List()
L 07/02/2017 - 22:45:13: [SM] Exception reported: Array index is out of bounds
L 07/02/2017 - 22:45:13: [SM] Blaming: squadcontrol.smx()
L 07/02/2017 - 22:45:13: [SM] Call stack trace:
L 07/02/2017 - 22:45:13: [SM]   [1] Line 2144, squadcontrol.sp::Command_Unit_Order_List()
L 07/02/2017 - 22:45:23: [SM] Exception reported: Array index is out of bounds
L 07/02/2017 - 22:45:23: [SM] Blaming: squadcontrol.smx()
L 07/02/2017 - 22:45:23: [SM] Call stack trace:
L 07/02/2017 - 22:45:23: [SM]   [1] Line 2144, squadcontrol.sp::Command_Unit_Order_List()
L 07/02/2017 - 22:45:26: [SM] Exception reported: Array index is out of bounds
L 07/02/2017 - 22:45:26: [SM] Blaming: squadcontrol.smx()
L 07/02/2017 - 22:45:26: [SM] Call stack trace:
L 07/02/2017 - 22:45:26: [SM]   [1] Line 2144, squadcontrol.sp::Command_Unit_Order_List()
L 07/02/2017 - 22:45:27: [SM] Exception reported: Array index is out of bounds
L 07/02/2017 - 22:45:27: [SM] Blaming: squadcontrol.smx()
L 07/02/2017 - 22:45:27: [SM] Call stack trace:
L 07/02/2017 - 22:45:27: [SM]   [1] Line 2144, squadcontrol.sp::Command_Unit_Order_List()
L 07/02/2017 - 22:45:29: [SM] Exception reported: Array index is out of bounds
L 07/02/2017 - 22:45:29: [SM] Blaming: squadcontrol.smx()
L 07/02/2017 - 22:45:29: [SM] Call stack trace:
L 07/02/2017 - 22:45:29: [SM]   [1] Line 2144, squadcontrol.sp::Command_Unit_Order_List()
L 07/02/2017 - 22:45:39: [SM] Exception reported: Array index is out of bounds
L 07/02/2017 - 22:45:39: [SM] Blaming: squadcontrol.smx()
L 07/02/2017 - 22:45:39: [SM] Call stack trace:
L 07/02/2017 - 22:45:39: [SM]   [1] Line 2144, squadcontrol.sp::Command_Unit_Order_List()
L 07/02/2017 - 22:46:07: [SM] Exception reported: Array index is out of bounds
L 07/02/2017 - 22:46:07: [SM] Blaming: squadcontrol.smx()
L 07/02/2017 - 22:46:07: [SM] Call stack trace:
L 07/02/2017 - 22:46:07: [SM]   [1] Line 2144, squadcontrol.sp::Command_Unit_Order_List()
L 07/02/2017 - 22:47:10: [SM] Exception reported: Array index is out of bounds
L 07/02/2017 - 22:47:10: [SM] Blaming: squadcontrol.smx()
L 07/02/2017 - 22:47:10: [SM] Call stack trace:
L 07/02/2017 - 22:47:10: [SM]   [1] Line 2144, squadcontrol.sp::Command_Unit_Order_List()
L 07/02/2017 - 22:47:12: [SM] Exception reported: Array index is out of bounds
L 07/02/2017 - 22:47:12: [SM] Blaming: squadcontrol.smx()
L 07/02/2017 - 22:47:12: [SM] Call stack trace:
L 07/02/2017 - 22:47:12: [SM]   [1] Line 2144, squadcontrol.sp::Command_Unit_Order_List()
L 07/02/2017 - 22:47:13: [SM] Exception reported: Array index is out of bounds
L 07/02/2017 - 22:47:13: [SM] Blaming: squadcontrol.smx()
L 07/02/2017 - 22:47:13: [SM] Call stack trace:
L 07/02/2017 - 22:47:13: [SM]   [1] Line 2144, squadcontrol.sp::Command_Unit_Order_List()
L 07/02/2017 - 22:47:23: [SM] Exception reported: Array index is out of bounds
L 07/02/2017 - 22:47:23: [SM] Blaming: squadcontrol.smx()
L 07/02/2017 - 22:47:23: [SM] Call stack trace:
L 07/02/2017 - 22:47:23: [SM]   [1] Line 2144, squadcontrol.sp::Command_Unit_Order_List()
L 07/02/2017 - 22:47:24: [SM] Exception reported: Array index is out of bounds
L 07/02/2017 - 22:47:24: [SM] Blaming: squadcontrol.smx()
L 07/02/2017 - 22:47:25: [SM] Call stack trace:
L 07/02/2017 - 22:47:25: [SM]   [1] Line 2144, squadcontrol.sp::Command_Unit_Order_List()
L 07/02/2017 - 22:47:37: [SM] Exception reported: Array index is out of bounds
L 07/02/2017 - 22:47:37: [SM] Blaming: squadcontrol.smx()
L 07/02/2017 - 22:47:37: [SM] Call stack trace:
L 07/02/2017 - 22:47:37: [SM]   [1] Line 2144, squadcontrol.sp::Command_Unit_Order_List()
L 07/02/2017 - 22:47:38: [SM] Exception reported: Array index is out of bounds
L 07/02/2017 - 22:47:38: [SM] Blaming: squadcontrol.smx()
L 07/02/2017 - 22:47:38: [SM] Call stack trace:
L 07/02/2017 - 22:47:38: [SM]   [1] Line 2144, squadcontrol.sp::Command_Unit_Order_List()
L 07/02/2017 - 22:48:47: [SM] Exception reported: Array index is out of bounds
L 07/02/2017 - 22:48:47: [SM] Blaming: squadcontrol.smx()
L 07/02/2017 - 22:48:47: [SM] Call stack trace:
L 07/02/2017 - 22:48:47: [SM]   [1] Line 2144, squadcontrol.sp::Command_Unit_Order_List()
L 07/02/2017 - 22:48:50: [SM] Exception reported: Array index is out of bounds
L 07/02/2017 - 22:48:50: [SM] Blaming: squadcontrol.smx()
L 07/02/2017 - 22:48:50: [SM] Call stack trace:
L 07/02/2017 - 22:48:50: [SM]   [1] Line 2144, squadcontrol.sp::Command_Unit_Order_List()
L 07/02/2017 - 22:49:01: [SM] Exception reported: Array index is out of bounds
L 07/02/2017 - 22:49:01: [SM] Blaming: squadcontrol.smx()
L 07/02/2017 - 22:49:01: [SM] Call stack trace:
L 07/02/2017 - 22:49:01: [SM]   [1] Line 2144, squadcontrol.sp::Command_Unit_Order_List()
L 07/02/2017 - 22:49:26: [SM] Exception reported: Array index is out of bounds
L 07/02/2017 - 22:49:26: [SM] Blaming: squadcontrol.smx()
L 07/02/2017 - 22:49:26: [SM] Call stack trace:
L 07/02/2017 - 22:49:26: [SM]   [1] Line 2144, squadcontrol.sp::Command_Unit_Order_List()
L 07/02/2017 - 22:49:50: [SM] Exception reported: Array index is out of bounds
L 07/02/2017 - 22:49:50: [SM] Blaming: squadcontrol.smx()
L 07/02/2017 - 22:49:50: [SM] Call stack trace:
L 07/02/2017 - 22:49:50: [SM]   [1] Line 2144, squadcontrol.sp::Command_Unit_Order_List()
L 07/02/2017 - 22:49:59: [SM] Exception reported: Array index is out of bounds
L 07/02/2017 - 22:49:59: [SM] Blaming: squadcontrol.smx()
L 07/02/2017 - 22:49:59: [SM] Call stack trace:
L 07/02/2017 - 22:49:59: [SM]   [1] Line 2144, squadcontrol.sp::Command_Unit_Order_List()
L 07/02/2017 - 22:55:16: [SM] Exception reported: Invalid timer handle b8d02b7 (error 1)
L 07/02/2017 - 22:55:16: [SM] Blaming: umc-emp-mapvote.smx()
L 07/02/2017 - 22:55:16: [SM] Call stack trace:
L 07/02/2017 - 22:55:16: [SM]   [0] KillTimer
L 07/02/2017 - 22:55:16: [SM]   [1] Line 686, D:\Documents\My Folder\Empires Custom UMC Stuff\SourceMod\Workspace\umc-emp-mapvote.sp::UMC_OnNextmapSet()
L 07/02/2017 - 22:55:16: [SM]   [3] Call_Finish
L 07/02/2017 - 22:55:16: [SM]   [4] Line 4834, D:\Documents\My Folder\Empires Custom UMC Stuff\SourceMod\Workspace\umc-core.sp::DoMapChange()
L 07/02/2017 - 22:55:16: [SM]   [5] Line 4267, D:\Documents\My Folder\Empires Custom UMC Stuff\SourceMod\Workspace\umc-core.sp::Handle_MapVoteWinner()
L 07/02/2017 - 22:55:16: [SM]   [6] Line 3819, D:\Documents\My Folder\Empires Custom UMC Stuff\SourceMod\Workspace\umc-core.sp::ProcessVoteWinner()
L 07/02/2017 - 22:55:16: [SM]   [7] Line 3795, D:\Documents\My Folder\Empires Custom UMC Stuff\SourceMod\Workspace\umc-core.sp::ProcessVoteResults()
L 07/02/2017 - 22:55:16: [SM]   [8] Line 1277, D:\Documents\My Folder\Empires Custom UMC Stuff\SourceMod\Workspace\umc-core.sp::Native_UMCVoteManagerComplete()
L 07/02/2017 - 22:55:16: [SM]   [10] UMC_VoteManagerVoteCompleted
L 07/02/2017 - 22:55:16: [SM]   [11] Line 2309, D:\Documents\My Folder\Empires Custom UMC Stuff\SourceMod\Workspace\umc-core.sp::Handle_MapVoteResults()
L 07/02/2017 - 22:55:22: Error log file session closed.
L 07/02/2017 - 22:55:26: SourceMod error session started
L 07/02/2017 - 22:55:26: Info (map "emp_shadows_attacks_fix") (file "errors_20170702.log")
L 07/02/2017 - 22:55:26: [nextmap.smx] FATAL: Cannot load map cycle. Nextmap not loaded.
L 07/02/2017 - 22:55:26: [SM] Exception reported: Mapcycle Not Found
L 07/02/2017 - 22:55:26: [SM] Blaming: nextmap.smx()
L 07/02/2017 - 22:55:26: [SM] Call stack trace:
L 07/02/2017 - 22:55:26: [SM]   [0] SetFailState
L 07/02/2017 - 22:55:26: [SM]   [1] Line 139, D:\builds\build-sourcemod-msvc12\windows-1.8\build\plugins\nextmap.sp::FindAndSetNextMap()
L 07/02/2017 - 22:55:26: [SM]   [2] Line 109, D:\builds\build-sourcemod-msvc12\windows-1.8\build\plugins\nextmap.sp::OnConfigsExecuted()
L 07/02/2017 - 23:08:11: [SM] Exception reported: Invalid timer handle 113a033a (error 1)
L 07/02/2017 - 23:08:11: [SM] Blaming: umc-emp-mapvote.smx()
L 07/02/2017 - 23:08:11: [SM] Call stack trace:
L 07/02/2017 - 23:08:11: [SM]   [0] KillTimer
L 07/02/2017 - 23:08:11: [SM]   [1] Line 686, D:\Documents\My Folder\Empires Custom UMC Stuff\SourceMod\Workspace\umc-emp-mapvote.sp::UMC_OnNextmapSet()
L 07/02/2017 - 23:08:11: [SM]   [3] Call_Finish
L 07/02/2017 - 23:08:11: [SM]   [4] Line 4834, D:\Documents\My Folder\Empires Custom UMC Stuff\SourceMod\Workspace\umc-core.sp::DoMapChange()
L 07/02/2017 - 23:08:11: [SM]   [5] Line 4267, D:\Documents\My Folder\Empires Custom UMC Stuff\SourceMod\Workspace\umc-core.sp::Handle_MapVoteWinner()
L 07/02/2017 - 23:08:11: [SM]   [6] Line 3819, D:\Documents\My Folder\Empires Custom UMC Stuff\SourceMod\Workspace\umc-core.sp::ProcessVoteWinner()
L 07/02/2017 - 23:08:11: [SM]   [7] Line 3795, D:\Documents\My Folder\Empires Custom UMC Stuff\SourceMod\Workspace\umc-core.sp::ProcessVoteResults()
L 07/02/2017 - 23:08:11: [SM]   [8] Line 1277, D:\Documents\My Folder\Empires Custom UMC Stuff\SourceMod\Workspace\umc-core.sp::Native_UMCVoteManagerComplete()
L 07/02/2017 - 23:08:11: [SM]   [10] UMC_VoteManagerVoteCompleted
L 07/02/2017 - 23:08:11: [SM]   [11] Line 2309, D:\Documents\My Folder\Empires Custom UMC Stuff\SourceMod\Workspace\umc-core.sp::Handle_MapVoteResults()
L 07/02/2017 - 23:08:16: Error log file session closed.
L 07/02/2017 - 23:08:20: SourceMod error session started
L 07/02/2017 - 23:08:20: Info (map "emp_crossroads") (file "errors_20170702.log")
L 07/02/2017 - 23:08:20: [nextmap.smx] FATAL: Cannot load map cycle. Nextmap not loaded.
L 07/02/2017 - 23:08:20: [SM] Exception reported: Mapcycle Not Found
L 07/02/2017 - 23:08:20: [SM] Blaming: nextmap.smx()
L 07/02/2017 - 23:08:20: [SM] Call stack trace:
L 07/02/2017 - 23:08:20: [SM]   [0] SetFailState
L 07/02/2017 - 23:08:20: [SM]   [1] Line 139, D:\builds\build-sourcemod-msvc12\windows-1.8\build\plugins\nextmap.sp::FindAndSetNextMap()
L 07/02/2017 - 23:08:20: [SM]   [2] Line 109, D:\builds\build-sourcemod-msvc12\windows-1.8\build\plugins\nextmap.sp::OnConfigsExecuted()
L 07/02/2017 - 23:29:07: [SM] Exception reported: Array index is out of bounds
L 07/02/2017 - 23:29:07: [SM] Blaming: squadcontrol.smx()
L 07/02/2017 - 23:29:07: [SM] Call stack trace:
L 07/02/2017 - 23:29:07: [SM]   [1] Line 2144, squadcontrol.sp::Command_Unit_Order_List()
L 07/02/2017 - 23:36:16: [SM] Exception reported: Invalid timer handle 1d2b030a (error 1)
L 07/02/2017 - 23:36:16: [SM] Blaming: umc-emp-mapvote.smx()
L 07/02/2017 - 23:36:16: [SM] Call stack trace:
L 07/02/2017 - 23:36:16: [SM]   [0] KillTimer
L 07/02/2017 - 23:36:16: [SM]   [1] Line 686, D:\Documents\My Folder\Empires Custom UMC Stuff\SourceMod\Workspace\umc-emp-mapvote.sp::UMC_OnNextmapSet()
L 07/02/2017 - 23:36:16: [SM]   [3] Call_Finish
L 07/02/2017 - 23:36:16: [SM]   [4] Line 4834, D:\Documents\My Folder\Empires Custom UMC Stuff\SourceMod\Workspace\umc-core.sp::DoMapChange()
L 07/02/2017 - 23:36:16: [SM]   [5] Line 4267, D:\Documents\My Folder\Empires Custom UMC Stuff\SourceMod\Workspace\umc-core.sp::Handle_MapVoteWinner()
L 07/02/2017 - 23:36:16: [SM]   [6] Line 3819, D:\Documents\My Folder\Empires Custom UMC Stuff\SourceMod\Workspace\umc-core.sp::ProcessVoteWinner()
L 07/02/2017 - 23:36:16: [SM]   [7] Line 3795, D:\Documents\My Folder\Empires Custom UMC Stuff\SourceMod\Workspace\umc-core.sp::ProcessVoteResults()
L 07/02/2017 - 23:36:16: [SM]   [8] Line 1277, D:\Documents\My Folder\Empires Custom UMC Stuff\SourceMod\Workspace\umc-core.sp::Native_UMCVoteManagerComplete()
L 07/02/2017 - 23:36:16: [SM]   [10] UMC_VoteManagerVoteCompleted
L 07/02/2017 - 23:36:16: [SM]   [11] Line 2309, D:\Documents\My Folder\Empires Custom UMC Stuff\SourceMod\Workspace\umc-core.sp::Handle_MapVoteResults()
L 07/02/2017 - 23:36:21: Error log file session closed.
L 07/02/2017 - 23:36:25: SourceMod error session started
L 07/02/2017 - 23:36:25: Info (map "emp_drygulch_a6") (file "errors_20170702.log")
L 07/02/2017 - 23:36:25: [nextmap.smx] FATAL: Cannot load map cycle. Nextmap not loaded.
L 07/02/2017 - 23:36:25: [SM] Exception reported: Mapcycle Not Found
L 07/02/2017 - 23:36:25: [SM] Blaming: nextmap.smx()
L 07/02/2017 - 23:36:25: [SM] Call stack trace:
L 07/02/2017 - 23:36:25: [SM]   [0] SetFailState
L 07/02/2017 - 23:36:25: [SM]   [1] Line 139, D:\builds\build-sourcemod-msvc12\windows-1.8\build\plugins\nextmap.sp::FindAndSetNextMap()
L 07/02/2017 - 23:36:25: [SM]   [2] Line 109, D:\builds\build-sourcemod-msvc12\windows-1.8\build\plugins\nextmap.sp::OnConfigsExecuted()
L 07/02/2017 - 23:39:26: [SM] Exception reported: Array index is out of bounds
L 07/02/2017 - 23:39:26: [SM] Blaming: squadcontrol.smx()
L 07/02/2017 - 23:39:26: [SM] Call stack trace:
L 07/02/2017 - 23:39:26: [SM]   [1] Line 2144, squadcontrol.sp::Command_Unit_Order_List()
L 07/02/2017 - 23:39:47: [SM] Exception reported: Array index is out of bounds
L 07/02/2017 - 23:39:47: [SM] Blaming: squadcontrol.smx()
L 07/02/2017 - 23:39:47: [SM] Call stack trace:
L 07/02/2017 - 23:39:47: [SM]   [1] Line 2144, squadcontrol.sp::Command_Unit_Order_List()
L 07/02/2017 - 23:40:08: [SM] Exception reported: Array index is out of bounds
L 07/02/2017 - 23:40:08: [SM] Blaming: squadcontrol.smx()
L 07/02/2017 - 23:40:08: [SM] Call stack trace:
L 07/02/2017 - 23:40:08: [SM]   [1] Line 2144, squadcontrol.sp::Command_Unit_Order_List()
L 07/02/2017 - 23:40:19: [SM] Exception reported: Array index is out of bounds
L 07/02/2017 - 23:40:19: [SM] Blaming: squadcontrol.smx()
L 07/02/2017 - 23:40:19: [SM] Call stack trace:
L 07/02/2017 - 23:40:19: [SM]   [1] Line 2144, squadcontrol.sp::Command_Unit_Order_List()
L 07/02/2017 - 23:40:23: [SM] Exception reported: Array index is out of bounds
L 07/02/2017 - 23:40:23: [SM] Blaming: squadcontrol.smx()
L 07/02/2017 - 23:40:23: [SM] Call stack trace:
L 07/02/2017 - 23:40:23: [SM]   [1] Line 2144, squadcontrol.sp::Command_Unit_Order_List()
L 07/02/2017 - 23:40:24: [SM] Exception reported: Array index is out of bounds
L 07/02/2017 - 23:40:24: [SM] Blaming: squadcontrol.smx()
L 07/02/2017 - 23:40:24: [SM] Call stack trace:
L 07/02/2017 - 23:40:24: [SM]   [1] Line 2144, squadcontrol.sp::Command_Unit_Order_List()
L 07/02/2017 - 23:40:44: [SM] Exception reported: Array index is out of bounds
L 07/02/2017 - 23:40:44: [SM] Blaming: squadcontrol.smx()
L 07/02/2017 - 23:40:44: [SM] Call stack trace:
L 07/02/2017 - 23:40:44: [SM]   [1] Line 2144, squadcontrol.sp::Command_Unit_Order_List()
L 07/02/2017 - 23:41:52: [SM] Exception reported: Array index is out of bounds
L 07/02/2017 - 23:41:52: [SM] Blaming: squadcontrol.smx()
L 07/02/2017 - 23:41:52: [SM] Call stack trace:
L 07/02/2017 - 23:41:52: [SM]   [1] Line 2144, squadcontrol.sp::Command_Unit_Order_List()
L 07/02/2017 - 23:42:36: [SM] Exception reported: Array index is out of bounds
L 07/02/2017 - 23:42:36: [SM] Blaming: squadcontrol.smx()
L 07/02/2017 - 23:42:36: [SM] Call stack trace:
L 07/02/2017 - 23:42:36: [SM]   [1] Line 2144, squadcontrol.sp::Command_Unit_Order_List()
L 07/02/2017 - 23:42:50: [SM] Exception reported: Array index is out of bounds
L 07/02/2017 - 23:42:50: [SM] Blaming: squadcontrol.smx()
L 07/02/2017 - 23:42:50: [SM] Call stack trace:
L 07/02/2017 - 23:42:50: [SM]   [1] Line 2144, squadcontrol.sp::Command_Unit_Order_List()
L 07/02/2017 - 23:45:04: [SM] Exception reported: Array index is out of bounds
L 07/02/2017 - 23:45:04: [SM] Blaming: squadcontrol.smx()
L 07/02/2017 - 23:45:04: [SM] Call stack trace:
L 07/02/2017 - 23:45:04: [SM]   [1] Line 2144, squadcontrol.sp::Command_Unit_Order_List()
L 07/02/2017 - 23:45:09: [SM] Exception reported: Array index is out of bounds
L 07/02/2017 - 23:45:09: [SM] Blaming: squadcontrol.smx()
L 07/02/2017 - 23:45:09: [SM] Call stack trace:
L 07/02/2017 - 23:45:09: [SM]   [1] Line 2144, squadcontrol.sp::Command_Unit_Order_List()
L 07/02/2017 - 23:45:10: [SM] Exception reported: Array index is out of bounds
L 07/02/2017 - 23:45:10: [SM] Blaming: squadcontrol.smx()
L 07/02/2017 - 23:45:10: [SM] Call stack trace:
L 07/02/2017 - 23:45:10: [SM]   [1] Line 2144, squadcontrol.sp::Command_Unit_Order_List()
L 07/02/2017 - 23:45:11: [SM] Exception reported: Array index is out of bounds
L 07/02/2017 - 23:45:11: [SM] Blaming: squadcontrol.smx()
L 07/02/2017 - 23:45:11: [SM] Call stack trace:
L 07/02/2017 - 23:45:11: [SM]   [1] Line 2144, squadcontrol.sp::Command_Unit_Order_List()
L 07/02/2017 - 23:45:23: [SM] Exception reported: Array index is out of bounds
L 07/02/2017 - 23:45:23: [SM] Blaming: squadcontrol.smx()
L 07/02/2017 - 23:45:23: [SM] Call stack trace:
L 07/02/2017 - 23:45:23: [SM]   [1] Line 2144, squadcontrol.sp::Command_Unit_Order_List()
L 07/02/2017 - 23:46:16: [SM] Exception reported: Array index is out of bounds
L 07/02/2017 - 23:46:16: [SM] Blaming: squadcontrol.smx()
L 07/02/2017 - 23:46:16: [SM] Call stack trace:
L 07/02/2017 - 23:46:16: [SM]   [1] Line 2144, squadcontrol.sp::Command_Unit_Order_List()
L 07/02/2017 - 23:46:17: [SM] Exception reported: Array index is out of bounds
L 07/02/2017 - 23:46:17: [SM] Blaming: squadcontrol.smx()
L 07/02/2017 - 23:46:17: [SM] Call stack trace:
L 07/02/2017 - 23:46:17: [SM]   [1] Line 2144, squadcontrol.sp::Command_Unit_Order_List()
L 07/02/2017 - 23:46:31: [SM] Exception reported: Array index is out of bounds
L 07/02/2017 - 23:46:31: [SM] Blaming: squadcontrol.smx()
L 07/02/2017 - 23:46:31: [SM] Call stack trace:
L 07/02/2017 - 23:46:31: [SM]   [1] Line 2144, squadcontrol.sp::Command_Unit_Order_List()
L 07/02/2017 - 23:46:33: [SM] Exception reported: Array index is out of bounds
L 07/02/2017 - 23:46:33: [SM] Blaming: squadcontrol.smx()
L 07/02/2017 - 23:46:33: [SM] Call stack trace:
L 07/02/2017 - 23:46:33: [SM]   [1] Line 2144, squadcontrol.sp::Command_Unit_Order_List()
L 07/02/2017 - 23:47:13: [SM] Exception reported: Array index is out of bounds
L 07/02/2017 - 23:47:13: [SM] Blaming: squadcontrol.smx()
L 07/02/2017 - 23:47:13: [SM] Call stack trace:
L 07/02/2017 - 23:47:13: [SM]   [1] Line 2144, squadcontrol.sp::Command_Unit_Order_List()
L 07/02/2017 - 23:47:15: [SM] Exception reported: Array index is out of bounds
L 07/02/2017 - 23:47:15: [SM] Blaming: squadcontrol.smx()
L 07/02/2017 - 23:47:15: [SM] Call stack trace:
L 07/02/2017 - 23:47:15: [SM]   [1] Line 2144, squadcontrol.sp::Command_Unit_Order_List()
L 07/02/2017 - 23:47:17: [SM] Exception reported: Array index is out of bounds
L 07/02/2017 - 23:47:17: [SM] Blaming: squadcontrol.smx()
L 07/02/2017 - 23:47:17: [SM] Call stack trace:
L 07/02/2017 - 23:47:17: [SM]   [1] Line 2144, squadcontrol.sp::Command_Unit_Order_List()
L 07/02/2017 - 23:49:49: [SM] Exception reported: Array index is out of bounds
L 07/02/2017 - 23:49:49: [SM] Blaming: squadcontrol.smx()
L 07/02/2017 - 23:49:49: [SM] Call stack trace:
L 07/02/2017 - 23:49:49: [SM]   [1] Line 2144, squadcontrol.sp::Command_Unit_Order_List()
L 07/02/2017 - 23:49:51: [SM] Exception reported: Array index is out of bounds
L 07/02/2017 - 23:49:51: [SM] Blaming: squadcontrol.smx()
L 07/02/2017 - 23:49:51: [SM] Call stack trace:
L 07/02/2017 - 23:49:51: [SM]   [1] Line 2144, squadcontrol.sp::Command_Unit_Order_List()
L 07/02/2017 - 23:51:26: [SM] Exception reported: Array index is out of bounds
L 07/02/2017 - 23:51:26: [SM] Blaming: squadcontrol.smx()
L 07/02/2017 - 23:51:26: [SM] Call stack trace:
L 07/02/2017 - 23:51:26: [SM]   [1] Line 2144, squadcontrol.sp::Command_Unit_Order_List()
