L 03/09/2018 - 16:45:29: SourceMod error session started
L 03/09/2018 - 16:45:29: Info (map "con_district402") (file "errors_20180309.log")
L 03/09/2018 - 16:45:29: [SDKTOOLS] Invalid detour address passed - Disabling detour to prevent crashes
L 03/09/2018 - 16:45:29: [SDKTOOLS] Failed to find PlayerRunCmd offset - OnPlayerRunCmd forward disabled.
L 03/09/2018 - 20:19:18: [SM] Exception reported: Invalid timer handle a280322 (error 3)
L 03/09/2018 - 20:19:18: [SM] Blaming: umc-emp-mapvote.smx()
L 03/09/2018 - 20:19:18: [SM] Call stack trace:
L 03/09/2018 - 20:19:18: [SM]   [0] KillTimer
L 03/09/2018 - 20:19:18: [SM]   [1] Line 686, D:\Documents\My Folder\Empires Custom UMC Stuff\SourceMod\Workspace\umc-emp-mapvote.sp::UMC_OnNextmapSet()
L 03/09/2018 - 20:19:18: [SM]   [3] Call_Finish
L 03/09/2018 - 20:19:18: [SM]   [4] Line 4834, D:\Documents\My Folder\Empires Custom UMC Stuff\SourceMod\Workspace\umc-core.sp::DoMapChange()
L 03/09/2018 - 20:19:18: [SM]   [5] Line 1767, D:\Documents\My Folder\Empires Custom UMC Stuff\SourceMod\Workspace\umc-core.sp::Native_UMCSetNextMap()
L 03/09/2018 - 20:19:18: [SM]   [7] UMC_SetNextMap
L 03/09/2018 - 20:19:18: [SM]   [8] Line 621, D:\Documents\My Folder\Empires Custom UMC Stuff\SourceMod\Workspace\umc-emp-mapvote.sp::DoRandomNextMap()
L 03/09/2018 - 20:19:18: [SM]   [9] Line 606, D:\Documents\My Folder\Empires Custom UMC Stuff\SourceMod\Workspace\umc-emp-mapvote.sp::DoMapChangeFailSafe()
L 03/09/2018 - 20:19:18: [SM]   [10] Line 722, D:\Documents\My Folder\Empires Custom UMC Stuff\SourceMod\Workspace\umc-emp-mapvote.sp::UMC_OnVoteFailed()
L 03/09/2018 - 20:19:18: [SM]   [12] Call_Finish
L 03/09/2018 - 20:19:18: [SM]   [13] Line 4796, D:\Documents\My Folder\Empires Custom UMC Stuff\SourceMod\Workspace\umc-core.sp::VoteFailed()
L 03/09/2018 - 20:19:18: [SM]   [14] Line 3507, D:\Documents\My Folder\Empires Custom UMC Stuff\SourceMod\Workspace\umc-core.sp::VoteCancelled()
L 03/09/2018 - 20:19:18: [SM]   [15] Line 1177, D:\Documents\My Folder\Empires Custom UMC Stuff\SourceMod\Workspace\umc-core.sp::Native_UMCVoteManagerCancel()
L 03/09/2018 - 20:19:18: [SM]   [17] UMC_VoteManagerVoteCancelled
L 03/09/2018 - 20:19:18: [SM]   [18] Line 2276, D:\Documents\My Folder\Empires Custom UMC Stuff\SourceMod\Workspace\umc-core.sp::Handle_VoteMenu()
L 03/09/2018 - 20:19:23: Error log file session closed.
L 03/09/2018 - 20:29:37: SourceMod error session started
L 03/09/2018 - 20:29:37: Info (map "fun_ricochet_a4") (file "errors_20180309.log")
L 03/09/2018 - 20:29:37: [SM] Exception reported: Invalid timer handle c470360 (error 1)
L 03/09/2018 - 20:29:37: [SM] Blaming: umc-emp-mapvote.smx()
L 03/09/2018 - 20:29:37: [SM] Call stack trace:
L 03/09/2018 - 20:29:37: [SM]   [0] KillTimer
L 03/09/2018 - 20:29:37: [SM]   [1] Line 686, D:\Documents\My Folder\Empires Custom UMC Stuff\SourceMod\Workspace\umc-emp-mapvote.sp::UMC_OnNextmapSet()
L 03/09/2018 - 20:29:37: [SM]   [3] Call_Finish
L 03/09/2018 - 20:29:37: [SM]   [4] Line 4834, D:\Documents\My Folder\Empires Custom UMC Stuff\SourceMod\Workspace\umc-core.sp::DoMapChange()
L 03/09/2018 - 20:29:37: [SM]   [5] Line 4267, D:\Documents\My Folder\Empires Custom UMC Stuff\SourceMod\Workspace\umc-core.sp::Handle_MapVoteWinner()
L 03/09/2018 - 20:29:37: [SM]   [6] Line 3819, D:\Documents\My Folder\Empires Custom UMC Stuff\SourceMod\Workspace\umc-core.sp::ProcessVoteWinner()
L 03/09/2018 - 20:29:37: [SM]   [7] Line 3795, D:\Documents\My Folder\Empires Custom UMC Stuff\SourceMod\Workspace\umc-core.sp::ProcessVoteResults()
L 03/09/2018 - 20:29:37: [SM]   [8] Line 1277, D:\Documents\My Folder\Empires Custom UMC Stuff\SourceMod\Workspace\umc-core.sp::Native_UMCVoteManagerComplete()
L 03/09/2018 - 20:29:37: [SM]   [10] UMC_VoteManagerVoteCompleted
L 03/09/2018 - 20:29:37: [SM]   [11] Line 2309, D:\Documents\My Folder\Empires Custom UMC Stuff\SourceMod\Workspace\umc-core.sp::Handle_MapVoteResults()
L 03/09/2018 - 20:29:43: Error log file session closed.
L 03/09/2018 - 21:07:39: SourceMod error session started
L 03/09/2018 - 21:07:39: Info (map "emp_nuclear_b8u_xfix") (file "errors_20180309.log")
L 03/09/2018 - 21:07:39: [SM] Exception reported: Invalid timer handle fcd014b (error 3)
L 03/09/2018 - 21:07:39: [SM] Blaming: umc-emp-mapvote.smx()
L 03/09/2018 - 21:07:39: [SM] Call stack trace:
L 03/09/2018 - 21:07:39: [SM]   [0] KillTimer
L 03/09/2018 - 21:07:39: [SM]   [1] Line 686, D:\Documents\My Folder\Empires Custom UMC Stuff\SourceMod\Workspace\umc-emp-mapvote.sp::UMC_OnNextmapSet()
L 03/09/2018 - 21:07:39: [SM]   [3] Call_Finish
L 03/09/2018 - 21:07:39: [SM]   [4] Line 4834, D:\Documents\My Folder\Empires Custom UMC Stuff\SourceMod\Workspace\umc-core.sp::DoMapChange()
L 03/09/2018 - 21:07:39: [SM]   [5] Line 1767, D:\Documents\My Folder\Empires Custom UMC Stuff\SourceMod\Workspace\umc-core.sp::Native_UMCSetNextMap()
L 03/09/2018 - 21:07:39: [SM]   [7] UMC_SetNextMap
L 03/09/2018 - 21:07:39: [SM]   [8] Line 621, D:\Documents\My Folder\Empires Custom UMC Stuff\SourceMod\Workspace\umc-emp-mapvote.sp::DoRandomNextMap()
L 03/09/2018 - 21:07:39: [SM]   [9] Line 606, D:\Documents\My Folder\Empires Custom UMC Stuff\SourceMod\Workspace\umc-emp-mapvote.sp::DoMapChangeFailSafe()
L 03/09/2018 - 21:07:39: [SM]   [10] Line 722, D:\Documents\My Folder\Empires Custom UMC Stuff\SourceMod\Workspace\umc-emp-mapvote.sp::UMC_OnVoteFailed()
L 03/09/2018 - 21:07:39: [SM]   [12] Call_Finish
L 03/09/2018 - 21:07:39: [SM]   [13] Line 4796, D:\Documents\My Folder\Empires Custom UMC Stuff\SourceMod\Workspace\umc-core.sp::VoteFailed()
L 03/09/2018 - 21:07:39: [SM]   [14] Line 3507, D:\Documents\My Folder\Empires Custom UMC Stuff\SourceMod\Workspace\umc-core.sp::VoteCancelled()
L 03/09/2018 - 21:07:39: [SM]   [15] Line 1177, D:\Documents\My Folder\Empires Custom UMC Stuff\SourceMod\Workspace\umc-core.sp::Native_UMCVoteManagerCancel()
L 03/09/2018 - 21:07:39: [SM]   [17] UMC_VoteManagerVoteCancelled
L 03/09/2018 - 21:07:39: [SM]   [18] Line 2276, D:\Documents\My Folder\Empires Custom UMC Stuff\SourceMod\Workspace\umc-core.sp::Handle_VoteMenu()
L 03/09/2018 - 21:07:46: Error log file session closed.
L 03/09/2018 - 22:32:58: SourceMod error session started
L 03/09/2018 - 22:32:58: Info (map "emp_shadows_attacks_fix") (file "errors_20180309.log")
L 03/09/2018 - 22:32:58: [SM] Exception reported: Invalid timer handle 141c0367 (error 3)
L 03/09/2018 - 22:32:58: [SM] Blaming: umc-emp-mapvote.smx()
L 03/09/2018 - 22:32:58: [SM] Call stack trace:
L 03/09/2018 - 22:32:58: [SM]   [0] KillTimer
L 03/09/2018 - 22:32:58: [SM]   [1] Line 686, D:\Documents\My Folder\Empires Custom UMC Stuff\SourceMod\Workspace\umc-emp-mapvote.sp::UMC_OnNextmapSet()
L 03/09/2018 - 22:32:58: [SM]   [3] Call_Finish
L 03/09/2018 - 22:32:58: [SM]   [4] Line 4834, D:\Documents\My Folder\Empires Custom UMC Stuff\SourceMod\Workspace\umc-core.sp::DoMapChange()
L 03/09/2018 - 22:32:58: [SM]   [5] Line 1767, D:\Documents\My Folder\Empires Custom UMC Stuff\SourceMod\Workspace\umc-core.sp::Native_UMCSetNextMap()
L 03/09/2018 - 22:32:58: [SM]   [7] UMC_SetNextMap
L 03/09/2018 - 22:32:58: [SM]   [8] Line 621, D:\Documents\My Folder\Empires Custom UMC Stuff\SourceMod\Workspace\umc-emp-mapvote.sp::DoRandomNextMap()
L 03/09/2018 - 22:32:58: [SM]   [9] Line 606, D:\Documents\My Folder\Empires Custom UMC Stuff\SourceMod\Workspace\umc-emp-mapvote.sp::DoMapChangeFailSafe()
L 03/09/2018 - 22:32:58: [SM]   [10] Line 722, D:\Documents\My Folder\Empires Custom UMC Stuff\SourceMod\Workspace\umc-emp-mapvote.sp::UMC_OnVoteFailed()
L 03/09/2018 - 22:32:58: [SM]   [12] Call_Finish
L 03/09/2018 - 22:32:58: [SM]   [13] Line 4796, D:\Documents\My Folder\Empires Custom UMC Stuff\SourceMod\Workspace\umc-core.sp::VoteFailed()
L 03/09/2018 - 22:32:58: [SM]   [14] Line 3507, D:\Documents\My Folder\Empires Custom UMC Stuff\SourceMod\Workspace\umc-core.sp::VoteCancelled()
L 03/09/2018 - 22:32:58: [SM]   [15] Line 1177, D:\Documents\My Folder\Empires Custom UMC Stuff\SourceMod\Workspace\umc-core.sp::Native_UMCVoteManagerCancel()
L 03/09/2018 - 22:32:58: [SM]   [17] UMC_VoteManagerVoteCancelled
L 03/09/2018 - 22:32:58: [SM]   [18] Line 2276, D:\Documents\My Folder\Empires Custom UMC Stuff\SourceMod\Workspace\umc-core.sp::Handle_VoteMenu()
L 03/09/2018 - 22:33:04: Error log file session closed.
