L 06/09/2017 - 00:55:15: SourceMod error session started
L 06/09/2017 - 00:55:15: Info (map "con_district402") (file "errors_20170609.log")
L 06/09/2017 - 00:55:15: [SM] Exception reported: Invalid timer handle 4578032c (error 1)
L 06/09/2017 - 00:55:15: [SM] Blaming: umc-emp-mapvote.smx()
L 06/09/2017 - 00:55:15: [SM] Call stack trace:
L 06/09/2017 - 00:55:15: [SM]   [0] KillTimer
L 06/09/2017 - 00:55:15: [SM]   [1] Line 686, D:\Documents\My Folder\Empires Custom UMC Stuff\SourceMod\Workspace\umc-emp-mapvote.sp::UMC_OnNextmapSet()
L 06/09/2017 - 00:55:15: [SM]   [3] Call_Finish
L 06/09/2017 - 00:55:15: [SM]   [4] Line 4834, D:\Documents\My Folder\Empires Custom UMC Stuff\SourceMod\Workspace\umc-core.sp::DoMapChange()
L 06/09/2017 - 00:55:15: [SM]   [5] Line 4267, D:\Documents\My Folder\Empires Custom UMC Stuff\SourceMod\Workspace\umc-core.sp::Handle_MapVoteWinner()
L 06/09/2017 - 00:55:15: [SM]   [6] Line 3819, D:\Documents\My Folder\Empires Custom UMC Stuff\SourceMod\Workspace\umc-core.sp::ProcessVoteWinner()
L 06/09/2017 - 00:55:15: [SM]   [7] Line 3795, D:\Documents\My Folder\Empires Custom UMC Stuff\SourceMod\Workspace\umc-core.sp::ProcessVoteResults()
L 06/09/2017 - 00:55:15: [SM]   [8] Line 1277, D:\Documents\My Folder\Empires Custom UMC Stuff\SourceMod\Workspace\umc-core.sp::Native_UMCVoteManagerComplete()
L 06/09/2017 - 00:55:15: [SM]   [10] UMC_VoteManagerVoteCompleted
L 06/09/2017 - 00:55:15: [SM]   [11] Line 2309, D:\Documents\My Folder\Empires Custom UMC Stuff\SourceMod\Workspace\umc-core.sp::Handle_MapVoteResults()
L 06/09/2017 - 00:55:20: Error log file session closed.
L 06/09/2017 - 01:16:54: SourceMod error session started
L 06/09/2017 - 01:16:54: Info (map "emp_downfall") (file "errors_20170609.log")
L 06/09/2017 - 01:16:54: [SM] Exception reported: Invalid timer handle 4d070308 (error 1)
L 06/09/2017 - 01:16:54: [SM] Blaming: umc-emp-mapvote.smx()
L 06/09/2017 - 01:16:54: [SM] Call stack trace:
L 06/09/2017 - 01:16:54: [SM]   [0] KillTimer
L 06/09/2017 - 01:16:54: [SM]   [1] Line 686, D:\Documents\My Folder\Empires Custom UMC Stuff\SourceMod\Workspace\umc-emp-mapvote.sp::UMC_OnNextmapSet()
L 06/09/2017 - 01:16:54: [SM]   [3] Call_Finish
L 06/09/2017 - 01:16:54: [SM]   [4] Line 4834, D:\Documents\My Folder\Empires Custom UMC Stuff\SourceMod\Workspace\umc-core.sp::DoMapChange()
L 06/09/2017 - 01:16:54: [SM]   [5] Line 4267, D:\Documents\My Folder\Empires Custom UMC Stuff\SourceMod\Workspace\umc-core.sp::Handle_MapVoteWinner()
L 06/09/2017 - 01:16:54: [SM]   [6] Line 3819, D:\Documents\My Folder\Empires Custom UMC Stuff\SourceMod\Workspace\umc-core.sp::ProcessVoteWinner()
L 06/09/2017 - 01:16:54: [SM]   [7] Line 3795, D:\Documents\My Folder\Empires Custom UMC Stuff\SourceMod\Workspace\umc-core.sp::ProcessVoteResults()
L 06/09/2017 - 01:16:54: [SM]   [8] Line 1277, D:\Documents\My Folder\Empires Custom UMC Stuff\SourceMod\Workspace\umc-core.sp::Native_UMCVoteManagerComplete()
L 06/09/2017 - 01:16:54: [SM]   [10] UMC_VoteManagerVoteCompleted
L 06/09/2017 - 01:16:54: [SM]   [11] Line 2309, D:\Documents\My Folder\Empires Custom UMC Stuff\SourceMod\Workspace\umc-core.sp::Handle_MapVoteResults()
L 06/09/2017 - 01:16:59: Error log file session closed.
L 06/09/2017 - 01:49:38: SourceMod error session started
L 06/09/2017 - 01:49:38: Info (map "emp_crossroads") (file "errors_20170609.log")
L 06/09/2017 - 01:49:38: [umc-core.smx] VOTING: Not enough options to run a vote. 1 options available.
L 06/09/2017 - 01:49:38: [umc-core.smx] Could not start core vote.
L 06/09/2017 - 01:49:45: Error log file session closed.
L 06/09/2017 - 02:04:47: SourceMod error session started
L 06/09/2017 - 02:04:47: Info (map "con_urbanchaos_fix") (file "errors_20170609.log")
L 06/09/2017 - 02:04:47: [SM] Exception reported: Invalid timer handle 65bc02d9 (error 1)
L 06/09/2017 - 02:04:47: [SM] Blaming: umc-emp-mapvote.smx()
L 06/09/2017 - 02:04:47: [SM] Call stack trace:
L 06/09/2017 - 02:04:48: [SM]   [0] KillTimer
L 06/09/2017 - 02:04:48: [SM]   [1] Line 686, D:\Documents\My Folder\Empires Custom UMC Stuff\SourceMod\Workspace\umc-emp-mapvote.sp::UMC_OnNextmapSet()
L 06/09/2017 - 02:04:48: [SM]   [3] Call_Finish
L 06/09/2017 - 02:04:48: [SM]   [4] Line 4834, D:\Documents\My Folder\Empires Custom UMC Stuff\SourceMod\Workspace\umc-core.sp::DoMapChange()
L 06/09/2017 - 02:04:48: [SM]   [5] Line 4267, D:\Documents\My Folder\Empires Custom UMC Stuff\SourceMod\Workspace\umc-core.sp::Handle_MapVoteWinner()
L 06/09/2017 - 02:04:48: [SM]   [6] Line 3819, D:\Documents\My Folder\Empires Custom UMC Stuff\SourceMod\Workspace\umc-core.sp::ProcessVoteWinner()
L 06/09/2017 - 02:04:48: [SM]   [7] Line 3795, D:\Documents\My Folder\Empires Custom UMC Stuff\SourceMod\Workspace\umc-core.sp::ProcessVoteResults()
L 06/09/2017 - 02:04:48: [SM]   [8] Line 1277, D:\Documents\My Folder\Empires Custom UMC Stuff\SourceMod\Workspace\umc-core.sp::Native_UMCVoteManagerComplete()
L 06/09/2017 - 02:04:48: [SM]   [10] UMC_VoteManagerVoteCompleted
L 06/09/2017 - 02:04:48: [SM]   [11] Line 2309, D:\Documents\My Folder\Empires Custom UMC Stuff\SourceMod\Workspace\umc-core.sp::Handle_MapVoteResults()
L 06/09/2017 - 02:04:54: Error log file session closed.
L 06/09/2017 - 02:33:55: SourceMod error session started
L 06/09/2017 - 02:33:55: Info (map "con_glycencity") (file "errors_20170609.log")
L 06/09/2017 - 02:33:55: [SM] Exception reported: Invalid timer handle 7c9f0306 (error 3)
L 06/09/2017 - 02:33:55: [SM] Blaming: umc-emp-mapvote.smx()
L 06/09/2017 - 02:33:55: [SM] Call stack trace:
L 06/09/2017 - 02:33:55: [SM]   [0] KillTimer
L 06/09/2017 - 02:33:55: [SM]   [1] Line 686, D:\Documents\My Folder\Empires Custom UMC Stuff\SourceMod\Workspace\umc-emp-mapvote.sp::UMC_OnNextmapSet()
L 06/09/2017 - 02:33:55: [SM]   [3] Call_Finish
L 06/09/2017 - 02:33:55: [SM]   [4] Line 4834, D:\Documents\My Folder\Empires Custom UMC Stuff\SourceMod\Workspace\umc-core.sp::DoMapChange()
L 06/09/2017 - 02:33:55: [SM]   [5] Line 4267, D:\Documents\My Folder\Empires Custom UMC Stuff\SourceMod\Workspace\umc-core.sp::Handle_MapVoteWinner()
L 06/09/2017 - 02:33:55: [SM]   [6] Line 3819, D:\Documents\My Folder\Empires Custom UMC Stuff\SourceMod\Workspace\umc-core.sp::ProcessVoteWinner()
L 06/09/2017 - 02:33:55: [SM]   [7] Line 3795, D:\Documents\My Folder\Empires Custom UMC Stuff\SourceMod\Workspace\umc-core.sp::ProcessVoteResults()
L 06/09/2017 - 02:33:55: [SM]   [8] Line 1277, D:\Documents\My Folder\Empires Custom UMC Stuff\SourceMod\Workspace\umc-core.sp::Native_UMCVoteManagerComplete()
L 06/09/2017 - 02:33:55: [SM]   [10] UMC_VoteManagerVoteCompleted
L 06/09/2017 - 02:33:55: [SM]   [11] Line 2309, D:\Documents\My Folder\Empires Custom UMC Stuff\SourceMod\Workspace\umc-core.sp::Handle_MapVoteResults()
L 06/09/2017 - 02:34:00: Error log file session closed.
L 06/09/2017 - 03:53:57: SourceMod error session started
L 06/09/2017 - 03:53:57: Info (map "con_district402") (file "errors_20170609.log")
L 06/09/2017 - 03:53:57: [SDKTOOLS] Invalid detour address passed - Disabling detour to prevent crashes
L 06/09/2017 - 03:53:57: [SDKTOOLS] Failed to find PlayerRunCmd offset - OnPlayerRunCmd forward disabled.
L 06/09/2017 - 04:31:21: Error log file session closed.
L 06/09/2017 - 14:08:26: SourceMod error session started
L 06/09/2017 - 14:08:26: Info (map "emp_drygulch_a6") (file "errors_20170609.log")
L 06/09/2017 - 14:08:26: [SM] Exception reported: Invalid timer handle 242c02bc (error 1)
L 06/09/2017 - 14:08:26: [SM] Blaming: umc-emp-mapvote.smx()
L 06/09/2017 - 14:08:26: [SM] Call stack trace:
L 06/09/2017 - 14:08:26: [SM]   [0] KillTimer
L 06/09/2017 - 14:08:26: [SM]   [1] Line 686, D:\Documents\My Folder\Empires Custom UMC Stuff\SourceMod\Workspace\umc-emp-mapvote.sp::UMC_OnNextmapSet()
L 06/09/2017 - 14:08:26: [SM]   [3] Call_Finish
L 06/09/2017 - 14:08:26: [SM]   [4] Line 4834, D:\Documents\My Folder\Empires Custom UMC Stuff\SourceMod\Workspace\umc-core.sp::DoMapChange()
L 06/09/2017 - 14:08:26: [SM]   [5] Line 4267, D:\Documents\My Folder\Empires Custom UMC Stuff\SourceMod\Workspace\umc-core.sp::Handle_MapVoteWinner()
L 06/09/2017 - 14:08:26: [SM]   [6] Line 3819, D:\Documents\My Folder\Empires Custom UMC Stuff\SourceMod\Workspace\umc-core.sp::ProcessVoteWinner()
L 06/09/2017 - 14:08:26: [SM]   [7] Line 3765, D:\Documents\My Folder\Empires Custom UMC Stuff\SourceMod\Workspace\umc-core.sp::ProcessVoteResults()
L 06/09/2017 - 14:08:26: [SM]   [8] Line 1277, D:\Documents\My Folder\Empires Custom UMC Stuff\SourceMod\Workspace\umc-core.sp::Native_UMCVoteManagerComplete()
L 06/09/2017 - 14:08:26: [SM]   [10] UMC_VoteManagerVoteCompleted
L 06/09/2017 - 14:08:26: [SM]   [11] Line 2309, D:\Documents\My Folder\Empires Custom UMC Stuff\SourceMod\Workspace\umc-core.sp::Handle_MapVoteResults()
L 06/09/2017 - 14:08:32: Error log file session closed.
L 06/09/2017 - 14:58:26: SourceMod error session started
L 06/09/2017 - 14:58:26: Info (map "emp_crossroads") (file "errors_20170609.log")
L 06/09/2017 - 14:58:26: [SM] Exception reported: Invalid timer handle 369002f2 (error 1)
L 06/09/2017 - 14:58:26: [SM] Blaming: umc-emp-mapvote.smx()
L 06/09/2017 - 14:58:26: [SM] Call stack trace:
L 06/09/2017 - 14:58:26: [SM]   [0] KillTimer
L 06/09/2017 - 14:58:26: [SM]   [1] Line 686, D:\Documents\My Folder\Empires Custom UMC Stuff\SourceMod\Workspace\umc-emp-mapvote.sp::UMC_OnNextmapSet()
L 06/09/2017 - 14:58:26: [SM]   [3] Call_Finish
L 06/09/2017 - 14:58:26: [SM]   [4] Line 4834, D:\Documents\My Folder\Empires Custom UMC Stuff\SourceMod\Workspace\umc-core.sp::DoMapChange()
L 06/09/2017 - 14:58:26: [SM]   [5] Line 4267, D:\Documents\My Folder\Empires Custom UMC Stuff\SourceMod\Workspace\umc-core.sp::Handle_MapVoteWinner()
L 06/09/2017 - 14:58:26: [SM]   [6] Line 3819, D:\Documents\My Folder\Empires Custom UMC Stuff\SourceMod\Workspace\umc-core.sp::ProcessVoteWinner()
L 06/09/2017 - 14:58:26: [SM]   [7] Line 3795, D:\Documents\My Folder\Empires Custom UMC Stuff\SourceMod\Workspace\umc-core.sp::ProcessVoteResults()
L 06/09/2017 - 14:58:26: [SM]   [8] Line 1277, D:\Documents\My Folder\Empires Custom UMC Stuff\SourceMod\Workspace\umc-core.sp::Native_UMCVoteManagerComplete()
L 06/09/2017 - 14:58:26: [SM]   [10] UMC_VoteManagerVoteCompleted
L 06/09/2017 - 14:58:26: [SM]   [11] Line 2309, D:\Documents\My Folder\Empires Custom UMC Stuff\SourceMod\Workspace\umc-core.sp::Handle_MapVoteResults()
L 06/09/2017 - 14:58:31: Error log file session closed.
L 06/09/2017 - 15:23:51: SourceMod error session started
L 06/09/2017 - 15:23:51: Info (map "emp_beachfront_b2") (file "errors_20170609.log")
L 06/09/2017 - 15:23:51: [SM] Exception reported: Invalid timer handle 3b1f02e6 (error 1)
L 06/09/2017 - 15:23:51: [SM] Blaming: umc-emp-mapvote.smx()
L 06/09/2017 - 15:23:51: [SM] Call stack trace:
L 06/09/2017 - 15:23:51: [SM]   [0] KillTimer
L 06/09/2017 - 15:23:51: [SM]   [1] Line 686, D:\Documents\My Folder\Empires Custom UMC Stuff\SourceMod\Workspace\umc-emp-mapvote.sp::UMC_OnNextmapSet()
L 06/09/2017 - 15:23:51: [SM]   [3] Call_Finish
L 06/09/2017 - 15:23:51: [SM]   [4] Line 4834, D:\Documents\My Folder\Empires Custom UMC Stuff\SourceMod\Workspace\umc-core.sp::DoMapChange()
L 06/09/2017 - 15:23:51: [SM]   [5] Line 4267, D:\Documents\My Folder\Empires Custom UMC Stuff\SourceMod\Workspace\umc-core.sp::Handle_MapVoteWinner()
L 06/09/2017 - 15:23:51: [SM]   [6] Line 3819, D:\Documents\My Folder\Empires Custom UMC Stuff\SourceMod\Workspace\umc-core.sp::ProcessVoteWinner()
L 06/09/2017 - 15:23:51: [SM]   [7] Line 3795, D:\Documents\My Folder\Empires Custom UMC Stuff\SourceMod\Workspace\umc-core.sp::ProcessVoteResults()
L 06/09/2017 - 15:23:51: [SM]   [8] Line 1277, D:\Documents\My Folder\Empires Custom UMC Stuff\SourceMod\Workspace\umc-core.sp::Native_UMCVoteManagerComplete()
L 06/09/2017 - 15:23:51: [SM]   [10] UMC_VoteManagerVoteCompleted
L 06/09/2017 - 15:23:51: [SM]   [11] Line 2309, D:\Documents\My Folder\Empires Custom UMC Stuff\SourceMod\Workspace\umc-core.sp::Handle_MapVoteResults()
L 06/09/2017 - 15:23:57: Error log file session closed.
L 06/09/2017 - 16:18:33: SourceMod error session started
L 06/09/2017 - 16:18:33: Info (map "emp_downfall") (file "errors_20170609.log")
L 06/09/2017 - 16:18:33: [umc-core.smx] VOTING: Not enough options to run a vote. 1 options available.
L 06/09/2017 - 16:18:33: [umc-core.smx] Could not start core vote.
L 06/09/2017 - 16:18:39: Error log file session closed.
L 06/09/2017 - 16:49:37: SourceMod error session started
L 06/09/2017 - 16:49:37: Info (map "emp_fogtown_cl2_fix") (file "errors_20170609.log")
L 06/09/2017 - 16:49:37: [SM] Exception reported: Invalid timer handle 59720300 (error 1)
L 06/09/2017 - 16:49:37: [SM] Blaming: umc-emp-mapvote.smx()
L 06/09/2017 - 16:49:37: [SM] Call stack trace:
L 06/09/2017 - 16:49:37: [SM]   [0] KillTimer
L 06/09/2017 - 16:49:37: [SM]   [1] Line 686, D:\Documents\My Folder\Empires Custom UMC Stuff\SourceMod\Workspace\umc-emp-mapvote.sp::UMC_OnNextmapSet()
L 06/09/2017 - 16:49:37: [SM]   [3] Call_Finish
L 06/09/2017 - 16:49:37: [SM]   [4] Line 4834, D:\Documents\My Folder\Empires Custom UMC Stuff\SourceMod\Workspace\umc-core.sp::DoMapChange()
L 06/09/2017 - 16:49:37: [SM]   [5] Line 4267, D:\Documents\My Folder\Empires Custom UMC Stuff\SourceMod\Workspace\umc-core.sp::Handle_MapVoteWinner()
L 06/09/2017 - 16:49:37: [SM]   [6] Line 3819, D:\Documents\My Folder\Empires Custom UMC Stuff\SourceMod\Workspace\umc-core.sp::ProcessVoteWinner()
L 06/09/2017 - 16:49:37: [SM]   [7] Line 3795, D:\Documents\My Folder\Empires Custom UMC Stuff\SourceMod\Workspace\umc-core.sp::ProcessVoteResults()
L 06/09/2017 - 16:49:37: [SM]   [8] Line 1277, D:\Documents\My Folder\Empires Custom UMC Stuff\SourceMod\Workspace\umc-core.sp::Native_UMCVoteManagerComplete()
L 06/09/2017 - 16:49:37: [SM]   [10] UMC_VoteManagerVoteCompleted
L 06/09/2017 - 16:49:37: [SM]   [11] Line 2309, D:\Documents\My Folder\Empires Custom UMC Stuff\SourceMod\Workspace\umc-core.sp::Handle_MapVoteResults()
L 06/09/2017 - 16:49:43: Error log file session closed.
L 06/09/2017 - 17:27:13: SourceMod error session started
L 06/09/2017 - 17:27:13: Info (map "emp_nuclear_b8u_xfix") (file "errors_20170609.log")
L 06/09/2017 - 17:27:13: [SM] Exception reported: Invalid timer handle 76b00312 (error 1)
L 06/09/2017 - 17:27:13: [SM] Blaming: umc-emp-mapvote.smx()
L 06/09/2017 - 17:27:13: [SM] Call stack trace:
L 06/09/2017 - 17:27:13: [SM]   [0] KillTimer
L 06/09/2017 - 17:27:13: [SM]   [1] Line 686, D:\Documents\My Folder\Empires Custom UMC Stuff\SourceMod\Workspace\umc-emp-mapvote.sp::UMC_OnNextmapSet()
L 06/09/2017 - 17:27:13: [SM]   [3] Call_Finish
L 06/09/2017 - 17:27:13: [SM]   [4] Line 4834, D:\Documents\My Folder\Empires Custom UMC Stuff\SourceMod\Workspace\umc-core.sp::DoMapChange()
L 06/09/2017 - 17:27:13: [SM]   [5] Line 4267, D:\Documents\My Folder\Empires Custom UMC Stuff\SourceMod\Workspace\umc-core.sp::Handle_MapVoteWinner()
L 06/09/2017 - 17:27:13: [SM]   [6] Line 3819, D:\Documents\My Folder\Empires Custom UMC Stuff\SourceMod\Workspace\umc-core.sp::ProcessVoteWinner()
L 06/09/2017 - 17:27:13: [SM]   [7] Line 3795, D:\Documents\My Folder\Empires Custom UMC Stuff\SourceMod\Workspace\umc-core.sp::ProcessVoteResults()
L 06/09/2017 - 17:27:13: [SM]   [8] Line 1277, D:\Documents\My Folder\Empires Custom UMC Stuff\SourceMod\Workspace\umc-core.sp::Native_UMCVoteManagerComplete()
L 06/09/2017 - 17:27:13: [SM]   [10] UMC_VoteManagerVoteCompleted
L 06/09/2017 - 17:27:13: [SM]   [11] Line 2309, D:\Documents\My Folder\Empires Custom UMC Stuff\SourceMod\Workspace\umc-core.sp::Handle_MapVoteResults()
L 06/09/2017 - 17:27:19: Error log file session closed.
L 06/09/2017 - 17:39:59: SourceMod error session started
L 06/09/2017 - 17:39:59: Info (map "emp_flat_fix") (file "errors_20170609.log")
L 06/09/2017 - 17:39:59: [SM] Exception reported: Invalid timer handle 800b031f (error 1)
L 06/09/2017 - 17:39:59: [SM] Blaming: umc-emp-mapvote.smx()
L 06/09/2017 - 17:39:59: [SM] Call stack trace:
L 06/09/2017 - 17:39:59: [SM]   [0] KillTimer
L 06/09/2017 - 17:39:59: [SM]   [1] Line 686, D:\Documents\My Folder\Empires Custom UMC Stuff\SourceMod\Workspace\umc-emp-mapvote.sp::UMC_OnNextmapSet()
L 06/09/2017 - 17:39:59: [SM]   [3] Call_Finish
L 06/09/2017 - 17:39:59: [SM]   [4] Line 4834, D:\Documents\My Folder\Empires Custom UMC Stuff\SourceMod\Workspace\umc-core.sp::DoMapChange()
L 06/09/2017 - 17:39:59: [SM]   [5] Line 4267, D:\Documents\My Folder\Empires Custom UMC Stuff\SourceMod\Workspace\umc-core.sp::Handle_MapVoteWinner()
L 06/09/2017 - 17:39:59: [SM]   [6] Line 3819, D:\Documents\My Folder\Empires Custom UMC Stuff\SourceMod\Workspace\umc-core.sp::ProcessVoteWinner()
L 06/09/2017 - 17:39:59: [SM]   [7] Line 3795, D:\Documents\My Folder\Empires Custom UMC Stuff\SourceMod\Workspace\umc-core.sp::ProcessVoteResults()
L 06/09/2017 - 17:39:59: [SM]   [8] Line 1277, D:\Documents\My Folder\Empires Custom UMC Stuff\SourceMod\Workspace\umc-core.sp::Native_UMCVoteManagerComplete()
L 06/09/2017 - 17:39:59: [SM]   [10] UMC_VoteManagerVoteCompleted
L 06/09/2017 - 17:39:59: [SM]   [11] Line 2309, D:\Documents\My Folder\Empires Custom UMC Stuff\SourceMod\Workspace\umc-core.sp::Handle_MapVoteResults()
L 06/09/2017 - 17:40:05: Error log file session closed.
L 06/09/2017 - 18:03:44: SourceMod error session started
L 06/09/2017 - 18:03:44: Info (map "con_district402") (file "errors_20170609.log")
L 06/09/2017 - 18:03:44: [SM] Exception reported: Invalid timer handle 9ada02aa (error 1)
L 06/09/2017 - 18:03:44: [SM] Blaming: umc-emp-mapvote.smx()
L 06/09/2017 - 18:03:44: [SM] Call stack trace:
L 06/09/2017 - 18:03:44: [SM]   [0] KillTimer
L 06/09/2017 - 18:03:44: [SM]   [1] Line 686, D:\Documents\My Folder\Empires Custom UMC Stuff\SourceMod\Workspace\umc-emp-mapvote.sp::UMC_OnNextmapSet()
L 06/09/2017 - 18:03:44: [SM]   [3] Call_Finish
L 06/09/2017 - 18:03:44: [SM]   [4] Line 4834, D:\Documents\My Folder\Empires Custom UMC Stuff\SourceMod\Workspace\umc-core.sp::DoMapChange()
L 06/09/2017 - 18:03:44: [SM]   [5] Line 4267, D:\Documents\My Folder\Empires Custom UMC Stuff\SourceMod\Workspace\umc-core.sp::Handle_MapVoteWinner()
L 06/09/2017 - 18:03:44: [SM]   [6] Line 3819, D:\Documents\My Folder\Empires Custom UMC Stuff\SourceMod\Workspace\umc-core.sp::ProcessVoteWinner()
L 06/09/2017 - 18:03:44: [SM]   [7] Line 3795, D:\Documents\My Folder\Empires Custom UMC Stuff\SourceMod\Workspace\umc-core.sp::ProcessVoteResults()
L 06/09/2017 - 18:03:44: [SM]   [8] Line 1277, D:\Documents\My Folder\Empires Custom UMC Stuff\SourceMod\Workspace\umc-core.sp::Native_UMCVoteManagerComplete()
L 06/09/2017 - 18:03:44: [SM]   [10] UMC_VoteManagerVoteCompleted
L 06/09/2017 - 18:03:44: [SM]   [11] Line 2309, D:\Documents\My Folder\Empires Custom UMC Stuff\SourceMod\Workspace\umc-core.sp::Handle_MapVoteResults()
L 06/09/2017 - 18:03:50: Error log file session closed.
L 06/09/2017 - 18:47:58: SourceMod error session started
L 06/09/2017 - 18:47:58: Info (map "emp_homeland_b9") (file "errors_20170609.log")
L 06/09/2017 - 18:47:58: [SM] Exception reported: Invalid timer handle c6b402bd (error 1)
L 06/09/2017 - 18:47:58: [SM] Blaming: umc-emp-mapvote.smx()
L 06/09/2017 - 18:47:58: [SM] Call stack trace:
L 06/09/2017 - 18:47:58: [SM]   [0] KillTimer
L 06/09/2017 - 18:47:58: [SM]   [1] Line 686, D:\Documents\My Folder\Empires Custom UMC Stuff\SourceMod\Workspace\umc-emp-mapvote.sp::UMC_OnNextmapSet()
L 06/09/2017 - 18:47:58: [SM]   [3] Call_Finish
L 06/09/2017 - 18:47:58: [SM]   [4] Line 4834, D:\Documents\My Folder\Empires Custom UMC Stuff\SourceMod\Workspace\umc-core.sp::DoMapChange()
L 06/09/2017 - 18:47:58: [SM]   [5] Line 4267, D:\Documents\My Folder\Empires Custom UMC Stuff\SourceMod\Workspace\umc-core.sp::Handle_MapVoteWinner()
L 06/09/2017 - 18:47:58: [SM]   [6] Line 3819, D:\Documents\My Folder\Empires Custom UMC Stuff\SourceMod\Workspace\umc-core.sp::ProcessVoteWinner()
L 06/09/2017 - 18:47:58: [SM]   [7] Line 3795, D:\Documents\My Folder\Empires Custom UMC Stuff\SourceMod\Workspace\umc-core.sp::ProcessVoteResults()
L 06/09/2017 - 18:47:58: [SM]   [8] Line 1277, D:\Documents\My Folder\Empires Custom UMC Stuff\SourceMod\Workspace\umc-core.sp::Native_UMCVoteManagerComplete()
L 06/09/2017 - 18:47:58: [SM]   [10] UMC_VoteManagerVoteCompleted
L 06/09/2017 - 18:47:58: [SM]   [11] Line 2309, D:\Documents\My Folder\Empires Custom UMC Stuff\SourceMod\Workspace\umc-core.sp::Handle_MapVoteResults()
L 06/09/2017 - 18:48:04: Error log file session closed.
L 06/09/2017 - 19:15:58: SourceMod error session started
L 06/09/2017 - 19:15:58: Info (map "emp_temple_b3a") (file "errors_20170609.log")
L 06/09/2017 - 19:15:58: [SM] Exception reported: Invalid timer handle e0df0331 (error 3)
L 06/09/2017 - 19:15:58: [SM] Blaming: umc-emp-mapvote.smx()
L 06/09/2017 - 19:15:58: [SM] Call stack trace:
L 06/09/2017 - 19:15:58: [SM]   [0] KillTimer
L 06/09/2017 - 19:15:58: [SM]   [1] Line 686, D:\Documents\My Folder\Empires Custom UMC Stuff\SourceMod\Workspace\umc-emp-mapvote.sp::UMC_OnNextmapSet()
L 06/09/2017 - 19:15:58: [SM]   [3] Call_Finish
L 06/09/2017 - 19:15:58: [SM]   [4] Line 4834, D:\Documents\My Folder\Empires Custom UMC Stuff\SourceMod\Workspace\umc-core.sp::DoMapChange()
L 06/09/2017 - 19:15:58: [SM]   [5] Line 4267, D:\Documents\My Folder\Empires Custom UMC Stuff\SourceMod\Workspace\umc-core.sp::Handle_MapVoteWinner()
L 06/09/2017 - 19:15:58: [SM]   [6] Line 3819, D:\Documents\My Folder\Empires Custom UMC Stuff\SourceMod\Workspace\umc-core.sp::ProcessVoteWinner()
L 06/09/2017 - 19:15:58: [SM]   [7] Line 3795, D:\Documents\My Folder\Empires Custom UMC Stuff\SourceMod\Workspace\umc-core.sp::ProcessVoteResults()
L 06/09/2017 - 19:15:58: [SM]   [8] Line 1277, D:\Documents\My Folder\Empires Custom UMC Stuff\SourceMod\Workspace\umc-core.sp::Native_UMCVoteManagerComplete()
L 06/09/2017 - 19:15:58: [SM]   [10] UMC_VoteManagerVoteCompleted
L 06/09/2017 - 19:15:58: [SM]   [11] Line 2309, D:\Documents\My Folder\Empires Custom UMC Stuff\SourceMod\Workspace\umc-core.sp::Handle_MapVoteResults()
L 06/09/2017 - 19:16:04: Error log file session closed.
L 06/09/2017 - 20:00:25: SourceMod error session started
L 06/09/2017 - 20:00:25: Info (map "emp_canyon") (file "errors_20170609.log")
L 06/09/2017 - 20:00:25: [SM] Exception reported: Invalid timer handle 92002fa (error 3)
L 06/09/2017 - 20:00:25: [SM] Blaming: umc-emp-mapvote.smx()
L 06/09/2017 - 20:00:25: [SM] Call stack trace:
L 06/09/2017 - 20:00:25: [SM]   [0] KillTimer
L 06/09/2017 - 20:00:25: [SM]   [1] Line 686, D:\Documents\My Folder\Empires Custom UMC Stuff\SourceMod\Workspace\umc-emp-mapvote.sp::UMC_OnNextmapSet()
L 06/09/2017 - 20:00:25: [SM]   [3] Call_Finish
L 06/09/2017 - 20:00:25: [SM]   [4] Line 4834, D:\Documents\My Folder\Empires Custom UMC Stuff\SourceMod\Workspace\umc-core.sp::DoMapChange()
L 06/09/2017 - 20:00:25: [SM]   [5] Line 4267, D:\Documents\My Folder\Empires Custom UMC Stuff\SourceMod\Workspace\umc-core.sp::Handle_MapVoteWinner()
L 06/09/2017 - 20:00:25: [SM]   [6] Line 3819, D:\Documents\My Folder\Empires Custom UMC Stuff\SourceMod\Workspace\umc-core.sp::ProcessVoteWinner()
L 06/09/2017 - 20:00:25: [SM]   [7] Line 3765, D:\Documents\My Folder\Empires Custom UMC Stuff\SourceMod\Workspace\umc-core.sp::ProcessVoteResults()
L 06/09/2017 - 20:00:25: [SM]   [8] Line 1277, D:\Documents\My Folder\Empires Custom UMC Stuff\SourceMod\Workspace\umc-core.sp::Native_UMCVoteManagerComplete()
L 06/09/2017 - 20:00:25: [SM]   [10] UMC_VoteManagerVoteCompleted
L 06/09/2017 - 20:00:25: [SM]   [11] Line 2309, D:\Documents\My Folder\Empires Custom UMC Stuff\SourceMod\Workspace\umc-core.sp::Handle_MapVoteResults()
L 06/09/2017 - 20:00:31: Error log file session closed.
L 06/09/2017 - 20:09:43: SourceMod error session started
L 06/09/2017 - 20:09:43: Info (map "emp_duststorm") (file "errors_20170609.log")
L 06/09/2017 - 20:09:43: [SM] Exception reported: Invalid timer handle 128e032b (error 3)
L 06/09/2017 - 20:09:43: [SM] Blaming: umc-emp-mapvote.smx()
L 06/09/2017 - 20:09:43: [SM] Call stack trace:
L 06/09/2017 - 20:09:43: [SM]   [0] KillTimer
L 06/09/2017 - 20:09:43: [SM]   [1] Line 686, D:\Documents\My Folder\Empires Custom UMC Stuff\SourceMod\Workspace\umc-emp-mapvote.sp::UMC_OnNextmapSet()
L 06/09/2017 - 20:09:43: [SM]   [3] Call_Finish
L 06/09/2017 - 20:09:43: [SM]   [4] Line 4834, D:\Documents\My Folder\Empires Custom UMC Stuff\SourceMod\Workspace\umc-core.sp::DoMapChange()
L 06/09/2017 - 20:09:43: [SM]   [5] Line 4267, D:\Documents\My Folder\Empires Custom UMC Stuff\SourceMod\Workspace\umc-core.sp::Handle_MapVoteWinner()
L 06/09/2017 - 20:09:43: [SM]   [6] Line 3819, D:\Documents\My Folder\Empires Custom UMC Stuff\SourceMod\Workspace\umc-core.sp::ProcessVoteWinner()
L 06/09/2017 - 20:09:43: [SM]   [7] Line 3795, D:\Documents\My Folder\Empires Custom UMC Stuff\SourceMod\Workspace\umc-core.sp::ProcessVoteResults()
L 06/09/2017 - 20:09:43: [SM]   [8] Line 1277, D:\Documents\My Folder\Empires Custom UMC Stuff\SourceMod\Workspace\umc-core.sp::Native_UMCVoteManagerComplete()
L 06/09/2017 - 20:09:43: [SM]   [10] UMC_VoteManagerVoteCompleted
L 06/09/2017 - 20:09:43: [SM]   [11] Line 2309, D:\Documents\My Folder\Empires Custom UMC Stuff\SourceMod\Workspace\umc-core.sp::Handle_MapVoteResults()
L 06/09/2017 - 20:09:49: Error log file session closed.
L 06/09/2017 - 20:37:06: SourceMod error session started
L 06/09/2017 - 20:37:06: Info (map "emp_arid") (file "errors_20170609.log")
L 06/09/2017 - 20:37:06: [SM] Exception reported: Invalid timer handle 2621035b (error 3)
L 06/09/2017 - 20:37:06: [SM] Blaming: umc-emp-mapvote.smx()
L 06/09/2017 - 20:37:06: [SM] Call stack trace:
L 06/09/2017 - 20:37:06: [SM]   [0] KillTimer
L 06/09/2017 - 20:37:06: [SM]   [1] Line 686, D:\Documents\My Folder\Empires Custom UMC Stuff\SourceMod\Workspace\umc-emp-mapvote.sp::UMC_OnNextmapSet()
L 06/09/2017 - 20:37:06: [SM]   [3] Call_Finish
L 06/09/2017 - 20:37:06: [SM]   [4] Line 4834, D:\Documents\My Folder\Empires Custom UMC Stuff\SourceMod\Workspace\umc-core.sp::DoMapChange()
L 06/09/2017 - 20:37:06: [SM]   [5] Line 4267, D:\Documents\My Folder\Empires Custom UMC Stuff\SourceMod\Workspace\umc-core.sp::Handle_MapVoteWinner()
L 06/09/2017 - 20:37:06: [SM]   [6] Line 3819, D:\Documents\My Folder\Empires Custom UMC Stuff\SourceMod\Workspace\umc-core.sp::ProcessVoteWinner()
L 06/09/2017 - 20:37:06: [SM]   [7] Line 3795, D:\Documents\My Folder\Empires Custom UMC Stuff\SourceMod\Workspace\umc-core.sp::ProcessVoteResults()
L 06/09/2017 - 20:37:06: [SM]   [8] Line 1277, D:\Documents\My Folder\Empires Custom UMC Stuff\SourceMod\Workspace\umc-core.sp::Native_UMCVoteManagerComplete()
L 06/09/2017 - 20:37:06: [SM]   [10] UMC_VoteManagerVoteCompleted
L 06/09/2017 - 20:37:06: [SM]   [11] Line 2309, D:\Documents\My Folder\Empires Custom UMC Stuff\SourceMod\Workspace\umc-core.sp::Handle_MapVoteResults()
L 06/09/2017 - 20:37:11: Error log file session closed.
L 06/09/2017 - 21:00:06: SourceMod error session started
L 06/09/2017 - 21:00:06: Info (map "emp_traders_a8") (file "errors_20170609.log")
L 06/09/2017 - 21:00:06: [SM] Exception reported: Invalid timer handle 349602ee (error 3)
L 06/09/2017 - 21:00:06: [SM] Blaming: umc-emp-mapvote.smx()
L 06/09/2017 - 21:00:06: [SM] Call stack trace:
L 06/09/2017 - 21:00:06: [SM]   [0] KillTimer
L 06/09/2017 - 21:00:06: [SM]   [1] Line 686, D:\Documents\My Folder\Empires Custom UMC Stuff\SourceMod\Workspace\umc-emp-mapvote.sp::UMC_OnNextmapSet()
L 06/09/2017 - 21:00:06: [SM]   [3] Call_Finish
L 06/09/2017 - 21:00:06: [SM]   [4] Line 4834, D:\Documents\My Folder\Empires Custom UMC Stuff\SourceMod\Workspace\umc-core.sp::DoMapChange()
L 06/09/2017 - 21:00:06: [SM]   [5] Line 4267, D:\Documents\My Folder\Empires Custom UMC Stuff\SourceMod\Workspace\umc-core.sp::Handle_MapVoteWinner()
L 06/09/2017 - 21:00:06: [SM]   [6] Line 3819, D:\Documents\My Folder\Empires Custom UMC Stuff\SourceMod\Workspace\umc-core.sp::ProcessVoteWinner()
L 06/09/2017 - 21:00:06: [SM]   [7] Line 3795, D:\Documents\My Folder\Empires Custom UMC Stuff\SourceMod\Workspace\umc-core.sp::ProcessVoteResults()
L 06/09/2017 - 21:00:06: [SM]   [8] Line 1277, D:\Documents\My Folder\Empires Custom UMC Stuff\SourceMod\Workspace\umc-core.sp::Native_UMCVoteManagerComplete()
L 06/09/2017 - 21:00:06: [SM]   [10] UMC_VoteManagerVoteCompleted
L 06/09/2017 - 21:00:06: [SM]   [11] Line 2309, D:\Documents\My Folder\Empires Custom UMC Stuff\SourceMod\Workspace\umc-core.sp::Handle_MapVoteResults()
L 06/09/2017 - 21:00:12: Error log file session closed.
L 06/09/2017 - 21:19:25: SourceMod error session started
L 06/09/2017 - 21:19:25: Info (map "emp_shadows_attacks_fix") (file "errors_20170609.log")
L 06/09/2017 - 21:19:25: [SM] Exception reported: Invalid timer handle 3c050326 (error 1)
L 06/09/2017 - 21:19:25: [SM] Blaming: umc-emp-mapvote.smx()
L 06/09/2017 - 21:19:25: [SM] Call stack trace:
L 06/09/2017 - 21:19:25: [SM]   [0] KillTimer
L 06/09/2017 - 21:19:25: [SM]   [1] Line 686, D:\Documents\My Folder\Empires Custom UMC Stuff\SourceMod\Workspace\umc-emp-mapvote.sp::UMC_OnNextmapSet()
L 06/09/2017 - 21:19:25: [SM]   [3] Call_Finish
L 06/09/2017 - 21:19:25: [SM]   [4] Line 4834, D:\Documents\My Folder\Empires Custom UMC Stuff\SourceMod\Workspace\umc-core.sp::DoMapChange()
L 06/09/2017 - 21:19:25: [SM]   [5] Line 4267, D:\Documents\My Folder\Empires Custom UMC Stuff\SourceMod\Workspace\umc-core.sp::Handle_MapVoteWinner()
L 06/09/2017 - 21:19:25: [SM]   [6] Line 3819, D:\Documents\My Folder\Empires Custom UMC Stuff\SourceMod\Workspace\umc-core.sp::ProcessVoteWinner()
L 06/09/2017 - 21:19:25: [SM]   [7] Line 3795, D:\Documents\My Folder\Empires Custom UMC Stuff\SourceMod\Workspace\umc-core.sp::ProcessVoteResults()
L 06/09/2017 - 21:19:25: [SM]   [8] Line 1277, D:\Documents\My Folder\Empires Custom UMC Stuff\SourceMod\Workspace\umc-core.sp::Native_UMCVoteManagerComplete()
L 06/09/2017 - 21:19:25: [SM]   [10] UMC_VoteManagerVoteCompleted
L 06/09/2017 - 21:19:25: [SM]   [11] Line 2309, D:\Documents\My Folder\Empires Custom UMC Stuff\SourceMod\Workspace\umc-core.sp::Handle_MapVoteResults()
L 06/09/2017 - 21:19:34: Error log file session closed.
L 06/09/2017 - 21:33:25: SourceMod error session started
L 06/09/2017 - 21:33:25: Info (map "emp_massacred_rc1") (file "errors_20170609.log")
L 06/09/2017 - 21:33:25: [SM] Exception reported: Invalid timer handle 40be0361 (error 1)
L 06/09/2017 - 21:33:25: [SM] Blaming: umc-emp-mapvote.smx()
L 06/09/2017 - 21:33:25: [SM] Call stack trace:
L 06/09/2017 - 21:33:25: [SM]   [0] KillTimer
L 06/09/2017 - 21:33:25: [SM]   [1] Line 686, D:\Documents\My Folder\Empires Custom UMC Stuff\SourceMod\Workspace\umc-emp-mapvote.sp::UMC_OnNextmapSet()
L 06/09/2017 - 21:33:25: [SM]   [3] Call_Finish
L 06/09/2017 - 21:33:25: [SM]   [4] Line 4834, D:\Documents\My Folder\Empires Custom UMC Stuff\SourceMod\Workspace\umc-core.sp::DoMapChange()
L 06/09/2017 - 21:33:25: [SM]   [5] Line 4267, D:\Documents\My Folder\Empires Custom UMC Stuff\SourceMod\Workspace\umc-core.sp::Handle_MapVoteWinner()
L 06/09/2017 - 21:33:25: [SM]   [6] Line 3819, D:\Documents\My Folder\Empires Custom UMC Stuff\SourceMod\Workspace\umc-core.sp::ProcessVoteWinner()
L 06/09/2017 - 21:33:25: [SM]   [7] Line 3795, D:\Documents\My Folder\Empires Custom UMC Stuff\SourceMod\Workspace\umc-core.sp::ProcessVoteResults()
L 06/09/2017 - 21:33:25: [SM]   [8] Line 1277, D:\Documents\My Folder\Empires Custom UMC Stuff\SourceMod\Workspace\umc-core.sp::Native_UMCVoteManagerComplete()
L 06/09/2017 - 21:33:25: [SM]   [10] UMC_VoteManagerVoteCompleted
L 06/09/2017 - 21:33:25: [SM]   [11] Line 2309, D:\Documents\My Folder\Empires Custom UMC Stuff\SourceMod\Workspace\umc-core.sp::Handle_MapVoteResults()
L 06/09/2017 - 21:33:31: Error log file session closed.
L 06/09/2017 - 21:50:26: SourceMod error session started
L 06/09/2017 - 21:50:26: Info (map "emp_drygulch_a6") (file "errors_20170609.log")
L 06/09/2017 - 21:50:26: [SM] Exception reported: Invalid timer handle 45740334 (error 1)
L 06/09/2017 - 21:50:26: [SM] Blaming: umc-emp-mapvote.smx()
L 06/09/2017 - 21:50:26: [SM] Call stack trace:
L 06/09/2017 - 21:50:26: [SM]   [0] KillTimer
L 06/09/2017 - 21:50:26: [SM]   [1] Line 686, D:\Documents\My Folder\Empires Custom UMC Stuff\SourceMod\Workspace\umc-emp-mapvote.sp::UMC_OnNextmapSet()
L 06/09/2017 - 21:50:26: [SM]   [3] Call_Finish
L 06/09/2017 - 21:50:26: [SM]   [4] Line 4834, D:\Documents\My Folder\Empires Custom UMC Stuff\SourceMod\Workspace\umc-core.sp::DoMapChange()
L 06/09/2017 - 21:50:26: [SM]   [5] Line 4267, D:\Documents\My Folder\Empires Custom UMC Stuff\SourceMod\Workspace\umc-core.sp::Handle_MapVoteWinner()
L 06/09/2017 - 21:50:26: [SM]   [6] Line 3819, D:\Documents\My Folder\Empires Custom UMC Stuff\SourceMod\Workspace\umc-core.sp::ProcessVoteWinner()
L 06/09/2017 - 21:50:26: [SM]   [7] Line 3795, D:\Documents\My Folder\Empires Custom UMC Stuff\SourceMod\Workspace\umc-core.sp::ProcessVoteResults()
L 06/09/2017 - 21:50:26: [SM]   [8] Line 1277, D:\Documents\My Folder\Empires Custom UMC Stuff\SourceMod\Workspace\umc-core.sp::Native_UMCVoteManagerComplete()
L 06/09/2017 - 21:50:26: [SM]   [10] UMC_VoteManagerVoteCompleted
L 06/09/2017 - 21:50:26: [SM]   [11] Line 2309, D:\Documents\My Folder\Empires Custom UMC Stuff\SourceMod\Workspace\umc-core.sp::Handle_MapVoteResults()
L 06/09/2017 - 21:50:31: Error log file session closed.
L 06/09/2017 - 22:19:55: SourceMod error session started
L 06/09/2017 - 22:19:55: Info (map "emp_beachfront_b2") (file "errors_20170609.log")
L 06/09/2017 - 22:19:55: [SM] Exception reported: Invalid timer handle 4b970326 (error 1)
L 06/09/2017 - 22:19:55: [SM] Blaming: umc-emp-mapvote.smx()
L 06/09/2017 - 22:19:55: [SM] Call stack trace:
L 06/09/2017 - 22:19:55: [SM]   [0] KillTimer
L 06/09/2017 - 22:19:55: [SM]   [1] Line 686, D:\Documents\My Folder\Empires Custom UMC Stuff\SourceMod\Workspace\umc-emp-mapvote.sp::UMC_OnNextmapSet()
L 06/09/2017 - 22:19:55: [SM]   [3] Call_Finish
L 06/09/2017 - 22:19:55: [SM]   [4] Line 4834, D:\Documents\My Folder\Empires Custom UMC Stuff\SourceMod\Workspace\umc-core.sp::DoMapChange()
L 06/09/2017 - 22:19:55: [SM]   [5] Line 4267, D:\Documents\My Folder\Empires Custom UMC Stuff\SourceMod\Workspace\umc-core.sp::Handle_MapVoteWinner()
L 06/09/2017 - 22:19:55: [SM]   [6] Line 3819, D:\Documents\My Folder\Empires Custom UMC Stuff\SourceMod\Workspace\umc-core.sp::ProcessVoteWinner()
L 06/09/2017 - 22:19:55: [SM]   [7] Line 3795, D:\Documents\My Folder\Empires Custom UMC Stuff\SourceMod\Workspace\umc-core.sp::ProcessVoteResults()
L 06/09/2017 - 22:19:55: [SM]   [8] Line 1277, D:\Documents\My Folder\Empires Custom UMC Stuff\SourceMod\Workspace\umc-core.sp::Native_UMCVoteManagerComplete()
L 06/09/2017 - 22:19:55: [SM]   [10] UMC_VoteManagerVoteCompleted
L 06/09/2017 - 22:19:55: [SM]   [11] Line 2309, D:\Documents\My Folder\Empires Custom UMC Stuff\SourceMod\Workspace\umc-core.sp::Handle_MapVoteResults()
L 06/09/2017 - 22:20:02: Error log file session closed.
L 06/09/2017 - 22:43:05: SourceMod error session started
L 06/09/2017 - 22:43:05: Info (map "con_glycencity") (file "errors_20170609.log")
L 06/09/2017 - 22:43:05: [SM] Exception reported: Invalid timer handle 5c180349 (error 1)
L 06/09/2017 - 22:43:05: [SM] Blaming: umc-emp-mapvote.smx()
L 06/09/2017 - 22:43:05: [SM] Call stack trace:
L 06/09/2017 - 22:43:05: [SM]   [0] KillTimer
L 06/09/2017 - 22:43:05: [SM]   [1] Line 686, D:\Documents\My Folder\Empires Custom UMC Stuff\SourceMod\Workspace\umc-emp-mapvote.sp::UMC_OnNextmapSet()
L 06/09/2017 - 22:43:05: [SM]   [3] Call_Finish
L 06/09/2017 - 22:43:05: [SM]   [4] Line 4834, D:\Documents\My Folder\Empires Custom UMC Stuff\SourceMod\Workspace\umc-core.sp::DoMapChange()
L 06/09/2017 - 22:43:05: [SM]   [5] Line 4267, D:\Documents\My Folder\Empires Custom UMC Stuff\SourceMod\Workspace\umc-core.sp::Handle_MapVoteWinner()
L 06/09/2017 - 22:43:05: [SM]   [6] Line 3819, D:\Documents\My Folder\Empires Custom UMC Stuff\SourceMod\Workspace\umc-core.sp::ProcessVoteWinner()
L 06/09/2017 - 22:43:05: [SM]   [7] Line 3795, D:\Documents\My Folder\Empires Custom UMC Stuff\SourceMod\Workspace\umc-core.sp::ProcessVoteResults()
L 06/09/2017 - 22:43:05: [SM]   [8] Line 1277, D:\Documents\My Folder\Empires Custom UMC Stuff\SourceMod\Workspace\umc-core.sp::Native_UMCVoteManagerComplete()
L 06/09/2017 - 22:43:05: [SM]   [10] UMC_VoteManagerVoteCompleted
L 06/09/2017 - 22:43:05: [SM]   [11] Line 2309, D:\Documents\My Folder\Empires Custom UMC Stuff\SourceMod\Workspace\umc-core.sp::Handle_MapVoteResults()
L 06/09/2017 - 22:43:11: Error log file session closed.
L 06/09/2017 - 23:21:21: SourceMod error session started
L 06/09/2017 - 23:21:21: Info (map "emp_nuclear_b8u_xfix") (file "errors_20170609.log")
L 06/09/2017 - 23:21:21: [SM] Exception reported: Invalid timer handle 76d00339 (error 1)
L 06/09/2017 - 23:21:21: [SM] Blaming: umc-emp-mapvote.smx()
L 06/09/2017 - 23:21:21: [SM] Call stack trace:
L 06/09/2017 - 23:21:21: [SM]   [0] KillTimer
L 06/09/2017 - 23:21:21: [SM]   [1] Line 686, D:\Documents\My Folder\Empires Custom UMC Stuff\SourceMod\Workspace\umc-emp-mapvote.sp::UMC_OnNextmapSet()
L 06/09/2017 - 23:21:21: [SM]   [3] Call_Finish
L 06/09/2017 - 23:21:21: [SM]   [4] Line 4834, D:\Documents\My Folder\Empires Custom UMC Stuff\SourceMod\Workspace\umc-core.sp::DoMapChange()
L 06/09/2017 - 23:21:21: [SM]   [5] Line 4267, D:\Documents\My Folder\Empires Custom UMC Stuff\SourceMod\Workspace\umc-core.sp::Handle_MapVoteWinner()
L 06/09/2017 - 23:21:21: [SM]   [6] Line 3819, D:\Documents\My Folder\Empires Custom UMC Stuff\SourceMod\Workspace\umc-core.sp::ProcessVoteWinner()
L 06/09/2017 - 23:21:21: [SM]   [7] Line 3795, D:\Documents\My Folder\Empires Custom UMC Stuff\SourceMod\Workspace\umc-core.sp::ProcessVoteResults()
L 06/09/2017 - 23:21:21: [SM]   [8] Line 1277, D:\Documents\My Folder\Empires Custom UMC Stuff\SourceMod\Workspace\umc-core.sp::Native_UMCVoteManagerComplete()
L 06/09/2017 - 23:21:21: [SM]   [10] UMC_VoteManagerVoteCompleted
L 06/09/2017 - 23:21:21: [SM]   [11] Line 2309, D:\Documents\My Folder\Empires Custom UMC Stuff\SourceMod\Workspace\umc-core.sp::Handle_MapVoteResults()
L 06/09/2017 - 23:21:27: Error log file session closed.
