L 10/13/2018 - 16:31:07: SourceMod error session started
L 10/13/2018 - 16:31:07: Info (map "con_district402") (file "errors_20181013.log")
L 10/13/2018 - 16:31:07: [SDKTOOLS] Invalid detour address passed - Disabling detour to prevent crashes
L 10/13/2018 - 17:32:19: Error log file session closed.
L 10/13/2018 - 19:43:58: SourceMod error session started
L 10/13/2018 - 19:43:58: Info (map "con_district402") (file "errors_20181013.log")
L 10/13/2018 - 19:43:58: [SDKTOOLS] Invalid detour address passed - Disabling detour to prevent crashes
L 10/13/2018 - 19:46:17: SourceMod error session started
L 10/13/2018 - 19:46:17: Info (map "con_district402") (file "errors_20181013.log")
L 10/13/2018 - 19:46:17: [SDKTOOLS] Invalid detour address passed - Disabling detour to prevent crashes
L 10/13/2018 - 20:15:28: [SM] Exception reported: Invalid timer handle a670351 (error 1)
L 10/13/2018 - 20:15:28: [SM] Blaming: umc-emp-mapvote.smx()
L 10/13/2018 - 20:15:28: [SM] Call stack trace:
L 10/13/2018 - 20:15:28: [SM]   [0] KillTimer
L 10/13/2018 - 20:15:28: [SM]   [1] Line 686, D:\Documents\My Folder\Empires Custom UMC Stuff\SourceMod\Workspace\umc-emp-mapvote.sp::UMC_OnNextmapSet()
L 10/13/2018 - 20:15:28: [SM]   [3] Call_Finish
L 10/13/2018 - 20:15:28: [SM]   [4] Line 4834, D:\Documents\My Folder\Empires Custom UMC Stuff\SourceMod\Workspace\umc-core.sp::DoMapChange()
L 10/13/2018 - 20:15:28: [SM]   [5] Line 4267, D:\Documents\My Folder\Empires Custom UMC Stuff\SourceMod\Workspace\umc-core.sp::Handle_MapVoteWinner()
L 10/13/2018 - 20:15:28: [SM]   [6] Line 3819, D:\Documents\My Folder\Empires Custom UMC Stuff\SourceMod\Workspace\umc-core.sp::ProcessVoteWinner()
L 10/13/2018 - 20:15:28: [SM]   [7] Line 3795, D:\Documents\My Folder\Empires Custom UMC Stuff\SourceMod\Workspace\umc-core.sp::ProcessVoteResults()
L 10/13/2018 - 20:15:28: [SM]   [8] Line 1277, D:\Documents\My Folder\Empires Custom UMC Stuff\SourceMod\Workspace\umc-core.sp::Native_UMCVoteManagerComplete()
L 10/13/2018 - 20:15:28: [SM]   [10] UMC_VoteManagerVoteCompleted
L 10/13/2018 - 20:15:28: [SM]   [11] Line 2309, D:\Documents\My Folder\Empires Custom UMC Stuff\SourceMod\Workspace\umc-core.sp::Handle_MapVoteResults()
L 10/13/2018 - 20:15:33: Error log file session closed.
L 10/13/2018 - 20:45:28: SourceMod error session started
L 10/13/2018 - 20:45:28: Info (map "emp_beachfront_b2_hce") (file "errors_20181013.log")
L 10/13/2018 - 20:45:28: [SM] Exception reported: Invalid timer handle 17d70372 (error 3)
L 10/13/2018 - 20:45:28: [SM] Blaming: umc-emp-mapvote.smx()
L 10/13/2018 - 20:45:28: [SM] Call stack trace:
L 10/13/2018 - 20:45:28: [SM]   [0] KillTimer
L 10/13/2018 - 20:45:28: [SM]   [1] Line 686, D:\Documents\My Folder\Empires Custom UMC Stuff\SourceMod\Workspace\umc-emp-mapvote.sp::UMC_OnNextmapSet()
L 10/13/2018 - 20:45:28: [SM]   [3] Call_Finish
L 10/13/2018 - 20:45:28: [SM]   [4] Line 4834, D:\Documents\My Folder\Empires Custom UMC Stuff\SourceMod\Workspace\umc-core.sp::DoMapChange()
L 10/13/2018 - 20:45:28: [SM]   [5] Line 4267, D:\Documents\My Folder\Empires Custom UMC Stuff\SourceMod\Workspace\umc-core.sp::Handle_MapVoteWinner()
L 10/13/2018 - 20:45:28: [SM]   [6] Line 3819, D:\Documents\My Folder\Empires Custom UMC Stuff\SourceMod\Workspace\umc-core.sp::ProcessVoteWinner()
L 10/13/2018 - 20:45:28: [SM]   [7] Line 3795, D:\Documents\My Folder\Empires Custom UMC Stuff\SourceMod\Workspace\umc-core.sp::ProcessVoteResults()
L 10/13/2018 - 20:45:28: [SM]   [8] Line 1277, D:\Documents\My Folder\Empires Custom UMC Stuff\SourceMod\Workspace\umc-core.sp::Native_UMCVoteManagerComplete()
L 10/13/2018 - 20:45:28: [SM]   [10] UMC_VoteManagerVoteCompleted
L 10/13/2018 - 20:45:28: [SM]   [11] Line 2309, D:\Documents\My Folder\Empires Custom UMC Stuff\SourceMod\Workspace\umc-core.sp::Handle_MapVoteResults()
L 10/13/2018 - 20:45:35: Error log file session closed.
L 10/13/2018 - 21:06:57: SourceMod error session started
L 10/13/2018 - 21:06:57: Info (map "emp_streetsoffire") (file "errors_20181013.log")
L 10/13/2018 - 21:06:57: [SM] Exception reported: Property "m_iResSecond" not found (entity 140/emp_resource_point)
L 10/13/2018 - 21:06:57: [SM] Blaming: squadcontrol.smx()
L 10/13/2018 - 21:06:57: [SM] Call stack trace:
L 10/13/2018 - 21:06:57: [SM]   [0] GetEntProp
L 10/13/2018 - 21:06:57: [SM]   [1] Line 3806, dist\addons\sourcemod\scripting\squadcontrol.sp::Command_MapInfo()
L 10/13/2018 - 21:14:44: SourceMod error session started
L 10/13/2018 - 21:14:44: Info (map "con_district402") (file "errors_20181013.log")
L 10/13/2018 - 21:14:44: [SDKTOOLS] Invalid detour address passed - Disabling detour to prevent crashes
L 10/13/2018 - 21:21:25: [SM] Exception reported: Invalid timer handle c4e0345 (error 3)
L 10/13/2018 - 21:21:25: [SM] Blaming: umc-emp-mapvote.smx()
L 10/13/2018 - 21:21:25: [SM] Call stack trace:
L 10/13/2018 - 21:21:25: [SM]   [0] KillTimer
L 10/13/2018 - 21:21:25: [SM]   [1] Line 686, D:\Documents\My Folder\Empires Custom UMC Stuff\SourceMod\Workspace\umc-emp-mapvote.sp::UMC_OnNextmapSet()
L 10/13/2018 - 21:21:25: [SM]   [3] Call_Finish
L 10/13/2018 - 21:21:25: [SM]   [4] Line 4834, D:\Documents\My Folder\Empires Custom UMC Stuff\SourceMod\Workspace\umc-core.sp::DoMapChange()
L 10/13/2018 - 21:21:25: [SM]   [5] Line 4267, D:\Documents\My Folder\Empires Custom UMC Stuff\SourceMod\Workspace\umc-core.sp::Handle_MapVoteWinner()
L 10/13/2018 - 21:21:25: [SM]   [6] Line 3819, D:\Documents\My Folder\Empires Custom UMC Stuff\SourceMod\Workspace\umc-core.sp::ProcessVoteWinner()
L 10/13/2018 - 21:21:25: [SM]   [7] Line 3795, D:\Documents\My Folder\Empires Custom UMC Stuff\SourceMod\Workspace\umc-core.sp::ProcessVoteResults()
L 10/13/2018 - 21:21:25: [SM]   [8] Line 1277, D:\Documents\My Folder\Empires Custom UMC Stuff\SourceMod\Workspace\umc-core.sp::Native_UMCVoteManagerComplete()
L 10/13/2018 - 21:21:25: [SM]   [10] UMC_VoteManagerVoteCompleted
L 10/13/2018 - 21:21:25: [SM]   [11] Line 2309, D:\Documents\My Folder\Empires Custom UMC Stuff\SourceMod\Workspace\umc-core.sp::Handle_MapVoteResults()
L 10/13/2018 - 21:21:32: Error log file session closed.
L 10/13/2018 - 22:01:29: SourceMod error session started
L 10/13/2018 - 22:01:29: Info (map "emp_coast_hce") (file "errors_20181013.log")
L 10/13/2018 - 22:01:29: [SM] Exception reported: Invalid timer handle 2d0703a8 (error 3)
L 10/13/2018 - 22:01:29: [SM] Blaming: umc-emp-mapvote.smx()
L 10/13/2018 - 22:01:29: [SM] Call stack trace:
L 10/13/2018 - 22:01:29: [SM]   [0] KillTimer
L 10/13/2018 - 22:01:29: [SM]   [1] Line 686, D:\Documents\My Folder\Empires Custom UMC Stuff\SourceMod\Workspace\umc-emp-mapvote.sp::UMC_OnNextmapSet()
L 10/13/2018 - 22:01:29: [SM]   [3] Call_Finish
L 10/13/2018 - 22:01:29: [SM]   [4] Line 4834, D:\Documents\My Folder\Empires Custom UMC Stuff\SourceMod\Workspace\umc-core.sp::DoMapChange()
L 10/13/2018 - 22:01:29: [SM]   [5] Line 4267, D:\Documents\My Folder\Empires Custom UMC Stuff\SourceMod\Workspace\umc-core.sp::Handle_MapVoteWinner()
L 10/13/2018 - 22:01:29: [SM]   [6] Line 3819, D:\Documents\My Folder\Empires Custom UMC Stuff\SourceMod\Workspace\umc-core.sp::ProcessVoteWinner()
L 10/13/2018 - 22:01:29: [SM]   [7] Line 3795, D:\Documents\My Folder\Empires Custom UMC Stuff\SourceMod\Workspace\umc-core.sp::ProcessVoteResults()
L 10/13/2018 - 22:01:29: [SM]   [8] Line 1277, D:\Documents\My Folder\Empires Custom UMC Stuff\SourceMod\Workspace\umc-core.sp::Native_UMCVoteManagerComplete()
L 10/13/2018 - 22:01:29: [SM]   [10] UMC_VoteManagerVoteCompleted
L 10/13/2018 - 22:01:29: [SM]   [11] Line 2309, D:\Documents\My Folder\Empires Custom UMC Stuff\SourceMod\Workspace\umc-core.sp::Handle_MapVoteResults()
L 10/13/2018 - 22:01:36: Error log file session closed.
L 10/13/2018 - 22:05:44: SourceMod error session started
L 10/13/2018 - 22:05:44: Info (map "emp_cyclopean_214") (file "errors_20181013.log")
L 10/13/2018 - 22:05:44: [SM] Exception reported: Invalid timer handle 2d0703a8 (error 1)
L 10/13/2018 - 22:05:44: [SM] Blaming: umc-emp-mapvote.smx()
L 10/13/2018 - 22:05:44: [SM] Call stack trace:
L 10/13/2018 - 22:05:44: [SM]   [0] KillTimer
L 10/13/2018 - 22:05:44: [SM]   [1] Line 686, D:\Documents\My Folder\Empires Custom UMC Stuff\SourceMod\Workspace\umc-emp-mapvote.sp::UMC_OnNextmapSet()
L 10/13/2018 - 22:05:44: [SM]   [3] Call_Finish
L 10/13/2018 - 22:05:44: [SM]   [4] Line 4834, D:\Documents\My Folder\Empires Custom UMC Stuff\SourceMod\Workspace\umc-core.sp::DoMapChange()
L 10/13/2018 - 22:05:44: [SM]   [5] Line 4267, D:\Documents\My Folder\Empires Custom UMC Stuff\SourceMod\Workspace\umc-core.sp::Handle_MapVoteWinner()
L 10/13/2018 - 22:05:44: [SM]   [6] Line 3819, D:\Documents\My Folder\Empires Custom UMC Stuff\SourceMod\Workspace\umc-core.sp::ProcessVoteWinner()
L 10/13/2018 - 22:05:44: [SM]   [7] Line 3795, D:\Documents\My Folder\Empires Custom UMC Stuff\SourceMod\Workspace\umc-core.sp::ProcessVoteResults()
L 10/13/2018 - 22:05:44: [SM]   [8] Line 1277, D:\Documents\My Folder\Empires Custom UMC Stuff\SourceMod\Workspace\umc-core.sp::Native_UMCVoteManagerComplete()
L 10/13/2018 - 22:05:44: [SM]   [10] UMC_VoteManagerVoteCompleted
L 10/13/2018 - 22:05:44: [SM]   [11] Line 2309, D:\Documents\My Folder\Empires Custom UMC Stuff\SourceMod\Workspace\umc-core.sp::Handle_MapVoteResults()
L 10/13/2018 - 22:05:52: Error log file session closed.
L 10/13/2018 - 22:06:37: SourceMod error session started
L 10/13/2018 - 22:06:37: Info (map "emp_insurrection_rc4") (file "errors_20181013.log")
L 10/13/2018 - 22:06:37: [SM] Exception reported: Property "m_iResSecond" not found (entity 94/emp_resource_point)
L 10/13/2018 - 22:06:37: [SM] Blaming: squadcontrol.smx()
L 10/13/2018 - 22:06:37: [SM] Call stack trace:
L 10/13/2018 - 22:06:37: [SM]   [0] GetEntProp
L 10/13/2018 - 22:06:37: [SM]   [1] Line 3806, dist\addons\sourcemod\scripting\squadcontrol.sp::Command_MapInfo()
L 10/13/2018 - 22:06:37: [SM]   [3] FakeClientCommand
L 10/13/2018 - 22:06:37: [SM]   [4] Line 1443, dist\addons\sourcemod\scripting\squadcontrol.sp::Command_Say_Team()
L 10/13/2018 - 22:06:42: [SM] Exception reported: Property "m_iResSecond" not found (entity 94/emp_resource_point)
L 10/13/2018 - 22:06:42: [SM] Blaming: squadcontrol.smx()
L 10/13/2018 - 22:06:42: [SM] Call stack trace:
L 10/13/2018 - 22:06:42: [SM]   [0] GetEntProp
L 10/13/2018 - 22:06:42: [SM]   [1] Line 3806, dist\addons\sourcemod\scripting\squadcontrol.sp::Command_MapInfo()
L 10/13/2018 - 22:21:06: [SM] Exception reported: Invalid timer handle 463203ff (error 1)
L 10/13/2018 - 22:21:06: [SM] Blaming: umc-emp-mapvote.smx()
L 10/13/2018 - 22:21:06: [SM] Call stack trace:
L 10/13/2018 - 22:21:06: [SM]   [0] KillTimer
L 10/13/2018 - 22:21:06: [SM]   [1] Line 686, D:\Documents\My Folder\Empires Custom UMC Stuff\SourceMod\Workspace\umc-emp-mapvote.sp::UMC_OnNextmapSet()
L 10/13/2018 - 22:21:06: [SM]   [3] Call_Finish
L 10/13/2018 - 22:21:06: [SM]   [4] Line 4834, D:\Documents\My Folder\Empires Custom UMC Stuff\SourceMod\Workspace\umc-core.sp::DoMapChange()
L 10/13/2018 - 22:21:06: [SM]   [5] Line 4267, D:\Documents\My Folder\Empires Custom UMC Stuff\SourceMod\Workspace\umc-core.sp::Handle_MapVoteWinner()
L 10/13/2018 - 22:21:06: [SM]   [6] Line 3819, D:\Documents\My Folder\Empires Custom UMC Stuff\SourceMod\Workspace\umc-core.sp::ProcessVoteWinner()
L 10/13/2018 - 22:21:06: [SM]   [7] Line 3765, D:\Documents\My Folder\Empires Custom UMC Stuff\SourceMod\Workspace\umc-core.sp::ProcessVoteResults()
L 10/13/2018 - 22:21:06: [SM]   [8] Line 1277, D:\Documents\My Folder\Empires Custom UMC Stuff\SourceMod\Workspace\umc-core.sp::Native_UMCVoteManagerComplete()
L 10/13/2018 - 22:21:06: [SM]   [10] UMC_VoteManagerVoteCompleted
L 10/13/2018 - 22:21:06: [SM]   [11] Line 2309, D:\Documents\My Folder\Empires Custom UMC Stuff\SourceMod\Workspace\umc-core.sp::Handle_MapVoteResults()
L 10/13/2018 - 22:21:13: Error log file session closed.
L 10/13/2018 - 22:45:12: SourceMod error session started
L 10/13/2018 - 22:45:12: Info (map "con_district402") (file "errors_20181013.log")
L 10/13/2018 - 22:45:12: [SDKTOOLS] Invalid detour address passed - Disabling detour to prevent crashes
L 10/13/2018 - 22:47:42: [SM] Exception reported: Client index 0 is invalid
L 10/13/2018 - 22:47:42: [SM] Blaming: votetime.smx()
L 10/13/2018 - 22:47:42: [SM] Call stack trace:
L 10/13/2018 - 22:47:42: [SM]   [0] PrintToChat
L 10/13/2018 - 22:47:42: [SM]   [1] Line 241, dist\addons\sourcemod\scripting\votetime.sp::Command_VoteTime()
L 10/13/2018 - 22:47:42: [SM]   [3] ServerExecute
L 10/13/2018 - 22:47:42: [SM]   [4] Line 590, D:\builds\build-sourcemod-msvc12\windows-1.8\build\plugins\adminmenu/dynamicmenu.sp::ParamCheck()
L 10/13/2018 - 22:47:42: [SM]   [5] Line 636, D:\builds\build-sourcemod-msvc12\windows-1.8\build\plugins\adminmenu/dynamicmenu.sp::Menu_Selection()
L 10/13/2018 - 22:51:31: [SM] Exception reported: Invalid timer handle a1202eb (error 3)
L 10/13/2018 - 22:51:31: [SM] Blaming: umc-emp-mapvote.smx()
L 10/13/2018 - 22:51:31: [SM] Call stack trace:
L 10/13/2018 - 22:51:31: [SM]   [0] KillTimer
L 10/13/2018 - 22:51:31: [SM]   [1] Line 686, D:\Documents\My Folder\Empires Custom UMC Stuff\SourceMod\Workspace\umc-emp-mapvote.sp::UMC_OnNextmapSet()
L 10/13/2018 - 22:51:31: [SM]   [3] Call_Finish
L 10/13/2018 - 22:51:31: [SM]   [4] Line 4834, D:\Documents\My Folder\Empires Custom UMC Stuff\SourceMod\Workspace\umc-core.sp::DoMapChange()
L 10/13/2018 - 22:51:31: [SM]   [5] Line 4267, D:\Documents\My Folder\Empires Custom UMC Stuff\SourceMod\Workspace\umc-core.sp::Handle_MapVoteWinner()
L 10/13/2018 - 22:51:31: [SM]   [6] Line 3819, D:\Documents\My Folder\Empires Custom UMC Stuff\SourceMod\Workspace\umc-core.sp::ProcessVoteWinner()
L 10/13/2018 - 22:51:31: [SM]   [7] Line 3795, D:\Documents\My Folder\Empires Custom UMC Stuff\SourceMod\Workspace\umc-core.sp::ProcessVoteResults()
L 10/13/2018 - 22:51:31: [SM]   [8] Line 1277, D:\Documents\My Folder\Empires Custom UMC Stuff\SourceMod\Workspace\umc-core.sp::Native_UMCVoteManagerComplete()
L 10/13/2018 - 22:51:31: [SM]   [10] UMC_VoteManagerVoteCompleted
L 10/13/2018 - 22:51:31: [SM]   [11] Line 2309, D:\Documents\My Folder\Empires Custom UMC Stuff\SourceMod\Workspace\umc-core.sp::Handle_MapVoteResults()
L 10/13/2018 - 22:51:37: Error log file session closed.
L 10/13/2018 - 23:31:35: SourceMod error session started
L 10/13/2018 - 23:31:35: Info (map "emp_homeland_b9_hce2") (file "errors_20181013.log")
L 10/13/2018 - 23:31:35: [SM] Exception reported: Invalid timer handle 2d010350 (error 1)
L 10/13/2018 - 23:31:35: [SM] Blaming: umc-emp-mapvote.smx()
L 10/13/2018 - 23:31:35: [SM] Call stack trace:
L 10/13/2018 - 23:31:35: [SM]   [0] KillTimer
L 10/13/2018 - 23:31:35: [SM]   [1] Line 686, D:\Documents\My Folder\Empires Custom UMC Stuff\SourceMod\Workspace\umc-emp-mapvote.sp::UMC_OnNextmapSet()
L 10/13/2018 - 23:31:35: [SM]   [3] Call_Finish
L 10/13/2018 - 23:31:35: [SM]   [4] Line 4834, D:\Documents\My Folder\Empires Custom UMC Stuff\SourceMod\Workspace\umc-core.sp::DoMapChange()
L 10/13/2018 - 23:31:35: [SM]   [5] Line 4267, D:\Documents\My Folder\Empires Custom UMC Stuff\SourceMod\Workspace\umc-core.sp::Handle_MapVoteWinner()
L 10/13/2018 - 23:31:35: [SM]   [6] Line 3819, D:\Documents\My Folder\Empires Custom UMC Stuff\SourceMod\Workspace\umc-core.sp::ProcessVoteWinner()
L 10/13/2018 - 23:31:35: [SM]   [7] Line 3795, D:\Documents\My Folder\Empires Custom UMC Stuff\SourceMod\Workspace\umc-core.sp::ProcessVoteResults()
L 10/13/2018 - 23:31:35: [SM]   [8] Line 1277, D:\Documents\My Folder\Empires Custom UMC Stuff\SourceMod\Workspace\umc-core.sp::Native_UMCVoteManagerComplete()
L 10/13/2018 - 23:31:35: [SM]   [10] UMC_VoteManagerVoteCompleted
L 10/13/2018 - 23:31:35: [SM]   [11] Line 2309, D:\Documents\My Folder\Empires Custom UMC Stuff\SourceMod\Workspace\umc-core.sp::Handle_MapVoteResults()
L 10/13/2018 - 23:31:40: Error log file session closed.
