L 06/24/2018 - 01:04:11: SourceMod error session started
L 06/24/2018 - 01:04:11: Info (map "emp_palmbay_fix") (file "errors_20180624.log")
L 06/24/2018 - 01:04:11: [SM] Exception reported: Invalid key value handle 0 (error 4)
L 06/24/2018 - 01:04:11: [SM] Blaming: saysounds.smx()
L 06/24/2018 - 01:04:11: [SM] Call stack trace:
L 06/24/2018 - 01:04:11: [SM]   [0] KvRewind
L 06/24/2018 - 01:04:11: [SM]   [1] Line 1483, E:\dev\sourcemod\sourcemod-1.4.6-linux\addons\sourcemod\scripting\saysounds.sp::Command_Say()
L 06/24/2018 - 01:04:11: [SM] Exception reported: Invalid key value handle 0 (error 4)
L 06/24/2018 - 01:04:11: [SM] Blaming: saysounds.smx()
L 06/24/2018 - 01:04:11: [SM] Call stack trace:
L 06/24/2018 - 01:04:11: [SM]   [0] KvRewind
L 06/24/2018 - 01:04:11: [SM]   [1] Line 1483, E:\dev\sourcemod\sourcemod-1.4.6-linux\addons\sourcemod\scripting\saysounds.sp::Command_Say()
L 06/24/2018 - 01:05:50: [SM] Exception reported: Invalid timer handle 8a1503a8 (error 1)
L 06/24/2018 - 01:05:50: [SM] Blaming: umc-emp-mapvote.smx()
L 06/24/2018 - 01:05:50: [SM] Call stack trace:
L 06/24/2018 - 01:05:50: [SM]   [0] KillTimer
L 06/24/2018 - 01:05:50: [SM]   [1] Line 686, D:\Documents\My Folder\Empires Custom UMC Stuff\SourceMod\Workspace\umc-emp-mapvote.sp::UMC_OnNextmapSet()
L 06/24/2018 - 01:05:50: [SM]   [3] Call_Finish
L 06/24/2018 - 01:05:50: [SM]   [4] Line 4834, D:\Documents\My Folder\Empires Custom UMC Stuff\SourceMod\Workspace\umc-core.sp::DoMapChange()
L 06/24/2018 - 01:05:50: [SM]   [5] Line 4267, D:\Documents\My Folder\Empires Custom UMC Stuff\SourceMod\Workspace\umc-core.sp::Handle_MapVoteWinner()
L 06/24/2018 - 01:05:50: [SM]   [6] Line 3819, D:\Documents\My Folder\Empires Custom UMC Stuff\SourceMod\Workspace\umc-core.sp::ProcessVoteWinner()
L 06/24/2018 - 01:05:50: [SM]   [7] Line 3795, D:\Documents\My Folder\Empires Custom UMC Stuff\SourceMod\Workspace\umc-core.sp::ProcessVoteResults()
L 06/24/2018 - 01:05:50: [SM]   [8] Line 1277, D:\Documents\My Folder\Empires Custom UMC Stuff\SourceMod\Workspace\umc-core.sp::Native_UMCVoteManagerComplete()
L 06/24/2018 - 01:05:50: [SM]   [10] UMC_VoteManagerVoteCompleted
L 06/24/2018 - 01:05:50: [SM]   [11] Line 2309, D:\Documents\My Folder\Empires Custom UMC Stuff\SourceMod\Workspace\umc-core.sp::Handle_MapVoteResults()
L 06/24/2018 - 01:05:55: Error log file session closed.
L 06/24/2018 - 01:12:49: SourceMod error session started
L 06/24/2018 - 01:12:49: Info (map "con_blast_ob2") (file "errors_20180624.log")
L 06/24/2018 - 01:12:49: [SM] Exception reported: Invalid timer handle 8a1503a8 (error 3)
L 06/24/2018 - 01:12:49: [SM] Blaming: umc-emp-mapvote.smx()
L 06/24/2018 - 01:12:49: [SM] Call stack trace:
L 06/24/2018 - 01:12:49: [SM]   [0] KillTimer
L 06/24/2018 - 01:12:49: [SM]   [1] Line 686, D:\Documents\My Folder\Empires Custom UMC Stuff\SourceMod\Workspace\umc-emp-mapvote.sp::UMC_OnNextmapSet()
L 06/24/2018 - 01:12:49: [SM]   [3] Call_Finish
L 06/24/2018 - 01:12:49: [SM]   [4] Line 4834, D:\Documents\My Folder\Empires Custom UMC Stuff\SourceMod\Workspace\umc-core.sp::DoMapChange()
L 06/24/2018 - 01:12:49: [SM]   [5] Line 4267, D:\Documents\My Folder\Empires Custom UMC Stuff\SourceMod\Workspace\umc-core.sp::Handle_MapVoteWinner()
L 06/24/2018 - 01:12:49: [SM]   [6] Line 3819, D:\Documents\My Folder\Empires Custom UMC Stuff\SourceMod\Workspace\umc-core.sp::ProcessVoteWinner()
L 06/24/2018 - 01:12:49: [SM]   [7] Line 3795, D:\Documents\My Folder\Empires Custom UMC Stuff\SourceMod\Workspace\umc-core.sp::ProcessVoteResults()
L 06/24/2018 - 01:12:49: [SM]   [8] Line 1277, D:\Documents\My Folder\Empires Custom UMC Stuff\SourceMod\Workspace\umc-core.sp::Native_UMCVoteManagerComplete()
L 06/24/2018 - 01:12:49: [SM]   [10] UMC_VoteManagerVoteCompleted
L 06/24/2018 - 01:12:49: [SM]   [11] Line 2309, D:\Documents\My Folder\Empires Custom UMC Stuff\SourceMod\Workspace\umc-core.sp::Handle_MapVoteResults()
L 06/24/2018 - 01:12:54: Error log file session closed.
L 06/24/2018 - 01:51:28: SourceMod error session started
L 06/24/2018 - 01:51:28: Info (map "emp_canyon") (file "errors_20180624.log")
L 06/24/2018 - 01:51:28: [SM] Exception reported: Invalid timer handle 9dd303eb (error 1)
L 06/24/2018 - 01:51:28: [SM] Blaming: umc-emp-mapvote.smx()
L 06/24/2018 - 01:51:28: [SM] Call stack trace:
L 06/24/2018 - 01:51:28: [SM]   [0] KillTimer
L 06/24/2018 - 01:51:28: [SM]   [1] Line 686, D:\Documents\My Folder\Empires Custom UMC Stuff\SourceMod\Workspace\umc-emp-mapvote.sp::UMC_OnNextmapSet()
L 06/24/2018 - 01:51:28: [SM]   [3] Call_Finish
L 06/24/2018 - 01:51:28: [SM]   [4] Line 4834, D:\Documents\My Folder\Empires Custom UMC Stuff\SourceMod\Workspace\umc-core.sp::DoMapChange()
L 06/24/2018 - 01:51:28: [SM]   [5] Line 4267, D:\Documents\My Folder\Empires Custom UMC Stuff\SourceMod\Workspace\umc-core.sp::Handle_MapVoteWinner()
L 06/24/2018 - 01:51:28: [SM]   [6] Line 3819, D:\Documents\My Folder\Empires Custom UMC Stuff\SourceMod\Workspace\umc-core.sp::ProcessVoteWinner()
L 06/24/2018 - 01:51:28: [SM]   [7] Line 3795, D:\Documents\My Folder\Empires Custom UMC Stuff\SourceMod\Workspace\umc-core.sp::ProcessVoteResults()
L 06/24/2018 - 01:51:28: [SM]   [8] Line 1277, D:\Documents\My Folder\Empires Custom UMC Stuff\SourceMod\Workspace\umc-core.sp::Native_UMCVoteManagerComplete()
L 06/24/2018 - 01:51:28: [SM]   [10] UMC_VoteManagerVoteCompleted
L 06/24/2018 - 01:51:28: [SM]   [11] Line 2309, D:\Documents\My Folder\Empires Custom UMC Stuff\SourceMod\Workspace\umc-core.sp::Handle_MapVoteResults()
L 06/24/2018 - 01:51:33: Error log file session closed.
L 06/24/2018 - 02:26:44: SourceMod error session started
L 06/24/2018 - 02:26:44: Info (map "emp_vehicletraining_2013") (file "errors_20180624.log")
L 06/24/2018 - 02:26:44: [SM] Exception reported: Invalid timer handle a2d303e5 (error 3)
L 06/24/2018 - 02:26:44: [SM] Blaming: umc-emp-mapvote.smx()
L 06/24/2018 - 02:26:44: [SM] Call stack trace:
L 06/24/2018 - 02:26:44: [SM]   [0] KillTimer
L 06/24/2018 - 02:26:44: [SM]   [1] Line 686, D:\Documents\My Folder\Empires Custom UMC Stuff\SourceMod\Workspace\umc-emp-mapvote.sp::UMC_OnNextmapSet()
L 06/24/2018 - 02:26:44: [SM]   [3] Call_Finish
L 06/24/2018 - 02:26:44: [SM]   [4] Line 4834, D:\Documents\My Folder\Empires Custom UMC Stuff\SourceMod\Workspace\umc-core.sp::DoMapChange()
L 06/24/2018 - 02:26:44: [SM]   [5] Line 1767, D:\Documents\My Folder\Empires Custom UMC Stuff\SourceMod\Workspace\umc-core.sp::Native_UMCSetNextMap()
L 06/24/2018 - 02:26:44: [SM]   [7] UMC_SetNextMap
L 06/24/2018 - 02:26:44: [SM]   [8] Line 621, D:\Documents\My Folder\Empires Custom UMC Stuff\SourceMod\Workspace\umc-emp-mapvote.sp::DoRandomNextMap()
L 06/24/2018 - 02:26:44: [SM]   [9] Line 606, D:\Documents\My Folder\Empires Custom UMC Stuff\SourceMod\Workspace\umc-emp-mapvote.sp::DoMapChangeFailSafe()
L 06/24/2018 - 02:26:44: [SM]   [10] Line 722, D:\Documents\My Folder\Empires Custom UMC Stuff\SourceMod\Workspace\umc-emp-mapvote.sp::UMC_OnVoteFailed()
L 06/24/2018 - 02:26:44: [SM]   [12] Call_Finish
L 06/24/2018 - 02:26:44: [SM]   [13] Line 4796, D:\Documents\My Folder\Empires Custom UMC Stuff\SourceMod\Workspace\umc-core.sp::VoteFailed()
L 06/24/2018 - 02:26:44: [SM]   [14] Line 3507, D:\Documents\My Folder\Empires Custom UMC Stuff\SourceMod\Workspace\umc-core.sp::VoteCancelled()
L 06/24/2018 - 02:26:44: [SM]   [15] Line 1177, D:\Documents\My Folder\Empires Custom UMC Stuff\SourceMod\Workspace\umc-core.sp::Native_UMCVoteManagerCancel()
L 06/24/2018 - 02:26:44: [SM]   [17] UMC_VoteManagerVoteCancelled
L 06/24/2018 - 02:26:44: [SM]   [18] Line 2276, D:\Documents\My Folder\Empires Custom UMC Stuff\SourceMod\Workspace\umc-core.sp::Handle_VoteMenu()
L 06/24/2018 - 02:26:49: Error log file session closed.
L 06/24/2018 - 19:04:10: SourceMod error session started
L 06/24/2018 - 19:04:10: Info (map "emp_drygulch_a7") (file "errors_20180624.log")
L 06/24/2018 - 19:04:10: [SM] Exception reported: Invalid timer handle c10c0347 (error 1)
L 06/24/2018 - 19:04:10: [SM] Blaming: umc-emp-mapvote.smx()
L 06/24/2018 - 19:04:10: [SM] Call stack trace:
L 06/24/2018 - 19:04:10: [SM]   [0] KillTimer
L 06/24/2018 - 19:04:10: [SM]   [1] Line 686, D:\Documents\My Folder\Empires Custom UMC Stuff\SourceMod\Workspace\umc-emp-mapvote.sp::UMC_OnNextmapSet()
L 06/24/2018 - 19:04:10: [SM]   [3] Call_Finish
L 06/24/2018 - 19:04:10: [SM]   [4] Line 4834, D:\Documents\My Folder\Empires Custom UMC Stuff\SourceMod\Workspace\umc-core.sp::DoMapChange()
L 06/24/2018 - 19:04:10: [SM]   [5] Line 4267, D:\Documents\My Folder\Empires Custom UMC Stuff\SourceMod\Workspace\umc-core.sp::Handle_MapVoteWinner()
L 06/24/2018 - 19:04:10: [SM]   [6] Line 3819, D:\Documents\My Folder\Empires Custom UMC Stuff\SourceMod\Workspace\umc-core.sp::ProcessVoteWinner()
L 06/24/2018 - 19:04:10: [SM]   [7] Line 3795, D:\Documents\My Folder\Empires Custom UMC Stuff\SourceMod\Workspace\umc-core.sp::ProcessVoteResults()
L 06/24/2018 - 19:04:10: [SM]   [8] Line 1277, D:\Documents\My Folder\Empires Custom UMC Stuff\SourceMod\Workspace\umc-core.sp::Native_UMCVoteManagerComplete()
L 06/24/2018 - 19:04:10: [SM]   [10] UMC_VoteManagerVoteCompleted
L 06/24/2018 - 19:04:10: [SM]   [11] Line 2309, D:\Documents\My Folder\Empires Custom UMC Stuff\SourceMod\Workspace\umc-core.sp::Handle_MapVoteResults()
L 06/24/2018 - 19:04:16: Error log file session closed.
L 06/24/2018 - 19:53:53: SourceMod error session started
L 06/24/2018 - 19:53:53: Info (map "emp_beachfront_b2_hce") (file "errors_20180624.log")
L 06/24/2018 - 19:53:53: [SM] Exception reported: Invalid timer handle c92d0302 (error 1)
L 06/24/2018 - 19:53:53: [SM] Blaming: umc-emp-mapvote.smx()
L 06/24/2018 - 19:53:53: [SM] Call stack trace:
L 06/24/2018 - 19:53:53: [SM]   [0] KillTimer
L 06/24/2018 - 19:53:53: [SM]   [1] Line 686, D:\Documents\My Folder\Empires Custom UMC Stuff\SourceMod\Workspace\umc-emp-mapvote.sp::UMC_OnNextmapSet()
L 06/24/2018 - 19:53:53: [SM]   [3] Call_Finish
L 06/24/2018 - 19:53:53: [SM]   [4] Line 4834, D:\Documents\My Folder\Empires Custom UMC Stuff\SourceMod\Workspace\umc-core.sp::DoMapChange()
L 06/24/2018 - 19:53:53: [SM]   [5] Line 4267, D:\Documents\My Folder\Empires Custom UMC Stuff\SourceMod\Workspace\umc-core.sp::Handle_MapVoteWinner()
L 06/24/2018 - 19:53:53: [SM]   [6] Line 3819, D:\Documents\My Folder\Empires Custom UMC Stuff\SourceMod\Workspace\umc-core.sp::ProcessVoteWinner()
L 06/24/2018 - 19:53:53: [SM]   [7] Line 3795, D:\Documents\My Folder\Empires Custom UMC Stuff\SourceMod\Workspace\umc-core.sp::ProcessVoteResults()
L 06/24/2018 - 19:53:53: [SM]   [8] Line 1277, D:\Documents\My Folder\Empires Custom UMC Stuff\SourceMod\Workspace\umc-core.sp::Native_UMCVoteManagerComplete()
L 06/24/2018 - 19:53:53: [SM]   [10] UMC_VoteManagerVoteCompleted
L 06/24/2018 - 19:53:53: [SM]   [11] Line 2309, D:\Documents\My Folder\Empires Custom UMC Stuff\SourceMod\Workspace\umc-core.sp::Handle_MapVoteResults()
L 06/24/2018 - 19:54:01: Error log file session closed.
L 06/24/2018 - 21:28:31: SourceMod error session started
L 06/24/2018 - 21:28:31: Info (map "emp_crossroads_towerless_hce") (file "errors_20180624.log")
L 06/24/2018 - 21:28:31: [SM] Exception reported: Invalid timer handle e61803df (error 1)
L 06/24/2018 - 21:28:31: [SM] Blaming: umc-emp-mapvote.smx()
L 06/24/2018 - 21:28:31: [SM] Call stack trace:
L 06/24/2018 - 21:28:31: [SM]   [0] KillTimer
L 06/24/2018 - 21:28:31: [SM]   [1] Line 686, D:\Documents\My Folder\Empires Custom UMC Stuff\SourceMod\Workspace\umc-emp-mapvote.sp::UMC_OnNextmapSet()
L 06/24/2018 - 21:28:31: [SM]   [3] Call_Finish
L 06/24/2018 - 21:28:31: [SM]   [4] Line 4834, D:\Documents\My Folder\Empires Custom UMC Stuff\SourceMod\Workspace\umc-core.sp::DoMapChange()
L 06/24/2018 - 21:28:31: [SM]   [5] Line 4267, D:\Documents\My Folder\Empires Custom UMC Stuff\SourceMod\Workspace\umc-core.sp::Handle_MapVoteWinner()
L 06/24/2018 - 21:28:31: [SM]   [6] Line 3819, D:\Documents\My Folder\Empires Custom UMC Stuff\SourceMod\Workspace\umc-core.sp::ProcessVoteWinner()
L 06/24/2018 - 21:28:31: [SM]   [7] Line 3795, D:\Documents\My Folder\Empires Custom UMC Stuff\SourceMod\Workspace\umc-core.sp::ProcessVoteResults()
L 06/24/2018 - 21:28:31: [SM]   [8] Line 1277, D:\Documents\My Folder\Empires Custom UMC Stuff\SourceMod\Workspace\umc-core.sp::Native_UMCVoteManagerComplete()
L 06/24/2018 - 21:28:31: [SM]   [10] UMC_VoteManagerVoteCompleted
L 06/24/2018 - 21:28:31: [SM]   [11] Line 2309, D:\Documents\My Folder\Empires Custom UMC Stuff\SourceMod\Workspace\umc-core.sp::Handle_MapVoteResults()
L 06/24/2018 - 21:28:37: Error log file session closed.
L 06/24/2018 - 21:28:37: SourceMod error session started
L 06/24/2018 - 21:28:37: Info (map "emp_duststorm_fix2") (file "errors_20180624.log")
L 06/24/2018 - 21:28:37: [SM] Exception reported: No vote is in progress
L 06/24/2018 - 21:28:37: [SM] Blaming: Surrender.smx()
L 06/24/2018 - 21:28:37: [SM] Call stack trace:
L 06/24/2018 - 21:28:37: [SM]   [0] CancelVote
L 06/24/2018 - 21:28:37: [SM]   [1] Line 1297, /builds/sourcemod/Surrender/build/../addons/sourcemod/scripting/Surrender.sp::Command_SurrenderDisable()
L 06/24/2018 - 21:58:48: [SM] Exception reported: Invalid timer handle febb0388 (error 1)
L 06/24/2018 - 21:58:48: [SM] Blaming: umc-emp-mapvote.smx()
L 06/24/2018 - 21:58:48: [SM] Call stack trace:
L 06/24/2018 - 21:58:48: [SM]   [0] KillTimer
L 06/24/2018 - 21:58:48: [SM]   [1] Line 686, D:\Documents\My Folder\Empires Custom UMC Stuff\SourceMod\Workspace\umc-emp-mapvote.sp::UMC_OnNextmapSet()
L 06/24/2018 - 21:58:48: [SM]   [3] Call_Finish
L 06/24/2018 - 21:58:48: [SM]   [4] Line 4834, D:\Documents\My Folder\Empires Custom UMC Stuff\SourceMod\Workspace\umc-core.sp::DoMapChange()
L 06/24/2018 - 21:58:48: [SM]   [5] Line 4267, D:\Documents\My Folder\Empires Custom UMC Stuff\SourceMod\Workspace\umc-core.sp::Handle_MapVoteWinner()
L 06/24/2018 - 21:58:48: [SM]   [6] Line 3819, D:\Documents\My Folder\Empires Custom UMC Stuff\SourceMod\Workspace\umc-core.sp::ProcessVoteWinner()
L 06/24/2018 - 21:58:48: [SM]   [7] Line 3765, D:\Documents\My Folder\Empires Custom UMC Stuff\SourceMod\Workspace\umc-core.sp::ProcessVoteResults()
L 06/24/2018 - 21:58:48: [SM]   [8] Line 1277, D:\Documents\My Folder\Empires Custom UMC Stuff\SourceMod\Workspace\umc-core.sp::Native_UMCVoteManagerComplete()
L 06/24/2018 - 21:58:48: [SM]   [10] UMC_VoteManagerVoteCompleted
L 06/24/2018 - 21:58:48: [SM]   [11] Line 2309, D:\Documents\My Folder\Empires Custom UMC Stuff\SourceMod\Workspace\umc-core.sp::Handle_MapVoteResults()
L 06/24/2018 - 21:58:54: Error log file session closed.
L 06/24/2018 - 22:21:05: SourceMod error session started
L 06/24/2018 - 22:21:05: Info (map "emp_midbridge_hce") (file "errors_20180624.log")
L 06/24/2018 - 22:21:05: [SM] Exception reported: Invalid timer handle 102d0302 (error 1)
L 06/24/2018 - 22:21:05: [SM] Blaming: umc-emp-mapvote.smx()
L 06/24/2018 - 22:21:05: [SM] Call stack trace:
L 06/24/2018 - 22:21:05: [SM]   [0] KillTimer
L 06/24/2018 - 22:21:05: [SM]   [1] Line 686, D:\Documents\My Folder\Empires Custom UMC Stuff\SourceMod\Workspace\umc-emp-mapvote.sp::UMC_OnNextmapSet()
L 06/24/2018 - 22:21:05: [SM]   [3] Call_Finish
L 06/24/2018 - 22:21:05: [SM]   [4] Line 4834, D:\Documents\My Folder\Empires Custom UMC Stuff\SourceMod\Workspace\umc-core.sp::DoMapChange()
L 06/24/2018 - 22:21:05: [SM]   [5] Line 4267, D:\Documents\My Folder\Empires Custom UMC Stuff\SourceMod\Workspace\umc-core.sp::Handle_MapVoteWinner()
L 06/24/2018 - 22:21:05: [SM]   [6] Line 3819, D:\Documents\My Folder\Empires Custom UMC Stuff\SourceMod\Workspace\umc-core.sp::ProcessVoteWinner()
L 06/24/2018 - 22:21:05: [SM]   [7] Line 3795, D:\Documents\My Folder\Empires Custom UMC Stuff\SourceMod\Workspace\umc-core.sp::ProcessVoteResults()
L 06/24/2018 - 22:21:05: [SM]   [8] Line 1277, D:\Documents\My Folder\Empires Custom UMC Stuff\SourceMod\Workspace\umc-core.sp::Native_UMCVoteManagerComplete()
L 06/24/2018 - 22:21:05: [SM]   [10] UMC_VoteManagerVoteCompleted
L 06/24/2018 - 22:21:05: [SM]   [11] Line 2309, D:\Documents\My Folder\Empires Custom UMC Stuff\SourceMod\Workspace\umc-core.sp::Handle_MapVoteResults()
L 06/24/2018 - 22:21:11: Error log file session closed.
L 06/24/2018 - 22:42:18: SourceMod error session started
L 06/24/2018 - 22:42:18: Info (map "emp_coast") (file "errors_20180624.log")
L 06/24/2018 - 22:42:18: [SM] Exception reported: Invalid timer handle 262603f6 (error 3)
L 06/24/2018 - 22:42:18: [SM] Blaming: umc-emp-mapvote.smx()
L 06/24/2018 - 22:42:18: [SM] Call stack trace:
L 06/24/2018 - 22:42:18: [SM]   [0] KillTimer
L 06/24/2018 - 22:42:18: [SM]   [1] Line 686, D:\Documents\My Folder\Empires Custom UMC Stuff\SourceMod\Workspace\umc-emp-mapvote.sp::UMC_OnNextmapSet()
L 06/24/2018 - 22:42:18: [SM]   [3] Call_Finish
L 06/24/2018 - 22:42:18: [SM]   [4] Line 4834, D:\Documents\My Folder\Empires Custom UMC Stuff\SourceMod\Workspace\umc-core.sp::DoMapChange()
L 06/24/2018 - 22:42:18: [SM]   [5] Line 4267, D:\Documents\My Folder\Empires Custom UMC Stuff\SourceMod\Workspace\umc-core.sp::Handle_MapVoteWinner()
L 06/24/2018 - 22:42:18: [SM]   [6] Line 3819, D:\Documents\My Folder\Empires Custom UMC Stuff\SourceMod\Workspace\umc-core.sp::ProcessVoteWinner()
L 06/24/2018 - 22:42:18: [SM]   [7] Line 3795, D:\Documents\My Folder\Empires Custom UMC Stuff\SourceMod\Workspace\umc-core.sp::ProcessVoteResults()
L 06/24/2018 - 22:42:18: [SM]   [8] Line 1277, D:\Documents\My Folder\Empires Custom UMC Stuff\SourceMod\Workspace\umc-core.sp::Native_UMCVoteManagerComplete()
L 06/24/2018 - 22:42:18: [SM]   [10] UMC_VoteManagerVoteCompleted
L 06/24/2018 - 22:42:18: [SM]   [11] Line 2309, D:\Documents\My Folder\Empires Custom UMC Stuff\SourceMod\Workspace\umc-core.sp::Handle_MapVoteResults()
L 06/24/2018 - 22:42:24: Error log file session closed.
L 06/24/2018 - 23:30:31: SourceMod error session started
L 06/24/2018 - 23:30:31: Info (map "emp_fury_rc1") (file "errors_20180624.log")
L 06/24/2018 - 23:30:31: [SM] Exception reported: Invalid timer handle 487b03ab (error 3)
L 06/24/2018 - 23:30:31: [SM] Blaming: umc-emp-mapvote.smx()
L 06/24/2018 - 23:30:31: [SM] Call stack trace:
L 06/24/2018 - 23:30:31: [SM]   [0] KillTimer
L 06/24/2018 - 23:30:31: [SM]   [1] Line 686, D:\Documents\My Folder\Empires Custom UMC Stuff\SourceMod\Workspace\umc-emp-mapvote.sp::UMC_OnNextmapSet()
L 06/24/2018 - 23:30:31: [SM]   [3] Call_Finish
L 06/24/2018 - 23:30:31: [SM]   [4] Line 4834, D:\Documents\My Folder\Empires Custom UMC Stuff\SourceMod\Workspace\umc-core.sp::DoMapChange()
L 06/24/2018 - 23:30:31: [SM]   [5] Line 4267, D:\Documents\My Folder\Empires Custom UMC Stuff\SourceMod\Workspace\umc-core.sp::Handle_MapVoteWinner()
L 06/24/2018 - 23:30:31: [SM]   [6] Line 3819, D:\Documents\My Folder\Empires Custom UMC Stuff\SourceMod\Workspace\umc-core.sp::ProcessVoteWinner()
L 06/24/2018 - 23:30:31: [SM]   [7] Line 3795, D:\Documents\My Folder\Empires Custom UMC Stuff\SourceMod\Workspace\umc-core.sp::ProcessVoteResults()
L 06/24/2018 - 23:30:31: [SM]   [8] Line 1277, D:\Documents\My Folder\Empires Custom UMC Stuff\SourceMod\Workspace\umc-core.sp::Native_UMCVoteManagerComplete()
L 06/24/2018 - 23:30:31: [SM]   [10] UMC_VoteManagerVoteCompleted
L 06/24/2018 - 23:30:31: [SM]   [11] Line 2309, D:\Documents\My Folder\Empires Custom UMC Stuff\SourceMod\Workspace\umc-core.sp::Handle_MapVoteResults()
L 06/24/2018 - 23:30:37: Error log file session closed.
L 06/24/2018 - 23:35:07: SourceMod error session started
L 06/24/2018 - 23:35:07: Info (map "emp_cyclopean") (file "errors_20180624.log")
L 06/24/2018 - 23:35:07: [SM] Exception reported: Invalid timer handle 487b03ab (error 3)
L 06/24/2018 - 23:35:07: [SM] Blaming: umc-emp-mapvote.smx()
L 06/24/2018 - 23:35:07: [SM] Call stack trace:
L 06/24/2018 - 23:35:07: [SM]   [0] KillTimer
L 06/24/2018 - 23:35:07: [SM]   [1] Line 686, D:\Documents\My Folder\Empires Custom UMC Stuff\SourceMod\Workspace\umc-emp-mapvote.sp::UMC_OnNextmapSet()
L 06/24/2018 - 23:35:07: [SM]   [3] Call_Finish
L 06/24/2018 - 23:35:07: [SM]   [4] Line 4834, D:\Documents\My Folder\Empires Custom UMC Stuff\SourceMod\Workspace\umc-core.sp::DoMapChange()
L 06/24/2018 - 23:35:07: [SM]   [5] Line 4267, D:\Documents\My Folder\Empires Custom UMC Stuff\SourceMod\Workspace\umc-core.sp::Handle_MapVoteWinner()
L 06/24/2018 - 23:35:07: [SM]   [6] Line 3819, D:\Documents\My Folder\Empires Custom UMC Stuff\SourceMod\Workspace\umc-core.sp::ProcessVoteWinner()
L 06/24/2018 - 23:35:07: [SM]   [7] Line 3795, D:\Documents\My Folder\Empires Custom UMC Stuff\SourceMod\Workspace\umc-core.sp::ProcessVoteResults()
L 06/24/2018 - 23:35:07: [SM]   [8] Line 1277, D:\Documents\My Folder\Empires Custom UMC Stuff\SourceMod\Workspace\umc-core.sp::Native_UMCVoteManagerComplete()
L 06/24/2018 - 23:35:07: [SM]   [10] UMC_VoteManagerVoteCompleted
L 06/24/2018 - 23:35:07: [SM]   [11] Line 2309, D:\Documents\My Folder\Empires Custom UMC Stuff\SourceMod\Workspace\umc-core.sp::Handle_MapVoteResults()
L 06/24/2018 - 23:35:12: Error log file session closed.
L 06/24/2018 - 23:57:38: SourceMod error session started
L 06/24/2018 - 23:57:38: Info (map "emp_snowstorm_rc6") (file "errors_20180624.log")
L 06/24/2018 - 23:57:38: [SM] Exception reported: Invalid timer handle 61c9039d (error 1)
L 06/24/2018 - 23:57:38: [SM] Blaming: umc-emp-mapvote.smx()
L 06/24/2018 - 23:57:38: [SM] Call stack trace:
L 06/24/2018 - 23:57:38: [SM]   [0] KillTimer
L 06/24/2018 - 23:57:38: [SM]   [1] Line 686, D:\Documents\My Folder\Empires Custom UMC Stuff\SourceMod\Workspace\umc-emp-mapvote.sp::UMC_OnNextmapSet()
L 06/24/2018 - 23:57:38: [SM]   [3] Call_Finish
L 06/24/2018 - 23:57:38: [SM]   [4] Line 4834, D:\Documents\My Folder\Empires Custom UMC Stuff\SourceMod\Workspace\umc-core.sp::DoMapChange()
L 06/24/2018 - 23:57:38: [SM]   [5] Line 4267, D:\Documents\My Folder\Empires Custom UMC Stuff\SourceMod\Workspace\umc-core.sp::Handle_MapVoteWinner()
L 06/24/2018 - 23:57:38: [SM]   [6] Line 3819, D:\Documents\My Folder\Empires Custom UMC Stuff\SourceMod\Workspace\umc-core.sp::ProcessVoteWinner()
L 06/24/2018 - 23:57:38: [SM]   [7] Line 3795, D:\Documents\My Folder\Empires Custom UMC Stuff\SourceMod\Workspace\umc-core.sp::ProcessVoteResults()
L 06/24/2018 - 23:57:38: [SM]   [8] Line 1277, D:\Documents\My Folder\Empires Custom UMC Stuff\SourceMod\Workspace\umc-core.sp::Native_UMCVoteManagerComplete()
L 06/24/2018 - 23:57:38: [SM]   [10] UMC_VoteManagerVoteCompleted
L 06/24/2018 - 23:57:38: [SM]   [11] Line 2309, D:\Documents\My Folder\Empires Custom UMC Stuff\SourceMod\Workspace\umc-core.sp::Handle_MapVoteResults()
L 06/24/2018 - 23:57:43: Error log file session closed.
