L 03/24/2018 - 00:25:51: SourceMod error session started
L 03/24/2018 - 00:25:51: Info (map "emp_crossroads_towerless_hce") (file "errors_20180324.log")
L 03/24/2018 - 00:25:51: [SM] Exception reported: Invalid timer handle 23160327 (error 3)
L 03/24/2018 - 00:25:51: [SM] Blaming: umc-emp-mapvote.smx()
L 03/24/2018 - 00:25:51: [SM] Call stack trace:
L 03/24/2018 - 00:25:51: [SM]   [0] KillTimer
L 03/24/2018 - 00:25:51: [SM]   [1] Line 686, D:\Documents\My Folder\Empires Custom UMC Stuff\SourceMod\Workspace\umc-emp-mapvote.sp::UMC_OnNextmapSet()
L 03/24/2018 - 00:25:51: [SM]   [3] Call_Finish
L 03/24/2018 - 00:25:51: [SM]   [4] Line 4834, D:\Documents\My Folder\Empires Custom UMC Stuff\SourceMod\Workspace\umc-core.sp::DoMapChange()
L 03/24/2018 - 00:25:51: [SM]   [5] Line 1767, D:\Documents\My Folder\Empires Custom UMC Stuff\SourceMod\Workspace\umc-core.sp::Native_UMCSetNextMap()
L 03/24/2018 - 00:25:51: [SM]   [7] UMC_SetNextMap
L 03/24/2018 - 00:25:51: [SM]   [8] Line 621, D:\Documents\My Folder\Empires Custom UMC Stuff\SourceMod\Workspace\umc-emp-mapvote.sp::DoRandomNextMap()
L 03/24/2018 - 00:25:51: [SM]   [9] Line 606, D:\Documents\My Folder\Empires Custom UMC Stuff\SourceMod\Workspace\umc-emp-mapvote.sp::DoMapChangeFailSafe()
L 03/24/2018 - 00:25:51: [SM]   [10] Line 722, D:\Documents\My Folder\Empires Custom UMC Stuff\SourceMod\Workspace\umc-emp-mapvote.sp::UMC_OnVoteFailed()
L 03/24/2018 - 00:25:51: [SM]   [12] Call_Finish
L 03/24/2018 - 00:25:51: [SM]   [13] Line 4796, D:\Documents\My Folder\Empires Custom UMC Stuff\SourceMod\Workspace\umc-core.sp::VoteFailed()
L 03/24/2018 - 00:25:51: [SM]   [14] Line 3507, D:\Documents\My Folder\Empires Custom UMC Stuff\SourceMod\Workspace\umc-core.sp::VoteCancelled()
L 03/24/2018 - 00:25:51: [SM]   [15] Line 1177, D:\Documents\My Folder\Empires Custom UMC Stuff\SourceMod\Workspace\umc-core.sp::Native_UMCVoteManagerCancel()
L 03/24/2018 - 00:25:51: [SM]   [17] UMC_VoteManagerVoteCancelled
L 03/24/2018 - 00:25:51: [SM]   [18] Line 2276, D:\Documents\My Folder\Empires Custom UMC Stuff\SourceMod\Workspace\umc-core.sp::Handle_VoteMenu()
L 03/24/2018 - 00:25:56: Error log file session closed.
L 03/24/2018 - 13:34:47: SourceMod error session started
L 03/24/2018 - 13:34:47: Info (map "con_district402") (file "errors_20180324.log")
L 03/24/2018 - 13:34:47: [SDKTOOLS] Invalid detour address passed - Disabling detour to prevent crashes
L 03/24/2018 - 13:34:47: [SDKTOOLS] Failed to find PlayerRunCmd offset - OnPlayerRunCmd forward disabled.
L 03/24/2018 - 19:04:42: Error log file session closed.
L 03/24/2018 - 19:11:38: SourceMod error session started
L 03/24/2018 - 19:11:38: Info (map "emp_downfall_hce") (file "errors_20180324.log")
L 03/24/2018 - 19:11:38: [SM] Exception reported: Invalid timer handle e64033a (error 1)
L 03/24/2018 - 19:11:38: [SM] Blaming: umc-emp-mapvote.smx()
L 03/24/2018 - 19:11:38: [SM] Call stack trace:
L 03/24/2018 - 19:11:38: [SM]   [0] KillTimer
L 03/24/2018 - 19:11:38: [SM]   [1] Line 686, D:\Documents\My Folder\Empires Custom UMC Stuff\SourceMod\Workspace\umc-emp-mapvote.sp::UMC_OnNextmapSet()
L 03/24/2018 - 19:11:38: [SM]   [3] Call_Finish
L 03/24/2018 - 19:11:38: [SM]   [4] Line 4834, D:\Documents\My Folder\Empires Custom UMC Stuff\SourceMod\Workspace\umc-core.sp::DoMapChange()
L 03/24/2018 - 19:11:38: [SM]   [5] Line 4267, D:\Documents\My Folder\Empires Custom UMC Stuff\SourceMod\Workspace\umc-core.sp::Handle_MapVoteWinner()
L 03/24/2018 - 19:11:38: [SM]   [6] Line 3819, D:\Documents\My Folder\Empires Custom UMC Stuff\SourceMod\Workspace\umc-core.sp::ProcessVoteWinner()
L 03/24/2018 - 19:11:38: [SM]   [7] Line 3795, D:\Documents\My Folder\Empires Custom UMC Stuff\SourceMod\Workspace\umc-core.sp::ProcessVoteResults()
L 03/24/2018 - 19:11:38: [SM]   [8] Line 1277, D:\Documents\My Folder\Empires Custom UMC Stuff\SourceMod\Workspace\umc-core.sp::Native_UMCVoteManagerComplete()
L 03/24/2018 - 19:11:38: [SM]   [10] UMC_VoteManagerVoteCompleted
L 03/24/2018 - 19:11:38: [SM]   [11] Line 2309, D:\Documents\My Folder\Empires Custom UMC Stuff\SourceMod\Workspace\umc-core.sp::Handle_MapVoteResults()
L 03/24/2018 - 19:11:43: Error log file session closed.
L 03/24/2018 - 19:31:12: SourceMod error session started
L 03/24/2018 - 19:31:12: Info (map "emp_beachfront_b2_hce") (file "errors_20180324.log")
L 03/24/2018 - 19:31:12: [SM] Exception reported: Invalid timer handle 10690339 (error 3)
L 03/24/2018 - 19:31:12: [SM] Blaming: umc-emp-mapvote.smx()
L 03/24/2018 - 19:31:12: [SM] Call stack trace:
L 03/24/2018 - 19:31:12: [SM]   [0] KillTimer
L 03/24/2018 - 19:31:12: [SM]   [1] Line 686, D:\Documents\My Folder\Empires Custom UMC Stuff\SourceMod\Workspace\umc-emp-mapvote.sp::UMC_OnNextmapSet()
L 03/24/2018 - 19:31:12: [SM]   [3] Call_Finish
L 03/24/2018 - 19:31:12: [SM]   [4] Line 4834, D:\Documents\My Folder\Empires Custom UMC Stuff\SourceMod\Workspace\umc-core.sp::DoMapChange()
L 03/24/2018 - 19:31:12: [SM]   [5] Line 1767, D:\Documents\My Folder\Empires Custom UMC Stuff\SourceMod\Workspace\umc-core.sp::Native_UMCSetNextMap()
L 03/24/2018 - 19:31:12: [SM]   [7] UMC_SetNextMap
L 03/24/2018 - 19:31:12: [SM]   [8] Line 621, D:\Documents\My Folder\Empires Custom UMC Stuff\SourceMod\Workspace\umc-emp-mapvote.sp::DoRandomNextMap()
L 03/24/2018 - 19:31:12: [SM]   [9] Line 606, D:\Documents\My Folder\Empires Custom UMC Stuff\SourceMod\Workspace\umc-emp-mapvote.sp::DoMapChangeFailSafe()
L 03/24/2018 - 19:31:12: [SM]   [10] Line 722, D:\Documents\My Folder\Empires Custom UMC Stuff\SourceMod\Workspace\umc-emp-mapvote.sp::UMC_OnVoteFailed()
L 03/24/2018 - 19:31:12: [SM]   [12] Call_Finish
L 03/24/2018 - 19:31:12: [SM]   [13] Line 4796, D:\Documents\My Folder\Empires Custom UMC Stuff\SourceMod\Workspace\umc-core.sp::VoteFailed()
L 03/24/2018 - 19:31:12: [SM]   [14] Line 3507, D:\Documents\My Folder\Empires Custom UMC Stuff\SourceMod\Workspace\umc-core.sp::VoteCancelled()
L 03/24/2018 - 19:31:12: [SM]   [15] Line 1177, D:\Documents\My Folder\Empires Custom UMC Stuff\SourceMod\Workspace\umc-core.sp::Native_UMCVoteManagerCancel()
L 03/24/2018 - 19:31:12: [SM]   [17] UMC_VoteManagerVoteCancelled
L 03/24/2018 - 19:31:12: [SM]   [18] Line 2276, D:\Documents\My Folder\Empires Custom UMC Stuff\SourceMod\Workspace\umc-core.sp::Handle_VoteMenu()
L 03/24/2018 - 19:31:19: Error log file session closed.
L 03/24/2018 - 21:35:44: SourceMod error session started
L 03/24/2018 - 21:35:44: Info (map "emp_crossroads_towerless_hce") (file "errors_20180324.log")
L 03/24/2018 - 21:35:44: [SM] Exception reported: Invalid timer handle 21c2037a (error 1)
L 03/24/2018 - 21:35:44: [SM] Blaming: umc-emp-mapvote.smx()
L 03/24/2018 - 21:35:44: [SM] Call stack trace:
L 03/24/2018 - 21:35:44: [SM]   [0] KillTimer
L 03/24/2018 - 21:35:44: [SM]   [1] Line 686, D:\Documents\My Folder\Empires Custom UMC Stuff\SourceMod\Workspace\umc-emp-mapvote.sp::UMC_OnNextmapSet()
L 03/24/2018 - 21:35:44: [SM]   [3] Call_Finish
L 03/24/2018 - 21:35:44: [SM]   [4] Line 4834, D:\Documents\My Folder\Empires Custom UMC Stuff\SourceMod\Workspace\umc-core.sp::DoMapChange()
L 03/24/2018 - 21:35:44: [SM]   [5] Line 4267, D:\Documents\My Folder\Empires Custom UMC Stuff\SourceMod\Workspace\umc-core.sp::Handle_MapVoteWinner()
L 03/24/2018 - 21:35:44: [SM]   [6] Line 3819, D:\Documents\My Folder\Empires Custom UMC Stuff\SourceMod\Workspace\umc-core.sp::ProcessVoteWinner()
L 03/24/2018 - 21:35:44: [SM]   [7] Line 3795, D:\Documents\My Folder\Empires Custom UMC Stuff\SourceMod\Workspace\umc-core.sp::ProcessVoteResults()
L 03/24/2018 - 21:35:44: [SM]   [8] Line 1277, D:\Documents\My Folder\Empires Custom UMC Stuff\SourceMod\Workspace\umc-core.sp::Native_UMCVoteManagerComplete()
L 03/24/2018 - 21:35:44: [SM]   [10] UMC_VoteManagerVoteCompleted
L 03/24/2018 - 21:35:44: [SM]   [11] Line 2309, D:\Documents\My Folder\Empires Custom UMC Stuff\SourceMod\Workspace\umc-core.sp::Handle_MapVoteResults()
L 03/24/2018 - 21:35:50: Error log file session closed.
L 03/24/2018 - 21:37:12: SourceMod error session started
L 03/24/2018 - 21:37:12: Info (map "emp_isle") (file "errors_20180324.log")
L 03/24/2018 - 21:37:12: [SM] Exception reported: Heap leak detected: hp:14128 should be 14104!
L 03/24/2018 - 22:10:55: [SM] Exception reported: Invalid timer handle 36c803c2 (error 1)
L 03/24/2018 - 22:10:55: [SM] Blaming: umc-emp-mapvote.smx()
L 03/24/2018 - 22:10:55: [SM] Call stack trace:
L 03/24/2018 - 22:10:55: [SM]   [0] KillTimer
L 03/24/2018 - 22:10:55: [SM]   [1] Line 686, D:\Documents\My Folder\Empires Custom UMC Stuff\SourceMod\Workspace\umc-emp-mapvote.sp::UMC_OnNextmapSet()
L 03/24/2018 - 22:10:55: [SM]   [3] Call_Finish
L 03/24/2018 - 22:10:55: [SM]   [4] Line 4834, D:\Documents\My Folder\Empires Custom UMC Stuff\SourceMod\Workspace\umc-core.sp::DoMapChange()
L 03/24/2018 - 22:10:55: [SM]   [5] Line 4267, D:\Documents\My Folder\Empires Custom UMC Stuff\SourceMod\Workspace\umc-core.sp::Handle_MapVoteWinner()
L 03/24/2018 - 22:10:55: [SM]   [6] Line 3819, D:\Documents\My Folder\Empires Custom UMC Stuff\SourceMod\Workspace\umc-core.sp::ProcessVoteWinner()
L 03/24/2018 - 22:10:55: [SM]   [7] Line 3795, D:\Documents\My Folder\Empires Custom UMC Stuff\SourceMod\Workspace\umc-core.sp::ProcessVoteResults()
L 03/24/2018 - 22:10:55: [SM]   [8] Line 1277, D:\Documents\My Folder\Empires Custom UMC Stuff\SourceMod\Workspace\umc-core.sp::Native_UMCVoteManagerComplete()
L 03/24/2018 - 22:10:55: [SM]   [10] UMC_VoteManagerVoteCompleted
L 03/24/2018 - 22:10:55: [SM]   [11] Line 2309, D:\Documents\My Folder\Empires Custom UMC Stuff\SourceMod\Workspace\umc-core.sp::Handle_MapVoteResults()
L 03/24/2018 - 22:11:01: Error log file session closed.
L 03/24/2018 - 22:12:33: SourceMod error session started
L 03/24/2018 - 22:12:33: Info (map "emp_duststorm_fix2") (file "errors_20180324.log")
L 03/24/2018 - 22:12:33: [SM] Exception reported: Heap leak detected: hp:14172 should be 14128!
L 03/24/2018 - 22:44:56: [SM] Exception reported: Invalid timer handle 49c803ea (error 1)
L 03/24/2018 - 22:44:56: [SM] Blaming: umc-emp-mapvote.smx()
L 03/24/2018 - 22:44:56: [SM] Call stack trace:
L 03/24/2018 - 22:44:56: [SM]   [0] KillTimer
L 03/24/2018 - 22:44:56: [SM]   [1] Line 686, D:\Documents\My Folder\Empires Custom UMC Stuff\SourceMod\Workspace\umc-emp-mapvote.sp::UMC_OnNextmapSet()
L 03/24/2018 - 22:44:56: [SM]   [3] Call_Finish
L 03/24/2018 - 22:44:56: [SM]   [4] Line 4834, D:\Documents\My Folder\Empires Custom UMC Stuff\SourceMod\Workspace\umc-core.sp::DoMapChange()
L 03/24/2018 - 22:44:56: [SM]   [5] Line 4267, D:\Documents\My Folder\Empires Custom UMC Stuff\SourceMod\Workspace\umc-core.sp::Handle_MapVoteWinner()
L 03/24/2018 - 22:44:56: [SM]   [6] Line 3819, D:\Documents\My Folder\Empires Custom UMC Stuff\SourceMod\Workspace\umc-core.sp::ProcessVoteWinner()
L 03/24/2018 - 22:44:56: [SM]   [7] Line 3765, D:\Documents\My Folder\Empires Custom UMC Stuff\SourceMod\Workspace\umc-core.sp::ProcessVoteResults()
L 03/24/2018 - 22:44:56: [SM]   [8] Line 1277, D:\Documents\My Folder\Empires Custom UMC Stuff\SourceMod\Workspace\umc-core.sp::Native_UMCVoteManagerComplete()
L 03/24/2018 - 22:44:56: [SM]   [10] UMC_VoteManagerVoteCompleted
L 03/24/2018 - 22:44:56: [SM]   [11] Line 2309, D:\Documents\My Folder\Empires Custom UMC Stuff\SourceMod\Workspace\umc-core.sp::Handle_MapVoteResults()
L 03/24/2018 - 22:45:02: Error log file session closed.
L 03/24/2018 - 22:46:35: SourceMod error session started
L 03/24/2018 - 22:46:35: Info (map "emp_coast") (file "errors_20180324.log")
L 03/24/2018 - 22:46:35: [SM] Exception reported: Heap leak detected: hp:14212 should be 14172!
L 03/24/2018 - 23:12:46: [SM] Exception reported: Invalid timer handle 5a7a030b (error 1)
L 03/24/2018 - 23:12:46: [SM] Blaming: umc-emp-mapvote.smx()
L 03/24/2018 - 23:12:46: [SM] Call stack trace:
L 03/24/2018 - 23:12:46: [SM]   [0] KillTimer
L 03/24/2018 - 23:12:46: [SM]   [1] Line 686, D:\Documents\My Folder\Empires Custom UMC Stuff\SourceMod\Workspace\umc-emp-mapvote.sp::UMC_OnNextmapSet()
L 03/24/2018 - 23:12:46: [SM]   [3] Call_Finish
L 03/24/2018 - 23:12:46: [SM]   [4] Line 4834, D:\Documents\My Folder\Empires Custom UMC Stuff\SourceMod\Workspace\umc-core.sp::DoMapChange()
L 03/24/2018 - 23:12:46: [SM]   [5] Line 4267, D:\Documents\My Folder\Empires Custom UMC Stuff\SourceMod\Workspace\umc-core.sp::Handle_MapVoteWinner()
L 03/24/2018 - 23:12:46: [SM]   [6] Line 3819, D:\Documents\My Folder\Empires Custom UMC Stuff\SourceMod\Workspace\umc-core.sp::ProcessVoteWinner()
L 03/24/2018 - 23:12:46: [SM]   [7] Line 3795, D:\Documents\My Folder\Empires Custom UMC Stuff\SourceMod\Workspace\umc-core.sp::ProcessVoteResults()
L 03/24/2018 - 23:12:46: [SM]   [8] Line 1277, D:\Documents\My Folder\Empires Custom UMC Stuff\SourceMod\Workspace\umc-core.sp::Native_UMCVoteManagerComplete()
L 03/24/2018 - 23:12:46: [SM]   [10] UMC_VoteManagerVoteCompleted
L 03/24/2018 - 23:12:46: [SM]   [11] Line 2309, D:\Documents\My Folder\Empires Custom UMC Stuff\SourceMod\Workspace\umc-core.sp::Handle_MapVoteResults()
L 03/24/2018 - 23:12:52: Error log file session closed.
L 03/24/2018 - 23:14:18: SourceMod error session started
L 03/24/2018 - 23:14:18: Info (map "emp_mvalley_fix") (file "errors_20180324.log")
L 03/24/2018 - 23:14:18: [SM] Exception reported: Heap leak detected: hp:14308 should be 14212!
L 03/24/2018 - 23:52:46: SourceMod error session started
L 03/24/2018 - 23:52:46: Info (map "con_district402") (file "errors_20180324.log")
L 03/24/2018 - 23:52:46: [SDKTOOLS] Invalid detour address passed - Disabling detour to prevent crashes
L 03/24/2018 - 23:52:46: [SDKTOOLS] Failed to find PlayerRunCmd offset - OnPlayerRunCmd forward disabled.
L 03/24/2018 - 23:53:39: Error log file session closed.
