L 05/08/2017 - 02:26:25: SourceMod error session started
L 05/08/2017 - 02:26:25: Info (map "emp_temple_b3a") (file "errors_20170508.log")
L 05/08/2017 - 02:26:25: [SM] Exception reported: Invalid timer handle 6f3802a3 (error 3)
L 05/08/2017 - 02:26:25: [SM] Blaming: umc-emp-mapvote.smx()
L 05/08/2017 - 02:26:25: [SM] Call stack trace:
L 05/08/2017 - 02:26:25: [SM]   [0] KillTimer
L 05/08/2017 - 02:26:25: [SM]   [1] Line 686, D:\Documents\My Folder\Empires Custom UMC Stuff\SourceMod\Workspace\umc-emp-mapvote.sp::UMC_OnNextmapSet()
L 05/08/2017 - 02:26:25: [SM]   [3] Call_Finish
L 05/08/2017 - 02:26:25: [SM]   [4] Line 4834, D:\Documents\My Folder\Empires Custom UMC Stuff\SourceMod\Workspace\umc-core.sp::DoMapChange()
L 05/08/2017 - 02:26:25: [SM]   [5] Line 4267, D:\Documents\My Folder\Empires Custom UMC Stuff\SourceMod\Workspace\umc-core.sp::Handle_MapVoteWinner()
L 05/08/2017 - 02:26:25: [SM]   [6] Line 3819, D:\Documents\My Folder\Empires Custom UMC Stuff\SourceMod\Workspace\umc-core.sp::ProcessVoteWinner()
L 05/08/2017 - 02:26:25: [SM]   [7] Line 3765, D:\Documents\My Folder\Empires Custom UMC Stuff\SourceMod\Workspace\umc-core.sp::ProcessVoteResults()
L 05/08/2017 - 02:26:25: [SM]   [8] Line 1277, D:\Documents\My Folder\Empires Custom UMC Stuff\SourceMod\Workspace\umc-core.sp::Native_UMCVoteManagerComplete()
L 05/08/2017 - 02:26:25: [SM]   [10] UMC_VoteManagerVoteCompleted
L 05/08/2017 - 02:26:25: [SM]   [11] Line 2309, D:\Documents\My Folder\Empires Custom UMC Stuff\SourceMod\Workspace\umc-core.sp::Handle_MapVoteResults()
L 05/08/2017 - 02:26:31: Error log file session closed.
L 05/08/2017 - 02:42:30: SourceMod error session started
L 05/08/2017 - 02:42:30: Info (map "emp_duststorm") (file "errors_20170508.log")
L 05/08/2017 - 02:42:30: [SM] Exception reported: Invalid timer handle 73c00273 (error 1)
L 05/08/2017 - 02:42:30: [SM] Blaming: umc-emp-mapvote.smx()
L 05/08/2017 - 02:42:30: [SM] Call stack trace:
L 05/08/2017 - 02:42:30: [SM]   [0] KillTimer
L 05/08/2017 - 02:42:30: [SM]   [1] Line 686, D:\Documents\My Folder\Empires Custom UMC Stuff\SourceMod\Workspace\umc-emp-mapvote.sp::UMC_OnNextmapSet()
L 05/08/2017 - 02:42:30: [SM]   [3] Call_Finish
L 05/08/2017 - 02:42:30: [SM]   [4] Line 4834, D:\Documents\My Folder\Empires Custom UMC Stuff\SourceMod\Workspace\umc-core.sp::DoMapChange()
L 05/08/2017 - 02:42:30: [SM]   [5] Line 4267, D:\Documents\My Folder\Empires Custom UMC Stuff\SourceMod\Workspace\umc-core.sp::Handle_MapVoteWinner()
L 05/08/2017 - 02:42:30: [SM]   [6] Line 3819, D:\Documents\My Folder\Empires Custom UMC Stuff\SourceMod\Workspace\umc-core.sp::ProcessVoteWinner()
L 05/08/2017 - 02:42:30: [SM]   [7] Line 3765, D:\Documents\My Folder\Empires Custom UMC Stuff\SourceMod\Workspace\umc-core.sp::ProcessVoteResults()
L 05/08/2017 - 02:42:30: [SM]   [8] Line 1277, D:\Documents\My Folder\Empires Custom UMC Stuff\SourceMod\Workspace\umc-core.sp::Native_UMCVoteManagerComplete()
L 05/08/2017 - 02:42:30: [SM]   [10] UMC_VoteManagerVoteCompleted
L 05/08/2017 - 02:42:30: [SM]   [11] Line 2309, D:\Documents\My Folder\Empires Custom UMC Stuff\SourceMod\Workspace\umc-core.sp::Handle_MapVoteResults()
L 05/08/2017 - 02:42:37: Error log file session closed.
L 05/08/2017 - 03:20:27: SourceMod error session started
L 05/08/2017 - 03:20:27: Info (map "con_urbanchaos") (file "errors_20170508.log")
L 05/08/2017 - 03:20:27: [SM] Exception reported: Invalid timer handle 88d00244 (error 1)
L 05/08/2017 - 03:20:27: [SM] Blaming: umc-emp-mapvote.smx()
L 05/08/2017 - 03:20:27: [SM] Call stack trace:
L 05/08/2017 - 03:20:27: [SM]   [0] KillTimer
L 05/08/2017 - 03:20:27: [SM]   [1] Line 686, D:\Documents\My Folder\Empires Custom UMC Stuff\SourceMod\Workspace\umc-emp-mapvote.sp::UMC_OnNextmapSet()
L 05/08/2017 - 03:20:27: [SM]   [3] Call_Finish
L 05/08/2017 - 03:20:27: [SM]   [4] Line 4834, D:\Documents\My Folder\Empires Custom UMC Stuff\SourceMod\Workspace\umc-core.sp::DoMapChange()
L 05/08/2017 - 03:20:27: [SM]   [5] Line 4267, D:\Documents\My Folder\Empires Custom UMC Stuff\SourceMod\Workspace\umc-core.sp::Handle_MapVoteWinner()
L 05/08/2017 - 03:20:27: [SM]   [6] Line 3819, D:\Documents\My Folder\Empires Custom UMC Stuff\SourceMod\Workspace\umc-core.sp::ProcessVoteWinner()
L 05/08/2017 - 03:20:27: [SM]   [7] Line 3795, D:\Documents\My Folder\Empires Custom UMC Stuff\SourceMod\Workspace\umc-core.sp::ProcessVoteResults()
L 05/08/2017 - 03:20:27: [SM]   [8] Line 1277, D:\Documents\My Folder\Empires Custom UMC Stuff\SourceMod\Workspace\umc-core.sp::Native_UMCVoteManagerComplete()
L 05/08/2017 - 03:20:27: [SM]   [10] UMC_VoteManagerVoteCompleted
L 05/08/2017 - 03:20:27: [SM]   [11] Line 2309, D:\Documents\My Folder\Empires Custom UMC Stuff\SourceMod\Workspace\umc-core.sp::Handle_MapVoteResults()
L 05/08/2017 - 03:20:33: Error log file session closed.
L 05/08/2017 - 03:46:30: SourceMod error session started
L 05/08/2017 - 03:46:30: Info (map "emp_blah4") (file "errors_20170508.log")
L 05/08/2017 - 03:46:30: [SM] Exception reported: Invalid timer handle 9187024b (error 1)
L 05/08/2017 - 03:46:30: [SM] Blaming: umc-emp-mapvote.smx()
L 05/08/2017 - 03:46:30: [SM] Call stack trace:
L 05/08/2017 - 03:46:30: [SM]   [0] KillTimer
L 05/08/2017 - 03:46:30: [SM]   [1] Line 686, D:\Documents\My Folder\Empires Custom UMC Stuff\SourceMod\Workspace\umc-emp-mapvote.sp::UMC_OnNextmapSet()
L 05/08/2017 - 03:46:30: [SM]   [3] Call_Finish
L 05/08/2017 - 03:46:30: [SM]   [4] Line 4834, D:\Documents\My Folder\Empires Custom UMC Stuff\SourceMod\Workspace\umc-core.sp::DoMapChange()
L 05/08/2017 - 03:46:30: [SM]   [5] Line 4267, D:\Documents\My Folder\Empires Custom UMC Stuff\SourceMod\Workspace\umc-core.sp::Handle_MapVoteWinner()
L 05/08/2017 - 03:46:30: [SM]   [6] Line 3819, D:\Documents\My Folder\Empires Custom UMC Stuff\SourceMod\Workspace\umc-core.sp::ProcessVoteWinner()
L 05/08/2017 - 03:46:30: [SM]   [7] Line 3795, D:\Documents\My Folder\Empires Custom UMC Stuff\SourceMod\Workspace\umc-core.sp::ProcessVoteResults()
L 05/08/2017 - 03:46:30: [SM]   [8] Line 1277, D:\Documents\My Folder\Empires Custom UMC Stuff\SourceMod\Workspace\umc-core.sp::Native_UMCVoteManagerComplete()
L 05/08/2017 - 03:46:30: [SM]   [10] UMC_VoteManagerVoteCompleted
L 05/08/2017 - 03:46:30: [SM]   [11] Line 2309, D:\Documents\My Folder\Empires Custom UMC Stuff\SourceMod\Workspace\umc-core.sp::Handle_MapVoteResults()
L 05/08/2017 - 03:46:36: Error log file session closed.
L 05/08/2017 - 04:02:41: SourceMod error session started
L 05/08/2017 - 04:02:41: Info (map "emp_downfall") (file "errors_20170508.log")
L 05/08/2017 - 04:02:41: [SM] Exception reported: Invalid timer handle 96090246 (error 3)
L 05/08/2017 - 04:02:41: [SM] Blaming: umc-emp-mapvote.smx()
L 05/08/2017 - 04:02:41: [SM] Call stack trace:
L 05/08/2017 - 04:02:41: [SM]   [0] KillTimer
L 05/08/2017 - 04:02:41: [SM]   [1] Line 686, D:\Documents\My Folder\Empires Custom UMC Stuff\SourceMod\Workspace\umc-emp-mapvote.sp::UMC_OnNextmapSet()
L 05/08/2017 - 04:02:41: [SM]   [3] Call_Finish
L 05/08/2017 - 04:02:41: [SM]   [4] Line 4834, D:\Documents\My Folder\Empires Custom UMC Stuff\SourceMod\Workspace\umc-core.sp::DoMapChange()
L 05/08/2017 - 04:02:41: [SM]   [5] Line 1767, D:\Documents\My Folder\Empires Custom UMC Stuff\SourceMod\Workspace\umc-core.sp::Native_UMCSetNextMap()
L 05/08/2017 - 04:02:41: [SM]   [7] UMC_SetNextMap
L 05/08/2017 - 04:02:41: [SM]   [8] Line 621, D:\Documents\My Folder\Empires Custom UMC Stuff\SourceMod\Workspace\umc-emp-mapvote.sp::DoRandomNextMap()
L 05/08/2017 - 04:02:41: [SM]   [9] Line 606, D:\Documents\My Folder\Empires Custom UMC Stuff\SourceMod\Workspace\umc-emp-mapvote.sp::DoMapChangeFailSafe()
L 05/08/2017 - 04:02:41: [SM]   [10] Line 722, D:\Documents\My Folder\Empires Custom UMC Stuff\SourceMod\Workspace\umc-emp-mapvote.sp::UMC_OnVoteFailed()
L 05/08/2017 - 04:02:41: [SM]   [12] Call_Finish
L 05/08/2017 - 04:02:41: [SM]   [13] Line 4796, D:\Documents\My Folder\Empires Custom UMC Stuff\SourceMod\Workspace\umc-core.sp::VoteFailed()
L 05/08/2017 - 04:02:41: [SM]   [14] Line 3507, D:\Documents\My Folder\Empires Custom UMC Stuff\SourceMod\Workspace\umc-core.sp::VoteCancelled()
L 05/08/2017 - 04:02:41: [SM]   [15] Line 1177, D:\Documents\My Folder\Empires Custom UMC Stuff\SourceMod\Workspace\umc-core.sp::Native_UMCVoteManagerCancel()
L 05/08/2017 - 04:02:41: [SM]   [17] UMC_VoteManagerVoteCancelled
L 05/08/2017 - 04:02:41: [SM]   [18] Line 2276, D:\Documents\My Folder\Empires Custom UMC Stuff\SourceMod\Workspace\umc-core.sp::Handle_VoteMenu()
L 05/08/2017 - 04:02:46: Error log file session closed.
L 05/08/2017 - 06:53:46: SourceMod error session started
L 05/08/2017 - 06:53:46: Info (map "emp_blast_ob1") (file "errors_20170508.log")
L 05/08/2017 - 06:53:46: [SM] Exception reported: Invalid timer handle 9817029f (error 3)
L 05/08/2017 - 06:53:46: [SM] Blaming: umc-emp-mapvote.smx()
L 05/08/2017 - 06:53:46: [SM] Call stack trace:
L 05/08/2017 - 06:53:46: [SM]   [0] KillTimer
L 05/08/2017 - 06:53:46: [SM]   [1] Line 686, D:\Documents\My Folder\Empires Custom UMC Stuff\SourceMod\Workspace\umc-emp-mapvote.sp::UMC_OnNextmapSet()
L 05/08/2017 - 06:53:46: [SM]   [3] Call_Finish
L 05/08/2017 - 06:53:46: [SM]   [4] Line 4834, D:\Documents\My Folder\Empires Custom UMC Stuff\SourceMod\Workspace\umc-core.sp::DoMapChange()
L 05/08/2017 - 06:53:46: [SM]   [5] Line 1767, D:\Documents\My Folder\Empires Custom UMC Stuff\SourceMod\Workspace\umc-core.sp::Native_UMCSetNextMap()
L 05/08/2017 - 06:53:46: [SM]   [7] UMC_SetNextMap
L 05/08/2017 - 06:53:46: [SM]   [8] Line 621, D:\Documents\My Folder\Empires Custom UMC Stuff\SourceMod\Workspace\umc-emp-mapvote.sp::DoRandomNextMap()
L 05/08/2017 - 06:53:46: [SM]   [9] Line 606, D:\Documents\My Folder\Empires Custom UMC Stuff\SourceMod\Workspace\umc-emp-mapvote.sp::DoMapChangeFailSafe()
L 05/08/2017 - 06:53:46: [SM]   [10] Line 722, D:\Documents\My Folder\Empires Custom UMC Stuff\SourceMod\Workspace\umc-emp-mapvote.sp::UMC_OnVoteFailed()
L 05/08/2017 - 06:53:46: [SM]   [12] Call_Finish
L 05/08/2017 - 06:53:46: [SM]   [13] Line 4796, D:\Documents\My Folder\Empires Custom UMC Stuff\SourceMod\Workspace\umc-core.sp::VoteFailed()
L 05/08/2017 - 06:53:46: [SM]   [14] Line 3507, D:\Documents\My Folder\Empires Custom UMC Stuff\SourceMod\Workspace\umc-core.sp::VoteCancelled()
L 05/08/2017 - 06:53:46: [SM]   [15] Line 1177, D:\Documents\My Folder\Empires Custom UMC Stuff\SourceMod\Workspace\umc-core.sp::Native_UMCVoteManagerCancel()
L 05/08/2017 - 06:53:46: [SM]   [17] UMC_VoteManagerVoteCancelled
L 05/08/2017 - 06:53:46: [SM]   [18] Line 2276, D:\Documents\My Folder\Empires Custom UMC Stuff\SourceMod\Workspace\umc-core.sp::Handle_VoteMenu()
L 05/08/2017 - 06:53:52: Error log file session closed.
L 05/08/2017 - 11:07:03: SourceMod error session started
L 05/08/2017 - 11:07:03: Info (map "emp_drygulch_a6") (file "errors_20170508.log")
L 05/08/2017 - 11:07:03: [SM] Exception reported: Invalid timer handle 9bcf0251 (error 1)
L 05/08/2017 - 11:07:03: [SM] Blaming: umc-emp-mapvote.smx()
L 05/08/2017 - 11:07:03: [SM] Call stack trace:
L 05/08/2017 - 11:07:03: [SM]   [0] KillTimer
L 05/08/2017 - 11:07:03: [SM]   [1] Line 686, D:\Documents\My Folder\Empires Custom UMC Stuff\SourceMod\Workspace\umc-emp-mapvote.sp::UMC_OnNextmapSet()
L 05/08/2017 - 11:07:03: [SM]   [3] Call_Finish
L 05/08/2017 - 11:07:03: [SM]   [4] Line 4834, D:\Documents\My Folder\Empires Custom UMC Stuff\SourceMod\Workspace\umc-core.sp::DoMapChange()
L 05/08/2017 - 11:07:03: [SM]   [5] Line 4267, D:\Documents\My Folder\Empires Custom UMC Stuff\SourceMod\Workspace\umc-core.sp::Handle_MapVoteWinner()
L 05/08/2017 - 11:07:03: [SM]   [6] Line 3819, D:\Documents\My Folder\Empires Custom UMC Stuff\SourceMod\Workspace\umc-core.sp::ProcessVoteWinner()
L 05/08/2017 - 11:07:03: [SM]   [7] Line 3795, D:\Documents\My Folder\Empires Custom UMC Stuff\SourceMod\Workspace\umc-core.sp::ProcessVoteResults()
L 05/08/2017 - 11:07:03: [SM]   [8] Line 1277, D:\Documents\My Folder\Empires Custom UMC Stuff\SourceMod\Workspace\umc-core.sp::Native_UMCVoteManagerComplete()
L 05/08/2017 - 11:07:03: [SM]   [10] UMC_VoteManagerVoteCompleted
L 05/08/2017 - 11:07:03: [SM]   [11] Line 2309, D:\Documents\My Folder\Empires Custom UMC Stuff\SourceMod\Workspace\umc-core.sp::Handle_MapVoteResults()
L 05/08/2017 - 11:07:08: Error log file session closed.
