L 05/28/2018 - 00:13:50: SourceMod error session started
L 05/28/2018 - 00:13:50: Info (map "con_blast_ob2") (file "errors_20180528.log")
L 05/28/2018 - 00:13:50: [SM] Exception reported: Invalid timer handle 6b60329 (error 3)
L 05/28/2018 - 00:13:50: [SM] Blaming: umc-emp-mapvote.smx()
L 05/28/2018 - 00:13:50: [SM] Call stack trace:
L 05/28/2018 - 00:13:50: [SM]   [0] KillTimer
L 05/28/2018 - 00:13:50: [SM]   [1] Line 686, D:\Documents\My Folder\Empires Custom UMC Stuff\SourceMod\Workspace\umc-emp-mapvote.sp::UMC_OnNextmapSet()
L 05/28/2018 - 00:13:50: [SM]   [3] Call_Finish
L 05/28/2018 - 00:13:50: [SM]   [4] Line 4834, D:\Documents\My Folder\Empires Custom UMC Stuff\SourceMod\Workspace\umc-core.sp::DoMapChange()
L 05/28/2018 - 00:13:50: [SM]   [5] Line 1767, D:\Documents\My Folder\Empires Custom UMC Stuff\SourceMod\Workspace\umc-core.sp::Native_UMCSetNextMap()
L 05/28/2018 - 00:13:50: [SM]   [7] UMC_SetNextMap
L 05/28/2018 - 00:13:50: [SM]   [8] Line 621, D:\Documents\My Folder\Empires Custom UMC Stuff\SourceMod\Workspace\umc-emp-mapvote.sp::DoRandomNextMap()
L 05/28/2018 - 00:13:50: [SM]   [9] Line 606, D:\Documents\My Folder\Empires Custom UMC Stuff\SourceMod\Workspace\umc-emp-mapvote.sp::DoMapChangeFailSafe()
L 05/28/2018 - 00:13:50: [SM]   [10] Line 722, D:\Documents\My Folder\Empires Custom UMC Stuff\SourceMod\Workspace\umc-emp-mapvote.sp::UMC_OnVoteFailed()
L 05/28/2018 - 00:13:50: [SM]   [12] Call_Finish
L 05/28/2018 - 00:13:50: [SM]   [13] Line 4796, D:\Documents\My Folder\Empires Custom UMC Stuff\SourceMod\Workspace\umc-core.sp::VoteFailed()
L 05/28/2018 - 00:13:50: [SM]   [14] Line 3507, D:\Documents\My Folder\Empires Custom UMC Stuff\SourceMod\Workspace\umc-core.sp::VoteCancelled()
L 05/28/2018 - 00:13:50: [SM]   [15] Line 1177, D:\Documents\My Folder\Empires Custom UMC Stuff\SourceMod\Workspace\umc-core.sp::Native_UMCVoteManagerCancel()
L 05/28/2018 - 00:13:50: [SM]   [17] UMC_VoteManagerVoteCancelled
L 05/28/2018 - 00:13:50: [SM]   [18] Line 2276, D:\Documents\My Folder\Empires Custom UMC Stuff\SourceMod\Workspace\umc-core.sp::Handle_VoteMenu()
L 05/28/2018 - 00:13:56: Error log file session closed.
L 05/28/2018 - 00:13:58: SourceMod error session started
L 05/28/2018 - 00:13:58: Info (map "con_glycencity") (file "errors_20180528.log")
L 05/28/2018 - 00:13:58: [SM] Exception reported: Invalid hook callback specified for game event "player_disconnect"
L 05/28/2018 - 00:13:58: [SM] Blaming: empstats.smx()
L 05/28/2018 - 00:13:58: [SM] Call stack trace:
L 05/28/2018 - 00:13:58: [SM]   [0] UnhookEvent
L 05/28/2018 - 00:13:58: [SM]   [1] Line 323, dist\addons\sourcemod\scripting\empstats.sp::Deactivate()
L 05/28/2018 - 00:13:58: [SM]   [2] Line 290, dist\addons\sourcemod\scripting\empstats.sp::CheckActivate()
L 05/28/2018 - 00:13:58: [SM]   [3] Line 1610, dist\addons\sourcemod\scripting\empstats.sp::EndMapChange()
L 05/28/2018 - 00:14:02: [SM] Exception reported: Invalid hook callback specified for game event "player_disconnect"
L 05/28/2018 - 00:14:02: [SM] Blaming: empstats.smx()
L 05/28/2018 - 00:14:02: [SM] Call stack trace:
L 05/28/2018 - 00:14:02: [SM]   [0] UnhookEvent
L 05/28/2018 - 00:14:02: [SM]   [1] Line 323, dist\addons\sourcemod\scripting\empstats.sp::Deactivate()
L 05/28/2018 - 00:14:02: [SM]   [2] Line 290, dist\addons\sourcemod\scripting\empstats.sp::CheckActivate()
L 05/28/2018 - 00:14:02: [SM]   [3] Line 682, dist\addons\sourcemod\scripting\empstats.sp::OnClientPostAdminCheck()
L 05/28/2018 - 00:48:33: Error log file session closed.
L 05/28/2018 - 00:48:35: SourceMod error session started
L 05/28/2018 - 00:48:35: Info (map "fun_ricochet_a4") (file "errors_20180528.log")
L 05/28/2018 - 00:48:35: [SM] Exception reported: Invalid hook callback specified for game event "player_disconnect"
L 05/28/2018 - 00:48:35: [SM] Blaming: empstats.smx()
L 05/28/2018 - 00:48:35: [SM] Call stack trace:
L 05/28/2018 - 00:48:35: [SM]   [0] UnhookEvent
L 05/28/2018 - 00:48:35: [SM]   [1] Line 323, dist\addons\sourcemod\scripting\empstats.sp::Deactivate()
L 05/28/2018 - 00:48:35: [SM]   [2] Line 290, dist\addons\sourcemod\scripting\empstats.sp::CheckActivate()
L 05/28/2018 - 00:48:35: [SM]   [3] Line 1610, dist\addons\sourcemod\scripting\empstats.sp::EndMapChange()
L 05/28/2018 - 01:45:31: [SM] Exception reported: Invalid hook callback specified for game event "player_disconnect"
L 05/28/2018 - 01:45:31: [SM] Blaming: empstats.smx()
L 05/28/2018 - 01:45:31: [SM] Call stack trace:
L 05/28/2018 - 01:45:31: [SM]   [0] UnhookEvent
L 05/28/2018 - 01:45:31: [SM]   [1] Line 323, dist\addons\sourcemod\scripting\empstats.sp::Deactivate()
L 05/28/2018 - 01:45:31: [SM]   [2] Line 290, dist\addons\sourcemod\scripting\empstats.sp::CheckActivate()
L 05/28/2018 - 01:45:31: [SM]   [3] Line 682, dist\addons\sourcemod\scripting\empstats.sp::OnClientPostAdminCheck()
L 05/28/2018 - 01:47:32: Error log file session closed.
L 05/28/2018 - 01:47:34: SourceMod error session started
L 05/28/2018 - 01:47:34: Info (map "con_district402") (file "errors_20180528.log")
L 05/28/2018 - 01:47:34: [SM] Exception reported: Invalid hook callback specified for game event "player_disconnect"
L 05/28/2018 - 01:47:34: [SM] Blaming: empstats.smx()
L 05/28/2018 - 01:47:34: [SM] Call stack trace:
L 05/28/2018 - 01:47:34: [SM]   [0] UnhookEvent
L 05/28/2018 - 01:47:34: [SM]   [1] Line 323, dist\addons\sourcemod\scripting\empstats.sp::Deactivate()
L 05/28/2018 - 01:47:34: [SM]   [2] Line 290, dist\addons\sourcemod\scripting\empstats.sp::CheckActivate()
L 05/28/2018 - 01:47:34: [SM]   [3] Line 1610, dist\addons\sourcemod\scripting\empstats.sp::EndMapChange()
L 05/28/2018 - 02:34:17: [SM] Exception reported: Invalid hook callback specified for game event "player_disconnect"
L 05/28/2018 - 02:34:17: [SM] Blaming: empstats.smx()
L 05/28/2018 - 02:34:17: [SM] Call stack trace:
L 05/28/2018 - 02:34:17: [SM]   [0] UnhookEvent
L 05/28/2018 - 02:34:17: [SM]   [1] Line 323, dist\addons\sourcemod\scripting\empstats.sp::Deactivate()
L 05/28/2018 - 02:34:17: [SM]   [2] Line 290, dist\addons\sourcemod\scripting\empstats.sp::CheckActivate()
L 05/28/2018 - 02:34:17: [SM]   [3] Line 682, dist\addons\sourcemod\scripting\empstats.sp::OnClientPostAdminCheck()
