L 04/15/2018 - 01:04:28: SourceMod error session started
L 04/15/2018 - 01:04:28: Info (map "emp_duststorm_fix2") (file "errors_20180415.log")
L 04/15/2018 - 01:04:28: [SM] Exception reported: Invalid key value handle 0 (error 4)
L 04/15/2018 - 01:04:28: [SM] Blaming: saysounds.smx()
L 04/15/2018 - 01:04:28: [SM] Call stack trace:
L 04/15/2018 - 01:04:28: [SM]   [0] KvRewind
L 04/15/2018 - 01:04:28: [SM]   [1] Line 1483, E:\dev\sourcemod\sourcemod-1.4.6-linux\addons\sourcemod\scripting\saysounds.sp::Command_Say()
L 04/15/2018 - 01:04:28: [SM] Exception reported: Invalid key value handle 0 (error 4)
L 04/15/2018 - 01:04:28: [SM] Blaming: saysounds.smx()
L 04/15/2018 - 01:04:28: [SM] Call stack trace:
L 04/15/2018 - 01:04:28: [SM]   [0] KvRewind
L 04/15/2018 - 01:04:28: [SM]   [1] Line 1483, E:\dev\sourcemod\sourcemod-1.4.6-linux\addons\sourcemod\scripting\saysounds.sp::Command_Say()
L 04/15/2018 - 01:05:28: [SM] Exception reported: Invalid timer handle 8eee03db (error 1)
L 04/15/2018 - 01:05:28: [SM] Blaming: umc-emp-mapvote.smx()
L 04/15/2018 - 01:05:28: [SM] Call stack trace:
L 04/15/2018 - 01:05:28: [SM]   [0] KillTimer
L 04/15/2018 - 01:05:28: [SM]   [1] Line 686, D:\Documents\My Folder\Empires Custom UMC Stuff\SourceMod\Workspace\umc-emp-mapvote.sp::UMC_OnNextmapSet()
L 04/15/2018 - 01:05:28: [SM]   [3] Call_Finish
L 04/15/2018 - 01:05:28: [SM]   [4] Line 4834, D:\Documents\My Folder\Empires Custom UMC Stuff\SourceMod\Workspace\umc-core.sp::DoMapChange()
L 04/15/2018 - 01:05:28: [SM]   [5] Line 4267, D:\Documents\My Folder\Empires Custom UMC Stuff\SourceMod\Workspace\umc-core.sp::Handle_MapVoteWinner()
L 04/15/2018 - 01:05:28: [SM]   [6] Line 3819, D:\Documents\My Folder\Empires Custom UMC Stuff\SourceMod\Workspace\umc-core.sp::ProcessVoteWinner()
L 04/15/2018 - 01:05:28: [SM]   [7] Line 3795, D:\Documents\My Folder\Empires Custom UMC Stuff\SourceMod\Workspace\umc-core.sp::ProcessVoteResults()
L 04/15/2018 - 01:05:28: [SM]   [8] Line 1277, D:\Documents\My Folder\Empires Custom UMC Stuff\SourceMod\Workspace\umc-core.sp::Native_UMCVoteManagerComplete()
L 04/15/2018 - 01:05:28: [SM]   [10] UMC_VoteManagerVoteCompleted
L 04/15/2018 - 01:05:28: [SM]   [11] Line 2309, D:\Documents\My Folder\Empires Custom UMC Stuff\SourceMod\Workspace\umc-core.sp::Handle_MapVoteResults()
L 04/15/2018 - 01:05:34: Error log file session closed.
L 04/15/2018 - 01:32:04: SourceMod error session started
L 04/15/2018 - 01:32:04: Info (map "emp_streetsoffire_fix") (file "errors_20180415.log")
L 04/15/2018 - 01:32:04: [SM] Exception reported: Invalid timer handle 99f203a4 (error 1)
L 04/15/2018 - 01:32:04: [SM] Blaming: umc-emp-mapvote.smx()
L 04/15/2018 - 01:32:04: [SM] Call stack trace:
L 04/15/2018 - 01:32:04: [SM]   [0] KillTimer
L 04/15/2018 - 01:32:04: [SM]   [1] Line 686, D:\Documents\My Folder\Empires Custom UMC Stuff\SourceMod\Workspace\umc-emp-mapvote.sp::UMC_OnNextmapSet()
L 04/15/2018 - 01:32:04: [SM]   [3] Call_Finish
L 04/15/2018 - 01:32:04: [SM]   [4] Line 4834, D:\Documents\My Folder\Empires Custom UMC Stuff\SourceMod\Workspace\umc-core.sp::DoMapChange()
L 04/15/2018 - 01:32:04: [SM]   [5] Line 4267, D:\Documents\My Folder\Empires Custom UMC Stuff\SourceMod\Workspace\umc-core.sp::Handle_MapVoteWinner()
L 04/15/2018 - 01:32:04: [SM]   [6] Line 3819, D:\Documents\My Folder\Empires Custom UMC Stuff\SourceMod\Workspace\umc-core.sp::ProcessVoteWinner()
L 04/15/2018 - 01:32:04: [SM]   [7] Line 3795, D:\Documents\My Folder\Empires Custom UMC Stuff\SourceMod\Workspace\umc-core.sp::ProcessVoteResults()
L 04/15/2018 - 01:32:04: [SM]   [8] Line 1277, D:\Documents\My Folder\Empires Custom UMC Stuff\SourceMod\Workspace\umc-core.sp::Native_UMCVoteManagerComplete()
L 04/15/2018 - 01:32:04: [SM]   [10] UMC_VoteManagerVoteCompleted
L 04/15/2018 - 01:32:04: [SM]   [11] Line 2309, D:\Documents\My Folder\Empires Custom UMC Stuff\SourceMod\Workspace\umc-core.sp::Handle_MapVoteResults()
L 04/15/2018 - 01:32:10: Error log file session closed.
L 04/15/2018 - 01:38:42: SourceMod error session started
L 04/15/2018 - 01:38:42: Info (map "emp_crossroads_towerless_hce") (file "errors_20180415.log")
L 04/15/2018 - 01:38:42: [SM] Exception reported: Game event "player_disconnect" has no active hook
L 04/15/2018 - 01:38:42: [SM] Blaming: empstats.smx()
L 04/15/2018 - 01:38:42: [SM] Call stack trace:
L 04/15/2018 - 01:38:42: [SM]   [0] UnhookEvent
L 04/15/2018 - 01:38:42: [SM]   [1] Line 338, dist\addons\sourcemod\scripting\empstats.sp::Deactivate()
L 04/15/2018 - 01:38:42: [SM]   [2] Line 290, dist\addons\sourcemod\scripting\empstats.sp::CheckActivate()
L 04/15/2018 - 01:38:42: [SM]   [3] Line 1014, dist\addons\sourcemod\scripting\empstats.sp::OnClientDisconnect_Post()
L 04/15/2018 - 13:21:36: SourceMod error session started
L 04/15/2018 - 13:21:36: Info (map "con_district402") (file "errors_20180415.log")
L 04/15/2018 - 13:21:36: [SDKTOOLS] Invalid detour address passed - Disabling detour to prevent crashes
L 04/15/2018 - 13:21:36: [SDKTOOLS] Failed to find PlayerRunCmd offset - OnPlayerRunCmd forward disabled.
L 04/15/2018 - 14:33:28: [SM] Exception reported: Invalid timer handle 6c2016e (error 1)
L 04/15/2018 - 14:33:28: [SM] Blaming: umc-emp-mapvote.smx()
L 04/15/2018 - 14:33:28: [SM] Call stack trace:
L 04/15/2018 - 14:33:28: [SM]   [0] KillTimer
L 04/15/2018 - 14:33:28: [SM]   [1] Line 686, D:\Documents\My Folder\Empires Custom UMC Stuff\SourceMod\Workspace\umc-emp-mapvote.sp::UMC_OnNextmapSet()
L 04/15/2018 - 14:33:28: [SM]   [3] Call_Finish
L 04/15/2018 - 14:33:28: [SM]   [4] Line 4834, D:\Documents\My Folder\Empires Custom UMC Stuff\SourceMod\Workspace\umc-core.sp::DoMapChange()
L 04/15/2018 - 14:33:28: [SM]   [5] Line 4267, D:\Documents\My Folder\Empires Custom UMC Stuff\SourceMod\Workspace\umc-core.sp::Handle_MapVoteWinner()
L 04/15/2018 - 14:33:28: [SM]   [6] Line 3819, D:\Documents\My Folder\Empires Custom UMC Stuff\SourceMod\Workspace\umc-core.sp::ProcessVoteWinner()
L 04/15/2018 - 14:33:28: [SM]   [7] Line 3795, D:\Documents\My Folder\Empires Custom UMC Stuff\SourceMod\Workspace\umc-core.sp::ProcessVoteResults()
L 04/15/2018 - 14:33:28: [SM]   [8] Line 1277, D:\Documents\My Folder\Empires Custom UMC Stuff\SourceMod\Workspace\umc-core.sp::Native_UMCVoteManagerComplete()
L 04/15/2018 - 14:33:28: [SM]   [10] UMC_VoteManagerVoteCompleted
L 04/15/2018 - 14:33:28: [SM]   [11] Line 2309, D:\Documents\My Folder\Empires Custom UMC Stuff\SourceMod\Workspace\umc-core.sp::Handle_MapVoteResults()
L 04/15/2018 - 14:33:34: Error log file session closed.
L 04/15/2018 - 15:31:50: SourceMod error session started
L 04/15/2018 - 15:31:50: Info (map "emp_fogtown_cl2_fix") (file "errors_20180415.log")
L 04/15/2018 - 15:31:50: [SM] Exception reported: Invalid timer handle b7a0314 (error 1)
L 04/15/2018 - 15:31:50: [SM] Blaming: umc-emp-mapvote.smx()
L 04/15/2018 - 15:31:50: [SM] Call stack trace:
L 04/15/2018 - 15:31:50: [SM]   [0] KillTimer
L 04/15/2018 - 15:31:50: [SM]   [1] Line 686, D:\Documents\My Folder\Empires Custom UMC Stuff\SourceMod\Workspace\umc-emp-mapvote.sp::UMC_OnNextmapSet()
L 04/15/2018 - 15:31:50: [SM]   [3] Call_Finish
L 04/15/2018 - 15:31:50: [SM]   [4] Line 4834, D:\Documents\My Folder\Empires Custom UMC Stuff\SourceMod\Workspace\umc-core.sp::DoMapChange()
L 04/15/2018 - 15:31:50: [SM]   [5] Line 4267, D:\Documents\My Folder\Empires Custom UMC Stuff\SourceMod\Workspace\umc-core.sp::Handle_MapVoteWinner()
L 04/15/2018 - 15:31:50: [SM]   [6] Line 3819, D:\Documents\My Folder\Empires Custom UMC Stuff\SourceMod\Workspace\umc-core.sp::ProcessVoteWinner()
L 04/15/2018 - 15:31:50: [SM]   [7] Line 3795, D:\Documents\My Folder\Empires Custom UMC Stuff\SourceMod\Workspace\umc-core.sp::ProcessVoteResults()
L 04/15/2018 - 15:31:50: [SM]   [8] Line 1277, D:\Documents\My Folder\Empires Custom UMC Stuff\SourceMod\Workspace\umc-core.sp::Native_UMCVoteManagerComplete()
L 04/15/2018 - 15:31:50: [SM]   [10] UMC_VoteManagerVoteCompleted
L 04/15/2018 - 15:31:50: [SM]   [11] Line 2309, D:\Documents\My Folder\Empires Custom UMC Stuff\SourceMod\Workspace\umc-core.sp::Handle_MapVoteResults()
L 04/15/2018 - 15:31:55: [SM] Exception reported: Invalid timer handle b7a0314 (error 1)
L 04/15/2018 - 15:31:55: [SM] Blaming: umc-emp-mapvote.smx()
L 04/15/2018 - 15:31:55: [SM] Call stack trace:
L 04/15/2018 - 15:31:55: [SM]   [0] KillTimer
L 04/15/2018 - 15:31:55: [SM]   [1] Line 686, D:\Documents\My Folder\Empires Custom UMC Stuff\SourceMod\Workspace\umc-emp-mapvote.sp::UMC_OnNextmapSet()
L 04/15/2018 - 15:31:55: [SM]   [3] Call_Finish
L 04/15/2018 - 15:31:55: [SM]   [4] Line 4834, D:\Documents\My Folder\Empires Custom UMC Stuff\SourceMod\Workspace\umc-core.sp::DoMapChange()
L 04/15/2018 - 15:31:55: [SM]   [5] Line 1767, D:\Documents\My Folder\Empires Custom UMC Stuff\SourceMod\Workspace\umc-core.sp::Native_UMCSetNextMap()
L 04/15/2018 - 15:31:55: [SM]   [7] UMC_SetNextMap
L 04/15/2018 - 15:31:55: [SM]   [8] Line 621, D:\Documents\My Folder\Empires Custom UMC Stuff\SourceMod\Workspace\umc-emp-mapvote.sp::DoRandomNextMap()
L 04/15/2018 - 15:31:55: [SM]   [9] Line 606, D:\Documents\My Folder\Empires Custom UMC Stuff\SourceMod\Workspace\umc-emp-mapvote.sp::DoMapChangeFailSafe()
L 04/15/2018 - 15:31:55: [SM]   [10] Line 722, D:\Documents\My Folder\Empires Custom UMC Stuff\SourceMod\Workspace\umc-emp-mapvote.sp::UMC_OnVoteFailed()
L 04/15/2018 - 15:31:55: [SM]   [12] Call_Finish
L 04/15/2018 - 15:31:55: [SM]   [13] Line 4796, D:\Documents\My Folder\Empires Custom UMC Stuff\SourceMod\Workspace\umc-core.sp::VoteFailed()
L 04/15/2018 - 15:31:55: [SM]   [14] Line 3507, D:\Documents\My Folder\Empires Custom UMC Stuff\SourceMod\Workspace\umc-core.sp::VoteCancelled()
L 04/15/2018 - 15:31:55: [SM]   [15] Line 1177, D:\Documents\My Folder\Empires Custom UMC Stuff\SourceMod\Workspace\umc-core.sp::Native_UMCVoteManagerCancel()
L 04/15/2018 - 15:31:55: [SM]   [17] UMC_VoteManagerVoteCancelled
L 04/15/2018 - 15:31:55: [SM]   [18] Line 2276, D:\Documents\My Folder\Empires Custom UMC Stuff\SourceMod\Workspace\umc-core.sp::Handle_VoteMenu()
L 04/15/2018 - 15:31:56: Error log file session closed.
L 04/15/2018 - 15:33:23: SourceMod error session started
L 04/15/2018 - 15:33:23: Info (map "emp_crossroads_towerless_hce") (file "errors_20180415.log")
L 04/15/2018 - 15:33:23: [SM] Exception reported: Invalid timer handle b7a0314 (error 1)
L 04/15/2018 - 15:33:23: [SM] Blaming: umc-emp-mapvote.smx()
L 04/15/2018 - 15:33:23: [SM] Call stack trace:
L 04/15/2018 - 15:33:23: [SM]   [0] KillTimer
L 04/15/2018 - 15:33:23: [SM]   [1] Line 686, D:\Documents\My Folder\Empires Custom UMC Stuff\SourceMod\Workspace\umc-emp-mapvote.sp::UMC_OnNextmapSet()
L 04/15/2018 - 15:33:23: [SM]   [3] Call_Finish
L 04/15/2018 - 15:33:23: [SM]   [4] Line 4834, D:\Documents\My Folder\Empires Custom UMC Stuff\SourceMod\Workspace\umc-core.sp::DoMapChange()
L 04/15/2018 - 15:33:23: [SM]   [5] Line 4267, D:\Documents\My Folder\Empires Custom UMC Stuff\SourceMod\Workspace\umc-core.sp::Handle_MapVoteWinner()
L 04/15/2018 - 15:33:23: [SM]   [6] Line 3819, D:\Documents\My Folder\Empires Custom UMC Stuff\SourceMod\Workspace\umc-core.sp::ProcessVoteWinner()
L 04/15/2018 - 15:33:23: [SM]   [7] Line 3795, D:\Documents\My Folder\Empires Custom UMC Stuff\SourceMod\Workspace\umc-core.sp::ProcessVoteResults()
L 04/15/2018 - 15:33:23: [SM]   [8] Line 1277, D:\Documents\My Folder\Empires Custom UMC Stuff\SourceMod\Workspace\umc-core.sp::Native_UMCVoteManagerComplete()
L 04/15/2018 - 15:33:23: [SM]   [10] UMC_VoteManagerVoteCompleted
L 04/15/2018 - 15:33:23: [SM]   [11] Line 2309, D:\Documents\My Folder\Empires Custom UMC Stuff\SourceMod\Workspace\umc-core.sp::Handle_MapVoteResults()
L 04/15/2018 - 15:33:29: Error log file session closed.
L 04/15/2018 - 15:43:29: SourceMod error session started
L 04/15/2018 - 15:43:29: Info (map "emp_havoc_b1_fix") (file "errors_20180415.log")
L 04/15/2018 - 15:43:29: [SM] Exception reported: Invalid timer handle f86015f (error 1)
L 04/15/2018 - 15:43:29: [SM] Blaming: umc-emp-mapvote.smx()
L 04/15/2018 - 15:43:29: [SM] Call stack trace:
L 04/15/2018 - 15:43:29: [SM]   [0] KillTimer
L 04/15/2018 - 15:43:29: [SM]   [1] Line 686, D:\Documents\My Folder\Empires Custom UMC Stuff\SourceMod\Workspace\umc-emp-mapvote.sp::UMC_OnNextmapSet()
L 04/15/2018 - 15:43:29: [SM]   [3] Call_Finish
L 04/15/2018 - 15:43:29: [SM]   [4] Line 4834, D:\Documents\My Folder\Empires Custom UMC Stuff\SourceMod\Workspace\umc-core.sp::DoMapChange()
L 04/15/2018 - 15:43:29: [SM]   [5] Line 1767, D:\Documents\My Folder\Empires Custom UMC Stuff\SourceMod\Workspace\umc-core.sp::Native_UMCSetNextMap()
L 04/15/2018 - 15:43:29: [SM]   [7] UMC_SetNextMap
L 04/15/2018 - 15:43:29: [SM]   [8] Line 621, D:\Documents\My Folder\Empires Custom UMC Stuff\SourceMod\Workspace\umc-emp-mapvote.sp::DoRandomNextMap()
L 04/15/2018 - 15:43:29: [SM]   [9] Line 606, D:\Documents\My Folder\Empires Custom UMC Stuff\SourceMod\Workspace\umc-emp-mapvote.sp::DoMapChangeFailSafe()
L 04/15/2018 - 15:43:29: [SM]   [10] Line 722, D:\Documents\My Folder\Empires Custom UMC Stuff\SourceMod\Workspace\umc-emp-mapvote.sp::UMC_OnVoteFailed()
L 04/15/2018 - 15:43:29: [SM]   [12] Call_Finish
L 04/15/2018 - 15:43:29: [SM]   [13] Line 4796, D:\Documents\My Folder\Empires Custom UMC Stuff\SourceMod\Workspace\umc-core.sp::VoteFailed()
L 04/15/2018 - 15:43:29: [SM]   [14] Line 3507, D:\Documents\My Folder\Empires Custom UMC Stuff\SourceMod\Workspace\umc-core.sp::VoteCancelled()
L 04/15/2018 - 15:43:29: [SM]   [15] Line 1177, D:\Documents\My Folder\Empires Custom UMC Stuff\SourceMod\Workspace\umc-core.sp::Native_UMCVoteManagerCancel()
L 04/15/2018 - 15:43:29: [SM]   [17] UMC_VoteManagerVoteCancelled
L 04/15/2018 - 15:43:29: [SM]   [18] Line 2276, D:\Documents\My Folder\Empires Custom UMC Stuff\SourceMod\Workspace\umc-core.sp::Handle_VoteMenu()
L 04/15/2018 - 15:43:29: [SM]   [20] DisplayMenu
L 04/15/2018 - 15:43:29: [SM]   [21] Line 507, D:\Documents\My Folder\Empires Custom UMC Stuff\SourceMod\Workspace\umc-nominate.sp::DisplayNominationMenu()
L 04/15/2018 - 15:43:29: [SM]   [22] Line 473, D:\Documents\My Folder\Empires Custom UMC Stuff\SourceMod\Workspace\umc-nominate.sp::Command_Nominate()
L 04/15/2018 - 15:43:35: Error log file session closed.
L 04/15/2018 - 15:48:33: SourceMod error session started
L 04/15/2018 - 15:48:33: Info (map "fun_ricochet_a4") (file "errors_20180415.log")
L 04/15/2018 - 15:48:33: [SM] Exception reported: Invalid timer handle 11b10311 (error 1)
L 04/15/2018 - 15:48:33: [SM] Blaming: umc-emp-mapvote.smx()
L 04/15/2018 - 15:48:33: [SM] Call stack trace:
L 04/15/2018 - 15:48:33: [SM]   [0] KillTimer
L 04/15/2018 - 15:48:33: [SM]   [1] Line 686, D:\Documents\My Folder\Empires Custom UMC Stuff\SourceMod\Workspace\umc-emp-mapvote.sp::UMC_OnNextmapSet()
L 04/15/2018 - 15:48:33: [SM]   [3] Call_Finish
L 04/15/2018 - 15:48:33: [SM]   [4] Line 4834, D:\Documents\My Folder\Empires Custom UMC Stuff\SourceMod\Workspace\umc-core.sp::DoMapChange()
L 04/15/2018 - 15:48:33: [SM]   [5] Line 4267, D:\Documents\My Folder\Empires Custom UMC Stuff\SourceMod\Workspace\umc-core.sp::Handle_MapVoteWinner()
L 04/15/2018 - 15:48:33: [SM]   [6] Line 3819, D:\Documents\My Folder\Empires Custom UMC Stuff\SourceMod\Workspace\umc-core.sp::ProcessVoteWinner()
L 04/15/2018 - 15:48:33: [SM]   [7] Line 3795, D:\Documents\My Folder\Empires Custom UMC Stuff\SourceMod\Workspace\umc-core.sp::ProcessVoteResults()
L 04/15/2018 - 15:48:33: [SM]   [8] Line 1277, D:\Documents\My Folder\Empires Custom UMC Stuff\SourceMod\Workspace\umc-core.sp::Native_UMCVoteManagerComplete()
L 04/15/2018 - 15:48:33: [SM]   [10] UMC_VoteManagerVoteCompleted
L 04/15/2018 - 15:48:33: [SM]   [11] Line 2309, D:\Documents\My Folder\Empires Custom UMC Stuff\SourceMod\Workspace\umc-core.sp::Handle_MapVoteResults()
L 04/15/2018 - 15:48:40: Error log file session closed.
L 04/15/2018 - 16:33:22: SourceMod error session started
L 04/15/2018 - 16:33:22: Info (map "emp_crossroads_towerless_hce") (file "errors_20180415.log")
L 04/15/2018 - 16:33:22: [SM] Exception reported: Invalid timer handle 1571032a (error 1)
L 04/15/2018 - 16:33:22: [SM] Blaming: umc-emp-mapvote.smx()
L 04/15/2018 - 16:33:22: [SM] Call stack trace:
L 04/15/2018 - 16:33:22: [SM]   [0] KillTimer
L 04/15/2018 - 16:33:22: [SM]   [1] Line 686, D:\Documents\My Folder\Empires Custom UMC Stuff\SourceMod\Workspace\umc-emp-mapvote.sp::UMC_OnNextmapSet()
L 04/15/2018 - 16:33:22: [SM]   [3] Call_Finish
L 04/15/2018 - 16:33:22: [SM]   [4] Line 4834, D:\Documents\My Folder\Empires Custom UMC Stuff\SourceMod\Workspace\umc-core.sp::DoMapChange()
L 04/15/2018 - 16:33:22: [SM]   [5] Line 4267, D:\Documents\My Folder\Empires Custom UMC Stuff\SourceMod\Workspace\umc-core.sp::Handle_MapVoteWinner()
L 04/15/2018 - 16:33:22: [SM]   [6] Line 3819, D:\Documents\My Folder\Empires Custom UMC Stuff\SourceMod\Workspace\umc-core.sp::ProcessVoteWinner()
L 04/15/2018 - 16:33:22: [SM]   [7] Line 3795, D:\Documents\My Folder\Empires Custom UMC Stuff\SourceMod\Workspace\umc-core.sp::ProcessVoteResults()
L 04/15/2018 - 16:33:22: [SM]   [8] Line 1277, D:\Documents\My Folder\Empires Custom UMC Stuff\SourceMod\Workspace\umc-core.sp::Native_UMCVoteManagerComplete()
L 04/15/2018 - 16:33:22: [SM]   [10] UMC_VoteManagerVoteCompleted
L 04/15/2018 - 16:33:22: [SM]   [11] Line 2309, D:\Documents\My Folder\Empires Custom UMC Stuff\SourceMod\Workspace\umc-core.sp::Handle_MapVoteResults()
L 04/15/2018 - 16:33:22: [SM]   [13] Menu.Display
L 04/15/2018 - 16:33:22: [SM]   [14] Line 2701, dist\addons\sourcemod\scripting\empstats.sp::TopRankQueryCallback()
L 04/15/2018 - 16:33:27: Error log file session closed.
L 04/15/2018 - 16:42:05: SourceMod error session started
L 04/15/2018 - 16:42:05: Info (map "emp_downfall_hce") (file "errors_20180415.log")
L 04/15/2018 - 16:42:05: [SM] Exception reported: Invalid timer handle 17690314 (error 1)
L 04/15/2018 - 16:42:05: [SM] Blaming: umc-emp-mapvote.smx()
L 04/15/2018 - 16:42:05: [SM] Call stack trace:
L 04/15/2018 - 16:42:05: [SM]   [0] KillTimer
L 04/15/2018 - 16:42:05: [SM]   [1] Line 686, D:\Documents\My Folder\Empires Custom UMC Stuff\SourceMod\Workspace\umc-emp-mapvote.sp::UMC_OnNextmapSet()
L 04/15/2018 - 16:42:05: [SM]   [3] Call_Finish
L 04/15/2018 - 16:42:05: [SM]   [4] Line 4834, D:\Documents\My Folder\Empires Custom UMC Stuff\SourceMod\Workspace\umc-core.sp::DoMapChange()
L 04/15/2018 - 16:42:05: [SM]   [5] Line 4267, D:\Documents\My Folder\Empires Custom UMC Stuff\SourceMod\Workspace\umc-core.sp::Handle_MapVoteWinner()
L 04/15/2018 - 16:42:05: [SM]   [6] Line 3819, D:\Documents\My Folder\Empires Custom UMC Stuff\SourceMod\Workspace\umc-core.sp::ProcessVoteWinner()
L 04/15/2018 - 16:42:05: [SM]   [7] Line 3795, D:\Documents\My Folder\Empires Custom UMC Stuff\SourceMod\Workspace\umc-core.sp::ProcessVoteResults()
L 04/15/2018 - 16:42:05: [SM]   [8] Line 1277, D:\Documents\My Folder\Empires Custom UMC Stuff\SourceMod\Workspace\umc-core.sp::Native_UMCVoteManagerComplete()
L 04/15/2018 - 16:42:05: [SM]   [10] UMC_VoteManagerVoteCompleted
L 04/15/2018 - 16:42:05: [SM]   [11] Line 2309, D:\Documents\My Folder\Empires Custom UMC Stuff\SourceMod\Workspace\umc-core.sp::Handle_MapVoteResults()
L 04/15/2018 - 16:42:10: Error log file session closed.
L 04/15/2018 - 16:46:56: SourceMod error session started
L 04/15/2018 - 16:46:56: Info (map "emp_beachfront_b2_hce") (file "errors_20180415.log")
L 04/15/2018 - 16:46:56: [SM] Exception reported: Invalid timer handle 190f0336 (error 1)
L 04/15/2018 - 16:46:56: [SM] Blaming: umc-emp-mapvote.smx()
L 04/15/2018 - 16:46:56: [SM] Call stack trace:
L 04/15/2018 - 16:46:56: [SM]   [0] KillTimer
L 04/15/2018 - 16:46:56: [SM]   [1] Line 686, D:\Documents\My Folder\Empires Custom UMC Stuff\SourceMod\Workspace\umc-emp-mapvote.sp::UMC_OnNextmapSet()
L 04/15/2018 - 16:46:56: [SM]   [3] Call_Finish
L 04/15/2018 - 16:46:56: [SM]   [4] Line 4834, D:\Documents\My Folder\Empires Custom UMC Stuff\SourceMod\Workspace\umc-core.sp::DoMapChange()
L 04/15/2018 - 16:46:56: [SM]   [5] Line 4267, D:\Documents\My Folder\Empires Custom UMC Stuff\SourceMod\Workspace\umc-core.sp::Handle_MapVoteWinner()
L 04/15/2018 - 16:46:56: [SM]   [6] Line 3819, D:\Documents\My Folder\Empires Custom UMC Stuff\SourceMod\Workspace\umc-core.sp::ProcessVoteWinner()
L 04/15/2018 - 16:46:56: [SM]   [7] Line 3795, D:\Documents\My Folder\Empires Custom UMC Stuff\SourceMod\Workspace\umc-core.sp::ProcessVoteResults()
L 04/15/2018 - 16:46:56: [SM]   [8] Line 1277, D:\Documents\My Folder\Empires Custom UMC Stuff\SourceMod\Workspace\umc-core.sp::Native_UMCVoteManagerComplete()
L 04/15/2018 - 16:46:56: [SM]   [10] UMC_VoteManagerVoteCompleted
L 04/15/2018 - 16:46:56: [SM]   [11] Line 2309, D:\Documents\My Folder\Empires Custom UMC Stuff\SourceMod\Workspace\umc-core.sp::Handle_MapVoteResults()
L 04/15/2018 - 16:47:02: Error log file session closed.
L 04/15/2018 - 16:50:01: SourceMod error session started
L 04/15/2018 - 16:50:01: Info (map "emp_drygulch_a6") (file "errors_20180415.log")
L 04/15/2018 - 16:50:01: [umc-core.smx] VOTING: Not enough options to run a vote. 1 options available.
L 04/15/2018 - 16:50:01: [umc-core.smx] Could not start core vote.
L 04/15/2018 - 16:50:07: Error log file session closed.
L 04/15/2018 - 16:51:12: SourceMod error session started
L 04/15/2018 - 16:51:12: Info (map "emp_fogtown_cl2_fix") (file "errors_20180415.log")
L 04/15/2018 - 16:51:12: [umc-core.smx] VOTING: Not enough options to run a vote. 1 options available.
L 04/15/2018 - 16:51:12: [umc-core.smx] Could not start core vote.
L 04/15/2018 - 17:27:06: [umc-core.smx] VOTING: Not enough options to run a vote. 1 options available.
L 04/15/2018 - 17:27:06: [umc-core.smx] Could not start core vote.
L 04/15/2018 - 17:27:12: Error log file session closed.
L 04/15/2018 - 19:24:40: SourceMod error session started
L 04/15/2018 - 19:24:40: Info (map "con_blast_ob2") (file "errors_20180415.log")
L 04/15/2018 - 19:24:40: [SM] Exception reported: Invalid timer handle 25b7035d (error 1)
L 04/15/2018 - 19:24:40: [SM] Blaming: umc-emp-mapvote.smx()
L 04/15/2018 - 19:24:40: [SM] Call stack trace:
L 04/15/2018 - 19:24:40: [SM]   [0] KillTimer
L 04/15/2018 - 19:24:40: [SM]   [1] Line 686, D:\Documents\My Folder\Empires Custom UMC Stuff\SourceMod\Workspace\umc-emp-mapvote.sp::UMC_OnNextmapSet()
L 04/15/2018 - 19:24:40: [SM]   [3] Call_Finish
L 04/15/2018 - 19:24:40: [SM]   [4] Line 4834, D:\Documents\My Folder\Empires Custom UMC Stuff\SourceMod\Workspace\umc-core.sp::DoMapChange()
L 04/15/2018 - 19:24:40: [SM]   [5] Line 4267, D:\Documents\My Folder\Empires Custom UMC Stuff\SourceMod\Workspace\umc-core.sp::Handle_MapVoteWinner()
L 04/15/2018 - 19:24:40: [SM]   [6] Line 3819, D:\Documents\My Folder\Empires Custom UMC Stuff\SourceMod\Workspace\umc-core.sp::ProcessVoteWinner()
L 04/15/2018 - 19:24:40: [SM]   [7] Line 3795, D:\Documents\My Folder\Empires Custom UMC Stuff\SourceMod\Workspace\umc-core.sp::ProcessVoteResults()
L 04/15/2018 - 19:24:40: [SM]   [8] Line 1277, D:\Documents\My Folder\Empires Custom UMC Stuff\SourceMod\Workspace\umc-core.sp::Native_UMCVoteManagerComplete()
L 04/15/2018 - 19:24:40: [SM]   [10] UMC_VoteManagerVoteCompleted
L 04/15/2018 - 19:24:40: [SM]   [11] Line 2309, D:\Documents\My Folder\Empires Custom UMC Stuff\SourceMod\Workspace\umc-core.sp::Handle_MapVoteResults()
L 04/15/2018 - 19:24:46: Error log file session closed.
L 04/15/2018 - 20:01:01: SourceMod error session started
L 04/15/2018 - 20:01:01: Info (map "emp_nuclear_b8u_xfix") (file "errors_20180415.log")
L 04/15/2018 - 20:01:01: [SM] Exception reported: Invalid timer handle 2bc50376 (error 1)
L 04/15/2018 - 20:01:01: [SM] Blaming: umc-emp-mapvote.smx()
L 04/15/2018 - 20:01:01: [SM] Call stack trace:
L 04/15/2018 - 20:01:01: [SM]   [0] KillTimer
L 04/15/2018 - 20:01:01: [SM]   [1] Line 686, D:\Documents\My Folder\Empires Custom UMC Stuff\SourceMod\Workspace\umc-emp-mapvote.sp::UMC_OnNextmapSet()
L 04/15/2018 - 20:01:01: [SM]   [3] Call_Finish
L 04/15/2018 - 20:01:01: [SM]   [4] Line 4834, D:\Documents\My Folder\Empires Custom UMC Stuff\SourceMod\Workspace\umc-core.sp::DoMapChange()
L 04/15/2018 - 20:01:01: [SM]   [5] Line 4267, D:\Documents\My Folder\Empires Custom UMC Stuff\SourceMod\Workspace\umc-core.sp::Handle_MapVoteWinner()
L 04/15/2018 - 20:01:01: [SM]   [6] Line 3819, D:\Documents\My Folder\Empires Custom UMC Stuff\SourceMod\Workspace\umc-core.sp::ProcessVoteWinner()
L 04/15/2018 - 20:01:01: [SM]   [7] Line 3795, D:\Documents\My Folder\Empires Custom UMC Stuff\SourceMod\Workspace\umc-core.sp::ProcessVoteResults()
L 04/15/2018 - 20:01:01: [SM]   [8] Line 1277, D:\Documents\My Folder\Empires Custom UMC Stuff\SourceMod\Workspace\umc-core.sp::Native_UMCVoteManagerComplete()
L 04/15/2018 - 20:01:01: [SM]   [10] UMC_VoteManagerVoteCompleted
L 04/15/2018 - 20:01:01: [SM]   [11] Line 2309, D:\Documents\My Folder\Empires Custom UMC Stuff\SourceMod\Workspace\umc-core.sp::Handle_MapVoteResults()
L 04/15/2018 - 20:01:08: Error log file session closed.
L 04/15/2018 - 20:29:53: SourceMod error session started
L 04/15/2018 - 20:29:53: Info (map "con_glycencity") (file "errors_20180415.log")
L 04/15/2018 - 20:29:53: [SM] Exception reported: Invalid timer handle 34d10332 (error 3)
L 04/15/2018 - 20:29:53: [SM] Blaming: umc-emp-mapvote.smx()
L 04/15/2018 - 20:29:53: [SM] Call stack trace:
L 04/15/2018 - 20:29:53: [SM]   [0] KillTimer
L 04/15/2018 - 20:29:53: [SM]   [1] Line 686, D:\Documents\My Folder\Empires Custom UMC Stuff\SourceMod\Workspace\umc-emp-mapvote.sp::UMC_OnNextmapSet()
L 04/15/2018 - 20:29:53: [SM]   [3] Call_Finish
L 04/15/2018 - 20:29:53: [SM]   [4] Line 4834, D:\Documents\My Folder\Empires Custom UMC Stuff\SourceMod\Workspace\umc-core.sp::DoMapChange()
L 04/15/2018 - 20:29:53: [SM]   [5] Line 4267, D:\Documents\My Folder\Empires Custom UMC Stuff\SourceMod\Workspace\umc-core.sp::Handle_MapVoteWinner()
L 04/15/2018 - 20:29:53: [SM]   [6] Line 3819, D:\Documents\My Folder\Empires Custom UMC Stuff\SourceMod\Workspace\umc-core.sp::ProcessVoteWinner()
L 04/15/2018 - 20:29:53: [SM]   [7] Line 3795, D:\Documents\My Folder\Empires Custom UMC Stuff\SourceMod\Workspace\umc-core.sp::ProcessVoteResults()
L 04/15/2018 - 20:29:53: [SM]   [8] Line 1277, D:\Documents\My Folder\Empires Custom UMC Stuff\SourceMod\Workspace\umc-core.sp::Native_UMCVoteManagerComplete()
L 04/15/2018 - 20:29:53: [SM]   [10] UMC_VoteManagerVoteCompleted
L 04/15/2018 - 20:29:53: [SM]   [11] Line 2309, D:\Documents\My Folder\Empires Custom UMC Stuff\SourceMod\Workspace\umc-core.sp::Handle_MapVoteResults()
L 04/15/2018 - 20:29:59: Error log file session closed.
L 04/15/2018 - 20:57:52: SourceMod error session started
L 04/15/2018 - 20:57:52: Info (map "con_district402") (file "errors_20180415.log")
L 04/15/2018 - 20:57:52: [SM] Exception reported: Invalid timer handle 3fbf038e (error 3)
L 04/15/2018 - 20:57:52: [SM] Blaming: umc-emp-mapvote.smx()
L 04/15/2018 - 20:57:52: [SM] Call stack trace:
L 04/15/2018 - 20:57:52: [SM]   [0] KillTimer
L 04/15/2018 - 20:57:52: [SM]   [1] Line 686, D:\Documents\My Folder\Empires Custom UMC Stuff\SourceMod\Workspace\umc-emp-mapvote.sp::UMC_OnNextmapSet()
L 04/15/2018 - 20:57:52: [SM]   [3] Call_Finish
L 04/15/2018 - 20:57:52: [SM]   [4] Line 4834, D:\Documents\My Folder\Empires Custom UMC Stuff\SourceMod\Workspace\umc-core.sp::DoMapChange()
L 04/15/2018 - 20:57:52: [SM]   [5] Line 4267, D:\Documents\My Folder\Empires Custom UMC Stuff\SourceMod\Workspace\umc-core.sp::Handle_MapVoteWinner()
L 04/15/2018 - 20:57:52: [SM]   [6] Line 3819, D:\Documents\My Folder\Empires Custom UMC Stuff\SourceMod\Workspace\umc-core.sp::ProcessVoteWinner()
L 04/15/2018 - 20:57:52: [SM]   [7] Line 3795, D:\Documents\My Folder\Empires Custom UMC Stuff\SourceMod\Workspace\umc-core.sp::ProcessVoteResults()
L 04/15/2018 - 20:57:52: [SM]   [8] Line 1277, D:\Documents\My Folder\Empires Custom UMC Stuff\SourceMod\Workspace\umc-core.sp::Native_UMCVoteManagerComplete()
L 04/15/2018 - 20:57:52: [SM]   [10] UMC_VoteManagerVoteCompleted
L 04/15/2018 - 20:57:52: [SM]   [11] Line 2309, D:\Documents\My Folder\Empires Custom UMC Stuff\SourceMod\Workspace\umc-core.sp::Handle_MapVoteResults()
L 04/15/2018 - 20:57:59: Error log file session closed.
L 04/15/2018 - 22:21:54: SourceMod error session started
L 04/15/2018 - 22:21:54: Info (map "emp_crossroads_towerless_hce") (file "errors_20180415.log")
L 04/15/2018 - 22:21:54: [SM] Exception reported: Invalid timer handle 3fbf038e (error 1)
L 04/15/2018 - 22:21:54: [SM] Blaming: umc-emp-mapvote.smx()
L 04/15/2018 - 22:21:54: [SM] Call stack trace:
L 04/15/2018 - 22:21:54: [SM]   [0] KillTimer
L 04/15/2018 - 22:21:54: [SM]   [1] Line 686, D:\Documents\My Folder\Empires Custom UMC Stuff\SourceMod\Workspace\umc-emp-mapvote.sp::UMC_OnNextmapSet()
L 04/15/2018 - 22:21:54: [SM]   [3] Call_Finish
L 04/15/2018 - 22:21:54: [SM]   [4] Line 4834, D:\Documents\My Folder\Empires Custom UMC Stuff\SourceMod\Workspace\umc-core.sp::DoMapChange()
L 04/15/2018 - 22:21:54: [SM]   [5] Line 4267, D:\Documents\My Folder\Empires Custom UMC Stuff\SourceMod\Workspace\umc-core.sp::Handle_MapVoteWinner()
L 04/15/2018 - 22:21:54: [SM]   [6] Line 3819, D:\Documents\My Folder\Empires Custom UMC Stuff\SourceMod\Workspace\umc-core.sp::ProcessVoteWinner()
L 04/15/2018 - 22:21:54: [SM]   [7] Line 3795, D:\Documents\My Folder\Empires Custom UMC Stuff\SourceMod\Workspace\umc-core.sp::ProcessVoteResults()
L 04/15/2018 - 22:21:54: [SM]   [8] Line 1277, D:\Documents\My Folder\Empires Custom UMC Stuff\SourceMod\Workspace\umc-core.sp::Native_UMCVoteManagerComplete()
L 04/15/2018 - 22:21:54: [SM]   [10] UMC_VoteManagerVoteCompleted
L 04/15/2018 - 22:21:54: [SM]   [11] Line 2309, D:\Documents\My Folder\Empires Custom UMC Stuff\SourceMod\Workspace\umc-core.sp::Handle_MapVoteResults()
L 04/15/2018 - 22:22:00: Error log file session closed.
L 04/15/2018 - 22:23:24: SourceMod error session started
L 04/15/2018 - 22:23:24: Info (map "emp_temple_b3f") (file "errors_20180415.log")
L 04/15/2018 - 22:23:24: [SM] Exception reported: Heap leak detected: hp:14168 should be 14104!
L 04/15/2018 - 22:55:37: [SM] Exception reported: Invalid timer handle 63ae03c9 (error 1)
L 04/15/2018 - 22:55:37: [SM] Blaming: umc-emp-mapvote.smx()
L 04/15/2018 - 22:55:37: [SM] Call stack trace:
L 04/15/2018 - 22:55:37: [SM]   [0] KillTimer
L 04/15/2018 - 22:55:37: [SM]   [1] Line 686, D:\Documents\My Folder\Empires Custom UMC Stuff\SourceMod\Workspace\umc-emp-mapvote.sp::UMC_OnNextmapSet()
L 04/15/2018 - 22:55:37: [SM]   [3] Call_Finish
L 04/15/2018 - 22:55:37: [SM]   [4] Line 4834, D:\Documents\My Folder\Empires Custom UMC Stuff\SourceMod\Workspace\umc-core.sp::DoMapChange()
L 04/15/2018 - 22:55:37: [SM]   [5] Line 4267, D:\Documents\My Folder\Empires Custom UMC Stuff\SourceMod\Workspace\umc-core.sp::Handle_MapVoteWinner()
L 04/15/2018 - 22:55:37: [SM]   [6] Line 3819, D:\Documents\My Folder\Empires Custom UMC Stuff\SourceMod\Workspace\umc-core.sp::ProcessVoteWinner()
L 04/15/2018 - 22:55:37: [SM]   [7] Line 3795, D:\Documents\My Folder\Empires Custom UMC Stuff\SourceMod\Workspace\umc-core.sp::ProcessVoteResults()
L 04/15/2018 - 22:55:37: [SM]   [8] Line 1277, D:\Documents\My Folder\Empires Custom UMC Stuff\SourceMod\Workspace\umc-core.sp::Native_UMCVoteManagerComplete()
L 04/15/2018 - 22:55:37: [SM]   [10] UMC_VoteManagerVoteCompleted
L 04/15/2018 - 22:55:37: [SM]   [11] Line 2309, D:\Documents\My Folder\Empires Custom UMC Stuff\SourceMod\Workspace\umc-core.sp::Handle_MapVoteResults()
L 04/15/2018 - 22:55:43: Error log file session closed.
L 04/15/2018 - 22:56:56: SourceMod error session started
L 04/15/2018 - 22:56:56: Info (map "emp_ward_rc2") (file "errors_20180415.log")
L 04/15/2018 - 22:56:56: [SM] Exception reported: Heap leak detected: hp:14188 should be 14168!
L 04/15/2018 - 23:41:05: [SM] Exception reported: Invalid timer handle 7558040a (error 1)
L 04/15/2018 - 23:41:05: [SM] Blaming: umc-emp-mapvote.smx()
L 04/15/2018 - 23:41:05: [SM] Call stack trace:
L 04/15/2018 - 23:41:05: [SM]   [0] KillTimer
L 04/15/2018 - 23:41:05: [SM]   [1] Line 686, D:\Documents\My Folder\Empires Custom UMC Stuff\SourceMod\Workspace\umc-emp-mapvote.sp::UMC_OnNextmapSet()
L 04/15/2018 - 23:41:05: [SM]   [3] Call_Finish
L 04/15/2018 - 23:41:05: [SM]   [4] Line 4834, D:\Documents\My Folder\Empires Custom UMC Stuff\SourceMod\Workspace\umc-core.sp::DoMapChange()
L 04/15/2018 - 23:41:05: [SM]   [5] Line 4267, D:\Documents\My Folder\Empires Custom UMC Stuff\SourceMod\Workspace\umc-core.sp::Handle_MapVoteWinner()
L 04/15/2018 - 23:41:05: [SM]   [6] Line 3819, D:\Documents\My Folder\Empires Custom UMC Stuff\SourceMod\Workspace\umc-core.sp::ProcessVoteWinner()
L 04/15/2018 - 23:41:05: [SM]   [7] Line 3795, D:\Documents\My Folder\Empires Custom UMC Stuff\SourceMod\Workspace\umc-core.sp::ProcessVoteResults()
L 04/15/2018 - 23:41:05: [SM]   [8] Line 1277, D:\Documents\My Folder\Empires Custom UMC Stuff\SourceMod\Workspace\umc-core.sp::Native_UMCVoteManagerComplete()
L 04/15/2018 - 23:41:05: [SM]   [10] UMC_VoteManagerVoteCompleted
L 04/15/2018 - 23:41:05: [SM]   [11] Line 2309, D:\Documents\My Folder\Empires Custom UMC Stuff\SourceMod\Workspace\umc-core.sp::Handle_MapVoteResults()
L 04/15/2018 - 23:41:11: Error log file session closed.
