L 10/02/2018 - 00:00:53: SourceMod error session started
L 10/02/2018 - 00:00:53: Info (map "con_district402") (file "errors_20181002.log")
L 10/02/2018 - 00:00:53: [SDKTOOLS] Invalid detour address passed - Disabling detour to prevent crashes
L 10/02/2018 - 00:00:53: [SDKTOOLS] Failed to find PlayerRunCmd offset - OnPlayerRunCmd forward disabled.
L 10/02/2018 - 00:29:55: [SM] Exception reported: Invalid timer handle 7470122 (error 1)
L 10/02/2018 - 00:29:55: [SM] Blaming: umc-emp-mapvote.smx()
L 10/02/2018 - 00:29:55: [SM] Call stack trace:
L 10/02/2018 - 00:29:55: [SM]   [0] KillTimer
L 10/02/2018 - 00:29:55: [SM]   [1] Line 686, D:\Documents\My Folder\Empires Custom UMC Stuff\SourceMod\Workspace\umc-emp-mapvote.sp::UMC_OnNextmapSet()
L 10/02/2018 - 00:29:55: [SM]   [3] Call_Finish
L 10/02/2018 - 00:29:55: [SM]   [4] Line 4834, D:\Documents\My Folder\Empires Custom UMC Stuff\SourceMod\Workspace\umc-core.sp::DoMapChange()
L 10/02/2018 - 00:29:55: [SM]   [5] Line 4267, D:\Documents\My Folder\Empires Custom UMC Stuff\SourceMod\Workspace\umc-core.sp::Handle_MapVoteWinner()
L 10/02/2018 - 00:29:55: [SM]   [6] Line 3819, D:\Documents\My Folder\Empires Custom UMC Stuff\SourceMod\Workspace\umc-core.sp::ProcessVoteWinner()
L 10/02/2018 - 00:29:55: [SM]   [7] Line 3795, D:\Documents\My Folder\Empires Custom UMC Stuff\SourceMod\Workspace\umc-core.sp::ProcessVoteResults()
L 10/02/2018 - 00:29:55: [SM]   [8] Line 1277, D:\Documents\My Folder\Empires Custom UMC Stuff\SourceMod\Workspace\umc-core.sp::Native_UMCVoteManagerComplete()
L 10/02/2018 - 00:29:55: [SM]   [10] UMC_VoteManagerVoteCompleted
L 10/02/2018 - 00:29:55: [SM]   [11] Line 2309, D:\Documents\My Folder\Empires Custom UMC Stuff\SourceMod\Workspace\umc-core.sp::Handle_MapVoteResults()
L 10/02/2018 - 00:30:01: Error log file session closed.
L 10/02/2018 - 00:32:15: SourceMod error session started
L 10/02/2018 - 00:32:15: Info (map "emp_vehicletraining_2013") (file "errors_20181002.log")
L 10/02/2018 - 00:32:15: [SM] Exception reported: Game event "player_disconnect" has no active hook
L 10/02/2018 - 00:32:15: [SM] Blaming: saysounds.smx()
L 10/02/2018 - 00:32:15: [SM] Call stack trace:
L 10/02/2018 - 00:32:15: [SM]   [0] UnhookEvent
L 10/02/2018 - 00:32:15: [SM]   [1] Line 488, E:\dev\sourcemod\sourcemod-1.4.6-linux\addons\sourcemod\scripting\saysounds.sp::EnableChanged()
L 10/02/2018 - 01:07:40: [SM] Exception reported: Invalid timer handle a8b0038 (error 1)
L 10/02/2018 - 01:07:40: [SM] Blaming: umc-emp-mapvote.smx()
L 10/02/2018 - 01:07:40: [SM] Call stack trace:
L 10/02/2018 - 01:07:40: [SM]   [0] KillTimer
L 10/02/2018 - 01:07:40: [SM]   [1] Line 686, D:\Documents\My Folder\Empires Custom UMC Stuff\SourceMod\Workspace\umc-emp-mapvote.sp::UMC_OnNextmapSet()
L 10/02/2018 - 01:07:40: [SM]   [3] Call_Finish
L 10/02/2018 - 01:07:40: [SM]   [4] Line 4834, D:\Documents\My Folder\Empires Custom UMC Stuff\SourceMod\Workspace\umc-core.sp::DoMapChange()
L 10/02/2018 - 01:07:40: [SM]   [5] Line 4267, D:\Documents\My Folder\Empires Custom UMC Stuff\SourceMod\Workspace\umc-core.sp::Handle_MapVoteWinner()
L 10/02/2018 - 01:07:40: [SM]   [6] Line 3819, D:\Documents\My Folder\Empires Custom UMC Stuff\SourceMod\Workspace\umc-core.sp::ProcessVoteWinner()
L 10/02/2018 - 01:07:40: [SM]   [7] Line 3795, D:\Documents\My Folder\Empires Custom UMC Stuff\SourceMod\Workspace\umc-core.sp::ProcessVoteResults()
L 10/02/2018 - 01:07:40: [SM]   [8] Line 1277, D:\Documents\My Folder\Empires Custom UMC Stuff\SourceMod\Workspace\umc-core.sp::Native_UMCVoteManagerComplete()
L 10/02/2018 - 01:07:40: [SM]   [10] UMC_VoteManagerVoteCompleted
L 10/02/2018 - 01:07:40: [SM]   [11] Line 2309, D:\Documents\My Folder\Empires Custom UMC Stuff\SourceMod\Workspace\umc-core.sp::Handle_MapVoteResults()
L 10/02/2018 - 01:07:45: Error log file session closed.
L 10/02/2018 - 01:23:04: SourceMod error session started
L 10/02/2018 - 01:23:04: Info (map "con_blast_ob2") (file "errors_20181002.log")
L 10/02/2018 - 01:23:04: [SM] Exception reported: Invalid timer handle cdc0344 (error 1)
L 10/02/2018 - 01:23:04: [SM] Blaming: umc-emp-mapvote.smx()
L 10/02/2018 - 01:23:04: [SM] Call stack trace:
L 10/02/2018 - 01:23:04: [SM]   [0] KillTimer
L 10/02/2018 - 01:23:04: [SM]   [1] Line 686, D:\Documents\My Folder\Empires Custom UMC Stuff\SourceMod\Workspace\umc-emp-mapvote.sp::UMC_OnNextmapSet()
L 10/02/2018 - 01:23:04: [SM]   [3] Call_Finish
L 10/02/2018 - 01:23:04: [SM]   [4] Line 4834, D:\Documents\My Folder\Empires Custom UMC Stuff\SourceMod\Workspace\umc-core.sp::DoMapChange()
L 10/02/2018 - 01:23:04: [SM]   [5] Line 4267, D:\Documents\My Folder\Empires Custom UMC Stuff\SourceMod\Workspace\umc-core.sp::Handle_MapVoteWinner()
L 10/02/2018 - 01:23:04: [SM]   [6] Line 3819, D:\Documents\My Folder\Empires Custom UMC Stuff\SourceMod\Workspace\umc-core.sp::ProcessVoteWinner()
L 10/02/2018 - 01:23:04: [SM]   [7] Line 3795, D:\Documents\My Folder\Empires Custom UMC Stuff\SourceMod\Workspace\umc-core.sp::ProcessVoteResults()
L 10/02/2018 - 01:23:04: [SM]   [8] Line 1277, D:\Documents\My Folder\Empires Custom UMC Stuff\SourceMod\Workspace\umc-core.sp::Native_UMCVoteManagerComplete()
L 10/02/2018 - 01:23:04: [SM]   [10] UMC_VoteManagerVoteCompleted
L 10/02/2018 - 01:23:04: [SM]   [11] Line 2309, D:\Documents\My Folder\Empires Custom UMC Stuff\SourceMod\Workspace\umc-core.sp::Handle_MapVoteResults()
L 10/02/2018 - 01:23:11: Error log file session closed.
L 10/02/2018 - 01:40:28: SourceMod error session started
L 10/02/2018 - 01:40:28: Info (map "emp_crossroads_towerless_hce2") (file "errors_20181002.log")
L 10/02/2018 - 01:40:28: [SM] Exception reported: Invalid timer handle 117402fd (error 1)
L 10/02/2018 - 01:40:28: [SM] Blaming: umc-emp-mapvote.smx()
L 10/02/2018 - 01:40:28: [SM] Call stack trace:
L 10/02/2018 - 01:40:28: [SM]   [0] KillTimer
L 10/02/2018 - 01:40:28: [SM]   [1] Line 686, D:\Documents\My Folder\Empires Custom UMC Stuff\SourceMod\Workspace\umc-emp-mapvote.sp::UMC_OnNextmapSet()
L 10/02/2018 - 01:40:28: [SM]   [3] Call_Finish
L 10/02/2018 - 01:40:28: [SM]   [4] Line 4834, D:\Documents\My Folder\Empires Custom UMC Stuff\SourceMod\Workspace\umc-core.sp::DoMapChange()
L 10/02/2018 - 01:40:28: [SM]   [5] Line 4267, D:\Documents\My Folder\Empires Custom UMC Stuff\SourceMod\Workspace\umc-core.sp::Handle_MapVoteWinner()
L 10/02/2018 - 01:40:28: [SM]   [6] Line 3819, D:\Documents\My Folder\Empires Custom UMC Stuff\SourceMod\Workspace\umc-core.sp::ProcessVoteWinner()
L 10/02/2018 - 01:40:28: [SM]   [7] Line 3795, D:\Documents\My Folder\Empires Custom UMC Stuff\SourceMod\Workspace\umc-core.sp::ProcessVoteResults()
L 10/02/2018 - 01:40:28: [SM]   [8] Line 1277, D:\Documents\My Folder\Empires Custom UMC Stuff\SourceMod\Workspace\umc-core.sp::Native_UMCVoteManagerComplete()
L 10/02/2018 - 01:40:28: [SM]   [10] UMC_VoteManagerVoteCompleted
L 10/02/2018 - 01:40:28: [SM]   [11] Line 2309, D:\Documents\My Folder\Empires Custom UMC Stuff\SourceMod\Workspace\umc-core.sp::Handle_MapVoteResults()
L 10/02/2018 - 01:40:34: Error log file session closed.
L 10/02/2018 - 01:42:51: SourceMod error session started
L 10/02/2018 - 01:42:51: Info (map "emp_drygulch_a7") (file "errors_20181002.log")
L 10/02/2018 - 01:42:51: [SM] Exception reported: Game event "player_disconnect" has no active hook
L 10/02/2018 - 01:42:51: [SM] Blaming: saysounds.smx()
L 10/02/2018 - 01:42:51: [SM] Call stack trace:
L 10/02/2018 - 01:42:51: [SM]   [0] UnhookEvent
L 10/02/2018 - 01:42:51: [SM]   [1] Line 488, E:\dev\sourcemod\sourcemod-1.4.6-linux\addons\sourcemod\scripting\saysounds.sp::EnableChanged()
L 10/02/2018 - 02:17:53: [SM] Exception reported: Invalid timer handle 117402fd (error 1)
L 10/02/2018 - 02:17:53: [SM] Blaming: umc-emp-mapvote.smx()
L 10/02/2018 - 02:17:53: [SM] Call stack trace:
L 10/02/2018 - 02:17:53: [SM]   [0] KillTimer
L 10/02/2018 - 02:17:53: [SM]   [1] Line 686, D:\Documents\My Folder\Empires Custom UMC Stuff\SourceMod\Workspace\umc-emp-mapvote.sp::UMC_OnNextmapSet()
L 10/02/2018 - 02:17:53: [SM]   [3] Call_Finish
L 10/02/2018 - 02:17:53: [SM]   [4] Line 4834, D:\Documents\My Folder\Empires Custom UMC Stuff\SourceMod\Workspace\umc-core.sp::DoMapChange()
L 10/02/2018 - 02:17:53: [SM]   [5] Line 1767, D:\Documents\My Folder\Empires Custom UMC Stuff\SourceMod\Workspace\umc-core.sp::Native_UMCSetNextMap()
L 10/02/2018 - 02:17:53: [SM]   [7] UMC_SetNextMap
L 10/02/2018 - 02:17:53: [SM]   [8] Line 2354, D:\Documents\My Folder\Empires Custom UMC Stuff\SourceMod\Workspace\umc-adminmenu.sp::DoMapChange()
L 10/02/2018 - 02:17:53: [SM]   [9] Line 2281, D:\Documents\My Folder\Empires Custom UMC Stuff\SourceMod\Workspace\umc-adminmenu.sp::DoManualMapChange()
L 10/02/2018 - 02:17:53: [SM]   [10] Line 2230, D:\Documents\My Folder\Empires Custom UMC Stuff\SourceMod\Workspace\umc-adminmenu.sp::Handle_ManualChangeWhenMenu()
L 10/02/2018 - 02:17:59: Error log file session closed.
