L 03/18/2018 - 00:07:30: SourceMod error session started
L 03/18/2018 - 00:07:30: Info (map "emp_cyclopean") (file "errors_20180318.log")
L 03/18/2018 - 00:07:30: [SM] Exception reported: Invalid timer handle b07c0409 (error 1)
L 03/18/2018 - 00:07:30: [SM] Blaming: umc-emp-mapvote.smx()
L 03/18/2018 - 00:07:30: [SM] Call stack trace:
L 03/18/2018 - 00:07:30: [SM]   [0] KillTimer
L 03/18/2018 - 00:07:30: [SM]   [1] Line 686, D:\Documents\My Folder\Empires Custom UMC Stuff\SourceMod\Workspace\umc-emp-mapvote.sp::UMC_OnNextmapSet()
L 03/18/2018 - 00:07:30: [SM]   [3] Call_Finish
L 03/18/2018 - 00:07:30: [SM]   [4] Line 4834, D:\Documents\My Folder\Empires Custom UMC Stuff\SourceMod\Workspace\umc-core.sp::DoMapChange()
L 03/18/2018 - 00:07:30: [SM]   [5] Line 4267, D:\Documents\My Folder\Empires Custom UMC Stuff\SourceMod\Workspace\umc-core.sp::Handle_MapVoteWinner()
L 03/18/2018 - 00:07:30: [SM]   [6] Line 3819, D:\Documents\My Folder\Empires Custom UMC Stuff\SourceMod\Workspace\umc-core.sp::ProcessVoteWinner()
L 03/18/2018 - 00:07:30: [SM]   [7] Line 3795, D:\Documents\My Folder\Empires Custom UMC Stuff\SourceMod\Workspace\umc-core.sp::ProcessVoteResults()
L 03/18/2018 - 00:07:30: [SM]   [8] Line 1277, D:\Documents\My Folder\Empires Custom UMC Stuff\SourceMod\Workspace\umc-core.sp::Native_UMCVoteManagerComplete()
L 03/18/2018 - 00:07:30: [SM]   [10] UMC_VoteManagerVoteCompleted
L 03/18/2018 - 00:07:30: [SM]   [11] Line 2309, D:\Documents\My Folder\Empires Custom UMC Stuff\SourceMod\Workspace\umc-core.sp::Handle_MapVoteResults()
L 03/18/2018 - 00:07:36: Error log file session closed.
L 03/18/2018 - 00:10:12: SourceMod error session started
L 03/18/2018 - 00:10:12: Info (map "emp_homeland_b9") (file "errors_20180318.log")
L 03/18/2018 - 00:10:12: [SM] Exception reported: Heap leak detected: hp:14528 should be 14464!
L 03/18/2018 - 00:44:19: [SM] Exception reported: Invalid timer handle c817042d (error 1)
L 03/18/2018 - 00:44:19: [SM] Blaming: umc-emp-mapvote.smx()
L 03/18/2018 - 00:44:19: [SM] Call stack trace:
L 03/18/2018 - 00:44:19: [SM]   [0] KillTimer
L 03/18/2018 - 00:44:19: [SM]   [1] Line 686, D:\Documents\My Folder\Empires Custom UMC Stuff\SourceMod\Workspace\umc-emp-mapvote.sp::UMC_OnNextmapSet()
L 03/18/2018 - 00:44:19: [SM]   [3] Call_Finish
L 03/18/2018 - 00:44:19: [SM]   [4] Line 4834, D:\Documents\My Folder\Empires Custom UMC Stuff\SourceMod\Workspace\umc-core.sp::DoMapChange()
L 03/18/2018 - 00:44:19: [SM]   [5] Line 4267, D:\Documents\My Folder\Empires Custom UMC Stuff\SourceMod\Workspace\umc-core.sp::Handle_MapVoteWinner()
L 03/18/2018 - 00:44:19: [SM]   [6] Line 3819, D:\Documents\My Folder\Empires Custom UMC Stuff\SourceMod\Workspace\umc-core.sp::ProcessVoteWinner()
L 03/18/2018 - 00:44:19: [SM]   [7] Line 3795, D:\Documents\My Folder\Empires Custom UMC Stuff\SourceMod\Workspace\umc-core.sp::ProcessVoteResults()
L 03/18/2018 - 00:44:19: [SM]   [8] Line 1277, D:\Documents\My Folder\Empires Custom UMC Stuff\SourceMod\Workspace\umc-core.sp::Native_UMCVoteManagerComplete()
L 03/18/2018 - 00:44:19: [SM]   [10] UMC_VoteManagerVoteCompleted
L 03/18/2018 - 00:44:19: [SM]   [11] Line 2309, D:\Documents\My Folder\Empires Custom UMC Stuff\SourceMod\Workspace\umc-core.sp::Handle_MapVoteResults()
L 03/18/2018 - 00:44:25: Error log file session closed.
L 03/18/2018 - 01:04:55: SourceMod error session started
L 03/18/2018 - 01:04:55: Info (map "emp_mvalley_fix") (file "errors_20180318.log")
L 03/18/2018 - 01:04:55: [SM] Exception reported: Client 21 is not in game
L 03/18/2018 - 01:04:55: [SM] Blaming: draftpick.smx()
L 03/18/2018 - 01:04:55: [SM] Call stack trace:
L 03/18/2018 - 01:04:55: [SM]   [0] GetClientTeam
L 03/18/2018 - 01:04:55: [SM]   [1] Line 1290, dist\addons\sourcemod\scripting\draftpick.sp::InformPlayer()
L 03/18/2018 - 01:05:20: [SM] Exception reported: Invalid timer handle d7ca0419 (error 1)
L 03/18/2018 - 01:05:20: [SM] Blaming: umc-emp-mapvote.smx()
L 03/18/2018 - 01:05:20: [SM] Call stack trace:
L 03/18/2018 - 01:05:20: [SM]   [0] KillTimer
L 03/18/2018 - 01:05:20: [SM]   [1] Line 686, D:\Documents\My Folder\Empires Custom UMC Stuff\SourceMod\Workspace\umc-emp-mapvote.sp::UMC_OnNextmapSet()
L 03/18/2018 - 01:05:20: [SM]   [3] Call_Finish
L 03/18/2018 - 01:05:20: [SM]   [4] Line 4834, D:\Documents\My Folder\Empires Custom UMC Stuff\SourceMod\Workspace\umc-core.sp::DoMapChange()
L 03/18/2018 - 01:05:20: [SM]   [5] Line 4267, D:\Documents\My Folder\Empires Custom UMC Stuff\SourceMod\Workspace\umc-core.sp::Handle_MapVoteWinner()
L 03/18/2018 - 01:05:20: [SM]   [6] Line 3819, D:\Documents\My Folder\Empires Custom UMC Stuff\SourceMod\Workspace\umc-core.sp::ProcessVoteWinner()
L 03/18/2018 - 01:05:20: [SM]   [7] Line 3795, D:\Documents\My Folder\Empires Custom UMC Stuff\SourceMod\Workspace\umc-core.sp::ProcessVoteResults()
L 03/18/2018 - 01:05:20: [SM]   [8] Line 1277, D:\Documents\My Folder\Empires Custom UMC Stuff\SourceMod\Workspace\umc-core.sp::Native_UMCVoteManagerComplete()
L 03/18/2018 - 01:05:20: [SM]   [10] UMC_VoteManagerVoteCompleted
L 03/18/2018 - 01:05:20: [SM]   [11] Line 2309, D:\Documents\My Folder\Empires Custom UMC Stuff\SourceMod\Workspace\umc-core.sp::Handle_MapVoteResults()
L 03/18/2018 - 01:05:26: Error log file session closed.
L 03/18/2018 - 01:05:27: SourceMod error session started
L 03/18/2018 - 01:05:27: Info (map "emp_forest_ob_2013_fix") (file "errors_20180318.log")
L 03/18/2018 - 01:05:27: [SM] Exception reported: Client 21 is not in game
L 03/18/2018 - 01:05:27: [SM] Blaming: draftpick.smx()
L 03/18/2018 - 01:05:27: [SM] Call stack trace:
L 03/18/2018 - 01:05:27: [SM]   [0] GetClientTeam
L 03/18/2018 - 01:05:27: [SM]   [1] Line 1290, dist\addons\sourcemod\scripting\draftpick.sp::InformPlayer()
L 03/18/2018 - 01:27:47: [SM] Exception reported: Invalid timer handle e6cc03d5 (error 1)
L 03/18/2018 - 01:27:47: [SM] Blaming: umc-emp-mapvote.smx()
L 03/18/2018 - 01:27:47: [SM] Call stack trace:
L 03/18/2018 - 01:27:47: [SM]   [0] KillTimer
L 03/18/2018 - 01:27:47: [SM]   [1] Line 686, D:\Documents\My Folder\Empires Custom UMC Stuff\SourceMod\Workspace\umc-emp-mapvote.sp::UMC_OnNextmapSet()
L 03/18/2018 - 01:27:47: [SM]   [3] Call_Finish
L 03/18/2018 - 01:27:47: [SM]   [4] Line 4834, D:\Documents\My Folder\Empires Custom UMC Stuff\SourceMod\Workspace\umc-core.sp::DoMapChange()
L 03/18/2018 - 01:27:47: [SM]   [5] Line 4267, D:\Documents\My Folder\Empires Custom UMC Stuff\SourceMod\Workspace\umc-core.sp::Handle_MapVoteWinner()
L 03/18/2018 - 01:27:47: [SM]   [6] Line 3819, D:\Documents\My Folder\Empires Custom UMC Stuff\SourceMod\Workspace\umc-core.sp::ProcessVoteWinner()
L 03/18/2018 - 01:27:47: [SM]   [7] Line 3795, D:\Documents\My Folder\Empires Custom UMC Stuff\SourceMod\Workspace\umc-core.sp::ProcessVoteResults()
L 03/18/2018 - 01:27:47: [SM]   [8] Line 1277, D:\Documents\My Folder\Empires Custom UMC Stuff\SourceMod\Workspace\umc-core.sp::Native_UMCVoteManagerComplete()
L 03/18/2018 - 01:27:47: [SM]   [10] UMC_VoteManagerVoteCompleted
L 03/18/2018 - 01:27:47: [SM]   [11] Line 2309, D:\Documents\My Folder\Empires Custom UMC Stuff\SourceMod\Workspace\umc-core.sp::Handle_MapVoteResults()
L 03/18/2018 - 01:27:53: Error log file session closed.
L 03/18/2018 - 01:35:31: SourceMod error session started
L 03/18/2018 - 01:35:31: Info (map "con_district402") (file "errors_20180318.log")
L 03/18/2018 - 01:35:31: [SM] Exception reported: Invalid timer handle f26b03af (error 1)
L 03/18/2018 - 01:35:31: [SM] Blaming: umc-emp-mapvote.smx()
L 03/18/2018 - 01:35:31: [SM] Call stack trace:
L 03/18/2018 - 01:35:31: [SM]   [0] KillTimer
L 03/18/2018 - 01:35:31: [SM]   [1] Line 686, D:\Documents\My Folder\Empires Custom UMC Stuff\SourceMod\Workspace\umc-emp-mapvote.sp::UMC_OnNextmapSet()
L 03/18/2018 - 01:35:31: [SM]   [3] Call_Finish
L 03/18/2018 - 01:35:31: [SM]   [4] Line 4834, D:\Documents\My Folder\Empires Custom UMC Stuff\SourceMod\Workspace\umc-core.sp::DoMapChange()
L 03/18/2018 - 01:35:31: [SM]   [5] Line 4267, D:\Documents\My Folder\Empires Custom UMC Stuff\SourceMod\Workspace\umc-core.sp::Handle_MapVoteWinner()
L 03/18/2018 - 01:35:31: [SM]   [6] Line 3819, D:\Documents\My Folder\Empires Custom UMC Stuff\SourceMod\Workspace\umc-core.sp::ProcessVoteWinner()
L 03/18/2018 - 01:35:31: [SM]   [7] Line 3795, D:\Documents\My Folder\Empires Custom UMC Stuff\SourceMod\Workspace\umc-core.sp::ProcessVoteResults()
L 03/18/2018 - 01:35:31: [SM]   [8] Line 1277, D:\Documents\My Folder\Empires Custom UMC Stuff\SourceMod\Workspace\umc-core.sp::Native_UMCVoteManagerComplete()
L 03/18/2018 - 01:35:31: [SM]   [10] UMC_VoteManagerVoteCompleted
L 03/18/2018 - 01:35:31: [SM]   [11] Line 2309, D:\Documents\My Folder\Empires Custom UMC Stuff\SourceMod\Workspace\umc-core.sp::Handle_MapVoteResults()
L 03/18/2018 - 01:35:37: Error log file session closed.
L 03/18/2018 - 01:49:13: SourceMod error session started
L 03/18/2018 - 01:49:13: Info (map "emp_crossroads_towerless_hce") (file "errors_20180318.log")
L 03/18/2018 - 01:49:13: [SM] Exception reported: Invalid timer handle f6f803ad (error 1)
L 03/18/2018 - 01:49:13: [SM] Blaming: umc-emp-mapvote.smx()
L 03/18/2018 - 01:49:13: [SM] Call stack trace:
L 03/18/2018 - 01:49:13: [SM]   [0] KillTimer
L 03/18/2018 - 01:49:13: [SM]   [1] Line 686, D:\Documents\My Folder\Empires Custom UMC Stuff\SourceMod\Workspace\umc-emp-mapvote.sp::UMC_OnNextmapSet()
L 03/18/2018 - 01:49:13: [SM]   [3] Call_Finish
L 03/18/2018 - 01:49:13: [SM]   [4] Line 4834, D:\Documents\My Folder\Empires Custom UMC Stuff\SourceMod\Workspace\umc-core.sp::DoMapChange()
L 03/18/2018 - 01:49:13: [SM]   [5] Line 4267, D:\Documents\My Folder\Empires Custom UMC Stuff\SourceMod\Workspace\umc-core.sp::Handle_MapVoteWinner()
L 03/18/2018 - 01:49:13: [SM]   [6] Line 3819, D:\Documents\My Folder\Empires Custom UMC Stuff\SourceMod\Workspace\umc-core.sp::ProcessVoteWinner()
L 03/18/2018 - 01:49:13: [SM]   [7] Line 3795, D:\Documents\My Folder\Empires Custom UMC Stuff\SourceMod\Workspace\umc-core.sp::ProcessVoteResults()
L 03/18/2018 - 01:49:13: [SM]   [8] Line 1277, D:\Documents\My Folder\Empires Custom UMC Stuff\SourceMod\Workspace\umc-core.sp::Native_UMCVoteManagerComplete()
L 03/18/2018 - 01:49:13: [SM]   [10] UMC_VoteManagerVoteCompleted
L 03/18/2018 - 01:49:13: [SM]   [11] Line 2309, D:\Documents\My Folder\Empires Custom UMC Stuff\SourceMod\Workspace\umc-core.sp::Handle_MapVoteResults()
L 03/18/2018 - 01:49:18: Error log file session closed.
L 03/18/2018 - 01:54:07: SourceMod error session started
L 03/18/2018 - 01:54:07: Info (map "emp_drygulch_a6") (file "errors_20180318.log")
L 03/18/2018 - 01:54:07: [SM] Exception reported: Game event "player_disconnect" has no active hook
L 03/18/2018 - 01:54:07: [SM] Blaming: empstats.smx()
L 03/18/2018 - 01:54:07: [SM] Call stack trace:
L 03/18/2018 - 01:54:07: [SM]   [0] UnhookEvent
L 03/18/2018 - 01:54:07: [SM]   [1] Line 338, dist\addons\sourcemod\scripting\empstats.sp::Deactivate()
L 03/18/2018 - 01:54:07: [SM]   [2] Line 290, dist\addons\sourcemod\scripting\empstats.sp::CheckActivate()
L 03/18/2018 - 01:54:07: [SM]   [3] Line 1014, dist\addons\sourcemod\scripting\empstats.sp::OnClientDisconnect_Post()
L 03/18/2018 - 01:55:26: [SM] Exception reported: Game event "player_disconnect" has no active hook
L 03/18/2018 - 01:55:26: [SM] Blaming: empstats.smx()
L 03/18/2018 - 01:55:26: [SM] Call stack trace:
L 03/18/2018 - 01:55:26: [SM]   [0] UnhookEvent
L 03/18/2018 - 01:55:26: [SM]   [1] Line 338, dist\addons\sourcemod\scripting\empstats.sp::Deactivate()
L 03/18/2018 - 01:55:26: [SM]   [2] Line 290, dist\addons\sourcemod\scripting\empstats.sp::CheckActivate()
L 03/18/2018 - 01:55:26: [SM]   [3] Line 680, dist\addons\sourcemod\scripting\empstats.sp::OnClientPostAdminCheck()
L 03/18/2018 - 13:40:03: SourceMod error session started
L 03/18/2018 - 13:40:03: Info (map "con_district402") (file "errors_20180318.log")
L 03/18/2018 - 13:40:03: [SDKTOOLS] Invalid detour address passed - Disabling detour to prevent crashes
L 03/18/2018 - 13:40:03: [SDKTOOLS] Failed to find PlayerRunCmd offset - OnPlayerRunCmd forward disabled.
L 03/18/2018 - 17:51:08: Error log file session closed.
L 03/18/2018 - 18:35:13: SourceMod error session started
L 03/18/2018 - 18:35:13: Info (map "fun_ricochet_a4") (file "errors_20180318.log")
L 03/18/2018 - 18:35:13: [SM] Exception reported: Invalid timer handle dbd004b (error 1)
L 03/18/2018 - 18:35:13: [SM] Blaming: umc-emp-mapvote.smx()
L 03/18/2018 - 18:35:13: [SM] Call stack trace:
L 03/18/2018 - 18:35:13: [SM]   [0] KillTimer
L 03/18/2018 - 18:35:13: [SM]   [1] Line 686, D:\Documents\My Folder\Empires Custom UMC Stuff\SourceMod\Workspace\umc-emp-mapvote.sp::UMC_OnNextmapSet()
L 03/18/2018 - 18:35:13: [SM]   [3] Call_Finish
L 03/18/2018 - 18:35:13: [SM]   [4] Line 4834, D:\Documents\My Folder\Empires Custom UMC Stuff\SourceMod\Workspace\umc-core.sp::DoMapChange()
L 03/18/2018 - 18:35:13: [SM]   [5] Line 4267, D:\Documents\My Folder\Empires Custom UMC Stuff\SourceMod\Workspace\umc-core.sp::Handle_MapVoteWinner()
L 03/18/2018 - 18:35:13: [SM]   [6] Line 3819, D:\Documents\My Folder\Empires Custom UMC Stuff\SourceMod\Workspace\umc-core.sp::ProcessVoteWinner()
L 03/18/2018 - 18:35:13: [SM]   [7] Line 3795, D:\Documents\My Folder\Empires Custom UMC Stuff\SourceMod\Workspace\umc-core.sp::ProcessVoteResults()
L 03/18/2018 - 18:35:13: [SM]   [8] Line 1277, D:\Documents\My Folder\Empires Custom UMC Stuff\SourceMod\Workspace\umc-core.sp::Native_UMCVoteManagerComplete()
L 03/18/2018 - 18:35:13: [SM]   [10] UMC_VoteManagerVoteCompleted
L 03/18/2018 - 18:35:13: [SM]   [11] Line 2309, D:\Documents\My Folder\Empires Custom UMC Stuff\SourceMod\Workspace\umc-core.sp::Handle_MapVoteResults()
L 03/18/2018 - 18:35:19: Error log file session closed.
L 03/18/2018 - 19:03:54: SourceMod error session started
L 03/18/2018 - 19:03:54: Info (map "emp_havoc_b1_fix") (file "errors_20180318.log")
L 03/18/2018 - 19:03:54: [SM] Exception reported: Invalid timer handle dbd004b (error 1)
L 03/18/2018 - 19:03:54: [SM] Blaming: umc-emp-mapvote.smx()
L 03/18/2018 - 19:03:54: [SM] Call stack trace:
L 03/18/2018 - 19:03:54: [SM]   [0] KillTimer
L 03/18/2018 - 19:03:54: [SM]   [1] Line 686, D:\Documents\My Folder\Empires Custom UMC Stuff\SourceMod\Workspace\umc-emp-mapvote.sp::UMC_OnNextmapSet()
L 03/18/2018 - 19:03:54: [SM]   [3] Call_Finish
L 03/18/2018 - 19:03:54: [SM]   [4] Line 4834, D:\Documents\My Folder\Empires Custom UMC Stuff\SourceMod\Workspace\umc-core.sp::DoMapChange()
L 03/18/2018 - 19:03:54: [SM]   [5] Line 4267, D:\Documents\My Folder\Empires Custom UMC Stuff\SourceMod\Workspace\umc-core.sp::Handle_MapVoteWinner()
L 03/18/2018 - 19:03:54: [SM]   [6] Line 3819, D:\Documents\My Folder\Empires Custom UMC Stuff\SourceMod\Workspace\umc-core.sp::ProcessVoteWinner()
L 03/18/2018 - 19:03:54: [SM]   [7] Line 3795, D:\Documents\My Folder\Empires Custom UMC Stuff\SourceMod\Workspace\umc-core.sp::ProcessVoteResults()
L 03/18/2018 - 19:03:54: [SM]   [8] Line 1277, D:\Documents\My Folder\Empires Custom UMC Stuff\SourceMod\Workspace\umc-core.sp::Native_UMCVoteManagerComplete()
L 03/18/2018 - 19:03:54: [SM]   [10] UMC_VoteManagerVoteCompleted
L 03/18/2018 - 19:03:54: [SM]   [11] Line 2309, D:\Documents\My Folder\Empires Custom UMC Stuff\SourceMod\Workspace\umc-core.sp::Handle_MapVoteResults()
L 03/18/2018 - 19:04:00: Error log file session closed.
L 03/18/2018 - 19:40:21: SourceMod error session started
L 03/18/2018 - 19:40:21: Info (map "emp_vehicletraining_2013") (file "errors_20180318.log")
L 03/18/2018 - 19:40:21: [SM] Exception reported: Invalid timer handle 167d0396 (error 3)
L 03/18/2018 - 19:40:21: [SM] Blaming: umc-emp-mapvote.smx()
L 03/18/2018 - 19:40:21: [SM] Call stack trace:
L 03/18/2018 - 19:40:21: [SM]   [0] KillTimer
L 03/18/2018 - 19:40:21: [SM]   [1] Line 686, D:\Documents\My Folder\Empires Custom UMC Stuff\SourceMod\Workspace\umc-emp-mapvote.sp::UMC_OnNextmapSet()
L 03/18/2018 - 19:40:21: [SM]   [3] Call_Finish
L 03/18/2018 - 19:40:21: [SM]   [4] Line 4834, D:\Documents\My Folder\Empires Custom UMC Stuff\SourceMod\Workspace\umc-core.sp::DoMapChange()
L 03/18/2018 - 19:40:21: [SM]   [5] Line 4267, D:\Documents\My Folder\Empires Custom UMC Stuff\SourceMod\Workspace\umc-core.sp::Handle_MapVoteWinner()
L 03/18/2018 - 19:40:21: [SM]   [6] Line 3819, D:\Documents\My Folder\Empires Custom UMC Stuff\SourceMod\Workspace\umc-core.sp::ProcessVoteWinner()
L 03/18/2018 - 19:40:21: [SM]   [7] Line 3765, D:\Documents\My Folder\Empires Custom UMC Stuff\SourceMod\Workspace\umc-core.sp::ProcessVoteResults()
L 03/18/2018 - 19:40:21: [SM]   [8] Line 1277, D:\Documents\My Folder\Empires Custom UMC Stuff\SourceMod\Workspace\umc-core.sp::Native_UMCVoteManagerComplete()
L 03/18/2018 - 19:40:21: [SM]   [10] UMC_VoteManagerVoteCompleted
L 03/18/2018 - 19:40:21: [SM]   [11] Line 2309, D:\Documents\My Folder\Empires Custom UMC Stuff\SourceMod\Workspace\umc-core.sp::Handle_MapVoteResults()
L 03/18/2018 - 19:40:27: Error log file session closed.
L 03/18/2018 - 19:47:50: SourceMod error session started
L 03/18/2018 - 19:47:50: Info (map "emp_crossroads_towerless_hce") (file "errors_20180318.log")
L 03/18/2018 - 19:47:50: [SM] Exception reported: Invalid timer handle 1a7d0339 (error 1)
L 03/18/2018 - 19:47:50: [SM] Blaming: umc-emp-mapvote.smx()
L 03/18/2018 - 19:47:50: [SM] Call stack trace:
L 03/18/2018 - 19:47:50: [SM]   [0] KillTimer
L 03/18/2018 - 19:47:50: [SM]   [1] Line 686, D:\Documents\My Folder\Empires Custom UMC Stuff\SourceMod\Workspace\umc-emp-mapvote.sp::UMC_OnNextmapSet()
L 03/18/2018 - 19:47:50: [SM]   [3] Call_Finish
L 03/18/2018 - 19:47:50: [SM]   [4] Line 4834, D:\Documents\My Folder\Empires Custom UMC Stuff\SourceMod\Workspace\umc-core.sp::DoMapChange()
L 03/18/2018 - 19:47:50: [SM]   [5] Line 4267, D:\Documents\My Folder\Empires Custom UMC Stuff\SourceMod\Workspace\umc-core.sp::Handle_MapVoteWinner()
L 03/18/2018 - 19:47:50: [SM]   [6] Line 3819, D:\Documents\My Folder\Empires Custom UMC Stuff\SourceMod\Workspace\umc-core.sp::ProcessVoteWinner()
L 03/18/2018 - 19:47:50: [SM]   [7] Line 3795, D:\Documents\My Folder\Empires Custom UMC Stuff\SourceMod\Workspace\umc-core.sp::ProcessVoteResults()
L 03/18/2018 - 19:47:50: [SM]   [8] Line 1277, D:\Documents\My Folder\Empires Custom UMC Stuff\SourceMod\Workspace\umc-core.sp::Native_UMCVoteManagerComplete()
L 03/18/2018 - 19:47:50: [SM]   [10] UMC_VoteManagerVoteCompleted
L 03/18/2018 - 19:47:50: [SM]   [11] Line 2309, D:\Documents\My Folder\Empires Custom UMC Stuff\SourceMod\Workspace\umc-core.sp::Handle_MapVoteResults()
L 03/18/2018 - 19:47:56: Error log file session closed.
L 03/18/2018 - 20:26:26: SourceMod error session started
L 03/18/2018 - 20:26:26: Info (map "emp_nuclear_b8u_xfix") (file "errors_20180318.log")
L 03/18/2018 - 20:26:26: [SM] Exception reported: Invalid timer handle 2202030b (error 1)
L 03/18/2018 - 20:26:26: [SM] Blaming: umc-emp-mapvote.smx()
L 03/18/2018 - 20:26:26: [SM] Call stack trace:
L 03/18/2018 - 20:26:26: [SM]   [0] KillTimer
L 03/18/2018 - 20:26:26: [SM]   [1] Line 686, D:\Documents\My Folder\Empires Custom UMC Stuff\SourceMod\Workspace\umc-emp-mapvote.sp::UMC_OnNextmapSet()
L 03/18/2018 - 20:26:26: [SM]   [3] Call_Finish
L 03/18/2018 - 20:26:26: [SM]   [4] Line 4834, D:\Documents\My Folder\Empires Custom UMC Stuff\SourceMod\Workspace\umc-core.sp::DoMapChange()
L 03/18/2018 - 20:26:26: [SM]   [5] Line 4267, D:\Documents\My Folder\Empires Custom UMC Stuff\SourceMod\Workspace\umc-core.sp::Handle_MapVoteWinner()
L 03/18/2018 - 20:26:26: [SM]   [6] Line 3819, D:\Documents\My Folder\Empires Custom UMC Stuff\SourceMod\Workspace\umc-core.sp::ProcessVoteWinner()
L 03/18/2018 - 20:26:26: [SM]   [7] Line 3795, D:\Documents\My Folder\Empires Custom UMC Stuff\SourceMod\Workspace\umc-core.sp::ProcessVoteResults()
L 03/18/2018 - 20:26:26: [SM]   [8] Line 1277, D:\Documents\My Folder\Empires Custom UMC Stuff\SourceMod\Workspace\umc-core.sp::Native_UMCVoteManagerComplete()
L 03/18/2018 - 20:26:26: [SM]   [10] UMC_VoteManagerVoteCompleted
L 03/18/2018 - 20:26:26: [SM]   [11] Line 2309, D:\Documents\My Folder\Empires Custom UMC Stuff\SourceMod\Workspace\umc-core.sp::Handle_MapVoteResults()
L 03/18/2018 - 20:26:31: Error log file session closed.
L 03/18/2018 - 21:07:19: SourceMod error session started
L 03/18/2018 - 21:07:19: Info (map "emp_downfall_hce") (file "errors_20180318.log")
L 03/18/2018 - 21:07:19: [SM] Exception reported: Invalid timer handle 2c13016e (error 3)
L 03/18/2018 - 21:07:19: [SM] Blaming: umc-emp-mapvote.smx()
L 03/18/2018 - 21:07:19: [SM] Call stack trace:
L 03/18/2018 - 21:07:19: [SM]   [0] KillTimer
L 03/18/2018 - 21:07:19: [SM]   [1] Line 686, D:\Documents\My Folder\Empires Custom UMC Stuff\SourceMod\Workspace\umc-emp-mapvote.sp::UMC_OnNextmapSet()
L 03/18/2018 - 21:07:19: [SM]   [3] Call_Finish
L 03/18/2018 - 21:07:19: [SM]   [4] Line 4834, D:\Documents\My Folder\Empires Custom UMC Stuff\SourceMod\Workspace\umc-core.sp::DoMapChange()
L 03/18/2018 - 21:07:19: [SM]   [5] Line 4267, D:\Documents\My Folder\Empires Custom UMC Stuff\SourceMod\Workspace\umc-core.sp::Handle_MapVoteWinner()
L 03/18/2018 - 21:07:19: [SM]   [6] Line 3819, D:\Documents\My Folder\Empires Custom UMC Stuff\SourceMod\Workspace\umc-core.sp::ProcessVoteWinner()
L 03/18/2018 - 21:07:19: [SM]   [7] Line 3795, D:\Documents\My Folder\Empires Custom UMC Stuff\SourceMod\Workspace\umc-core.sp::ProcessVoteResults()
L 03/18/2018 - 21:07:19: [SM]   [8] Line 1277, D:\Documents\My Folder\Empires Custom UMC Stuff\SourceMod\Workspace\umc-core.sp::Native_UMCVoteManagerComplete()
L 03/18/2018 - 21:07:19: [SM]   [10] UMC_VoteManagerVoteCompleted
L 03/18/2018 - 21:07:19: [SM]   [11] Line 2309, D:\Documents\My Folder\Empires Custom UMC Stuff\SourceMod\Workspace\umc-core.sp::Handle_MapVoteResults()
L 03/18/2018 - 21:07:25: Error log file session closed.
L 03/18/2018 - 22:04:26: SourceMod error session started
L 03/18/2018 - 22:04:26: Info (map "emp_palmbay_fix") (file "errors_20180318.log")
L 03/18/2018 - 22:04:26: [SM] Exception reported: Invalid timer handle 3f7d015d (error 3)
L 03/18/2018 - 22:04:26: [SM] Blaming: umc-emp-mapvote.smx()
L 03/18/2018 - 22:04:26: [SM] Call stack trace:
L 03/18/2018 - 22:04:26: [SM]   [0] KillTimer
L 03/18/2018 - 22:04:26: [SM]   [1] Line 686, D:\Documents\My Folder\Empires Custom UMC Stuff\SourceMod\Workspace\umc-emp-mapvote.sp::UMC_OnNextmapSet()
L 03/18/2018 - 22:04:26: [SM]   [3] Call_Finish
L 03/18/2018 - 22:04:26: [SM]   [4] Line 4834, D:\Documents\My Folder\Empires Custom UMC Stuff\SourceMod\Workspace\umc-core.sp::DoMapChange()
L 03/18/2018 - 22:04:26: [SM]   [5] Line 4267, D:\Documents\My Folder\Empires Custom UMC Stuff\SourceMod\Workspace\umc-core.sp::Handle_MapVoteWinner()
L 03/18/2018 - 22:04:26: [SM]   [6] Line 3819, D:\Documents\My Folder\Empires Custom UMC Stuff\SourceMod\Workspace\umc-core.sp::ProcessVoteWinner()
L 03/18/2018 - 22:04:26: [SM]   [7] Line 3795, D:\Documents\My Folder\Empires Custom UMC Stuff\SourceMod\Workspace\umc-core.sp::ProcessVoteResults()
L 03/18/2018 - 22:04:26: [SM]   [8] Line 1277, D:\Documents\My Folder\Empires Custom UMC Stuff\SourceMod\Workspace\umc-core.sp::Native_UMCVoteManagerComplete()
L 03/18/2018 - 22:04:26: [SM]   [10] UMC_VoteManagerVoteCompleted
L 03/18/2018 - 22:04:26: [SM]   [11] Line 2309, D:\Documents\My Folder\Empires Custom UMC Stuff\SourceMod\Workspace\umc-core.sp::Handle_MapVoteResults()
L 03/18/2018 - 22:04:32: Error log file session closed.
L 03/18/2018 - 22:06:03: SourceMod error session started
L 03/18/2018 - 22:06:03: Info (map "emp_coast") (file "errors_20180318.log")
L 03/18/2018 - 22:06:03: [SM] Exception reported: Heap leak detected: hp:14128 should be 14104!
L 03/18/2018 - 22:25:13: [SM] Exception reported: Invalid timer handle 4b82037a (error 1)
L 03/18/2018 - 22:25:13: [SM] Blaming: umc-emp-mapvote.smx()
L 03/18/2018 - 22:25:13: [SM] Call stack trace:
L 03/18/2018 - 22:25:13: [SM]   [0] KillTimer
L 03/18/2018 - 22:25:13: [SM]   [1] Line 686, D:\Documents\My Folder\Empires Custom UMC Stuff\SourceMod\Workspace\umc-emp-mapvote.sp::UMC_OnNextmapSet()
L 03/18/2018 - 22:25:13: [SM]   [3] Call_Finish
L 03/18/2018 - 22:25:13: [SM]   [4] Line 4834, D:\Documents\My Folder\Empires Custom UMC Stuff\SourceMod\Workspace\umc-core.sp::DoMapChange()
L 03/18/2018 - 22:25:13: [SM]   [5] Line 4267, D:\Documents\My Folder\Empires Custom UMC Stuff\SourceMod\Workspace\umc-core.sp::Handle_MapVoteWinner()
L 03/18/2018 - 22:25:13: [SM]   [6] Line 3819, D:\Documents\My Folder\Empires Custom UMC Stuff\SourceMod\Workspace\umc-core.sp::ProcessVoteWinner()
L 03/18/2018 - 22:25:13: [SM]   [7] Line 3795, D:\Documents\My Folder\Empires Custom UMC Stuff\SourceMod\Workspace\umc-core.sp::ProcessVoteResults()
L 03/18/2018 - 22:25:13: [SM]   [8] Line 1277, D:\Documents\My Folder\Empires Custom UMC Stuff\SourceMod\Workspace\umc-core.sp::Native_UMCVoteManagerComplete()
L 03/18/2018 - 22:25:13: [SM]   [10] UMC_VoteManagerVoteCompleted
L 03/18/2018 - 22:25:13: [SM]   [11] Line 2309, D:\Documents\My Folder\Empires Custom UMC Stuff\SourceMod\Workspace\umc-core.sp::Handle_MapVoteResults()
L 03/18/2018 - 22:25:19: Error log file session closed.
L 03/18/2018 - 22:26:45: SourceMod error session started
L 03/18/2018 - 22:26:45: Info (map "emp_streetsoffire_fix") (file "errors_20180318.log")
L 03/18/2018 - 22:26:45: [SM] Exception reported: Heap leak detected: hp:14152 should be 14128!
L 03/18/2018 - 22:46:18: [SM] Exception reported: Invalid timer handle 57df030d (error 1)
L 03/18/2018 - 22:46:18: [SM] Blaming: umc-emp-mapvote.smx()
L 03/18/2018 - 22:46:18: [SM] Call stack trace:
L 03/18/2018 - 22:46:18: [SM]   [0] KillTimer
L 03/18/2018 - 22:46:18: [SM]   [1] Line 686, D:\Documents\My Folder\Empires Custom UMC Stuff\SourceMod\Workspace\umc-emp-mapvote.sp::UMC_OnNextmapSet()
L 03/18/2018 - 22:46:18: [SM]   [3] Call_Finish
L 03/18/2018 - 22:46:18: [SM]   [4] Line 4834, D:\Documents\My Folder\Empires Custom UMC Stuff\SourceMod\Workspace\umc-core.sp::DoMapChange()
L 03/18/2018 - 22:46:18: [SM]   [5] Line 4267, D:\Documents\My Folder\Empires Custom UMC Stuff\SourceMod\Workspace\umc-core.sp::Handle_MapVoteWinner()
L 03/18/2018 - 22:46:18: [SM]   [6] Line 3819, D:\Documents\My Folder\Empires Custom UMC Stuff\SourceMod\Workspace\umc-core.sp::ProcessVoteWinner()
L 03/18/2018 - 22:46:18: [SM]   [7] Line 3795, D:\Documents\My Folder\Empires Custom UMC Stuff\SourceMod\Workspace\umc-core.sp::ProcessVoteResults()
L 03/18/2018 - 22:46:18: [SM]   [8] Line 1277, D:\Documents\My Folder\Empires Custom UMC Stuff\SourceMod\Workspace\umc-core.sp::Native_UMCVoteManagerComplete()
L 03/18/2018 - 22:46:18: [SM]   [10] UMC_VoteManagerVoteCompleted
L 03/18/2018 - 22:46:18: [SM]   [11] Line 2309, D:\Documents\My Folder\Empires Custom UMC Stuff\SourceMod\Workspace\umc-core.sp::Handle_MapVoteResults()
L 03/18/2018 - 22:46:24: Error log file session closed.
L 03/18/2018 - 22:48:06: SourceMod error session started
L 03/18/2018 - 22:48:06: Info (map "emp_homeland_b9") (file "errors_20180318.log")
L 03/18/2018 - 22:48:06: [SM] Exception reported: Heap leak detected: hp:14176 should be 14152!
L 03/18/2018 - 23:55:06: [SM] Exception reported: Invalid timer handle 7194030d (error 1)
L 03/18/2018 - 23:55:06: [SM] Blaming: umc-emp-mapvote.smx()
L 03/18/2018 - 23:55:06: [SM] Call stack trace:
L 03/18/2018 - 23:55:06: [SM]   [0] KillTimer
L 03/18/2018 - 23:55:06: [SM]   [1] Line 686, D:\Documents\My Folder\Empires Custom UMC Stuff\SourceMod\Workspace\umc-emp-mapvote.sp::UMC_OnNextmapSet()
L 03/18/2018 - 23:55:06: [SM]   [3] Call_Finish
L 03/18/2018 - 23:55:06: [SM]   [4] Line 4834, D:\Documents\My Folder\Empires Custom UMC Stuff\SourceMod\Workspace\umc-core.sp::DoMapChange()
L 03/18/2018 - 23:55:06: [SM]   [5] Line 1767, D:\Documents\My Folder\Empires Custom UMC Stuff\SourceMod\Workspace\umc-core.sp::Native_UMCSetNextMap()
L 03/18/2018 - 23:55:06: [SM]   [7] UMC_SetNextMap
L 03/18/2018 - 23:55:06: [SM]   [8] Line 621, D:\Documents\My Folder\Empires Custom UMC Stuff\SourceMod\Workspace\umc-emp-mapvote.sp::DoRandomNextMap()
L 03/18/2018 - 23:55:06: [SM]   [9] Line 606, D:\Documents\My Folder\Empires Custom UMC Stuff\SourceMod\Workspace\umc-emp-mapvote.sp::DoMapChangeFailSafe()
L 03/18/2018 - 23:55:06: [SM]   [10] Line 722, D:\Documents\My Folder\Empires Custom UMC Stuff\SourceMod\Workspace\umc-emp-mapvote.sp::UMC_OnVoteFailed()
L 03/18/2018 - 23:55:06: [SM]   [12] Call_Finish
L 03/18/2018 - 23:55:06: [SM]   [13] Line 4796, D:\Documents\My Folder\Empires Custom UMC Stuff\SourceMod\Workspace\umc-core.sp::VoteFailed()
L 03/18/2018 - 23:55:06: [SM]   [14] Line 3507, D:\Documents\My Folder\Empires Custom UMC Stuff\SourceMod\Workspace\umc-core.sp::VoteCancelled()
L 03/18/2018 - 23:55:06: [SM]   [15] Line 1177, D:\Documents\My Folder\Empires Custom UMC Stuff\SourceMod\Workspace\umc-core.sp::Native_UMCVoteManagerCancel()
L 03/18/2018 - 23:55:06: [SM]   [17] UMC_VoteManagerVoteCancelled
L 03/18/2018 - 23:55:06: [SM]   [18] Line 2276, D:\Documents\My Folder\Empires Custom UMC Stuff\SourceMod\Workspace\umc-core.sp::Handle_VoteMenu()
L 03/18/2018 - 23:55:07: Error log file session closed.
