L 06/15/2017 - 00:25:37: SourceMod error session started
L 06/15/2017 - 00:25:37: Info (map "emp_drygulch_a6") (file "errors_20170615.log")
L 06/15/2017 - 00:25:37: [SM] Exception reported: Invalid timer handle 81460317 (error 1)
L 06/15/2017 - 00:25:37: [SM] Blaming: umc-emp-mapvote.smx()
L 06/15/2017 - 00:25:37: [SM] Call stack trace:
L 06/15/2017 - 00:25:37: [SM]   [0] KillTimer
L 06/15/2017 - 00:25:37: [SM]   [1] Line 686, D:\Documents\My Folder\Empires Custom UMC Stuff\SourceMod\Workspace\umc-emp-mapvote.sp::UMC_OnNextmapSet()
L 06/15/2017 - 00:25:37: [SM]   [3] Call_Finish
L 06/15/2017 - 00:25:37: [SM]   [4] Line 4834, D:\Documents\My Folder\Empires Custom UMC Stuff\SourceMod\Workspace\umc-core.sp::DoMapChange()
L 06/15/2017 - 00:25:37: [SM]   [5] Line 4267, D:\Documents\My Folder\Empires Custom UMC Stuff\SourceMod\Workspace\umc-core.sp::Handle_MapVoteWinner()
L 06/15/2017 - 00:25:37: [SM]   [6] Line 3819, D:\Documents\My Folder\Empires Custom UMC Stuff\SourceMod\Workspace\umc-core.sp::ProcessVoteWinner()
L 06/15/2017 - 00:25:37: [SM]   [7] Line 3795, D:\Documents\My Folder\Empires Custom UMC Stuff\SourceMod\Workspace\umc-core.sp::ProcessVoteResults()
L 06/15/2017 - 00:25:37: [SM]   [8] Line 1277, D:\Documents\My Folder\Empires Custom UMC Stuff\SourceMod\Workspace\umc-core.sp::Native_UMCVoteManagerComplete()
L 06/15/2017 - 00:25:37: [SM]   [10] UMC_VoteManagerVoteCompleted
L 06/15/2017 - 00:25:37: [SM]   [11] Line 2309, D:\Documents\My Folder\Empires Custom UMC Stuff\SourceMod\Workspace\umc-core.sp::Handle_MapVoteResults()
L 06/15/2017 - 00:25:43: Error log file session closed.
L 06/15/2017 - 02:17:47: SourceMod error session started
L 06/15/2017 - 02:17:47: Info (map "emp_downfall") (file "errors_20170615.log")
L 06/15/2017 - 02:17:47: [SM] Exception reported: Invalid timer handle b2980316 (error 1)
L 06/15/2017 - 02:17:47: [SM] Blaming: umc-emp-mapvote.smx()
L 06/15/2017 - 02:17:47: [SM] Call stack trace:
L 06/15/2017 - 02:17:47: [SM]   [0] KillTimer
L 06/15/2017 - 02:17:47: [SM]   [1] Line 686, D:\Documents\My Folder\Empires Custom UMC Stuff\SourceMod\Workspace\umc-emp-mapvote.sp::UMC_OnNextmapSet()
L 06/15/2017 - 02:17:47: [SM]   [3] Call_Finish
L 06/15/2017 - 02:17:47: [SM]   [4] Line 4834, D:\Documents\My Folder\Empires Custom UMC Stuff\SourceMod\Workspace\umc-core.sp::DoMapChange()
L 06/15/2017 - 02:17:47: [SM]   [5] Line 4267, D:\Documents\My Folder\Empires Custom UMC Stuff\SourceMod\Workspace\umc-core.sp::Handle_MapVoteWinner()
L 06/15/2017 - 02:17:47: [SM]   [6] Line 3819, D:\Documents\My Folder\Empires Custom UMC Stuff\SourceMod\Workspace\umc-core.sp::ProcessVoteWinner()
L 06/15/2017 - 02:17:47: [SM]   [7] Line 3795, D:\Documents\My Folder\Empires Custom UMC Stuff\SourceMod\Workspace\umc-core.sp::ProcessVoteResults()
L 06/15/2017 - 02:17:47: [SM]   [8] Line 1277, D:\Documents\My Folder\Empires Custom UMC Stuff\SourceMod\Workspace\umc-core.sp::Native_UMCVoteManagerComplete()
L 06/15/2017 - 02:17:47: [SM]   [10] UMC_VoteManagerVoteCompleted
L 06/15/2017 - 02:17:47: [SM]   [11] Line 2309, D:\Documents\My Folder\Empires Custom UMC Stuff\SourceMod\Workspace\umc-core.sp::Handle_MapVoteResults()
L 06/15/2017 - 02:17:52: Error log file session closed.
L 06/15/2017 - 02:36:19: SourceMod error session started
L 06/15/2017 - 02:36:19: Info (map "emp_traders_a8") (file "errors_20170615.log")
L 06/15/2017 - 02:36:19: [SM] Exception reported: Invalid timer handle bd9302f8 (error 1)
L 06/15/2017 - 02:36:19: [SM] Blaming: umc-emp-mapvote.smx()
L 06/15/2017 - 02:36:19: [SM] Call stack trace:
L 06/15/2017 - 02:36:19: [SM]   [0] KillTimer
L 06/15/2017 - 02:36:19: [SM]   [1] Line 686, D:\Documents\My Folder\Empires Custom UMC Stuff\SourceMod\Workspace\umc-emp-mapvote.sp::UMC_OnNextmapSet()
L 06/15/2017 - 02:36:19: [SM]   [3] Call_Finish
L 06/15/2017 - 02:36:19: [SM]   [4] Line 4834, D:\Documents\My Folder\Empires Custom UMC Stuff\SourceMod\Workspace\umc-core.sp::DoMapChange()
L 06/15/2017 - 02:36:19: [SM]   [5] Line 4267, D:\Documents\My Folder\Empires Custom UMC Stuff\SourceMod\Workspace\umc-core.sp::Handle_MapVoteWinner()
L 06/15/2017 - 02:36:19: [SM]   [6] Line 3819, D:\Documents\My Folder\Empires Custom UMC Stuff\SourceMod\Workspace\umc-core.sp::ProcessVoteWinner()
L 06/15/2017 - 02:36:19: [SM]   [7] Line 3795, D:\Documents\My Folder\Empires Custom UMC Stuff\SourceMod\Workspace\umc-core.sp::ProcessVoteResults()
L 06/15/2017 - 02:36:19: [SM]   [8] Line 1277, D:\Documents\My Folder\Empires Custom UMC Stuff\SourceMod\Workspace\umc-core.sp::Native_UMCVoteManagerComplete()
L 06/15/2017 - 02:36:19: [SM]   [10] UMC_VoteManagerVoteCompleted
L 06/15/2017 - 02:36:19: [SM]   [11] Line 2309, D:\Documents\My Folder\Empires Custom UMC Stuff\SourceMod\Workspace\umc-core.sp::Handle_MapVoteResults()
L 06/15/2017 - 02:36:25: Error log file session closed.
L 06/15/2017 - 03:00:30: SourceMod error session started
L 06/15/2017 - 03:00:30: Info (map "emp_blah4") (file "errors_20170615.log")
L 06/15/2017 - 03:00:30: [SM] Exception reported: Invalid timer handle c82902f0 (error 1)
L 06/15/2017 - 03:00:30: [SM] Blaming: umc-emp-mapvote.smx()
L 06/15/2017 - 03:00:30: [SM] Call stack trace:
L 06/15/2017 - 03:00:30: [SM]   [0] KillTimer
L 06/15/2017 - 03:00:30: [SM]   [1] Line 686, D:\Documents\My Folder\Empires Custom UMC Stuff\SourceMod\Workspace\umc-emp-mapvote.sp::UMC_OnNextmapSet()
L 06/15/2017 - 03:00:30: [SM]   [3] Call_Finish
L 06/15/2017 - 03:00:30: [SM]   [4] Line 4834, D:\Documents\My Folder\Empires Custom UMC Stuff\SourceMod\Workspace\umc-core.sp::DoMapChange()
L 06/15/2017 - 03:00:30: [SM]   [5] Line 4267, D:\Documents\My Folder\Empires Custom UMC Stuff\SourceMod\Workspace\umc-core.sp::Handle_MapVoteWinner()
L 06/15/2017 - 03:00:30: [SM]   [6] Line 3819, D:\Documents\My Folder\Empires Custom UMC Stuff\SourceMod\Workspace\umc-core.sp::ProcessVoteWinner()
L 06/15/2017 - 03:00:30: [SM]   [7] Line 3795, D:\Documents\My Folder\Empires Custom UMC Stuff\SourceMod\Workspace\umc-core.sp::ProcessVoteResults()
L 06/15/2017 - 03:00:30: [SM]   [8] Line 1277, D:\Documents\My Folder\Empires Custom UMC Stuff\SourceMod\Workspace\umc-core.sp::Native_UMCVoteManagerComplete()
L 06/15/2017 - 03:00:30: [SM]   [10] UMC_VoteManagerVoteCompleted
L 06/15/2017 - 03:00:30: [SM]   [11] Line 2309, D:\Documents\My Folder\Empires Custom UMC Stuff\SourceMod\Workspace\umc-core.sp::Handle_MapVoteResults()
L 06/15/2017 - 03:00:36: Error log file session closed.
L 06/15/2017 - 03:18:57: SourceMod error session started
L 06/15/2017 - 03:18:57: Info (map "emp_blast_ob1") (file "errors_20170615.log")
L 06/15/2017 - 03:18:57: [SM] Exception reported: Invalid timer handle d90d033f (error 1)
L 06/15/2017 - 03:18:57: [SM] Blaming: umc-emp-mapvote.smx()
L 06/15/2017 - 03:18:57: [SM] Call stack trace:
L 06/15/2017 - 03:18:57: [SM]   [0] KillTimer
L 06/15/2017 - 03:18:57: [SM]   [1] Line 686, D:\Documents\My Folder\Empires Custom UMC Stuff\SourceMod\Workspace\umc-emp-mapvote.sp::UMC_OnNextmapSet()
L 06/15/2017 - 03:18:57: [SM]   [3] Call_Finish
L 06/15/2017 - 03:18:57: [SM]   [4] Line 4834, D:\Documents\My Folder\Empires Custom UMC Stuff\SourceMod\Workspace\umc-core.sp::DoMapChange()
L 06/15/2017 - 03:18:57: [SM]   [5] Line 4267, D:\Documents\My Folder\Empires Custom UMC Stuff\SourceMod\Workspace\umc-core.sp::Handle_MapVoteWinner()
L 06/15/2017 - 03:18:57: [SM]   [6] Line 3819, D:\Documents\My Folder\Empires Custom UMC Stuff\SourceMod\Workspace\umc-core.sp::ProcessVoteWinner()
L 06/15/2017 - 03:18:57: [SM]   [7] Line 3795, D:\Documents\My Folder\Empires Custom UMC Stuff\SourceMod\Workspace\umc-core.sp::ProcessVoteResults()
L 06/15/2017 - 03:18:57: [SM]   [8] Line 1277, D:\Documents\My Folder\Empires Custom UMC Stuff\SourceMod\Workspace\umc-core.sp::Native_UMCVoteManagerComplete()
L 06/15/2017 - 03:18:57: [SM]   [10] UMC_VoteManagerVoteCompleted
L 06/15/2017 - 03:18:57: [SM]   [11] Line 2309, D:\Documents\My Folder\Empires Custom UMC Stuff\SourceMod\Workspace\umc-core.sp::Handle_MapVoteResults()
L 06/15/2017 - 03:19:03: Error log file session closed.
L 06/15/2017 - 03:35:10: SourceMod error session started
L 06/15/2017 - 03:35:10: Info (map "emp_shadows_attacks_fix") (file "errors_20170615.log")
L 06/15/2017 - 03:35:10: [SM] Exception reported: Invalid timer handle de37035a (error 1)
L 06/15/2017 - 03:35:10: [SM] Blaming: umc-emp-mapvote.smx()
L 06/15/2017 - 03:35:10: [SM] Call stack trace:
L 06/15/2017 - 03:35:10: [SM]   [0] KillTimer
L 06/15/2017 - 03:35:10: [SM]   [1] Line 686, D:\Documents\My Folder\Empires Custom UMC Stuff\SourceMod\Workspace\umc-emp-mapvote.sp::UMC_OnNextmapSet()
L 06/15/2017 - 03:35:10: [SM]   [3] Call_Finish
L 06/15/2017 - 03:35:10: [SM]   [4] Line 4834, D:\Documents\My Folder\Empires Custom UMC Stuff\SourceMod\Workspace\umc-core.sp::DoMapChange()
L 06/15/2017 - 03:35:10: [SM]   [5] Line 4267, D:\Documents\My Folder\Empires Custom UMC Stuff\SourceMod\Workspace\umc-core.sp::Handle_MapVoteWinner()
L 06/15/2017 - 03:35:10: [SM]   [6] Line 3819, D:\Documents\My Folder\Empires Custom UMC Stuff\SourceMod\Workspace\umc-core.sp::ProcessVoteWinner()
L 06/15/2017 - 03:35:10: [SM]   [7] Line 3795, D:\Documents\My Folder\Empires Custom UMC Stuff\SourceMod\Workspace\umc-core.sp::ProcessVoteResults()
L 06/15/2017 - 03:35:10: [SM]   [8] Line 1277, D:\Documents\My Folder\Empires Custom UMC Stuff\SourceMod\Workspace\umc-core.sp::Native_UMCVoteManagerComplete()
L 06/15/2017 - 03:35:10: [SM]   [10] UMC_VoteManagerVoteCompleted
L 06/15/2017 - 03:35:10: [SM]   [11] Line 2309, D:\Documents\My Folder\Empires Custom UMC Stuff\SourceMod\Workspace\umc-core.sp::Handle_MapVoteResults()
L 06/15/2017 - 03:35:16: Error log file session closed.
L 06/15/2017 - 04:17:37: SourceMod error session started
L 06/15/2017 - 04:17:37: Info (map "emp_crossroads") (file "errors_20170615.log")
L 06/15/2017 - 04:17:37: [SM] Exception reported: Invalid timer handle ed5d033e (error 1)
L 06/15/2017 - 04:17:37: [SM] Blaming: umc-emp-mapvote.smx()
L 06/15/2017 - 04:17:37: [SM] Call stack trace:
L 06/15/2017 - 04:17:37: [SM]   [0] KillTimer
L 06/15/2017 - 04:17:37: [SM]   [1] Line 686, D:\Documents\My Folder\Empires Custom UMC Stuff\SourceMod\Workspace\umc-emp-mapvote.sp::UMC_OnNextmapSet()
L 06/15/2017 - 04:17:37: [SM]   [3] Call_Finish
L 06/15/2017 - 04:17:37: [SM]   [4] Line 4834, D:\Documents\My Folder\Empires Custom UMC Stuff\SourceMod\Workspace\umc-core.sp::DoMapChange()
L 06/15/2017 - 04:17:37: [SM]   [5] Line 4267, D:\Documents\My Folder\Empires Custom UMC Stuff\SourceMod\Workspace\umc-core.sp::Handle_MapVoteWinner()
L 06/15/2017 - 04:17:37: [SM]   [6] Line 3819, D:\Documents\My Folder\Empires Custom UMC Stuff\SourceMod\Workspace\umc-core.sp::ProcessVoteWinner()
L 06/15/2017 - 04:17:37: [SM]   [7] Line 3795, D:\Documents\My Folder\Empires Custom UMC Stuff\SourceMod\Workspace\umc-core.sp::ProcessVoteResults()
L 06/15/2017 - 04:17:37: [SM]   [8] Line 1277, D:\Documents\My Folder\Empires Custom UMC Stuff\SourceMod\Workspace\umc-core.sp::Native_UMCVoteManagerComplete()
L 06/15/2017 - 04:17:37: [SM]   [10] UMC_VoteManagerVoteCompleted
L 06/15/2017 - 04:17:37: [SM]   [11] Line 2309, D:\Documents\My Folder\Empires Custom UMC Stuff\SourceMod\Workspace\umc-core.sp::Handle_MapVoteResults()
L 06/15/2017 - 04:17:43: Error log file session closed.
L 06/15/2017 - 09:41:39: SourceMod error session started
L 06/15/2017 - 09:41:39: Info (map "emp_drygulch_a6") (file "errors_20170615.log")
L 06/15/2017 - 09:41:39: [SM] Exception reported: Invalid timer handle fdb40355 (error 1)
L 06/15/2017 - 09:41:39: [SM] Blaming: umc-emp-mapvote.smx()
L 06/15/2017 - 09:41:39: [SM] Call stack trace:
L 06/15/2017 - 09:41:39: [SM]   [0] KillTimer
L 06/15/2017 - 09:41:39: [SM]   [1] Line 686, D:\Documents\My Folder\Empires Custom UMC Stuff\SourceMod\Workspace\umc-emp-mapvote.sp::UMC_OnNextmapSet()
L 06/15/2017 - 09:41:39: [SM]   [3] Call_Finish
L 06/15/2017 - 09:41:39: [SM]   [4] Line 4834, D:\Documents\My Folder\Empires Custom UMC Stuff\SourceMod\Workspace\umc-core.sp::DoMapChange()
L 06/15/2017 - 09:41:39: [SM]   [5] Line 4267, D:\Documents\My Folder\Empires Custom UMC Stuff\SourceMod\Workspace\umc-core.sp::Handle_MapVoteWinner()
L 06/15/2017 - 09:41:39: [SM]   [6] Line 3819, D:\Documents\My Folder\Empires Custom UMC Stuff\SourceMod\Workspace\umc-core.sp::ProcessVoteWinner()
L 06/15/2017 - 09:41:39: [SM]   [7] Line 3795, D:\Documents\My Folder\Empires Custom UMC Stuff\SourceMod\Workspace\umc-core.sp::ProcessVoteResults()
L 06/15/2017 - 09:41:39: [SM]   [8] Line 1277, D:\Documents\My Folder\Empires Custom UMC Stuff\SourceMod\Workspace\umc-core.sp::Native_UMCVoteManagerComplete()
L 06/15/2017 - 09:41:39: [SM]   [10] UMC_VoteManagerVoteCompleted
L 06/15/2017 - 09:41:39: [SM]   [11] Line 2309, D:\Documents\My Folder\Empires Custom UMC Stuff\SourceMod\Workspace\umc-core.sp::Handle_MapVoteResults()
L 06/15/2017 - 09:41:44: Error log file session closed.
L 06/15/2017 - 09:49:36: SourceMod error session started
L 06/15/2017 - 09:49:36: Info (map "emp_beachfront_b2") (file "errors_20170615.log")
L 06/15/2017 - 09:49:36: [SM] Exception reported: Invalid timer handle 29035a (error 1)
L 06/15/2017 - 09:49:36: [SM] Blaming: umc-emp-mapvote.smx()
L 06/15/2017 - 09:49:36: [SM] Call stack trace:
L 06/15/2017 - 09:49:36: [SM]   [0] KillTimer
L 06/15/2017 - 09:49:36: [SM]   [1] Line 686, D:\Documents\My Folder\Empires Custom UMC Stuff\SourceMod\Workspace\umc-emp-mapvote.sp::UMC_OnNextmapSet()
L 06/15/2017 - 09:49:36: [SM]   [3] Call_Finish
L 06/15/2017 - 09:49:36: [SM]   [4] Line 4834, D:\Documents\My Folder\Empires Custom UMC Stuff\SourceMod\Workspace\umc-core.sp::DoMapChange()
L 06/15/2017 - 09:49:36: [SM]   [5] Line 4267, D:\Documents\My Folder\Empires Custom UMC Stuff\SourceMod\Workspace\umc-core.sp::Handle_MapVoteWinner()
L 06/15/2017 - 09:49:36: [SM]   [6] Line 3819, D:\Documents\My Folder\Empires Custom UMC Stuff\SourceMod\Workspace\umc-core.sp::ProcessVoteWinner()
L 06/15/2017 - 09:49:36: [SM]   [7] Line 3795, D:\Documents\My Folder\Empires Custom UMC Stuff\SourceMod\Workspace\umc-core.sp::ProcessVoteResults()
L 06/15/2017 - 09:49:36: [SM]   [8] Line 1277, D:\Documents\My Folder\Empires Custom UMC Stuff\SourceMod\Workspace\umc-core.sp::Native_UMCVoteManagerComplete()
L 06/15/2017 - 09:49:36: [SM]   [10] UMC_VoteManagerVoteCompleted
L 06/15/2017 - 09:49:36: [SM]   [11] Line 2309, D:\Documents\My Folder\Empires Custom UMC Stuff\SourceMod\Workspace\umc-core.sp::Handle_MapVoteResults()
L 06/15/2017 - 09:49:42: Error log file session closed.
L 06/15/2017 - 10:02:02: SourceMod error session started
L 06/15/2017 - 10:02:02: Info (map "con_glycencity") (file "errors_20170615.log")
L 06/15/2017 - 10:02:02: [SM] Exception reported: Invalid timer handle 2e20314 (error 1)
L 06/15/2017 - 10:02:02: [SM] Blaming: umc-emp-mapvote.smx()
L 06/15/2017 - 10:02:02: [SM] Call stack trace:
L 06/15/2017 - 10:02:02: [SM]   [0] KillTimer
L 06/15/2017 - 10:02:02: [SM]   [1] Line 686, D:\Documents\My Folder\Empires Custom UMC Stuff\SourceMod\Workspace\umc-emp-mapvote.sp::UMC_OnNextmapSet()
L 06/15/2017 - 10:02:02: [SM]   [3] Call_Finish
L 06/15/2017 - 10:02:02: [SM]   [4] Line 4834, D:\Documents\My Folder\Empires Custom UMC Stuff\SourceMod\Workspace\umc-core.sp::DoMapChange()
L 06/15/2017 - 10:02:02: [SM]   [5] Line 4267, D:\Documents\My Folder\Empires Custom UMC Stuff\SourceMod\Workspace\umc-core.sp::Handle_MapVoteWinner()
L 06/15/2017 - 10:02:02: [SM]   [6] Line 3819, D:\Documents\My Folder\Empires Custom UMC Stuff\SourceMod\Workspace\umc-core.sp::ProcessVoteWinner()
L 06/15/2017 - 10:02:02: [SM]   [7] Line 3795, D:\Documents\My Folder\Empires Custom UMC Stuff\SourceMod\Workspace\umc-core.sp::ProcessVoteResults()
L 06/15/2017 - 10:02:02: [SM]   [8] Line 1277, D:\Documents\My Folder\Empires Custom UMC Stuff\SourceMod\Workspace\umc-core.sp::Native_UMCVoteManagerComplete()
L 06/15/2017 - 10:02:02: [SM]   [10] UMC_VoteManagerVoteCompleted
L 06/15/2017 - 10:02:02: [SM]   [11] Line 2309, D:\Documents\My Folder\Empires Custom UMC Stuff\SourceMod\Workspace\umc-core.sp::Handle_MapVoteResults()
L 06/15/2017 - 10:02:07: Error log file session closed.
L 06/15/2017 - 10:37:43: SourceMod error session started
L 06/15/2017 - 10:37:43: Info (map "emp_downfall") (file "errors_20170615.log")
L 06/15/2017 - 10:37:43: [umc-core.smx] VOTING: Not enough options to run a vote. 1 options available.
L 06/15/2017 - 10:37:43: [umc-core.smx] Could not start core vote.
L 06/15/2017 - 10:37:49: Error log file session closed.
L 06/15/2017 - 11:14:12: SourceMod error session started
L 06/15/2017 - 11:14:12: Info (map "emp_vehicletraining_2013") (file "errors_20170615.log")
L 06/15/2017 - 11:14:12: [SM] Exception reported: Invalid timer handle ea8032a (error 1)
L 06/15/2017 - 11:14:12: [SM] Blaming: umc-emp-mapvote.smx()
L 06/15/2017 - 11:14:12: [SM] Call stack trace:
L 06/15/2017 - 11:14:12: [SM]   [0] KillTimer
L 06/15/2017 - 11:14:12: [SM]   [1] Line 686, D:\Documents\My Folder\Empires Custom UMC Stuff\SourceMod\Workspace\umc-emp-mapvote.sp::UMC_OnNextmapSet()
L 06/15/2017 - 11:14:12: [SM]   [3] Call_Finish
L 06/15/2017 - 11:14:12: [SM]   [4] Line 4834, D:\Documents\My Folder\Empires Custom UMC Stuff\SourceMod\Workspace\umc-core.sp::DoMapChange()
L 06/15/2017 - 11:14:12: [SM]   [5] Line 4267, D:\Documents\My Folder\Empires Custom UMC Stuff\SourceMod\Workspace\umc-core.sp::Handle_MapVoteWinner()
L 06/15/2017 - 11:14:12: [SM]   [6] Line 3819, D:\Documents\My Folder\Empires Custom UMC Stuff\SourceMod\Workspace\umc-core.sp::ProcessVoteWinner()
L 06/15/2017 - 11:14:12: [SM]   [7] Line 3795, D:\Documents\My Folder\Empires Custom UMC Stuff\SourceMod\Workspace\umc-core.sp::ProcessVoteResults()
L 06/15/2017 - 11:14:12: [SM]   [8] Line 1277, D:\Documents\My Folder\Empires Custom UMC Stuff\SourceMod\Workspace\umc-core.sp::Native_UMCVoteManagerComplete()
L 06/15/2017 - 11:14:12: [SM]   [10] UMC_VoteManagerVoteCompleted
L 06/15/2017 - 11:14:12: [SM]   [11] Line 2309, D:\Documents\My Folder\Empires Custom UMC Stuff\SourceMod\Workspace\umc-core.sp::Handle_MapVoteResults()
L 06/15/2017 - 11:14:18: Error log file session closed.
L 06/15/2017 - 14:21:02: SourceMod error session started
L 06/15/2017 - 14:21:02: Info (map "emp_drygulch_a6") (file "errors_20170615.log")
L 06/15/2017 - 14:21:02: [SM] Exception reported: Invalid timer handle 1e1a02e6 (error 1)
L 06/15/2017 - 14:21:02: [SM] Blaming: umc-emp-mapvote.smx()
L 06/15/2017 - 14:21:02: [SM] Call stack trace:
L 06/15/2017 - 14:21:02: [SM]   [0] KillTimer
L 06/15/2017 - 14:21:02: [SM]   [1] Line 686, D:\Documents\My Folder\Empires Custom UMC Stuff\SourceMod\Workspace\umc-emp-mapvote.sp::UMC_OnNextmapSet()
L 06/15/2017 - 14:21:02: [SM]   [3] Call_Finish
L 06/15/2017 - 14:21:02: [SM]   [4] Line 4834, D:\Documents\My Folder\Empires Custom UMC Stuff\SourceMod\Workspace\umc-core.sp::DoMapChange()
L 06/15/2017 - 14:21:02: [SM]   [5] Line 4267, D:\Documents\My Folder\Empires Custom UMC Stuff\SourceMod\Workspace\umc-core.sp::Handle_MapVoteWinner()
L 06/15/2017 - 14:21:02: [SM]   [6] Line 3819, D:\Documents\My Folder\Empires Custom UMC Stuff\SourceMod\Workspace\umc-core.sp::ProcessVoteWinner()
L 06/15/2017 - 14:21:02: [SM]   [7] Line 3795, D:\Documents\My Folder\Empires Custom UMC Stuff\SourceMod\Workspace\umc-core.sp::ProcessVoteResults()
L 06/15/2017 - 14:21:02: [SM]   [8] Line 1277, D:\Documents\My Folder\Empires Custom UMC Stuff\SourceMod\Workspace\umc-core.sp::Native_UMCVoteManagerComplete()
L 06/15/2017 - 14:21:02: [SM]   [10] UMC_VoteManagerVoteCompleted
L 06/15/2017 - 14:21:02: [SM]   [11] Line 2309, D:\Documents\My Folder\Empires Custom UMC Stuff\SourceMod\Workspace\umc-core.sp::Handle_MapVoteResults()
L 06/15/2017 - 14:21:08: Error log file session closed.
L 06/15/2017 - 14:49:48: SourceMod error session started
L 06/15/2017 - 14:49:48: Info (map "emp_fogtown_cl2_fix") (file "errors_20170615.log")
L 06/15/2017 - 14:49:48: [SM] Exception reported: Invalid timer handle 23d602f0 (error 3)
L 06/15/2017 - 14:49:48: [SM] Blaming: umc-emp-mapvote.smx()
L 06/15/2017 - 14:49:48: [SM] Call stack trace:
L 06/15/2017 - 14:49:48: [SM]   [0] KillTimer
L 06/15/2017 - 14:49:48: [SM]   [1] Line 686, D:\Documents\My Folder\Empires Custom UMC Stuff\SourceMod\Workspace\umc-emp-mapvote.sp::UMC_OnNextmapSet()
L 06/15/2017 - 14:49:48: [SM]   [3] Call_Finish
L 06/15/2017 - 14:49:48: [SM]   [4] Line 4834, D:\Documents\My Folder\Empires Custom UMC Stuff\SourceMod\Workspace\umc-core.sp::DoMapChange()
L 06/15/2017 - 14:49:48: [SM]   [5] Line 1767, D:\Documents\My Folder\Empires Custom UMC Stuff\SourceMod\Workspace\umc-core.sp::Native_UMCSetNextMap()
L 06/15/2017 - 14:49:48: [SM]   [7] UMC_SetNextMap
L 06/15/2017 - 14:49:48: [SM]   [8] Line 621, D:\Documents\My Folder\Empires Custom UMC Stuff\SourceMod\Workspace\umc-emp-mapvote.sp::DoRandomNextMap()
L 06/15/2017 - 14:49:48: [SM]   [9] Line 606, D:\Documents\My Folder\Empires Custom UMC Stuff\SourceMod\Workspace\umc-emp-mapvote.sp::DoMapChangeFailSafe()
L 06/15/2017 - 14:49:48: [SM]   [10] Line 722, D:\Documents\My Folder\Empires Custom UMC Stuff\SourceMod\Workspace\umc-emp-mapvote.sp::UMC_OnVoteFailed()
L 06/15/2017 - 14:49:48: [SM]   [12] Call_Finish
L 06/15/2017 - 14:49:48: [SM]   [13] Line 4796, D:\Documents\My Folder\Empires Custom UMC Stuff\SourceMod\Workspace\umc-core.sp::VoteFailed()
L 06/15/2017 - 14:49:48: [SM]   [14] Line 3507, D:\Documents\My Folder\Empires Custom UMC Stuff\SourceMod\Workspace\umc-core.sp::VoteCancelled()
L 06/15/2017 - 14:49:48: [SM]   [15] Line 1177, D:\Documents\My Folder\Empires Custom UMC Stuff\SourceMod\Workspace\umc-core.sp::Native_UMCVoteManagerCancel()
L 06/15/2017 - 14:49:48: [SM]   [17] UMC_VoteManagerVoteCancelled
L 06/15/2017 - 14:49:48: [SM]   [18] Line 2276, D:\Documents\My Folder\Empires Custom UMC Stuff\SourceMod\Workspace\umc-core.sp::Handle_VoteMenu()
L 06/15/2017 - 14:49:54: Error log file session closed.
L 06/15/2017 - 18:13:18: SourceMod error session started
L 06/15/2017 - 18:13:18: Info (map "con_urbanchaos_fix") (file "errors_20170615.log")
L 06/15/2017 - 18:13:18: [SM] Exception reported: Invalid timer handle 2f5e0355 (error 1)
L 06/15/2017 - 18:13:18: [SM] Blaming: umc-emp-mapvote.smx()
L 06/15/2017 - 18:13:18: [SM] Call stack trace:
L 06/15/2017 - 18:13:18: [SM]   [0] KillTimer
L 06/15/2017 - 18:13:18: [SM]   [1] Line 686, D:\Documents\My Folder\Empires Custom UMC Stuff\SourceMod\Workspace\umc-emp-mapvote.sp::UMC_OnNextmapSet()
L 06/15/2017 - 18:13:18: [SM]   [3] Call_Finish
L 06/15/2017 - 18:13:18: [SM]   [4] Line 4834, D:\Documents\My Folder\Empires Custom UMC Stuff\SourceMod\Workspace\umc-core.sp::DoMapChange()
L 06/15/2017 - 18:13:18: [SM]   [5] Line 4267, D:\Documents\My Folder\Empires Custom UMC Stuff\SourceMod\Workspace\umc-core.sp::Handle_MapVoteWinner()
L 06/15/2017 - 18:13:18: [SM]   [6] Line 3819, D:\Documents\My Folder\Empires Custom UMC Stuff\SourceMod\Workspace\umc-core.sp::ProcessVoteWinner()
L 06/15/2017 - 18:13:18: [SM]   [7] Line 3795, D:\Documents\My Folder\Empires Custom UMC Stuff\SourceMod\Workspace\umc-core.sp::ProcessVoteResults()
L 06/15/2017 - 18:13:18: [SM]   [8] Line 1277, D:\Documents\My Folder\Empires Custom UMC Stuff\SourceMod\Workspace\umc-core.sp::Native_UMCVoteManagerComplete()
L 06/15/2017 - 18:13:18: [SM]   [10] UMC_VoteManagerVoteCompleted
L 06/15/2017 - 18:13:18: [SM]   [11] Line 2309, D:\Documents\My Folder\Empires Custom UMC Stuff\SourceMod\Workspace\umc-core.sp::Handle_MapVoteResults()
L 06/15/2017 - 18:13:23: Error log file session closed.
L 06/15/2017 - 18:32:38: SourceMod error session started
L 06/15/2017 - 18:32:38: Info (map "emp_beachfront_b2") (file "errors_20170615.log")
L 06/15/2017 - 18:32:38: [SM] Exception reported: Invalid timer handle 31ee034c (error 3)
L 06/15/2017 - 18:32:38: [SM] Blaming: umc-emp-mapvote.smx()
L 06/15/2017 - 18:32:38: [SM] Call stack trace:
L 06/15/2017 - 18:32:38: [SM]   [0] KillTimer
L 06/15/2017 - 18:32:38: [SM]   [1] Line 686, D:\Documents\My Folder\Empires Custom UMC Stuff\SourceMod\Workspace\umc-emp-mapvote.sp::UMC_OnNextmapSet()
L 06/15/2017 - 18:32:38: [SM]   [3] Call_Finish
L 06/15/2017 - 18:32:38: [SM]   [4] Line 4834, D:\Documents\My Folder\Empires Custom UMC Stuff\SourceMod\Workspace\umc-core.sp::DoMapChange()
L 06/15/2017 - 18:32:38: [SM]   [5] Line 1767, D:\Documents\My Folder\Empires Custom UMC Stuff\SourceMod\Workspace\umc-core.sp::Native_UMCSetNextMap()
L 06/15/2017 - 18:32:38: [SM]   [7] UMC_SetNextMap
L 06/15/2017 - 18:32:38: [SM]   [8] Line 621, D:\Documents\My Folder\Empires Custom UMC Stuff\SourceMod\Workspace\umc-emp-mapvote.sp::DoRandomNextMap()
L 06/15/2017 - 18:32:38: [SM]   [9] Line 606, D:\Documents\My Folder\Empires Custom UMC Stuff\SourceMod\Workspace\umc-emp-mapvote.sp::DoMapChangeFailSafe()
L 06/15/2017 - 18:32:38: [SM]   [10] Line 722, D:\Documents\My Folder\Empires Custom UMC Stuff\SourceMod\Workspace\umc-emp-mapvote.sp::UMC_OnVoteFailed()
L 06/15/2017 - 18:32:38: [SM]   [12] Call_Finish
L 06/15/2017 - 18:32:38: [SM]   [13] Line 4796, D:\Documents\My Folder\Empires Custom UMC Stuff\SourceMod\Workspace\umc-core.sp::VoteFailed()
L 06/15/2017 - 18:32:38: [SM]   [14] Line 3507, D:\Documents\My Folder\Empires Custom UMC Stuff\SourceMod\Workspace\umc-core.sp::VoteCancelled()
L 06/15/2017 - 18:32:38: [SM]   [15] Line 1177, D:\Documents\My Folder\Empires Custom UMC Stuff\SourceMod\Workspace\umc-core.sp::Native_UMCVoteManagerCancel()
L 06/15/2017 - 18:32:38: [SM]   [17] UMC_VoteManagerVoteCancelled
L 06/15/2017 - 18:32:38: [SM]   [18] Line 2276, D:\Documents\My Folder\Empires Custom UMC Stuff\SourceMod\Workspace\umc-core.sp::Handle_VoteMenu()
L 06/15/2017 - 18:32:45: Error log file session closed.
L 06/15/2017 - 19:02:05: SourceMod error session started
L 06/15/2017 - 19:02:05: Info (map "con_glycencity") (file "errors_20170615.log")
L 06/15/2017 - 19:02:05: [SM] Exception reported: Invalid timer handle 356e0343 (error 3)
L 06/15/2017 - 19:02:05: [SM] Blaming: umc-emp-mapvote.smx()
L 06/15/2017 - 19:02:05: [SM] Call stack trace:
L 06/15/2017 - 19:02:05: [SM]   [0] KillTimer
L 06/15/2017 - 19:02:05: [SM]   [1] Line 686, D:\Documents\My Folder\Empires Custom UMC Stuff\SourceMod\Workspace\umc-emp-mapvote.sp::UMC_OnNextmapSet()
L 06/15/2017 - 19:02:05: [SM]   [3] Call_Finish
L 06/15/2017 - 19:02:05: [SM]   [4] Line 4834, D:\Documents\My Folder\Empires Custom UMC Stuff\SourceMod\Workspace\umc-core.sp::DoMapChange()
L 06/15/2017 - 19:02:05: [SM]   [5] Line 1767, D:\Documents\My Folder\Empires Custom UMC Stuff\SourceMod\Workspace\umc-core.sp::Native_UMCSetNextMap()
L 06/15/2017 - 19:02:05: [SM]   [7] UMC_SetNextMap
L 06/15/2017 - 19:02:05: [SM]   [8] Line 621, D:\Documents\My Folder\Empires Custom UMC Stuff\SourceMod\Workspace\umc-emp-mapvote.sp::DoRandomNextMap()
L 06/15/2017 - 19:02:05: [SM]   [9] Line 606, D:\Documents\My Folder\Empires Custom UMC Stuff\SourceMod\Workspace\umc-emp-mapvote.sp::DoMapChangeFailSafe()
L 06/15/2017 - 19:02:05: [SM]   [10] Line 722, D:\Documents\My Folder\Empires Custom UMC Stuff\SourceMod\Workspace\umc-emp-mapvote.sp::UMC_OnVoteFailed()
L 06/15/2017 - 19:02:05: [SM]   [12] Call_Finish
L 06/15/2017 - 19:02:05: [SM]   [13] Line 4796, D:\Documents\My Folder\Empires Custom UMC Stuff\SourceMod\Workspace\umc-core.sp::VoteFailed()
L 06/15/2017 - 19:02:05: [SM]   [14] Line 3507, D:\Documents\My Folder\Empires Custom UMC Stuff\SourceMod\Workspace\umc-core.sp::VoteCancelled()
L 06/15/2017 - 19:02:05: [SM]   [15] Line 1177, D:\Documents\My Folder\Empires Custom UMC Stuff\SourceMod\Workspace\umc-core.sp::Native_UMCVoteManagerCancel()
L 06/15/2017 - 19:02:05: [SM]   [17] UMC_VoteManagerVoteCancelled
L 06/15/2017 - 19:02:05: [SM]   [18] Line 2276, D:\Documents\My Folder\Empires Custom UMC Stuff\SourceMod\Workspace\umc-core.sp::Handle_VoteMenu()
L 06/15/2017 - 19:02:11: Error log file session closed.
L 06/15/2017 - 19:28:11: SourceMod error session started
L 06/15/2017 - 19:28:11: Info (map "emp_drygulch_a6") (file "errors_20170615.log")
L 06/15/2017 - 19:28:11: [SM] Exception reported: Invalid timer handle 3e640307 (error 1)
L 06/15/2017 - 19:28:11: [SM] Blaming: umc-emp-mapvote.smx()
L 06/15/2017 - 19:28:11: [SM] Call stack trace:
L 06/15/2017 - 19:28:11: [SM]   [0] KillTimer
L 06/15/2017 - 19:28:11: [SM]   [1] Line 686, D:\Documents\My Folder\Empires Custom UMC Stuff\SourceMod\Workspace\umc-emp-mapvote.sp::UMC_OnNextmapSet()
L 06/15/2017 - 19:28:11: [SM]   [3] Call_Finish
L 06/15/2017 - 19:28:11: [SM]   [4] Line 4834, D:\Documents\My Folder\Empires Custom UMC Stuff\SourceMod\Workspace\umc-core.sp::DoMapChange()
L 06/15/2017 - 19:28:11: [SM]   [5] Line 4267, D:\Documents\My Folder\Empires Custom UMC Stuff\SourceMod\Workspace\umc-core.sp::Handle_MapVoteWinner()
L 06/15/2017 - 19:28:11: [SM]   [6] Line 3819, D:\Documents\My Folder\Empires Custom UMC Stuff\SourceMod\Workspace\umc-core.sp::ProcessVoteWinner()
L 06/15/2017 - 19:28:11: [SM]   [7] Line 3795, D:\Documents\My Folder\Empires Custom UMC Stuff\SourceMod\Workspace\umc-core.sp::ProcessVoteResults()
L 06/15/2017 - 19:28:11: [SM]   [8] Line 1277, D:\Documents\My Folder\Empires Custom UMC Stuff\SourceMod\Workspace\umc-core.sp::Native_UMCVoteManagerComplete()
L 06/15/2017 - 19:28:11: [SM]   [10] UMC_VoteManagerVoteCompleted
L 06/15/2017 - 19:28:11: [SM]   [11] Line 2309, D:\Documents\My Folder\Empires Custom UMC Stuff\SourceMod\Workspace\umc-core.sp::Handle_MapVoteResults()
L 06/15/2017 - 19:28:16: Error log file session closed.
L 06/15/2017 - 19:43:00: SourceMod error session started
L 06/15/2017 - 19:43:00: Info (map "emp_vehicletraining_2013") (file "errors_20170615.log")
L 06/15/2017 - 19:43:00: [SM] Exception reported: Invalid timer handle 442f034e (error 1)
L 06/15/2017 - 19:43:00: [SM] Blaming: umc-emp-mapvote.smx()
L 06/15/2017 - 19:43:00: [SM] Call stack trace:
L 06/15/2017 - 19:43:00: [SM]   [0] KillTimer
L 06/15/2017 - 19:43:00: [SM]   [1] Line 686, D:\Documents\My Folder\Empires Custom UMC Stuff\SourceMod\Workspace\umc-emp-mapvote.sp::UMC_OnNextmapSet()
L 06/15/2017 - 19:43:00: [SM]   [3] Call_Finish
L 06/15/2017 - 19:43:00: [SM]   [4] Line 4834, D:\Documents\My Folder\Empires Custom UMC Stuff\SourceMod\Workspace\umc-core.sp::DoMapChange()
L 06/15/2017 - 19:43:00: [SM]   [5] Line 4267, D:\Documents\My Folder\Empires Custom UMC Stuff\SourceMod\Workspace\umc-core.sp::Handle_MapVoteWinner()
L 06/15/2017 - 19:43:00: [SM]   [6] Line 3819, D:\Documents\My Folder\Empires Custom UMC Stuff\SourceMod\Workspace\umc-core.sp::ProcessVoteWinner()
L 06/15/2017 - 19:43:00: [SM]   [7] Line 3795, D:\Documents\My Folder\Empires Custom UMC Stuff\SourceMod\Workspace\umc-core.sp::ProcessVoteResults()
L 06/15/2017 - 19:43:00: [SM]   [8] Line 1277, D:\Documents\My Folder\Empires Custom UMC Stuff\SourceMod\Workspace\umc-core.sp::Native_UMCVoteManagerComplete()
L 06/15/2017 - 19:43:00: [SM]   [10] UMC_VoteManagerVoteCompleted
L 06/15/2017 - 19:43:00: [SM]   [11] Line 2309, D:\Documents\My Folder\Empires Custom UMC Stuff\SourceMod\Workspace\umc-core.sp::Handle_MapVoteResults()
L 06/15/2017 - 19:43:06: Error log file session closed.
L 06/15/2017 - 20:22:15: SourceMod error session started
L 06/15/2017 - 20:22:15: Info (map "emp_nuclear_b8u_xfix") (file "errors_20170615.log")
L 06/15/2017 - 20:22:15: [SM] Exception reported: Invalid timer handle 541c0319 (error 1)
L 06/15/2017 - 20:22:15: [SM] Blaming: umc-emp-mapvote.smx()
L 06/15/2017 - 20:22:15: [SM] Call stack trace:
L 06/15/2017 - 20:22:15: [SM]   [0] KillTimer
L 06/15/2017 - 20:22:15: [SM]   [1] Line 686, D:\Documents\My Folder\Empires Custom UMC Stuff\SourceMod\Workspace\umc-emp-mapvote.sp::UMC_OnNextmapSet()
L 06/15/2017 - 20:22:15: [SM]   [3] Call_Finish
L 06/15/2017 - 20:22:15: [SM]   [4] Line 4834, D:\Documents\My Folder\Empires Custom UMC Stuff\SourceMod\Workspace\umc-core.sp::DoMapChange()
L 06/15/2017 - 20:22:15: [SM]   [5] Line 4267, D:\Documents\My Folder\Empires Custom UMC Stuff\SourceMod\Workspace\umc-core.sp::Handle_MapVoteWinner()
L 06/15/2017 - 20:22:15: [SM]   [6] Line 3819, D:\Documents\My Folder\Empires Custom UMC Stuff\SourceMod\Workspace\umc-core.sp::ProcessVoteWinner()
L 06/15/2017 - 20:22:15: [SM]   [7] Line 3795, D:\Documents\My Folder\Empires Custom UMC Stuff\SourceMod\Workspace\umc-core.sp::ProcessVoteResults()
L 06/15/2017 - 20:22:15: [SM]   [8] Line 1277, D:\Documents\My Folder\Empires Custom UMC Stuff\SourceMod\Workspace\umc-core.sp::Native_UMCVoteManagerComplete()
L 06/15/2017 - 20:22:15: [SM]   [10] UMC_VoteManagerVoteCompleted
L 06/15/2017 - 20:22:15: [SM]   [11] Line 2309, D:\Documents\My Folder\Empires Custom UMC Stuff\SourceMod\Workspace\umc-core.sp::Handle_MapVoteResults()
L 06/15/2017 - 20:22:21: Error log file session closed.
L 06/15/2017 - 20:48:35: SourceMod error session started
L 06/15/2017 - 20:48:35: Info (map "emp_crossroads") (file "errors_20170615.log")
L 06/15/2017 - 20:48:35: [SM] Exception reported: Invalid timer handle 5cd70302 (error 1)
L 06/15/2017 - 20:48:35: [SM] Blaming: umc-emp-mapvote.smx()
L 06/15/2017 - 20:48:35: [SM] Call stack trace:
L 06/15/2017 - 20:48:35: [SM]   [0] KillTimer
L 06/15/2017 - 20:48:35: [SM]   [1] Line 686, D:\Documents\My Folder\Empires Custom UMC Stuff\SourceMod\Workspace\umc-emp-mapvote.sp::UMC_OnNextmapSet()
L 06/15/2017 - 20:48:35: [SM]   [3] Call_Finish
L 06/15/2017 - 20:48:35: [SM]   [4] Line 4834, D:\Documents\My Folder\Empires Custom UMC Stuff\SourceMod\Workspace\umc-core.sp::DoMapChange()
L 06/15/2017 - 20:48:35: [SM]   [5] Line 4267, D:\Documents\My Folder\Empires Custom UMC Stuff\SourceMod\Workspace\umc-core.sp::Handle_MapVoteWinner()
L 06/15/2017 - 20:48:35: [SM]   [6] Line 3819, D:\Documents\My Folder\Empires Custom UMC Stuff\SourceMod\Workspace\umc-core.sp::ProcessVoteWinner()
L 06/15/2017 - 20:48:35: [SM]   [7] Line 3795, D:\Documents\My Folder\Empires Custom UMC Stuff\SourceMod\Workspace\umc-core.sp::ProcessVoteResults()
L 06/15/2017 - 20:48:35: [SM]   [8] Line 1277, D:\Documents\My Folder\Empires Custom UMC Stuff\SourceMod\Workspace\umc-core.sp::Native_UMCVoteManagerComplete()
L 06/15/2017 - 20:48:35: [SM]   [10] UMC_VoteManagerVoteCompleted
L 06/15/2017 - 20:48:35: [SM]   [11] Line 2309, D:\Documents\My Folder\Empires Custom UMC Stuff\SourceMod\Workspace\umc-core.sp::Handle_MapVoteResults()
L 06/15/2017 - 20:48:41: Error log file session closed.
L 06/15/2017 - 21:28:46: SourceMod error session started
L 06/15/2017 - 21:28:46: Info (map "emp_downfall") (file "errors_20170615.log")
L 06/15/2017 - 21:28:46: [umc-core.smx] VOTING: Not enough options to run a vote. 1 options available.
L 06/15/2017 - 21:28:46: [umc-core.smx] Could not start core vote.
L 06/15/2017 - 21:28:52: Error log file session closed.
L 06/15/2017 - 21:40:56: SourceMod error session started
L 06/15/2017 - 21:40:56: Info (map "con_urbanchaos_fix") (file "errors_20170615.log")
L 06/15/2017 - 21:40:56: [SM] Exception reported: Invalid timer handle 674c02f0 (error 1)
L 06/15/2017 - 21:40:56: [SM] Blaming: umc-emp-mapvote.smx()
L 06/15/2017 - 21:40:56: [SM] Call stack trace:
L 06/15/2017 - 21:40:56: [SM]   [0] KillTimer
L 06/15/2017 - 21:40:56: [SM]   [1] Line 686, D:\Documents\My Folder\Empires Custom UMC Stuff\SourceMod\Workspace\umc-emp-mapvote.sp::UMC_OnNextmapSet()
L 06/15/2017 - 21:40:56: [SM]   [3] Call_Finish
L 06/15/2017 - 21:40:56: [SM]   [4] Line 4834, D:\Documents\My Folder\Empires Custom UMC Stuff\SourceMod\Workspace\umc-core.sp::DoMapChange()
L 06/15/2017 - 21:40:56: [SM]   [5] Line 4267, D:\Documents\My Folder\Empires Custom UMC Stuff\SourceMod\Workspace\umc-core.sp::Handle_MapVoteWinner()
L 06/15/2017 - 21:40:56: [SM]   [6] Line 3819, D:\Documents\My Folder\Empires Custom UMC Stuff\SourceMod\Workspace\umc-core.sp::ProcessVoteWinner()
L 06/15/2017 - 21:40:56: [SM]   [7] Line 3795, D:\Documents\My Folder\Empires Custom UMC Stuff\SourceMod\Workspace\umc-core.sp::ProcessVoteResults()
L 06/15/2017 - 21:40:56: [SM]   [8] Line 1277, D:\Documents\My Folder\Empires Custom UMC Stuff\SourceMod\Workspace\umc-core.sp::Native_UMCVoteManagerComplete()
L 06/15/2017 - 21:40:56: [SM]   [10] UMC_VoteManagerVoteCompleted
L 06/15/2017 - 21:40:56: [SM]   [11] Line 2309, D:\Documents\My Folder\Empires Custom UMC Stuff\SourceMod\Workspace\umc-core.sp::Handle_MapVoteResults()
L 06/15/2017 - 21:41:01: Error log file session closed.
L 06/15/2017 - 22:16:38: SourceMod error session started
L 06/15/2017 - 22:16:38: Info (map "emp_vehicletraining_2013") (file "errors_20170615.log")
L 06/15/2017 - 22:16:38: [SM] Exception reported: Invalid timer handle 6ae4035a (error 3)
L 06/15/2017 - 22:16:38: [SM] Blaming: umc-emp-mapvote.smx()
L 06/15/2017 - 22:16:38: [SM] Call stack trace:
L 06/15/2017 - 22:16:38: [SM]   [0] KillTimer
L 06/15/2017 - 22:16:38: [SM]   [1] Line 686, D:\Documents\My Folder\Empires Custom UMC Stuff\SourceMod\Workspace\umc-emp-mapvote.sp::UMC_OnNextmapSet()
L 06/15/2017 - 22:16:38: [SM]   [3] Call_Finish
L 06/15/2017 - 22:16:38: [SM]   [4] Line 4834, D:\Documents\My Folder\Empires Custom UMC Stuff\SourceMod\Workspace\umc-core.sp::DoMapChange()
L 06/15/2017 - 22:16:38: [SM]   [5] Line 1767, D:\Documents\My Folder\Empires Custom UMC Stuff\SourceMod\Workspace\umc-core.sp::Native_UMCSetNextMap()
L 06/15/2017 - 22:16:38: [SM]   [7] UMC_SetNextMap
L 06/15/2017 - 22:16:38: [SM]   [8] Line 621, D:\Documents\My Folder\Empires Custom UMC Stuff\SourceMod\Workspace\umc-emp-mapvote.sp::DoRandomNextMap()
L 06/15/2017 - 22:16:38: [SM]   [9] Line 606, D:\Documents\My Folder\Empires Custom UMC Stuff\SourceMod\Workspace\umc-emp-mapvote.sp::DoMapChangeFailSafe()
L 06/15/2017 - 22:16:38: [SM]   [10] Line 722, D:\Documents\My Folder\Empires Custom UMC Stuff\SourceMod\Workspace\umc-emp-mapvote.sp::UMC_OnVoteFailed()
L 06/15/2017 - 22:16:38: [SM]   [12] Call_Finish
L 06/15/2017 - 22:16:38: [SM]   [13] Line 4796, D:\Documents\My Folder\Empires Custom UMC Stuff\SourceMod\Workspace\umc-core.sp::VoteFailed()
L 06/15/2017 - 22:16:38: [SM]   [14] Line 3507, D:\Documents\My Folder\Empires Custom UMC Stuff\SourceMod\Workspace\umc-core.sp::VoteCancelled()
L 06/15/2017 - 22:16:38: [SM]   [15] Line 1177, D:\Documents\My Folder\Empires Custom UMC Stuff\SourceMod\Workspace\umc-core.sp::Native_UMCVoteManagerCancel()
L 06/15/2017 - 22:16:38: [SM]   [17] UMC_VoteManagerVoteCancelled
L 06/15/2017 - 22:16:38: [SM]   [18] Line 2276, D:\Documents\My Folder\Empires Custom UMC Stuff\SourceMod\Workspace\umc-core.sp::Handle_VoteMenu()
L 06/15/2017 - 22:16:44: Error log file session closed.
L 06/15/2017 - 22:46:49: SourceMod error session started
L 06/15/2017 - 22:46:49: Info (map "emp_blast_ob1") (file "errors_20170615.log")
L 06/15/2017 - 22:46:49: [SM] Exception reported: Invalid timer handle 6de20307 (error 1)
L 06/15/2017 - 22:46:49: [SM] Blaming: umc-emp-mapvote.smx()
L 06/15/2017 - 22:46:49: [SM] Call stack trace:
L 06/15/2017 - 22:46:49: [SM]   [0] KillTimer
L 06/15/2017 - 22:46:49: [SM]   [1] Line 686, D:\Documents\My Folder\Empires Custom UMC Stuff\SourceMod\Workspace\umc-emp-mapvote.sp::UMC_OnNextmapSet()
L 06/15/2017 - 22:46:49: [SM]   [3] Call_Finish
L 06/15/2017 - 22:46:49: [SM]   [4] Line 4834, D:\Documents\My Folder\Empires Custom UMC Stuff\SourceMod\Workspace\umc-core.sp::DoMapChange()
L 06/15/2017 - 22:46:49: [SM]   [5] Line 4267, D:\Documents\My Folder\Empires Custom UMC Stuff\SourceMod\Workspace\umc-core.sp::Handle_MapVoteWinner()
L 06/15/2017 - 22:46:49: [SM]   [6] Line 3819, D:\Documents\My Folder\Empires Custom UMC Stuff\SourceMod\Workspace\umc-core.sp::ProcessVoteWinner()
L 06/15/2017 - 22:46:49: [SM]   [7] Line 3795, D:\Documents\My Folder\Empires Custom UMC Stuff\SourceMod\Workspace\umc-core.sp::ProcessVoteResults()
L 06/15/2017 - 22:46:49: [SM]   [8] Line 1277, D:\Documents\My Folder\Empires Custom UMC Stuff\SourceMod\Workspace\umc-core.sp::Native_UMCVoteManagerComplete()
L 06/15/2017 - 22:46:49: [SM]   [10] UMC_VoteManagerVoteCompleted
L 06/15/2017 - 22:46:49: [SM]   [11] Line 2309, D:\Documents\My Folder\Empires Custom UMC Stuff\SourceMod\Workspace\umc-core.sp::Handle_MapVoteResults()
L 06/15/2017 - 22:46:54: Error log file session closed.
L 06/15/2017 - 23:17:48: SourceMod error session started
L 06/15/2017 - 23:17:48: Info (map "emp_nuclear_b8u_xfix") (file "errors_20170615.log")
L 06/15/2017 - 23:17:48: [SM] Exception reported: Invalid timer handle 6de20307 (error 3)
L 06/15/2017 - 23:17:48: [SM] Blaming: umc-emp-mapvote.smx()
L 06/15/2017 - 23:17:48: [SM] Call stack trace:
L 06/15/2017 - 23:17:48: [SM]   [0] KillTimer
L 06/15/2017 - 23:17:48: [SM]   [1] Line 686, D:\Documents\My Folder\Empires Custom UMC Stuff\SourceMod\Workspace\umc-emp-mapvote.sp::UMC_OnNextmapSet()
L 06/15/2017 - 23:17:48: [SM]   [3] Call_Finish
L 06/15/2017 - 23:17:48: [SM]   [4] Line 4834, D:\Documents\My Folder\Empires Custom UMC Stuff\SourceMod\Workspace\umc-core.sp::DoMapChange()
L 06/15/2017 - 23:17:48: [SM]   [5] Line 1767, D:\Documents\My Folder\Empires Custom UMC Stuff\SourceMod\Workspace\umc-core.sp::Native_UMCSetNextMap()
L 06/15/2017 - 23:17:48: [SM]   [7] UMC_SetNextMap
L 06/15/2017 - 23:17:48: [SM]   [8] Line 2354, D:\Documents\My Folder\Empires Custom UMC Stuff\SourceMod\Workspace\umc-adminmenu.sp::DoMapChange()
L 06/15/2017 - 23:17:48: [SM]   [9] Line 2281, D:\Documents\My Folder\Empires Custom UMC Stuff\SourceMod\Workspace\umc-adminmenu.sp::DoManualMapChange()
L 06/15/2017 - 23:17:48: [SM]   [10] Line 2230, D:\Documents\My Folder\Empires Custom UMC Stuff\SourceMod\Workspace\umc-adminmenu.sp::Handle_ManualChangeWhenMenu()
L 06/15/2017 - 23:17:54: Error log file session closed.
