L 09/11/2017 - 00:01:10: SourceMod error session started
L 09/11/2017 - 00:01:10: Info (map "emp_snowstorm_rc6") (file "errors_20170911.log")
L 09/11/2017 - 00:01:10: [SM] Exception reported: Array index is out of bounds
L 09/11/2017 - 00:01:10: [SM] Blaming: squadcontrol.smx()
L 09/11/2017 - 00:01:10: [SM] Call stack trace:
L 09/11/2017 - 00:01:10: [SM]   [1] Line 2311, squadcontrol\addons\sourcemod\scripting\squadcontrol.sp::Command_Unit_Order_List()
L 09/11/2017 - 00:01:20: [SM] Exception reported: Array index is out of bounds
L 09/11/2017 - 00:01:20: [SM] Blaming: squadcontrol.smx()
L 09/11/2017 - 00:01:20: [SM] Call stack trace:
L 09/11/2017 - 00:01:20: [SM]   [1] Line 2311, squadcontrol\addons\sourcemod\scripting\squadcontrol.sp::Command_Unit_Order_List()
L 09/11/2017 - 00:01:29: [SM] Exception reported: Array index is out of bounds
L 09/11/2017 - 00:01:29: [SM] Blaming: squadcontrol.smx()
L 09/11/2017 - 00:01:29: [SM] Call stack trace:
L 09/11/2017 - 00:01:29: [SM]   [1] Line 2311, squadcontrol\addons\sourcemod\scripting\squadcontrol.sp::Command_Unit_Order_List()
L 09/11/2017 - 00:01:57: [SM] Exception reported: Array index is out of bounds
L 09/11/2017 - 00:01:57: [SM] Blaming: squadcontrol.smx()
L 09/11/2017 - 00:01:57: [SM] Call stack trace:
L 09/11/2017 - 00:01:57: [SM]   [1] Line 2311, squadcontrol\addons\sourcemod\scripting\squadcontrol.sp::Command_Unit_Order_List()
L 09/11/2017 - 00:02:03: [SM] Exception reported: Array index is out of bounds
L 09/11/2017 - 00:02:03: [SM] Blaming: squadcontrol.smx()
L 09/11/2017 - 00:02:03: [SM] Call stack trace:
L 09/11/2017 - 00:02:03: [SM]   [1] Line 2311, squadcontrol\addons\sourcemod\scripting\squadcontrol.sp::Command_Unit_Order_List()
L 09/11/2017 - 00:02:07: [SM] Exception reported: Array index is out of bounds
L 09/11/2017 - 00:02:07: [SM] Blaming: squadcontrol.smx()
L 09/11/2017 - 00:02:07: [SM] Call stack trace:
L 09/11/2017 - 00:02:07: [SM]   [1] Line 2311, squadcontrol\addons\sourcemod\scripting\squadcontrol.sp::Command_Unit_Order_List()
L 09/11/2017 - 00:06:39: [SM] Exception reported: Invalid timer handle 734f032d (error 3)
L 09/11/2017 - 00:06:39: [SM] Blaming: umc-emp-mapvote.smx()
L 09/11/2017 - 00:06:39: [SM] Call stack trace:
L 09/11/2017 - 00:06:39: [SM]   [0] KillTimer
L 09/11/2017 - 00:06:39: [SM]   [1] Line 686, D:\Documents\My Folder\Empires Custom UMC Stuff\SourceMod\Workspace\umc-emp-mapvote.sp::UMC_OnNextmapSet()
L 09/11/2017 - 00:06:39: [SM]   [3] Call_Finish
L 09/11/2017 - 00:06:39: [SM]   [4] Line 4834, D:\Documents\My Folder\Empires Custom UMC Stuff\SourceMod\Workspace\umc-core.sp::DoMapChange()
L 09/11/2017 - 00:06:39: [SM]   [5] Line 4267, D:\Documents\My Folder\Empires Custom UMC Stuff\SourceMod\Workspace\umc-core.sp::Handle_MapVoteWinner()
L 09/11/2017 - 00:06:39: [SM]   [6] Line 3819, D:\Documents\My Folder\Empires Custom UMC Stuff\SourceMod\Workspace\umc-core.sp::ProcessVoteWinner()
L 09/11/2017 - 00:06:39: [SM]   [7] Line 3795, D:\Documents\My Folder\Empires Custom UMC Stuff\SourceMod\Workspace\umc-core.sp::ProcessVoteResults()
L 09/11/2017 - 00:06:39: [SM]   [8] Line 1277, D:\Documents\My Folder\Empires Custom UMC Stuff\SourceMod\Workspace\umc-core.sp::Native_UMCVoteManagerComplete()
L 09/11/2017 - 00:06:39: [SM]   [10] UMC_VoteManagerVoteCompleted
L 09/11/2017 - 00:06:39: [SM]   [11] Line 2309, D:\Documents\My Folder\Empires Custom UMC Stuff\SourceMod\Workspace\umc-core.sp::Handle_MapVoteResults()
L 09/11/2017 - 00:06:45: Error log file session closed.
L 09/11/2017 - 00:14:09: SourceMod error session started
L 09/11/2017 - 00:14:09: Info (map "emp_canyon") (file "errors_20170911.log")
L 09/11/2017 - 00:14:09: [SM] Exception reported: Array index is out of bounds
L 09/11/2017 - 00:14:09: [SM] Blaming: squadcontrol.smx()
L 09/11/2017 - 00:14:09: [SM] Call stack trace:
L 09/11/2017 - 00:14:09: [SM]   [1] Line 2311, squadcontrol\addons\sourcemod\scripting\squadcontrol.sp::Command_Unit_Order_List()
L 09/11/2017 - 00:14:10: [SM] Exception reported: Array index is out of bounds
L 09/11/2017 - 00:14:10: [SM] Blaming: squadcontrol.smx()
L 09/11/2017 - 00:14:10: [SM] Call stack trace:
L 09/11/2017 - 00:14:10: [SM]   [1] Line 2311, squadcontrol\addons\sourcemod\scripting\squadcontrol.sp::Command_Unit_Order_List()
L 09/11/2017 - 00:16:04: [SM] Exception reported: Array index is out of bounds
L 09/11/2017 - 00:16:04: [SM] Blaming: squadcontrol.smx()
L 09/11/2017 - 00:16:04: [SM] Call stack trace:
L 09/11/2017 - 00:16:04: [SM]   [1] Line 2311, squadcontrol\addons\sourcemod\scripting\squadcontrol.sp::Command_Unit_Order_List()
L 09/11/2017 - 00:16:28: [SM] Exception reported: Array index is out of bounds
L 09/11/2017 - 00:16:28: [SM] Blaming: squadcontrol.smx()
L 09/11/2017 - 00:16:28: [SM] Call stack trace:
L 09/11/2017 - 00:16:28: [SM]   [1] Line 2311, squadcontrol\addons\sourcemod\scripting\squadcontrol.sp::Command_Unit_Order_List()
L 09/11/2017 - 00:16:33: [SM] Exception reported: Array index is out of bounds
L 09/11/2017 - 00:16:33: [SM] Blaming: squadcontrol.smx()
L 09/11/2017 - 00:16:33: [SM] Call stack trace:
L 09/11/2017 - 00:16:33: [SM]   [1] Line 2311, squadcontrol\addons\sourcemod\scripting\squadcontrol.sp::Command_Unit_Order_List()
L 09/11/2017 - 00:22:32: [SM] Exception reported: Invalid timer handle 7c1803a2 (error 3)
L 09/11/2017 - 00:22:32: [SM] Blaming: umc-emp-mapvote.smx()
L 09/11/2017 - 00:22:32: [SM] Call stack trace:
L 09/11/2017 - 00:22:32: [SM]   [0] KillTimer
L 09/11/2017 - 00:22:32: [SM]   [1] Line 686, D:\Documents\My Folder\Empires Custom UMC Stuff\SourceMod\Workspace\umc-emp-mapvote.sp::UMC_OnNextmapSet()
L 09/11/2017 - 00:22:32: [SM]   [3] Call_Finish
L 09/11/2017 - 00:22:32: [SM]   [4] Line 4834, D:\Documents\My Folder\Empires Custom UMC Stuff\SourceMod\Workspace\umc-core.sp::DoMapChange()
L 09/11/2017 - 00:22:32: [SM]   [5] Line 4267, D:\Documents\My Folder\Empires Custom UMC Stuff\SourceMod\Workspace\umc-core.sp::Handle_MapVoteWinner()
L 09/11/2017 - 00:22:32: [SM]   [6] Line 3819, D:\Documents\My Folder\Empires Custom UMC Stuff\SourceMod\Workspace\umc-core.sp::ProcessVoteWinner()
L 09/11/2017 - 00:22:32: [SM]   [7] Line 3795, D:\Documents\My Folder\Empires Custom UMC Stuff\SourceMod\Workspace\umc-core.sp::ProcessVoteResults()
L 09/11/2017 - 00:22:32: [SM]   [8] Line 1277, D:\Documents\My Folder\Empires Custom UMC Stuff\SourceMod\Workspace\umc-core.sp::Native_UMCVoteManagerComplete()
L 09/11/2017 - 00:22:32: [SM]   [10] UMC_VoteManagerVoteCompleted
L 09/11/2017 - 00:22:32: [SM]   [11] Line 2309, D:\Documents\My Folder\Empires Custom UMC Stuff\SourceMod\Workspace\umc-core.sp::Handle_MapVoteResults()
L 09/11/2017 - 00:22:38: Error log file session closed.
L 09/11/2017 - 00:25:02: SourceMod error session started
L 09/11/2017 - 00:25:02: Info (map "emp_flat_fix") (file "errors_20170911.log")
L 09/11/2017 - 00:25:02: [SM] Exception reported: Array index is out of bounds
L 09/11/2017 - 00:25:02: [SM] Blaming: squadcontrol.smx()
L 09/11/2017 - 00:25:02: [SM] Call stack trace:
L 09/11/2017 - 00:25:02: [SM]   [1] Line 2311, squadcontrol\addons\sourcemod\scripting\squadcontrol.sp::Command_Unit_Order_List()
L 09/11/2017 - 00:25:51: [SM] Exception reported: Array index is out of bounds
L 09/11/2017 - 00:25:51: [SM] Blaming: squadcontrol.smx()
L 09/11/2017 - 00:25:51: [SM] Call stack trace:
L 09/11/2017 - 00:25:51: [SM]   [1] Line 2311, squadcontrol\addons\sourcemod\scripting\squadcontrol.sp::Command_Unit_Order_List()
L 09/11/2017 - 00:36:19: [SM] Exception reported: Invalid timer handle 817c0344 (error 3)
L 09/11/2017 - 00:36:19: [SM] Blaming: umc-emp-mapvote.smx()
L 09/11/2017 - 00:36:19: [SM] Call stack trace:
L 09/11/2017 - 00:36:19: [SM]   [0] KillTimer
L 09/11/2017 - 00:36:19: [SM]   [1] Line 686, D:\Documents\My Folder\Empires Custom UMC Stuff\SourceMod\Workspace\umc-emp-mapvote.sp::UMC_OnNextmapSet()
L 09/11/2017 - 00:36:19: [SM]   [3] Call_Finish
L 09/11/2017 - 00:36:19: [SM]   [4] Line 4834, D:\Documents\My Folder\Empires Custom UMC Stuff\SourceMod\Workspace\umc-core.sp::DoMapChange()
L 09/11/2017 - 00:36:19: [SM]   [5] Line 1767, D:\Documents\My Folder\Empires Custom UMC Stuff\SourceMod\Workspace\umc-core.sp::Native_UMCSetNextMap()
L 09/11/2017 - 00:36:19: [SM]   [7] UMC_SetNextMap
L 09/11/2017 - 00:36:19: [SM]   [8] Line 621, D:\Documents\My Folder\Empires Custom UMC Stuff\SourceMod\Workspace\umc-emp-mapvote.sp::DoRandomNextMap()
L 09/11/2017 - 00:36:19: [SM]   [9] Line 606, D:\Documents\My Folder\Empires Custom UMC Stuff\SourceMod\Workspace\umc-emp-mapvote.sp::DoMapChangeFailSafe()
L 09/11/2017 - 00:36:19: [SM]   [10] Line 722, D:\Documents\My Folder\Empires Custom UMC Stuff\SourceMod\Workspace\umc-emp-mapvote.sp::UMC_OnVoteFailed()
L 09/11/2017 - 00:36:19: [SM]   [12] Call_Finish
L 09/11/2017 - 00:36:19: [SM]   [13] Line 4796, D:\Documents\My Folder\Empires Custom UMC Stuff\SourceMod\Workspace\umc-core.sp::VoteFailed()
L 09/11/2017 - 00:36:19: [SM]   [14] Line 3507, D:\Documents\My Folder\Empires Custom UMC Stuff\SourceMod\Workspace\umc-core.sp::VoteCancelled()
L 09/11/2017 - 00:36:19: [SM]   [15] Line 1177, D:\Documents\My Folder\Empires Custom UMC Stuff\SourceMod\Workspace\umc-core.sp::Native_UMCVoteManagerCancel()
L 09/11/2017 - 00:36:19: [SM]   [17] UMC_VoteManagerVoteCancelled
L 09/11/2017 - 00:36:19: [SM]   [18] Line 2276, D:\Documents\My Folder\Empires Custom UMC Stuff\SourceMod\Workspace\umc-core.sp::Handle_VoteMenu()
L 09/11/2017 - 00:36:25: Error log file session closed.
