L 12/01/2017 - 15:20:24: SourceMod error session started
L 12/01/2017 - 15:20:24: Info (map "con_district402") (file "errors_20171201.log")
L 12/01/2017 - 15:20:24: [SDKTOOLS] Invalid detour address passed - Disabling detour to prevent crashes
L 12/01/2017 - 15:20:24: [SDKTOOLS] Failed to find PlayerRunCmd offset - OnPlayerRunCmd forward disabled.
L 12/01/2017 - 15:36:15: [SM] Exception reported: Invalid timer handle 5990159 (error 1)
L 12/01/2017 - 15:36:15: [SM] Blaming: umc-emp-mapvote.smx()
L 12/01/2017 - 15:36:15: [SM] Call stack trace:
L 12/01/2017 - 15:36:15: [SM]   [0] KillTimer
L 12/01/2017 - 15:36:15: [SM]   [1] Line 686, D:\Documents\My Folder\Empires Custom UMC Stuff\SourceMod\Workspace\umc-emp-mapvote.sp::UMC_OnNextmapSet()
L 12/01/2017 - 15:36:15: [SM]   [3] Call_Finish
L 12/01/2017 - 15:36:15: [SM]   [4] Line 4834, D:\Documents\My Folder\Empires Custom UMC Stuff\SourceMod\Workspace\umc-core.sp::DoMapChange()
L 12/01/2017 - 15:36:15: [SM]   [5] Line 4267, D:\Documents\My Folder\Empires Custom UMC Stuff\SourceMod\Workspace\umc-core.sp::Handle_MapVoteWinner()
L 12/01/2017 - 15:36:15: [SM]   [6] Line 3819, D:\Documents\My Folder\Empires Custom UMC Stuff\SourceMod\Workspace\umc-core.sp::ProcessVoteWinner()
L 12/01/2017 - 15:36:15: [SM]   [7] Line 3795, D:\Documents\My Folder\Empires Custom UMC Stuff\SourceMod\Workspace\umc-core.sp::ProcessVoteResults()
L 12/01/2017 - 15:36:15: [SM]   [8] Line 1277, D:\Documents\My Folder\Empires Custom UMC Stuff\SourceMod\Workspace\umc-core.sp::Native_UMCVoteManagerComplete()
L 12/01/2017 - 15:36:15: [SM]   [10] UMC_VoteManagerVoteCompleted
L 12/01/2017 - 15:36:15: [SM]   [11] Line 2309, D:\Documents\My Folder\Empires Custom UMC Stuff\SourceMod\Workspace\umc-core.sp::Handle_MapVoteResults()
L 12/01/2017 - 15:36:21: Error log file session closed.
L 12/01/2017 - 16:13:17: SourceMod error session started
L 12/01/2017 - 16:13:17: Info (map "emp_vehicletraining_2013") (file "errors_20171201.log")
L 12/01/2017 - 16:13:17: [SM] Exception reported: Invalid timer handle baa014e (error 1)
L 12/01/2017 - 16:13:17: [SM] Blaming: umc-emp-mapvote.smx()
L 12/01/2017 - 16:13:17: [SM] Call stack trace:
L 12/01/2017 - 16:13:17: [SM]   [0] KillTimer
L 12/01/2017 - 16:13:17: [SM]   [1] Line 686, D:\Documents\My Folder\Empires Custom UMC Stuff\SourceMod\Workspace\umc-emp-mapvote.sp::UMC_OnNextmapSet()
L 12/01/2017 - 16:13:17: [SM]   [3] Call_Finish
L 12/01/2017 - 16:13:17: [SM]   [4] Line 4834, D:\Documents\My Folder\Empires Custom UMC Stuff\SourceMod\Workspace\umc-core.sp::DoMapChange()
L 12/01/2017 - 16:13:17: [SM]   [5] Line 4267, D:\Documents\My Folder\Empires Custom UMC Stuff\SourceMod\Workspace\umc-core.sp::Handle_MapVoteWinner()
L 12/01/2017 - 16:13:17: [SM]   [6] Line 3819, D:\Documents\My Folder\Empires Custom UMC Stuff\SourceMod\Workspace\umc-core.sp::ProcessVoteWinner()
L 12/01/2017 - 16:13:17: [SM]   [7] Line 3795, D:\Documents\My Folder\Empires Custom UMC Stuff\SourceMod\Workspace\umc-core.sp::ProcessVoteResults()
L 12/01/2017 - 16:13:17: [SM]   [8] Line 1277, D:\Documents\My Folder\Empires Custom UMC Stuff\SourceMod\Workspace\umc-core.sp::Native_UMCVoteManagerComplete()
L 12/01/2017 - 16:13:17: [SM]   [10] UMC_VoteManagerVoteCompleted
L 12/01/2017 - 16:13:17: [SM]   [11] Line 2309, D:\Documents\My Folder\Empires Custom UMC Stuff\SourceMod\Workspace\umc-core.sp::Handle_MapVoteResults()
L 12/01/2017 - 16:13:22: Error log file session closed.
L 12/01/2017 - 16:16:33: SourceMod error session started
L 12/01/2017 - 16:16:33: Info (map "fun_ricochet_a3") (file "errors_20171201.log")
L 12/01/2017 - 16:16:33: [SM] Exception reported: Invalid timer handle db5033d (error 1)
L 12/01/2017 - 16:16:33: [SM] Blaming: umc-emp-mapvote.smx()
L 12/01/2017 - 16:16:33: [SM] Call stack trace:
L 12/01/2017 - 16:16:33: [SM]   [0] KillTimer
L 12/01/2017 - 16:16:33: [SM]   [1] Line 686, D:\Documents\My Folder\Empires Custom UMC Stuff\SourceMod\Workspace\umc-emp-mapvote.sp::UMC_OnNextmapSet()
L 12/01/2017 - 16:16:33: [SM]   [3] Call_Finish
L 12/01/2017 - 16:16:33: [SM]   [4] Line 4834, D:\Documents\My Folder\Empires Custom UMC Stuff\SourceMod\Workspace\umc-core.sp::DoMapChange()
L 12/01/2017 - 16:16:33: [SM]   [5] Line 4267, D:\Documents\My Folder\Empires Custom UMC Stuff\SourceMod\Workspace\umc-core.sp::Handle_MapVoteWinner()
L 12/01/2017 - 16:16:33: [SM]   [6] Line 3819, D:\Documents\My Folder\Empires Custom UMC Stuff\SourceMod\Workspace\umc-core.sp::ProcessVoteWinner()
L 12/01/2017 - 16:16:33: [SM]   [7] Line 3795, D:\Documents\My Folder\Empires Custom UMC Stuff\SourceMod\Workspace\umc-core.sp::ProcessVoteResults()
L 12/01/2017 - 16:16:33: [SM]   [8] Line 1277, D:\Documents\My Folder\Empires Custom UMC Stuff\SourceMod\Workspace\umc-core.sp::Native_UMCVoteManagerComplete()
L 12/01/2017 - 16:16:33: [SM]   [10] UMC_VoteManagerVoteCompleted
L 12/01/2017 - 16:16:33: [SM]   [11] Line 2309, D:\Documents\My Folder\Empires Custom UMC Stuff\SourceMod\Workspace\umc-core.sp::Handle_MapVoteResults()
L 12/01/2017 - 16:16:39: Error log file session closed.
L 12/01/2017 - 16:56:21: SourceMod error session started
L 12/01/2017 - 16:56:21: Info (map "emp_crossroads") (file "errors_20171201.log")
L 12/01/2017 - 16:56:21: [SM] Exception reported: Invalid timer handle 150c02ed (error 1)
L 12/01/2017 - 16:56:21: [SM] Blaming: umc-emp-mapvote.smx()
L 12/01/2017 - 16:56:21: [SM] Call stack trace:
L 12/01/2017 - 16:56:21: [SM]   [0] KillTimer
L 12/01/2017 - 16:56:21: [SM]   [1] Line 686, D:\Documents\My Folder\Empires Custom UMC Stuff\SourceMod\Workspace\umc-emp-mapvote.sp::UMC_OnNextmapSet()
L 12/01/2017 - 16:56:21: [SM]   [3] Call_Finish
L 12/01/2017 - 16:56:21: [SM]   [4] Line 4834, D:\Documents\My Folder\Empires Custom UMC Stuff\SourceMod\Workspace\umc-core.sp::DoMapChange()
L 12/01/2017 - 16:56:21: [SM]   [5] Line 4267, D:\Documents\My Folder\Empires Custom UMC Stuff\SourceMod\Workspace\umc-core.sp::Handle_MapVoteWinner()
L 12/01/2017 - 16:56:21: [SM]   [6] Line 3819, D:\Documents\My Folder\Empires Custom UMC Stuff\SourceMod\Workspace\umc-core.sp::ProcessVoteWinner()
L 12/01/2017 - 16:56:21: [SM]   [7] Line 3795, D:\Documents\My Folder\Empires Custom UMC Stuff\SourceMod\Workspace\umc-core.sp::ProcessVoteResults()
L 12/01/2017 - 16:56:21: [SM]   [8] Line 1277, D:\Documents\My Folder\Empires Custom UMC Stuff\SourceMod\Workspace\umc-core.sp::Native_UMCVoteManagerComplete()
L 12/01/2017 - 16:56:21: [SM]   [10] UMC_VoteManagerVoteCompleted
L 12/01/2017 - 16:56:21: [SM]   [11] Line 2309, D:\Documents\My Folder\Empires Custom UMC Stuff\SourceMod\Workspace\umc-core.sp::Handle_MapVoteResults()
L 12/01/2017 - 16:56:27: Error log file session closed.
L 12/01/2017 - 17:06:24: SourceMod error session started
L 12/01/2017 - 17:06:24: Info (map "emp_downfall") (file "errors_20171201.log")
L 12/01/2017 - 17:06:24: [SM] Exception reported: Invalid timer handle 19e202cd (error 1)
L 12/01/2017 - 17:06:24: [SM] Blaming: umc-emp-mapvote.smx()
L 12/01/2017 - 17:06:24: [SM] Call stack trace:
L 12/01/2017 - 17:06:24: [SM]   [0] KillTimer
L 12/01/2017 - 17:06:24: [SM]   [1] Line 686, D:\Documents\My Folder\Empires Custom UMC Stuff\SourceMod\Workspace\umc-emp-mapvote.sp::UMC_OnNextmapSet()
L 12/01/2017 - 17:06:24: [SM]   [3] Call_Finish
L 12/01/2017 - 17:06:24: [SM]   [4] Line 4834, D:\Documents\My Folder\Empires Custom UMC Stuff\SourceMod\Workspace\umc-core.sp::DoMapChange()
L 12/01/2017 - 17:06:24: [SM]   [5] Line 4267, D:\Documents\My Folder\Empires Custom UMC Stuff\SourceMod\Workspace\umc-core.sp::Handle_MapVoteWinner()
L 12/01/2017 - 17:06:24: [SM]   [6] Line 3819, D:\Documents\My Folder\Empires Custom UMC Stuff\SourceMod\Workspace\umc-core.sp::ProcessVoteWinner()
L 12/01/2017 - 17:06:24: [SM]   [7] Line 3795, D:\Documents\My Folder\Empires Custom UMC Stuff\SourceMod\Workspace\umc-core.sp::ProcessVoteResults()
L 12/01/2017 - 17:06:24: [SM]   [8] Line 1277, D:\Documents\My Folder\Empires Custom UMC Stuff\SourceMod\Workspace\umc-core.sp::Native_UMCVoteManagerComplete()
L 12/01/2017 - 17:06:24: [SM]   [10] UMC_VoteManagerVoteCompleted
L 12/01/2017 - 17:06:24: [SM]   [11] Line 2309, D:\Documents\My Folder\Empires Custom UMC Stuff\SourceMod\Workspace\umc-core.sp::Handle_MapVoteResults()
L 12/01/2017 - 17:06:30: Error log file session closed.
L 12/01/2017 - 17:41:58: SourceMod error session started
L 12/01/2017 - 17:41:58: Info (map "emp_nuclear_b8u_xfix") (file "errors_20171201.log")
L 12/01/2017 - 17:41:58: [SM] Exception reported: Invalid timer handle 204f0335 (error 1)
L 12/01/2017 - 17:41:58: [SM] Blaming: umc-emp-mapvote.smx()
L 12/01/2017 - 17:41:58: [SM] Call stack trace:
L 12/01/2017 - 17:41:58: [SM]   [0] KillTimer
L 12/01/2017 - 17:41:58: [SM]   [1] Line 686, D:\Documents\My Folder\Empires Custom UMC Stuff\SourceMod\Workspace\umc-emp-mapvote.sp::UMC_OnNextmapSet()
L 12/01/2017 - 17:41:58: [SM]   [3] Call_Finish
L 12/01/2017 - 17:41:58: [SM]   [4] Line 4834, D:\Documents\My Folder\Empires Custom UMC Stuff\SourceMod\Workspace\umc-core.sp::DoMapChange()
L 12/01/2017 - 17:41:58: [SM]   [5] Line 4267, D:\Documents\My Folder\Empires Custom UMC Stuff\SourceMod\Workspace\umc-core.sp::Handle_MapVoteWinner()
L 12/01/2017 - 17:41:58: [SM]   [6] Line 3819, D:\Documents\My Folder\Empires Custom UMC Stuff\SourceMod\Workspace\umc-core.sp::ProcessVoteWinner()
L 12/01/2017 - 17:41:58: [SM]   [7] Line 3795, D:\Documents\My Folder\Empires Custom UMC Stuff\SourceMod\Workspace\umc-core.sp::ProcessVoteResults()
L 12/01/2017 - 17:41:58: [SM]   [8] Line 1277, D:\Documents\My Folder\Empires Custom UMC Stuff\SourceMod\Workspace\umc-core.sp::Native_UMCVoteManagerComplete()
L 12/01/2017 - 17:41:58: [SM]   [10] UMC_VoteManagerVoteCompleted
L 12/01/2017 - 17:41:58: [SM]   [11] Line 2309, D:\Documents\My Folder\Empires Custom UMC Stuff\SourceMod\Workspace\umc-core.sp::Handle_MapVoteResults()
L 12/01/2017 - 17:42:03: Error log file session closed.
L 12/01/2017 - 17:55:04: SourceMod error session started
L 12/01/2017 - 17:55:04: Info (map "emp_flat_fix") (file "errors_20171201.log")
L 12/01/2017 - 17:55:04: [SM] Exception reported: Invalid key value handle 0 (error 4)
L 12/01/2017 - 17:55:04: [SM] Blaming: saysounds.smx()
L 12/01/2017 - 17:55:04: [SM] Call stack trace:
L 12/01/2017 - 17:55:04: [SM]   [0] KvRewind
L 12/01/2017 - 17:55:04: [SM]   [1] Line 1483, E:\dev\sourcemod\sourcemod-1.4.6-linux\addons\sourcemod\scripting\saysounds.sp::Command_Say()
L 12/01/2017 - 17:55:04: [SM] Exception reported: Invalid key value handle 0 (error 4)
L 12/01/2017 - 17:55:04: [SM] Blaming: saysounds.smx()
L 12/01/2017 - 17:55:04: [SM] Call stack trace:
L 12/01/2017 - 17:55:04: [SM]   [0] KvRewind
L 12/01/2017 - 17:55:04: [SM]   [1] Line 1483, E:\dev\sourcemod\sourcemod-1.4.6-linux\addons\sourcemod\scripting\saysounds.sp::Command_Say()
L 12/01/2017 - 17:56:05: [SM] Exception reported: Invalid timer handle 250c035b (error 1)
L 12/01/2017 - 17:56:05: [SM] Blaming: umc-emp-mapvote.smx()
L 12/01/2017 - 17:56:05: [SM] Call stack trace:
L 12/01/2017 - 17:56:05: [SM]   [0] KillTimer
L 12/01/2017 - 17:56:05: [SM]   [1] Line 686, D:\Documents\My Folder\Empires Custom UMC Stuff\SourceMod\Workspace\umc-emp-mapvote.sp::UMC_OnNextmapSet()
L 12/01/2017 - 17:56:05: [SM]   [3] Call_Finish
L 12/01/2017 - 17:56:05: [SM]   [4] Line 4834, D:\Documents\My Folder\Empires Custom UMC Stuff\SourceMod\Workspace\umc-core.sp::DoMapChange()
L 12/01/2017 - 17:56:05: [SM]   [5] Line 4267, D:\Documents\My Folder\Empires Custom UMC Stuff\SourceMod\Workspace\umc-core.sp::Handle_MapVoteWinner()
L 12/01/2017 - 17:56:05: [SM]   [6] Line 3819, D:\Documents\My Folder\Empires Custom UMC Stuff\SourceMod\Workspace\umc-core.sp::ProcessVoteWinner()
L 12/01/2017 - 17:56:05: [SM]   [7] Line 3795, D:\Documents\My Folder\Empires Custom UMC Stuff\SourceMod\Workspace\umc-core.sp::ProcessVoteResults()
L 12/01/2017 - 17:56:05: [SM]   [8] Line 1277, D:\Documents\My Folder\Empires Custom UMC Stuff\SourceMod\Workspace\umc-core.sp::Native_UMCVoteManagerComplete()
L 12/01/2017 - 17:56:05: [SM]   [10] UMC_VoteManagerVoteCompleted
L 12/01/2017 - 17:56:05: [SM]   [11] Line 2309, D:\Documents\My Folder\Empires Custom UMC Stuff\SourceMod\Workspace\umc-core.sp::Handle_MapVoteResults()
L 12/01/2017 - 17:56:12: Error log file session closed.
L 12/01/2017 - 18:27:10: SourceMod error session started
L 12/01/2017 - 18:27:10: Info (map "con_glycencity") (file "errors_20171201.log")
L 12/01/2017 - 18:27:10: [SM] Exception reported: Invalid timer handle 2b4d0327 (error 1)
L 12/01/2017 - 18:27:10: [SM] Blaming: umc-emp-mapvote.smx()
L 12/01/2017 - 18:27:10: [SM] Call stack trace:
L 12/01/2017 - 18:27:10: [SM]   [0] KillTimer
L 12/01/2017 - 18:27:10: [SM]   [1] Line 686, D:\Documents\My Folder\Empires Custom UMC Stuff\SourceMod\Workspace\umc-emp-mapvote.sp::UMC_OnNextmapSet()
L 12/01/2017 - 18:27:10: [SM]   [3] Call_Finish
L 12/01/2017 - 18:27:10: [SM]   [4] Line 4834, D:\Documents\My Folder\Empires Custom UMC Stuff\SourceMod\Workspace\umc-core.sp::DoMapChange()
L 12/01/2017 - 18:27:10: [SM]   [5] Line 4267, D:\Documents\My Folder\Empires Custom UMC Stuff\SourceMod\Workspace\umc-core.sp::Handle_MapVoteWinner()
L 12/01/2017 - 18:27:10: [SM]   [6] Line 3819, D:\Documents\My Folder\Empires Custom UMC Stuff\SourceMod\Workspace\umc-core.sp::ProcessVoteWinner()
L 12/01/2017 - 18:27:10: [SM]   [7] Line 3795, D:\Documents\My Folder\Empires Custom UMC Stuff\SourceMod\Workspace\umc-core.sp::ProcessVoteResults()
L 12/01/2017 - 18:27:10: [SM]   [8] Line 1277, D:\Documents\My Folder\Empires Custom UMC Stuff\SourceMod\Workspace\umc-core.sp::Native_UMCVoteManagerComplete()
L 12/01/2017 - 18:27:10: [SM]   [10] UMC_VoteManagerVoteCompleted
L 12/01/2017 - 18:27:10: [SM]   [11] Line 2309, D:\Documents\My Folder\Empires Custom UMC Stuff\SourceMod\Workspace\umc-core.sp::Handle_MapVoteResults()
L 12/01/2017 - 18:27:16: Error log file session closed.
L 12/01/2017 - 19:24:47: SourceMod error session started
L 12/01/2017 - 19:24:47: Info (map "emp_crossroads") (file "errors_20171201.log")
L 12/01/2017 - 19:24:47: [SM] Exception reported: Invalid timer handle 32bf02ea (error 1)
L 12/01/2017 - 19:24:47: [SM] Blaming: umc-emp-mapvote.smx()
L 12/01/2017 - 19:24:47: [SM] Call stack trace:
L 12/01/2017 - 19:24:47: [SM]   [0] KillTimer
L 12/01/2017 - 19:24:47: [SM]   [1] Line 686, D:\Documents\My Folder\Empires Custom UMC Stuff\SourceMod\Workspace\umc-emp-mapvote.sp::UMC_OnNextmapSet()
L 12/01/2017 - 19:24:47: [SM]   [3] Call_Finish
L 12/01/2017 - 19:24:47: [SM]   [4] Line 4834, D:\Documents\My Folder\Empires Custom UMC Stuff\SourceMod\Workspace\umc-core.sp::DoMapChange()
L 12/01/2017 - 19:24:47: [SM]   [5] Line 4267, D:\Documents\My Folder\Empires Custom UMC Stuff\SourceMod\Workspace\umc-core.sp::Handle_MapVoteWinner()
L 12/01/2017 - 19:24:47: [SM]   [6] Line 3819, D:\Documents\My Folder\Empires Custom UMC Stuff\SourceMod\Workspace\umc-core.sp::ProcessVoteWinner()
L 12/01/2017 - 19:24:47: [SM]   [7] Line 3795, D:\Documents\My Folder\Empires Custom UMC Stuff\SourceMod\Workspace\umc-core.sp::ProcessVoteResults()
L 12/01/2017 - 19:24:47: [SM]   [8] Line 1277, D:\Documents\My Folder\Empires Custom UMC Stuff\SourceMod\Workspace\umc-core.sp::Native_UMCVoteManagerComplete()
L 12/01/2017 - 19:24:47: [SM]   [10] UMC_VoteManagerVoteCompleted
L 12/01/2017 - 19:24:47: [SM]   [11] Line 2309, D:\Documents\My Folder\Empires Custom UMC Stuff\SourceMod\Workspace\umc-core.sp::Handle_MapVoteResults()
L 12/01/2017 - 19:24:53: Error log file session closed.
L 12/01/2017 - 19:32:59: SourceMod error session started
L 12/01/2017 - 19:32:59: Info (map "fun_ricochet_a3") (file "errors_20171201.log")
L 12/01/2017 - 19:32:59: [SM] Exception reported: Invalid timer handle 357102f7 (error 1)
L 12/01/2017 - 19:32:59: [SM] Blaming: umc-emp-mapvote.smx()
L 12/01/2017 - 19:32:59: [SM] Call stack trace:
L 12/01/2017 - 19:32:59: [SM]   [0] KillTimer
L 12/01/2017 - 19:32:59: [SM]   [1] Line 686, D:\Documents\My Folder\Empires Custom UMC Stuff\SourceMod\Workspace\umc-emp-mapvote.sp::UMC_OnNextmapSet()
L 12/01/2017 - 19:32:59: [SM]   [3] Call_Finish
L 12/01/2017 - 19:32:59: [SM]   [4] Line 4834, D:\Documents\My Folder\Empires Custom UMC Stuff\SourceMod\Workspace\umc-core.sp::DoMapChange()
L 12/01/2017 - 19:32:59: [SM]   [5] Line 4267, D:\Documents\My Folder\Empires Custom UMC Stuff\SourceMod\Workspace\umc-core.sp::Handle_MapVoteWinner()
L 12/01/2017 - 19:32:59: [SM]   [6] Line 3819, D:\Documents\My Folder\Empires Custom UMC Stuff\SourceMod\Workspace\umc-core.sp::ProcessVoteWinner()
L 12/01/2017 - 19:32:59: [SM]   [7] Line 3795, D:\Documents\My Folder\Empires Custom UMC Stuff\SourceMod\Workspace\umc-core.sp::ProcessVoteResults()
L 12/01/2017 - 19:32:59: [SM]   [8] Line 1277, D:\Documents\My Folder\Empires Custom UMC Stuff\SourceMod\Workspace\umc-core.sp::Native_UMCVoteManagerComplete()
L 12/01/2017 - 19:32:59: [SM]   [10] UMC_VoteManagerVoteCompleted
L 12/01/2017 - 19:32:59: [SM]   [11] Line 2309, D:\Documents\My Folder\Empires Custom UMC Stuff\SourceMod\Workspace\umc-core.sp::Handle_MapVoteResults()
L 12/01/2017 - 19:33:05: Error log file session closed.
L 12/01/2017 - 19:44:53: SourceMod error session started
L 12/01/2017 - 19:44:53: Info (map "con_district402") (file "errors_20171201.log")
L 12/01/2017 - 19:44:53: [SM] Exception reported: Invalid timer handle 38ac033c (error 1)
L 12/01/2017 - 19:44:53: [SM] Blaming: umc-emp-mapvote.smx()
L 12/01/2017 - 19:44:53: [SM] Call stack trace:
L 12/01/2017 - 19:44:53: [SM]   [0] KillTimer
L 12/01/2017 - 19:44:53: [SM]   [1] Line 686, D:\Documents\My Folder\Empires Custom UMC Stuff\SourceMod\Workspace\umc-emp-mapvote.sp::UMC_OnNextmapSet()
L 12/01/2017 - 19:44:53: [SM]   [3] Call_Finish
L 12/01/2017 - 19:44:53: [SM]   [4] Line 4834, D:\Documents\My Folder\Empires Custom UMC Stuff\SourceMod\Workspace\umc-core.sp::DoMapChange()
L 12/01/2017 - 19:44:53: [SM]   [5] Line 4267, D:\Documents\My Folder\Empires Custom UMC Stuff\SourceMod\Workspace\umc-core.sp::Handle_MapVoteWinner()
L 12/01/2017 - 19:44:53: [SM]   [6] Line 3819, D:\Documents\My Folder\Empires Custom UMC Stuff\SourceMod\Workspace\umc-core.sp::ProcessVoteWinner()
L 12/01/2017 - 19:44:53: [SM]   [7] Line 3795, D:\Documents\My Folder\Empires Custom UMC Stuff\SourceMod\Workspace\umc-core.sp::ProcessVoteResults()
L 12/01/2017 - 19:44:53: [SM]   [8] Line 1277, D:\Documents\My Folder\Empires Custom UMC Stuff\SourceMod\Workspace\umc-core.sp::Native_UMCVoteManagerComplete()
L 12/01/2017 - 19:44:53: [SM]   [10] UMC_VoteManagerVoteCompleted
L 12/01/2017 - 19:44:53: [SM]   [11] Line 2309, D:\Documents\My Folder\Empires Custom UMC Stuff\SourceMod\Workspace\umc-core.sp::Handle_MapVoteResults()
L 12/01/2017 - 19:44:59: Error log file session closed.
L 12/01/2017 - 20:55:16: SourceMod error session started
L 12/01/2017 - 20:55:16: Info (map "emp_downfall") (file "errors_20171201.log")
L 12/01/2017 - 20:55:16: [SM] Exception reported: Invalid key value handle 0 (error 4)
L 12/01/2017 - 20:55:16: [SM] Blaming: saysounds.smx()
L 12/01/2017 - 20:55:16: [SM] Call stack trace:
L 12/01/2017 - 20:55:16: [SM]   [0] KvRewind
L 12/01/2017 - 20:55:16: [SM]   [1] Line 1483, E:\dev\sourcemod\sourcemod-1.4.6-linux\addons\sourcemod\scripting\saysounds.sp::Command_Say()
L 12/01/2017 - 20:55:16: [SM] Exception reported: Invalid key value handle 0 (error 4)
L 12/01/2017 - 20:55:16: [SM] Blaming: saysounds.smx()
L 12/01/2017 - 20:55:16: [SM] Call stack trace:
L 12/01/2017 - 20:55:16: [SM]   [0] KvRewind
L 12/01/2017 - 20:55:16: [SM]   [1] Line 1483, E:\dev\sourcemod\sourcemod-1.4.6-linux\addons\sourcemod\scripting\saysounds.sp::Command_Say()
L 12/01/2017 - 20:56:56: [SM] Exception reported: Invalid timer handle 445802e2 (error 3)
L 12/01/2017 - 20:56:56: [SM] Blaming: umc-emp-mapvote.smx()
L 12/01/2017 - 20:56:56: [SM] Call stack trace:
L 12/01/2017 - 20:56:56: [SM]   [0] KillTimer
L 12/01/2017 - 20:56:56: [SM]   [1] Line 686, D:\Documents\My Folder\Empires Custom UMC Stuff\SourceMod\Workspace\umc-emp-mapvote.sp::UMC_OnNextmapSet()
L 12/01/2017 - 20:56:56: [SM]   [3] Call_Finish
L 12/01/2017 - 20:56:56: [SM]   [4] Line 4834, D:\Documents\My Folder\Empires Custom UMC Stuff\SourceMod\Workspace\umc-core.sp::DoMapChange()
L 12/01/2017 - 20:56:56: [SM]   [5] Line 4267, D:\Documents\My Folder\Empires Custom UMC Stuff\SourceMod\Workspace\umc-core.sp::Handle_MapVoteWinner()
L 12/01/2017 - 20:56:56: [SM]   [6] Line 3819, D:\Documents\My Folder\Empires Custom UMC Stuff\SourceMod\Workspace\umc-core.sp::ProcessVoteWinner()
L 12/01/2017 - 20:56:56: [SM]   [7] Line 3795, D:\Documents\My Folder\Empires Custom UMC Stuff\SourceMod\Workspace\umc-core.sp::ProcessVoteResults()
L 12/01/2017 - 20:56:56: [SM]   [8] Line 1277, D:\Documents\My Folder\Empires Custom UMC Stuff\SourceMod\Workspace\umc-core.sp::Native_UMCVoteManagerComplete()
L 12/01/2017 - 20:56:56: [SM]   [10] UMC_VoteManagerVoteCompleted
L 12/01/2017 - 20:56:56: [SM]   [11] Line 2309, D:\Documents\My Folder\Empires Custom UMC Stuff\SourceMod\Workspace\umc-core.sp::Handle_MapVoteResults()
L 12/01/2017 - 20:57:01: Error log file session closed.
L 12/01/2017 - 21:43:37: SourceMod error session started
L 12/01/2017 - 21:43:37: Info (map "emp_research_1_2_2013") (file "errors_20171201.log")
L 12/01/2017 - 21:43:37: [SM] Exception reported: Invalid timer handle 507602f6 (error 3)
L 12/01/2017 - 21:43:37: [SM] Blaming: umc-emp-mapvote.smx()
L 12/01/2017 - 21:43:37: [SM] Call stack trace:
L 12/01/2017 - 21:43:37: [SM]   [0] KillTimer
L 12/01/2017 - 21:43:37: [SM]   [1] Line 686, D:\Documents\My Folder\Empires Custom UMC Stuff\SourceMod\Workspace\umc-emp-mapvote.sp::UMC_OnNextmapSet()
L 12/01/2017 - 21:43:37: [SM]   [3] Call_Finish
L 12/01/2017 - 21:43:37: [SM]   [4] Line 4834, D:\Documents\My Folder\Empires Custom UMC Stuff\SourceMod\Workspace\umc-core.sp::DoMapChange()
L 12/01/2017 - 21:43:37: [SM]   [5] Line 4267, D:\Documents\My Folder\Empires Custom UMC Stuff\SourceMod\Workspace\umc-core.sp::Handle_MapVoteWinner()
L 12/01/2017 - 21:43:37: [SM]   [6] Line 3819, D:\Documents\My Folder\Empires Custom UMC Stuff\SourceMod\Workspace\umc-core.sp::ProcessVoteWinner()
L 12/01/2017 - 21:43:37: [SM]   [7] Line 3795, D:\Documents\My Folder\Empires Custom UMC Stuff\SourceMod\Workspace\umc-core.sp::ProcessVoteResults()
L 12/01/2017 - 21:43:37: [SM]   [8] Line 1277, D:\Documents\My Folder\Empires Custom UMC Stuff\SourceMod\Workspace\umc-core.sp::Native_UMCVoteManagerComplete()
L 12/01/2017 - 21:43:37: [SM]   [10] UMC_VoteManagerVoteCompleted
L 12/01/2017 - 21:43:37: [SM]   [11] Line 2309, D:\Documents\My Folder\Empires Custom UMC Stuff\SourceMod\Workspace\umc-core.sp::Handle_MapVoteResults()
L 12/01/2017 - 21:43:43: Error log file session closed.
L 12/01/2017 - 22:34:45: SourceMod error session started
L 12/01/2017 - 22:34:45: Info (map "emp_canyon") (file "errors_20171201.log")
L 12/01/2017 - 22:34:45: [SM] Exception reported: Invalid timer handle 608f0385 (error 1)
L 12/01/2017 - 22:34:45: [SM] Blaming: umc-emp-mapvote.smx()
L 12/01/2017 - 22:34:45: [SM] Call stack trace:
L 12/01/2017 - 22:34:45: [SM]   [0] KillTimer
L 12/01/2017 - 22:34:45: [SM]   [1] Line 686, D:\Documents\My Folder\Empires Custom UMC Stuff\SourceMod\Workspace\umc-emp-mapvote.sp::UMC_OnNextmapSet()
L 12/01/2017 - 22:34:45: [SM]   [3] Call_Finish
L 12/01/2017 - 22:34:45: [SM]   [4] Line 4834, D:\Documents\My Folder\Empires Custom UMC Stuff\SourceMod\Workspace\umc-core.sp::DoMapChange()
L 12/01/2017 - 22:34:45: [SM]   [5] Line 4267, D:\Documents\My Folder\Empires Custom UMC Stuff\SourceMod\Workspace\umc-core.sp::Handle_MapVoteWinner()
L 12/01/2017 - 22:34:45: [SM]   [6] Line 3819, D:\Documents\My Folder\Empires Custom UMC Stuff\SourceMod\Workspace\umc-core.sp::ProcessVoteWinner()
L 12/01/2017 - 22:34:45: [SM]   [7] Line 3795, D:\Documents\My Folder\Empires Custom UMC Stuff\SourceMod\Workspace\umc-core.sp::ProcessVoteResults()
L 12/01/2017 - 22:34:45: [SM]   [8] Line 1277, D:\Documents\My Folder\Empires Custom UMC Stuff\SourceMod\Workspace\umc-core.sp::Native_UMCVoteManagerComplete()
L 12/01/2017 - 22:34:45: [SM]   [10] UMC_VoteManagerVoteCompleted
L 12/01/2017 - 22:34:45: [SM]   [11] Line 2309, D:\Documents\My Folder\Empires Custom UMC Stuff\SourceMod\Workspace\umc-core.sp::Handle_MapVoteResults()
L 12/01/2017 - 22:34:51: Error log file session closed.
L 12/01/2017 - 23:04:40: SourceMod error session started
L 12/01/2017 - 23:04:40: Info (map "emp_streetsoffire_fix") (file "errors_20171201.log")
L 12/01/2017 - 23:04:40: [SM] Exception reported: Invalid timer handle 6ab40369 (error 1)
L 12/01/2017 - 23:04:40: [SM] Blaming: umc-emp-mapvote.smx()
L 12/01/2017 - 23:04:40: [SM] Call stack trace:
L 12/01/2017 - 23:04:40: [SM]   [0] KillTimer
L 12/01/2017 - 23:04:40: [SM]   [1] Line 686, D:\Documents\My Folder\Empires Custom UMC Stuff\SourceMod\Workspace\umc-emp-mapvote.sp::UMC_OnNextmapSet()
L 12/01/2017 - 23:04:40: [SM]   [3] Call_Finish
L 12/01/2017 - 23:04:40: [SM]   [4] Line 4834, D:\Documents\My Folder\Empires Custom UMC Stuff\SourceMod\Workspace\umc-core.sp::DoMapChange()
L 12/01/2017 - 23:04:40: [SM]   [5] Line 4267, D:\Documents\My Folder\Empires Custom UMC Stuff\SourceMod\Workspace\umc-core.sp::Handle_MapVoteWinner()
L 12/01/2017 - 23:04:40: [SM]   [6] Line 3819, D:\Documents\My Folder\Empires Custom UMC Stuff\SourceMod\Workspace\umc-core.sp::ProcessVoteWinner()
L 12/01/2017 - 23:04:40: [SM]   [7] Line 3795, D:\Documents\My Folder\Empires Custom UMC Stuff\SourceMod\Workspace\umc-core.sp::ProcessVoteResults()
L 12/01/2017 - 23:04:40: [SM]   [8] Line 1277, D:\Documents\My Folder\Empires Custom UMC Stuff\SourceMod\Workspace\umc-core.sp::Native_UMCVoteManagerComplete()
L 12/01/2017 - 23:04:40: [SM]   [10] UMC_VoteManagerVoteCompleted
L 12/01/2017 - 23:04:40: [SM]   [11] Line 2309, D:\Documents\My Folder\Empires Custom UMC Stuff\SourceMod\Workspace\umc-core.sp::Handle_MapVoteResults()
L 12/01/2017 - 23:04:45: Error log file session closed.
L 12/01/2017 - 23:18:28: SourceMod error session started
L 12/01/2017 - 23:18:28: Info (map "as_crackdown_a5") (file "errors_20171201.log")
L 12/01/2017 - 23:18:28: [SM] Exception reported: Invalid timer handle 74640384 (error 1)
L 12/01/2017 - 23:18:28: [SM] Blaming: umc-emp-mapvote.smx()
L 12/01/2017 - 23:18:28: [SM] Call stack trace:
L 12/01/2017 - 23:18:28: [SM]   [0] KillTimer
L 12/01/2017 - 23:18:28: [SM]   [1] Line 686, D:\Documents\My Folder\Empires Custom UMC Stuff\SourceMod\Workspace\umc-emp-mapvote.sp::UMC_OnNextmapSet()
L 12/01/2017 - 23:18:28: [SM]   [3] Call_Finish
L 12/01/2017 - 23:18:28: [SM]   [4] Line 4834, D:\Documents\My Folder\Empires Custom UMC Stuff\SourceMod\Workspace\umc-core.sp::DoMapChange()
L 12/01/2017 - 23:18:28: [SM]   [5] Line 4267, D:\Documents\My Folder\Empires Custom UMC Stuff\SourceMod\Workspace\umc-core.sp::Handle_MapVoteWinner()
L 12/01/2017 - 23:18:28: [SM]   [6] Line 3819, D:\Documents\My Folder\Empires Custom UMC Stuff\SourceMod\Workspace\umc-core.sp::ProcessVoteWinner()
L 12/01/2017 - 23:18:28: [SM]   [7] Line 3795, D:\Documents\My Folder\Empires Custom UMC Stuff\SourceMod\Workspace\umc-core.sp::ProcessVoteResults()
L 12/01/2017 - 23:18:28: [SM]   [8] Line 1277, D:\Documents\My Folder\Empires Custom UMC Stuff\SourceMod\Workspace\umc-core.sp::Native_UMCVoteManagerComplete()
L 12/01/2017 - 23:18:28: [SM]   [10] UMC_VoteManagerVoteCompleted
L 12/01/2017 - 23:18:28: [SM]   [11] Line 2309, D:\Documents\My Folder\Empires Custom UMC Stuff\SourceMod\Workspace\umc-core.sp::Handle_MapVoteResults()
L 12/01/2017 - 23:18:33: Error log file session closed.
L 12/01/2017 - 23:24:43: SourceMod error session started
L 12/01/2017 - 23:24:43: Info (map "fun_ricochet_a3") (file "errors_20171201.log")
L 12/01/2017 - 23:24:43: [SM] Exception reported: Invalid key value handle 0 (error 4)
L 12/01/2017 - 23:24:43: [SM] Blaming: saysounds.smx()
L 12/01/2017 - 23:24:43: [SM] Call stack trace:
L 12/01/2017 - 23:24:43: [SM]   [0] KvRewind
L 12/01/2017 - 23:24:43: [SM]   [1] Line 1483, E:\dev\sourcemod\sourcemod-1.4.6-linux\addons\sourcemod\scripting\saysounds.sp::Command_Say()
L 12/01/2017 - 23:24:43: [SM] Exception reported: Invalid key value handle 0 (error 4)
L 12/01/2017 - 23:24:43: [SM] Blaming: saysounds.smx()
L 12/01/2017 - 23:24:43: [SM] Call stack trace:
L 12/01/2017 - 23:24:43: [SM]   [0] KvRewind
L 12/01/2017 - 23:24:43: [SM]   [1] Line 1483, E:\dev\sourcemod\sourcemod-1.4.6-linux\addons\sourcemod\scripting\saysounds.sp::Command_Say()
L 12/01/2017 - 23:25:44: [SM] Exception reported: Invalid timer handle 79bd039e (error 1)
L 12/01/2017 - 23:25:44: [SM] Blaming: umc-emp-mapvote.smx()
L 12/01/2017 - 23:25:44: [SM] Call stack trace:
L 12/01/2017 - 23:25:44: [SM]   [0] KillTimer
L 12/01/2017 - 23:25:44: [SM]   [1] Line 686, D:\Documents\My Folder\Empires Custom UMC Stuff\SourceMod\Workspace\umc-emp-mapvote.sp::UMC_OnNextmapSet()
L 12/01/2017 - 23:25:44: [SM]   [3] Call_Finish
L 12/01/2017 - 23:25:44: [SM]   [4] Line 4834, D:\Documents\My Folder\Empires Custom UMC Stuff\SourceMod\Workspace\umc-core.sp::DoMapChange()
L 12/01/2017 - 23:25:44: [SM]   [5] Line 4267, D:\Documents\My Folder\Empires Custom UMC Stuff\SourceMod\Workspace\umc-core.sp::Handle_MapVoteWinner()
L 12/01/2017 - 23:25:44: [SM]   [6] Line 3819, D:\Documents\My Folder\Empires Custom UMC Stuff\SourceMod\Workspace\umc-core.sp::ProcessVoteWinner()
L 12/01/2017 - 23:25:44: [SM]   [7] Line 3795, D:\Documents\My Folder\Empires Custom UMC Stuff\SourceMod\Workspace\umc-core.sp::ProcessVoteResults()
L 12/01/2017 - 23:25:44: [SM]   [8] Line 1277, D:\Documents\My Folder\Empires Custom UMC Stuff\SourceMod\Workspace\umc-core.sp::Native_UMCVoteManagerComplete()
L 12/01/2017 - 23:25:44: [SM]   [10] UMC_VoteManagerVoteCompleted
L 12/01/2017 - 23:25:44: [SM]   [11] Line 2309, D:\Documents\My Folder\Empires Custom UMC Stuff\SourceMod\Workspace\umc-core.sp::Handle_MapVoteResults()
L 12/01/2017 - 23:25:49: Error log file session closed.
