L 05/10/2018 - 16:35:48: SourceMod error session started
L 05/10/2018 - 16:35:48: Info (map "emp_downfall_hce") (file "errors_20180510.log")
L 05/10/2018 - 16:35:48: [SM] Exception reported: Invalid timer handle 8c1c0124 (error 3)
L 05/10/2018 - 16:35:48: [SM] Blaming: umc-emp-mapvote.smx()
L 05/10/2018 - 16:35:48: [SM] Call stack trace:
L 05/10/2018 - 16:35:48: [SM]   [0] KillTimer
L 05/10/2018 - 16:35:48: [SM]   [1] Line 686, D:\Documents\My Folder\Empires Custom UMC Stuff\SourceMod\Workspace\umc-emp-mapvote.sp::UMC_OnNextmapSet()
L 05/10/2018 - 16:35:48: [SM]   [3] Call_Finish
L 05/10/2018 - 16:35:48: [SM]   [4] Line 4834, D:\Documents\My Folder\Empires Custom UMC Stuff\SourceMod\Workspace\umc-core.sp::DoMapChange()
L 05/10/2018 - 16:35:48: [SM]   [5] Line 1767, D:\Documents\My Folder\Empires Custom UMC Stuff\SourceMod\Workspace\umc-core.sp::Native_UMCSetNextMap()
L 05/10/2018 - 16:35:48: [SM]   [7] UMC_SetNextMap
L 05/10/2018 - 16:35:48: [SM]   [8] Line 621, D:\Documents\My Folder\Empires Custom UMC Stuff\SourceMod\Workspace\umc-emp-mapvote.sp::DoRandomNextMap()
L 05/10/2018 - 16:35:48: [SM]   [9] Line 606, D:\Documents\My Folder\Empires Custom UMC Stuff\SourceMod\Workspace\umc-emp-mapvote.sp::DoMapChangeFailSafe()
L 05/10/2018 - 16:35:48: [SM]   [10] Line 722, D:\Documents\My Folder\Empires Custom UMC Stuff\SourceMod\Workspace\umc-emp-mapvote.sp::UMC_OnVoteFailed()
L 05/10/2018 - 16:35:48: [SM]   [12] Call_Finish
L 05/10/2018 - 16:35:48: [SM]   [13] Line 4796, D:\Documents\My Folder\Empires Custom UMC Stuff\SourceMod\Workspace\umc-core.sp::VoteFailed()
L 05/10/2018 - 16:35:48: [SM]   [14] Line 3507, D:\Documents\My Folder\Empires Custom UMC Stuff\SourceMod\Workspace\umc-core.sp::VoteCancelled()
L 05/10/2018 - 16:35:48: [SM]   [15] Line 1177, D:\Documents\My Folder\Empires Custom UMC Stuff\SourceMod\Workspace\umc-core.sp::Native_UMCVoteManagerCancel()
L 05/10/2018 - 16:35:48: [SM]   [17] UMC_VoteManagerVoteCancelled
L 05/10/2018 - 16:35:48: [SM]   [18] Line 2276, D:\Documents\My Folder\Empires Custom UMC Stuff\SourceMod\Workspace\umc-core.sp::Handle_VoteMenu()
L 05/10/2018 - 16:35:54: Error log file session closed.
L 05/10/2018 - 17:42:29: SourceMod error session started
L 05/10/2018 - 17:42:29: Info (map "emp_drygulch_a6") (file "errors_20180510.log")
L 05/10/2018 - 17:42:29: [SM] Exception reported: Invalid timer handle 8fef0382 (error 1)
L 05/10/2018 - 17:42:29: [SM] Blaming: umc-emp-mapvote.smx()
L 05/10/2018 - 17:42:29: [SM] Call stack trace:
L 05/10/2018 - 17:42:29: [SM]   [0] KillTimer
L 05/10/2018 - 17:42:29: [SM]   [1] Line 686, D:\Documents\My Folder\Empires Custom UMC Stuff\SourceMod\Workspace\umc-emp-mapvote.sp::UMC_OnNextmapSet()
L 05/10/2018 - 17:42:29: [SM]   [3] Call_Finish
L 05/10/2018 - 17:42:29: [SM]   [4] Line 4834, D:\Documents\My Folder\Empires Custom UMC Stuff\SourceMod\Workspace\umc-core.sp::DoMapChange()
L 05/10/2018 - 17:42:29: [SM]   [5] Line 4267, D:\Documents\My Folder\Empires Custom UMC Stuff\SourceMod\Workspace\umc-core.sp::Handle_MapVoteWinner()
L 05/10/2018 - 17:42:29: [SM]   [6] Line 3819, D:\Documents\My Folder\Empires Custom UMC Stuff\SourceMod\Workspace\umc-core.sp::ProcessVoteWinner()
L 05/10/2018 - 17:42:29: [SM]   [7] Line 3795, D:\Documents\My Folder\Empires Custom UMC Stuff\SourceMod\Workspace\umc-core.sp::ProcessVoteResults()
L 05/10/2018 - 17:42:29: [SM]   [8] Line 1277, D:\Documents\My Folder\Empires Custom UMC Stuff\SourceMod\Workspace\umc-core.sp::Native_UMCVoteManagerComplete()
L 05/10/2018 - 17:42:29: [SM]   [10] UMC_VoteManagerVoteCompleted
L 05/10/2018 - 17:42:29: [SM]   [11] Line 2309, D:\Documents\My Folder\Empires Custom UMC Stuff\SourceMod\Workspace\umc-core.sp::Handle_MapVoteResults()
L 05/10/2018 - 17:42:36: Error log file session closed.
L 05/10/2018 - 17:44:11: SourceMod error session started
L 05/10/2018 - 17:44:11: Info (map "emp_fogtown_cl2_fix") (file "errors_20180510.log")
L 05/10/2018 - 17:44:11: [SM] Exception reported: Invalid timer handle 8fef0382 (error 1)
L 05/10/2018 - 17:44:11: [SM] Blaming: umc-emp-mapvote.smx()
L 05/10/2018 - 17:44:11: [SM] Call stack trace:
L 05/10/2018 - 17:44:11: [SM]   [0] KillTimer
L 05/10/2018 - 17:44:11: [SM]   [1] Line 686, D:\Documents\My Folder\Empires Custom UMC Stuff\SourceMod\Workspace\umc-emp-mapvote.sp::UMC_OnNextmapSet()
L 05/10/2018 - 17:44:11: [SM]   [3] Call_Finish
L 05/10/2018 - 17:44:11: [SM]   [4] Line 4834, D:\Documents\My Folder\Empires Custom UMC Stuff\SourceMod\Workspace\umc-core.sp::DoMapChange()
L 05/10/2018 - 17:44:11: [SM]   [5] Line 4267, D:\Documents\My Folder\Empires Custom UMC Stuff\SourceMod\Workspace\umc-core.sp::Handle_MapVoteWinner()
L 05/10/2018 - 17:44:11: [SM]   [6] Line 3819, D:\Documents\My Folder\Empires Custom UMC Stuff\SourceMod\Workspace\umc-core.sp::ProcessVoteWinner()
L 05/10/2018 - 17:44:11: [SM]   [7] Line 3795, D:\Documents\My Folder\Empires Custom UMC Stuff\SourceMod\Workspace\umc-core.sp::ProcessVoteResults()
L 05/10/2018 - 17:44:11: [SM]   [8] Line 1277, D:\Documents\My Folder\Empires Custom UMC Stuff\SourceMod\Workspace\umc-core.sp::Native_UMCVoteManagerComplete()
L 05/10/2018 - 17:44:11: [SM]   [10] UMC_VoteManagerVoteCompleted
L 05/10/2018 - 17:44:11: [SM]   [11] Line 2309, D:\Documents\My Folder\Empires Custom UMC Stuff\SourceMod\Workspace\umc-core.sp::Handle_MapVoteResults()
L 05/10/2018 - 17:44:17: Error log file session closed.
L 05/10/2018 - 18:33:41: SourceMod error session started
L 05/10/2018 - 18:33:41: Info (map "emp_beachfront_b2_hce") (file "errors_20180510.log")
L 05/10/2018 - 18:33:41: [SM] Exception reported: Invalid timer handle 963c004b (error 3)
L 05/10/2018 - 18:33:41: [SM] Blaming: umc-emp-mapvote.smx()
L 05/10/2018 - 18:33:41: [SM] Call stack trace:
L 05/10/2018 - 18:33:41: [SM]   [0] KillTimer
L 05/10/2018 - 18:33:41: [SM]   [1] Line 686, D:\Documents\My Folder\Empires Custom UMC Stuff\SourceMod\Workspace\umc-emp-mapvote.sp::UMC_OnNextmapSet()
L 05/10/2018 - 18:33:41: [SM]   [3] Call_Finish
L 05/10/2018 - 18:33:41: [SM]   [4] Line 4834, D:\Documents\My Folder\Empires Custom UMC Stuff\SourceMod\Workspace\umc-core.sp::DoMapChange()
L 05/10/2018 - 18:33:41: [SM]   [5] Line 4267, D:\Documents\My Folder\Empires Custom UMC Stuff\SourceMod\Workspace\umc-core.sp::Handle_MapVoteWinner()
L 05/10/2018 - 18:33:41: [SM]   [6] Line 3819, D:\Documents\My Folder\Empires Custom UMC Stuff\SourceMod\Workspace\umc-core.sp::ProcessVoteWinner()
L 05/10/2018 - 18:33:41: [SM]   [7] Line 3795, D:\Documents\My Folder\Empires Custom UMC Stuff\SourceMod\Workspace\umc-core.sp::ProcessVoteResults()
L 05/10/2018 - 18:33:41: [SM]   [8] Line 1277, D:\Documents\My Folder\Empires Custom UMC Stuff\SourceMod\Workspace\umc-core.sp::Native_UMCVoteManagerComplete()
L 05/10/2018 - 18:33:41: [SM]   [10] UMC_VoteManagerVoteCompleted
L 05/10/2018 - 18:33:41: [SM]   [11] Line 2309, D:\Documents\My Folder\Empires Custom UMC Stuff\SourceMod\Workspace\umc-core.sp::Handle_MapVoteResults()
L 05/10/2018 - 18:33:47: Error log file session closed.
L 05/10/2018 - 18:33:47: SourceMod error session started
L 05/10/2018 - 18:33:47: Info (map "con_urbanchaos_comm_b2") (file "errors_20180510.log")
L 05/10/2018 - 18:33:47: [SM] Exception reported: Client index 0 is invalid
L 05/10/2018 - 18:33:47: [SM] Blaming: NoCommExtendVote.smx()
L 05/10/2018 - 18:33:47: [SM] Call stack trace:
L 05/10/2018 - 18:33:47: [SM]   [0] PrintToChat
L 05/10/2018 - 18:33:47: [SM]   [1] Line 585, E:\Projects\EmpiresServer\NeoonyTestServer\addons\sourcemod\scripting\NoCommExtendVote.sp::Command_NCDisable()
L 05/10/2018 - 18:35:42: [SM] Exception reported: Game event "player_disconnect" has no active hook
L 05/10/2018 - 18:35:42: [SM] Blaming: saysounds.smx()
L 05/10/2018 - 18:35:42: [SM] Call stack trace:
L 05/10/2018 - 18:35:42: [SM]   [0] UnhookEvent
L 05/10/2018 - 18:35:42: [SM]   [1] Line 488, E:\dev\sourcemod\sourcemod-1.4.6-linux\addons\sourcemod\scripting\saysounds.sp::EnableChanged()
L 05/10/2018 - 19:06:55: [SM] Exception reported: Invalid timer handle 9b2c037f (error 1)
L 05/10/2018 - 19:06:55: [SM] Blaming: umc-emp-mapvote.smx()
L 05/10/2018 - 19:06:55: [SM] Call stack trace:
L 05/10/2018 - 19:06:55: [SM]   [0] KillTimer
L 05/10/2018 - 19:06:55: [SM]   [1] Line 686, D:\Documents\My Folder\Empires Custom UMC Stuff\SourceMod\Workspace\umc-emp-mapvote.sp::UMC_OnNextmapSet()
L 05/10/2018 - 19:06:55: [SM]   [3] Call_Finish
L 05/10/2018 - 19:06:55: [SM]   [4] Line 4834, D:\Documents\My Folder\Empires Custom UMC Stuff\SourceMod\Workspace\umc-core.sp::DoMapChange()
L 05/10/2018 - 19:06:55: [SM]   [5] Line 4267, D:\Documents\My Folder\Empires Custom UMC Stuff\SourceMod\Workspace\umc-core.sp::Handle_MapVoteWinner()
L 05/10/2018 - 19:06:55: [SM]   [6] Line 3819, D:\Documents\My Folder\Empires Custom UMC Stuff\SourceMod\Workspace\umc-core.sp::ProcessVoteWinner()
L 05/10/2018 - 19:06:55: [SM]   [7] Line 3795, D:\Documents\My Folder\Empires Custom UMC Stuff\SourceMod\Workspace\umc-core.sp::ProcessVoteResults()
L 05/10/2018 - 19:06:55: [SM]   [8] Line 1277, D:\Documents\My Folder\Empires Custom UMC Stuff\SourceMod\Workspace\umc-core.sp::Native_UMCVoteManagerComplete()
L 05/10/2018 - 19:06:55: [SM]   [10] UMC_VoteManagerVoteCompleted
L 05/10/2018 - 19:06:55: [SM]   [11] Line 2309, D:\Documents\My Folder\Empires Custom UMC Stuff\SourceMod\Workspace\umc-core.sp::Handle_MapVoteResults()
L 05/10/2018 - 19:07:02: Error log file session closed.
L 05/10/2018 - 21:15:21: SourceMod error session started
L 05/10/2018 - 21:15:21: Info (map "emp_crossroads_towerless_hce") (file "errors_20180510.log")
L 05/10/2018 - 21:15:21: [SM] Exception reported: Invalid timer handle a190032a (error 3)
L 05/10/2018 - 21:15:21: [SM] Blaming: umc-emp-mapvote.smx()
L 05/10/2018 - 21:15:21: [SM] Call stack trace:
L 05/10/2018 - 21:15:21: [SM]   [0] KillTimer
L 05/10/2018 - 21:15:21: [SM]   [1] Line 686, D:\Documents\My Folder\Empires Custom UMC Stuff\SourceMod\Workspace\umc-emp-mapvote.sp::UMC_OnNextmapSet()
L 05/10/2018 - 21:15:21: [SM]   [3] Call_Finish
L 05/10/2018 - 21:15:21: [SM]   [4] Line 4834, D:\Documents\My Folder\Empires Custom UMC Stuff\SourceMod\Workspace\umc-core.sp::DoMapChange()
L 05/10/2018 - 21:15:21: [SM]   [5] Line 1767, D:\Documents\My Folder\Empires Custom UMC Stuff\SourceMod\Workspace\umc-core.sp::Native_UMCSetNextMap()
L 05/10/2018 - 21:15:21: [SM]   [7] UMC_SetNextMap
L 05/10/2018 - 21:15:21: [SM]   [8] Line 621, D:\Documents\My Folder\Empires Custom UMC Stuff\SourceMod\Workspace\umc-emp-mapvote.sp::DoRandomNextMap()
L 05/10/2018 - 21:15:21: [SM]   [9] Line 606, D:\Documents\My Folder\Empires Custom UMC Stuff\SourceMod\Workspace\umc-emp-mapvote.sp::DoMapChangeFailSafe()
L 05/10/2018 - 21:15:21: [SM]   [10] Line 722, D:\Documents\My Folder\Empires Custom UMC Stuff\SourceMod\Workspace\umc-emp-mapvote.sp::UMC_OnVoteFailed()
L 05/10/2018 - 21:15:21: [SM]   [12] Call_Finish
L 05/10/2018 - 21:15:21: [SM]   [13] Line 4796, D:\Documents\My Folder\Empires Custom UMC Stuff\SourceMod\Workspace\umc-core.sp::VoteFailed()
L 05/10/2018 - 21:15:21: [SM]   [14] Line 3507, D:\Documents\My Folder\Empires Custom UMC Stuff\SourceMod\Workspace\umc-core.sp::VoteCancelled()
L 05/10/2018 - 21:15:21: [SM]   [15] Line 1177, D:\Documents\My Folder\Empires Custom UMC Stuff\SourceMod\Workspace\umc-core.sp::Native_UMCVoteManagerCancel()
L 05/10/2018 - 21:15:21: [SM]   [17] UMC_VoteManagerVoteCancelled
L 05/10/2018 - 21:15:21: [SM]   [18] Line 2276, D:\Documents\My Folder\Empires Custom UMC Stuff\SourceMod\Workspace\umc-core.sp::Handle_VoteMenu()
L 05/10/2018 - 21:15:27: Error log file session closed.
L 05/10/2018 - 21:33:25: SourceMod error session started
L 05/10/2018 - 21:33:25: Info (map "con_district402") (file "errors_20180510.log")
L 05/10/2018 - 21:33:25: [SM] Exception reported: Invalid timer handle a4380368 (error 1)
L 05/10/2018 - 21:33:25: [SM] Blaming: umc-emp-mapvote.smx()
L 05/10/2018 - 21:33:25: [SM] Call stack trace:
L 05/10/2018 - 21:33:25: [SM]   [0] KillTimer
L 05/10/2018 - 21:33:25: [SM]   [1] Line 686, D:\Documents\My Folder\Empires Custom UMC Stuff\SourceMod\Workspace\umc-emp-mapvote.sp::UMC_OnNextmapSet()
L 05/10/2018 - 21:33:25: [SM]   [3] Call_Finish
L 05/10/2018 - 21:33:25: [SM]   [4] Line 4834, D:\Documents\My Folder\Empires Custom UMC Stuff\SourceMod\Workspace\umc-core.sp::DoMapChange()
L 05/10/2018 - 21:33:25: [SM]   [5] Line 4267, D:\Documents\My Folder\Empires Custom UMC Stuff\SourceMod\Workspace\umc-core.sp::Handle_MapVoteWinner()
L 05/10/2018 - 21:33:25: [SM]   [6] Line 3819, D:\Documents\My Folder\Empires Custom UMC Stuff\SourceMod\Workspace\umc-core.sp::ProcessVoteWinner()
L 05/10/2018 - 21:33:25: [SM]   [7] Line 3795, D:\Documents\My Folder\Empires Custom UMC Stuff\SourceMod\Workspace\umc-core.sp::ProcessVoteResults()
L 05/10/2018 - 21:33:25: [SM]   [8] Line 1277, D:\Documents\My Folder\Empires Custom UMC Stuff\SourceMod\Workspace\umc-core.sp::Native_UMCVoteManagerComplete()
L 05/10/2018 - 21:33:25: [SM]   [10] UMC_VoteManagerVoteCompleted
L 05/10/2018 - 21:33:25: [SM]   [11] Line 2309, D:\Documents\My Folder\Empires Custom UMC Stuff\SourceMod\Workspace\umc-core.sp::Handle_MapVoteResults()
L 05/10/2018 - 21:33:31: Error log file session closed.
L 05/10/2018 - 22:01:11: SourceMod error session started
L 05/10/2018 - 22:01:11: Info (map "emp_downfall_hce") (file "errors_20180510.log")
L 05/10/2018 - 22:01:11: [SM] Exception reported: Invalid timer handle a7560376 (error 1)
L 05/10/2018 - 22:01:11: [SM] Blaming: umc-emp-mapvote.smx()
L 05/10/2018 - 22:01:11: [SM] Call stack trace:
L 05/10/2018 - 22:01:11: [SM]   [0] KillTimer
L 05/10/2018 - 22:01:11: [SM]   [1] Line 686, D:\Documents\My Folder\Empires Custom UMC Stuff\SourceMod\Workspace\umc-emp-mapvote.sp::UMC_OnNextmapSet()
L 05/10/2018 - 22:01:11: [SM]   [3] Call_Finish
L 05/10/2018 - 22:01:11: [SM]   [4] Line 4834, D:\Documents\My Folder\Empires Custom UMC Stuff\SourceMod\Workspace\umc-core.sp::DoMapChange()
L 05/10/2018 - 22:01:11: [SM]   [5] Line 4267, D:\Documents\My Folder\Empires Custom UMC Stuff\SourceMod\Workspace\umc-core.sp::Handle_MapVoteWinner()
L 05/10/2018 - 22:01:11: [SM]   [6] Line 3819, D:\Documents\My Folder\Empires Custom UMC Stuff\SourceMod\Workspace\umc-core.sp::ProcessVoteWinner()
L 05/10/2018 - 22:01:11: [SM]   [7] Line 3795, D:\Documents\My Folder\Empires Custom UMC Stuff\SourceMod\Workspace\umc-core.sp::ProcessVoteResults()
L 05/10/2018 - 22:01:11: [SM]   [8] Line 1277, D:\Documents\My Folder\Empires Custom UMC Stuff\SourceMod\Workspace\umc-core.sp::Native_UMCVoteManagerComplete()
L 05/10/2018 - 22:01:11: [SM]   [10] UMC_VoteManagerVoteCompleted
L 05/10/2018 - 22:01:11: [SM]   [11] Line 2309, D:\Documents\My Folder\Empires Custom UMC Stuff\SourceMod\Workspace\umc-core.sp::Handle_MapVoteResults()
L 05/10/2018 - 22:01:16: Error log file session closed.
L 05/10/2018 - 22:33:32: SourceMod error session started
L 05/10/2018 - 22:33:32: Info (map "emp_drygulch_a6") (file "errors_20180510.log")
L 05/10/2018 - 22:33:32: [SM] Exception reported: Invalid timer handle a9f30339 (error 3)
L 05/10/2018 - 22:33:32: [SM] Blaming: umc-emp-mapvote.smx()
L 05/10/2018 - 22:33:32: [SM] Call stack trace:
L 05/10/2018 - 22:33:32: [SM]   [0] KillTimer
L 05/10/2018 - 22:33:32: [SM]   [1] Line 686, D:\Documents\My Folder\Empires Custom UMC Stuff\SourceMod\Workspace\umc-emp-mapvote.sp::UMC_OnNextmapSet()
L 05/10/2018 - 22:33:32: [SM]   [3] Call_Finish
L 05/10/2018 - 22:33:32: [SM]   [4] Line 4834, D:\Documents\My Folder\Empires Custom UMC Stuff\SourceMod\Workspace\umc-core.sp::DoMapChange()
L 05/10/2018 - 22:33:32: [SM]   [5] Line 1767, D:\Documents\My Folder\Empires Custom UMC Stuff\SourceMod\Workspace\umc-core.sp::Native_UMCSetNextMap()
L 05/10/2018 - 22:33:32: [SM]   [7] UMC_SetNextMap
L 05/10/2018 - 22:33:32: [SM]   [8] Line 621, D:\Documents\My Folder\Empires Custom UMC Stuff\SourceMod\Workspace\umc-emp-mapvote.sp::DoRandomNextMap()
L 05/10/2018 - 22:33:32: [SM]   [9] Line 606, D:\Documents\My Folder\Empires Custom UMC Stuff\SourceMod\Workspace\umc-emp-mapvote.sp::DoMapChangeFailSafe()
L 05/10/2018 - 22:33:32: [SM]   [10] Line 722, D:\Documents\My Folder\Empires Custom UMC Stuff\SourceMod\Workspace\umc-emp-mapvote.sp::UMC_OnVoteFailed()
L 05/10/2018 - 22:33:32: [SM]   [12] Call_Finish
L 05/10/2018 - 22:33:32: [SM]   [13] Line 4796, D:\Documents\My Folder\Empires Custom UMC Stuff\SourceMod\Workspace\umc-core.sp::VoteFailed()
L 05/10/2018 - 22:33:32: [SM]   [14] Line 3507, D:\Documents\My Folder\Empires Custom UMC Stuff\SourceMod\Workspace\umc-core.sp::VoteCancelled()
L 05/10/2018 - 22:33:32: [SM]   [15] Line 1177, D:\Documents\My Folder\Empires Custom UMC Stuff\SourceMod\Workspace\umc-core.sp::Native_UMCVoteManagerCancel()
L 05/10/2018 - 22:33:32: [SM]   [17] UMC_VoteManagerVoteCancelled
L 05/10/2018 - 22:33:32: [SM]   [18] Line 2276, D:\Documents\My Folder\Empires Custom UMC Stuff\SourceMod\Workspace\umc-core.sp::Handle_VoteMenu()
L 05/10/2018 - 22:33:37: Error log file session closed.
L 05/10/2018 - 22:34:40: SourceMod error session started
L 05/10/2018 - 22:34:40: Info (map "fun_ricochet_a4") (file "errors_20180510.log")
L 05/10/2018 - 22:34:40: [SM] Exception reported: Invalid timer handle a9f30339 (error 1)
L 05/10/2018 - 22:34:40: [SM] Blaming: umc-emp-mapvote.smx()
L 05/10/2018 - 22:34:40: [SM] Call stack trace:
L 05/10/2018 - 22:34:40: [SM]   [0] KillTimer
L 05/10/2018 - 22:34:40: [SM]   [1] Line 686, D:\Documents\My Folder\Empires Custom UMC Stuff\SourceMod\Workspace\umc-emp-mapvote.sp::UMC_OnNextmapSet()
L 05/10/2018 - 22:34:40: [SM]   [3] Call_Finish
L 05/10/2018 - 22:34:40: [SM]   [4] Line 4834, D:\Documents\My Folder\Empires Custom UMC Stuff\SourceMod\Workspace\umc-core.sp::DoMapChange()
L 05/10/2018 - 22:34:40: [SM]   [5] Line 4267, D:\Documents\My Folder\Empires Custom UMC Stuff\SourceMod\Workspace\umc-core.sp::Handle_MapVoteWinner()
L 05/10/2018 - 22:34:40: [SM]   [6] Line 3819, D:\Documents\My Folder\Empires Custom UMC Stuff\SourceMod\Workspace\umc-core.sp::ProcessVoteWinner()
L 05/10/2018 - 22:34:41: [SM]   [7] Line 3795, D:\Documents\My Folder\Empires Custom UMC Stuff\SourceMod\Workspace\umc-core.sp::ProcessVoteResults()
L 05/10/2018 - 22:34:41: [SM]   [8] Line 1277, D:\Documents\My Folder\Empires Custom UMC Stuff\SourceMod\Workspace\umc-core.sp::Native_UMCVoteManagerComplete()
L 05/10/2018 - 22:34:41: [SM]   [10] UMC_VoteManagerVoteCompleted
L 05/10/2018 - 22:34:41: [SM]   [11] Line 2309, D:\Documents\My Folder\Empires Custom UMC Stuff\SourceMod\Workspace\umc-core.sp::Handle_MapVoteResults()
L 05/10/2018 - 22:34:46: Error log file session closed.
L 05/10/2018 - 22:48:51: SourceMod error session started
L 05/10/2018 - 22:48:51: Info (map "emp_beachfront_b2_hce") (file "errors_20180510.log")
L 05/10/2018 - 22:48:51: [umc-core.smx] VOTING: Not enough options to run a vote. 1 options available.
L 05/10/2018 - 22:48:51: [umc-core.smx] Could not start core vote.
L 05/10/2018 - 22:48:57: Error log file session closed.
L 05/10/2018 - 23:46:33: SourceMod error session started
L 05/10/2018 - 23:46:33: Info (map "emp_havoc_b1_fix") (file "errors_20180510.log")
L 05/10/2018 - 23:46:33: [SM] Exception reported: Invalid timer handle b084035c (error 1)
L 05/10/2018 - 23:46:33: [SM] Blaming: umc-emp-mapvote.smx()
L 05/10/2018 - 23:46:33: [SM] Call stack trace:
L 05/10/2018 - 23:46:33: [SM]   [0] KillTimer
L 05/10/2018 - 23:46:33: [SM]   [1] Line 686, D:\Documents\My Folder\Empires Custom UMC Stuff\SourceMod\Workspace\umc-emp-mapvote.sp::UMC_OnNextmapSet()
L 05/10/2018 - 23:46:33: [SM]   [3] Call_Finish
L 05/10/2018 - 23:46:33: [SM]   [4] Line 4834, D:\Documents\My Folder\Empires Custom UMC Stuff\SourceMod\Workspace\umc-core.sp::DoMapChange()
L 05/10/2018 - 23:46:33: [SM]   [5] Line 4267, D:\Documents\My Folder\Empires Custom UMC Stuff\SourceMod\Workspace\umc-core.sp::Handle_MapVoteWinner()
L 05/10/2018 - 23:46:33: [SM]   [6] Line 3819, D:\Documents\My Folder\Empires Custom UMC Stuff\SourceMod\Workspace\umc-core.sp::ProcessVoteWinner()
L 05/10/2018 - 23:46:33: [SM]   [7] Line 3795, D:\Documents\My Folder\Empires Custom UMC Stuff\SourceMod\Workspace\umc-core.sp::ProcessVoteResults()
L 05/10/2018 - 23:46:33: [SM]   [8] Line 1277, D:\Documents\My Folder\Empires Custom UMC Stuff\SourceMod\Workspace\umc-core.sp::Native_UMCVoteManagerComplete()
L 05/10/2018 - 23:46:33: [SM]   [10] UMC_VoteManagerVoteCompleted
L 05/10/2018 - 23:46:33: [SM]   [11] Line 2309, D:\Documents\My Folder\Empires Custom UMC Stuff\SourceMod\Workspace\umc-core.sp::Handle_MapVoteResults()
L 05/10/2018 - 23:46:39: Error log file session closed.
