L 01/06/2018 - 00:07:10: SourceMod error session started
L 01/06/2018 - 00:07:10: Info (map "fun_ricochet_a4") (file "errors_20180106.log")
L 01/06/2018 - 00:07:10: [SM] Exception reported: Invalid timer handle 4401036e (error 1)
L 01/06/2018 - 00:07:10: [SM] Blaming: umc-emp-mapvote.smx()
L 01/06/2018 - 00:07:10: [SM] Call stack trace:
L 01/06/2018 - 00:07:10: [SM]   [0] KillTimer
L 01/06/2018 - 00:07:10: [SM]   [1] Line 686, D:\Documents\My Folder\Empires Custom UMC Stuff\SourceMod\Workspace\umc-emp-mapvote.sp::UMC_OnNextmapSet()
L 01/06/2018 - 00:07:10: [SM]   [3] Call_Finish
L 01/06/2018 - 00:07:10: [SM]   [4] Line 4834, D:\Documents\My Folder\Empires Custom UMC Stuff\SourceMod\Workspace\umc-core.sp::DoMapChange()
L 01/06/2018 - 00:07:10: [SM]   [5] Line 4267, D:\Documents\My Folder\Empires Custom UMC Stuff\SourceMod\Workspace\umc-core.sp::Handle_MapVoteWinner()
L 01/06/2018 - 00:07:10: [SM]   [6] Line 3819, D:\Documents\My Folder\Empires Custom UMC Stuff\SourceMod\Workspace\umc-core.sp::ProcessVoteWinner()
L 01/06/2018 - 00:07:10: [SM]   [7] Line 3795, D:\Documents\My Folder\Empires Custom UMC Stuff\SourceMod\Workspace\umc-core.sp::ProcessVoteResults()
L 01/06/2018 - 00:07:10: [SM]   [8] Line 1277, D:\Documents\My Folder\Empires Custom UMC Stuff\SourceMod\Workspace\umc-core.sp::Native_UMCVoteManagerComplete()
L 01/06/2018 - 00:07:10: [SM]   [10] UMC_VoteManagerVoteCompleted
L 01/06/2018 - 00:07:10: [SM]   [11] Line 2309, D:\Documents\My Folder\Empires Custom UMC Stuff\SourceMod\Workspace\umc-core.sp::Handle_MapVoteResults()
L 01/06/2018 - 00:07:16: Error log file session closed.
L 01/06/2018 - 00:12:51: SourceMod error session started
L 01/06/2018 - 00:12:51: Info (map "emp_drygulch_a6") (file "errors_20180106.log")
L 01/06/2018 - 00:12:51: [SM] Exception reported: Game event "player_disconnect" has no active hook
L 01/06/2018 - 00:12:51: [SM] Blaming: empstats.smx()
L 01/06/2018 - 00:12:51: [SM] Call stack trace:
L 01/06/2018 - 00:12:51: [SM]   [0] UnhookEvent
L 01/06/2018 - 00:12:51: [SM]   [1] Line 338, dist\addons\sourcemod\scripting\empstats.sp::Deactivate()
L 01/06/2018 - 00:12:51: [SM]   [2] Line 290, dist\addons\sourcemod\scripting\empstats.sp::CheckActivate()
L 01/06/2018 - 00:12:51: [SM]   [3] Line 1014, dist\addons\sourcemod\scripting\empstats.sp::OnClientDisconnect_Post()
L 01/06/2018 - 14:10:25: SourceMod error session started
L 01/06/2018 - 14:10:25: Info (map "con_district402") (file "errors_20180106.log")
L 01/06/2018 - 14:10:25: [SDKTOOLS] Invalid detour address passed - Disabling detour to prevent crashes
L 01/06/2018 - 14:10:25: [SDKTOOLS] Failed to find PlayerRunCmd offset - OnPlayerRunCmd forward disabled.
L 01/06/2018 - 18:19:25: [SM] Exception reported: Invalid timer handle ab80152 (error 3)
L 01/06/2018 - 18:19:25: [SM] Blaming: umc-emp-mapvote.smx()
L 01/06/2018 - 18:19:25: [SM] Call stack trace:
L 01/06/2018 - 18:19:25: [SM]   [0] KillTimer
L 01/06/2018 - 18:19:25: [SM]   [1] Line 686, D:\Documents\My Folder\Empires Custom UMC Stuff\SourceMod\Workspace\umc-emp-mapvote.sp::UMC_OnNextmapSet()
L 01/06/2018 - 18:19:25: [SM]   [3] Call_Finish
L 01/06/2018 - 18:19:25: [SM]   [4] Line 4834, D:\Documents\My Folder\Empires Custom UMC Stuff\SourceMod\Workspace\umc-core.sp::DoMapChange()
L 01/06/2018 - 18:19:25: [SM]   [5] Line 1767, D:\Documents\My Folder\Empires Custom UMC Stuff\SourceMod\Workspace\umc-core.sp::Native_UMCSetNextMap()
L 01/06/2018 - 18:19:25: [SM]   [7] UMC_SetNextMap
L 01/06/2018 - 18:19:25: [SM]   [8] Line 621, D:\Documents\My Folder\Empires Custom UMC Stuff\SourceMod\Workspace\umc-emp-mapvote.sp::DoRandomNextMap()
L 01/06/2018 - 18:19:25: [SM]   [9] Line 606, D:\Documents\My Folder\Empires Custom UMC Stuff\SourceMod\Workspace\umc-emp-mapvote.sp::DoMapChangeFailSafe()
L 01/06/2018 - 18:19:25: [SM]   [10] Line 722, D:\Documents\My Folder\Empires Custom UMC Stuff\SourceMod\Workspace\umc-emp-mapvote.sp::UMC_OnVoteFailed()
L 01/06/2018 - 18:19:25: [SM]   [12] Call_Finish
L 01/06/2018 - 18:19:25: [SM]   [13] Line 4796, D:\Documents\My Folder\Empires Custom UMC Stuff\SourceMod\Workspace\umc-core.sp::VoteFailed()
L 01/06/2018 - 18:19:25: [SM]   [14] Line 3507, D:\Documents\My Folder\Empires Custom UMC Stuff\SourceMod\Workspace\umc-core.sp::VoteCancelled()
L 01/06/2018 - 18:19:25: [SM]   [15] Line 1177, D:\Documents\My Folder\Empires Custom UMC Stuff\SourceMod\Workspace\umc-core.sp::Native_UMCVoteManagerCancel()
L 01/06/2018 - 18:19:25: [SM]   [17] UMC_VoteManagerVoteCancelled
L 01/06/2018 - 18:19:25: [SM]   [18] Line 2276, D:\Documents\My Folder\Empires Custom UMC Stuff\SourceMod\Workspace\umc-core.sp::Handle_VoteMenu()
L 01/06/2018 - 18:19:30: Error log file session closed.
L 01/06/2018 - 18:41:56: SourceMod error session started
L 01/06/2018 - 18:41:56: Info (map "con_blast_ob2") (file "errors_20180106.log")
L 01/06/2018 - 18:41:56: [SM] Exception reported: Invalid timer handle e220336 (error 1)
L 01/06/2018 - 18:41:56: [SM] Blaming: umc-emp-mapvote.smx()
L 01/06/2018 - 18:41:56: [SM] Call stack trace:
L 01/06/2018 - 18:41:56: [SM]   [0] KillTimer
L 01/06/2018 - 18:41:56: [SM]   [1] Line 686, D:\Documents\My Folder\Empires Custom UMC Stuff\SourceMod\Workspace\umc-emp-mapvote.sp::UMC_OnNextmapSet()
L 01/06/2018 - 18:41:56: [SM]   [3] Call_Finish
L 01/06/2018 - 18:41:56: [SM]   [4] Line 4834, D:\Documents\My Folder\Empires Custom UMC Stuff\SourceMod\Workspace\umc-core.sp::DoMapChange()
L 01/06/2018 - 18:41:56: [SM]   [5] Line 4267, D:\Documents\My Folder\Empires Custom UMC Stuff\SourceMod\Workspace\umc-core.sp::Handle_MapVoteWinner()
L 01/06/2018 - 18:41:56: [SM]   [6] Line 3819, D:\Documents\My Folder\Empires Custom UMC Stuff\SourceMod\Workspace\umc-core.sp::ProcessVoteWinner()
L 01/06/2018 - 18:41:56: [SM]   [7] Line 3795, D:\Documents\My Folder\Empires Custom UMC Stuff\SourceMod\Workspace\umc-core.sp::ProcessVoteResults()
L 01/06/2018 - 18:41:56: [SM]   [8] Line 1277, D:\Documents\My Folder\Empires Custom UMC Stuff\SourceMod\Workspace\umc-core.sp::Native_UMCVoteManagerComplete()
L 01/06/2018 - 18:41:56: [SM]   [10] UMC_VoteManagerVoteCompleted
L 01/06/2018 - 18:41:56: [SM]   [11] Line 2309, D:\Documents\My Folder\Empires Custom UMC Stuff\SourceMod\Workspace\umc-core.sp::Handle_MapVoteResults()
L 01/06/2018 - 18:42:02: Error log file session closed.
L 01/06/2018 - 19:00:27: SourceMod error session started
L 01/06/2018 - 19:00:27: Info (map "emp_shadows_attacks_fix") (file "errors_20180106.log")
L 01/06/2018 - 19:00:27: [SM] Exception reported: Invalid timer handle 117d02d2 (error 1)
L 01/06/2018 - 19:00:27: [SM] Blaming: umc-emp-mapvote.smx()
L 01/06/2018 - 19:00:27: [SM] Call stack trace:
L 01/06/2018 - 19:00:27: [SM]   [0] KillTimer
L 01/06/2018 - 19:00:27: [SM]   [1] Line 686, D:\Documents\My Folder\Empires Custom UMC Stuff\SourceMod\Workspace\umc-emp-mapvote.sp::UMC_OnNextmapSet()
L 01/06/2018 - 19:00:27: [SM]   [3] Call_Finish
L 01/06/2018 - 19:00:27: [SM]   [4] Line 4834, D:\Documents\My Folder\Empires Custom UMC Stuff\SourceMod\Workspace\umc-core.sp::DoMapChange()
L 01/06/2018 - 19:00:27: [SM]   [5] Line 4267, D:\Documents\My Folder\Empires Custom UMC Stuff\SourceMod\Workspace\umc-core.sp::Handle_MapVoteWinner()
L 01/06/2018 - 19:00:27: [SM]   [6] Line 3819, D:\Documents\My Folder\Empires Custom UMC Stuff\SourceMod\Workspace\umc-core.sp::ProcessVoteWinner()
L 01/06/2018 - 19:00:27: [SM]   [7] Line 3765, D:\Documents\My Folder\Empires Custom UMC Stuff\SourceMod\Workspace\umc-core.sp::ProcessVoteResults()
L 01/06/2018 - 19:00:27: [SM]   [8] Line 1277, D:\Documents\My Folder\Empires Custom UMC Stuff\SourceMod\Workspace\umc-core.sp::Native_UMCVoteManagerComplete()
L 01/06/2018 - 19:00:27: [SM]   [10] UMC_VoteManagerVoteCompleted
L 01/06/2018 - 19:00:27: [SM]   [11] Line 2309, D:\Documents\My Folder\Empires Custom UMC Stuff\SourceMod\Workspace\umc-core.sp::Handle_MapVoteResults()
L 01/06/2018 - 19:00:32: Error log file session closed.
L 01/06/2018 - 19:39:22: SourceMod error session started
L 01/06/2018 - 19:39:22: Info (map "emp_vehicletraining_2013") (file "errors_20180106.log")
L 01/06/2018 - 19:39:22: [SM] Exception reported: Invalid timer handle 16ff02f9 (error 1)
L 01/06/2018 - 19:39:22: [SM] Blaming: umc-emp-mapvote.smx()
L 01/06/2018 - 19:39:22: [SM] Call stack trace:
L 01/06/2018 - 19:39:22: [SM]   [0] KillTimer
L 01/06/2018 - 19:39:22: [SM]   [1] Line 686, D:\Documents\My Folder\Empires Custom UMC Stuff\SourceMod\Workspace\umc-emp-mapvote.sp::UMC_OnNextmapSet()
L 01/06/2018 - 19:39:22: [SM]   [3] Call_Finish
L 01/06/2018 - 19:39:22: [SM]   [4] Line 4834, D:\Documents\My Folder\Empires Custom UMC Stuff\SourceMod\Workspace\umc-core.sp::DoMapChange()
L 01/06/2018 - 19:39:22: [SM]   [5] Line 4267, D:\Documents\My Folder\Empires Custom UMC Stuff\SourceMod\Workspace\umc-core.sp::Handle_MapVoteWinner()
L 01/06/2018 - 19:39:22: [SM]   [6] Line 3819, D:\Documents\My Folder\Empires Custom UMC Stuff\SourceMod\Workspace\umc-core.sp::ProcessVoteWinner()
L 01/06/2018 - 19:39:22: [SM]   [7] Line 3795, D:\Documents\My Folder\Empires Custom UMC Stuff\SourceMod\Workspace\umc-core.sp::ProcessVoteResults()
L 01/06/2018 - 19:39:22: [SM]   [8] Line 1277, D:\Documents\My Folder\Empires Custom UMC Stuff\SourceMod\Workspace\umc-core.sp::Native_UMCVoteManagerComplete()
L 01/06/2018 - 19:39:22: [SM]   [10] UMC_VoteManagerVoteCompleted
L 01/06/2018 - 19:39:22: [SM]   [11] Line 2309, D:\Documents\My Folder\Empires Custom UMC Stuff\SourceMod\Workspace\umc-core.sp::Handle_MapVoteResults()
L 01/06/2018 - 19:39:28: Error log file session closed.
L 01/06/2018 - 20:52:41: SourceMod error session started
L 01/06/2018 - 20:52:41: Info (map "emp_crossroads_towerless") (file "errors_20180106.log")
L 01/06/2018 - 20:52:41: [SM] Exception reported: Invalid timer handle 22c2034f (error 1)
L 01/06/2018 - 20:52:41: [SM] Blaming: umc-emp-mapvote.smx()
L 01/06/2018 - 20:52:41: [SM] Call stack trace:
L 01/06/2018 - 20:52:41: [SM]   [0] KillTimer
L 01/06/2018 - 20:52:41: [SM]   [1] Line 686, D:\Documents\My Folder\Empires Custom UMC Stuff\SourceMod\Workspace\umc-emp-mapvote.sp::UMC_OnNextmapSet()
L 01/06/2018 - 20:52:41: [SM]   [3] Call_Finish
L 01/06/2018 - 20:52:41: [SM]   [4] Line 4834, D:\Documents\My Folder\Empires Custom UMC Stuff\SourceMod\Workspace\umc-core.sp::DoMapChange()
L 01/06/2018 - 20:52:41: [SM]   [5] Line 4267, D:\Documents\My Folder\Empires Custom UMC Stuff\SourceMod\Workspace\umc-core.sp::Handle_MapVoteWinner()
L 01/06/2018 - 20:52:41: [SM]   [6] Line 3819, D:\Documents\My Folder\Empires Custom UMC Stuff\SourceMod\Workspace\umc-core.sp::ProcessVoteWinner()
L 01/06/2018 - 20:52:41: [SM]   [7] Line 3795, D:\Documents\My Folder\Empires Custom UMC Stuff\SourceMod\Workspace\umc-core.sp::ProcessVoteResults()
L 01/06/2018 - 20:52:41: [SM]   [8] Line 1277, D:\Documents\My Folder\Empires Custom UMC Stuff\SourceMod\Workspace\umc-core.sp::Native_UMCVoteManagerComplete()
L 01/06/2018 - 20:52:41: [SM]   [10] UMC_VoteManagerVoteCompleted
L 01/06/2018 - 20:52:41: [SM]   [11] Line 2309, D:\Documents\My Folder\Empires Custom UMC Stuff\SourceMod\Workspace\umc-core.sp::Handle_MapVoteResults()
L 01/06/2018 - 20:52:47: Error log file session closed.
L 01/06/2018 - 21:36:04: SourceMod error session started
L 01/06/2018 - 21:36:04: Info (map "emp_drygulch_a6") (file "errors_20180106.log")
L 01/06/2018 - 21:36:04: [SM] Exception reported: Invalid timer handle 32bf034d (error 1)
L 01/06/2018 - 21:36:04: [SM] Blaming: umc-emp-mapvote.smx()
L 01/06/2018 - 21:36:04: [SM] Call stack trace:
L 01/06/2018 - 21:36:04: [SM]   [0] KillTimer
L 01/06/2018 - 21:36:04: [SM]   [1] Line 686, D:\Documents\My Folder\Empires Custom UMC Stuff\SourceMod\Workspace\umc-emp-mapvote.sp::UMC_OnNextmapSet()
L 01/06/2018 - 21:36:04: [SM]   [3] Call_Finish
L 01/06/2018 - 21:36:04: [SM]   [4] Line 4834, D:\Documents\My Folder\Empires Custom UMC Stuff\SourceMod\Workspace\umc-core.sp::DoMapChange()
L 01/06/2018 - 21:36:04: [SM]   [5] Line 4267, D:\Documents\My Folder\Empires Custom UMC Stuff\SourceMod\Workspace\umc-core.sp::Handle_MapVoteWinner()
L 01/06/2018 - 21:36:04: [SM]   [6] Line 3819, D:\Documents\My Folder\Empires Custom UMC Stuff\SourceMod\Workspace\umc-core.sp::ProcessVoteWinner()
L 01/06/2018 - 21:36:04: [SM]   [7] Line 3795, D:\Documents\My Folder\Empires Custom UMC Stuff\SourceMod\Workspace\umc-core.sp::ProcessVoteResults()
L 01/06/2018 - 21:36:04: [SM]   [8] Line 1277, D:\Documents\My Folder\Empires Custom UMC Stuff\SourceMod\Workspace\umc-core.sp::Native_UMCVoteManagerComplete()
L 01/06/2018 - 21:36:04: [SM]   [10] UMC_VoteManagerVoteCompleted
L 01/06/2018 - 21:36:04: [SM]   [11] Line 2309, D:\Documents\My Folder\Empires Custom UMC Stuff\SourceMod\Workspace\umc-core.sp::Handle_MapVoteResults()
L 01/06/2018 - 21:36:10: Error log file session closed.
L 01/06/2018 - 21:37:48: SourceMod error session started
L 01/06/2018 - 21:37:48: Info (map "emp_duststorm_fix2") (file "errors_20180106.log")
L 01/06/2018 - 21:37:48: [SM] Exception reported: Heap leak detected: hp:13980 should be 13956!
L 01/06/2018 - 22:42:02: [SM] Exception reported: Invalid timer handle 4b0a0358 (error 1)
L 01/06/2018 - 22:42:02: [SM] Blaming: umc-emp-mapvote.smx()
L 01/06/2018 - 22:42:02: [SM] Call stack trace:
L 01/06/2018 - 22:42:02: [SM]   [0] KillTimer
L 01/06/2018 - 22:42:02: [SM]   [1] Line 686, D:\Documents\My Folder\Empires Custom UMC Stuff\SourceMod\Workspace\umc-emp-mapvote.sp::UMC_OnNextmapSet()
L 01/06/2018 - 22:42:02: [SM]   [3] Call_Finish
L 01/06/2018 - 22:42:02: [SM]   [4] Line 4834, D:\Documents\My Folder\Empires Custom UMC Stuff\SourceMod\Workspace\umc-core.sp::DoMapChange()
L 01/06/2018 - 22:42:02: [SM]   [5] Line 4267, D:\Documents\My Folder\Empires Custom UMC Stuff\SourceMod\Workspace\umc-core.sp::Handle_MapVoteWinner()
L 01/06/2018 - 22:42:02: [SM]   [6] Line 3819, D:\Documents\My Folder\Empires Custom UMC Stuff\SourceMod\Workspace\umc-core.sp::ProcessVoteWinner()
L 01/06/2018 - 22:42:02: [SM]   [7] Line 3765, D:\Documents\My Folder\Empires Custom UMC Stuff\SourceMod\Workspace\umc-core.sp::ProcessVoteResults()
L 01/06/2018 - 22:42:02: [SM]   [8] Line 1277, D:\Documents\My Folder\Empires Custom UMC Stuff\SourceMod\Workspace\umc-core.sp::Native_UMCVoteManagerComplete()
L 01/06/2018 - 22:42:02: [SM]   [10] UMC_VoteManagerVoteCompleted
L 01/06/2018 - 22:42:02: [SM]   [11] Line 2309, D:\Documents\My Folder\Empires Custom UMC Stuff\SourceMod\Workspace\umc-core.sp::Handle_MapVoteResults()
L 01/06/2018 - 22:42:08: Error log file session closed.
L 01/06/2018 - 22:44:05: SourceMod error session started
L 01/06/2018 - 22:44:05: Info (map "emp_homeland_b9") (file "errors_20180106.log")
L 01/06/2018 - 22:44:05: [SM] Exception reported: Heap leak detected: hp:14064 should be 13980!
L 01/06/2018 - 23:23:14: [SM] Exception reported: Invalid timer handle 6183034f (error 3)
L 01/06/2018 - 23:23:14: [SM] Blaming: umc-emp-mapvote.smx()
L 01/06/2018 - 23:23:14: [SM] Call stack trace:
L 01/06/2018 - 23:23:14: [SM]   [0] KillTimer
L 01/06/2018 - 23:23:14: [SM]   [1] Line 686, D:\Documents\My Folder\Empires Custom UMC Stuff\SourceMod\Workspace\umc-emp-mapvote.sp::UMC_OnNextmapSet()
L 01/06/2018 - 23:23:14: [SM]   [3] Call_Finish
L 01/06/2018 - 23:23:14: [SM]   [4] Line 4834, D:\Documents\My Folder\Empires Custom UMC Stuff\SourceMod\Workspace\umc-core.sp::DoMapChange()
L 01/06/2018 - 23:23:14: [SM]   [5] Line 4267, D:\Documents\My Folder\Empires Custom UMC Stuff\SourceMod\Workspace\umc-core.sp::Handle_MapVoteWinner()
L 01/06/2018 - 23:23:14: [SM]   [6] Line 3819, D:\Documents\My Folder\Empires Custom UMC Stuff\SourceMod\Workspace\umc-core.sp::ProcessVoteWinner()
L 01/06/2018 - 23:23:14: [SM]   [7] Line 3795, D:\Documents\My Folder\Empires Custom UMC Stuff\SourceMod\Workspace\umc-core.sp::ProcessVoteResults()
L 01/06/2018 - 23:23:14: [SM]   [8] Line 1277, D:\Documents\My Folder\Empires Custom UMC Stuff\SourceMod\Workspace\umc-core.sp::Native_UMCVoteManagerComplete()
L 01/06/2018 - 23:23:14: [SM]   [10] UMC_VoteManagerVoteCompleted
L 01/06/2018 - 23:23:14: [SM]   [11] Line 2309, D:\Documents\My Folder\Empires Custom UMC Stuff\SourceMod\Workspace\umc-core.sp::Handle_MapVoteResults()
L 01/06/2018 - 23:23:20: Error log file session closed.
L 01/06/2018 - 23:26:26: SourceMod error session started
L 01/06/2018 - 23:26:26: Info (map "emp_cyclopean") (file "errors_20180106.log")
L 01/06/2018 - 23:26:26: [SM] Exception reported: Heap leak detected: hp:14128 should be 14064!
L 01/06/2018 - 23:53:43: [SM] Exception reported: Invalid timer handle 75720375 (error 1)
L 01/06/2018 - 23:53:43: [SM] Blaming: umc-emp-mapvote.smx()
L 01/06/2018 - 23:53:43: [SM] Call stack trace:
L 01/06/2018 - 23:53:43: [SM]   [0] KillTimer
L 01/06/2018 - 23:53:43: [SM]   [1] Line 686, D:\Documents\My Folder\Empires Custom UMC Stuff\SourceMod\Workspace\umc-emp-mapvote.sp::UMC_OnNextmapSet()
L 01/06/2018 - 23:53:43: [SM]   [3] Call_Finish
L 01/06/2018 - 23:53:43: [SM]   [4] Line 4834, D:\Documents\My Folder\Empires Custom UMC Stuff\SourceMod\Workspace\umc-core.sp::DoMapChange()
L 01/06/2018 - 23:53:43: [SM]   [5] Line 4267, D:\Documents\My Folder\Empires Custom UMC Stuff\SourceMod\Workspace\umc-core.sp::Handle_MapVoteWinner()
L 01/06/2018 - 23:53:43: [SM]   [6] Line 3819, D:\Documents\My Folder\Empires Custom UMC Stuff\SourceMod\Workspace\umc-core.sp::ProcessVoteWinner()
L 01/06/2018 - 23:53:43: [SM]   [7] Line 3795, D:\Documents\My Folder\Empires Custom UMC Stuff\SourceMod\Workspace\umc-core.sp::ProcessVoteResults()
L 01/06/2018 - 23:53:43: [SM]   [8] Line 1277, D:\Documents\My Folder\Empires Custom UMC Stuff\SourceMod\Workspace\umc-core.sp::Native_UMCVoteManagerComplete()
L 01/06/2018 - 23:53:43: [SM]   [10] UMC_VoteManagerVoteCompleted
L 01/06/2018 - 23:53:43: [SM]   [11] Line 2309, D:\Documents\My Folder\Empires Custom UMC Stuff\SourceMod\Workspace\umc-core.sp::Handle_MapVoteResults()
L 01/06/2018 - 23:53:49: Error log file session closed.
L 01/06/2018 - 23:55:28: SourceMod error session started
L 01/06/2018 - 23:55:28: Info (map "emp_streetsoffire_fix") (file "errors_20180106.log")
L 01/06/2018 - 23:55:28: [SM] Exception reported: Heap leak detected: hp:14192 should be 14128!
