L 04/18/2017 - 00:10:28: SourceMod error session started
L 04/18/2017 - 00:10:28: Info (map "emp_canyon") (file "errors_20170418.log")
L 04/18/2017 - 00:10:28: [SM] Exception reported: Invalid timer handle 73510265 (error 1)
L 04/18/2017 - 00:10:28: [SM] Blaming: umc-emp-mapvote.smx()
L 04/18/2017 - 00:10:28: [SM] Call stack trace:
L 04/18/2017 - 00:10:28: [SM]   [0] KillTimer
L 04/18/2017 - 00:10:28: [SM]   [1] Line 686, D:\Documents\My Folder\Empires Custom UMC Stuff\SourceMod\Workspace\umc-emp-mapvote.sp::UMC_OnNextmapSet()
L 04/18/2017 - 00:10:28: [SM]   [3] Call_Finish
L 04/18/2017 - 00:10:28: [SM]   [4] Line 4834, D:\Documents\My Folder\Empires Custom UMC Stuff\SourceMod\Workspace\umc-core.sp::DoMapChange()
L 04/18/2017 - 00:10:28: [SM]   [5] Line 4267, D:\Documents\My Folder\Empires Custom UMC Stuff\SourceMod\Workspace\umc-core.sp::Handle_MapVoteWinner()
L 04/18/2017 - 00:10:28: [SM]   [6] Line 3819, D:\Documents\My Folder\Empires Custom UMC Stuff\SourceMod\Workspace\umc-core.sp::ProcessVoteWinner()
L 04/18/2017 - 00:10:28: [SM]   [7] Line 3795, D:\Documents\My Folder\Empires Custom UMC Stuff\SourceMod\Workspace\umc-core.sp::ProcessVoteResults()
L 04/18/2017 - 00:10:28: [SM]   [8] Line 1277, D:\Documents\My Folder\Empires Custom UMC Stuff\SourceMod\Workspace\umc-core.sp::Native_UMCVoteManagerComplete()
L 04/18/2017 - 00:10:28: [SM]   [10] UMC_VoteManagerVoteCompleted
L 04/18/2017 - 00:10:28: [SM]   [11] Line 2309, D:\Documents\My Folder\Empires Custom UMC Stuff\SourceMod\Workspace\umc-core.sp::Handle_MapVoteResults()
L 04/18/2017 - 00:10:33: Error log file session closed.
L 04/18/2017 - 00:27:24: SourceMod error session started
L 04/18/2017 - 00:27:24: Info (map "emp_temple_b3a") (file "errors_20170418.log")
L 04/18/2017 - 00:27:24: [SM] Exception reported: Invalid timer handle 7a24026c (error 1)
L 04/18/2017 - 00:27:24: [SM] Blaming: umc-emp-mapvote.smx()
L 04/18/2017 - 00:27:24: [SM] Call stack trace:
L 04/18/2017 - 00:27:24: [SM]   [0] KillTimer
L 04/18/2017 - 00:27:24: [SM]   [1] Line 686, D:\Documents\My Folder\Empires Custom UMC Stuff\SourceMod\Workspace\umc-emp-mapvote.sp::UMC_OnNextmapSet()
L 04/18/2017 - 00:27:24: [SM]   [3] Call_Finish
L 04/18/2017 - 00:27:24: [SM]   [4] Line 4834, D:\Documents\My Folder\Empires Custom UMC Stuff\SourceMod\Workspace\umc-core.sp::DoMapChange()
L 04/18/2017 - 00:27:24: [SM]   [5] Line 4267, D:\Documents\My Folder\Empires Custom UMC Stuff\SourceMod\Workspace\umc-core.sp::Handle_MapVoteWinner()
L 04/18/2017 - 00:27:24: [SM]   [6] Line 3819, D:\Documents\My Folder\Empires Custom UMC Stuff\SourceMod\Workspace\umc-core.sp::ProcessVoteWinner()
L 04/18/2017 - 00:27:24: [SM]   [7] Line 3795, D:\Documents\My Folder\Empires Custom UMC Stuff\SourceMod\Workspace\umc-core.sp::ProcessVoteResults()
L 04/18/2017 - 00:27:24: [SM]   [8] Line 1277, D:\Documents\My Folder\Empires Custom UMC Stuff\SourceMod\Workspace\umc-core.sp::Native_UMCVoteManagerComplete()
L 04/18/2017 - 00:27:24: [SM]   [10] UMC_VoteManagerVoteCompleted
L 04/18/2017 - 00:27:24: [SM]   [11] Line 2309, D:\Documents\My Folder\Empires Custom UMC Stuff\SourceMod\Workspace\umc-core.sp::Handle_MapVoteResults()
L 04/18/2017 - 00:27:28: Error log file session closed.
L 04/18/2017 - 00:57:27: SourceMod error session started
L 04/18/2017 - 00:57:27: Info (map "emp_district402") (file "errors_20170418.log")
L 04/18/2017 - 00:57:27: [SM] Exception reported: Invalid timer handle 845a0264 (error 1)
L 04/18/2017 - 00:57:27: [SM] Blaming: umc-emp-mapvote.smx()
L 04/18/2017 - 00:57:27: [SM] Call stack trace:
L 04/18/2017 - 00:57:27: [SM]   [0] KillTimer
L 04/18/2017 - 00:57:27: [SM]   [1] Line 686, D:\Documents\My Folder\Empires Custom UMC Stuff\SourceMod\Workspace\umc-emp-mapvote.sp::UMC_OnNextmapSet()
L 04/18/2017 - 00:57:27: [SM]   [3] Call_Finish
L 04/18/2017 - 00:57:27: [SM]   [4] Line 4834, D:\Documents\My Folder\Empires Custom UMC Stuff\SourceMod\Workspace\umc-core.sp::DoMapChange()
L 04/18/2017 - 00:57:27: [SM]   [5] Line 4267, D:\Documents\My Folder\Empires Custom UMC Stuff\SourceMod\Workspace\umc-core.sp::Handle_MapVoteWinner()
L 04/18/2017 - 00:57:27: [SM]   [6] Line 3819, D:\Documents\My Folder\Empires Custom UMC Stuff\SourceMod\Workspace\umc-core.sp::ProcessVoteWinner()
L 04/18/2017 - 00:57:27: [SM]   [7] Line 3795, D:\Documents\My Folder\Empires Custom UMC Stuff\SourceMod\Workspace\umc-core.sp::ProcessVoteResults()
L 04/18/2017 - 00:57:27: [SM]   [8] Line 1277, D:\Documents\My Folder\Empires Custom UMC Stuff\SourceMod\Workspace\umc-core.sp::Native_UMCVoteManagerComplete()
L 04/18/2017 - 00:57:27: [SM]   [10] UMC_VoteManagerVoteCompleted
L 04/18/2017 - 00:57:27: [SM]   [11] Line 2309, D:\Documents\My Folder\Empires Custom UMC Stuff\SourceMod\Workspace\umc-core.sp::Handle_MapVoteResults()
L 04/18/2017 - 00:57:34: Error log file session closed.
L 04/18/2017 - 01:14:59: SourceMod error session started
L 04/18/2017 - 01:14:59: Info (map "emp_urbanchaos") (file "errors_20170418.log")
L 04/18/2017 - 01:14:59: [SM] Exception reported: Invalid timer handle 86320267 (error 1)
L 04/18/2017 - 01:14:59: [SM] Blaming: umc-emp-mapvote.smx()
L 04/18/2017 - 01:14:59: [SM] Call stack trace:
L 04/18/2017 - 01:14:59: [SM]   [0] KillTimer
L 04/18/2017 - 01:14:59: [SM]   [1] Line 686, D:\Documents\My Folder\Empires Custom UMC Stuff\SourceMod\Workspace\umc-emp-mapvote.sp::UMC_OnNextmapSet()
L 04/18/2017 - 01:14:59: [SM]   [3] Call_Finish
L 04/18/2017 - 01:14:59: [SM]   [4] Line 4834, D:\Documents\My Folder\Empires Custom UMC Stuff\SourceMod\Workspace\umc-core.sp::DoMapChange()
L 04/18/2017 - 01:14:59: [SM]   [5] Line 4267, D:\Documents\My Folder\Empires Custom UMC Stuff\SourceMod\Workspace\umc-core.sp::Handle_MapVoteWinner()
L 04/18/2017 - 01:14:59: [SM]   [6] Line 3819, D:\Documents\My Folder\Empires Custom UMC Stuff\SourceMod\Workspace\umc-core.sp::ProcessVoteWinner()
L 04/18/2017 - 01:14:59: [SM]   [7] Line 3795, D:\Documents\My Folder\Empires Custom UMC Stuff\SourceMod\Workspace\umc-core.sp::ProcessVoteResults()
L 04/18/2017 - 01:14:59: [SM]   [8] Line 1277, D:\Documents\My Folder\Empires Custom UMC Stuff\SourceMod\Workspace\umc-core.sp::Native_UMCVoteManagerComplete()
L 04/18/2017 - 01:14:59: [SM]   [10] UMC_VoteManagerVoteCompleted
L 04/18/2017 - 01:14:59: [SM]   [11] Line 2309, D:\Documents\My Folder\Empires Custom UMC Stuff\SourceMod\Workspace\umc-core.sp::Handle_MapVoteResults()
L 04/18/2017 - 01:15:06: Error log file session closed.
L 04/18/2017 - 02:09:10: SourceMod error session started
L 04/18/2017 - 02:09:10: Info (map "emp_district402") (file "errors_20170418.log")
L 04/18/2017 - 02:09:10: [SM] Exception reported: Invalid timer handle 8a28007b (error 3)
L 04/18/2017 - 02:09:10: [SM] Blaming: umc-emp-mapvote.smx()
L 04/18/2017 - 02:09:10: [SM] Call stack trace:
L 04/18/2017 - 02:09:10: [SM]   [0] KillTimer
L 04/18/2017 - 02:09:10: [SM]   [1] Line 686, D:\Documents\My Folder\Empires Custom UMC Stuff\SourceMod\Workspace\umc-emp-mapvote.sp::UMC_OnNextmapSet()
L 04/18/2017 - 02:09:10: [SM]   [3] Call_Finish
L 04/18/2017 - 02:09:10: [SM]   [4] Line 4834, D:\Documents\My Folder\Empires Custom UMC Stuff\SourceMod\Workspace\umc-core.sp::DoMapChange()
L 04/18/2017 - 02:09:10: [SM]   [5] Line 1767, D:\Documents\My Folder\Empires Custom UMC Stuff\SourceMod\Workspace\umc-core.sp::Native_UMCSetNextMap()
L 04/18/2017 - 02:09:10: [SM]   [7] UMC_SetNextMap
L 04/18/2017 - 02:09:10: [SM]   [8] Line 621, D:\Documents\My Folder\Empires Custom UMC Stuff\SourceMod\Workspace\umc-emp-mapvote.sp::DoRandomNextMap()
L 04/18/2017 - 02:09:10: [SM]   [9] Line 606, D:\Documents\My Folder\Empires Custom UMC Stuff\SourceMod\Workspace\umc-emp-mapvote.sp::DoMapChangeFailSafe()
L 04/18/2017 - 02:09:10: [SM]   [10] Line 722, D:\Documents\My Folder\Empires Custom UMC Stuff\SourceMod\Workspace\umc-emp-mapvote.sp::UMC_OnVoteFailed()
L 04/18/2017 - 02:09:10: [SM]   [12] Call_Finish
L 04/18/2017 - 02:09:10: [SM]   [13] Line 4796, D:\Documents\My Folder\Empires Custom UMC Stuff\SourceMod\Workspace\umc-core.sp::VoteFailed()
L 04/18/2017 - 02:09:10: [SM]   [14] Line 3507, D:\Documents\My Folder\Empires Custom UMC Stuff\SourceMod\Workspace\umc-core.sp::VoteCancelled()
L 04/18/2017 - 02:09:10: [SM]   [15] Line 1177, D:\Documents\My Folder\Empires Custom UMC Stuff\SourceMod\Workspace\umc-core.sp::Native_UMCVoteManagerCancel()
L 04/18/2017 - 02:09:10: [SM]   [17] UMC_VoteManagerVoteCancelled
L 04/18/2017 - 02:09:10: [SM]   [18] Line 2276, D:\Documents\My Folder\Empires Custom UMC Stuff\SourceMod\Workspace\umc-core.sp::Handle_VoteMenu()
L 04/18/2017 - 02:09:16: Error log file session closed.
L 04/18/2017 - 02:33:45: SourceMod error session started
L 04/18/2017 - 02:33:45: Info (map "emp_urbanchaos") (file "errors_20170418.log")
L 04/18/2017 - 02:33:45: [SM] Exception reported: Invalid timer handle 8c5c021b (error 3)
L 04/18/2017 - 02:33:45: [SM] Blaming: umc-emp-mapvote.smx()
L 04/18/2017 - 02:33:45: [SM] Call stack trace:
L 04/18/2017 - 02:33:45: [SM]   [0] KillTimer
L 04/18/2017 - 02:33:45: [SM]   [1] Line 686, D:\Documents\My Folder\Empires Custom UMC Stuff\SourceMod\Workspace\umc-emp-mapvote.sp::UMC_OnNextmapSet()
L 04/18/2017 - 02:33:45: [SM]   [3] Call_Finish
L 04/18/2017 - 02:33:45: [SM]   [4] Line 4834, D:\Documents\My Folder\Empires Custom UMC Stuff\SourceMod\Workspace\umc-core.sp::DoMapChange()
L 04/18/2017 - 02:33:45: [SM]   [5] Line 1767, D:\Documents\My Folder\Empires Custom UMC Stuff\SourceMod\Workspace\umc-core.sp::Native_UMCSetNextMap()
L 04/18/2017 - 02:33:45: [SM]   [7] UMC_SetNextMap
L 04/18/2017 - 02:33:45: [SM]   [8] Line 621, D:\Documents\My Folder\Empires Custom UMC Stuff\SourceMod\Workspace\umc-emp-mapvote.sp::DoRandomNextMap()
L 04/18/2017 - 02:33:45: [SM]   [9] Line 606, D:\Documents\My Folder\Empires Custom UMC Stuff\SourceMod\Workspace\umc-emp-mapvote.sp::DoMapChangeFailSafe()
L 04/18/2017 - 02:33:45: [SM]   [10] Line 722, D:\Documents\My Folder\Empires Custom UMC Stuff\SourceMod\Workspace\umc-emp-mapvote.sp::UMC_OnVoteFailed()
L 04/18/2017 - 02:33:45: [SM]   [12] Call_Finish
L 04/18/2017 - 02:33:45: [SM]   [13] Line 4796, D:\Documents\My Folder\Empires Custom UMC Stuff\SourceMod\Workspace\umc-core.sp::VoteFailed()
L 04/18/2017 - 02:33:45: [SM]   [14] Line 3507, D:\Documents\My Folder\Empires Custom UMC Stuff\SourceMod\Workspace\umc-core.sp::VoteCancelled()
L 04/18/2017 - 02:33:45: [SM]   [15] Line 1177, D:\Documents\My Folder\Empires Custom UMC Stuff\SourceMod\Workspace\umc-core.sp::Native_UMCVoteManagerCancel()
L 04/18/2017 - 02:33:45: [SM]   [17] UMC_VoteManagerVoteCancelled
L 04/18/2017 - 02:33:45: [SM]   [18] Line 2276, D:\Documents\My Folder\Empires Custom UMC Stuff\SourceMod\Workspace\umc-core.sp::Handle_VoteMenu()
L 04/18/2017 - 02:33:51: Error log file session closed.
L 04/18/2017 - 19:51:39: SourceMod error session started
L 04/18/2017 - 19:51:39: Info (map "emp_district402") (file "errors_20170418.log")
L 04/18/2017 - 19:51:39: [SM] Exception reported: Invalid timer handle 917f024f (error 3)
L 04/18/2017 - 19:51:39: [SM] Blaming: umc-emp-mapvote.smx()
L 04/18/2017 - 19:51:39: [SM] Call stack trace:
L 04/18/2017 - 19:51:39: [SM]   [0] KillTimer
L 04/18/2017 - 19:51:39: [SM]   [1] Line 686, D:\Documents\My Folder\Empires Custom UMC Stuff\SourceMod\Workspace\umc-emp-mapvote.sp::UMC_OnNextmapSet()
L 04/18/2017 - 19:51:39: [SM]   [3] Call_Finish
L 04/18/2017 - 19:51:39: [SM]   [4] Line 4834, D:\Documents\My Folder\Empires Custom UMC Stuff\SourceMod\Workspace\umc-core.sp::DoMapChange()
L 04/18/2017 - 19:51:39: [SM]   [5] Line 1767, D:\Documents\My Folder\Empires Custom UMC Stuff\SourceMod\Workspace\umc-core.sp::Native_UMCSetNextMap()
L 04/18/2017 - 19:51:39: [SM]   [7] UMC_SetNextMap
L 04/18/2017 - 19:51:39: [SM]   [8] Line 621, D:\Documents\My Folder\Empires Custom UMC Stuff\SourceMod\Workspace\umc-emp-mapvote.sp::DoRandomNextMap()
L 04/18/2017 - 19:51:39: [SM]   [9] Line 606, D:\Documents\My Folder\Empires Custom UMC Stuff\SourceMod\Workspace\umc-emp-mapvote.sp::DoMapChangeFailSafe()
L 04/18/2017 - 19:51:39: [SM]   [10] Line 722, D:\Documents\My Folder\Empires Custom UMC Stuff\SourceMod\Workspace\umc-emp-mapvote.sp::UMC_OnVoteFailed()
L 04/18/2017 - 19:51:39: [SM]   [12] Call_Finish
L 04/18/2017 - 19:51:39: [SM]   [13] Line 4796, D:\Documents\My Folder\Empires Custom UMC Stuff\SourceMod\Workspace\umc-core.sp::VoteFailed()
L 04/18/2017 - 19:51:39: [SM]   [14] Line 3507, D:\Documents\My Folder\Empires Custom UMC Stuff\SourceMod\Workspace\umc-core.sp::VoteCancelled()
L 04/18/2017 - 19:51:39: [SM]   [15] Line 1177, D:\Documents\My Folder\Empires Custom UMC Stuff\SourceMod\Workspace\umc-core.sp::Native_UMCVoteManagerCancel()
L 04/18/2017 - 19:51:39: [SM]   [17] UMC_VoteManagerVoteCancelled
L 04/18/2017 - 19:51:39: [SM]   [18] Line 2276, D:\Documents\My Folder\Empires Custom UMC Stuff\SourceMod\Workspace\umc-core.sp::Handle_VoteMenu()
L 04/18/2017 - 19:51:44: Error log file session closed.
L 04/18/2017 - 19:53:49: SourceMod error session started
L 04/18/2017 - 19:53:49: Info (map "emp_beachfront_b2") (file "errors_20170418.log")
L 04/18/2017 - 19:53:49: [SM] Exception reported: Invalid timer handle 917f024f (error 1)
L 04/18/2017 - 19:53:49: [SM] Blaming: umc-emp-mapvote.smx()
L 04/18/2017 - 19:53:49: [SM] Call stack trace:
L 04/18/2017 - 19:53:49: [SM]   [0] KillTimer
L 04/18/2017 - 19:53:49: [SM]   [1] Line 686, D:\Documents\My Folder\Empires Custom UMC Stuff\SourceMod\Workspace\umc-emp-mapvote.sp::UMC_OnNextmapSet()
L 04/18/2017 - 19:53:49: [SM]   [3] Call_Finish
L 04/18/2017 - 19:53:49: [SM]   [4] Line 4834, D:\Documents\My Folder\Empires Custom UMC Stuff\SourceMod\Workspace\umc-core.sp::DoMapChange()
L 04/18/2017 - 19:53:49: [SM]   [5] Line 4267, D:\Documents\My Folder\Empires Custom UMC Stuff\SourceMod\Workspace\umc-core.sp::Handle_MapVoteWinner()
L 04/18/2017 - 19:53:49: [SM]   [6] Line 3819, D:\Documents\My Folder\Empires Custom UMC Stuff\SourceMod\Workspace\umc-core.sp::ProcessVoteWinner()
L 04/18/2017 - 19:53:49: [SM]   [7] Line 3795, D:\Documents\My Folder\Empires Custom UMC Stuff\SourceMod\Workspace\umc-core.sp::ProcessVoteResults()
L 04/18/2017 - 19:53:49: [SM]   [8] Line 1277, D:\Documents\My Folder\Empires Custom UMC Stuff\SourceMod\Workspace\umc-core.sp::Native_UMCVoteManagerComplete()
L 04/18/2017 - 19:53:49: [SM]   [10] UMC_VoteManagerVoteCompleted
L 04/18/2017 - 19:53:49: [SM]   [11] Line 2309, D:\Documents\My Folder\Empires Custom UMC Stuff\SourceMod\Workspace\umc-core.sp::Handle_MapVoteResults()
L 04/18/2017 - 19:53:55: Error log file session closed.
L 04/18/2017 - 20:31:44: SourceMod error session started
L 04/18/2017 - 20:31:44: Info (map "emp_urbanchaos") (file "errors_20170418.log")
L 04/18/2017 - 20:31:44: [SM] Exception reported: Invalid timer handle 9637027d (error 1)
L 04/18/2017 - 20:31:44: [SM] Blaming: umc-emp-mapvote.smx()
L 04/18/2017 - 20:31:44: [SM] Call stack trace:
L 04/18/2017 - 20:31:44: [SM]   [0] KillTimer
L 04/18/2017 - 20:31:44: [SM]   [1] Line 686, D:\Documents\My Folder\Empires Custom UMC Stuff\SourceMod\Workspace\umc-emp-mapvote.sp::UMC_OnNextmapSet()
L 04/18/2017 - 20:31:44: [SM]   [3] Call_Finish
L 04/18/2017 - 20:31:44: [SM]   [4] Line 4834, D:\Documents\My Folder\Empires Custom UMC Stuff\SourceMod\Workspace\umc-core.sp::DoMapChange()
L 04/18/2017 - 20:31:44: [SM]   [5] Line 4267, D:\Documents\My Folder\Empires Custom UMC Stuff\SourceMod\Workspace\umc-core.sp::Handle_MapVoteWinner()
L 04/18/2017 - 20:31:44: [SM]   [6] Line 3819, D:\Documents\My Folder\Empires Custom UMC Stuff\SourceMod\Workspace\umc-core.sp::ProcessVoteWinner()
L 04/18/2017 - 20:31:44: [SM]   [7] Line 3795, D:\Documents\My Folder\Empires Custom UMC Stuff\SourceMod\Workspace\umc-core.sp::ProcessVoteResults()
L 04/18/2017 - 20:31:44: [SM]   [8] Line 1277, D:\Documents\My Folder\Empires Custom UMC Stuff\SourceMod\Workspace\umc-core.sp::Native_UMCVoteManagerComplete()
L 04/18/2017 - 20:31:44: [SM]   [10] UMC_VoteManagerVoteCompleted
L 04/18/2017 - 20:31:44: [SM]   [11] Line 2309, D:\Documents\My Folder\Empires Custom UMC Stuff\SourceMod\Workspace\umc-core.sp::Handle_MapVoteResults()
L 04/18/2017 - 20:31:50: Error log file session closed.
L 04/18/2017 - 21:12:05: SourceMod error session started
L 04/18/2017 - 21:12:05: Info (map "emp_crossroads") (file "errors_20170418.log")
L 04/18/2017 - 21:12:05: [SM] Exception reported: Invalid timer handle 998f021a (error 1)
L 04/18/2017 - 21:12:05: [SM] Blaming: umc-emp-mapvote.smx()
L 04/18/2017 - 21:12:05: [SM] Call stack trace:
L 04/18/2017 - 21:12:05: [SM]   [0] KillTimer
L 04/18/2017 - 21:12:05: [SM]   [1] Line 686, D:\Documents\My Folder\Empires Custom UMC Stuff\SourceMod\Workspace\umc-emp-mapvote.sp::UMC_OnNextmapSet()
L 04/18/2017 - 21:12:05: [SM]   [3] Call_Finish
L 04/18/2017 - 21:12:05: [SM]   [4] Line 4834, D:\Documents\My Folder\Empires Custom UMC Stuff\SourceMod\Workspace\umc-core.sp::DoMapChange()
L 04/18/2017 - 21:12:05: [SM]   [5] Line 4267, D:\Documents\My Folder\Empires Custom UMC Stuff\SourceMod\Workspace\umc-core.sp::Handle_MapVoteWinner()
L 04/18/2017 - 21:12:05: [SM]   [6] Line 3819, D:\Documents\My Folder\Empires Custom UMC Stuff\SourceMod\Workspace\umc-core.sp::ProcessVoteWinner()
L 04/18/2017 - 21:12:05: [SM]   [7] Line 3795, D:\Documents\My Folder\Empires Custom UMC Stuff\SourceMod\Workspace\umc-core.sp::ProcessVoteResults()
L 04/18/2017 - 21:12:05: [SM]   [8] Line 1277, D:\Documents\My Folder\Empires Custom UMC Stuff\SourceMod\Workspace\umc-core.sp::Native_UMCVoteManagerComplete()
L 04/18/2017 - 21:12:05: [SM]   [10] UMC_VoteManagerVoteCompleted
L 04/18/2017 - 21:12:05: [SM]   [11] Line 2309, D:\Documents\My Folder\Empires Custom UMC Stuff\SourceMod\Workspace\umc-core.sp::Handle_MapVoteResults()
L 04/18/2017 - 21:12:12: Error log file session closed.
L 04/18/2017 - 22:20:04: SourceMod error session started
L 04/18/2017 - 22:20:04: Info (map "emp_district402") (file "errors_20170418.log")
L 04/18/2017 - 22:20:04: [SM] Exception reported: Invalid timer handle a4a40272 (error 1)
L 04/18/2017 - 22:20:04: [SM] Blaming: umc-emp-mapvote.smx()
L 04/18/2017 - 22:20:04: [SM] Call stack trace:
L 04/18/2017 - 22:20:04: [SM]   [0] KillTimer
L 04/18/2017 - 22:20:04: [SM]   [1] Line 686, D:\Documents\My Folder\Empires Custom UMC Stuff\SourceMod\Workspace\umc-emp-mapvote.sp::UMC_OnNextmapSet()
L 04/18/2017 - 22:20:04: [SM]   [3] Call_Finish
L 04/18/2017 - 22:20:04: [SM]   [4] Line 4834, D:\Documents\My Folder\Empires Custom UMC Stuff\SourceMod\Workspace\umc-core.sp::DoMapChange()
L 04/18/2017 - 22:20:04: [SM]   [5] Line 4267, D:\Documents\My Folder\Empires Custom UMC Stuff\SourceMod\Workspace\umc-core.sp::Handle_MapVoteWinner()
L 04/18/2017 - 22:20:04: [SM]   [6] Line 3819, D:\Documents\My Folder\Empires Custom UMC Stuff\SourceMod\Workspace\umc-core.sp::ProcessVoteWinner()
L 04/18/2017 - 22:20:04: [SM]   [7] Line 3795, D:\Documents\My Folder\Empires Custom UMC Stuff\SourceMod\Workspace\umc-core.sp::ProcessVoteResults()
L 04/18/2017 - 22:20:04: [SM]   [8] Line 1277, D:\Documents\My Folder\Empires Custom UMC Stuff\SourceMod\Workspace\umc-core.sp::Native_UMCVoteManagerComplete()
L 04/18/2017 - 22:20:04: [SM]   [10] UMC_VoteManagerVoteCompleted
L 04/18/2017 - 22:20:04: [SM]   [11] Line 2309, D:\Documents\My Folder\Empires Custom UMC Stuff\SourceMod\Workspace\umc-core.sp::Handle_MapVoteResults()
L 04/18/2017 - 22:20:09: Error log file session closed.
L 04/18/2017 - 22:57:22: SourceMod error session started
L 04/18/2017 - 22:57:22: Info (map "emp_temple_b3a") (file "errors_20170418.log")
L 04/18/2017 - 22:57:22: [SM] Exception reported: Invalid timer handle b148026c (error 1)
L 04/18/2017 - 22:57:23: [SM] Blaming: umc-emp-mapvote.smx()
L 04/18/2017 - 22:57:23: [SM] Call stack trace:
L 04/18/2017 - 22:57:23: [SM]   [0] KillTimer
L 04/18/2017 - 22:57:23: [SM]   [1] Line 686, D:\Documents\My Folder\Empires Custom UMC Stuff\SourceMod\Workspace\umc-emp-mapvote.sp::UMC_OnNextmapSet()
L 04/18/2017 - 22:57:23: [SM]   [3] Call_Finish
L 04/18/2017 - 22:57:23: [SM]   [4] Line 4834, D:\Documents\My Folder\Empires Custom UMC Stuff\SourceMod\Workspace\umc-core.sp::DoMapChange()
L 04/18/2017 - 22:57:23: [SM]   [5] Line 4267, D:\Documents\My Folder\Empires Custom UMC Stuff\SourceMod\Workspace\umc-core.sp::Handle_MapVoteWinner()
L 04/18/2017 - 22:57:23: [SM]   [6] Line 3819, D:\Documents\My Folder\Empires Custom UMC Stuff\SourceMod\Workspace\umc-core.sp::ProcessVoteWinner()
L 04/18/2017 - 22:57:23: [SM]   [7] Line 3795, D:\Documents\My Folder\Empires Custom UMC Stuff\SourceMod\Workspace\umc-core.sp::ProcessVoteResults()
L 04/18/2017 - 22:57:23: [SM]   [8] Line 1277, D:\Documents\My Folder\Empires Custom UMC Stuff\SourceMod\Workspace\umc-core.sp::Native_UMCVoteManagerComplete()
L 04/18/2017 - 22:57:23: [SM]   [10] UMC_VoteManagerVoteCompleted
L 04/18/2017 - 22:57:23: [SM]   [11] Line 2309, D:\Documents\My Folder\Empires Custom UMC Stuff\SourceMod\Workspace\umc-core.sp::Handle_MapVoteResults()
L 04/18/2017 - 22:57:28: Error log file session closed.
L 04/18/2017 - 23:34:25: SourceMod error session started
L 04/18/2017 - 23:34:25: Info (map "emp_urbanchaos") (file "errors_20170418.log")
L 04/18/2017 - 23:34:25: [SM] Exception reported: Invalid timer handle b947021c (error 1)
L 04/18/2017 - 23:34:25: [SM] Blaming: umc-emp-mapvote.smx()
L 04/18/2017 - 23:34:25: [SM] Call stack trace:
L 04/18/2017 - 23:34:25: [SM]   [0] KillTimer
L 04/18/2017 - 23:34:25: [SM]   [1] Line 686, D:\Documents\My Folder\Empires Custom UMC Stuff\SourceMod\Workspace\umc-emp-mapvote.sp::UMC_OnNextmapSet()
L 04/18/2017 - 23:34:25: [SM]   [3] Call_Finish
L 04/18/2017 - 23:34:25: [SM]   [4] Line 4834, D:\Documents\My Folder\Empires Custom UMC Stuff\SourceMod\Workspace\umc-core.sp::DoMapChange()
L 04/18/2017 - 23:34:25: [SM]   [5] Line 4267, D:\Documents\My Folder\Empires Custom UMC Stuff\SourceMod\Workspace\umc-core.sp::Handle_MapVoteWinner()
L 04/18/2017 - 23:34:25: [SM]   [6] Line 3819, D:\Documents\My Folder\Empires Custom UMC Stuff\SourceMod\Workspace\umc-core.sp::ProcessVoteWinner()
L 04/18/2017 - 23:34:25: [SM]   [7] Line 3795, D:\Documents\My Folder\Empires Custom UMC Stuff\SourceMod\Workspace\umc-core.sp::ProcessVoteResults()
L 04/18/2017 - 23:34:25: [SM]   [8] Line 1277, D:\Documents\My Folder\Empires Custom UMC Stuff\SourceMod\Workspace\umc-core.sp::Native_UMCVoteManagerComplete()
L 04/18/2017 - 23:34:25: [SM]   [10] UMC_VoteManagerVoteCompleted
L 04/18/2017 - 23:34:25: [SM]   [11] Line 2309, D:\Documents\My Folder\Empires Custom UMC Stuff\SourceMod\Workspace\umc-core.sp::Handle_MapVoteResults()
L 04/18/2017 - 23:34:31: Error log file session closed.
L 04/18/2017 - 23:47:11: SourceMod error session started
L 04/18/2017 - 23:47:11: Info (map "emp_crossroads") (file "errors_20170418.log")
L 04/18/2017 - 23:47:11: [SM] Exception reported: Invalid timer handle bbee0250 (error 3)
L 04/18/2017 - 23:47:11: [SM] Blaming: umc-emp-mapvote.smx()
L 04/18/2017 - 23:47:11: [SM] Call stack trace:
L 04/18/2017 - 23:47:11: [SM]   [0] KillTimer
L 04/18/2017 - 23:47:11: [SM]   [1] Line 686, D:\Documents\My Folder\Empires Custom UMC Stuff\SourceMod\Workspace\umc-emp-mapvote.sp::UMC_OnNextmapSet()
L 04/18/2017 - 23:47:11: [SM]   [3] Call_Finish
L 04/18/2017 - 23:47:11: [SM]   [4] Line 4834, D:\Documents\My Folder\Empires Custom UMC Stuff\SourceMod\Workspace\umc-core.sp::DoMapChange()
L 04/18/2017 - 23:47:11: [SM]   [5] Line 1767, D:\Documents\My Folder\Empires Custom UMC Stuff\SourceMod\Workspace\umc-core.sp::Native_UMCSetNextMap()
L 04/18/2017 - 23:47:11: [SM]   [7] UMC_SetNextMap
L 04/18/2017 - 23:47:11: [SM]   [8] Line 621, D:\Documents\My Folder\Empires Custom UMC Stuff\SourceMod\Workspace\umc-emp-mapvote.sp::DoRandomNextMap()
L 04/18/2017 - 23:47:11: [SM]   [9] Line 606, D:\Documents\My Folder\Empires Custom UMC Stuff\SourceMod\Workspace\umc-emp-mapvote.sp::DoMapChangeFailSafe()
L 04/18/2017 - 23:47:11: [SM]   [10] Line 722, D:\Documents\My Folder\Empires Custom UMC Stuff\SourceMod\Workspace\umc-emp-mapvote.sp::UMC_OnVoteFailed()
L 04/18/2017 - 23:47:11: [SM]   [12] Call_Finish
L 04/18/2017 - 23:47:11: [SM]   [13] Line 4796, D:\Documents\My Folder\Empires Custom UMC Stuff\SourceMod\Workspace\umc-core.sp::VoteFailed()
L 04/18/2017 - 23:47:11: [SM]   [14] Line 3507, D:\Documents\My Folder\Empires Custom UMC Stuff\SourceMod\Workspace\umc-core.sp::VoteCancelled()
L 04/18/2017 - 23:47:11: [SM]   [15] Line 1177, D:\Documents\My Folder\Empires Custom UMC Stuff\SourceMod\Workspace\umc-core.sp::Native_UMCVoteManagerCancel()
L 04/18/2017 - 23:47:11: [SM]   [17] UMC_VoteManagerVoteCancelled
L 04/18/2017 - 23:47:11: [SM]   [18] Line 2276, D:\Documents\My Folder\Empires Custom UMC Stuff\SourceMod\Workspace\umc-core.sp::Handle_VoteMenu()
L 04/18/2017 - 23:47:17: Error log file session closed.
