L 04/13/2018 - 15:05:01: SourceMod error session started
L 04/13/2018 - 15:05:01: Info (map "con_district402") (file "errors_20180413.log")
L 04/13/2018 - 15:05:01: [SDKTOOLS] Invalid detour address passed - Disabling detour to prevent crashes
L 04/13/2018 - 15:05:01: [SDKTOOLS] Failed to find PlayerRunCmd offset - OnPlayerRunCmd forward disabled.
L 04/13/2018 - 18:08:43: [SM] Exception reported: Invalid timer handle 94f0315 (error 3)
L 04/13/2018 - 18:08:43: [SM] Blaming: umc-emp-mapvote.smx()
L 04/13/2018 - 18:08:43: [SM] Call stack trace:
L 04/13/2018 - 18:08:43: [SM]   [0] KillTimer
L 04/13/2018 - 18:08:43: [SM]   [1] Line 686, D:\Documents\My Folder\Empires Custom UMC Stuff\SourceMod\Workspace\umc-emp-mapvote.sp::UMC_OnNextmapSet()
L 04/13/2018 - 18:08:43: [SM]   [3] Call_Finish
L 04/13/2018 - 18:08:43: [SM]   [4] Line 4834, D:\Documents\My Folder\Empires Custom UMC Stuff\SourceMod\Workspace\umc-core.sp::DoMapChange()
L 04/13/2018 - 18:08:43: [SM]   [5] Line 1767, D:\Documents\My Folder\Empires Custom UMC Stuff\SourceMod\Workspace\umc-core.sp::Native_UMCSetNextMap()
L 04/13/2018 - 18:08:43: [SM]   [7] UMC_SetNextMap
L 04/13/2018 - 18:08:43: [SM]   [8] Line 621, D:\Documents\My Folder\Empires Custom UMC Stuff\SourceMod\Workspace\umc-emp-mapvote.sp::DoRandomNextMap()
L 04/13/2018 - 18:08:43: [SM]   [9] Line 606, D:\Documents\My Folder\Empires Custom UMC Stuff\SourceMod\Workspace\umc-emp-mapvote.sp::DoMapChangeFailSafe()
L 04/13/2018 - 18:08:43: [SM]   [10] Line 722, D:\Documents\My Folder\Empires Custom UMC Stuff\SourceMod\Workspace\umc-emp-mapvote.sp::UMC_OnVoteFailed()
L 04/13/2018 - 18:08:43: [SM]   [12] Call_Finish
L 04/13/2018 - 18:08:43: [SM]   [13] Line 4796, D:\Documents\My Folder\Empires Custom UMC Stuff\SourceMod\Workspace\umc-core.sp::VoteFailed()
L 04/13/2018 - 18:08:43: [SM]   [14] Line 3507, D:\Documents\My Folder\Empires Custom UMC Stuff\SourceMod\Workspace\umc-core.sp::VoteCancelled()
L 04/13/2018 - 18:08:43: [SM]   [15] Line 1177, D:\Documents\My Folder\Empires Custom UMC Stuff\SourceMod\Workspace\umc-core.sp::Native_UMCVoteManagerCancel()
L 04/13/2018 - 18:08:43: [SM]   [17] UMC_VoteManagerVoteCancelled
L 04/13/2018 - 18:08:43: [SM]   [18] Line 2276, D:\Documents\My Folder\Empires Custom UMC Stuff\SourceMod\Workspace\umc-core.sp::Handle_VoteMenu()
L 04/13/2018 - 18:08:49: Error log file session closed.
L 04/13/2018 - 20:44:17: SourceMod error session started
L 04/13/2018 - 20:44:17: Info (map "emp_havoc_b1_fix") (file "errors_20180413.log")
L 04/13/2018 - 20:44:17: [SM] Exception reported: Invalid timer handle 94f0315 (error 3)
L 04/13/2018 - 20:44:17: [SM] Blaming: umc-emp-mapvote.smx()
L 04/13/2018 - 20:44:17: [SM] Call stack trace:
L 04/13/2018 - 20:44:17: [SM]   [0] KillTimer
L 04/13/2018 - 20:44:17: [SM]   [1] Line 686, D:\Documents\My Folder\Empires Custom UMC Stuff\SourceMod\Workspace\umc-emp-mapvote.sp::UMC_OnNextmapSet()
L 04/13/2018 - 20:44:17: [SM]   [3] Call_Finish
L 04/13/2018 - 20:44:17: [SM]   [4] Line 4834, D:\Documents\My Folder\Empires Custom UMC Stuff\SourceMod\Workspace\umc-core.sp::DoMapChange()
L 04/13/2018 - 20:44:17: [SM]   [5] Line 4267, D:\Documents\My Folder\Empires Custom UMC Stuff\SourceMod\Workspace\umc-core.sp::Handle_MapVoteWinner()
L 04/13/2018 - 20:44:17: [SM]   [6] Line 3819, D:\Documents\My Folder\Empires Custom UMC Stuff\SourceMod\Workspace\umc-core.sp::ProcessVoteWinner()
L 04/13/2018 - 20:44:17: [SM]   [7] Line 3795, D:\Documents\My Folder\Empires Custom UMC Stuff\SourceMod\Workspace\umc-core.sp::ProcessVoteResults()
L 04/13/2018 - 20:44:17: [SM]   [8] Line 1277, D:\Documents\My Folder\Empires Custom UMC Stuff\SourceMod\Workspace\umc-core.sp::Native_UMCVoteManagerComplete()
L 04/13/2018 - 20:44:17: [SM]   [10] UMC_VoteManagerVoteCompleted
L 04/13/2018 - 20:44:17: [SM]   [11] Line 2309, D:\Documents\My Folder\Empires Custom UMC Stuff\SourceMod\Workspace\umc-core.sp::Handle_MapVoteResults()
L 04/13/2018 - 20:44:23: Error log file session closed.
L 04/13/2018 - 20:58:17: SourceMod error session started
L 04/13/2018 - 20:58:17: Info (map "emp_downfall_hce") (file "errors_20180413.log")
L 04/13/2018 - 20:58:17: [SM] Exception reported: Invalid timer handle 1421015c (error 1)
L 04/13/2018 - 20:58:17: [SM] Blaming: umc-emp-mapvote.smx()
L 04/13/2018 - 20:58:17: [SM] Call stack trace:
L 04/13/2018 - 20:58:17: [SM]   [0] KillTimer
L 04/13/2018 - 20:58:17: [SM]   [1] Line 686, D:\Documents\My Folder\Empires Custom UMC Stuff\SourceMod\Workspace\umc-emp-mapvote.sp::UMC_OnNextmapSet()
L 04/13/2018 - 20:58:17: [SM]   [3] Call_Finish
L 04/13/2018 - 20:58:17: [SM]   [4] Line 4834, D:\Documents\My Folder\Empires Custom UMC Stuff\SourceMod\Workspace\umc-core.sp::DoMapChange()
L 04/13/2018 - 20:58:17: [SM]   [5] Line 4267, D:\Documents\My Folder\Empires Custom UMC Stuff\SourceMod\Workspace\umc-core.sp::Handle_MapVoteWinner()
L 04/13/2018 - 20:58:17: [SM]   [6] Line 3819, D:\Documents\My Folder\Empires Custom UMC Stuff\SourceMod\Workspace\umc-core.sp::ProcessVoteWinner()
L 04/13/2018 - 20:58:17: [SM]   [7] Line 3795, D:\Documents\My Folder\Empires Custom UMC Stuff\SourceMod\Workspace\umc-core.sp::ProcessVoteResults()
L 04/13/2018 - 20:58:17: [SM]   [8] Line 1277, D:\Documents\My Folder\Empires Custom UMC Stuff\SourceMod\Workspace\umc-core.sp::Native_UMCVoteManagerComplete()
L 04/13/2018 - 20:58:17: [SM]   [10] UMC_VoteManagerVoteCompleted
L 04/13/2018 - 20:58:17: [SM]   [11] Line 2309, D:\Documents\My Folder\Empires Custom UMC Stuff\SourceMod\Workspace\umc-core.sp::Handle_MapVoteResults()
L 04/13/2018 - 20:58:23: Error log file session closed.
L 04/13/2018 - 21:12:49: SourceMod error session started
L 04/13/2018 - 21:12:49: Info (map "emp_crossroads_towerless_hce") (file "errors_20180413.log")
L 04/13/2018 - 21:12:49: [SM] Exception reported: Game event "player_disconnect" has no active hook
L 04/13/2018 - 21:12:49: [SM] Blaming: empstats.smx()
L 04/13/2018 - 21:12:49: [SM] Call stack trace:
L 04/13/2018 - 21:12:49: [SM]   [0] UnhookEvent
L 04/13/2018 - 21:12:49: [SM]   [1] Line 338, dist\addons\sourcemod\scripting\empstats.sp::Deactivate()
L 04/13/2018 - 21:12:49: [SM]   [2] Line 290, dist\addons\sourcemod\scripting\empstats.sp::CheckActivate()
L 04/13/2018 - 21:12:49: [SM]   [3] Line 1014, dist\addons\sourcemod\scripting\empstats.sp::OnClientDisconnect_Post()
L 04/13/2018 - 21:21:22: [SM] Exception reported: Invalid timer handle 18010354 (error 1)
L 04/13/2018 - 21:21:22: [SM] Blaming: umc-emp-mapvote.smx()
L 04/13/2018 - 21:21:22: [SM] Call stack trace:
L 04/13/2018 - 21:21:22: [SM]   [0] KillTimer
L 04/13/2018 - 21:21:22: [SM]   [1] Line 686, D:\Documents\My Folder\Empires Custom UMC Stuff\SourceMod\Workspace\umc-emp-mapvote.sp::UMC_OnNextmapSet()
L 04/13/2018 - 21:21:22: [SM]   [3] Call_Finish
L 04/13/2018 - 21:21:22: [SM]   [4] Line 4834, D:\Documents\My Folder\Empires Custom UMC Stuff\SourceMod\Workspace\umc-core.sp::DoMapChange()
L 04/13/2018 - 21:21:22: [SM]   [5] Line 4267, D:\Documents\My Folder\Empires Custom UMC Stuff\SourceMod\Workspace\umc-core.sp::Handle_MapVoteWinner()
L 04/13/2018 - 21:21:22: [SM]   [6] Line 3819, D:\Documents\My Folder\Empires Custom UMC Stuff\SourceMod\Workspace\umc-core.sp::ProcessVoteWinner()
L 04/13/2018 - 21:21:22: [SM]   [7] Line 3795, D:\Documents\My Folder\Empires Custom UMC Stuff\SourceMod\Workspace\umc-core.sp::ProcessVoteResults()
L 04/13/2018 - 21:21:22: [SM]   [8] Line 1277, D:\Documents\My Folder\Empires Custom UMC Stuff\SourceMod\Workspace\umc-core.sp::Native_UMCVoteManagerComplete()
L 04/13/2018 - 21:21:22: [SM]   [10] UMC_VoteManagerVoteCompleted
L 04/13/2018 - 21:21:22: [SM]   [11] Line 2309, D:\Documents\My Folder\Empires Custom UMC Stuff\SourceMod\Workspace\umc-core.sp::Handle_MapVoteResults()
L 04/13/2018 - 21:21:28: Error log file session closed.
L 04/13/2018 - 21:21:28: SourceMod error session started
L 04/13/2018 - 21:21:28: Info (map "con_urbanchaos_comm_b2") (file "errors_20180413.log")
L 04/13/2018 - 21:21:28: [SM] Exception reported: Client index 0 is invalid
L 04/13/2018 - 21:21:28: [SM] Blaming: NoCommExtendVote.smx()
L 04/13/2018 - 21:21:28: [SM] Call stack trace:
L 04/13/2018 - 21:21:28: [SM]   [0] PrintToChat
L 04/13/2018 - 21:21:28: [SM]   [1] Line 585, E:\Projects\EmpiresServer\NeoonyTestServer\addons\sourcemod\scripting\NoCommExtendVote.sp::Command_NCDisable()
L 04/13/2018 - 21:21:30: [SM] Exception reported: Invalid hook callback specified for game event "player_disconnect"
L 04/13/2018 - 21:21:30: [SM] Blaming: empstats.smx()
L 04/13/2018 - 21:21:30: [SM] Call stack trace:
L 04/13/2018 - 21:21:30: [SM]   [0] UnhookEvent
L 04/13/2018 - 21:21:30: [SM]   [1] Line 338, dist\addons\sourcemod\scripting\empstats.sp::Deactivate()
L 04/13/2018 - 21:21:30: [SM]   [2] Line 290, dist\addons\sourcemod\scripting\empstats.sp::CheckActivate()
L 04/13/2018 - 21:21:30: [SM]   [3] Line 1608, dist\addons\sourcemod\scripting\empstats.sp::EndMapChange()
L 04/13/2018 - 21:21:38: [SM] Exception reported: Invalid hook callback specified for game event "player_disconnect"
L 04/13/2018 - 21:21:38: [SM] Blaming: empstats.smx()
L 04/13/2018 - 21:21:38: [SM] Call stack trace:
L 04/13/2018 - 21:21:38: [SM]   [0] UnhookEvent
L 04/13/2018 - 21:21:38: [SM]   [1] Line 338, dist\addons\sourcemod\scripting\empstats.sp::Deactivate()
L 04/13/2018 - 21:21:38: [SM]   [2] Line 290, dist\addons\sourcemod\scripting\empstats.sp::CheckActivate()
L 04/13/2018 - 21:21:38: [SM]   [3] Line 680, dist\addons\sourcemod\scripting\empstats.sp::OnClientPostAdminCheck()
L 04/13/2018 - 21:21:42: [SM] Exception reported: Invalid hook callback specified for game event "player_disconnect"
L 04/13/2018 - 21:21:42: [SM] Blaming: empstats.smx()
L 04/13/2018 - 21:21:42: [SM] Call stack trace:
L 04/13/2018 - 21:21:42: [SM]   [0] UnhookEvent
L 04/13/2018 - 21:21:42: [SM]   [1] Line 338, dist\addons\sourcemod\scripting\empstats.sp::Deactivate()
L 04/13/2018 - 21:21:42: [SM]   [2] Line 290, dist\addons\sourcemod\scripting\empstats.sp::CheckActivate()
L 04/13/2018 - 21:21:42: [SM]   [3] Line 680, dist\addons\sourcemod\scripting\empstats.sp::OnClientPostAdminCheck()
L 04/13/2018 - 21:22:47: [SM] Exception reported: Game event "player_disconnect" has no active hook
L 04/13/2018 - 21:22:47: [SM] Blaming: saysounds.smx()
L 04/13/2018 - 21:22:47: [SM] Call stack trace:
L 04/13/2018 - 21:22:47: [SM]   [0] UnhookEvent
L 04/13/2018 - 21:22:47: [SM]   [1] Line 488, E:\dev\sourcemod\sourcemod-1.4.6-linux\addons\sourcemod\scripting\saysounds.sp::EnableChanged()
L 04/13/2018 - 21:31:41: [SM] Exception reported: Invalid timer handle 1acc031e (error 1)
L 04/13/2018 - 21:31:41: [SM] Blaming: umc-emp-mapvote.smx()
L 04/13/2018 - 21:31:41: [SM] Call stack trace:
L 04/13/2018 - 21:31:41: [SM]   [0] KillTimer
L 04/13/2018 - 21:31:41: [SM]   [1] Line 686, D:\Documents\My Folder\Empires Custom UMC Stuff\SourceMod\Workspace\umc-emp-mapvote.sp::UMC_OnNextmapSet()
L 04/13/2018 - 21:31:41: [SM]   [3] Call_Finish
L 04/13/2018 - 21:31:41: [SM]   [4] Line 4834, D:\Documents\My Folder\Empires Custom UMC Stuff\SourceMod\Workspace\umc-core.sp::DoMapChange()
L 04/13/2018 - 21:31:41: [SM]   [5] Line 4267, D:\Documents\My Folder\Empires Custom UMC Stuff\SourceMod\Workspace\umc-core.sp::Handle_MapVoteWinner()
L 04/13/2018 - 21:31:41: [SM]   [6] Line 3819, D:\Documents\My Folder\Empires Custom UMC Stuff\SourceMod\Workspace\umc-core.sp::ProcessVoteWinner()
L 04/13/2018 - 21:31:41: [SM]   [7] Line 3795, D:\Documents\My Folder\Empires Custom UMC Stuff\SourceMod\Workspace\umc-core.sp::ProcessVoteResults()
L 04/13/2018 - 21:31:41: [SM]   [8] Line 1277, D:\Documents\My Folder\Empires Custom UMC Stuff\SourceMod\Workspace\umc-core.sp::Native_UMCVoteManagerComplete()
L 04/13/2018 - 21:31:41: [SM]   [10] UMC_VoteManagerVoteCompleted
L 04/13/2018 - 21:31:41: [SM]   [11] Line 2309, D:\Documents\My Folder\Empires Custom UMC Stuff\SourceMod\Workspace\umc-core.sp::Handle_MapVoteResults()
L 04/13/2018 - 21:31:47: [SM] Exception reported: Invalid hook callback specified for game event "player_disconnect"
L 04/13/2018 - 21:31:47: [SM] Blaming: empstats.smx()
L 04/13/2018 - 21:31:47: [SM] Call stack trace:
L 04/13/2018 - 21:31:47: [SM]   [0] UnhookEvent
L 04/13/2018 - 21:31:47: [SM]   [1] Line 338, dist\addons\sourcemod\scripting\empstats.sp::Deactivate()
L 04/13/2018 - 21:31:47: [SM]   [2] Line 290, dist\addons\sourcemod\scripting\empstats.sp::CheckActivate()
L 04/13/2018 - 21:31:47: [SM]   [3] Line 1014, dist\addons\sourcemod\scripting\empstats.sp::OnClientDisconnect_Post()
L 04/13/2018 - 21:31:48: Error log file session closed.
L 04/13/2018 - 21:31:51: SourceMod error session started
L 04/13/2018 - 21:31:51: Info (map "con_glycencity") (file "errors_20180413.log")
L 04/13/2018 - 21:31:51: [SM] Exception reported: Invalid hook callback specified for game event "player_disconnect"
L 04/13/2018 - 21:31:51: [SM] Blaming: empstats.smx()
L 04/13/2018 - 21:31:51: [SM] Call stack trace:
L 04/13/2018 - 21:31:51: [SM]   [0] UnhookEvent
L 04/13/2018 - 21:31:51: [SM]   [1] Line 338, dist\addons\sourcemod\scripting\empstats.sp::Deactivate()
L 04/13/2018 - 21:31:51: [SM]   [2] Line 290, dist\addons\sourcemod\scripting\empstats.sp::CheckActivate()
L 04/13/2018 - 21:31:51: [SM]   [3] Line 1608, dist\addons\sourcemod\scripting\empstats.sp::EndMapChange()
L 04/13/2018 - 21:31:56: [SM] Exception reported: Invalid hook callback specified for game event "player_disconnect"
L 04/13/2018 - 21:31:56: [SM] Blaming: empstats.smx()
L 04/13/2018 - 21:31:56: [SM] Call stack trace:
L 04/13/2018 - 21:31:56: [SM]   [0] UnhookEvent
L 04/13/2018 - 21:31:56: [SM]   [1] Line 338, dist\addons\sourcemod\scripting\empstats.sp::Deactivate()
L 04/13/2018 - 21:31:56: [SM]   [2] Line 290, dist\addons\sourcemod\scripting\empstats.sp::CheckActivate()
L 04/13/2018 - 21:31:56: [SM]   [3] Line 680, dist\addons\sourcemod\scripting\empstats.sp::OnClientPostAdminCheck()
L 04/13/2018 - 21:31:57: [SM] Exception reported: Invalid hook callback specified for game event "player_disconnect"
L 04/13/2018 - 21:31:57: [SM] Blaming: empstats.smx()
L 04/13/2018 - 21:31:57: [SM] Call stack trace:
L 04/13/2018 - 21:31:57: [SM]   [0] UnhookEvent
L 04/13/2018 - 21:31:57: [SM]   [1] Line 338, dist\addons\sourcemod\scripting\empstats.sp::Deactivate()
L 04/13/2018 - 21:31:57: [SM]   [2] Line 290, dist\addons\sourcemod\scripting\empstats.sp::CheckActivate()
L 04/13/2018 - 21:31:57: [SM]   [3] Line 680, dist\addons\sourcemod\scripting\empstats.sp::OnClientPostAdminCheck()
L 04/13/2018 - 21:58:11: [SM] Exception reported: Invalid timer handle 1eb602c4 (error 3)
L 04/13/2018 - 21:58:11: [SM] Blaming: umc-emp-mapvote.smx()
L 04/13/2018 - 21:58:11: [SM] Call stack trace:
L 04/13/2018 - 21:58:11: [SM]   [0] KillTimer
L 04/13/2018 - 21:58:11: [SM]   [1] Line 686, D:\Documents\My Folder\Empires Custom UMC Stuff\SourceMod\Workspace\umc-emp-mapvote.sp::UMC_OnNextmapSet()
L 04/13/2018 - 21:58:11: [SM]   [3] Call_Finish
L 04/13/2018 - 21:58:11: [SM]   [4] Line 4834, D:\Documents\My Folder\Empires Custom UMC Stuff\SourceMod\Workspace\umc-core.sp::DoMapChange()
L 04/13/2018 - 21:58:11: [SM]   [5] Line 1767, D:\Documents\My Folder\Empires Custom UMC Stuff\SourceMod\Workspace\umc-core.sp::Native_UMCSetNextMap()
L 04/13/2018 - 21:58:11: [SM]   [7] UMC_SetNextMap
L 04/13/2018 - 21:58:11: [SM]   [8] Line 621, D:\Documents\My Folder\Empires Custom UMC Stuff\SourceMod\Workspace\umc-emp-mapvote.sp::DoRandomNextMap()
L 04/13/2018 - 21:58:11: [SM]   [9] Line 606, D:\Documents\My Folder\Empires Custom UMC Stuff\SourceMod\Workspace\umc-emp-mapvote.sp::DoMapChangeFailSafe()
L 04/13/2018 - 21:58:11: [SM]   [10] Line 722, D:\Documents\My Folder\Empires Custom UMC Stuff\SourceMod\Workspace\umc-emp-mapvote.sp::UMC_OnVoteFailed()
L 04/13/2018 - 21:58:11: [SM]   [12] Call_Finish
L 04/13/2018 - 21:58:11: [SM]   [13] Line 4796, D:\Documents\My Folder\Empires Custom UMC Stuff\SourceMod\Workspace\umc-core.sp::VoteFailed()
L 04/13/2018 - 21:58:11: [SM]   [14] Line 3507, D:\Documents\My Folder\Empires Custom UMC Stuff\SourceMod\Workspace\umc-core.sp::VoteCancelled()
L 04/13/2018 - 21:58:11: [SM]   [15] Line 1177, D:\Documents\My Folder\Empires Custom UMC Stuff\SourceMod\Workspace\umc-core.sp::Native_UMCVoteManagerCancel()
L 04/13/2018 - 21:58:11: [SM]   [17] UMC_VoteManagerVoteCancelled
L 04/13/2018 - 21:58:11: [SM]   [18] Line 2276, D:\Documents\My Folder\Empires Custom UMC Stuff\SourceMod\Workspace\umc-core.sp::Handle_VoteMenu()
L 04/13/2018 - 21:58:16: Error log file session closed.
L 04/13/2018 - 21:58:18: SourceMod error session started
L 04/13/2018 - 21:58:18: Info (map "fun_ricochet_a4") (file "errors_20180413.log")
L 04/13/2018 - 21:58:18: [SM] Exception reported: Invalid hook callback specified for game event "player_disconnect"
L 04/13/2018 - 21:58:18: [SM] Blaming: empstats.smx()
L 04/13/2018 - 21:58:18: [SM] Call stack trace:
L 04/13/2018 - 21:58:18: [SM]   [0] UnhookEvent
L 04/13/2018 - 21:58:18: [SM]   [1] Line 338, dist\addons\sourcemod\scripting\empstats.sp::Deactivate()
L 04/13/2018 - 21:58:18: [SM]   [2] Line 290, dist\addons\sourcemod\scripting\empstats.sp::CheckActivate()
L 04/13/2018 - 21:58:18: [SM]   [3] Line 1608, dist\addons\sourcemod\scripting\empstats.sp::EndMapChange()
L 04/13/2018 - 21:58:19: [SM] Exception reported: Invalid hook callback specified for game event "player_disconnect"
L 04/13/2018 - 21:58:19: [SM] Blaming: empstats.smx()
L 04/13/2018 - 21:58:19: [SM] Call stack trace:
L 04/13/2018 - 21:58:19: [SM]   [0] UnhookEvent
L 04/13/2018 - 21:58:19: [SM]   [1] Line 338, dist\addons\sourcemod\scripting\empstats.sp::Deactivate()
L 04/13/2018 - 21:58:19: [SM]   [2] Line 290, dist\addons\sourcemod\scripting\empstats.sp::CheckActivate()
L 04/13/2018 - 21:58:19: [SM]   [3] Line 680, dist\addons\sourcemod\scripting\empstats.sp::OnClientPostAdminCheck()
L 04/13/2018 - 21:58:19: [SM] Exception reported: Invalid hook callback specified for game event "player_disconnect"
L 04/13/2018 - 21:58:19: [SM] Blaming: empstats.smx()
L 04/13/2018 - 21:58:19: [SM] Call stack trace:
L 04/13/2018 - 21:58:19: [SM]   [0] UnhookEvent
L 04/13/2018 - 21:58:19: [SM]   [1] Line 338, dist\addons\sourcemod\scripting\empstats.sp::Deactivate()
L 04/13/2018 - 21:58:19: [SM]   [2] Line 290, dist\addons\sourcemod\scripting\empstats.sp::CheckActivate()
L 04/13/2018 - 21:58:19: [SM]   [3] Line 680, dist\addons\sourcemod\scripting\empstats.sp::OnClientPostAdminCheck()
L 04/13/2018 - 22:06:32: Error log file session closed.
L 04/13/2018 - 22:06:34: SourceMod error session started
L 04/13/2018 - 22:06:34: Info (map "con_district402") (file "errors_20180413.log")
L 04/13/2018 - 22:06:34: [SM] Exception reported: Invalid hook callback specified for game event "player_disconnect"
L 04/13/2018 - 22:06:34: [SM] Blaming: empstats.smx()
L 04/13/2018 - 22:06:34: [SM] Call stack trace:
L 04/13/2018 - 22:06:34: [SM]   [0] UnhookEvent
L 04/13/2018 - 22:06:34: [SM]   [1] Line 338, dist\addons\sourcemod\scripting\empstats.sp::Deactivate()
L 04/13/2018 - 22:06:34: [SM]   [2] Line 290, dist\addons\sourcemod\scripting\empstats.sp::CheckActivate()
L 04/13/2018 - 22:06:34: [SM]   [3] Line 1608, dist\addons\sourcemod\scripting\empstats.sp::EndMapChange()
L 04/13/2018 - 22:06:36: [SM] Exception reported: Invalid hook callback specified for game event "player_disconnect"
L 04/13/2018 - 22:06:36: [SM] Blaming: empstats.smx()
L 04/13/2018 - 22:06:36: [SM] Call stack trace:
L 04/13/2018 - 22:06:36: [SM]   [0] UnhookEvent
L 04/13/2018 - 22:06:36: [SM]   [1] Line 338, dist\addons\sourcemod\scripting\empstats.sp::Deactivate()
L 04/13/2018 - 22:06:36: [SM]   [2] Line 290, dist\addons\sourcemod\scripting\empstats.sp::CheckActivate()
L 04/13/2018 - 22:06:36: [SM]   [3] Line 680, dist\addons\sourcemod\scripting\empstats.sp::OnClientPostAdminCheck()
L 04/13/2018 - 22:06:38: [SM] Exception reported: Invalid hook callback specified for game event "player_disconnect"
L 04/13/2018 - 22:06:38: [SM] Blaming: empstats.smx()
L 04/13/2018 - 22:06:38: [SM] Call stack trace:
L 04/13/2018 - 22:06:38: [SM]   [0] UnhookEvent
L 04/13/2018 - 22:06:38: [SM]   [1] Line 338, dist\addons\sourcemod\scripting\empstats.sp::Deactivate()
L 04/13/2018 - 22:06:38: [SM]   [2] Line 290, dist\addons\sourcemod\scripting\empstats.sp::CheckActivate()
L 04/13/2018 - 22:06:38: [SM]   [3] Line 680, dist\addons\sourcemod\scripting\empstats.sp::OnClientPostAdminCheck()
L 04/13/2018 - 22:36:38: [SM] Exception reported: Invalid timer handle 25dc0354 (error 1)
L 04/13/2018 - 22:36:38: [SM] Blaming: umc-emp-mapvote.smx()
L 04/13/2018 - 22:36:38: [SM] Call stack trace:
L 04/13/2018 - 22:36:38: [SM]   [0] KillTimer
L 04/13/2018 - 22:36:38: [SM]   [1] Line 686, D:\Documents\My Folder\Empires Custom UMC Stuff\SourceMod\Workspace\umc-emp-mapvote.sp::UMC_OnNextmapSet()
L 04/13/2018 - 22:36:38: [SM]   [3] Call_Finish
L 04/13/2018 - 22:36:38: [SM]   [4] Line 4834, D:\Documents\My Folder\Empires Custom UMC Stuff\SourceMod\Workspace\umc-core.sp::DoMapChange()
L 04/13/2018 - 22:36:38: [SM]   [5] Line 4267, D:\Documents\My Folder\Empires Custom UMC Stuff\SourceMod\Workspace\umc-core.sp::Handle_MapVoteWinner()
L 04/13/2018 - 22:36:38: [SM]   [6] Line 3819, D:\Documents\My Folder\Empires Custom UMC Stuff\SourceMod\Workspace\umc-core.sp::ProcessVoteWinner()
L 04/13/2018 - 22:36:38: [SM]   [7] Line 3795, D:\Documents\My Folder\Empires Custom UMC Stuff\SourceMod\Workspace\umc-core.sp::ProcessVoteResults()
L 04/13/2018 - 22:36:38: [SM]   [8] Line 1277, D:\Documents\My Folder\Empires Custom UMC Stuff\SourceMod\Workspace\umc-core.sp::Native_UMCVoteManagerComplete()
L 04/13/2018 - 22:36:38: [SM]   [10] UMC_VoteManagerVoteCompleted
L 04/13/2018 - 22:36:38: [SM]   [11] Line 2309, D:\Documents\My Folder\Empires Custom UMC Stuff\SourceMod\Workspace\umc-core.sp::Handle_MapVoteResults()
L 04/13/2018 - 22:36:44: Error log file session closed.
L 04/13/2018 - 22:36:48: SourceMod error session started
L 04/13/2018 - 22:36:48: Info (map "emp_nuclear_b8u_xfix") (file "errors_20180413.log")
L 04/13/2018 - 22:36:48: [SM] Exception reported: Invalid hook callback specified for game event "player_disconnect"
L 04/13/2018 - 22:36:48: [SM] Blaming: empstats.smx()
L 04/13/2018 - 22:36:48: [SM] Call stack trace:
L 04/13/2018 - 22:36:48: [SM]   [0] UnhookEvent
L 04/13/2018 - 22:36:48: [SM]   [1] Line 338, dist\addons\sourcemod\scripting\empstats.sp::Deactivate()
L 04/13/2018 - 22:36:48: [SM]   [2] Line 290, dist\addons\sourcemod\scripting\empstats.sp::CheckActivate()
L 04/13/2018 - 22:36:48: [SM]   [3] Line 1608, dist\addons\sourcemod\scripting\empstats.sp::EndMapChange()
L 04/13/2018 - 22:36:53: [SM] Exception reported: Invalid hook callback specified for game event "player_disconnect"
L 04/13/2018 - 22:36:53: [SM] Blaming: empstats.smx()
L 04/13/2018 - 22:36:53: [SM] Call stack trace:
L 04/13/2018 - 22:36:53: [SM]   [0] UnhookEvent
L 04/13/2018 - 22:36:53: [SM]   [1] Line 338, dist\addons\sourcemod\scripting\empstats.sp::Deactivate()
L 04/13/2018 - 22:36:53: [SM]   [2] Line 290, dist\addons\sourcemod\scripting\empstats.sp::CheckActivate()
L 04/13/2018 - 22:36:53: [SM]   [3] Line 680, dist\addons\sourcemod\scripting\empstats.sp::OnClientPostAdminCheck()
L 04/13/2018 - 22:36:53: [SM] Exception reported: Invalid hook callback specified for game event "player_disconnect"
L 04/13/2018 - 22:36:53: [SM] Blaming: empstats.smx()
L 04/13/2018 - 22:36:53: [SM] Call stack trace:
L 04/13/2018 - 22:36:53: [SM]   [0] UnhookEvent
L 04/13/2018 - 22:36:53: [SM]   [1] Line 338, dist\addons\sourcemod\scripting\empstats.sp::Deactivate()
L 04/13/2018 - 22:36:53: [SM]   [2] Line 290, dist\addons\sourcemod\scripting\empstats.sp::CheckActivate()
L 04/13/2018 - 22:36:53: [SM]   [3] Line 680, dist\addons\sourcemod\scripting\empstats.sp::OnClientPostAdminCheck()
L 04/13/2018 - 23:14:59: [SM] Exception reported: Invalid timer handle 2b2f037f (error 1)
L 04/13/2018 - 23:14:59: [SM] Blaming: umc-emp-mapvote.smx()
L 04/13/2018 - 23:14:59: [SM] Call stack trace:
L 04/13/2018 - 23:14:59: [SM]   [0] KillTimer
L 04/13/2018 - 23:14:59: [SM]   [1] Line 686, D:\Documents\My Folder\Empires Custom UMC Stuff\SourceMod\Workspace\umc-emp-mapvote.sp::UMC_OnNextmapSet()
L 04/13/2018 - 23:14:59: [SM]   [3] Call_Finish
L 04/13/2018 - 23:14:59: [SM]   [4] Line 4834, D:\Documents\My Folder\Empires Custom UMC Stuff\SourceMod\Workspace\umc-core.sp::DoMapChange()
L 04/13/2018 - 23:14:59: [SM]   [5] Line 4267, D:\Documents\My Folder\Empires Custom UMC Stuff\SourceMod\Workspace\umc-core.sp::Handle_MapVoteWinner()
L 04/13/2018 - 23:14:59: [SM]   [6] Line 3819, D:\Documents\My Folder\Empires Custom UMC Stuff\SourceMod\Workspace\umc-core.sp::ProcessVoteWinner()
L 04/13/2018 - 23:14:59: [SM]   [7] Line 3795, D:\Documents\My Folder\Empires Custom UMC Stuff\SourceMod\Workspace\umc-core.sp::ProcessVoteResults()
L 04/13/2018 - 23:14:59: [SM]   [8] Line 1277, D:\Documents\My Folder\Empires Custom UMC Stuff\SourceMod\Workspace\umc-core.sp::Native_UMCVoteManagerComplete()
L 04/13/2018 - 23:14:59: [SM]   [10] UMC_VoteManagerVoteCompleted
L 04/13/2018 - 23:14:59: [SM]   [11] Line 2309, D:\Documents\My Folder\Empires Custom UMC Stuff\SourceMod\Workspace\umc-core.sp::Handle_MapVoteResults()
L 04/13/2018 - 23:15:05: Error log file session closed.
L 04/13/2018 - 23:15:07: SourceMod error session started
L 04/13/2018 - 23:15:07: Info (map "emp_beachfront_b2_hce") (file "errors_20180413.log")
L 04/13/2018 - 23:15:07: [SM] Exception reported: Invalid hook callback specified for game event "player_disconnect"
L 04/13/2018 - 23:15:07: [SM] Blaming: empstats.smx()
L 04/13/2018 - 23:15:07: [SM] Call stack trace:
L 04/13/2018 - 23:15:07: [SM]   [0] UnhookEvent
L 04/13/2018 - 23:15:07: [SM]   [1] Line 338, dist\addons\sourcemod\scripting\empstats.sp::Deactivate()
L 04/13/2018 - 23:15:07: [SM]   [2] Line 290, dist\addons\sourcemod\scripting\empstats.sp::CheckActivate()
L 04/13/2018 - 23:15:07: [SM]   [3] Line 1608, dist\addons\sourcemod\scripting\empstats.sp::EndMapChange()
L 04/13/2018 - 23:15:10: [SM] Exception reported: Invalid hook callback specified for game event "player_disconnect"
L 04/13/2018 - 23:15:10: [SM] Blaming: empstats.smx()
L 04/13/2018 - 23:15:10: [SM] Call stack trace:
L 04/13/2018 - 23:15:10: [SM]   [0] UnhookEvent
L 04/13/2018 - 23:15:10: [SM]   [1] Line 338, dist\addons\sourcemod\scripting\empstats.sp::Deactivate()
L 04/13/2018 - 23:15:10: [SM]   [2] Line 290, dist\addons\sourcemod\scripting\empstats.sp::CheckActivate()
L 04/13/2018 - 23:15:10: [SM]   [3] Line 680, dist\addons\sourcemod\scripting\empstats.sp::OnClientPostAdminCheck()
L 04/13/2018 - 23:15:11: [SM] Exception reported: Invalid hook callback specified for game event "player_disconnect"
L 04/13/2018 - 23:15:11: [SM] Blaming: empstats.smx()
L 04/13/2018 - 23:15:11: [SM] Call stack trace:
L 04/13/2018 - 23:15:11: [SM]   [0] UnhookEvent
L 04/13/2018 - 23:15:11: [SM]   [1] Line 338, dist\addons\sourcemod\scripting\empstats.sp::Deactivate()
L 04/13/2018 - 23:15:11: [SM]   [2] Line 290, dist\addons\sourcemod\scripting\empstats.sp::CheckActivate()
L 04/13/2018 - 23:15:11: [SM]   [3] Line 680, dist\addons\sourcemod\scripting\empstats.sp::OnClientPostAdminCheck()
L 04/13/2018 - 23:53:50: [SM] Exception reported: Invalid hook callback specified for game event "player_disconnect"
L 04/13/2018 - 23:53:50: [SM] Blaming: empstats.smx()
L 04/13/2018 - 23:53:50: [SM] Call stack trace:
L 04/13/2018 - 23:53:50: [SM]   [0] UnhookEvent
L 04/13/2018 - 23:53:50: [SM]   [1] Line 338, dist\addons\sourcemod\scripting\empstats.sp::Deactivate()
L 04/13/2018 - 23:53:50: [SM]   [2] Line 290, dist\addons\sourcemod\scripting\empstats.sp::CheckActivate()
L 04/13/2018 - 23:53:50: [SM]   [3] Line 680, dist\addons\sourcemod\scripting\empstats.sp::OnClientPostAdminCheck()
