L 03/28/2017 - 00:11:16: SourceMod error session started
L 03/28/2017 - 00:11:16: Info (map "emp_district402") (file "errors_20170328.log")
L 03/28/2017 - 00:11:16: [SM] Exception reported: Plugin not runnable
L 03/28/2017 - 00:20:05: [SM] Exception reported: Plugin not runnable
L 03/28/2017 - 00:26:07: [SM] Exception reported: Plugin not runnable
L 03/28/2017 - 00:56:49: [SM] Exception reported: Plugin not runnable
L 03/28/2017 - 00:57:27: [SM] Exception reported: Plugin not runnable
L 03/28/2017 - 00:57:54: [SM] Exception reported: Plugin not runnable
L 03/28/2017 - 01:01:17: [SM] Exception reported: Plugin not runnable
L 03/28/2017 - 01:07:09: [SM] Exception reported: Plugin not runnable
L 03/28/2017 - 01:07:09: [SM] Blaming: adminmenu.smx()
L 03/28/2017 - 01:07:09: [SM] Call stack trace:
L 03/28/2017 - 01:07:09: [SM]   [0] TopMenu.Display
L 03/28/2017 - 01:07:09: [SM]   [1] Line 195, D:\builds\build-sourcemod-msvc12\windows-1.8\build\plugins\adminmenu.sp::Command_DisplayMenu()
L 03/28/2017 - 01:07:31: [SM] Exception reported: Plugin not runnable
L 03/28/2017 - 01:08:23: [SM] Exception reported: Plugin not runnable
L 03/28/2017 - 01:08:39: [SM] Exception reported: Plugin not runnable
L 03/28/2017 - 01:10:49: [SM] Exception reported: Plugin not runnable
L 03/28/2017 - 01:10:50: [SM] Exception reported: Plugin not runnable
L 03/28/2017 - 01:11:24: [SM] Exception reported: Plugin not runnable
L 03/28/2017 - 01:12:48: [SM] Exception reported: Plugin not runnable
L 03/28/2017 - 01:12:48: [SM] Blaming: adminmenu.smx()
L 03/28/2017 - 01:12:48: [SM] Call stack trace:
L 03/28/2017 - 01:12:48: [SM]   [0] TopMenu.Display
L 03/28/2017 - 01:12:48: [SM]   [1] Line 195, D:\builds\build-sourcemod-msvc12\windows-1.8\build\plugins\adminmenu.sp::Command_DisplayMenu()
L 03/28/2017 - 01:17:14: [SM] Exception reported: Plugin not runnable
L 03/28/2017 - 01:17:28: [SM] Exception reported: Plugin not runnable
L 03/28/2017 - 01:17:38: [SM] Exception reported: Plugin not runnable
L 03/28/2017 - 01:17:52: [SM] Exception reported: Plugin not runnable
L 03/28/2017 - 01:17:52: [SM] Blaming: playercommands.smx()
L 03/28/2017 - 01:17:52: [SM] Call stack trace:
L 03/28/2017 - 01:17:52: [SM]   [0] ForcePlayerSuicide
L 03/28/2017 - 01:17:52: [SM]   [1] Line 37, D:\builds\build-sourcemod-msvc12\windows-1.8\build\plugins\playercommands/slay.sp::PerformSlay()
L 03/28/2017 - 01:17:52: [SM]   [2] Line 147, D:\builds\build-sourcemod-msvc12\windows-1.8\build\plugins\playercommands/slay.sp::Command_Slay()
L 03/28/2017 - 01:17:52: [SM] Exception reported: Plugin not runnable
L 03/28/2017 - 01:17:52: [SM] Blaming: playercommands.smx()
L 03/28/2017 - 01:17:52: [SM] Call stack trace:
L 03/28/2017 - 01:17:52: [SM]   [0] ForcePlayerSuicide
L 03/28/2017 - 01:17:52: [SM]   [1] Line 37, D:\builds\build-sourcemod-msvc12\windows-1.8\build\plugins\playercommands/slay.sp::PerformSlay()
L 03/28/2017 - 01:17:52: [SM]   [2] Line 147, D:\builds\build-sourcemod-msvc12\windows-1.8\build\plugins\playercommands/slay.sp::Command_Slay()
L 03/28/2017 - 01:18:00: [SM] Exception reported: Invalid timer handle 377023d (error 1)
L 03/28/2017 - 01:18:00: [SM] Blaming: umc-emp-mapvote.smx()
L 03/28/2017 - 01:18:00: [SM] Call stack trace:
L 03/28/2017 - 01:18:00: [SM]   [0] KillTimer
L 03/28/2017 - 01:18:00: [SM]   [1] Line 686, D:\Documents\My Folder\Empires Custom UMC Stuff\SourceMod\Workspace\umc-emp-mapvote.sp::UMC_OnNextmapSet()
L 03/28/2017 - 01:18:00: [SM]   [3] Call_Finish
L 03/28/2017 - 01:18:00: [SM]   [4] Line 4834, D:\Documents\My Folder\Empires Custom UMC Stuff\SourceMod\Workspace\umc-core.sp::DoMapChange()
L 03/28/2017 - 01:18:00: [SM]   [5] Line 4267, D:\Documents\My Folder\Empires Custom UMC Stuff\SourceMod\Workspace\umc-core.sp::Handle_MapVoteWinner()
L 03/28/2017 - 01:18:00: [SM]   [6] Line 3819, D:\Documents\My Folder\Empires Custom UMC Stuff\SourceMod\Workspace\umc-core.sp::ProcessVoteWinner()
L 03/28/2017 - 01:18:00: [SM]   [7] Line 3795, D:\Documents\My Folder\Empires Custom UMC Stuff\SourceMod\Workspace\umc-core.sp::ProcessVoteResults()
L 03/28/2017 - 01:18:00: [SM]   [8] Line 1277, D:\Documents\My Folder\Empires Custom UMC Stuff\SourceMod\Workspace\umc-core.sp::Native_UMCVoteManagerComplete()
L 03/28/2017 - 01:18:00: [SM]   [10] UMC_VoteManagerVoteCompleted
L 03/28/2017 - 01:18:00: [SM]   [11] Line 2309, D:\Documents\My Folder\Empires Custom UMC Stuff\SourceMod\Workspace\umc-core.sp::Handle_MapVoteResults()
L 03/28/2017 - 01:18:05: [SM] Exception reported: Plugin not runnable
L 03/28/2017 - 01:18:06: Error log file session closed.
L 03/28/2017 - 01:18:06: SourceMod error session started
L 03/28/2017 - 01:18:06: Info (map "emp_beachfront_b2") (file "errors_20170328.log")
L 03/28/2017 - 01:18:06: [SM] Fatal error encountered parsing translation file "maprate.phrases.txt"
L 03/28/2017 - 01:18:06: [SM] Error (line 0, column 0): Stream failed to open
L 03/28/2017 - 01:18:06: [SM] Exception reported: Plugin not runnable
L 03/28/2017 - 01:18:06: [maprate.smx] Error establishing database connection: [1049]: Unknown database 'sourcemod'
L 03/28/2017 - 01:18:06: [maprate.smx] FATAL: An error occurred while connecting to the database.
L 03/28/2017 - 01:18:06: [SM] Exception reported: An error occurred while connecting to the database.
L 03/28/2017 - 01:18:06: [SM] Blaming: maprate.smx()
L 03/28/2017 - 01:18:06: [SM] Call stack trace:
L 03/28/2017 - 01:18:06: [SM]   [0] SetFailState
L 03/28/2017 - 01:18:06: [SM]   [1] Line 90, /home/forums/content/files/6/4/8/1/2/114450.attach::OnConfigsExecuted()
L 03/28/2017 - 01:18:06: [umc-maprate-reweight.smx] Error establishing a database connection: [1049]: Unknown database 'sourcemod'
L 03/28/2017 - 01:18:11: [SM] Exception reported: Plugin not runnable
L 03/28/2017 - 01:18:11: [SM] Exception reported: Plugin not runnable
L 03/28/2017 - 01:18:12: [SM] Exception reported: Plugin not runnable
L 03/28/2017 - 01:18:33: [SM] Exception reported: Plugin not runnable
L 03/28/2017 - 01:29:00: [SM] Exception reported: Plugin not runnable
L 03/28/2017 - 01:32:01: [SM] Exception reported: Plugin not runnable
L 03/28/2017 - 01:32:11: [SM] Exception reported: Plugin not runnable
L 03/28/2017 - 01:33:27: [SM] Exception reported: Plugin not runnable
L 03/28/2017 - 01:39:56: [SM] Exception reported: Plugin not runnable
L 03/28/2017 - 01:41:54: [SM] Exception reported: Plugin not runnable
L 03/28/2017 - 01:42:56: [SM] Exception reported: Invalid timer handle 5f10226 (error 3)
L 03/28/2017 - 01:42:56: [SM] Blaming: umc-emp-mapvote.smx()
L 03/28/2017 - 01:42:56: [SM] Call stack trace:
L 03/28/2017 - 01:42:56: [SM]   [0] KillTimer
L 03/28/2017 - 01:42:56: [SM]   [1] Line 686, D:\Documents\My Folder\Empires Custom UMC Stuff\SourceMod\Workspace\umc-emp-mapvote.sp::UMC_OnNextmapSet()
L 03/28/2017 - 01:42:56: [SM]   [3] Call_Finish
L 03/28/2017 - 01:42:56: [SM]   [4] Line 4834, D:\Documents\My Folder\Empires Custom UMC Stuff\SourceMod\Workspace\umc-core.sp::DoMapChange()
L 03/28/2017 - 01:42:56: [SM]   [5] Line 1767, D:\Documents\My Folder\Empires Custom UMC Stuff\SourceMod\Workspace\umc-core.sp::Native_UMCSetNextMap()
L 03/28/2017 - 01:42:56: [SM]   [7] UMC_SetNextMap
L 03/28/2017 - 01:42:56: [SM]   [8] Line 621, D:\Documents\My Folder\Empires Custom UMC Stuff\SourceMod\Workspace\umc-emp-mapvote.sp::DoRandomNextMap()
L 03/28/2017 - 01:42:56: [SM]   [9] Line 606, D:\Documents\My Folder\Empires Custom UMC Stuff\SourceMod\Workspace\umc-emp-mapvote.sp::DoMapChangeFailSafe()
L 03/28/2017 - 01:42:56: [SM]   [10] Line 722, D:\Documents\My Folder\Empires Custom UMC Stuff\SourceMod\Workspace\umc-emp-mapvote.sp::UMC_OnVoteFailed()
L 03/28/2017 - 01:42:56: [SM]   [12] Call_Finish
L 03/28/2017 - 01:42:56: [SM]   [13] Line 4796, D:\Documents\My Folder\Empires Custom UMC Stuff\SourceMod\Workspace\umc-core.sp::VoteFailed()
L 03/28/2017 - 01:42:56: [SM]   [14] Line 3507, D:\Documents\My Folder\Empires Custom UMC Stuff\SourceMod\Workspace\umc-core.sp::VoteCancelled()
L 03/28/2017 - 01:42:56: [SM]   [15] Line 1177, D:\Documents\My Folder\Empires Custom UMC Stuff\SourceMod\Workspace\umc-core.sp::Native_UMCVoteManagerCancel()
L 03/28/2017 - 01:42:56: [SM]   [17] UMC_VoteManagerVoteCancelled
L 03/28/2017 - 01:42:56: [SM]   [18] Line 2276, D:\Documents\My Folder\Empires Custom UMC Stuff\SourceMod\Workspace\umc-core.sp::Handle_VoteMenu()
L 03/28/2017 - 01:43:02: [SM] Exception reported: Plugin not runnable
L 03/28/2017 - 01:43:03: Error log file session closed.
L 03/28/2017 - 01:43:03: SourceMod error session started
L 03/28/2017 - 01:43:03: Info (map "emp_urbanchaos") (file "errors_20170328.log")
L 03/28/2017 - 01:43:03: [SM] Fatal error encountered parsing translation file "maprate.phrases.txt"
L 03/28/2017 - 01:43:03: [SM] Error (line 0, column 0): Stream failed to open
L 03/28/2017 - 01:43:03: [SM] Exception reported: Plugin not runnable
L 03/28/2017 - 01:43:03: [maprate.smx] Error establishing database connection: [1049]: Unknown database 'sourcemod'
L 03/28/2017 - 01:43:03: [maprate.smx] FATAL: An error occurred while connecting to the database.
L 03/28/2017 - 01:43:03: [SM] Exception reported: An error occurred while connecting to the database.
L 03/28/2017 - 01:43:03: [SM] Blaming: maprate.smx()
L 03/28/2017 - 01:43:03: [SM] Call stack trace:
L 03/28/2017 - 01:43:03: [SM]   [0] SetFailState
L 03/28/2017 - 01:43:03: [SM]   [1] Line 90, /home/forums/content/files/6/4/8/1/2/114450.attach::OnConfigsExecuted()
L 03/28/2017 - 01:43:03: [umc-maprate-reweight.smx] Error establishing a database connection: [1049]: Unknown database 'sourcemod'
L 03/28/2017 - 01:43:08: [SM] Exception reported: Plugin not runnable
L 03/28/2017 - 01:43:11: [SM] Exception reported: Plugin not runnable
L 03/28/2017 - 12:14:41: [SM] Exception reported: Plugin not runnable
L 03/28/2017 - 13:50:22: [SM] Exception reported: Plugin not runnable
L 03/28/2017 - 13:51:03: [SM] Exception reported: Plugin not runnable
L 03/28/2017 - 14:19:26: [SM] Exception reported: Plugin not runnable
L 03/28/2017 - 14:19:26: Error log file session closed.
L 03/28/2017 - 14:19:27: SourceMod error session started
L 03/28/2017 - 14:19:27: Info (map "emp_coast") (file "errors_20170328.log")
L 03/28/2017 - 14:19:27: [SM] Fatal error encountered parsing translation file "maprate.phrases.txt"
L 03/28/2017 - 14:19:27: [SM] Error (line 0, column 0): Stream failed to open
L 03/28/2017 - 14:19:27: [SM] Exception reported: Plugin not runnable
L 03/28/2017 - 14:19:27: [maprate.smx] Error establishing database connection: [1049]: Unknown database 'sourcemod'
L 03/28/2017 - 14:19:27: [maprate.smx] FATAL: An error occurred while connecting to the database.
L 03/28/2017 - 14:19:27: [SM] Exception reported: An error occurred while connecting to the database.
L 03/28/2017 - 14:19:27: [SM] Blaming: maprate.smx()
L 03/28/2017 - 14:19:27: [SM] Call stack trace:
L 03/28/2017 - 14:19:27: [SM]   [0] SetFailState
L 03/28/2017 - 14:19:27: [SM]   [1] Line 90, /home/forums/content/files/6/4/8/1/2/114450.attach::OnConfigsExecuted()
L 03/28/2017 - 14:19:27: [umc-maprate-reweight.smx] Error establishing a database connection: [1049]: Unknown database 'sourcemod'
L 03/28/2017 - 14:19:32: [SM] Exception reported: Plugin not runnable
L 03/28/2017 - 14:19:33: [SM] Exception reported: Plugin not runnable
L 03/28/2017 - 14:20:33: [SM] Exception reported: Plugin not runnable
L 03/28/2017 - 14:20:48: [SM] Exception reported: Plugin not runnable
L 03/28/2017 - 14:20:49: Error log file session closed.
L 03/28/2017 - 14:20:49: SourceMod error session started
L 03/28/2017 - 14:20:49: Info (map "emp_drygulch_a6") (file "errors_20170328.log")
L 03/28/2017 - 14:20:49: [SM] Fatal error encountered parsing translation file "maprate.phrases.txt"
L 03/28/2017 - 14:20:49: [SM] Error (line 0, column 0): Stream failed to open
L 03/28/2017 - 14:20:49: [SM] Exception reported: Plugin not runnable
L 03/28/2017 - 14:20:49: [maprate.smx] Error establishing database connection: [1049]: Unknown database 'sourcemod'
L 03/28/2017 - 14:20:49: [maprate.smx] FATAL: An error occurred while connecting to the database.
L 03/28/2017 - 14:20:49: [SM] Exception reported: An error occurred while connecting to the database.
L 03/28/2017 - 14:20:49: [SM] Blaming: maprate.smx()
L 03/28/2017 - 14:20:49: [SM] Call stack trace:
L 03/28/2017 - 14:20:49: [SM]   [0] SetFailState
L 03/28/2017 - 14:20:49: [SM]   [1] Line 90, /home/forums/content/files/6/4/8/1/2/114450.attach::OnConfigsExecuted()
L 03/28/2017 - 14:20:49: [umc-maprate-reweight.smx] Error establishing a database connection: [1049]: Unknown database 'sourcemod'
L 03/28/2017 - 14:20:52: [SM] Exception reported: Plugin not runnable
L 03/28/2017 - 14:21:01: [SM] Exception reported: Plugin not runnable
L 03/28/2017 - 15:06:25: [SM] Exception reported: Plugin not runnable
L 03/28/2017 - 15:44:44: [SM] Exception reported: Plugin not runnable
L 03/28/2017 - 15:48:59: [SM] Exception reported: Plugin not runnable
L 03/28/2017 - 15:48:59: [SM] Blaming: adminmenu.smx()
L 03/28/2017 - 15:48:59: [SM] Call stack trace:
L 03/28/2017 - 15:48:59: [SM]   [0] TopMenu.Display
L 03/28/2017 - 15:48:59: [SM]   [1] Line 195, D:\builds\build-sourcemod-msvc12\windows-1.8\build\plugins\adminmenu.sp::Command_DisplayMenu()
L 03/28/2017 - 16:05:12: [SM] Exception reported: Plugin not runnable
L 03/28/2017 - 16:12:52: [SM] Exception reported: Plugin not runnable
L 03/28/2017 - 16:35:31: [SM] Exception reported: Plugin not runnable
L 03/28/2017 - 16:43:01: [SM] Exception reported: Plugin not runnable
L 03/28/2017 - 16:47:52: [SM] Exception reported: Plugin not runnable
L 03/28/2017 - 16:47:52: [SM] Blaming: teamswitch.smx()
L 03/28/2017 - 16:47:52: [SM] Call stack trace:
L 03/28/2017 - 16:47:52: [SM]   [0] ChangeClientTeam
L 03/28/2017 - 16:47:52: [SM]   [1] Line 509, /home/forums/content/files/2/1/3/1/23850.attach::PerformSwitch()
L 03/28/2017 - 16:47:52: [SM]   [2] Line 476, /home/forums/content/files/2/1/3/1/23850.attach::Handle_Switch()
L 03/28/2017 - 16:47:52: [SM]   [3] Line 449, /home/forums/content/files/2/1/3/1/23850.attach::Handle_SwitchSpec()
L 03/28/2017 - 16:49:02: [SM] Exception reported: Plugin not runnable
L 03/28/2017 - 16:49:21: [SM] Exception reported: Plugin not runnable
L 03/28/2017 - 16:53:43: [SM] Exception reported: Plugin not runnable
L 03/28/2017 - 16:57:09: [SM] Exception reported: Plugin not runnable
L 03/28/2017 - 17:07:21: [SM] Exception reported: Plugin not runnable
L 03/28/2017 - 17:13:55: [SM] Exception reported: Plugin not runnable
L 03/28/2017 - 17:15:27: [SM] Exception reported: Plugin not runnable
L 03/28/2017 - 17:15:34: [SM] Exception reported: Plugin not runnable
L 03/28/2017 - 17:17:34: [SM] Exception reported: Plugin not runnable
L 03/28/2017 - 17:18:20: [SM] Exception reported: Plugin not runnable
L 03/28/2017 - 17:18:52: [SM] Exception reported: Plugin not runnable
L 03/28/2017 - 17:18:57: [SM] Exception reported: Plugin not runnable
L 03/28/2017 - 17:20:26: [SM] Exception reported: Plugin not runnable
L 03/28/2017 - 17:21:52: [SM] Exception reported: Plugin not runnable
L 03/28/2017 - 17:22:07: [SM] Exception reported: Plugin not runnable
L 03/28/2017 - 17:22:36: [SM] Exception reported: Plugin not runnable
L 03/28/2017 - 17:23:05: [SM] Exception reported: Plugin not runnable
L 03/28/2017 - 17:25:00: [SM] Exception reported: Plugin not runnable
L 03/28/2017 - 17:25:47: [SM] Exception reported: Plugin not runnable
L 03/28/2017 - 17:26:04: [SM] Exception reported: Plugin not runnable
L 03/28/2017 - 17:27:24: [SM] Exception reported: Plugin not runnable
L 03/28/2017 - 17:28:29: [SM] Exception reported: Plugin not runnable
L 03/28/2017 - 17:28:50: [SM] Exception reported: Plugin not runnable
L 03/28/2017 - 17:29:04: [SM] Exception reported: Plugin not runnable
L 03/28/2017 - 17:29:31: [SM] Exception reported: Plugin not runnable
L 03/28/2017 - 17:30:41: [SM] Exception reported: Plugin not runnable
L 03/28/2017 - 17:31:52: [SM] Exception reported: Plugin not runnable
L 03/28/2017 - 17:33:31: [SM] Exception reported: Plugin not runnable
L 03/28/2017 - 17:33:34: [SM] Exception reported: Plugin not runnable
L 03/28/2017 - 17:34:19: [SM] Exception reported: Plugin not runnable
L 03/28/2017 - 17:35:39: [SM] Exception reported: Plugin not runnable
L 03/28/2017 - 17:40:02: [SM] Exception reported: Plugin not runnable
L 03/28/2017 - 17:42:33: [SM] Exception reported: Plugin not runnable
L 03/28/2017 - 17:43:01: [SM] Exception reported: Plugin not runnable
L 03/28/2017 - 17:43:03: [SM] Exception reported: Plugin not runnable
L 03/28/2017 - 17:49:24: [SM] Exception reported: Plugin not runnable
L 03/28/2017 - 17:51:26: [SM] Exception reported: Plugin not runnable
L 03/28/2017 - 17:53:09: [SM] Exception reported: Plugin not runnable
L 03/28/2017 - 17:58:21: [SM] Exception reported: Plugin not runnable
L 03/28/2017 - 17:59:03: [SM] Exception reported: Plugin not runnable
L 03/28/2017 - 17:59:03: [SM] Blaming: teamswitch.smx()
L 03/28/2017 - 17:59:03: [SM] Call stack trace:
L 03/28/2017 - 17:59:03: [SM]   [0] ChangeClientTeam
L 03/28/2017 - 17:59:03: [SM]   [1] Line 509, /home/forums/content/files/2/1/3/1/23850.attach::PerformSwitch()
L 03/28/2017 - 17:59:03: [SM]   [2] Line 207, /home/forums/content/files/2/1/3/1/23850.attach::Command_SwitchSpec()
L 03/28/2017 - 17:59:11: [SM] Exception reported: Plugin not runnable
L 03/28/2017 - 17:59:11: [SM] Blaming: teamswitch.smx()
L 03/28/2017 - 17:59:11: [SM] Call stack trace:
L 03/28/2017 - 17:59:11: [SM]   [0] ChangeClientTeam
L 03/28/2017 - 17:59:11: [SM]   [1] Line 509, /home/forums/content/files/2/1/3/1/23850.attach::PerformSwitch()
L 03/28/2017 - 17:59:11: [SM]   [2] Line 207, /home/forums/content/files/2/1/3/1/23850.attach::Command_SwitchSpec()
L 03/28/2017 - 18:12:38: [SM] Exception reported: Plugin not runnable
L 03/28/2017 - 18:30:57: [SM] Exception reported: Plugin not runnable
L 03/28/2017 - 18:30:57: [SM] Exception reported: Plugin not runnable
L 03/28/2017 - 18:46:35: [SM] Exception reported: Plugin not runnable
L 03/28/2017 - 18:46:35: [SM] Exception reported: Plugin not runnable
L 03/28/2017 - 18:54:07: [SM] Exception reported: Plugin not runnable
L 03/28/2017 - 18:56:08: [SM] Exception reported: Plugin not runnable
L 03/28/2017 - 18:56:08: [SM] Exception reported: Plugin not runnable
L 03/28/2017 - 19:02:21: [SM] Exception reported: Plugin not runnable
L 03/28/2017 - 19:07:27: [SM] Exception reported: Plugin not runnable
L 03/28/2017 - 19:18:44: [SM] Exception reported: Plugin not runnable
L 03/28/2017 - 19:20:06: [SM] Exception reported: Plugin not runnable
L 03/28/2017 - 19:24:25: [SM] Exception reported: Plugin not runnable
L 03/28/2017 - 19:29:01: [SM] Exception reported: Plugin not runnable
L 03/28/2017 - 19:30:26: [SM] Exception reported: Plugin not runnable
L 03/28/2017 - 19:38:40: [SM] Exception reported: Plugin not runnable
L 03/28/2017 - 20:23:01: [SM] Exception reported: Plugin not runnable
L 03/28/2017 - 20:37:51: [SM] Exception reported: Plugin not runnable
