L 07/20/2018 - 18:58:29: SourceMod error session started
L 07/20/2018 - 18:58:29: Info (map "con_district402") (file "errors_20180720.log")
L 07/20/2018 - 18:58:29: [SDKTOOLS] Invalid detour address passed - Disabling detour to prevent crashes
L 07/20/2018 - 18:58:29: [SDKTOOLS] Failed to find PlayerRunCmd offset - OnPlayerRunCmd forward disabled.
L 07/20/2018 - 19:09:20: [SM] Exception reported: Invalid timer handle 4960303 (error 1)
L 07/20/2018 - 19:09:20: [SM] Blaming: umc-emp-mapvote.smx()
L 07/20/2018 - 19:09:20: [SM] Call stack trace:
L 07/20/2018 - 19:09:20: [SM]   [0] KillTimer
L 07/20/2018 - 19:09:20: [SM]   [1] Line 686, D:\Documents\My Folder\Empires Custom UMC Stuff\SourceMod\Workspace\umc-emp-mapvote.sp::UMC_OnNextmapSet()
L 07/20/2018 - 19:09:20: [SM]   [3] Call_Finish
L 07/20/2018 - 19:09:20: [SM]   [4] Line 4834, D:\Documents\My Folder\Empires Custom UMC Stuff\SourceMod\Workspace\umc-core.sp::DoMapChange()
L 07/20/2018 - 19:09:20: [SM]   [5] Line 4267, D:\Documents\My Folder\Empires Custom UMC Stuff\SourceMod\Workspace\umc-core.sp::Handle_MapVoteWinner()
L 07/20/2018 - 19:09:20: [SM]   [6] Line 3819, D:\Documents\My Folder\Empires Custom UMC Stuff\SourceMod\Workspace\umc-core.sp::ProcessVoteWinner()
L 07/20/2018 - 19:09:20: [SM]   [7] Line 3795, D:\Documents\My Folder\Empires Custom UMC Stuff\SourceMod\Workspace\umc-core.sp::ProcessVoteResults()
L 07/20/2018 - 19:09:20: [SM]   [8] Line 1277, D:\Documents\My Folder\Empires Custom UMC Stuff\SourceMod\Workspace\umc-core.sp::Native_UMCVoteManagerComplete()
L 07/20/2018 - 19:09:20: [SM]   [10] UMC_VoteManagerVoteCompleted
L 07/20/2018 - 19:09:20: [SM]   [11] Line 2309, D:\Documents\My Folder\Empires Custom UMC Stuff\SourceMod\Workspace\umc-core.sp::Handle_MapVoteResults()
L 07/20/2018 - 19:09:25: Error log file session closed.
L 07/20/2018 - 20:09:38: SourceMod error session started
L 07/20/2018 - 20:09:38: Info (map "emp_beachfront_b2_hce") (file "errors_20180720.log")
L 07/20/2018 - 20:09:38: [SM] Exception reported: Invalid timer handle 9cc02ff (error 1)
L 07/20/2018 - 20:09:38: [SM] Blaming: umc-emp-mapvote.smx()
L 07/20/2018 - 20:09:38: [SM] Call stack trace:
L 07/20/2018 - 20:09:38: [SM]   [0] KillTimer
L 07/20/2018 - 20:09:38: [SM]   [1] Line 686, D:\Documents\My Folder\Empires Custom UMC Stuff\SourceMod\Workspace\umc-emp-mapvote.sp::UMC_OnNextmapSet()
L 07/20/2018 - 20:09:38: [SM]   [3] Call_Finish
L 07/20/2018 - 20:09:38: [SM]   [4] Line 4834, D:\Documents\My Folder\Empires Custom UMC Stuff\SourceMod\Workspace\umc-core.sp::DoMapChange()
L 07/20/2018 - 20:09:38: [SM]   [5] Line 4267, D:\Documents\My Folder\Empires Custom UMC Stuff\SourceMod\Workspace\umc-core.sp::Handle_MapVoteWinner()
L 07/20/2018 - 20:09:38: [SM]   [6] Line 3819, D:\Documents\My Folder\Empires Custom UMC Stuff\SourceMod\Workspace\umc-core.sp::ProcessVoteWinner()
L 07/20/2018 - 20:09:38: [SM]   [7] Line 3795, D:\Documents\My Folder\Empires Custom UMC Stuff\SourceMod\Workspace\umc-core.sp::ProcessVoteResults()
L 07/20/2018 - 20:09:38: [SM]   [8] Line 1277, D:\Documents\My Folder\Empires Custom UMC Stuff\SourceMod\Workspace\umc-core.sp::Native_UMCVoteManagerComplete()
L 07/20/2018 - 20:09:38: [SM]   [10] UMC_VoteManagerVoteCompleted
L 07/20/2018 - 20:09:38: [SM]   [11] Line 2309, D:\Documents\My Folder\Empires Custom UMC Stuff\SourceMod\Workspace\umc-core.sp::Handle_MapVoteResults()
L 07/20/2018 - 20:09:44: Error log file session closed.
L 07/20/2018 - 20:15:08: SourceMod error session started
L 07/20/2018 - 20:15:08: Info (map "con_glycencity") (file "errors_20180720.log")
L 07/20/2018 - 20:15:08: [SM] Exception reported: Game event "player_disconnect" has no active hook
L 07/20/2018 - 20:15:08: [SM] Blaming: saysounds.smx()
L 07/20/2018 - 20:15:08: [SM] Call stack trace:
L 07/20/2018 - 20:15:08: [SM]   [0] UnhookEvent
L 07/20/2018 - 20:15:08: [SM]   [1] Line 488, E:\dev\sourcemod\sourcemod-1.4.6-linux\addons\sourcemod\scripting\saysounds.sp::EnableChanged()
L 07/20/2018 - 20:41:04: [SM] Exception reported: Invalid timer handle c220154 (error 1)
L 07/20/2018 - 20:41:04: [SM] Blaming: umc-emp-mapvote.smx()
L 07/20/2018 - 20:41:04: [SM] Call stack trace:
L 07/20/2018 - 20:41:04: [SM]   [0] KillTimer
L 07/20/2018 - 20:41:04: [SM]   [1] Line 686, D:\Documents\My Folder\Empires Custom UMC Stuff\SourceMod\Workspace\umc-emp-mapvote.sp::UMC_OnNextmapSet()
L 07/20/2018 - 20:41:04: [SM]   [3] Call_Finish
L 07/20/2018 - 20:41:04: [SM]   [4] Line 4834, D:\Documents\My Folder\Empires Custom UMC Stuff\SourceMod\Workspace\umc-core.sp::DoMapChange()
L 07/20/2018 - 20:41:04: [SM]   [5] Line 4267, D:\Documents\My Folder\Empires Custom UMC Stuff\SourceMod\Workspace\umc-core.sp::Handle_MapVoteWinner()
L 07/20/2018 - 20:41:04: [SM]   [6] Line 3819, D:\Documents\My Folder\Empires Custom UMC Stuff\SourceMod\Workspace\umc-core.sp::ProcessVoteWinner()
L 07/20/2018 - 20:41:04: [SM]   [7] Line 3795, D:\Documents\My Folder\Empires Custom UMC Stuff\SourceMod\Workspace\umc-core.sp::ProcessVoteResults()
L 07/20/2018 - 20:41:04: [SM]   [8] Line 1277, D:\Documents\My Folder\Empires Custom UMC Stuff\SourceMod\Workspace\umc-core.sp::Native_UMCVoteManagerComplete()
L 07/20/2018 - 20:41:04: [SM]   [10] UMC_VoteManagerVoteCompleted
L 07/20/2018 - 20:41:04: [SM]   [11] Line 2309, D:\Documents\My Folder\Empires Custom UMC Stuff\SourceMod\Workspace\umc-core.sp::Handle_MapVoteResults()
L 07/20/2018 - 20:41:09: Error log file session closed.
L 07/20/2018 - 21:21:09: SourceMod error session started
L 07/20/2018 - 21:21:09: Info (map "con_blast_ob2") (file "errors_20180720.log")
L 07/20/2018 - 21:21:09: [SM] Exception reported: Invalid timer handle 111c035d (error 1)
L 07/20/2018 - 21:21:09: [SM] Blaming: umc-emp-mapvote.smx()
L 07/20/2018 - 21:21:09: [SM] Call stack trace:
L 07/20/2018 - 21:21:09: [SM]   [0] KillTimer
L 07/20/2018 - 21:21:09: [SM]   [1] Line 686, D:\Documents\My Folder\Empires Custom UMC Stuff\SourceMod\Workspace\umc-emp-mapvote.sp::UMC_OnNextmapSet()
L 07/20/2018 - 21:21:09: [SM]   [3] Call_Finish
L 07/20/2018 - 21:21:09: [SM]   [4] Line 4834, D:\Documents\My Folder\Empires Custom UMC Stuff\SourceMod\Workspace\umc-core.sp::DoMapChange()
L 07/20/2018 - 21:21:09: [SM]   [5] Line 4267, D:\Documents\My Folder\Empires Custom UMC Stuff\SourceMod\Workspace\umc-core.sp::Handle_MapVoteWinner()
L 07/20/2018 - 21:21:09: [SM]   [6] Line 3819, D:\Documents\My Folder\Empires Custom UMC Stuff\SourceMod\Workspace\umc-core.sp::ProcessVoteWinner()
L 07/20/2018 - 21:21:09: [SM]   [7] Line 3795, D:\Documents\My Folder\Empires Custom UMC Stuff\SourceMod\Workspace\umc-core.sp::ProcessVoteResults()
L 07/20/2018 - 21:21:09: [SM]   [8] Line 1277, D:\Documents\My Folder\Empires Custom UMC Stuff\SourceMod\Workspace\umc-core.sp::Native_UMCVoteManagerComplete()
L 07/20/2018 - 21:21:09: [SM]   [10] UMC_VoteManagerVoteCompleted
L 07/20/2018 - 21:21:09: [SM]   [11] Line 2309, D:\Documents\My Folder\Empires Custom UMC Stuff\SourceMod\Workspace\umc-core.sp::Handle_MapVoteResults()
L 07/20/2018 - 21:21:15: Error log file session closed.
L 07/20/2018 - 22:58:52: SourceMod error session started
L 07/20/2018 - 22:58:52: Info (map "emp_downfall_hce") (file "errors_20180720.log")
L 07/20/2018 - 22:58:52: [SM] Exception reported: Invalid timer handle 16a0033e (error 1)
L 07/20/2018 - 22:58:52: [SM] Blaming: umc-emp-mapvote.smx()
L 07/20/2018 - 22:58:52: [SM] Call stack trace:
L 07/20/2018 - 22:58:52: [SM]   [0] KillTimer
L 07/20/2018 - 22:58:52: [SM]   [1] Line 686, D:\Documents\My Folder\Empires Custom UMC Stuff\SourceMod\Workspace\umc-emp-mapvote.sp::UMC_OnNextmapSet()
L 07/20/2018 - 22:58:52: [SM]   [3] Call_Finish
L 07/20/2018 - 22:58:52: [SM]   [4] Line 4834, D:\Documents\My Folder\Empires Custom UMC Stuff\SourceMod\Workspace\umc-core.sp::DoMapChange()
L 07/20/2018 - 22:58:52: [SM]   [5] Line 4267, D:\Documents\My Folder\Empires Custom UMC Stuff\SourceMod\Workspace\umc-core.sp::Handle_MapVoteWinner()
L 07/20/2018 - 22:58:52: [SM]   [6] Line 3819, D:\Documents\My Folder\Empires Custom UMC Stuff\SourceMod\Workspace\umc-core.sp::ProcessVoteWinner()
L 07/20/2018 - 22:58:52: [SM]   [7] Line 3795, D:\Documents\My Folder\Empires Custom UMC Stuff\SourceMod\Workspace\umc-core.sp::ProcessVoteResults()
L 07/20/2018 - 22:58:52: [SM]   [8] Line 1277, D:\Documents\My Folder\Empires Custom UMC Stuff\SourceMod\Workspace\umc-core.sp::Native_UMCVoteManagerComplete()
L 07/20/2018 - 22:58:52: [SM]   [10] UMC_VoteManagerVoteCompleted
L 07/20/2018 - 22:58:52: [SM]   [11] Line 2309, D:\Documents\My Folder\Empires Custom UMC Stuff\SourceMod\Workspace\umc-core.sp::Handle_MapVoteResults()
L 07/20/2018 - 22:58:57: Error log file session closed.
