L 05/24/2017 - 00:42:34: SourceMod error session started
L 05/24/2017 - 00:42:34: Info (map "emp_drygulch_a6") (file "errors_20170524.log")
L 05/24/2017 - 00:42:34: [SM] Exception reported: Invalid timer handle 607202b1 (error 3)
L 05/24/2017 - 00:42:34: [SM] Blaming: umc-emp-mapvote.smx()
L 05/24/2017 - 00:42:34: [SM] Call stack trace:
L 05/24/2017 - 00:42:34: [SM]   [0] KillTimer
L 05/24/2017 - 00:42:34: [SM]   [1] Line 686, D:\Documents\My Folder\Empires Custom UMC Stuff\SourceMod\Workspace\umc-emp-mapvote.sp::UMC_OnNextmapSet()
L 05/24/2017 - 00:42:34: [SM]   [3] Call_Finish
L 05/24/2017 - 00:42:34: [SM]   [4] Line 4834, D:\Documents\My Folder\Empires Custom UMC Stuff\SourceMod\Workspace\umc-core.sp::DoMapChange()
L 05/24/2017 - 00:42:34: [SM]   [5] Line 4267, D:\Documents\My Folder\Empires Custom UMC Stuff\SourceMod\Workspace\umc-core.sp::Handle_MapVoteWinner()
L 05/24/2017 - 00:42:34: [SM]   [6] Line 3819, D:\Documents\My Folder\Empires Custom UMC Stuff\SourceMod\Workspace\umc-core.sp::ProcessVoteWinner()
L 05/24/2017 - 00:42:34: [SM]   [7] Line 3795, D:\Documents\My Folder\Empires Custom UMC Stuff\SourceMod\Workspace\umc-core.sp::ProcessVoteResults()
L 05/24/2017 - 00:42:34: [SM]   [8] Line 1277, D:\Documents\My Folder\Empires Custom UMC Stuff\SourceMod\Workspace\umc-core.sp::Native_UMCVoteManagerComplete()
L 05/24/2017 - 00:42:34: [SM]   [10] UMC_VoteManagerVoteCompleted
L 05/24/2017 - 00:42:34: [SM]   [11] Line 2309, D:\Documents\My Folder\Empires Custom UMC Stuff\SourceMod\Workspace\umc-core.sp::Handle_MapVoteResults()
L 05/24/2017 - 00:42:39: Error log file session closed.
L 05/24/2017 - 01:14:34: SourceMod error session started
L 05/24/2017 - 01:14:34: Info (map "emp_beachfront_b2") (file "errors_20170524.log")
L 05/24/2017 - 01:14:34: [SM] Exception reported: Invalid timer handle 7203033f (error 1)
L 05/24/2017 - 01:14:34: [SM] Blaming: umc-emp-mapvote.smx()
L 05/24/2017 - 01:14:34: [SM] Call stack trace:
L 05/24/2017 - 01:14:34: [SM]   [0] KillTimer
L 05/24/2017 - 01:14:34: [SM]   [1] Line 686, D:\Documents\My Folder\Empires Custom UMC Stuff\SourceMod\Workspace\umc-emp-mapvote.sp::UMC_OnNextmapSet()
L 05/24/2017 - 01:14:34: [SM]   [3] Call_Finish
L 05/24/2017 - 01:14:34: [SM]   [4] Line 4834, D:\Documents\My Folder\Empires Custom UMC Stuff\SourceMod\Workspace\umc-core.sp::DoMapChange()
L 05/24/2017 - 01:14:34: [SM]   [5] Line 4267, D:\Documents\My Folder\Empires Custom UMC Stuff\SourceMod\Workspace\umc-core.sp::Handle_MapVoteWinner()
L 05/24/2017 - 01:14:34: [SM]   [6] Line 3819, D:\Documents\My Folder\Empires Custom UMC Stuff\SourceMod\Workspace\umc-core.sp::ProcessVoteWinner()
L 05/24/2017 - 01:14:34: [SM]   [7] Line 3795, D:\Documents\My Folder\Empires Custom UMC Stuff\SourceMod\Workspace\umc-core.sp::ProcessVoteResults()
L 05/24/2017 - 01:14:34: [SM]   [8] Line 1277, D:\Documents\My Folder\Empires Custom UMC Stuff\SourceMod\Workspace\umc-core.sp::Native_UMCVoteManagerComplete()
L 05/24/2017 - 01:14:34: [SM]   [10] UMC_VoteManagerVoteCompleted
L 05/24/2017 - 01:14:34: [SM]   [11] Line 2309, D:\Documents\My Folder\Empires Custom UMC Stuff\SourceMod\Workspace\umc-core.sp::Handle_MapVoteResults()
L 05/24/2017 - 01:14:40: Error log file session closed.
L 05/24/2017 - 01:31:47: SourceMod error session started
L 05/24/2017 - 01:31:47: Info (map "emp_shadows_attacks_fix") (file "errors_20170524.log")
L 05/24/2017 - 01:31:47: [SM] Exception reported: Invalid timer handle 76a80318 (error 1)
L 05/24/2017 - 01:31:47: [SM] Blaming: umc-emp-mapvote.smx()
L 05/24/2017 - 01:31:47: [SM] Call stack trace:
L 05/24/2017 - 01:31:47: [SM]   [0] KillTimer
L 05/24/2017 - 01:31:47: [SM]   [1] Line 686, D:\Documents\My Folder\Empires Custom UMC Stuff\SourceMod\Workspace\umc-emp-mapvote.sp::UMC_OnNextmapSet()
L 05/24/2017 - 01:31:47: [SM]   [3] Call_Finish
L 05/24/2017 - 01:31:47: [SM]   [4] Line 4834, D:\Documents\My Folder\Empires Custom UMC Stuff\SourceMod\Workspace\umc-core.sp::DoMapChange()
L 05/24/2017 - 01:31:47: [SM]   [5] Line 4267, D:\Documents\My Folder\Empires Custom UMC Stuff\SourceMod\Workspace\umc-core.sp::Handle_MapVoteWinner()
L 05/24/2017 - 01:31:47: [SM]   [6] Line 3819, D:\Documents\My Folder\Empires Custom UMC Stuff\SourceMod\Workspace\umc-core.sp::ProcessVoteWinner()
L 05/24/2017 - 01:31:47: [SM]   [7] Line 3795, D:\Documents\My Folder\Empires Custom UMC Stuff\SourceMod\Workspace\umc-core.sp::ProcessVoteResults()
L 05/24/2017 - 01:31:47: [SM]   [8] Line 1277, D:\Documents\My Folder\Empires Custom UMC Stuff\SourceMod\Workspace\umc-core.sp::Native_UMCVoteManagerComplete()
L 05/24/2017 - 01:31:47: [SM]   [10] UMC_VoteManagerVoteCompleted
L 05/24/2017 - 01:31:47: [SM]   [11] Line 2309, D:\Documents\My Folder\Empires Custom UMC Stuff\SourceMod\Workspace\umc-core.sp::Handle_MapVoteResults()
L 05/24/2017 - 01:31:53: Error log file session closed.
L 05/24/2017 - 01:49:51: SourceMod error session started
L 05/24/2017 - 01:49:51: Info (map "emp_crossroads") (file "errors_20170524.log")
L 05/24/2017 - 01:49:51: [SM] Exception reported: Invalid timer handle 795b036d (error 1)
L 05/24/2017 - 01:49:51: [SM] Blaming: umc-emp-mapvote.smx()
L 05/24/2017 - 01:49:51: [SM] Call stack trace:
L 05/24/2017 - 01:49:51: [SM]   [0] KillTimer
L 05/24/2017 - 01:49:51: [SM]   [1] Line 686, D:\Documents\My Folder\Empires Custom UMC Stuff\SourceMod\Workspace\umc-emp-mapvote.sp::UMC_OnNextmapSet()
L 05/24/2017 - 01:49:51: [SM]   [3] Call_Finish
L 05/24/2017 - 01:49:51: [SM]   [4] Line 4834, D:\Documents\My Folder\Empires Custom UMC Stuff\SourceMod\Workspace\umc-core.sp::DoMapChange()
L 05/24/2017 - 01:49:51: [SM]   [5] Line 4267, D:\Documents\My Folder\Empires Custom UMC Stuff\SourceMod\Workspace\umc-core.sp::Handle_MapVoteWinner()
L 05/24/2017 - 01:49:51: [SM]   [6] Line 3819, D:\Documents\My Folder\Empires Custom UMC Stuff\SourceMod\Workspace\umc-core.sp::ProcessVoteWinner()
L 05/24/2017 - 01:49:51: [SM]   [7] Line 3795, D:\Documents\My Folder\Empires Custom UMC Stuff\SourceMod\Workspace\umc-core.sp::ProcessVoteResults()
L 05/24/2017 - 01:49:51: [SM]   [8] Line 1277, D:\Documents\My Folder\Empires Custom UMC Stuff\SourceMod\Workspace\umc-core.sp::Native_UMCVoteManagerComplete()
L 05/24/2017 - 01:49:51: [SM]   [10] UMC_VoteManagerVoteCompleted
L 05/24/2017 - 01:49:51: [SM]   [11] Line 2309, D:\Documents\My Folder\Empires Custom UMC Stuff\SourceMod\Workspace\umc-core.sp::Handle_MapVoteResults()
L 05/24/2017 - 01:49:57: Error log file session closed.
L 05/24/2017 - 02:13:29: SourceMod error session started
L 05/24/2017 - 02:13:29: Info (map "con_district402") (file "errors_20170524.log")
L 05/24/2017 - 02:13:29: [SDKTOOLS] Invalid detour address passed - Disabling detour to prevent crashes
L 05/24/2017 - 02:13:29: [SDKTOOLS] Failed to find PlayerRunCmd offset - OnPlayerRunCmd forward disabled.
L 05/24/2017 - 19:22:35: SourceMod error session started
L 05/24/2017 - 19:22:35: Info (map "con_district402") (file "errors_20170524.log")
L 05/24/2017 - 19:22:35: [SDKTOOLS] Invalid detour address passed - Disabling detour to prevent crashes
L 05/24/2017 - 19:22:36: [SDKTOOLS] Failed to find PlayerRunCmd offset - OnPlayerRunCmd forward disabled.
L 05/24/2017 - 19:59:19: [SM] Exception reported: Invalid timer handle 50a02b1 (error 1)
L 05/24/2017 - 19:59:19: [SM] Blaming: umc-emp-mapvote.smx()
L 05/24/2017 - 19:59:19: [SM] Call stack trace:
L 05/24/2017 - 19:59:19: [SM]   [0] KillTimer
L 05/24/2017 - 19:59:19: [SM]   [1] Line 686, D:\Documents\My Folder\Empires Custom UMC Stuff\SourceMod\Workspace\umc-emp-mapvote.sp::UMC_OnNextmapSet()
L 05/24/2017 - 19:59:19: [SM]   [3] Call_Finish
L 05/24/2017 - 19:59:19: [SM]   [4] Line 4834, D:\Documents\My Folder\Empires Custom UMC Stuff\SourceMod\Workspace\umc-core.sp::DoMapChange()
L 05/24/2017 - 19:59:19: [SM]   [5] Line 4267, D:\Documents\My Folder\Empires Custom UMC Stuff\SourceMod\Workspace\umc-core.sp::Handle_MapVoteWinner()
L 05/24/2017 - 19:59:19: [SM]   [6] Line 3819, D:\Documents\My Folder\Empires Custom UMC Stuff\SourceMod\Workspace\umc-core.sp::ProcessVoteWinner()
L 05/24/2017 - 19:59:19: [SM]   [7] Line 3795, D:\Documents\My Folder\Empires Custom UMC Stuff\SourceMod\Workspace\umc-core.sp::ProcessVoteResults()
L 05/24/2017 - 19:59:19: [SM]   [8] Line 1277, D:\Documents\My Folder\Empires Custom UMC Stuff\SourceMod\Workspace\umc-core.sp::Native_UMCVoteManagerComplete()
L 05/24/2017 - 19:59:19: [SM]   [10] UMC_VoteManagerVoteCompleted
L 05/24/2017 - 19:59:19: [SM]   [11] Line 2309, D:\Documents\My Folder\Empires Custom UMC Stuff\SourceMod\Workspace\umc-core.sp::Handle_MapVoteResults()
L 05/24/2017 - 19:59:25: Error log file session closed.
L 05/24/2017 - 20:23:13: SourceMod error session started
L 05/24/2017 - 20:23:13: Info (map "emp_shadows_attacks_fix") (file "errors_20170524.log")
L 05/24/2017 - 20:23:13: [SM] Exception reported: Invalid timer handle ad002e8 (error 1)
L 05/24/2017 - 20:23:13: [SM] Blaming: umc-emp-mapvote.smx()
L 05/24/2017 - 20:23:13: [SM] Call stack trace:
L 05/24/2017 - 20:23:13: [SM]   [0] KillTimer
L 05/24/2017 - 20:23:13: [SM]   [1] Line 686, D:\Documents\My Folder\Empires Custom UMC Stuff\SourceMod\Workspace\umc-emp-mapvote.sp::UMC_OnNextmapSet()
L 05/24/2017 - 20:23:13: [SM]   [3] Call_Finish
L 05/24/2017 - 20:23:13: [SM]   [4] Line 4834, D:\Documents\My Folder\Empires Custom UMC Stuff\SourceMod\Workspace\umc-core.sp::DoMapChange()
L 05/24/2017 - 20:23:13: [SM]   [5] Line 4267, D:\Documents\My Folder\Empires Custom UMC Stuff\SourceMod\Workspace\umc-core.sp::Handle_MapVoteWinner()
L 05/24/2017 - 20:23:13: [SM]   [6] Line 3819, D:\Documents\My Folder\Empires Custom UMC Stuff\SourceMod\Workspace\umc-core.sp::ProcessVoteWinner()
L 05/24/2017 - 20:23:13: [SM]   [7] Line 3795, D:\Documents\My Folder\Empires Custom UMC Stuff\SourceMod\Workspace\umc-core.sp::ProcessVoteResults()
L 05/24/2017 - 20:23:13: [SM]   [8] Line 1277, D:\Documents\My Folder\Empires Custom UMC Stuff\SourceMod\Workspace\umc-core.sp::Native_UMCVoteManagerComplete()
L 05/24/2017 - 20:23:13: [SM]   [10] UMC_VoteManagerVoteCompleted
L 05/24/2017 - 20:23:13: [SM]   [11] Line 2309, D:\Documents\My Folder\Empires Custom UMC Stuff\SourceMod\Workspace\umc-core.sp::Handle_MapVoteResults()
L 05/24/2017 - 20:23:20: Error log file session closed.
L 05/24/2017 - 20:45:54: SourceMod error session started
L 05/24/2017 - 20:45:54: Info (map "con_urbanchaos") (file "errors_20170524.log")
L 05/24/2017 - 20:45:54: [SM] Exception reported: Invalid timer handle 181a02d8 (error 1)
L 05/24/2017 - 20:45:54: [SM] Blaming: umc-emp-mapvote.smx()
L 05/24/2017 - 20:45:54: [SM] Call stack trace:
L 05/24/2017 - 20:45:54: [SM]   [0] KillTimer
L 05/24/2017 - 20:45:54: [SM]   [1] Line 686, D:\Documents\My Folder\Empires Custom UMC Stuff\SourceMod\Workspace\umc-emp-mapvote.sp::UMC_OnNextmapSet()
L 05/24/2017 - 20:45:54: [SM]   [3] Call_Finish
L 05/24/2017 - 20:45:54: [SM]   [4] Line 4834, D:\Documents\My Folder\Empires Custom UMC Stuff\SourceMod\Workspace\umc-core.sp::DoMapChange()
L 05/24/2017 - 20:45:54: [SM]   [5] Line 4267, D:\Documents\My Folder\Empires Custom UMC Stuff\SourceMod\Workspace\umc-core.sp::Handle_MapVoteWinner()
L 05/24/2017 - 20:45:54: [SM]   [6] Line 3819, D:\Documents\My Folder\Empires Custom UMC Stuff\SourceMod\Workspace\umc-core.sp::ProcessVoteWinner()
L 05/24/2017 - 20:45:54: [SM]   [7] Line 3795, D:\Documents\My Folder\Empires Custom UMC Stuff\SourceMod\Workspace\umc-core.sp::ProcessVoteResults()
L 05/24/2017 - 20:45:54: [SM]   [8] Line 1277, D:\Documents\My Folder\Empires Custom UMC Stuff\SourceMod\Workspace\umc-core.sp::Native_UMCVoteManagerComplete()
L 05/24/2017 - 20:45:54: [SM]   [10] UMC_VoteManagerVoteCompleted
L 05/24/2017 - 20:45:54: [SM]   [11] Line 2309, D:\Documents\My Folder\Empires Custom UMC Stuff\SourceMod\Workspace\umc-core.sp::Handle_MapVoteResults()
L 05/24/2017 - 20:46:00: Error log file session closed.
L 05/24/2017 - 20:54:56: SourceMod error session started
L 05/24/2017 - 20:54:56: Info (map "emp_downfall") (file "errors_20170524.log")
L 05/24/2017 - 20:54:56: [SM] Exception reported: Invalid timer handle 181a02d8 (error 3)
L 05/24/2017 - 20:54:56: [SM] Blaming: umc-emp-mapvote.smx()
L 05/24/2017 - 20:54:56: [SM] Call stack trace:
L 05/24/2017 - 20:54:56: [SM]   [0] KillTimer
L 05/24/2017 - 20:54:56: [SM]   [1] Line 686, D:\Documents\My Folder\Empires Custom UMC Stuff\SourceMod\Workspace\umc-emp-mapvote.sp::UMC_OnNextmapSet()
L 05/24/2017 - 20:54:56: [SM]   [3] Call_Finish
L 05/24/2017 - 20:54:56: [SM]   [4] Line 4834, D:\Documents\My Folder\Empires Custom UMC Stuff\SourceMod\Workspace\umc-core.sp::DoMapChange()
L 05/24/2017 - 20:54:56: [SM]   [5] Line 4267, D:\Documents\My Folder\Empires Custom UMC Stuff\SourceMod\Workspace\umc-core.sp::Handle_MapVoteWinner()
L 05/24/2017 - 20:54:56: [SM]   [6] Line 3819, D:\Documents\My Folder\Empires Custom UMC Stuff\SourceMod\Workspace\umc-core.sp::ProcessVoteWinner()
L 05/24/2017 - 20:54:56: [SM]   [7] Line 3795, D:\Documents\My Folder\Empires Custom UMC Stuff\SourceMod\Workspace\umc-core.sp::ProcessVoteResults()
L 05/24/2017 - 20:54:56: [SM]   [8] Line 1277, D:\Documents\My Folder\Empires Custom UMC Stuff\SourceMod\Workspace\umc-core.sp::Native_UMCVoteManagerComplete()
L 05/24/2017 - 20:54:56: [SM]   [10] UMC_VoteManagerVoteCompleted
L 05/24/2017 - 20:54:56: [SM]   [11] Line 2309, D:\Documents\My Folder\Empires Custom UMC Stuff\SourceMod\Workspace\umc-core.sp::Handle_MapVoteResults()
L 05/24/2017 - 20:55:03: Error log file session closed.
L 05/24/2017 - 21:05:48: SourceMod error session started
L 05/24/2017 - 21:05:48: Info (map "con_glycencity") (file "errors_20170524.log")
L 05/24/2017 - 21:05:48: [SM] Exception reported: Invalid timer handle 214902c9 (error 1)
L 05/24/2017 - 21:05:48: [SM] Blaming: umc-emp-mapvote.smx()
L 05/24/2017 - 21:05:48: [SM] Call stack trace:
L 05/24/2017 - 21:05:48: [SM]   [0] KillTimer
L 05/24/2017 - 21:05:48: [SM]   [1] Line 686, D:\Documents\My Folder\Empires Custom UMC Stuff\SourceMod\Workspace\umc-emp-mapvote.sp::UMC_OnNextmapSet()
L 05/24/2017 - 21:05:48: [SM]   [3] Call_Finish
L 05/24/2017 - 21:05:48: [SM]   [4] Line 4834, D:\Documents\My Folder\Empires Custom UMC Stuff\SourceMod\Workspace\umc-core.sp::DoMapChange()
L 05/24/2017 - 21:05:48: [SM]   [5] Line 4267, D:\Documents\My Folder\Empires Custom UMC Stuff\SourceMod\Workspace\umc-core.sp::Handle_MapVoteWinner()
L 05/24/2017 - 21:05:48: [SM]   [6] Line 3819, D:\Documents\My Folder\Empires Custom UMC Stuff\SourceMod\Workspace\umc-core.sp::ProcessVoteWinner()
L 05/24/2017 - 21:05:48: [SM]   [7] Line 3795, D:\Documents\My Folder\Empires Custom UMC Stuff\SourceMod\Workspace\umc-core.sp::ProcessVoteResults()
L 05/24/2017 - 21:05:48: [SM]   [8] Line 1277, D:\Documents\My Folder\Empires Custom UMC Stuff\SourceMod\Workspace\umc-core.sp::Native_UMCVoteManagerComplete()
L 05/24/2017 - 21:05:48: [SM]   [10] UMC_VoteManagerVoteCompleted
L 05/24/2017 - 21:05:48: [SM]   [11] Line 2309, D:\Documents\My Folder\Empires Custom UMC Stuff\SourceMod\Workspace\umc-core.sp::Handle_MapVoteResults()
L 05/24/2017 - 21:05:54: Error log file session closed.
L 05/24/2017 - 21:20:56: SourceMod error session started
L 05/24/2017 - 21:20:56: Info (map "con_district402") (file "errors_20170524.log")
L 05/24/2017 - 21:20:56: [SM] Exception reported: Invalid timer handle 2b1e02fd (error 1)
L 05/24/2017 - 21:20:56: [SM] Blaming: umc-emp-mapvote.smx()
L 05/24/2017 - 21:20:56: [SM] Call stack trace:
L 05/24/2017 - 21:20:56: [SM]   [0] KillTimer
L 05/24/2017 - 21:20:56: [SM]   [1] Line 686, D:\Documents\My Folder\Empires Custom UMC Stuff\SourceMod\Workspace\umc-emp-mapvote.sp::UMC_OnNextmapSet()
L 05/24/2017 - 21:20:56: [SM]   [3] Call_Finish
L 05/24/2017 - 21:20:56: [SM]   [4] Line 4834, D:\Documents\My Folder\Empires Custom UMC Stuff\SourceMod\Workspace\umc-core.sp::DoMapChange()
L 05/24/2017 - 21:20:56: [SM]   [5] Line 4267, D:\Documents\My Folder\Empires Custom UMC Stuff\SourceMod\Workspace\umc-core.sp::Handle_MapVoteWinner()
L 05/24/2017 - 21:20:56: [SM]   [6] Line 3819, D:\Documents\My Folder\Empires Custom UMC Stuff\SourceMod\Workspace\umc-core.sp::ProcessVoteWinner()
L 05/24/2017 - 21:20:56: [SM]   [7] Line 3795, D:\Documents\My Folder\Empires Custom UMC Stuff\SourceMod\Workspace\umc-core.sp::ProcessVoteResults()
L 05/24/2017 - 21:20:56: [SM]   [8] Line 1277, D:\Documents\My Folder\Empires Custom UMC Stuff\SourceMod\Workspace\umc-core.sp::Native_UMCVoteManagerComplete()
L 05/24/2017 - 21:20:56: [SM]   [10] UMC_VoteManagerVoteCompleted
L 05/24/2017 - 21:20:56: [SM]   [11] Line 2309, D:\Documents\My Folder\Empires Custom UMC Stuff\SourceMod\Workspace\umc-core.sp::Handle_MapVoteResults()
L 05/24/2017 - 21:21:02: Error log file session closed.
L 05/24/2017 - 21:37:15: SourceMod error session started
L 05/24/2017 - 21:37:15: Info (map "emp_crossroads") (file "errors_20170524.log")
L 05/24/2017 - 21:37:15: [SM] Exception reported: Invalid timer handle 307202ea (error 3)
L 05/24/2017 - 21:37:15: [SM] Blaming: umc-emp-mapvote.smx()
L 05/24/2017 - 21:37:15: [SM] Call stack trace:
L 05/24/2017 - 21:37:15: [SM]   [0] KillTimer
L 05/24/2017 - 21:37:15: [SM]   [1] Line 686, D:\Documents\My Folder\Empires Custom UMC Stuff\SourceMod\Workspace\umc-emp-mapvote.sp::UMC_OnNextmapSet()
L 05/24/2017 - 21:37:15: [SM]   [3] Call_Finish
L 05/24/2017 - 21:37:15: [SM]   [4] Line 4834, D:\Documents\My Folder\Empires Custom UMC Stuff\SourceMod\Workspace\umc-core.sp::DoMapChange()
L 05/24/2017 - 21:37:15: [SM]   [5] Line 1767, D:\Documents\My Folder\Empires Custom UMC Stuff\SourceMod\Workspace\umc-core.sp::Native_UMCSetNextMap()
L 05/24/2017 - 21:37:15: [SM]   [7] UMC_SetNextMap
L 05/24/2017 - 21:37:15: [SM]   [8] Line 621, D:\Documents\My Folder\Empires Custom UMC Stuff\SourceMod\Workspace\umc-emp-mapvote.sp::DoRandomNextMap()
L 05/24/2017 - 21:37:15: [SM]   [9] Line 606, D:\Documents\My Folder\Empires Custom UMC Stuff\SourceMod\Workspace\umc-emp-mapvote.sp::DoMapChangeFailSafe()
L 05/24/2017 - 21:37:15: [SM]   [10] Line 722, D:\Documents\My Folder\Empires Custom UMC Stuff\SourceMod\Workspace\umc-emp-mapvote.sp::UMC_OnVoteFailed()
L 05/24/2017 - 21:37:15: [SM]   [12] Call_Finish
L 05/24/2017 - 21:37:15: [SM]   [13] Line 4796, D:\Documents\My Folder\Empires Custom UMC Stuff\SourceMod\Workspace\umc-core.sp::VoteFailed()
L 05/24/2017 - 21:37:15: [SM]   [14] Line 3507, D:\Documents\My Folder\Empires Custom UMC Stuff\SourceMod\Workspace\umc-core.sp::VoteCancelled()
L 05/24/2017 - 21:37:15: [SM]   [15] Line 1177, D:\Documents\My Folder\Empires Custom UMC Stuff\SourceMod\Workspace\umc-core.sp::Native_UMCVoteManagerCancel()
L 05/24/2017 - 21:37:15: [SM]   [17] UMC_VoteManagerVoteCancelled
L 05/24/2017 - 21:37:15: [SM]   [18] Line 2276, D:\Documents\My Folder\Empires Custom UMC Stuff\SourceMod\Workspace\umc-core.sp::Handle_VoteMenu()
L 05/24/2017 - 21:37:20: Error log file session closed.
L 05/24/2017 - 22:01:12: SourceMod error session started
L 05/24/2017 - 22:01:12: Info (map "emp_blast_ob1") (file "errors_20170524.log")
L 05/24/2017 - 22:01:12: [SM] Exception reported: Invalid timer handle 379a02bd (error 1)
L 05/24/2017 - 22:01:12: [SM] Blaming: umc-emp-mapvote.smx()
L 05/24/2017 - 22:01:12: [SM] Call stack trace:
L 05/24/2017 - 22:01:12: [SM]   [0] KillTimer
L 05/24/2017 - 22:01:12: [SM]   [1] Line 686, D:\Documents\My Folder\Empires Custom UMC Stuff\SourceMod\Workspace\umc-emp-mapvote.sp::UMC_OnNextmapSet()
L 05/24/2017 - 22:01:12: [SM]   [3] Call_Finish
L 05/24/2017 - 22:01:12: [SM]   [4] Line 4834, D:\Documents\My Folder\Empires Custom UMC Stuff\SourceMod\Workspace\umc-core.sp::DoMapChange()
L 05/24/2017 - 22:01:12: [SM]   [5] Line 4267, D:\Documents\My Folder\Empires Custom UMC Stuff\SourceMod\Workspace\umc-core.sp::Handle_MapVoteWinner()
L 05/24/2017 - 22:01:12: [SM]   [6] Line 3819, D:\Documents\My Folder\Empires Custom UMC Stuff\SourceMod\Workspace\umc-core.sp::ProcessVoteWinner()
L 05/24/2017 - 22:01:12: [SM]   [7] Line 3795, D:\Documents\My Folder\Empires Custom UMC Stuff\SourceMod\Workspace\umc-core.sp::ProcessVoteResults()
L 05/24/2017 - 22:01:13: [SM]   [8] Line 1277, D:\Documents\My Folder\Empires Custom UMC Stuff\SourceMod\Workspace\umc-core.sp::Native_UMCVoteManagerComplete()
L 05/24/2017 - 22:01:13: [SM]   [10] UMC_VoteManagerVoteCompleted
L 05/24/2017 - 22:01:13: [SM]   [11] Line 2309, D:\Documents\My Folder\Empires Custom UMC Stuff\SourceMod\Workspace\umc-core.sp::Handle_MapVoteResults()
L 05/24/2017 - 22:01:18: Error log file session closed.
