L 08/19/2018 - 00:01:20: SourceMod error session started
L 08/19/2018 - 00:01:20: Info (map "emp_insurrection_rc4") (file "errors_20180819.log")
L 08/19/2018 - 00:01:20: [SM] Exception reported: Invalid timer handle d1ca0379 (error 1)
L 08/19/2018 - 00:01:20: [SM] Blaming: umc-emp-mapvote.smx()
L 08/19/2018 - 00:01:20: [SM] Call stack trace:
L 08/19/2018 - 00:01:20: [SM]   [0] KillTimer
L 08/19/2018 - 00:01:20: [SM]   [1] Line 686, D:\Documents\My Folder\Empires Custom UMC Stuff\SourceMod\Workspace\umc-emp-mapvote.sp::UMC_OnNextmapSet()
L 08/19/2018 - 00:01:20: [SM]   [3] Call_Finish
L 08/19/2018 - 00:01:20: [SM]   [4] Line 4834, D:\Documents\My Folder\Empires Custom UMC Stuff\SourceMod\Workspace\umc-core.sp::DoMapChange()
L 08/19/2018 - 00:01:20: [SM]   [5] Line 4267, D:\Documents\My Folder\Empires Custom UMC Stuff\SourceMod\Workspace\umc-core.sp::Handle_MapVoteWinner()
L 08/19/2018 - 00:01:20: [SM]   [6] Line 3819, D:\Documents\My Folder\Empires Custom UMC Stuff\SourceMod\Workspace\umc-core.sp::ProcessVoteWinner()
L 08/19/2018 - 00:01:20: [SM]   [7] Line 3795, D:\Documents\My Folder\Empires Custom UMC Stuff\SourceMod\Workspace\umc-core.sp::ProcessVoteResults()
L 08/19/2018 - 00:01:20: [SM]   [8] Line 1277, D:\Documents\My Folder\Empires Custom UMC Stuff\SourceMod\Workspace\umc-core.sp::Native_UMCVoteManagerComplete()
L 08/19/2018 - 00:01:20: [SM]   [10] UMC_VoteManagerVoteCompleted
L 08/19/2018 - 00:01:20: [SM]   [11] Line 2309, D:\Documents\My Folder\Empires Custom UMC Stuff\SourceMod\Workspace\umc-core.sp::Handle_MapVoteResults()
L 08/19/2018 - 00:01:25: Error log file session closed.
L 08/19/2018 - 00:01:28: SourceMod error session started
L 08/19/2018 - 00:01:28: Info (map "emp_coast") (file "errors_20180819.log")
L 08/19/2018 - 00:01:28: [SM] Exception reported: Invalid hook callback specified for game event "player_disconnect"
L 08/19/2018 - 00:01:28: [SM] Blaming: empstats.smx()
L 08/19/2018 - 00:01:28: [SM] Call stack trace:
L 08/19/2018 - 00:01:28: [SM]   [0] UnhookEvent
L 08/19/2018 - 00:01:28: [SM]   [1] Line 329, dist\addons\sourcemod\scripting\empstats.sp::Deactivate()
L 08/19/2018 - 00:01:28: [SM]   [2] Line 296, dist\addons\sourcemod\scripting\empstats.sp::CheckActivate()
L 08/19/2018 - 00:01:28: [SM]   [3] Line 1616, dist\addons\sourcemod\scripting\empstats.sp::EndMapChange()
L 08/19/2018 - 00:17:02: [SM] Exception reported: Invalid timer handle e0fc0373 (error 1)
L 08/19/2018 - 00:17:02: [SM] Blaming: umc-emp-mapvote.smx()
L 08/19/2018 - 00:17:02: [SM] Call stack trace:
L 08/19/2018 - 00:17:02: [SM]   [0] KillTimer
L 08/19/2018 - 00:17:02: [SM]   [1] Line 686, D:\Documents\My Folder\Empires Custom UMC Stuff\SourceMod\Workspace\umc-emp-mapvote.sp::UMC_OnNextmapSet()
L 08/19/2018 - 00:17:02: [SM]   [3] Call_Finish
L 08/19/2018 - 00:17:02: [SM]   [4] Line 4834, D:\Documents\My Folder\Empires Custom UMC Stuff\SourceMod\Workspace\umc-core.sp::DoMapChange()
L 08/19/2018 - 00:17:02: [SM]   [5] Line 4267, D:\Documents\My Folder\Empires Custom UMC Stuff\SourceMod\Workspace\umc-core.sp::Handle_MapVoteWinner()
L 08/19/2018 - 00:17:02: [SM]   [6] Line 3819, D:\Documents\My Folder\Empires Custom UMC Stuff\SourceMod\Workspace\umc-core.sp::ProcessVoteWinner()
L 08/19/2018 - 00:17:02: [SM]   [7] Line 3795, D:\Documents\My Folder\Empires Custom UMC Stuff\SourceMod\Workspace\umc-core.sp::ProcessVoteResults()
L 08/19/2018 - 00:17:02: [SM]   [8] Line 1277, D:\Documents\My Folder\Empires Custom UMC Stuff\SourceMod\Workspace\umc-core.sp::Native_UMCVoteManagerComplete()
L 08/19/2018 - 00:17:02: [SM]   [10] UMC_VoteManagerVoteCompleted
L 08/19/2018 - 00:17:02: [SM]   [11] Line 2309, D:\Documents\My Folder\Empires Custom UMC Stuff\SourceMod\Workspace\umc-core.sp::Handle_MapVoteResults()
L 08/19/2018 - 00:17:08: Error log file session closed.
L 08/19/2018 - 00:17:10: SourceMod error session started
L 08/19/2018 - 00:17:10: Info (map "emp_mvalley_fix") (file "errors_20180819.log")
L 08/19/2018 - 00:17:10: [SM] Exception reported: Invalid hook callback specified for game event "player_disconnect"
L 08/19/2018 - 00:17:10: [SM] Blaming: empstats.smx()
L 08/19/2018 - 00:17:10: [SM] Call stack trace:
L 08/19/2018 - 00:17:10: [SM]   [0] UnhookEvent
L 08/19/2018 - 00:17:10: [SM]   [1] Line 329, dist\addons\sourcemod\scripting\empstats.sp::Deactivate()
L 08/19/2018 - 00:17:10: [SM]   [2] Line 296, dist\addons\sourcemod\scripting\empstats.sp::CheckActivate()
L 08/19/2018 - 00:17:10: [SM]   [3] Line 1616, dist\addons\sourcemod\scripting\empstats.sp::EndMapChange()
L 08/19/2018 - 01:56:02: [SM] Exception reported: Invalid timer handle 23cc0388 (error 3)
L 08/19/2018 - 01:56:02: [SM] Blaming: umc-emp-mapvote.smx()
L 08/19/2018 - 01:56:02: [SM] Call stack trace:
L 08/19/2018 - 01:56:02: [SM]   [0] KillTimer
L 08/19/2018 - 01:56:02: [SM]   [1] Line 686, D:\Documents\My Folder\Empires Custom UMC Stuff\SourceMod\Workspace\umc-emp-mapvote.sp::UMC_OnNextmapSet()
L 08/19/2018 - 01:56:02: [SM]   [3] Call_Finish
L 08/19/2018 - 01:56:02: [SM]   [4] Line 4834, D:\Documents\My Folder\Empires Custom UMC Stuff\SourceMod\Workspace\umc-core.sp::DoMapChange()
L 08/19/2018 - 01:56:02: [SM]   [5] Line 4267, D:\Documents\My Folder\Empires Custom UMC Stuff\SourceMod\Workspace\umc-core.sp::Handle_MapVoteWinner()
L 08/19/2018 - 01:56:02: [SM]   [6] Line 3819, D:\Documents\My Folder\Empires Custom UMC Stuff\SourceMod\Workspace\umc-core.sp::ProcessVoteWinner()
L 08/19/2018 - 01:56:02: [SM]   [7] Line 3795, D:\Documents\My Folder\Empires Custom UMC Stuff\SourceMod\Workspace\umc-core.sp::ProcessVoteResults()
L 08/19/2018 - 01:56:02: [SM]   [8] Line 1277, D:\Documents\My Folder\Empires Custom UMC Stuff\SourceMod\Workspace\umc-core.sp::Native_UMCVoteManagerComplete()
L 08/19/2018 - 01:56:02: [SM]   [10] UMC_VoteManagerVoteCompleted
L 08/19/2018 - 01:56:02: [SM]   [11] Line 2309, D:\Documents\My Folder\Empires Custom UMC Stuff\SourceMod\Workspace\umc-core.sp::Handle_MapVoteResults()
L 08/19/2018 - 01:56:08: Error log file session closed.
L 08/19/2018 - 01:56:10: SourceMod error session started
L 08/19/2018 - 01:56:10: Info (map "emp_cyclopean") (file "errors_20180819.log")
L 08/19/2018 - 01:56:10: [SM] Exception reported: Invalid hook callback specified for game event "player_disconnect"
L 08/19/2018 - 01:56:10: [SM] Blaming: empstats.smx()
L 08/19/2018 - 01:56:10: [SM] Call stack trace:
L 08/19/2018 - 01:56:10: [SM]   [0] UnhookEvent
L 08/19/2018 - 01:56:10: [SM]   [1] Line 329, dist\addons\sourcemod\scripting\empstats.sp::Deactivate()
L 08/19/2018 - 01:56:10: [SM]   [2] Line 296, dist\addons\sourcemod\scripting\empstats.sp::CheckActivate()
L 08/19/2018 - 01:56:10: [SM]   [3] Line 1616, dist\addons\sourcemod\scripting\empstats.sp::EndMapChange()
L 08/19/2018 - 02:28:01: [SM] Exception reported: Invalid timer handle 3c5b03f4 (error 1)
L 08/19/2018 - 02:28:01: [SM] Blaming: umc-emp-mapvote.smx()
L 08/19/2018 - 02:28:01: [SM] Call stack trace:
L 08/19/2018 - 02:28:01: [SM]   [0] KillTimer
L 08/19/2018 - 02:28:01: [SM]   [1] Line 686, D:\Documents\My Folder\Empires Custom UMC Stuff\SourceMod\Workspace\umc-emp-mapvote.sp::UMC_OnNextmapSet()
L 08/19/2018 - 02:28:01: [SM]   [3] Call_Finish
L 08/19/2018 - 02:28:01: [SM]   [4] Line 4834, D:\Documents\My Folder\Empires Custom UMC Stuff\SourceMod\Workspace\umc-core.sp::DoMapChange()
L 08/19/2018 - 02:28:01: [SM]   [5] Line 4267, D:\Documents\My Folder\Empires Custom UMC Stuff\SourceMod\Workspace\umc-core.sp::Handle_MapVoteWinner()
L 08/19/2018 - 02:28:01: [SM]   [6] Line 3819, D:\Documents\My Folder\Empires Custom UMC Stuff\SourceMod\Workspace\umc-core.sp::ProcessVoteWinner()
L 08/19/2018 - 02:28:01: [SM]   [7] Line 3795, D:\Documents\My Folder\Empires Custom UMC Stuff\SourceMod\Workspace\umc-core.sp::ProcessVoteResults()
L 08/19/2018 - 02:28:01: [SM]   [8] Line 1277, D:\Documents\My Folder\Empires Custom UMC Stuff\SourceMod\Workspace\umc-core.sp::Native_UMCVoteManagerComplete()
L 08/19/2018 - 02:28:01: [SM]   [10] UMC_VoteManagerVoteCompleted
L 08/19/2018 - 02:28:01: [SM]   [11] Line 2309, D:\Documents\My Folder\Empires Custom UMC Stuff\SourceMod\Workspace\umc-core.sp::Handle_MapVoteResults()
L 08/19/2018 - 02:28:07: Error log file session closed.
L 08/19/2018 - 02:28:09: SourceMod error session started
L 08/19/2018 - 02:28:09: Info (map "emp_canyon") (file "errors_20180819.log")
L 08/19/2018 - 02:28:09: [SM] Exception reported: Invalid hook callback specified for game event "player_disconnect"
L 08/19/2018 - 02:28:09: [SM] Blaming: empstats.smx()
L 08/19/2018 - 02:28:09: [SM] Call stack trace:
L 08/19/2018 - 02:28:09: [SM]   [0] UnhookEvent
L 08/19/2018 - 02:28:09: [SM]   [1] Line 329, dist\addons\sourcemod\scripting\empstats.sp::Deactivate()
L 08/19/2018 - 02:28:09: [SM]   [2] Line 296, dist\addons\sourcemod\scripting\empstats.sp::CheckActivate()
L 08/19/2018 - 02:28:09: [SM]   [3] Line 1616, dist\addons\sourcemod\scripting\empstats.sp::EndMapChange()
L 08/19/2018 - 03:14:38: [SM] Exception reported: Invalid timer handle 558d039f (error 3)
L 08/19/2018 - 03:14:38: [SM] Blaming: umc-emp-mapvote.smx()
L 08/19/2018 - 03:14:38: [SM] Call stack trace:
L 08/19/2018 - 03:14:38: [SM]   [0] KillTimer
L 08/19/2018 - 03:14:38: [SM]   [1] Line 686, D:\Documents\My Folder\Empires Custom UMC Stuff\SourceMod\Workspace\umc-emp-mapvote.sp::UMC_OnNextmapSet()
L 08/19/2018 - 03:14:38: [SM]   [3] Call_Finish
L 08/19/2018 - 03:14:38: [SM]   [4] Line 4834, D:\Documents\My Folder\Empires Custom UMC Stuff\SourceMod\Workspace\umc-core.sp::DoMapChange()
L 08/19/2018 - 03:14:38: [SM]   [5] Line 4267, D:\Documents\My Folder\Empires Custom UMC Stuff\SourceMod\Workspace\umc-core.sp::Handle_MapVoteWinner()
L 08/19/2018 - 03:14:38: [SM]   [6] Line 3819, D:\Documents\My Folder\Empires Custom UMC Stuff\SourceMod\Workspace\umc-core.sp::ProcessVoteWinner()
L 08/19/2018 - 03:14:38: [SM]   [7] Line 3795, D:\Documents\My Folder\Empires Custom UMC Stuff\SourceMod\Workspace\umc-core.sp::ProcessVoteResults()
L 08/19/2018 - 03:14:38: [SM]   [8] Line 1277, D:\Documents\My Folder\Empires Custom UMC Stuff\SourceMod\Workspace\umc-core.sp::Native_UMCVoteManagerComplete()
L 08/19/2018 - 03:14:38: [SM]   [10] UMC_VoteManagerVoteCompleted
L 08/19/2018 - 03:14:38: [SM]   [11] Line 2309, D:\Documents\My Folder\Empires Custom UMC Stuff\SourceMod\Workspace\umc-core.sp::Handle_MapVoteResults()
L 08/19/2018 - 03:14:44: Error log file session closed.
L 08/19/2018 - 03:14:46: SourceMod error session started
L 08/19/2018 - 03:14:46: Info (map "emp_homeland_b9_hce") (file "errors_20180819.log")
L 08/19/2018 - 03:14:46: [SM] Exception reported: Invalid hook callback specified for game event "player_disconnect"
L 08/19/2018 - 03:14:46: [SM] Blaming: empstats.smx()
L 08/19/2018 - 03:14:46: [SM] Call stack trace:
L 08/19/2018 - 03:14:46: [SM]   [0] UnhookEvent
L 08/19/2018 - 03:14:46: [SM]   [1] Line 329, dist\addons\sourcemod\scripting\empstats.sp::Deactivate()
L 08/19/2018 - 03:14:46: [SM]   [2] Line 296, dist\addons\sourcemod\scripting\empstats.sp::CheckActivate()
L 08/19/2018 - 03:14:46: [SM]   [3] Line 1616, dist\addons\sourcemod\scripting\empstats.sp::EndMapChange()
L 08/19/2018 - 03:14:49: [SM] Exception reported: Invalid hook callback specified for game event "player_disconnect"
L 08/19/2018 - 03:14:49: [SM] Blaming: empstats.smx()
L 08/19/2018 - 03:14:49: [SM] Call stack trace:
L 08/19/2018 - 03:14:49: [SM]   [0] UnhookEvent
L 08/19/2018 - 03:14:49: [SM]   [1] Line 329, dist\addons\sourcemod\scripting\empstats.sp::Deactivate()
L 08/19/2018 - 03:14:49: [SM]   [2] Line 296, dist\addons\sourcemod\scripting\empstats.sp::CheckActivate()
L 08/19/2018 - 03:14:49: [SM]   [3] Line 688, dist\addons\sourcemod\scripting\empstats.sp::OnClientPostAdminCheck()
L 08/19/2018 - 03:14:49: [SM]   [5] NotifyPostAdminCheck
L 08/19/2018 - 03:14:49: [SM]   [6] Line 2559, .\sbpp_main.sp::CheckLoadAdmins()
L 08/19/2018 - 03:14:49: [SM]   [7] Line 1831, .\sbpp_main.sp::AdminsDone()
L 08/19/2018 - 03:14:50: [SM] Exception reported: Invalid hook callback specified for game event "player_disconnect"
L 08/19/2018 - 03:14:50: [SM] Blaming: empstats.smx()
L 08/19/2018 - 03:14:50: [SM] Call stack trace:
L 08/19/2018 - 03:14:50: [SM]   [0] UnhookEvent
L 08/19/2018 - 03:14:50: [SM]   [1] Line 329, dist\addons\sourcemod\scripting\empstats.sp::Deactivate()
L 08/19/2018 - 03:14:50: [SM]   [2] Line 296, dist\addons\sourcemod\scripting\empstats.sp::CheckActivate()
L 08/19/2018 - 03:14:50: [SM]   [3] Line 688, dist\addons\sourcemod\scripting\empstats.sp::OnClientPostAdminCheck()
L 08/19/2018 - 03:14:52: [SM] Exception reported: Invalid hook callback specified for game event "player_disconnect"
L 08/19/2018 - 03:14:52: [SM] Blaming: empstats.smx()
L 08/19/2018 - 03:14:52: [SM] Call stack trace:
L 08/19/2018 - 03:14:52: [SM]   [0] UnhookEvent
L 08/19/2018 - 03:14:52: [SM]   [1] Line 329, dist\addons\sourcemod\scripting\empstats.sp::Deactivate()
L 08/19/2018 - 03:14:52: [SM]   [2] Line 296, dist\addons\sourcemod\scripting\empstats.sp::CheckActivate()
L 08/19/2018 - 03:14:52: [SM]   [3] Line 688, dist\addons\sourcemod\scripting\empstats.sp::OnClientPostAdminCheck()
L 08/19/2018 - 03:55:26: [SM] Exception reported: Invalid timer handle 66c00404 (error 1)
L 08/19/2018 - 03:55:26: [SM] Blaming: umc-emp-mapvote.smx()
L 08/19/2018 - 03:55:26: [SM] Call stack trace:
L 08/19/2018 - 03:55:26: [SM]   [0] KillTimer
L 08/19/2018 - 03:55:26: [SM]   [1] Line 686, D:\Documents\My Folder\Empires Custom UMC Stuff\SourceMod\Workspace\umc-emp-mapvote.sp::UMC_OnNextmapSet()
L 08/19/2018 - 03:55:26: [SM]   [3] Call_Finish
L 08/19/2018 - 03:55:26: [SM]   [4] Line 4834, D:\Documents\My Folder\Empires Custom UMC Stuff\SourceMod\Workspace\umc-core.sp::DoMapChange()
L 08/19/2018 - 03:55:26: [SM]   [5] Line 4267, D:\Documents\My Folder\Empires Custom UMC Stuff\SourceMod\Workspace\umc-core.sp::Handle_MapVoteWinner()
L 08/19/2018 - 03:55:26: [SM]   [6] Line 3819, D:\Documents\My Folder\Empires Custom UMC Stuff\SourceMod\Workspace\umc-core.sp::ProcessVoteWinner()
L 08/19/2018 - 03:55:26: [SM]   [7] Line 3795, D:\Documents\My Folder\Empires Custom UMC Stuff\SourceMod\Workspace\umc-core.sp::ProcessVoteResults()
L 08/19/2018 - 03:55:26: [SM]   [8] Line 1277, D:\Documents\My Folder\Empires Custom UMC Stuff\SourceMod\Workspace\umc-core.sp::Native_UMCVoteManagerComplete()
L 08/19/2018 - 03:55:26: [SM]   [10] UMC_VoteManagerVoteCompleted
L 08/19/2018 - 03:55:26: [SM]   [11] Line 2309, D:\Documents\My Folder\Empires Custom UMC Stuff\SourceMod\Workspace\umc-core.sp::Handle_MapVoteResults()
L 08/19/2018 - 03:55:33: Error log file session closed.
L 08/19/2018 - 03:55:35: SourceMod error session started
L 08/19/2018 - 03:55:35: Info (map "con_glycencity") (file "errors_20180819.log")
L 08/19/2018 - 03:55:35: [SM] Exception reported: Invalid hook callback specified for game event "player_disconnect"
L 08/19/2018 - 03:55:35: [SM] Blaming: empstats.smx()
L 08/19/2018 - 03:55:35: [SM] Call stack trace:
L 08/19/2018 - 03:55:35: [SM]   [0] UnhookEvent
L 08/19/2018 - 03:55:35: [SM]   [1] Line 329, dist\addons\sourcemod\scripting\empstats.sp::Deactivate()
L 08/19/2018 - 03:55:35: [SM]   [2] Line 296, dist\addons\sourcemod\scripting\empstats.sp::CheckActivate()
L 08/19/2018 - 03:55:35: [SM]   [3] Line 1616, dist\addons\sourcemod\scripting\empstats.sp::EndMapChange()
L 08/19/2018 - 03:55:36: [SM] Exception reported: Invalid hook callback specified for game event "player_disconnect"
L 08/19/2018 - 03:55:36: [SM] Blaming: empstats.smx()
L 08/19/2018 - 03:55:36: [SM] Call stack trace:
L 08/19/2018 - 03:55:36: [SM]   [0] UnhookEvent
L 08/19/2018 - 03:55:36: [SM]   [1] Line 329, dist\addons\sourcemod\scripting\empstats.sp::Deactivate()
L 08/19/2018 - 03:55:36: [SM]   [2] Line 296, dist\addons\sourcemod\scripting\empstats.sp::CheckActivate()
L 08/19/2018 - 03:55:36: [SM]   [3] Line 688, dist\addons\sourcemod\scripting\empstats.sp::OnClientPostAdminCheck()
L 08/19/2018 - 03:55:37: [SM] Exception reported: Invalid hook callback specified for game event "player_disconnect"
L 08/19/2018 - 03:55:37: [SM] Blaming: empstats.smx()
L 08/19/2018 - 03:55:37: [SM] Call stack trace:
L 08/19/2018 - 03:55:37: [SM]   [0] UnhookEvent
L 08/19/2018 - 03:55:37: [SM]   [1] Line 329, dist\addons\sourcemod\scripting\empstats.sp::Deactivate()
L 08/19/2018 - 03:55:37: [SM]   [2] Line 296, dist\addons\sourcemod\scripting\empstats.sp::CheckActivate()
L 08/19/2018 - 03:55:37: [SM]   [3] Line 688, dist\addons\sourcemod\scripting\empstats.sp::OnClientPostAdminCheck()
L 08/19/2018 - 04:22:55: [SM] Exception reported: Invalid timer handle 70300352 (error 1)
L 08/19/2018 - 04:22:55: [SM] Blaming: umc-emp-mapvote.smx()
L 08/19/2018 - 04:22:55: [SM] Call stack trace:
L 08/19/2018 - 04:22:55: [SM]   [0] KillTimer
L 08/19/2018 - 04:22:55: [SM]   [1] Line 686, D:\Documents\My Folder\Empires Custom UMC Stuff\SourceMod\Workspace\umc-emp-mapvote.sp::UMC_OnNextmapSet()
L 08/19/2018 - 04:22:55: [SM]   [3] Call_Finish
L 08/19/2018 - 04:22:55: [SM]   [4] Line 4834, D:\Documents\My Folder\Empires Custom UMC Stuff\SourceMod\Workspace\umc-core.sp::DoMapChange()
L 08/19/2018 - 04:22:55: [SM]   [5] Line 4267, D:\Documents\My Folder\Empires Custom UMC Stuff\SourceMod\Workspace\umc-core.sp::Handle_MapVoteWinner()
L 08/19/2018 - 04:22:55: [SM]   [6] Line 3819, D:\Documents\My Folder\Empires Custom UMC Stuff\SourceMod\Workspace\umc-core.sp::ProcessVoteWinner()
L 08/19/2018 - 04:22:55: [SM]   [7] Line 3795, D:\Documents\My Folder\Empires Custom UMC Stuff\SourceMod\Workspace\umc-core.sp::ProcessVoteResults()
L 08/19/2018 - 04:22:55: [SM]   [8] Line 1277, D:\Documents\My Folder\Empires Custom UMC Stuff\SourceMod\Workspace\umc-core.sp::Native_UMCVoteManagerComplete()
L 08/19/2018 - 04:22:55: [SM]   [10] UMC_VoteManagerVoteCompleted
L 08/19/2018 - 04:22:55: [SM]   [11] Line 2309, D:\Documents\My Folder\Empires Custom UMC Stuff\SourceMod\Workspace\umc-core.sp::Handle_MapVoteResults()
L 08/19/2018 - 04:23:01: Error log file session closed.
L 08/19/2018 - 04:23:03: SourceMod error session started
L 08/19/2018 - 04:23:03: Info (map "con_district402") (file "errors_20180819.log")
L 08/19/2018 - 04:23:03: [SM] Exception reported: Invalid hook callback specified for game event "player_disconnect"
L 08/19/2018 - 04:23:03: [SM] Blaming: empstats.smx()
L 08/19/2018 - 04:23:03: [SM] Call stack trace:
L 08/19/2018 - 04:23:03: [SM]   [0] UnhookEvent
L 08/19/2018 - 04:23:03: [SM]   [1] Line 329, dist\addons\sourcemod\scripting\empstats.sp::Deactivate()
L 08/19/2018 - 04:23:03: [SM]   [2] Line 296, dist\addons\sourcemod\scripting\empstats.sp::CheckActivate()
L 08/19/2018 - 04:23:03: [SM]   [3] Line 1616, dist\addons\sourcemod\scripting\empstats.sp::EndMapChange()
L 08/19/2018 - 04:23:06: [SM] Exception reported: Invalid hook callback specified for game event "player_disconnect"
L 08/19/2018 - 04:23:06: [SM] Blaming: empstats.smx()
L 08/19/2018 - 04:23:06: [SM] Call stack trace:
L 08/19/2018 - 04:23:06: [SM]   [0] UnhookEvent
L 08/19/2018 - 04:23:06: [SM]   [1] Line 329, dist\addons\sourcemod\scripting\empstats.sp::Deactivate()
L 08/19/2018 - 04:23:06: [SM]   [2] Line 296, dist\addons\sourcemod\scripting\empstats.sp::CheckActivate()
L 08/19/2018 - 04:23:06: [SM]   [3] Line 688, dist\addons\sourcemod\scripting\empstats.sp::OnClientPostAdminCheck()
L 08/19/2018 - 04:23:08: [SM] Exception reported: Invalid hook callback specified for game event "player_disconnect"
L 08/19/2018 - 04:23:08: [SM] Blaming: empstats.smx()
L 08/19/2018 - 04:23:08: [SM] Call stack trace:
L 08/19/2018 - 04:23:08: [SM]   [0] UnhookEvent
L 08/19/2018 - 04:23:08: [SM]   [1] Line 329, dist\addons\sourcemod\scripting\empstats.sp::Deactivate()
L 08/19/2018 - 04:23:08: [SM]   [2] Line 296, dist\addons\sourcemod\scripting\empstats.sp::CheckActivate()
L 08/19/2018 - 04:23:08: [SM]   [3] Line 688, dist\addons\sourcemod\scripting\empstats.sp::OnClientPostAdminCheck()
L 08/19/2018 - 04:56:20: [SM] Exception reported: Invalid timer handle 771d03cf (error 1)
L 08/19/2018 - 04:56:20: [SM] Blaming: umc-emp-mapvote.smx()
L 08/19/2018 - 04:56:20: [SM] Call stack trace:
L 08/19/2018 - 04:56:20: [SM]   [0] KillTimer
L 08/19/2018 - 04:56:20: [SM]   [1] Line 686, D:\Documents\My Folder\Empires Custom UMC Stuff\SourceMod\Workspace\umc-emp-mapvote.sp::UMC_OnNextmapSet()
L 08/19/2018 - 04:56:20: [SM]   [3] Call_Finish
L 08/19/2018 - 04:56:20: [SM]   [4] Line 4834, D:\Documents\My Folder\Empires Custom UMC Stuff\SourceMod\Workspace\umc-core.sp::DoMapChange()
L 08/19/2018 - 04:56:20: [SM]   [5] Line 1767, D:\Documents\My Folder\Empires Custom UMC Stuff\SourceMod\Workspace\umc-core.sp::Native_UMCSetNextMap()
L 08/19/2018 - 04:56:20: [SM]   [7] UMC_SetNextMap
L 08/19/2018 - 04:56:20: [SM]   [8] Line 621, D:\Documents\My Folder\Empires Custom UMC Stuff\SourceMod\Workspace\umc-emp-mapvote.sp::DoRandomNextMap()
L 08/19/2018 - 04:56:20: [SM]   [9] Line 606, D:\Documents\My Folder\Empires Custom UMC Stuff\SourceMod\Workspace\umc-emp-mapvote.sp::DoMapChangeFailSafe()
L 08/19/2018 - 04:56:20: [SM]   [10] Line 722, D:\Documents\My Folder\Empires Custom UMC Stuff\SourceMod\Workspace\umc-emp-mapvote.sp::UMC_OnVoteFailed()
L 08/19/2018 - 04:56:20: [SM]   [12] Call_Finish
L 08/19/2018 - 04:56:20: [SM]   [13] Line 4796, D:\Documents\My Folder\Empires Custom UMC Stuff\SourceMod\Workspace\umc-core.sp::VoteFailed()
L 08/19/2018 - 04:56:20: [SM]   [14] Line 3507, D:\Documents\My Folder\Empires Custom UMC Stuff\SourceMod\Workspace\umc-core.sp::VoteCancelled()
L 08/19/2018 - 04:56:20: [SM]   [15] Line 1177, D:\Documents\My Folder\Empires Custom UMC Stuff\SourceMod\Workspace\umc-core.sp::Native_UMCVoteManagerCancel()
L 08/19/2018 - 04:56:20: [SM]   [17] UMC_VoteManagerVoteCancelled
L 08/19/2018 - 04:56:20: [SM]   [18] Line 2276, D:\Documents\My Folder\Empires Custom UMC Stuff\SourceMod\Workspace\umc-core.sp::Handle_VoteMenu()
L 08/19/2018 - 04:56:26: Error log file session closed.
L 08/19/2018 - 04:56:29: SourceMod error session started
L 08/19/2018 - 04:56:29: Info (map "emp_crossroads_towerless_hce") (file "errors_20180819.log")
L 08/19/2018 - 04:56:29: [SM] Exception reported: Invalid hook callback specified for game event "player_disconnect"
L 08/19/2018 - 04:56:29: [SM] Blaming: empstats.smx()
L 08/19/2018 - 04:56:29: [SM] Call stack trace:
L 08/19/2018 - 04:56:29: [SM]   [0] UnhookEvent
L 08/19/2018 - 04:56:29: [SM]   [1] Line 329, dist\addons\sourcemod\scripting\empstats.sp::Deactivate()
L 08/19/2018 - 04:56:29: [SM]   [2] Line 296, dist\addons\sourcemod\scripting\empstats.sp::CheckActivate()
L 08/19/2018 - 04:56:29: [SM]   [3] Line 1616, dist\addons\sourcemod\scripting\empstats.sp::EndMapChange()
L 08/19/2018 - 04:56:33: [SM] Exception reported: Invalid hook callback specified for game event "player_disconnect"
L 08/19/2018 - 04:56:33: [SM] Blaming: empstats.smx()
L 08/19/2018 - 04:56:33: [SM] Call stack trace:
L 08/19/2018 - 04:56:33: [SM]   [0] UnhookEvent
L 08/19/2018 - 04:56:33: [SM]   [1] Line 329, dist\addons\sourcemod\scripting\empstats.sp::Deactivate()
L 08/19/2018 - 04:56:33: [SM]   [2] Line 296, dist\addons\sourcemod\scripting\empstats.sp::CheckActivate()
L 08/19/2018 - 04:56:33: [SM]   [3] Line 688, dist\addons\sourcemod\scripting\empstats.sp::OnClientPostAdminCheck()
L 08/19/2018 - 04:56:47: [SM] Exception reported: Invalid hook callback specified for game event "player_disconnect"
L 08/19/2018 - 04:56:47: [SM] Blaming: empstats.smx()
L 08/19/2018 - 04:56:47: [SM] Call stack trace:
L 08/19/2018 - 04:56:47: [SM]   [0] UnhookEvent
L 08/19/2018 - 04:56:47: [SM]   [1] Line 329, dist\addons\sourcemod\scripting\empstats.sp::Deactivate()
L 08/19/2018 - 04:56:47: [SM]   [2] Line 296, dist\addons\sourcemod\scripting\empstats.sp::CheckActivate()
L 08/19/2018 - 04:56:47: [SM]   [3] Line 1022, dist\addons\sourcemod\scripting\empstats.sp::OnClientDisconnect_Post()
L 08/19/2018 - 04:58:37: [SM] Exception reported: Invalid hook callback specified for game event "player_disconnect"
L 08/19/2018 - 04:58:37: [SM] Blaming: empstats.smx()
L 08/19/2018 - 04:58:37: [SM] Call stack trace:
L 08/19/2018 - 04:58:37: [SM]   [0] UnhookEvent
L 08/19/2018 - 04:58:37: [SM]   [1] Line 329, dist\addons\sourcemod\scripting\empstats.sp::Deactivate()
L 08/19/2018 - 04:58:37: [SM]   [2] Line 296, dist\addons\sourcemod\scripting\empstats.sp::CheckActivate()
L 08/19/2018 - 04:58:37: [SM]   [3] Line 688, dist\addons\sourcemod\scripting\empstats.sp::OnClientPostAdminCheck()
L 08/19/2018 - 11:13:28: [SM] Exception reported: Invalid hook callback specified for game event "player_disconnect"
L 08/19/2018 - 11:13:28: [SM] Blaming: empstats.smx()
L 08/19/2018 - 11:13:28: [SM] Call stack trace:
L 08/19/2018 - 11:13:28: [SM]   [0] UnhookEvent
L 08/19/2018 - 11:13:28: [SM]   [1] Line 329, dist\addons\sourcemod\scripting\empstats.sp::Deactivate()
L 08/19/2018 - 11:13:28: [SM]   [2] Line 296, dist\addons\sourcemod\scripting\empstats.sp::CheckActivate()
L 08/19/2018 - 11:13:28: [SM]   [3] Line 688, dist\addons\sourcemod\scripting\empstats.sp::OnClientPostAdminCheck()
L 08/19/2018 - 11:16:38: [SM] Exception reported: Invalid timer handle 832f030d (error 1)
L 08/19/2018 - 11:16:38: [SM] Blaming: umc-emp-mapvote.smx()
L 08/19/2018 - 11:16:38: [SM] Call stack trace:
L 08/19/2018 - 11:16:38: [SM]   [0] KillTimer
L 08/19/2018 - 11:16:38: [SM]   [1] Line 686, D:\Documents\My Folder\Empires Custom UMC Stuff\SourceMod\Workspace\umc-emp-mapvote.sp::UMC_OnNextmapSet()
L 08/19/2018 - 11:16:38: [SM]   [3] Call_Finish
L 08/19/2018 - 11:16:38: [SM]   [4] Line 4834, D:\Documents\My Folder\Empires Custom UMC Stuff\SourceMod\Workspace\umc-core.sp::DoMapChange()
L 08/19/2018 - 11:16:38: [SM]   [5] Line 4267, D:\Documents\My Folder\Empires Custom UMC Stuff\SourceMod\Workspace\umc-core.sp::Handle_MapVoteWinner()
L 08/19/2018 - 11:16:38: [SM]   [6] Line 3819, D:\Documents\My Folder\Empires Custom UMC Stuff\SourceMod\Workspace\umc-core.sp::ProcessVoteWinner()
L 08/19/2018 - 11:16:38: [SM]   [7] Line 3795, D:\Documents\My Folder\Empires Custom UMC Stuff\SourceMod\Workspace\umc-core.sp::ProcessVoteResults()
L 08/19/2018 - 11:16:38: [SM]   [8] Line 1277, D:\Documents\My Folder\Empires Custom UMC Stuff\SourceMod\Workspace\umc-core.sp::Native_UMCVoteManagerComplete()
L 08/19/2018 - 11:16:38: [SM]   [10] UMC_VoteManagerVoteCompleted
L 08/19/2018 - 11:16:38: [SM]   [11] Line 2309, D:\Documents\My Folder\Empires Custom UMC Stuff\SourceMod\Workspace\umc-core.sp::Handle_MapVoteResults()
L 08/19/2018 - 11:16:43: Error log file session closed.
L 08/19/2018 - 11:16:45: SourceMod error session started
L 08/19/2018 - 11:16:45: Info (map "con_blast_ob2") (file "errors_20180819.log")
L 08/19/2018 - 11:16:45: [SM] Exception reported: Invalid hook callback specified for game event "player_disconnect"
L 08/19/2018 - 11:16:45: [SM] Blaming: empstats.smx()
L 08/19/2018 - 11:16:45: [SM] Call stack trace:
L 08/19/2018 - 11:16:45: [SM]   [0] UnhookEvent
L 08/19/2018 - 11:16:45: [SM]   [1] Line 329, dist\addons\sourcemod\scripting\empstats.sp::Deactivate()
L 08/19/2018 - 11:16:45: [SM]   [2] Line 296, dist\addons\sourcemod\scripting\empstats.sp::CheckActivate()
L 08/19/2018 - 11:16:45: [SM]   [3] Line 1616, dist\addons\sourcemod\scripting\empstats.sp::EndMapChange()
L 08/19/2018 - 16:30:31: [SM] Exception reported: Invalid hook callback specified for game event "player_disconnect"
L 08/19/2018 - 16:30:31: [SM] Blaming: empstats.smx()
L 08/19/2018 - 16:30:31: [SM] Call stack trace:
L 08/19/2018 - 16:30:31: [SM]   [0] UnhookEvent
L 08/19/2018 - 16:30:31: [SM]   [1] Line 329, dist\addons\sourcemod\scripting\empstats.sp::Deactivate()
L 08/19/2018 - 16:30:31: [SM]   [2] Line 296, dist\addons\sourcemod\scripting\empstats.sp::CheckActivate()
L 08/19/2018 - 16:30:31: [SM]   [3] Line 688, dist\addons\sourcemod\scripting\empstats.sp::OnClientPostAdminCheck()
L 08/19/2018 - 16:30:46: [SM] Exception reported: Invalid timer handle 832f030d (error 1)
L 08/19/2018 - 16:30:46: [SM] Blaming: umc-emp-mapvote.smx()
L 08/19/2018 - 16:30:46: [SM] Call stack trace:
L 08/19/2018 - 16:30:46: [SM]   [0] KillTimer
L 08/19/2018 - 16:30:46: [SM]   [1] Line 686, D:\Documents\My Folder\Empires Custom UMC Stuff\SourceMod\Workspace\umc-emp-mapvote.sp::UMC_OnNextmapSet()
L 08/19/2018 - 16:30:46: [SM]   [3] Call_Finish
L 08/19/2018 - 16:30:46: [SM]   [4] Line 4834, D:\Documents\My Folder\Empires Custom UMC Stuff\SourceMod\Workspace\umc-core.sp::DoMapChange()
L 08/19/2018 - 16:30:46: [SM]   [5] Line 4267, D:\Documents\My Folder\Empires Custom UMC Stuff\SourceMod\Workspace\umc-core.sp::Handle_MapVoteWinner()
L 08/19/2018 - 16:30:46: [SM]   [6] Line 3819, D:\Documents\My Folder\Empires Custom UMC Stuff\SourceMod\Workspace\umc-core.sp::ProcessVoteWinner()
L 08/19/2018 - 16:30:46: [SM]   [7] Line 3795, D:\Documents\My Folder\Empires Custom UMC Stuff\SourceMod\Workspace\umc-core.sp::ProcessVoteResults()
L 08/19/2018 - 16:30:46: [SM]   [8] Line 1277, D:\Documents\My Folder\Empires Custom UMC Stuff\SourceMod\Workspace\umc-core.sp::Native_UMCVoteManagerComplete()
L 08/19/2018 - 16:30:46: [SM]   [10] UMC_VoteManagerVoteCompleted
L 08/19/2018 - 16:30:46: [SM]   [11] Line 2309, D:\Documents\My Folder\Empires Custom UMC Stuff\SourceMod\Workspace\umc-core.sp::Handle_MapVoteResults()
L 08/19/2018 - 16:30:52: Error log file session closed.
L 08/19/2018 - 16:30:54: SourceMod error session started
L 08/19/2018 - 16:30:54: Info (map "emp_downfall_hce") (file "errors_20180819.log")
L 08/19/2018 - 16:30:54: [SM] Exception reported: Invalid hook callback specified for game event "player_disconnect"
L 08/19/2018 - 16:30:54: [SM] Blaming: empstats.smx()
L 08/19/2018 - 16:30:54: [SM] Call stack trace:
L 08/19/2018 - 16:30:54: [SM]   [0] UnhookEvent
L 08/19/2018 - 16:30:54: [SM]   [1] Line 329, dist\addons\sourcemod\scripting\empstats.sp::Deactivate()
L 08/19/2018 - 16:30:54: [SM]   [2] Line 296, dist\addons\sourcemod\scripting\empstats.sp::CheckActivate()
L 08/19/2018 - 16:30:54: [SM]   [3] Line 1616, dist\addons\sourcemod\scripting\empstats.sp::EndMapChange()
L 08/19/2018 - 16:31:16: [SM] Exception reported: Invalid hook callback specified for game event "player_disconnect"
L 08/19/2018 - 16:31:16: [SM] Blaming: empstats.smx()
L 08/19/2018 - 16:31:16: [SM] Call stack trace:
L 08/19/2018 - 16:31:16: [SM]   [0] UnhookEvent
L 08/19/2018 - 16:31:16: [SM]   [1] Line 329, dist\addons\sourcemod\scripting\empstats.sp::Deactivate()
L 08/19/2018 - 16:31:16: [SM]   [2] Line 296, dist\addons\sourcemod\scripting\empstats.sp::CheckActivate()
L 08/19/2018 - 16:31:16: [SM]   [3] Line 688, dist\addons\sourcemod\scripting\empstats.sp::OnClientPostAdminCheck()
L 08/19/2018 - 16:31:49: [SM] Exception reported: Invalid hook callback specified for game event "player_disconnect"
L 08/19/2018 - 16:31:49: [SM] Blaming: empstats.smx()
L 08/19/2018 - 16:31:49: [SM] Call stack trace:
L 08/19/2018 - 16:31:49: [SM]   [0] UnhookEvent
L 08/19/2018 - 16:31:49: [SM]   [1] Line 329, dist\addons\sourcemod\scripting\empstats.sp::Deactivate()
L 08/19/2018 - 16:31:49: [SM]   [2] Line 296, dist\addons\sourcemod\scripting\empstats.sp::CheckActivate()
L 08/19/2018 - 16:31:49: [SM]   [3] Line 1022, dist\addons\sourcemod\scripting\empstats.sp::OnClientDisconnect_Post()
L 08/19/2018 - 17:05:56: [SM] Exception reported: Invalid hook callback specified for game event "player_disconnect"
L 08/19/2018 - 17:05:56: [SM] Blaming: empstats.smx()
L 08/19/2018 - 17:05:56: [SM] Call stack trace:
L 08/19/2018 - 17:05:56: [SM]   [0] UnhookEvent
L 08/19/2018 - 17:05:56: [SM]   [1] Line 329, dist\addons\sourcemod\scripting\empstats.sp::Deactivate()
L 08/19/2018 - 17:05:56: [SM]   [2] Line 296, dist\addons\sourcemod\scripting\empstats.sp::CheckActivate()
L 08/19/2018 - 17:05:56: [SM]   [3] Line 688, dist\addons\sourcemod\scripting\empstats.sp::OnClientPostAdminCheck()
L 08/19/2018 - 18:48:09: [SM] Exception reported: Invalid timer handle 996802fd (error 1)
L 08/19/2018 - 18:48:09: [SM] Blaming: umc-emp-mapvote.smx()
L 08/19/2018 - 18:48:09: [SM] Call stack trace:
L 08/19/2018 - 18:48:09: [SM]   [0] KillTimer
L 08/19/2018 - 18:48:09: [SM]   [1] Line 686, D:\Documents\My Folder\Empires Custom UMC Stuff\SourceMod\Workspace\umc-emp-mapvote.sp::UMC_OnNextmapSet()
L 08/19/2018 - 18:48:09: [SM]   [3] Call_Finish
L 08/19/2018 - 18:48:09: [SM]   [4] Line 4834, D:\Documents\My Folder\Empires Custom UMC Stuff\SourceMod\Workspace\umc-core.sp::DoMapChange()
L 08/19/2018 - 18:48:09: [SM]   [5] Line 4267, D:\Documents\My Folder\Empires Custom UMC Stuff\SourceMod\Workspace\umc-core.sp::Handle_MapVoteWinner()
L 08/19/2018 - 18:48:09: [SM]   [6] Line 3819, D:\Documents\My Folder\Empires Custom UMC Stuff\SourceMod\Workspace\umc-core.sp::ProcessVoteWinner()
L 08/19/2018 - 18:48:09: [SM]   [7] Line 3795, D:\Documents\My Folder\Empires Custom UMC Stuff\SourceMod\Workspace\umc-core.sp::ProcessVoteResults()
L 08/19/2018 - 18:48:09: [SM]   [8] Line 1277, D:\Documents\My Folder\Empires Custom UMC Stuff\SourceMod\Workspace\umc-core.sp::Native_UMCVoteManagerComplete()
L 08/19/2018 - 18:48:09: [SM]   [10] UMC_VoteManagerVoteCompleted
L 08/19/2018 - 18:48:09: [SM]   [11] Line 2309, D:\Documents\My Folder\Empires Custom UMC Stuff\SourceMod\Workspace\umc-core.sp::Handle_MapVoteResults()
L 08/19/2018 - 18:48:15: Error log file session closed.
L 08/19/2018 - 18:48:17: SourceMod error session started
L 08/19/2018 - 18:48:17: Info (map "emp_drygulch_a7") (file "errors_20180819.log")
L 08/19/2018 - 18:48:17: [SM] Exception reported: Invalid hook callback specified for game event "player_disconnect"
L 08/19/2018 - 18:48:17: [SM] Blaming: empstats.smx()
L 08/19/2018 - 18:48:17: [SM] Call stack trace:
L 08/19/2018 - 18:48:17: [SM]   [0] UnhookEvent
L 08/19/2018 - 18:48:17: [SM]   [1] Line 329, dist\addons\sourcemod\scripting\empstats.sp::Deactivate()
L 08/19/2018 - 18:48:17: [SM]   [2] Line 296, dist\addons\sourcemod\scripting\empstats.sp::CheckActivate()
L 08/19/2018 - 18:48:17: [SM]   [3] Line 1616, dist\addons\sourcemod\scripting\empstats.sp::EndMapChange()
L 08/19/2018 - 18:48:18: [SM] Exception reported: Invalid hook callback specified for game event "player_disconnect"
L 08/19/2018 - 18:48:18: [SM] Blaming: empstats.smx()
L 08/19/2018 - 18:48:18: [SM] Call stack trace:
L 08/19/2018 - 18:48:18: [SM]   [0] UnhookEvent
L 08/19/2018 - 18:48:18: [SM]   [1] Line 329, dist\addons\sourcemod\scripting\empstats.sp::Deactivate()
L 08/19/2018 - 18:48:18: [SM]   [2] Line 296, dist\addons\sourcemod\scripting\empstats.sp::CheckActivate()
L 08/19/2018 - 18:48:18: [SM]   [3] Line 688, dist\addons\sourcemod\scripting\empstats.sp::OnClientPostAdminCheck()
L 08/19/2018 - 18:48:19: [SM] Exception reported: Invalid hook callback specified for game event "player_disconnect"
L 08/19/2018 - 18:48:19: [SM] Blaming: empstats.smx()
L 08/19/2018 - 18:48:19: [SM] Call stack trace:
L 08/19/2018 - 18:48:19: [SM]   [0] UnhookEvent
L 08/19/2018 - 18:48:19: [SM]   [1] Line 329, dist\addons\sourcemod\scripting\empstats.sp::Deactivate()
L 08/19/2018 - 18:48:19: [SM]   [2] Line 296, dist\addons\sourcemod\scripting\empstats.sp::CheckActivate()
L 08/19/2018 - 18:48:19: [SM]   [3] Line 688, dist\addons\sourcemod\scripting\empstats.sp::OnClientPostAdminCheck()
L 08/19/2018 - 18:48:21: [SM] Exception reported: Invalid hook callback specified for game event "player_disconnect"
L 08/19/2018 - 18:48:21: [SM] Blaming: empstats.smx()
L 08/19/2018 - 18:48:21: [SM] Call stack trace:
L 08/19/2018 - 18:48:21: [SM]   [0] UnhookEvent
L 08/19/2018 - 18:48:21: [SM]   [1] Line 329, dist\addons\sourcemod\scripting\empstats.sp::Deactivate()
L 08/19/2018 - 18:48:21: [SM]   [2] Line 296, dist\addons\sourcemod\scripting\empstats.sp::CheckActivate()
L 08/19/2018 - 18:48:21: [SM]   [3] Line 1022, dist\addons\sourcemod\scripting\empstats.sp::OnClientDisconnect_Post()
L 08/19/2018 - 20:04:39: [SM] Exception reported: Invalid timer handle acf60381 (error 1)
L 08/19/2018 - 20:04:39: [SM] Blaming: umc-emp-mapvote.smx()
L 08/19/2018 - 20:04:39: [SM] Call stack trace:
L 08/19/2018 - 20:04:39: [SM]   [0] KillTimer
L 08/19/2018 - 20:04:39: [SM]   [1] Line 686, D:\Documents\My Folder\Empires Custom UMC Stuff\SourceMod\Workspace\umc-emp-mapvote.sp::UMC_OnNextmapSet()
L 08/19/2018 - 20:04:39: [SM]   [3] Call_Finish
L 08/19/2018 - 20:04:39: [SM]   [4] Line 4834, D:\Documents\My Folder\Empires Custom UMC Stuff\SourceMod\Workspace\umc-core.sp::DoMapChange()
L 08/19/2018 - 20:04:39: [SM]   [5] Line 4267, D:\Documents\My Folder\Empires Custom UMC Stuff\SourceMod\Workspace\umc-core.sp::Handle_MapVoteWinner()
L 08/19/2018 - 20:04:39: [SM]   [6] Line 3819, D:\Documents\My Folder\Empires Custom UMC Stuff\SourceMod\Workspace\umc-core.sp::ProcessVoteWinner()
L 08/19/2018 - 20:04:39: [SM]   [7] Line 3795, D:\Documents\My Folder\Empires Custom UMC Stuff\SourceMod\Workspace\umc-core.sp::ProcessVoteResults()
L 08/19/2018 - 20:04:39: [SM]   [8] Line 1277, D:\Documents\My Folder\Empires Custom UMC Stuff\SourceMod\Workspace\umc-core.sp::Native_UMCVoteManagerComplete()
L 08/19/2018 - 20:04:39: [SM]   [10] UMC_VoteManagerVoteCompleted
L 08/19/2018 - 20:04:39: [SM]   [11] Line 2309, D:\Documents\My Folder\Empires Custom UMC Stuff\SourceMod\Workspace\umc-core.sp::Handle_MapVoteResults()
L 08/19/2018 - 20:04:44: [SM] Exception reported: Invalid hook callback specified for game event "player_disconnect"
L 08/19/2018 - 20:04:44: [SM] Blaming: empstats.smx()
L 08/19/2018 - 20:04:44: [SM] Call stack trace:
L 08/19/2018 - 20:04:44: [SM]   [0] UnhookEvent
L 08/19/2018 - 20:04:44: [SM]   [1] Line 329, dist\addons\sourcemod\scripting\empstats.sp::Deactivate()
L 08/19/2018 - 20:04:44: [SM]   [2] Line 296, dist\addons\sourcemod\scripting\empstats.sp::CheckActivate()
L 08/19/2018 - 20:04:44: [SM]   [3] Line 1022, dist\addons\sourcemod\scripting\empstats.sp::OnClientDisconnect_Post()
L 08/19/2018 - 20:04:45: Error log file session closed.
L 08/19/2018 - 20:04:47: SourceMod error session started
L 08/19/2018 - 20:04:47: Info (map "emp_snowstorm_rc6") (file "errors_20180819.log")
L 08/19/2018 - 20:04:47: [SM] Exception reported: Invalid hook callback specified for game event "player_disconnect"
L 08/19/2018 - 20:04:47: [SM] Blaming: empstats.smx()
L 08/19/2018 - 20:04:47: [SM] Call stack trace:
L 08/19/2018 - 20:04:47: [SM]   [0] UnhookEvent
L 08/19/2018 - 20:04:47: [SM]   [1] Line 329, dist\addons\sourcemod\scripting\empstats.sp::Deactivate()
L 08/19/2018 - 20:04:47: [SM]   [2] Line 296, dist\addons\sourcemod\scripting\empstats.sp::CheckActivate()
L 08/19/2018 - 20:04:47: [SM]   [3] Line 1616, dist\addons\sourcemod\scripting\empstats.sp::EndMapChange()
L 08/19/2018 - 20:04:49: [SM] Exception reported: Invalid hook callback specified for game event "player_disconnect"
L 08/19/2018 - 20:04:49: [SM] Blaming: empstats.smx()
L 08/19/2018 - 20:04:49: [SM] Call stack trace:
L 08/19/2018 - 20:04:49: [SM]   [0] UnhookEvent
L 08/19/2018 - 20:04:49: [SM]   [1] Line 329, dist\addons\sourcemod\scripting\empstats.sp::Deactivate()
L 08/19/2018 - 20:04:49: [SM]   [2] Line 296, dist\addons\sourcemod\scripting\empstats.sp::CheckActivate()
L 08/19/2018 - 20:04:49: [SM]   [3] Line 688, dist\addons\sourcemod\scripting\empstats.sp::OnClientPostAdminCheck()
L 08/19/2018 - 20:04:49: [SM]   [5] NotifyPostAdminCheck
L 08/19/2018 - 20:04:49: [SM]   [6] Line 2559, .\sbpp_main.sp::CheckLoadAdmins()
L 08/19/2018 - 20:04:49: [SM]   [7] Line 1831, .\sbpp_main.sp::AdminsDone()
L 08/19/2018 - 20:04:49: [SM] Exception reported: Invalid hook callback specified for game event "player_disconnect"
L 08/19/2018 - 20:04:49: [SM] Blaming: empstats.smx()
L 08/19/2018 - 20:04:49: [SM] Call stack trace:
L 08/19/2018 - 20:04:49: [SM]   [0] UnhookEvent
L 08/19/2018 - 20:04:49: [SM]   [1] Line 329, dist\addons\sourcemod\scripting\empstats.sp::Deactivate()
L 08/19/2018 - 20:04:49: [SM]   [2] Line 296, dist\addons\sourcemod\scripting\empstats.sp::CheckActivate()
L 08/19/2018 - 20:04:49: [SM]   [3] Line 688, dist\addons\sourcemod\scripting\empstats.sp::OnClientPostAdminCheck()
L 08/19/2018 - 20:04:49: [SM]   [5] NotifyPostAdminCheck
L 08/19/2018 - 20:04:49: [SM]   [6] Line 2559, .\sbpp_main.sp::CheckLoadAdmins()
L 08/19/2018 - 20:04:49: [SM]   [7] Line 1831, .\sbpp_main.sp::AdminsDone()
L 08/19/2018 - 20:04:50: [SM] Exception reported: Invalid hook callback specified for game event "player_disconnect"
L 08/19/2018 - 20:04:50: [SM] Blaming: empstats.smx()
L 08/19/2018 - 20:04:50: [SM] Call stack trace:
L 08/19/2018 - 20:04:50: [SM]   [0] UnhookEvent
L 08/19/2018 - 20:04:50: [SM]   [1] Line 329, dist\addons\sourcemod\scripting\empstats.sp::Deactivate()
L 08/19/2018 - 20:04:50: [SM]   [2] Line 296, dist\addons\sourcemod\scripting\empstats.sp::CheckActivate()
L 08/19/2018 - 20:04:50: [SM]   [3] Line 688, dist\addons\sourcemod\scripting\empstats.sp::OnClientPostAdminCheck()
L 08/19/2018 - 20:04:50: [SM]   [5] NotifyPostAdminCheck
L 08/19/2018 - 20:04:50: [SM]   [6] Line 2559, .\sbpp_main.sp::CheckLoadAdmins()
L 08/19/2018 - 20:04:50: [SM]   [7] Line 2040, .\sbpp_main.sp::LoadGroupsOverrides()
L 08/19/2018 - 20:41:31: [SM] Exception reported: Invalid timer handle c27b031b (error 1)
L 08/19/2018 - 20:41:31: [SM] Blaming: umc-emp-mapvote.smx()
L 08/19/2018 - 20:41:31: [SM] Call stack trace:
L 08/19/2018 - 20:41:31: [SM]   [0] KillTimer
L 08/19/2018 - 20:41:31: [SM]   [1] Line 686, D:\Documents\My Folder\Empires Custom UMC Stuff\SourceMod\Workspace\umc-emp-mapvote.sp::UMC_OnNextmapSet()
L 08/19/2018 - 20:41:31: [SM]   [3] Call_Finish
L 08/19/2018 - 20:41:31: [SM]   [4] Line 4834, D:\Documents\My Folder\Empires Custom UMC Stuff\SourceMod\Workspace\umc-core.sp::DoMapChange()
L 08/19/2018 - 20:41:31: [SM]   [5] Line 4267, D:\Documents\My Folder\Empires Custom UMC Stuff\SourceMod\Workspace\umc-core.sp::Handle_MapVoteWinner()
L 08/19/2018 - 20:41:31: [SM]   [6] Line 3819, D:\Documents\My Folder\Empires Custom UMC Stuff\SourceMod\Workspace\umc-core.sp::ProcessVoteWinner()
L 08/19/2018 - 20:41:31: [SM]   [7] Line 3795, D:\Documents\My Folder\Empires Custom UMC Stuff\SourceMod\Workspace\umc-core.sp::ProcessVoteResults()
L 08/19/2018 - 20:41:31: [SM]   [8] Line 1277, D:\Documents\My Folder\Empires Custom UMC Stuff\SourceMod\Workspace\umc-core.sp::Native_UMCVoteManagerComplete()
L 08/19/2018 - 20:41:31: [SM]   [10] UMC_VoteManagerVoteCompleted
L 08/19/2018 - 20:41:31: [SM]   [11] Line 2309, D:\Documents\My Folder\Empires Custom UMC Stuff\SourceMod\Workspace\umc-core.sp::Handle_MapVoteResults()
L 08/19/2018 - 20:41:36: [SM] Exception reported: Invalid hook callback specified for game event "player_disconnect"
L 08/19/2018 - 20:41:36: [SM] Blaming: empstats.smx()
L 08/19/2018 - 20:41:36: [SM] Call stack trace:
L 08/19/2018 - 20:41:36: [SM]   [0] UnhookEvent
L 08/19/2018 - 20:41:36: [SM]   [1] Line 329, dist\addons\sourcemod\scripting\empstats.sp::Deactivate()
L 08/19/2018 - 20:41:36: [SM]   [2] Line 296, dist\addons\sourcemod\scripting\empstats.sp::CheckActivate()
L 08/19/2018 - 20:41:36: [SM]   [3] Line 1022, dist\addons\sourcemod\scripting\empstats.sp::OnClientDisconnect_Post()
L 08/19/2018 - 20:41:37: Error log file session closed.
L 08/19/2018 - 20:41:39: SourceMod error session started
L 08/19/2018 - 20:41:39: Info (map "emp_streetsoffire_fix") (file "errors_20180819.log")
L 08/19/2018 - 20:41:39: [SM] Exception reported: Invalid hook callback specified for game event "player_disconnect"
L 08/19/2018 - 20:41:39: [SM] Blaming: empstats.smx()
L 08/19/2018 - 20:41:39: [SM] Call stack trace:
L 08/19/2018 - 20:41:39: [SM]   [0] UnhookEvent
L 08/19/2018 - 20:41:39: [SM]   [1] Line 329, dist\addons\sourcemod\scripting\empstats.sp::Deactivate()
L 08/19/2018 - 20:41:39: [SM]   [2] Line 296, dist\addons\sourcemod\scripting\empstats.sp::CheckActivate()
L 08/19/2018 - 20:41:39: [SM]   [3] Line 1616, dist\addons\sourcemod\scripting\empstats.sp::EndMapChange()
L 08/19/2018 - 21:28:04: [SM] Exception reported: Invalid timer handle e40802fa (error 1)
L 08/19/2018 - 21:28:04: [SM] Blaming: umc-emp-mapvote.smx()
L 08/19/2018 - 21:28:04: [SM] Call stack trace:
L 08/19/2018 - 21:28:04: [SM]   [0] KillTimer
L 08/19/2018 - 21:28:04: [SM]   [1] Line 686, D:\Documents\My Folder\Empires Custom UMC Stuff\SourceMod\Workspace\umc-emp-mapvote.sp::UMC_OnNextmapSet()
L 08/19/2018 - 21:28:04: [SM]   [3] Call_Finish
L 08/19/2018 - 21:28:04: [SM]   [4] Line 4834, D:\Documents\My Folder\Empires Custom UMC Stuff\SourceMod\Workspace\umc-core.sp::DoMapChange()
L 08/19/2018 - 21:28:04: [SM]   [5] Line 4267, D:\Documents\My Folder\Empires Custom UMC Stuff\SourceMod\Workspace\umc-core.sp::Handle_MapVoteWinner()
L 08/19/2018 - 21:28:04: [SM]   [6] Line 3819, D:\Documents\My Folder\Empires Custom UMC Stuff\SourceMod\Workspace\umc-core.sp::ProcessVoteWinner()
L 08/19/2018 - 21:28:04: [SM]   [7] Line 3795, D:\Documents\My Folder\Empires Custom UMC Stuff\SourceMod\Workspace\umc-core.sp::ProcessVoteResults()
L 08/19/2018 - 21:28:04: [SM]   [8] Line 1277, D:\Documents\My Folder\Empires Custom UMC Stuff\SourceMod\Workspace\umc-core.sp::Native_UMCVoteManagerComplete()
L 08/19/2018 - 21:28:04: [SM]   [10] UMC_VoteManagerVoteCompleted
L 08/19/2018 - 21:28:04: [SM]   [11] Line 2309, D:\Documents\My Folder\Empires Custom UMC Stuff\SourceMod\Workspace\umc-core.sp::Handle_MapVoteResults()
L 08/19/2018 - 21:28:10: Error log file session closed.
L 08/19/2018 - 21:28:12: SourceMod error session started
L 08/19/2018 - 21:28:12: Info (map "emp_midbridge_hce") (file "errors_20180819.log")
L 08/19/2018 - 21:28:12: [SM] Exception reported: Invalid hook callback specified for game event "player_disconnect"
L 08/19/2018 - 21:28:12: [SM] Blaming: empstats.smx()
L 08/19/2018 - 21:28:12: [SM] Call stack trace:
L 08/19/2018 - 21:28:12: [SM]   [0] UnhookEvent
L 08/19/2018 - 21:28:12: [SM]   [1] Line 329, dist\addons\sourcemod\scripting\empstats.sp::Deactivate()
L 08/19/2018 - 21:28:12: [SM]   [2] Line 296, dist\addons\sourcemod\scripting\empstats.sp::CheckActivate()
L 08/19/2018 - 21:28:12: [SM]   [3] Line 1616, dist\addons\sourcemod\scripting\empstats.sp::EndMapChange()
L 08/19/2018 - 21:51:02: [SM] Exception reported: Invalid timer handle fbf203a1 (error 1)
L 08/19/2018 - 21:51:02: [SM] Blaming: umc-emp-mapvote.smx()
L 08/19/2018 - 21:51:02: [SM] Call stack trace:
L 08/19/2018 - 21:51:02: [SM]   [0] KillTimer
L 08/19/2018 - 21:51:02: [SM]   [1] Line 686, D:\Documents\My Folder\Empires Custom UMC Stuff\SourceMod\Workspace\umc-emp-mapvote.sp::UMC_OnNextmapSet()
L 08/19/2018 - 21:51:02: [SM]   [3] Call_Finish
L 08/19/2018 - 21:51:02: [SM]   [4] Line 4834, D:\Documents\My Folder\Empires Custom UMC Stuff\SourceMod\Workspace\umc-core.sp::DoMapChange()
L 08/19/2018 - 21:51:02: [SM]   [5] Line 4267, D:\Documents\My Folder\Empires Custom UMC Stuff\SourceMod\Workspace\umc-core.sp::Handle_MapVoteWinner()
L 08/19/2018 - 21:51:02: [SM]   [6] Line 3819, D:\Documents\My Folder\Empires Custom UMC Stuff\SourceMod\Workspace\umc-core.sp::ProcessVoteWinner()
L 08/19/2018 - 21:51:02: [SM]   [7] Line 3795, D:\Documents\My Folder\Empires Custom UMC Stuff\SourceMod\Workspace\umc-core.sp::ProcessVoteResults()
L 08/19/2018 - 21:51:02: [SM]   [8] Line 1277, D:\Documents\My Folder\Empires Custom UMC Stuff\SourceMod\Workspace\umc-core.sp::Native_UMCVoteManagerComplete()
L 08/19/2018 - 21:51:02: [SM]   [10] UMC_VoteManagerVoteCompleted
L 08/19/2018 - 21:51:02: [SM]   [11] Line 2309, D:\Documents\My Folder\Empires Custom UMC Stuff\SourceMod\Workspace\umc-core.sp::Handle_MapVoteResults()
L 08/19/2018 - 21:51:07: [SM] Exception reported: Invalid hook callback specified for game event "player_disconnect"
L 08/19/2018 - 21:51:07: [SM] Blaming: empstats.smx()
L 08/19/2018 - 21:51:07: [SM] Call stack trace:
L 08/19/2018 - 21:51:07: [SM]   [0] UnhookEvent
L 08/19/2018 - 21:51:07: [SM]   [1] Line 329, dist\addons\sourcemod\scripting\empstats.sp::Deactivate()
L 08/19/2018 - 21:51:07: [SM]   [2] Line 296, dist\addons\sourcemod\scripting\empstats.sp::CheckActivate()
L 08/19/2018 - 21:51:07: [SM]   [3] Line 1022, dist\addons\sourcemod\scripting\empstats.sp::OnClientDisconnect_Post()
L 08/19/2018 - 21:51:08: Error log file session closed.
L 08/19/2018 - 21:51:10: SourceMod error session started
L 08/19/2018 - 21:51:10: Info (map "emp_king_r5_nosplt") (file "errors_20180819.log")
L 08/19/2018 - 21:51:10: [SM] Exception reported: Invalid hook callback specified for game event "player_disconnect"
L 08/19/2018 - 21:51:10: [SM] Blaming: empstats.smx()
L 08/19/2018 - 21:51:10: [SM] Call stack trace:
L 08/19/2018 - 21:51:10: [SM]   [0] UnhookEvent
L 08/19/2018 - 21:51:10: [SM]   [1] Line 329, dist\addons\sourcemod\scripting\empstats.sp::Deactivate()
L 08/19/2018 - 21:51:10: [SM]   [2] Line 296, dist\addons\sourcemod\scripting\empstats.sp::CheckActivate()
L 08/19/2018 - 21:51:10: [SM]   [3] Line 1616, dist\addons\sourcemod\scripting\empstats.sp::EndMapChange()
L 08/19/2018 - 23:01:18: [SM] Exception reported: Invalid timer handle 379d0353 (error 3)
L 08/19/2018 - 23:01:18: [SM] Blaming: umc-emp-mapvote.smx()
L 08/19/2018 - 23:01:18: [SM] Call stack trace:
L 08/19/2018 - 23:01:18: [SM]   [0] KillTimer
L 08/19/2018 - 23:01:18: [SM]   [1] Line 686, D:\Documents\My Folder\Empires Custom UMC Stuff\SourceMod\Workspace\umc-emp-mapvote.sp::UMC_OnNextmapSet()
L 08/19/2018 - 23:01:18: [SM]   [3] Call_Finish
L 08/19/2018 - 23:01:18: [SM]   [4] Line 4834, D:\Documents\My Folder\Empires Custom UMC Stuff\SourceMod\Workspace\umc-core.sp::DoMapChange()
L 08/19/2018 - 23:01:18: [SM]   [5] Line 4267, D:\Documents\My Folder\Empires Custom UMC Stuff\SourceMod\Workspace\umc-core.sp::Handle_MapVoteWinner()
L 08/19/2018 - 23:01:18: [SM]   [6] Line 3819, D:\Documents\My Folder\Empires Custom UMC Stuff\SourceMod\Workspace\umc-core.sp::ProcessVoteWinner()
L 08/19/2018 - 23:01:18: [SM]   [7] Line 3795, D:\Documents\My Folder\Empires Custom UMC Stuff\SourceMod\Workspace\umc-core.sp::ProcessVoteResults()
L 08/19/2018 - 23:01:18: [SM]   [8] Line 1277, D:\Documents\My Folder\Empires Custom UMC Stuff\SourceMod\Workspace\umc-core.sp::Native_UMCVoteManagerComplete()
L 08/19/2018 - 23:01:18: [SM]   [10] UMC_VoteManagerVoteCompleted
L 08/19/2018 - 23:01:18: [SM]   [11] Line 2309, D:\Documents\My Folder\Empires Custom UMC Stuff\SourceMod\Workspace\umc-core.sp::Handle_MapVoteResults()
L 08/19/2018 - 23:01:24: Error log file session closed.
L 08/19/2018 - 23:01:26: SourceMod error session started
L 08/19/2018 - 23:01:26: Info (map "emp_tropicvendetta_rc4") (file "errors_20180819.log")
L 08/19/2018 - 23:01:26: [SM] Exception reported: Invalid hook callback specified for game event "player_disconnect"
L 08/19/2018 - 23:01:26: [SM] Blaming: empstats.smx()
L 08/19/2018 - 23:01:26: [SM] Call stack trace:
L 08/19/2018 - 23:01:26: [SM]   [0] UnhookEvent
L 08/19/2018 - 23:01:26: [SM]   [1] Line 329, dist\addons\sourcemod\scripting\empstats.sp::Deactivate()
L 08/19/2018 - 23:01:26: [SM]   [2] Line 296, dist\addons\sourcemod\scripting\empstats.sp::CheckActivate()
L 08/19/2018 - 23:01:26: [SM]   [3] Line 1616, dist\addons\sourcemod\scripting\empstats.sp::EndMapChange()
L 08/19/2018 - 23:21:13: [SM] Exception reported: Invalid timer handle 49010385 (error 3)
L 08/19/2018 - 23:21:13: [SM] Blaming: umc-emp-mapvote.smx()
L 08/19/2018 - 23:21:13: [SM] Call stack trace:
L 08/19/2018 - 23:21:13: [SM]   [0] KillTimer
L 08/19/2018 - 23:21:13: [SM]   [1] Line 686, D:\Documents\My Folder\Empires Custom UMC Stuff\SourceMod\Workspace\umc-emp-mapvote.sp::UMC_OnNextmapSet()
L 08/19/2018 - 23:21:13: [SM]   [3] Call_Finish
L 08/19/2018 - 23:21:13: [SM]   [4] Line 4834, D:\Documents\My Folder\Empires Custom UMC Stuff\SourceMod\Workspace\umc-core.sp::DoMapChange()
L 08/19/2018 - 23:21:13: [SM]   [5] Line 4267, D:\Documents\My Folder\Empires Custom UMC Stuff\SourceMod\Workspace\umc-core.sp::Handle_MapVoteWinner()
L 08/19/2018 - 23:21:13: [SM]   [6] Line 3819, D:\Documents\My Folder\Empires Custom UMC Stuff\SourceMod\Workspace\umc-core.sp::ProcessVoteWinner()
L 08/19/2018 - 23:21:13: [SM]   [7] Line 3795, D:\Documents\My Folder\Empires Custom UMC Stuff\SourceMod\Workspace\umc-core.sp::ProcessVoteResults()
L 08/19/2018 - 23:21:13: [SM]   [8] Line 1277, D:\Documents\My Folder\Empires Custom UMC Stuff\SourceMod\Workspace\umc-core.sp::Native_UMCVoteManagerComplete()
L 08/19/2018 - 23:21:13: [SM]   [10] UMC_VoteManagerVoteCompleted
L 08/19/2018 - 23:21:13: [SM]   [11] Line 2309, D:\Documents\My Folder\Empires Custom UMC Stuff\SourceMod\Workspace\umc-core.sp::Handle_MapVoteResults()
L 08/19/2018 - 23:21:19: Error log file session closed.
L 08/19/2018 - 23:21:21: SourceMod error session started
L 08/19/2018 - 23:21:21: Info (map "emp_silo_rc5_hce") (file "errors_20180819.log")
L 08/19/2018 - 23:21:21: [SM] Exception reported: Invalid hook callback specified for game event "player_disconnect"
L 08/19/2018 - 23:21:21: [SM] Blaming: empstats.smx()
L 08/19/2018 - 23:21:21: [SM] Call stack trace:
L 08/19/2018 - 23:21:21: [SM]   [0] UnhookEvent
L 08/19/2018 - 23:21:21: [SM]   [1] Line 329, dist\addons\sourcemod\scripting\empstats.sp::Deactivate()
L 08/19/2018 - 23:21:21: [SM]   [2] Line 296, dist\addons\sourcemod\scripting\empstats.sp::CheckActivate()
L 08/19/2018 - 23:21:21: [SM]   [3] Line 1616, dist\addons\sourcemod\scripting\empstats.sp::EndMapChange()
