L 09/01/2018 - 00:36:52: SourceMod error session started
L 09/01/2018 - 00:36:52: Info (map "emp_streetsoffire_fix") (file "errors_20180901.log")
L 09/01/2018 - 00:36:52: [SM] Exception reported: Invalid timer handle 5d84013f (error 1)
L 09/01/2018 - 00:36:52: [SM] Blaming: umc-emp-mapvote.smx()
L 09/01/2018 - 00:36:52: [SM] Call stack trace:
L 09/01/2018 - 00:36:52: [SM]   [0] KillTimer
L 09/01/2018 - 00:36:52: [SM]   [1] Line 686, D:\Documents\My Folder\Empires Custom UMC Stuff\SourceMod\Workspace\umc-emp-mapvote.sp::UMC_OnNextmapSet()
L 09/01/2018 - 00:36:52: [SM]   [3] Call_Finish
L 09/01/2018 - 00:36:52: [SM]   [4] Line 4834, D:\Documents\My Folder\Empires Custom UMC Stuff\SourceMod\Workspace\umc-core.sp::DoMapChange()
L 09/01/2018 - 00:36:52: [SM]   [5] Line 4267, D:\Documents\My Folder\Empires Custom UMC Stuff\SourceMod\Workspace\umc-core.sp::Handle_MapVoteWinner()
L 09/01/2018 - 00:36:52: [SM]   [6] Line 3819, D:\Documents\My Folder\Empires Custom UMC Stuff\SourceMod\Workspace\umc-core.sp::ProcessVoteWinner()
L 09/01/2018 - 00:36:52: [SM]   [7] Line 3795, D:\Documents\My Folder\Empires Custom UMC Stuff\SourceMod\Workspace\umc-core.sp::ProcessVoteResults()
L 09/01/2018 - 00:36:52: [SM]   [8] Line 1277, D:\Documents\My Folder\Empires Custom UMC Stuff\SourceMod\Workspace\umc-core.sp::Native_UMCVoteManagerComplete()
L 09/01/2018 - 00:36:52: [SM]   [10] UMC_VoteManagerVoteCompleted
L 09/01/2018 - 00:36:52: [SM]   [11] Line 2309, D:\Documents\My Folder\Empires Custom UMC Stuff\SourceMod\Workspace\umc-core.sp::Handle_MapVoteResults()
L 09/01/2018 - 00:36:58: Error log file session closed.
L 09/01/2018 - 01:05:14: SourceMod error session started
L 09/01/2018 - 01:05:14: Info (map "emp_smokies_rc2_hce") (file "errors_20180901.log")
L 09/01/2018 - 01:05:14: [SM] Exception reported: Invalid timer handle 67ca0142 (error 3)
L 09/01/2018 - 01:05:14: [SM] Blaming: umc-emp-mapvote.smx()
L 09/01/2018 - 01:05:14: [SM] Call stack trace:
L 09/01/2018 - 01:05:14: [SM]   [0] KillTimer
L 09/01/2018 - 01:05:14: [SM]   [1] Line 686, D:\Documents\My Folder\Empires Custom UMC Stuff\SourceMod\Workspace\umc-emp-mapvote.sp::UMC_OnNextmapSet()
L 09/01/2018 - 01:05:14: [SM]   [3] Call_Finish
L 09/01/2018 - 01:05:14: [SM]   [4] Line 4834, D:\Documents\My Folder\Empires Custom UMC Stuff\SourceMod\Workspace\umc-core.sp::DoMapChange()
L 09/01/2018 - 01:05:14: [SM]   [5] Line 4267, D:\Documents\My Folder\Empires Custom UMC Stuff\SourceMod\Workspace\umc-core.sp::Handle_MapVoteWinner()
L 09/01/2018 - 01:05:14: [SM]   [6] Line 3819, D:\Documents\My Folder\Empires Custom UMC Stuff\SourceMod\Workspace\umc-core.sp::ProcessVoteWinner()
L 09/01/2018 - 01:05:14: [SM]   [7] Line 3795, D:\Documents\My Folder\Empires Custom UMC Stuff\SourceMod\Workspace\umc-core.sp::ProcessVoteResults()
L 09/01/2018 - 01:05:14: [SM]   [8] Line 1277, D:\Documents\My Folder\Empires Custom UMC Stuff\SourceMod\Workspace\umc-core.sp::Native_UMCVoteManagerComplete()
L 09/01/2018 - 01:05:14: [SM]   [10] UMC_VoteManagerVoteCompleted
L 09/01/2018 - 01:05:14: [SM]   [11] Line 2309, D:\Documents\My Folder\Empires Custom UMC Stuff\SourceMod\Workspace\umc-core.sp::Handle_MapVoteResults()
L 09/01/2018 - 01:05:19: Error log file session closed.
L 09/01/2018 - 01:32:04: SourceMod error session started
L 09/01/2018 - 01:32:04: Info (map "emp_vehicletraining_2013") (file "errors_20180901.log")
L 09/01/2018 - 01:32:04: [SM] Exception reported: Invalid timer handle 6fa70320 (error 1)
L 09/01/2018 - 01:32:04: [SM] Blaming: umc-emp-mapvote.smx()
L 09/01/2018 - 01:32:04: [SM] Call stack trace:
L 09/01/2018 - 01:32:04: [SM]   [0] KillTimer
L 09/01/2018 - 01:32:04: [SM]   [1] Line 686, D:\Documents\My Folder\Empires Custom UMC Stuff\SourceMod\Workspace\umc-emp-mapvote.sp::UMC_OnNextmapSet()
L 09/01/2018 - 01:32:04: [SM]   [3] Call_Finish
L 09/01/2018 - 01:32:04: [SM]   [4] Line 4834, D:\Documents\My Folder\Empires Custom UMC Stuff\SourceMod\Workspace\umc-core.sp::DoMapChange()
L 09/01/2018 - 01:32:04: [SM]   [5] Line 4267, D:\Documents\My Folder\Empires Custom UMC Stuff\SourceMod\Workspace\umc-core.sp::Handle_MapVoteWinner()
L 09/01/2018 - 01:32:04: [SM]   [6] Line 3819, D:\Documents\My Folder\Empires Custom UMC Stuff\SourceMod\Workspace\umc-core.sp::ProcessVoteWinner()
L 09/01/2018 - 01:32:04: [SM]   [7] Line 3795, D:\Documents\My Folder\Empires Custom UMC Stuff\SourceMod\Workspace\umc-core.sp::ProcessVoteResults()
L 09/01/2018 - 01:32:04: [SM]   [8] Line 1277, D:\Documents\My Folder\Empires Custom UMC Stuff\SourceMod\Workspace\umc-core.sp::Native_UMCVoteManagerComplete()
L 09/01/2018 - 01:32:04: [SM]   [10] UMC_VoteManagerVoteCompleted
L 09/01/2018 - 01:32:04: [SM]   [11] Line 2309, D:\Documents\My Folder\Empires Custom UMC Stuff\SourceMod\Workspace\umc-core.sp::Handle_MapVoteResults()
L 09/01/2018 - 01:32:10: Error log file session closed.
L 09/01/2018 - 02:11:16: SourceMod error session started
L 09/01/2018 - 02:11:16: Info (map "emp_crossroads_towerless_hce") (file "errors_20180901.log")
L 09/01/2018 - 02:11:16: [SM] Exception reported: Invalid timer handle 74ea031f (error 3)
L 09/01/2018 - 02:11:16: [SM] Blaming: umc-emp-mapvote.smx()
L 09/01/2018 - 02:11:16: [SM] Call stack trace:
L 09/01/2018 - 02:11:16: [SM]   [0] KillTimer
L 09/01/2018 - 02:11:16: [SM]   [1] Line 686, D:\Documents\My Folder\Empires Custom UMC Stuff\SourceMod\Workspace\umc-emp-mapvote.sp::UMC_OnNextmapSet()
L 09/01/2018 - 02:11:16: [SM]   [3] Call_Finish
L 09/01/2018 - 02:11:16: [SM]   [4] Line 4834, D:\Documents\My Folder\Empires Custom UMC Stuff\SourceMod\Workspace\umc-core.sp::DoMapChange()
L 09/01/2018 - 02:11:16: [SM]   [5] Line 1767, D:\Documents\My Folder\Empires Custom UMC Stuff\SourceMod\Workspace\umc-core.sp::Native_UMCSetNextMap()
L 09/01/2018 - 02:11:16: [SM]   [7] UMC_SetNextMap
L 09/01/2018 - 02:11:16: [SM]   [8] Line 621, D:\Documents\My Folder\Empires Custom UMC Stuff\SourceMod\Workspace\umc-emp-mapvote.sp::DoRandomNextMap()
L 09/01/2018 - 02:11:16: [SM]   [9] Line 606, D:\Documents\My Folder\Empires Custom UMC Stuff\SourceMod\Workspace\umc-emp-mapvote.sp::DoMapChangeFailSafe()
L 09/01/2018 - 02:11:16: [SM]   [10] Line 722, D:\Documents\My Folder\Empires Custom UMC Stuff\SourceMod\Workspace\umc-emp-mapvote.sp::UMC_OnVoteFailed()
L 09/01/2018 - 02:11:16: [SM]   [12] Call_Finish
L 09/01/2018 - 02:11:16: [SM]   [13] Line 4796, D:\Documents\My Folder\Empires Custom UMC Stuff\SourceMod\Workspace\umc-core.sp::VoteFailed()
L 09/01/2018 - 02:11:16: [SM]   [14] Line 3507, D:\Documents\My Folder\Empires Custom UMC Stuff\SourceMod\Workspace\umc-core.sp::VoteCancelled()
L 09/01/2018 - 02:11:16: [SM]   [15] Line 1177, D:\Documents\My Folder\Empires Custom UMC Stuff\SourceMod\Workspace\umc-core.sp::Native_UMCVoteManagerCancel()
L 09/01/2018 - 02:11:16: [SM]   [17] UMC_VoteManagerVoteCancelled
L 09/01/2018 - 02:11:16: [SM]   [18] Line 2276, D:\Documents\My Folder\Empires Custom UMC Stuff\SourceMod\Workspace\umc-core.sp::Handle_VoteMenu()
L 09/01/2018 - 02:11:21: Error log file session closed.
L 09/01/2018 - 21:16:57: SourceMod error session started
L 09/01/2018 - 21:16:57: Info (map "emp_drygulch_a7") (file "errors_20180901.log")
L 09/01/2018 - 21:16:57: [SM] Exception reported: Invalid timer handle a7ec039a (error 1)
L 09/01/2018 - 21:16:57: [SM] Blaming: umc-emp-mapvote.smx()
L 09/01/2018 - 21:16:57: [SM] Call stack trace:
L 09/01/2018 - 21:16:57: [SM]   [0] KillTimer
L 09/01/2018 - 21:16:57: [SM]   [1] Line 686, D:\Documents\My Folder\Empires Custom UMC Stuff\SourceMod\Workspace\umc-emp-mapvote.sp::UMC_OnNextmapSet()
L 09/01/2018 - 21:16:57: [SM]   [3] Call_Finish
L 09/01/2018 - 21:16:57: [SM]   [4] Line 4834, D:\Documents\My Folder\Empires Custom UMC Stuff\SourceMod\Workspace\umc-core.sp::DoMapChange()
L 09/01/2018 - 21:16:57: [SM]   [5] Line 4267, D:\Documents\My Folder\Empires Custom UMC Stuff\SourceMod\Workspace\umc-core.sp::Handle_MapVoteWinner()
L 09/01/2018 - 21:16:57: [SM]   [6] Line 3819, D:\Documents\My Folder\Empires Custom UMC Stuff\SourceMod\Workspace\umc-core.sp::ProcessVoteWinner()
L 09/01/2018 - 21:16:57: [SM]   [7] Line 3795, D:\Documents\My Folder\Empires Custom UMC Stuff\SourceMod\Workspace\umc-core.sp::ProcessVoteResults()
L 09/01/2018 - 21:16:57: [SM]   [8] Line 1277, D:\Documents\My Folder\Empires Custom UMC Stuff\SourceMod\Workspace\umc-core.sp::Native_UMCVoteManagerComplete()
L 09/01/2018 - 21:16:57: [SM]   [10] UMC_VoteManagerVoteCompleted
L 09/01/2018 - 21:16:57: [SM]   [11] Line 2309, D:\Documents\My Folder\Empires Custom UMC Stuff\SourceMod\Workspace\umc-core.sp::Handle_MapVoteResults()
L 09/01/2018 - 21:17:03: Error log file session closed.
L 09/01/2018 - 22:10:37: SourceMod error session started
L 09/01/2018 - 22:10:37: Info (map "emp_blah4_hce") (file "errors_20180901.log")
L 09/01/2018 - 22:10:37: [SM] Exception reported: Invalid timer handle c6d103d4 (error 1)
L 09/01/2018 - 22:10:37: [SM] Blaming: umc-emp-mapvote.smx()
L 09/01/2018 - 22:10:37: [SM] Call stack trace:
L 09/01/2018 - 22:10:37: [SM]   [0] KillTimer
L 09/01/2018 - 22:10:37: [SM]   [1] Line 686, D:\Documents\My Folder\Empires Custom UMC Stuff\SourceMod\Workspace\umc-emp-mapvote.sp::UMC_OnNextmapSet()
L 09/01/2018 - 22:10:37: [SM]   [3] Call_Finish
L 09/01/2018 - 22:10:37: [SM]   [4] Line 4834, D:\Documents\My Folder\Empires Custom UMC Stuff\SourceMod\Workspace\umc-core.sp::DoMapChange()
L 09/01/2018 - 22:10:37: [SM]   [5] Line 4267, D:\Documents\My Folder\Empires Custom UMC Stuff\SourceMod\Workspace\umc-core.sp::Handle_MapVoteWinner()
L 09/01/2018 - 22:10:37: [SM]   [6] Line 3819, D:\Documents\My Folder\Empires Custom UMC Stuff\SourceMod\Workspace\umc-core.sp::ProcessVoteWinner()
L 09/01/2018 - 22:10:37: [SM]   [7] Line 3765, D:\Documents\My Folder\Empires Custom UMC Stuff\SourceMod\Workspace\umc-core.sp::ProcessVoteResults()
L 09/01/2018 - 22:10:37: [SM]   [8] Line 1277, D:\Documents\My Folder\Empires Custom UMC Stuff\SourceMod\Workspace\umc-core.sp::Native_UMCVoteManagerComplete()
L 09/01/2018 - 22:10:37: [SM]   [10] UMC_VoteManagerVoteCompleted
L 09/01/2018 - 22:10:37: [SM]   [11] Line 2309, D:\Documents\My Folder\Empires Custom UMC Stuff\SourceMod\Workspace\umc-core.sp::Handle_MapVoteResults()
L 09/01/2018 - 22:10:43: Error log file session closed.
L 09/01/2018 - 23:13:11: SourceMod error session started
L 09/01/2018 - 23:13:11: Info (map "emp_isle") (file "errors_20180901.log")
L 09/01/2018 - 23:13:11: [SM] Exception reported: Invalid timer handle ee5c0378 (error 1)
L 09/01/2018 - 23:13:11: [SM] Blaming: umc-emp-mapvote.smx()
L 09/01/2018 - 23:13:11: [SM] Call stack trace:
L 09/01/2018 - 23:13:11: [SM]   [0] KillTimer
L 09/01/2018 - 23:13:11: [SM]   [1] Line 686, D:\Documents\My Folder\Empires Custom UMC Stuff\SourceMod\Workspace\umc-emp-mapvote.sp::UMC_OnNextmapSet()
L 09/01/2018 - 23:13:11: [SM]   [3] Call_Finish
L 09/01/2018 - 23:13:11: [SM]   [4] Line 4834, D:\Documents\My Folder\Empires Custom UMC Stuff\SourceMod\Workspace\umc-core.sp::DoMapChange()
L 09/01/2018 - 23:13:11: [SM]   [5] Line 4267, D:\Documents\My Folder\Empires Custom UMC Stuff\SourceMod\Workspace\umc-core.sp::Handle_MapVoteWinner()
L 09/01/2018 - 23:13:11: [SM]   [6] Line 3819, D:\Documents\My Folder\Empires Custom UMC Stuff\SourceMod\Workspace\umc-core.sp::ProcessVoteWinner()
L 09/01/2018 - 23:13:11: [SM]   [7] Line 3795, D:\Documents\My Folder\Empires Custom UMC Stuff\SourceMod\Workspace\umc-core.sp::ProcessVoteResults()
L 09/01/2018 - 23:13:11: [SM]   [8] Line 1277, D:\Documents\My Folder\Empires Custom UMC Stuff\SourceMod\Workspace\umc-core.sp::Native_UMCVoteManagerComplete()
L 09/01/2018 - 23:13:11: [SM]   [10] UMC_VoteManagerVoteCompleted
L 09/01/2018 - 23:13:11: [SM]   [11] Line 2309, D:\Documents\My Folder\Empires Custom UMC Stuff\SourceMod\Workspace\umc-core.sp::Handle_MapVoteResults()
L 09/01/2018 - 23:13:17: Error log file session closed.
L 09/01/2018 - 23:14:15: SourceMod error session started
L 09/01/2018 - 23:14:15: Info (map "emp_midbridge") (file "errors_20180901.log")
L 09/01/2018 - 23:14:15: [SM] Exception reported: Array index is out of bounds
L 09/01/2018 - 23:14:15: [SM] Blaming: draftpick.smx()
L 09/01/2018 - 23:14:15: [SM] Call stack trace:
L 09/01/2018 - 23:14:15: [SM]   [1] Line 4136, dist\addons\sourcemod\scripting\draftpick.sp::ChangeSquadLimit()
L 09/01/2018 - 23:14:15: [SM]   [2] Line 3656, dist\addons\sourcemod\scripting\draftpick.sp::Command_SquadLimit()
