L 11/24/2017 - 18:43:15: SourceMod error session started
L 11/24/2017 - 18:43:15: Info (map "con_district402") (file "errors_20171124.log")
L 11/24/2017 - 18:43:15: [SDKTOOLS] Invalid detour address passed - Disabling detour to prevent crashes
L 11/24/2017 - 18:43:15: [SDKTOOLS] Failed to find PlayerRunCmd offset - OnPlayerRunCmd forward disabled.
L 11/24/2017 - 19:54:35: [SM] Exception reported: Invalid timer handle aeb0152 (error 1)
L 11/24/2017 - 19:54:35: [SM] Blaming: umc-emp-mapvote.smx()
L 11/24/2017 - 19:54:35: [SM] Call stack trace:
L 11/24/2017 - 19:54:35: [SM]   [0] KillTimer
L 11/24/2017 - 19:54:35: [SM]   [1] Line 686, D:\Documents\My Folder\Empires Custom UMC Stuff\SourceMod\Workspace\umc-emp-mapvote.sp::UMC_OnNextmapSet()
L 11/24/2017 - 19:54:35: [SM]   [3] Call_Finish
L 11/24/2017 - 19:54:35: [SM]   [4] Line 4834, D:\Documents\My Folder\Empires Custom UMC Stuff\SourceMod\Workspace\umc-core.sp::DoMapChange()
L 11/24/2017 - 19:54:35: [SM]   [5] Line 4267, D:\Documents\My Folder\Empires Custom UMC Stuff\SourceMod\Workspace\umc-core.sp::Handle_MapVoteWinner()
L 11/24/2017 - 19:54:35: [SM]   [6] Line 3819, D:\Documents\My Folder\Empires Custom UMC Stuff\SourceMod\Workspace\umc-core.sp::ProcessVoteWinner()
L 11/24/2017 - 19:54:35: [SM]   [7] Line 3795, D:\Documents\My Folder\Empires Custom UMC Stuff\SourceMod\Workspace\umc-core.sp::ProcessVoteResults()
L 11/24/2017 - 19:54:35: [SM]   [8] Line 1277, D:\Documents\My Folder\Empires Custom UMC Stuff\SourceMod\Workspace\umc-core.sp::Native_UMCVoteManagerComplete()
L 11/24/2017 - 19:54:35: [SM]   [10] UMC_VoteManagerVoteCompleted
L 11/24/2017 - 19:54:35: [SM]   [11] Line 2309, D:\Documents\My Folder\Empires Custom UMC Stuff\SourceMod\Workspace\umc-core.sp::Handle_MapVoteResults()
L 11/24/2017 - 19:54:40: Error log file session closed.
L 11/24/2017 - 20:03:04: SourceMod error session started
L 11/24/2017 - 20:03:04: Info (map "fun_ricochet_a3") (file "errors_20171124.log")
L 11/24/2017 - 20:03:04: [SM] Exception reported: Invalid timer handle f4702d2 (error 1)
L 11/24/2017 - 20:03:04: [SM] Blaming: umc-emp-mapvote.smx()
L 11/24/2017 - 20:03:04: [SM] Call stack trace:
L 11/24/2017 - 20:03:04: [SM]   [0] KillTimer
L 11/24/2017 - 20:03:04: [SM]   [1] Line 686, D:\Documents\My Folder\Empires Custom UMC Stuff\SourceMod\Workspace\umc-emp-mapvote.sp::UMC_OnNextmapSet()
L 11/24/2017 - 20:03:04: [SM]   [3] Call_Finish
L 11/24/2017 - 20:03:04: [SM]   [4] Line 4834, D:\Documents\My Folder\Empires Custom UMC Stuff\SourceMod\Workspace\umc-core.sp::DoMapChange()
L 11/24/2017 - 20:03:04: [SM]   [5] Line 4267, D:\Documents\My Folder\Empires Custom UMC Stuff\SourceMod\Workspace\umc-core.sp::Handle_MapVoteWinner()
L 11/24/2017 - 20:03:04: [SM]   [6] Line 3819, D:\Documents\My Folder\Empires Custom UMC Stuff\SourceMod\Workspace\umc-core.sp::ProcessVoteWinner()
L 11/24/2017 - 20:03:04: [SM]   [7] Line 3795, D:\Documents\My Folder\Empires Custom UMC Stuff\SourceMod\Workspace\umc-core.sp::ProcessVoteResults()
L 11/24/2017 - 20:03:04: [SM]   [8] Line 1277, D:\Documents\My Folder\Empires Custom UMC Stuff\SourceMod\Workspace\umc-core.sp::Native_UMCVoteManagerComplete()
L 11/24/2017 - 20:03:04: [SM]   [10] UMC_VoteManagerVoteCompleted
L 11/24/2017 - 20:03:04: [SM]   [11] Line 2309, D:\Documents\My Folder\Empires Custom UMC Stuff\SourceMod\Workspace\umc-core.sp::Handle_MapVoteResults()
L 11/24/2017 - 20:03:10: Error log file session closed.
L 11/24/2017 - 20:18:22: SourceMod error session started
L 11/24/2017 - 20:18:22: Info (map "emp_nuclear_b8u_xfix") (file "errors_20171124.log")
L 11/24/2017 - 20:18:22: [SM] Exception reported: Invalid timer handle 166c034f (error 1)
L 11/24/2017 - 20:18:22: [SM] Blaming: umc-emp-mapvote.smx()
L 11/24/2017 - 20:18:22: [SM] Call stack trace:
L 11/24/2017 - 20:18:22: [SM]   [0] KillTimer
L 11/24/2017 - 20:18:22: [SM]   [1] Line 686, D:\Documents\My Folder\Empires Custom UMC Stuff\SourceMod\Workspace\umc-emp-mapvote.sp::UMC_OnNextmapSet()
L 11/24/2017 - 20:18:22: [SM]   [3] Call_Finish
L 11/24/2017 - 20:18:22: [SM]   [4] Line 4834, D:\Documents\My Folder\Empires Custom UMC Stuff\SourceMod\Workspace\umc-core.sp::DoMapChange()
L 11/24/2017 - 20:18:22: [SM]   [5] Line 4267, D:\Documents\My Folder\Empires Custom UMC Stuff\SourceMod\Workspace\umc-core.sp::Handle_MapVoteWinner()
L 11/24/2017 - 20:18:22: [SM]   [6] Line 3819, D:\Documents\My Folder\Empires Custom UMC Stuff\SourceMod\Workspace\umc-core.sp::ProcessVoteWinner()
L 11/24/2017 - 20:18:22: [SM]   [7] Line 3795, D:\Documents\My Folder\Empires Custom UMC Stuff\SourceMod\Workspace\umc-core.sp::ProcessVoteResults()
L 11/24/2017 - 20:18:22: [SM]   [8] Line 1277, D:\Documents\My Folder\Empires Custom UMC Stuff\SourceMod\Workspace\umc-core.sp::Native_UMCVoteManagerComplete()
L 11/24/2017 - 20:18:22: [SM]   [10] UMC_VoteManagerVoteCompleted
L 11/24/2017 - 20:18:22: [SM]   [11] Line 2309, D:\Documents\My Folder\Empires Custom UMC Stuff\SourceMod\Workspace\umc-core.sp::Handle_MapVoteResults()
L 11/24/2017 - 20:18:28: Error log file session closed.
L 11/24/2017 - 21:41:28: SourceMod error session started
L 11/24/2017 - 21:41:28: Info (map "emp_drygulch_a6") (file "errors_20171124.log")
L 11/24/2017 - 21:41:28: [SM] Exception reported: Invalid timer handle 26b5036e (error 1)
L 11/24/2017 - 21:41:28: [SM] Blaming: umc-emp-mapvote.smx()
L 11/24/2017 - 21:41:29: [SM] Call stack trace:
L 11/24/2017 - 21:41:29: [SM]   [0] KillTimer
L 11/24/2017 - 21:41:29: [SM]   [1] Line 686, D:\Documents\My Folder\Empires Custom UMC Stuff\SourceMod\Workspace\umc-emp-mapvote.sp::UMC_OnNextmapSet()
L 11/24/2017 - 21:41:29: [SM]   [3] Call_Finish
L 11/24/2017 - 21:41:29: [SM]   [4] Line 4834, D:\Documents\My Folder\Empires Custom UMC Stuff\SourceMod\Workspace\umc-core.sp::DoMapChange()
L 11/24/2017 - 21:41:29: [SM]   [5] Line 1767, D:\Documents\My Folder\Empires Custom UMC Stuff\SourceMod\Workspace\umc-core.sp::Native_UMCSetNextMap()
L 11/24/2017 - 21:41:29: [SM]   [7] UMC_SetNextMap
L 11/24/2017 - 21:41:29: [SM]   [8] Line 621, D:\Documents\My Folder\Empires Custom UMC Stuff\SourceMod\Workspace\umc-emp-mapvote.sp::DoRandomNextMap()
L 11/24/2017 - 21:41:29: [SM]   [9] Line 606, D:\Documents\My Folder\Empires Custom UMC Stuff\SourceMod\Workspace\umc-emp-mapvote.sp::DoMapChangeFailSafe()
L 11/24/2017 - 21:41:29: [SM]   [10] Line 722, D:\Documents\My Folder\Empires Custom UMC Stuff\SourceMod\Workspace\umc-emp-mapvote.sp::UMC_OnVoteFailed()
L 11/24/2017 - 21:41:29: [SM]   [12] Call_Finish
L 11/24/2017 - 21:41:29: [SM]   [13] Line 4796, D:\Documents\My Folder\Empires Custom UMC Stuff\SourceMod\Workspace\umc-core.sp::VoteFailed()
L 11/24/2017 - 21:41:29: [SM]   [14] Line 3507, D:\Documents\My Folder\Empires Custom UMC Stuff\SourceMod\Workspace\umc-core.sp::VoteCancelled()
L 11/24/2017 - 21:41:29: [SM]   [15] Line 1042, D:\Documents\My Folder\Empires Custom UMC Stuff\SourceMod\Workspace\umc-core.sp::OnMapEnd()
L 11/24/2017 - 21:41:30: Error log file session closed.
L 11/24/2017 - 21:41:30: SourceMod error session started
L 11/24/2017 - 21:41:30: Info (map "con_urbanchaos_comm") (file "errors_20171124.log")
L 11/24/2017 - 21:41:30: [SM] Exception reported: Client index 0 is invalid
L 11/24/2017 - 21:41:30: [SM] Blaming: NoCommExtendVote.smx()
L 11/24/2017 - 21:41:30: [SM] Call stack trace:
L 11/24/2017 - 21:41:30: [SM]   [0] PrintToChat
L 11/24/2017 - 21:41:30: [SM]   [1] Line 585, /builds/sourcemod/no_commander_extend_vote/build/../addons/sourcemod/scripting/NoCommExtendVote.sp::Command_NCDisable()
L 11/24/2017 - 22:22:54: [SM] Exception reported: Invalid timer handle 3136035a (error 1)
L 11/24/2017 - 22:22:54: [SM] Blaming: umc-emp-mapvote.smx()
L 11/24/2017 - 22:22:54: [SM] Call stack trace:
L 11/24/2017 - 22:22:54: [SM]   [0] KillTimer
L 11/24/2017 - 22:22:54: [SM]   [1] Line 686, D:\Documents\My Folder\Empires Custom UMC Stuff\SourceMod\Workspace\umc-emp-mapvote.sp::UMC_OnNextmapSet()
L 11/24/2017 - 22:22:54: [SM]   [3] Call_Finish
L 11/24/2017 - 22:22:54: [SM]   [4] Line 4834, D:\Documents\My Folder\Empires Custom UMC Stuff\SourceMod\Workspace\umc-core.sp::DoMapChange()
L 11/24/2017 - 22:22:54: [SM]   [5] Line 4267, D:\Documents\My Folder\Empires Custom UMC Stuff\SourceMod\Workspace\umc-core.sp::Handle_MapVoteWinner()
L 11/24/2017 - 22:22:54: [SM]   [6] Line 3819, D:\Documents\My Folder\Empires Custom UMC Stuff\SourceMod\Workspace\umc-core.sp::ProcessVoteWinner()
L 11/24/2017 - 22:22:54: [SM]   [7] Line 3795, D:\Documents\My Folder\Empires Custom UMC Stuff\SourceMod\Workspace\umc-core.sp::ProcessVoteResults()
L 11/24/2017 - 22:22:54: [SM]   [8] Line 1277, D:\Documents\My Folder\Empires Custom UMC Stuff\SourceMod\Workspace\umc-core.sp::Native_UMCVoteManagerComplete()
L 11/24/2017 - 22:22:54: [SM]   [10] UMC_VoteManagerVoteCompleted
L 11/24/2017 - 22:22:54: [SM]   [11] Line 2309, D:\Documents\My Folder\Empires Custom UMC Stuff\SourceMod\Workspace\umc-core.sp::Handle_MapVoteResults()
L 11/24/2017 - 22:23:00: Error log file session closed.
L 11/24/2017 - 22:42:19: SourceMod error session started
L 11/24/2017 - 22:42:19: Info (map "emp_palmbay_fix") (file "errors_20171124.log")
L 11/24/2017 - 22:42:19: [SM] Exception reported: Invalid timer handle 36fc02d0 (error 1)
L 11/24/2017 - 22:42:19: [SM] Blaming: umc-emp-mapvote.smx()
L 11/24/2017 - 22:42:19: [SM] Call stack trace:
L 11/24/2017 - 22:42:19: [SM]   [0] KillTimer
L 11/24/2017 - 22:42:19: [SM]   [1] Line 686, D:\Documents\My Folder\Empires Custom UMC Stuff\SourceMod\Workspace\umc-emp-mapvote.sp::UMC_OnNextmapSet()
L 11/24/2017 - 22:42:19: [SM]   [3] Call_Finish
L 11/24/2017 - 22:42:19: [SM]   [4] Line 4834, D:\Documents\My Folder\Empires Custom UMC Stuff\SourceMod\Workspace\umc-core.sp::DoMapChange()
L 11/24/2017 - 22:42:19: [SM]   [5] Line 4267, D:\Documents\My Folder\Empires Custom UMC Stuff\SourceMod\Workspace\umc-core.sp::Handle_MapVoteWinner()
L 11/24/2017 - 22:42:19: [SM]   [6] Line 3819, D:\Documents\My Folder\Empires Custom UMC Stuff\SourceMod\Workspace\umc-core.sp::ProcessVoteWinner()
L 11/24/2017 - 22:42:19: [SM]   [7] Line 3795, D:\Documents\My Folder\Empires Custom UMC Stuff\SourceMod\Workspace\umc-core.sp::ProcessVoteResults()
L 11/24/2017 - 22:42:19: [SM]   [8] Line 1277, D:\Documents\My Folder\Empires Custom UMC Stuff\SourceMod\Workspace\umc-core.sp::Native_UMCVoteManagerComplete()
L 11/24/2017 - 22:42:19: [SM]   [10] UMC_VoteManagerVoteCompleted
L 11/24/2017 - 22:42:19: [SM]   [11] Line 2309, D:\Documents\My Folder\Empires Custom UMC Stuff\SourceMod\Workspace\umc-core.sp::Handle_MapVoteResults()
L 11/24/2017 - 22:42:25: Error log file session closed.
