L 02/03/2018 - 14:04:16: SourceMod error session started
L 02/03/2018 - 14:04:16: Info (map "con_district402") (file "errors_20180203.log")
L 02/03/2018 - 14:04:16: [SDKTOOLS] Invalid detour address passed - Disabling detour to prevent crashes
L 02/03/2018 - 14:04:16: [SDKTOOLS] Failed to find PlayerRunCmd offset - OnPlayerRunCmd forward disabled.
L 02/03/2018 - 17:26:33: [SM] Exception reported: Invalid timer handle 99b0138 (error 1)
L 02/03/2018 - 17:26:33: [SM] Blaming: umc-emp-mapvote.smx()
L 02/03/2018 - 17:26:33: [SM] Call stack trace:
L 02/03/2018 - 17:26:33: [SM]   [0] KillTimer
L 02/03/2018 - 17:26:33: [SM]   [1] Line 686, D:\Documents\My Folder\Empires Custom UMC Stuff\SourceMod\Workspace\umc-emp-mapvote.sp::UMC_OnNextmapSet()
L 02/03/2018 - 17:26:33: [SM]   [3] Call_Finish
L 02/03/2018 - 17:26:33: [SM]   [4] Line 4834, D:\Documents\My Folder\Empires Custom UMC Stuff\SourceMod\Workspace\umc-core.sp::DoMapChange()
L 02/03/2018 - 17:26:33: [SM]   [5] Line 4267, D:\Documents\My Folder\Empires Custom UMC Stuff\SourceMod\Workspace\umc-core.sp::Handle_MapVoteWinner()
L 02/03/2018 - 17:26:33: [SM]   [6] Line 3819, D:\Documents\My Folder\Empires Custom UMC Stuff\SourceMod\Workspace\umc-core.sp::ProcessVoteWinner()
L 02/03/2018 - 17:26:33: [SM]   [7] Line 3795, D:\Documents\My Folder\Empires Custom UMC Stuff\SourceMod\Workspace\umc-core.sp::ProcessVoteResults()
L 02/03/2018 - 17:26:33: [SM]   [8] Line 1277, D:\Documents\My Folder\Empires Custom UMC Stuff\SourceMod\Workspace\umc-core.sp::Native_UMCVoteManagerComplete()
L 02/03/2018 - 17:26:33: [SM]   [10] UMC_VoteManagerVoteCompleted
L 02/03/2018 - 17:26:33: [SM]   [11] Line 2309, D:\Documents\My Folder\Empires Custom UMC Stuff\SourceMod\Workspace\umc-core.sp::Handle_MapVoteResults()
L 02/03/2018 - 17:26:38: Error log file session closed.
L 02/03/2018 - 18:47:51: SourceMod error session started
L 02/03/2018 - 18:47:51: Info (map "emp_downfall") (file "errors_20180203.log")
L 02/03/2018 - 18:47:51: [SM] Exception reported: Invalid timer handle 126e032d (error 1)
L 02/03/2018 - 18:47:51: [SM] Blaming: umc-emp-mapvote.smx()
L 02/03/2018 - 18:47:51: [SM] Call stack trace:
L 02/03/2018 - 18:47:51: [SM]   [0] KillTimer
L 02/03/2018 - 18:47:51: [SM]   [1] Line 686, D:\Documents\My Folder\Empires Custom UMC Stuff\SourceMod\Workspace\umc-emp-mapvote.sp::UMC_OnNextmapSet()
L 02/03/2018 - 18:47:51: [SM]   [3] Call_Finish
L 02/03/2018 - 18:47:51: [SM]   [4] Line 4834, D:\Documents\My Folder\Empires Custom UMC Stuff\SourceMod\Workspace\umc-core.sp::DoMapChange()
L 02/03/2018 - 18:47:51: [SM]   [5] Line 4267, D:\Documents\My Folder\Empires Custom UMC Stuff\SourceMod\Workspace\umc-core.sp::Handle_MapVoteWinner()
L 02/03/2018 - 18:47:51: [SM]   [6] Line 3819, D:\Documents\My Folder\Empires Custom UMC Stuff\SourceMod\Workspace\umc-core.sp::ProcessVoteWinner()
L 02/03/2018 - 18:47:51: [SM]   [7] Line 3795, D:\Documents\My Folder\Empires Custom UMC Stuff\SourceMod\Workspace\umc-core.sp::ProcessVoteResults()
L 02/03/2018 - 18:47:51: [SM]   [8] Line 1277, D:\Documents\My Folder\Empires Custom UMC Stuff\SourceMod\Workspace\umc-core.sp::Native_UMCVoteManagerComplete()
L 02/03/2018 - 18:47:51: [SM]   [10] UMC_VoteManagerVoteCompleted
L 02/03/2018 - 18:47:51: [SM]   [11] Line 2309, D:\Documents\My Folder\Empires Custom UMC Stuff\SourceMod\Workspace\umc-core.sp::Handle_MapVoteResults()
L 02/03/2018 - 18:47:56: Error log file session closed.
L 02/03/2018 - 19:15:54: SourceMod error session started
L 02/03/2018 - 19:15:54: Info (map "emp_flat_fix") (file "errors_20180203.log")
L 02/03/2018 - 19:15:54: [SM] Exception reported: Invalid timer handle 1c12037f (error 3)
L 02/03/2018 - 19:15:54: [SM] Blaming: umc-emp-mapvote.smx()
L 02/03/2018 - 19:15:54: [SM] Call stack trace:
L 02/03/2018 - 19:15:54: [SM]   [0] KillTimer
L 02/03/2018 - 19:15:54: [SM]   [1] Line 686, D:\Documents\My Folder\Empires Custom UMC Stuff\SourceMod\Workspace\umc-emp-mapvote.sp::UMC_OnNextmapSet()
L 02/03/2018 - 19:15:54: [SM]   [3] Call_Finish
L 02/03/2018 - 19:15:54: [SM]   [4] Line 4834, D:\Documents\My Folder\Empires Custom UMC Stuff\SourceMod\Workspace\umc-core.sp::DoMapChange()
L 02/03/2018 - 19:15:54: [SM]   [5] Line 4267, D:\Documents\My Folder\Empires Custom UMC Stuff\SourceMod\Workspace\umc-core.sp::Handle_MapVoteWinner()
L 02/03/2018 - 19:15:54: [SM]   [6] Line 3819, D:\Documents\My Folder\Empires Custom UMC Stuff\SourceMod\Workspace\umc-core.sp::ProcessVoteWinner()
L 02/03/2018 - 19:15:54: [SM]   [7] Line 3795, D:\Documents\My Folder\Empires Custom UMC Stuff\SourceMod\Workspace\umc-core.sp::ProcessVoteResults()
L 02/03/2018 - 19:15:54: [SM]   [8] Line 1277, D:\Documents\My Folder\Empires Custom UMC Stuff\SourceMod\Workspace\umc-core.sp::Native_UMCVoteManagerComplete()
L 02/03/2018 - 19:15:54: [SM]   [10] UMC_VoteManagerVoteCompleted
L 02/03/2018 - 19:15:54: [SM]   [11] Line 2309, D:\Documents\My Folder\Empires Custom UMC Stuff\SourceMod\Workspace\umc-core.sp::Handle_MapVoteResults()
L 02/03/2018 - 19:16:00: Error log file session closed.
L 02/03/2018 - 19:27:35: SourceMod error session started
L 02/03/2018 - 19:27:35: Info (map "emp_snowstorm_rc6") (file "errors_20180203.log")
L 02/03/2018 - 19:27:35: [SM] Exception reported: Invalid timer handle 218b030b (error 3)
L 02/03/2018 - 19:27:35: [SM] Blaming: umc-emp-mapvote.smx()
L 02/03/2018 - 19:27:35: [SM] Call stack trace:
L 02/03/2018 - 19:27:35: [SM]   [0] KillTimer
L 02/03/2018 - 19:27:35: [SM]   [1] Line 686, D:\Documents\My Folder\Empires Custom UMC Stuff\SourceMod\Workspace\umc-emp-mapvote.sp::UMC_OnNextmapSet()
L 02/03/2018 - 19:27:35: [SM]   [3] Call_Finish
L 02/03/2018 - 19:27:35: [SM]   [4] Line 4834, D:\Documents\My Folder\Empires Custom UMC Stuff\SourceMod\Workspace\umc-core.sp::DoMapChange()
L 02/03/2018 - 19:27:35: [SM]   [5] Line 4267, D:\Documents\My Folder\Empires Custom UMC Stuff\SourceMod\Workspace\umc-core.sp::Handle_MapVoteWinner()
L 02/03/2018 - 19:27:35: [SM]   [6] Line 3819, D:\Documents\My Folder\Empires Custom UMC Stuff\SourceMod\Workspace\umc-core.sp::ProcessVoteWinner()
L 02/03/2018 - 19:27:35: [SM]   [7] Line 3795, D:\Documents\My Folder\Empires Custom UMC Stuff\SourceMod\Workspace\umc-core.sp::ProcessVoteResults()
L 02/03/2018 - 19:27:35: [SM]   [8] Line 1277, D:\Documents\My Folder\Empires Custom UMC Stuff\SourceMod\Workspace\umc-core.sp::Native_UMCVoteManagerComplete()
L 02/03/2018 - 19:27:35: [SM]   [10] UMC_VoteManagerVoteCompleted
L 02/03/2018 - 19:27:35: [SM]   [11] Line 2309, D:\Documents\My Folder\Empires Custom UMC Stuff\SourceMod\Workspace\umc-core.sp::Handle_MapVoteResults()
L 02/03/2018 - 19:27:41: Error log file session closed.
L 02/03/2018 - 20:26:39: SourceMod error session started
L 02/03/2018 - 20:26:39: Info (map "emp_palmbay_fix") (file "errors_20180203.log")
L 02/03/2018 - 20:26:39: [SM] Exception reported: Invalid timer handle 35b6035f (error 1)
L 02/03/2018 - 20:26:39: [SM] Blaming: umc-emp-mapvote.smx()
L 02/03/2018 - 20:26:39: [SM] Call stack trace:
L 02/03/2018 - 20:26:39: [SM]   [0] KillTimer
L 02/03/2018 - 20:26:39: [SM]   [1] Line 686, D:\Documents\My Folder\Empires Custom UMC Stuff\SourceMod\Workspace\umc-emp-mapvote.sp::UMC_OnNextmapSet()
L 02/03/2018 - 20:26:39: [SM]   [3] Call_Finish
L 02/03/2018 - 20:26:39: [SM]   [4] Line 4834, D:\Documents\My Folder\Empires Custom UMC Stuff\SourceMod\Workspace\umc-core.sp::DoMapChange()
L 02/03/2018 - 20:26:39: [SM]   [5] Line 4267, D:\Documents\My Folder\Empires Custom UMC Stuff\SourceMod\Workspace\umc-core.sp::Handle_MapVoteWinner()
L 02/03/2018 - 20:26:39: [SM]   [6] Line 3819, D:\Documents\My Folder\Empires Custom UMC Stuff\SourceMod\Workspace\umc-core.sp::ProcessVoteWinner()
L 02/03/2018 - 20:26:39: [SM]   [7] Line 3795, D:\Documents\My Folder\Empires Custom UMC Stuff\SourceMod\Workspace\umc-core.sp::ProcessVoteResults()
L 02/03/2018 - 20:26:39: [SM]   [8] Line 1277, D:\Documents\My Folder\Empires Custom UMC Stuff\SourceMod\Workspace\umc-core.sp::Native_UMCVoteManagerComplete()
L 02/03/2018 - 20:26:39: [SM]   [10] UMC_VoteManagerVoteCompleted
L 02/03/2018 - 20:26:39: [SM]   [11] Line 2309, D:\Documents\My Folder\Empires Custom UMC Stuff\SourceMod\Workspace\umc-core.sp::Handle_MapVoteResults()
L 02/03/2018 - 20:26:45: Error log file session closed.
L 02/03/2018 - 20:50:20: SourceMod error session started
L 02/03/2018 - 20:50:20: Info (map "emp_homeland_b9") (file "errors_20180203.log")
L 02/03/2018 - 20:50:20: [SM] Exception reported: Invalid timer handle 41db034c (error 3)
L 02/03/2018 - 20:50:20: [SM] Blaming: umc-emp-mapvote.smx()
L 02/03/2018 - 20:50:20: [SM] Call stack trace:
L 02/03/2018 - 20:50:20: [SM]   [0] KillTimer
L 02/03/2018 - 20:50:20: [SM]   [1] Line 686, D:\Documents\My Folder\Empires Custom UMC Stuff\SourceMod\Workspace\umc-emp-mapvote.sp::UMC_OnNextmapSet()
L 02/03/2018 - 20:50:20: [SM]   [3] Call_Finish
L 02/03/2018 - 20:50:20: [SM]   [4] Line 4834, D:\Documents\My Folder\Empires Custom UMC Stuff\SourceMod\Workspace\umc-core.sp::DoMapChange()
L 02/03/2018 - 20:50:20: [SM]   [5] Line 4267, D:\Documents\My Folder\Empires Custom UMC Stuff\SourceMod\Workspace\umc-core.sp::Handle_MapVoteWinner()
L 02/03/2018 - 20:50:20: [SM]   [6] Line 3819, D:\Documents\My Folder\Empires Custom UMC Stuff\SourceMod\Workspace\umc-core.sp::ProcessVoteWinner()
L 02/03/2018 - 20:50:20: [SM]   [7] Line 3795, D:\Documents\My Folder\Empires Custom UMC Stuff\SourceMod\Workspace\umc-core.sp::ProcessVoteResults()
L 02/03/2018 - 20:50:20: [SM]   [8] Line 1277, D:\Documents\My Folder\Empires Custom UMC Stuff\SourceMod\Workspace\umc-core.sp::Native_UMCVoteManagerComplete()
L 02/03/2018 - 20:50:20: [SM]   [10] UMC_VoteManagerVoteCompleted
L 02/03/2018 - 20:50:20: [SM]   [11] Line 2309, D:\Documents\My Folder\Empires Custom UMC Stuff\SourceMod\Workspace\umc-core.sp::Handle_MapVoteResults()
L 02/03/2018 - 20:50:26: Error log file session closed.
L 02/03/2018 - 21:35:57: SourceMod error session started
L 02/03/2018 - 21:35:57: Info (map "emp_canyon") (file "errors_20180203.log")
L 02/03/2018 - 21:35:57: [SM] Exception reported: Invalid timer handle 5864036b (error 3)
L 02/03/2018 - 21:35:57: [SM] Blaming: umc-emp-mapvote.smx()
L 02/03/2018 - 21:35:57: [SM] Call stack trace:
L 02/03/2018 - 21:35:57: [SM]   [0] KillTimer
L 02/03/2018 - 21:35:57: [SM]   [1] Line 686, D:\Documents\My Folder\Empires Custom UMC Stuff\SourceMod\Workspace\umc-emp-mapvote.sp::UMC_OnNextmapSet()
L 02/03/2018 - 21:35:57: [SM]   [3] Call_Finish
L 02/03/2018 - 21:35:57: [SM]   [4] Line 4834, D:\Documents\My Folder\Empires Custom UMC Stuff\SourceMod\Workspace\umc-core.sp::DoMapChange()
L 02/03/2018 - 21:35:57: [SM]   [5] Line 4267, D:\Documents\My Folder\Empires Custom UMC Stuff\SourceMod\Workspace\umc-core.sp::Handle_MapVoteWinner()
L 02/03/2018 - 21:35:57: [SM]   [6] Line 3819, D:\Documents\My Folder\Empires Custom UMC Stuff\SourceMod\Workspace\umc-core.sp::ProcessVoteWinner()
L 02/03/2018 - 21:35:57: [SM]   [7] Line 3795, D:\Documents\My Folder\Empires Custom UMC Stuff\SourceMod\Workspace\umc-core.sp::ProcessVoteResults()
L 02/03/2018 - 21:35:57: [SM]   [8] Line 1277, D:\Documents\My Folder\Empires Custom UMC Stuff\SourceMod\Workspace\umc-core.sp::Native_UMCVoteManagerComplete()
L 02/03/2018 - 21:35:57: [SM]   [10] UMC_VoteManagerVoteCompleted
L 02/03/2018 - 21:35:57: [SM]   [11] Line 2309, D:\Documents\My Folder\Empires Custom UMC Stuff\SourceMod\Workspace\umc-core.sp::Handle_MapVoteResults()
L 02/03/2018 - 21:36:02: Error log file session closed.
L 02/03/2018 - 21:54:59: SourceMod error session started
L 02/03/2018 - 21:54:59: Info (map "emp_research_1_2_2013") (file "errors_20180203.log")
L 02/03/2018 - 21:54:59: [SM] Exception reported: Invalid timer handle 636003b9 (error 3)
L 02/03/2018 - 21:54:59: [SM] Blaming: umc-emp-mapvote.smx()
L 02/03/2018 - 21:54:59: [SM] Call stack trace:
L 02/03/2018 - 21:54:59: [SM]   [0] KillTimer
L 02/03/2018 - 21:54:59: [SM]   [1] Line 686, D:\Documents\My Folder\Empires Custom UMC Stuff\SourceMod\Workspace\umc-emp-mapvote.sp::UMC_OnNextmapSet()
L 02/03/2018 - 21:54:59: [SM]   [3] Call_Finish
L 02/03/2018 - 21:54:59: [SM]   [4] Line 4834, D:\Documents\My Folder\Empires Custom UMC Stuff\SourceMod\Workspace\umc-core.sp::DoMapChange()
L 02/03/2018 - 21:54:59: [SM]   [5] Line 4267, D:\Documents\My Folder\Empires Custom UMC Stuff\SourceMod\Workspace\umc-core.sp::Handle_MapVoteWinner()
L 02/03/2018 - 21:54:59: [SM]   [6] Line 3819, D:\Documents\My Folder\Empires Custom UMC Stuff\SourceMod\Workspace\umc-core.sp::ProcessVoteWinner()
L 02/03/2018 - 21:54:59: [SM]   [7] Line 3795, D:\Documents\My Folder\Empires Custom UMC Stuff\SourceMod\Workspace\umc-core.sp::ProcessVoteResults()
L 02/03/2018 - 21:54:59: [SM]   [8] Line 1277, D:\Documents\My Folder\Empires Custom UMC Stuff\SourceMod\Workspace\umc-core.sp::Native_UMCVoteManagerComplete()
L 02/03/2018 - 21:54:59: [SM]   [10] UMC_VoteManagerVoteCompleted
L 02/03/2018 - 21:54:59: [SM]   [11] Line 2309, D:\Documents\My Folder\Empires Custom UMC Stuff\SourceMod\Workspace\umc-core.sp::Handle_MapVoteResults()
L 02/03/2018 - 21:55:05: Error log file session closed.
L 02/03/2018 - 22:39:22: SourceMod error session started
L 02/03/2018 - 22:39:22: Info (map "emp_coast") (file "errors_20180203.log")
L 02/03/2018 - 22:39:22: [SM] Exception reported: Invalid timer handle 76da0353 (error 1)
L 02/03/2018 - 22:39:22: [SM] Blaming: umc-emp-mapvote.smx()
L 02/03/2018 - 22:39:22: [SM] Call stack trace:
L 02/03/2018 - 22:39:22: [SM]   [0] KillTimer
L 02/03/2018 - 22:39:22: [SM]   [1] Line 686, D:\Documents\My Folder\Empires Custom UMC Stuff\SourceMod\Workspace\umc-emp-mapvote.sp::UMC_OnNextmapSet()
L 02/03/2018 - 22:39:22: [SM]   [3] Call_Finish
L 02/03/2018 - 22:39:22: [SM]   [4] Line 4834, D:\Documents\My Folder\Empires Custom UMC Stuff\SourceMod\Workspace\umc-core.sp::DoMapChange()
L 02/03/2018 - 22:39:22: [SM]   [5] Line 4267, D:\Documents\My Folder\Empires Custom UMC Stuff\SourceMod\Workspace\umc-core.sp::Handle_MapVoteWinner()
L 02/03/2018 - 22:39:22: [SM]   [6] Line 3819, D:\Documents\My Folder\Empires Custom UMC Stuff\SourceMod\Workspace\umc-core.sp::ProcessVoteWinner()
L 02/03/2018 - 22:39:22: [SM]   [7] Line 3795, D:\Documents\My Folder\Empires Custom UMC Stuff\SourceMod\Workspace\umc-core.sp::ProcessVoteResults()
L 02/03/2018 - 22:39:22: [SM]   [8] Line 1277, D:\Documents\My Folder\Empires Custom UMC Stuff\SourceMod\Workspace\umc-core.sp::Native_UMCVoteManagerComplete()
L 02/03/2018 - 22:39:22: [SM]   [10] UMC_VoteManagerVoteCompleted
L 02/03/2018 - 22:39:22: [SM]   [11] Line 2309, D:\Documents\My Folder\Empires Custom UMC Stuff\SourceMod\Workspace\umc-core.sp::Handle_MapVoteResults()
L 02/03/2018 - 22:39:27: Error log file session closed.
L 02/03/2018 - 23:09:00: SourceMod error session started
L 02/03/2018 - 23:09:00: Info (map "emp_flat_fix") (file "errors_20180203.log")
L 02/03/2018 - 23:09:00: [SM] Exception reported: Invalid timer handle 86e803af (error 1)
L 02/03/2018 - 23:09:00: [SM] Blaming: umc-emp-mapvote.smx()
L 02/03/2018 - 23:09:00: [SM] Call stack trace:
L 02/03/2018 - 23:09:00: [SM]   [0] KillTimer
L 02/03/2018 - 23:09:00: [SM]   [1] Line 686, D:\Documents\My Folder\Empires Custom UMC Stuff\SourceMod\Workspace\umc-emp-mapvote.sp::UMC_OnNextmapSet()
L 02/03/2018 - 23:09:00: [SM]   [3] Call_Finish
L 02/03/2018 - 23:09:00: [SM]   [4] Line 4834, D:\Documents\My Folder\Empires Custom UMC Stuff\SourceMod\Workspace\umc-core.sp::DoMapChange()
L 02/03/2018 - 23:09:00: [SM]   [5] Line 4267, D:\Documents\My Folder\Empires Custom UMC Stuff\SourceMod\Workspace\umc-core.sp::Handle_MapVoteWinner()
L 02/03/2018 - 23:09:00: [SM]   [6] Line 3819, D:\Documents\My Folder\Empires Custom UMC Stuff\SourceMod\Workspace\umc-core.sp::ProcessVoteWinner()
L 02/03/2018 - 23:09:00: [SM]   [7] Line 3795, D:\Documents\My Folder\Empires Custom UMC Stuff\SourceMod\Workspace\umc-core.sp::ProcessVoteResults()
L 02/03/2018 - 23:09:00: [SM]   [8] Line 1277, D:\Documents\My Folder\Empires Custom UMC Stuff\SourceMod\Workspace\umc-core.sp::Native_UMCVoteManagerComplete()
L 02/03/2018 - 23:09:00: [SM]   [10] UMC_VoteManagerVoteCompleted
L 02/03/2018 - 23:09:00: [SM]   [11] Line 2309, D:\Documents\My Folder\Empires Custom UMC Stuff\SourceMod\Workspace\umc-core.sp::Handle_MapVoteResults()
L 02/03/2018 - 23:09:08: Error log file session closed.
L 02/03/2018 - 23:51:09: SourceMod error session started
L 02/03/2018 - 23:51:09: Info (map "con_blast_ob2") (file "errors_20180203.log")
L 02/03/2018 - 23:51:09: [SM] Exception reported: Invalid timer handle 949b02ef (error 3)
L 02/03/2018 - 23:51:09: [SM] Blaming: umc-emp-mapvote.smx()
L 02/03/2018 - 23:51:09: [SM] Call stack trace:
L 02/03/2018 - 23:51:09: [SM]   [0] KillTimer
L 02/03/2018 - 23:51:09: [SM]   [1] Line 686, D:\Documents\My Folder\Empires Custom UMC Stuff\SourceMod\Workspace\umc-emp-mapvote.sp::UMC_OnNextmapSet()
L 02/03/2018 - 23:51:09: [SM]   [3] Call_Finish
L 02/03/2018 - 23:51:09: [SM]   [4] Line 4834, D:\Documents\My Folder\Empires Custom UMC Stuff\SourceMod\Workspace\umc-core.sp::DoMapChange()
L 02/03/2018 - 23:51:09: [SM]   [5] Line 1767, D:\Documents\My Folder\Empires Custom UMC Stuff\SourceMod\Workspace\umc-core.sp::Native_UMCSetNextMap()
L 02/03/2018 - 23:51:09: [SM]   [7] UMC_SetNextMap
L 02/03/2018 - 23:51:09: [SM]   [8] Line 621, D:\Documents\My Folder\Empires Custom UMC Stuff\SourceMod\Workspace\umc-emp-mapvote.sp::DoRandomNextMap()
L 02/03/2018 - 23:51:09: [SM]   [9] Line 606, D:\Documents\My Folder\Empires Custom UMC Stuff\SourceMod\Workspace\umc-emp-mapvote.sp::DoMapChangeFailSafe()
L 02/03/2018 - 23:51:09: [SM]   [10] Line 722, D:\Documents\My Folder\Empires Custom UMC Stuff\SourceMod\Workspace\umc-emp-mapvote.sp::UMC_OnVoteFailed()
L 02/03/2018 - 23:51:09: [SM]   [12] Call_Finish
L 02/03/2018 - 23:51:09: [SM]   [13] Line 4796, D:\Documents\My Folder\Empires Custom UMC Stuff\SourceMod\Workspace\umc-core.sp::VoteFailed()
L 02/03/2018 - 23:51:09: [SM]   [14] Line 3507, D:\Documents\My Folder\Empires Custom UMC Stuff\SourceMod\Workspace\umc-core.sp::VoteCancelled()
L 02/03/2018 - 23:51:09: [SM]   [15] Line 1177, D:\Documents\My Folder\Empires Custom UMC Stuff\SourceMod\Workspace\umc-core.sp::Native_UMCVoteManagerCancel()
L 02/03/2018 - 23:51:09: [SM]   [17] UMC_VoteManagerVoteCancelled
L 02/03/2018 - 23:51:09: [SM]   [18] Line 2276, D:\Documents\My Folder\Empires Custom UMC Stuff\SourceMod\Workspace\umc-core.sp::Handle_VoteMenu()
L 02/03/2018 - 23:51:14: Error log file session closed.
