L 01/20/2018 - 00:05:38: SourceMod error session started
L 01/20/2018 - 00:05:38: Info (map "fun_ricochet_a4") (file "errors_20180120.log")
L 01/20/2018 - 00:05:38: [SM] Exception reported: Invalid timer handle 4bca0344 (error 3)
L 01/20/2018 - 00:05:38: [SM] Blaming: umc-emp-mapvote.smx()
L 01/20/2018 - 00:05:38: [SM] Call stack trace:
L 01/20/2018 - 00:05:38: [SM]   [0] KillTimer
L 01/20/2018 - 00:05:38: [SM]   [1] Line 686, D:\Documents\My Folder\Empires Custom UMC Stuff\SourceMod\Workspace\umc-emp-mapvote.sp::UMC_OnNextmapSet()
L 01/20/2018 - 00:05:38: [SM]   [3] Call_Finish
L 01/20/2018 - 00:05:38: [SM]   [4] Line 4834, D:\Documents\My Folder\Empires Custom UMC Stuff\SourceMod\Workspace\umc-core.sp::DoMapChange()
L 01/20/2018 - 00:05:38: [SM]   [5] Line 4267, D:\Documents\My Folder\Empires Custom UMC Stuff\SourceMod\Workspace\umc-core.sp::Handle_MapVoteWinner()
L 01/20/2018 - 00:05:38: [SM]   [6] Line 3819, D:\Documents\My Folder\Empires Custom UMC Stuff\SourceMod\Workspace\umc-core.sp::ProcessVoteWinner()
L 01/20/2018 - 00:05:38: [SM]   [7] Line 3795, D:\Documents\My Folder\Empires Custom UMC Stuff\SourceMod\Workspace\umc-core.sp::ProcessVoteResults()
L 01/20/2018 - 00:05:38: [SM]   [8] Line 1277, D:\Documents\My Folder\Empires Custom UMC Stuff\SourceMod\Workspace\umc-core.sp::Native_UMCVoteManagerComplete()
L 01/20/2018 - 00:05:38: [SM]   [10] UMC_VoteManagerVoteCompleted
L 01/20/2018 - 00:05:38: [SM]   [11] Line 2309, D:\Documents\My Folder\Empires Custom UMC Stuff\SourceMod\Workspace\umc-core.sp::Handle_MapVoteResults()
L 01/20/2018 - 00:05:45: Error log file session closed.
L 01/20/2018 - 13:51:44: SourceMod error session started
L 01/20/2018 - 13:51:44: Info (map "con_district402") (file "errors_20180120.log")
L 01/20/2018 - 13:51:44: [SDKTOOLS] Invalid detour address passed - Disabling detour to prevent crashes
L 01/20/2018 - 13:51:44: [SDKTOOLS] Failed to find PlayerRunCmd offset - OnPlayerRunCmd forward disabled.
L 01/20/2018 - 15:28:17: SourceMod error session started
L 01/20/2018 - 15:28:17: Info (map "con_district402") (file "errors_20180120.log")
L 01/20/2018 - 15:28:17: [SDKTOOLS] Invalid detour address passed - Disabling detour to prevent crashes
L 01/20/2018 - 15:28:17: [SDKTOOLS] Failed to find PlayerRunCmd offset - OnPlayerRunCmd forward disabled.
L 01/20/2018 - 15:30:57: Error log file session closed.
L 01/20/2018 - 16:10:45: SourceMod error session started
L 01/20/2018 - 16:10:45: Info (map "con_district402") (file "errors_20180120.log")
L 01/20/2018 - 16:10:45: [SM] Exception reported: Invalid timer handle 890031e (error 3)
L 01/20/2018 - 16:10:45: [SM] Blaming: umc-emp-mapvote.smx()
L 01/20/2018 - 16:10:45: [SM] Call stack trace:
L 01/20/2018 - 16:10:45: [SM]   [0] KillTimer
L 01/20/2018 - 16:10:45: [SM]   [1] Line 686, D:\Documents\My Folder\Empires Custom UMC Stuff\SourceMod\Workspace\umc-emp-mapvote.sp::UMC_OnNextmapSet()
L 01/20/2018 - 16:10:45: [SM]   [3] Call_Finish
L 01/20/2018 - 16:10:45: [SM]   [4] Line 4834, D:\Documents\My Folder\Empires Custom UMC Stuff\SourceMod\Workspace\umc-core.sp::DoMapChange()
L 01/20/2018 - 16:10:45: [SM]   [5] Line 1767, D:\Documents\My Folder\Empires Custom UMC Stuff\SourceMod\Workspace\umc-core.sp::Native_UMCSetNextMap()
L 01/20/2018 - 16:10:45: [SM]   [7] UMC_SetNextMap
L 01/20/2018 - 16:10:45: [SM]   [8] Line 621, D:\Documents\My Folder\Empires Custom UMC Stuff\SourceMod\Workspace\umc-emp-mapvote.sp::DoRandomNextMap()
L 01/20/2018 - 16:10:45: [SM]   [9] Line 606, D:\Documents\My Folder\Empires Custom UMC Stuff\SourceMod\Workspace\umc-emp-mapvote.sp::DoMapChangeFailSafe()
L 01/20/2018 - 16:10:45: [SM]   [10] Line 722, D:\Documents\My Folder\Empires Custom UMC Stuff\SourceMod\Workspace\umc-emp-mapvote.sp::UMC_OnVoteFailed()
L 01/20/2018 - 16:10:45: [SM]   [12] Call_Finish
L 01/20/2018 - 16:10:45: [SM]   [13] Line 4796, D:\Documents\My Folder\Empires Custom UMC Stuff\SourceMod\Workspace\umc-core.sp::VoteFailed()
L 01/20/2018 - 16:10:45: [SM]   [14] Line 3507, D:\Documents\My Folder\Empires Custom UMC Stuff\SourceMod\Workspace\umc-core.sp::VoteCancelled()
L 01/20/2018 - 16:10:45: [SM]   [15] Line 1177, D:\Documents\My Folder\Empires Custom UMC Stuff\SourceMod\Workspace\umc-core.sp::Native_UMCVoteManagerCancel()
L 01/20/2018 - 16:10:45: [SM]   [17] UMC_VoteManagerVoteCancelled
L 01/20/2018 - 16:10:45: [SM]   [18] Line 2276, D:\Documents\My Folder\Empires Custom UMC Stuff\SourceMod\Workspace\umc-core.sp::Handle_VoteMenu()
L 01/20/2018 - 16:10:51: Error log file session closed.
L 01/20/2018 - 16:44:00: SourceMod error session started
L 01/20/2018 - 16:44:00: Info (map "con_urbanchaos_comm_b2") (file "errors_20180120.log")
L 01/20/2018 - 16:44:00: [SM] Exception reported: Invalid timer handle ca5033b (error 3)
L 01/20/2018 - 16:44:00: [SM] Blaming: umc-emp-mapvote.smx()
L 01/20/2018 - 16:44:00: [SM] Call stack trace:
L 01/20/2018 - 16:44:00: [SM]   [0] KillTimer
L 01/20/2018 - 16:44:00: [SM]   [1] Line 686, D:\Documents\My Folder\Empires Custom UMC Stuff\SourceMod\Workspace\umc-emp-mapvote.sp::UMC_OnNextmapSet()
L 01/20/2018 - 16:44:00: [SM]   [3] Call_Finish
L 01/20/2018 - 16:44:00: [SM]   [4] Line 4834, D:\Documents\My Folder\Empires Custom UMC Stuff\SourceMod\Workspace\umc-core.sp::DoMapChange()
L 01/20/2018 - 16:44:00: [SM]   [5] Line 1767, D:\Documents\My Folder\Empires Custom UMC Stuff\SourceMod\Workspace\umc-core.sp::Native_UMCSetNextMap()
L 01/20/2018 - 16:44:00: [SM]   [7] UMC_SetNextMap
L 01/20/2018 - 16:44:00: [SM]   [8] Line 621, D:\Documents\My Folder\Empires Custom UMC Stuff\SourceMod\Workspace\umc-emp-mapvote.sp::DoRandomNextMap()
L 01/20/2018 - 16:44:00: [SM]   [9] Line 606, D:\Documents\My Folder\Empires Custom UMC Stuff\SourceMod\Workspace\umc-emp-mapvote.sp::DoMapChangeFailSafe()
L 01/20/2018 - 16:44:00: [SM]   [10] Line 722, D:\Documents\My Folder\Empires Custom UMC Stuff\SourceMod\Workspace\umc-emp-mapvote.sp::UMC_OnVoteFailed()
L 01/20/2018 - 16:44:00: [SM]   [12] Call_Finish
L 01/20/2018 - 16:44:00: [SM]   [13] Line 4796, D:\Documents\My Folder\Empires Custom UMC Stuff\SourceMod\Workspace\umc-core.sp::VoteFailed()
L 01/20/2018 - 16:44:00: [SM]   [14] Line 3507, D:\Documents\My Folder\Empires Custom UMC Stuff\SourceMod\Workspace\umc-core.sp::VoteCancelled()
L 01/20/2018 - 16:44:00: [SM]   [15] Line 1177, D:\Documents\My Folder\Empires Custom UMC Stuff\SourceMod\Workspace\umc-core.sp::Native_UMCVoteManagerCancel()
L 01/20/2018 - 16:44:00: [SM]   [17] UMC_VoteManagerVoteCancelled
L 01/20/2018 - 16:44:00: [SM]   [18] Line 2276, D:\Documents\My Folder\Empires Custom UMC Stuff\SourceMod\Workspace\umc-core.sp::Handle_VoteMenu()
L 01/20/2018 - 16:44:06: Error log file session closed.
L 01/20/2018 - 17:26:33: SourceMod error session started
L 01/20/2018 - 17:26:33: Info (map "emp_fogtown_cl2_fix") (file "errors_20180120.log")
L 01/20/2018 - 17:26:33: [SM] Exception reported: Invalid timer handle 10b202dc (error 1)
L 01/20/2018 - 17:26:33: [SM] Blaming: umc-emp-mapvote.smx()
L 01/20/2018 - 17:26:33: [SM] Call stack trace:
L 01/20/2018 - 17:26:33: [SM]   [0] KillTimer
L 01/20/2018 - 17:26:33: [SM]   [1] Line 686, D:\Documents\My Folder\Empires Custom UMC Stuff\SourceMod\Workspace\umc-emp-mapvote.sp::UMC_OnNextmapSet()
L 01/20/2018 - 17:26:33: [SM]   [3] Call_Finish
L 01/20/2018 - 17:26:33: [SM]   [4] Line 4834, D:\Documents\My Folder\Empires Custom UMC Stuff\SourceMod\Workspace\umc-core.sp::DoMapChange()
L 01/20/2018 - 17:26:33: [SM]   [5] Line 4267, D:\Documents\My Folder\Empires Custom UMC Stuff\SourceMod\Workspace\umc-core.sp::Handle_MapVoteWinner()
L 01/20/2018 - 17:26:33: [SM]   [6] Line 3819, D:\Documents\My Folder\Empires Custom UMC Stuff\SourceMod\Workspace\umc-core.sp::ProcessVoteWinner()
L 01/20/2018 - 17:26:33: [SM]   [7] Line 3795, D:\Documents\My Folder\Empires Custom UMC Stuff\SourceMod\Workspace\umc-core.sp::ProcessVoteResults()
L 01/20/2018 - 17:26:33: [SM]   [8] Line 1277, D:\Documents\My Folder\Empires Custom UMC Stuff\SourceMod\Workspace\umc-core.sp::Native_UMCVoteManagerComplete()
L 01/20/2018 - 17:26:33: [SM]   [10] UMC_VoteManagerVoteCompleted
L 01/20/2018 - 17:26:33: [SM]   [11] Line 2309, D:\Documents\My Folder\Empires Custom UMC Stuff\SourceMod\Workspace\umc-core.sp::Handle_MapVoteResults()
L 01/20/2018 - 17:26:39: Error log file session closed.
L 01/20/2018 - 18:25:36: SourceMod error session started
L 01/20/2018 - 18:25:36: Info (map "emp_crossroads_towerless") (file "errors_20180120.log")
L 01/20/2018 - 18:25:36: [SM] Exception reported: Invalid timer handle 181e035b (error 1)
L 01/20/2018 - 18:25:36: [SM] Blaming: umc-emp-mapvote.smx()
L 01/20/2018 - 18:25:36: [SM] Call stack trace:
L 01/20/2018 - 18:25:36: [SM]   [0] KillTimer
L 01/20/2018 - 18:25:36: [SM]   [1] Line 686, D:\Documents\My Folder\Empires Custom UMC Stuff\SourceMod\Workspace\umc-emp-mapvote.sp::UMC_OnNextmapSet()
L 01/20/2018 - 18:25:36: [SM]   [3] Call_Finish
L 01/20/2018 - 18:25:36: [SM]   [4] Line 4834, D:\Documents\My Folder\Empires Custom UMC Stuff\SourceMod\Workspace\umc-core.sp::DoMapChange()
L 01/20/2018 - 18:25:36: [SM]   [5] Line 4267, D:\Documents\My Folder\Empires Custom UMC Stuff\SourceMod\Workspace\umc-core.sp::Handle_MapVoteWinner()
L 01/20/2018 - 18:25:36: [SM]   [6] Line 3819, D:\Documents\My Folder\Empires Custom UMC Stuff\SourceMod\Workspace\umc-core.sp::ProcessVoteWinner()
L 01/20/2018 - 18:25:36: [SM]   [7] Line 3795, D:\Documents\My Folder\Empires Custom UMC Stuff\SourceMod\Workspace\umc-core.sp::ProcessVoteResults()
L 01/20/2018 - 18:25:36: [SM]   [8] Line 1277, D:\Documents\My Folder\Empires Custom UMC Stuff\SourceMod\Workspace\umc-core.sp::Native_UMCVoteManagerComplete()
L 01/20/2018 - 18:25:36: [SM]   [10] UMC_VoteManagerVoteCompleted
L 01/20/2018 - 18:25:36: [SM]   [11] Line 2309, D:\Documents\My Folder\Empires Custom UMC Stuff\SourceMod\Workspace\umc-core.sp::Handle_MapVoteResults()
L 01/20/2018 - 18:25:42: Error log file session closed.
L 01/20/2018 - 18:41:44: SourceMod error session started
L 01/20/2018 - 18:41:44: Info (map "emp_beachfront_b2") (file "errors_20180120.log")
L 01/20/2018 - 18:41:44: [SM] Exception reported: Invalid timer handle 1d8a0159 (error 1)
L 01/20/2018 - 18:41:44: [SM] Blaming: umc-emp-mapvote.smx()
L 01/20/2018 - 18:41:44: [SM] Call stack trace:
L 01/20/2018 - 18:41:44: [SM]   [0] KillTimer
L 01/20/2018 - 18:41:44: [SM]   [1] Line 686, D:\Documents\My Folder\Empires Custom UMC Stuff\SourceMod\Workspace\umc-emp-mapvote.sp::UMC_OnNextmapSet()
L 01/20/2018 - 18:41:44: [SM]   [3] Call_Finish
L 01/20/2018 - 18:41:44: [SM]   [4] Line 4834, D:\Documents\My Folder\Empires Custom UMC Stuff\SourceMod\Workspace\umc-core.sp::DoMapChange()
L 01/20/2018 - 18:41:44: [SM]   [5] Line 4267, D:\Documents\My Folder\Empires Custom UMC Stuff\SourceMod\Workspace\umc-core.sp::Handle_MapVoteWinner()
L 01/20/2018 - 18:41:44: [SM]   [6] Line 3819, D:\Documents\My Folder\Empires Custom UMC Stuff\SourceMod\Workspace\umc-core.sp::ProcessVoteWinner()
L 01/20/2018 - 18:41:44: [SM]   [7] Line 3795, D:\Documents\My Folder\Empires Custom UMC Stuff\SourceMod\Workspace\umc-core.sp::ProcessVoteResults()
L 01/20/2018 - 18:41:44: [SM]   [8] Line 1277, D:\Documents\My Folder\Empires Custom UMC Stuff\SourceMod\Workspace\umc-core.sp::Native_UMCVoteManagerComplete()
L 01/20/2018 - 18:41:44: [SM]   [10] UMC_VoteManagerVoteCompleted
L 01/20/2018 - 18:41:44: [SM]   [11] Line 2309, D:\Documents\My Folder\Empires Custom UMC Stuff\SourceMod\Workspace\umc-core.sp::Handle_MapVoteResults()
L 01/20/2018 - 18:41:49: Error log file session closed.
L 01/20/2018 - 19:21:49: SourceMod error session started
L 01/20/2018 - 19:21:49: Info (map "emp_nuclear_b8u_xfix") (file "errors_20180120.log")
L 01/20/2018 - 19:21:49: [SM] Exception reported: Invalid timer handle 26630393 (error 1)
L 01/20/2018 - 19:21:49: [SM] Blaming: umc-emp-mapvote.smx()
L 01/20/2018 - 19:21:49: [SM] Call stack trace:
L 01/20/2018 - 19:21:49: [SM]   [0] KillTimer
L 01/20/2018 - 19:21:49: [SM]   [1] Line 686, D:\Documents\My Folder\Empires Custom UMC Stuff\SourceMod\Workspace\umc-emp-mapvote.sp::UMC_OnNextmapSet()
L 01/20/2018 - 19:21:49: [SM]   [3] Call_Finish
L 01/20/2018 - 19:21:49: [SM]   [4] Line 4834, D:\Documents\My Folder\Empires Custom UMC Stuff\SourceMod\Workspace\umc-core.sp::DoMapChange()
L 01/20/2018 - 19:21:49: [SM]   [5] Line 4267, D:\Documents\My Folder\Empires Custom UMC Stuff\SourceMod\Workspace\umc-core.sp::Handle_MapVoteWinner()
L 01/20/2018 - 19:21:49: [SM]   [6] Line 3819, D:\Documents\My Folder\Empires Custom UMC Stuff\SourceMod\Workspace\umc-core.sp::ProcessVoteWinner()
L 01/20/2018 - 19:21:49: [SM]   [7] Line 3795, D:\Documents\My Folder\Empires Custom UMC Stuff\SourceMod\Workspace\umc-core.sp::ProcessVoteResults()
L 01/20/2018 - 19:21:49: [SM]   [8] Line 1277, D:\Documents\My Folder\Empires Custom UMC Stuff\SourceMod\Workspace\umc-core.sp::Native_UMCVoteManagerComplete()
L 01/20/2018 - 19:21:49: [SM]   [10] UMC_VoteManagerVoteCompleted
L 01/20/2018 - 19:21:49: [SM]   [11] Line 2309, D:\Documents\My Folder\Empires Custom UMC Stuff\SourceMod\Workspace\umc-core.sp::Handle_MapVoteResults()
L 01/20/2018 - 19:21:58: Error log file session closed.
L 01/20/2018 - 19:38:21: SourceMod error session started
L 01/20/2018 - 19:38:21: Info (map "emp_hazard_rc6") (file "errors_20180120.log")
L 01/20/2018 - 19:38:21: [SM] Exception reported: Invalid timer handle 2dcc0389 (error 1)
L 01/20/2018 - 19:38:21: [SM] Blaming: umc-emp-mapvote.smx()
L 01/20/2018 - 19:38:21: [SM] Call stack trace:
L 01/20/2018 - 19:38:21: [SM]   [0] KillTimer
L 01/20/2018 - 19:38:21: [SM]   [1] Line 686, D:\Documents\My Folder\Empires Custom UMC Stuff\SourceMod\Workspace\umc-emp-mapvote.sp::UMC_OnNextmapSet()
L 01/20/2018 - 19:38:21: [SM]   [3] Call_Finish
L 01/20/2018 - 19:38:21: [SM]   [4] Line 4834, D:\Documents\My Folder\Empires Custom UMC Stuff\SourceMod\Workspace\umc-core.sp::DoMapChange()
L 01/20/2018 - 19:38:21: [SM]   [5] Line 4267, D:\Documents\My Folder\Empires Custom UMC Stuff\SourceMod\Workspace\umc-core.sp::Handle_MapVoteWinner()
L 01/20/2018 - 19:38:21: [SM]   [6] Line 3819, D:\Documents\My Folder\Empires Custom UMC Stuff\SourceMod\Workspace\umc-core.sp::ProcessVoteWinner()
L 01/20/2018 - 19:38:21: [SM]   [7] Line 3765, D:\Documents\My Folder\Empires Custom UMC Stuff\SourceMod\Workspace\umc-core.sp::ProcessVoteResults()
L 01/20/2018 - 19:38:21: [SM]   [8] Line 1277, D:\Documents\My Folder\Empires Custom UMC Stuff\SourceMod\Workspace\umc-core.sp::Native_UMCVoteManagerComplete()
L 01/20/2018 - 19:38:21: [SM]   [10] UMC_VoteManagerVoteCompleted
L 01/20/2018 - 19:38:21: [SM]   [11] Line 2309, D:\Documents\My Folder\Empires Custom UMC Stuff\SourceMod\Workspace\umc-core.sp::Handle_MapVoteResults()
L 01/20/2018 - 19:38:27: Error log file session closed.
L 01/20/2018 - 20:23:12: SourceMod error session started
L 01/20/2018 - 20:23:12: Info (map "con_district402") (file "errors_20180120.log")
L 01/20/2018 - 20:23:12: [SDKTOOLS] Invalid detour address passed - Disabling detour to prevent crashes
L 01/20/2018 - 20:23:12: [SDKTOOLS] Failed to find PlayerRunCmd offset - OnPlayerRunCmd forward disabled.
L 01/20/2018 - 20:24:13: Error log file session closed.
L 01/20/2018 - 20:30:31: SourceMod error session started
L 01/20/2018 - 20:30:31: Info (map "fun_ricochet_a4") (file "errors_20180120.log")
L 01/20/2018 - 20:30:31: [SM] Exception reported: Invalid timer handle 844033b (error 1)
L 01/20/2018 - 20:30:31: [SM] Blaming: umc-emp-mapvote.smx()
L 01/20/2018 - 20:30:31: [SM] Call stack trace:
L 01/20/2018 - 20:30:31: [SM]   [0] KillTimer
L 01/20/2018 - 20:30:31: [SM]   [1] Line 686, D:\Documents\My Folder\Empires Custom UMC Stuff\SourceMod\Workspace\umc-emp-mapvote.sp::UMC_OnNextmapSet()
L 01/20/2018 - 20:30:31: [SM]   [3] Call_Finish
L 01/20/2018 - 20:30:31: [SM]   [4] Line 4834, D:\Documents\My Folder\Empires Custom UMC Stuff\SourceMod\Workspace\umc-core.sp::DoMapChange()
L 01/20/2018 - 20:30:31: [SM]   [5] Line 4267, D:\Documents\My Folder\Empires Custom UMC Stuff\SourceMod\Workspace\umc-core.sp::Handle_MapVoteWinner()
L 01/20/2018 - 20:30:31: [SM]   [6] Line 3819, D:\Documents\My Folder\Empires Custom UMC Stuff\SourceMod\Workspace\umc-core.sp::ProcessVoteWinner()
L 01/20/2018 - 20:30:31: [SM]   [7] Line 3795, D:\Documents\My Folder\Empires Custom UMC Stuff\SourceMod\Workspace\umc-core.sp::ProcessVoteResults()
L 01/20/2018 - 20:30:31: [SM]   [8] Line 1277, D:\Documents\My Folder\Empires Custom UMC Stuff\SourceMod\Workspace\umc-core.sp::Native_UMCVoteManagerComplete()
L 01/20/2018 - 20:30:31: [SM]   [10] UMC_VoteManagerVoteCompleted
L 01/20/2018 - 20:30:31: [SM]   [11] Line 2309, D:\Documents\My Folder\Empires Custom UMC Stuff\SourceMod\Workspace\umc-core.sp::Handle_MapVoteResults()
L 01/20/2018 - 20:30:44: Error log file session closed.
L 01/20/2018 - 21:06:23: SourceMod error session started
L 01/20/2018 - 21:06:23: Info (map "emp_massacred_rc1") (file "errors_20180120.log")
L 01/20/2018 - 21:06:23: [SM] Exception reported: Invalid timer handle 1caa037f (error 3)
L 01/20/2018 - 21:06:23: [SM] Blaming: umc-emp-mapvote.smx()
L 01/20/2018 - 21:06:23: [SM] Call stack trace:
L 01/20/2018 - 21:06:23: [SM]   [0] KillTimer
L 01/20/2018 - 21:06:23: [SM]   [1] Line 686, D:\Documents\My Folder\Empires Custom UMC Stuff\SourceMod\Workspace\umc-emp-mapvote.sp::UMC_OnNextmapSet()
L 01/20/2018 - 21:06:23: [SM]   [3] Call_Finish
L 01/20/2018 - 21:06:23: [SM]   [4] Line 4834, D:\Documents\My Folder\Empires Custom UMC Stuff\SourceMod\Workspace\umc-core.sp::DoMapChange()
L 01/20/2018 - 21:06:23: [SM]   [5] Line 4267, D:\Documents\My Folder\Empires Custom UMC Stuff\SourceMod\Workspace\umc-core.sp::Handle_MapVoteWinner()
L 01/20/2018 - 21:06:23: [SM]   [6] Line 3819, D:\Documents\My Folder\Empires Custom UMC Stuff\SourceMod\Workspace\umc-core.sp::ProcessVoteWinner()
L 01/20/2018 - 21:06:23: [SM]   [7] Line 3795, D:\Documents\My Folder\Empires Custom UMC Stuff\SourceMod\Workspace\umc-core.sp::ProcessVoteResults()
L 01/20/2018 - 21:06:23: [SM]   [8] Line 1277, D:\Documents\My Folder\Empires Custom UMC Stuff\SourceMod\Workspace\umc-core.sp::Native_UMCVoteManagerComplete()
L 01/20/2018 - 21:06:23: [SM]   [10] UMC_VoteManagerVoteCompleted
L 01/20/2018 - 21:06:23: [SM]   [11] Line 2309, D:\Documents\My Folder\Empires Custom UMC Stuff\SourceMod\Workspace\umc-core.sp::Handle_MapVoteResults()
L 01/20/2018 - 21:06:28: Error log file session closed.
L 01/20/2018 - 21:08:08: SourceMod error session started
L 01/20/2018 - 21:08:08: Info (map "emp_mvalley_fix") (file "errors_20180120.log")
L 01/20/2018 - 21:08:08: [SM] Exception reported: Heap leak detected: hp:13976 should be 13956!
L 01/20/2018 - 22:07:48: [SM] Exception reported: Invalid key value handle 0 (error 4)
L 01/20/2018 - 22:07:48: [SM] Blaming: saysounds.smx()
L 01/20/2018 - 22:07:48: [SM] Call stack trace:
L 01/20/2018 - 22:07:48: [SM]   [0] KvRewind
L 01/20/2018 - 22:07:48: [SM]   [1] Line 1483, E:\dev\sourcemod\sourcemod-1.4.6-linux\addons\sourcemod\scripting\saysounds.sp::Command_Say()
L 01/20/2018 - 22:07:48: [SM] Exception reported: Invalid key value handle 0 (error 4)
L 01/20/2018 - 22:07:48: [SM] Blaming: saysounds.smx()
L 01/20/2018 - 22:07:48: [SM] Call stack trace:
L 01/20/2018 - 22:07:48: [SM]   [0] KvRewind
L 01/20/2018 - 22:07:48: [SM]   [1] Line 1483, E:\dev\sourcemod\sourcemod-1.4.6-linux\addons\sourcemod\scripting\saysounds.sp::Command_Say()
L 01/20/2018 - 22:09:05: [SM] Exception reported: Property "m_bIsCoaching" not found (entity 17/player)
L 01/20/2018 - 22:09:05: [SM] Blaming: AdminList.smx()
L 01/20/2018 - 22:09:05: [SM] Call stack trace:
L 01/20/2018 - 22:09:05: [SM]   [0] GetEntProp
L 01/20/2018 - 22:09:05: [SM]   [1] Line 185, C:\Program Files (x86)\Steam\steamcmd\steamapps\common\Empires Dedicated Server\empires\addons\sourcemod\scripting\adminlist.sp::IsValidClient()
L 01/20/2018 - 22:09:05: [SM]   [2] Line 95, C:\Program Files (x86)\Steam\steamcmd\steamapps\common\Empires Dedicated Server\empires\addons\sourcemod\scripting\adminlist.sp::Command_AdminOn()
L 01/20/2018 - 22:09:05: [SM]   [3] Line 252, C:\Program Files (x86)\Steam\steamcmd\steamapps\common\Empires Dedicated Server\empires\addons\sourcemod\scripting\adminlist.sp::MenuHandlerAdminList()
L 01/20/2018 - 22:09:28: [SM] Exception reported: Invalid timer handle 39d2035b (error 1)
L 01/20/2018 - 22:09:28: [SM] Blaming: umc-emp-mapvote.smx()
L 01/20/2018 - 22:09:28: [SM] Call stack trace:
L 01/20/2018 - 22:09:28: [SM]   [0] KillTimer
L 01/20/2018 - 22:09:28: [SM]   [1] Line 686, D:\Documents\My Folder\Empires Custom UMC Stuff\SourceMod\Workspace\umc-emp-mapvote.sp::UMC_OnNextmapSet()
L 01/20/2018 - 22:09:28: [SM]   [3] Call_Finish
L 01/20/2018 - 22:09:28: [SM]   [4] Line 4834, D:\Documents\My Folder\Empires Custom UMC Stuff\SourceMod\Workspace\umc-core.sp::DoMapChange()
L 01/20/2018 - 22:09:28: [SM]   [5] Line 4267, D:\Documents\My Folder\Empires Custom UMC Stuff\SourceMod\Workspace\umc-core.sp::Handle_MapVoteWinner()
L 01/20/2018 - 22:09:28: [SM]   [6] Line 3819, D:\Documents\My Folder\Empires Custom UMC Stuff\SourceMod\Workspace\umc-core.sp::ProcessVoteWinner()
L 01/20/2018 - 22:09:28: [SM]   [7] Line 3795, D:\Documents\My Folder\Empires Custom UMC Stuff\SourceMod\Workspace\umc-core.sp::ProcessVoteResults()
L 01/20/2018 - 22:09:28: [SM]   [8] Line 1277, D:\Documents\My Folder\Empires Custom UMC Stuff\SourceMod\Workspace\umc-core.sp::Native_UMCVoteManagerComplete()
L 01/20/2018 - 22:09:28: [SM]   [10] UMC_VoteManagerVoteCompleted
L 01/20/2018 - 22:09:28: [SM]   [11] Line 2309, D:\Documents\My Folder\Empires Custom UMC Stuff\SourceMod\Workspace\umc-core.sp::Handle_MapVoteResults()
L 01/20/2018 - 22:09:34: Error log file session closed.
L 01/20/2018 - 22:10:58: SourceMod error session started
L 01/20/2018 - 22:10:58: Info (map "emp_atomic_rc6") (file "errors_20180120.log")
L 01/20/2018 - 22:10:58: [SM] Exception reported: Heap leak detected: hp:14000 should be 13976!
L 01/20/2018 - 22:40:20: [SM] Exception reported: Invalid timer handle 4ed40391 (error 1)
L 01/20/2018 - 22:40:20: [SM] Blaming: umc-emp-mapvote.smx()
L 01/20/2018 - 22:40:20: [SM] Call stack trace:
L 01/20/2018 - 22:40:20: [SM]   [0] KillTimer
L 01/20/2018 - 22:40:20: [SM]   [1] Line 686, D:\Documents\My Folder\Empires Custom UMC Stuff\SourceMod\Workspace\umc-emp-mapvote.sp::UMC_OnNextmapSet()
L 01/20/2018 - 22:40:20: [SM]   [3] Call_Finish
L 01/20/2018 - 22:40:20: [SM]   [4] Line 4834, D:\Documents\My Folder\Empires Custom UMC Stuff\SourceMod\Workspace\umc-core.sp::DoMapChange()
L 01/20/2018 - 22:40:20: [SM]   [5] Line 4267, D:\Documents\My Folder\Empires Custom UMC Stuff\SourceMod\Workspace\umc-core.sp::Handle_MapVoteWinner()
L 01/20/2018 - 22:40:20: [SM]   [6] Line 3819, D:\Documents\My Folder\Empires Custom UMC Stuff\SourceMod\Workspace\umc-core.sp::ProcessVoteWinner()
L 01/20/2018 - 22:40:20: [SM]   [7] Line 3795, D:\Documents\My Folder\Empires Custom UMC Stuff\SourceMod\Workspace\umc-core.sp::ProcessVoteResults()
L 01/20/2018 - 22:40:20: [SM]   [8] Line 1277, D:\Documents\My Folder\Empires Custom UMC Stuff\SourceMod\Workspace\umc-core.sp::Native_UMCVoteManagerComplete()
L 01/20/2018 - 22:40:20: [SM]   [10] UMC_VoteManagerVoteCompleted
L 01/20/2018 - 22:40:20: [SM]   [11] Line 2309, D:\Documents\My Folder\Empires Custom UMC Stuff\SourceMod\Workspace\umc-core.sp::Handle_MapVoteResults()
L 01/20/2018 - 22:40:26: Error log file session closed.
L 01/20/2018 - 22:43:15: SourceMod error session started
L 01/20/2018 - 22:43:15: Info (map "emp_tropicvendetta_rc4") (file "errors_20180120.log")
L 01/20/2018 - 22:43:15: [SM] Exception reported: Heap leak detected: hp:14024 should be 14000!
L 01/20/2018 - 23:11:27: [SM] Exception reported: Invalid timer handle 61b0033c (error 1)
L 01/20/2018 - 23:11:27: [SM] Blaming: umc-emp-mapvote.smx()
L 01/20/2018 - 23:11:27: [SM] Call stack trace:
L 01/20/2018 - 23:11:27: [SM]   [0] KillTimer
L 01/20/2018 - 23:11:27: [SM]   [1] Line 686, D:\Documents\My Folder\Empires Custom UMC Stuff\SourceMod\Workspace\umc-emp-mapvote.sp::UMC_OnNextmapSet()
L 01/20/2018 - 23:11:27: [SM]   [3] Call_Finish
L 01/20/2018 - 23:11:27: [SM]   [4] Line 4834, D:\Documents\My Folder\Empires Custom UMC Stuff\SourceMod\Workspace\umc-core.sp::DoMapChange()
L 01/20/2018 - 23:11:27: [SM]   [5] Line 4267, D:\Documents\My Folder\Empires Custom UMC Stuff\SourceMod\Workspace\umc-core.sp::Handle_MapVoteWinner()
L 01/20/2018 - 23:11:27: [SM]   [6] Line 3819, D:\Documents\My Folder\Empires Custom UMC Stuff\SourceMod\Workspace\umc-core.sp::ProcessVoteWinner()
L 01/20/2018 - 23:11:27: [SM]   [7] Line 3795, D:\Documents\My Folder\Empires Custom UMC Stuff\SourceMod\Workspace\umc-core.sp::ProcessVoteResults()
L 01/20/2018 - 23:11:27: [SM]   [8] Line 1277, D:\Documents\My Folder\Empires Custom UMC Stuff\SourceMod\Workspace\umc-core.sp::Native_UMCVoteManagerComplete()
L 01/20/2018 - 23:11:27: [SM]   [10] UMC_VoteManagerVoteCompleted
L 01/20/2018 - 23:11:27: [SM]   [11] Line 2309, D:\Documents\My Folder\Empires Custom UMC Stuff\SourceMod\Workspace\umc-core.sp::Handle_MapVoteResults()
L 01/20/2018 - 23:11:33: Error log file session closed.
L 01/20/2018 - 23:13:05: SourceMod error session started
L 01/20/2018 - 23:13:05: Info (map "emp_cyclopean") (file "errors_20180120.log")
L 01/20/2018 - 23:13:05: [SM] Exception reported: Heap leak detected: hp:14048 should be 14024!
L 01/20/2018 - 23:55:39: [SM] Exception reported: Invalid timer handle 75eb0328 (error 3)
L 01/20/2018 - 23:55:39: [SM] Blaming: umc-emp-mapvote.smx()
L 01/20/2018 - 23:55:39: [SM] Call stack trace:
L 01/20/2018 - 23:55:39: [SM]   [0] KillTimer
L 01/20/2018 - 23:55:39: [SM]   [1] Line 686, D:\Documents\My Folder\Empires Custom UMC Stuff\SourceMod\Workspace\umc-emp-mapvote.sp::UMC_OnNextmapSet()
L 01/20/2018 - 23:55:39: [SM]   [3] Call_Finish
L 01/20/2018 - 23:55:39: [SM]   [4] Line 4834, D:\Documents\My Folder\Empires Custom UMC Stuff\SourceMod\Workspace\umc-core.sp::DoMapChange()
L 01/20/2018 - 23:55:39: [SM]   [5] Line 4267, D:\Documents\My Folder\Empires Custom UMC Stuff\SourceMod\Workspace\umc-core.sp::Handle_MapVoteWinner()
L 01/20/2018 - 23:55:39: [SM]   [6] Line 3819, D:\Documents\My Folder\Empires Custom UMC Stuff\SourceMod\Workspace\umc-core.sp::ProcessVoteWinner()
L 01/20/2018 - 23:55:39: [SM]   [7] Line 3795, D:\Documents\My Folder\Empires Custom UMC Stuff\SourceMod\Workspace\umc-core.sp::ProcessVoteResults()
L 01/20/2018 - 23:55:39: [SM]   [8] Line 1277, D:\Documents\My Folder\Empires Custom UMC Stuff\SourceMod\Workspace\umc-core.sp::Native_UMCVoteManagerComplete()
L 01/20/2018 - 23:55:39: [SM]   [10] UMC_VoteManagerVoteCompleted
L 01/20/2018 - 23:55:39: [SM]   [11] Line 2309, D:\Documents\My Folder\Empires Custom UMC Stuff\SourceMod\Workspace\umc-core.sp::Handle_MapVoteResults()
L 01/20/2018 - 23:55:45: Error log file session closed.
L 01/20/2018 - 23:57:20: SourceMod error session started
L 01/20/2018 - 23:57:20: Info (map "emp_homeland_b9") (file "errors_20180120.log")
L 01/20/2018 - 23:57:20: [SM] Exception reported: Heap leak detected: hp:14072 should be 14048!
