L 04/04/2017 - 00:21:22: SourceMod error session started
L 04/04/2017 - 00:21:22: Info (map "emp_district402") (file "errors_20170404.log")
L 04/04/2017 - 00:21:22: [SM] Exception reported: Plugin not runnable
L 04/04/2017 - 00:21:40: [SM] Exception reported: Plugin not runnable
L 04/04/2017 - 00:21:40: Error log file session closed.
L 04/04/2017 - 00:21:40: SourceMod error session started
L 04/04/2017 - 00:21:40: Info (map "emp_canyon") (file "errors_20170404.log")
L 04/04/2017 - 00:21:40: [SM] Fatal error encountered parsing translation file "maprate.phrases.txt"
L 04/04/2017 - 00:21:40: [SM] Error (line 0, column 0): Stream failed to open
L 04/04/2017 - 00:21:40: [SM] Exception reported: Plugin not runnable
L 04/04/2017 - 00:21:41: [maprate.smx] Error establishing database connection: [1049]: Unknown database 'sourcemod'
L 04/04/2017 - 00:21:41: [maprate.smx] FATAL: An error occurred while connecting to the database.
L 04/04/2017 - 00:21:41: [SM] Exception reported: An error occurred while connecting to the database.
L 04/04/2017 - 00:21:41: [SM] Blaming: maprate.smx()
L 04/04/2017 - 00:21:41: [SM] Call stack trace:
L 04/04/2017 - 00:21:41: [SM]   [0] SetFailState
L 04/04/2017 - 00:21:41: [SM]   [1] Line 90, /home/forums/content/files/6/4/8/1/2/114450.attach::OnConfigsExecuted()
L 04/04/2017 - 00:21:41: [umc-maprate-reweight.smx] Error establishing a database connection: [1049]: Unknown database 'sourcemod'
L 04/04/2017 - 00:21:45: [SM] Exception reported: Plugin not runnable
L 04/04/2017 - 00:23:42: [SM] Exception reported: Plugin not runnable
L 04/04/2017 - 00:24:11: [SM] Exception reported: Plugin not runnable
L 04/04/2017 - 00:24:11: [SM] Blaming: adminmenu.smx()
L 04/04/2017 - 00:24:11: [SM] Call stack trace:
L 04/04/2017 - 00:24:11: [SM]   [0] TopMenu.Display
L 04/04/2017 - 00:24:11: [SM]   [1] Line 195, D:\builds\build-sourcemod-msvc12\windows-1.8\build\plugins\adminmenu.sp::Command_DisplayMenu()
L 04/04/2017 - 00:24:16: [SM] Exception reported: Language phrase "PlayerAdded" not found
L 04/04/2017 - 00:24:16: [SM] Blaming: adminmanager.smx()
L 04/04/2017 - 00:24:16: [SM] Call stack trace:
L 04/04/2017 - 00:24:16: [SM]   [0] PrintToChat
L 04/04/2017 - 00:24:16: [SM]   [1] Line 172, adminmanager/addadmin.sp::MenuTypeHandler()
L 04/04/2017 - 00:26:12: SourceMod error session started
L 04/04/2017 - 00:26:12: Info (map "emp_district402") (file "errors_20170404.log")
L 04/04/2017 - 00:26:12: [SDKTOOLS] Invalid detour address passed - Disabling detour to prevent crashes
L 04/04/2017 - 00:26:12: [SM] Exception reported: Fatal error creating dynamic native!
L 04/04/2017 - 00:26:12: [SM] Blaming: umc-endvote.smx()
L 04/04/2017 - 00:26:12: [SM] Call stack trace:
L 04/04/2017 - 00:26:12: [SM]   [0] CreateNative
L 04/04/2017 - 00:26:12: [SM]   [1] Line 147, umc-endvote.sp::AskPluginLoad2()
L 04/04/2017 - 00:26:12: [SM] Failed to load plugin "umc-endvote.smx": unexpected error 23 in AskPluginLoad callback.
L 04/04/2017 - 00:26:12: [SDKTOOLS] Failed to find PlayerRunCmd offset - OnPlayerRunCmd forward disabled.
L 04/04/2017 - 00:26:12: [SM] Fatal error encountered parsing translation file "maprate.phrases.txt"
L 04/04/2017 - 00:26:12: [SM] Error (line 0, column 0): Stream failed to open
L 04/04/2017 - 00:26:12: [SM] Exception reported: Database failure: Could not find Database conf "sourcebans"
L 04/04/2017 - 00:26:12: [SM] Blaming: sourcebans.smx()
L 04/04/2017 - 00:26:12: [SM] Call stack trace:
L 04/04/2017 - 00:26:12: [SM]   [0] SetFailState
L 04/04/2017 - 00:26:12: [SM]   [1] Line 206, sourcebans.sp::OnPluginStart()
L 04/04/2017 - 00:26:12: [SM] Unable to load plugin "sourcebans.smx": Error detected in plugin startup (see error logs)
L 04/04/2017 - 00:26:13: [maprate.smx] Error establishing database connection: [1049]: Unknown database 'sourcemod'
L 04/04/2017 - 00:26:13: [maprate.smx] FATAL: An error occurred while connecting to the database.
L 04/04/2017 - 00:26:13: [SM] Exception reported: An error occurred while connecting to the database.
L 04/04/2017 - 00:26:13: [SM] Blaming: maprate.smx()
L 04/04/2017 - 00:26:13: [SM] Call stack trace:
L 04/04/2017 - 00:26:13: [SM]   [0] SetFailState
L 04/04/2017 - 00:26:13: [SM]   [1] Line 90, /home/forums/content/files/6/4/8/1/2/114450.attach::OnConfigsExecuted()
L 04/04/2017 - 00:26:13: [umc-maprate-reweight.smx] Error establishing a database connection: [1049]: Unknown database 'sourcemod'
L 04/04/2017 - 00:26:20: [SM] Exception reported: Plugin not runnable
L 04/04/2017 - 00:26:30: [SM] Exception reported: Plugin not runnable
L 04/04/2017 - 00:26:30: Error log file session closed.
L 04/04/2017 - 00:26:30: SourceMod error session started
L 04/04/2017 - 00:26:30: Info (map "emp_canyon") (file "errors_20170404.log")
L 04/04/2017 - 00:26:30: [SM] Fatal error encountered parsing translation file "maprate.phrases.txt"
L 04/04/2017 - 00:26:30: [SM] Error (line 0, column 0): Stream failed to open
L 04/04/2017 - 00:26:30: [SM] Exception reported: Plugin not runnable
L 04/04/2017 - 00:26:31: [maprate.smx] Error establishing database connection: [1049]: Unknown database 'sourcemod'
L 04/04/2017 - 00:26:31: [maprate.smx] FATAL: An error occurred while connecting to the database.
L 04/04/2017 - 00:26:31: [SM] Exception reported: An error occurred while connecting to the database.
L 04/04/2017 - 00:26:31: [SM] Blaming: maprate.smx()
L 04/04/2017 - 00:26:31: [SM] Call stack trace:
L 04/04/2017 - 00:26:31: [SM]   [0] SetFailState
L 04/04/2017 - 00:26:31: [SM]   [1] Line 90, /home/forums/content/files/6/4/8/1/2/114450.attach::OnConfigsExecuted()
L 04/04/2017 - 00:26:31: [umc-maprate-reweight.smx] Error establishing a database connection: [1049]: Unknown database 'sourcemod'
L 04/04/2017 - 00:26:34: [SM] Exception reported: Plugin not runnable
L 04/04/2017 - 00:26:40: [SM] Exception reported: Plugin not runnable
L 04/04/2017 - 00:27:06: [SM] Exception reported: Plugin not runnable
L 04/04/2017 - 00:27:06: [SM] Blaming: adminmenu.smx()
L 04/04/2017 - 00:27:06: [SM] Call stack trace:
L 04/04/2017 - 00:27:06: [SM]   [0] TopMenu.Display
L 04/04/2017 - 00:27:06: [SM]   [1] Line 195, D:\builds\build-sourcemod-msvc12\windows-1.8\build\plugins\adminmenu.sp::Command_DisplayMenu()
L 04/04/2017 - 00:27:09: [SM] Exception reported: Plugin not runnable
L 04/04/2017 - 00:27:09: [SM] Blaming: adminmenu.smx()
L 04/04/2017 - 00:27:09: [SM] Call stack trace:
L 04/04/2017 - 00:27:09: [SM]   [0] TopMenu.Display
L 04/04/2017 - 00:27:09: [SM]   [1] Line 195, D:\builds\build-sourcemod-msvc12\windows-1.8\build\plugins\adminmenu.sp::Command_DisplayMenu()
L 04/04/2017 - 00:35:34: [SM] Exception reported: Plugin not runnable
L 04/04/2017 - 00:35:39: [SM] Exception reported: Plugin not runnable
L 04/04/2017 - 00:35:39: [SM] Blaming: adminmenu.smx()
L 04/04/2017 - 00:35:39: [SM] Call stack trace:
L 04/04/2017 - 00:35:39: [SM]   [0] TopMenu.Display
L 04/04/2017 - 00:35:39: [SM]   [1] Line 195, D:\builds\build-sourcemod-msvc12\windows-1.8\build\plugins\adminmenu.sp::Command_DisplayMenu()
L 04/04/2017 - 10:47:55: [SM] Exception reported: Plugin not runnable
L 04/04/2017 - 13:44:25: [SM] Exception reported: Plugin not runnable
L 04/04/2017 - 13:47:49: [SM] Exception reported: Plugin not runnable
L 04/04/2017 - 16:41:19: [SM] Exception reported: Plugin not runnable
L 04/04/2017 - 17:09:14: [SM] Exception reported: Plugin not runnable
L 04/04/2017 - 17:09:14: Error log file session closed.
L 04/04/2017 - 17:09:14: SourceMod error session started
L 04/04/2017 - 17:09:14: Info (map "emp_district402") (file "errors_20170404.log")
L 04/04/2017 - 17:09:14: [SM] Fatal error encountered parsing translation file "maprate.phrases.txt"
L 04/04/2017 - 17:09:14: [SM] Error (line 0, column 0): Stream failed to open
L 04/04/2017 - 17:09:14: [SM] Exception reported: Plugin not runnable
L 04/04/2017 - 17:09:14: [maprate.smx] Error establishing database connection: [1049]: Unknown database 'sourcemod'
L 04/04/2017 - 17:09:14: [maprate.smx] FATAL: An error occurred while connecting to the database.
L 04/04/2017 - 17:09:14: [SM] Exception reported: An error occurred while connecting to the database.
L 04/04/2017 - 17:09:14: [SM] Blaming: maprate.smx()
L 04/04/2017 - 17:09:14: [SM] Call stack trace:
L 04/04/2017 - 17:09:14: [SM]   [0] SetFailState
L 04/04/2017 - 17:09:14: [SM]   [1] Line 90, /home/forums/content/files/6/4/8/1/2/114450.attach::OnConfigsExecuted()
L 04/04/2017 - 17:09:14: [umc-maprate-reweight.smx] Error establishing a database connection: [1049]: Unknown database 'sourcemod'
L 04/04/2017 - 17:09:19: [SM] Exception reported: Plugin not runnable
L 04/04/2017 - 17:26:17: [SM] Exception reported: Plugin not runnable
L 04/04/2017 - 17:35:17: [SM] Exception reported: Plugin not runnable
L 04/04/2017 - 17:40:08: [SM] Exception reported: Plugin not runnable
L 04/04/2017 - 17:41:48: [SM] Exception reported: Plugin not runnable
L 04/04/2017 - 17:53:01: [SM] Exception reported: Invalid timer handle 8ac0229 (error 1)
L 04/04/2017 - 17:53:01: [SM] Blaming: umc-emp-mapvote.smx()
L 04/04/2017 - 17:53:01: [SM] Call stack trace:
L 04/04/2017 - 17:53:01: [SM]   [0] KillTimer
L 04/04/2017 - 17:53:01: [SM]   [1] Line 686, D:\Documents\My Folder\Empires Custom UMC Stuff\SourceMod\Workspace\umc-emp-mapvote.sp::UMC_OnNextmapSet()
L 04/04/2017 - 17:53:01: [SM]   [3] Call_Finish
L 04/04/2017 - 17:53:01: [SM]   [4] Line 4834, D:\Documents\My Folder\Empires Custom UMC Stuff\SourceMod\Workspace\umc-core.sp::DoMapChange()
L 04/04/2017 - 17:53:01: [SM]   [5] Line 4267, D:\Documents\My Folder\Empires Custom UMC Stuff\SourceMod\Workspace\umc-core.sp::Handle_MapVoteWinner()
L 04/04/2017 - 17:53:01: [SM]   [6] Line 3819, D:\Documents\My Folder\Empires Custom UMC Stuff\SourceMod\Workspace\umc-core.sp::ProcessVoteWinner()
L 04/04/2017 - 17:53:01: [SM]   [7] Line 3795, D:\Documents\My Folder\Empires Custom UMC Stuff\SourceMod\Workspace\umc-core.sp::ProcessVoteResults()
L 04/04/2017 - 17:53:01: [SM]   [8] Line 1277, D:\Documents\My Folder\Empires Custom UMC Stuff\SourceMod\Workspace\umc-core.sp::Native_UMCVoteManagerComplete()
L 04/04/2017 - 17:53:01: [SM]   [10] UMC_VoteManagerVoteCompleted
L 04/04/2017 - 17:53:01: [SM]   [11] Line 2309, D:\Documents\My Folder\Empires Custom UMC Stuff\SourceMod\Workspace\umc-core.sp::Handle_MapVoteResults()
L 04/04/2017 - 17:53:06: [SM] Exception reported: Plugin not runnable
L 04/04/2017 - 17:53:07: Error log file session closed.
L 04/04/2017 - 17:53:07: SourceMod error session started
L 04/04/2017 - 17:53:07: Info (map "emp_drygulch_a6") (file "errors_20170404.log")
L 04/04/2017 - 17:53:07: [SM] Fatal error encountered parsing translation file "maprate.phrases.txt"
L 04/04/2017 - 17:53:07: [SM] Error (line 0, column 0): Stream failed to open
L 04/04/2017 - 17:53:07: [SM] Exception reported: Plugin not runnable
L 04/04/2017 - 17:53:07: [maprate.smx] Error establishing database connection: [1049]: Unknown database 'sourcemod'
L 04/04/2017 - 17:53:07: [maprate.smx] FATAL: An error occurred while connecting to the database.
L 04/04/2017 - 17:53:07: [SM] Exception reported: An error occurred while connecting to the database.
L 04/04/2017 - 17:53:07: [SM] Blaming: maprate.smx()
L 04/04/2017 - 17:53:07: [SM] Call stack trace:
L 04/04/2017 - 17:53:07: [SM]   [0] SetFailState
L 04/04/2017 - 17:53:07: [SM]   [1] Line 90, /home/forums/content/files/6/4/8/1/2/114450.attach::OnConfigsExecuted()
L 04/04/2017 - 17:53:07: [umc-maprate-reweight.smx] Error establishing a database connection: [1049]: Unknown database 'sourcemod'
L 04/04/2017 - 17:53:12: [SM] Exception reported: Plugin not runnable
L 04/04/2017 - 17:53:19: [SM] Exception reported: Plugin not runnable
L 04/04/2017 - 17:53:39: [SM] Exception reported: Plugin not runnable
L 04/04/2017 - 18:01:16: [SM] Exception reported: Plugin not runnable
L 04/04/2017 - 18:02:23: [SM] Exception reported: Plugin not runnable
L 04/04/2017 - 18:03:18: [SM] Exception reported: Plugin not runnable
L 04/04/2017 - 18:06:16: [SM] Exception reported: Plugin not runnable
L 04/04/2017 - 18:08:36: [SM] Exception reported: Plugin not runnable
L 04/04/2017 - 18:13:37: [SM] Exception reported: Plugin not runnable
L 04/04/2017 - 18:14:13: [SM] Exception reported: Plugin not runnable
L 04/04/2017 - 18:19:13: [SM] Exception reported: Plugin not runnable
L 04/04/2017 - 18:23:20: [SM] Exception reported: Plugin not runnable
L 04/04/2017 - 18:23:48: [SM] Exception reported: Plugin not runnable
L 04/04/2017 - 18:24:36: [SM] Exception reported: Plugin not runnable
L 04/04/2017 - 18:25:37: [SM] Exception reported: Plugin not runnable
L 04/04/2017 - 18:27:15: [SM] Exception reported: Plugin not runnable
L 04/04/2017 - 18:27:55: [SM] Exception reported: Plugin not runnable
L 04/04/2017 - 18:29:11: [SM] Exception reported: Plugin not runnable
L 04/04/2017 - 18:30:00: [SM] Exception reported: Plugin not runnable
L 04/04/2017 - 18:33:28: [SM] Exception reported: Plugin not runnable
L 04/04/2017 - 18:34:06: [SM] Exception reported: Plugin not runnable
L 04/04/2017 - 18:39:00: [SM] Exception reported: Plugin not runnable
L 04/04/2017 - 18:54:11: [SM] Exception reported: Plugin not runnable
L 04/04/2017 - 19:05:15: [SM] Exception reported: Plugin not runnable
L 04/04/2017 - 19:08:53: [SM] Exception reported: Plugin not runnable
L 04/04/2017 - 19:08:57: [SM] Exception reported: Plugin not runnable
L 04/04/2017 - 19:09:05: [SM] Exception reported: Plugin not runnable
L 04/04/2017 - 19:10:09: [SM] Exception reported: Plugin not runnable
L 04/04/2017 - 19:19:19: [SM] Exception reported: Plugin not runnable
L 04/04/2017 - 19:20:46: [SM] Exception reported: Plugin not runnable
L 04/04/2017 - 19:26:15: [SM] Exception reported: Plugin not runnable
L 04/04/2017 - 19:27:08: [SM] Exception reported: Plugin not runnable
L 04/04/2017 - 19:32:31: [SM] Exception reported: Plugin not runnable
L 04/04/2017 - 20:07:51: [SM] Exception reported: Plugin not runnable
L 04/04/2017 - 20:18:17: [SM] Exception reported: Plugin not runnable
L 04/04/2017 - 22:39:39: [SM] Exception reported: Plugin not runnable
L 04/04/2017 - 22:41:29: [SM] Exception reported: Plugin not runnable
L 04/04/2017 - 22:57:05: [SM] Exception reported: Plugin not runnable
L 04/04/2017 - 22:57:24: [SM] Exception reported: Plugin not runnable
L 04/04/2017 - 22:57:24: [SM] Exception reported: Plugin not runnable
L 04/04/2017 - 22:57:41: [SM] Exception reported: Plugin not runnable
L 04/04/2017 - 22:58:11: [SM] Exception reported: Plugin not runnable
L 04/04/2017 - 22:58:16: [SM] Exception reported: Plugin not runnable
L 04/04/2017 - 22:59:29: [SM] Exception reported: Plugin not runnable
L 04/04/2017 - 22:59:49: [SM] Exception reported: Plugin not runnable
L 04/04/2017 - 23:02:27: [SM] Exception reported: Plugin not runnable
L 04/04/2017 - 23:02:27: [SM] Exception reported: Plugin not runnable
L 04/04/2017 - 23:02:35: [SM] Exception reported: Plugin not runnable
L 04/04/2017 - 23:02:58: [SM] Exception reported: Plugin not runnable
L 04/04/2017 - 23:02:59: [SM] Exception reported: Plugin not runnable
L 04/04/2017 - 23:03:46: [SM] Exception reported: Invalid timer handle 8ac0229 (error 1)
L 04/04/2017 - 23:03:46: [SM] Blaming: umc-emp-mapvote.smx()
L 04/04/2017 - 23:03:46: [SM] Call stack trace:
L 04/04/2017 - 23:03:46: [SM]   [0] KillTimer
L 04/04/2017 - 23:03:46: [SM]   [1] Line 686, D:\Documents\My Folder\Empires Custom UMC Stuff\SourceMod\Workspace\umc-emp-mapvote.sp::UMC_OnNextmapSet()
L 04/04/2017 - 23:03:46: [SM]   [3] Call_Finish
L 04/04/2017 - 23:03:46: [SM]   [4] Line 4834, D:\Documents\My Folder\Empires Custom UMC Stuff\SourceMod\Workspace\umc-core.sp::DoMapChange()
L 04/04/2017 - 23:03:46: [SM]   [5] Line 4267, D:\Documents\My Folder\Empires Custom UMC Stuff\SourceMod\Workspace\umc-core.sp::Handle_MapVoteWinner()
L 04/04/2017 - 23:03:46: [SM]   [6] Line 3819, D:\Documents\My Folder\Empires Custom UMC Stuff\SourceMod\Workspace\umc-core.sp::ProcessVoteWinner()
L 04/04/2017 - 23:03:46: [SM]   [7] Line 3795, D:\Documents\My Folder\Empires Custom UMC Stuff\SourceMod\Workspace\umc-core.sp::ProcessVoteResults()
L 04/04/2017 - 23:03:46: [SM]   [8] Line 1277, D:\Documents\My Folder\Empires Custom UMC Stuff\SourceMod\Workspace\umc-core.sp::Native_UMCVoteManagerComplete()
L 04/04/2017 - 23:03:46: [SM]   [10] UMC_VoteManagerVoteCompleted
L 04/04/2017 - 23:03:46: [SM]   [11] Line 2309, D:\Documents\My Folder\Empires Custom UMC Stuff\SourceMod\Workspace\umc-core.sp::Handle_MapVoteResults()
L 04/04/2017 - 23:03:51: [SM] Exception reported: Plugin not runnable
L 04/04/2017 - 23:03:51: [SM] Exception reported: Plugin not runnable
L 04/04/2017 - 23:03:51: [SM] Exception reported: Plugin not runnable
L 04/04/2017 - 23:03:51: [SM] Exception reported: Plugin not runnable
L 04/04/2017 - 23:03:51: [SM] Exception reported: Plugin not runnable
L 04/04/2017 - 23:03:51: Error log file session closed.
L 04/04/2017 - 23:03:51: SourceMod error session started
L 04/04/2017 - 23:03:51: Info (map "emp_beachfront_b2") (file "errors_20170404.log")
L 04/04/2017 - 23:03:51: [SM] Fatal error encountered parsing translation file "maprate.phrases.txt"
L 04/04/2017 - 23:03:51: [SM] Error (line 0, column 0): Stream failed to open
L 04/04/2017 - 23:03:51: [SM] Exception reported: Plugin not runnable
L 04/04/2017 - 23:03:51: [maprate.smx] Error establishing database connection: [1049]: Unknown database 'sourcemod'
L 04/04/2017 - 23:03:51: [maprate.smx] FATAL: An error occurred while connecting to the database.
L 04/04/2017 - 23:03:51: [SM] Exception reported: An error occurred while connecting to the database.
L 04/04/2017 - 23:03:51: [SM] Blaming: maprate.smx()
L 04/04/2017 - 23:03:51: [SM] Call stack trace:
L 04/04/2017 - 23:03:51: [SM]   [0] SetFailState
L 04/04/2017 - 23:03:51: [SM]   [1] Line 90, /home/forums/content/files/6/4/8/1/2/114450.attach::OnConfigsExecuted()
L 04/04/2017 - 23:03:51: [umc-maprate-reweight.smx] Error establishing a database connection: [1049]: Unknown database 'sourcemod'
L 04/04/2017 - 23:03:54: [SM] Exception reported: Plugin not runnable
L 04/04/2017 - 23:03:54: [SM] Exception reported: Plugin not runnable
L 04/04/2017 - 23:03:55: [SM] Exception reported: Plugin not runnable
L 04/04/2017 - 23:03:55: [SM] Exception reported: Plugin not runnable
L 04/04/2017 - 23:03:55: [SM] Exception reported: Plugin not runnable
L 04/04/2017 - 23:03:57: [SM] Exception reported: Plugin not runnable
L 04/04/2017 - 23:03:58: [SM] Exception reported: Plugin not runnable
L 04/04/2017 - 23:03:58: [SM] Exception reported: Plugin not runnable
L 04/04/2017 - 23:04:01: [SM] Exception reported: Plugin not runnable
L 04/04/2017 - 23:04:02: [SM] Exception reported: Plugin not runnable
L 04/04/2017 - 23:04:29: [SM] Exception reported: Plugin not runnable
L 04/04/2017 - 23:08:41: [SM] Exception reported: Plugin not runnable
L 04/04/2017 - 23:12:43: [SM] Exception reported: Plugin not runnable
L 04/04/2017 - 23:12:43: [SM] Blaming: adminmenu.smx()
L 04/04/2017 - 23:12:43: [SM] Call stack trace:
L 04/04/2017 - 23:12:43: [SM]   [0] TopMenu.Display
L 04/04/2017 - 23:12:43: [SM]   [1] Line 195, D:\builds\build-sourcemod-msvc12\windows-1.8\build\plugins\adminmenu.sp::Command_DisplayMenu()
L 04/04/2017 - 23:13:39: [SM] Exception reported: Plugin not runnable
L 04/04/2017 - 23:14:04: [SM] Exception reported: Plugin not runnable
L 04/04/2017 - 23:14:11: [SM] Exception reported: Plugin not runnable
L 04/04/2017 - 23:14:16: [SM] Exception reported: Plugin not runnable
L 04/04/2017 - 23:14:46: [SM] Exception reported: Plugin not runnable
L 04/04/2017 - 23:14:47: [SM] Exception reported: Plugin not runnable
L 04/04/2017 - 23:14:50: [SM] Exception reported: Plugin not runnable
L 04/04/2017 - 23:15:08: [SM] Exception reported: Plugin not runnable
L 04/04/2017 - 23:15:08: [SM] Exception reported: Plugin not runnable
L 04/04/2017 - 23:15:10: [SM] Exception reported: Plugin not runnable
L 04/04/2017 - 23:15:18: [SM] Exception reported: Plugin not runnable
L 04/04/2017 - 23:15:33: [SM] Exception reported: Plugin not runnable
L 04/04/2017 - 23:15:54: [SM] Exception reported: Plugin not runnable
L 04/04/2017 - 23:16:19: [SM] Exception reported: Plugin not runnable
L 04/04/2017 - 23:16:37: [SM] Exception reported: Plugin not runnable
L 04/04/2017 - 23:16:41: [SM] Exception reported: Plugin not runnable
L 04/04/2017 - 23:16:45: [SM] Exception reported: Plugin not runnable
L 04/04/2017 - 23:16:50: [SM] Exception reported: Plugin not runnable
L 04/04/2017 - 23:16:51: [SM] Exception reported: Plugin not runnable
L 04/04/2017 - 23:16:54: [SM] Exception reported: Plugin not runnable
L 04/04/2017 - 23:16:55: [SM] Exception reported: Plugin not runnable
L 04/04/2017 - 23:16:57: [SM] Exception reported: Plugin not runnable
L 04/04/2017 - 23:17:06: [SM] Exception reported: Plugin not runnable
L 04/04/2017 - 23:17:13: [SM] Exception reported: Plugin not runnable
L 04/04/2017 - 23:17:17: [SM] Exception reported: Plugin not runnable
L 04/04/2017 - 23:17:25: [SM] Exception reported: Plugin not runnable
L 04/04/2017 - 23:17:27: [SM] Exception reported: Plugin not runnable
L 04/04/2017 - 23:17:42: [SM] Exception reported: Plugin not runnable
L 04/04/2017 - 23:17:42: [SM] Exception reported: Plugin not runnable
L 04/04/2017 - 23:17:48: [SM] Exception reported: Plugin not runnable
L 04/04/2017 - 23:17:51: [SM] Exception reported: Plugin not runnable
L 04/04/2017 - 23:17:54: [SM] Exception reported: Plugin not runnable
L 04/04/2017 - 23:17:57: [SM] Exception reported: Plugin not runnable
L 04/04/2017 - 23:18:06: [SM] Exception reported: Plugin not runnable
L 04/04/2017 - 23:18:24: [SM] Exception reported: Plugin not runnable
L 04/04/2017 - 23:18:27: [SM] Exception reported: Plugin not runnable
L 04/04/2017 - 23:18:33: [SM] Exception reported: Plugin not runnable
L 04/04/2017 - 23:18:35: [SM] Exception reported: Plugin not runnable
L 04/04/2017 - 23:18:36: [SM] Exception reported: Plugin not runnable
L 04/04/2017 - 23:18:40: [SM] Exception reported: Plugin not runnable
L 04/04/2017 - 23:18:51: [SM] Exception reported: Plugin not runnable
L 04/04/2017 - 23:19:05: [SM] Exception reported: Plugin not runnable
L 04/04/2017 - 23:19:07: [SM] Exception reported: Plugin not runnable
L 04/04/2017 - 23:19:07: [SM] Exception reported: Plugin not runnable
L 04/04/2017 - 23:19:11: [SM] Exception reported: Plugin not runnable
L 04/04/2017 - 23:19:13: [SM] Exception reported: Plugin not runnable
L 04/04/2017 - 23:19:14: [SM] Exception reported: Plugin not runnable
L 04/04/2017 - 23:19:45: [SM] Exception reported: Plugin not runnable
L 04/04/2017 - 23:19:49: [SM] Exception reported: Plugin not runnable
L 04/04/2017 - 23:19:56: [SM] Exception reported: Plugin not runnable
L 04/04/2017 - 23:19:56: [SM] Exception reported: Plugin not runnable
L 04/04/2017 - 23:20:01: [SM] Exception reported: Plugin not runnable
L 04/04/2017 - 23:20:02: [SM] Exception reported: Plugin not runnable
L 04/04/2017 - 23:20:04: [SM] Exception reported: Plugin not runnable
L 04/04/2017 - 23:20:20: [SM] Exception reported: Plugin not runnable
L 04/04/2017 - 23:20:33: [SM] Exception reported: Plugin not runnable
L 04/04/2017 - 23:20:33: [SM] Exception reported: Plugin not runnable
L 04/04/2017 - 23:20:33: [SM] Exception reported: Plugin not runnable
L 04/04/2017 - 23:20:43: [SM] Exception reported: Plugin not runnable
L 04/04/2017 - 23:20:44: [SM] Exception reported: Plugin not runnable
L 04/04/2017 - 23:20:49: [SM] Exception reported: Plugin not runnable
L 04/04/2017 - 23:20:54: [SM] Exception reported: Plugin not runnable
L 04/04/2017 - 23:20:54: [SM] Exception reported: Plugin not runnable
L 04/04/2017 - 23:20:58: [SM] Exception reported: Plugin not runnable
L 04/04/2017 - 23:21:04: [SM] Exception reported: Plugin not runnable
L 04/04/2017 - 23:21:17: [SM] Exception reported: Plugin not runnable
L 04/04/2017 - 23:21:18: [SM] Exception reported: Plugin not runnable
L 04/04/2017 - 23:21:19: [SM] Exception reported: Plugin not runnable
L 04/04/2017 - 23:21:22: [SM] Exception reported: Plugin not runnable
L 04/04/2017 - 23:21:29: [SM] Exception reported: Plugin not runnable
L 04/04/2017 - 23:21:31: [SM] Exception reported: Plugin not runnable
L 04/04/2017 - 23:21:33: [SM] Exception reported: Plugin not runnable
L 04/04/2017 - 23:21:35: [SM] Exception reported: Plugin not runnable
L 04/04/2017 - 23:21:38: [SM] Exception reported: Plugin not runnable
L 04/04/2017 - 23:21:39: [SM] Exception reported: Plugin not runnable
L 04/04/2017 - 23:21:42: [SM] Exception reported: Plugin not runnable
L 04/04/2017 - 23:22:06: [SM] Exception reported: Plugin not runnable
L 04/04/2017 - 23:22:09: [SM] Exception reported: Plugin not runnable
L 04/04/2017 - 23:22:09: [SM] Exception reported: Plugin not runnable
L 04/04/2017 - 23:22:16: [SM] Exception reported: Plugin not runnable
L 04/04/2017 - 23:22:17: [SM] Exception reported: Plugin not runnable
L 04/04/2017 - 23:22:31: [SM] Exception reported: Plugin not runnable
L 04/04/2017 - 23:22:33: [SM] Exception reported: Plugin not runnable
L 04/04/2017 - 23:22:36: [SM] Exception reported: Plugin not runnable
L 04/04/2017 - 23:22:40: [SM] Exception reported: Plugin not runnable
L 04/04/2017 - 23:22:51: [SM] Exception reported: Plugin not runnable
L 04/04/2017 - 23:23:04: [SM] Exception reported: Plugin not runnable
L 04/04/2017 - 23:23:04: [SM] Exception reported: Plugin not runnable
L 04/04/2017 - 23:23:05: [SM] Exception reported: Plugin not runnable
L 04/04/2017 - 23:23:08: [SM] Exception reported: Plugin not runnable
L 04/04/2017 - 23:23:16: [SM] Exception reported: Plugin not runnable
L 04/04/2017 - 23:23:16: [SM] Exception reported: Plugin not runnable
L 04/04/2017 - 23:23:18: [SM] Exception reported: Plugin not runnable
L 04/04/2017 - 23:23:24: [SM] Exception reported: Plugin not runnable
L 04/04/2017 - 23:23:25: [SM] Exception reported: Plugin not runnable
L 04/04/2017 - 23:23:35: [SM] Exception reported: Plugin not runnable
L 04/04/2017 - 23:23:42: [SM] Exception reported: Plugin not runnable
L 04/04/2017 - 23:23:48: [SM] Exception reported: Plugin not runnable
L 04/04/2017 - 23:23:51: [SM] Exception reported: Plugin not runnable
L 04/04/2017 - 23:23:54: [SM] Exception reported: Plugin not runnable
L 04/04/2017 - 23:23:58: [SM] Exception reported: Plugin not runnable
L 04/04/2017 - 23:23:58: [SM] Exception reported: Plugin not runnable
L 04/04/2017 - 23:24:00: [SM] Exception reported: Plugin not runnable
L 04/04/2017 - 23:24:34: [SM] Exception reported: Plugin not runnable
L 04/04/2017 - 23:24:35: [SM] Exception reported: Plugin not runnable
L 04/04/2017 - 23:24:37: [SM] Exception reported: Plugin not runnable
L 04/04/2017 - 23:24:40: [SM] Exception reported: Plugin not runnable
L 04/04/2017 - 23:24:43: [SM] Exception reported: Plugin not runnable
L 04/04/2017 - 23:24:46: [SM] Exception reported: Plugin not runnable
L 04/04/2017 - 23:24:47: [SM] Exception reported: Plugin not runnable
L 04/04/2017 - 23:24:47: [SM] Exception reported: Plugin not runnable
L 04/04/2017 - 23:24:56: [SM] Exception reported: Plugin not runnable
L 04/04/2017 - 23:24:57: [SM] Exception reported: Plugin not runnable
L 04/04/2017 - 23:24:58: [SM] Exception reported: Plugin not runnable
L 04/04/2017 - 23:25:00: [SM] Exception reported: Plugin not runnable
L 04/04/2017 - 23:25:00: [SM] Exception reported: Plugin not runnable
L 04/04/2017 - 23:25:07: [SM] Exception reported: Plugin not runnable
L 04/04/2017 - 23:25:19: [SM] Exception reported: Plugin not runnable
L 04/04/2017 - 23:25:20: [SM] Exception reported: Plugin not runnable
L 04/04/2017 - 23:25:25: [SM] Exception reported: Plugin not runnable
L 04/04/2017 - 23:25:26: [SM] Exception reported: Plugin not runnable
L 04/04/2017 - 23:25:27: [SM] Exception reported: Plugin not runnable
L 04/04/2017 - 23:25:35: [SM] Exception reported: Plugin not runnable
L 04/04/2017 - 23:25:38: [SM] Exception reported: Plugin not runnable
L 04/04/2017 - 23:25:42: [SM] Exception reported: Plugin not runnable
L 04/04/2017 - 23:26:02: [SM] Exception reported: Plugin not runnable
L 04/04/2017 - 23:26:12: [SM] Exception reported: Plugin not runnable
L 04/04/2017 - 23:26:15: [SM] Exception reported: Plugin not runnable
L 04/04/2017 - 23:26:18: [SM] Exception reported: Plugin not runnable
L 04/04/2017 - 23:26:19: [SM] Exception reported: Plugin not runnable
L 04/04/2017 - 23:26:22: [SM] Exception reported: Plugin not runnable
L 04/04/2017 - 23:26:27: [SM] Exception reported: Plugin not runnable
L 04/04/2017 - 23:26:28: [SM] Exception reported: Plugin not runnable
L 04/04/2017 - 23:26:40: [SM] Exception reported: Plugin not runnable
L 04/04/2017 - 23:26:43: [SM] Exception reported: Plugin not runnable
L 04/04/2017 - 23:26:47: [SM] Exception reported: Plugin not runnable
L 04/04/2017 - 23:26:48: [SM] Exception reported: Plugin not runnable
L 04/04/2017 - 23:26:50: [SM] Exception reported: Plugin not runnable
L 04/04/2017 - 23:26:59: [SM] Exception reported: Plugin not runnable
L 04/04/2017 - 23:27:02: [SM] Exception reported: Plugin not runnable
L 04/04/2017 - 23:27:04: [SM] Exception reported: Plugin not runnable
L 04/04/2017 - 23:27:11: [SM] Exception reported: Plugin not runnable
L 04/04/2017 - 23:27:21: [SM] Exception reported: Plugin not runnable
L 04/04/2017 - 23:27:23: [SM] Exception reported: Plugin not runnable
L 04/04/2017 - 23:27:24: [SM] Exception reported: Plugin not runnable
L 04/04/2017 - 23:27:27: [SM] Exception reported: Plugin not runnable
L 04/04/2017 - 23:27:30: [SM] Exception reported: Plugin not runnable
L 04/04/2017 - 23:27:34: [SM] Exception reported: Plugin not runnable
L 04/04/2017 - 23:27:34: [SM] Exception reported: Plugin not runnable
L 04/04/2017 - 23:27:40: [SM] Exception reported: Plugin not runnable
L 04/04/2017 - 23:27:51: [SM] Exception reported: Plugin not runnable
L 04/04/2017 - 23:27:58: [SM] Exception reported: Plugin not runnable
L 04/04/2017 - 23:27:59: [SM] Exception reported: Plugin not runnable
L 04/04/2017 - 23:28:06: [SM] Exception reported: Plugin not runnable
L 04/04/2017 - 23:28:16: [SM] Exception reported: Plugin not runnable
L 04/04/2017 - 23:28:16: [SM] Exception reported: Plugin not runnable
L 04/04/2017 - 23:28:32: [SM] Exception reported: Plugin not runnable
L 04/04/2017 - 23:28:38: [SM] Exception reported: Plugin not runnable
L 04/04/2017 - 23:28:56: [SM] Exception reported: Plugin not runnable
L 04/04/2017 - 23:28:59: [SM] Exception reported: Plugin not runnable
L 04/04/2017 - 23:29:39: [SM] Exception reported: Plugin not runnable
L 04/04/2017 - 23:29:44: [SM] Exception reported: Plugin not runnable
L 04/04/2017 - 23:29:49: [SM] Exception reported: Plugin not runnable
L 04/04/2017 - 23:29:52: [SM] Exception reported: Plugin not runnable
L 04/04/2017 - 23:29:58: [SM] Exception reported: Plugin not runnable
L 04/04/2017 - 23:29:59: [SM] Exception reported: Plugin not runnable
L 04/04/2017 - 23:30:01: [SM] Exception reported: Plugin not runnable
L 04/04/2017 - 23:30:04: [SM] Exception reported: Plugin not runnable
L 04/04/2017 - 23:30:08: [SM] Exception reported: Plugin not runnable
L 04/04/2017 - 23:30:12: [SM] Exception reported: Plugin not runnable
L 04/04/2017 - 23:30:36: [SM] Exception reported: Plugin not runnable
L 04/04/2017 - 23:30:36: [SM] Exception reported: Plugin not runnable
L 04/04/2017 - 23:30:37: [SM] Exception reported: Plugin not runnable
L 04/04/2017 - 23:31:01: [SM] Exception reported: Plugin not runnable
L 04/04/2017 - 23:31:01: [SM] Blaming: teamswitch.smx()
L 04/04/2017 - 23:31:01: [SM] Call stack trace:
L 04/04/2017 - 23:31:01: [SM]   [0] ChangeClientTeam
L 04/04/2017 - 23:31:01: [SM]   [1] Line 509, /home/forums/content/files/2/1/3/1/23850.attach::PerformSwitch()
L 04/04/2017 - 23:31:01: [SM]   [2] Line 207, /home/forums/content/files/2/1/3/1/23850.attach::Command_SwitchSpec()
L 04/04/2017 - 23:31:11: [SM] Exception reported: Plugin not runnable
L 04/04/2017 - 23:31:11: [SM] Exception reported: Plugin not runnable
L 04/04/2017 - 23:31:27: [SM] Exception reported: Plugin not runnable
L 04/04/2017 - 23:31:39: [SM] Exception reported: Plugin not runnable
L 04/04/2017 - 23:32:08: [SM] Exception reported: Plugin not runnable
L 04/04/2017 - 23:32:17: [SM] Exception reported: Plugin not runnable
L 04/04/2017 - 23:32:22: [SM] Exception reported: Plugin not runnable
L 04/04/2017 - 23:32:35: [SM] Exception reported: Plugin not runnable
L 04/04/2017 - 23:32:36: [SM] Exception reported: Plugin not runnable
L 04/04/2017 - 23:32:38: [SM] Exception reported: Plugin not runnable
L 04/04/2017 - 23:32:53: [SM] Exception reported: Plugin not runnable
L 04/04/2017 - 23:32:59: [SM] Exception reported: Plugin not runnable
L 04/04/2017 - 23:32:59: [SM] Exception reported: Plugin not runnable
L 04/04/2017 - 23:33:04: [SM] Exception reported: Plugin not runnable
L 04/04/2017 - 23:33:05: [SM] Exception reported: Plugin not runnable
L 04/04/2017 - 23:33:28: [SM] Exception reported: Plugin not runnable
L 04/04/2017 - 23:33:37: [SM] Exception reported: Plugin not runnable
L 04/04/2017 - 23:34:23: [SM] Exception reported: Plugin not runnable
L 04/04/2017 - 23:34:49: [SM] Exception reported: Plugin not runnable
L 04/04/2017 - 23:34:49: [SM] Exception reported: Plugin not runnable
L 04/04/2017 - 23:34:49: [SM] Exception reported: Plugin not runnable
L 04/04/2017 - 23:34:53: [SM] Exception reported: Plugin not runnable
L 04/04/2017 - 23:34:57: [SM] Exception reported: Plugin not runnable
L 04/04/2017 - 23:35:00: [SM] Exception reported: Plugin not runnable
L 04/04/2017 - 23:35:06: [SM] Exception reported: Plugin not runnable
L 04/04/2017 - 23:35:16: [SM] Exception reported: Plugin not runnable
L 04/04/2017 - 23:35:16: [SM] Exception reported: Plugin not runnable
L 04/04/2017 - 23:35:17: [SM] Exception reported: Plugin not runnable
L 04/04/2017 - 23:35:27: [SM] Exception reported: Plugin not runnable
L 04/04/2017 - 23:35:30: [SM] Exception reported: Plugin not runnable
L 04/04/2017 - 23:35:34: [SM] Exception reported: Plugin not runnable
L 04/04/2017 - 23:35:40: [SM] Exception reported: Plugin not runnable
L 04/04/2017 - 23:35:44: [SM] Exception reported: Plugin not runnable
L 04/04/2017 - 23:35:50: [SM] Exception reported: Plugin not runnable
L 04/04/2017 - 23:35:56: [SM] Exception reported: Plugin not runnable
L 04/04/2017 - 23:35:56: [SM] Exception reported: Plugin not runnable
L 04/04/2017 - 23:36:46: [SM] Exception reported: Plugin not runnable
L 04/04/2017 - 23:36:49: [SM] Exception reported: Plugin not runnable
L 04/04/2017 - 23:37:03: [SM] Exception reported: Plugin not runnable
L 04/04/2017 - 23:37:03: [SM] Exception reported: Plugin not runnable
L 04/04/2017 - 23:37:06: [SM] Exception reported: Plugin not runnable
L 04/04/2017 - 23:37:17: [SM] Exception reported: Plugin not runnable
L 04/04/2017 - 23:38:07: [SM] Exception reported: Plugin not runnable
L 04/04/2017 - 23:38:33: [SM] Exception reported: Plugin not runnable
L 04/04/2017 - 23:38:35: [SM] Exception reported: Plugin not runnable
L 04/04/2017 - 23:38:35: [SM] Exception reported: Plugin not runnable
L 04/04/2017 - 23:38:44: [SM] Exception reported: Plugin not runnable
L 04/04/2017 - 23:38:45: [SM] Exception reported: Plugin not runnable
L 04/04/2017 - 23:38:45: [SM] Exception reported: Plugin not runnable
L 04/04/2017 - 23:38:56: [SM] Exception reported: Plugin not runnable
L 04/04/2017 - 23:38:56: [SM] Exception reported: Plugin not runnable
L 04/04/2017 - 23:38:59: [SM] Exception reported: Plugin not runnable
L 04/04/2017 - 23:39:10: [SM] Exception reported: Plugin not runnable
L 04/04/2017 - 23:39:28: [SM] Exception reported: Plugin not runnable
L 04/04/2017 - 23:39:42: [SM] Exception reported: Plugin not runnable
L 04/04/2017 - 23:39:48: [SM] Exception reported: Plugin not runnable
L 04/04/2017 - 23:39:53: [SM] Exception reported: Plugin not runnable
L 04/04/2017 - 23:39:57: [SM] Exception reported: Plugin not runnable
L 04/04/2017 - 23:39:58: [SM] Exception reported: Plugin not runnable
L 04/04/2017 - 23:40:06: [SM] Exception reported: Plugin not runnable
L 04/04/2017 - 23:40:11: [SM] Exception reported: Plugin not runnable
L 04/04/2017 - 23:40:12: [SM] Exception reported: Plugin not runnable
L 04/04/2017 - 23:41:07: [SM] Exception reported: Plugin not runnable
L 04/04/2017 - 23:41:11: [SM] Exception reported: Plugin not runnable
L 04/04/2017 - 23:41:47: [SM] Exception reported: Plugin not runnable
L 04/04/2017 - 23:41:47: [SM] Exception reported: Plugin not runnable
L 04/04/2017 - 23:42:05: [SM] Exception reported: Plugin not runnable
L 04/04/2017 - 23:42:36: [SM] Exception reported: Plugin not runnable
L 04/04/2017 - 23:42:44: [SM] Exception reported: Plugin not runnable
L 04/04/2017 - 23:43:40: [SM] Exception reported: Plugin not runnable
L 04/04/2017 - 23:43:44: [SM] Exception reported: Plugin not runnable
L 04/04/2017 - 23:43:52: [SM] Exception reported: Plugin not runnable
L 04/04/2017 - 23:44:14: [SM] Exception reported: Plugin not runnable
L 04/04/2017 - 23:44:45: [SM] Exception reported: Plugin not runnable
L 04/04/2017 - 23:44:45: [SM] Exception reported: Plugin not runnable
L 04/04/2017 - 23:44:46: [SM] Exception reported: Plugin not runnable
L 04/04/2017 - 23:44:48: [SM] Exception reported: Plugin not runnable
L 04/04/2017 - 23:44:52: [SM] Exception reported: Plugin not runnable
L 04/04/2017 - 23:44:52: [SM] Exception reported: Plugin not runnable
L 04/04/2017 - 23:45:00: [SM] Exception reported: Plugin not runnable
L 04/04/2017 - 23:45:02: [SM] Exception reported: Plugin not runnable
L 04/04/2017 - 23:45:03: [SM] Exception reported: Plugin not runnable
L 04/04/2017 - 23:45:12: [SM] Exception reported: Plugin not runnable
L 04/04/2017 - 23:45:13: [SM] Exception reported: Plugin not runnable
L 04/04/2017 - 23:45:17: [SM] Exception reported: Plugin not runnable
L 04/04/2017 - 23:45:22: [SM] Exception reported: Plugin not runnable
L 04/04/2017 - 23:45:47: [SM] Exception reported: Plugin not runnable
L 04/04/2017 - 23:46:02: [SM] Exception reported: Plugin not runnable
L 04/04/2017 - 23:46:21: [SM] Exception reported: Plugin not runnable
L 04/04/2017 - 23:46:21: [SM] Exception reported: Plugin not runnable
L 04/04/2017 - 23:46:25: [SM] Exception reported: Plugin not runnable
L 04/04/2017 - 23:46:32: [SM] Exception reported: Plugin not runnable
L 04/04/2017 - 23:46:56: [SM] Exception reported: Plugin not runnable
L 04/04/2017 - 23:47:12: [SM] Exception reported: Plugin not runnable
L 04/04/2017 - 23:47:21: [SM] Exception reported: Plugin not runnable
L 04/04/2017 - 23:47:24: [SM] Exception reported: Plugin not runnable
L 04/04/2017 - 23:47:42: [SM] Exception reported: Plugin not runnable
L 04/04/2017 - 23:47:43: [SM] Exception reported: Plugin not runnable
L 04/04/2017 - 23:47:58: [SM] Exception reported: Plugin not runnable
L 04/04/2017 - 23:48:19: [SM] Exception reported: Plugin not runnable
L 04/04/2017 - 23:48:54: [SM] Exception reported: Plugin not runnable
L 04/04/2017 - 23:48:55: [SM] Exception reported: Plugin not runnable
L 04/04/2017 - 23:48:55: [SM] Blaming: adminmenu.smx()
L 04/04/2017 - 23:48:55: [SM] Call stack trace:
L 04/04/2017 - 23:48:55: [SM]   [0] TopMenu.Display
L 04/04/2017 - 23:48:55: [SM]   [1] Line 195, D:\builds\build-sourcemod-msvc12\windows-1.8\build\plugins\adminmenu.sp::Command_DisplayMenu()
L 04/04/2017 - 23:49:06: [SM] Exception reported: Plugin not runnable
L 04/04/2017 - 23:49:06: [SM] Blaming: playercommands.smx()
L 04/04/2017 - 23:49:06: [SM] Call stack trace:
L 04/04/2017 - 23:49:06: [SM]   [0] ForcePlayerSuicide
L 04/04/2017 - 23:49:06: [SM]   [1] Line 37, D:\builds\build-sourcemod-msvc12\windows-1.8\build\plugins\playercommands/slay.sp::PerformSlay()
L 04/04/2017 - 23:49:06: [SM]   [2] Line 108, D:\builds\build-sourcemod-msvc12\windows-1.8\build\plugins\playercommands/slay.sp::MenuHandler_Slay()
L 04/04/2017 - 23:49:13: [SM] Exception reported: Plugin not runnable
L 04/04/2017 - 23:49:21: [SM] Exception reported: Plugin not runnable
L 04/04/2017 - 23:49:44: [SM] Exception reported: Plugin not runnable
L 04/04/2017 - 23:49:49: [SM] Exception reported: Plugin not runnable
L 04/04/2017 - 23:50:21: [SM] Exception reported: Plugin not runnable
L 04/04/2017 - 23:50:32: [SM] Exception reported: Plugin not runnable
L 04/04/2017 - 23:50:43: [SM] Exception reported: Plugin not runnable
L 04/04/2017 - 23:50:55: [SM] Exception reported: Plugin not runnable
L 04/04/2017 - 23:50:56: [SM] Exception reported: Plugin not runnable
L 04/04/2017 - 23:51:05: [SM] Exception reported: Plugin not runnable
L 04/04/2017 - 23:51:13: [SM] Exception reported: Plugin not runnable
L 04/04/2017 - 23:51:23: [SM] Exception reported: Plugin not runnable
L 04/04/2017 - 23:51:31: [SM] Exception reported: Plugin not runnable
L 04/04/2017 - 23:51:33: [SM] Exception reported: Plugin not runnable
L 04/04/2017 - 23:51:42: [SM] Exception reported: Plugin not runnable
L 04/04/2017 - 23:51:55: [SM] Exception reported: Plugin not runnable
L 04/04/2017 - 23:52:30: [SM] Exception reported: Plugin not runnable
L 04/04/2017 - 23:53:03: [SM] Exception reported: Plugin not runnable
L 04/04/2017 - 23:53:16: [SM] Exception reported: Plugin not runnable
L 04/04/2017 - 23:53:28: [SM] Exception reported: Plugin not runnable
L 04/04/2017 - 23:53:55: [SM] Exception reported: Plugin not runnable
L 04/04/2017 - 23:53:57: [SM] Exception reported: Plugin not runnable
L 04/04/2017 - 23:54:45: [SM] Exception reported: Plugin not runnable
L 04/04/2017 - 23:54:45: [SM] Exception reported: Plugin not runnable
L 04/04/2017 - 23:55:06: [SM] Exception reported: Invalid timer handle 24a60247 (error 1)
L 04/04/2017 - 23:55:06: [SM] Blaming: umc-emp-mapvote.smx()
L 04/04/2017 - 23:55:06: [SM] Call stack trace:
L 04/04/2017 - 23:55:06: [SM]   [0] KillTimer
L 04/04/2017 - 23:55:06: [SM]   [1] Line 686, D:\Documents\My Folder\Empires Custom UMC Stuff\SourceMod\Workspace\umc-emp-mapvote.sp::UMC_OnNextmapSet()
L 04/04/2017 - 23:55:06: [SM]   [3] Call_Finish
L 04/04/2017 - 23:55:06: [SM]   [4] Line 4834, D:\Documents\My Folder\Empires Custom UMC Stuff\SourceMod\Workspace\umc-core.sp::DoMapChange()
L 04/04/2017 - 23:55:06: [SM]   [5] Line 4267, D:\Documents\My Folder\Empires Custom UMC Stuff\SourceMod\Workspace\umc-core.sp::Handle_MapVoteWinner()
L 04/04/2017 - 23:55:06: [SM]   [6] Line 3819, D:\Documents\My Folder\Empires Custom UMC Stuff\SourceMod\Workspace\umc-core.sp::ProcessVoteWinner()
L 04/04/2017 - 23:55:06: [SM]   [7] Line 3795, D:\Documents\My Folder\Empires Custom UMC Stuff\SourceMod\Workspace\umc-core.sp::ProcessVoteResults()
L 04/04/2017 - 23:55:06: [SM]   [8] Line 1277, D:\Documents\My Folder\Empires Custom UMC Stuff\SourceMod\Workspace\umc-core.sp::Native_UMCVoteManagerComplete()
L 04/04/2017 - 23:55:06: [SM]   [10] UMC_VoteManagerVoteCompleted
L 04/04/2017 - 23:55:06: [SM]   [11] Line 2309, D:\Documents\My Folder\Empires Custom UMC Stuff\SourceMod\Workspace\umc-core.sp::Handle_MapVoteResults()
L 04/04/2017 - 23:55:11: [SM] Exception reported: Plugin not runnable
L 04/04/2017 - 23:55:12: Error log file session closed.
L 04/04/2017 - 23:55:12: SourceMod error session started
L 04/04/2017 - 23:55:12: Info (map "emp_streetsoffire") (file "errors_20170404.log")
L 04/04/2017 - 23:55:12: [SM] Fatal error encountered parsing translation file "maprate.phrases.txt"
L 04/04/2017 - 23:55:12: [SM] Error (line 0, column 0): Stream failed to open
L 04/04/2017 - 23:55:12: [SM] Exception reported: Plugin not runnable
L 04/04/2017 - 23:55:12: [maprate.smx] Error establishing database connection: [1049]: Unknown database 'sourcemod'
L 04/04/2017 - 23:55:12: [maprate.smx] FATAL: An error occurred while connecting to the database.
L 04/04/2017 - 23:55:12: [SM] Exception reported: An error occurred while connecting to the database.
L 04/04/2017 - 23:55:12: [SM] Blaming: maprate.smx()
L 04/04/2017 - 23:55:12: [SM] Call stack trace:
L 04/04/2017 - 23:55:12: [SM]   [0] SetFailState
L 04/04/2017 - 23:55:12: [SM]   [1] Line 90, /home/forums/content/files/6/4/8/1/2/114450.attach::OnConfigsExecuted()
L 04/04/2017 - 23:55:12: [umc-maprate-reweight.smx] Error establishing a database connection: [1049]: Unknown database 'sourcemod'
L 04/04/2017 - 23:55:16: [SM] Exception reported: Plugin not runnable
L 04/04/2017 - 23:55:16: [SM] Exception reported: Plugin not runnable
L 04/04/2017 - 23:55:17: [SM] Exception reported: Plugin not runnable
L 04/04/2017 - 23:55:18: [SM] Exception reported: Plugin not runnable
L 04/04/2017 - 23:55:21: [SM] Exception reported: Plugin not runnable
L 04/04/2017 - 23:55:23: [SM] Exception reported: Plugin not runnable
L 04/04/2017 - 23:55:24: [SM] Exception reported: Plugin not runnable
L 04/04/2017 - 23:55:24: [SM] Exception reported: Plugin not runnable
L 04/04/2017 - 23:55:25: [SM] Exception reported: Plugin not runnable
L 04/04/2017 - 23:55:26: [SM] Exception reported: Plugin not runnable
L 04/04/2017 - 23:55:26: [SM] Exception reported: Plugin not runnable
L 04/04/2017 - 23:55:33: [SM] Exception reported: Plugin not runnable
L 04/04/2017 - 23:55:33: [SM] Exception reported: Plugin not runnable
L 04/04/2017 - 23:55:33: [SM] Exception reported: Plugin not runnable
L 04/04/2017 - 23:55:35: [SM] Exception reported: Plugin not runnable
L 04/04/2017 - 23:55:43: [SM] Exception reported: Plugin not runnable
L 04/04/2017 - 23:56:24: [SM] Exception reported: Plugin not runnable
L 04/04/2017 - 23:57:29: [SM] Exception reported: Plugin not runnable
