L 02/25/2018 - 00:19:43: SourceMod error session started
L 02/25/2018 - 00:19:43: Info (map "emp_isle") (file "errors_20180225.log")
L 02/25/2018 - 00:19:43: [SM] Exception reported: Invalid timer handle 9996036a (error 3)
L 02/25/2018 - 00:19:43: [SM] Blaming: umc-emp-mapvote.smx()
L 02/25/2018 - 00:19:43: [SM] Call stack trace:
L 02/25/2018 - 00:19:43: [SM]   [0] KillTimer
L 02/25/2018 - 00:19:43: [SM]   [1] Line 686, D:\Documents\My Folder\Empires Custom UMC Stuff\SourceMod\Workspace\umc-emp-mapvote.sp::UMC_OnNextmapSet()
L 02/25/2018 - 00:19:43: [SM]   [3] Call_Finish
L 02/25/2018 - 00:19:43: [SM]   [4] Line 4834, D:\Documents\My Folder\Empires Custom UMC Stuff\SourceMod\Workspace\umc-core.sp::DoMapChange()
L 02/25/2018 - 00:19:43: [SM]   [5] Line 4267, D:\Documents\My Folder\Empires Custom UMC Stuff\SourceMod\Workspace\umc-core.sp::Handle_MapVoteWinner()
L 02/25/2018 - 00:19:43: [SM]   [6] Line 3819, D:\Documents\My Folder\Empires Custom UMC Stuff\SourceMod\Workspace\umc-core.sp::ProcessVoteWinner()
L 02/25/2018 - 00:19:43: [SM]   [7] Line 3795, D:\Documents\My Folder\Empires Custom UMC Stuff\SourceMod\Workspace\umc-core.sp::ProcessVoteResults()
L 02/25/2018 - 00:19:43: [SM]   [8] Line 1277, D:\Documents\My Folder\Empires Custom UMC Stuff\SourceMod\Workspace\umc-core.sp::Native_UMCVoteManagerComplete()
L 02/25/2018 - 00:19:43: [SM]   [10] UMC_VoteManagerVoteCompleted
L 02/25/2018 - 00:19:43: [SM]   [11] Line 2309, D:\Documents\My Folder\Empires Custom UMC Stuff\SourceMod\Workspace\umc-core.sp::Handle_MapVoteResults()
L 02/25/2018 - 00:19:49: Error log file session closed.
L 02/25/2018 - 00:21:23: SourceMod error session started
L 02/25/2018 - 00:21:23: Info (map "emp_coast") (file "errors_20180225.log")
L 02/25/2018 - 00:21:23: [SM] Exception reported: Heap leak detected: hp:14384 should be 14360!
L 02/25/2018 - 01:11:18: [SM] Exception reported: Invalid timer handle b46203ab (error 3)
L 02/25/2018 - 01:11:18: [SM] Blaming: umc-emp-mapvote.smx()
L 02/25/2018 - 01:11:18: [SM] Call stack trace:
L 02/25/2018 - 01:11:18: [SM]   [0] KillTimer
L 02/25/2018 - 01:11:18: [SM]   [1] Line 686, D:\Documents\My Folder\Empires Custom UMC Stuff\SourceMod\Workspace\umc-emp-mapvote.sp::UMC_OnNextmapSet()
L 02/25/2018 - 01:11:18: [SM]   [3] Call_Finish
L 02/25/2018 - 01:11:18: [SM]   [4] Line 4834, D:\Documents\My Folder\Empires Custom UMC Stuff\SourceMod\Workspace\umc-core.sp::DoMapChange()
L 02/25/2018 - 01:11:18: [SM]   [5] Line 4267, D:\Documents\My Folder\Empires Custom UMC Stuff\SourceMod\Workspace\umc-core.sp::Handle_MapVoteWinner()
L 02/25/2018 - 01:11:18: [SM]   [6] Line 3819, D:\Documents\My Folder\Empires Custom UMC Stuff\SourceMod\Workspace\umc-core.sp::ProcessVoteWinner()
L 02/25/2018 - 01:11:18: [SM]   [7] Line 3795, D:\Documents\My Folder\Empires Custom UMC Stuff\SourceMod\Workspace\umc-core.sp::ProcessVoteResults()
L 02/25/2018 - 01:11:18: [SM]   [8] Line 1277, D:\Documents\My Folder\Empires Custom UMC Stuff\SourceMod\Workspace\umc-core.sp::Native_UMCVoteManagerComplete()
L 02/25/2018 - 01:11:18: [SM]   [10] UMC_VoteManagerVoteCompleted
L 02/25/2018 - 01:11:18: [SM]   [11] Line 2309, D:\Documents\My Folder\Empires Custom UMC Stuff\SourceMod\Workspace\umc-core.sp::Handle_MapVoteResults()
L 02/25/2018 - 01:11:24: Error log file session closed.
L 02/25/2018 - 01:12:55: SourceMod error session started
L 02/25/2018 - 01:12:55: Info (map "emp_forest_ob_2013_fix") (file "errors_20180225.log")
L 02/25/2018 - 01:12:55: [SM] Exception reported: Heap leak detected: hp:14408 should be 14384!
L 02/25/2018 - 01:47:51: [SM] Exception reported: Invalid timer handle c9f10316 (error 3)
L 02/25/2018 - 01:47:51: [SM] Blaming: umc-emp-mapvote.smx()
L 02/25/2018 - 01:47:51: [SM] Call stack trace:
L 02/25/2018 - 01:47:51: [SM]   [0] KillTimer
L 02/25/2018 - 01:47:51: [SM]   [1] Line 686, D:\Documents\My Folder\Empires Custom UMC Stuff\SourceMod\Workspace\umc-emp-mapvote.sp::UMC_OnNextmapSet()
L 02/25/2018 - 01:47:51: [SM]   [3] Call_Finish
L 02/25/2018 - 01:47:51: [SM]   [4] Line 4834, D:\Documents\My Folder\Empires Custom UMC Stuff\SourceMod\Workspace\umc-core.sp::DoMapChange()
L 02/25/2018 - 01:47:51: [SM]   [5] Line 4267, D:\Documents\My Folder\Empires Custom UMC Stuff\SourceMod\Workspace\umc-core.sp::Handle_MapVoteWinner()
L 02/25/2018 - 01:47:51: [SM]   [6] Line 3819, D:\Documents\My Folder\Empires Custom UMC Stuff\SourceMod\Workspace\umc-core.sp::ProcessVoteWinner()
L 02/25/2018 - 01:47:51: [SM]   [7] Line 3795, D:\Documents\My Folder\Empires Custom UMC Stuff\SourceMod\Workspace\umc-core.sp::ProcessVoteResults()
L 02/25/2018 - 01:47:51: [SM]   [8] Line 1277, D:\Documents\My Folder\Empires Custom UMC Stuff\SourceMod\Workspace\umc-core.sp::Native_UMCVoteManagerComplete()
L 02/25/2018 - 01:47:51: [SM]   [10] UMC_VoteManagerVoteCompleted
L 02/25/2018 - 01:47:51: [SM]   [11] Line 2309, D:\Documents\My Folder\Empires Custom UMC Stuff\SourceMod\Workspace\umc-core.sp::Handle_MapVoteResults()
L 02/25/2018 - 01:47:57: Error log file session closed.
L 02/25/2018 - 01:49:29: SourceMod error session started
L 02/25/2018 - 01:49:29: Info (map "emp_duststorm_fix2") (file "errors_20180225.log")
L 02/25/2018 - 01:49:29: [SM] Exception reported: Heap leak detected: hp:14432 should be 14408!
L 02/25/2018 - 02:05:55: [SM] Exception reported: Invalid timer handle d7540349 (error 1)
L 02/25/2018 - 02:05:55: [SM] Blaming: umc-emp-mapvote.smx()
L 02/25/2018 - 02:05:55: [SM] Call stack trace:
L 02/25/2018 - 02:05:55: [SM]   [0] KillTimer
L 02/25/2018 - 02:05:55: [SM]   [1] Line 686, D:\Documents\My Folder\Empires Custom UMC Stuff\SourceMod\Workspace\umc-emp-mapvote.sp::UMC_OnNextmapSet()
L 02/25/2018 - 02:05:55: [SM]   [3] Call_Finish
L 02/25/2018 - 02:05:55: [SM]   [4] Line 4834, D:\Documents\My Folder\Empires Custom UMC Stuff\SourceMod\Workspace\umc-core.sp::DoMapChange()
L 02/25/2018 - 02:05:55: [SM]   [5] Line 4267, D:\Documents\My Folder\Empires Custom UMC Stuff\SourceMod\Workspace\umc-core.sp::Handle_MapVoteWinner()
L 02/25/2018 - 02:05:55: [SM]   [6] Line 3819, D:\Documents\My Folder\Empires Custom UMC Stuff\SourceMod\Workspace\umc-core.sp::ProcessVoteWinner()
L 02/25/2018 - 02:05:55: [SM]   [7] Line 3795, D:\Documents\My Folder\Empires Custom UMC Stuff\SourceMod\Workspace\umc-core.sp::ProcessVoteResults()
L 02/25/2018 - 02:05:55: [SM]   [8] Line 1277, D:\Documents\My Folder\Empires Custom UMC Stuff\SourceMod\Workspace\umc-core.sp::Native_UMCVoteManagerComplete()
L 02/25/2018 - 02:05:55: [SM]   [10] UMC_VoteManagerVoteCompleted
L 02/25/2018 - 02:05:55: [SM]   [11] Line 2309, D:\Documents\My Folder\Empires Custom UMC Stuff\SourceMod\Workspace\umc-core.sp::Handle_MapVoteResults()
L 02/25/2018 - 02:06:01: Error log file session closed.
L 02/25/2018 - 02:08:53: SourceMod error session started
L 02/25/2018 - 02:08:53: Info (map "emp_palmbay_fix") (file "errors_20180225.log")
L 02/25/2018 - 02:08:53: [SM] Exception reported: Heap leak detected: hp:14448 should be 14432!
L 02/25/2018 - 02:35:32: [SM] Exception reported: Invalid timer handle e77903a1 (error 1)
L 02/25/2018 - 02:35:32: [SM] Blaming: umc-emp-mapvote.smx()
L 02/25/2018 - 02:35:32: [SM] Call stack trace:
L 02/25/2018 - 02:35:32: [SM]   [0] KillTimer
L 02/25/2018 - 02:35:32: [SM]   [1] Line 686, D:\Documents\My Folder\Empires Custom UMC Stuff\SourceMod\Workspace\umc-emp-mapvote.sp::UMC_OnNextmapSet()
L 02/25/2018 - 02:35:32: [SM]   [3] Call_Finish
L 02/25/2018 - 02:35:32: [SM]   [4] Line 4834, D:\Documents\My Folder\Empires Custom UMC Stuff\SourceMod\Workspace\umc-core.sp::DoMapChange()
L 02/25/2018 - 02:35:32: [SM]   [5] Line 4267, D:\Documents\My Folder\Empires Custom UMC Stuff\SourceMod\Workspace\umc-core.sp::Handle_MapVoteWinner()
L 02/25/2018 - 02:35:32: [SM]   [6] Line 3819, D:\Documents\My Folder\Empires Custom UMC Stuff\SourceMod\Workspace\umc-core.sp::ProcessVoteWinner()
L 02/25/2018 - 02:35:32: [SM]   [7] Line 3795, D:\Documents\My Folder\Empires Custom UMC Stuff\SourceMod\Workspace\umc-core.sp::ProcessVoteResults()
L 02/25/2018 - 02:35:32: [SM]   [8] Line 1277, D:\Documents\My Folder\Empires Custom UMC Stuff\SourceMod\Workspace\umc-core.sp::Native_UMCVoteManagerComplete()
L 02/25/2018 - 02:35:32: [SM]   [10] UMC_VoteManagerVoteCompleted
L 02/25/2018 - 02:35:32: [SM]   [11] Line 2309, D:\Documents\My Folder\Empires Custom UMC Stuff\SourceMod\Workspace\umc-core.sp::Handle_MapVoteResults()
L 02/25/2018 - 02:35:38: Error log file session closed.
L 02/25/2018 - 02:37:05: SourceMod error session started
L 02/25/2018 - 02:37:05: Info (map "emp_streetsoffire_fix") (file "errors_20180225.log")
L 02/25/2018 - 02:37:05: [SM] Exception reported: Heap leak detected: hp:14456 should be 14448!
L 02/25/2018 - 02:41:02: [SM] Exception reported: Invalid timer handle e77903a1 (error 3)
L 02/25/2018 - 02:41:02: [SM] Blaming: umc-emp-mapvote.smx()
L 02/25/2018 - 02:41:03: [SM] Call stack trace:
L 02/25/2018 - 02:41:03: [SM]   [0] KillTimer
L 02/25/2018 - 02:41:03: [SM]   [1] Line 686, D:\Documents\My Folder\Empires Custom UMC Stuff\SourceMod\Workspace\umc-emp-mapvote.sp::UMC_OnNextmapSet()
L 02/25/2018 - 02:41:03: [SM]   [3] Call_Finish
L 02/25/2018 - 02:41:03: [SM]   [4] Line 4834, D:\Documents\My Folder\Empires Custom UMC Stuff\SourceMod\Workspace\umc-core.sp::DoMapChange()
L 02/25/2018 - 02:41:03: [SM]   [5] Line 4267, D:\Documents\My Folder\Empires Custom UMC Stuff\SourceMod\Workspace\umc-core.sp::Handle_MapVoteWinner()
L 02/25/2018 - 02:41:03: [SM]   [6] Line 3819, D:\Documents\My Folder\Empires Custom UMC Stuff\SourceMod\Workspace\umc-core.sp::ProcessVoteWinner()
L 02/25/2018 - 02:41:03: [SM]   [7] Line 3795, D:\Documents\My Folder\Empires Custom UMC Stuff\SourceMod\Workspace\umc-core.sp::ProcessVoteResults()
L 02/25/2018 - 02:41:03: [SM]   [8] Line 1277, D:\Documents\My Folder\Empires Custom UMC Stuff\SourceMod\Workspace\umc-core.sp::Native_UMCVoteManagerComplete()
L 02/25/2018 - 02:41:03: [SM]   [10] UMC_VoteManagerVoteCompleted
L 02/25/2018 - 02:41:03: [SM]   [11] Line 2309, D:\Documents\My Folder\Empires Custom UMC Stuff\SourceMod\Workspace\umc-core.sp::Handle_MapVoteResults()
L 02/25/2018 - 02:41:09: Error log file session closed.
L 02/25/2018 - 03:13:37: SourceMod error session started
L 02/25/2018 - 03:13:37: Info (map "con_district402") (file "errors_20180225.log")
L 02/25/2018 - 03:13:37: [SM] Exception reported: Invalid timer handle fa55038b (error 3)
L 02/25/2018 - 03:13:37: [SM] Blaming: umc-emp-mapvote.smx()
L 02/25/2018 - 03:13:37: [SM] Call stack trace:
L 02/25/2018 - 03:13:37: [SM]   [0] KillTimer
L 02/25/2018 - 03:13:37: [SM]   [1] Line 686, D:\Documents\My Folder\Empires Custom UMC Stuff\SourceMod\Workspace\umc-emp-mapvote.sp::UMC_OnNextmapSet()
L 02/25/2018 - 03:13:37: [SM]   [3] Call_Finish
L 02/25/2018 - 03:13:37: [SM]   [4] Line 4834, D:\Documents\My Folder\Empires Custom UMC Stuff\SourceMod\Workspace\umc-core.sp::DoMapChange()
L 02/25/2018 - 03:13:37: [SM]   [5] Line 4267, D:\Documents\My Folder\Empires Custom UMC Stuff\SourceMod\Workspace\umc-core.sp::Handle_MapVoteWinner()
L 02/25/2018 - 03:13:37: [SM]   [6] Line 3819, D:\Documents\My Folder\Empires Custom UMC Stuff\SourceMod\Workspace\umc-core.sp::ProcessVoteWinner()
L 02/25/2018 - 03:13:37: [SM]   [7] Line 3795, D:\Documents\My Folder\Empires Custom UMC Stuff\SourceMod\Workspace\umc-core.sp::ProcessVoteResults()
L 02/25/2018 - 03:13:37: [SM]   [8] Line 1277, D:\Documents\My Folder\Empires Custom UMC Stuff\SourceMod\Workspace\umc-core.sp::Native_UMCVoteManagerComplete()
L 02/25/2018 - 03:13:37: [SM]   [10] UMC_VoteManagerVoteCompleted
L 02/25/2018 - 03:13:37: [SM]   [11] Line 2309, D:\Documents\My Folder\Empires Custom UMC Stuff\SourceMod\Workspace\umc-core.sp::Handle_MapVoteResults()
L 02/25/2018 - 03:13:42: Error log file session closed.
L 02/25/2018 - 03:54:20: SourceMod error session started
L 02/25/2018 - 03:54:20: Info (map "emp_nuclear_b8u_xfix") (file "errors_20180225.log")
L 02/25/2018 - 03:54:20: [SM] Exception reported: Invalid timer handle 4ee038f (error 1)
L 02/25/2018 - 03:54:20: [SM] Blaming: umc-emp-mapvote.smx()
L 02/25/2018 - 03:54:20: [SM] Call stack trace:
L 02/25/2018 - 03:54:20: [SM]   [0] KillTimer
L 02/25/2018 - 03:54:20: [SM]   [1] Line 686, D:\Documents\My Folder\Empires Custom UMC Stuff\SourceMod\Workspace\umc-emp-mapvote.sp::UMC_OnNextmapSet()
L 02/25/2018 - 03:54:20: [SM]   [3] Call_Finish
L 02/25/2018 - 03:54:20: [SM]   [4] Line 4834, D:\Documents\My Folder\Empires Custom UMC Stuff\SourceMod\Workspace\umc-core.sp::DoMapChange()
L 02/25/2018 - 03:54:20: [SM]   [5] Line 4267, D:\Documents\My Folder\Empires Custom UMC Stuff\SourceMod\Workspace\umc-core.sp::Handle_MapVoteWinner()
L 02/25/2018 - 03:54:20: [SM]   [6] Line 3819, D:\Documents\My Folder\Empires Custom UMC Stuff\SourceMod\Workspace\umc-core.sp::ProcessVoteWinner()
L 02/25/2018 - 03:54:20: [SM]   [7] Line 3795, D:\Documents\My Folder\Empires Custom UMC Stuff\SourceMod\Workspace\umc-core.sp::ProcessVoteResults()
L 02/25/2018 - 03:54:20: [SM]   [8] Line 1277, D:\Documents\My Folder\Empires Custom UMC Stuff\SourceMod\Workspace\umc-core.sp::Native_UMCVoteManagerComplete()
L 02/25/2018 - 03:54:20: [SM]   [10] UMC_VoteManagerVoteCompleted
L 02/25/2018 - 03:54:20: [SM]   [11] Line 2309, D:\Documents\My Folder\Empires Custom UMC Stuff\SourceMod\Workspace\umc-core.sp::Handle_MapVoteResults()
L 02/25/2018 - 03:54:26: Error log file session closed.
L 02/25/2018 - 03:59:09: SourceMod error session started
L 02/25/2018 - 03:59:09: Info (map "emp_drygulch_a6") (file "errors_20180225.log")
L 02/25/2018 - 03:59:09: [SM] Exception reported: Invalid timer handle 4ee038f (error 1)
L 02/25/2018 - 03:59:09: [SM] Blaming: umc-emp-mapvote.smx()
L 02/25/2018 - 03:59:09: [SM] Call stack trace:
L 02/25/2018 - 03:59:09: [SM]   [0] KillTimer
L 02/25/2018 - 03:59:09: [SM]   [1] Line 686, D:\Documents\My Folder\Empires Custom UMC Stuff\SourceMod\Workspace\umc-emp-mapvote.sp::UMC_OnNextmapSet()
L 02/25/2018 - 03:59:09: [SM]   [3] Call_Finish
L 02/25/2018 - 03:59:09: [SM]   [4] Line 4834, D:\Documents\My Folder\Empires Custom UMC Stuff\SourceMod\Workspace\umc-core.sp::DoMapChange()
L 02/25/2018 - 03:59:09: [SM]   [5] Line 4267, D:\Documents\My Folder\Empires Custom UMC Stuff\SourceMod\Workspace\umc-core.sp::Handle_MapVoteWinner()
L 02/25/2018 - 03:59:09: [SM]   [6] Line 3819, D:\Documents\My Folder\Empires Custom UMC Stuff\SourceMod\Workspace\umc-core.sp::ProcessVoteWinner()
L 02/25/2018 - 03:59:09: [SM]   [7] Line 3795, D:\Documents\My Folder\Empires Custom UMC Stuff\SourceMod\Workspace\umc-core.sp::ProcessVoteResults()
L 02/25/2018 - 03:59:09: [SM]   [8] Line 1277, D:\Documents\My Folder\Empires Custom UMC Stuff\SourceMod\Workspace\umc-core.sp::Native_UMCVoteManagerComplete()
L 02/25/2018 - 03:59:09: [SM]   [10] UMC_VoteManagerVoteCompleted
L 02/25/2018 - 03:59:09: [SM]   [11] Line 2309, D:\Documents\My Folder\Empires Custom UMC Stuff\SourceMod\Workspace\umc-core.sp::Handle_MapVoteResults()
L 02/25/2018 - 03:59:15: Error log file session closed.
L 02/25/2018 - 03:59:15: SourceMod error session started
L 02/25/2018 - 03:59:15: Info (map "con_urbanchaos_comm_b2") (file "errors_20180225.log")
L 02/25/2018 - 03:59:15: [SM] Exception reported: Client index 0 is invalid
L 02/25/2018 - 03:59:15: [SM] Blaming: NoCommExtendVote.smx()
L 02/25/2018 - 03:59:15: [SM] Call stack trace:
L 02/25/2018 - 03:59:15: [SM]   [0] PrintToChat
L 02/25/2018 - 03:59:15: [SM]   [1] Line 585, E:\Projects\EmpiresServer\NeoonyTestServer\addons\sourcemod\scripting\NoCommExtendVote.sp::Command_NCDisable()
L 02/25/2018 - 04:12:57: [SM] Exception reported: Invalid timer handle b25036e (error 1)
L 02/25/2018 - 04:12:57: [SM] Blaming: umc-emp-mapvote.smx()
L 02/25/2018 - 04:12:57: [SM] Call stack trace:
L 02/25/2018 - 04:12:57: [SM]   [0] KillTimer
L 02/25/2018 - 04:12:57: [SM]   [1] Line 686, D:\Documents\My Folder\Empires Custom UMC Stuff\SourceMod\Workspace\umc-emp-mapvote.sp::UMC_OnNextmapSet()
L 02/25/2018 - 04:12:57: [SM]   [3] Call_Finish
L 02/25/2018 - 04:12:57: [SM]   [4] Line 4834, D:\Documents\My Folder\Empires Custom UMC Stuff\SourceMod\Workspace\umc-core.sp::DoMapChange()
L 02/25/2018 - 04:12:57: [SM]   [5] Line 4267, D:\Documents\My Folder\Empires Custom UMC Stuff\SourceMod\Workspace\umc-core.sp::Handle_MapVoteWinner()
L 02/25/2018 - 04:12:57: [SM]   [6] Line 3819, D:\Documents\My Folder\Empires Custom UMC Stuff\SourceMod\Workspace\umc-core.sp::ProcessVoteWinner()
L 02/25/2018 - 04:12:57: [SM]   [7] Line 3795, D:\Documents\My Folder\Empires Custom UMC Stuff\SourceMod\Workspace\umc-core.sp::ProcessVoteResults()
L 02/25/2018 - 04:12:57: [SM]   [8] Line 1277, D:\Documents\My Folder\Empires Custom UMC Stuff\SourceMod\Workspace\umc-core.sp::Native_UMCVoteManagerComplete()
L 02/25/2018 - 04:12:57: [SM]   [10] UMC_VoteManagerVoteCompleted
L 02/25/2018 - 04:12:57: [SM]   [11] Line 2309, D:\Documents\My Folder\Empires Custom UMC Stuff\SourceMod\Workspace\umc-core.sp::Handle_MapVoteResults()
L 02/25/2018 - 04:13:02: Error log file session closed.
L 02/25/2018 - 17:37:36: SourceMod error session started
L 02/25/2018 - 17:37:36: Info (map "con_district402") (file "errors_20180225.log")
L 02/25/2018 - 17:37:36: [SDKTOOLS] Invalid detour address passed - Disabling detour to prevent crashes
L 02/25/2018 - 17:37:36: [SDKTOOLS] Failed to find PlayerRunCmd offset - OnPlayerRunCmd forward disabled.
L 02/25/2018 - 17:37:55: Error log file session closed.
L 02/25/2018 - 19:05:05: SourceMod error session started
L 02/25/2018 - 19:05:05: Info (map "emp_midbridge") (file "errors_20180225.log")
L 02/25/2018 - 19:05:05: [SM] Exception reported: Invalid timer handle bf702fe (error 1)
L 02/25/2018 - 19:05:05: [SM] Blaming: umc-emp-mapvote.smx()
L 02/25/2018 - 19:05:05: [SM] Call stack trace:
L 02/25/2018 - 19:05:05: [SM]   [0] KillTimer
L 02/25/2018 - 19:05:05: [SM]   [1] Line 686, D:\Documents\My Folder\Empires Custom UMC Stuff\SourceMod\Workspace\umc-emp-mapvote.sp::UMC_OnNextmapSet()
L 02/25/2018 - 19:05:05: [SM]   [3] Call_Finish
L 02/25/2018 - 19:05:05: [SM]   [4] Line 4834, D:\Documents\My Folder\Empires Custom UMC Stuff\SourceMod\Workspace\umc-core.sp::DoMapChange()
L 02/25/2018 - 19:05:05: [SM]   [5] Line 4267, D:\Documents\My Folder\Empires Custom UMC Stuff\SourceMod\Workspace\umc-core.sp::Handle_MapVoteWinner()
L 02/25/2018 - 19:05:05: [SM]   [6] Line 3819, D:\Documents\My Folder\Empires Custom UMC Stuff\SourceMod\Workspace\umc-core.sp::ProcessVoteWinner()
L 02/25/2018 - 19:05:05: [SM]   [7] Line 3795, D:\Documents\My Folder\Empires Custom UMC Stuff\SourceMod\Workspace\umc-core.sp::ProcessVoteResults()
L 02/25/2018 - 19:05:05: [SM]   [8] Line 1277, D:\Documents\My Folder\Empires Custom UMC Stuff\SourceMod\Workspace\umc-core.sp::Native_UMCVoteManagerComplete()
L 02/25/2018 - 19:05:05: [SM]   [10] UMC_VoteManagerVoteCompleted
L 02/25/2018 - 19:05:05: [SM]   [11] Line 2309, D:\Documents\My Folder\Empires Custom UMC Stuff\SourceMod\Workspace\umc-core.sp::Handle_MapVoteResults()
L 02/25/2018 - 19:05:10: Error log file session closed.
L 02/25/2018 - 19:43:29: SourceMod error session started
L 02/25/2018 - 19:43:29: Info (map "emp_beachfront_b2_hce") (file "errors_20180225.log")
L 02/25/2018 - 19:43:29: [SM] Exception reported: Invalid timer handle 15a30381 (error 1)
L 02/25/2018 - 19:43:29: [SM] Blaming: umc-emp-mapvote.smx()
L 02/25/2018 - 19:43:29: [SM] Call stack trace:
L 02/25/2018 - 19:43:29: [SM]   [0] KillTimer
L 02/25/2018 - 19:43:29: [SM]   [1] Line 686, D:\Documents\My Folder\Empires Custom UMC Stuff\SourceMod\Workspace\umc-emp-mapvote.sp::UMC_OnNextmapSet()
L 02/25/2018 - 19:43:29: [SM]   [3] Call_Finish
L 02/25/2018 - 19:43:29: [SM]   [4] Line 4834, D:\Documents\My Folder\Empires Custom UMC Stuff\SourceMod\Workspace\umc-core.sp::DoMapChange()
L 02/25/2018 - 19:43:29: [SM]   [5] Line 4267, D:\Documents\My Folder\Empires Custom UMC Stuff\SourceMod\Workspace\umc-core.sp::Handle_MapVoteWinner()
L 02/25/2018 - 19:43:29: [SM]   [6] Line 3819, D:\Documents\My Folder\Empires Custom UMC Stuff\SourceMod\Workspace\umc-core.sp::ProcessVoteWinner()
L 02/25/2018 - 19:43:29: [SM]   [7] Line 3765, D:\Documents\My Folder\Empires Custom UMC Stuff\SourceMod\Workspace\umc-core.sp::ProcessVoteResults()
L 02/25/2018 - 19:43:29: [SM]   [8] Line 1277, D:\Documents\My Folder\Empires Custom UMC Stuff\SourceMod\Workspace\umc-core.sp::Native_UMCVoteManagerComplete()
L 02/25/2018 - 19:43:29: [SM]   [10] UMC_VoteManagerVoteCompleted
L 02/25/2018 - 19:43:29: [SM]   [11] Line 2309, D:\Documents\My Folder\Empires Custom UMC Stuff\SourceMod\Workspace\umc-core.sp::Handle_MapVoteResults()
L 02/25/2018 - 19:43:35: Error log file session closed.
L 02/25/2018 - 20:01:24: SourceMod error session started
L 02/25/2018 - 20:01:24: Info (map "emp_downfall_hce") (file "errors_20180225.log")
L 02/25/2018 - 20:01:24: [SM] Exception reported: Invalid timer handle 1bc1037d (error 1)
L 02/25/2018 - 20:01:24: [SM] Blaming: umc-emp-mapvote.smx()
L 02/25/2018 - 20:01:24: [SM] Call stack trace:
L 02/25/2018 - 20:01:24: [SM]   [0] KillTimer
L 02/25/2018 - 20:01:24: [SM]   [1] Line 686, D:\Documents\My Folder\Empires Custom UMC Stuff\SourceMod\Workspace\umc-emp-mapvote.sp::UMC_OnNextmapSet()
L 02/25/2018 - 20:01:24: [SM]   [3] Call_Finish
L 02/25/2018 - 20:01:24: [SM]   [4] Line 4834, D:\Documents\My Folder\Empires Custom UMC Stuff\SourceMod\Workspace\umc-core.sp::DoMapChange()
L 02/25/2018 - 20:01:24: [SM]   [5] Line 4267, D:\Documents\My Folder\Empires Custom UMC Stuff\SourceMod\Workspace\umc-core.sp::Handle_MapVoteWinner()
L 02/25/2018 - 20:01:24: [SM]   [6] Line 3819, D:\Documents\My Folder\Empires Custom UMC Stuff\SourceMod\Workspace\umc-core.sp::ProcessVoteWinner()
L 02/25/2018 - 20:01:24: [SM]   [7] Line 3765, D:\Documents\My Folder\Empires Custom UMC Stuff\SourceMod\Workspace\umc-core.sp::ProcessVoteResults()
L 02/25/2018 - 20:01:24: [SM]   [8] Line 1277, D:\Documents\My Folder\Empires Custom UMC Stuff\SourceMod\Workspace\umc-core.sp::Native_UMCVoteManagerComplete()
L 02/25/2018 - 20:01:24: [SM]   [10] UMC_VoteManagerVoteCompleted
L 02/25/2018 - 20:01:24: [SM]   [11] Line 2309, D:\Documents\My Folder\Empires Custom UMC Stuff\SourceMod\Workspace\umc-core.sp::Handle_MapVoteResults()
L 02/25/2018 - 20:01:30: Error log file session closed.
L 02/25/2018 - 20:17:29: SourceMod error session started
L 02/25/2018 - 20:17:29: Info (map "emp_hazard_rc6") (file "errors_20180225.log")
L 02/25/2018 - 20:17:29: [SM] Exception reported: Invalid timer handle 235b0396 (error 1)
L 02/25/2018 - 20:17:29: [SM] Blaming: umc-emp-mapvote.smx()
L 02/25/2018 - 20:17:29: [SM] Call stack trace:
L 02/25/2018 - 20:17:29: [SM]   [0] KillTimer
L 02/25/2018 - 20:17:29: [SM]   [1] Line 686, D:\Documents\My Folder\Empires Custom UMC Stuff\SourceMod\Workspace\umc-emp-mapvote.sp::UMC_OnNextmapSet()
L 02/25/2018 - 20:17:29: [SM]   [3] Call_Finish
L 02/25/2018 - 20:17:29: [SM]   [4] Line 4834, D:\Documents\My Folder\Empires Custom UMC Stuff\SourceMod\Workspace\umc-core.sp::DoMapChange()
L 02/25/2018 - 20:17:29: [SM]   [5] Line 4267, D:\Documents\My Folder\Empires Custom UMC Stuff\SourceMod\Workspace\umc-core.sp::Handle_MapVoteWinner()
L 02/25/2018 - 20:17:29: [SM]   [6] Line 3819, D:\Documents\My Folder\Empires Custom UMC Stuff\SourceMod\Workspace\umc-core.sp::ProcessVoteWinner()
L 02/25/2018 - 20:17:29: [SM]   [7] Line 3795, D:\Documents\My Folder\Empires Custom UMC Stuff\SourceMod\Workspace\umc-core.sp::ProcessVoteResults()
L 02/25/2018 - 20:17:29: [SM]   [8] Line 1277, D:\Documents\My Folder\Empires Custom UMC Stuff\SourceMod\Workspace\umc-core.sp::Native_UMCVoteManagerComplete()
L 02/25/2018 - 20:17:29: [SM]   [10] UMC_VoteManagerVoteCompleted
L 02/25/2018 - 20:17:29: [SM]   [11] Line 2309, D:\Documents\My Folder\Empires Custom UMC Stuff\SourceMod\Workspace\umc-core.sp::Handle_MapVoteResults()
L 02/25/2018 - 20:17:35: Error log file session closed.
L 02/25/2018 - 20:42:11: SourceMod error session started
L 02/25/2018 - 20:42:11: Info (map "emp_nuclear_b8u_xfix") (file "errors_20180225.log")
L 02/25/2018 - 20:42:11: [SM] Exception reported: Invalid timer handle 2f8603ab (error 3)
L 02/25/2018 - 20:42:11: [SM] Blaming: umc-emp-mapvote.smx()
L 02/25/2018 - 20:42:11: [SM] Call stack trace:
L 02/25/2018 - 20:42:11: [SM]   [0] KillTimer
L 02/25/2018 - 20:42:11: [SM]   [1] Line 686, D:\Documents\My Folder\Empires Custom UMC Stuff\SourceMod\Workspace\umc-emp-mapvote.sp::UMC_OnNextmapSet()
L 02/25/2018 - 20:42:11: [SM]   [3] Call_Finish
L 02/25/2018 - 20:42:11: [SM]   [4] Line 4834, D:\Documents\My Folder\Empires Custom UMC Stuff\SourceMod\Workspace\umc-core.sp::DoMapChange()
L 02/25/2018 - 20:42:11: [SM]   [5] Line 4267, D:\Documents\My Folder\Empires Custom UMC Stuff\SourceMod\Workspace\umc-core.sp::Handle_MapVoteWinner()
L 02/25/2018 - 20:42:11: [SM]   [6] Line 3819, D:\Documents\My Folder\Empires Custom UMC Stuff\SourceMod\Workspace\umc-core.sp::ProcessVoteWinner()
L 02/25/2018 - 20:42:11: [SM]   [7] Line 3795, D:\Documents\My Folder\Empires Custom UMC Stuff\SourceMod\Workspace\umc-core.sp::ProcessVoteResults()
L 02/25/2018 - 20:42:11: [SM]   [8] Line 1277, D:\Documents\My Folder\Empires Custom UMC Stuff\SourceMod\Workspace\umc-core.sp::Native_UMCVoteManagerComplete()
L 02/25/2018 - 20:42:11: [SM]   [10] UMC_VoteManagerVoteCompleted
L 02/25/2018 - 20:42:11: [SM]   [11] Line 2309, D:\Documents\My Folder\Empires Custom UMC Stuff\SourceMod\Workspace\umc-core.sp::Handle_MapVoteResults()
L 02/25/2018 - 20:42:16: Error log file session closed.
L 02/25/2018 - 21:09:32: SourceMod error session started
L 02/25/2018 - 21:09:32: Info (map "emp_flat_hce") (file "errors_20180225.log")
L 02/25/2018 - 21:09:32: [SM] Exception reported: Invalid timer handle 3a980185 (error 3)
L 02/25/2018 - 21:09:32: [SM] Blaming: umc-emp-mapvote.smx()
L 02/25/2018 - 21:09:32: [SM] Call stack trace:
L 02/25/2018 - 21:09:32: [SM]   [0] KillTimer
L 02/25/2018 - 21:09:32: [SM]   [1] Line 686, D:\Documents\My Folder\Empires Custom UMC Stuff\SourceMod\Workspace\umc-emp-mapvote.sp::UMC_OnNextmapSet()
L 02/25/2018 - 21:09:32: [SM]   [3] Call_Finish
L 02/25/2018 - 21:09:32: [SM]   [4] Line 4834, D:\Documents\My Folder\Empires Custom UMC Stuff\SourceMod\Workspace\umc-core.sp::DoMapChange()
L 02/25/2018 - 21:09:32: [SM]   [5] Line 4267, D:\Documents\My Folder\Empires Custom UMC Stuff\SourceMod\Workspace\umc-core.sp::Handle_MapVoteWinner()
L 02/25/2018 - 21:09:32: [SM]   [6] Line 3819, D:\Documents\My Folder\Empires Custom UMC Stuff\SourceMod\Workspace\umc-core.sp::ProcessVoteWinner()
L 02/25/2018 - 21:09:32: [SM]   [7] Line 3795, D:\Documents\My Folder\Empires Custom UMC Stuff\SourceMod\Workspace\umc-core.sp::ProcessVoteResults()
L 02/25/2018 - 21:09:32: [SM]   [8] Line 1277, D:\Documents\My Folder\Empires Custom UMC Stuff\SourceMod\Workspace\umc-core.sp::Native_UMCVoteManagerComplete()
L 02/25/2018 - 21:09:32: [SM]   [10] UMC_VoteManagerVoteCompleted
L 02/25/2018 - 21:09:32: [SM]   [11] Line 2309, D:\Documents\My Folder\Empires Custom UMC Stuff\SourceMod\Workspace\umc-core.sp::Handle_MapVoteResults()
L 02/25/2018 - 21:09:37: Error log file session closed.
L 02/25/2018 - 21:11:43: SourceMod error session started
L 02/25/2018 - 21:11:43: Info (map "emp_snowstorm_rc6_hce") (file "errors_20180225.log")
L 02/25/2018 - 21:11:43: [SM] Exception reported: Heap leak detected: hp:14128 should be 14104!
L 02/25/2018 - 21:30:46: [SM] Exception reported: Invalid timer handle 48760389 (error 1)
L 02/25/2018 - 21:30:46: [SM] Blaming: umc-emp-mapvote.smx()
L 02/25/2018 - 21:30:46: [SM] Call stack trace:
L 02/25/2018 - 21:30:46: [SM]   [0] KillTimer
L 02/25/2018 - 21:30:46: [SM]   [1] Line 686, D:\Documents\My Folder\Empires Custom UMC Stuff\SourceMod\Workspace\umc-emp-mapvote.sp::UMC_OnNextmapSet()
L 02/25/2018 - 21:30:46: [SM]   [3] Call_Finish
L 02/25/2018 - 21:30:46: [SM]   [4] Line 4834, D:\Documents\My Folder\Empires Custom UMC Stuff\SourceMod\Workspace\umc-core.sp::DoMapChange()
L 02/25/2018 - 21:30:46: [SM]   [5] Line 4267, D:\Documents\My Folder\Empires Custom UMC Stuff\SourceMod\Workspace\umc-core.sp::Handle_MapVoteWinner()
L 02/25/2018 - 21:30:46: [SM]   [6] Line 3819, D:\Documents\My Folder\Empires Custom UMC Stuff\SourceMod\Workspace\umc-core.sp::ProcessVoteWinner()
L 02/25/2018 - 21:30:46: [SM]   [7] Line 3765, D:\Documents\My Folder\Empires Custom UMC Stuff\SourceMod\Workspace\umc-core.sp::ProcessVoteResults()
L 02/25/2018 - 21:30:46: [SM]   [8] Line 1277, D:\Documents\My Folder\Empires Custom UMC Stuff\SourceMod\Workspace\umc-core.sp::Native_UMCVoteManagerComplete()
L 02/25/2018 - 21:30:46: [SM]   [10] UMC_VoteManagerVoteCompleted
L 02/25/2018 - 21:30:46: [SM]   [11] Line 2309, D:\Documents\My Folder\Empires Custom UMC Stuff\SourceMod\Workspace\umc-core.sp::Handle_MapVoteResults()
L 02/25/2018 - 21:30:52: Error log file session closed.
L 02/25/2018 - 21:32:22: SourceMod error session started
L 02/25/2018 - 21:32:22: Info (map "emp_drygulch_a6") (file "errors_20180225.log")
L 02/25/2018 - 21:32:22: [SM] Exception reported: Heap leak detected: hp:14152 should be 14128!
L 02/25/2018 - 22:52:43: [SM] Exception reported: Invalid timer handle 5c3c0398 (error 3)
L 02/25/2018 - 22:52:43: [SM] Blaming: umc-emp-mapvote.smx()
L 02/25/2018 - 22:52:43: [SM] Call stack trace:
L 02/25/2018 - 22:52:43: [SM]   [0] KillTimer
L 02/25/2018 - 22:52:43: [SM]   [1] Line 686, D:\Documents\My Folder\Empires Custom UMC Stuff\SourceMod\Workspace\umc-emp-mapvote.sp::UMC_OnNextmapSet()
L 02/25/2018 - 22:52:43: [SM]   [3] Call_Finish
L 02/25/2018 - 22:52:43: [SM]   [4] Line 4834, D:\Documents\My Folder\Empires Custom UMC Stuff\SourceMod\Workspace\umc-core.sp::DoMapChange()
L 02/25/2018 - 22:52:43: [SM]   [5] Line 4267, D:\Documents\My Folder\Empires Custom UMC Stuff\SourceMod\Workspace\umc-core.sp::Handle_MapVoteWinner()
L 02/25/2018 - 22:52:43: [SM]   [6] Line 3819, D:\Documents\My Folder\Empires Custom UMC Stuff\SourceMod\Workspace\umc-core.sp::ProcessVoteWinner()
L 02/25/2018 - 22:52:43: [SM]   [7] Line 3795, D:\Documents\My Folder\Empires Custom UMC Stuff\SourceMod\Workspace\umc-core.sp::ProcessVoteResults()
L 02/25/2018 - 22:52:43: [SM]   [8] Line 1277, D:\Documents\My Folder\Empires Custom UMC Stuff\SourceMod\Workspace\umc-core.sp::Native_UMCVoteManagerComplete()
L 02/25/2018 - 22:52:43: [SM]   [10] UMC_VoteManagerVoteCompleted
L 02/25/2018 - 22:52:43: [SM]   [11] Line 2309, D:\Documents\My Folder\Empires Custom UMC Stuff\SourceMod\Workspace\umc-core.sp::Handle_MapVoteResults()
L 02/25/2018 - 22:52:51: Error log file session closed.
L 02/25/2018 - 23:01:18: SourceMod error session started
L 02/25/2018 - 23:01:18: Info (map "emp_massacred_rc1") (file "errors_20180225.log")
L 02/25/2018 - 23:01:18: [SM] Exception reported: Invalid timer handle 5c3c0398 (error 3)
L 02/25/2018 - 23:01:18: [SM] Blaming: umc-emp-mapvote.smx()
L 02/25/2018 - 23:01:18: [SM] Call stack trace:
L 02/25/2018 - 23:01:18: [SM]   [0] KillTimer
L 02/25/2018 - 23:01:18: [SM]   [1] Line 686, D:\Documents\My Folder\Empires Custom UMC Stuff\SourceMod\Workspace\umc-emp-mapvote.sp::UMC_OnNextmapSet()
L 02/25/2018 - 23:01:18: [SM]   [3] Call_Finish
L 02/25/2018 - 23:01:18: [SM]   [4] Line 4834, D:\Documents\My Folder\Empires Custom UMC Stuff\SourceMod\Workspace\umc-core.sp::DoMapChange()
L 02/25/2018 - 23:01:18: [SM]   [5] Line 4267, D:\Documents\My Folder\Empires Custom UMC Stuff\SourceMod\Workspace\umc-core.sp::Handle_MapVoteWinner()
L 02/25/2018 - 23:01:18: [SM]   [6] Line 3819, D:\Documents\My Folder\Empires Custom UMC Stuff\SourceMod\Workspace\umc-core.sp::ProcessVoteWinner()
L 02/25/2018 - 23:01:18: [SM]   [7] Line 3795, D:\Documents\My Folder\Empires Custom UMC Stuff\SourceMod\Workspace\umc-core.sp::ProcessVoteResults()
L 02/25/2018 - 23:01:18: [SM]   [8] Line 1277, D:\Documents\My Folder\Empires Custom UMC Stuff\SourceMod\Workspace\umc-core.sp::Native_UMCVoteManagerComplete()
L 02/25/2018 - 23:01:18: [SM]   [10] UMC_VoteManagerVoteCompleted
L 02/25/2018 - 23:01:18: [SM]   [11] Line 2309, D:\Documents\My Folder\Empires Custom UMC Stuff\SourceMod\Workspace\umc-core.sp::Handle_MapVoteResults()
L 02/25/2018 - 23:01:24: Error log file session closed.
L 02/25/2018 - 23:17:06: SourceMod error session started
L 02/25/2018 - 23:17:06: Info (map "con_blast_ob2") (file "errors_20180225.log")
L 02/25/2018 - 23:17:06: [SM] Exception reported: Invalid timer handle 674c015e (error 1)
L 02/25/2018 - 23:17:06: [SM] Blaming: umc-emp-mapvote.smx()
L 02/25/2018 - 23:17:06: [SM] Call stack trace:
L 02/25/2018 - 23:17:06: [SM]   [0] KillTimer
L 02/25/2018 - 23:17:06: [SM]   [1] Line 686, D:\Documents\My Folder\Empires Custom UMC Stuff\SourceMod\Workspace\umc-emp-mapvote.sp::UMC_OnNextmapSet()
L 02/25/2018 - 23:17:06: [SM]   [3] Call_Finish
L 02/25/2018 - 23:17:06: [SM]   [4] Line 4834, D:\Documents\My Folder\Empires Custom UMC Stuff\SourceMod\Workspace\umc-core.sp::DoMapChange()
L 02/25/2018 - 23:17:06: [SM]   [5] Line 4267, D:\Documents\My Folder\Empires Custom UMC Stuff\SourceMod\Workspace\umc-core.sp::Handle_MapVoteWinner()
L 02/25/2018 - 23:17:06: [SM]   [6] Line 3819, D:\Documents\My Folder\Empires Custom UMC Stuff\SourceMod\Workspace\umc-core.sp::ProcessVoteWinner()
L 02/25/2018 - 23:17:06: [SM]   [7] Line 3795, D:\Documents\My Folder\Empires Custom UMC Stuff\SourceMod\Workspace\umc-core.sp::ProcessVoteResults()
L 02/25/2018 - 23:17:06: [SM]   [8] Line 1277, D:\Documents\My Folder\Empires Custom UMC Stuff\SourceMod\Workspace\umc-core.sp::Native_UMCVoteManagerComplete()
L 02/25/2018 - 23:17:06: [SM]   [10] UMC_VoteManagerVoteCompleted
L 02/25/2018 - 23:17:06: [SM]   [11] Line 2309, D:\Documents\My Folder\Empires Custom UMC Stuff\SourceMod\Workspace\umc-core.sp::Handle_MapVoteResults()
L 02/25/2018 - 23:17:11: Error log file session closed.
L 02/25/2018 - 23:25:06: SourceMod error session started
L 02/25/2018 - 23:25:06: Info (map "fun_ricochet_a4") (file "errors_20180225.log")
L 02/25/2018 - 23:25:06: [SM] Exception reported: Invalid timer handle 69ce02f8 (error 1)
L 02/25/2018 - 23:25:06: [SM] Blaming: umc-emp-mapvote.smx()
L 02/25/2018 - 23:25:06: [SM] Call stack trace:
L 02/25/2018 - 23:25:06: [SM]   [0] KillTimer
L 02/25/2018 - 23:25:06: [SM]   [1] Line 686, D:\Documents\My Folder\Empires Custom UMC Stuff\SourceMod\Workspace\umc-emp-mapvote.sp::UMC_OnNextmapSet()
L 02/25/2018 - 23:25:06: [SM]   [3] Call_Finish
L 02/25/2018 - 23:25:06: [SM]   [4] Line 4834, D:\Documents\My Folder\Empires Custom UMC Stuff\SourceMod\Workspace\umc-core.sp::DoMapChange()
L 02/25/2018 - 23:25:06: [SM]   [5] Line 4267, D:\Documents\My Folder\Empires Custom UMC Stuff\SourceMod\Workspace\umc-core.sp::Handle_MapVoteWinner()
L 02/25/2018 - 23:25:06: [SM]   [6] Line 3819, D:\Documents\My Folder\Empires Custom UMC Stuff\SourceMod\Workspace\umc-core.sp::ProcessVoteWinner()
L 02/25/2018 - 23:25:06: [SM]   [7] Line 3795, D:\Documents\My Folder\Empires Custom UMC Stuff\SourceMod\Workspace\umc-core.sp::ProcessVoteResults()
L 02/25/2018 - 23:25:06: [SM]   [8] Line 1277, D:\Documents\My Folder\Empires Custom UMC Stuff\SourceMod\Workspace\umc-core.sp::Native_UMCVoteManagerComplete()
L 02/25/2018 - 23:25:06: [SM]   [10] UMC_VoteManagerVoteCompleted
L 02/25/2018 - 23:25:06: [SM]   [11] Line 2309, D:\Documents\My Folder\Empires Custom UMC Stuff\SourceMod\Workspace\umc-core.sp::Handle_MapVoteResults()
L 02/25/2018 - 23:25:12: Error log file session closed.
