L 01/02/2018 - 00:44:10: SourceMod error session started
L 01/02/2018 - 00:44:10: Info (map "emp_crossroads_towerless") (file "errors_20180102.log")
L 01/02/2018 - 00:44:10: [SM] Exception reported: Invalid timer handle 1d71014c (error 1)
L 01/02/2018 - 00:44:10: [SM] Blaming: umc-emp-mapvote.smx()
L 01/02/2018 - 00:44:10: [SM] Call stack trace:
L 01/02/2018 - 00:44:10: [SM]   [0] KillTimer
L 01/02/2018 - 00:44:10: [SM]   [1] Line 686, D:\Documents\My Folder\Empires Custom UMC Stuff\SourceMod\Workspace\umc-emp-mapvote.sp::UMC_OnNextmapSet()
L 01/02/2018 - 00:44:10: [SM]   [3] Call_Finish
L 01/02/2018 - 00:44:10: [SM]   [4] Line 4834, D:\Documents\My Folder\Empires Custom UMC Stuff\SourceMod\Workspace\umc-core.sp::DoMapChange()
L 01/02/2018 - 00:44:10: [SM]   [5] Line 4267, D:\Documents\My Folder\Empires Custom UMC Stuff\SourceMod\Workspace\umc-core.sp::Handle_MapVoteWinner()
L 01/02/2018 - 00:44:10: [SM]   [6] Line 3819, D:\Documents\My Folder\Empires Custom UMC Stuff\SourceMod\Workspace\umc-core.sp::ProcessVoteWinner()
L 01/02/2018 - 00:44:10: [SM]   [7] Line 3795, D:\Documents\My Folder\Empires Custom UMC Stuff\SourceMod\Workspace\umc-core.sp::ProcessVoteResults()
L 01/02/2018 - 00:44:10: [SM]   [8] Line 1277, D:\Documents\My Folder\Empires Custom UMC Stuff\SourceMod\Workspace\umc-core.sp::Native_UMCVoteManagerComplete()
L 01/02/2018 - 00:44:10: [SM]   [10] UMC_VoteManagerVoteCompleted
L 01/02/2018 - 00:44:10: [SM]   [11] Line 2309, D:\Documents\My Folder\Empires Custom UMC Stuff\SourceMod\Workspace\umc-core.sp::Handle_MapVoteResults()
L 01/02/2018 - 00:44:16: Error log file session closed.
L 01/02/2018 - 01:13:24: SourceMod error session started
L 01/02/2018 - 01:13:24: Info (map "emp_canyon") (file "errors_20180102.log")
L 01/02/2018 - 01:13:24: [SM] Exception reported: Invalid timer handle 27b3034d (error 1)
L 01/02/2018 - 01:13:24: [SM] Blaming: umc-emp-mapvote.smx()
L 01/02/2018 - 01:13:24: [SM] Call stack trace:
L 01/02/2018 - 01:13:24: [SM]   [0] KillTimer
L 01/02/2018 - 01:13:24: [SM]   [1] Line 686, D:\Documents\My Folder\Empires Custom UMC Stuff\SourceMod\Workspace\umc-emp-mapvote.sp::UMC_OnNextmapSet()
L 01/02/2018 - 01:13:24: [SM]   [3] Call_Finish
L 01/02/2018 - 01:13:24: [SM]   [4] Line 4834, D:\Documents\My Folder\Empires Custom UMC Stuff\SourceMod\Workspace\umc-core.sp::DoMapChange()
L 01/02/2018 - 01:13:24: [SM]   [5] Line 4267, D:\Documents\My Folder\Empires Custom UMC Stuff\SourceMod\Workspace\umc-core.sp::Handle_MapVoteWinner()
L 01/02/2018 - 01:13:24: [SM]   [6] Line 3819, D:\Documents\My Folder\Empires Custom UMC Stuff\SourceMod\Workspace\umc-core.sp::ProcessVoteWinner()
L 01/02/2018 - 01:13:24: [SM]   [7] Line 3765, D:\Documents\My Folder\Empires Custom UMC Stuff\SourceMod\Workspace\umc-core.sp::ProcessVoteResults()
L 01/02/2018 - 01:13:24: [SM]   [8] Line 1277, D:\Documents\My Folder\Empires Custom UMC Stuff\SourceMod\Workspace\umc-core.sp::Native_UMCVoteManagerComplete()
L 01/02/2018 - 01:13:24: [SM]   [10] UMC_VoteManagerVoteCompleted
L 01/02/2018 - 01:13:24: [SM]   [11] Line 2309, D:\Documents\My Folder\Empires Custom UMC Stuff\SourceMod\Workspace\umc-core.sp::Handle_MapVoteResults()
L 01/02/2018 - 01:13:29: Error log file session closed.
L 01/02/2018 - 01:21:28: SourceMod error session started
L 01/02/2018 - 01:21:28: Info (map "fun_ricochet_a4") (file "errors_20180102.log")
L 01/02/2018 - 01:21:28: [SM] Exception reported: Invalid timer handle 2a120347 (error 1)
L 01/02/2018 - 01:21:28: [SM] Blaming: umc-emp-mapvote.smx()
L 01/02/2018 - 01:21:28: [SM] Call stack trace:
L 01/02/2018 - 01:21:28: [SM]   [0] KillTimer
L 01/02/2018 - 01:21:28: [SM]   [1] Line 686, D:\Documents\My Folder\Empires Custom UMC Stuff\SourceMod\Workspace\umc-emp-mapvote.sp::UMC_OnNextmapSet()
L 01/02/2018 - 01:21:28: [SM]   [3] Call_Finish
L 01/02/2018 - 01:21:28: [SM]   [4] Line 4834, D:\Documents\My Folder\Empires Custom UMC Stuff\SourceMod\Workspace\umc-core.sp::DoMapChange()
L 01/02/2018 - 01:21:28: [SM]   [5] Line 4267, D:\Documents\My Folder\Empires Custom UMC Stuff\SourceMod\Workspace\umc-core.sp::Handle_MapVoteWinner()
L 01/02/2018 - 01:21:28: [SM]   [6] Line 3819, D:\Documents\My Folder\Empires Custom UMC Stuff\SourceMod\Workspace\umc-core.sp::ProcessVoteWinner()
L 01/02/2018 - 01:21:28: [SM]   [7] Line 3795, D:\Documents\My Folder\Empires Custom UMC Stuff\SourceMod\Workspace\umc-core.sp::ProcessVoteResults()
L 01/02/2018 - 01:21:28: [SM]   [8] Line 1277, D:\Documents\My Folder\Empires Custom UMC Stuff\SourceMod\Workspace\umc-core.sp::Native_UMCVoteManagerComplete()
L 01/02/2018 - 01:21:28: [SM]   [10] UMC_VoteManagerVoteCompleted
L 01/02/2018 - 01:21:28: [SM]   [11] Line 2309, D:\Documents\My Folder\Empires Custom UMC Stuff\SourceMod\Workspace\umc-core.sp::Handle_MapVoteResults()
L 01/02/2018 - 01:21:34: Error log file session closed.
L 01/02/2018 - 01:23:23: SourceMod error session started
L 01/02/2018 - 01:23:23: Info (map "emp_beachfront_b2") (file "errors_20180102.log")
L 01/02/2018 - 01:23:23: [SM] Exception reported: Game event "player_disconnect" has no active hook
L 01/02/2018 - 01:23:23: [SM] Blaming: saysounds.smx()
L 01/02/2018 - 01:23:23: [SM] Call stack trace:
L 01/02/2018 - 01:23:23: [SM]   [0] UnhookEvent
L 01/02/2018 - 01:23:23: [SM]   [1] Line 488, E:\dev\sourcemod\sourcemod-1.4.6-linux\addons\sourcemod\scripting\saysounds.sp::EnableChanged()
