L 09/09/2017 - 00:34:16: SourceMod error session started
L 09/09/2017 - 00:34:16: Info (map "emp_downfall") (file "errors_20170909.log")
L 09/09/2017 - 00:34:16: [SM] Exception reported: Array index is out of bounds
L 09/09/2017 - 00:34:16: [SM] Blaming: squadcontrol.smx()
L 09/09/2017 - 00:34:16: [SM] Call stack trace:
L 09/09/2017 - 00:34:16: [SM]   [1] Line 2311, squadcontrol\addons\sourcemod\scripting\squadcontrol.sp::Command_Unit_Order_List()
L 09/09/2017 - 00:34:19: [SM] Exception reported: Array index is out of bounds
L 09/09/2017 - 00:34:19: [SM] Blaming: squadcontrol.smx()
L 09/09/2017 - 00:34:19: [SM] Call stack trace:
L 09/09/2017 - 00:34:19: [SM]   [1] Line 2311, squadcontrol\addons\sourcemod\scripting\squadcontrol.sp::Command_Unit_Order_List()
L 09/09/2017 - 01:09:43: [SM] Exception reported: Invalid timer handle 28d50342 (error 1)
L 09/09/2017 - 01:09:43: [SM] Blaming: umc-emp-mapvote.smx()
L 09/09/2017 - 01:09:43: [SM] Call stack trace:
L 09/09/2017 - 01:09:43: [SM]   [0] KillTimer
L 09/09/2017 - 01:09:43: [SM]   [1] Line 686, D:\Documents\My Folder\Empires Custom UMC Stuff\SourceMod\Workspace\umc-emp-mapvote.sp::UMC_OnNextmapSet()
L 09/09/2017 - 01:09:43: [SM]   [3] Call_Finish
L 09/09/2017 - 01:09:43: [SM]   [4] Line 4834, D:\Documents\My Folder\Empires Custom UMC Stuff\SourceMod\Workspace\umc-core.sp::DoMapChange()
L 09/09/2017 - 01:09:43: [SM]   [5] Line 4267, D:\Documents\My Folder\Empires Custom UMC Stuff\SourceMod\Workspace\umc-core.sp::Handle_MapVoteWinner()
L 09/09/2017 - 01:09:43: [SM]   [6] Line 3819, D:\Documents\My Folder\Empires Custom UMC Stuff\SourceMod\Workspace\umc-core.sp::ProcessVoteWinner()
L 09/09/2017 - 01:09:43: [SM]   [7] Line 3795, D:\Documents\My Folder\Empires Custom UMC Stuff\SourceMod\Workspace\umc-core.sp::ProcessVoteResults()
L 09/09/2017 - 01:09:43: [SM]   [8] Line 1277, D:\Documents\My Folder\Empires Custom UMC Stuff\SourceMod\Workspace\umc-core.sp::Native_UMCVoteManagerComplete()
L 09/09/2017 - 01:09:43: [SM]   [10] UMC_VoteManagerVoteCompleted
L 09/09/2017 - 01:09:43: [SM]   [11] Line 2309, D:\Documents\My Folder\Empires Custom UMC Stuff\SourceMod\Workspace\umc-core.sp::Handle_MapVoteResults()
L 09/09/2017 - 01:09:48: Error log file session closed.
L 09/09/2017 - 01:09:50: SourceMod error session started
L 09/09/2017 - 01:09:50: Info (map "emp_beachfront_b2") (file "errors_20170909.log")
L 09/09/2017 - 01:09:50: [nextmap.smx] FATAL: Cannot load map cycle. Nextmap not loaded.
L 09/09/2017 - 01:09:50: [SM] Exception reported: Mapcycle Not Found
L 09/09/2017 - 01:09:50: [SM] Blaming: nextmap.smx()
L 09/09/2017 - 01:09:50: [SM] Call stack trace:
L 09/09/2017 - 01:09:50: [SM]   [0] SetFailState
L 09/09/2017 - 01:09:50: [SM]   [1] Line 139, D:\builds\build-sourcemod-msvc12\windows-1.8\build\plugins\nextmap.sp::FindAndSetNextMap()
L 09/09/2017 - 01:09:50: [SM]   [2] Line 109, D:\builds\build-sourcemod-msvc12\windows-1.8\build\plugins\nextmap.sp::OnConfigsExecuted()
L 09/09/2017 - 01:17:17: [umc-core.smx] VOTING: Not enough options to run a vote. 1 options available.
L 09/09/2017 - 01:17:17: [umc-core.smx] Could not start core vote.
L 09/09/2017 - 01:17:22: Error log file session closed.
L 09/09/2017 - 01:17:22: SourceMod error session started
L 09/09/2017 - 01:17:22: Info (map "emp_blast_ob1") (file "errors_20170909.log")
L 09/09/2017 - 01:17:22: [nextmap.smx] FATAL: Cannot load map cycle. Nextmap not loaded.
L 09/09/2017 - 01:17:22: [SM] Exception reported: Mapcycle Not Found
L 09/09/2017 - 01:17:22: [SM] Blaming: nextmap.smx()
L 09/09/2017 - 01:17:22: [SM] Call stack trace:
L 09/09/2017 - 01:17:22: [SM]   [0] SetFailState
L 09/09/2017 - 01:17:22: [SM]   [1] Line 139, D:\builds\build-sourcemod-msvc12\windows-1.8\build\plugins\nextmap.sp::FindAndSetNextMap()
L 09/09/2017 - 01:17:22: [SM]   [2] Line 109, D:\builds\build-sourcemod-msvc12\windows-1.8\build\plugins\nextmap.sp::OnConfigsExecuted()
L 09/09/2017 - 01:44:38: [SM] Exception reported: Invalid timer handle 2eb602e5 (error 1)
L 09/09/2017 - 01:44:38: [SM] Blaming: umc-emp-mapvote.smx()
L 09/09/2017 - 01:44:38: [SM] Call stack trace:
L 09/09/2017 - 01:44:38: [SM]   [0] KillTimer
L 09/09/2017 - 01:44:38: [SM]   [1] Line 686, D:\Documents\My Folder\Empires Custom UMC Stuff\SourceMod\Workspace\umc-emp-mapvote.sp::UMC_OnNextmapSet()
L 09/09/2017 - 01:44:38: [SM]   [3] Call_Finish
L 09/09/2017 - 01:44:38: [SM]   [4] Line 4834, D:\Documents\My Folder\Empires Custom UMC Stuff\SourceMod\Workspace\umc-core.sp::DoMapChange()
L 09/09/2017 - 01:44:38: [SM]   [5] Line 4267, D:\Documents\My Folder\Empires Custom UMC Stuff\SourceMod\Workspace\umc-core.sp::Handle_MapVoteWinner()
L 09/09/2017 - 01:44:38: [SM]   [6] Line 3819, D:\Documents\My Folder\Empires Custom UMC Stuff\SourceMod\Workspace\umc-core.sp::ProcessVoteWinner()
L 09/09/2017 - 01:44:38: [SM]   [7] Line 3795, D:\Documents\My Folder\Empires Custom UMC Stuff\SourceMod\Workspace\umc-core.sp::ProcessVoteResults()
L 09/09/2017 - 01:44:38: [SM]   [8] Line 1277, D:\Documents\My Folder\Empires Custom UMC Stuff\SourceMod\Workspace\umc-core.sp::Native_UMCVoteManagerComplete()
L 09/09/2017 - 01:44:38: [SM]   [10] UMC_VoteManagerVoteCompleted
L 09/09/2017 - 01:44:38: [SM]   [11] Line 2309, D:\Documents\My Folder\Empires Custom UMC Stuff\SourceMod\Workspace\umc-core.sp::Handle_MapVoteResults()
L 09/09/2017 - 01:44:45: Error log file session closed.
L 09/09/2017 - 01:44:45: SourceMod error session started
L 09/09/2017 - 01:44:45: Info (map "con_glycencity") (file "errors_20170909.log")
L 09/09/2017 - 01:44:45: [nextmap.smx] FATAL: Cannot load map cycle. Nextmap not loaded.
L 09/09/2017 - 01:44:45: [SM] Exception reported: Mapcycle Not Found
L 09/09/2017 - 01:44:45: [SM] Blaming: nextmap.smx()
L 09/09/2017 - 01:44:45: [SM] Call stack trace:
L 09/09/2017 - 01:44:45: [SM]   [0] SetFailState
L 09/09/2017 - 01:44:45: [SM]   [1] Line 139, D:\builds\build-sourcemod-msvc12\windows-1.8\build\plugins\nextmap.sp::FindAndSetNextMap()
L 09/09/2017 - 01:44:45: [SM]   [2] Line 109, D:\builds\build-sourcemod-msvc12\windows-1.8\build\plugins\nextmap.sp::OnConfigsExecuted()
L 09/09/2017 - 02:08:13: [SM] Exception reported: Invalid timer handle 32930383 (error 1)
L 09/09/2017 - 02:08:13: [SM] Blaming: umc-emp-mapvote.smx()
L 09/09/2017 - 02:08:13: [SM] Call stack trace:
L 09/09/2017 - 02:08:13: [SM]   [0] KillTimer
L 09/09/2017 - 02:08:13: [SM]   [1] Line 686, D:\Documents\My Folder\Empires Custom UMC Stuff\SourceMod\Workspace\umc-emp-mapvote.sp::UMC_OnNextmapSet()
L 09/09/2017 - 02:08:13: [SM]   [3] Call_Finish
L 09/09/2017 - 02:08:13: [SM]   [4] Line 4834, D:\Documents\My Folder\Empires Custom UMC Stuff\SourceMod\Workspace\umc-core.sp::DoMapChange()
L 09/09/2017 - 02:08:13: [SM]   [5] Line 4267, D:\Documents\My Folder\Empires Custom UMC Stuff\SourceMod\Workspace\umc-core.sp::Handle_MapVoteWinner()
L 09/09/2017 - 02:08:13: [SM]   [6] Line 3819, D:\Documents\My Folder\Empires Custom UMC Stuff\SourceMod\Workspace\umc-core.sp::ProcessVoteWinner()
L 09/09/2017 - 02:08:13: [SM]   [7] Line 3795, D:\Documents\My Folder\Empires Custom UMC Stuff\SourceMod\Workspace\umc-core.sp::ProcessVoteResults()
L 09/09/2017 - 02:08:13: [SM]   [8] Line 1277, D:\Documents\My Folder\Empires Custom UMC Stuff\SourceMod\Workspace\umc-core.sp::Native_UMCVoteManagerComplete()
L 09/09/2017 - 02:08:13: [SM]   [10] UMC_VoteManagerVoteCompleted
L 09/09/2017 - 02:08:13: [SM]   [11] Line 2309, D:\Documents\My Folder\Empires Custom UMC Stuff\SourceMod\Workspace\umc-core.sp::Handle_MapVoteResults()
L 09/09/2017 - 02:08:19: Error log file session closed.
L 09/09/2017 - 02:08:20: SourceMod error session started
L 09/09/2017 - 02:08:20: Info (map "con_urbanchaos_fix") (file "errors_20170909.log")
L 09/09/2017 - 02:08:20: [nextmap.smx] FATAL: Cannot load map cycle. Nextmap not loaded.
L 09/09/2017 - 02:08:20: [SM] Exception reported: Mapcycle Not Found
L 09/09/2017 - 02:08:20: [SM] Blaming: nextmap.smx()
L 09/09/2017 - 02:08:20: [SM] Call stack trace:
L 09/09/2017 - 02:08:20: [SM]   [0] SetFailState
L 09/09/2017 - 02:08:20: [SM]   [1] Line 139, D:\builds\build-sourcemod-msvc12\windows-1.8\build\plugins\nextmap.sp::FindAndSetNextMap()
L 09/09/2017 - 02:08:20: [SM]   [2] Line 109, D:\builds\build-sourcemod-msvc12\windows-1.8\build\plugins\nextmap.sp::OnConfigsExecuted()
L 09/09/2017 - 02:25:57: [SM] Exception reported: Invalid timer handle 35e5038b (error 1)
L 09/09/2017 - 02:25:57: [SM] Blaming: umc-emp-mapvote.smx()
L 09/09/2017 - 02:25:57: [SM] Call stack trace:
L 09/09/2017 - 02:25:57: [SM]   [0] KillTimer
L 09/09/2017 - 02:25:57: [SM]   [1] Line 686, D:\Documents\My Folder\Empires Custom UMC Stuff\SourceMod\Workspace\umc-emp-mapvote.sp::UMC_OnNextmapSet()
L 09/09/2017 - 02:25:57: [SM]   [3] Call_Finish
L 09/09/2017 - 02:25:57: [SM]   [4] Line 4834, D:\Documents\My Folder\Empires Custom UMC Stuff\SourceMod\Workspace\umc-core.sp::DoMapChange()
L 09/09/2017 - 02:25:57: [SM]   [5] Line 4267, D:\Documents\My Folder\Empires Custom UMC Stuff\SourceMod\Workspace\umc-core.sp::Handle_MapVoteWinner()
L 09/09/2017 - 02:25:57: [SM]   [6] Line 3819, D:\Documents\My Folder\Empires Custom UMC Stuff\SourceMod\Workspace\umc-core.sp::ProcessVoteWinner()
L 09/09/2017 - 02:25:57: [SM]   [7] Line 3795, D:\Documents\My Folder\Empires Custom UMC Stuff\SourceMod\Workspace\umc-core.sp::ProcessVoteResults()
L 09/09/2017 - 02:25:57: [SM]   [8] Line 1277, D:\Documents\My Folder\Empires Custom UMC Stuff\SourceMod\Workspace\umc-core.sp::Native_UMCVoteManagerComplete()
L 09/09/2017 - 02:25:57: [SM]   [10] UMC_VoteManagerVoteCompleted
L 09/09/2017 - 02:25:57: [SM]   [11] Line 2309, D:\Documents\My Folder\Empires Custom UMC Stuff\SourceMod\Workspace\umc-core.sp::Handle_MapVoteResults()
L 09/09/2017 - 02:26:02: Error log file session closed.
L 09/09/2017 - 02:26:03: SourceMod error session started
L 09/09/2017 - 02:26:03: Info (map "con_district402") (file "errors_20170909.log")
L 09/09/2017 - 02:26:03: [nextmap.smx] FATAL: Cannot load map cycle. Nextmap not loaded.
L 09/09/2017 - 02:26:03: [SM] Exception reported: Mapcycle Not Found
L 09/09/2017 - 02:26:03: [SM] Blaming: nextmap.smx()
L 09/09/2017 - 02:26:03: [SM] Call stack trace:
L 09/09/2017 - 02:26:03: [SM]   [0] SetFailState
L 09/09/2017 - 02:26:03: [SM]   [1] Line 139, D:\builds\build-sourcemod-msvc12\windows-1.8\build\plugins\nextmap.sp::FindAndSetNextMap()
L 09/09/2017 - 02:26:03: [SM]   [2] Line 109, D:\builds\build-sourcemod-msvc12\windows-1.8\build\plugins\nextmap.sp::OnConfigsExecuted()
L 09/09/2017 - 02:57:05: [SM] Exception reported: Invalid timer handle 3b9c03ca (error 1)
L 09/09/2017 - 02:57:05: [SM] Blaming: umc-emp-mapvote.smx()
L 09/09/2017 - 02:57:05: [SM] Call stack trace:
L 09/09/2017 - 02:57:05: [SM]   [0] KillTimer
L 09/09/2017 - 02:57:05: [SM]   [1] Line 686, D:\Documents\My Folder\Empires Custom UMC Stuff\SourceMod\Workspace\umc-emp-mapvote.sp::UMC_OnNextmapSet()
L 09/09/2017 - 02:57:05: [SM]   [3] Call_Finish
L 09/09/2017 - 02:57:05: [SM]   [4] Line 4834, D:\Documents\My Folder\Empires Custom UMC Stuff\SourceMod\Workspace\umc-core.sp::DoMapChange()
L 09/09/2017 - 02:57:05: [SM]   [5] Line 4267, D:\Documents\My Folder\Empires Custom UMC Stuff\SourceMod\Workspace\umc-core.sp::Handle_MapVoteWinner()
L 09/09/2017 - 02:57:05: [SM]   [6] Line 3819, D:\Documents\My Folder\Empires Custom UMC Stuff\SourceMod\Workspace\umc-core.sp::ProcessVoteWinner()
L 09/09/2017 - 02:57:05: [SM]   [7] Line 3795, D:\Documents\My Folder\Empires Custom UMC Stuff\SourceMod\Workspace\umc-core.sp::ProcessVoteResults()
L 09/09/2017 - 02:57:05: [SM]   [8] Line 1277, D:\Documents\My Folder\Empires Custom UMC Stuff\SourceMod\Workspace\umc-core.sp::Native_UMCVoteManagerComplete()
L 09/09/2017 - 02:57:05: [SM]   [10] UMC_VoteManagerVoteCompleted
L 09/09/2017 - 02:57:05: [SM]   [11] Line 2309, D:\Documents\My Folder\Empires Custom UMC Stuff\SourceMod\Workspace\umc-core.sp::Handle_MapVoteResults()
L 09/09/2017 - 02:57:10: Error log file session closed.
L 09/09/2017 - 02:57:11: SourceMod error session started
L 09/09/2017 - 02:57:11: Info (map "emp_beachfront_b2") (file "errors_20170909.log")
L 09/09/2017 - 02:57:11: [nextmap.smx] FATAL: Cannot load map cycle. Nextmap not loaded.
L 09/09/2017 - 02:57:11: [SM] Exception reported: Mapcycle Not Found
L 09/09/2017 - 02:57:11: [SM] Blaming: nextmap.smx()
L 09/09/2017 - 02:57:11: [SM] Call stack trace:
L 09/09/2017 - 02:57:11: [SM]   [0] SetFailState
L 09/09/2017 - 02:57:11: [SM]   [1] Line 139, D:\builds\build-sourcemod-msvc12\windows-1.8\build\plugins\nextmap.sp::FindAndSetNextMap()
L 09/09/2017 - 02:57:11: [SM]   [2] Line 109, D:\builds\build-sourcemod-msvc12\windows-1.8\build\plugins\nextmap.sp::OnConfigsExecuted()
L 09/09/2017 - 04:00:27: [SM] Exception reported: Invalid timer handle 447403d9 (error 1)
L 09/09/2017 - 04:00:27: [SM] Blaming: umc-emp-mapvote.smx()
L 09/09/2017 - 04:00:27: [SM] Call stack trace:
L 09/09/2017 - 04:00:27: [SM]   [0] KillTimer
L 09/09/2017 - 04:00:27: [SM]   [1] Line 686, D:\Documents\My Folder\Empires Custom UMC Stuff\SourceMod\Workspace\umc-emp-mapvote.sp::UMC_OnNextmapSet()
L 09/09/2017 - 04:00:27: [SM]   [3] Call_Finish
L 09/09/2017 - 04:00:27: [SM]   [4] Line 4834, D:\Documents\My Folder\Empires Custom UMC Stuff\SourceMod\Workspace\umc-core.sp::DoMapChange()
L 09/09/2017 - 04:00:27: [SM]   [5] Line 4267, D:\Documents\My Folder\Empires Custom UMC Stuff\SourceMod\Workspace\umc-core.sp::Handle_MapVoteWinner()
L 09/09/2017 - 04:00:27: [SM]   [6] Line 3819, D:\Documents\My Folder\Empires Custom UMC Stuff\SourceMod\Workspace\umc-core.sp::ProcessVoteWinner()
L 09/09/2017 - 04:00:27: [SM]   [7] Line 3795, D:\Documents\My Folder\Empires Custom UMC Stuff\SourceMod\Workspace\umc-core.sp::ProcessVoteResults()
L 09/09/2017 - 04:00:27: [SM]   [8] Line 1277, D:\Documents\My Folder\Empires Custom UMC Stuff\SourceMod\Workspace\umc-core.sp::Native_UMCVoteManagerComplete()
L 09/09/2017 - 04:00:27: [SM]   [10] UMC_VoteManagerVoteCompleted
L 09/09/2017 - 04:00:27: [SM]   [11] Line 2309, D:\Documents\My Folder\Empires Custom UMC Stuff\SourceMod\Workspace\umc-core.sp::Handle_MapVoteResults()
L 09/09/2017 - 04:00:33: Error log file session closed.
L 09/09/2017 - 04:00:36: SourceMod error session started
L 09/09/2017 - 04:00:36: Info (map "emp_drygulch_a6") (file "errors_20170909.log")
L 09/09/2017 - 04:00:36: [nextmap.smx] FATAL: Cannot load map cycle. Nextmap not loaded.
L 09/09/2017 - 04:00:36: [SM] Exception reported: Mapcycle Not Found
L 09/09/2017 - 04:00:36: [SM] Blaming: nextmap.smx()
L 09/09/2017 - 04:00:36: [SM] Call stack trace:
L 09/09/2017 - 04:00:36: [SM]   [0] SetFailState
L 09/09/2017 - 04:00:36: [SM]   [1] Line 139, D:\builds\build-sourcemod-msvc12\windows-1.8\build\plugins\nextmap.sp::FindAndSetNextMap()
L 09/09/2017 - 04:00:36: [SM]   [2] Line 109, D:\builds\build-sourcemod-msvc12\windows-1.8\build\plugins\nextmap.sp::OnConfigsExecuted()
L 09/09/2017 - 04:27:13: [SM] Exception reported: Invalid timer handle 484e03ca (error 1)
L 09/09/2017 - 04:27:13: [SM] Blaming: umc-emp-mapvote.smx()
L 09/09/2017 - 04:27:13: [SM] Call stack trace:
L 09/09/2017 - 04:27:13: [SM]   [0] KillTimer
L 09/09/2017 - 04:27:13: [SM]   [1] Line 686, D:\Documents\My Folder\Empires Custom UMC Stuff\SourceMod\Workspace\umc-emp-mapvote.sp::UMC_OnNextmapSet()
L 09/09/2017 - 04:27:13: [SM]   [3] Call_Finish
L 09/09/2017 - 04:27:13: [SM]   [4] Line 4834, D:\Documents\My Folder\Empires Custom UMC Stuff\SourceMod\Workspace\umc-core.sp::DoMapChange()
L 09/09/2017 - 04:27:13: [SM]   [5] Line 4267, D:\Documents\My Folder\Empires Custom UMC Stuff\SourceMod\Workspace\umc-core.sp::Handle_MapVoteWinner()
L 09/09/2017 - 04:27:13: [SM]   [6] Line 3819, D:\Documents\My Folder\Empires Custom UMC Stuff\SourceMod\Workspace\umc-core.sp::ProcessVoteWinner()
L 09/09/2017 - 04:27:13: [SM]   [7] Line 3795, D:\Documents\My Folder\Empires Custom UMC Stuff\SourceMod\Workspace\umc-core.sp::ProcessVoteResults()
L 09/09/2017 - 04:27:13: [SM]   [8] Line 1277, D:\Documents\My Folder\Empires Custom UMC Stuff\SourceMod\Workspace\umc-core.sp::Native_UMCVoteManagerComplete()
L 09/09/2017 - 04:27:13: [SM]   [10] UMC_VoteManagerVoteCompleted
L 09/09/2017 - 04:27:13: [SM]   [11] Line 2309, D:\Documents\My Folder\Empires Custom UMC Stuff\SourceMod\Workspace\umc-core.sp::Handle_MapVoteResults()
L 09/09/2017 - 04:27:19: Error log file session closed.
L 09/09/2017 - 04:27:19: SourceMod error session started
L 09/09/2017 - 04:27:19: Info (map "emp_crossroads") (file "errors_20170909.log")
L 09/09/2017 - 04:27:19: [nextmap.smx] FATAL: Cannot load map cycle. Nextmap not loaded.
L 09/09/2017 - 04:27:19: [SM] Exception reported: Mapcycle Not Found
L 09/09/2017 - 04:27:19: [SM] Blaming: nextmap.smx()
L 09/09/2017 - 04:27:19: [SM] Call stack trace:
L 09/09/2017 - 04:27:19: [SM]   [0] SetFailState
L 09/09/2017 - 04:27:19: [SM]   [1] Line 139, D:\builds\build-sourcemod-msvc12\windows-1.8\build\plugins\nextmap.sp::FindAndSetNextMap()
L 09/09/2017 - 04:27:19: [SM]   [2] Line 109, D:\builds\build-sourcemod-msvc12\windows-1.8\build\plugins\nextmap.sp::OnConfigsExecuted()
L 09/09/2017 - 19:22:27: [nextmap.smx] FATAL: Cannot load map cycle. Nextmap not loaded.
L 09/09/2017 - 19:22:27: [SM] Exception reported: Mapcycle Not Found
L 09/09/2017 - 19:22:27: [SM] Blaming: nextmap.smx()
L 09/09/2017 - 19:22:27: [SM] Call stack trace:
L 09/09/2017 - 19:22:27: [SM]   [0] SetFailState
L 09/09/2017 - 19:22:27: [SM]   [1] Line 139, D:\builds\build-sourcemod-msvc12\windows-1.8\build\plugins\nextmap.sp::FindAndSetNextMap()
L 09/09/2017 - 19:22:27: [SM]   [2] Line 109, D:\builds\build-sourcemod-msvc12\windows-1.8\build\plugins\nextmap.sp::OnConfigsExecuted()
L 09/09/2017 - 19:22:27: [SM]   [4] ServerCommandEx
L 09/09/2017 - 19:22:27: [SM]   [5] Line 390, D:\builds\build-sourcemod-msvc12\windows-1.8\build\plugins\basecommands.sp::Command_Rcon()
L 09/09/2017 - 20:32:41: [SM] Exception reported: Array index is out of bounds
L 09/09/2017 - 20:32:41: [SM] Blaming: squadcontrol.smx()
L 09/09/2017 - 20:32:41: [SM] Call stack trace:
L 09/09/2017 - 20:32:41: [SM]   [1] Line 2311, squadcontrol\addons\sourcemod\scripting\squadcontrol.sp::Command_Unit_Order_List()
L 09/09/2017 - 20:37:16: [SM] Exception reported: Invalid timer handle 79470432 (error 1)
L 09/09/2017 - 20:37:16: [SM] Blaming: umc-emp-mapvote.smx()
L 09/09/2017 - 20:37:16: [SM] Call stack trace:
L 09/09/2017 - 20:37:16: [SM]   [0] KillTimer
L 09/09/2017 - 20:37:16: [SM]   [1] Line 686, D:\Documents\My Folder\Empires Custom UMC Stuff\SourceMod\Workspace\umc-emp-mapvote.sp::UMC_OnNextmapSet()
L 09/09/2017 - 20:37:16: [SM]   [3] Call_Finish
L 09/09/2017 - 20:37:16: [SM]   [4] Line 4834, D:\Documents\My Folder\Empires Custom UMC Stuff\SourceMod\Workspace\umc-core.sp::DoMapChange()
L 09/09/2017 - 20:37:16: [SM]   [5] Line 4267, D:\Documents\My Folder\Empires Custom UMC Stuff\SourceMod\Workspace\umc-core.sp::Handle_MapVoteWinner()
L 09/09/2017 - 20:37:16: [SM]   [6] Line 3819, D:\Documents\My Folder\Empires Custom UMC Stuff\SourceMod\Workspace\umc-core.sp::ProcessVoteWinner()
L 09/09/2017 - 20:37:16: [SM]   [7] Line 3795, D:\Documents\My Folder\Empires Custom UMC Stuff\SourceMod\Workspace\umc-core.sp::ProcessVoteResults()
L 09/09/2017 - 20:37:16: [SM]   [8] Line 1277, D:\Documents\My Folder\Empires Custom UMC Stuff\SourceMod\Workspace\umc-core.sp::Native_UMCVoteManagerComplete()
L 09/09/2017 - 20:37:16: [SM]   [10] UMC_VoteManagerVoteCompleted
L 09/09/2017 - 20:37:16: [SM]   [11] Line 2309, D:\Documents\My Folder\Empires Custom UMC Stuff\SourceMod\Workspace\umc-core.sp::Handle_MapVoteResults()
L 09/09/2017 - 20:37:22: Error log file session closed.
L 09/09/2017 - 20:37:22: SourceMod error session started
L 09/09/2017 - 20:37:22: Info (map "emp_nuclear_b8u_xfix") (file "errors_20170909.log")
L 09/09/2017 - 20:37:22: [SM] Exception reported: Plugin not runnable
L 09/09/2017 - 20:37:22: [SM] Exception reported: Plugin not runnable
L 09/09/2017 - 20:37:22: [nextmap.smx] FATAL: Cannot load map cycle. Nextmap not loaded.
L 09/09/2017 - 20:37:22: [SM] Exception reported: Mapcycle Not Found
L 09/09/2017 - 20:37:22: [SM] Blaming: nextmap.smx()
L 09/09/2017 - 20:37:22: [SM] Call stack trace:
L 09/09/2017 - 20:37:22: [SM]   [0] SetFailState
L 09/09/2017 - 20:37:22: [SM]   [1] Line 139, D:\builds\build-sourcemod-msvc12\windows-1.8\build\plugins\nextmap.sp::FindAndSetNextMap()
L 09/09/2017 - 20:37:22: [SM]   [2] Line 109, D:\builds\build-sourcemod-msvc12\windows-1.8\build\plugins\nextmap.sp::OnConfigsExecuted()
L 09/09/2017 - 21:10:54: [SM] Exception reported: Invalid timer handle 79470432 (error 1)
L 09/09/2017 - 21:10:54: [SM] Blaming: umc-emp-mapvote.smx()
L 09/09/2017 - 21:10:54: [SM] Call stack trace:
L 09/09/2017 - 21:10:54: [SM]   [0] KillTimer
L 09/09/2017 - 21:10:54: [SM]   [1] Line 686, D:\Documents\My Folder\Empires Custom UMC Stuff\SourceMod\Workspace\umc-emp-mapvote.sp::UMC_OnNextmapSet()
L 09/09/2017 - 21:10:54: [SM]   [3] Call_Finish
L 09/09/2017 - 21:10:54: [SM]   [4] Line 4834, D:\Documents\My Folder\Empires Custom UMC Stuff\SourceMod\Workspace\umc-core.sp::DoMapChange()
L 09/09/2017 - 21:10:54: [SM]   [5] Line 1767, D:\Documents\My Folder\Empires Custom UMC Stuff\SourceMod\Workspace\umc-core.sp::Native_UMCSetNextMap()
L 09/09/2017 - 21:10:54: [SM]   [7] UMC_SetNextMap
L 09/09/2017 - 21:10:54: [SM]   [8] Line 2354, D:\Documents\My Folder\Empires Custom UMC Stuff\SourceMod\Workspace\umc-adminmenu.sp::DoMapChange()
L 09/09/2017 - 21:10:54: [SM]   [9] Line 2281, D:\Documents\My Folder\Empires Custom UMC Stuff\SourceMod\Workspace\umc-adminmenu.sp::DoManualMapChange()
L 09/09/2017 - 21:10:54: [SM]   [10] Line 2230, D:\Documents\My Folder\Empires Custom UMC Stuff\SourceMod\Workspace\umc-adminmenu.sp::Handle_ManualChangeWhenMenu()
L 09/09/2017 - 21:11:00: Error log file session closed.
L 09/09/2017 - 21:11:06: SourceMod error session started
L 09/09/2017 - 21:11:06: Info (map "con_district402") (file "errors_20170909.log")
L 09/09/2017 - 21:11:06: [SM] Exception reported: Plugin not runnable
L 09/09/2017 - 21:11:06: [SM] Exception reported: Plugin not runnable
L 09/09/2017 - 21:11:06: [nextmap.smx] FATAL: Cannot load map cycle. Nextmap not loaded.
L 09/09/2017 - 21:11:06: [SM] Exception reported: Mapcycle Not Found
L 09/09/2017 - 21:11:06: [SM] Blaming: nextmap.smx()
L 09/09/2017 - 21:11:06: [SM] Call stack trace:
L 09/09/2017 - 21:11:06: [SM]   [0] SetFailState
L 09/09/2017 - 21:11:06: [SM]   [1] Line 139, D:\builds\build-sourcemod-msvc12\windows-1.8\build\plugins\nextmap.sp::FindAndSetNextMap()
L 09/09/2017 - 21:11:06: [SM]   [2] Line 109, D:\builds\build-sourcemod-msvc12\windows-1.8\build\plugins\nextmap.sp::OnConfigsExecuted()
L 09/09/2017 - 21:50:22: [SM] Exception reported: Invalid timer handle 982304ec (error 1)
L 09/09/2017 - 21:50:22: [SM] Blaming: umc-emp-mapvote.smx()
L 09/09/2017 - 21:50:22: [SM] Call stack trace:
L 09/09/2017 - 21:50:22: [SM]   [0] KillTimer
L 09/09/2017 - 21:50:22: [SM]   [1] Line 686, D:\Documents\My Folder\Empires Custom UMC Stuff\SourceMod\Workspace\umc-emp-mapvote.sp::UMC_OnNextmapSet()
L 09/09/2017 - 21:50:22: [SM]   [3] Call_Finish
L 09/09/2017 - 21:50:22: [SM]   [4] Line 4834, D:\Documents\My Folder\Empires Custom UMC Stuff\SourceMod\Workspace\umc-core.sp::DoMapChange()
L 09/09/2017 - 21:50:22: [SM]   [5] Line 4267, D:\Documents\My Folder\Empires Custom UMC Stuff\SourceMod\Workspace\umc-core.sp::Handle_MapVoteWinner()
L 09/09/2017 - 21:50:22: [SM]   [6] Line 3819, D:\Documents\My Folder\Empires Custom UMC Stuff\SourceMod\Workspace\umc-core.sp::ProcessVoteWinner()
L 09/09/2017 - 21:50:22: [SM]   [7] Line 3795, D:\Documents\My Folder\Empires Custom UMC Stuff\SourceMod\Workspace\umc-core.sp::ProcessVoteResults()
L 09/09/2017 - 21:50:22: [SM]   [8] Line 1277, D:\Documents\My Folder\Empires Custom UMC Stuff\SourceMod\Workspace\umc-core.sp::Native_UMCVoteManagerComplete()
L 09/09/2017 - 21:50:22: [SM]   [10] UMC_VoteManagerVoteCompleted
L 09/09/2017 - 21:50:22: [SM]   [11] Line 2309, D:\Documents\My Folder\Empires Custom UMC Stuff\SourceMod\Workspace\umc-core.sp::Handle_MapVoteResults()
L 09/09/2017 - 21:50:23: Error log file session closed.
L 09/09/2017 - 21:50:29: SourceMod error session started
L 09/09/2017 - 21:50:29: Info (map "emp_atomic_rc6") (file "errors_20170909.log")
L 09/09/2017 - 21:50:29: [SM] Exception reported: Plugin not runnable
L 09/09/2017 - 21:50:29: [SM] Exception reported: Plugin not runnable
L 09/09/2017 - 21:50:29: [nextmap.smx] FATAL: Cannot load map cycle. Nextmap not loaded.
L 09/09/2017 - 21:50:29: [SM] Exception reported: Mapcycle Not Found
L 09/09/2017 - 21:50:29: [SM] Blaming: nextmap.smx()
L 09/09/2017 - 21:50:29: [SM] Call stack trace:
L 09/09/2017 - 21:50:29: [SM]   [0] SetFailState
L 09/09/2017 - 21:50:29: [SM]   [1] Line 139, D:\builds\build-sourcemod-msvc12\windows-1.8\build\plugins\nextmap.sp::FindAndSetNextMap()
L 09/09/2017 - 21:50:29: [SM]   [2] Line 109, D:\builds\build-sourcemod-msvc12\windows-1.8\build\plugins\nextmap.sp::OnConfigsExecuted()
L 09/09/2017 - 21:56:22: SourceMod error session started
L 09/09/2017 - 21:56:22: Info (map "con_district402") (file "errors_20170909.log")
L 09/09/2017 - 21:56:22: [SDKTOOLS] Invalid detour address passed - Disabling detour to prevent crashes
L 09/09/2017 - 21:56:22: [SDKTOOLS] Failed to find PlayerRunCmd offset - OnPlayerRunCmd forward disabled.
L 09/09/2017 - 21:57:08: Error log file session closed.
L 09/09/2017 - 22:21:55: SourceMod error session started
L 09/09/2017 - 22:21:55: Info (map "emp_atomic_rc6") (file "errors_20170909.log")
L 09/09/2017 - 22:21:55: [SM] Exception reported: Invalid timer handle d220364 (error 1)
L 09/09/2017 - 22:21:55: [SM] Blaming: umc-emp-mapvote.smx()
L 09/09/2017 - 22:21:55: [SM] Call stack trace:
L 09/09/2017 - 22:21:55: [SM]   [0] KillTimer
L 09/09/2017 - 22:21:55: [SM]   [1] Line 686, D:\Documents\My Folder\Empires Custom UMC Stuff\SourceMod\Workspace\umc-emp-mapvote.sp::UMC_OnNextmapSet()
L 09/09/2017 - 22:21:55: [SM]   [3] Call_Finish
L 09/09/2017 - 22:21:55: [SM]   [4] Line 4834, D:\Documents\My Folder\Empires Custom UMC Stuff\SourceMod\Workspace\umc-core.sp::DoMapChange()
L 09/09/2017 - 22:21:55: [SM]   [5] Line 4267, D:\Documents\My Folder\Empires Custom UMC Stuff\SourceMod\Workspace\umc-core.sp::Handle_MapVoteWinner()
L 09/09/2017 - 22:21:55: [SM]   [6] Line 3819, D:\Documents\My Folder\Empires Custom UMC Stuff\SourceMod\Workspace\umc-core.sp::ProcessVoteWinner()
L 09/09/2017 - 22:21:55: [SM]   [7] Line 3795, D:\Documents\My Folder\Empires Custom UMC Stuff\SourceMod\Workspace\umc-core.sp::ProcessVoteResults()
L 09/09/2017 - 22:21:55: [SM]   [8] Line 1277, D:\Documents\My Folder\Empires Custom UMC Stuff\SourceMod\Workspace\umc-core.sp::Native_UMCVoteManagerComplete()
L 09/09/2017 - 22:21:55: [SM]   [10] UMC_VoteManagerVoteCompleted
L 09/09/2017 - 22:21:55: [SM]   [11] Line 2309, D:\Documents\My Folder\Empires Custom UMC Stuff\SourceMod\Workspace\umc-core.sp::Handle_MapVoteResults()
L 09/09/2017 - 22:22:01: Error log file session closed.
L 09/09/2017 - 22:33:49: SourceMod error session started
L 09/09/2017 - 22:33:49: Info (map "emp_canyon") (file "errors_20170909.log")
L 09/09/2017 - 22:33:49: [SM] Exception reported: Array index is out of bounds
L 09/09/2017 - 22:33:49: [SM] Blaming: squadcontrol.smx()
L 09/09/2017 - 22:33:49: [SM] Call stack trace:
L 09/09/2017 - 22:33:49: [SM]   [1] Line 2311, squadcontrol\addons\sourcemod\scripting\squadcontrol.sp::Command_Unit_Order_List()
L 09/09/2017 - 22:34:31: [SM] Exception reported: Array index is out of bounds
L 09/09/2017 - 22:34:31: [SM] Blaming: squadcontrol.smx()
L 09/09/2017 - 22:34:31: [SM] Call stack trace:
L 09/09/2017 - 22:34:31: [SM]   [1] Line 2311, squadcontrol\addons\sourcemod\scripting\squadcontrol.sp::Command_Unit_Order_List()
L 09/09/2017 - 22:34:32: [SM] Exception reported: Array index is out of bounds
L 09/09/2017 - 22:34:32: [SM] Blaming: squadcontrol.smx()
L 09/09/2017 - 22:34:32: [SM] Call stack trace:
L 09/09/2017 - 22:34:32: [SM]   [1] Line 2311, squadcontrol\addons\sourcemod\scripting\squadcontrol.sp::Command_Unit_Order_List()
L 09/09/2017 - 22:36:11: [SM] Exception reported: Array index is out of bounds
L 09/09/2017 - 22:36:11: [SM] Blaming: squadcontrol.smx()
L 09/09/2017 - 22:36:11: [SM] Call stack trace:
L 09/09/2017 - 22:36:11: [SM]   [1] Line 2311, squadcontrol\addons\sourcemod\scripting\squadcontrol.sp::Command_Unit_Order_List()
L 09/09/2017 - 22:36:12: [SM] Exception reported: Array index is out of bounds
L 09/09/2017 - 22:36:12: [SM] Blaming: squadcontrol.smx()
L 09/09/2017 - 22:36:12: [SM] Call stack trace:
L 09/09/2017 - 22:36:12: [SM]   [1] Line 2311, squadcontrol\addons\sourcemod\scripting\squadcontrol.sp::Command_Unit_Order_List()
L 09/09/2017 - 22:37:13: [SM] Exception reported: Array index is out of bounds
L 09/09/2017 - 22:37:13: [SM] Blaming: squadcontrol.smx()
L 09/09/2017 - 22:37:13: [SM] Call stack trace:
L 09/09/2017 - 22:37:13: [SM]   [1] Line 2311, squadcontrol\addons\sourcemod\scripting\squadcontrol.sp::Command_Unit_Order_List()
L 09/09/2017 - 22:37:58: [SM] Exception reported: Array index is out of bounds
L 09/09/2017 - 22:37:58: [SM] Blaming: squadcontrol.smx()
L 09/09/2017 - 22:37:58: [SM] Call stack trace:
L 09/09/2017 - 22:37:58: [SM]   [1] Line 2311, squadcontrol\addons\sourcemod\scripting\squadcontrol.sp::Command_Unit_Order_List()
L 09/09/2017 - 22:37:59: [SM] Exception reported: Array index is out of bounds
L 09/09/2017 - 22:37:59: [SM] Blaming: squadcontrol.smx()
L 09/09/2017 - 22:37:59: [SM] Call stack trace:
L 09/09/2017 - 22:37:59: [SM]   [1] Line 2311, squadcontrol\addons\sourcemod\scripting\squadcontrol.sp::Command_Unit_Order_List()
L 09/09/2017 - 22:37:59: [SM] Exception reported: Array index is out of bounds
L 09/09/2017 - 22:37:59: [SM] Blaming: squadcontrol.smx()
L 09/09/2017 - 22:37:59: [SM] Call stack trace:
L 09/09/2017 - 22:37:59: [SM]   [1] Line 2311, squadcontrol\addons\sourcemod\scripting\squadcontrol.sp::Command_Unit_Order_List()
L 09/09/2017 - 22:38:05: [SM] Exception reported: Array index is out of bounds
L 09/09/2017 - 22:38:05: [SM] Blaming: squadcontrol.smx()
L 09/09/2017 - 22:38:05: [SM] Call stack trace:
L 09/09/2017 - 22:38:05: [SM]   [1] Line 2311, squadcontrol\addons\sourcemod\scripting\squadcontrol.sp::Command_Unit_Order_List()
L 09/09/2017 - 22:42:57: [SM] Exception reported: Array index is out of bounds
L 09/09/2017 - 22:42:57: [SM] Blaming: squadcontrol.smx()
L 09/09/2017 - 22:42:57: [SM] Call stack trace:
L 09/09/2017 - 22:42:57: [SM]   [1] Line 2311, squadcontrol\addons\sourcemod\scripting\squadcontrol.sp::Command_Unit_Order_List()
L 09/09/2017 - 22:42:57: [SM] Exception reported: Array index is out of bounds
L 09/09/2017 - 22:42:57: [SM] Blaming: squadcontrol.smx()
L 09/09/2017 - 22:42:57: [SM] Call stack trace:
L 09/09/2017 - 22:42:57: [SM]   [1] Line 2311, squadcontrol\addons\sourcemod\scripting\squadcontrol.sp::Command_Unit_Order_List()
L 09/09/2017 - 22:42:58: [SM] Exception reported: Array index is out of bounds
L 09/09/2017 - 22:42:58: [SM] Blaming: squadcontrol.smx()
L 09/09/2017 - 22:42:58: [SM] Call stack trace:
L 09/09/2017 - 22:42:58: [SM]   [1] Line 2311, squadcontrol\addons\sourcemod\scripting\squadcontrol.sp::Command_Unit_Order_List()
L 09/09/2017 - 22:43:06: [SM] Exception reported: Array index is out of bounds
L 09/09/2017 - 22:43:06: [SM] Blaming: squadcontrol.smx()
L 09/09/2017 - 22:43:06: [SM] Call stack trace:
L 09/09/2017 - 22:43:06: [SM]   [1] Line 2311, squadcontrol\addons\sourcemod\scripting\squadcontrol.sp::Command_Unit_Order_List()
L 09/09/2017 - 22:44:14: [SM] Exception reported: Array index is out of bounds
L 09/09/2017 - 22:44:14: [SM] Blaming: squadcontrol.smx()
L 09/09/2017 - 22:44:14: [SM] Call stack trace:
L 09/09/2017 - 22:44:14: [SM]   [1] Line 2311, squadcontrol\addons\sourcemod\scripting\squadcontrol.sp::Command_Unit_Order_List()
L 09/09/2017 - 22:44:31: [SM] Exception reported: Array index is out of bounds
L 09/09/2017 - 22:44:31: [SM] Blaming: squadcontrol.smx()
L 09/09/2017 - 22:44:31: [SM] Call stack trace:
L 09/09/2017 - 22:44:31: [SM]   [1] Line 2311, squadcontrol\addons\sourcemod\scripting\squadcontrol.sp::Command_Unit_Order_List()
L 09/09/2017 - 22:44:32: [SM] Exception reported: Array index is out of bounds
L 09/09/2017 - 22:44:32: [SM] Blaming: squadcontrol.smx()
L 09/09/2017 - 22:44:32: [SM] Call stack trace:
L 09/09/2017 - 22:44:32: [SM]   [1] Line 2311, squadcontrol\addons\sourcemod\scripting\squadcontrol.sp::Command_Unit_Order_List()
L 09/09/2017 - 22:45:56: [SM] Exception reported: Array index is out of bounds
L 09/09/2017 - 22:45:56: [SM] Blaming: squadcontrol.smx()
L 09/09/2017 - 22:45:56: [SM] Call stack trace:
L 09/09/2017 - 22:45:56: [SM]   [1] Line 2311, squadcontrol\addons\sourcemod\scripting\squadcontrol.sp::Command_Unit_Order_List()
L 09/09/2017 - 22:46:07: [SM] Exception reported: Array index is out of bounds
L 09/09/2017 - 22:46:07: [SM] Blaming: squadcontrol.smx()
L 09/09/2017 - 22:46:07: [SM] Call stack trace:
L 09/09/2017 - 22:46:07: [SM]   [1] Line 2311, squadcontrol\addons\sourcemod\scripting\squadcontrol.sp::Command_Unit_Order_List()
L 09/09/2017 - 22:46:08: [SM] Exception reported: Array index is out of bounds
L 09/09/2017 - 22:46:08: [SM] Blaming: squadcontrol.smx()
L 09/09/2017 - 22:46:08: [SM] Call stack trace:
L 09/09/2017 - 22:46:08: [SM]   [1] Line 2311, squadcontrol\addons\sourcemod\scripting\squadcontrol.sp::Command_Unit_Order_List()
L 09/09/2017 - 22:46:08: [SM] Exception reported: Array index is out of bounds
L 09/09/2017 - 22:46:08: [SM] Blaming: squadcontrol.smx()
L 09/09/2017 - 22:46:08: [SM] Call stack trace:
L 09/09/2017 - 22:46:08: [SM]   [1] Line 2311, squadcontrol\addons\sourcemod\scripting\squadcontrol.sp::Command_Unit_Order_List()
L 09/09/2017 - 22:46:09: [SM] Exception reported: Array index is out of bounds
L 09/09/2017 - 22:46:09: [SM] Blaming: squadcontrol.smx()
L 09/09/2017 - 22:46:09: [SM] Call stack trace:
L 09/09/2017 - 22:46:09: [SM]   [1] Line 2311, squadcontrol\addons\sourcemod\scripting\squadcontrol.sp::Command_Unit_Order_List()
L 09/09/2017 - 22:46:16: [SM] Exception reported: Array index is out of bounds
L 09/09/2017 - 22:46:16: [SM] Blaming: squadcontrol.smx()
L 09/09/2017 - 22:46:16: [SM] Call stack trace:
L 09/09/2017 - 22:46:16: [SM]   [1] Line 2311, squadcontrol\addons\sourcemod\scripting\squadcontrol.sp::Command_Unit_Order_List()
L 09/09/2017 - 22:46:21: [SM] Exception reported: Array index is out of bounds
L 09/09/2017 - 22:46:21: [SM] Blaming: squadcontrol.smx()
L 09/09/2017 - 22:46:21: [SM] Call stack trace:
L 09/09/2017 - 22:46:21: [SM]   [1] Line 2311, squadcontrol\addons\sourcemod\scripting\squadcontrol.sp::Command_Unit_Order_List()
L 09/09/2017 - 22:46:44: [SM] Exception reported: Array index is out of bounds
L 09/09/2017 - 22:46:44: [SM] Blaming: squadcontrol.smx()
L 09/09/2017 - 22:46:44: [SM] Call stack trace:
L 09/09/2017 - 22:46:44: [SM]   [1] Line 2311, squadcontrol\addons\sourcemod\scripting\squadcontrol.sp::Command_Unit_Order_List()
L 09/09/2017 - 22:46:44: [SM] Exception reported: Array index is out of bounds
L 09/09/2017 - 22:46:44: [SM] Blaming: squadcontrol.smx()
L 09/09/2017 - 22:46:44: [SM] Call stack trace:
L 09/09/2017 - 22:46:44: [SM]   [1] Line 2311, squadcontrol\addons\sourcemod\scripting\squadcontrol.sp::Command_Unit_Order_List()
L 09/09/2017 - 22:46:45: [SM] Exception reported: Array index is out of bounds
L 09/09/2017 - 22:46:45: [SM] Blaming: squadcontrol.smx()
L 09/09/2017 - 22:46:45: [SM] Call stack trace:
L 09/09/2017 - 22:46:45: [SM]   [1] Line 2311, squadcontrol\addons\sourcemod\scripting\squadcontrol.sp::Command_Unit_Order_List()
L 09/09/2017 - 22:46:46: [SM] Exception reported: Array index is out of bounds
L 09/09/2017 - 22:46:46: [SM] Blaming: squadcontrol.smx()
L 09/09/2017 - 22:46:46: [SM] Call stack trace:
L 09/09/2017 - 22:46:46: [SM]   [1] Line 2311, squadcontrol\addons\sourcemod\scripting\squadcontrol.sp::Command_Unit_Order_List()
L 09/09/2017 - 22:46:47: [SM] Exception reported: Array index is out of bounds
L 09/09/2017 - 22:46:47: [SM] Blaming: squadcontrol.smx()
L 09/09/2017 - 22:46:47: [SM] Call stack trace:
L 09/09/2017 - 22:46:47: [SM]   [1] Line 2311, squadcontrol\addons\sourcemod\scripting\squadcontrol.sp::Command_Unit_Order_List()
L 09/09/2017 - 22:46:48: [SM] Exception reported: Array index is out of bounds
L 09/09/2017 - 22:46:48: [SM] Blaming: squadcontrol.smx()
L 09/09/2017 - 22:46:48: [SM] Call stack trace:
L 09/09/2017 - 22:46:48: [SM]   [1] Line 2311, squadcontrol\addons\sourcemod\scripting\squadcontrol.sp::Command_Unit_Order_List()
L 09/09/2017 - 22:48:03: [SM] Exception reported: Array index is out of bounds
L 09/09/2017 - 22:48:03: [SM] Blaming: squadcontrol.smx()
L 09/09/2017 - 22:48:03: [SM] Call stack trace:
L 09/09/2017 - 22:48:03: [SM]   [1] Line 2311, squadcontrol\addons\sourcemod\scripting\squadcontrol.sp::Command_Unit_Order_List()
L 09/09/2017 - 22:48:24: [SM] Exception reported: Array index is out of bounds
L 09/09/2017 - 22:48:24: [SM] Blaming: squadcontrol.smx()
L 09/09/2017 - 22:48:24: [SM] Call stack trace:
L 09/09/2017 - 22:48:24: [SM]   [1] Line 2311, squadcontrol\addons\sourcemod\scripting\squadcontrol.sp::Command_Unit_Order_List()
L 09/09/2017 - 22:48:59: [SM] Exception reported: Array index is out of bounds
L 09/09/2017 - 22:48:59: [SM] Blaming: squadcontrol.smx()
L 09/09/2017 - 22:48:59: [SM] Call stack trace:
L 09/09/2017 - 22:48:59: [SM]   [1] Line 2311, squadcontrol\addons\sourcemod\scripting\squadcontrol.sp::Command_Unit_Order_List()
L 09/09/2017 - 22:49:22: [SM] Exception reported: Array index is out of bounds
L 09/09/2017 - 22:49:22: [SM] Blaming: squadcontrol.smx()
L 09/09/2017 - 22:49:22: [SM] Call stack trace:
L 09/09/2017 - 22:49:22: [SM]   [1] Line 2311, squadcontrol\addons\sourcemod\scripting\squadcontrol.sp::Command_Unit_Order_List()
L 09/09/2017 - 22:50:00: [SM] Exception reported: Array index is out of bounds
L 09/09/2017 - 22:50:00: [SM] Blaming: squadcontrol.smx()
L 09/09/2017 - 22:50:00: [SM] Call stack trace:
L 09/09/2017 - 22:50:00: [SM]   [1] Line 2311, squadcontrol\addons\sourcemod\scripting\squadcontrol.sp::Command_Unit_Order_List()
L 09/09/2017 - 22:50:01: [SM] Exception reported: Array index is out of bounds
L 09/09/2017 - 22:50:01: [SM] Blaming: squadcontrol.smx()
L 09/09/2017 - 22:50:01: [SM] Call stack trace:
L 09/09/2017 - 22:50:01: [SM]   [1] Line 2311, squadcontrol\addons\sourcemod\scripting\squadcontrol.sp::Command_Unit_Order_List()
L 09/09/2017 - 22:50:02: [SM] Exception reported: Array index is out of bounds
L 09/09/2017 - 22:50:02: [SM] Blaming: squadcontrol.smx()
L 09/09/2017 - 22:50:02: [SM] Call stack trace:
L 09/09/2017 - 22:50:02: [SM]   [1] Line 2311, squadcontrol\addons\sourcemod\scripting\squadcontrol.sp::Command_Unit_Order_List()
L 09/09/2017 - 22:50:03: [SM] Exception reported: Array index is out of bounds
L 09/09/2017 - 22:50:03: [SM] Blaming: squadcontrol.smx()
L 09/09/2017 - 22:50:03: [SM] Call stack trace:
L 09/09/2017 - 22:50:03: [SM]   [1] Line 2311, squadcontrol\addons\sourcemod\scripting\squadcontrol.sp::Command_Unit_Order_List()
L 09/09/2017 - 22:50:07: [SM] Exception reported: Array index is out of bounds
L 09/09/2017 - 22:50:07: [SM] Blaming: squadcontrol.smx()
L 09/09/2017 - 22:50:07: [SM] Call stack trace:
L 09/09/2017 - 22:50:07: [SM]   [1] Line 2311, squadcontrol\addons\sourcemod\scripting\squadcontrol.sp::Command_Unit_Order_List()
L 09/09/2017 - 22:50:13: [SM] Exception reported: Array index is out of bounds
L 09/09/2017 - 22:50:13: [SM] Blaming: squadcontrol.smx()
L 09/09/2017 - 22:50:13: [SM] Call stack trace:
L 09/09/2017 - 22:50:13: [SM]   [1] Line 2311, squadcontrol\addons\sourcemod\scripting\squadcontrol.sp::Command_Unit_Order_List()
L 09/09/2017 - 22:50:42: [SM] Exception reported: Array index is out of bounds
L 09/09/2017 - 22:50:42: [SM] Blaming: squadcontrol.smx()
L 09/09/2017 - 22:50:42: [SM] Call stack trace:
L 09/09/2017 - 22:50:42: [SM]   [1] Line 2311, squadcontrol\addons\sourcemod\scripting\squadcontrol.sp::Command_Unit_Order_List()
L 09/09/2017 - 22:50:42: [SM] Exception reported: Array index is out of bounds
L 09/09/2017 - 22:50:42: [SM] Blaming: squadcontrol.smx()
L 09/09/2017 - 22:50:42: [SM] Call stack trace:
L 09/09/2017 - 22:50:42: [SM]   [1] Line 2311, squadcontrol\addons\sourcemod\scripting\squadcontrol.sp::Command_Unit_Order_List()
L 09/09/2017 - 22:50:49: [SM] Exception reported: Array index is out of bounds
L 09/09/2017 - 22:50:49: [SM] Blaming: squadcontrol.smx()
L 09/09/2017 - 22:50:49: [SM] Call stack trace:
L 09/09/2017 - 22:50:49: [SM]   [1] Line 2311, squadcontrol\addons\sourcemod\scripting\squadcontrol.sp::Command_Unit_Order_List()
L 09/09/2017 - 22:50:56: [SM] Exception reported: Array index is out of bounds
L 09/09/2017 - 22:50:56: [SM] Blaming: squadcontrol.smx()
L 09/09/2017 - 22:50:56: [SM] Call stack trace:
L 09/09/2017 - 22:50:56: [SM]   [1] Line 2311, squadcontrol\addons\sourcemod\scripting\squadcontrol.sp::Command_Unit_Order_List()
L 09/09/2017 - 22:50:59: [SM] Exception reported: Array index is out of bounds
L 09/09/2017 - 22:50:59: [SM] Blaming: squadcontrol.smx()
L 09/09/2017 - 22:50:59: [SM] Call stack trace:
L 09/09/2017 - 22:50:59: [SM]   [1] Line 2311, squadcontrol\addons\sourcemod\scripting\squadcontrol.sp::Command_Unit_Order_List()
L 09/09/2017 - 22:51:13: [SM] Exception reported: Array index is out of bounds
L 09/09/2017 - 22:51:13: [SM] Blaming: squadcontrol.smx()
L 09/09/2017 - 22:51:13: [SM] Call stack trace:
L 09/09/2017 - 22:51:13: [SM]   [1] Line 2311, squadcontrol\addons\sourcemod\scripting\squadcontrol.sp::Command_Unit_Order_List()
L 09/09/2017 - 22:51:14: [SM] Exception reported: Array index is out of bounds
L 09/09/2017 - 22:51:14: [SM] Blaming: squadcontrol.smx()
L 09/09/2017 - 22:51:14: [SM] Call stack trace:
L 09/09/2017 - 22:51:14: [SM]   [1] Line 2311, squadcontrol\addons\sourcemod\scripting\squadcontrol.sp::Command_Unit_Order_List()
L 09/09/2017 - 22:51:19: [SM] Exception reported: Array index is out of bounds
L 09/09/2017 - 22:51:19: [SM] Blaming: squadcontrol.smx()
L 09/09/2017 - 22:51:19: [SM] Call stack trace:
L 09/09/2017 - 22:51:19: [SM]   [1] Line 2311, squadcontrol\addons\sourcemod\scripting\squadcontrol.sp::Command_Unit_Order_List()
L 09/09/2017 - 22:51:22: [SM] Exception reported: Array index is out of bounds
L 09/09/2017 - 22:51:22: [SM] Blaming: squadcontrol.smx()
L 09/09/2017 - 22:51:22: [SM] Call stack trace:
L 09/09/2017 - 22:51:22: [SM]   [1] Line 2311, squadcontrol\addons\sourcemod\scripting\squadcontrol.sp::Command_Unit_Order_List()
L 09/09/2017 - 22:51:28: [SM] Exception reported: Array index is out of bounds
L 09/09/2017 - 22:51:28: [SM] Blaming: squadcontrol.smx()
L 09/09/2017 - 22:51:28: [SM] Call stack trace:
L 09/09/2017 - 22:51:28: [SM]   [1] Line 2311, squadcontrol\addons\sourcemod\scripting\squadcontrol.sp::Command_Unit_Order_List()
L 09/09/2017 - 22:51:30: [SM] Exception reported: Array index is out of bounds
L 09/09/2017 - 22:51:30: [SM] Blaming: squadcontrol.smx()
L 09/09/2017 - 22:51:30: [SM] Call stack trace:
L 09/09/2017 - 22:51:30: [SM]   [1] Line 2311, squadcontrol\addons\sourcemod\scripting\squadcontrol.sp::Command_Unit_Order_List()
L 09/09/2017 - 22:51:45: [SM] Exception reported: Array index is out of bounds
L 09/09/2017 - 22:51:45: [SM] Blaming: squadcontrol.smx()
L 09/09/2017 - 22:51:45: [SM] Call stack trace:
L 09/09/2017 - 22:51:45: [SM]   [1] Line 2311, squadcontrol\addons\sourcemod\scripting\squadcontrol.sp::Command_Unit_Order_List()
L 09/09/2017 - 22:51:45: [SM] Exception reported: Array index is out of bounds
L 09/09/2017 - 22:51:45: [SM] Blaming: squadcontrol.smx()
L 09/09/2017 - 22:51:45: [SM] Call stack trace:
L 09/09/2017 - 22:51:45: [SM]   [1] Line 2311, squadcontrol\addons\sourcemod\scripting\squadcontrol.sp::Command_Unit_Order_List()
L 09/09/2017 - 22:51:46: [SM] Exception reported: Array index is out of bounds
L 09/09/2017 - 22:51:46: [SM] Blaming: squadcontrol.smx()
L 09/09/2017 - 22:51:46: [SM] Call stack trace:
L 09/09/2017 - 22:51:46: [SM]   [1] Line 2311, squadcontrol\addons\sourcemod\scripting\squadcontrol.sp::Command_Unit_Order_List()
L 09/09/2017 - 22:51:57: [SM] Exception reported: Array index is out of bounds
L 09/09/2017 - 22:51:57: [SM] Blaming: squadcontrol.smx()
L 09/09/2017 - 22:51:57: [SM] Call stack trace:
L 09/09/2017 - 22:51:57: [SM]   [1] Line 2311, squadcontrol\addons\sourcemod\scripting\squadcontrol.sp::Command_Unit_Order_List()
L 09/09/2017 - 22:52:01: [SM] Exception reported: Array index is out of bounds
L 09/09/2017 - 22:52:01: [SM] Blaming: squadcontrol.smx()
L 09/09/2017 - 22:52:01: [SM] Call stack trace:
L 09/09/2017 - 22:52:01: [SM]   [1] Line 2311, squadcontrol\addons\sourcemod\scripting\squadcontrol.sp::Command_Unit_Order_List()
L 09/09/2017 - 22:52:31: [SM] Exception reported: Array index is out of bounds
L 09/09/2017 - 22:52:31: [SM] Blaming: squadcontrol.smx()
L 09/09/2017 - 22:52:31: [SM] Call stack trace:
L 09/09/2017 - 22:52:31: [SM]   [1] Line 2311, squadcontrol\addons\sourcemod\scripting\squadcontrol.sp::Command_Unit_Order_List()
L 09/09/2017 - 22:53:28: [SM] Exception reported: Array index is out of bounds
L 09/09/2017 - 22:53:28: [SM] Blaming: squadcontrol.smx()
L 09/09/2017 - 22:53:28: [SM] Call stack trace:
L 09/09/2017 - 22:53:28: [SM]   [1] Line 2311, squadcontrol\addons\sourcemod\scripting\squadcontrol.sp::Command_Unit_Order_List()
L 09/09/2017 - 22:53:31: [SM] Exception reported: Array index is out of bounds
L 09/09/2017 - 22:53:31: [SM] Blaming: squadcontrol.smx()
L 09/09/2017 - 22:53:31: [SM] Call stack trace:
L 09/09/2017 - 22:53:31: [SM]   [1] Line 2311, squadcontrol\addons\sourcemod\scripting\squadcontrol.sp::Command_Unit_Order_List()
L 09/09/2017 - 22:53:46: [SM] Exception reported: Array index is out of bounds
L 09/09/2017 - 22:53:46: [SM] Blaming: squadcontrol.smx()
L 09/09/2017 - 22:53:46: [SM] Call stack trace:
L 09/09/2017 - 22:53:46: [SM]   [1] Line 2311, squadcontrol\addons\sourcemod\scripting\squadcontrol.sp::Command_Unit_Order_List()
L 09/09/2017 - 22:54:22: [SM] Exception reported: Array index is out of bounds
L 09/09/2017 - 22:54:22: [SM] Blaming: squadcontrol.smx()
L 09/09/2017 - 22:54:22: [SM] Call stack trace:
L 09/09/2017 - 22:54:22: [SM]   [1] Line 2311, squadcontrol\addons\sourcemod\scripting\squadcontrol.sp::Command_Unit_Order_List()
L 09/09/2017 - 22:56:12: [SM] Exception reported: Array index is out of bounds
L 09/09/2017 - 22:56:12: [SM] Blaming: squadcontrol.smx()
L 09/09/2017 - 22:56:12: [SM] Call stack trace:
L 09/09/2017 - 22:56:12: [SM]   [1] Line 2311, squadcontrol\addons\sourcemod\scripting\squadcontrol.sp::Command_Unit_Order_List()
L 09/09/2017 - 22:56:13: [SM] Exception reported: Array index is out of bounds
L 09/09/2017 - 22:56:13: [SM] Blaming: squadcontrol.smx()
L 09/09/2017 - 22:56:13: [SM] Call stack trace:
L 09/09/2017 - 22:56:13: [SM]   [1] Line 2311, squadcontrol\addons\sourcemod\scripting\squadcontrol.sp::Command_Unit_Order_List()
L 09/09/2017 - 22:56:16: [SM] Exception reported: Array index is out of bounds
L 09/09/2017 - 22:56:16: [SM] Blaming: squadcontrol.smx()
L 09/09/2017 - 22:56:16: [SM] Call stack trace:
L 09/09/2017 - 22:56:16: [SM]   [1] Line 2311, squadcontrol\addons\sourcemod\scripting\squadcontrol.sp::Command_Unit_Order_List()
L 09/09/2017 - 22:56:35: [SM] Exception reported: Array index is out of bounds
L 09/09/2017 - 22:56:35: [SM] Blaming: squadcontrol.smx()
L 09/09/2017 - 22:56:35: [SM] Call stack trace:
L 09/09/2017 - 22:56:35: [SM]   [1] Line 2311, squadcontrol\addons\sourcemod\scripting\squadcontrol.sp::Command_Unit_Order_List()
L 09/09/2017 - 22:59:16: [SM] Exception reported: Array index is out of bounds
L 09/09/2017 - 22:59:16: [SM] Blaming: squadcontrol.smx()
L 09/09/2017 - 22:59:16: [SM] Call stack trace:
L 09/09/2017 - 22:59:16: [SM]   [1] Line 2311, squadcontrol\addons\sourcemod\scripting\squadcontrol.sp::Command_Unit_Order_List()
L 09/09/2017 - 23:00:04: [SM] Exception reported: Array index is out of bounds
L 09/09/2017 - 23:00:04: [SM] Blaming: squadcontrol.smx()
L 09/09/2017 - 23:00:04: [SM] Call stack trace:
L 09/09/2017 - 23:00:04: [SM]   [1] Line 2311, squadcontrol\addons\sourcemod\scripting\squadcontrol.sp::Command_Unit_Order_List()
L 09/09/2017 - 23:03:14: [SM] Exception reported: Array index is out of bounds
L 09/09/2017 - 23:03:14: [SM] Blaming: squadcontrol.smx()
L 09/09/2017 - 23:03:14: [SM] Call stack trace:
L 09/09/2017 - 23:03:14: [SM]   [1] Line 2311, squadcontrol\addons\sourcemod\scripting\squadcontrol.sp::Command_Unit_Order_List()
L 09/09/2017 - 23:03:55: [SM] Exception reported: Array index is out of bounds
L 09/09/2017 - 23:03:55: [SM] Blaming: squadcontrol.smx()
L 09/09/2017 - 23:03:55: [SM] Call stack trace:
L 09/09/2017 - 23:03:55: [SM]   [1] Line 2311, squadcontrol\addons\sourcemod\scripting\squadcontrol.sp::Command_Unit_Order_List()
L 09/09/2017 - 23:03:55: [SM] Exception reported: Array index is out of bounds
L 09/09/2017 - 23:03:55: [SM] Blaming: squadcontrol.smx()
L 09/09/2017 - 23:03:55: [SM] Call stack trace:
L 09/09/2017 - 23:03:55: [SM]   [1] Line 2311, squadcontrol\addons\sourcemod\scripting\squadcontrol.sp::Command_Unit_Order_List()
L 09/09/2017 - 23:05:38: [SM] Exception reported: Invalid timer handle 21ac03a5 (error 3)
L 09/09/2017 - 23:05:38: [SM] Blaming: umc-emp-mapvote.smx()
L 09/09/2017 - 23:05:38: [SM] Call stack trace:
L 09/09/2017 - 23:05:38: [SM]   [0] KillTimer
L 09/09/2017 - 23:05:38: [SM]   [1] Line 686, D:\Documents\My Folder\Empires Custom UMC Stuff\SourceMod\Workspace\umc-emp-mapvote.sp::UMC_OnNextmapSet()
L 09/09/2017 - 23:05:38: [SM]   [3] Call_Finish
L 09/09/2017 - 23:05:38: [SM]   [4] Line 4834, D:\Documents\My Folder\Empires Custom UMC Stuff\SourceMod\Workspace\umc-core.sp::DoMapChange()
L 09/09/2017 - 23:05:38: [SM]   [5] Line 4267, D:\Documents\My Folder\Empires Custom UMC Stuff\SourceMod\Workspace\umc-core.sp::Handle_MapVoteWinner()
L 09/09/2017 - 23:05:38: [SM]   [6] Line 3819, D:\Documents\My Folder\Empires Custom UMC Stuff\SourceMod\Workspace\umc-core.sp::ProcessVoteWinner()
L 09/09/2017 - 23:05:38: [SM]   [7] Line 3795, D:\Documents\My Folder\Empires Custom UMC Stuff\SourceMod\Workspace\umc-core.sp::ProcessVoteResults()
L 09/09/2017 - 23:05:38: [SM]   [8] Line 1277, D:\Documents\My Folder\Empires Custom UMC Stuff\SourceMod\Workspace\umc-core.sp::Native_UMCVoteManagerComplete()
L 09/09/2017 - 23:05:38: [SM]   [10] UMC_VoteManagerVoteCompleted
L 09/09/2017 - 23:05:38: [SM]   [11] Line 2309, D:\Documents\My Folder\Empires Custom UMC Stuff\SourceMod\Workspace\umc-core.sp::Handle_MapVoteResults()
L 09/09/2017 - 23:05:44: Error log file session closed.
L 09/09/2017 - 23:20:20: SourceMod error session started
L 09/09/2017 - 23:20:20: Info (map "emp_duststorm") (file "errors_20170909.log")
L 09/09/2017 - 23:20:20: [SM] Exception reported: Array index is out of bounds
L 09/09/2017 - 23:20:20: [SM] Blaming: squadcontrol.smx()
L 09/09/2017 - 23:20:20: [SM] Call stack trace:
L 09/09/2017 - 23:20:20: [SM]   [1] Line 2311, squadcontrol\addons\sourcemod\scripting\squadcontrol.sp::Command_Unit_Order_List()
L 09/09/2017 - 23:20:42: [SM] Exception reported: Array index is out of bounds
L 09/09/2017 - 23:20:42: [SM] Blaming: squadcontrol.smx()
L 09/09/2017 - 23:20:42: [SM] Call stack trace:
L 09/09/2017 - 23:20:42: [SM]   [1] Line 2311, squadcontrol\addons\sourcemod\scripting\squadcontrol.sp::Command_Unit_Order_List()
L 09/09/2017 - 23:20:47: [SM] Exception reported: Array index is out of bounds
L 09/09/2017 - 23:20:47: [SM] Blaming: squadcontrol.smx()
L 09/09/2017 - 23:20:47: [SM] Call stack trace:
L 09/09/2017 - 23:20:47: [SM]   [1] Line 2311, squadcontrol\addons\sourcemod\scripting\squadcontrol.sp::Command_Unit_Order_List()
L 09/09/2017 - 23:21:24: [SM] Exception reported: Array index is out of bounds
L 09/09/2017 - 23:21:24: [SM] Blaming: squadcontrol.smx()
L 09/09/2017 - 23:21:24: [SM] Call stack trace:
L 09/09/2017 - 23:21:24: [SM]   [1] Line 2311, squadcontrol\addons\sourcemod\scripting\squadcontrol.sp::Command_Unit_Order_List()
L 09/09/2017 - 23:21:32: [SM] Exception reported: Array index is out of bounds
L 09/09/2017 - 23:21:32: [SM] Blaming: squadcontrol.smx()
L 09/09/2017 - 23:21:32: [SM] Call stack trace:
L 09/09/2017 - 23:21:32: [SM]   [1] Line 2311, squadcontrol\addons\sourcemod\scripting\squadcontrol.sp::Command_Unit_Order_List()
L 09/09/2017 - 23:21:33: [SM] Exception reported: Array index is out of bounds
L 09/09/2017 - 23:21:33: [SM] Blaming: squadcontrol.smx()
L 09/09/2017 - 23:21:33: [SM] Call stack trace:
L 09/09/2017 - 23:21:33: [SM]   [1] Line 2311, squadcontrol\addons\sourcemod\scripting\squadcontrol.sp::Command_Unit_Order_List()
L 09/09/2017 - 23:22:01: [SM] Exception reported: Array index is out of bounds
L 09/09/2017 - 23:22:01: [SM] Blaming: squadcontrol.smx()
L 09/09/2017 - 23:22:01: [SM] Call stack trace:
L 09/09/2017 - 23:22:01: [SM]   [1] Line 2311, squadcontrol\addons\sourcemod\scripting\squadcontrol.sp::Command_Unit_Order_List()
L 09/09/2017 - 23:22:04: [SM] Exception reported: Array index is out of bounds
L 09/09/2017 - 23:22:04: [SM] Blaming: squadcontrol.smx()
L 09/09/2017 - 23:22:04: [SM] Call stack trace:
L 09/09/2017 - 23:22:04: [SM]   [1] Line 2311, squadcontrol\addons\sourcemod\scripting\squadcontrol.sp::Command_Unit_Order_List()
L 09/09/2017 - 23:22:04: [SM] Exception reported: Array index is out of bounds
L 09/09/2017 - 23:22:04: [SM] Blaming: squadcontrol.smx()
L 09/09/2017 - 23:22:04: [SM] Call stack trace:
L 09/09/2017 - 23:22:04: [SM]   [1] Line 2311, squadcontrol\addons\sourcemod\scripting\squadcontrol.sp::Command_Unit_Order_List()
L 09/09/2017 - 23:22:12: [SM] Exception reported: Array index is out of bounds
L 09/09/2017 - 23:22:12: [SM] Blaming: squadcontrol.smx()
L 09/09/2017 - 23:22:12: [SM] Call stack trace:
L 09/09/2017 - 23:22:12: [SM]   [1] Line 2311, squadcontrol\addons\sourcemod\scripting\squadcontrol.sp::Command_Unit_Order_List()
L 09/09/2017 - 23:22:51: [SM] Exception reported: Array index is out of bounds
L 09/09/2017 - 23:22:51: [SM] Blaming: squadcontrol.smx()
L 09/09/2017 - 23:22:51: [SM] Call stack trace:
L 09/09/2017 - 23:22:51: [SM]   [1] Line 2311, squadcontrol\addons\sourcemod\scripting\squadcontrol.sp::Command_Unit_Order_List()
L 09/09/2017 - 23:22:53: [SM] Exception reported: Array index is out of bounds
L 09/09/2017 - 23:22:53: [SM] Blaming: squadcontrol.smx()
L 09/09/2017 - 23:22:53: [SM] Call stack trace:
L 09/09/2017 - 23:22:53: [SM]   [1] Line 2311, squadcontrol\addons\sourcemod\scripting\squadcontrol.sp::Command_Unit_Order_List()
L 09/09/2017 - 23:23:01: [SM] Exception reported: Array index is out of bounds
L 09/09/2017 - 23:23:01: [SM] Blaming: squadcontrol.smx()
L 09/09/2017 - 23:23:01: [SM] Call stack trace:
L 09/09/2017 - 23:23:01: [SM]   [1] Line 2311, squadcontrol\addons\sourcemod\scripting\squadcontrol.sp::Command_Unit_Order_List()
L 09/09/2017 - 23:23:04: [SM] Exception reported: Array index is out of bounds
L 09/09/2017 - 23:23:04: [SM] Blaming: squadcontrol.smx()
L 09/09/2017 - 23:23:04: [SM] Call stack trace:
L 09/09/2017 - 23:23:04: [SM]   [1] Line 2311, squadcontrol\addons\sourcemod\scripting\squadcontrol.sp::Command_Unit_Order_List()
L 09/09/2017 - 23:23:28: [SM] Exception reported: Array index is out of bounds
L 09/09/2017 - 23:23:28: [SM] Blaming: squadcontrol.smx()
L 09/09/2017 - 23:23:28: [SM] Call stack trace:
L 09/09/2017 - 23:23:28: [SM]   [1] Line 2311, squadcontrol\addons\sourcemod\scripting\squadcontrol.sp::Command_Unit_Order_List()
L 09/09/2017 - 23:24:20: [SM] Exception reported: Array index is out of bounds
L 09/09/2017 - 23:24:20: [SM] Blaming: squadcontrol.smx()
L 09/09/2017 - 23:24:20: [SM] Call stack trace:
L 09/09/2017 - 23:24:20: [SM]   [1] Line 2311, squadcontrol\addons\sourcemod\scripting\squadcontrol.sp::Command_Unit_Order_List()
L 09/09/2017 - 23:24:22: [SM] Exception reported: Array index is out of bounds
L 09/09/2017 - 23:24:22: [SM] Blaming: squadcontrol.smx()
L 09/09/2017 - 23:24:22: [SM] Call stack trace:
L 09/09/2017 - 23:24:22: [SM]   [1] Line 2311, squadcontrol\addons\sourcemod\scripting\squadcontrol.sp::Command_Unit_Order_List()
L 09/09/2017 - 23:25:27: [SM] Exception reported: Array index is out of bounds
L 09/09/2017 - 23:25:27: [SM] Blaming: squadcontrol.smx()
L 09/09/2017 - 23:25:27: [SM] Call stack trace:
L 09/09/2017 - 23:25:27: [SM]   [1] Line 2311, squadcontrol\addons\sourcemod\scripting\squadcontrol.sp::Command_Unit_Order_List()
L 09/09/2017 - 23:25:36: [SM] Exception reported: Array index is out of bounds
L 09/09/2017 - 23:25:36: [SM] Blaming: squadcontrol.smx()
L 09/09/2017 - 23:25:36: [SM] Call stack trace:
L 09/09/2017 - 23:25:36: [SM]   [1] Line 2311, squadcontrol\addons\sourcemod\scripting\squadcontrol.sp::Command_Unit_Order_List()
L 09/09/2017 - 23:25:54: [SM] Exception reported: Array index is out of bounds
L 09/09/2017 - 23:25:54: [SM] Blaming: squadcontrol.smx()
L 09/09/2017 - 23:25:54: [SM] Call stack trace:
L 09/09/2017 - 23:25:54: [SM]   [1] Line 2311, squadcontrol\addons\sourcemod\scripting\squadcontrol.sp::Command_Unit_Order_List()
L 09/09/2017 - 23:26:03: [SM] Exception reported: Array index is out of bounds
L 09/09/2017 - 23:26:03: [SM] Blaming: squadcontrol.smx()
L 09/09/2017 - 23:26:03: [SM] Call stack trace:
L 09/09/2017 - 23:26:03: [SM]   [1] Line 2311, squadcontrol\addons\sourcemod\scripting\squadcontrol.sp::Command_Unit_Order_List()
L 09/09/2017 - 23:26:04: [SM] Exception reported: Array index is out of bounds
L 09/09/2017 - 23:26:04: [SM] Blaming: squadcontrol.smx()
L 09/09/2017 - 23:26:04: [SM] Call stack trace:
L 09/09/2017 - 23:26:04: [SM]   [1] Line 2311, squadcontrol\addons\sourcemod\scripting\squadcontrol.sp::Command_Unit_Order_List()
L 09/09/2017 - 23:26:18: [SM] Exception reported: Array index is out of bounds
L 09/09/2017 - 23:26:18: [SM] Blaming: squadcontrol.smx()
L 09/09/2017 - 23:26:18: [SM] Call stack trace:
L 09/09/2017 - 23:26:18: [SM]   [1] Line 2311, squadcontrol\addons\sourcemod\scripting\squadcontrol.sp::Command_Unit_Order_List()
L 09/09/2017 - 23:27:17: [SM] Exception reported: Array index is out of bounds
L 09/09/2017 - 23:27:17: [SM] Blaming: squadcontrol.smx()
L 09/09/2017 - 23:27:17: [SM] Call stack trace:
L 09/09/2017 - 23:27:17: [SM]   [1] Line 2311, squadcontrol\addons\sourcemod\scripting\squadcontrol.sp::Command_Unit_Order_List()
L 09/09/2017 - 23:27:40: [SM] Exception reported: Array index is out of bounds
L 09/09/2017 - 23:27:40: [SM] Blaming: squadcontrol.smx()
L 09/09/2017 - 23:27:40: [SM] Call stack trace:
L 09/09/2017 - 23:27:40: [SM]   [1] Line 2311, squadcontrol\addons\sourcemod\scripting\squadcontrol.sp::Command_Unit_Order_List()
L 09/09/2017 - 23:28:14: [SM] Exception reported: Array index is out of bounds
L 09/09/2017 - 23:28:14: [SM] Blaming: squadcontrol.smx()
L 09/09/2017 - 23:28:14: [SM] Call stack trace:
L 09/09/2017 - 23:28:14: [SM]   [1] Line 2311, squadcontrol\addons\sourcemod\scripting\squadcontrol.sp::Command_Unit_Order_List()
L 09/09/2017 - 23:28:15: [SM] Exception reported: Array index is out of bounds
L 09/09/2017 - 23:28:15: [SM] Blaming: squadcontrol.smx()
L 09/09/2017 - 23:28:15: [SM] Call stack trace:
L 09/09/2017 - 23:28:15: [SM]   [1] Line 2311, squadcontrol\addons\sourcemod\scripting\squadcontrol.sp::Command_Unit_Order_List()
L 09/09/2017 - 23:28:22: [SM] Exception reported: Array index is out of bounds
L 09/09/2017 - 23:28:22: [SM] Blaming: squadcontrol.smx()
L 09/09/2017 - 23:28:22: [SM] Call stack trace:
L 09/09/2017 - 23:28:22: [SM]   [1] Line 2311, squadcontrol\addons\sourcemod\scripting\squadcontrol.sp::Command_Unit_Order_List()
L 09/09/2017 - 23:28:27: [SM] Exception reported: Array index is out of bounds
L 09/09/2017 - 23:28:27: [SM] Blaming: squadcontrol.smx()
L 09/09/2017 - 23:28:27: [SM] Call stack trace:
L 09/09/2017 - 23:28:27: [SM]   [1] Line 2311, squadcontrol\addons\sourcemod\scripting\squadcontrol.sp::Command_Unit_Order_List()
L 09/09/2017 - 23:28:39: [SM] Exception reported: Array index is out of bounds
L 09/09/2017 - 23:28:39: [SM] Blaming: squadcontrol.smx()
L 09/09/2017 - 23:28:39: [SM] Call stack trace:
L 09/09/2017 - 23:28:39: [SM]   [1] Line 2311, squadcontrol\addons\sourcemod\scripting\squadcontrol.sp::Command_Unit_Order_List()
L 09/09/2017 - 23:29:06: [SM] Exception reported: Array index is out of bounds
L 09/09/2017 - 23:29:06: [SM] Blaming: squadcontrol.smx()
L 09/09/2017 - 23:29:06: [SM] Call stack trace:
L 09/09/2017 - 23:29:06: [SM]   [1] Line 2311, squadcontrol\addons\sourcemod\scripting\squadcontrol.sp::Command_Unit_Order_List()
L 09/09/2017 - 23:29:08: [SM] Exception reported: Array index is out of bounds
L 09/09/2017 - 23:29:08: [SM] Blaming: squadcontrol.smx()
L 09/09/2017 - 23:29:08: [SM] Call stack trace:
L 09/09/2017 - 23:29:08: [SM]   [1] Line 2311, squadcontrol\addons\sourcemod\scripting\squadcontrol.sp::Command_Unit_Order_List()
L 09/09/2017 - 23:29:52: [SM] Exception reported: Array index is out of bounds
L 09/09/2017 - 23:29:52: [SM] Blaming: squadcontrol.smx()
L 09/09/2017 - 23:29:52: [SM] Call stack trace:
L 09/09/2017 - 23:29:52: [SM]   [1] Line 2311, squadcontrol\addons\sourcemod\scripting\squadcontrol.sp::Command_Unit_Order_List()
L 09/09/2017 - 23:29:55: [SM] Exception reported: Array index is out of bounds
L 09/09/2017 - 23:29:55: [SM] Blaming: squadcontrol.smx()
L 09/09/2017 - 23:29:55: [SM] Call stack trace:
L 09/09/2017 - 23:29:55: [SM]   [1] Line 2311, squadcontrol\addons\sourcemod\scripting\squadcontrol.sp::Command_Unit_Order_List()
L 09/09/2017 - 23:29:58: [SM] Exception reported: Array index is out of bounds
L 09/09/2017 - 23:29:58: [SM] Blaming: squadcontrol.smx()
L 09/09/2017 - 23:29:58: [SM] Call stack trace:
L 09/09/2017 - 23:29:58: [SM]   [1] Line 2311, squadcontrol\addons\sourcemod\scripting\squadcontrol.sp::Command_Unit_Order_List()
L 09/09/2017 - 23:30:20: [SM] Exception reported: Array index is out of bounds
L 09/09/2017 - 23:30:20: [SM] Blaming: squadcontrol.smx()
L 09/09/2017 - 23:30:20: [SM] Call stack trace:
L 09/09/2017 - 23:30:20: [SM]   [1] Line 2311, squadcontrol\addons\sourcemod\scripting\squadcontrol.sp::Command_Unit_Order_List()
L 09/09/2017 - 23:30:22: [SM] Exception reported: Array index is out of bounds
L 09/09/2017 - 23:30:22: [SM] Blaming: squadcontrol.smx()
L 09/09/2017 - 23:30:22: [SM] Call stack trace:
L 09/09/2017 - 23:30:22: [SM]   [1] Line 2311, squadcontrol\addons\sourcemod\scripting\squadcontrol.sp::Command_Unit_Order_List()
L 09/09/2017 - 23:30:34: [SM] Exception reported: Array index is out of bounds
L 09/09/2017 - 23:30:34: [SM] Blaming: squadcontrol.smx()
L 09/09/2017 - 23:30:34: [SM] Call stack trace:
L 09/09/2017 - 23:30:34: [SM]   [1] Line 2311, squadcontrol\addons\sourcemod\scripting\squadcontrol.sp::Command_Unit_Order_List()
L 09/09/2017 - 23:30:37: [SM] Exception reported: Array index is out of bounds
L 09/09/2017 - 23:30:37: [SM] Blaming: squadcontrol.smx()
L 09/09/2017 - 23:30:37: [SM] Call stack trace:
L 09/09/2017 - 23:30:37: [SM]   [1] Line 2311, squadcontrol\addons\sourcemod\scripting\squadcontrol.sp::Command_Unit_Order_List()
L 09/09/2017 - 23:30:40: [SM] Exception reported: Array index is out of bounds
L 09/09/2017 - 23:30:40: [SM] Blaming: squadcontrol.smx()
L 09/09/2017 - 23:30:40: [SM] Call stack trace:
L 09/09/2017 - 23:30:40: [SM]   [1] Line 2311, squadcontrol\addons\sourcemod\scripting\squadcontrol.sp::Command_Unit_Order_List()
L 09/09/2017 - 23:30:56: [SM] Exception reported: Array index is out of bounds
L 09/09/2017 - 23:30:56: [SM] Blaming: squadcontrol.smx()
L 09/09/2017 - 23:30:56: [SM] Call stack trace:
L 09/09/2017 - 23:30:56: [SM]   [1] Line 2311, squadcontrol\addons\sourcemod\scripting\squadcontrol.sp::Command_Unit_Order_List()
L 09/09/2017 - 23:31:00: [SM] Exception reported: Array index is out of bounds
L 09/09/2017 - 23:31:00: [SM] Blaming: squadcontrol.smx()
L 09/09/2017 - 23:31:00: [SM] Call stack trace:
L 09/09/2017 - 23:31:00: [SM]   [1] Line 2311, squadcontrol\addons\sourcemod\scripting\squadcontrol.sp::Command_Unit_Order_List()
L 09/09/2017 - 23:31:12: [SM] Exception reported: Array index is out of bounds
L 09/09/2017 - 23:31:12: [SM] Blaming: squadcontrol.smx()
L 09/09/2017 - 23:31:12: [SM] Call stack trace:
L 09/09/2017 - 23:31:12: [SM]   [1] Line 2311, squadcontrol\addons\sourcemod\scripting\squadcontrol.sp::Command_Unit_Order_List()
L 09/09/2017 - 23:31:37: [SM] Exception reported: Array index is out of bounds
L 09/09/2017 - 23:31:37: [SM] Blaming: squadcontrol.smx()
L 09/09/2017 - 23:31:37: [SM] Call stack trace:
L 09/09/2017 - 23:31:37: [SM]   [1] Line 2311, squadcontrol\addons\sourcemod\scripting\squadcontrol.sp::Command_Unit_Order_List()
L 09/09/2017 - 23:31:37: [SM] Exception reported: Array index is out of bounds
L 09/09/2017 - 23:31:37: [SM] Blaming: squadcontrol.smx()
L 09/09/2017 - 23:31:37: [SM] Call stack trace:
L 09/09/2017 - 23:31:37: [SM]   [1] Line 2311, squadcontrol\addons\sourcemod\scripting\squadcontrol.sp::Command_Unit_Order_List()
L 09/09/2017 - 23:31:37: [SM] Exception reported: Array index is out of bounds
L 09/09/2017 - 23:31:37: [SM] Blaming: squadcontrol.smx()
L 09/09/2017 - 23:31:37: [SM] Call stack trace:
L 09/09/2017 - 23:31:37: [SM]   [1] Line 2311, squadcontrol\addons\sourcemod\scripting\squadcontrol.sp::Command_Unit_Order_List()
L 09/09/2017 - 23:31:41: [SM] Exception reported: Array index is out of bounds
L 09/09/2017 - 23:31:41: [SM] Blaming: squadcontrol.smx()
L 09/09/2017 - 23:31:41: [SM] Call stack trace:
L 09/09/2017 - 23:31:41: [SM]   [1] Line 2311, squadcontrol\addons\sourcemod\scripting\squadcontrol.sp::Command_Unit_Order_List()
L 09/09/2017 - 23:31:41: [SM] Exception reported: Array index is out of bounds
L 09/09/2017 - 23:31:41: [SM] Blaming: squadcontrol.smx()
L 09/09/2017 - 23:31:41: [SM] Call stack trace:
L 09/09/2017 - 23:31:41: [SM]   [1] Line 2311, squadcontrol\addons\sourcemod\scripting\squadcontrol.sp::Command_Unit_Order_List()
L 09/09/2017 - 23:31:42: [SM] Exception reported: Array index is out of bounds
L 09/09/2017 - 23:31:42: [SM] Blaming: squadcontrol.smx()
L 09/09/2017 - 23:31:42: [SM] Call stack trace:
L 09/09/2017 - 23:31:42: [SM]   [1] Line 2311, squadcontrol\addons\sourcemod\scripting\squadcontrol.sp::Command_Unit_Order_List()
L 09/09/2017 - 23:31:42: [SM] Exception reported: Array index is out of bounds
L 09/09/2017 - 23:31:42: [SM] Blaming: squadcontrol.smx()
L 09/09/2017 - 23:31:42: [SM] Call stack trace:
L 09/09/2017 - 23:31:42: [SM]   [1] Line 2311, squadcontrol\addons\sourcemod\scripting\squadcontrol.sp::Command_Unit_Order_List()
L 09/09/2017 - 23:31:42: [SM] Exception reported: Array index is out of bounds
L 09/09/2017 - 23:31:42: [SM] Blaming: squadcontrol.smx()
L 09/09/2017 - 23:31:42: [SM] Call stack trace:
L 09/09/2017 - 23:31:42: [SM]   [1] Line 2311, squadcontrol\addons\sourcemod\scripting\squadcontrol.sp::Command_Unit_Order_List()
L 09/09/2017 - 23:31:42: [SM] Exception reported: Array index is out of bounds
L 09/09/2017 - 23:31:42: [SM] Blaming: squadcontrol.smx()
L 09/09/2017 - 23:31:42: [SM] Call stack trace:
L 09/09/2017 - 23:31:42: [SM]   [1] Line 2311, squadcontrol\addons\sourcemod\scripting\squadcontrol.sp::Command_Unit_Order_List()
L 09/09/2017 - 23:31:42: [SM] Exception reported: Array index is out of bounds
L 09/09/2017 - 23:31:42: [SM] Blaming: squadcontrol.smx()
L 09/09/2017 - 23:31:42: [SM] Call stack trace:
L 09/09/2017 - 23:31:42: [SM]   [1] Line 2311, squadcontrol\addons\sourcemod\scripting\squadcontrol.sp::Command_Unit_Order_List()
L 09/09/2017 - 23:31:43: [SM] Exception reported: Array index is out of bounds
L 09/09/2017 - 23:31:43: [SM] Blaming: squadcontrol.smx()
L 09/09/2017 - 23:31:43: [SM] Call stack trace:
L 09/09/2017 - 23:31:43: [SM]   [1] Line 2311, squadcontrol\addons\sourcemod\scripting\squadcontrol.sp::Command_Unit_Order_List()
L 09/09/2017 - 23:31:43: [SM] Exception reported: Array index is out of bounds
L 09/09/2017 - 23:31:43: [SM] Blaming: squadcontrol.smx()
L 09/09/2017 - 23:31:43: [SM] Call stack trace:
L 09/09/2017 - 23:31:43: [SM]   [1] Line 2311, squadcontrol\addons\sourcemod\scripting\squadcontrol.sp::Command_Unit_Order_List()
L 09/09/2017 - 23:31:45: [SM] Exception reported: Array index is out of bounds
L 09/09/2017 - 23:31:45: [SM] Blaming: squadcontrol.smx()
L 09/09/2017 - 23:31:45: [SM] Call stack trace:
L 09/09/2017 - 23:31:45: [SM]   [1] Line 2311, squadcontrol\addons\sourcemod\scripting\squadcontrol.sp::Command_Unit_Order_List()
L 09/09/2017 - 23:31:46: [SM] Exception reported: Array index is out of bounds
L 09/09/2017 - 23:31:46: [SM] Blaming: squadcontrol.smx()
L 09/09/2017 - 23:31:46: [SM] Call stack trace:
L 09/09/2017 - 23:31:46: [SM]   [1] Line 2311, squadcontrol\addons\sourcemod\scripting\squadcontrol.sp::Command_Unit_Order_List()
L 09/09/2017 - 23:31:48: [SM] Exception reported: Array index is out of bounds
L 09/09/2017 - 23:31:48: [SM] Blaming: squadcontrol.smx()
L 09/09/2017 - 23:31:48: [SM] Call stack trace:
L 09/09/2017 - 23:31:48: [SM]   [1] Line 2311, squadcontrol\addons\sourcemod\scripting\squadcontrol.sp::Command_Unit_Order_List()
L 09/09/2017 - 23:31:49: [SM] Exception reported: Array index is out of bounds
L 09/09/2017 - 23:31:49: [SM] Blaming: squadcontrol.smx()
L 09/09/2017 - 23:31:49: [SM] Call stack trace:
L 09/09/2017 - 23:31:49: [SM]   [1] Line 2311, squadcontrol\addons\sourcemod\scripting\squadcontrol.sp::Command_Unit_Order_List()
L 09/09/2017 - 23:31:52: [SM] Exception reported: Array index is out of bounds
L 09/09/2017 - 23:31:52: [SM] Blaming: squadcontrol.smx()
L 09/09/2017 - 23:31:52: [SM] Call stack trace:
L 09/09/2017 - 23:31:52: [SM]   [1] Line 2311, squadcontrol\addons\sourcemod\scripting\squadcontrol.sp::Command_Unit_Order_List()
L 09/09/2017 - 23:31:53: [SM] Exception reported: Array index is out of bounds
L 09/09/2017 - 23:31:53: [SM] Blaming: squadcontrol.smx()
L 09/09/2017 - 23:31:53: [SM] Call stack trace:
L 09/09/2017 - 23:31:53: [SM]   [1] Line 2311, squadcontrol\addons\sourcemod\scripting\squadcontrol.sp::Command_Unit_Order_List()
L 09/09/2017 - 23:32:06: [SM] Exception reported: Array index is out of bounds
L 09/09/2017 - 23:32:06: [SM] Blaming: squadcontrol.smx()
L 09/09/2017 - 23:32:06: [SM] Call stack trace:
L 09/09/2017 - 23:32:06: [SM]   [1] Line 2311, squadcontrol\addons\sourcemod\scripting\squadcontrol.sp::Command_Unit_Order_List()
L 09/09/2017 - 23:32:08: [SM] Exception reported: Array index is out of bounds
L 09/09/2017 - 23:32:08: [SM] Blaming: squadcontrol.smx()
L 09/09/2017 - 23:32:08: [SM] Call stack trace:
L 09/09/2017 - 23:32:08: [SM]   [1] Line 2311, squadcontrol\addons\sourcemod\scripting\squadcontrol.sp::Command_Unit_Order_List()
L 09/09/2017 - 23:32:23: [SM] Exception reported: Array index is out of bounds
L 09/09/2017 - 23:32:23: [SM] Blaming: squadcontrol.smx()
L 09/09/2017 - 23:32:23: [SM] Call stack trace:
L 09/09/2017 - 23:32:23: [SM]   [1] Line 2311, squadcontrol\addons\sourcemod\scripting\squadcontrol.sp::Command_Unit_Order_List()
L 09/09/2017 - 23:32:26: [SM] Exception reported: Array index is out of bounds
L 09/09/2017 - 23:32:26: [SM] Blaming: squadcontrol.smx()
L 09/09/2017 - 23:32:26: [SM] Call stack trace:
L 09/09/2017 - 23:32:26: [SM]   [1] Line 2311, squadcontrol\addons\sourcemod\scripting\squadcontrol.sp::Command_Unit_Order_List()
L 09/09/2017 - 23:32:33: [SM] Exception reported: Array index is out of bounds
L 09/09/2017 - 23:32:33: [SM] Blaming: squadcontrol.smx()
L 09/09/2017 - 23:32:33: [SM] Call stack trace:
L 09/09/2017 - 23:32:33: [SM]   [1] Line 2311, squadcontrol\addons\sourcemod\scripting\squadcontrol.sp::Command_Unit_Order_List()
L 09/09/2017 - 23:32:39: [SM] Exception reported: Array index is out of bounds
L 09/09/2017 - 23:32:39: [SM] Blaming: squadcontrol.smx()
L 09/09/2017 - 23:32:39: [SM] Call stack trace:
L 09/09/2017 - 23:32:39: [SM]   [1] Line 2311, squadcontrol\addons\sourcemod\scripting\squadcontrol.sp::Command_Unit_Order_List()
L 09/09/2017 - 23:32:45: [SM] Exception reported: Array index is out of bounds
L 09/09/2017 - 23:32:45: [SM] Blaming: squadcontrol.smx()
L 09/09/2017 - 23:32:45: [SM] Call stack trace:
L 09/09/2017 - 23:32:45: [SM]   [1] Line 2311, squadcontrol\addons\sourcemod\scripting\squadcontrol.sp::Command_Unit_Order_List()
L 09/09/2017 - 23:32:48: [SM] Exception reported: Array index is out of bounds
L 09/09/2017 - 23:32:48: [SM] Blaming: squadcontrol.smx()
L 09/09/2017 - 23:32:48: [SM] Call stack trace:
L 09/09/2017 - 23:32:48: [SM]   [1] Line 2311, squadcontrol\addons\sourcemod\scripting\squadcontrol.sp::Command_Unit_Order_List()
L 09/09/2017 - 23:32:48: [SM] Exception reported: Array index is out of bounds
L 09/09/2017 - 23:32:48: [SM] Blaming: squadcontrol.smx()
L 09/09/2017 - 23:32:48: [SM] Call stack trace:
L 09/09/2017 - 23:32:48: [SM]   [1] Line 2311, squadcontrol\addons\sourcemod\scripting\squadcontrol.sp::Command_Unit_Order_List()
L 09/09/2017 - 23:32:51: [SM] Exception reported: Array index is out of bounds
L 09/09/2017 - 23:32:51: [SM] Blaming: squadcontrol.smx()
L 09/09/2017 - 23:32:51: [SM] Call stack trace:
L 09/09/2017 - 23:32:51: [SM]   [1] Line 2311, squadcontrol\addons\sourcemod\scripting\squadcontrol.sp::Command_Unit_Order_List()
L 09/09/2017 - 23:33:07: [SM] Exception reported: Array index is out of bounds
L 09/09/2017 - 23:33:07: [SM] Blaming: squadcontrol.smx()
L 09/09/2017 - 23:33:07: [SM] Call stack trace:
L 09/09/2017 - 23:33:07: [SM]   [1] Line 2311, squadcontrol\addons\sourcemod\scripting\squadcontrol.sp::Command_Unit_Order_List()
L 09/09/2017 - 23:33:08: [SM] Exception reported: Array index is out of bounds
L 09/09/2017 - 23:33:08: [SM] Blaming: squadcontrol.smx()
L 09/09/2017 - 23:33:08: [SM] Call stack trace:
L 09/09/2017 - 23:33:08: [SM]   [1] Line 2311, squadcontrol\addons\sourcemod\scripting\squadcontrol.sp::Command_Unit_Order_List()
L 09/09/2017 - 23:33:35: [SM] Exception reported: Array index is out of bounds
L 09/09/2017 - 23:33:35: [SM] Blaming: squadcontrol.smx()
L 09/09/2017 - 23:33:35: [SM] Call stack trace:
L 09/09/2017 - 23:33:35: [SM]   [1] Line 2311, squadcontrol\addons\sourcemod\scripting\squadcontrol.sp::Command_Unit_Order_List()
L 09/09/2017 - 23:33:36: [SM] Exception reported: Array index is out of bounds
L 09/09/2017 - 23:33:36: [SM] Blaming: squadcontrol.smx()
L 09/09/2017 - 23:33:36: [SM] Call stack trace:
L 09/09/2017 - 23:33:36: [SM]   [1] Line 2311, squadcontrol\addons\sourcemod\scripting\squadcontrol.sp::Command_Unit_Order_List()
L 09/09/2017 - 23:34:44: [SM] Exception reported: Array index is out of bounds
L 09/09/2017 - 23:34:44: [SM] Blaming: squadcontrol.smx()
L 09/09/2017 - 23:34:44: [SM] Call stack trace:
L 09/09/2017 - 23:34:44: [SM]   [1] Line 2311, squadcontrol\addons\sourcemod\scripting\squadcontrol.sp::Command_Unit_Order_List()
L 09/09/2017 - 23:34:58: [SM] Exception reported: Array index is out of bounds
L 09/09/2017 - 23:34:58: [SM] Blaming: squadcontrol.smx()
L 09/09/2017 - 23:34:58: [SM] Call stack trace:
L 09/09/2017 - 23:34:58: [SM]   [1] Line 2311, squadcontrol\addons\sourcemod\scripting\squadcontrol.sp::Command_Unit_Order_List()
L 09/09/2017 - 23:35:30: [SM] Exception reported: Array index is out of bounds
L 09/09/2017 - 23:35:30: [SM] Blaming: squadcontrol.smx()
L 09/09/2017 - 23:35:30: [SM] Call stack trace:
L 09/09/2017 - 23:35:30: [SM]   [1] Line 2311, squadcontrol\addons\sourcemod\scripting\squadcontrol.sp::Command_Unit_Order_List()
L 09/09/2017 - 23:36:25: [SM] Exception reported: Array index is out of bounds
L 09/09/2017 - 23:36:25: [SM] Blaming: squadcontrol.smx()
L 09/09/2017 - 23:36:25: [SM] Call stack trace:
L 09/09/2017 - 23:36:25: [SM]   [1] Line 2311, squadcontrol\addons\sourcemod\scripting\squadcontrol.sp::Command_Unit_Order_List()
L 09/09/2017 - 23:37:57: [SM] Exception reported: Array index is out of bounds
L 09/09/2017 - 23:37:57: [SM] Blaming: squadcontrol.smx()
L 09/09/2017 - 23:37:57: [SM] Call stack trace:
L 09/09/2017 - 23:37:57: [SM]   [1] Line 2311, squadcontrol\addons\sourcemod\scripting\squadcontrol.sp::Command_Unit_Order_List()
L 09/09/2017 - 23:37:58: [SM] Exception reported: Array index is out of bounds
L 09/09/2017 - 23:37:58: [SM] Blaming: squadcontrol.smx()
L 09/09/2017 - 23:37:58: [SM] Call stack trace:
L 09/09/2017 - 23:37:58: [SM]   [1] Line 2311, squadcontrol\addons\sourcemod\scripting\squadcontrol.sp::Command_Unit_Order_List()
L 09/09/2017 - 23:38:10: [SM] Exception reported: Array index is out of bounds
L 09/09/2017 - 23:38:10: [SM] Blaming: squadcontrol.smx()
L 09/09/2017 - 23:38:10: [SM] Call stack trace:
L 09/09/2017 - 23:38:10: [SM]   [1] Line 2311, squadcontrol\addons\sourcemod\scripting\squadcontrol.sp::Command_Unit_Order_List()
L 09/09/2017 - 23:38:49: [SM] Exception reported: Array index is out of bounds
L 09/09/2017 - 23:38:49: [SM] Blaming: squadcontrol.smx()
L 09/09/2017 - 23:38:49: [SM] Call stack trace:
L 09/09/2017 - 23:38:49: [SM]   [1] Line 2311, squadcontrol\addons\sourcemod\scripting\squadcontrol.sp::Command_Unit_Order_List()
L 09/09/2017 - 23:38:54: [SM] Exception reported: Array index is out of bounds
L 09/09/2017 - 23:38:54: [SM] Blaming: squadcontrol.smx()
L 09/09/2017 - 23:38:54: [SM] Call stack trace:
L 09/09/2017 - 23:38:54: [SM]   [1] Line 2311, squadcontrol\addons\sourcemod\scripting\squadcontrol.sp::Command_Unit_Order_List()
L 09/09/2017 - 23:38:54: [SM] Exception reported: Array index is out of bounds
L 09/09/2017 - 23:38:54: [SM] Blaming: squadcontrol.smx()
L 09/09/2017 - 23:38:54: [SM] Call stack trace:
L 09/09/2017 - 23:38:54: [SM]   [1] Line 2311, squadcontrol\addons\sourcemod\scripting\squadcontrol.sp::Command_Unit_Order_List()
L 09/09/2017 - 23:38:58: [SM] Exception reported: Array index is out of bounds
L 09/09/2017 - 23:38:58: [SM] Blaming: squadcontrol.smx()
L 09/09/2017 - 23:38:58: [SM] Call stack trace:
L 09/09/2017 - 23:38:58: [SM]   [1] Line 2311, squadcontrol\addons\sourcemod\scripting\squadcontrol.sp::Command_Unit_Order_List()
L 09/09/2017 - 23:39:00: [SM] Exception reported: Array index is out of bounds
L 09/09/2017 - 23:39:00: [SM] Blaming: squadcontrol.smx()
L 09/09/2017 - 23:39:00: [SM] Call stack trace:
L 09/09/2017 - 23:39:00: [SM]   [1] Line 2311, squadcontrol\addons\sourcemod\scripting\squadcontrol.sp::Command_Unit_Order_List()
L 09/09/2017 - 23:39:03: [SM] Exception reported: Array index is out of bounds
L 09/09/2017 - 23:39:03: [SM] Blaming: squadcontrol.smx()
L 09/09/2017 - 23:39:03: [SM] Call stack trace:
L 09/09/2017 - 23:39:03: [SM]   [1] Line 2311, squadcontrol\addons\sourcemod\scripting\squadcontrol.sp::Command_Unit_Order_List()
L 09/09/2017 - 23:39:06: [SM] Exception reported: Array index is out of bounds
L 09/09/2017 - 23:39:06: [SM] Blaming: squadcontrol.smx()
L 09/09/2017 - 23:39:06: [SM] Call stack trace:
L 09/09/2017 - 23:39:06: [SM]   [1] Line 2311, squadcontrol\addons\sourcemod\scripting\squadcontrol.sp::Command_Unit_Order_List()
L 09/09/2017 - 23:39:24: [SM] Exception reported: Array index is out of bounds
L 09/09/2017 - 23:39:24: [SM] Blaming: squadcontrol.smx()
L 09/09/2017 - 23:39:24: [SM] Call stack trace:
L 09/09/2017 - 23:39:24: [SM]   [1] Line 2311, squadcontrol\addons\sourcemod\scripting\squadcontrol.sp::Command_Unit_Order_List()
L 09/09/2017 - 23:39:25: [SM] Exception reported: Array index is out of bounds
L 09/09/2017 - 23:39:25: [SM] Blaming: squadcontrol.smx()
L 09/09/2017 - 23:39:25: [SM] Call stack trace:
L 09/09/2017 - 23:39:25: [SM]   [1] Line 2311, squadcontrol\addons\sourcemod\scripting\squadcontrol.sp::Command_Unit_Order_List()
L 09/09/2017 - 23:39:26: [SM] Exception reported: Array index is out of bounds
L 09/09/2017 - 23:39:26: [SM] Blaming: squadcontrol.smx()
L 09/09/2017 - 23:39:26: [SM] Call stack trace:
L 09/09/2017 - 23:39:26: [SM]   [1] Line 2311, squadcontrol\addons\sourcemod\scripting\squadcontrol.sp::Command_Unit_Order_List()
L 09/09/2017 - 23:39:29: [SM] Exception reported: Array index is out of bounds
L 09/09/2017 - 23:39:29: [SM] Blaming: squadcontrol.smx()
L 09/09/2017 - 23:39:29: [SM] Call stack trace:
L 09/09/2017 - 23:39:29: [SM]   [1] Line 2311, squadcontrol\addons\sourcemod\scripting\squadcontrol.sp::Command_Unit_Order_List()
L 09/09/2017 - 23:39:57: [SM] Exception reported: Array index is out of bounds
L 09/09/2017 - 23:39:57: [SM] Blaming: squadcontrol.smx()
L 09/09/2017 - 23:39:57: [SM] Call stack trace:
L 09/09/2017 - 23:39:57: [SM]   [1] Line 2311, squadcontrol\addons\sourcemod\scripting\squadcontrol.sp::Command_Unit_Order_List()
L 09/09/2017 - 23:40:05: [SM] Exception reported: Array index is out of bounds
L 09/09/2017 - 23:40:05: [SM] Blaming: squadcontrol.smx()
L 09/09/2017 - 23:40:05: [SM] Call stack trace:
L 09/09/2017 - 23:40:05: [SM]   [1] Line 2311, squadcontrol\addons\sourcemod\scripting\squadcontrol.sp::Command_Unit_Order_List()
L 09/09/2017 - 23:40:25: [SM] Exception reported: Array index is out of bounds
L 09/09/2017 - 23:40:25: [SM] Blaming: squadcontrol.smx()
L 09/09/2017 - 23:40:25: [SM] Call stack trace:
L 09/09/2017 - 23:40:25: [SM]   [1] Line 2311, squadcontrol\addons\sourcemod\scripting\squadcontrol.sp::Command_Unit_Order_List()
L 09/09/2017 - 23:40:26: [SM] Exception reported: Array index is out of bounds
L 09/09/2017 - 23:40:26: [SM] Blaming: squadcontrol.smx()
L 09/09/2017 - 23:40:26: [SM] Call stack trace:
L 09/09/2017 - 23:40:26: [SM]   [1] Line 2311, squadcontrol\addons\sourcemod\scripting\squadcontrol.sp::Command_Unit_Order_List()
L 09/09/2017 - 23:40:49: [SM] Exception reported: Array index is out of bounds
L 09/09/2017 - 23:40:49: [SM] Blaming: squadcontrol.smx()
L 09/09/2017 - 23:40:49: [SM] Call stack trace:
L 09/09/2017 - 23:40:49: [SM]   [1] Line 2311, squadcontrol\addons\sourcemod\scripting\squadcontrol.sp::Command_Unit_Order_List()
L 09/09/2017 - 23:40:51: [SM] Exception reported: Array index is out of bounds
L 09/09/2017 - 23:40:51: [SM] Blaming: squadcontrol.smx()
L 09/09/2017 - 23:40:51: [SM] Call stack trace:
L 09/09/2017 - 23:40:51: [SM]   [1] Line 2311, squadcontrol\addons\sourcemod\scripting\squadcontrol.sp::Command_Unit_Order_List()
L 09/09/2017 - 23:40:52: [SM] Exception reported: Array index is out of bounds
L 09/09/2017 - 23:40:52: [SM] Blaming: squadcontrol.smx()
L 09/09/2017 - 23:40:52: [SM] Call stack trace:
L 09/09/2017 - 23:40:52: [SM]   [1] Line 2311, squadcontrol\addons\sourcemod\scripting\squadcontrol.sp::Command_Unit_Order_List()
L 09/09/2017 - 23:40:53: [SM] Exception reported: Array index is out of bounds
L 09/09/2017 - 23:40:53: [SM] Blaming: squadcontrol.smx()
L 09/09/2017 - 23:40:53: [SM] Call stack trace:
L 09/09/2017 - 23:40:53: [SM]   [1] Line 2311, squadcontrol\addons\sourcemod\scripting\squadcontrol.sp::Command_Unit_Order_List()
L 09/09/2017 - 23:42:10: [SM] Exception reported: Array index is out of bounds
L 09/09/2017 - 23:42:10: [SM] Blaming: squadcontrol.smx()
L 09/09/2017 - 23:42:10: [SM] Call stack trace:
L 09/09/2017 - 23:42:10: [SM]   [1] Line 2311, squadcontrol\addons\sourcemod\scripting\squadcontrol.sp::Command_Unit_Order_List()
L 09/09/2017 - 23:42:16: [SM] Exception reported: Array index is out of bounds
L 09/09/2017 - 23:42:16: [SM] Blaming: squadcontrol.smx()
L 09/09/2017 - 23:42:16: [SM] Call stack trace:
L 09/09/2017 - 23:42:16: [SM]   [1] Line 2311, squadcontrol\addons\sourcemod\scripting\squadcontrol.sp::Command_Unit_Order_List()
L 09/09/2017 - 23:42:17: [SM] Exception reported: Array index is out of bounds
L 09/09/2017 - 23:42:17: [SM] Blaming: squadcontrol.smx()
L 09/09/2017 - 23:42:17: [SM] Call stack trace:
L 09/09/2017 - 23:42:17: [SM]   [1] Line 2311, squadcontrol\addons\sourcemod\scripting\squadcontrol.sp::Command_Unit_Order_List()
L 09/09/2017 - 23:42:19: [SM] Exception reported: Array index is out of bounds
L 09/09/2017 - 23:42:19: [SM] Blaming: squadcontrol.smx()
L 09/09/2017 - 23:42:19: [SM] Call stack trace:
L 09/09/2017 - 23:42:19: [SM]   [1] Line 2311, squadcontrol\addons\sourcemod\scripting\squadcontrol.sp::Command_Unit_Order_List()
L 09/09/2017 - 23:42:19: [SM] Exception reported: Array index is out of bounds
L 09/09/2017 - 23:42:19: [SM] Blaming: squadcontrol.smx()
L 09/09/2017 - 23:42:19: [SM] Call stack trace:
L 09/09/2017 - 23:42:19: [SM]   [1] Line 2311, squadcontrol\addons\sourcemod\scripting\squadcontrol.sp::Command_Unit_Order_List()
L 09/09/2017 - 23:42:21: [SM] Exception reported: Array index is out of bounds
L 09/09/2017 - 23:42:21: [SM] Blaming: squadcontrol.smx()
L 09/09/2017 - 23:42:21: [SM] Call stack trace:
L 09/09/2017 - 23:42:21: [SM]   [1] Line 2311, squadcontrol\addons\sourcemod\scripting\squadcontrol.sp::Command_Unit_Order_List()
L 09/09/2017 - 23:42:22: [SM] Exception reported: Array index is out of bounds
L 09/09/2017 - 23:42:22: [SM] Blaming: squadcontrol.smx()
L 09/09/2017 - 23:42:22: [SM] Call stack trace:
L 09/09/2017 - 23:42:22: [SM]   [1] Line 2311, squadcontrol\addons\sourcemod\scripting\squadcontrol.sp::Command_Unit_Order_List()
L 09/09/2017 - 23:42:26: [SM] Exception reported: Array index is out of bounds
L 09/09/2017 - 23:42:26: [SM] Blaming: squadcontrol.smx()
L 09/09/2017 - 23:42:26: [SM] Call stack trace:
L 09/09/2017 - 23:42:26: [SM]   [1] Line 2311, squadcontrol\addons\sourcemod\scripting\squadcontrol.sp::Command_Unit_Order_List()
L 09/09/2017 - 23:42:39: [SM] Exception reported: Array index is out of bounds
L 09/09/2017 - 23:42:39: [SM] Blaming: squadcontrol.smx()
L 09/09/2017 - 23:42:39: [SM] Call stack trace:
L 09/09/2017 - 23:42:39: [SM]   [1] Line 2311, squadcontrol\addons\sourcemod\scripting\squadcontrol.sp::Command_Unit_Order_List()
L 09/09/2017 - 23:42:50: [SM] Exception reported: Array index is out of bounds
L 09/09/2017 - 23:42:50: [SM] Blaming: squadcontrol.smx()
L 09/09/2017 - 23:42:50: [SM] Call stack trace:
L 09/09/2017 - 23:42:50: [SM]   [1] Line 2311, squadcontrol\addons\sourcemod\scripting\squadcontrol.sp::Command_Unit_Order_List()
L 09/09/2017 - 23:43:03: [SM] Exception reported: Array index is out of bounds
L 09/09/2017 - 23:43:03: [SM] Blaming: squadcontrol.smx()
L 09/09/2017 - 23:43:03: [SM] Call stack trace:
L 09/09/2017 - 23:43:03: [SM]   [1] Line 2311, squadcontrol\addons\sourcemod\scripting\squadcontrol.sp::Command_Unit_Order_List()
L 09/09/2017 - 23:43:08: [SM] Exception reported: Array index is out of bounds
L 09/09/2017 - 23:43:08: [SM] Blaming: squadcontrol.smx()
L 09/09/2017 - 23:43:08: [SM] Call stack trace:
L 09/09/2017 - 23:43:08: [SM]   [1] Line 2311, squadcontrol\addons\sourcemod\scripting\squadcontrol.sp::Command_Unit_Order_List()
L 09/09/2017 - 23:43:33: [SM] Exception reported: Array index is out of bounds
L 09/09/2017 - 23:43:33: [SM] Blaming: squadcontrol.smx()
L 09/09/2017 - 23:43:33: [SM] Call stack trace:
L 09/09/2017 - 23:43:33: [SM]   [1] Line 2311, squadcontrol\addons\sourcemod\scripting\squadcontrol.sp::Command_Unit_Order_List()
L 09/09/2017 - 23:44:29: [SM] Exception reported: Array index is out of bounds
L 09/09/2017 - 23:44:29: [SM] Blaming: squadcontrol.smx()
L 09/09/2017 - 23:44:29: [SM] Call stack trace:
L 09/09/2017 - 23:44:29: [SM]   [1] Line 2311, squadcontrol\addons\sourcemod\scripting\squadcontrol.sp::Command_Unit_Order_List()
L 09/09/2017 - 23:44:30: [SM] Exception reported: Array index is out of bounds
L 09/09/2017 - 23:44:30: [SM] Blaming: squadcontrol.smx()
L 09/09/2017 - 23:44:30: [SM] Call stack trace:
L 09/09/2017 - 23:44:30: [SM]   [1] Line 2311, squadcontrol\addons\sourcemod\scripting\squadcontrol.sp::Command_Unit_Order_List()
L 09/09/2017 - 23:44:45: [SM] Exception reported: Array index is out of bounds
L 09/09/2017 - 23:44:45: [SM] Blaming: squadcontrol.smx()
L 09/09/2017 - 23:44:45: [SM] Call stack trace:
L 09/09/2017 - 23:44:45: [SM]   [1] Line 2311, squadcontrol\addons\sourcemod\scripting\squadcontrol.sp::Command_Unit_Order_List()
L 09/09/2017 - 23:44:51: [SM] Exception reported: Array index is out of bounds
L 09/09/2017 - 23:44:51: [SM] Blaming: squadcontrol.smx()
L 09/09/2017 - 23:44:51: [SM] Call stack trace:
L 09/09/2017 - 23:44:51: [SM]   [1] Line 2311, squadcontrol\addons\sourcemod\scripting\squadcontrol.sp::Command_Unit_Order_List()
L 09/09/2017 - 23:45:20: [SM] Exception reported: Array index is out of bounds
L 09/09/2017 - 23:45:20: [SM] Blaming: squadcontrol.smx()
L 09/09/2017 - 23:45:20: [SM] Call stack trace:
L 09/09/2017 - 23:45:20: [SM]   [1] Line 2311, squadcontrol\addons\sourcemod\scripting\squadcontrol.sp::Command_Unit_Order_List()
L 09/09/2017 - 23:45:22: [SM] Exception reported: Array index is out of bounds
L 09/09/2017 - 23:45:22: [SM] Blaming: squadcontrol.smx()
L 09/09/2017 - 23:45:22: [SM] Call stack trace:
L 09/09/2017 - 23:45:22: [SM]   [1] Line 2311, squadcontrol\addons\sourcemod\scripting\squadcontrol.sp::Command_Unit_Order_List()
L 09/09/2017 - 23:45:38: [SM] Exception reported: Array index is out of bounds
L 09/09/2017 - 23:45:38: [SM] Blaming: squadcontrol.smx()
L 09/09/2017 - 23:45:38: [SM] Call stack trace:
L 09/09/2017 - 23:45:38: [SM]   [1] Line 2311, squadcontrol\addons\sourcemod\scripting\squadcontrol.sp::Command_Unit_Order_List()
L 09/09/2017 - 23:45:57: [SM] Exception reported: Array index is out of bounds
L 09/09/2017 - 23:45:57: [SM] Blaming: squadcontrol.smx()
L 09/09/2017 - 23:45:57: [SM] Call stack trace:
L 09/09/2017 - 23:45:57: [SM]   [1] Line 2311, squadcontrol\addons\sourcemod\scripting\squadcontrol.sp::Command_Unit_Order_List()
L 09/09/2017 - 23:46:02: [SM] Exception reported: Array index is out of bounds
L 09/09/2017 - 23:46:02: [SM] Blaming: squadcontrol.smx()
L 09/09/2017 - 23:46:02: [SM] Call stack trace:
L 09/09/2017 - 23:46:02: [SM]   [1] Line 2311, squadcontrol\addons\sourcemod\scripting\squadcontrol.sp::Command_Unit_Order_List()
L 09/09/2017 - 23:46:30: [SM] Exception reported: Array index is out of bounds
L 09/09/2017 - 23:46:30: [SM] Blaming: squadcontrol.smx()
L 09/09/2017 - 23:46:30: [SM] Call stack trace:
L 09/09/2017 - 23:46:30: [SM]   [1] Line 2311, squadcontrol\addons\sourcemod\scripting\squadcontrol.sp::Command_Unit_Order_List()
L 09/09/2017 - 23:46:34: [SM] Exception reported: Array index is out of bounds
L 09/09/2017 - 23:46:34: [SM] Blaming: squadcontrol.smx()
L 09/09/2017 - 23:46:34: [SM] Call stack trace:
L 09/09/2017 - 23:46:34: [SM]   [1] Line 2311, squadcontrol\addons\sourcemod\scripting\squadcontrol.sp::Command_Unit_Order_List()
L 09/09/2017 - 23:47:24: [SM] Exception reported: Array index is out of bounds
L 09/09/2017 - 23:47:24: [SM] Blaming: squadcontrol.smx()
L 09/09/2017 - 23:47:24: [SM] Call stack trace:
L 09/09/2017 - 23:47:24: [SM]   [1] Line 2311, squadcontrol\addons\sourcemod\scripting\squadcontrol.sp::Command_Unit_Order_List()
L 09/09/2017 - 23:47:26: [SM] Exception reported: Array index is out of bounds
L 09/09/2017 - 23:47:26: [SM] Blaming: squadcontrol.smx()
L 09/09/2017 - 23:47:26: [SM] Call stack trace:
L 09/09/2017 - 23:47:26: [SM]   [1] Line 2311, squadcontrol\addons\sourcemod\scripting\squadcontrol.sp::Command_Unit_Order_List()
L 09/09/2017 - 23:47:30: [SM] Exception reported: Array index is out of bounds
L 09/09/2017 - 23:47:30: [SM] Blaming: squadcontrol.smx()
L 09/09/2017 - 23:47:30: [SM] Call stack trace:
L 09/09/2017 - 23:47:30: [SM]   [1] Line 2311, squadcontrol\addons\sourcemod\scripting\squadcontrol.sp::Command_Unit_Order_List()
L 09/09/2017 - 23:48:07: [SM] Exception reported: Array index is out of bounds
L 09/09/2017 - 23:48:07: [SM] Blaming: squadcontrol.smx()
L 09/09/2017 - 23:48:07: [SM] Call stack trace:
L 09/09/2017 - 23:48:07: [SM]   [1] Line 2311, squadcontrol\addons\sourcemod\scripting\squadcontrol.sp::Command_Unit_Order_List()
L 09/09/2017 - 23:48:09: [SM] Exception reported: Array index is out of bounds
L 09/09/2017 - 23:48:09: [SM] Blaming: squadcontrol.smx()
L 09/09/2017 - 23:48:09: [SM] Call stack trace:
L 09/09/2017 - 23:48:09: [SM]   [1] Line 2311, squadcontrol\addons\sourcemod\scripting\squadcontrol.sp::Command_Unit_Order_List()
L 09/09/2017 - 23:48:10: [SM] Exception reported: Array index is out of bounds
L 09/09/2017 - 23:48:10: [SM] Blaming: squadcontrol.smx()
L 09/09/2017 - 23:48:10: [SM] Call stack trace:
L 09/09/2017 - 23:48:10: [SM]   [1] Line 2311, squadcontrol\addons\sourcemod\scripting\squadcontrol.sp::Command_Unit_Order_List()
L 09/09/2017 - 23:48:11: [SM] Exception reported: Array index is out of bounds
L 09/09/2017 - 23:48:11: [SM] Blaming: squadcontrol.smx()
L 09/09/2017 - 23:48:11: [SM] Call stack trace:
L 09/09/2017 - 23:48:11: [SM]   [1] Line 2311, squadcontrol\addons\sourcemod\scripting\squadcontrol.sp::Command_Unit_Order_List()
L 09/09/2017 - 23:48:14: [SM] Exception reported: Array index is out of bounds
L 09/09/2017 - 23:48:14: [SM] Blaming: squadcontrol.smx()
L 09/09/2017 - 23:48:14: [SM] Call stack trace:
L 09/09/2017 - 23:48:14: [SM]   [1] Line 2311, squadcontrol\addons\sourcemod\scripting\squadcontrol.sp::Command_Unit_Order_List()
L 09/09/2017 - 23:48:16: [SM] Exception reported: Array index is out of bounds
L 09/09/2017 - 23:48:16: [SM] Blaming: squadcontrol.smx()
L 09/09/2017 - 23:48:16: [SM] Call stack trace:
L 09/09/2017 - 23:48:16: [SM]   [1] Line 2311, squadcontrol\addons\sourcemod\scripting\squadcontrol.sp::Command_Unit_Order_List()
L 09/09/2017 - 23:48:26: [SM] Exception reported: Array index is out of bounds
L 09/09/2017 - 23:48:26: [SM] Blaming: squadcontrol.smx()
L 09/09/2017 - 23:48:26: [SM] Call stack trace:
L 09/09/2017 - 23:48:26: [SM]   [1] Line 2311, squadcontrol\addons\sourcemod\scripting\squadcontrol.sp::Command_Unit_Order_List()
L 09/09/2017 - 23:48:26: [SM] Exception reported: Array index is out of bounds
L 09/09/2017 - 23:48:26: [SM] Blaming: squadcontrol.smx()
L 09/09/2017 - 23:48:26: [SM] Call stack trace:
L 09/09/2017 - 23:48:26: [SM]   [1] Line 2311, squadcontrol\addons\sourcemod\scripting\squadcontrol.sp::Command_Unit_Order_List()
L 09/09/2017 - 23:48:59: [SM] Exception reported: Array index is out of bounds
L 09/09/2017 - 23:48:59: [SM] Blaming: squadcontrol.smx()
L 09/09/2017 - 23:48:59: [SM] Call stack trace:
L 09/09/2017 - 23:48:59: [SM]   [1] Line 2311, squadcontrol\addons\sourcemod\scripting\squadcontrol.sp::Command_Unit_Order_List()
L 09/09/2017 - 23:49:01: [SM] Exception reported: Array index is out of bounds
L 09/09/2017 - 23:49:01: [SM] Blaming: squadcontrol.smx()
L 09/09/2017 - 23:49:01: [SM] Call stack trace:
L 09/09/2017 - 23:49:01: [SM]   [1] Line 2311, squadcontrol\addons\sourcemod\scripting\squadcontrol.sp::Command_Unit_Order_List()
L 09/09/2017 - 23:49:11: [SM] Exception reported: Array index is out of bounds
L 09/09/2017 - 23:49:11: [SM] Blaming: squadcontrol.smx()
L 09/09/2017 - 23:49:11: [SM] Call stack trace:
L 09/09/2017 - 23:49:11: [SM]   [1] Line 2311, squadcontrol\addons\sourcemod\scripting\squadcontrol.sp::Command_Unit_Order_List()
L 09/09/2017 - 23:51:10: [SM] Exception reported: Invalid timer handle 35d50389 (error 1)
L 09/09/2017 - 23:51:10: [SM] Blaming: umc-emp-mapvote.smx()
L 09/09/2017 - 23:51:10: [SM] Call stack trace:
L 09/09/2017 - 23:51:10: [SM]   [0] KillTimer
L 09/09/2017 - 23:51:10: [SM]   [1] Line 686, D:\Documents\My Folder\Empires Custom UMC Stuff\SourceMod\Workspace\umc-emp-mapvote.sp::UMC_OnNextmapSet()
L 09/09/2017 - 23:51:10: [SM]   [3] Call_Finish
L 09/09/2017 - 23:51:10: [SM]   [4] Line 4834, D:\Documents\My Folder\Empires Custom UMC Stuff\SourceMod\Workspace\umc-core.sp::DoMapChange()
L 09/09/2017 - 23:51:10: [SM]   [5] Line 4267, D:\Documents\My Folder\Empires Custom UMC Stuff\SourceMod\Workspace\umc-core.sp::Handle_MapVoteWinner()
L 09/09/2017 - 23:51:10: [SM]   [6] Line 3819, D:\Documents\My Folder\Empires Custom UMC Stuff\SourceMod\Workspace\umc-core.sp::ProcessVoteWinner()
L 09/09/2017 - 23:51:10: [SM]   [7] Line 3795, D:\Documents\My Folder\Empires Custom UMC Stuff\SourceMod\Workspace\umc-core.sp::ProcessVoteResults()
L 09/09/2017 - 23:51:10: [SM]   [8] Line 1277, D:\Documents\My Folder\Empires Custom UMC Stuff\SourceMod\Workspace\umc-core.sp::Native_UMCVoteManagerComplete()
L 09/09/2017 - 23:51:10: [SM]   [10] UMC_VoteManagerVoteCompleted
L 09/09/2017 - 23:51:10: [SM]   [11] Line 2309, D:\Documents\My Folder\Empires Custom UMC Stuff\SourceMod\Workspace\umc-core.sp::Handle_MapVoteResults()
L 09/09/2017 - 23:51:16: Error log file session closed.
