L 11/04/2017 - 18:50:26: SourceMod error session started
L 11/04/2017 - 18:50:26: Info (map "con_district402_i") (file "errors_20171104.log")
L 11/04/2017 - 18:50:26: [SM] Exception reported: Invalid timer handle 31790326 (error 1)
L 11/04/2017 - 18:50:26: [SM] Blaming: umc-emp-mapvote.smx()
L 11/04/2017 - 18:50:26: [SM] Call stack trace:
L 11/04/2017 - 18:50:26: [SM]   [0] KillTimer
L 11/04/2017 - 18:50:26: [SM]   [1] Line 686, D:\Documents\My Folder\Empires Custom UMC Stuff\SourceMod\Workspace\umc-emp-mapvote.sp::UMC_OnNextmapSet()
L 11/04/2017 - 18:50:26: [SM]   [3] Call_Finish
L 11/04/2017 - 18:50:26: [SM]   [4] Line 4834, D:\Documents\My Folder\Empires Custom UMC Stuff\SourceMod\Workspace\umc-core.sp::DoMapChange()
L 11/04/2017 - 18:50:26: [SM]   [5] Line 4267, D:\Documents\My Folder\Empires Custom UMC Stuff\SourceMod\Workspace\umc-core.sp::Handle_MapVoteWinner()
L 11/04/2017 - 18:50:26: [SM]   [6] Line 3819, D:\Documents\My Folder\Empires Custom UMC Stuff\SourceMod\Workspace\umc-core.sp::ProcessVoteWinner()
L 11/04/2017 - 18:50:26: [SM]   [7] Line 3795, D:\Documents\My Folder\Empires Custom UMC Stuff\SourceMod\Workspace\umc-core.sp::ProcessVoteResults()
L 11/04/2017 - 18:50:26: [SM]   [8] Line 1277, D:\Documents\My Folder\Empires Custom UMC Stuff\SourceMod\Workspace\umc-core.sp::Native_UMCVoteManagerComplete()
L 11/04/2017 - 18:50:26: [SM]   [10] UMC_VoteManagerVoteCompleted
L 11/04/2017 - 18:50:26: [SM]   [11] Line 2309, D:\Documents\My Folder\Empires Custom UMC Stuff\SourceMod\Workspace\umc-core.sp::Handle_MapVoteResults()
L 11/04/2017 - 18:50:32: Error log file session closed.
L 11/04/2017 - 19:08:00: SourceMod error session started
L 11/04/2017 - 19:08:00: Info (map "fun_ricochet_a3") (file "errors_20171104.log")
L 11/04/2017 - 19:08:00: [SM] Exception reported: Invalid timer handle 34770337 (error 1)
L 11/04/2017 - 19:08:00: [SM] Blaming: umc-emp-mapvote.smx()
L 11/04/2017 - 19:08:00: [SM] Call stack trace:
L 11/04/2017 - 19:08:00: [SM]   [0] KillTimer
L 11/04/2017 - 19:08:00: [SM]   [1] Line 686, D:\Documents\My Folder\Empires Custom UMC Stuff\SourceMod\Workspace\umc-emp-mapvote.sp::UMC_OnNextmapSet()
L 11/04/2017 - 19:08:00: [SM]   [3] Call_Finish
L 11/04/2017 - 19:08:00: [SM]   [4] Line 4834, D:\Documents\My Folder\Empires Custom UMC Stuff\SourceMod\Workspace\umc-core.sp::DoMapChange()
L 11/04/2017 - 19:08:00: [SM]   [5] Line 1767, D:\Documents\My Folder\Empires Custom UMC Stuff\SourceMod\Workspace\umc-core.sp::Native_UMCSetNextMap()
L 11/04/2017 - 19:08:00: [SM]   [7] UMC_SetNextMap
L 11/04/2017 - 19:08:00: [SM]   [8] Line 621, D:\Documents\My Folder\Empires Custom UMC Stuff\SourceMod\Workspace\umc-emp-mapvote.sp::DoRandomNextMap()
L 11/04/2017 - 19:08:00: [SM]   [9] Line 606, D:\Documents\My Folder\Empires Custom UMC Stuff\SourceMod\Workspace\umc-emp-mapvote.sp::DoMapChangeFailSafe()
L 11/04/2017 - 19:08:00: [SM]   [10] Line 722, D:\Documents\My Folder\Empires Custom UMC Stuff\SourceMod\Workspace\umc-emp-mapvote.sp::UMC_OnVoteFailed()
L 11/04/2017 - 19:08:00: [SM]   [12] Call_Finish
L 11/04/2017 - 19:08:00: [SM]   [13] Line 4796, D:\Documents\My Folder\Empires Custom UMC Stuff\SourceMod\Workspace\umc-core.sp::VoteFailed()
L 11/04/2017 - 19:08:00: [SM]   [14] Line 3507, D:\Documents\My Folder\Empires Custom UMC Stuff\SourceMod\Workspace\umc-core.sp::VoteCancelled()
L 11/04/2017 - 19:08:00: [SM]   [15] Line 1177, D:\Documents\My Folder\Empires Custom UMC Stuff\SourceMod\Workspace\umc-core.sp::Native_UMCVoteManagerCancel()
L 11/04/2017 - 19:08:00: [SM]   [17] UMC_VoteManagerVoteCancelled
L 11/04/2017 - 19:08:00: [SM]   [18] Line 2276, D:\Documents\My Folder\Empires Custom UMC Stuff\SourceMod\Workspace\umc-core.sp::Handle_VoteMenu()
L 11/04/2017 - 19:08:00: Error log file session closed.
L 11/04/2017 - 19:16:08: SourceMod error session started
L 11/04/2017 - 19:16:08: Info (map "as_crackdown_a3") (file "errors_20171104.log")
L 11/04/2017 - 19:16:08: [SM] Exception reported: Invalid timer handle 36970329 (error 3)
L 11/04/2017 - 19:16:08: [SM] Blaming: umc-emp-mapvote.smx()
L 11/04/2017 - 19:16:08: [SM] Call stack trace:
L 11/04/2017 - 19:16:08: [SM]   [0] KillTimer
L 11/04/2017 - 19:16:08: [SM]   [1] Line 686, D:\Documents\My Folder\Empires Custom UMC Stuff\SourceMod\Workspace\umc-emp-mapvote.sp::UMC_OnNextmapSet()
L 11/04/2017 - 19:16:08: [SM]   [3] Call_Finish
L 11/04/2017 - 19:16:08: [SM]   [4] Line 4834, D:\Documents\My Folder\Empires Custom UMC Stuff\SourceMod\Workspace\umc-core.sp::DoMapChange()
L 11/04/2017 - 19:16:08: [SM]   [5] Line 4267, D:\Documents\My Folder\Empires Custom UMC Stuff\SourceMod\Workspace\umc-core.sp::Handle_MapVoteWinner()
L 11/04/2017 - 19:16:08: [SM]   [6] Line 3819, D:\Documents\My Folder\Empires Custom UMC Stuff\SourceMod\Workspace\umc-core.sp::ProcessVoteWinner()
L 11/04/2017 - 19:16:08: [SM]   [7] Line 3765, D:\Documents\My Folder\Empires Custom UMC Stuff\SourceMod\Workspace\umc-core.sp::ProcessVoteResults()
L 11/04/2017 - 19:16:08: [SM]   [8] Line 1277, D:\Documents\My Folder\Empires Custom UMC Stuff\SourceMod\Workspace\umc-core.sp::Native_UMCVoteManagerComplete()
L 11/04/2017 - 19:16:08: [SM]   [10] UMC_VoteManagerVoteCompleted
L 11/04/2017 - 19:16:08: [SM]   [11] Line 2309, D:\Documents\My Folder\Empires Custom UMC Stuff\SourceMod\Workspace\umc-core.sp::Handle_MapVoteResults()
L 11/04/2017 - 19:16:15: Error log file session closed.
L 11/04/2017 - 20:22:20: SourceMod error session started
L 11/04/2017 - 20:22:20: Info (map "con_district402") (file "errors_20171104.log")
L 11/04/2017 - 20:22:20: [SM] Exception reported: Invalid timer handle 426102ec (error 3)
L 11/04/2017 - 20:22:20: [SM] Blaming: umc-emp-mapvote.smx()
L 11/04/2017 - 20:22:20: [SM] Call stack trace:
L 11/04/2017 - 20:22:20: [SM]   [0] KillTimer
L 11/04/2017 - 20:22:20: [SM]   [1] Line 686, D:\Documents\My Folder\Empires Custom UMC Stuff\SourceMod\Workspace\umc-emp-mapvote.sp::UMC_OnNextmapSet()
L 11/04/2017 - 20:22:20: [SM]   [3] Call_Finish
L 11/04/2017 - 20:22:20: [SM]   [4] Line 4834, D:\Documents\My Folder\Empires Custom UMC Stuff\SourceMod\Workspace\umc-core.sp::DoMapChange()
L 11/04/2017 - 20:22:20: [SM]   [5] Line 4267, D:\Documents\My Folder\Empires Custom UMC Stuff\SourceMod\Workspace\umc-core.sp::Handle_MapVoteWinner()
L 11/04/2017 - 20:22:20: [SM]   [6] Line 3819, D:\Documents\My Folder\Empires Custom UMC Stuff\SourceMod\Workspace\umc-core.sp::ProcessVoteWinner()
L 11/04/2017 - 20:22:20: [SM]   [7] Line 3795, D:\Documents\My Folder\Empires Custom UMC Stuff\SourceMod\Workspace\umc-core.sp::ProcessVoteResults()
L 11/04/2017 - 20:22:20: [SM]   [8] Line 1277, D:\Documents\My Folder\Empires Custom UMC Stuff\SourceMod\Workspace\umc-core.sp::Native_UMCVoteManagerComplete()
L 11/04/2017 - 20:22:20: [SM]   [10] UMC_VoteManagerVoteCompleted
L 11/04/2017 - 20:22:20: [SM]   [11] Line 2309, D:\Documents\My Folder\Empires Custom UMC Stuff\SourceMod\Workspace\umc-core.sp::Handle_MapVoteResults()
L 11/04/2017 - 20:22:30: Error log file session closed.
L 11/04/2017 - 20:54:01: SourceMod error session started
L 11/04/2017 - 20:54:01: Info (map "con_urbanchaos_fix") (file "errors_20171104.log")
L 11/04/2017 - 20:54:01: [SM] Exception reported: Invalid timer handle 4e7f0348 (error 1)
L 11/04/2017 - 20:54:01: [SM] Blaming: umc-emp-mapvote.smx()
L 11/04/2017 - 20:54:01: [SM] Call stack trace:
L 11/04/2017 - 20:54:01: [SM]   [0] KillTimer
L 11/04/2017 - 20:54:01: [SM]   [1] Line 686, D:\Documents\My Folder\Empires Custom UMC Stuff\SourceMod\Workspace\umc-emp-mapvote.sp::UMC_OnNextmapSet()
L 11/04/2017 - 20:54:01: [SM]   [3] Call_Finish
L 11/04/2017 - 20:54:01: [SM]   [4] Line 4834, D:\Documents\My Folder\Empires Custom UMC Stuff\SourceMod\Workspace\umc-core.sp::DoMapChange()
L 11/04/2017 - 20:54:01: [SM]   [5] Line 4267, D:\Documents\My Folder\Empires Custom UMC Stuff\SourceMod\Workspace\umc-core.sp::Handle_MapVoteWinner()
L 11/04/2017 - 20:54:01: [SM]   [6] Line 3819, D:\Documents\My Folder\Empires Custom UMC Stuff\SourceMod\Workspace\umc-core.sp::ProcessVoteWinner()
L 11/04/2017 - 20:54:01: [SM]   [7] Line 3795, D:\Documents\My Folder\Empires Custom UMC Stuff\SourceMod\Workspace\umc-core.sp::ProcessVoteResults()
L 11/04/2017 - 20:54:01: [SM]   [8] Line 1277, D:\Documents\My Folder\Empires Custom UMC Stuff\SourceMod\Workspace\umc-core.sp::Native_UMCVoteManagerComplete()
L 11/04/2017 - 20:54:01: [SM]   [10] UMC_VoteManagerVoteCompleted
L 11/04/2017 - 20:54:01: [SM]   [11] Line 2309, D:\Documents\My Folder\Empires Custom UMC Stuff\SourceMod\Workspace\umc-core.sp::Handle_MapVoteResults()
L 11/04/2017 - 20:54:07: Error log file session closed.
L 11/04/2017 - 20:55:13: SourceMod error session started
L 11/04/2017 - 20:55:13: Info (map "emp_palmbay_fix") (file "errors_20171104.log")
L 11/04/2017 - 20:55:13: [SM] Exception reported: Client index -1 is invalid
L 11/04/2017 - 20:55:13: [SM] Blaming: squadcontrol.smx()
L 11/04/2017 - 20:55:13: [SM] Call stack trace:
L 11/04/2017 - 20:55:13: [SM]   [0] IsClientInGame
L 11/04/2017 - 20:55:13: [SM]   [1] Line 1114, dist\addons\sourcemod\scripting\squadcontrol.sp::Command_Request_Menu()
L 11/04/2017 - 20:55:15: [SM] Exception reported: Client index -1 is invalid
L 11/04/2017 - 20:55:15: [SM] Blaming: squadcontrol.smx()
L 11/04/2017 - 20:55:15: [SM] Call stack trace:
L 11/04/2017 - 20:55:15: [SM]   [0] IsClientInGame
L 11/04/2017 - 20:55:15: [SM]   [1] Line 1114, dist\addons\sourcemod\scripting\squadcontrol.sp::Command_Request_Menu()
L 11/04/2017 - 21:57:12: [SM] Exception reported: Invalid timer handle 60cc034f (error 3)
L 11/04/2017 - 21:57:12: [SM] Blaming: umc-emp-mapvote.smx()
L 11/04/2017 - 21:57:12: [SM] Call stack trace:
L 11/04/2017 - 21:57:12: [SM]   [0] KillTimer
L 11/04/2017 - 21:57:12: [SM]   [1] Line 686, D:\Documents\My Folder\Empires Custom UMC Stuff\SourceMod\Workspace\umc-emp-mapvote.sp::UMC_OnNextmapSet()
L 11/04/2017 - 21:57:12: [SM]   [3] Call_Finish
L 11/04/2017 - 21:57:12: [SM]   [4] Line 4834, D:\Documents\My Folder\Empires Custom UMC Stuff\SourceMod\Workspace\umc-core.sp::DoMapChange()
L 11/04/2017 - 21:57:12: [SM]   [5] Line 4267, D:\Documents\My Folder\Empires Custom UMC Stuff\SourceMod\Workspace\umc-core.sp::Handle_MapVoteWinner()
L 11/04/2017 - 21:57:12: [SM]   [6] Line 3819, D:\Documents\My Folder\Empires Custom UMC Stuff\SourceMod\Workspace\umc-core.sp::ProcessVoteWinner()
L 11/04/2017 - 21:57:12: [SM]   [7] Line 3795, D:\Documents\My Folder\Empires Custom UMC Stuff\SourceMod\Workspace\umc-core.sp::ProcessVoteResults()
L 11/04/2017 - 21:57:12: [SM]   [8] Line 1277, D:\Documents\My Folder\Empires Custom UMC Stuff\SourceMod\Workspace\umc-core.sp::Native_UMCVoteManagerComplete()
L 11/04/2017 - 21:57:12: [SM]   [10] UMC_VoteManagerVoteCompleted
L 11/04/2017 - 21:57:12: [SM]   [11] Line 2309, D:\Documents\My Folder\Empires Custom UMC Stuff\SourceMod\Workspace\umc-core.sp::Handle_MapVoteResults()
L 11/04/2017 - 21:57:24: Error log file session closed.
L 11/04/2017 - 21:57:24: SourceMod error session started
L 11/04/2017 - 21:57:24: Info (map "emp_canyon") (file "errors_20171104.log")
L 11/04/2017 - 21:57:24: [SM] Exception reported: No vote is in progress
L 11/04/2017 - 21:57:24: [SM] Blaming: Surrender.smx()
L 11/04/2017 - 21:57:24: [SM] Call stack trace:
L 11/04/2017 - 21:57:24: [SM]   [0] CancelVote
L 11/04/2017 - 21:57:24: [SM]   [1] Line 1305, /builds/sourcemod/Surrender/build/../addons/sourcemod/scripting/Surrender.sp::Command_SurrenderDisable()
L 11/04/2017 - 22:45:52: [SM] Exception reported: Invalid timer handle 737e0268 (error 1)
L 11/04/2017 - 22:45:52: [SM] Blaming: umc-emp-mapvote.smx()
L 11/04/2017 - 22:45:52: [SM] Call stack trace:
L 11/04/2017 - 22:45:52: [SM]   [0] KillTimer
L 11/04/2017 - 22:45:52: [SM]   [1] Line 686, D:\Documents\My Folder\Empires Custom UMC Stuff\SourceMod\Workspace\umc-emp-mapvote.sp::UMC_OnNextmapSet()
L 11/04/2017 - 22:45:52: [SM]   [3] Call_Finish
L 11/04/2017 - 22:45:52: [SM]   [4] Line 4834, D:\Documents\My Folder\Empires Custom UMC Stuff\SourceMod\Workspace\umc-core.sp::DoMapChange()
L 11/04/2017 - 22:45:52: [SM]   [5] Line 4267, D:\Documents\My Folder\Empires Custom UMC Stuff\SourceMod\Workspace\umc-core.sp::Handle_MapVoteWinner()
L 11/04/2017 - 22:45:52: [SM]   [6] Line 3819, D:\Documents\My Folder\Empires Custom UMC Stuff\SourceMod\Workspace\umc-core.sp::ProcessVoteWinner()
L 11/04/2017 - 22:45:52: [SM]   [7] Line 3795, D:\Documents\My Folder\Empires Custom UMC Stuff\SourceMod\Workspace\umc-core.sp::ProcessVoteResults()
L 11/04/2017 - 22:45:52: [SM]   [8] Line 1277, D:\Documents\My Folder\Empires Custom UMC Stuff\SourceMod\Workspace\umc-core.sp::Native_UMCVoteManagerComplete()
L 11/04/2017 - 22:45:52: [SM]   [10] UMC_VoteManagerVoteCompleted
L 11/04/2017 - 22:45:52: [SM]   [11] Line 2309, D:\Documents\My Folder\Empires Custom UMC Stuff\SourceMod\Workspace\umc-core.sp::Handle_MapVoteResults()
L 11/04/2017 - 22:46:06: Error log file session closed.
L 11/04/2017 - 22:54:03: SourceMod error session started
L 11/04/2017 - 22:54:03: Info (map "fun_ricochet_a3") (file "errors_20171104.log")
L 11/04/2017 - 22:54:03: [SM] Exception reported: Invalid timer handle 794a036f (error 1)
L 11/04/2017 - 22:54:03: [SM] Blaming: umc-emp-mapvote.smx()
L 11/04/2017 - 22:54:03: [SM] Call stack trace:
L 11/04/2017 - 22:54:03: [SM]   [0] KillTimer
L 11/04/2017 - 22:54:03: [SM]   [1] Line 686, D:\Documents\My Folder\Empires Custom UMC Stuff\SourceMod\Workspace\umc-emp-mapvote.sp::UMC_OnNextmapSet()
L 11/04/2017 - 22:54:03: [SM]   [3] Call_Finish
L 11/04/2017 - 22:54:03: [SM]   [4] Line 4834, D:\Documents\My Folder\Empires Custom UMC Stuff\SourceMod\Workspace\umc-core.sp::DoMapChange()
L 11/04/2017 - 22:54:03: [SM]   [5] Line 4267, D:\Documents\My Folder\Empires Custom UMC Stuff\SourceMod\Workspace\umc-core.sp::Handle_MapVoteWinner()
L 11/04/2017 - 22:54:03: [SM]   [6] Line 3819, D:\Documents\My Folder\Empires Custom UMC Stuff\SourceMod\Workspace\umc-core.sp::ProcessVoteWinner()
L 11/04/2017 - 22:54:03: [SM]   [7] Line 3795, D:\Documents\My Folder\Empires Custom UMC Stuff\SourceMod\Workspace\umc-core.sp::ProcessVoteResults()
L 11/04/2017 - 22:54:03: [SM]   [8] Line 1277, D:\Documents\My Folder\Empires Custom UMC Stuff\SourceMod\Workspace\umc-core.sp::Native_UMCVoteManagerComplete()
L 11/04/2017 - 22:54:03: [SM]   [10] UMC_VoteManagerVoteCompleted
L 11/04/2017 - 22:54:03: [SM]   [11] Line 2309, D:\Documents\My Folder\Empires Custom UMC Stuff\SourceMod\Workspace\umc-core.sp::Handle_MapVoteResults()
L 11/04/2017 - 22:54:09: Error log file session closed.
L 11/04/2017 - 23:12:49: SourceMod error session started
L 11/04/2017 - 23:12:49: Info (map "emp_drygulch_a6") (file "errors_20171104.log")
L 11/04/2017 - 23:12:49: [SM] Exception reported: Client index 0 is invalid
L 11/04/2017 - 23:12:49: [SM] Blaming: empstats.smx()
L 11/04/2017 - 23:12:49: [SM] Call stack trace:
L 11/04/2017 - 23:12:49: [SM]   [0] IsClientInGame
L 11/04/2017 - 23:12:49: [SM]   [1] Line 478, dist\addons\sourcemod\scripting\empstats.sp::Command_Comm_Info()
