L 05/13/2018 - 00:19:20: SourceMod error session started
L 05/13/2018 - 00:19:20: Info (map "emp_streetsoffire_fix") (file "errors_20180513.log")
L 05/13/2018 - 00:19:20: [SM] Exception reported: Invalid timer handle bae103aa (error 1)
L 05/13/2018 - 00:19:20: [SM] Blaming: umc-emp-mapvote.smx()
L 05/13/2018 - 00:19:20: [SM] Call stack trace:
L 05/13/2018 - 00:19:20: [SM]   [0] KillTimer
L 05/13/2018 - 00:19:20: [SM]   [1] Line 686, D:\Documents\My Folder\Empires Custom UMC Stuff\SourceMod\Workspace\umc-emp-mapvote.sp::UMC_OnNextmapSet()
L 05/13/2018 - 00:19:20: [SM]   [3] Call_Finish
L 05/13/2018 - 00:19:20: [SM]   [4] Line 4834, D:\Documents\My Folder\Empires Custom UMC Stuff\SourceMod\Workspace\umc-core.sp::DoMapChange()
L 05/13/2018 - 00:19:20: [SM]   [5] Line 4267, D:\Documents\My Folder\Empires Custom UMC Stuff\SourceMod\Workspace\umc-core.sp::Handle_MapVoteWinner()
L 05/13/2018 - 00:19:20: [SM]   [6] Line 3819, D:\Documents\My Folder\Empires Custom UMC Stuff\SourceMod\Workspace\umc-core.sp::ProcessVoteWinner()
L 05/13/2018 - 00:19:20: [SM]   [7] Line 3795, D:\Documents\My Folder\Empires Custom UMC Stuff\SourceMod\Workspace\umc-core.sp::ProcessVoteResults()
L 05/13/2018 - 00:19:20: [SM]   [8] Line 1277, D:\Documents\My Folder\Empires Custom UMC Stuff\SourceMod\Workspace\umc-core.sp::Native_UMCVoteManagerComplete()
L 05/13/2018 - 00:19:20: [SM]   [10] UMC_VoteManagerVoteCompleted
L 05/13/2018 - 00:19:20: [SM]   [11] Line 2309, D:\Documents\My Folder\Empires Custom UMC Stuff\SourceMod\Workspace\umc-core.sp::Handle_MapVoteResults()
L 05/13/2018 - 00:19:26: Error log file session closed.
L 05/13/2018 - 00:19:28: SourceMod error session started
L 05/13/2018 - 00:19:28: Info (map "emp_coast") (file "errors_20180513.log")
L 05/13/2018 - 00:19:28: [SM] Exception reported: Invalid hook callback specified for game event "player_disconnect"
L 05/13/2018 - 00:19:28: [SM] Blaming: empstats.smx()
L 05/13/2018 - 00:19:28: [SM] Call stack trace:
L 05/13/2018 - 00:19:28: [SM]   [0] UnhookEvent
L 05/13/2018 - 00:19:28: [SM]   [1] Line 338, dist\addons\sourcemod\scripting\empstats.sp::Deactivate()
L 05/13/2018 - 00:19:28: [SM]   [2] Line 290, dist\addons\sourcemod\scripting\empstats.sp::CheckActivate()
L 05/13/2018 - 00:19:28: [SM]   [3] Line 1608, dist\addons\sourcemod\scripting\empstats.sp::EndMapChange()
L 05/13/2018 - 00:19:33: [SM] Exception reported: Client 5 is not in game
L 05/13/2018 - 00:19:33: [SM] Blaming: draftpick.smx()
L 05/13/2018 - 00:19:33: [SM] Call stack trace:
L 05/13/2018 - 00:19:33: [SM]   [0] GetClientTeam
L 05/13/2018 - 00:19:33: [SM]   [1] Line 1290, dist\addons\sourcemod\scripting\draftpick.sp::InformPlayer()
L 05/13/2018 - 00:58:46: [SM] Exception reported: Invalid timer handle cb900360 (error 1)
L 05/13/2018 - 00:58:46: [SM] Blaming: umc-emp-mapvote.smx()
L 05/13/2018 - 00:58:46: [SM] Call stack trace:
L 05/13/2018 - 00:58:46: [SM]   [0] KillTimer
L 05/13/2018 - 00:58:46: [SM]   [1] Line 686, D:\Documents\My Folder\Empires Custom UMC Stuff\SourceMod\Workspace\umc-emp-mapvote.sp::UMC_OnNextmapSet()
L 05/13/2018 - 00:58:46: [SM]   [3] Call_Finish
L 05/13/2018 - 00:58:46: [SM]   [4] Line 4834, D:\Documents\My Folder\Empires Custom UMC Stuff\SourceMod\Workspace\umc-core.sp::DoMapChange()
L 05/13/2018 - 00:58:46: [SM]   [5] Line 4267, D:\Documents\My Folder\Empires Custom UMC Stuff\SourceMod\Workspace\umc-core.sp::Handle_MapVoteWinner()
L 05/13/2018 - 00:58:46: [SM]   [6] Line 3819, D:\Documents\My Folder\Empires Custom UMC Stuff\SourceMod\Workspace\umc-core.sp::ProcessVoteWinner()
L 05/13/2018 - 00:58:46: [SM]   [7] Line 3795, D:\Documents\My Folder\Empires Custom UMC Stuff\SourceMod\Workspace\umc-core.sp::ProcessVoteResults()
L 05/13/2018 - 00:58:46: [SM]   [8] Line 1277, D:\Documents\My Folder\Empires Custom UMC Stuff\SourceMod\Workspace\umc-core.sp::Native_UMCVoteManagerComplete()
L 05/13/2018 - 00:58:46: [SM]   [10] UMC_VoteManagerVoteCompleted
L 05/13/2018 - 00:58:46: [SM]   [11] Line 2309, D:\Documents\My Folder\Empires Custom UMC Stuff\SourceMod\Workspace\umc-core.sp::Handle_MapVoteResults()
L 05/13/2018 - 00:58:51: Error log file session closed.
L 05/13/2018 - 00:58:54: SourceMod error session started
L 05/13/2018 - 00:58:54: Info (map "emp_research_1_2_2013") (file "errors_20180513.log")
L 05/13/2018 - 00:58:54: [SM] Exception reported: Invalid hook callback specified for game event "player_disconnect"
L 05/13/2018 - 00:58:54: [SM] Blaming: empstats.smx()
L 05/13/2018 - 00:58:54: [SM] Call stack trace:
L 05/13/2018 - 00:58:54: [SM]   [0] UnhookEvent
L 05/13/2018 - 00:58:54: [SM]   [1] Line 338, dist\addons\sourcemod\scripting\empstats.sp::Deactivate()
L 05/13/2018 - 00:58:54: [SM]   [2] Line 290, dist\addons\sourcemod\scripting\empstats.sp::CheckActivate()
L 05/13/2018 - 00:58:54: [SM]   [3] Line 1608, dist\addons\sourcemod\scripting\empstats.sp::EndMapChange()
L 05/13/2018 - 01:19:28: [SM] Exception reported: Invalid timer handle d72e03a3 (error 1)
L 05/13/2018 - 01:19:28: [SM] Blaming: umc-emp-mapvote.smx()
L 05/13/2018 - 01:19:28: [SM] Call stack trace:
L 05/13/2018 - 01:19:28: [SM]   [0] KillTimer
L 05/13/2018 - 01:19:28: [SM]   [1] Line 686, D:\Documents\My Folder\Empires Custom UMC Stuff\SourceMod\Workspace\umc-emp-mapvote.sp::UMC_OnNextmapSet()
L 05/13/2018 - 01:19:28: [SM]   [3] Call_Finish
L 05/13/2018 - 01:19:28: [SM]   [4] Line 4834, D:\Documents\My Folder\Empires Custom UMC Stuff\SourceMod\Workspace\umc-core.sp::DoMapChange()
L 05/13/2018 - 01:19:28: [SM]   [5] Line 4267, D:\Documents\My Folder\Empires Custom UMC Stuff\SourceMod\Workspace\umc-core.sp::Handle_MapVoteWinner()
L 05/13/2018 - 01:19:28: [SM]   [6] Line 3819, D:\Documents\My Folder\Empires Custom UMC Stuff\SourceMod\Workspace\umc-core.sp::ProcessVoteWinner()
L 05/13/2018 - 01:19:28: [SM]   [7] Line 3795, D:\Documents\My Folder\Empires Custom UMC Stuff\SourceMod\Workspace\umc-core.sp::ProcessVoteResults()
L 05/13/2018 - 01:19:28: [SM]   [8] Line 1277, D:\Documents\My Folder\Empires Custom UMC Stuff\SourceMod\Workspace\umc-core.sp::Native_UMCVoteManagerComplete()
L 05/13/2018 - 01:19:28: [SM]   [10] UMC_VoteManagerVoteCompleted
L 05/13/2018 - 01:19:28: [SM]   [11] Line 2309, D:\Documents\My Folder\Empires Custom UMC Stuff\SourceMod\Workspace\umc-core.sp::Handle_MapVoteResults()
L 05/13/2018 - 01:19:34: Error log file session closed.
L 05/13/2018 - 01:19:36: SourceMod error session started
L 05/13/2018 - 01:19:36: Info (map "emp_drygulch_a6") (file "errors_20180513.log")
L 05/13/2018 - 01:19:36: [SM] Exception reported: Invalid hook callback specified for game event "player_disconnect"
L 05/13/2018 - 01:19:36: [SM] Blaming: empstats.smx()
L 05/13/2018 - 01:19:36: [SM] Call stack trace:
L 05/13/2018 - 01:19:36: [SM]   [0] UnhookEvent
L 05/13/2018 - 01:19:36: [SM]   [1] Line 338, dist\addons\sourcemod\scripting\empstats.sp::Deactivate()
L 05/13/2018 - 01:19:36: [SM]   [2] Line 290, dist\addons\sourcemod\scripting\empstats.sp::CheckActivate()
L 05/13/2018 - 01:19:36: [SM]   [3] Line 1608, dist\addons\sourcemod\scripting\empstats.sp::EndMapChange()
L 05/13/2018 - 01:19:36: [SM] Exception reported: Invalid hook callback specified for game event "player_disconnect"
L 05/13/2018 - 01:19:36: [SM] Blaming: empstats.smx()
L 05/13/2018 - 01:19:36: [SM] Call stack trace:
L 05/13/2018 - 01:19:36: [SM]   [0] UnhookEvent
L 05/13/2018 - 01:19:36: [SM]   [1] Line 338, dist\addons\sourcemod\scripting\empstats.sp::Deactivate()
L 05/13/2018 - 01:19:36: [SM]   [2] Line 290, dist\addons\sourcemod\scripting\empstats.sp::CheckActivate()
L 05/13/2018 - 01:19:36: [SM]   [3] Line 680, dist\addons\sourcemod\scripting\empstats.sp::OnClientPostAdminCheck()
L 05/13/2018 - 01:19:36: [SM]   [5] NotifyPostAdminCheck
L 05/13/2018 - 01:19:36: [SM]   [6] Line 2395, sbpp_main.sp::CheckLoadAdmins()
L 05/13/2018 - 01:19:36: [SM]   [7] Line 1761, sbpp_main.sp::AdminsDone()
L 05/13/2018 - 01:19:37: [SM] Exception reported: Invalid hook callback specified for game event "player_disconnect"
L 05/13/2018 - 01:19:37: [SM] Blaming: empstats.smx()
L 05/13/2018 - 01:19:37: [SM] Call stack trace:
L 05/13/2018 - 01:19:37: [SM]   [0] UnhookEvent
L 05/13/2018 - 01:19:37: [SM]   [1] Line 338, dist\addons\sourcemod\scripting\empstats.sp::Deactivate()
L 05/13/2018 - 01:19:37: [SM]   [2] Line 290, dist\addons\sourcemod\scripting\empstats.sp::CheckActivate()
L 05/13/2018 - 01:19:37: [SM]   [3] Line 680, dist\addons\sourcemod\scripting\empstats.sp::OnClientPostAdminCheck()
L 05/13/2018 - 01:19:38: [SM] Exception reported: Invalid hook callback specified for game event "player_disconnect"
L 05/13/2018 - 01:19:38: [SM] Blaming: empstats.smx()
L 05/13/2018 - 01:19:38: [SM] Call stack trace:
L 05/13/2018 - 01:19:38: [SM]   [0] UnhookEvent
L 05/13/2018 - 01:19:38: [SM]   [1] Line 338, dist\addons\sourcemod\scripting\empstats.sp::Deactivate()
L 05/13/2018 - 01:19:38: [SM]   [2] Line 290, dist\addons\sourcemod\scripting\empstats.sp::CheckActivate()
L 05/13/2018 - 01:19:38: [SM]   [3] Line 680, dist\addons\sourcemod\scripting\empstats.sp::OnClientPostAdminCheck()
L 05/13/2018 - 01:27:19: [SM] Exception reported: Invalid hook callback specified for game event "player_disconnect"
L 05/13/2018 - 01:27:19: [SM] Blaming: empstats.smx()
L 05/13/2018 - 01:27:19: [SM] Call stack trace:
L 05/13/2018 - 01:27:19: [SM]   [0] UnhookEvent
L 05/13/2018 - 01:27:19: [SM]   [1] Line 338, dist\addons\sourcemod\scripting\empstats.sp::Deactivate()
L 05/13/2018 - 01:27:19: [SM]   [2] Line 290, dist\addons\sourcemod\scripting\empstats.sp::CheckActivate()
L 05/13/2018 - 01:27:19: [SM]   [3] Line 680, dist\addons\sourcemod\scripting\empstats.sp::OnClientPostAdminCheck()
L 05/13/2018 - 01:28:58: [SM] Exception reported: Invalid hook callback specified for game event "player_disconnect"
L 05/13/2018 - 01:28:58: [SM] Blaming: empstats.smx()
L 05/13/2018 - 01:28:58: [SM] Call stack trace:
L 05/13/2018 - 01:28:58: [SM]   [0] UnhookEvent
L 05/13/2018 - 01:28:58: [SM]   [1] Line 338, dist\addons\sourcemod\scripting\empstats.sp::Deactivate()
L 05/13/2018 - 01:28:58: [SM]   [2] Line 290, dist\addons\sourcemod\scripting\empstats.sp::CheckActivate()
L 05/13/2018 - 01:28:58: [SM]   [3] Line 680, dist\addons\sourcemod\scripting\empstats.sp::OnClientPostAdminCheck()
L 05/13/2018 - 01:50:30: [SM] Exception reported: Invalid hook callback specified for game event "player_disconnect"
L 05/13/2018 - 01:50:30: [SM] Blaming: empstats.smx()
L 05/13/2018 - 01:50:30: [SM] Call stack trace:
L 05/13/2018 - 01:50:30: [SM]   [0] UnhookEvent
L 05/13/2018 - 01:50:30: [SM]   [1] Line 338, dist\addons\sourcemod\scripting\empstats.sp::Deactivate()
L 05/13/2018 - 01:50:30: [SM]   [2] Line 290, dist\addons\sourcemod\scripting\empstats.sp::CheckActivate()
L 05/13/2018 - 01:50:30: [SM]   [3] Line 1014, dist\addons\sourcemod\scripting\empstats.sp::OnClientDisconnect_Post()
L 05/13/2018 - 02:46:57: [SM] Exception reported: Invalid hook callback specified for game event "player_disconnect"
L 05/13/2018 - 02:46:57: [SM] Blaming: empstats.smx()
L 05/13/2018 - 02:46:57: [SM] Call stack trace:
L 05/13/2018 - 02:46:57: [SM]   [0] UnhookEvent
L 05/13/2018 - 02:46:57: [SM]   [1] Line 338, dist\addons\sourcemod\scripting\empstats.sp::Deactivate()
L 05/13/2018 - 02:46:57: [SM]   [2] Line 290, dist\addons\sourcemod\scripting\empstats.sp::CheckActivate()
L 05/13/2018 - 02:46:57: [SM]   [3] Line 680, dist\addons\sourcemod\scripting\empstats.sp::OnClientPostAdminCheck()
L 05/13/2018 - 03:01:42: [SM] Exception reported: Invalid hook callback specified for game event "player_disconnect"
L 05/13/2018 - 03:01:42: [SM] Blaming: empstats.smx()
L 05/13/2018 - 03:01:42: [SM] Call stack trace:
L 05/13/2018 - 03:01:42: [SM]   [0] UnhookEvent
L 05/13/2018 - 03:01:42: [SM]   [1] Line 338, dist\addons\sourcemod\scripting\empstats.sp::Deactivate()
L 05/13/2018 - 03:01:42: [SM]   [2] Line 290, dist\addons\sourcemod\scripting\empstats.sp::CheckActivate()
L 05/13/2018 - 03:01:42: [SM]   [3] Line 680, dist\addons\sourcemod\scripting\empstats.sp::OnClientPostAdminCheck()
L 05/13/2018 - 03:27:40: [SM] Exception reported: Invalid hook callback specified for game event "player_disconnect"
L 05/13/2018 - 03:27:40: [SM] Blaming: empstats.smx()
L 05/13/2018 - 03:27:40: [SM] Call stack trace:
L 05/13/2018 - 03:27:40: [SM]   [0] UnhookEvent
L 05/13/2018 - 03:27:40: [SM]   [1] Line 338, dist\addons\sourcemod\scripting\empstats.sp::Deactivate()
L 05/13/2018 - 03:27:40: [SM]   [2] Line 290, dist\addons\sourcemod\scripting\empstats.sp::CheckActivate()
L 05/13/2018 - 03:27:40: [SM]   [3] Line 680, dist\addons\sourcemod\scripting\empstats.sp::OnClientPostAdminCheck()
L 05/13/2018 - 06:52:26: [SM] Exception reported: Invalid hook callback specified for game event "player_disconnect"
L 05/13/2018 - 06:52:26: [SM] Blaming: empstats.smx()
L 05/13/2018 - 06:52:26: [SM] Call stack trace:
L 05/13/2018 - 06:52:26: [SM]   [0] UnhookEvent
L 05/13/2018 - 06:52:26: [SM]   [1] Line 338, dist\addons\sourcemod\scripting\empstats.sp::Deactivate()
L 05/13/2018 - 06:52:26: [SM]   [2] Line 290, dist\addons\sourcemod\scripting\empstats.sp::CheckActivate()
L 05/13/2018 - 06:52:26: [SM]   [3] Line 680, dist\addons\sourcemod\scripting\empstats.sp::OnClientPostAdminCheck()
L 05/13/2018 - 11:20:00: [SM] Exception reported: Invalid hook callback specified for game event "player_disconnect"
L 05/13/2018 - 11:20:00: [SM] Blaming: empstats.smx()
L 05/13/2018 - 11:20:00: [SM] Call stack trace:
L 05/13/2018 - 11:20:00: [SM]   [0] UnhookEvent
L 05/13/2018 - 11:20:00: [SM]   [1] Line 338, dist\addons\sourcemod\scripting\empstats.sp::Deactivate()
L 05/13/2018 - 11:20:00: [SM]   [2] Line 290, dist\addons\sourcemod\scripting\empstats.sp::CheckActivate()
L 05/13/2018 - 11:20:00: [SM]   [3] Line 680, dist\addons\sourcemod\scripting\empstats.sp::OnClientPostAdminCheck()
L 05/13/2018 - 11:28:30: [SM] Exception reported: Invalid hook callback specified for game event "player_disconnect"
L 05/13/2018 - 11:28:30: [SM] Blaming: empstats.smx()
L 05/13/2018 - 11:28:30: [SM] Call stack trace:
L 05/13/2018 - 11:28:30: [SM]   [0] UnhookEvent
L 05/13/2018 - 11:28:30: [SM]   [1] Line 338, dist\addons\sourcemod\scripting\empstats.sp::Deactivate()
L 05/13/2018 - 11:28:30: [SM]   [2] Line 290, dist\addons\sourcemod\scripting\empstats.sp::CheckActivate()
L 05/13/2018 - 11:28:30: [SM]   [3] Line 1014, dist\addons\sourcemod\scripting\empstats.sp::OnClientDisconnect_Post()
L 05/13/2018 - 11:49:13: [SM] Exception reported: Invalid hook callback specified for game event "player_disconnect"
L 05/13/2018 - 11:49:13: [SM] Blaming: empstats.smx()
L 05/13/2018 - 11:49:13: [SM] Call stack trace:
L 05/13/2018 - 11:49:13: [SM]   [0] UnhookEvent
L 05/13/2018 - 11:49:13: [SM]   [1] Line 338, dist\addons\sourcemod\scripting\empstats.sp::Deactivate()
L 05/13/2018 - 11:49:13: [SM]   [2] Line 290, dist\addons\sourcemod\scripting\empstats.sp::CheckActivate()
L 05/13/2018 - 11:49:13: [SM]   [3] Line 680, dist\addons\sourcemod\scripting\empstats.sp::OnClientPostAdminCheck()
L 05/13/2018 - 11:51:55: [SM] Exception reported: Invalid hook callback specified for game event "player_disconnect"
L 05/13/2018 - 11:51:55: [SM] Blaming: empstats.smx()
L 05/13/2018 - 11:51:55: [SM] Call stack trace:
L 05/13/2018 - 11:51:55: [SM]   [0] UnhookEvent
L 05/13/2018 - 11:51:55: [SM]   [1] Line 338, dist\addons\sourcemod\scripting\empstats.sp::Deactivate()
L 05/13/2018 - 11:51:55: [SM]   [2] Line 290, dist\addons\sourcemod\scripting\empstats.sp::CheckActivate()
L 05/13/2018 - 11:51:55: [SM]   [3] Line 680, dist\addons\sourcemod\scripting\empstats.sp::OnClientPostAdminCheck()
L 05/13/2018 - 11:54:09: [SM] Exception reported: Invalid hook callback specified for game event "player_disconnect"
L 05/13/2018 - 11:54:09: [SM] Blaming: empstats.smx()
L 05/13/2018 - 11:54:09: [SM] Call stack trace:
L 05/13/2018 - 11:54:09: [SM]   [0] UnhookEvent
L 05/13/2018 - 11:54:09: [SM]   [1] Line 338, dist\addons\sourcemod\scripting\empstats.sp::Deactivate()
L 05/13/2018 - 11:54:09: [SM]   [2] Line 290, dist\addons\sourcemod\scripting\empstats.sp::CheckActivate()
L 05/13/2018 - 11:54:09: [SM]   [3] Line 680, dist\addons\sourcemod\scripting\empstats.sp::OnClientPostAdminCheck()
L 05/13/2018 - 12:00:16: [SM] Exception reported: Invalid hook callback specified for game event "player_disconnect"
L 05/13/2018 - 12:00:16: [SM] Blaming: empstats.smx()
L 05/13/2018 - 12:00:16: [SM] Call stack trace:
L 05/13/2018 - 12:00:16: [SM]   [0] UnhookEvent
L 05/13/2018 - 12:00:16: [SM]   [1] Line 338, dist\addons\sourcemod\scripting\empstats.sp::Deactivate()
L 05/13/2018 - 12:00:16: [SM]   [2] Line 290, dist\addons\sourcemod\scripting\empstats.sp::CheckActivate()
L 05/13/2018 - 12:00:16: [SM]   [3] Line 680, dist\addons\sourcemod\scripting\empstats.sp::OnClientPostAdminCheck()
L 05/13/2018 - 14:16:05: [SM] Exception reported: Invalid hook callback specified for game event "player_disconnect"
L 05/13/2018 - 14:16:05: [SM] Blaming: empstats.smx()
L 05/13/2018 - 14:16:05: [SM] Call stack trace:
L 05/13/2018 - 14:16:05: [SM]   [0] UnhookEvent
L 05/13/2018 - 14:16:05: [SM]   [1] Line 338, dist\addons\sourcemod\scripting\empstats.sp::Deactivate()
L 05/13/2018 - 14:16:05: [SM]   [2] Line 290, dist\addons\sourcemod\scripting\empstats.sp::CheckActivate()
L 05/13/2018 - 14:16:05: [SM]   [3] Line 680, dist\addons\sourcemod\scripting\empstats.sp::OnClientPostAdminCheck()
L 05/13/2018 - 14:18:44: Error log file session closed.
L 05/13/2018 - 14:18:46: SourceMod error session started
L 05/13/2018 - 14:18:46: Info (map "emp_drygulch_a6") (file "errors_20180513.log")
L 05/13/2018 - 14:18:46: [SM] Exception reported: Invalid hook callback specified for game event "player_disconnect"
L 05/13/2018 - 14:18:46: [SM] Blaming: empstats.smx()
L 05/13/2018 - 14:18:46: [SM] Call stack trace:
L 05/13/2018 - 14:18:46: [SM]   [0] UnhookEvent
L 05/13/2018 - 14:18:46: [SM]   [1] Line 338, dist\addons\sourcemod\scripting\empstats.sp::Deactivate()
L 05/13/2018 - 14:18:46: [SM]   [2] Line 290, dist\addons\sourcemod\scripting\empstats.sp::CheckActivate()
L 05/13/2018 - 14:18:46: [SM]   [3] Line 1608, dist\addons\sourcemod\scripting\empstats.sp::EndMapChange()
L 05/13/2018 - 14:18:46: [SM] Exception reported: Invalid hook callback specified for game event "player_disconnect"
L 05/13/2018 - 14:18:46: [SM] Blaming: empstats.smx()
L 05/13/2018 - 14:18:46: [SM] Call stack trace:
L 05/13/2018 - 14:18:46: [SM]   [0] UnhookEvent
L 05/13/2018 - 14:18:46: [SM]   [1] Line 338, dist\addons\sourcemod\scripting\empstats.sp::Deactivate()
L 05/13/2018 - 14:18:46: [SM]   [2] Line 290, dist\addons\sourcemod\scripting\empstats.sp::CheckActivate()
L 05/13/2018 - 14:18:46: [SM]   [3] Line 680, dist\addons\sourcemod\scripting\empstats.sp::OnClientPostAdminCheck()
L 05/13/2018 - 14:22:53: [SM] Exception reported: Game event "player_disconnect" has no active hook
L 05/13/2018 - 14:22:53: [SM] Blaming: empstats.smx()
L 05/13/2018 - 14:22:53: [SM] Call stack trace:
L 05/13/2018 - 14:22:53: [SM]   [0] UnhookEvent
L 05/13/2018 - 14:22:53: [SM]   [1] Line 338, dist\addons\sourcemod\scripting\empstats.sp::Deactivate()
L 05/13/2018 - 14:22:53: [SM]   [2] Line 290, dist\addons\sourcemod\scripting\empstats.sp::CheckActivate()
L 05/13/2018 - 14:22:53: [SM]   [3] Line 680, dist\addons\sourcemod\scripting\empstats.sp::OnClientPostAdminCheck()
L 05/13/2018 - 15:47:17: [SM] Exception reported: Invalid timer handle ad530370 (error 1)
L 05/13/2018 - 15:47:17: [SM] Blaming: umc-emp-mapvote.smx()
L 05/13/2018 - 15:47:17: [SM] Call stack trace:
L 05/13/2018 - 15:47:17: [SM]   [0] KillTimer
L 05/13/2018 - 15:47:17: [SM]   [1] Line 686, D:\Documents\My Folder\Empires Custom UMC Stuff\SourceMod\Workspace\umc-emp-mapvote.sp::UMC_OnNextmapSet()
L 05/13/2018 - 15:47:17: [SM]   [3] Call_Finish
L 05/13/2018 - 15:47:17: [SM]   [4] Line 4834, D:\Documents\My Folder\Empires Custom UMC Stuff\SourceMod\Workspace\umc-core.sp::DoMapChange()
L 05/13/2018 - 15:47:17: [SM]   [5] Line 4267, D:\Documents\My Folder\Empires Custom UMC Stuff\SourceMod\Workspace\umc-core.sp::Handle_MapVoteWinner()
L 05/13/2018 - 15:47:17: [SM]   [6] Line 3819, D:\Documents\My Folder\Empires Custom UMC Stuff\SourceMod\Workspace\umc-core.sp::ProcessVoteWinner()
L 05/13/2018 - 15:47:17: [SM]   [7] Line 3765, D:\Documents\My Folder\Empires Custom UMC Stuff\SourceMod\Workspace\umc-core.sp::ProcessVoteResults()
L 05/13/2018 - 15:47:17: [SM]   [8] Line 1277, D:\Documents\My Folder\Empires Custom UMC Stuff\SourceMod\Workspace\umc-core.sp::Native_UMCVoteManagerComplete()
L 05/13/2018 - 15:47:17: [SM]   [10] UMC_VoteManagerVoteCompleted
L 05/13/2018 - 15:47:17: [SM]   [11] Line 2309, D:\Documents\My Folder\Empires Custom UMC Stuff\SourceMod\Workspace\umc-core.sp::Handle_MapVoteResults()
L 05/13/2018 - 15:47:23: Error log file session closed.
L 05/13/2018 - 15:47:25: SourceMod error session started
L 05/13/2018 - 15:47:25: Info (map "emp_beachfront_b2_hce") (file "errors_20180513.log")
L 05/13/2018 - 15:47:25: [SM] Exception reported: Invalid hook callback specified for game event "player_disconnect"
L 05/13/2018 - 15:47:25: [SM] Blaming: empstats.smx()
L 05/13/2018 - 15:47:25: [SM] Call stack trace:
L 05/13/2018 - 15:47:25: [SM]   [0] UnhookEvent
L 05/13/2018 - 15:47:25: [SM]   [1] Line 338, dist\addons\sourcemod\scripting\empstats.sp::Deactivate()
L 05/13/2018 - 15:47:25: [SM]   [2] Line 290, dist\addons\sourcemod\scripting\empstats.sp::CheckActivate()
L 05/13/2018 - 15:47:25: [SM]   [3] Line 1608, dist\addons\sourcemod\scripting\empstats.sp::EndMapChange()
L 05/13/2018 - 15:47:35: [SM] Exception reported: Invalid hook callback specified for game event "player_disconnect"
L 05/13/2018 - 15:47:35: [SM] Blaming: empstats.smx()
L 05/13/2018 - 15:47:35: [SM] Call stack trace:
L 05/13/2018 - 15:47:35: [SM]   [0] UnhookEvent
L 05/13/2018 - 15:47:35: [SM]   [1] Line 338, dist\addons\sourcemod\scripting\empstats.sp::Deactivate()
L 05/13/2018 - 15:47:35: [SM]   [2] Line 290, dist\addons\sourcemod\scripting\empstats.sp::CheckActivate()
L 05/13/2018 - 15:47:35: [SM]   [3] Line 680, dist\addons\sourcemod\scripting\empstats.sp::OnClientPostAdminCheck()
L 05/13/2018 - 15:47:36: [SM] Exception reported: Invalid hook callback specified for game event "player_disconnect"
L 05/13/2018 - 15:47:36: [SM] Blaming: empstats.smx()
L 05/13/2018 - 15:47:36: [SM] Call stack trace:
L 05/13/2018 - 15:47:36: [SM]   [0] UnhookEvent
L 05/13/2018 - 15:47:36: [SM]   [1] Line 338, dist\addons\sourcemod\scripting\empstats.sp::Deactivate()
L 05/13/2018 - 15:47:36: [SM]   [2] Line 290, dist\addons\sourcemod\scripting\empstats.sp::CheckActivate()
L 05/13/2018 - 15:47:36: [SM]   [3] Line 680, dist\addons\sourcemod\scripting\empstats.sp::OnClientPostAdminCheck()
L 05/13/2018 - 15:51:06: [SM] Exception reported: Game event "player_disconnect" has no active hook
L 05/13/2018 - 15:51:06: [SM] Blaming: empstats.smx()
L 05/13/2018 - 15:51:06: [SM] Call stack trace:
L 05/13/2018 - 15:51:06: [SM]   [0] UnhookEvent
L 05/13/2018 - 15:51:06: [SM]   [1] Line 338, dist\addons\sourcemod\scripting\empstats.sp::Deactivate()
L 05/13/2018 - 15:51:06: [SM]   [2] Line 290, dist\addons\sourcemod\scripting\empstats.sp::CheckActivate()
L 05/13/2018 - 15:51:07: [SM]   [3] Line 680, dist\addons\sourcemod\scripting\empstats.sp::OnClientPostAdminCheck()
L 05/13/2018 - 16:23:27: [SM] Exception reported: Game event "player_disconnect" has no active hook
L 05/13/2018 - 16:23:27: [SM] Blaming: empstats.smx()
L 05/13/2018 - 16:23:27: [SM] Call stack trace:
L 05/13/2018 - 16:23:27: [SM]   [0] UnhookEvent
L 05/13/2018 - 16:23:27: [SM]   [1] Line 338, dist\addons\sourcemod\scripting\empstats.sp::Deactivate()
L 05/13/2018 - 16:23:27: [SM]   [2] Line 290, dist\addons\sourcemod\scripting\empstats.sp::CheckActivate()
L 05/13/2018 - 16:23:27: [SM]   [3] Line 680, dist\addons\sourcemod\scripting\empstats.sp::OnClientPostAdminCheck()
L 05/13/2018 - 16:25:08: [SM] Exception reported: Game event "player_disconnect" has no active hook
L 05/13/2018 - 16:25:08: [SM] Blaming: empstats.smx()
L 05/13/2018 - 16:25:08: [SM] Call stack trace:
L 05/13/2018 - 16:25:08: [SM]   [0] UnhookEvent
L 05/13/2018 - 16:25:08: [SM]   [1] Line 338, dist\addons\sourcemod\scripting\empstats.sp::Deactivate()
L 05/13/2018 - 16:25:08: [SM]   [2] Line 290, dist\addons\sourcemod\scripting\empstats.sp::CheckActivate()
L 05/13/2018 - 16:25:08: [SM]   [3] Line 680, dist\addons\sourcemod\scripting\empstats.sp::OnClientPostAdminCheck()
L 05/13/2018 - 16:51:18: [SM] Exception reported: Game event "player_disconnect" has no active hook
L 05/13/2018 - 16:51:18: [SM] Blaming: empstats.smx()
L 05/13/2018 - 16:51:18: [SM] Call stack trace:
L 05/13/2018 - 16:51:18: [SM]   [0] UnhookEvent
L 05/13/2018 - 16:51:18: [SM]   [1] Line 338, dist\addons\sourcemod\scripting\empstats.sp::Deactivate()
L 05/13/2018 - 16:51:18: [SM]   [2] Line 290, dist\addons\sourcemod\scripting\empstats.sp::CheckActivate()
L 05/13/2018 - 16:51:18: [SM]   [3] Line 680, dist\addons\sourcemod\scripting\empstats.sp::OnClientPostAdminCheck()
L 05/13/2018 - 16:52:31: [SM] Exception reported: Invalid timer handle b1bb038e (error 1)
L 05/13/2018 - 16:52:31: [SM] Blaming: umc-emp-mapvote.smx()
L 05/13/2018 - 16:52:31: [SM] Call stack trace:
L 05/13/2018 - 16:52:31: [SM]   [0] KillTimer
L 05/13/2018 - 16:52:31: [SM]   [1] Line 686, D:\Documents\My Folder\Empires Custom UMC Stuff\SourceMod\Workspace\umc-emp-mapvote.sp::UMC_OnNextmapSet()
L 05/13/2018 - 16:52:31: [SM]   [3] Call_Finish
L 05/13/2018 - 16:52:31: [SM]   [4] Line 4834, D:\Documents\My Folder\Empires Custom UMC Stuff\SourceMod\Workspace\umc-core.sp::DoMapChange()
L 05/13/2018 - 16:52:31: [SM]   [5] Line 4267, D:\Documents\My Folder\Empires Custom UMC Stuff\SourceMod\Workspace\umc-core.sp::Handle_MapVoteWinner()
L 05/13/2018 - 16:52:31: [SM]   [6] Line 3819, D:\Documents\My Folder\Empires Custom UMC Stuff\SourceMod\Workspace\umc-core.sp::ProcessVoteWinner()
L 05/13/2018 - 16:52:31: [SM]   [7] Line 3795, D:\Documents\My Folder\Empires Custom UMC Stuff\SourceMod\Workspace\umc-core.sp::ProcessVoteResults()
L 05/13/2018 - 16:52:31: [SM]   [8] Line 1277, D:\Documents\My Folder\Empires Custom UMC Stuff\SourceMod\Workspace\umc-core.sp::Native_UMCVoteManagerComplete()
L 05/13/2018 - 16:52:31: [SM]   [10] UMC_VoteManagerVoteCompleted
L 05/13/2018 - 16:52:31: [SM]   [11] Line 2309, D:\Documents\My Folder\Empires Custom UMC Stuff\SourceMod\Workspace\umc-core.sp::Handle_MapVoteResults()
L 05/13/2018 - 16:52:37: Error log file session closed.
L 05/13/2018 - 16:52:39: SourceMod error session started
L 05/13/2018 - 16:52:39: Info (map "emp_crossroads_towerless_hce") (file "errors_20180513.log")
L 05/13/2018 - 16:52:39: [SM] Exception reported: Invalid hook callback specified for game event "player_disconnect"
L 05/13/2018 - 16:52:39: [SM] Blaming: empstats.smx()
L 05/13/2018 - 16:52:39: [SM] Call stack trace:
L 05/13/2018 - 16:52:39: [SM]   [0] UnhookEvent
L 05/13/2018 - 16:52:39: [SM]   [1] Line 338, dist\addons\sourcemod\scripting\empstats.sp::Deactivate()
L 05/13/2018 - 16:52:39: [SM]   [2] Line 290, dist\addons\sourcemod\scripting\empstats.sp::CheckActivate()
L 05/13/2018 - 16:52:39: [SM]   [3] Line 1608, dist\addons\sourcemod\scripting\empstats.sp::EndMapChange()
L 05/13/2018 - 16:52:43: [SM] Exception reported: Invalid hook callback specified for game event "player_disconnect"
L 05/13/2018 - 16:52:43: [SM] Blaming: empstats.smx()
L 05/13/2018 - 16:52:43: [SM] Call stack trace:
L 05/13/2018 - 16:52:43: [SM]   [0] UnhookEvent
L 05/13/2018 - 16:52:43: [SM]   [1] Line 338, dist\addons\sourcemod\scripting\empstats.sp::Deactivate()
L 05/13/2018 - 16:52:43: [SM]   [2] Line 290, dist\addons\sourcemod\scripting\empstats.sp::CheckActivate()
L 05/13/2018 - 16:52:43: [SM]   [3] Line 680, dist\addons\sourcemod\scripting\empstats.sp::OnClientPostAdminCheck()
L 05/13/2018 - 17:01:13: [SM] Exception reported: Invalid hook callback specified for game event "player_disconnect"
L 05/13/2018 - 17:01:13: [SM] Blaming: empstats.smx()
L 05/13/2018 - 17:01:13: [SM] Call stack trace:
L 05/13/2018 - 17:01:13: [SM]   [0] UnhookEvent
L 05/13/2018 - 17:01:13: [SM]   [1] Line 338, dist\addons\sourcemod\scripting\empstats.sp::Deactivate()
L 05/13/2018 - 17:01:13: [SM]   [2] Line 290, dist\addons\sourcemod\scripting\empstats.sp::CheckActivate()
L 05/13/2018 - 17:01:13: [SM]   [3] Line 1014, dist\addons\sourcemod\scripting\empstats.sp::OnClientDisconnect_Post()
L 05/13/2018 - 17:01:14: Error log file session closed.
L 05/13/2018 - 17:01:16: SourceMod error session started
L 05/13/2018 - 17:01:16: Info (map "con_district402") (file "errors_20180513.log")
L 05/13/2018 - 17:01:16: [SM] Exception reported: Invalid hook callback specified for game event "player_disconnect"
L 05/13/2018 - 17:01:16: [SM] Blaming: empstats.smx()
L 05/13/2018 - 17:01:16: [SM] Call stack trace:
L 05/13/2018 - 17:01:16: [SM]   [0] UnhookEvent
L 05/13/2018 - 17:01:16: [SM]   [1] Line 338, dist\addons\sourcemod\scripting\empstats.sp::Deactivate()
L 05/13/2018 - 17:01:16: [SM]   [2] Line 290, dist\addons\sourcemod\scripting\empstats.sp::CheckActivate()
L 05/13/2018 - 17:01:16: [SM]   [3] Line 1608, dist\addons\sourcemod\scripting\empstats.sp::EndMapChange()
L 05/13/2018 - 17:01:22: [SM] Exception reported: Invalid hook callback specified for game event "player_disconnect"
L 05/13/2018 - 17:01:22: [SM] Blaming: empstats.smx()
L 05/13/2018 - 17:01:22: [SM] Call stack trace:
L 05/13/2018 - 17:01:22: [SM]   [0] UnhookEvent
L 05/13/2018 - 17:01:22: [SM]   [1] Line 338, dist\addons\sourcemod\scripting\empstats.sp::Deactivate()
L 05/13/2018 - 17:01:22: [SM]   [2] Line 290, dist\addons\sourcemod\scripting\empstats.sp::CheckActivate()
L 05/13/2018 - 17:01:22: [SM]   [3] Line 680, dist\addons\sourcemod\scripting\empstats.sp::OnClientPostAdminCheck()
L 05/13/2018 - 17:02:10: [SM] Exception reported: Invalid hook callback specified for game event "player_disconnect"
L 05/13/2018 - 17:02:10: [SM] Blaming: empstats.smx()
L 05/13/2018 - 17:02:10: [SM] Call stack trace:
L 05/13/2018 - 17:02:10: [SM]   [0] UnhookEvent
L 05/13/2018 - 17:02:10: [SM]   [1] Line 338, dist\addons\sourcemod\scripting\empstats.sp::Deactivate()
L 05/13/2018 - 17:02:10: [SM]   [2] Line 290, dist\addons\sourcemod\scripting\empstats.sp::CheckActivate()
L 05/13/2018 - 17:02:10: [SM]   [3] Line 680, dist\addons\sourcemod\scripting\empstats.sp::OnClientPostAdminCheck()
L 05/13/2018 - 17:05:23: [SM] Exception reported: Game event "player_disconnect" has no active hook
L 05/13/2018 - 17:05:23: [SM] Blaming: empstats.smx()
L 05/13/2018 - 17:05:23: [SM] Call stack trace:
L 05/13/2018 - 17:05:23: [SM]   [0] UnhookEvent
L 05/13/2018 - 17:05:23: [SM]   [1] Line 338, dist\addons\sourcemod\scripting\empstats.sp::Deactivate()
L 05/13/2018 - 17:05:23: [SM]   [2] Line 290, dist\addons\sourcemod\scripting\empstats.sp::CheckActivate()
L 05/13/2018 - 17:05:23: [SM]   [3] Line 680, dist\addons\sourcemod\scripting\empstats.sp::OnClientPostAdminCheck()
L 05/13/2018 - 17:06:42: Error log file session closed.
L 05/13/2018 - 17:06:45: SourceMod error session started
L 05/13/2018 - 17:06:45: Info (map "emp_canyon") (file "errors_20180513.log")
L 05/13/2018 - 17:06:45: [SM] Exception reported: Invalid hook callback specified for game event "player_disconnect"
L 05/13/2018 - 17:06:45: [SM] Blaming: empstats.smx()
L 05/13/2018 - 17:06:45: [SM] Call stack trace:
L 05/13/2018 - 17:06:45: [SM]   [0] UnhookEvent
L 05/13/2018 - 17:06:45: [SM]   [1] Line 338, dist\addons\sourcemod\scripting\empstats.sp::Deactivate()
L 05/13/2018 - 17:06:45: [SM]   [2] Line 290, dist\addons\sourcemod\scripting\empstats.sp::CheckActivate()
L 05/13/2018 - 17:06:45: [SM]   [3] Line 1608, dist\addons\sourcemod\scripting\empstats.sp::EndMapChange()
L 05/13/2018 - 17:06:48: [SM] Exception reported: Invalid hook callback specified for game event "player_disconnect"
L 05/13/2018 - 17:06:48: [SM] Blaming: empstats.smx()
L 05/13/2018 - 17:06:48: [SM] Call stack trace:
L 05/13/2018 - 17:06:48: [SM]   [0] UnhookEvent
L 05/13/2018 - 17:06:48: [SM]   [1] Line 338, dist\addons\sourcemod\scripting\empstats.sp::Deactivate()
L 05/13/2018 - 17:06:48: [SM]   [2] Line 290, dist\addons\sourcemod\scripting\empstats.sp::CheckActivate()
L 05/13/2018 - 17:06:48: [SM]   [3] Line 680, dist\addons\sourcemod\scripting\empstats.sp::OnClientPostAdminCheck()
L 05/13/2018 - 17:07:13: [SM] Exception reported: Invalid hook callback specified for game event "player_disconnect"
L 05/13/2018 - 17:07:13: [SM] Blaming: empstats.smx()
L 05/13/2018 - 17:07:13: [SM] Call stack trace:
L 05/13/2018 - 17:07:13: [SM]   [0] UnhookEvent
L 05/13/2018 - 17:07:13: [SM]   [1] Line 338, dist\addons\sourcemod\scripting\empstats.sp::Deactivate()
L 05/13/2018 - 17:07:13: [SM]   [2] Line 290, dist\addons\sourcemod\scripting\empstats.sp::CheckActivate()
L 05/13/2018 - 17:07:13: [SM]   [3] Line 680, dist\addons\sourcemod\scripting\empstats.sp::OnClientPostAdminCheck()
L 05/13/2018 - 17:20:07: [SM] Exception reported: Game event "player_disconnect" has no active hook
L 05/13/2018 - 17:20:07: [SM] Blaming: empstats.smx()
L 05/13/2018 - 17:20:07: [SM] Call stack trace:
L 05/13/2018 - 17:20:07: [SM]   [0] UnhookEvent
L 05/13/2018 - 17:20:07: [SM]   [1] Line 338, dist\addons\sourcemod\scripting\empstats.sp::Deactivate()
L 05/13/2018 - 17:20:07: [SM]   [2] Line 290, dist\addons\sourcemod\scripting\empstats.sp::CheckActivate()
L 05/13/2018 - 17:20:07: [SM]   [3] Line 1014, dist\addons\sourcemod\scripting\empstats.sp::OnClientDisconnect_Post()
L 05/13/2018 - 17:20:07: Error log file session closed.
L 05/13/2018 - 17:20:10: SourceMod error session started
L 05/13/2018 - 17:20:10: Info (map "con_district402") (file "errors_20180513.log")
L 05/13/2018 - 17:20:10: [SM] Exception reported: Invalid hook callback specified for game event "player_disconnect"
L 05/13/2018 - 17:20:10: [SM] Blaming: empstats.smx()
L 05/13/2018 - 17:20:10: [SM] Call stack trace:
L 05/13/2018 - 17:20:10: [SM]   [0] UnhookEvent
L 05/13/2018 - 17:20:10: [SM]   [1] Line 338, dist\addons\sourcemod\scripting\empstats.sp::Deactivate()
L 05/13/2018 - 17:20:10: [SM]   [2] Line 290, dist\addons\sourcemod\scripting\empstats.sp::CheckActivate()
L 05/13/2018 - 17:20:10: [SM]   [3] Line 1608, dist\addons\sourcemod\scripting\empstats.sp::EndMapChange()
L 05/13/2018 - 17:20:11: [SM] Exception reported: Invalid hook callback specified for game event "player_disconnect"
L 05/13/2018 - 17:20:11: [SM] Blaming: empstats.smx()
L 05/13/2018 - 17:20:11: [SM] Call stack trace:
L 05/13/2018 - 17:20:11: [SM]   [0] UnhookEvent
L 05/13/2018 - 17:20:11: [SM]   [1] Line 338, dist\addons\sourcemod\scripting\empstats.sp::Deactivate()
L 05/13/2018 - 17:20:11: [SM]   [2] Line 290, dist\addons\sourcemod\scripting\empstats.sp::CheckActivate()
L 05/13/2018 - 17:20:11: [SM]   [3] Line 680, dist\addons\sourcemod\scripting\empstats.sp::OnClientPostAdminCheck()
L 05/13/2018 - 17:20:19: [SM] Exception reported: Invalid hook callback specified for game event "player_disconnect"
L 05/13/2018 - 17:20:19: [SM] Blaming: empstats.smx()
L 05/13/2018 - 17:20:19: [SM] Call stack trace:
L 05/13/2018 - 17:20:19: [SM]   [0] UnhookEvent
L 05/13/2018 - 17:20:19: [SM]   [1] Line 338, dist\addons\sourcemod\scripting\empstats.sp::Deactivate()
L 05/13/2018 - 17:20:19: [SM]   [2] Line 290, dist\addons\sourcemod\scripting\empstats.sp::CheckActivate()
L 05/13/2018 - 17:20:19: [SM]   [3] Line 680, dist\addons\sourcemod\scripting\empstats.sp::OnClientPostAdminCheck()
L 05/13/2018 - 17:38:35: [SM] Exception reported: Invalid timer handle b938032b (error 3)
L 05/13/2018 - 17:38:35: [SM] Blaming: umc-emp-mapvote.smx()
L 05/13/2018 - 17:38:35: [SM] Call stack trace:
L 05/13/2018 - 17:38:35: [SM]   [0] KillTimer
L 05/13/2018 - 17:38:35: [SM]   [1] Line 686, D:\Documents\My Folder\Empires Custom UMC Stuff\SourceMod\Workspace\umc-emp-mapvote.sp::UMC_OnNextmapSet()
L 05/13/2018 - 17:38:35: [SM]   [3] Call_Finish
L 05/13/2018 - 17:38:35: [SM]   [4] Line 4834, D:\Documents\My Folder\Empires Custom UMC Stuff\SourceMod\Workspace\umc-core.sp::DoMapChange()
L 05/13/2018 - 17:38:35: [SM]   [5] Line 4267, D:\Documents\My Folder\Empires Custom UMC Stuff\SourceMod\Workspace\umc-core.sp::Handle_MapVoteWinner()
L 05/13/2018 - 17:38:35: [SM]   [6] Line 3819, D:\Documents\My Folder\Empires Custom UMC Stuff\SourceMod\Workspace\umc-core.sp::ProcessVoteWinner()
L 05/13/2018 - 17:38:35: [SM]   [7] Line 3795, D:\Documents\My Folder\Empires Custom UMC Stuff\SourceMod\Workspace\umc-core.sp::ProcessVoteResults()
L 05/13/2018 - 17:38:35: [SM]   [8] Line 1277, D:\Documents\My Folder\Empires Custom UMC Stuff\SourceMod\Workspace\umc-core.sp::Native_UMCVoteManagerComplete()
L 05/13/2018 - 17:38:35: [SM]   [10] UMC_VoteManagerVoteCompleted
L 05/13/2018 - 17:38:35: [SM]   [11] Line 2309, D:\Documents\My Folder\Empires Custom UMC Stuff\SourceMod\Workspace\umc-core.sp::Handle_MapVoteResults()
L 05/13/2018 - 17:38:40: Error log file session closed.
L 05/13/2018 - 17:38:42: SourceMod error session started
L 05/13/2018 - 17:38:42: Info (map "fun_ricochet_a4") (file "errors_20180513.log")
L 05/13/2018 - 17:38:42: [SM] Exception reported: Invalid hook callback specified for game event "player_disconnect"
L 05/13/2018 - 17:38:42: [SM] Blaming: empstats.smx()
L 05/13/2018 - 17:38:42: [SM] Call stack trace:
L 05/13/2018 - 17:38:42: [SM]   [0] UnhookEvent
L 05/13/2018 - 17:38:42: [SM]   [1] Line 338, dist\addons\sourcemod\scripting\empstats.sp::Deactivate()
L 05/13/2018 - 17:38:42: [SM]   [2] Line 290, dist\addons\sourcemod\scripting\empstats.sp::CheckActivate()
L 05/13/2018 - 17:38:42: [SM]   [3] Line 1608, dist\addons\sourcemod\scripting\empstats.sp::EndMapChange()
L 05/13/2018 - 17:38:42: [SM] Exception reported: Invalid hook callback specified for game event "player_disconnect"
L 05/13/2018 - 17:38:42: [SM] Blaming: empstats.smx()
L 05/13/2018 - 17:38:42: [SM] Call stack trace:
L 05/13/2018 - 17:38:42: [SM]   [0] UnhookEvent
L 05/13/2018 - 17:38:42: [SM]   [1] Line 338, dist\addons\sourcemod\scripting\empstats.sp::Deactivate()
L 05/13/2018 - 17:38:42: [SM]   [2] Line 290, dist\addons\sourcemod\scripting\empstats.sp::CheckActivate()
L 05/13/2018 - 17:38:42: [SM]   [3] Line 680, dist\addons\sourcemod\scripting\empstats.sp::OnClientPostAdminCheck()
L 05/13/2018 - 17:38:42: [SM]   [5] NotifyPostAdminCheck
L 05/13/2018 - 17:38:42: [SM]   [6] Line 2395, sbpp_main.sp::CheckLoadAdmins()
L 05/13/2018 - 17:38:42: [SM]   [7] Line 1761, sbpp_main.sp::AdminsDone()
L 05/13/2018 - 17:38:42: [SM] Exception reported: Invalid hook callback specified for game event "player_disconnect"
L 05/13/2018 - 17:38:42: [SM] Blaming: empstats.smx()
L 05/13/2018 - 17:38:42: [SM] Call stack trace:
L 05/13/2018 - 17:38:42: [SM]   [0] UnhookEvent
L 05/13/2018 - 17:38:42: [SM]   [1] Line 338, dist\addons\sourcemod\scripting\empstats.sp::Deactivate()
L 05/13/2018 - 17:38:42: [SM]   [2] Line 290, dist\addons\sourcemod\scripting\empstats.sp::CheckActivate()
L 05/13/2018 - 17:38:42: [SM]   [3] Line 680, dist\addons\sourcemod\scripting\empstats.sp::OnClientPostAdminCheck()
L 05/13/2018 - 17:38:42: [SM]   [5] NotifyPostAdminCheck
L 05/13/2018 - 17:38:42: [SM]   [6] Line 2395, sbpp_main.sp::CheckLoadAdmins()
L 05/13/2018 - 17:38:42: [SM]   [7] Line 1970, sbpp_main.sp::LoadGroupsOverrides()
L 05/13/2018 - 17:38:44: [SM] Exception reported: Invalid hook callback specified for game event "player_disconnect"
L 05/13/2018 - 17:38:44: [SM] Blaming: empstats.smx()
L 05/13/2018 - 17:38:44: [SM] Call stack trace:
L 05/13/2018 - 17:38:44: [SM]   [0] UnhookEvent
L 05/13/2018 - 17:38:44: [SM]   [1] Line 338, dist\addons\sourcemod\scripting\empstats.sp::Deactivate()
L 05/13/2018 - 17:38:44: [SM]   [2] Line 290, dist\addons\sourcemod\scripting\empstats.sp::CheckActivate()
L 05/13/2018 - 17:38:44: [SM]   [3] Line 680, dist\addons\sourcemod\scripting\empstats.sp::OnClientPostAdminCheck()
L 05/13/2018 - 17:45:26: Error log file session closed.
L 05/13/2018 - 17:45:28: SourceMod error session started
L 05/13/2018 - 17:45:28: Info (map "con_district402") (file "errors_20180513.log")
L 05/13/2018 - 17:45:28: [SM] Exception reported: Invalid hook callback specified for game event "player_disconnect"
L 05/13/2018 - 17:45:28: [SM] Blaming: empstats.smx()
L 05/13/2018 - 17:45:28: [SM] Call stack trace:
L 05/13/2018 - 17:45:28: [SM]   [0] UnhookEvent
L 05/13/2018 - 17:45:28: [SM]   [1] Line 338, dist\addons\sourcemod\scripting\empstats.sp::Deactivate()
L 05/13/2018 - 17:45:28: [SM]   [2] Line 290, dist\addons\sourcemod\scripting\empstats.sp::CheckActivate()
L 05/13/2018 - 17:45:28: [SM]   [3] Line 1608, dist\addons\sourcemod\scripting\empstats.sp::EndMapChange()
L 05/13/2018 - 17:45:29: [SM] Exception reported: Invalid hook callback specified for game event "player_disconnect"
L 05/13/2018 - 17:45:29: [SM] Blaming: empstats.smx()
L 05/13/2018 - 17:45:29: [SM] Call stack trace:
L 05/13/2018 - 17:45:29: [SM]   [0] UnhookEvent
L 05/13/2018 - 17:45:29: [SM]   [1] Line 338, dist\addons\sourcemod\scripting\empstats.sp::Deactivate()
L 05/13/2018 - 17:45:29: [SM]   [2] Line 290, dist\addons\sourcemod\scripting\empstats.sp::CheckActivate()
L 05/13/2018 - 17:45:29: [SM]   [3] Line 680, dist\addons\sourcemod\scripting\empstats.sp::OnClientPostAdminCheck()
L 05/13/2018 - 17:45:30: [SM] Exception reported: Invalid hook callback specified for game event "player_disconnect"
L 05/13/2018 - 17:45:30: [SM] Blaming: empstats.smx()
L 05/13/2018 - 17:45:30: [SM] Call stack trace:
L 05/13/2018 - 17:45:30: [SM]   [0] UnhookEvent
L 05/13/2018 - 17:45:30: [SM]   [1] Line 338, dist\addons\sourcemod\scripting\empstats.sp::Deactivate()
L 05/13/2018 - 17:45:30: [SM]   [2] Line 290, dist\addons\sourcemod\scripting\empstats.sp::CheckActivate()
L 05/13/2018 - 17:45:30: [SM]   [3] Line 680, dist\addons\sourcemod\scripting\empstats.sp::OnClientPostAdminCheck()
L 05/13/2018 - 17:50:40: [SM] Exception reported: Invalid timer handle bc38037c (error 1)
L 05/13/2018 - 17:50:40: [SM] Blaming: umc-emp-mapvote.smx()
L 05/13/2018 - 17:50:40: [SM] Call stack trace:
L 05/13/2018 - 17:50:40: [SM]   [0] KillTimer
L 05/13/2018 - 17:50:40: [SM]   [1] Line 686, D:\Documents\My Folder\Empires Custom UMC Stuff\SourceMod\Workspace\umc-emp-mapvote.sp::UMC_OnNextmapSet()
L 05/13/2018 - 17:50:40: [SM]   [3] Call_Finish
L 05/13/2018 - 17:50:40: [SM]   [4] Line 4834, D:\Documents\My Folder\Empires Custom UMC Stuff\SourceMod\Workspace\umc-core.sp::DoMapChange()
L 05/13/2018 - 17:50:40: [SM]   [5] Line 1767, D:\Documents\My Folder\Empires Custom UMC Stuff\SourceMod\Workspace\umc-core.sp::Native_UMCSetNextMap()
L 05/13/2018 - 17:50:40: [SM]   [7] UMC_SetNextMap
L 05/13/2018 - 17:50:40: [SM]   [8] Line 407, D:\Documents\My Folder\Empires Custom UMC Stuff\SourceMod\Workspace\umc-randomcycle.sp::DoRandomNextMap()
L 05/13/2018 - 17:50:40: [SM]   [9] Line 270, D:\Documents\My Folder\Empires Custom UMC Stuff\SourceMod\Workspace\umc-randomcycle.sp::Event_GameEnd()
L 05/13/2018 - 17:50:41: Error log file session closed.
L 05/13/2018 - 17:50:41: SourceMod error session started
L 05/13/2018 - 17:50:41: Info (map "con_urbanchaos_comm_b2") (file "errors_20180513.log")
L 05/13/2018 - 17:50:41: [SM] Exception reported: Client index 0 is invalid
L 05/13/2018 - 17:50:41: [SM] Blaming: NoCommExtendVote.smx()
L 05/13/2018 - 17:50:41: [SM] Call stack trace:
L 05/13/2018 - 17:50:41: [SM]   [0] PrintToChat
L 05/13/2018 - 17:50:41: [SM]   [1] Line 585, E:\Projects\EmpiresServer\NeoonyTestServer\addons\sourcemod\scripting\NoCommExtendVote.sp::Command_NCDisable()
L 05/13/2018 - 17:50:44: [SM] Exception reported: Invalid hook callback specified for game event "player_disconnect"
L 05/13/2018 - 17:50:44: [SM] Blaming: empstats.smx()
L 05/13/2018 - 17:50:44: [SM] Call stack trace:
L 05/13/2018 - 17:50:44: [SM]   [0] UnhookEvent
L 05/13/2018 - 17:50:44: [SM]   [1] Line 338, dist\addons\sourcemod\scripting\empstats.sp::Deactivate()
L 05/13/2018 - 17:50:44: [SM]   [2] Line 290, dist\addons\sourcemod\scripting\empstats.sp::CheckActivate()
L 05/13/2018 - 17:50:44: [SM]   [3] Line 1608, dist\addons\sourcemod\scripting\empstats.sp::EndMapChange()
L 05/13/2018 - 17:50:49: [SM] Exception reported: Invalid hook callback specified for game event "player_disconnect"
L 05/13/2018 - 17:50:49: [SM] Blaming: empstats.smx()
L 05/13/2018 - 17:50:49: [SM] Call stack trace:
L 05/13/2018 - 17:50:49: [SM]   [0] UnhookEvent
L 05/13/2018 - 17:50:49: [SM]   [1] Line 338, dist\addons\sourcemod\scripting\empstats.sp::Deactivate()
L 05/13/2018 - 17:50:49: [SM]   [2] Line 290, dist\addons\sourcemod\scripting\empstats.sp::CheckActivate()
L 05/13/2018 - 17:50:49: [SM]   [3] Line 680, dist\addons\sourcemod\scripting\empstats.sp::OnClientPostAdminCheck()
L 05/13/2018 - 17:50:54: [SM] Exception reported: Invalid hook callback specified for game event "player_disconnect"
L 05/13/2018 - 17:50:54: [SM] Blaming: empstats.smx()
L 05/13/2018 - 17:50:54: [SM] Call stack trace:
L 05/13/2018 - 17:50:54: [SM]   [0] UnhookEvent
L 05/13/2018 - 17:50:54: [SM]   [1] Line 338, dist\addons\sourcemod\scripting\empstats.sp::Deactivate()
L 05/13/2018 - 17:50:54: [SM]   [2] Line 290, dist\addons\sourcemod\scripting\empstats.sp::CheckActivate()
L 05/13/2018 - 17:50:54: [SM]   [3] Line 680, dist\addons\sourcemod\scripting\empstats.sp::OnClientPostAdminCheck()
L 05/13/2018 - 18:01:44: [SM] Exception reported: Invalid timer handle c2810392 (error 1)
L 05/13/2018 - 18:01:44: [SM] Blaming: umc-emp-mapvote.smx()
L 05/13/2018 - 18:01:44: [SM] Call stack trace:
L 05/13/2018 - 18:01:44: [SM]   [0] KillTimer
L 05/13/2018 - 18:01:44: [SM]   [1] Line 686, D:\Documents\My Folder\Empires Custom UMC Stuff\SourceMod\Workspace\umc-emp-mapvote.sp::UMC_OnNextmapSet()
L 05/13/2018 - 18:01:44: [SM]   [3] Call_Finish
L 05/13/2018 - 18:01:44: [SM]   [4] Line 4834, D:\Documents\My Folder\Empires Custom UMC Stuff\SourceMod\Workspace\umc-core.sp::DoMapChange()
L 05/13/2018 - 18:01:44: [SM]   [5] Line 4267, D:\Documents\My Folder\Empires Custom UMC Stuff\SourceMod\Workspace\umc-core.sp::Handle_MapVoteWinner()
L 05/13/2018 - 18:01:44: [SM]   [6] Line 3819, D:\Documents\My Folder\Empires Custom UMC Stuff\SourceMod\Workspace\umc-core.sp::ProcessVoteWinner()
L 05/13/2018 - 18:01:44: [SM]   [7] Line 3795, D:\Documents\My Folder\Empires Custom UMC Stuff\SourceMod\Workspace\umc-core.sp::ProcessVoteResults()
L 05/13/2018 - 18:01:44: [SM]   [8] Line 1277, D:\Documents\My Folder\Empires Custom UMC Stuff\SourceMod\Workspace\umc-core.sp::Native_UMCVoteManagerComplete()
L 05/13/2018 - 18:01:44: [SM]   [10] UMC_VoteManagerVoteCompleted
L 05/13/2018 - 18:01:44: [SM]   [11] Line 2309, D:\Documents\My Folder\Empires Custom UMC Stuff\SourceMod\Workspace\umc-core.sp::Handle_MapVoteResults()
L 05/13/2018 - 18:01:50: Error log file session closed.
L 05/13/2018 - 18:01:52: SourceMod error session started
L 05/13/2018 - 18:01:52: Info (map "emp_havoc_b1_fix") (file "errors_20180513.log")
L 05/13/2018 - 18:01:52: [SM] Exception reported: Invalid hook callback specified for game event "player_disconnect"
L 05/13/2018 - 18:01:52: [SM] Blaming: empstats.smx()
L 05/13/2018 - 18:01:52: [SM] Call stack trace:
L 05/13/2018 - 18:01:52: [SM]   [0] UnhookEvent
L 05/13/2018 - 18:01:52: [SM]   [1] Line 338, dist\addons\sourcemod\scripting\empstats.sp::Deactivate()
L 05/13/2018 - 18:01:52: [SM]   [2] Line 290, dist\addons\sourcemod\scripting\empstats.sp::CheckActivate()
L 05/13/2018 - 18:01:52: [SM]   [3] Line 1608, dist\addons\sourcemod\scripting\empstats.sp::EndMapChange()
L 05/13/2018 - 18:01:55: [SM] Exception reported: Invalid hook callback specified for game event "player_disconnect"
L 05/13/2018 - 18:01:55: [SM] Blaming: empstats.smx()
L 05/13/2018 - 18:01:55: [SM] Call stack trace:
L 05/13/2018 - 18:01:55: [SM]   [0] UnhookEvent
L 05/13/2018 - 18:01:55: [SM]   [1] Line 338, dist\addons\sourcemod\scripting\empstats.sp::Deactivate()
L 05/13/2018 - 18:01:55: [SM]   [2] Line 290, dist\addons\sourcemod\scripting\empstats.sp::CheckActivate()
L 05/13/2018 - 18:01:55: [SM]   [3] Line 680, dist\addons\sourcemod\scripting\empstats.sp::OnClientPostAdminCheck()
L 05/13/2018 - 18:01:55: [SM] Exception reported: Invalid hook callback specified for game event "player_disconnect"
L 05/13/2018 - 18:01:55: [SM] Blaming: empstats.smx()
L 05/13/2018 - 18:01:55: [SM] Call stack trace:
L 05/13/2018 - 18:01:55: [SM]   [0] UnhookEvent
L 05/13/2018 - 18:01:55: [SM]   [1] Line 338, dist\addons\sourcemod\scripting\empstats.sp::Deactivate()
L 05/13/2018 - 18:01:55: [SM]   [2] Line 290, dist\addons\sourcemod\scripting\empstats.sp::CheckActivate()
L 05/13/2018 - 18:01:55: [SM]   [3] Line 680, dist\addons\sourcemod\scripting\empstats.sp::OnClientPostAdminCheck()
L 05/13/2018 - 19:03:15: [SM] Exception reported: Invalid timer handle cc3d0370 (error 1)
L 05/13/2018 - 19:03:15: [SM] Blaming: umc-emp-mapvote.smx()
L 05/13/2018 - 19:03:15: [SM] Call stack trace:
L 05/13/2018 - 19:03:15: [SM]   [0] KillTimer
L 05/13/2018 - 19:03:15: [SM]   [1] Line 686, D:\Documents\My Folder\Empires Custom UMC Stuff\SourceMod\Workspace\umc-emp-mapvote.sp::UMC_OnNextmapSet()
L 05/13/2018 - 19:03:15: [SM]   [3] Call_Finish
L 05/13/2018 - 19:03:15: [SM]   [4] Line 4834, D:\Documents\My Folder\Empires Custom UMC Stuff\SourceMod\Workspace\umc-core.sp::DoMapChange()
L 05/13/2018 - 19:03:15: [SM]   [5] Line 4267, D:\Documents\My Folder\Empires Custom UMC Stuff\SourceMod\Workspace\umc-core.sp::Handle_MapVoteWinner()
L 05/13/2018 - 19:03:15: [SM]   [6] Line 3819, D:\Documents\My Folder\Empires Custom UMC Stuff\SourceMod\Workspace\umc-core.sp::ProcessVoteWinner()
L 05/13/2018 - 19:03:15: [SM]   [7] Line 3795, D:\Documents\My Folder\Empires Custom UMC Stuff\SourceMod\Workspace\umc-core.sp::ProcessVoteResults()
L 05/13/2018 - 19:03:15: [SM]   [8] Line 1277, D:\Documents\My Folder\Empires Custom UMC Stuff\SourceMod\Workspace\umc-core.sp::Native_UMCVoteManagerComplete()
L 05/13/2018 - 19:03:15: [SM]   [10] UMC_VoteManagerVoteCompleted
L 05/13/2018 - 19:03:15: [SM]   [11] Line 2309, D:\Documents\My Folder\Empires Custom UMC Stuff\SourceMod\Workspace\umc-core.sp::Handle_MapVoteResults()
L 05/13/2018 - 19:03:22: Error log file session closed.
L 05/13/2018 - 19:03:25: SourceMod error session started
L 05/13/2018 - 19:03:25: Info (map "emp_crossroads_towerless_hce") (file "errors_20180513.log")
L 05/13/2018 - 19:03:25: [SM] Exception reported: Invalid hook callback specified for game event "player_disconnect"
L 05/13/2018 - 19:03:25: [SM] Blaming: empstats.smx()
L 05/13/2018 - 19:03:25: [SM] Call stack trace:
L 05/13/2018 - 19:03:25: [SM]   [0] UnhookEvent
L 05/13/2018 - 19:03:25: [SM]   [1] Line 338, dist\addons\sourcemod\scripting\empstats.sp::Deactivate()
L 05/13/2018 - 19:03:25: [SM]   [2] Line 290, dist\addons\sourcemod\scripting\empstats.sp::CheckActivate()
L 05/13/2018 - 19:03:25: [SM]   [3] Line 1608, dist\addons\sourcemod\scripting\empstats.sp::EndMapChange()
L 05/13/2018 - 19:03:28: [SM] Exception reported: Invalid hook callback specified for game event "player_disconnect"
L 05/13/2018 - 19:03:28: [SM] Blaming: empstats.smx()
L 05/13/2018 - 19:03:28: [SM] Call stack trace:
L 05/13/2018 - 19:03:28: [SM]   [0] UnhookEvent
L 05/13/2018 - 19:03:28: [SM]   [1] Line 338, dist\addons\sourcemod\scripting\empstats.sp::Deactivate()
L 05/13/2018 - 19:03:28: [SM]   [2] Line 290, dist\addons\sourcemod\scripting\empstats.sp::CheckActivate()
L 05/13/2018 - 19:03:28: [SM]   [3] Line 680, dist\addons\sourcemod\scripting\empstats.sp::OnClientPostAdminCheck()
L 05/13/2018 - 19:03:30: [SM] Exception reported: Invalid hook callback specified for game event "player_disconnect"
L 05/13/2018 - 19:03:30: [SM] Blaming: empstats.smx()
L 05/13/2018 - 19:03:30: [SM] Call stack trace:
L 05/13/2018 - 19:03:30: [SM]   [0] UnhookEvent
L 05/13/2018 - 19:03:30: [SM]   [1] Line 338, dist\addons\sourcemod\scripting\empstats.sp::Deactivate()
L 05/13/2018 - 19:03:30: [SM]   [2] Line 290, dist\addons\sourcemod\scripting\empstats.sp::CheckActivate()
L 05/13/2018 - 19:03:30: [SM]   [3] Line 680, dist\addons\sourcemod\scripting\empstats.sp::OnClientPostAdminCheck()
L 05/13/2018 - 19:23:54: [SM] Exception reported: Invalid timer handle d0dc0403 (error 3)
L 05/13/2018 - 19:23:54: [SM] Blaming: umc-emp-mapvote.smx()
L 05/13/2018 - 19:23:54: [SM] Call stack trace:
L 05/13/2018 - 19:23:54: [SM]   [0] KillTimer
L 05/13/2018 - 19:23:54: [SM]   [1] Line 686, D:\Documents\My Folder\Empires Custom UMC Stuff\SourceMod\Workspace\umc-emp-mapvote.sp::UMC_OnNextmapSet()
L 05/13/2018 - 19:23:54: [SM]   [3] Call_Finish
L 05/13/2018 - 19:23:54: [SM]   [4] Line 4834, D:\Documents\My Folder\Empires Custom UMC Stuff\SourceMod\Workspace\umc-core.sp::DoMapChange()
L 05/13/2018 - 19:23:54: [SM]   [5] Line 4267, D:\Documents\My Folder\Empires Custom UMC Stuff\SourceMod\Workspace\umc-core.sp::Handle_MapVoteWinner()
L 05/13/2018 - 19:23:54: [SM]   [6] Line 3819, D:\Documents\My Folder\Empires Custom UMC Stuff\SourceMod\Workspace\umc-core.sp::ProcessVoteWinner()
L 05/13/2018 - 19:23:54: [SM]   [7] Line 3795, D:\Documents\My Folder\Empires Custom UMC Stuff\SourceMod\Workspace\umc-core.sp::ProcessVoteResults()
L 05/13/2018 - 19:23:54: [SM]   [8] Line 1277, D:\Documents\My Folder\Empires Custom UMC Stuff\SourceMod\Workspace\umc-core.sp::Native_UMCVoteManagerComplete()
L 05/13/2018 - 19:23:54: [SM]   [10] UMC_VoteManagerVoteCompleted
L 05/13/2018 - 19:23:54: [SM]   [11] Line 2309, D:\Documents\My Folder\Empires Custom UMC Stuff\SourceMod\Workspace\umc-core.sp::Handle_MapVoteResults()
L 05/13/2018 - 19:24:00: Error log file session closed.
L 05/13/2018 - 19:24:02: SourceMod error session started
L 05/13/2018 - 19:24:02: Info (map "emp_drygulch_a6") (file "errors_20180513.log")
L 05/13/2018 - 19:24:02: [SM] Exception reported: Invalid hook callback specified for game event "player_disconnect"
L 05/13/2018 - 19:24:02: [SM] Blaming: empstats.smx()
L 05/13/2018 - 19:24:02: [SM] Call stack trace:
L 05/13/2018 - 19:24:02: [SM]   [0] UnhookEvent
L 05/13/2018 - 19:24:02: [SM]   [1] Line 338, dist\addons\sourcemod\scripting\empstats.sp::Deactivate()
L 05/13/2018 - 19:24:02: [SM]   [2] Line 290, dist\addons\sourcemod\scripting\empstats.sp::CheckActivate()
L 05/13/2018 - 19:24:02: [SM]   [3] Line 1608, dist\addons\sourcemod\scripting\empstats.sp::EndMapChange()
L 05/13/2018 - 19:24:03: [SM] Exception reported: Invalid hook callback specified for game event "player_disconnect"
L 05/13/2018 - 19:24:03: [SM] Blaming: empstats.smx()
L 05/13/2018 - 19:24:03: [SM] Call stack trace:
L 05/13/2018 - 19:24:03: [SM]   [0] UnhookEvent
L 05/13/2018 - 19:24:03: [SM]   [1] Line 338, dist\addons\sourcemod\scripting\empstats.sp::Deactivate()
L 05/13/2018 - 19:24:03: [SM]   [2] Line 290, dist\addons\sourcemod\scripting\empstats.sp::CheckActivate()
L 05/13/2018 - 19:24:03: [SM]   [3] Line 680, dist\addons\sourcemod\scripting\empstats.sp::OnClientPostAdminCheck()
L 05/13/2018 - 19:24:03: [SM]   [5] NotifyPostAdminCheck
L 05/13/2018 - 19:24:03: [SM]   [6] Line 2395, sbpp_main.sp::CheckLoadAdmins()
L 05/13/2018 - 19:24:03: [SM]   [7] Line 1761, sbpp_main.sp::AdminsDone()
L 05/13/2018 - 19:24:04: [SM] Exception reported: Invalid hook callback specified for game event "player_disconnect"
L 05/13/2018 - 19:24:04: [SM] Blaming: empstats.smx()
L 05/13/2018 - 19:24:04: [SM] Call stack trace:
L 05/13/2018 - 19:24:04: [SM]   [0] UnhookEvent
L 05/13/2018 - 19:24:04: [SM]   [1] Line 338, dist\addons\sourcemod\scripting\empstats.sp::Deactivate()
L 05/13/2018 - 19:24:04: [SM]   [2] Line 290, dist\addons\sourcemod\scripting\empstats.sp::CheckActivate()
L 05/13/2018 - 19:24:04: [SM]   [3] Line 680, dist\addons\sourcemod\scripting\empstats.sp::OnClientPostAdminCheck()
L 05/13/2018 - 19:24:04: [SM] Exception reported: Invalid hook callback specified for game event "player_disconnect"
L 05/13/2018 - 19:24:04: [SM] Blaming: empstats.smx()
L 05/13/2018 - 19:24:04: [SM] Call stack trace:
L 05/13/2018 - 19:24:04: [SM]   [0] UnhookEvent
L 05/13/2018 - 19:24:04: [SM]   [1] Line 338, dist\addons\sourcemod\scripting\empstats.sp::Deactivate()
L 05/13/2018 - 19:24:04: [SM]   [2] Line 290, dist\addons\sourcemod\scripting\empstats.sp::CheckActivate()
L 05/13/2018 - 19:24:04: [SM]   [3] Line 680, dist\addons\sourcemod\scripting\empstats.sp::OnClientPostAdminCheck()
L 05/13/2018 - 20:38:10: [SM] Exception reported: Invalid timer handle e16b0389 (error 1)
L 05/13/2018 - 20:38:10: [SM] Blaming: umc-emp-mapvote.smx()
L 05/13/2018 - 20:38:10: [SM] Call stack trace:
L 05/13/2018 - 20:38:10: [SM]   [0] KillTimer
L 05/13/2018 - 20:38:10: [SM]   [1] Line 686, D:\Documents\My Folder\Empires Custom UMC Stuff\SourceMod\Workspace\umc-emp-mapvote.sp::UMC_OnNextmapSet()
L 05/13/2018 - 20:38:10: [SM]   [3] Call_Finish
L 05/13/2018 - 20:38:10: [SM]   [4] Line 4834, D:\Documents\My Folder\Empires Custom UMC Stuff\SourceMod\Workspace\umc-core.sp::DoMapChange()
L 05/13/2018 - 20:38:10: [SM]   [5] Line 4267, D:\Documents\My Folder\Empires Custom UMC Stuff\SourceMod\Workspace\umc-core.sp::Handle_MapVoteWinner()
L 05/13/2018 - 20:38:10: [SM]   [6] Line 3819, D:\Documents\My Folder\Empires Custom UMC Stuff\SourceMod\Workspace\umc-core.sp::ProcessVoteWinner()
L 05/13/2018 - 20:38:10: [SM]   [7] Line 3795, D:\Documents\My Folder\Empires Custom UMC Stuff\SourceMod\Workspace\umc-core.sp::ProcessVoteResults()
L 05/13/2018 - 20:38:10: [SM]   [8] Line 1277, D:\Documents\My Folder\Empires Custom UMC Stuff\SourceMod\Workspace\umc-core.sp::Native_UMCVoteManagerComplete()
L 05/13/2018 - 20:38:10: [SM]   [10] UMC_VoteManagerVoteCompleted
L 05/13/2018 - 20:38:10: [SM]   [11] Line 2309, D:\Documents\My Folder\Empires Custom UMC Stuff\SourceMod\Workspace\umc-core.sp::Handle_MapVoteResults()
L 05/13/2018 - 20:38:16: Error log file session closed.
L 05/13/2018 - 20:38:18: SourceMod error session started
L 05/13/2018 - 20:38:18: Info (map "emp_coast") (file "errors_20180513.log")
L 05/13/2018 - 20:38:18: [SM] Exception reported: Invalid hook callback specified for game event "player_disconnect"
L 05/13/2018 - 20:38:18: [SM] Blaming: empstats.smx()
L 05/13/2018 - 20:38:18: [SM] Call stack trace:
L 05/13/2018 - 20:38:18: [SM]   [0] UnhookEvent
L 05/13/2018 - 20:38:18: [SM]   [1] Line 338, dist\addons\sourcemod\scripting\empstats.sp::Deactivate()
L 05/13/2018 - 20:38:18: [SM]   [2] Line 290, dist\addons\sourcemod\scripting\empstats.sp::CheckActivate()
L 05/13/2018 - 20:38:18: [SM]   [3] Line 1608, dist\addons\sourcemod\scripting\empstats.sp::EndMapChange()
L 05/13/2018 - 21:15:20: [SM] Exception reported: Invalid timer handle f3f0039c (error 3)
L 05/13/2018 - 21:15:20: [SM] Blaming: umc-emp-mapvote.smx()
L 05/13/2018 - 21:15:20: [SM] Call stack trace:
L 05/13/2018 - 21:15:20: [SM]   [0] KillTimer
L 05/13/2018 - 21:15:20: [SM]   [1] Line 686, D:\Documents\My Folder\Empires Custom UMC Stuff\SourceMod\Workspace\umc-emp-mapvote.sp::UMC_OnNextmapSet()
L 05/13/2018 - 21:15:20: [SM]   [3] Call_Finish
L 05/13/2018 - 21:15:20: [SM]   [4] Line 4834, D:\Documents\My Folder\Empires Custom UMC Stuff\SourceMod\Workspace\umc-core.sp::DoMapChange()
L 05/13/2018 - 21:15:20: [SM]   [5] Line 4267, D:\Documents\My Folder\Empires Custom UMC Stuff\SourceMod\Workspace\umc-core.sp::Handle_MapVoteWinner()
L 05/13/2018 - 21:15:20: [SM]   [6] Line 3819, D:\Documents\My Folder\Empires Custom UMC Stuff\SourceMod\Workspace\umc-core.sp::ProcessVoteWinner()
L 05/13/2018 - 21:15:20: [SM]   [7] Line 3795, D:\Documents\My Folder\Empires Custom UMC Stuff\SourceMod\Workspace\umc-core.sp::ProcessVoteResults()
L 05/13/2018 - 21:15:20: [SM]   [8] Line 1277, D:\Documents\My Folder\Empires Custom UMC Stuff\SourceMod\Workspace\umc-core.sp::Native_UMCVoteManagerComplete()
L 05/13/2018 - 21:15:20: [SM]   [10] UMC_VoteManagerVoteCompleted
L 05/13/2018 - 21:15:20: [SM]   [11] Line 2309, D:\Documents\My Folder\Empires Custom UMC Stuff\SourceMod\Workspace\umc-core.sp::Handle_MapVoteResults()
L 05/13/2018 - 21:15:26: Error log file session closed.
L 05/13/2018 - 21:15:26: SourceMod error session started
L 05/13/2018 - 21:15:26: Info (map "emp_blah4_fix") (file "errors_20180513.log")
L 05/13/2018 - 21:15:26: [SM] Exception reported: No vote is in progress
L 05/13/2018 - 21:15:26: [SM] Blaming: Surrender.smx()
L 05/13/2018 - 21:15:26: [SM] Call stack trace:
L 05/13/2018 - 21:15:26: [SM]   [0] CancelVote
L 05/13/2018 - 21:15:26: [SM]   [1] Line 1297, /builds/sourcemod/Surrender/build/../addons/sourcemod/scripting/Surrender.sp::Command_SurrenderDisable()
L 05/13/2018 - 21:15:28: [SM] Exception reported: Invalid hook callback specified for game event "player_disconnect"
L 05/13/2018 - 21:15:28: [SM] Blaming: empstats.smx()
L 05/13/2018 - 21:15:28: [SM] Call stack trace:
L 05/13/2018 - 21:15:28: [SM]   [0] UnhookEvent
L 05/13/2018 - 21:15:28: [SM]   [1] Line 338, dist\addons\sourcemod\scripting\empstats.sp::Deactivate()
L 05/13/2018 - 21:15:28: [SM]   [2] Line 290, dist\addons\sourcemod\scripting\empstats.sp::CheckActivate()
L 05/13/2018 - 21:15:28: [SM]   [3] Line 1608, dist\addons\sourcemod\scripting\empstats.sp::EndMapChange()
L 05/13/2018 - 21:17:08: [SM] Exception reported: Heap leak detected: hp:14128 should be 14104!
L 05/13/2018 - 21:56:26: [SM] Exception reported: Invalid timer handle 8720354 (error 1)
L 05/13/2018 - 21:56:26: [SM] Blaming: umc-emp-mapvote.smx()
L 05/13/2018 - 21:56:26: [SM] Call stack trace:
L 05/13/2018 - 21:56:26: [SM]   [0] KillTimer
L 05/13/2018 - 21:56:26: [SM]   [1] Line 686, D:\Documents\My Folder\Empires Custom UMC Stuff\SourceMod\Workspace\umc-emp-mapvote.sp::UMC_OnNextmapSet()
L 05/13/2018 - 21:56:26: [SM]   [3] Call_Finish
L 05/13/2018 - 21:56:26: [SM]   [4] Line 4834, D:\Documents\My Folder\Empires Custom UMC Stuff\SourceMod\Workspace\umc-core.sp::DoMapChange()
L 05/13/2018 - 21:56:26: [SM]   [5] Line 4267, D:\Documents\My Folder\Empires Custom UMC Stuff\SourceMod\Workspace\umc-core.sp::Handle_MapVoteWinner()
L 05/13/2018 - 21:56:26: [SM]   [6] Line 3819, D:\Documents\My Folder\Empires Custom UMC Stuff\SourceMod\Workspace\umc-core.sp::ProcessVoteWinner()
L 05/13/2018 - 21:56:26: [SM]   [7] Line 3795, D:\Documents\My Folder\Empires Custom UMC Stuff\SourceMod\Workspace\umc-core.sp::ProcessVoteResults()
L 05/13/2018 - 21:56:26: [SM]   [8] Line 1277, D:\Documents\My Folder\Empires Custom UMC Stuff\SourceMod\Workspace\umc-core.sp::Native_UMCVoteManagerComplete()
L 05/13/2018 - 21:56:26: [SM]   [10] UMC_VoteManagerVoteCompleted
L 05/13/2018 - 21:56:26: [SM]   [11] Line 2309, D:\Documents\My Folder\Empires Custom UMC Stuff\SourceMod\Workspace\umc-core.sp::Handle_MapVoteResults()
L 05/13/2018 - 21:56:32: Error log file session closed.
L 05/13/2018 - 21:56:34: SourceMod error session started
L 05/13/2018 - 21:56:34: Info (map "emp_isle") (file "errors_20180513.log")
L 05/13/2018 - 21:56:34: [SM] Exception reported: Invalid hook callback specified for game event "player_disconnect"
L 05/13/2018 - 21:56:34: [SM] Blaming: empstats.smx()
L 05/13/2018 - 21:56:34: [SM] Call stack trace:
L 05/13/2018 - 21:56:34: [SM]   [0] UnhookEvent
L 05/13/2018 - 21:56:34: [SM]   [1] Line 338, dist\addons\sourcemod\scripting\empstats.sp::Deactivate()
L 05/13/2018 - 21:56:34: [SM]   [2] Line 290, dist\addons\sourcemod\scripting\empstats.sp::CheckActivate()
L 05/13/2018 - 21:56:34: [SM]   [3] Line 1608, dist\addons\sourcemod\scripting\empstats.sp::EndMapChange()
L 05/13/2018 - 21:58:14: [SM] Exception reported: Heap leak detected: hp:14152 should be 14128!
L 05/13/2018 - 22:22:41: [SM] Exception reported: Invalid timer handle 19e90328 (error 1)
L 05/13/2018 - 22:22:41: [SM] Blaming: umc-emp-mapvote.smx()
L 05/13/2018 - 22:22:41: [SM] Call stack trace:
L 05/13/2018 - 22:22:41: [SM]   [0] KillTimer
L 05/13/2018 - 22:22:41: [SM]   [1] Line 686, D:\Documents\My Folder\Empires Custom UMC Stuff\SourceMod\Workspace\umc-emp-mapvote.sp::UMC_OnNextmapSet()
L 05/13/2018 - 22:22:41: [SM]   [3] Call_Finish
L 05/13/2018 - 22:22:41: [SM]   [4] Line 4834, D:\Documents\My Folder\Empires Custom UMC Stuff\SourceMod\Workspace\umc-core.sp::DoMapChange()
L 05/13/2018 - 22:22:41: [SM]   [5] Line 4267, D:\Documents\My Folder\Empires Custom UMC Stuff\SourceMod\Workspace\umc-core.sp::Handle_MapVoteWinner()
L 05/13/2018 - 22:22:41: [SM]   [6] Line 3819, D:\Documents\My Folder\Empires Custom UMC Stuff\SourceMod\Workspace\umc-core.sp::ProcessVoteWinner()
L 05/13/2018 - 22:22:41: [SM]   [7] Line 3795, D:\Documents\My Folder\Empires Custom UMC Stuff\SourceMod\Workspace\umc-core.sp::ProcessVoteResults()
L 05/13/2018 - 22:22:41: [SM]   [8] Line 1277, D:\Documents\My Folder\Empires Custom UMC Stuff\SourceMod\Workspace\umc-core.sp::Native_UMCVoteManagerComplete()
L 05/13/2018 - 22:22:41: [SM]   [10] UMC_VoteManagerVoteCompleted
L 05/13/2018 - 22:22:41: [SM]   [11] Line 2309, D:\Documents\My Folder\Empires Custom UMC Stuff\SourceMod\Workspace\umc-core.sp::Handle_MapVoteResults()
L 05/13/2018 - 22:22:47: Error log file session closed.
L 05/13/2018 - 22:22:49: SourceMod error session started
L 05/13/2018 - 22:22:49: Info (map "emp_flat_hce") (file "errors_20180513.log")
L 05/13/2018 - 22:22:49: [SM] Exception reported: Invalid hook callback specified for game event "player_disconnect"
L 05/13/2018 - 22:22:49: [SM] Blaming: empstats.smx()
L 05/13/2018 - 22:22:49: [SM] Call stack trace:
L 05/13/2018 - 22:22:49: [SM]   [0] UnhookEvent
L 05/13/2018 - 22:22:49: [SM]   [1] Line 338, dist\addons\sourcemod\scripting\empstats.sp::Deactivate()
L 05/13/2018 - 22:22:49: [SM]   [2] Line 290, dist\addons\sourcemod\scripting\empstats.sp::CheckActivate()
L 05/13/2018 - 22:22:49: [SM]   [3] Line 1608, dist\addons\sourcemod\scripting\empstats.sp::EndMapChange()
L 05/13/2018 - 22:24:29: [SM] Exception reported: Heap leak detected: hp:14176 should be 14152!
L 05/13/2018 - 22:36:43: [SM] Exception reported: Invalid timer handle 26db0378 (error 3)
L 05/13/2018 - 22:36:43: [SM] Blaming: umc-emp-mapvote.smx()
L 05/13/2018 - 22:36:43: [SM] Call stack trace:
L 05/13/2018 - 22:36:43: [SM]   [0] KillTimer
L 05/13/2018 - 22:36:43: [SM]   [1] Line 686, D:\Documents\My Folder\Empires Custom UMC Stuff\SourceMod\Workspace\umc-emp-mapvote.sp::UMC_OnNextmapSet()
L 05/13/2018 - 22:36:43: [SM]   [3] Call_Finish
L 05/13/2018 - 22:36:43: [SM]   [4] Line 4834, D:\Documents\My Folder\Empires Custom UMC Stuff\SourceMod\Workspace\umc-core.sp::DoMapChange()
L 05/13/2018 - 22:36:43: [SM]   [5] Line 4267, D:\Documents\My Folder\Empires Custom UMC Stuff\SourceMod\Workspace\umc-core.sp::Handle_MapVoteWinner()
L 05/13/2018 - 22:36:43: [SM]   [6] Line 3819, D:\Documents\My Folder\Empires Custom UMC Stuff\SourceMod\Workspace\umc-core.sp::ProcessVoteWinner()
L 05/13/2018 - 22:36:43: [SM]   [7] Line 3795, D:\Documents\My Folder\Empires Custom UMC Stuff\SourceMod\Workspace\umc-core.sp::ProcessVoteResults()
L 05/13/2018 - 22:36:43: [SM]   [8] Line 1277, D:\Documents\My Folder\Empires Custom UMC Stuff\SourceMod\Workspace\umc-core.sp::Native_UMCVoteManagerComplete()
L 05/13/2018 - 22:36:43: [SM]   [10] UMC_VoteManagerVoteCompleted
L 05/13/2018 - 22:36:43: [SM]   [11] Line 2309, D:\Documents\My Folder\Empires Custom UMC Stuff\SourceMod\Workspace\umc-core.sp::Handle_MapVoteResults()
L 05/13/2018 - 22:36:48: Error log file session closed.
L 05/13/2018 - 22:36:50: SourceMod error session started
L 05/13/2018 - 22:36:50: Info (map "emp_research_1_2_2013") (file "errors_20180513.log")
L 05/13/2018 - 22:36:50: [SM] Exception reported: Invalid hook callback specified for game event "player_disconnect"
L 05/13/2018 - 22:36:50: [SM] Blaming: empstats.smx()
L 05/13/2018 - 22:36:50: [SM] Call stack trace:
L 05/13/2018 - 22:36:50: [SM]   [0] UnhookEvent
L 05/13/2018 - 22:36:50: [SM]   [1] Line 338, dist\addons\sourcemod\scripting\empstats.sp::Deactivate()
L 05/13/2018 - 22:36:50: [SM]   [2] Line 290, dist\addons\sourcemod\scripting\empstats.sp::CheckActivate()
L 05/13/2018 - 22:36:50: [SM]   [3] Line 1608, dist\addons\sourcemod\scripting\empstats.sp::EndMapChange()
L 05/13/2018 - 22:38:30: [SM] Exception reported: Heap leak detected: hp:14200 should be 14176!
L 05/13/2018 - 23:25:59: [SM] Exception reported: Invalid timer handle 3f1f03c9 (error 3)
L 05/13/2018 - 23:25:59: [SM] Blaming: umc-emp-mapvote.smx()
L 05/13/2018 - 23:25:59: [SM] Call stack trace:
L 05/13/2018 - 23:25:59: [SM]   [0] KillTimer
L 05/13/2018 - 23:25:59: [SM]   [1] Line 686, D:\Documents\My Folder\Empires Custom UMC Stuff\SourceMod\Workspace\umc-emp-mapvote.sp::UMC_OnNextmapSet()
L 05/13/2018 - 23:25:59: [SM]   [3] Call_Finish
L 05/13/2018 - 23:25:59: [SM]   [4] Line 4834, D:\Documents\My Folder\Empires Custom UMC Stuff\SourceMod\Workspace\umc-core.sp::DoMapChange()
L 05/13/2018 - 23:25:59: [SM]   [5] Line 4267, D:\Documents\My Folder\Empires Custom UMC Stuff\SourceMod\Workspace\umc-core.sp::Handle_MapVoteWinner()
L 05/13/2018 - 23:25:59: [SM]   [6] Line 3819, D:\Documents\My Folder\Empires Custom UMC Stuff\SourceMod\Workspace\umc-core.sp::ProcessVoteWinner()
L 05/13/2018 - 23:25:59: [SM]   [7] Line 3765, D:\Documents\My Folder\Empires Custom UMC Stuff\SourceMod\Workspace\umc-core.sp::ProcessVoteResults()
L 05/13/2018 - 23:25:59: [SM]   [8] Line 1277, D:\Documents\My Folder\Empires Custom UMC Stuff\SourceMod\Workspace\umc-core.sp::Native_UMCVoteManagerComplete()
L 05/13/2018 - 23:25:59: [SM]   [10] UMC_VoteManagerVoteCompleted
L 05/13/2018 - 23:25:59: [SM]   [11] Line 2309, D:\Documents\My Folder\Empires Custom UMC Stuff\SourceMod\Workspace\umc-core.sp::Handle_MapVoteResults()
L 05/13/2018 - 23:26:04: Error log file session closed.
L 05/13/2018 - 23:26:07: SourceMod error session started
L 05/13/2018 - 23:26:07: Info (map "emp_canyon") (file "errors_20180513.log")
L 05/13/2018 - 23:26:07: [SM] Exception reported: Invalid hook callback specified for game event "player_disconnect"
L 05/13/2018 - 23:26:07: [SM] Blaming: empstats.smx()
L 05/13/2018 - 23:26:07: [SM] Call stack trace:
L 05/13/2018 - 23:26:07: [SM]   [0] UnhookEvent
L 05/13/2018 - 23:26:07: [SM]   [1] Line 338, dist\addons\sourcemod\scripting\empstats.sp::Deactivate()
L 05/13/2018 - 23:26:07: [SM]   [2] Line 290, dist\addons\sourcemod\scripting\empstats.sp::CheckActivate()
L 05/13/2018 - 23:26:07: [SM]   [3] Line 1608, dist\addons\sourcemod\scripting\empstats.sp::EndMapChange()
L 05/13/2018 - 23:27:47: [SM] Exception reported: Heap leak detected: hp:14216 should be 14200!
