L 09/08/2018 - 18:59:39: SourceMod error session started
L 09/08/2018 - 18:59:39: Info (map "emp_crossroads_towerless_hce") (file "errors_20180908.log")
L 09/08/2018 - 18:59:39: [SM] Exception reported: Invalid timer handle 7e60014b (error 1)
L 09/08/2018 - 18:59:39: [SM] Blaming: umc-emp-mapvote.smx()
L 09/08/2018 - 18:59:39: [SM] Call stack trace:
L 09/08/2018 - 18:59:39: [SM]   [0] KillTimer
L 09/08/2018 - 18:59:39: [SM]   [1] Line 686, D:\Documents\My Folder\Empires Custom UMC Stuff\SourceMod\Workspace\umc-emp-mapvote.sp::UMC_OnNextmapSet()
L 09/08/2018 - 18:59:39: [SM]   [3] Call_Finish
L 09/08/2018 - 18:59:39: [SM]   [4] Line 4834, D:\Documents\My Folder\Empires Custom UMC Stuff\SourceMod\Workspace\umc-core.sp::DoMapChange()
L 09/08/2018 - 18:59:39: [SM]   [5] Line 4267, D:\Documents\My Folder\Empires Custom UMC Stuff\SourceMod\Workspace\umc-core.sp::Handle_MapVoteWinner()
L 09/08/2018 - 18:59:39: [SM]   [6] Line 3819, D:\Documents\My Folder\Empires Custom UMC Stuff\SourceMod\Workspace\umc-core.sp::ProcessVoteWinner()
L 09/08/2018 - 18:59:39: [SM]   [7] Line 3795, D:\Documents\My Folder\Empires Custom UMC Stuff\SourceMod\Workspace\umc-core.sp::ProcessVoteResults()
L 09/08/2018 - 18:59:39: [SM]   [8] Line 1277, D:\Documents\My Folder\Empires Custom UMC Stuff\SourceMod\Workspace\umc-core.sp::Native_UMCVoteManagerComplete()
L 09/08/2018 - 18:59:39: [SM]   [10] UMC_VoteManagerVoteCompleted
L 09/08/2018 - 18:59:39: [SM]   [11] Line 2309, D:\Documents\My Folder\Empires Custom UMC Stuff\SourceMod\Workspace\umc-core.sp::Handle_MapVoteResults()
L 09/08/2018 - 18:59:44: Error log file session closed.
L 09/08/2018 - 19:53:08: SourceMod error session started
L 09/08/2018 - 19:53:08: Info (map "emp_downfall_hce") (file "errors_20180908.log")
L 09/08/2018 - 19:53:08: [SM] Exception reported: Invalid timer handle 87110386 (error 1)
L 09/08/2018 - 19:53:08: [SM] Blaming: umc-emp-mapvote.smx()
L 09/08/2018 - 19:53:08: [SM] Call stack trace:
L 09/08/2018 - 19:53:08: [SM]   [0] KillTimer
L 09/08/2018 - 19:53:08: [SM]   [1] Line 686, D:\Documents\My Folder\Empires Custom UMC Stuff\SourceMod\Workspace\umc-emp-mapvote.sp::UMC_OnNextmapSet()
L 09/08/2018 - 19:53:08: [SM]   [3] Call_Finish
L 09/08/2018 - 19:53:08: [SM]   [4] Line 4834, D:\Documents\My Folder\Empires Custom UMC Stuff\SourceMod\Workspace\umc-core.sp::DoMapChange()
L 09/08/2018 - 19:53:08: [SM]   [5] Line 4267, D:\Documents\My Folder\Empires Custom UMC Stuff\SourceMod\Workspace\umc-core.sp::Handle_MapVoteWinner()
L 09/08/2018 - 19:53:08: [SM]   [6] Line 3819, D:\Documents\My Folder\Empires Custom UMC Stuff\SourceMod\Workspace\umc-core.sp::ProcessVoteWinner()
L 09/08/2018 - 19:53:08: [SM]   [7] Line 3795, D:\Documents\My Folder\Empires Custom UMC Stuff\SourceMod\Workspace\umc-core.sp::ProcessVoteResults()
L 09/08/2018 - 19:53:08: [SM]   [8] Line 1277, D:\Documents\My Folder\Empires Custom UMC Stuff\SourceMod\Workspace\umc-core.sp::Native_UMCVoteManagerComplete()
L 09/08/2018 - 19:53:08: [SM]   [10] UMC_VoteManagerVoteCompleted
L 09/08/2018 - 19:53:08: [SM]   [11] Line 2309, D:\Documents\My Folder\Empires Custom UMC Stuff\SourceMod\Workspace\umc-core.sp::Handle_MapVoteResults()
L 09/08/2018 - 19:53:14: Error log file session closed.
L 09/08/2018 - 20:05:22: SourceMod error session started
L 09/08/2018 - 20:05:22: Info (map "con_district402") (file "errors_20180908.log")
L 09/08/2018 - 20:05:22: [SM] Exception reported: Invalid timer handle 88fa02ae (error 1)
L 09/08/2018 - 20:05:22: [SM] Blaming: umc-emp-mapvote.smx()
L 09/08/2018 - 20:05:22: [SM] Call stack trace:
L 09/08/2018 - 20:05:22: [SM]   [0] KillTimer
L 09/08/2018 - 20:05:22: [SM]   [1] Line 686, D:\Documents\My Folder\Empires Custom UMC Stuff\SourceMod\Workspace\umc-emp-mapvote.sp::UMC_OnNextmapSet()
L 09/08/2018 - 20:05:22: [SM]   [3] Call_Finish
L 09/08/2018 - 20:05:22: [SM]   [4] Line 4834, D:\Documents\My Folder\Empires Custom UMC Stuff\SourceMod\Workspace\umc-core.sp::DoMapChange()
L 09/08/2018 - 20:05:22: [SM]   [5] Line 4267, D:\Documents\My Folder\Empires Custom UMC Stuff\SourceMod\Workspace\umc-core.sp::Handle_MapVoteWinner()
L 09/08/2018 - 20:05:22: [SM]   [6] Line 3819, D:\Documents\My Folder\Empires Custom UMC Stuff\SourceMod\Workspace\umc-core.sp::ProcessVoteWinner()
L 09/08/2018 - 20:05:22: [SM]   [7] Line 3795, D:\Documents\My Folder\Empires Custom UMC Stuff\SourceMod\Workspace\umc-core.sp::ProcessVoteResults()
L 09/08/2018 - 20:05:22: [SM]   [8] Line 1277, D:\Documents\My Folder\Empires Custom UMC Stuff\SourceMod\Workspace\umc-core.sp::Native_UMCVoteManagerComplete()
L 09/08/2018 - 20:05:22: [SM]   [10] UMC_VoteManagerVoteCompleted
L 09/08/2018 - 20:05:22: [SM]   [11] Line 2309, D:\Documents\My Folder\Empires Custom UMC Stuff\SourceMod\Workspace\umc-core.sp::Handle_MapVoteResults()
L 09/08/2018 - 20:05:27: Error log file session closed.
L 09/08/2018 - 20:23:09: SourceMod error session started
L 09/08/2018 - 20:23:09: Info (map "con_blast_ob2") (file "errors_20180908.log")
L 09/08/2018 - 20:23:09: [SM] Exception reported: Invalid timer handle 8c39038e (error 1)
L 09/08/2018 - 20:23:09: [SM] Blaming: umc-emp-mapvote.smx()
L 09/08/2018 - 20:23:09: [SM] Call stack trace:
L 09/08/2018 - 20:23:09: [SM]   [0] KillTimer
L 09/08/2018 - 20:23:09: [SM]   [1] Line 686, D:\Documents\My Folder\Empires Custom UMC Stuff\SourceMod\Workspace\umc-emp-mapvote.sp::UMC_OnNextmapSet()
L 09/08/2018 - 20:23:09: [SM]   [3] Call_Finish
L 09/08/2018 - 20:23:09: [SM]   [4] Line 4834, D:\Documents\My Folder\Empires Custom UMC Stuff\SourceMod\Workspace\umc-core.sp::DoMapChange()
L 09/08/2018 - 20:23:09: [SM]   [5] Line 4267, D:\Documents\My Folder\Empires Custom UMC Stuff\SourceMod\Workspace\umc-core.sp::Handle_MapVoteWinner()
L 09/08/2018 - 20:23:09: [SM]   [6] Line 3819, D:\Documents\My Folder\Empires Custom UMC Stuff\SourceMod\Workspace\umc-core.sp::ProcessVoteWinner()
L 09/08/2018 - 20:23:09: [SM]   [7] Line 3795, D:\Documents\My Folder\Empires Custom UMC Stuff\SourceMod\Workspace\umc-core.sp::ProcessVoteResults()
L 09/08/2018 - 20:23:09: [SM]   [8] Line 1277, D:\Documents\My Folder\Empires Custom UMC Stuff\SourceMod\Workspace\umc-core.sp::Native_UMCVoteManagerComplete()
L 09/08/2018 - 20:23:09: [SM]   [10] UMC_VoteManagerVoteCompleted
L 09/08/2018 - 20:23:09: [SM]   [11] Line 2309, D:\Documents\My Folder\Empires Custom UMC Stuff\SourceMod\Workspace\umc-core.sp::Handle_MapVoteResults()
L 09/08/2018 - 20:23:14: Error log file session closed.
L 09/08/2018 - 21:03:21: SourceMod error session started
L 09/08/2018 - 21:03:21: Info (map "emp_nuclear_b8u_xfix") (file "errors_20180908.log")
L 09/08/2018 - 21:03:21: [SM] Exception reported: Invalid timer handle 9c5f0379 (error 1)
L 09/08/2018 - 21:03:21: [SM] Blaming: umc-emp-mapvote.smx()
L 09/08/2018 - 21:03:21: [SM] Call stack trace:
L 09/08/2018 - 21:03:21: [SM]   [0] KillTimer
L 09/08/2018 - 21:03:21: [SM]   [1] Line 686, D:\Documents\My Folder\Empires Custom UMC Stuff\SourceMod\Workspace\umc-emp-mapvote.sp::UMC_OnNextmapSet()
L 09/08/2018 - 21:03:21: [SM]   [3] Call_Finish
L 09/08/2018 - 21:03:21: [SM]   [4] Line 4834, D:\Documents\My Folder\Empires Custom UMC Stuff\SourceMod\Workspace\umc-core.sp::DoMapChange()
L 09/08/2018 - 21:03:21: [SM]   [5] Line 4267, D:\Documents\My Folder\Empires Custom UMC Stuff\SourceMod\Workspace\umc-core.sp::Handle_MapVoteWinner()
L 09/08/2018 - 21:03:21: [SM]   [6] Line 3819, D:\Documents\My Folder\Empires Custom UMC Stuff\SourceMod\Workspace\umc-core.sp::ProcessVoteWinner()
L 09/08/2018 - 21:03:21: [SM]   [7] Line 3795, D:\Documents\My Folder\Empires Custom UMC Stuff\SourceMod\Workspace\umc-core.sp::ProcessVoteResults()
L 09/08/2018 - 21:03:21: [SM]   [8] Line 1277, D:\Documents\My Folder\Empires Custom UMC Stuff\SourceMod\Workspace\umc-core.sp::Native_UMCVoteManagerComplete()
L 09/08/2018 - 21:03:21: [SM]   [10] UMC_VoteManagerVoteCompleted
L 09/08/2018 - 21:03:21: [SM]   [11] Line 2309, D:\Documents\My Folder\Empires Custom UMC Stuff\SourceMod\Workspace\umc-core.sp::Handle_MapVoteResults()
L 09/08/2018 - 21:03:26: Error log file session closed.
L 09/08/2018 - 21:03:26: SourceMod error session started
L 09/08/2018 - 21:03:26: Info (map "emp_flat_hce") (file "errors_20180908.log")
L 09/08/2018 - 21:03:26: [SM] Exception reported: No vote is in progress
L 09/08/2018 - 21:03:26: [SM] Blaming: Surrender.smx()
L 09/08/2018 - 21:03:26: [SM] Call stack trace:
L 09/08/2018 - 21:03:26: [SM]   [0] CancelVote
L 09/08/2018 - 21:03:26: [SM]   [1] Line 1297, /builds/sourcemod/Surrender/build/../addons/sourcemod/scripting/Surrender.sp::Command_SurrenderDisable()
L 09/08/2018 - 21:21:48: [SM] Exception reported: Invalid timer handle ad15038f (error 3)
L 09/08/2018 - 21:21:48: [SM] Blaming: umc-emp-mapvote.smx()
L 09/08/2018 - 21:21:48: [SM] Call stack trace:
L 09/08/2018 - 21:21:48: [SM]   [0] KillTimer
L 09/08/2018 - 21:21:48: [SM]   [1] Line 686, D:\Documents\My Folder\Empires Custom UMC Stuff\SourceMod\Workspace\umc-emp-mapvote.sp::UMC_OnNextmapSet()
L 09/08/2018 - 21:21:48: [SM]   [3] Call_Finish
L 09/08/2018 - 21:21:48: [SM]   [4] Line 4834, D:\Documents\My Folder\Empires Custom UMC Stuff\SourceMod\Workspace\umc-core.sp::DoMapChange()
L 09/08/2018 - 21:21:48: [SM]   [5] Line 4267, D:\Documents\My Folder\Empires Custom UMC Stuff\SourceMod\Workspace\umc-core.sp::Handle_MapVoteWinner()
L 09/08/2018 - 21:21:48: [SM]   [6] Line 3819, D:\Documents\My Folder\Empires Custom UMC Stuff\SourceMod\Workspace\umc-core.sp::ProcessVoteWinner()
L 09/08/2018 - 21:21:48: [SM]   [7] Line 3795, D:\Documents\My Folder\Empires Custom UMC Stuff\SourceMod\Workspace\umc-core.sp::ProcessVoteResults()
L 09/08/2018 - 21:21:48: [SM]   [8] Line 1277, D:\Documents\My Folder\Empires Custom UMC Stuff\SourceMod\Workspace\umc-core.sp::Native_UMCVoteManagerComplete()
L 09/08/2018 - 21:21:48: [SM]   [10] UMC_VoteManagerVoteCompleted
L 09/08/2018 - 21:21:48: [SM]   [11] Line 2309, D:\Documents\My Folder\Empires Custom UMC Stuff\SourceMod\Workspace\umc-core.sp::Handle_MapVoteResults()
L 09/08/2018 - 21:21:54: Error log file session closed.
L 09/08/2018 - 22:15:04: SourceMod error session started
L 09/08/2018 - 22:15:04: Info (map "con_district402") (file "errors_20180908.log")
L 09/08/2018 - 22:15:04: [SDKTOOLS] Invalid detour address passed - Disabling detour to prevent crashes
L 09/08/2018 - 22:15:04: [SDKTOOLS] Failed to find PlayerRunCmd offset - OnPlayerRunCmd forward disabled.
L 09/08/2018 - 22:23:38: [SM] Exception reported: Invalid timer handle 13910361 (error 3)
L 09/08/2018 - 22:23:38: [SM] Blaming: umc-emp-mapvote.smx()
L 09/08/2018 - 22:23:38: [SM] Call stack trace:
L 09/08/2018 - 22:23:38: [SM]   [0] KillTimer
L 09/08/2018 - 22:23:38: [SM]   [1] Line 686, D:\Documents\My Folder\Empires Custom UMC Stuff\SourceMod\Workspace\umc-emp-mapvote.sp::UMC_OnNextmapSet()
L 09/08/2018 - 22:23:38: [SM]   [3] Call_Finish
L 09/08/2018 - 22:23:38: [SM]   [4] Line 4834, D:\Documents\My Folder\Empires Custom UMC Stuff\SourceMod\Workspace\umc-core.sp::DoMapChange()
L 09/08/2018 - 22:23:38: [SM]   [5] Line 4267, D:\Documents\My Folder\Empires Custom UMC Stuff\SourceMod\Workspace\umc-core.sp::Handle_MapVoteWinner()
L 09/08/2018 - 22:23:38: [SM]   [6] Line 3819, D:\Documents\My Folder\Empires Custom UMC Stuff\SourceMod\Workspace\umc-core.sp::ProcessVoteWinner()
L 09/08/2018 - 22:23:38: [SM]   [7] Line 3795, D:\Documents\My Folder\Empires Custom UMC Stuff\SourceMod\Workspace\umc-core.sp::ProcessVoteResults()
L 09/08/2018 - 22:23:38: [SM]   [8] Line 1277, D:\Documents\My Folder\Empires Custom UMC Stuff\SourceMod\Workspace\umc-core.sp::Native_UMCVoteManagerComplete()
L 09/08/2018 - 22:23:38: [SM]   [10] UMC_VoteManagerVoteCompleted
L 09/08/2018 - 22:23:38: [SM]   [11] Line 2309, D:\Documents\My Folder\Empires Custom UMC Stuff\SourceMod\Workspace\umc-core.sp::Handle_MapVoteResults()
L 09/08/2018 - 22:23:44: Error log file session closed.
L 09/08/2018 - 22:47:09: SourceMod error session started
L 09/08/2018 - 22:47:09: Info (map "emp_raiders_b1") (file "errors_20180908.log")
L 09/08/2018 - 22:47:09: [SM] Exception reported: Invalid timer handle 2bda0405 (error 1)
L 09/08/2018 - 22:47:09: [SM] Blaming: umc-emp-mapvote.smx()
L 09/08/2018 - 22:47:09: [SM] Call stack trace:
L 09/08/2018 - 22:47:09: [SM]   [0] KillTimer
L 09/08/2018 - 22:47:09: [SM]   [1] Line 686, D:\Documents\My Folder\Empires Custom UMC Stuff\SourceMod\Workspace\umc-emp-mapvote.sp::UMC_OnNextmapSet()
L 09/08/2018 - 22:47:09: [SM]   [3] Call_Finish
L 09/08/2018 - 22:47:09: [SM]   [4] Line 4834, D:\Documents\My Folder\Empires Custom UMC Stuff\SourceMod\Workspace\umc-core.sp::DoMapChange()
L 09/08/2018 - 22:47:09: [SM]   [5] Line 4267, D:\Documents\My Folder\Empires Custom UMC Stuff\SourceMod\Workspace\umc-core.sp::Handle_MapVoteWinner()
L 09/08/2018 - 22:47:09: [SM]   [6] Line 3819, D:\Documents\My Folder\Empires Custom UMC Stuff\SourceMod\Workspace\umc-core.sp::ProcessVoteWinner()
L 09/08/2018 - 22:47:09: [SM]   [7] Line 3795, D:\Documents\My Folder\Empires Custom UMC Stuff\SourceMod\Workspace\umc-core.sp::ProcessVoteResults()
L 09/08/2018 - 22:47:09: [SM]   [8] Line 1277, D:\Documents\My Folder\Empires Custom UMC Stuff\SourceMod\Workspace\umc-core.sp::Native_UMCVoteManagerComplete()
L 09/08/2018 - 22:47:09: [SM]   [10] UMC_VoteManagerVoteCompleted
L 09/08/2018 - 22:47:09: [SM]   [11] Line 2309, D:\Documents\My Folder\Empires Custom UMC Stuff\SourceMod\Workspace\umc-core.sp::Handle_MapVoteResults()
L 09/08/2018 - 22:47:15: Error log file session closed.
L 09/08/2018 - 22:47:15: SourceMod error session started
L 09/08/2018 - 22:47:15: Info (map "emp_tropicvendetta_rc4") (file "errors_20180908.log")
L 09/08/2018 - 22:47:15: [SM] Exception reported: No vote is in progress
L 09/08/2018 - 22:47:15: [SM] Blaming: Surrender.smx()
L 09/08/2018 - 22:47:15: [SM] Call stack trace:
L 09/08/2018 - 22:47:15: [SM]   [0] CancelVote
L 09/08/2018 - 22:47:15: [SM]   [1] Line 1297, /builds/sourcemod/Surrender/build/../addons/sourcemod/scripting/Surrender.sp::Command_SurrenderDisable()
L 09/08/2018 - 23:08:08: [SM] Exception reported: Invalid timer handle 40c003f9 (error 3)
L 09/08/2018 - 23:08:08: [SM] Blaming: umc-emp-mapvote.smx()
L 09/08/2018 - 23:08:08: [SM] Call stack trace:
L 09/08/2018 - 23:08:08: [SM]   [0] KillTimer
L 09/08/2018 - 23:08:08: [SM]   [1] Line 686, D:\Documents\My Folder\Empires Custom UMC Stuff\SourceMod\Workspace\umc-emp-mapvote.sp::UMC_OnNextmapSet()
L 09/08/2018 - 23:08:08: [SM]   [3] Call_Finish
L 09/08/2018 - 23:08:08: [SM]   [4] Line 4834, D:\Documents\My Folder\Empires Custom UMC Stuff\SourceMod\Workspace\umc-core.sp::DoMapChange()
L 09/08/2018 - 23:08:08: [SM]   [5] Line 4267, D:\Documents\My Folder\Empires Custom UMC Stuff\SourceMod\Workspace\umc-core.sp::Handle_MapVoteWinner()
L 09/08/2018 - 23:08:08: [SM]   [6] Line 3819, D:\Documents\My Folder\Empires Custom UMC Stuff\SourceMod\Workspace\umc-core.sp::ProcessVoteWinner()
L 09/08/2018 - 23:08:08: [SM]   [7] Line 3795, D:\Documents\My Folder\Empires Custom UMC Stuff\SourceMod\Workspace\umc-core.sp::ProcessVoteResults()
L 09/08/2018 - 23:08:08: [SM]   [8] Line 1277, D:\Documents\My Folder\Empires Custom UMC Stuff\SourceMod\Workspace\umc-core.sp::Native_UMCVoteManagerComplete()
L 09/08/2018 - 23:08:08: [SM]   [10] UMC_VoteManagerVoteCompleted
L 09/08/2018 - 23:08:08: [SM]   [11] Line 2309, D:\Documents\My Folder\Empires Custom UMC Stuff\SourceMod\Workspace\umc-core.sp::Handle_MapVoteResults()
L 09/08/2018 - 23:08:13: Error log file session closed.
L 09/08/2018 - 23:42:01: SourceMod error session started
L 09/08/2018 - 23:42:01: Info (map "emp_ward_rc2") (file "errors_20180908.log")
L 09/08/2018 - 23:42:01: [SM] Exception reported: Invalid timer handle 5f7d0314 (error 3)
L 09/08/2018 - 23:42:01: [SM] Blaming: umc-emp-mapvote.smx()
L 09/08/2018 - 23:42:01: [SM] Call stack trace:
L 09/08/2018 - 23:42:01: [SM]   [0] KillTimer
L 09/08/2018 - 23:42:01: [SM]   [1] Line 686, D:\Documents\My Folder\Empires Custom UMC Stuff\SourceMod\Workspace\umc-emp-mapvote.sp::UMC_OnNextmapSet()
L 09/08/2018 - 23:42:01: [SM]   [3] Call_Finish
L 09/08/2018 - 23:42:01: [SM]   [4] Line 4834, D:\Documents\My Folder\Empires Custom UMC Stuff\SourceMod\Workspace\umc-core.sp::DoMapChange()
L 09/08/2018 - 23:42:01: [SM]   [5] Line 4267, D:\Documents\My Folder\Empires Custom UMC Stuff\SourceMod\Workspace\umc-core.sp::Handle_MapVoteWinner()
L 09/08/2018 - 23:42:01: [SM]   [6] Line 3819, D:\Documents\My Folder\Empires Custom UMC Stuff\SourceMod\Workspace\umc-core.sp::ProcessVoteWinner()
L 09/08/2018 - 23:42:01: [SM]   [7] Line 3795, D:\Documents\My Folder\Empires Custom UMC Stuff\SourceMod\Workspace\umc-core.sp::ProcessVoteResults()
L 09/08/2018 - 23:42:01: [SM]   [8] Line 1277, D:\Documents\My Folder\Empires Custom UMC Stuff\SourceMod\Workspace\umc-core.sp::Native_UMCVoteManagerComplete()
L 09/08/2018 - 23:42:01: [SM]   [10] UMC_VoteManagerVoteCompleted
L 09/08/2018 - 23:42:01: [SM]   [11] Line 2309, D:\Documents\My Folder\Empires Custom UMC Stuff\SourceMod\Workspace\umc-core.sp::Handle_MapVoteResults()
L 09/08/2018 - 23:42:07: Error log file session closed.
