L 09/19/2018 - 01:42:23: SourceMod error session started
L 09/19/2018 - 01:42:23: Info (map "con_district402") (file "errors_20180919.log")
L 09/19/2018 - 01:42:23: [SDKTOOLS] Invalid detour address passed - Disabling detour to prevent crashes
L 09/19/2018 - 01:42:23: [SDKTOOLS] Failed to find PlayerRunCmd offset - OnPlayerRunCmd forward disabled.
L 09/19/2018 - 02:38:42: [SM] Exception reported: Invalid timer handle 5aa0156 (error 3)
L 09/19/2018 - 02:38:42: [SM] Blaming: umc-emp-mapvote.smx()
L 09/19/2018 - 02:38:42: [SM] Call stack trace:
L 09/19/2018 - 02:38:42: [SM]   [0] KillTimer
L 09/19/2018 - 02:38:42: [SM]   [1] Line 686, D:\Documents\My Folder\Empires Custom UMC Stuff\SourceMod\Workspace\umc-emp-mapvote.sp::UMC_OnNextmapSet()
L 09/19/2018 - 02:38:42: [SM]   [3] Call_Finish
L 09/19/2018 - 02:38:42: [SM]   [4] Line 4834, D:\Documents\My Folder\Empires Custom UMC Stuff\SourceMod\Workspace\umc-core.sp::DoMapChange()
L 09/19/2018 - 02:38:42: [SM]   [5] Line 1767, D:\Documents\My Folder\Empires Custom UMC Stuff\SourceMod\Workspace\umc-core.sp::Native_UMCSetNextMap()
L 09/19/2018 - 02:38:42: [SM]   [7] UMC_SetNextMap
L 09/19/2018 - 02:38:42: [SM]   [8] Line 621, D:\Documents\My Folder\Empires Custom UMC Stuff\SourceMod\Workspace\umc-emp-mapvote.sp::DoRandomNextMap()
L 09/19/2018 - 02:38:42: [SM]   [9] Line 606, D:\Documents\My Folder\Empires Custom UMC Stuff\SourceMod\Workspace\umc-emp-mapvote.sp::DoMapChangeFailSafe()
L 09/19/2018 - 02:38:42: [SM]   [10] Line 722, D:\Documents\My Folder\Empires Custom UMC Stuff\SourceMod\Workspace\umc-emp-mapvote.sp::UMC_OnVoteFailed()
L 09/19/2018 - 02:38:42: [SM]   [12] Call_Finish
L 09/19/2018 - 02:38:42: [SM]   [13] Line 4796, D:\Documents\My Folder\Empires Custom UMC Stuff\SourceMod\Workspace\umc-core.sp::VoteFailed()
L 09/19/2018 - 02:38:42: [SM]   [14] Line 3507, D:\Documents\My Folder\Empires Custom UMC Stuff\SourceMod\Workspace\umc-core.sp::VoteCancelled()
L 09/19/2018 - 02:38:42: [SM]   [15] Line 1177, D:\Documents\My Folder\Empires Custom UMC Stuff\SourceMod\Workspace\umc-core.sp::Native_UMCVoteManagerCancel()
L 09/19/2018 - 02:38:42: [SM]   [17] UMC_VoteManagerVoteCancelled
L 09/19/2018 - 02:38:42: [SM]   [18] Line 2276, D:\Documents\My Folder\Empires Custom UMC Stuff\SourceMod\Workspace\umc-core.sp::Handle_VoteMenu()
L 09/19/2018 - 02:38:47: Error log file session closed.
L 09/19/2018 - 02:38:56: SourceMod error session started
L 09/19/2018 - 02:38:56: Info (map "con_district402") (file "errors_20180919.log")
L 09/19/2018 - 02:38:56: [SDKTOOLS] Invalid detour address passed - Disabling detour to prevent crashes
L 09/19/2018 - 02:38:56: [SDKTOOLS] Failed to find PlayerRunCmd offset - OnPlayerRunCmd forward disabled.
L 09/19/2018 - 02:46:37: Error log file session closed.
L 09/19/2018 - 23:27:09: SourceMod error session started
L 09/19/2018 - 23:27:09: Info (map "con_district402") (file "errors_20180919.log")
L 09/19/2018 - 23:27:09: [SDKTOOLS] Invalid detour address passed - Disabling detour to prevent crashes
L 09/19/2018 - 23:27:09: [SDKTOOLS] Failed to find PlayerRunCmd offset - OnPlayerRunCmd forward disabled.
