L 10/02/2017 - 00:01:57: SourceMod error session started
L 10/02/2017 - 00:01:57: Info (map "emp_crossroads") (file "errors_20171002.log")
L 10/02/2017 - 00:01:57: [SM] Exception reported: Game event "player_disconnect" has no active hook
L 10/02/2017 - 00:01:57: [SM] Blaming: empstats.smx()
L 10/02/2017 - 00:01:57: [SM] Call stack trace:
L 10/02/2017 - 00:01:57: [SM]   [0] UnhookEvent
L 10/02/2017 - 00:01:57: [SM]   [1] Line 326, empstats\addons\sourcemod\scripting\empstats.sp::Deactivate()
L 10/02/2017 - 00:01:57: [SM]   [2] Line 276, empstats\addons\sourcemod\scripting\empstats.sp::CheckActivate()
L 10/02/2017 - 00:01:57: [SM]   [3] Line 670, empstats\addons\sourcemod\scripting\empstats.sp::OnClientPostAdminCheck()
L 10/02/2017 - 00:06:43: [SM] Exception reported: Game event "player_disconnect" has no active hook
L 10/02/2017 - 00:06:43: [SM] Blaming: empstats.smx()
L 10/02/2017 - 00:06:43: [SM] Call stack trace:
L 10/02/2017 - 00:06:43: [SM]   [0] UnhookEvent
L 10/02/2017 - 00:06:43: [SM]   [1] Line 326, empstats\addons\sourcemod\scripting\empstats.sp::Deactivate()
L 10/02/2017 - 00:06:43: [SM]   [2] Line 276, empstats\addons\sourcemod\scripting\empstats.sp::CheckActivate()
L 10/02/2017 - 00:06:43: [SM]   [3] Line 670, empstats\addons\sourcemod\scripting\empstats.sp::OnClientPostAdminCheck()
L 10/02/2017 - 02:28:17: [SM] Exception reported: Game event "player_disconnect" has no active hook
L 10/02/2017 - 02:28:17: [SM] Blaming: empstats.smx()
L 10/02/2017 - 02:28:17: [SM] Call stack trace:
L 10/02/2017 - 02:28:17: [SM]   [0] UnhookEvent
L 10/02/2017 - 02:28:17: [SM]   [1] Line 326, empstats\addons\sourcemod\scripting\empstats.sp::Deactivate()
L 10/02/2017 - 02:28:17: [SM]   [2] Line 276, empstats\addons\sourcemod\scripting\empstats.sp::CheckActivate()
L 10/02/2017 - 02:28:17: [SM]   [3] Line 670, empstats\addons\sourcemod\scripting\empstats.sp::OnClientPostAdminCheck()
L 10/02/2017 - 02:29:58: [SM] Exception reported: Game event "player_disconnect" has no active hook
L 10/02/2017 - 02:29:58: [SM] Blaming: empstats.smx()
L 10/02/2017 - 02:29:58: [SM] Call stack trace:
L 10/02/2017 - 02:29:58: [SM]   [0] UnhookEvent
L 10/02/2017 - 02:29:58: [SM]   [1] Line 326, empstats\addons\sourcemod\scripting\empstats.sp::Deactivate()
L 10/02/2017 - 02:29:58: [SM]   [2] Line 276, empstats\addons\sourcemod\scripting\empstats.sp::CheckActivate()
L 10/02/2017 - 02:29:58: [SM]   [3] Line 670, empstats\addons\sourcemod\scripting\empstats.sp::OnClientPostAdminCheck()
L 10/02/2017 - 03:36:24: [SM] Exception reported: Game event "player_disconnect" has no active hook
L 10/02/2017 - 03:36:24: [SM] Blaming: empstats.smx()
L 10/02/2017 - 03:36:24: [SM] Call stack trace:
L 10/02/2017 - 03:36:24: [SM]   [0] UnhookEvent
L 10/02/2017 - 03:36:24: [SM]   [1] Line 326, empstats\addons\sourcemod\scripting\empstats.sp::Deactivate()
L 10/02/2017 - 03:36:24: [SM]   [2] Line 276, empstats\addons\sourcemod\scripting\empstats.sp::CheckActivate()
L 10/02/2017 - 03:36:24: [SM]   [3] Line 670, empstats\addons\sourcemod\scripting\empstats.sp::OnClientPostAdminCheck()
L 10/02/2017 - 03:53:37: [SM] Exception reported: Game event "player_disconnect" has no active hook
L 10/02/2017 - 03:53:37: [SM] Blaming: empstats.smx()
L 10/02/2017 - 03:53:37: [SM] Call stack trace:
L 10/02/2017 - 03:53:37: [SM]   [0] UnhookEvent
L 10/02/2017 - 03:53:37: [SM]   [1] Line 326, empstats\addons\sourcemod\scripting\empstats.sp::Deactivate()
L 10/02/2017 - 03:53:37: [SM]   [2] Line 276, empstats\addons\sourcemod\scripting\empstats.sp::CheckActivate()
L 10/02/2017 - 03:53:37: [SM]   [3] Line 1004, empstats\addons\sourcemod\scripting\empstats.sp::OnClientDisconnect_Post()
L 10/02/2017 - 04:43:40: [SM] Exception reported: Game event "player_disconnect" has no active hook
L 10/02/2017 - 04:43:40: [SM] Blaming: empstats.smx()
L 10/02/2017 - 04:43:40: [SM] Call stack trace:
L 10/02/2017 - 04:43:40: [SM]   [0] UnhookEvent
L 10/02/2017 - 04:43:40: [SM]   [1] Line 326, empstats\addons\sourcemod\scripting\empstats.sp::Deactivate()
L 10/02/2017 - 04:43:40: [SM]   [2] Line 276, empstats\addons\sourcemod\scripting\empstats.sp::CheckActivate()
L 10/02/2017 - 04:43:40: [SM]   [3] Line 670, empstats\addons\sourcemod\scripting\empstats.sp::OnClientPostAdminCheck()
L 10/02/2017 - 04:49:11: [SM] Exception reported: Game event "player_disconnect" has no active hook
L 10/02/2017 - 04:49:11: [SM] Blaming: empstats.smx()
L 10/02/2017 - 04:49:11: [SM] Call stack trace:
L 10/02/2017 - 04:49:11: [SM]   [0] UnhookEvent
L 10/02/2017 - 04:49:11: [SM]   [1] Line 326, empstats\addons\sourcemod\scripting\empstats.sp::Deactivate()
L 10/02/2017 - 04:49:11: [SM]   [2] Line 276, empstats\addons\sourcemod\scripting\empstats.sp::CheckActivate()
L 10/02/2017 - 04:49:11: [SM]   [3] Line 670, empstats\addons\sourcemod\scripting\empstats.sp::OnClientPostAdminCheck()
L 10/02/2017 - 12:13:00: [SM] Exception reported: Game event "player_disconnect" has no active hook
L 10/02/2017 - 12:13:00: [SM] Blaming: empstats.smx()
L 10/02/2017 - 12:13:00: [SM] Call stack trace:
L 10/02/2017 - 12:13:00: [SM]   [0] UnhookEvent
L 10/02/2017 - 12:13:00: [SM]   [1] Line 326, empstats\addons\sourcemod\scripting\empstats.sp::Deactivate()
L 10/02/2017 - 12:13:00: [SM]   [2] Line 276, empstats\addons\sourcemod\scripting\empstats.sp::CheckActivate()
L 10/02/2017 - 12:13:00: [SM]   [3] Line 670, empstats\addons\sourcemod\scripting\empstats.sp::OnClientPostAdminCheck()
L 10/02/2017 - 16:11:08: [SM] Exception reported: Game event "player_disconnect" has no active hook
L 10/02/2017 - 16:11:08: [SM] Blaming: empstats.smx()
L 10/02/2017 - 16:11:08: [SM] Call stack trace:
L 10/02/2017 - 16:11:08: [SM]   [0] UnhookEvent
L 10/02/2017 - 16:11:08: [SM]   [1] Line 326, empstats\addons\sourcemod\scripting\empstats.sp::Deactivate()
L 10/02/2017 - 16:11:08: [SM]   [2] Line 276, empstats\addons\sourcemod\scripting\empstats.sp::CheckActivate()
L 10/02/2017 - 16:11:08: [SM]   [3] Line 670, empstats\addons\sourcemod\scripting\empstats.sp::OnClientPostAdminCheck()
L 10/02/2017 - 21:33:10: [SM] Exception reported: Game event "player_disconnect" has no active hook
L 10/02/2017 - 21:33:10: [SM] Blaming: empstats.smx()
L 10/02/2017 - 21:33:10: [SM] Call stack trace:
L 10/02/2017 - 21:33:10: [SM]   [0] UnhookEvent
L 10/02/2017 - 21:33:10: [SM]   [1] Line 326, empstats\addons\sourcemod\scripting\empstats.sp::Deactivate()
L 10/02/2017 - 21:33:10: [SM]   [2] Line 276, empstats\addons\sourcemod\scripting\empstats.sp::CheckActivate()
L 10/02/2017 - 21:33:10: [SM]   [3] Line 670, empstats\addons\sourcemod\scripting\empstats.sp::OnClientPostAdminCheck()
L 10/02/2017 - 22:59:00: [SM] Exception reported: Game event "player_disconnect" has no active hook
L 10/02/2017 - 22:59:00: [SM] Blaming: empstats.smx()
L 10/02/2017 - 22:59:00: [SM] Call stack trace:
L 10/02/2017 - 22:59:00: [SM]   [0] UnhookEvent
L 10/02/2017 - 22:59:00: [SM]   [1] Line 326, empstats\addons\sourcemod\scripting\empstats.sp::Deactivate()
L 10/02/2017 - 22:59:00: [SM]   [2] Line 276, empstats\addons\sourcemod\scripting\empstats.sp::CheckActivate()
L 10/02/2017 - 22:59:00: [SM]   [3] Line 670, empstats\addons\sourcemod\scripting\empstats.sp::OnClientPostAdminCheck()
L 10/02/2017 - 23:01:17: [SM] Exception reported: Game event "player_disconnect" has no active hook
L 10/02/2017 - 23:01:17: [SM] Blaming: empstats.smx()
L 10/02/2017 - 23:01:17: [SM] Call stack trace:
L 10/02/2017 - 23:01:17: [SM]   [0] UnhookEvent
L 10/02/2017 - 23:01:17: [SM]   [1] Line 326, empstats\addons\sourcemod\scripting\empstats.sp::Deactivate()
L 10/02/2017 - 23:01:17: [SM]   [2] Line 276, empstats\addons\sourcemod\scripting\empstats.sp::CheckActivate()
L 10/02/2017 - 23:01:17: [SM]   [3] Line 670, empstats\addons\sourcemod\scripting\empstats.sp::OnClientPostAdminCheck()
L 10/02/2017 - 23:08:31: [SM] Exception reported: Game event "player_disconnect" has no active hook
L 10/02/2017 - 23:08:31: [SM] Blaming: empstats.smx()
L 10/02/2017 - 23:08:31: [SM] Call stack trace:
L 10/02/2017 - 23:08:31: [SM]   [0] UnhookEvent
L 10/02/2017 - 23:08:31: [SM]   [1] Line 326, empstats\addons\sourcemod\scripting\empstats.sp::Deactivate()
L 10/02/2017 - 23:08:31: [SM]   [2] Line 276, empstats\addons\sourcemod\scripting\empstats.sp::CheckActivate()
L 10/02/2017 - 23:08:31: [SM]   [3] Line 670, empstats\addons\sourcemod\scripting\empstats.sp::OnClientPostAdminCheck()
L 10/02/2017 - 23:36:59: [SM] Exception reported: Array index is out of bounds
L 10/02/2017 - 23:36:59: [SM] Blaming: squadcontrol.smx()
L 10/02/2017 - 23:36:59: [SM] Call stack trace:
L 10/02/2017 - 23:36:59: [SM]   [1] Line 2311, squadcontrol\addons\sourcemod\scripting\squadcontrol.sp::Command_Unit_Order_List()
