L 08/13/2017 - 00:09:01: SourceMod error session started
L 08/13/2017 - 00:09:01: Info (map "emp_fogtown_cl2_fix") (file "errors_20170813.log")
L 08/13/2017 - 00:09:01: [SM] Exception reported: Invalid timer handle 18df034b (error 1)
L 08/13/2017 - 00:09:01: [SM] Blaming: umc-emp-mapvote.smx()
L 08/13/2017 - 00:09:01: [SM] Call stack trace:
L 08/13/2017 - 00:09:01: [SM]   [0] KillTimer
L 08/13/2017 - 00:09:01: [SM]   [1] Line 686, D:\Documents\My Folder\Empires Custom UMC Stuff\SourceMod\Workspace\umc-emp-mapvote.sp::UMC_OnNextmapSet()
L 08/13/2017 - 00:09:01: [SM]   [3] Call_Finish
L 08/13/2017 - 00:09:01: [SM]   [4] Line 4834, D:\Documents\My Folder\Empires Custom UMC Stuff\SourceMod\Workspace\umc-core.sp::DoMapChange()
L 08/13/2017 - 00:09:01: [SM]   [5] Line 4267, D:\Documents\My Folder\Empires Custom UMC Stuff\SourceMod\Workspace\umc-core.sp::Handle_MapVoteWinner()
L 08/13/2017 - 00:09:01: [SM]   [6] Line 3819, D:\Documents\My Folder\Empires Custom UMC Stuff\SourceMod\Workspace\umc-core.sp::ProcessVoteWinner()
L 08/13/2017 - 00:09:01: [SM]   [7] Line 3795, D:\Documents\My Folder\Empires Custom UMC Stuff\SourceMod\Workspace\umc-core.sp::ProcessVoteResults()
L 08/13/2017 - 00:09:01: [SM]   [8] Line 1277, D:\Documents\My Folder\Empires Custom UMC Stuff\SourceMod\Workspace\umc-core.sp::Native_UMCVoteManagerComplete()
L 08/13/2017 - 00:09:01: [SM]   [10] UMC_VoteManagerVoteCompleted
L 08/13/2017 - 00:09:01: [SM]   [11] Line 2309, D:\Documents\My Folder\Empires Custom UMC Stuff\SourceMod\Workspace\umc-core.sp::Handle_MapVoteResults()
L 08/13/2017 - 00:09:07: Error log file session closed.
L 08/13/2017 - 00:09:07: SourceMod error session started
L 08/13/2017 - 00:09:07: Info (map "emp_crossroads") (file "errors_20170813.log")
L 08/13/2017 - 00:09:07: [nextmap.smx] FATAL: Cannot load map cycle. Nextmap not loaded.
L 08/13/2017 - 00:09:07: [SM] Exception reported: Mapcycle Not Found
L 08/13/2017 - 00:09:07: [SM] Blaming: nextmap.smx()
L 08/13/2017 - 00:09:07: [SM] Call stack trace:
L 08/13/2017 - 00:09:07: [SM]   [0] SetFailState
L 08/13/2017 - 00:09:07: [SM]   [1] Line 139, D:\builds\build-sourcemod-msvc12\windows-1.8\build\plugins\nextmap.sp::FindAndSetNextMap()
L 08/13/2017 - 00:09:07: [SM]   [2] Line 109, D:\builds\build-sourcemod-msvc12\windows-1.8\build\plugins\nextmap.sp::OnConfigsExecuted()
L 08/13/2017 - 00:25:17: [SM] Exception reported: Array index is out of bounds
L 08/13/2017 - 00:25:17: [SM] Blaming: squadcontrol.smx()
L 08/13/2017 - 00:25:17: [SM] Call stack trace:
L 08/13/2017 - 00:25:17: [SM]   [1] Line 2196, squadcontrol\addons\sourcemod\scripting\squadcontrol.sp::Command_Unit_Order_List()
L 08/13/2017 - 00:35:44: [SM] Exception reported: Invalid timer handle 225d03a5 (error 1)
L 08/13/2017 - 00:35:44: [SM] Blaming: umc-emp-mapvote.smx()
L 08/13/2017 - 00:35:44: [SM] Call stack trace:
L 08/13/2017 - 00:35:44: [SM]   [0] KillTimer
L 08/13/2017 - 00:35:44: [SM]   [1] Line 686, D:\Documents\My Folder\Empires Custom UMC Stuff\SourceMod\Workspace\umc-emp-mapvote.sp::UMC_OnNextmapSet()
L 08/13/2017 - 00:35:44: [SM]   [3] Call_Finish
L 08/13/2017 - 00:35:44: [SM]   [4] Line 4834, D:\Documents\My Folder\Empires Custom UMC Stuff\SourceMod\Workspace\umc-core.sp::DoMapChange()
L 08/13/2017 - 00:35:44: [SM]   [5] Line 4267, D:\Documents\My Folder\Empires Custom UMC Stuff\SourceMod\Workspace\umc-core.sp::Handle_MapVoteWinner()
L 08/13/2017 - 00:35:44: [SM]   [6] Line 3819, D:\Documents\My Folder\Empires Custom UMC Stuff\SourceMod\Workspace\umc-core.sp::ProcessVoteWinner()
L 08/13/2017 - 00:35:44: [SM]   [7] Line 3795, D:\Documents\My Folder\Empires Custom UMC Stuff\SourceMod\Workspace\umc-core.sp::ProcessVoteResults()
L 08/13/2017 - 00:35:44: [SM]   [8] Line 1277, D:\Documents\My Folder\Empires Custom UMC Stuff\SourceMod\Workspace\umc-core.sp::Native_UMCVoteManagerComplete()
L 08/13/2017 - 00:35:44: [SM]   [10] UMC_VoteManagerVoteCompleted
L 08/13/2017 - 00:35:44: [SM]   [11] Line 2309, D:\Documents\My Folder\Empires Custom UMC Stuff\SourceMod\Workspace\umc-core.sp::Handle_MapVoteResults()
L 08/13/2017 - 00:35:50: Error log file session closed.
L 08/13/2017 - 00:35:50: SourceMod error session started
L 08/13/2017 - 00:35:50: Info (map "emp_nuclear_b8u_xfix") (file "errors_20170813.log")
L 08/13/2017 - 00:35:50: [nextmap.smx] FATAL: Cannot load map cycle. Nextmap not loaded.
L 08/13/2017 - 00:35:50: [SM] Exception reported: Mapcycle Not Found
L 08/13/2017 - 00:35:50: [SM] Blaming: nextmap.smx()
L 08/13/2017 - 00:35:50: [SM] Call stack trace:
L 08/13/2017 - 00:35:50: [SM]   [0] SetFailState
L 08/13/2017 - 00:35:50: [SM]   [1] Line 139, D:\builds\build-sourcemod-msvc12\windows-1.8\build\plugins\nextmap.sp::FindAndSetNextMap()
L 08/13/2017 - 00:35:50: [SM]   [2] Line 109, D:\builds\build-sourcemod-msvc12\windows-1.8\build\plugins\nextmap.sp::OnConfigsExecuted()
L 08/13/2017 - 01:13:42: [SM] Exception reported: Invalid timer handle 343c035d (error 1)
L 08/13/2017 - 01:13:42: [SM] Blaming: umc-emp-mapvote.smx()
L 08/13/2017 - 01:13:42: [SM] Call stack trace:
L 08/13/2017 - 01:13:42: [SM]   [0] KillTimer
L 08/13/2017 - 01:13:42: [SM]   [1] Line 686, D:\Documents\My Folder\Empires Custom UMC Stuff\SourceMod\Workspace\umc-emp-mapvote.sp::UMC_OnNextmapSet()
L 08/13/2017 - 01:13:42: [SM]   [3] Call_Finish
L 08/13/2017 - 01:13:42: [SM]   [4] Line 4834, D:\Documents\My Folder\Empires Custom UMC Stuff\SourceMod\Workspace\umc-core.sp::DoMapChange()
L 08/13/2017 - 01:13:42: [SM]   [5] Line 4267, D:\Documents\My Folder\Empires Custom UMC Stuff\SourceMod\Workspace\umc-core.sp::Handle_MapVoteWinner()
L 08/13/2017 - 01:13:42: [SM]   [6] Line 3819, D:\Documents\My Folder\Empires Custom UMC Stuff\SourceMod\Workspace\umc-core.sp::ProcessVoteWinner()
L 08/13/2017 - 01:13:42: [SM]   [7] Line 3795, D:\Documents\My Folder\Empires Custom UMC Stuff\SourceMod\Workspace\umc-core.sp::ProcessVoteResults()
L 08/13/2017 - 01:13:42: [SM]   [8] Line 1277, D:\Documents\My Folder\Empires Custom UMC Stuff\SourceMod\Workspace\umc-core.sp::Native_UMCVoteManagerComplete()
L 08/13/2017 - 01:13:42: [SM]   [10] UMC_VoteManagerVoteCompleted
L 08/13/2017 - 01:13:42: [SM]   [11] Line 2309, D:\Documents\My Folder\Empires Custom UMC Stuff\SourceMod\Workspace\umc-core.sp::Handle_MapVoteResults()
L 08/13/2017 - 01:13:47: Error log file session closed.
L 08/13/2017 - 01:13:47: SourceMod error session started
L 08/13/2017 - 01:13:47: Info (map "emp_beachfront_b2") (file "errors_20170813.log")
L 08/13/2017 - 01:13:47: [nextmap.smx] FATAL: Cannot load map cycle. Nextmap not loaded.
L 08/13/2017 - 01:13:47: [SM] Exception reported: Mapcycle Not Found
L 08/13/2017 - 01:13:47: [SM] Blaming: nextmap.smx()
L 08/13/2017 - 01:13:47: [SM] Call stack trace:
L 08/13/2017 - 01:13:47: [SM]   [0] SetFailState
L 08/13/2017 - 01:13:47: [SM]   [1] Line 139, D:\builds\build-sourcemod-msvc12\windows-1.8\build\plugins\nextmap.sp::FindAndSetNextMap()
L 08/13/2017 - 01:13:47: [SM]   [2] Line 109, D:\builds\build-sourcemod-msvc12\windows-1.8\build\plugins\nextmap.sp::OnConfigsExecuted()
L 08/13/2017 - 01:26:40: [SM] Exception reported: Invalid timer handle 39f3039e (error 1)
L 08/13/2017 - 01:26:40: [SM] Blaming: umc-emp-mapvote.smx()
L 08/13/2017 - 01:26:40: [SM] Call stack trace:
L 08/13/2017 - 01:26:40: [SM]   [0] KillTimer
L 08/13/2017 - 01:26:40: [SM]   [1] Line 686, D:\Documents\My Folder\Empires Custom UMC Stuff\SourceMod\Workspace\umc-emp-mapvote.sp::UMC_OnNextmapSet()
L 08/13/2017 - 01:26:40: [SM]   [3] Call_Finish
L 08/13/2017 - 01:26:40: [SM]   [4] Line 4834, D:\Documents\My Folder\Empires Custom UMC Stuff\SourceMod\Workspace\umc-core.sp::DoMapChange()
L 08/13/2017 - 01:26:40: [SM]   [5] Line 4267, D:\Documents\My Folder\Empires Custom UMC Stuff\SourceMod\Workspace\umc-core.sp::Handle_MapVoteWinner()
L 08/13/2017 - 01:26:40: [SM]   [6] Line 3819, D:\Documents\My Folder\Empires Custom UMC Stuff\SourceMod\Workspace\umc-core.sp::ProcessVoteWinner()
L 08/13/2017 - 01:26:40: [SM]   [7] Line 3795, D:\Documents\My Folder\Empires Custom UMC Stuff\SourceMod\Workspace\umc-core.sp::ProcessVoteResults()
L 08/13/2017 - 01:26:40: [SM]   [8] Line 1277, D:\Documents\My Folder\Empires Custom UMC Stuff\SourceMod\Workspace\umc-core.sp::Native_UMCVoteManagerComplete()
L 08/13/2017 - 01:26:40: [SM]   [10] UMC_VoteManagerVoteCompleted
L 08/13/2017 - 01:26:40: [SM]   [11] Line 2309, D:\Documents\My Folder\Empires Custom UMC Stuff\SourceMod\Workspace\umc-core.sp::Handle_MapVoteResults()
L 08/13/2017 - 01:26:47: Error log file session closed.
L 08/13/2017 - 01:26:47: SourceMod error session started
L 08/13/2017 - 01:26:47: Info (map "con_urbanchaos_fix") (file "errors_20170813.log")
L 08/13/2017 - 01:26:47: [nextmap.smx] FATAL: Cannot load map cycle. Nextmap not loaded.
L 08/13/2017 - 01:26:47: [SM] Exception reported: Mapcycle Not Found
L 08/13/2017 - 01:26:47: [SM] Blaming: nextmap.smx()
L 08/13/2017 - 01:26:47: [SM] Call stack trace:
L 08/13/2017 - 01:26:47: [SM]   [0] SetFailState
L 08/13/2017 - 01:26:47: [SM]   [1] Line 139, D:\builds\build-sourcemod-msvc12\windows-1.8\build\plugins\nextmap.sp::FindAndSetNextMap()
L 08/13/2017 - 01:26:47: [SM]   [2] Line 109, D:\builds\build-sourcemod-msvc12\windows-1.8\build\plugins\nextmap.sp::OnConfigsExecuted()
L 08/13/2017 - 01:32:20: [SM] Exception reported: Invalid timer handle 3dc4039a (error 1)
L 08/13/2017 - 01:32:20: [SM] Blaming: umc-emp-mapvote.smx()
L 08/13/2017 - 01:32:20: [SM] Call stack trace:
L 08/13/2017 - 01:32:20: [SM]   [0] KillTimer
L 08/13/2017 - 01:32:20: [SM]   [1] Line 686, D:\Documents\My Folder\Empires Custom UMC Stuff\SourceMod\Workspace\umc-emp-mapvote.sp::UMC_OnNextmapSet()
L 08/13/2017 - 01:32:20: [SM]   [3] Call_Finish
L 08/13/2017 - 01:32:20: [SM]   [4] Line 4834, D:\Documents\My Folder\Empires Custom UMC Stuff\SourceMod\Workspace\umc-core.sp::DoMapChange()
L 08/13/2017 - 01:32:20: [SM]   [5] Line 4267, D:\Documents\My Folder\Empires Custom UMC Stuff\SourceMod\Workspace\umc-core.sp::Handle_MapVoteWinner()
L 08/13/2017 - 01:32:20: [SM]   [6] Line 3819, D:\Documents\My Folder\Empires Custom UMC Stuff\SourceMod\Workspace\umc-core.sp::ProcessVoteWinner()
L 08/13/2017 - 01:32:20: [SM]   [7] Line 3795, D:\Documents\My Folder\Empires Custom UMC Stuff\SourceMod\Workspace\umc-core.sp::ProcessVoteResults()
L 08/13/2017 - 01:32:20: [SM]   [8] Line 1277, D:\Documents\My Folder\Empires Custom UMC Stuff\SourceMod\Workspace\umc-core.sp::Native_UMCVoteManagerComplete()
L 08/13/2017 - 01:32:20: [SM]   [10] UMC_VoteManagerVoteCompleted
L 08/13/2017 - 01:32:20: [SM]   [11] Line 2309, D:\Documents\My Folder\Empires Custom UMC Stuff\SourceMod\Workspace\umc-core.sp::Handle_MapVoteResults()
L 08/13/2017 - 01:32:26: Error log file session closed.
L 08/13/2017 - 01:32:26: SourceMod error session started
L 08/13/2017 - 01:32:26: Info (map "emp_vehicletraining_2013") (file "errors_20170813.log")
L 08/13/2017 - 01:32:26: [nextmap.smx] FATAL: Cannot load map cycle. Nextmap not loaded.
L 08/13/2017 - 01:32:26: [SM] Exception reported: Mapcycle Not Found
L 08/13/2017 - 01:32:26: [SM] Blaming: nextmap.smx()
L 08/13/2017 - 01:32:26: [SM] Call stack trace:
L 08/13/2017 - 01:32:26: [SM]   [0] SetFailState
L 08/13/2017 - 01:32:26: [SM]   [1] Line 139, D:\builds\build-sourcemod-msvc12\windows-1.8\build\plugins\nextmap.sp::FindAndSetNextMap()
L 08/13/2017 - 01:32:26: [SM]   [2] Line 109, D:\builds\build-sourcemod-msvc12\windows-1.8\build\plugins\nextmap.sp::OnConfigsExecuted()
L 08/13/2017 - 02:07:32: [SM] Exception reported: Invalid timer handle 42390397 (error 1)
L 08/13/2017 - 02:07:32: [SM] Blaming: umc-emp-mapvote.smx()
L 08/13/2017 - 02:07:32: [SM] Call stack trace:
L 08/13/2017 - 02:07:32: [SM]   [0] KillTimer
L 08/13/2017 - 02:07:32: [SM]   [1] Line 686, D:\Documents\My Folder\Empires Custom UMC Stuff\SourceMod\Workspace\umc-emp-mapvote.sp::UMC_OnNextmapSet()
L 08/13/2017 - 02:07:32: [SM]   [3] Call_Finish
L 08/13/2017 - 02:07:32: [SM]   [4] Line 4834, D:\Documents\My Folder\Empires Custom UMC Stuff\SourceMod\Workspace\umc-core.sp::DoMapChange()
L 08/13/2017 - 02:07:32: [SM]   [5] Line 1767, D:\Documents\My Folder\Empires Custom UMC Stuff\SourceMod\Workspace\umc-core.sp::Native_UMCSetNextMap()
L 08/13/2017 - 02:07:32: [SM]   [7] UMC_SetNextMap
L 08/13/2017 - 02:07:32: [SM]   [8] Line 621, D:\Documents\My Folder\Empires Custom UMC Stuff\SourceMod\Workspace\umc-emp-mapvote.sp::DoRandomNextMap()
L 08/13/2017 - 02:07:32: [SM]   [9] Line 606, D:\Documents\My Folder\Empires Custom UMC Stuff\SourceMod\Workspace\umc-emp-mapvote.sp::DoMapChangeFailSafe()
L 08/13/2017 - 02:07:32: [SM]   [10] Line 722, D:\Documents\My Folder\Empires Custom UMC Stuff\SourceMod\Workspace\umc-emp-mapvote.sp::UMC_OnVoteFailed()
L 08/13/2017 - 02:07:32: [SM]   [12] Call_Finish
L 08/13/2017 - 02:07:32: [SM]   [13] Line 4796, D:\Documents\My Folder\Empires Custom UMC Stuff\SourceMod\Workspace\umc-core.sp::VoteFailed()
L 08/13/2017 - 02:07:32: [SM]   [14] Line 3507, D:\Documents\My Folder\Empires Custom UMC Stuff\SourceMod\Workspace\umc-core.sp::VoteCancelled()
L 08/13/2017 - 02:07:32: [SM]   [15] Line 1177, D:\Documents\My Folder\Empires Custom UMC Stuff\SourceMod\Workspace\umc-core.sp::Native_UMCVoteManagerCancel()
L 08/13/2017 - 02:07:32: [SM]   [17] UMC_VoteManagerVoteCancelled
L 08/13/2017 - 02:07:32: [SM]   [18] Line 2276, D:\Documents\My Folder\Empires Custom UMC Stuff\SourceMod\Workspace\umc-core.sp::Handle_VoteMenu()
L 08/13/2017 - 02:07:38: Error log file session closed.
L 08/13/2017 - 02:07:39: SourceMod error session started
L 08/13/2017 - 02:07:39: Info (map "emp_fogtown_cl2_fix") (file "errors_20170813.log")
L 08/13/2017 - 02:07:39: [nextmap.smx] FATAL: Cannot load map cycle. Nextmap not loaded.
L 08/13/2017 - 02:07:39: [SM] Exception reported: Mapcycle Not Found
L 08/13/2017 - 02:07:39: [SM] Blaming: nextmap.smx()
L 08/13/2017 - 02:07:39: [SM] Call stack trace:
L 08/13/2017 - 02:07:39: [SM]   [0] SetFailState
L 08/13/2017 - 02:07:39: [SM]   [1] Line 139, D:\builds\build-sourcemod-msvc12\windows-1.8\build\plugins\nextmap.sp::FindAndSetNextMap()
L 08/13/2017 - 02:07:39: [SM]   [2] Line 109, D:\builds\build-sourcemod-msvc12\windows-1.8\build\plugins\nextmap.sp::OnConfigsExecuted()
L 08/13/2017 - 05:00:21: Error log file session closed.
L 08/13/2017 - 05:00:21: SourceMod error session started
L 08/13/2017 - 05:00:21: Info (map "emp_shadows_attacks_fix") (file "errors_20170813.log")
L 08/13/2017 - 05:00:21: [nextmap.smx] FATAL: Cannot load map cycle. Nextmap not loaded.
L 08/13/2017 - 05:00:21: [SM] Exception reported: Mapcycle Not Found
L 08/13/2017 - 05:00:21: [SM] Blaming: nextmap.smx()
L 08/13/2017 - 05:00:21: [SM] Call stack trace:
L 08/13/2017 - 05:00:21: [SM]   [0] SetFailState
L 08/13/2017 - 05:00:21: [SM]   [1] Line 139, D:\builds\build-sourcemod-msvc12\windows-1.8\build\plugins\nextmap.sp::FindAndSetNextMap()
L 08/13/2017 - 05:00:21: [SM]   [2] Line 109, D:\builds\build-sourcemod-msvc12\windows-1.8\build\plugins\nextmap.sp::OnConfigsExecuted()
L 08/13/2017 - 06:25:10: Error log file session closed.
L 08/13/2017 - 06:25:10: SourceMod error session started
L 08/13/2017 - 06:25:10: Info (map "con_glycencity") (file "errors_20170813.log")
L 08/13/2017 - 06:25:10: [nextmap.smx] FATAL: Cannot load map cycle. Nextmap not loaded.
L 08/13/2017 - 06:25:10: [SM] Exception reported: Mapcycle Not Found
L 08/13/2017 - 06:25:10: [SM] Blaming: nextmap.smx()
L 08/13/2017 - 06:25:10: [SM] Call stack trace:
L 08/13/2017 - 06:25:10: [SM]   [0] SetFailState
L 08/13/2017 - 06:25:10: [SM]   [1] Line 139, D:\builds\build-sourcemod-msvc12\windows-1.8\build\plugins\nextmap.sp::FindAndSetNextMap()
L 08/13/2017 - 06:25:10: [SM]   [2] Line 109, D:\builds\build-sourcemod-msvc12\windows-1.8\build\plugins\nextmap.sp::OnConfigsExecuted()
L 08/13/2017 - 06:59:47: Error log file session closed.
L 08/13/2017 - 06:59:47: SourceMod error session started
L 08/13/2017 - 06:59:47: Info (map "con_urbanchaos_fix") (file "errors_20170813.log")
L 08/13/2017 - 06:59:47: [nextmap.smx] FATAL: Cannot load map cycle. Nextmap not loaded.
L 08/13/2017 - 06:59:47: [SM] Exception reported: Mapcycle Not Found
L 08/13/2017 - 06:59:47: [SM] Blaming: nextmap.smx()
L 08/13/2017 - 06:59:47: [SM] Call stack trace:
L 08/13/2017 - 06:59:47: [SM]   [0] SetFailState
L 08/13/2017 - 06:59:47: [SM]   [1] Line 139, D:\builds\build-sourcemod-msvc12\windows-1.8\build\plugins\nextmap.sp::FindAndSetNextMap()
L 08/13/2017 - 06:59:47: [SM]   [2] Line 109, D:\builds\build-sourcemod-msvc12\windows-1.8\build\plugins\nextmap.sp::OnConfigsExecuted()
L 08/13/2017 - 15:40:26: SourceMod error session started
L 08/13/2017 - 15:40:26: Info (map "con_district402") (file "errors_20170813.log")
L 08/13/2017 - 15:40:26: [SDKTOOLS] Invalid detour address passed - Disabling detour to prevent crashes
L 08/13/2017 - 15:40:26: [SDKTOOLS] Failed to find PlayerRunCmd offset - OnPlayerRunCmd forward disabled.
L 08/13/2017 - 15:40:27: [nextmap.smx] FATAL: Cannot load map cycle. Nextmap not loaded.
L 08/13/2017 - 15:40:27: [SM] Exception reported: Mapcycle Not Found
L 08/13/2017 - 15:40:27: [SM] Blaming: nextmap.smx()
L 08/13/2017 - 15:40:27: [SM] Call stack trace:
L 08/13/2017 - 15:40:27: [SM]   [0] SetFailState
L 08/13/2017 - 15:40:27: [SM]   [1] Line 139, D:\builds\build-sourcemod-msvc12\windows-1.8\build\plugins\nextmap.sp::FindAndSetNextMap()
L 08/13/2017 - 15:40:27: [SM]   [2] Line 109, D:\builds\build-sourcemod-msvc12\windows-1.8\build\plugins\nextmap.sp::OnConfigsExecuted()
