L 05/26/2018 - 00:08:48: SourceMod error session started
L 05/26/2018 - 00:08:48: Info (map "emp_drygulch_a7") (file "errors_20180526.log")
L 05/26/2018 - 00:08:48: [SM] Exception reported: Invalid timer handle 4421037d (error 1)
L 05/26/2018 - 00:08:48: [SM] Blaming: umc-emp-mapvote.smx()
L 05/26/2018 - 00:08:48: [SM] Call stack trace:
L 05/26/2018 - 00:08:48: [SM]   [0] KillTimer
L 05/26/2018 - 00:08:48: [SM]   [1] Line 686, D:\Documents\My Folder\Empires Custom UMC Stuff\SourceMod\Workspace\umc-emp-mapvote.sp::UMC_OnNextmapSet()
L 05/26/2018 - 00:08:48: [SM]   [3] Call_Finish
L 05/26/2018 - 00:08:48: [SM]   [4] Line 4834, D:\Documents\My Folder\Empires Custom UMC Stuff\SourceMod\Workspace\umc-core.sp::DoMapChange()
L 05/26/2018 - 00:08:48: [SM]   [5] Line 4267, D:\Documents\My Folder\Empires Custom UMC Stuff\SourceMod\Workspace\umc-core.sp::Handle_MapVoteWinner()
L 05/26/2018 - 00:08:48: [SM]   [6] Line 3819, D:\Documents\My Folder\Empires Custom UMC Stuff\SourceMod\Workspace\umc-core.sp::ProcessVoteWinner()
L 05/26/2018 - 00:08:48: [SM]   [7] Line 3795, D:\Documents\My Folder\Empires Custom UMC Stuff\SourceMod\Workspace\umc-core.sp::ProcessVoteResults()
L 05/26/2018 - 00:08:48: [SM]   [8] Line 1277, D:\Documents\My Folder\Empires Custom UMC Stuff\SourceMod\Workspace\umc-core.sp::Native_UMCVoteManagerComplete()
L 05/26/2018 - 00:08:48: [SM]   [10] UMC_VoteManagerVoteCompleted
L 05/26/2018 - 00:08:48: [SM]   [11] Line 2309, D:\Documents\My Folder\Empires Custom UMC Stuff\SourceMod\Workspace\umc-core.sp::Handle_MapVoteResults()
L 05/26/2018 - 00:08:53: Error log file session closed.
L 05/26/2018 - 00:08:55: SourceMod error session started
L 05/26/2018 - 00:08:55: Info (map "emp_vehicletraining_2013") (file "errors_20180526.log")
L 05/26/2018 - 00:08:55: [SM] Exception reported: Invalid hook callback specified for game event "player_disconnect"
L 05/26/2018 - 00:08:55: [SM] Blaming: empstats.smx()
L 05/26/2018 - 00:08:55: [SM] Call stack trace:
L 05/26/2018 - 00:08:55: [SM]   [0] UnhookEvent
L 05/26/2018 - 00:08:55: [SM]   [1] Line 338, dist\addons\sourcemod\scripting\empstats.sp::Deactivate()
L 05/26/2018 - 00:08:55: [SM]   [2] Line 290, dist\addons\sourcemod\scripting\empstats.sp::CheckActivate()
L 05/26/2018 - 00:08:55: [SM]   [3] Line 1608, dist\addons\sourcemod\scripting\empstats.sp::EndMapChange()
L 05/26/2018 - 00:09:16: [SM] Exception reported: Invalid hook callback specified for game event "player_disconnect"
L 05/26/2018 - 00:09:16: [SM] Blaming: empstats.smx()
L 05/26/2018 - 00:09:16: [SM] Call stack trace:
L 05/26/2018 - 00:09:16: [SM]   [0] UnhookEvent
L 05/26/2018 - 00:09:16: [SM]   [1] Line 338, dist\addons\sourcemod\scripting\empstats.sp::Deactivate()
L 05/26/2018 - 00:09:16: [SM]   [2] Line 290, dist\addons\sourcemod\scripting\empstats.sp::CheckActivate()
L 05/26/2018 - 00:09:16: [SM]   [3] Line 680, dist\addons\sourcemod\scripting\empstats.sp::OnClientPostAdminCheck()
L 05/26/2018 - 00:13:09: [SM] Exception reported: Game event "player_disconnect" has no active hook
L 05/26/2018 - 00:13:09: [SM] Blaming: empstats.smx()
L 05/26/2018 - 00:13:09: [SM] Call stack trace:
L 05/26/2018 - 00:13:09: [SM]   [0] UnhookEvent
L 05/26/2018 - 00:13:09: [SM]   [1] Line 338, dist\addons\sourcemod\scripting\empstats.sp::Deactivate()
L 05/26/2018 - 00:13:09: [SM]   [2] Line 290, dist\addons\sourcemod\scripting\empstats.sp::CheckActivate()
L 05/26/2018 - 00:13:09: [SM]   [3] Line 680, dist\addons\sourcemod\scripting\empstats.sp::OnClientPostAdminCheck()
L 05/26/2018 - 00:20:32: [SM] Exception reported: Game event "player_disconnect" has no active hook
L 05/26/2018 - 00:20:32: [SM] Blaming: empstats.smx()
L 05/26/2018 - 00:20:32: [SM] Call stack trace:
L 05/26/2018 - 00:20:32: [SM]   [0] UnhookEvent
L 05/26/2018 - 00:20:32: [SM]   [1] Line 338, dist\addons\sourcemod\scripting\empstats.sp::Deactivate()
L 05/26/2018 - 00:20:32: [SM]   [2] Line 290, dist\addons\sourcemod\scripting\empstats.sp::CheckActivate()
L 05/26/2018 - 00:20:32: [SM]   [3] Line 1014, dist\addons\sourcemod\scripting\empstats.sp::OnClientDisconnect_Post()
L 05/26/2018 - 00:24:26: Error log file session closed.
L 05/26/2018 - 00:24:29: SourceMod error session started
L 05/26/2018 - 00:24:29: Info (map "con_blast_ob2") (file "errors_20180526.log")
L 05/26/2018 - 00:24:29: [SM] Exception reported: Invalid hook callback specified for game event "player_disconnect"
L 05/26/2018 - 00:24:29: [SM] Blaming: empstats.smx()
L 05/26/2018 - 00:24:29: [SM] Call stack trace:
L 05/26/2018 - 00:24:29: [SM]   [0] UnhookEvent
L 05/26/2018 - 00:24:29: [SM]   [1] Line 338, dist\addons\sourcemod\scripting\empstats.sp::Deactivate()
L 05/26/2018 - 00:24:29: [SM]   [2] Line 290, dist\addons\sourcemod\scripting\empstats.sp::CheckActivate()
L 05/26/2018 - 00:24:29: [SM]   [3] Line 1608, dist\addons\sourcemod\scripting\empstats.sp::EndMapChange()
L 05/26/2018 - 02:33:05: [SM] Exception reported: Invalid hook callback specified for game event "player_disconnect"
L 05/26/2018 - 02:33:05: [SM] Blaming: empstats.smx()
L 05/26/2018 - 02:33:05: [SM] Call stack trace:
L 05/26/2018 - 02:33:05: [SM]   [0] UnhookEvent
L 05/26/2018 - 02:33:05: [SM]   [1] Line 338, dist\addons\sourcemod\scripting\empstats.sp::Deactivate()
L 05/26/2018 - 02:33:05: [SM]   [2] Line 290, dist\addons\sourcemod\scripting\empstats.sp::CheckActivate()
L 05/26/2018 - 02:33:05: [SM]   [3] Line 680, dist\addons\sourcemod\scripting\empstats.sp::OnClientPostAdminCheck()
L 05/26/2018 - 03:15:22: [SM] Exception reported: Invalid hook callback specified for game event "player_disconnect"
L 05/26/2018 - 03:15:22: [SM] Blaming: empstats.smx()
L 05/26/2018 - 03:15:22: [SM] Call stack trace:
L 05/26/2018 - 03:15:22: [SM]   [0] UnhookEvent
L 05/26/2018 - 03:15:22: [SM]   [1] Line 338, dist\addons\sourcemod\scripting\empstats.sp::Deactivate()
L 05/26/2018 - 03:15:22: [SM]   [2] Line 290, dist\addons\sourcemod\scripting\empstats.sp::CheckActivate()
L 05/26/2018 - 03:15:22: [SM]   [3] Line 680, dist\addons\sourcemod\scripting\empstats.sp::OnClientPostAdminCheck()
L 05/26/2018 - 03:20:31: [SM] Exception reported: Game event "player_disconnect" has no active hook
L 05/26/2018 - 03:20:31: [SM] Blaming: empstats.smx()
L 05/26/2018 - 03:20:31: [SM] Call stack trace:
L 05/26/2018 - 03:20:31: [SM]   [0] UnhookEvent
L 05/26/2018 - 03:20:31: [SM]   [1] Line 338, dist\addons\sourcemod\scripting\empstats.sp::Deactivate()
L 05/26/2018 - 03:20:31: [SM]   [2] Line 290, dist\addons\sourcemod\scripting\empstats.sp::CheckActivate()
L 05/26/2018 - 03:20:31: [SM]   [3] Line 680, dist\addons\sourcemod\scripting\empstats.sp::OnClientPostAdminCheck()
L 05/26/2018 - 03:31:33: [SM] Exception reported: Invalid timer handle 4cb902fe (error 1)
L 05/26/2018 - 03:31:33: [SM] Blaming: umc-emp-mapvote.smx()
L 05/26/2018 - 03:31:33: [SM] Call stack trace:
L 05/26/2018 - 03:31:33: [SM]   [0] KillTimer
L 05/26/2018 - 03:31:33: [SM]   [1] Line 686, D:\Documents\My Folder\Empires Custom UMC Stuff\SourceMod\Workspace\umc-emp-mapvote.sp::UMC_OnNextmapSet()
L 05/26/2018 - 03:31:33: [SM]   [3] Call_Finish
L 05/26/2018 - 03:31:33: [SM]   [4] Line 4834, D:\Documents\My Folder\Empires Custom UMC Stuff\SourceMod\Workspace\umc-core.sp::DoMapChange()
L 05/26/2018 - 03:31:33: [SM]   [5] Line 4267, D:\Documents\My Folder\Empires Custom UMC Stuff\SourceMod\Workspace\umc-core.sp::Handle_MapVoteWinner()
L 05/26/2018 - 03:31:33: [SM]   [6] Line 3819, D:\Documents\My Folder\Empires Custom UMC Stuff\SourceMod\Workspace\umc-core.sp::ProcessVoteWinner()
L 05/26/2018 - 03:31:33: [SM]   [7] Line 3795, D:\Documents\My Folder\Empires Custom UMC Stuff\SourceMod\Workspace\umc-core.sp::ProcessVoteResults()
L 05/26/2018 - 03:31:33: [SM]   [8] Line 1277, D:\Documents\My Folder\Empires Custom UMC Stuff\SourceMod\Workspace\umc-core.sp::Native_UMCVoteManagerComplete()
L 05/26/2018 - 03:31:33: [SM]   [10] UMC_VoteManagerVoteCompleted
L 05/26/2018 - 03:31:33: [SM]   [11] Line 2309, D:\Documents\My Folder\Empires Custom UMC Stuff\SourceMod\Workspace\umc-core.sp::Handle_MapVoteResults()
L 05/26/2018 - 03:31:39: Error log file session closed.
L 05/26/2018 - 03:31:41: SourceMod error session started
L 05/26/2018 - 03:31:41: Info (map "con_district402") (file "errors_20180526.log")
L 05/26/2018 - 03:31:41: [SM] Exception reported: Invalid hook callback specified for game event "player_disconnect"
L 05/26/2018 - 03:31:41: [SM] Blaming: empstats.smx()
L 05/26/2018 - 03:31:41: [SM] Call stack trace:
L 05/26/2018 - 03:31:41: [SM]   [0] UnhookEvent
L 05/26/2018 - 03:31:41: [SM]   [1] Line 338, dist\addons\sourcemod\scripting\empstats.sp::Deactivate()
L 05/26/2018 - 03:31:41: [SM]   [2] Line 290, dist\addons\sourcemod\scripting\empstats.sp::CheckActivate()
L 05/26/2018 - 03:31:41: [SM]   [3] Line 1608, dist\addons\sourcemod\scripting\empstats.sp::EndMapChange()
L 05/26/2018 - 03:31:47: [SM] Exception reported: Invalid hook callback specified for game event "player_disconnect"
L 05/26/2018 - 03:31:47: [SM] Blaming: empstats.smx()
L 05/26/2018 - 03:31:47: [SM] Call stack trace:
L 05/26/2018 - 03:31:47: [SM]   [0] UnhookEvent
L 05/26/2018 - 03:31:47: [SM]   [1] Line 338, dist\addons\sourcemod\scripting\empstats.sp::Deactivate()
L 05/26/2018 - 03:31:47: [SM]   [2] Line 290, dist\addons\sourcemod\scripting\empstats.sp::CheckActivate()
L 05/26/2018 - 03:31:47: [SM]   [3] Line 680, dist\addons\sourcemod\scripting\empstats.sp::OnClientPostAdminCheck()
L 05/26/2018 - 03:36:35: [SM] Exception reported: Game event "player_disconnect" has no active hook
L 05/26/2018 - 03:36:35: [SM] Blaming: empstats.smx()
L 05/26/2018 - 03:36:35: [SM] Call stack trace:
L 05/26/2018 - 03:36:35: [SM]   [0] UnhookEvent
L 05/26/2018 - 03:36:35: [SM]   [1] Line 338, dist\addons\sourcemod\scripting\empstats.sp::Deactivate()
L 05/26/2018 - 03:36:35: [SM]   [2] Line 290, dist\addons\sourcemod\scripting\empstats.sp::CheckActivate()
L 05/26/2018 - 03:36:35: [SM]   [3] Line 680, dist\addons\sourcemod\scripting\empstats.sp::OnClientPostAdminCheck()
L 05/26/2018 - 04:06:56: [SM] Exception reported: Invalid timer handle 506f0361 (error 1)
L 05/26/2018 - 04:06:56: [SM] Blaming: umc-emp-mapvote.smx()
L 05/26/2018 - 04:06:56: [SM] Call stack trace:
L 05/26/2018 - 04:06:56: [SM]   [0] KillTimer
L 05/26/2018 - 04:06:56: [SM]   [1] Line 686, D:\Documents\My Folder\Empires Custom UMC Stuff\SourceMod\Workspace\umc-emp-mapvote.sp::UMC_OnNextmapSet()
L 05/26/2018 - 04:06:56: [SM]   [3] Call_Finish
L 05/26/2018 - 04:06:56: [SM]   [4] Line 4834, D:\Documents\My Folder\Empires Custom UMC Stuff\SourceMod\Workspace\umc-core.sp::DoMapChange()
L 05/26/2018 - 04:06:56: [SM]   [5] Line 4267, D:\Documents\My Folder\Empires Custom UMC Stuff\SourceMod\Workspace\umc-core.sp::Handle_MapVoteWinner()
L 05/26/2018 - 04:06:56: [SM]   [6] Line 3819, D:\Documents\My Folder\Empires Custom UMC Stuff\SourceMod\Workspace\umc-core.sp::ProcessVoteWinner()
L 05/26/2018 - 04:06:56: [SM]   [7] Line 3795, D:\Documents\My Folder\Empires Custom UMC Stuff\SourceMod\Workspace\umc-core.sp::ProcessVoteResults()
L 05/26/2018 - 04:06:56: [SM]   [8] Line 1277, D:\Documents\My Folder\Empires Custom UMC Stuff\SourceMod\Workspace\umc-core.sp::Native_UMCVoteManagerComplete()
L 05/26/2018 - 04:06:56: [SM]   [10] UMC_VoteManagerVoteCompleted
L 05/26/2018 - 04:06:56: [SM]   [11] Line 2309, D:\Documents\My Folder\Empires Custom UMC Stuff\SourceMod\Workspace\umc-core.sp::Handle_MapVoteResults()
L 05/26/2018 - 04:07:02: Error log file session closed.
L 05/26/2018 - 04:07:05: SourceMod error session started
L 05/26/2018 - 04:07:05: Info (map "emp_shadows_attacks_fix") (file "errors_20180526.log")
L 05/26/2018 - 04:07:05: [SM] Exception reported: Invalid hook callback specified for game event "player_disconnect"
L 05/26/2018 - 04:07:05: [SM] Blaming: empstats.smx()
L 05/26/2018 - 04:07:05: [SM] Call stack trace:
L 05/26/2018 - 04:07:05: [SM]   [0] UnhookEvent
L 05/26/2018 - 04:07:05: [SM]   [1] Line 338, dist\addons\sourcemod\scripting\empstats.sp::Deactivate()
L 05/26/2018 - 04:07:05: [SM]   [2] Line 290, dist\addons\sourcemod\scripting\empstats.sp::CheckActivate()
L 05/26/2018 - 04:07:05: [SM]   [3] Line 1608, dist\addons\sourcemod\scripting\empstats.sp::EndMapChange()
L 05/26/2018 - 04:07:24: [SM] Exception reported: Invalid hook callback specified for game event "player_disconnect"
L 05/26/2018 - 04:07:24: [SM] Blaming: empstats.smx()
L 05/26/2018 - 04:07:24: [SM] Call stack trace:
L 05/26/2018 - 04:07:24: [SM]   [0] UnhookEvent
L 05/26/2018 - 04:07:24: [SM]   [1] Line 338, dist\addons\sourcemod\scripting\empstats.sp::Deactivate()
L 05/26/2018 - 04:07:24: [SM]   [2] Line 290, dist\addons\sourcemod\scripting\empstats.sp::CheckActivate()
L 05/26/2018 - 04:07:24: [SM]   [3] Line 680, dist\addons\sourcemod\scripting\empstats.sp::OnClientPostAdminCheck()
L 05/26/2018 - 04:07:50: [SM] Exception reported: Invalid hook callback specified for game event "player_disconnect"
L 05/26/2018 - 04:07:50: [SM] Blaming: empstats.smx()
L 05/26/2018 - 04:07:50: [SM] Call stack trace:
L 05/26/2018 - 04:07:50: [SM]   [0] UnhookEvent
L 05/26/2018 - 04:07:50: [SM]   [1] Line 338, dist\addons\sourcemod\scripting\empstats.sp::Deactivate()
L 05/26/2018 - 04:07:50: [SM]   [2] Line 290, dist\addons\sourcemod\scripting\empstats.sp::CheckActivate()
L 05/26/2018 - 04:07:50: [SM]   [3] Line 680, dist\addons\sourcemod\scripting\empstats.sp::OnClientPostAdminCheck()
L 05/26/2018 - 04:16:11: [SM] Exception reported: Invalid timer handle 528c0373 (error 1)
L 05/26/2018 - 04:16:11: [SM] Blaming: umc-emp-mapvote.smx()
L 05/26/2018 - 04:16:11: [SM] Call stack trace:
L 05/26/2018 - 04:16:11: [SM]   [0] KillTimer
L 05/26/2018 - 04:16:11: [SM]   [1] Line 686, D:\Documents\My Folder\Empires Custom UMC Stuff\SourceMod\Workspace\umc-emp-mapvote.sp::UMC_OnNextmapSet()
L 05/26/2018 - 04:16:11: [SM]   [3] Call_Finish
L 05/26/2018 - 04:16:11: [SM]   [4] Line 4834, D:\Documents\My Folder\Empires Custom UMC Stuff\SourceMod\Workspace\umc-core.sp::DoMapChange()
L 05/26/2018 - 04:16:11: [SM]   [5] Line 4267, D:\Documents\My Folder\Empires Custom UMC Stuff\SourceMod\Workspace\umc-core.sp::Handle_MapVoteWinner()
L 05/26/2018 - 04:16:11: [SM]   [6] Line 3819, D:\Documents\My Folder\Empires Custom UMC Stuff\SourceMod\Workspace\umc-core.sp::ProcessVoteWinner()
L 05/26/2018 - 04:16:11: [SM]   [7] Line 3795, D:\Documents\My Folder\Empires Custom UMC Stuff\SourceMod\Workspace\umc-core.sp::ProcessVoteResults()
L 05/26/2018 - 04:16:11: [SM]   [8] Line 1277, D:\Documents\My Folder\Empires Custom UMC Stuff\SourceMod\Workspace\umc-core.sp::Native_UMCVoteManagerComplete()
L 05/26/2018 - 04:16:11: [SM]   [10] UMC_VoteManagerVoteCompleted
L 05/26/2018 - 04:16:11: [SM]   [11] Line 2309, D:\Documents\My Folder\Empires Custom UMC Stuff\SourceMod\Workspace\umc-core.sp::Handle_MapVoteResults()
L 05/26/2018 - 04:16:17: Error log file session closed.
L 05/26/2018 - 04:16:20: SourceMod error session started
L 05/26/2018 - 04:16:20: Info (map "emp_crossroads_towerless_hce") (file "errors_20180526.log")
L 05/26/2018 - 04:16:20: [SM] Exception reported: Invalid hook callback specified for game event "player_disconnect"
L 05/26/2018 - 04:16:20: [SM] Blaming: empstats.smx()
L 05/26/2018 - 04:16:20: [SM] Call stack trace:
L 05/26/2018 - 04:16:20: [SM]   [0] UnhookEvent
L 05/26/2018 - 04:16:20: [SM]   [1] Line 338, dist\addons\sourcemod\scripting\empstats.sp::Deactivate()
L 05/26/2018 - 04:16:20: [SM]   [2] Line 290, dist\addons\sourcemod\scripting\empstats.sp::CheckActivate()
L 05/26/2018 - 04:16:20: [SM]   [3] Line 1608, dist\addons\sourcemod\scripting\empstats.sp::EndMapChange()
L 05/26/2018 - 04:16:29: [SM] Exception reported: Invalid hook callback specified for game event "player_disconnect"
L 05/26/2018 - 04:16:29: [SM] Blaming: empstats.smx()
L 05/26/2018 - 04:16:29: [SM] Call stack trace:
L 05/26/2018 - 04:16:29: [SM]   [0] UnhookEvent
L 05/26/2018 - 04:16:29: [SM]   [1] Line 338, dist\addons\sourcemod\scripting\empstats.sp::Deactivate()
L 05/26/2018 - 04:16:29: [SM]   [2] Line 290, dist\addons\sourcemod\scripting\empstats.sp::CheckActivate()
L 05/26/2018 - 04:16:29: [SM]   [3] Line 680, dist\addons\sourcemod\scripting\empstats.sp::OnClientPostAdminCheck()
L 05/26/2018 - 04:16:40: [SM] Exception reported: Invalid hook callback specified for game event "player_disconnect"
L 05/26/2018 - 04:16:40: [SM] Blaming: empstats.smx()
L 05/26/2018 - 04:16:40: [SM] Call stack trace:
L 05/26/2018 - 04:16:40: [SM]   [0] UnhookEvent
L 05/26/2018 - 04:16:40: [SM]   [1] Line 338, dist\addons\sourcemod\scripting\empstats.sp::Deactivate()
L 05/26/2018 - 04:16:40: [SM]   [2] Line 290, dist\addons\sourcemod\scripting\empstats.sp::CheckActivate()
L 05/26/2018 - 04:16:40: [SM]   [3] Line 680, dist\addons\sourcemod\scripting\empstats.sp::OnClientPostAdminCheck()
L 05/26/2018 - 05:22:15: [SM] Exception reported: Invalid timer handle 58280381 (error 3)
L 05/26/2018 - 05:22:15: [SM] Blaming: umc-emp-mapvote.smx()
L 05/26/2018 - 05:22:15: [SM] Call stack trace:
L 05/26/2018 - 05:22:15: [SM]   [0] KillTimer
L 05/26/2018 - 05:22:15: [SM]   [1] Line 686, D:\Documents\My Folder\Empires Custom UMC Stuff\SourceMod\Workspace\umc-emp-mapvote.sp::UMC_OnNextmapSet()
L 05/26/2018 - 05:22:15: [SM]   [3] Call_Finish
L 05/26/2018 - 05:22:15: [SM]   [4] Line 4834, D:\Documents\My Folder\Empires Custom UMC Stuff\SourceMod\Workspace\umc-core.sp::DoMapChange()
L 05/26/2018 - 05:22:15: [SM]   [5] Line 1767, D:\Documents\My Folder\Empires Custom UMC Stuff\SourceMod\Workspace\umc-core.sp::Native_UMCSetNextMap()
L 05/26/2018 - 05:22:15: [SM]   [7] UMC_SetNextMap
L 05/26/2018 - 05:22:15: [SM]   [8] Line 621, D:\Documents\My Folder\Empires Custom UMC Stuff\SourceMod\Workspace\umc-emp-mapvote.sp::DoRandomNextMap()
L 05/26/2018 - 05:22:15: [SM]   [9] Line 606, D:\Documents\My Folder\Empires Custom UMC Stuff\SourceMod\Workspace\umc-emp-mapvote.sp::DoMapChangeFailSafe()
L 05/26/2018 - 05:22:15: [SM]   [10] Line 722, D:\Documents\My Folder\Empires Custom UMC Stuff\SourceMod\Workspace\umc-emp-mapvote.sp::UMC_OnVoteFailed()
L 05/26/2018 - 05:22:15: [SM]   [12] Call_Finish
L 05/26/2018 - 05:22:15: [SM]   [13] Line 4796, D:\Documents\My Folder\Empires Custom UMC Stuff\SourceMod\Workspace\umc-core.sp::VoteFailed()
L 05/26/2018 - 05:22:15: [SM]   [14] Line 3507, D:\Documents\My Folder\Empires Custom UMC Stuff\SourceMod\Workspace\umc-core.sp::VoteCancelled()
L 05/26/2018 - 05:22:15: [SM]   [15] Line 1177, D:\Documents\My Folder\Empires Custom UMC Stuff\SourceMod\Workspace\umc-core.sp::Native_UMCVoteManagerCancel()
L 05/26/2018 - 05:22:15: [SM]   [17] UMC_VoteManagerVoteCancelled
L 05/26/2018 - 05:22:15: [SM]   [18] Line 2276, D:\Documents\My Folder\Empires Custom UMC Stuff\SourceMod\Workspace\umc-core.sp::Handle_VoteMenu()
L 05/26/2018 - 05:22:20: Error log file session closed.
L 05/26/2018 - 05:22:23: SourceMod error session started
L 05/26/2018 - 05:22:23: Info (map "fun_ricochet_a4") (file "errors_20180526.log")
L 05/26/2018 - 05:22:23: [SM] Exception reported: Invalid hook callback specified for game event "player_disconnect"
L 05/26/2018 - 05:22:23: [SM] Blaming: empstats.smx()
L 05/26/2018 - 05:22:23: [SM] Call stack trace:
L 05/26/2018 - 05:22:23: [SM]   [0] UnhookEvent
L 05/26/2018 - 05:22:23: [SM]   [1] Line 338, dist\addons\sourcemod\scripting\empstats.sp::Deactivate()
L 05/26/2018 - 05:22:23: [SM]   [2] Line 290, dist\addons\sourcemod\scripting\empstats.sp::CheckActivate()
L 05/26/2018 - 05:22:23: [SM]   [3] Line 1608, dist\addons\sourcemod\scripting\empstats.sp::EndMapChange()
L 05/26/2018 - 05:22:24: [SM] Exception reported: Invalid hook callback specified for game event "player_disconnect"
L 05/26/2018 - 05:22:24: [SM] Blaming: empstats.smx()
L 05/26/2018 - 05:22:24: [SM] Call stack trace:
L 05/26/2018 - 05:22:24: [SM]   [0] UnhookEvent
L 05/26/2018 - 05:22:24: [SM]   [1] Line 338, dist\addons\sourcemod\scripting\empstats.sp::Deactivate()
L 05/26/2018 - 05:22:24: [SM]   [2] Line 290, dist\addons\sourcemod\scripting\empstats.sp::CheckActivate()
L 05/26/2018 - 05:22:24: [SM]   [3] Line 680, dist\addons\sourcemod\scripting\empstats.sp::OnClientPostAdminCheck()
L 05/26/2018 - 05:22:24: [SM] Exception reported: Invalid hook callback specified for game event "player_disconnect"
L 05/26/2018 - 05:22:24: [SM] Blaming: empstats.smx()
L 05/26/2018 - 05:22:24: [SM] Call stack trace:
L 05/26/2018 - 05:22:24: [SM]   [0] UnhookEvent
L 05/26/2018 - 05:22:24: [SM]   [1] Line 338, dist\addons\sourcemod\scripting\empstats.sp::Deactivate()
L 05/26/2018 - 05:22:24: [SM]   [2] Line 290, dist\addons\sourcemod\scripting\empstats.sp::CheckActivate()
L 05/26/2018 - 05:22:24: [SM]   [3] Line 680, dist\addons\sourcemod\scripting\empstats.sp::OnClientPostAdminCheck()
L 05/26/2018 - 05:29:28: [SM] Exception reported: Invalid timer handle 5a62037e (error 1)
L 05/26/2018 - 05:29:28: [SM] Blaming: umc-emp-mapvote.smx()
L 05/26/2018 - 05:29:28: [SM] Call stack trace:
L 05/26/2018 - 05:29:28: [SM]   [0] KillTimer
L 05/26/2018 - 05:29:28: [SM]   [1] Line 686, D:\Documents\My Folder\Empires Custom UMC Stuff\SourceMod\Workspace\umc-emp-mapvote.sp::UMC_OnNextmapSet()
L 05/26/2018 - 05:29:28: [SM]   [3] Call_Finish
L 05/26/2018 - 05:29:28: [SM]   [4] Line 4834, D:\Documents\My Folder\Empires Custom UMC Stuff\SourceMod\Workspace\umc-core.sp::DoMapChange()
L 05/26/2018 - 05:29:28: [SM]   [5] Line 1767, D:\Documents\My Folder\Empires Custom UMC Stuff\SourceMod\Workspace\umc-core.sp::Native_UMCSetNextMap()
L 05/26/2018 - 05:29:28: [SM]   [7] UMC_SetNextMap
L 05/26/2018 - 05:29:28: [SM]   [8] Line 621, D:\Documents\My Folder\Empires Custom UMC Stuff\SourceMod\Workspace\umc-emp-mapvote.sp::DoRandomNextMap()
L 05/26/2018 - 05:29:28: [SM]   [9] Line 606, D:\Documents\My Folder\Empires Custom UMC Stuff\SourceMod\Workspace\umc-emp-mapvote.sp::DoMapChangeFailSafe()
L 05/26/2018 - 05:29:28: [SM]   [10] Line 722, D:\Documents\My Folder\Empires Custom UMC Stuff\SourceMod\Workspace\umc-emp-mapvote.sp::UMC_OnVoteFailed()
L 05/26/2018 - 05:29:28: [SM]   [12] Call_Finish
L 05/26/2018 - 05:29:28: [SM]   [13] Line 4796, D:\Documents\My Folder\Empires Custom UMC Stuff\SourceMod\Workspace\umc-core.sp::VoteFailed()
L 05/26/2018 - 05:29:28: [SM]   [14] Line 3507, D:\Documents\My Folder\Empires Custom UMC Stuff\SourceMod\Workspace\umc-core.sp::VoteCancelled()
L 05/26/2018 - 05:29:28: [SM]   [15] Line 1177, D:\Documents\My Folder\Empires Custom UMC Stuff\SourceMod\Workspace\umc-core.sp::Native_UMCVoteManagerCancel()
L 05/26/2018 - 05:29:28: [SM]   [17] UMC_VoteManagerVoteCancelled
L 05/26/2018 - 05:29:28: [SM]   [18] Line 2276, D:\Documents\My Folder\Empires Custom UMC Stuff\SourceMod\Workspace\umc-core.sp::Handle_VoteMenu()
L 05/26/2018 - 05:29:34: Error log file session closed.
L 05/26/2018 - 05:29:36: SourceMod error session started
L 05/26/2018 - 05:29:36: Info (map "emp_drygulch_a7") (file "errors_20180526.log")
L 05/26/2018 - 05:29:36: [SM] Exception reported: Invalid hook callback specified for game event "player_disconnect"
L 05/26/2018 - 05:29:36: [SM] Blaming: empstats.smx()
L 05/26/2018 - 05:29:36: [SM] Call stack trace:
L 05/26/2018 - 05:29:36: [SM]   [0] UnhookEvent
L 05/26/2018 - 05:29:36: [SM]   [1] Line 338, dist\addons\sourcemod\scripting\empstats.sp::Deactivate()
L 05/26/2018 - 05:29:36: [SM]   [2] Line 290, dist\addons\sourcemod\scripting\empstats.sp::CheckActivate()
L 05/26/2018 - 05:29:36: [SM]   [3] Line 1608, dist\addons\sourcemod\scripting\empstats.sp::EndMapChange()
L 05/26/2018 - 09:33:48: [SM] Exception reported: Invalid hook callback specified for game event "player_disconnect"
L 05/26/2018 - 09:33:48: [SM] Blaming: empstats.smx()
L 05/26/2018 - 09:33:48: [SM] Call stack trace:
L 05/26/2018 - 09:33:48: [SM]   [0] UnhookEvent
L 05/26/2018 - 09:33:48: [SM]   [1] Line 338, dist\addons\sourcemod\scripting\empstats.sp::Deactivate()
L 05/26/2018 - 09:33:48: [SM]   [2] Line 290, dist\addons\sourcemod\scripting\empstats.sp::CheckActivate()
L 05/26/2018 - 09:33:48: [SM]   [3] Line 680, dist\addons\sourcemod\scripting\empstats.sp::OnClientPostAdminCheck()
L 05/26/2018 - 14:35:29: [SM] Exception reported: Game event "player_disconnect" has no active hook
L 05/26/2018 - 14:35:29: [SM] Blaming: empstats.smx()
L 05/26/2018 - 14:35:29: [SM] Call stack trace:
L 05/26/2018 - 14:35:29: [SM]   [0] UnhookEvent
L 05/26/2018 - 14:35:29: [SM]   [1] Line 338, dist\addons\sourcemod\scripting\empstats.sp::Deactivate()
L 05/26/2018 - 14:35:29: [SM]   [2] Line 290, dist\addons\sourcemod\scripting\empstats.sp::CheckActivate()
L 05/26/2018 - 14:35:29: [SM]   [3] Line 1014, dist\addons\sourcemod\scripting\empstats.sp::OnClientDisconnect_Post()
L 05/26/2018 - 14:58:20: [SM] Exception reported: Game event "player_disconnect" has no active hook
L 05/26/2018 - 14:58:20: [SM] Blaming: empstats.smx()
L 05/26/2018 - 14:58:20: [SM] Call stack trace:
L 05/26/2018 - 14:58:20: [SM]   [0] UnhookEvent
L 05/26/2018 - 14:58:20: [SM]   [1] Line 338, dist\addons\sourcemod\scripting\empstats.sp::Deactivate()
L 05/26/2018 - 14:58:20: [SM]   [2] Line 290, dist\addons\sourcemod\scripting\empstats.sp::CheckActivate()
L 05/26/2018 - 14:58:20: [SM]   [3] Line 680, dist\addons\sourcemod\scripting\empstats.sp::OnClientPostAdminCheck()
L 05/26/2018 - 15:03:29: [SM] Exception reported: Game event "player_disconnect" has no active hook
L 05/26/2018 - 15:03:29: [SM] Blaming: empstats.smx()
L 05/26/2018 - 15:03:29: [SM] Call stack trace:
L 05/26/2018 - 15:03:29: [SM]   [0] UnhookEvent
L 05/26/2018 - 15:03:29: [SM]   [1] Line 338, dist\addons\sourcemod\scripting\empstats.sp::Deactivate()
L 05/26/2018 - 15:03:29: [SM]   [2] Line 290, dist\addons\sourcemod\scripting\empstats.sp::CheckActivate()
L 05/26/2018 - 15:03:29: [SM]   [3] Line 680, dist\addons\sourcemod\scripting\empstats.sp::OnClientPostAdminCheck()
L 05/26/2018 - 16:09:08: [SM] Exception reported: Game event "player_disconnect" has no active hook
L 05/26/2018 - 16:09:08: [SM] Blaming: empstats.smx()
L 05/26/2018 - 16:09:08: [SM] Call stack trace:
L 05/26/2018 - 16:09:08: [SM]   [0] UnhookEvent
L 05/26/2018 - 16:09:08: [SM]   [1] Line 338, dist\addons\sourcemod\scripting\empstats.sp::Deactivate()
L 05/26/2018 - 16:09:08: [SM]   [2] Line 290, dist\addons\sourcemod\scripting\empstats.sp::CheckActivate()
L 05/26/2018 - 16:09:08: [SM]   [3] Line 680, dist\addons\sourcemod\scripting\empstats.sp::OnClientPostAdminCheck()
L 05/26/2018 - 16:09:09: [SM] Exception reported: Game event "player_disconnect" has no active hook
L 05/26/2018 - 16:09:09: [SM] Blaming: empstats.smx()
L 05/26/2018 - 16:09:09: [SM] Call stack trace:
L 05/26/2018 - 16:09:09: [SM]   [0] UnhookEvent
L 05/26/2018 - 16:09:09: [SM]   [1] Line 338, dist\addons\sourcemod\scripting\empstats.sp::Deactivate()
L 05/26/2018 - 16:09:09: [SM]   [2] Line 290, dist\addons\sourcemod\scripting\empstats.sp::CheckActivate()
L 05/26/2018 - 16:09:09: [SM]   [3] Line 680, dist\addons\sourcemod\scripting\empstats.sp::OnClientPostAdminCheck()
L 05/26/2018 - 16:16:02: [SM] Exception reported: Invalid timer handle 6dff02e6 (error 1)
L 05/26/2018 - 16:16:02: [SM] Blaming: umc-emp-mapvote.smx()
L 05/26/2018 - 16:16:02: [SM] Call stack trace:
L 05/26/2018 - 16:16:02: [SM]   [0] KillTimer
L 05/26/2018 - 16:16:02: [SM]   [1] Line 686, D:\Documents\My Folder\Empires Custom UMC Stuff\SourceMod\Workspace\umc-emp-mapvote.sp::UMC_OnNextmapSet()
L 05/26/2018 - 16:16:02: [SM]   [3] Call_Finish
L 05/26/2018 - 16:16:02: [SM]   [4] Line 4834, D:\Documents\My Folder\Empires Custom UMC Stuff\SourceMod\Workspace\umc-core.sp::DoMapChange()
L 05/26/2018 - 16:16:02: [SM]   [5] Line 1767, D:\Documents\My Folder\Empires Custom UMC Stuff\SourceMod\Workspace\umc-core.sp::Native_UMCSetNextMap()
L 05/26/2018 - 16:16:02: [SM]   [7] UMC_SetNextMap
L 05/26/2018 - 16:16:02: [SM]   [8] Line 621, D:\Documents\My Folder\Empires Custom UMC Stuff\SourceMod\Workspace\umc-emp-mapvote.sp::DoRandomNextMap()
L 05/26/2018 - 16:16:02: [SM]   [9] Line 606, D:\Documents\My Folder\Empires Custom UMC Stuff\SourceMod\Workspace\umc-emp-mapvote.sp::DoMapChangeFailSafe()
L 05/26/2018 - 16:16:02: [SM]   [10] Line 722, D:\Documents\My Folder\Empires Custom UMC Stuff\SourceMod\Workspace\umc-emp-mapvote.sp::UMC_OnVoteFailed()
L 05/26/2018 - 16:16:02: [SM]   [12] Call_Finish
L 05/26/2018 - 16:16:02: [SM]   [13] Line 4796, D:\Documents\My Folder\Empires Custom UMC Stuff\SourceMod\Workspace\umc-core.sp::VoteFailed()
L 05/26/2018 - 16:16:02: [SM]   [14] Line 3507, D:\Documents\My Folder\Empires Custom UMC Stuff\SourceMod\Workspace\umc-core.sp::VoteCancelled()
L 05/26/2018 - 16:16:02: [SM]   [15] Line 1177, D:\Documents\My Folder\Empires Custom UMC Stuff\SourceMod\Workspace\umc-core.sp::Native_UMCVoteManagerCancel()
L 05/26/2018 - 16:16:02: [SM]   [17] UMC_VoteManagerVoteCancelled
L 05/26/2018 - 16:16:02: [SM]   [18] Line 2276, D:\Documents\My Folder\Empires Custom UMC Stuff\SourceMod\Workspace\umc-core.sp::Handle_VoteMenu()
L 05/26/2018 - 16:16:07: Error log file session closed.
L 05/26/2018 - 16:16:09: SourceMod error session started
L 05/26/2018 - 16:16:09: Info (map "emp_downfall_hce") (file "errors_20180526.log")
L 05/26/2018 - 16:16:09: [SM] Exception reported: Invalid hook callback specified for game event "player_disconnect"
L 05/26/2018 - 16:16:09: [SM] Blaming: empstats.smx()
L 05/26/2018 - 16:16:09: [SM] Call stack trace:
L 05/26/2018 - 16:16:09: [SM]   [0] UnhookEvent
L 05/26/2018 - 16:16:09: [SM]   [1] Line 338, dist\addons\sourcemod\scripting\empstats.sp::Deactivate()
L 05/26/2018 - 16:16:09: [SM]   [2] Line 290, dist\addons\sourcemod\scripting\empstats.sp::CheckActivate()
L 05/26/2018 - 16:16:09: [SM]   [3] Line 1608, dist\addons\sourcemod\scripting\empstats.sp::EndMapChange()
L 05/26/2018 - 16:27:30: [SM] Exception reported: Invalid hook callback specified for game event "player_disconnect"
L 05/26/2018 - 16:27:30: [SM] Blaming: empstats.smx()
L 05/26/2018 - 16:27:30: [SM] Call stack trace:
L 05/26/2018 - 16:27:30: [SM]   [0] UnhookEvent
L 05/26/2018 - 16:27:30: [SM]   [1] Line 338, dist\addons\sourcemod\scripting\empstats.sp::Deactivate()
L 05/26/2018 - 16:27:30: [SM]   [2] Line 290, dist\addons\sourcemod\scripting\empstats.sp::CheckActivate()
L 05/26/2018 - 16:27:30: [SM]   [3] Line 680, dist\addons\sourcemod\scripting\empstats.sp::OnClientPostAdminCheck()
L 05/26/2018 - 16:43:11: [SM] Exception reported: Invalid hook callback specified for game event "player_disconnect"
L 05/26/2018 - 16:43:11: [SM] Blaming: empstats.smx()
L 05/26/2018 - 16:43:11: [SM] Call stack trace:
L 05/26/2018 - 16:43:11: [SM]   [0] UnhookEvent
L 05/26/2018 - 16:43:11: [SM]   [1] Line 338, dist\addons\sourcemod\scripting\empstats.sp::Deactivate()
L 05/26/2018 - 16:43:11: [SM]   [2] Line 290, dist\addons\sourcemod\scripting\empstats.sp::CheckActivate()
L 05/26/2018 - 16:43:11: [SM]   [3] Line 680, dist\addons\sourcemod\scripting\empstats.sp::OnClientPostAdminCheck()
L 05/26/2018 - 16:56:24: [SM] Exception reported: Invalid hook callback specified for game event "player_disconnect"
L 05/26/2018 - 16:56:24: [SM] Blaming: empstats.smx()
L 05/26/2018 - 16:56:24: [SM] Call stack trace:
L 05/26/2018 - 16:56:24: [SM]   [0] UnhookEvent
L 05/26/2018 - 16:56:24: [SM]   [1] Line 338, dist\addons\sourcemod\scripting\empstats.sp::Deactivate()
L 05/26/2018 - 16:56:24: [SM]   [2] Line 290, dist\addons\sourcemod\scripting\empstats.sp::CheckActivate()
L 05/26/2018 - 16:56:24: [SM]   [3] Line 680, dist\addons\sourcemod\scripting\empstats.sp::OnClientPostAdminCheck()
L 05/26/2018 - 17:29:06: [SM] Exception reported: Game event "player_disconnect" has no active hook
L 05/26/2018 - 17:29:06: [SM] Blaming: empstats.smx()
L 05/26/2018 - 17:29:06: [SM] Call stack trace:
L 05/26/2018 - 17:29:06: [SM]   [0] UnhookEvent
L 05/26/2018 - 17:29:06: [SM]   [1] Line 338, dist\addons\sourcemod\scripting\empstats.sp::Deactivate()
L 05/26/2018 - 17:29:06: [SM]   [2] Line 290, dist\addons\sourcemod\scripting\empstats.sp::CheckActivate()
L 05/26/2018 - 17:29:06: [SM]   [3] Line 1014, dist\addons\sourcemod\scripting\empstats.sp::OnClientDisconnect_Post()
L 05/26/2018 - 18:35:53: [SM] Exception reported: Invalid timer handle 762d0336 (error 1)
L 05/26/2018 - 18:35:53: [SM] Blaming: umc-emp-mapvote.smx()
L 05/26/2018 - 18:35:53: [SM] Call stack trace:
L 05/26/2018 - 18:35:53: [SM]   [0] KillTimer
L 05/26/2018 - 18:35:53: [SM]   [1] Line 686, D:\Documents\My Folder\Empires Custom UMC Stuff\SourceMod\Workspace\umc-emp-mapvote.sp::UMC_OnNextmapSet()
L 05/26/2018 - 18:35:53: [SM]   [3] Call_Finish
L 05/26/2018 - 18:35:53: [SM]   [4] Line 4834, D:\Documents\My Folder\Empires Custom UMC Stuff\SourceMod\Workspace\umc-core.sp::DoMapChange()
L 05/26/2018 - 18:35:53: [SM]   [5] Line 4267, D:\Documents\My Folder\Empires Custom UMC Stuff\SourceMod\Workspace\umc-core.sp::Handle_MapVoteWinner()
L 05/26/2018 - 18:35:53: [SM]   [6] Line 3819, D:\Documents\My Folder\Empires Custom UMC Stuff\SourceMod\Workspace\umc-core.sp::ProcessVoteWinner()
L 05/26/2018 - 18:35:53: [SM]   [7] Line 3795, D:\Documents\My Folder\Empires Custom UMC Stuff\SourceMod\Workspace\umc-core.sp::ProcessVoteResults()
L 05/26/2018 - 18:35:53: [SM]   [8] Line 1277, D:\Documents\My Folder\Empires Custom UMC Stuff\SourceMod\Workspace\umc-core.sp::Native_UMCVoteManagerComplete()
L 05/26/2018 - 18:35:53: [SM]   [10] UMC_VoteManagerVoteCompleted
L 05/26/2018 - 18:35:53: [SM]   [11] Line 2309, D:\Documents\My Folder\Empires Custom UMC Stuff\SourceMod\Workspace\umc-core.sp::Handle_MapVoteResults()
L 05/26/2018 - 18:35:59: Error log file session closed.
L 05/26/2018 - 18:36:01: SourceMod error session started
L 05/26/2018 - 18:36:01: Info (map "emp_vehicletraining_2013") (file "errors_20180526.log")
L 05/26/2018 - 18:36:01: [SM] Exception reported: Invalid hook callback specified for game event "player_disconnect"
L 05/26/2018 - 18:36:01: [SM] Blaming: empstats.smx()
L 05/26/2018 - 18:36:01: [SM] Call stack trace:
L 05/26/2018 - 18:36:01: [SM]   [0] UnhookEvent
L 05/26/2018 - 18:36:01: [SM]   [1] Line 338, dist\addons\sourcemod\scripting\empstats.sp::Deactivate()
L 05/26/2018 - 18:36:01: [SM]   [2] Line 290, dist\addons\sourcemod\scripting\empstats.sp::CheckActivate()
L 05/26/2018 - 18:36:01: [SM]   [3] Line 1608, dist\addons\sourcemod\scripting\empstats.sp::EndMapChange()
L 05/26/2018 - 18:36:02: [SM] Exception reported: Invalid hook callback specified for game event "player_disconnect"
L 05/26/2018 - 18:36:02: [SM] Blaming: empstats.smx()
L 05/26/2018 - 18:36:02: [SM] Call stack trace:
L 05/26/2018 - 18:36:02: [SM]   [0] UnhookEvent
L 05/26/2018 - 18:36:02: [SM]   [1] Line 338, dist\addons\sourcemod\scripting\empstats.sp::Deactivate()
L 05/26/2018 - 18:36:02: [SM]   [2] Line 290, dist\addons\sourcemod\scripting\empstats.sp::CheckActivate()
L 05/26/2018 - 18:36:02: [SM]   [3] Line 680, dist\addons\sourcemod\scripting\empstats.sp::OnClientPostAdminCheck()
L 05/26/2018 - 18:36:08: [SM] Exception reported: Invalid hook callback specified for game event "player_disconnect"
L 05/26/2018 - 18:36:08: [SM] Blaming: empstats.smx()
L 05/26/2018 - 18:36:08: [SM] Call stack trace:
L 05/26/2018 - 18:36:08: [SM]   [0] UnhookEvent
L 05/26/2018 - 18:36:08: [SM]   [1] Line 338, dist\addons\sourcemod\scripting\empstats.sp::Deactivate()
L 05/26/2018 - 18:36:08: [SM]   [2] Line 290, dist\addons\sourcemod\scripting\empstats.sp::CheckActivate()
L 05/26/2018 - 18:36:08: [SM]   [3] Line 680, dist\addons\sourcemod\scripting\empstats.sp::OnClientPostAdminCheck()
L 05/26/2018 - 19:05:05: SourceMod error session started
L 05/26/2018 - 19:05:05: Info (map "con_district402") (file "errors_20180526.log")
L 05/26/2018 - 19:05:05: [SDKTOOLS] Invalid detour address passed - Disabling detour to prevent crashes
L 05/26/2018 - 19:05:05: [SDKTOOLS] Failed to find PlayerRunCmd offset - OnPlayerRunCmd forward disabled.
L 05/26/2018 - 19:05:33: Error log file session closed.
L 05/26/2018 - 19:51:04: SourceMod error session started
L 05/26/2018 - 19:51:04: Info (map "emp_vehicletraining_2013") (file "errors_20180526.log")
L 05/26/2018 - 19:51:04: [SM] Exception reported: Invalid timer handle 7920301 (error 1)
L 05/26/2018 - 19:51:04: [SM] Blaming: umc-emp-mapvote.smx()
L 05/26/2018 - 19:51:04: [SM] Call stack trace:
L 05/26/2018 - 19:51:04: [SM]   [0] KillTimer
L 05/26/2018 - 19:51:04: [SM]   [1] Line 686, D:\Documents\My Folder\Empires Custom UMC Stuff\SourceMod\Workspace\umc-emp-mapvote.sp::UMC_OnNextmapSet()
L 05/26/2018 - 19:51:04: [SM]   [3] Call_Finish
L 05/26/2018 - 19:51:04: [SM]   [4] Line 4834, D:\Documents\My Folder\Empires Custom UMC Stuff\SourceMod\Workspace\umc-core.sp::DoMapChange()
L 05/26/2018 - 19:51:04: [SM]   [5] Line 4267, D:\Documents\My Folder\Empires Custom UMC Stuff\SourceMod\Workspace\umc-core.sp::Handle_MapVoteWinner()
L 05/26/2018 - 19:51:04: [SM]   [6] Line 3819, D:\Documents\My Folder\Empires Custom UMC Stuff\SourceMod\Workspace\umc-core.sp::ProcessVoteWinner()
L 05/26/2018 - 19:51:04: [SM]   [7] Line 3795, D:\Documents\My Folder\Empires Custom UMC Stuff\SourceMod\Workspace\umc-core.sp::ProcessVoteResults()
L 05/26/2018 - 19:51:04: [SM]   [8] Line 1277, D:\Documents\My Folder\Empires Custom UMC Stuff\SourceMod\Workspace\umc-core.sp::Native_UMCVoteManagerComplete()
L 05/26/2018 - 19:51:04: [SM]   [10] UMC_VoteManagerVoteCompleted
L 05/26/2018 - 19:51:04: [SM]   [11] Line 2309, D:\Documents\My Folder\Empires Custom UMC Stuff\SourceMod\Workspace\umc-core.sp::Handle_MapVoteResults()
L 05/26/2018 - 19:51:10: Error log file session closed.
L 05/26/2018 - 20:54:50: SourceMod error session started
L 05/26/2018 - 20:54:50: Info (map "emp_crossroads_towerless_hce") (file "errors_20180526.log")
L 05/26/2018 - 20:54:50: [SM] Exception reported: Invalid timer handle e630171 (error 1)
L 05/26/2018 - 20:54:50: [SM] Blaming: umc-emp-mapvote.smx()
L 05/26/2018 - 20:54:50: [SM] Call stack trace:
L 05/26/2018 - 20:54:50: [SM]   [0] KillTimer
L 05/26/2018 - 20:54:50: [SM]   [1] Line 686, D:\Documents\My Folder\Empires Custom UMC Stuff\SourceMod\Workspace\umc-emp-mapvote.sp::UMC_OnNextmapSet()
L 05/26/2018 - 20:54:50: [SM]   [3] Call_Finish
L 05/26/2018 - 20:54:50: [SM]   [4] Line 4834, D:\Documents\My Folder\Empires Custom UMC Stuff\SourceMod\Workspace\umc-core.sp::DoMapChange()
L 05/26/2018 - 20:54:50: [SM]   [5] Line 4267, D:\Documents\My Folder\Empires Custom UMC Stuff\SourceMod\Workspace\umc-core.sp::Handle_MapVoteWinner()
L 05/26/2018 - 20:54:50: [SM]   [6] Line 3819, D:\Documents\My Folder\Empires Custom UMC Stuff\SourceMod\Workspace\umc-core.sp::ProcessVoteWinner()
L 05/26/2018 - 20:54:50: [SM]   [7] Line 3795, D:\Documents\My Folder\Empires Custom UMC Stuff\SourceMod\Workspace\umc-core.sp::ProcessVoteResults()
L 05/26/2018 - 20:54:50: [SM]   [8] Line 1277, D:\Documents\My Folder\Empires Custom UMC Stuff\SourceMod\Workspace\umc-core.sp::Native_UMCVoteManagerComplete()
L 05/26/2018 - 20:54:50: [SM]   [10] UMC_VoteManagerVoteCompleted
L 05/26/2018 - 20:54:50: [SM]   [11] Line 2309, D:\Documents\My Folder\Empires Custom UMC Stuff\SourceMod\Workspace\umc-core.sp::Handle_MapVoteResults()
L 05/26/2018 - 20:54:55: Error log file session closed.
L 05/26/2018 - 21:11:43: SourceMod error session started
L 05/26/2018 - 21:11:43: Info (map "emp_palmbay_fix") (file "errors_20180526.log")
L 05/26/2018 - 21:11:43: [SM] Exception reported: Invalid timer handle 17260353 (error 1)
L 05/26/2018 - 21:11:43: [SM] Blaming: umc-emp-mapvote.smx()
L 05/26/2018 - 21:11:43: [SM] Call stack trace:
L 05/26/2018 - 21:11:43: [SM]   [0] KillTimer
L 05/26/2018 - 21:11:43: [SM]   [1] Line 686, D:\Documents\My Folder\Empires Custom UMC Stuff\SourceMod\Workspace\umc-emp-mapvote.sp::UMC_OnNextmapSet()
L 05/26/2018 - 21:11:43: [SM]   [3] Call_Finish
L 05/26/2018 - 21:11:43: [SM]   [4] Line 4834, D:\Documents\My Folder\Empires Custom UMC Stuff\SourceMod\Workspace\umc-core.sp::DoMapChange()
L 05/26/2018 - 21:11:43: [SM]   [5] Line 4451, D:\Documents\My Folder\Empires Custom UMC Stuff\SourceMod\Workspace\umc-core.sp::Handle_CatVoteWinner()
L 05/26/2018 - 21:11:43: [SM]   [6] Line 3821, D:\Documents\My Folder\Empires Custom UMC Stuff\SourceMod\Workspace\umc-core.sp::ProcessVoteWinner()
L 05/26/2018 - 21:11:43: [SM]   [7] Line 3795, D:\Documents\My Folder\Empires Custom UMC Stuff\SourceMod\Workspace\umc-core.sp::ProcessVoteResults()
L 05/26/2018 - 21:11:43: [SM]   [8] Line 1277, D:\Documents\My Folder\Empires Custom UMC Stuff\SourceMod\Workspace\umc-core.sp::Native_UMCVoteManagerComplete()
L 05/26/2018 - 21:11:43: [SM]   [10] UMC_VoteManagerVoteCompleted
L 05/26/2018 - 21:11:43: [SM]   [11] Line 2309, D:\Documents\My Folder\Empires Custom UMC Stuff\SourceMod\Workspace\umc-core.sp::Handle_MapVoteResults()
L 05/26/2018 - 21:12:05: Error log file session closed.
L 05/26/2018 - 22:35:26: SourceMod error session started
L 05/26/2018 - 22:35:26: Info (map "emp_arid_hce") (file "errors_20180526.log")
L 05/26/2018 - 22:35:26: [SM] Exception reported: Invalid timer handle 398f03a8 (error 3)
L 05/26/2018 - 22:35:26: [SM] Blaming: umc-emp-mapvote.smx()
L 05/26/2018 - 22:35:26: [SM] Call stack trace:
L 05/26/2018 - 22:35:26: [SM]   [0] KillTimer
L 05/26/2018 - 22:35:26: [SM]   [1] Line 686, D:\Documents\My Folder\Empires Custom UMC Stuff\SourceMod\Workspace\umc-emp-mapvote.sp::UMC_OnNextmapSet()
L 05/26/2018 - 22:35:26: [SM]   [3] Call_Finish
L 05/26/2018 - 22:35:26: [SM]   [4] Line 4834, D:\Documents\My Folder\Empires Custom UMC Stuff\SourceMod\Workspace\umc-core.sp::DoMapChange()
L 05/26/2018 - 22:35:26: [SM]   [5] Line 4267, D:\Documents\My Folder\Empires Custom UMC Stuff\SourceMod\Workspace\umc-core.sp::Handle_MapVoteWinner()
L 05/26/2018 - 22:35:26: [SM]   [6] Line 3819, D:\Documents\My Folder\Empires Custom UMC Stuff\SourceMod\Workspace\umc-core.sp::ProcessVoteWinner()
L 05/26/2018 - 22:35:26: [SM]   [7] Line 3795, D:\Documents\My Folder\Empires Custom UMC Stuff\SourceMod\Workspace\umc-core.sp::ProcessVoteResults()
L 05/26/2018 - 22:35:26: [SM]   [8] Line 1277, D:\Documents\My Folder\Empires Custom UMC Stuff\SourceMod\Workspace\umc-core.sp::Native_UMCVoteManagerComplete()
L 05/26/2018 - 22:35:26: [SM]   [10] UMC_VoteManagerVoteCompleted
L 05/26/2018 - 22:35:26: [SM]   [11] Line 2309, D:\Documents\My Folder\Empires Custom UMC Stuff\SourceMod\Workspace\umc-core.sp::Handle_MapVoteResults()
L 05/26/2018 - 22:35:33: Error log file session closed.
L 05/26/2018 - 22:37:35: SourceMod error session started
L 05/26/2018 - 22:37:35: Info (map "emp_bush") (file "errors_20180526.log")
L 05/26/2018 - 22:37:35: [SM] Exception reported: Heap leak detected: hp:14136 should be 14104!
L 05/26/2018 - 23:09:27: [SM] Exception reported: Invalid timer handle 511502f1 (error 1)
L 05/26/2018 - 23:09:27: [SM] Blaming: umc-emp-mapvote.smx()
L 05/26/2018 - 23:09:27: [SM] Call stack trace:
L 05/26/2018 - 23:09:27: [SM]   [0] KillTimer
L 05/26/2018 - 23:09:27: [SM]   [1] Line 686, D:\Documents\My Folder\Empires Custom UMC Stuff\SourceMod\Workspace\umc-emp-mapvote.sp::UMC_OnNextmapSet()
L 05/26/2018 - 23:09:27: [SM]   [3] Call_Finish
L 05/26/2018 - 23:09:27: [SM]   [4] Line 4834, D:\Documents\My Folder\Empires Custom UMC Stuff\SourceMod\Workspace\umc-core.sp::DoMapChange()
L 05/26/2018 - 23:09:27: [SM]   [5] Line 4267, D:\Documents\My Folder\Empires Custom UMC Stuff\SourceMod\Workspace\umc-core.sp::Handle_MapVoteWinner()
L 05/26/2018 - 23:09:27: [SM]   [6] Line 3819, D:\Documents\My Folder\Empires Custom UMC Stuff\SourceMod\Workspace\umc-core.sp::ProcessVoteWinner()
L 05/26/2018 - 23:09:27: [SM]   [7] Line 3795, D:\Documents\My Folder\Empires Custom UMC Stuff\SourceMod\Workspace\umc-core.sp::ProcessVoteResults()
L 05/26/2018 - 23:09:27: [SM]   [8] Line 1277, D:\Documents\My Folder\Empires Custom UMC Stuff\SourceMod\Workspace\umc-core.sp::Native_UMCVoteManagerComplete()
L 05/26/2018 - 23:09:27: [SM]   [10] UMC_VoteManagerVoteCompleted
L 05/26/2018 - 23:09:27: [SM]   [11] Line 2309, D:\Documents\My Folder\Empires Custom UMC Stuff\SourceMod\Workspace\umc-core.sp::Handle_MapVoteResults()
L 05/26/2018 - 23:09:32: Error log file session closed.
L 05/26/2018 - 23:11:15: SourceMod error session started
L 05/26/2018 - 23:11:15: Info (map "emp_mvalley_fix") (file "errors_20180526.log")
L 05/26/2018 - 23:11:15: [SM] Exception reported: Heap leak detected: hp:14208 should be 14136!
L 05/26/2018 - 23:40:55: [SM] Exception reported: Invalid timer handle 61160388 (error 3)
L 05/26/2018 - 23:40:55: [SM] Blaming: umc-emp-mapvote.smx()
L 05/26/2018 - 23:40:55: [SM] Call stack trace:
L 05/26/2018 - 23:40:55: [SM]   [0] KillTimer
L 05/26/2018 - 23:40:55: [SM]   [1] Line 686, D:\Documents\My Folder\Empires Custom UMC Stuff\SourceMod\Workspace\umc-emp-mapvote.sp::UMC_OnNextmapSet()
L 05/26/2018 - 23:40:55: [SM]   [3] Call_Finish
L 05/26/2018 - 23:40:55: [SM]   [4] Line 4834, D:\Documents\My Folder\Empires Custom UMC Stuff\SourceMod\Workspace\umc-core.sp::DoMapChange()
L 05/26/2018 - 23:40:55: [SM]   [5] Line 4267, D:\Documents\My Folder\Empires Custom UMC Stuff\SourceMod\Workspace\umc-core.sp::Handle_MapVoteWinner()
L 05/26/2018 - 23:40:55: [SM]   [6] Line 3819, D:\Documents\My Folder\Empires Custom UMC Stuff\SourceMod\Workspace\umc-core.sp::ProcessVoteWinner()
L 05/26/2018 - 23:40:55: [SM]   [7] Line 3795, D:\Documents\My Folder\Empires Custom UMC Stuff\SourceMod\Workspace\umc-core.sp::ProcessVoteResults()
L 05/26/2018 - 23:40:55: [SM]   [8] Line 1277, D:\Documents\My Folder\Empires Custom UMC Stuff\SourceMod\Workspace\umc-core.sp::Native_UMCVoteManagerComplete()
L 05/26/2018 - 23:40:55: [SM]   [10] UMC_VoteManagerVoteCompleted
L 05/26/2018 - 23:40:55: [SM]   [11] Line 2309, D:\Documents\My Folder\Empires Custom UMC Stuff\SourceMod\Workspace\umc-core.sp::Handle_MapVoteResults()
L 05/26/2018 - 23:41:01: Error log file session closed.
L 05/26/2018 - 23:42:43: SourceMod error session started
L 05/26/2018 - 23:42:43: Info (map "emp_smokies_rc2_hce") (file "errors_20180526.log")
L 05/26/2018 - 23:42:43: [SM] Exception reported: Heap leak detected: hp:14264 should be 14208!
