L 08/31/2018 - 16:42:56: SourceMod error session started
L 08/31/2018 - 16:42:56: Info (map "con_district402") (file "errors_20180831.log")
L 08/31/2018 - 16:42:56: [SDKTOOLS] Invalid detour address passed - Disabling detour to prevent crashes
L 08/31/2018 - 16:42:56: [SDKTOOLS] Failed to find PlayerRunCmd offset - OnPlayerRunCmd forward disabled.
L 08/31/2018 - 18:13:07: Error log file session closed.
L 08/31/2018 - 19:22:00: SourceMod error session started
L 08/31/2018 - 19:22:00: Info (map "fun_ricochet_a4") (file "errors_20180831.log")
L 08/31/2018 - 19:22:00: [SM] Exception reported: Invalid timer handle 8d10322 (error 3)
L 08/31/2018 - 19:22:00: [SM] Blaming: umc-emp-mapvote.smx()
L 08/31/2018 - 19:22:00: [SM] Call stack trace:
L 08/31/2018 - 19:22:00: [SM]   [0] KillTimer
L 08/31/2018 - 19:22:00: [SM]   [1] Line 686, D:\Documents\My Folder\Empires Custom UMC Stuff\SourceMod\Workspace\umc-emp-mapvote.sp::UMC_OnNextmapSet()
L 08/31/2018 - 19:22:00: [SM]   [3] Call_Finish
L 08/31/2018 - 19:22:00: [SM]   [4] Line 4834, D:\Documents\My Folder\Empires Custom UMC Stuff\SourceMod\Workspace\umc-core.sp::DoMapChange()
L 08/31/2018 - 19:22:00: [SM]   [5] Line 1767, D:\Documents\My Folder\Empires Custom UMC Stuff\SourceMod\Workspace\umc-core.sp::Native_UMCSetNextMap()
L 08/31/2018 - 19:22:00: [SM]   [7] UMC_SetNextMap
L 08/31/2018 - 19:22:00: [SM]   [8] Line 621, D:\Documents\My Folder\Empires Custom UMC Stuff\SourceMod\Workspace\umc-emp-mapvote.sp::DoRandomNextMap()
L 08/31/2018 - 19:22:00: [SM]   [9] Line 606, D:\Documents\My Folder\Empires Custom UMC Stuff\SourceMod\Workspace\umc-emp-mapvote.sp::DoMapChangeFailSafe()
L 08/31/2018 - 19:22:00: [SM]   [10] Line 722, D:\Documents\My Folder\Empires Custom UMC Stuff\SourceMod\Workspace\umc-emp-mapvote.sp::UMC_OnVoteFailed()
L 08/31/2018 - 19:22:00: [SM]   [12] Call_Finish
L 08/31/2018 - 19:22:00: [SM]   [13] Line 4796, D:\Documents\My Folder\Empires Custom UMC Stuff\SourceMod\Workspace\umc-core.sp::VoteFailed()
L 08/31/2018 - 19:22:00: [SM]   [14] Line 3507, D:\Documents\My Folder\Empires Custom UMC Stuff\SourceMod\Workspace\umc-core.sp::VoteCancelled()
L 08/31/2018 - 19:22:00: [SM]   [15] Line 1177, D:\Documents\My Folder\Empires Custom UMC Stuff\SourceMod\Workspace\umc-core.sp::Native_UMCVoteManagerCancel()
L 08/31/2018 - 19:22:00: [SM]   [17] UMC_VoteManagerVoteCancelled
L 08/31/2018 - 19:22:00: [SM]   [18] Line 2276, D:\Documents\My Folder\Empires Custom UMC Stuff\SourceMod\Workspace\umc-core.sp::Handle_VoteMenu()
L 08/31/2018 - 19:22:05: Error log file session closed.
L 08/31/2018 - 20:20:39: SourceMod error session started
L 08/31/2018 - 20:20:39: Info (map "emp_beachfront_b2_hce") (file "errors_20180831.log")
L 08/31/2018 - 20:20:39: [SM] Exception reported: Invalid timer handle c79013f (error 1)
L 08/31/2018 - 20:20:39: [SM] Blaming: umc-emp-mapvote.smx()
L 08/31/2018 - 20:20:39: [SM] Call stack trace:
L 08/31/2018 - 20:20:39: [SM]   [0] KillTimer
L 08/31/2018 - 20:20:39: [SM]   [1] Line 686, D:\Documents\My Folder\Empires Custom UMC Stuff\SourceMod\Workspace\umc-emp-mapvote.sp::UMC_OnNextmapSet()
L 08/31/2018 - 20:20:39: [SM]   [3] Call_Finish
L 08/31/2018 - 20:20:39: [SM]   [4] Line 4834, D:\Documents\My Folder\Empires Custom UMC Stuff\SourceMod\Workspace\umc-core.sp::DoMapChange()
L 08/31/2018 - 20:20:39: [SM]   [5] Line 4267, D:\Documents\My Folder\Empires Custom UMC Stuff\SourceMod\Workspace\umc-core.sp::Handle_MapVoteWinner()
L 08/31/2018 - 20:20:39: [SM]   [6] Line 3819, D:\Documents\My Folder\Empires Custom UMC Stuff\SourceMod\Workspace\umc-core.sp::ProcessVoteWinner()
L 08/31/2018 - 20:20:39: [SM]   [7] Line 3795, D:\Documents\My Folder\Empires Custom UMC Stuff\SourceMod\Workspace\umc-core.sp::ProcessVoteResults()
L 08/31/2018 - 20:20:39: [SM]   [8] Line 1277, D:\Documents\My Folder\Empires Custom UMC Stuff\SourceMod\Workspace\umc-core.sp::Native_UMCVoteManagerComplete()
L 08/31/2018 - 20:20:39: [SM]   [10] UMC_VoteManagerVoteCompleted
L 08/31/2018 - 20:20:39: [SM]   [11] Line 2309, D:\Documents\My Folder\Empires Custom UMC Stuff\SourceMod\Workspace\umc-core.sp::Handle_MapVoteResults()
L 08/31/2018 - 20:20:44: Error log file session closed.
L 08/31/2018 - 20:45:12: SourceMod error session started
L 08/31/2018 - 20:45:12: Info (map "con_blast_ob2") (file "errors_20180831.log")
L 08/31/2018 - 20:45:12: [SM] Exception reported: Invalid timer handle f6902fb (error 3)
L 08/31/2018 - 20:45:12: [SM] Blaming: umc-emp-mapvote.smx()
L 08/31/2018 - 20:45:12: [SM] Call stack trace:
L 08/31/2018 - 20:45:12: [SM]   [0] KillTimer
L 08/31/2018 - 20:45:12: [SM]   [1] Line 686, D:\Documents\My Folder\Empires Custom UMC Stuff\SourceMod\Workspace\umc-emp-mapvote.sp::UMC_OnNextmapSet()
L 08/31/2018 - 20:45:12: [SM]   [3] Call_Finish
L 08/31/2018 - 20:45:12: [SM]   [4] Line 4834, D:\Documents\My Folder\Empires Custom UMC Stuff\SourceMod\Workspace\umc-core.sp::DoMapChange()
L 08/31/2018 - 20:45:12: [SM]   [5] Line 4267, D:\Documents\My Folder\Empires Custom UMC Stuff\SourceMod\Workspace\umc-core.sp::Handle_MapVoteWinner()
L 08/31/2018 - 20:45:12: [SM]   [6] Line 3819, D:\Documents\My Folder\Empires Custom UMC Stuff\SourceMod\Workspace\umc-core.sp::ProcessVoteWinner()
L 08/31/2018 - 20:45:12: [SM]   [7] Line 3795, D:\Documents\My Folder\Empires Custom UMC Stuff\SourceMod\Workspace\umc-core.sp::ProcessVoteResults()
L 08/31/2018 - 20:45:12: [SM]   [8] Line 1277, D:\Documents\My Folder\Empires Custom UMC Stuff\SourceMod\Workspace\umc-core.sp::Native_UMCVoteManagerComplete()
L 08/31/2018 - 20:45:12: [SM]   [10] UMC_VoteManagerVoteCompleted
L 08/31/2018 - 20:45:12: [SM]   [11] Line 2309, D:\Documents\My Folder\Empires Custom UMC Stuff\SourceMod\Workspace\umc-core.sp::Handle_MapVoteResults()
L 08/31/2018 - 20:45:18: Error log file session closed.
L 08/31/2018 - 21:26:04: SourceMod error session started
L 08/31/2018 - 21:26:04: Info (map "emp_drygulch_a7") (file "errors_20180831.log")
L 08/31/2018 - 21:26:04: [SM] Exception reported: Invalid timer handle 15710140 (error 1)
L 08/31/2018 - 21:26:04: [SM] Blaming: umc-emp-mapvote.smx()
L 08/31/2018 - 21:26:04: [SM] Call stack trace:
L 08/31/2018 - 21:26:04: [SM]   [0] KillTimer
L 08/31/2018 - 21:26:04: [SM]   [1] Line 686, D:\Documents\My Folder\Empires Custom UMC Stuff\SourceMod\Workspace\umc-emp-mapvote.sp::UMC_OnNextmapSet()
L 08/31/2018 - 21:26:04: [SM]   [3] Call_Finish
L 08/31/2018 - 21:26:04: [SM]   [4] Line 4834, D:\Documents\My Folder\Empires Custom UMC Stuff\SourceMod\Workspace\umc-core.sp::DoMapChange()
L 08/31/2018 - 21:26:04: [SM]   [5] Line 4267, D:\Documents\My Folder\Empires Custom UMC Stuff\SourceMod\Workspace\umc-core.sp::Handle_MapVoteWinner()
L 08/31/2018 - 21:26:04: [SM]   [6] Line 3819, D:\Documents\My Folder\Empires Custom UMC Stuff\SourceMod\Workspace\umc-core.sp::ProcessVoteWinner()
L 08/31/2018 - 21:26:04: [SM]   [7] Line 3795, D:\Documents\My Folder\Empires Custom UMC Stuff\SourceMod\Workspace\umc-core.sp::ProcessVoteResults()
L 08/31/2018 - 21:26:04: [SM]   [8] Line 1277, D:\Documents\My Folder\Empires Custom UMC Stuff\SourceMod\Workspace\umc-core.sp::Native_UMCVoteManagerComplete()
L 08/31/2018 - 21:26:04: [SM]   [10] UMC_VoteManagerVoteCompleted
L 08/31/2018 - 21:26:04: [SM]   [11] Line 2309, D:\Documents\My Folder\Empires Custom UMC Stuff\SourceMod\Workspace\umc-core.sp::Handle_MapVoteResults()
L 08/31/2018 - 21:26:11: Error log file session closed.
L 08/31/2018 - 22:25:48: SourceMod error session started
L 08/31/2018 - 22:25:48: Info (map "emp_crossroads_towerless_hce") (file "errors_20180831.log")
L 08/31/2018 - 22:25:48: [SM] Exception reported: Invalid timer handle 264e0305 (error 1)
L 08/31/2018 - 22:25:48: [SM] Blaming: umc-emp-mapvote.smx()
L 08/31/2018 - 22:25:48: [SM] Call stack trace:
L 08/31/2018 - 22:25:48: [SM]   [0] KillTimer
L 08/31/2018 - 22:25:48: [SM]   [1] Line 686, D:\Documents\My Folder\Empires Custom UMC Stuff\SourceMod\Workspace\umc-emp-mapvote.sp::UMC_OnNextmapSet()
L 08/31/2018 - 22:25:48: [SM]   [3] Call_Finish
L 08/31/2018 - 22:25:48: [SM]   [4] Line 4834, D:\Documents\My Folder\Empires Custom UMC Stuff\SourceMod\Workspace\umc-core.sp::DoMapChange()
L 08/31/2018 - 22:25:48: [SM]   [5] Line 4267, D:\Documents\My Folder\Empires Custom UMC Stuff\SourceMod\Workspace\umc-core.sp::Handle_MapVoteWinner()
L 08/31/2018 - 22:25:48: [SM]   [6] Line 3819, D:\Documents\My Folder\Empires Custom UMC Stuff\SourceMod\Workspace\umc-core.sp::ProcessVoteWinner()
L 08/31/2018 - 22:25:48: [SM]   [7] Line 3795, D:\Documents\My Folder\Empires Custom UMC Stuff\SourceMod\Workspace\umc-core.sp::ProcessVoteResults()
L 08/31/2018 - 22:25:48: [SM]   [8] Line 1277, D:\Documents\My Folder\Empires Custom UMC Stuff\SourceMod\Workspace\umc-core.sp::Native_UMCVoteManagerComplete()
L 08/31/2018 - 22:25:48: [SM]   [10] UMC_VoteManagerVoteCompleted
L 08/31/2018 - 22:25:48: [SM]   [11] Line 2309, D:\Documents\My Folder\Empires Custom UMC Stuff\SourceMod\Workspace\umc-core.sp::Handle_MapVoteResults()
L 08/31/2018 - 22:25:54: Error log file session closed.
L 08/31/2018 - 23:09:51: SourceMod error session started
L 08/31/2018 - 23:09:51: Info (map "emp_homeland_b9_hce") (file "errors_20180831.log")
L 08/31/2018 - 23:09:51: [SM] Exception reported: Invalid timer handle 3c470320 (error 1)
L 08/31/2018 - 23:09:51: [SM] Blaming: umc-emp-mapvote.smx()
L 08/31/2018 - 23:09:51: [SM] Call stack trace:
L 08/31/2018 - 23:09:51: [SM]   [0] KillTimer
L 08/31/2018 - 23:09:51: [SM]   [1] Line 686, D:\Documents\My Folder\Empires Custom UMC Stuff\SourceMod\Workspace\umc-emp-mapvote.sp::UMC_OnNextmapSet()
L 08/31/2018 - 23:09:51: [SM]   [3] Call_Finish
L 08/31/2018 - 23:09:51: [SM]   [4] Line 4834, D:\Documents\My Folder\Empires Custom UMC Stuff\SourceMod\Workspace\umc-core.sp::DoMapChange()
L 08/31/2018 - 23:09:51: [SM]   [5] Line 4267, D:\Documents\My Folder\Empires Custom UMC Stuff\SourceMod\Workspace\umc-core.sp::Handle_MapVoteWinner()
L 08/31/2018 - 23:09:51: [SM]   [6] Line 3819, D:\Documents\My Folder\Empires Custom UMC Stuff\SourceMod\Workspace\umc-core.sp::ProcessVoteWinner()
L 08/31/2018 - 23:09:51: [SM]   [7] Line 3795, D:\Documents\My Folder\Empires Custom UMC Stuff\SourceMod\Workspace\umc-core.sp::ProcessVoteResults()
L 08/31/2018 - 23:09:51: [SM]   [8] Line 1277, D:\Documents\My Folder\Empires Custom UMC Stuff\SourceMod\Workspace\umc-core.sp::Native_UMCVoteManagerComplete()
L 08/31/2018 - 23:09:51: [SM]   [10] UMC_VoteManagerVoteCompleted
L 08/31/2018 - 23:09:51: [SM]   [11] Line 2309, D:\Documents\My Folder\Empires Custom UMC Stuff\SourceMod\Workspace\umc-core.sp::Handle_MapVoteResults()
L 08/31/2018 - 23:09:57: Error log file session closed.
L 08/31/2018 - 23:42:13: SourceMod error session started
L 08/31/2018 - 23:42:13: Info (map "emp_palmbay_fix") (file "errors_20180831.log")
L 08/31/2018 - 23:42:13: [SM] Exception reported: Invalid timer handle 479203b3 (error 1)
L 08/31/2018 - 23:42:13: [SM] Blaming: umc-emp-mapvote.smx()
L 08/31/2018 - 23:42:13: [SM] Call stack trace:
L 08/31/2018 - 23:42:13: [SM]   [0] KillTimer
L 08/31/2018 - 23:42:13: [SM]   [1] Line 686, D:\Documents\My Folder\Empires Custom UMC Stuff\SourceMod\Workspace\umc-emp-mapvote.sp::UMC_OnNextmapSet()
L 08/31/2018 - 23:42:13: [SM]   [3] Call_Finish
L 08/31/2018 - 23:42:13: [SM]   [4] Line 4834, D:\Documents\My Folder\Empires Custom UMC Stuff\SourceMod\Workspace\umc-core.sp::DoMapChange()
L 08/31/2018 - 23:42:13: [SM]   [5] Line 4267, D:\Documents\My Folder\Empires Custom UMC Stuff\SourceMod\Workspace\umc-core.sp::Handle_MapVoteWinner()
L 08/31/2018 - 23:42:13: [SM]   [6] Line 3819, D:\Documents\My Folder\Empires Custom UMC Stuff\SourceMod\Workspace\umc-core.sp::ProcessVoteWinner()
L 08/31/2018 - 23:42:13: [SM]   [7] Line 3795, D:\Documents\My Folder\Empires Custom UMC Stuff\SourceMod\Workspace\umc-core.sp::ProcessVoteResults()
L 08/31/2018 - 23:42:13: [SM]   [8] Line 1277, D:\Documents\My Folder\Empires Custom UMC Stuff\SourceMod\Workspace\umc-core.sp::Native_UMCVoteManagerComplete()
L 08/31/2018 - 23:42:13: [SM]   [10] UMC_VoteManagerVoteCompleted
L 08/31/2018 - 23:42:13: [SM]   [11] Line 2309, D:\Documents\My Folder\Empires Custom UMC Stuff\SourceMod\Workspace\umc-core.sp::Handle_MapVoteResults()
L 08/31/2018 - 23:42:19: Error log file session closed.
