L 05/12/2018 - 00:41:47: SourceMod error session started
L 05/12/2018 - 00:41:47: Info (map "emp_downfall_hce") (file "errors_20180512.log")
L 05/12/2018 - 00:41:47: [SM] Exception reported: Game event "player_disconnect" has no active hook
L 05/12/2018 - 00:41:47: [SM] Blaming: empstats.smx()
L 05/12/2018 - 00:41:47: [SM] Call stack trace:
L 05/12/2018 - 00:41:47: [SM]   [0] UnhookEvent
L 05/12/2018 - 00:41:47: [SM]   [1] Line 338, dist\addons\sourcemod\scripting\empstats.sp::Deactivate()
L 05/12/2018 - 00:41:47: [SM]   [2] Line 290, dist\addons\sourcemod\scripting\empstats.sp::CheckActivate()
L 05/12/2018 - 00:41:47: [SM]   [3] Line 1014, dist\addons\sourcemod\scripting\empstats.sp::OnClientDisconnect_Post()
L 05/12/2018 - 08:48:58: [SM] Exception reported: Game event "player_disconnect" has no active hook
L 05/12/2018 - 08:48:58: [SM] Blaming: empstats.smx()
L 05/12/2018 - 08:48:58: [SM] Call stack trace:
L 05/12/2018 - 08:48:58: [SM]   [0] UnhookEvent
L 05/12/2018 - 08:48:58: [SM]   [1] Line 338, dist\addons\sourcemod\scripting\empstats.sp::Deactivate()
L 05/12/2018 - 08:48:58: [SM]   [2] Line 290, dist\addons\sourcemod\scripting\empstats.sp::CheckActivate()
L 05/12/2018 - 08:48:58: [SM]   [3] Line 680, dist\addons\sourcemod\scripting\empstats.sp::OnClientPostAdminCheck()
L 05/12/2018 - 11:59:11: [SM] Exception reported: Game event "player_disconnect" has no active hook
L 05/12/2018 - 11:59:11: [SM] Blaming: empstats.smx()
L 05/12/2018 - 11:59:11: [SM] Call stack trace:
L 05/12/2018 - 11:59:11: [SM]   [0] UnhookEvent
L 05/12/2018 - 11:59:11: [SM]   [1] Line 338, dist\addons\sourcemod\scripting\empstats.sp::Deactivate()
L 05/12/2018 - 11:59:11: [SM]   [2] Line 290, dist\addons\sourcemod\scripting\empstats.sp::CheckActivate()
L 05/12/2018 - 11:59:11: [SM]   [3] Line 680, dist\addons\sourcemod\scripting\empstats.sp::OnClientPostAdminCheck()
L 05/12/2018 - 16:38:18: [SM] Exception reported: Game event "player_disconnect" has no active hook
L 05/12/2018 - 16:38:18: [SM] Blaming: empstats.smx()
L 05/12/2018 - 16:38:18: [SM] Call stack trace:
L 05/12/2018 - 16:38:18: [SM]   [0] UnhookEvent
L 05/12/2018 - 16:38:18: [SM]   [1] Line 338, dist\addons\sourcemod\scripting\empstats.sp::Deactivate()
L 05/12/2018 - 16:38:18: [SM]   [2] Line 290, dist\addons\sourcemod\scripting\empstats.sp::CheckActivate()
L 05/12/2018 - 16:38:18: [SM]   [3] Line 680, dist\addons\sourcemod\scripting\empstats.sp::OnClientPostAdminCheck()
L 05/12/2018 - 16:40:34: [SM] Exception reported: Game event "player_disconnect" has no active hook
L 05/12/2018 - 16:40:34: [SM] Blaming: empstats.smx()
L 05/12/2018 - 16:40:34: [SM] Call stack trace:
L 05/12/2018 - 16:40:34: [SM]   [0] UnhookEvent
L 05/12/2018 - 16:40:34: [SM]   [1] Line 338, dist\addons\sourcemod\scripting\empstats.sp::Deactivate()
L 05/12/2018 - 16:40:34: [SM]   [2] Line 290, dist\addons\sourcemod\scripting\empstats.sp::CheckActivate()
L 05/12/2018 - 16:40:34: [SM]   [3] Line 680, dist\addons\sourcemod\scripting\empstats.sp::OnClientPostAdminCheck()
L 05/12/2018 - 17:09:14: [SM] Exception reported: Invalid timer handle 240e0336 (error 1)
L 05/12/2018 - 17:09:14: [SM] Blaming: umc-emp-mapvote.smx()
L 05/12/2018 - 17:09:14: [SM] Call stack trace:
L 05/12/2018 - 17:09:14: [SM]   [0] KillTimer
L 05/12/2018 - 17:09:14: [SM]   [1] Line 686, D:\Documents\My Folder\Empires Custom UMC Stuff\SourceMod\Workspace\umc-emp-mapvote.sp::UMC_OnNextmapSet()
L 05/12/2018 - 17:09:14: [SM]   [3] Call_Finish
L 05/12/2018 - 17:09:14: [SM]   [4] Line 4834, D:\Documents\My Folder\Empires Custom UMC Stuff\SourceMod\Workspace\umc-core.sp::DoMapChange()
L 05/12/2018 - 17:09:14: [SM]   [5] Line 4267, D:\Documents\My Folder\Empires Custom UMC Stuff\SourceMod\Workspace\umc-core.sp::Handle_MapVoteWinner()
L 05/12/2018 - 17:09:14: [SM]   [6] Line 3819, D:\Documents\My Folder\Empires Custom UMC Stuff\SourceMod\Workspace\umc-core.sp::ProcessVoteWinner()
L 05/12/2018 - 17:09:14: [SM]   [7] Line 3795, D:\Documents\My Folder\Empires Custom UMC Stuff\SourceMod\Workspace\umc-core.sp::ProcessVoteResults()
L 05/12/2018 - 17:09:14: [SM]   [8] Line 1277, D:\Documents\My Folder\Empires Custom UMC Stuff\SourceMod\Workspace\umc-core.sp::Native_UMCVoteManagerComplete()
L 05/12/2018 - 17:09:14: [SM]   [10] UMC_VoteManagerVoteCompleted
L 05/12/2018 - 17:09:14: [SM]   [11] Line 2309, D:\Documents\My Folder\Empires Custom UMC Stuff\SourceMod\Workspace\umc-core.sp::Handle_MapVoteResults()
L 05/12/2018 - 17:09:20: Error log file session closed.
L 05/12/2018 - 17:09:22: SourceMod error session started
L 05/12/2018 - 17:09:22: Info (map "emp_beachfront_b2_hce") (file "errors_20180512.log")
L 05/12/2018 - 17:09:22: [SM] Exception reported: Invalid hook callback specified for game event "player_disconnect"
L 05/12/2018 - 17:09:22: [SM] Blaming: empstats.smx()
L 05/12/2018 - 17:09:22: [SM] Call stack trace:
L 05/12/2018 - 17:09:22: [SM]   [0] UnhookEvent
L 05/12/2018 - 17:09:22: [SM]   [1] Line 338, dist\addons\sourcemod\scripting\empstats.sp::Deactivate()
L 05/12/2018 - 17:09:22: [SM]   [2] Line 290, dist\addons\sourcemod\scripting\empstats.sp::CheckActivate()
L 05/12/2018 - 17:09:22: [SM]   [3] Line 1608, dist\addons\sourcemod\scripting\empstats.sp::EndMapChange()
L 05/12/2018 - 17:09:24: [SM] Exception reported: Invalid hook callback specified for game event "player_disconnect"
L 05/12/2018 - 17:09:24: [SM] Blaming: empstats.smx()
L 05/12/2018 - 17:09:24: [SM] Call stack trace:
L 05/12/2018 - 17:09:24: [SM]   [0] UnhookEvent
L 05/12/2018 - 17:09:24: [SM]   [1] Line 338, dist\addons\sourcemod\scripting\empstats.sp::Deactivate()
L 05/12/2018 - 17:09:24: [SM]   [2] Line 290, dist\addons\sourcemod\scripting\empstats.sp::CheckActivate()
L 05/12/2018 - 17:09:24: [SM]   [3] Line 680, dist\addons\sourcemod\scripting\empstats.sp::OnClientPostAdminCheck()
L 05/12/2018 - 17:09:40: [SM] Exception reported: Invalid hook callback specified for game event "player_disconnect"
L 05/12/2018 - 17:09:40: [SM] Blaming: empstats.smx()
L 05/12/2018 - 17:09:40: [SM] Call stack trace:
L 05/12/2018 - 17:09:40: [SM]   [0] UnhookEvent
L 05/12/2018 - 17:09:40: [SM]   [1] Line 338, dist\addons\sourcemod\scripting\empstats.sp::Deactivate()
L 05/12/2018 - 17:09:40: [SM]   [2] Line 290, dist\addons\sourcemod\scripting\empstats.sp::CheckActivate()
L 05/12/2018 - 17:09:40: [SM]   [3] Line 680, dist\addons\sourcemod\scripting\empstats.sp::OnClientPostAdminCheck()
L 05/12/2018 - 17:37:09: [SM] Exception reported: Invalid timer handle 28100124 (error 1)
L 05/12/2018 - 17:37:09: [SM] Blaming: umc-emp-mapvote.smx()
L 05/12/2018 - 17:37:09: [SM] Call stack trace:
L 05/12/2018 - 17:37:09: [SM]   [0] KillTimer
L 05/12/2018 - 17:37:09: [SM]   [1] Line 686, D:\Documents\My Folder\Empires Custom UMC Stuff\SourceMod\Workspace\umc-emp-mapvote.sp::UMC_OnNextmapSet()
L 05/12/2018 - 17:37:09: [SM]   [3] Call_Finish
L 05/12/2018 - 17:37:09: [SM]   [4] Line 4834, D:\Documents\My Folder\Empires Custom UMC Stuff\SourceMod\Workspace\umc-core.sp::DoMapChange()
L 05/12/2018 - 17:37:09: [SM]   [5] Line 4267, D:\Documents\My Folder\Empires Custom UMC Stuff\SourceMod\Workspace\umc-core.sp::Handle_MapVoteWinner()
L 05/12/2018 - 17:37:09: [SM]   [6] Line 3819, D:\Documents\My Folder\Empires Custom UMC Stuff\SourceMod\Workspace\umc-core.sp::ProcessVoteWinner()
L 05/12/2018 - 17:37:09: [SM]   [7] Line 3795, D:\Documents\My Folder\Empires Custom UMC Stuff\SourceMod\Workspace\umc-core.sp::ProcessVoteResults()
L 05/12/2018 - 17:37:09: [SM]   [8] Line 1277, D:\Documents\My Folder\Empires Custom UMC Stuff\SourceMod\Workspace\umc-core.sp::Native_UMCVoteManagerComplete()
L 05/12/2018 - 17:37:09: [SM]   [10] UMC_VoteManagerVoteCompleted
L 05/12/2018 - 17:37:09: [SM]   [11] Line 2309, D:\Documents\My Folder\Empires Custom UMC Stuff\SourceMod\Workspace\umc-core.sp::Handle_MapVoteResults()
L 05/12/2018 - 17:37:14: Error log file session closed.
L 05/12/2018 - 17:37:16: SourceMod error session started
L 05/12/2018 - 17:37:16: Info (map "fun_ricochet_a4") (file "errors_20180512.log")
L 05/12/2018 - 17:37:16: [SM] Exception reported: Invalid hook callback specified for game event "player_disconnect"
L 05/12/2018 - 17:37:16: [SM] Blaming: empstats.smx()
L 05/12/2018 - 17:37:16: [SM] Call stack trace:
L 05/12/2018 - 17:37:16: [SM]   [0] UnhookEvent
L 05/12/2018 - 17:37:16: [SM]   [1] Line 338, dist\addons\sourcemod\scripting\empstats.sp::Deactivate()
L 05/12/2018 - 17:37:16: [SM]   [2] Line 290, dist\addons\sourcemod\scripting\empstats.sp::CheckActivate()
L 05/12/2018 - 17:37:16: [SM]   [3] Line 1608, dist\addons\sourcemod\scripting\empstats.sp::EndMapChange()
L 05/12/2018 - 17:37:17: [SM] Exception reported: Invalid hook callback specified for game event "player_disconnect"
L 05/12/2018 - 17:37:17: [SM] Blaming: empstats.smx()
L 05/12/2018 - 17:37:17: [SM] Call stack trace:
L 05/12/2018 - 17:37:17: [SM]   [0] UnhookEvent
L 05/12/2018 - 17:37:17: [SM]   [1] Line 338, dist\addons\sourcemod\scripting\empstats.sp::Deactivate()
L 05/12/2018 - 17:37:17: [SM]   [2] Line 290, dist\addons\sourcemod\scripting\empstats.sp::CheckActivate()
L 05/12/2018 - 17:37:17: [SM]   [3] Line 680, dist\addons\sourcemod\scripting\empstats.sp::OnClientPostAdminCheck()
L 05/12/2018 - 17:37:17: [SM]   [5] NotifyPostAdminCheck
L 05/12/2018 - 17:37:17: [SM]   [6] Line 2395, sbpp_main.sp::CheckLoadAdmins()
L 05/12/2018 - 17:37:17: [SM]   [7] Line 1761, sbpp_main.sp::AdminsDone()
L 05/12/2018 - 17:37:17: [SM] Exception reported: Invalid hook callback specified for game event "player_disconnect"
L 05/12/2018 - 17:37:17: [SM] Blaming: empstats.smx()
L 05/12/2018 - 17:37:17: [SM] Call stack trace:
L 05/12/2018 - 17:37:17: [SM]   [0] UnhookEvent
L 05/12/2018 - 17:37:17: [SM]   [1] Line 338, dist\addons\sourcemod\scripting\empstats.sp::Deactivate()
L 05/12/2018 - 17:37:17: [SM]   [2] Line 290, dist\addons\sourcemod\scripting\empstats.sp::CheckActivate()
L 05/12/2018 - 17:37:17: [SM]   [3] Line 680, dist\addons\sourcemod\scripting\empstats.sp::OnClientPostAdminCheck()
L 05/12/2018 - 17:37:17: [SM]   [5] NotifyPostAdminCheck
L 05/12/2018 - 17:37:17: [SM]   [6] Line 2395, sbpp_main.sp::CheckLoadAdmins()
L 05/12/2018 - 17:37:17: [SM]   [7] Line 1761, sbpp_main.sp::AdminsDone()
L 05/12/2018 - 17:37:17: [SM] Exception reported: Invalid hook callback specified for game event "player_disconnect"
L 05/12/2018 - 17:37:17: [SM] Blaming: empstats.smx()
L 05/12/2018 - 17:37:17: [SM] Call stack trace:
L 05/12/2018 - 17:37:17: [SM]   [0] UnhookEvent
L 05/12/2018 - 17:37:17: [SM]   [1] Line 338, dist\addons\sourcemod\scripting\empstats.sp::Deactivate()
L 05/12/2018 - 17:37:17: [SM]   [2] Line 290, dist\addons\sourcemod\scripting\empstats.sp::CheckActivate()
L 05/12/2018 - 17:37:17: [SM]   [3] Line 680, dist\addons\sourcemod\scripting\empstats.sp::OnClientPostAdminCheck()
L 05/12/2018 - 17:37:17: [SM]   [5] NotifyPostAdminCheck
L 05/12/2018 - 17:37:17: [SM]   [6] Line 2395, sbpp_main.sp::CheckLoadAdmins()
L 05/12/2018 - 17:37:17: [SM]   [7] Line 1970, sbpp_main.sp::LoadGroupsOverrides()
L 05/12/2018 - 17:42:44: [SM] Exception reported: Invalid timer handle 28100124 (error 1)
L 05/12/2018 - 17:42:44: [SM] Blaming: umc-emp-mapvote.smx()
L 05/12/2018 - 17:42:44: [SM] Call stack trace:
L 05/12/2018 - 17:42:44: [SM]   [0] KillTimer
L 05/12/2018 - 17:42:44: [SM]   [1] Line 686, D:\Documents\My Folder\Empires Custom UMC Stuff\SourceMod\Workspace\umc-emp-mapvote.sp::UMC_OnNextmapSet()
L 05/12/2018 - 17:42:44: [SM]   [3] Call_Finish
L 05/12/2018 - 17:42:44: [SM]   [4] Line 4834, D:\Documents\My Folder\Empires Custom UMC Stuff\SourceMod\Workspace\umc-core.sp::DoMapChange()
L 05/12/2018 - 17:42:44: [SM]   [5] Line 4267, D:\Documents\My Folder\Empires Custom UMC Stuff\SourceMod\Workspace\umc-core.sp::Handle_MapVoteWinner()
L 05/12/2018 - 17:42:44: [SM]   [6] Line 3819, D:\Documents\My Folder\Empires Custom UMC Stuff\SourceMod\Workspace\umc-core.sp::ProcessVoteWinner()
L 05/12/2018 - 17:42:44: [SM]   [7] Line 3795, D:\Documents\My Folder\Empires Custom UMC Stuff\SourceMod\Workspace\umc-core.sp::ProcessVoteResults()
L 05/12/2018 - 17:42:44: [SM]   [8] Line 1277, D:\Documents\My Folder\Empires Custom UMC Stuff\SourceMod\Workspace\umc-core.sp::Native_UMCVoteManagerComplete()
L 05/12/2018 - 17:42:44: [SM]   [10] UMC_VoteManagerVoteCompleted
L 05/12/2018 - 17:42:44: [SM]   [11] Line 2309, D:\Documents\My Folder\Empires Custom UMC Stuff\SourceMod\Workspace\umc-core.sp::Handle_MapVoteResults()
L 05/12/2018 - 17:42:49: Error log file session closed.
L 05/12/2018 - 17:42:50: SourceMod error session started
L 05/12/2018 - 17:42:50: Info (map "con_urbanchaos_comm_b2") (file "errors_20180512.log")
L 05/12/2018 - 17:42:50: [SM] Exception reported: Client index 0 is invalid
L 05/12/2018 - 17:42:50: [SM] Blaming: NoCommExtendVote.smx()
L 05/12/2018 - 17:42:50: [SM] Call stack trace:
L 05/12/2018 - 17:42:50: [SM]   [0] PrintToChat
L 05/12/2018 - 17:42:50: [SM]   [1] Line 585, E:\Projects\EmpiresServer\NeoonyTestServer\addons\sourcemod\scripting\NoCommExtendVote.sp::Command_NCDisable()
L 05/12/2018 - 17:42:52: [SM] Exception reported: Invalid hook callback specified for game event "player_disconnect"
L 05/12/2018 - 17:42:52: [SM] Blaming: empstats.smx()
L 05/12/2018 - 17:42:52: [SM] Call stack trace:
L 05/12/2018 - 17:42:52: [SM]   [0] UnhookEvent
L 05/12/2018 - 17:42:52: [SM]   [1] Line 338, dist\addons\sourcemod\scripting\empstats.sp::Deactivate()
L 05/12/2018 - 17:42:52: [SM]   [2] Line 290, dist\addons\sourcemod\scripting\empstats.sp::CheckActivate()
L 05/12/2018 - 17:42:52: [SM]   [3] Line 1608, dist\addons\sourcemod\scripting\empstats.sp::EndMapChange()
L 05/12/2018 - 17:42:59: [SM] Exception reported: Invalid hook callback specified for game event "player_disconnect"
L 05/12/2018 - 17:42:59: [SM] Blaming: empstats.smx()
L 05/12/2018 - 17:42:59: [SM] Call stack trace:
L 05/12/2018 - 17:42:59: [SM]   [0] UnhookEvent
L 05/12/2018 - 17:42:59: [SM]   [1] Line 338, dist\addons\sourcemod\scripting\empstats.sp::Deactivate()
L 05/12/2018 - 17:42:59: [SM]   [2] Line 290, dist\addons\sourcemod\scripting\empstats.sp::CheckActivate()
L 05/12/2018 - 17:42:59: [SM]   [3] Line 680, dist\addons\sourcemod\scripting\empstats.sp::OnClientPostAdminCheck()
L 05/12/2018 - 17:43:04: [SM] Exception reported: Invalid hook callback specified for game event "player_disconnect"
L 05/12/2018 - 17:43:04: [SM] Blaming: empstats.smx()
L 05/12/2018 - 17:43:04: [SM] Call stack trace:
L 05/12/2018 - 17:43:04: [SM]   [0] UnhookEvent
L 05/12/2018 - 17:43:04: [SM]   [1] Line 338, dist\addons\sourcemod\scripting\empstats.sp::Deactivate()
L 05/12/2018 - 17:43:04: [SM]   [2] Line 290, dist\addons\sourcemod\scripting\empstats.sp::CheckActivate()
L 05/12/2018 - 17:43:04: [SM]   [3] Line 680, dist\addons\sourcemod\scripting\empstats.sp::OnClientPostAdminCheck()
L 05/12/2018 - 17:58:47: [SM] Exception reported: Invalid timer handle 301503a5 (error 1)
L 05/12/2018 - 17:58:47: [SM] Blaming: umc-emp-mapvote.smx()
L 05/12/2018 - 17:58:47: [SM] Call stack trace:
L 05/12/2018 - 17:58:47: [SM]   [0] KillTimer
L 05/12/2018 - 17:58:47: [SM]   [1] Line 686, D:\Documents\My Folder\Empires Custom UMC Stuff\SourceMod\Workspace\umc-emp-mapvote.sp::UMC_OnNextmapSet()
L 05/12/2018 - 17:58:47: [SM]   [3] Call_Finish
L 05/12/2018 - 17:58:47: [SM]   [4] Line 4834, D:\Documents\My Folder\Empires Custom UMC Stuff\SourceMod\Workspace\umc-core.sp::DoMapChange()
L 05/12/2018 - 17:58:47: [SM]   [5] Line 4267, D:\Documents\My Folder\Empires Custom UMC Stuff\SourceMod\Workspace\umc-core.sp::Handle_MapVoteWinner()
L 05/12/2018 - 17:58:47: [SM]   [6] Line 3819, D:\Documents\My Folder\Empires Custom UMC Stuff\SourceMod\Workspace\umc-core.sp::ProcessVoteWinner()
L 05/12/2018 - 17:58:47: [SM]   [7] Line 3795, D:\Documents\My Folder\Empires Custom UMC Stuff\SourceMod\Workspace\umc-core.sp::ProcessVoteResults()
L 05/12/2018 - 17:58:47: [SM]   [8] Line 1277, D:\Documents\My Folder\Empires Custom UMC Stuff\SourceMod\Workspace\umc-core.sp::Native_UMCVoteManagerComplete()
L 05/12/2018 - 17:58:47: [SM]   [10] UMC_VoteManagerVoteCompleted
L 05/12/2018 - 17:58:47: [SM]   [11] Line 2309, D:\Documents\My Folder\Empires Custom UMC Stuff\SourceMod\Workspace\umc-core.sp::Handle_MapVoteResults()
L 05/12/2018 - 17:58:53: Error log file session closed.
L 05/12/2018 - 17:58:55: SourceMod error session started
L 05/12/2018 - 17:58:55: Info (map "emp_crossroads_towerless_hce") (file "errors_20180512.log")
L 05/12/2018 - 17:58:55: [SM] Exception reported: Invalid hook callback specified for game event "player_disconnect"
L 05/12/2018 - 17:58:55: [SM] Blaming: empstats.smx()
L 05/12/2018 - 17:58:55: [SM] Call stack trace:
L 05/12/2018 - 17:58:55: [SM]   [0] UnhookEvent
L 05/12/2018 - 17:58:55: [SM]   [1] Line 338, dist\addons\sourcemod\scripting\empstats.sp::Deactivate()
L 05/12/2018 - 17:58:55: [SM]   [2] Line 290, dist\addons\sourcemod\scripting\empstats.sp::CheckActivate()
L 05/12/2018 - 17:58:55: [SM]   [3] Line 1608, dist\addons\sourcemod\scripting\empstats.sp::EndMapChange()
L 05/12/2018 - 17:59:02: [SM] Exception reported: Invalid hook callback specified for game event "player_disconnect"
L 05/12/2018 - 17:59:02: [SM] Blaming: empstats.smx()
L 05/12/2018 - 17:59:02: [SM] Call stack trace:
L 05/12/2018 - 17:59:02: [SM]   [0] UnhookEvent
L 05/12/2018 - 17:59:02: [SM]   [1] Line 338, dist\addons\sourcemod\scripting\empstats.sp::Deactivate()
L 05/12/2018 - 17:59:02: [SM]   [2] Line 290, dist\addons\sourcemod\scripting\empstats.sp::CheckActivate()
L 05/12/2018 - 17:59:02: [SM]   [3] Line 680, dist\addons\sourcemod\scripting\empstats.sp::OnClientPostAdminCheck()
L 05/12/2018 - 17:59:03: [SM] Exception reported: Invalid hook callback specified for game event "player_disconnect"
L 05/12/2018 - 17:59:03: [SM] Blaming: empstats.smx()
L 05/12/2018 - 17:59:03: [SM] Call stack trace:
L 05/12/2018 - 17:59:03: [SM]   [0] UnhookEvent
L 05/12/2018 - 17:59:03: [SM]   [1] Line 338, dist\addons\sourcemod\scripting\empstats.sp::Deactivate()
L 05/12/2018 - 17:59:03: [SM]   [2] Line 290, dist\addons\sourcemod\scripting\empstats.sp::CheckActivate()
L 05/12/2018 - 17:59:03: [SM]   [3] Line 680, dist\addons\sourcemod\scripting\empstats.sp::OnClientPostAdminCheck()
L 05/12/2018 - 18:19:16: [SM] Exception reported: Invalid timer handle 358a03a3 (error 1)
L 05/12/2018 - 18:19:16: [SM] Blaming: umc-emp-mapvote.smx()
L 05/12/2018 - 18:19:16: [SM] Call stack trace:
L 05/12/2018 - 18:19:16: [SM]   [0] KillTimer
L 05/12/2018 - 18:19:16: [SM]   [1] Line 686, D:\Documents\My Folder\Empires Custom UMC Stuff\SourceMod\Workspace\umc-emp-mapvote.sp::UMC_OnNextmapSet()
L 05/12/2018 - 18:19:16: [SM]   [3] Call_Finish
L 05/12/2018 - 18:19:16: [SM]   [4] Line 4834, D:\Documents\My Folder\Empires Custom UMC Stuff\SourceMod\Workspace\umc-core.sp::DoMapChange()
L 05/12/2018 - 18:19:16: [SM]   [5] Line 4267, D:\Documents\My Folder\Empires Custom UMC Stuff\SourceMod\Workspace\umc-core.sp::Handle_MapVoteWinner()
L 05/12/2018 - 18:19:16: [SM]   [6] Line 3819, D:\Documents\My Folder\Empires Custom UMC Stuff\SourceMod\Workspace\umc-core.sp::ProcessVoteWinner()
L 05/12/2018 - 18:19:16: [SM]   [7] Line 3795, D:\Documents\My Folder\Empires Custom UMC Stuff\SourceMod\Workspace\umc-core.sp::ProcessVoteResults()
L 05/12/2018 - 18:19:16: [SM]   [8] Line 1277, D:\Documents\My Folder\Empires Custom UMC Stuff\SourceMod\Workspace\umc-core.sp::Native_UMCVoteManagerComplete()
L 05/12/2018 - 18:19:16: [SM]   [10] UMC_VoteManagerVoteCompleted
L 05/12/2018 - 18:19:16: [SM]   [11] Line 2309, D:\Documents\My Folder\Empires Custom UMC Stuff\SourceMod\Workspace\umc-core.sp::Handle_MapVoteResults()
L 05/12/2018 - 18:19:22: Error log file session closed.
L 05/12/2018 - 18:19:24: SourceMod error session started
L 05/12/2018 - 18:19:24: Info (map "con_district402") (file "errors_20180512.log")
L 05/12/2018 - 18:19:24: [SM] Exception reported: Invalid hook callback specified for game event "player_disconnect"
L 05/12/2018 - 18:19:24: [SM] Blaming: empstats.smx()
L 05/12/2018 - 18:19:24: [SM] Call stack trace:
L 05/12/2018 - 18:19:24: [SM]   [0] UnhookEvent
L 05/12/2018 - 18:19:24: [SM]   [1] Line 338, dist\addons\sourcemod\scripting\empstats.sp::Deactivate()
L 05/12/2018 - 18:19:24: [SM]   [2] Line 290, dist\addons\sourcemod\scripting\empstats.sp::CheckActivate()
L 05/12/2018 - 18:19:24: [SM]   [3] Line 1608, dist\addons\sourcemod\scripting\empstats.sp::EndMapChange()
L 05/12/2018 - 18:19:27: [SM] Exception reported: Invalid hook callback specified for game event "player_disconnect"
L 05/12/2018 - 18:19:27: [SM] Blaming: empstats.smx()
L 05/12/2018 - 18:19:27: [SM] Call stack trace:
L 05/12/2018 - 18:19:27: [SM]   [0] UnhookEvent
L 05/12/2018 - 18:19:27: [SM]   [1] Line 338, dist\addons\sourcemod\scripting\empstats.sp::Deactivate()
L 05/12/2018 - 18:19:27: [SM]   [2] Line 290, dist\addons\sourcemod\scripting\empstats.sp::CheckActivate()
L 05/12/2018 - 18:19:27: [SM]   [3] Line 680, dist\addons\sourcemod\scripting\empstats.sp::OnClientPostAdminCheck()
L 05/12/2018 - 18:19:29: [SM] Exception reported: Invalid hook callback specified for game event "player_disconnect"
L 05/12/2018 - 18:19:29: [SM] Blaming: empstats.smx()
L 05/12/2018 - 18:19:29: [SM] Call stack trace:
L 05/12/2018 - 18:19:29: [SM]   [0] UnhookEvent
L 05/12/2018 - 18:19:29: [SM]   [1] Line 338, dist\addons\sourcemod\scripting\empstats.sp::Deactivate()
L 05/12/2018 - 18:19:29: [SM]   [2] Line 290, dist\addons\sourcemod\scripting\empstats.sp::CheckActivate()
L 05/12/2018 - 18:19:29: [SM]   [3] Line 680, dist\addons\sourcemod\scripting\empstats.sp::OnClientPostAdminCheck()
L 05/12/2018 - 19:00:54: [SM] Exception reported: Invalid timer handle 3e800331 (error 1)
L 05/12/2018 - 19:00:54: [SM] Blaming: umc-emp-mapvote.smx()
L 05/12/2018 - 19:00:54: [SM] Call stack trace:
L 05/12/2018 - 19:00:54: [SM]   [0] KillTimer
L 05/12/2018 - 19:00:54: [SM]   [1] Line 686, D:\Documents\My Folder\Empires Custom UMC Stuff\SourceMod\Workspace\umc-emp-mapvote.sp::UMC_OnNextmapSet()
L 05/12/2018 - 19:00:54: [SM]   [3] Call_Finish
L 05/12/2018 - 19:00:54: [SM]   [4] Line 4834, D:\Documents\My Folder\Empires Custom UMC Stuff\SourceMod\Workspace\umc-core.sp::DoMapChange()
L 05/12/2018 - 19:00:54: [SM]   [5] Line 4267, D:\Documents\My Folder\Empires Custom UMC Stuff\SourceMod\Workspace\umc-core.sp::Handle_MapVoteWinner()
L 05/12/2018 - 19:00:54: [SM]   [6] Line 3819, D:\Documents\My Folder\Empires Custom UMC Stuff\SourceMod\Workspace\umc-core.sp::ProcessVoteWinner()
L 05/12/2018 - 19:00:54: [SM]   [7] Line 3765, D:\Documents\My Folder\Empires Custom UMC Stuff\SourceMod\Workspace\umc-core.sp::ProcessVoteResults()
L 05/12/2018 - 19:00:54: [SM]   [8] Line 1277, D:\Documents\My Folder\Empires Custom UMC Stuff\SourceMod\Workspace\umc-core.sp::Native_UMCVoteManagerComplete()
L 05/12/2018 - 19:00:54: [SM]   [10] UMC_VoteManagerVoteCompleted
L 05/12/2018 - 19:00:54: [SM]   [11] Line 2309, D:\Documents\My Folder\Empires Custom UMC Stuff\SourceMod\Workspace\umc-core.sp::Handle_MapVoteResults()
L 05/12/2018 - 19:00:59: Error log file session closed.
L 05/12/2018 - 19:01:02: SourceMod error session started
L 05/12/2018 - 19:01:02: Info (map "emp_beachfront_b2_hce") (file "errors_20180512.log")
L 05/12/2018 - 19:01:02: [SM] Exception reported: Invalid hook callback specified for game event "player_disconnect"
L 05/12/2018 - 19:01:02: [SM] Blaming: empstats.smx()
L 05/12/2018 - 19:01:02: [SM] Call stack trace:
L 05/12/2018 - 19:01:02: [SM]   [0] UnhookEvent
L 05/12/2018 - 19:01:02: [SM]   [1] Line 338, dist\addons\sourcemod\scripting\empstats.sp::Deactivate()
L 05/12/2018 - 19:01:02: [SM]   [2] Line 290, dist\addons\sourcemod\scripting\empstats.sp::CheckActivate()
L 05/12/2018 - 19:01:02: [SM]   [3] Line 1608, dist\addons\sourcemod\scripting\empstats.sp::EndMapChange()
L 05/12/2018 - 19:01:04: [SM] Exception reported: Invalid hook callback specified for game event "player_disconnect"
L 05/12/2018 - 19:01:04: [SM] Blaming: empstats.smx()
L 05/12/2018 - 19:01:04: [SM] Call stack trace:
L 05/12/2018 - 19:01:04: [SM]   [0] UnhookEvent
L 05/12/2018 - 19:01:04: [SM]   [1] Line 338, dist\addons\sourcemod\scripting\empstats.sp::Deactivate()
L 05/12/2018 - 19:01:04: [SM]   [2] Line 290, dist\addons\sourcemod\scripting\empstats.sp::CheckActivate()
L 05/12/2018 - 19:01:04: [SM]   [3] Line 680, dist\addons\sourcemod\scripting\empstats.sp::OnClientPostAdminCheck()
L 05/12/2018 - 19:01:04: [SM] Exception reported: Invalid hook callback specified for game event "player_disconnect"
L 05/12/2018 - 19:01:04: [SM] Blaming: empstats.smx()
L 05/12/2018 - 19:01:04: [SM] Call stack trace:
L 05/12/2018 - 19:01:04: [SM]   [0] UnhookEvent
L 05/12/2018 - 19:01:04: [SM]   [1] Line 338, dist\addons\sourcemod\scripting\empstats.sp::Deactivate()
L 05/12/2018 - 19:01:04: [SM]   [2] Line 290, dist\addons\sourcemod\scripting\empstats.sp::CheckActivate()
L 05/12/2018 - 19:01:04: [SM]   [3] Line 680, dist\addons\sourcemod\scripting\empstats.sp::OnClientPostAdminCheck()
L 05/12/2018 - 19:46:17: [SM] Exception reported: Invalid timer handle 46b4039b (error 1)
L 05/12/2018 - 19:46:17: [SM] Blaming: umc-emp-mapvote.smx()
L 05/12/2018 - 19:46:17: [SM] Call stack trace:
L 05/12/2018 - 19:46:17: [SM]   [0] KillTimer
L 05/12/2018 - 19:46:17: [SM]   [1] Line 686, D:\Documents\My Folder\Empires Custom UMC Stuff\SourceMod\Workspace\umc-emp-mapvote.sp::UMC_OnNextmapSet()
L 05/12/2018 - 19:46:17: [SM]   [3] Call_Finish
L 05/12/2018 - 19:46:17: [SM]   [4] Line 4834, D:\Documents\My Folder\Empires Custom UMC Stuff\SourceMod\Workspace\umc-core.sp::DoMapChange()
L 05/12/2018 - 19:46:17: [SM]   [5] Line 4267, D:\Documents\My Folder\Empires Custom UMC Stuff\SourceMod\Workspace\umc-core.sp::Handle_MapVoteWinner()
L 05/12/2018 - 19:46:17: [SM]   [6] Line 3819, D:\Documents\My Folder\Empires Custom UMC Stuff\SourceMod\Workspace\umc-core.sp::ProcessVoteWinner()
L 05/12/2018 - 19:46:17: [SM]   [7] Line 3795, D:\Documents\My Folder\Empires Custom UMC Stuff\SourceMod\Workspace\umc-core.sp::ProcessVoteResults()
L 05/12/2018 - 19:46:17: [SM]   [8] Line 1277, D:\Documents\My Folder\Empires Custom UMC Stuff\SourceMod\Workspace\umc-core.sp::Native_UMCVoteManagerComplete()
L 05/12/2018 - 19:46:17: [SM]   [10] UMC_VoteManagerVoteCompleted
L 05/12/2018 - 19:46:17: [SM]   [11] Line 2309, D:\Documents\My Folder\Empires Custom UMC Stuff\SourceMod\Workspace\umc-core.sp::Handle_MapVoteResults()
L 05/12/2018 - 19:46:23: Error log file session closed.
L 05/12/2018 - 19:46:25: SourceMod error session started
L 05/12/2018 - 19:46:25: Info (map "emp_canyon") (file "errors_20180512.log")
L 05/12/2018 - 19:46:25: [SM] Exception reported: Invalid hook callback specified for game event "player_disconnect"
L 05/12/2018 - 19:46:25: [SM] Blaming: empstats.smx()
L 05/12/2018 - 19:46:25: [SM] Call stack trace:
L 05/12/2018 - 19:46:25: [SM]   [0] UnhookEvent
L 05/12/2018 - 19:46:25: [SM]   [1] Line 338, dist\addons\sourcemod\scripting\empstats.sp::Deactivate()
L 05/12/2018 - 19:46:25: [SM]   [2] Line 290, dist\addons\sourcemod\scripting\empstats.sp::CheckActivate()
L 05/12/2018 - 19:46:25: [SM]   [3] Line 1608, dist\addons\sourcemod\scripting\empstats.sp::EndMapChange()
L 05/12/2018 - 19:46:26: [SM] Exception reported: Invalid hook callback specified for game event "player_disconnect"
L 05/12/2018 - 19:46:26: [SM] Blaming: empstats.smx()
L 05/12/2018 - 19:46:26: [SM] Call stack trace:
L 05/12/2018 - 19:46:26: [SM]   [0] UnhookEvent
L 05/12/2018 - 19:46:26: [SM]   [1] Line 338, dist\addons\sourcemod\scripting\empstats.sp::Deactivate()
L 05/12/2018 - 19:46:26: [SM]   [2] Line 290, dist\addons\sourcemod\scripting\empstats.sp::CheckActivate()
L 05/12/2018 - 19:46:26: [SM]   [3] Line 680, dist\addons\sourcemod\scripting\empstats.sp::OnClientPostAdminCheck()
L 05/12/2018 - 19:46:26: [SM]   [5] NotifyPostAdminCheck
L 05/12/2018 - 19:46:26: [SM]   [6] Line 2395, sbpp_main.sp::CheckLoadAdmins()
L 05/12/2018 - 19:46:26: [SM]   [7] Line 1761, sbpp_main.sp::AdminsDone()
L 05/12/2018 - 19:46:27: [SM] Exception reported: Invalid hook callback specified for game event "player_disconnect"
L 05/12/2018 - 19:46:27: [SM] Blaming: empstats.smx()
L 05/12/2018 - 19:46:27: [SM] Call stack trace:
L 05/12/2018 - 19:46:27: [SM]   [0] UnhookEvent
L 05/12/2018 - 19:46:27: [SM]   [1] Line 338, dist\addons\sourcemod\scripting\empstats.sp::Deactivate()
L 05/12/2018 - 19:46:27: [SM]   [2] Line 290, dist\addons\sourcemod\scripting\empstats.sp::CheckActivate()
L 05/12/2018 - 19:46:27: [SM]   [3] Line 680, dist\addons\sourcemod\scripting\empstats.sp::OnClientPostAdminCheck()
L 05/12/2018 - 19:46:27: [SM]   [5] NotifyPostAdminCheck
L 05/12/2018 - 19:46:27: [SM]   [6] Line 2395, sbpp_main.sp::CheckLoadAdmins()
L 05/12/2018 - 19:46:27: [SM]   [7] Line 1970, sbpp_main.sp::LoadGroupsOverrides()
L 05/12/2018 - 19:46:27: [SM] Exception reported: Invalid hook callback specified for game event "player_disconnect"
L 05/12/2018 - 19:46:27: [SM] Blaming: empstats.smx()
L 05/12/2018 - 19:46:27: [SM] Call stack trace:
L 05/12/2018 - 19:46:27: [SM]   [0] UnhookEvent
L 05/12/2018 - 19:46:27: [SM]   [1] Line 338, dist\addons\sourcemod\scripting\empstats.sp::Deactivate()
L 05/12/2018 - 19:46:27: [SM]   [2] Line 290, dist\addons\sourcemod\scripting\empstats.sp::CheckActivate()
L 05/12/2018 - 19:46:27: [SM]   [3] Line 680, dist\addons\sourcemod\scripting\empstats.sp::OnClientPostAdminCheck()
L 05/12/2018 - 19:46:27: [SM]   [5] NotifyPostAdminCheck
L 05/12/2018 - 19:46:27: [SM]   [6] Line 2395, sbpp_main.sp::CheckLoadAdmins()
L 05/12/2018 - 19:46:27: [SM]   [7] Line 1970, sbpp_main.sp::LoadGroupsOverrides()
L 05/12/2018 - 21:53:47: [SM] Exception reported: Invalid timer handle 67aa03a4 (error 1)
L 05/12/2018 - 21:53:47: [SM] Blaming: umc-emp-mapvote.smx()
L 05/12/2018 - 21:53:47: [SM] Call stack trace:
L 05/12/2018 - 21:53:47: [SM]   [0] KillTimer
L 05/12/2018 - 21:53:47: [SM]   [1] Line 686, D:\Documents\My Folder\Empires Custom UMC Stuff\SourceMod\Workspace\umc-emp-mapvote.sp::UMC_OnNextmapSet()
L 05/12/2018 - 21:53:47: [SM]   [3] Call_Finish
L 05/12/2018 - 21:53:47: [SM]   [4] Line 4834, D:\Documents\My Folder\Empires Custom UMC Stuff\SourceMod\Workspace\umc-core.sp::DoMapChange()
L 05/12/2018 - 21:53:47: [SM]   [5] Line 4267, D:\Documents\My Folder\Empires Custom UMC Stuff\SourceMod\Workspace\umc-core.sp::Handle_MapVoteWinner()
L 05/12/2018 - 21:53:47: [SM]   [6] Line 3819, D:\Documents\My Folder\Empires Custom UMC Stuff\SourceMod\Workspace\umc-core.sp::ProcessVoteWinner()
L 05/12/2018 - 21:53:47: [SM]   [7] Line 3795, D:\Documents\My Folder\Empires Custom UMC Stuff\SourceMod\Workspace\umc-core.sp::ProcessVoteResults()
L 05/12/2018 - 21:53:47: [SM]   [8] Line 1277, D:\Documents\My Folder\Empires Custom UMC Stuff\SourceMod\Workspace\umc-core.sp::Native_UMCVoteManagerComplete()
L 05/12/2018 - 21:53:47: [SM]   [10] UMC_VoteManagerVoteCompleted
L 05/12/2018 - 21:53:47: [SM]   [11] Line 2309, D:\Documents\My Folder\Empires Custom UMC Stuff\SourceMod\Workspace\umc-core.sp::Handle_MapVoteResults()
L 05/12/2018 - 21:53:53: Error log file session closed.
L 05/12/2018 - 21:53:55: SourceMod error session started
L 05/12/2018 - 21:53:55: Info (map "emp_homeland_b9") (file "errors_20180512.log")
L 05/12/2018 - 21:53:55: [SM] Exception reported: Invalid hook callback specified for game event "player_disconnect"
L 05/12/2018 - 21:53:55: [SM] Blaming: empstats.smx()
L 05/12/2018 - 21:53:55: [SM] Call stack trace:
L 05/12/2018 - 21:53:55: [SM]   [0] UnhookEvent
L 05/12/2018 - 21:53:55: [SM]   [1] Line 338, dist\addons\sourcemod\scripting\empstats.sp::Deactivate()
L 05/12/2018 - 21:53:56: [SM]   [2] Line 290, dist\addons\sourcemod\scripting\empstats.sp::CheckActivate()
L 05/12/2018 - 21:53:56: [SM]   [3] Line 1608, dist\addons\sourcemod\scripting\empstats.sp::EndMapChange()
L 05/12/2018 - 21:54:00: [SM] Exception reported: Invalid hook callback specified for game event "player_disconnect"
L 05/12/2018 - 21:54:00: [SM] Blaming: empstats.smx()
L 05/12/2018 - 21:54:00: [SM] Call stack trace:
L 05/12/2018 - 21:54:00: [SM]   [0] UnhookEvent
L 05/12/2018 - 21:54:00: [SM]   [1] Line 338, dist\addons\sourcemod\scripting\empstats.sp::Deactivate()
L 05/12/2018 - 21:54:00: [SM]   [2] Line 290, dist\addons\sourcemod\scripting\empstats.sp::CheckActivate()
L 05/12/2018 - 21:54:00: [SM]   [3] Line 680, dist\addons\sourcemod\scripting\empstats.sp::OnClientPostAdminCheck()
L 05/12/2018 - 21:54:00: [SM]   [5] NotifyPostAdminCheck
L 05/12/2018 - 21:54:00: [SM]   [6] Line 2395, sbpp_main.sp::CheckLoadAdmins()
L 05/12/2018 - 21:54:00: [SM]   [7] Line 1761, sbpp_main.sp::AdminsDone()
L 05/12/2018 - 21:54:00: [SM] Exception reported: Invalid hook callback specified for game event "player_disconnect"
L 05/12/2018 - 21:54:00: [SM] Blaming: empstats.smx()
L 05/12/2018 - 21:54:00: [SM] Call stack trace:
L 05/12/2018 - 21:54:00: [SM]   [0] UnhookEvent
L 05/12/2018 - 21:54:00: [SM]   [1] Line 338, dist\addons\sourcemod\scripting\empstats.sp::Deactivate()
L 05/12/2018 - 21:54:00: [SM]   [2] Line 290, dist\addons\sourcemod\scripting\empstats.sp::CheckActivate()
L 05/12/2018 - 21:54:00: [SM]   [3] Line 680, dist\addons\sourcemod\scripting\empstats.sp::OnClientPostAdminCheck()
L 05/12/2018 - 21:54:00: [SM]   [5] NotifyPostAdminCheck
L 05/12/2018 - 21:54:00: [SM]   [6] Line 2395, sbpp_main.sp::CheckLoadAdmins()
L 05/12/2018 - 21:54:00: [SM]   [7] Line 1761, sbpp_main.sp::AdminsDone()
L 05/12/2018 - 21:54:01: [SM] Exception reported: Invalid hook callback specified for game event "player_disconnect"
L 05/12/2018 - 21:54:01: [SM] Blaming: empstats.smx()
L 05/12/2018 - 21:54:01: [SM] Call stack trace:
L 05/12/2018 - 21:54:01: [SM]   [0] UnhookEvent
L 05/12/2018 - 21:54:01: [SM]   [1] Line 338, dist\addons\sourcemod\scripting\empstats.sp::Deactivate()
L 05/12/2018 - 21:54:01: [SM]   [2] Line 290, dist\addons\sourcemod\scripting\empstats.sp::CheckActivate()
L 05/12/2018 - 21:54:01: [SM]   [3] Line 680, dist\addons\sourcemod\scripting\empstats.sp::OnClientPostAdminCheck()
L 05/12/2018 - 21:54:01: [SM]   [5] NotifyPostAdminCheck
L 05/12/2018 - 21:54:01: [SM]   [6] Line 2395, sbpp_main.sp::CheckLoadAdmins()
L 05/12/2018 - 21:54:01: [SM]   [7] Line 1970, sbpp_main.sp::LoadGroupsOverrides()
L 05/12/2018 - 22:17:49: [SM] Exception reported: Invalid timer handle 793203ac (error 1)
L 05/12/2018 - 22:17:49: [SM] Blaming: umc-emp-mapvote.smx()
L 05/12/2018 - 22:17:49: [SM] Call stack trace:
L 05/12/2018 - 22:17:49: [SM]   [0] KillTimer
L 05/12/2018 - 22:17:49: [SM]   [1] Line 686, D:\Documents\My Folder\Empires Custom UMC Stuff\SourceMod\Workspace\umc-emp-mapvote.sp::UMC_OnNextmapSet()
L 05/12/2018 - 22:17:49: [SM]   [3] Call_Finish
L 05/12/2018 - 22:17:49: [SM]   [4] Line 4834, D:\Documents\My Folder\Empires Custom UMC Stuff\SourceMod\Workspace\umc-core.sp::DoMapChange()
L 05/12/2018 - 22:17:49: [SM]   [5] Line 4267, D:\Documents\My Folder\Empires Custom UMC Stuff\SourceMod\Workspace\umc-core.sp::Handle_MapVoteWinner()
L 05/12/2018 - 22:17:49: [SM]   [6] Line 3819, D:\Documents\My Folder\Empires Custom UMC Stuff\SourceMod\Workspace\umc-core.sp::ProcessVoteWinner()
L 05/12/2018 - 22:17:49: [SM]   [7] Line 3795, D:\Documents\My Folder\Empires Custom UMC Stuff\SourceMod\Workspace\umc-core.sp::ProcessVoteResults()
L 05/12/2018 - 22:17:49: [SM]   [8] Line 1277, D:\Documents\My Folder\Empires Custom UMC Stuff\SourceMod\Workspace\umc-core.sp::Native_UMCVoteManagerComplete()
L 05/12/2018 - 22:17:49: [SM]   [10] UMC_VoteManagerVoteCompleted
L 05/12/2018 - 22:17:49: [SM]   [11] Line 2309, D:\Documents\My Folder\Empires Custom UMC Stuff\SourceMod\Workspace\umc-core.sp::Handle_MapVoteResults()
L 05/12/2018 - 22:17:55: Error log file session closed.
L 05/12/2018 - 22:17:57: SourceMod error session started
L 05/12/2018 - 22:17:57: Info (map "emp_midbridge") (file "errors_20180512.log")
L 05/12/2018 - 22:17:57: [SM] Exception reported: Invalid hook callback specified for game event "player_disconnect"
L 05/12/2018 - 22:17:57: [SM] Blaming: empstats.smx()
L 05/12/2018 - 22:17:57: [SM] Call stack trace:
L 05/12/2018 - 22:17:57: [SM]   [0] UnhookEvent
L 05/12/2018 - 22:17:57: [SM]   [1] Line 338, dist\addons\sourcemod\scripting\empstats.sp::Deactivate()
L 05/12/2018 - 22:17:57: [SM]   [2] Line 290, dist\addons\sourcemod\scripting\empstats.sp::CheckActivate()
L 05/12/2018 - 22:17:57: [SM]   [3] Line 1608, dist\addons\sourcemod\scripting\empstats.sp::EndMapChange()
L 05/12/2018 - 23:14:53: [SM] Exception reported: Invalid timer handle 94df03bf (error 1)
L 05/12/2018 - 23:14:53: [SM] Blaming: umc-emp-mapvote.smx()
L 05/12/2018 - 23:14:53: [SM] Call stack trace:
L 05/12/2018 - 23:14:53: [SM]   [0] KillTimer
L 05/12/2018 - 23:14:53: [SM]   [1] Line 686, D:\Documents\My Folder\Empires Custom UMC Stuff\SourceMod\Workspace\umc-emp-mapvote.sp::UMC_OnNextmapSet()
L 05/12/2018 - 23:14:53: [SM]   [3] Call_Finish
L 05/12/2018 - 23:14:53: [SM]   [4] Line 4834, D:\Documents\My Folder\Empires Custom UMC Stuff\SourceMod\Workspace\umc-core.sp::DoMapChange()
L 05/12/2018 - 23:14:53: [SM]   [5] Line 4267, D:\Documents\My Folder\Empires Custom UMC Stuff\SourceMod\Workspace\umc-core.sp::Handle_MapVoteWinner()
L 05/12/2018 - 23:14:53: [SM]   [6] Line 3819, D:\Documents\My Folder\Empires Custom UMC Stuff\SourceMod\Workspace\umc-core.sp::ProcessVoteWinner()
L 05/12/2018 - 23:14:53: [SM]   [7] Line 3795, D:\Documents\My Folder\Empires Custom UMC Stuff\SourceMod\Workspace\umc-core.sp::ProcessVoteResults()
L 05/12/2018 - 23:14:53: [SM]   [8] Line 1277, D:\Documents\My Folder\Empires Custom UMC Stuff\SourceMod\Workspace\umc-core.sp::Native_UMCVoteManagerComplete()
L 05/12/2018 - 23:14:53: [SM]   [10] UMC_VoteManagerVoteCompleted
L 05/12/2018 - 23:14:53: [SM]   [11] Line 2309, D:\Documents\My Folder\Empires Custom UMC Stuff\SourceMod\Workspace\umc-core.sp::Handle_MapVoteResults()
L 05/12/2018 - 23:14:59: Error log file session closed.
L 05/12/2018 - 23:15:01: SourceMod error session started
L 05/12/2018 - 23:15:01: Info (map "emp_duststorm_fix2") (file "errors_20180512.log")
L 05/12/2018 - 23:15:01: [SM] Exception reported: Invalid hook callback specified for game event "player_disconnect"
L 05/12/2018 - 23:15:01: [SM] Blaming: empstats.smx()
L 05/12/2018 - 23:15:01: [SM] Call stack trace:
L 05/12/2018 - 23:15:01: [SM]   [0] UnhookEvent
L 05/12/2018 - 23:15:01: [SM]   [1] Line 338, dist\addons\sourcemod\scripting\empstats.sp::Deactivate()
L 05/12/2018 - 23:15:01: [SM]   [2] Line 290, dist\addons\sourcemod\scripting\empstats.sp::CheckActivate()
L 05/12/2018 - 23:15:01: [SM]   [3] Line 1608, dist\addons\sourcemod\scripting\empstats.sp::EndMapChange()
L 05/12/2018 - 23:58:28: [SM] Exception reported: Invalid timer handle ab92035f (error 1)
L 05/12/2018 - 23:58:28: [SM] Blaming: umc-emp-mapvote.smx()
L 05/12/2018 - 23:58:28: [SM] Call stack trace:
L 05/12/2018 - 23:58:28: [SM]   [0] KillTimer
L 05/12/2018 - 23:58:28: [SM]   [1] Line 686, D:\Documents\My Folder\Empires Custom UMC Stuff\SourceMod\Workspace\umc-emp-mapvote.sp::UMC_OnNextmapSet()
L 05/12/2018 - 23:58:28: [SM]   [3] Call_Finish
L 05/12/2018 - 23:58:28: [SM]   [4] Line 4834, D:\Documents\My Folder\Empires Custom UMC Stuff\SourceMod\Workspace\umc-core.sp::DoMapChange()
L 05/12/2018 - 23:58:28: [SM]   [5] Line 4267, D:\Documents\My Folder\Empires Custom UMC Stuff\SourceMod\Workspace\umc-core.sp::Handle_MapVoteWinner()
L 05/12/2018 - 23:58:28: [SM]   [6] Line 3819, D:\Documents\My Folder\Empires Custom UMC Stuff\SourceMod\Workspace\umc-core.sp::ProcessVoteWinner()
L 05/12/2018 - 23:58:28: [SM]   [7] Line 3795, D:\Documents\My Folder\Empires Custom UMC Stuff\SourceMod\Workspace\umc-core.sp::ProcessVoteResults()
L 05/12/2018 - 23:58:28: [SM]   [8] Line 1277, D:\Documents\My Folder\Empires Custom UMC Stuff\SourceMod\Workspace\umc-core.sp::Native_UMCVoteManagerComplete()
L 05/12/2018 - 23:58:28: [SM]   [10] UMC_VoteManagerVoteCompleted
L 05/12/2018 - 23:58:28: [SM]   [11] Line 2309, D:\Documents\My Folder\Empires Custom UMC Stuff\SourceMod\Workspace\umc-core.sp::Handle_MapVoteResults()
L 05/12/2018 - 23:58:34: Error log file session closed.
L 05/12/2018 - 23:58:36: SourceMod error session started
L 05/12/2018 - 23:58:36: Info (map "emp_streetsoffire_fix") (file "errors_20180512.log")
L 05/12/2018 - 23:58:36: [SM] Exception reported: Invalid hook callback specified for game event "player_disconnect"
L 05/12/2018 - 23:58:36: [SM] Blaming: empstats.smx()
L 05/12/2018 - 23:58:36: [SM] Call stack trace:
L 05/12/2018 - 23:58:36: [SM]   [0] UnhookEvent
L 05/12/2018 - 23:58:36: [SM]   [1] Line 338, dist\addons\sourcemod\scripting\empstats.sp::Deactivate()
L 05/12/2018 - 23:58:36: [SM]   [2] Line 290, dist\addons\sourcemod\scripting\empstats.sp::CheckActivate()
L 05/12/2018 - 23:58:36: [SM]   [3] Line 1608, dist\addons\sourcemod\scripting\empstats.sp::EndMapChange()
L 05/12/2018 - 23:58:41: [SM] Exception reported: Invalid hook callback specified for game event "player_disconnect"
L 05/12/2018 - 23:58:41: [SM] Blaming: empstats.smx()
L 05/12/2018 - 23:58:41: [SM] Call stack trace:
L 05/12/2018 - 23:58:41: [SM]   [0] UnhookEvent
L 05/12/2018 - 23:58:41: [SM]   [1] Line 338, dist\addons\sourcemod\scripting\empstats.sp::Deactivate()
L 05/12/2018 - 23:58:41: [SM]   [2] Line 290, dist\addons\sourcemod\scripting\empstats.sp::CheckActivate()
L 05/12/2018 - 23:58:41: [SM]   [3] Line 680, dist\addons\sourcemod\scripting\empstats.sp::OnClientPostAdminCheck()
L 05/12/2018 - 23:58:41: [SM]   [5] NotifyPostAdminCheck
L 05/12/2018 - 23:58:41: [SM]   [6] Line 2395, sbpp_main.sp::CheckLoadAdmins()
L 05/12/2018 - 23:58:41: [SM]   [7] Line 1761, sbpp_main.sp::AdminsDone()
L 05/12/2018 - 23:58:42: [SM] Exception reported: Invalid hook callback specified for game event "player_disconnect"
L 05/12/2018 - 23:58:42: [SM] Blaming: empstats.smx()
L 05/12/2018 - 23:58:42: [SM] Call stack trace:
L 05/12/2018 - 23:58:42: [SM]   [0] UnhookEvent
L 05/12/2018 - 23:58:42: [SM]   [1] Line 338, dist\addons\sourcemod\scripting\empstats.sp::Deactivate()
L 05/12/2018 - 23:58:42: [SM]   [2] Line 290, dist\addons\sourcemod\scripting\empstats.sp::CheckActivate()
L 05/12/2018 - 23:58:42: [SM]   [3] Line 680, dist\addons\sourcemod\scripting\empstats.sp::OnClientPostAdminCheck()
L 05/12/2018 - 23:58:42: [SM]   [5] NotifyPostAdminCheck
L 05/12/2018 - 23:58:42: [SM]   [6] Line 2395, sbpp_main.sp::CheckLoadAdmins()
L 05/12/2018 - 23:58:42: [SM]   [7] Line 1970, sbpp_main.sp::LoadGroupsOverrides()
L 05/12/2018 - 23:58:42: [SM] Exception reported: Invalid hook callback specified for game event "player_disconnect"
L 05/12/2018 - 23:58:42: [SM] Blaming: empstats.smx()
L 05/12/2018 - 23:58:42: [SM] Call stack trace:
L 05/12/2018 - 23:58:42: [SM]   [0] UnhookEvent
L 05/12/2018 - 23:58:42: [SM]   [1] Line 338, dist\addons\sourcemod\scripting\empstats.sp::Deactivate()
L 05/12/2018 - 23:58:42: [SM]   [2] Line 290, dist\addons\sourcemod\scripting\empstats.sp::CheckActivate()
L 05/12/2018 - 23:58:42: [SM]   [3] Line 680, dist\addons\sourcemod\scripting\empstats.sp::OnClientPostAdminCheck()
L 05/12/2018 - 23:58:42: [SM]   [5] NotifyPostAdminCheck
L 05/12/2018 - 23:58:42: [SM]   [6] Line 2395, sbpp_main.sp::CheckLoadAdmins()
L 05/12/2018 - 23:58:42: [SM]   [7] Line 1970, sbpp_main.sp::LoadGroupsOverrides()
