L 06/10/2017 - 00:31:37: SourceMod error session started
L 06/10/2017 - 00:31:37: Info (map "emp_canyon") (file "errors_20170610.log")
L 06/10/2017 - 00:31:37: [SM] Exception reported: Invalid timer handle a1a40328 (error 3)
L 06/10/2017 - 00:31:37: [SM] Blaming: umc-emp-mapvote.smx()
L 06/10/2017 - 00:31:37: [SM] Call stack trace:
L 06/10/2017 - 00:31:37: [SM]   [0] KillTimer
L 06/10/2017 - 00:31:37: [SM]   [1] Line 686, D:\Documents\My Folder\Empires Custom UMC Stuff\SourceMod\Workspace\umc-emp-mapvote.sp::UMC_OnNextmapSet()
L 06/10/2017 - 00:31:37: [SM]   [3] Call_Finish
L 06/10/2017 - 00:31:37: [SM]   [4] Line 4834, D:\Documents\My Folder\Empires Custom UMC Stuff\SourceMod\Workspace\umc-core.sp::DoMapChange()
L 06/10/2017 - 00:31:37: [SM]   [5] Line 4267, D:\Documents\My Folder\Empires Custom UMC Stuff\SourceMod\Workspace\umc-core.sp::Handle_MapVoteWinner()
L 06/10/2017 - 00:31:37: [SM]   [6] Line 3819, D:\Documents\My Folder\Empires Custom UMC Stuff\SourceMod\Workspace\umc-core.sp::ProcessVoteWinner()
L 06/10/2017 - 00:31:37: [SM]   [7] Line 3795, D:\Documents\My Folder\Empires Custom UMC Stuff\SourceMod\Workspace\umc-core.sp::ProcessVoteResults()
L 06/10/2017 - 00:31:37: [SM]   [8] Line 1277, D:\Documents\My Folder\Empires Custom UMC Stuff\SourceMod\Workspace\umc-core.sp::Native_UMCVoteManagerComplete()
L 06/10/2017 - 00:31:37: [SM]   [10] UMC_VoteManagerVoteCompleted
L 06/10/2017 - 00:31:37: [SM]   [11] Line 2309, D:\Documents\My Folder\Empires Custom UMC Stuff\SourceMod\Workspace\umc-core.sp::Handle_MapVoteResults()
L 06/10/2017 - 00:31:43: Error log file session closed.
L 06/10/2017 - 01:07:33: SourceMod error session started
L 06/10/2017 - 01:07:33: Info (map "emp_bush") (file "errors_20170610.log")
L 06/10/2017 - 01:07:33: [SM] Exception reported: Invalid timer handle c3d6033f (error 1)
L 06/10/2017 - 01:07:33: [SM] Blaming: umc-emp-mapvote.smx()
L 06/10/2017 - 01:07:33: [SM] Call stack trace:
L 06/10/2017 - 01:07:33: [SM]   [0] KillTimer
L 06/10/2017 - 01:07:33: [SM]   [1] Line 686, D:\Documents\My Folder\Empires Custom UMC Stuff\SourceMod\Workspace\umc-emp-mapvote.sp::UMC_OnNextmapSet()
L 06/10/2017 - 01:07:33: [SM]   [3] Call_Finish
L 06/10/2017 - 01:07:33: [SM]   [4] Line 4834, D:\Documents\My Folder\Empires Custom UMC Stuff\SourceMod\Workspace\umc-core.sp::DoMapChange()
L 06/10/2017 - 01:07:33: [SM]   [5] Line 4267, D:\Documents\My Folder\Empires Custom UMC Stuff\SourceMod\Workspace\umc-core.sp::Handle_MapVoteWinner()
L 06/10/2017 - 01:07:33: [SM]   [6] Line 3819, D:\Documents\My Folder\Empires Custom UMC Stuff\SourceMod\Workspace\umc-core.sp::ProcessVoteWinner()
L 06/10/2017 - 01:07:33: [SM]   [7] Line 3795, D:\Documents\My Folder\Empires Custom UMC Stuff\SourceMod\Workspace\umc-core.sp::ProcessVoteResults()
L 06/10/2017 - 01:07:33: [SM]   [8] Line 1277, D:\Documents\My Folder\Empires Custom UMC Stuff\SourceMod\Workspace\umc-core.sp::Native_UMCVoteManagerComplete()
L 06/10/2017 - 01:07:33: [SM]   [10] UMC_VoteManagerVoteCompleted
L 06/10/2017 - 01:07:33: [SM]   [11] Line 2309, D:\Documents\My Folder\Empires Custom UMC Stuff\SourceMod\Workspace\umc-core.sp::Handle_MapVoteResults()
L 06/10/2017 - 01:07:39: Error log file session closed.
L 06/10/2017 - 01:56:15: SourceMod error session started
L 06/10/2017 - 01:56:15: Info (map "emp_mvalley") (file "errors_20170610.log")
L 06/10/2017 - 01:56:15: [SM] Exception reported: Invalid timer handle df120310 (error 1)
L 06/10/2017 - 01:56:15: [SM] Blaming: umc-emp-mapvote.smx()
L 06/10/2017 - 01:56:15: [SM] Call stack trace:
L 06/10/2017 - 01:56:15: [SM]   [0] KillTimer
L 06/10/2017 - 01:56:15: [SM]   [1] Line 686, D:\Documents\My Folder\Empires Custom UMC Stuff\SourceMod\Workspace\umc-emp-mapvote.sp::UMC_OnNextmapSet()
L 06/10/2017 - 01:56:15: [SM]   [3] Call_Finish
L 06/10/2017 - 01:56:15: [SM]   [4] Line 4834, D:\Documents\My Folder\Empires Custom UMC Stuff\SourceMod\Workspace\umc-core.sp::DoMapChange()
L 06/10/2017 - 01:56:15: [SM]   [5] Line 4267, D:\Documents\My Folder\Empires Custom UMC Stuff\SourceMod\Workspace\umc-core.sp::Handle_MapVoteWinner()
L 06/10/2017 - 01:56:15: [SM]   [6] Line 3819, D:\Documents\My Folder\Empires Custom UMC Stuff\SourceMod\Workspace\umc-core.sp::ProcessVoteWinner()
L 06/10/2017 - 01:56:15: [SM]   [7] Line 3795, D:\Documents\My Folder\Empires Custom UMC Stuff\SourceMod\Workspace\umc-core.sp::ProcessVoteResults()
L 06/10/2017 - 01:56:15: [SM]   [8] Line 1277, D:\Documents\My Folder\Empires Custom UMC Stuff\SourceMod\Workspace\umc-core.sp::Native_UMCVoteManagerComplete()
L 06/10/2017 - 01:56:15: [SM]   [10] UMC_VoteManagerVoteCompleted
L 06/10/2017 - 01:56:15: [SM]   [11] Line 2309, D:\Documents\My Folder\Empires Custom UMC Stuff\SourceMod\Workspace\umc-core.sp::Handle_MapVoteResults()
L 06/10/2017 - 01:56:21: Error log file session closed.
L 06/10/2017 - 03:03:07: SourceMod error session started
L 06/10/2017 - 03:03:07: Info (map "emp_blah4") (file "errors_20170610.log")
L 06/10/2017 - 03:03:07: [SM] Exception reported: Invalid timer handle ee1b0369 (error 1)
L 06/10/2017 - 03:03:07: [SM] Blaming: umc-emp-mapvote.smx()
L 06/10/2017 - 03:03:07: [SM] Call stack trace:
L 06/10/2017 - 03:03:07: [SM]   [0] KillTimer
L 06/10/2017 - 03:03:07: [SM]   [1] Line 686, D:\Documents\My Folder\Empires Custom UMC Stuff\SourceMod\Workspace\umc-emp-mapvote.sp::UMC_OnNextmapSet()
L 06/10/2017 - 03:03:07: [SM]   [3] Call_Finish
L 06/10/2017 - 03:03:07: [SM]   [4] Line 4834, D:\Documents\My Folder\Empires Custom UMC Stuff\SourceMod\Workspace\umc-core.sp::DoMapChange()
L 06/10/2017 - 03:03:07: [SM]   [5] Line 4267, D:\Documents\My Folder\Empires Custom UMC Stuff\SourceMod\Workspace\umc-core.sp::Handle_MapVoteWinner()
L 06/10/2017 - 03:03:07: [SM]   [6] Line 3819, D:\Documents\My Folder\Empires Custom UMC Stuff\SourceMod\Workspace\umc-core.sp::ProcessVoteWinner()
L 06/10/2017 - 03:03:07: [SM]   [7] Line 3795, D:\Documents\My Folder\Empires Custom UMC Stuff\SourceMod\Workspace\umc-core.sp::ProcessVoteResults()
L 06/10/2017 - 03:03:07: [SM]   [8] Line 1277, D:\Documents\My Folder\Empires Custom UMC Stuff\SourceMod\Workspace\umc-core.sp::Native_UMCVoteManagerComplete()
L 06/10/2017 - 03:03:07: [SM]   [10] UMC_VoteManagerVoteCompleted
L 06/10/2017 - 03:03:07: [SM]   [11] Line 2309, D:\Documents\My Folder\Empires Custom UMC Stuff\SourceMod\Workspace\umc-core.sp::Handle_MapVoteResults()
L 06/10/2017 - 03:03:13: Error log file session closed.
L 06/10/2017 - 08:57:22: SourceMod error session started
L 06/10/2017 - 08:57:22: Info (map "con_urbanchaos_fix") (file "errors_20170610.log")
L 06/10/2017 - 08:57:22: [SM] Exception reported: Invalid timer handle fe86032f (error 1)
L 06/10/2017 - 08:57:22: [SM] Blaming: umc-emp-mapvote.smx()
L 06/10/2017 - 08:57:22: [SM] Call stack trace:
L 06/10/2017 - 08:57:22: [SM]   [0] KillTimer
L 06/10/2017 - 08:57:22: [SM]   [1] Line 686, D:\Documents\My Folder\Empires Custom UMC Stuff\SourceMod\Workspace\umc-emp-mapvote.sp::UMC_OnNextmapSet()
L 06/10/2017 - 08:57:22: [SM]   [3] Call_Finish
L 06/10/2017 - 08:57:22: [SM]   [4] Line 4834, D:\Documents\My Folder\Empires Custom UMC Stuff\SourceMod\Workspace\umc-core.sp::DoMapChange()
L 06/10/2017 - 08:57:22: [SM]   [5] Line 4267, D:\Documents\My Folder\Empires Custom UMC Stuff\SourceMod\Workspace\umc-core.sp::Handle_MapVoteWinner()
L 06/10/2017 - 08:57:22: [SM]   [6] Line 3819, D:\Documents\My Folder\Empires Custom UMC Stuff\SourceMod\Workspace\umc-core.sp::ProcessVoteWinner()
L 06/10/2017 - 08:57:22: [SM]   [7] Line 3795, D:\Documents\My Folder\Empires Custom UMC Stuff\SourceMod\Workspace\umc-core.sp::ProcessVoteResults()
L 06/10/2017 - 08:57:22: [SM]   [8] Line 1277, D:\Documents\My Folder\Empires Custom UMC Stuff\SourceMod\Workspace\umc-core.sp::Native_UMCVoteManagerComplete()
L 06/10/2017 - 08:57:22: [SM]   [10] UMC_VoteManagerVoteCompleted
L 06/10/2017 - 08:57:22: [SM]   [11] Line 2309, D:\Documents\My Folder\Empires Custom UMC Stuff\SourceMod\Workspace\umc-core.sp::Handle_MapVoteResults()
L 06/10/2017 - 08:57:28: Error log file session closed.
L 06/10/2017 - 09:23:28: SourceMod error session started
L 06/10/2017 - 09:23:28: Info (map "con_glycencity") (file "errors_20170610.log")
L 06/10/2017 - 09:23:28: [SM] Exception reported: Invalid timer handle 1290340 (error 1)
L 06/10/2017 - 09:23:28: [SM] Blaming: umc-emp-mapvote.smx()
L 06/10/2017 - 09:23:28: [SM] Call stack trace:
L 06/10/2017 - 09:23:28: [SM]   [0] KillTimer
L 06/10/2017 - 09:23:28: [SM]   [1] Line 686, D:\Documents\My Folder\Empires Custom UMC Stuff\SourceMod\Workspace\umc-emp-mapvote.sp::UMC_OnNextmapSet()
L 06/10/2017 - 09:23:28: [SM]   [3] Call_Finish
L 06/10/2017 - 09:23:28: [SM]   [4] Line 4834, D:\Documents\My Folder\Empires Custom UMC Stuff\SourceMod\Workspace\umc-core.sp::DoMapChange()
L 06/10/2017 - 09:23:28: [SM]   [5] Line 4267, D:\Documents\My Folder\Empires Custom UMC Stuff\SourceMod\Workspace\umc-core.sp::Handle_MapVoteWinner()
L 06/10/2017 - 09:23:28: [SM]   [6] Line 3819, D:\Documents\My Folder\Empires Custom UMC Stuff\SourceMod\Workspace\umc-core.sp::ProcessVoteWinner()
L 06/10/2017 - 09:23:28: [SM]   [7] Line 3795, D:\Documents\My Folder\Empires Custom UMC Stuff\SourceMod\Workspace\umc-core.sp::ProcessVoteResults()
L 06/10/2017 - 09:23:28: [SM]   [8] Line 1277, D:\Documents\My Folder\Empires Custom UMC Stuff\SourceMod\Workspace\umc-core.sp::Native_UMCVoteManagerComplete()
L 06/10/2017 - 09:23:28: [SM]   [10] UMC_VoteManagerVoteCompleted
L 06/10/2017 - 09:23:28: [SM]   [11] Line 2309, D:\Documents\My Folder\Empires Custom UMC Stuff\SourceMod\Workspace\umc-core.sp::Handle_MapVoteResults()
L 06/10/2017 - 09:23:34: Error log file session closed.
L 06/10/2017 - 09:39:13: SourceMod error session started
L 06/10/2017 - 09:39:13: Info (map "emp_drygulch_a6") (file "errors_20170610.log")
L 06/10/2017 - 09:39:13: [SM] Exception reported: Invalid timer handle 3ba0372 (error 1)
L 06/10/2017 - 09:39:13: [SM] Blaming: umc-emp-mapvote.smx()
L 06/10/2017 - 09:39:13: [SM] Call stack trace:
L 06/10/2017 - 09:39:13: [SM]   [0] KillTimer
L 06/10/2017 - 09:39:13: [SM]   [1] Line 686, D:\Documents\My Folder\Empires Custom UMC Stuff\SourceMod\Workspace\umc-emp-mapvote.sp::UMC_OnNextmapSet()
L 06/10/2017 - 09:39:13: [SM]   [3] Call_Finish
L 06/10/2017 - 09:39:13: [SM]   [4] Line 4834, D:\Documents\My Folder\Empires Custom UMC Stuff\SourceMod\Workspace\umc-core.sp::DoMapChange()
L 06/10/2017 - 09:39:13: [SM]   [5] Line 4267, D:\Documents\My Folder\Empires Custom UMC Stuff\SourceMod\Workspace\umc-core.sp::Handle_MapVoteWinner()
L 06/10/2017 - 09:39:13: [SM]   [6] Line 3819, D:\Documents\My Folder\Empires Custom UMC Stuff\SourceMod\Workspace\umc-core.sp::ProcessVoteWinner()
L 06/10/2017 - 09:39:13: [SM]   [7] Line 3795, D:\Documents\My Folder\Empires Custom UMC Stuff\SourceMod\Workspace\umc-core.sp::ProcessVoteResults()
L 06/10/2017 - 09:39:13: [SM]   [8] Line 1277, D:\Documents\My Folder\Empires Custom UMC Stuff\SourceMod\Workspace\umc-core.sp::Native_UMCVoteManagerComplete()
L 06/10/2017 - 09:39:13: [SM]   [10] UMC_VoteManagerVoteCompleted
L 06/10/2017 - 09:39:13: [SM]   [11] Line 2309, D:\Documents\My Folder\Empires Custom UMC Stuff\SourceMod\Workspace\umc-core.sp::Handle_MapVoteResults()
L 06/10/2017 - 09:39:18: Error log file session closed.
L 06/10/2017 - 10:17:50: SourceMod error session started
L 06/10/2017 - 10:17:50: Info (map "emp_beachfront_b2") (file "errors_20170610.log")
L 06/10/2017 - 10:17:50: [SM] Exception reported: Invalid timer handle aa90353 (error 1)
L 06/10/2017 - 10:17:50: [SM] Blaming: umc-emp-mapvote.smx()
L 06/10/2017 - 10:17:50: [SM] Call stack trace:
L 06/10/2017 - 10:17:50: [SM]   [0] KillTimer
L 06/10/2017 - 10:17:50: [SM]   [1] Line 686, D:\Documents\My Folder\Empires Custom UMC Stuff\SourceMod\Workspace\umc-emp-mapvote.sp::UMC_OnNextmapSet()
L 06/10/2017 - 10:17:50: [SM]   [3] Call_Finish
L 06/10/2017 - 10:17:50: [SM]   [4] Line 4834, D:\Documents\My Folder\Empires Custom UMC Stuff\SourceMod\Workspace\umc-core.sp::DoMapChange()
L 06/10/2017 - 10:17:50: [SM]   [5] Line 4267, D:\Documents\My Folder\Empires Custom UMC Stuff\SourceMod\Workspace\umc-core.sp::Handle_MapVoteWinner()
L 06/10/2017 - 10:17:50: [SM]   [6] Line 3819, D:\Documents\My Folder\Empires Custom UMC Stuff\SourceMod\Workspace\umc-core.sp::ProcessVoteWinner()
L 06/10/2017 - 10:17:50: [SM]   [7] Line 3795, D:\Documents\My Folder\Empires Custom UMC Stuff\SourceMod\Workspace\umc-core.sp::ProcessVoteResults()
L 06/10/2017 - 10:17:50: [SM]   [8] Line 1277, D:\Documents\My Folder\Empires Custom UMC Stuff\SourceMod\Workspace\umc-core.sp::Native_UMCVoteManagerComplete()
L 06/10/2017 - 10:17:50: [SM]   [10] UMC_VoteManagerVoteCompleted
L 06/10/2017 - 10:17:50: [SM]   [11] Line 2309, D:\Documents\My Folder\Empires Custom UMC Stuff\SourceMod\Workspace\umc-core.sp::Handle_MapVoteResults()
L 06/10/2017 - 10:17:57: Error log file session closed.
L 06/10/2017 - 11:03:19: SourceMod error session started
L 06/10/2017 - 11:03:19: Info (map "emp_fogtown_cl2_fix") (file "errors_20170610.log")
L 06/10/2017 - 11:03:19: [SM] Exception reported: Invalid timer handle 11ea02fa (error 3)
L 06/10/2017 - 11:03:19: [SM] Blaming: umc-emp-mapvote.smx()
L 06/10/2017 - 11:03:19: [SM] Call stack trace:
L 06/10/2017 - 11:03:19: [SM]   [0] KillTimer
L 06/10/2017 - 11:03:19: [SM]   [1] Line 686, D:\Documents\My Folder\Empires Custom UMC Stuff\SourceMod\Workspace\umc-emp-mapvote.sp::UMC_OnNextmapSet()
L 06/10/2017 - 11:03:19: [SM]   [3] Call_Finish
L 06/10/2017 - 11:03:19: [SM]   [4] Line 4834, D:\Documents\My Folder\Empires Custom UMC Stuff\SourceMod\Workspace\umc-core.sp::DoMapChange()
L 06/10/2017 - 11:03:19: [SM]   [5] Line 4267, D:\Documents\My Folder\Empires Custom UMC Stuff\SourceMod\Workspace\umc-core.sp::Handle_MapVoteWinner()
L 06/10/2017 - 11:03:19: [SM]   [6] Line 3819, D:\Documents\My Folder\Empires Custom UMC Stuff\SourceMod\Workspace\umc-core.sp::ProcessVoteWinner()
L 06/10/2017 - 11:03:19: [SM]   [7] Line 3795, D:\Documents\My Folder\Empires Custom UMC Stuff\SourceMod\Workspace\umc-core.sp::ProcessVoteResults()
L 06/10/2017 - 11:03:19: [SM]   [8] Line 1277, D:\Documents\My Folder\Empires Custom UMC Stuff\SourceMod\Workspace\umc-core.sp::Native_UMCVoteManagerComplete()
L 06/10/2017 - 11:03:19: [SM]   [10] UMC_VoteManagerVoteCompleted
L 06/10/2017 - 11:03:19: [SM]   [11] Line 2309, D:\Documents\My Folder\Empires Custom UMC Stuff\SourceMod\Workspace\umc-core.sp::Handle_MapVoteResults()
L 06/10/2017 - 11:03:25: Error log file session closed.
L 06/10/2017 - 11:51:05: SourceMod error session started
L 06/10/2017 - 11:51:05: Info (map "emp_crossroads") (file "errors_20170610.log")
L 06/10/2017 - 11:51:05: [SM] Exception reported: Invalid timer handle 1c24035c (error 1)
L 06/10/2017 - 11:51:05: [SM] Blaming: umc-emp-mapvote.smx()
L 06/10/2017 - 11:51:05: [SM] Call stack trace:
L 06/10/2017 - 11:51:05: [SM]   [0] KillTimer
L 06/10/2017 - 11:51:05: [SM]   [1] Line 686, D:\Documents\My Folder\Empires Custom UMC Stuff\SourceMod\Workspace\umc-emp-mapvote.sp::UMC_OnNextmapSet()
L 06/10/2017 - 11:51:05: [SM]   [3] Call_Finish
L 06/10/2017 - 11:51:05: [SM]   [4] Line 4834, D:\Documents\My Folder\Empires Custom UMC Stuff\SourceMod\Workspace\umc-core.sp::DoMapChange()
L 06/10/2017 - 11:51:05: [SM]   [5] Line 4267, D:\Documents\My Folder\Empires Custom UMC Stuff\SourceMod\Workspace\umc-core.sp::Handle_MapVoteWinner()
L 06/10/2017 - 11:51:05: [SM]   [6] Line 3819, D:\Documents\My Folder\Empires Custom UMC Stuff\SourceMod\Workspace\umc-core.sp::ProcessVoteWinner()
L 06/10/2017 - 11:51:05: [SM]   [7] Line 3795, D:\Documents\My Folder\Empires Custom UMC Stuff\SourceMod\Workspace\umc-core.sp::ProcessVoteResults()
L 06/10/2017 - 11:51:05: [SM]   [8] Line 1277, D:\Documents\My Folder\Empires Custom UMC Stuff\SourceMod\Workspace\umc-core.sp::Native_UMCVoteManagerComplete()
L 06/10/2017 - 11:51:05: [SM]   [10] UMC_VoteManagerVoteCompleted
L 06/10/2017 - 11:51:05: [SM]   [11] Line 2309, D:\Documents\My Folder\Empires Custom UMC Stuff\SourceMod\Workspace\umc-core.sp::Handle_MapVoteResults()
L 06/10/2017 - 11:51:11: Error log file session closed.
L 06/10/2017 - 13:16:53: SourceMod error session started
L 06/10/2017 - 13:16:53: Info (map "emp_downfall") (file "errors_20170610.log")
L 06/10/2017 - 13:16:53: [umc-core.smx] VOTING: Not enough options to run a vote. 1 options available.
L 06/10/2017 - 13:16:53: [umc-core.smx] Could not start core vote.
L 06/10/2017 - 13:16:59: Error log file session closed.
L 06/10/2017 - 14:08:51: SourceMod error session started
L 06/10/2017 - 14:08:51: Info (map "emp_shadows_attacks_fix") (file "errors_20170610.log")
L 06/10/2017 - 14:08:51: [umc-core.smx] VOTING: Not enough options to run a vote. 1 options available.
L 06/10/2017 - 14:08:51: [umc-core.smx] Could not start core vote.
L 06/10/2017 - 14:08:57: Error log file session closed.
L 06/10/2017 - 16:31:20: SourceMod error session started
L 06/10/2017 - 16:31:20: Info (map "emp_temple_b3a") (file "errors_20170610.log")
L 06/10/2017 - 16:31:20: [SM] Exception reported: Invalid timer handle 39f002bf (error 1)
L 06/10/2017 - 16:31:20: [SM] Blaming: umc-emp-mapvote.smx()
L 06/10/2017 - 16:31:20: [SM] Call stack trace:
L 06/10/2017 - 16:31:20: [SM]   [0] KillTimer
L 06/10/2017 - 16:31:20: [SM]   [1] Line 686, D:\Documents\My Folder\Empires Custom UMC Stuff\SourceMod\Workspace\umc-emp-mapvote.sp::UMC_OnNextmapSet()
L 06/10/2017 - 16:31:20: [SM]   [3] Call_Finish
L 06/10/2017 - 16:31:20: [SM]   [4] Line 4834, D:\Documents\My Folder\Empires Custom UMC Stuff\SourceMod\Workspace\umc-core.sp::DoMapChange()
L 06/10/2017 - 16:31:20: [SM]   [5] Line 4267, D:\Documents\My Folder\Empires Custom UMC Stuff\SourceMod\Workspace\umc-core.sp::Handle_MapVoteWinner()
L 06/10/2017 - 16:31:20: [SM]   [6] Line 3819, D:\Documents\My Folder\Empires Custom UMC Stuff\SourceMod\Workspace\umc-core.sp::ProcessVoteWinner()
L 06/10/2017 - 16:31:20: [SM]   [7] Line 3795, D:\Documents\My Folder\Empires Custom UMC Stuff\SourceMod\Workspace\umc-core.sp::ProcessVoteResults()
L 06/10/2017 - 16:31:20: [SM]   [8] Line 1277, D:\Documents\My Folder\Empires Custom UMC Stuff\SourceMod\Workspace\umc-core.sp::Native_UMCVoteManagerComplete()
L 06/10/2017 - 16:31:20: [SM]   [10] UMC_VoteManagerVoteCompleted
L 06/10/2017 - 16:31:20: [SM]   [11] Line 2309, D:\Documents\My Folder\Empires Custom UMC Stuff\SourceMod\Workspace\umc-core.sp::Handle_MapVoteResults()
L 06/10/2017 - 16:31:26: Error log file session closed.
L 06/10/2017 - 17:04:54: SourceMod error session started
L 06/10/2017 - 17:04:54: Info (map "emp_beachfront_b2") (file "errors_20170610.log")
L 06/10/2017 - 17:04:54: [SM] Exception reported: Invalid timer handle 581e0376 (error 1)
L 06/10/2017 - 17:04:54: [SM] Blaming: umc-emp-mapvote.smx()
L 06/10/2017 - 17:04:54: [SM] Call stack trace:
L 06/10/2017 - 17:04:54: [SM]   [0] KillTimer
L 06/10/2017 - 17:04:54: [SM]   [1] Line 686, D:\Documents\My Folder\Empires Custom UMC Stuff\SourceMod\Workspace\umc-emp-mapvote.sp::UMC_OnNextmapSet()
L 06/10/2017 - 17:04:54: [SM]   [3] Call_Finish
L 06/10/2017 - 17:04:54: [SM]   [4] Line 4834, D:\Documents\My Folder\Empires Custom UMC Stuff\SourceMod\Workspace\umc-core.sp::DoMapChange()
L 06/10/2017 - 17:04:54: [SM]   [5] Line 4267, D:\Documents\My Folder\Empires Custom UMC Stuff\SourceMod\Workspace\umc-core.sp::Handle_MapVoteWinner()
L 06/10/2017 - 17:04:54: [SM]   [6] Line 3819, D:\Documents\My Folder\Empires Custom UMC Stuff\SourceMod\Workspace\umc-core.sp::ProcessVoteWinner()
L 06/10/2017 - 17:04:54: [SM]   [7] Line 3795, D:\Documents\My Folder\Empires Custom UMC Stuff\SourceMod\Workspace\umc-core.sp::ProcessVoteResults()
L 06/10/2017 - 17:04:54: [SM]   [8] Line 1277, D:\Documents\My Folder\Empires Custom UMC Stuff\SourceMod\Workspace\umc-core.sp::Native_UMCVoteManagerComplete()
L 06/10/2017 - 17:04:54: [SM]   [10] UMC_VoteManagerVoteCompleted
L 06/10/2017 - 17:04:54: [SM]   [11] Line 2309, D:\Documents\My Folder\Empires Custom UMC Stuff\SourceMod\Workspace\umc-core.sp::Handle_MapVoteResults()
L 06/10/2017 - 17:05:00: Error log file session closed.
L 06/10/2017 - 17:26:42: SourceMod error session started
L 06/10/2017 - 17:26:42: Info (map "con_district402") (file "errors_20170610.log")
L 06/10/2017 - 17:26:42: [SM] Exception reported: Invalid timer handle 70e4035b (error 1)
L 06/10/2017 - 17:26:42: [SM] Blaming: umc-emp-mapvote.smx()
L 06/10/2017 - 17:26:42: [SM] Call stack trace:
L 06/10/2017 - 17:26:42: [SM]   [0] KillTimer
L 06/10/2017 - 17:26:42: [SM]   [1] Line 686, D:\Documents\My Folder\Empires Custom UMC Stuff\SourceMod\Workspace\umc-emp-mapvote.sp::UMC_OnNextmapSet()
L 06/10/2017 - 17:26:42: [SM]   [3] Call_Finish
L 06/10/2017 - 17:26:42: [SM]   [4] Line 4834, D:\Documents\My Folder\Empires Custom UMC Stuff\SourceMod\Workspace\umc-core.sp::DoMapChange()
L 06/10/2017 - 17:26:42: [SM]   [5] Line 4267, D:\Documents\My Folder\Empires Custom UMC Stuff\SourceMod\Workspace\umc-core.sp::Handle_MapVoteWinner()
L 06/10/2017 - 17:26:42: [SM]   [6] Line 3819, D:\Documents\My Folder\Empires Custom UMC Stuff\SourceMod\Workspace\umc-core.sp::ProcessVoteWinner()
L 06/10/2017 - 17:26:42: [SM]   [7] Line 3795, D:\Documents\My Folder\Empires Custom UMC Stuff\SourceMod\Workspace\umc-core.sp::ProcessVoteResults()
L 06/10/2017 - 17:26:42: [SM]   [8] Line 1277, D:\Documents\My Folder\Empires Custom UMC Stuff\SourceMod\Workspace\umc-core.sp::Native_UMCVoteManagerComplete()
L 06/10/2017 - 17:26:42: [SM]   [10] UMC_VoteManagerVoteCompleted
L 06/10/2017 - 17:26:42: [SM]   [11] Line 2309, D:\Documents\My Folder\Empires Custom UMC Stuff\SourceMod\Workspace\umc-core.sp::Handle_MapVoteResults()
L 06/10/2017 - 17:26:48: Error log file session closed.
L 06/10/2017 - 17:50:21: SourceMod error session started
L 06/10/2017 - 17:50:21: Info (map "emp_canyon") (file "errors_20170610.log")
L 06/10/2017 - 17:50:21: [SM] Exception reported: Invalid timer handle 8653037c (error 3)
L 06/10/2017 - 17:50:21: [SM] Blaming: umc-emp-mapvote.smx()
L 06/10/2017 - 17:50:21: [SM] Call stack trace:
L 06/10/2017 - 17:50:21: [SM]   [0] KillTimer
L 06/10/2017 - 17:50:21: [SM]   [1] Line 686, D:\Documents\My Folder\Empires Custom UMC Stuff\SourceMod\Workspace\umc-emp-mapvote.sp::UMC_OnNextmapSet()
L 06/10/2017 - 17:50:21: [SM]   [3] Call_Finish
L 06/10/2017 - 17:50:21: [SM]   [4] Line 4834, D:\Documents\My Folder\Empires Custom UMC Stuff\SourceMod\Workspace\umc-core.sp::DoMapChange()
L 06/10/2017 - 17:50:21: [SM]   [5] Line 4267, D:\Documents\My Folder\Empires Custom UMC Stuff\SourceMod\Workspace\umc-core.sp::Handle_MapVoteWinner()
L 06/10/2017 - 17:50:21: [SM]   [6] Line 3819, D:\Documents\My Folder\Empires Custom UMC Stuff\SourceMod\Workspace\umc-core.sp::ProcessVoteWinner()
L 06/10/2017 - 17:50:21: [SM]   [7] Line 3795, D:\Documents\My Folder\Empires Custom UMC Stuff\SourceMod\Workspace\umc-core.sp::ProcessVoteResults()
L 06/10/2017 - 17:50:21: [SM]   [8] Line 1277, D:\Documents\My Folder\Empires Custom UMC Stuff\SourceMod\Workspace\umc-core.sp::Native_UMCVoteManagerComplete()
L 06/10/2017 - 17:50:21: [SM]   [10] UMC_VoteManagerVoteCompleted
L 06/10/2017 - 17:50:21: [SM]   [11] Line 2309, D:\Documents\My Folder\Empires Custom UMC Stuff\SourceMod\Workspace\umc-core.sp::Handle_MapVoteResults()
L 06/10/2017 - 17:50:26: Error log file session closed.
L 06/10/2017 - 18:10:32: SourceMod error session started
L 06/10/2017 - 18:10:32: Info (map "emp_coast_fix") (file "errors_20170610.log")
L 06/10/2017 - 18:10:32: [SM] Exception reported: Invalid timer handle 9c1d035e (error 1)
L 06/10/2017 - 18:10:32: [SM] Blaming: umc-emp-mapvote.smx()
L 06/10/2017 - 18:10:32: [SM] Call stack trace:
L 06/10/2017 - 18:10:32: [SM]   [0] KillTimer
L 06/10/2017 - 18:10:32: [SM]   [1] Line 686, D:\Documents\My Folder\Empires Custom UMC Stuff\SourceMod\Workspace\umc-emp-mapvote.sp::UMC_OnNextmapSet()
L 06/10/2017 - 18:10:32: [SM]   [3] Call_Finish
L 06/10/2017 - 18:10:32: [SM]   [4] Line 4834, D:\Documents\My Folder\Empires Custom UMC Stuff\SourceMod\Workspace\umc-core.sp::DoMapChange()
L 06/10/2017 - 18:10:32: [SM]   [5] Line 4267, D:\Documents\My Folder\Empires Custom UMC Stuff\SourceMod\Workspace\umc-core.sp::Handle_MapVoteWinner()
L 06/10/2017 - 18:10:32: [SM]   [6] Line 3819, D:\Documents\My Folder\Empires Custom UMC Stuff\SourceMod\Workspace\umc-core.sp::ProcessVoteWinner()
L 06/10/2017 - 18:10:32: [SM]   [7] Line 3795, D:\Documents\My Folder\Empires Custom UMC Stuff\SourceMod\Workspace\umc-core.sp::ProcessVoteResults()
L 06/10/2017 - 18:10:32: [SM]   [8] Line 1277, D:\Documents\My Folder\Empires Custom UMC Stuff\SourceMod\Workspace\umc-core.sp::Native_UMCVoteManagerComplete()
L 06/10/2017 - 18:10:32: [SM]   [10] UMC_VoteManagerVoteCompleted
L 06/10/2017 - 18:10:32: [SM]   [11] Line 2309, D:\Documents\My Folder\Empires Custom UMC Stuff\SourceMod\Workspace\umc-core.sp::Handle_MapVoteResults()
L 06/10/2017 - 18:10:38: Error log file session closed.
L 06/10/2017 - 18:24:54: SourceMod error session started
L 06/10/2017 - 18:24:54: Info (map "emp_research_1_2_2013") (file "errors_20170610.log")
L 06/10/2017 - 18:24:54: [SM] Exception reported: Invalid timer handle ac41036f (error 1)
L 06/10/2017 - 18:24:54: [SM] Blaming: umc-emp-mapvote.smx()
L 06/10/2017 - 18:24:54: [SM] Call stack trace:
L 06/10/2017 - 18:24:54: [SM]   [0] KillTimer
L 06/10/2017 - 18:24:54: [SM]   [1] Line 686, D:\Documents\My Folder\Empires Custom UMC Stuff\SourceMod\Workspace\umc-emp-mapvote.sp::UMC_OnNextmapSet()
L 06/10/2017 - 18:24:54: [SM]   [3] Call_Finish
L 06/10/2017 - 18:24:54: [SM]   [4] Line 4834, D:\Documents\My Folder\Empires Custom UMC Stuff\SourceMod\Workspace\umc-core.sp::DoMapChange()
L 06/10/2017 - 18:24:54: [SM]   [5] Line 4267, D:\Documents\My Folder\Empires Custom UMC Stuff\SourceMod\Workspace\umc-core.sp::Handle_MapVoteWinner()
L 06/10/2017 - 18:24:54: [SM]   [6] Line 3819, D:\Documents\My Folder\Empires Custom UMC Stuff\SourceMod\Workspace\umc-core.sp::ProcessVoteWinner()
L 06/10/2017 - 18:24:54: [SM]   [7] Line 3795, D:\Documents\My Folder\Empires Custom UMC Stuff\SourceMod\Workspace\umc-core.sp::ProcessVoteResults()
L 06/10/2017 - 18:24:54: [SM]   [8] Line 1277, D:\Documents\My Folder\Empires Custom UMC Stuff\SourceMod\Workspace\umc-core.sp::Native_UMCVoteManagerComplete()
L 06/10/2017 - 18:24:54: [SM]   [10] UMC_VoteManagerVoteCompleted
L 06/10/2017 - 18:24:54: [SM]   [11] Line 2309, D:\Documents\My Folder\Empires Custom UMC Stuff\SourceMod\Workspace\umc-core.sp::Handle_MapVoteResults()
L 06/10/2017 - 18:25:00: Error log file session closed.
L 06/10/2017 - 19:04:06: SourceMod error session started
L 06/10/2017 - 19:04:06: Info (map "emp_forest_ob_2013") (file "errors_20170610.log")
L 06/10/2017 - 19:04:06: [SM] Exception reported: Invalid timer handle c7e00330 (error 1)
L 06/10/2017 - 19:04:06: [SM] Blaming: umc-emp-mapvote.smx()
L 06/10/2017 - 19:04:06: [SM] Call stack trace:
L 06/10/2017 - 19:04:06: [SM]   [0] KillTimer
L 06/10/2017 - 19:04:06: [SM]   [1] Line 686, D:\Documents\My Folder\Empires Custom UMC Stuff\SourceMod\Workspace\umc-emp-mapvote.sp::UMC_OnNextmapSet()
L 06/10/2017 - 19:04:06: [SM]   [3] Call_Finish
L 06/10/2017 - 19:04:06: [SM]   [4] Line 4834, D:\Documents\My Folder\Empires Custom UMC Stuff\SourceMod\Workspace\umc-core.sp::DoMapChange()
L 06/10/2017 - 19:04:06: [SM]   [5] Line 4267, D:\Documents\My Folder\Empires Custom UMC Stuff\SourceMod\Workspace\umc-core.sp::Handle_MapVoteWinner()
L 06/10/2017 - 19:04:06: [SM]   [6] Line 3819, D:\Documents\My Folder\Empires Custom UMC Stuff\SourceMod\Workspace\umc-core.sp::ProcessVoteWinner()
L 06/10/2017 - 19:04:06: [SM]   [7] Line 3795, D:\Documents\My Folder\Empires Custom UMC Stuff\SourceMod\Workspace\umc-core.sp::ProcessVoteResults()
L 06/10/2017 - 19:04:06: [SM]   [8] Line 1277, D:\Documents\My Folder\Empires Custom UMC Stuff\SourceMod\Workspace\umc-core.sp::Native_UMCVoteManagerComplete()
L 06/10/2017 - 19:04:06: [SM]   [10] UMC_VoteManagerVoteCompleted
L 06/10/2017 - 19:04:06: [SM]   [11] Line 2309, D:\Documents\My Folder\Empires Custom UMC Stuff\SourceMod\Workspace\umc-core.sp::Handle_MapVoteResults()
L 06/10/2017 - 19:04:12: Error log file session closed.
L 06/10/2017 - 19:58:00: SourceMod error session started
L 06/10/2017 - 19:58:00: Info (map "emp_blah4") (file "errors_20170610.log")
L 06/10/2017 - 19:58:00: [SM] Exception reported: Invalid timer handle f65a038f (error 1)
L 06/10/2017 - 19:58:00: [SM] Blaming: umc-emp-mapvote.smx()
L 06/10/2017 - 19:58:00: [SM] Call stack trace:
L 06/10/2017 - 19:58:00: [SM]   [0] KillTimer
L 06/10/2017 - 19:58:00: [SM]   [1] Line 686, D:\Documents\My Folder\Empires Custom UMC Stuff\SourceMod\Workspace\umc-emp-mapvote.sp::UMC_OnNextmapSet()
L 06/10/2017 - 19:58:00: [SM]   [3] Call_Finish
L 06/10/2017 - 19:58:00: [SM]   [4] Line 4834, D:\Documents\My Folder\Empires Custom UMC Stuff\SourceMod\Workspace\umc-core.sp::DoMapChange()
L 06/10/2017 - 19:58:00: [SM]   [5] Line 4267, D:\Documents\My Folder\Empires Custom UMC Stuff\SourceMod\Workspace\umc-core.sp::Handle_MapVoteWinner()
L 06/10/2017 - 19:58:00: [SM]   [6] Line 3819, D:\Documents\My Folder\Empires Custom UMC Stuff\SourceMod\Workspace\umc-core.sp::ProcessVoteWinner()
L 06/10/2017 - 19:58:00: [SM]   [7] Line 3795, D:\Documents\My Folder\Empires Custom UMC Stuff\SourceMod\Workspace\umc-core.sp::ProcessVoteResults()
L 06/10/2017 - 19:58:00: [SM]   [8] Line 1277, D:\Documents\My Folder\Empires Custom UMC Stuff\SourceMod\Workspace\umc-core.sp::Native_UMCVoteManagerComplete()
L 06/10/2017 - 19:58:00: [SM]   [10] UMC_VoteManagerVoteCompleted
L 06/10/2017 - 19:58:00: [SM]   [11] Line 2309, D:\Documents\My Folder\Empires Custom UMC Stuff\SourceMod\Workspace\umc-core.sp::Handle_MapVoteResults()
L 06/10/2017 - 19:58:06: Error log file session closed.
L 06/10/2017 - 20:24:42: SourceMod error session started
L 06/10/2017 - 20:24:42: Info (map "emp_cyclopean") (file "errors_20170610.log")
L 06/10/2017 - 20:24:42: [SM] Exception reported: Invalid timer handle 1bf403f7 (error 1)
L 06/10/2017 - 20:24:42: [SM] Blaming: umc-emp-mapvote.smx()
L 06/10/2017 - 20:24:42: [SM] Call stack trace:
L 06/10/2017 - 20:24:42: [SM]   [0] KillTimer
L 06/10/2017 - 20:24:42: [SM]   [1] Line 686, D:\Documents\My Folder\Empires Custom UMC Stuff\SourceMod\Workspace\umc-emp-mapvote.sp::UMC_OnNextmapSet()
L 06/10/2017 - 20:24:42: [SM]   [3] Call_Finish
L 06/10/2017 - 20:24:42: [SM]   [4] Line 4834, D:\Documents\My Folder\Empires Custom UMC Stuff\SourceMod\Workspace\umc-core.sp::DoMapChange()
L 06/10/2017 - 20:24:42: [SM]   [5] Line 4267, D:\Documents\My Folder\Empires Custom UMC Stuff\SourceMod\Workspace\umc-core.sp::Handle_MapVoteWinner()
L 06/10/2017 - 20:24:42: [SM]   [6] Line 3819, D:\Documents\My Folder\Empires Custom UMC Stuff\SourceMod\Workspace\umc-core.sp::ProcessVoteWinner()
L 06/10/2017 - 20:24:42: [SM]   [7] Line 3795, D:\Documents\My Folder\Empires Custom UMC Stuff\SourceMod\Workspace\umc-core.sp::ProcessVoteResults()
L 06/10/2017 - 20:24:42: [SM]   [8] Line 1277, D:\Documents\My Folder\Empires Custom UMC Stuff\SourceMod\Workspace\umc-core.sp::Native_UMCVoteManagerComplete()
L 06/10/2017 - 20:24:42: [SM]   [10] UMC_VoteManagerVoteCompleted
L 06/10/2017 - 20:24:42: [SM]   [11] Line 2309, D:\Documents\My Folder\Empires Custom UMC Stuff\SourceMod\Workspace\umc-core.sp::Handle_MapVoteResults()
L 06/10/2017 - 20:24:48: Error log file session closed.
L 06/10/2017 - 20:53:53: SourceMod error session started
L 06/10/2017 - 20:53:53: Info (map "emp_mvalley") (file "errors_20170610.log")
L 06/10/2017 - 20:53:53: [SM] Exception reported: Invalid timer handle 436a042a (error 3)
L 06/10/2017 - 20:53:53: [SM] Blaming: umc-emp-mapvote.smx()
L 06/10/2017 - 20:53:53: [SM] Call stack trace:
L 06/10/2017 - 20:53:53: [SM]   [0] KillTimer
L 06/10/2017 - 20:53:53: [SM]   [1] Line 686, D:\Documents\My Folder\Empires Custom UMC Stuff\SourceMod\Workspace\umc-emp-mapvote.sp::UMC_OnNextmapSet()
L 06/10/2017 - 20:53:53: [SM]   [3] Call_Finish
L 06/10/2017 - 20:53:53: [SM]   [4] Line 4834, D:\Documents\My Folder\Empires Custom UMC Stuff\SourceMod\Workspace\umc-core.sp::DoMapChange()
L 06/10/2017 - 20:53:53: [SM]   [5] Line 4267, D:\Documents\My Folder\Empires Custom UMC Stuff\SourceMod\Workspace\umc-core.sp::Handle_MapVoteWinner()
L 06/10/2017 - 20:53:53: [SM]   [6] Line 3819, D:\Documents\My Folder\Empires Custom UMC Stuff\SourceMod\Workspace\umc-core.sp::ProcessVoteWinner()
L 06/10/2017 - 20:53:53: [SM]   [7] Line 3795, D:\Documents\My Folder\Empires Custom UMC Stuff\SourceMod\Workspace\umc-core.sp::ProcessVoteResults()
L 06/10/2017 - 20:53:53: [SM]   [8] Line 1277, D:\Documents\My Folder\Empires Custom UMC Stuff\SourceMod\Workspace\umc-core.sp::Native_UMCVoteManagerComplete()
L 06/10/2017 - 20:53:53: [SM]   [10] UMC_VoteManagerVoteCompleted
L 06/10/2017 - 20:53:53: [SM]   [11] Line 2309, D:\Documents\My Folder\Empires Custom UMC Stuff\SourceMod\Workspace\umc-core.sp::Handle_MapVoteResults()
L 06/10/2017 - 20:53:59: Error log file session closed.
L 06/10/2017 - 21:41:44: SourceMod error session started
L 06/10/2017 - 21:41:44: Info (map "emp_bush") (file "errors_20170610.log")
L 06/10/2017 - 21:41:44: [SM] Exception reported: Invalid timer handle 648c038b (error 1)
L 06/10/2017 - 21:41:44: [SM] Blaming: umc-emp-mapvote.smx()
L 06/10/2017 - 21:41:44: [SM] Call stack trace:
L 06/10/2017 - 21:41:44: [SM]   [0] KillTimer
L 06/10/2017 - 21:41:44: [SM]   [1] Line 686, D:\Documents\My Folder\Empires Custom UMC Stuff\SourceMod\Workspace\umc-emp-mapvote.sp::UMC_OnNextmapSet()
L 06/10/2017 - 21:41:44: [SM]   [3] Call_Finish
L 06/10/2017 - 21:41:44: [SM]   [4] Line 4834, D:\Documents\My Folder\Empires Custom UMC Stuff\SourceMod\Workspace\umc-core.sp::DoMapChange()
L 06/10/2017 - 21:41:44: [SM]   [5] Line 4267, D:\Documents\My Folder\Empires Custom UMC Stuff\SourceMod\Workspace\umc-core.sp::Handle_MapVoteWinner()
L 06/10/2017 - 21:41:44: [SM]   [6] Line 3819, D:\Documents\My Folder\Empires Custom UMC Stuff\SourceMod\Workspace\umc-core.sp::ProcessVoteWinner()
L 06/10/2017 - 21:41:44: [SM]   [7] Line 3795, D:\Documents\My Folder\Empires Custom UMC Stuff\SourceMod\Workspace\umc-core.sp::ProcessVoteResults()
L 06/10/2017 - 21:41:44: [SM]   [8] Line 1277, D:\Documents\My Folder\Empires Custom UMC Stuff\SourceMod\Workspace\umc-core.sp::Native_UMCVoteManagerComplete()
L 06/10/2017 - 21:41:44: [SM]   [10] UMC_VoteManagerVoteCompleted
L 06/10/2017 - 21:41:44: [SM]   [11] Line 2309, D:\Documents\My Folder\Empires Custom UMC Stuff\SourceMod\Workspace\umc-core.sp::Handle_MapVoteResults()
L 06/10/2017 - 21:41:50: Error log file session closed.
L 06/10/2017 - 22:01:45: SourceMod error session started
L 06/10/2017 - 22:01:45: Info (map "emp_snowstorm_rc6") (file "errors_20170610.log")
L 06/10/2017 - 22:01:45: [SM] Exception reported: Invalid timer handle 765f03cb (error 1)
L 06/10/2017 - 22:01:45: [SM] Blaming: umc-emp-mapvote.smx()
L 06/10/2017 - 22:01:45: [SM] Call stack trace:
L 06/10/2017 - 22:01:45: [SM]   [0] KillTimer
L 06/10/2017 - 22:01:45: [SM]   [1] Line 686, D:\Documents\My Folder\Empires Custom UMC Stuff\SourceMod\Workspace\umc-emp-mapvote.sp::UMC_OnNextmapSet()
L 06/10/2017 - 22:01:45: [SM]   [3] Call_Finish
L 06/10/2017 - 22:01:45: [SM]   [4] Line 4834, D:\Documents\My Folder\Empires Custom UMC Stuff\SourceMod\Workspace\umc-core.sp::DoMapChange()
L 06/10/2017 - 22:01:45: [SM]   [5] Line 4267, D:\Documents\My Folder\Empires Custom UMC Stuff\SourceMod\Workspace\umc-core.sp::Handle_MapVoteWinner()
L 06/10/2017 - 22:01:45: [SM]   [6] Line 3819, D:\Documents\My Folder\Empires Custom UMC Stuff\SourceMod\Workspace\umc-core.sp::ProcessVoteWinner()
L 06/10/2017 - 22:01:45: [SM]   [7] Line 3795, D:\Documents\My Folder\Empires Custom UMC Stuff\SourceMod\Workspace\umc-core.sp::ProcessVoteResults()
L 06/10/2017 - 22:01:45: [SM]   [8] Line 1277, D:\Documents\My Folder\Empires Custom UMC Stuff\SourceMod\Workspace\umc-core.sp::Native_UMCVoteManagerComplete()
L 06/10/2017 - 22:01:45: [SM]   [10] UMC_VoteManagerVoteCompleted
L 06/10/2017 - 22:01:45: [SM]   [11] Line 2309, D:\Documents\My Folder\Empires Custom UMC Stuff\SourceMod\Workspace\umc-core.sp::Handle_MapVoteResults()
L 06/10/2017 - 22:01:51: Error log file session closed.
L 06/10/2017 - 23:00:17: SourceMod error session started
L 06/10/2017 - 23:00:17: Info (map "emp_ward_rc2") (file "errors_20170610.log")
L 06/10/2017 - 23:00:17: [SM] Exception reported: Invalid timer handle 919a041e (error 1)
L 06/10/2017 - 23:00:17: [SM] Blaming: umc-emp-mapvote.smx()
L 06/10/2017 - 23:00:17: [SM] Call stack trace:
L 06/10/2017 - 23:00:17: [SM]   [0] KillTimer
L 06/10/2017 - 23:00:17: [SM]   [1] Line 686, D:\Documents\My Folder\Empires Custom UMC Stuff\SourceMod\Workspace\umc-emp-mapvote.sp::UMC_OnNextmapSet()
L 06/10/2017 - 23:00:17: [SM]   [3] Call_Finish
L 06/10/2017 - 23:00:17: [SM]   [4] Line 4834, D:\Documents\My Folder\Empires Custom UMC Stuff\SourceMod\Workspace\umc-core.sp::DoMapChange()
L 06/10/2017 - 23:00:17: [SM]   [5] Line 4267, D:\Documents\My Folder\Empires Custom UMC Stuff\SourceMod\Workspace\umc-core.sp::Handle_MapVoteWinner()
L 06/10/2017 - 23:00:17: [SM]   [6] Line 3819, D:\Documents\My Folder\Empires Custom UMC Stuff\SourceMod\Workspace\umc-core.sp::ProcessVoteWinner()
L 06/10/2017 - 23:00:17: [SM]   [7] Line 3795, D:\Documents\My Folder\Empires Custom UMC Stuff\SourceMod\Workspace\umc-core.sp::ProcessVoteResults()
L 06/10/2017 - 23:00:17: [SM]   [8] Line 1277, D:\Documents\My Folder\Empires Custom UMC Stuff\SourceMod\Workspace\umc-core.sp::Native_UMCVoteManagerComplete()
L 06/10/2017 - 23:00:17: [SM]   [10] UMC_VoteManagerVoteCompleted
L 06/10/2017 - 23:00:17: [SM]   [11] Line 2309, D:\Documents\My Folder\Empires Custom UMC Stuff\SourceMod\Workspace\umc-core.sp::Handle_MapVoteResults()
L 06/10/2017 - 23:00:22: Error log file session closed.
L 06/10/2017 - 23:02:59: SourceMod error session started
L 06/10/2017 - 23:02:59: Info (map "emp_downfall") (file "errors_20170610.log")
L 06/10/2017 - 23:02:59: [SM] Exception reported: Heap leak detected: hp:10920 should be 10900!
L 06/10/2017 - 23:02:59: [SM] Exception reported: Invalid plugin address
L 06/10/2017 - 23:31:17: [SM] Exception reported: Invalid timer handle af2303a8 (error 3)
L 06/10/2017 - 23:31:17: [SM] Blaming: umc-emp-mapvote.smx()
L 06/10/2017 - 23:31:17: [SM] Call stack trace:
L 06/10/2017 - 23:31:17: [SM]   [0] KillTimer
L 06/10/2017 - 23:31:17: [SM]   [1] Line 686, D:\Documents\My Folder\Empires Custom UMC Stuff\SourceMod\Workspace\umc-emp-mapvote.sp::UMC_OnNextmapSet()
L 06/10/2017 - 23:31:17: [SM]   [3] Call_Finish
L 06/10/2017 - 23:31:17: [SM]   [4] Line 4834, D:\Documents\My Folder\Empires Custom UMC Stuff\SourceMod\Workspace\umc-core.sp::DoMapChange()
L 06/10/2017 - 23:31:17: [SM]   [5] Line 4267, D:\Documents\My Folder\Empires Custom UMC Stuff\SourceMod\Workspace\umc-core.sp::Handle_MapVoteWinner()
L 06/10/2017 - 23:31:17: [SM]   [6] Line 3819, D:\Documents\My Folder\Empires Custom UMC Stuff\SourceMod\Workspace\umc-core.sp::ProcessVoteWinner()
L 06/10/2017 - 23:31:17: [SM]   [7] Line 3795, D:\Documents\My Folder\Empires Custom UMC Stuff\SourceMod\Workspace\umc-core.sp::ProcessVoteResults()
L 06/10/2017 - 23:31:17: [SM]   [8] Line 1277, D:\Documents\My Folder\Empires Custom UMC Stuff\SourceMod\Workspace\umc-core.sp::Native_UMCVoteManagerComplete()
L 06/10/2017 - 23:31:17: [SM]   [10] UMC_VoteManagerVoteCompleted
L 06/10/2017 - 23:31:17: [SM]   [11] Line 2309, D:\Documents\My Folder\Empires Custom UMC Stuff\SourceMod\Workspace\umc-core.sp::Handle_MapVoteResults()
L 06/10/2017 - 23:31:23: Error log file session closed.
L 06/10/2017 - 23:35:01: SourceMod error session started
L 06/10/2017 - 23:35:01: Info (map "emp_glacial_b2") (file "errors_20170610.log")
L 06/10/2017 - 23:35:01: [SM] Exception reported: Invalid timer handle af2303a8 (error 3)
L 06/10/2017 - 23:35:01: [SM] Blaming: umc-emp-mapvote.smx()
L 06/10/2017 - 23:35:01: [SM] Call stack trace:
L 06/10/2017 - 23:35:01: [SM]   [0] KillTimer
L 06/10/2017 - 23:35:01: [SM]   [1] Line 686, D:\Documents\My Folder\Empires Custom UMC Stuff\SourceMod\Workspace\umc-emp-mapvote.sp::UMC_OnNextmapSet()
L 06/10/2017 - 23:35:01: [SM]   [3] Call_Finish
L 06/10/2017 - 23:35:01: [SM]   [4] Line 4834, D:\Documents\My Folder\Empires Custom UMC Stuff\SourceMod\Workspace\umc-core.sp::DoMapChange()
L 06/10/2017 - 23:35:01: [SM]   [5] Line 4267, D:\Documents\My Folder\Empires Custom UMC Stuff\SourceMod\Workspace\umc-core.sp::Handle_MapVoteWinner()
L 06/10/2017 - 23:35:01: [SM]   [6] Line 3819, D:\Documents\My Folder\Empires Custom UMC Stuff\SourceMod\Workspace\umc-core.sp::ProcessVoteWinner()
L 06/10/2017 - 23:35:01: [SM]   [7] Line 3795, D:\Documents\My Folder\Empires Custom UMC Stuff\SourceMod\Workspace\umc-core.sp::ProcessVoteResults()
L 06/10/2017 - 23:35:01: [SM]   [8] Line 1277, D:\Documents\My Folder\Empires Custom UMC Stuff\SourceMod\Workspace\umc-core.sp::Native_UMCVoteManagerComplete()
L 06/10/2017 - 23:35:01: [SM]   [10] UMC_VoteManagerVoteCompleted
L 06/10/2017 - 23:35:01: [SM]   [11] Line 2309, D:\Documents\My Folder\Empires Custom UMC Stuff\SourceMod\Workspace\umc-core.sp::Handle_MapVoteResults()
L 06/10/2017 - 23:35:07: Error log file session closed.
L 06/10/2017 - 23:53:00: SourceMod error session started
L 06/10/2017 - 23:53:00: Info (map "con_urbanchaos_fix") (file "errors_20170610.log")
L 06/10/2017 - 23:53:00: [SM] Exception reported: Invalid timer handle bc2c044a (error 1)
L 06/10/2017 - 23:53:00: [SM] Blaming: umc-emp-mapvote.smx()
L 06/10/2017 - 23:53:00: [SM] Call stack trace:
L 06/10/2017 - 23:53:00: [SM]   [0] KillTimer
L 06/10/2017 - 23:53:00: [SM]   [1] Line 686, D:\Documents\My Folder\Empires Custom UMC Stuff\SourceMod\Workspace\umc-emp-mapvote.sp::UMC_OnNextmapSet()
L 06/10/2017 - 23:53:00: [SM]   [3] Call_Finish
L 06/10/2017 - 23:53:00: [SM]   [4] Line 4834, D:\Documents\My Folder\Empires Custom UMC Stuff\SourceMod\Workspace\umc-core.sp::DoMapChange()
L 06/10/2017 - 23:53:00: [SM]   [5] Line 4267, D:\Documents\My Folder\Empires Custom UMC Stuff\SourceMod\Workspace\umc-core.sp::Handle_MapVoteWinner()
L 06/10/2017 - 23:53:00: [SM]   [6] Line 3819, D:\Documents\My Folder\Empires Custom UMC Stuff\SourceMod\Workspace\umc-core.sp::ProcessVoteWinner()
L 06/10/2017 - 23:53:00: [SM]   [7] Line 3795, D:\Documents\My Folder\Empires Custom UMC Stuff\SourceMod\Workspace\umc-core.sp::ProcessVoteResults()
L 06/10/2017 - 23:53:00: [SM]   [8] Line 1277, D:\Documents\My Folder\Empires Custom UMC Stuff\SourceMod\Workspace\umc-core.sp::Native_UMCVoteManagerComplete()
L 06/10/2017 - 23:53:00: [SM]   [10] UMC_VoteManagerVoteCompleted
L 06/10/2017 - 23:53:00: [SM]   [11] Line 2309, D:\Documents\My Folder\Empires Custom UMC Stuff\SourceMod\Workspace\umc-core.sp::Handle_MapVoteResults()
L 06/10/2017 - 23:53:07: Error log file session closed.
