L 06/09/2018 - 00:02:55: SourceMod error session started
L 06/09/2018 - 00:02:55: Info (map "con_district402") (file "errors_20180609.log")
L 06/09/2018 - 00:02:55: [SM] Exception reported: Invalid timer handle 46970304 (error 3)
L 06/09/2018 - 00:02:55: [SM] Blaming: umc-emp-mapvote.smx()
L 06/09/2018 - 00:02:55: [SM] Call stack trace:
L 06/09/2018 - 00:02:55: [SM]   [0] KillTimer
L 06/09/2018 - 00:02:55: [SM]   [1] Line 686, D:\Documents\My Folder\Empires Custom UMC Stuff\SourceMod\Workspace\umc-emp-mapvote.sp::UMC_OnNextmapSet()
L 06/09/2018 - 00:02:55: [SM]   [3] Call_Finish
L 06/09/2018 - 00:02:55: [SM]   [4] Line 4834, D:\Documents\My Folder\Empires Custom UMC Stuff\SourceMod\Workspace\umc-core.sp::DoMapChange()
L 06/09/2018 - 00:02:55: [SM]   [5] Line 1767, D:\Documents\My Folder\Empires Custom UMC Stuff\SourceMod\Workspace\umc-core.sp::Native_UMCSetNextMap()
L 06/09/2018 - 00:02:55: [SM]   [7] UMC_SetNextMap
L 06/09/2018 - 00:02:55: [SM]   [8] Line 621, D:\Documents\My Folder\Empires Custom UMC Stuff\SourceMod\Workspace\umc-emp-mapvote.sp::DoRandomNextMap()
L 06/09/2018 - 00:02:55: [SM]   [9] Line 606, D:\Documents\My Folder\Empires Custom UMC Stuff\SourceMod\Workspace\umc-emp-mapvote.sp::DoMapChangeFailSafe()
L 06/09/2018 - 00:02:55: [SM]   [10] Line 722, D:\Documents\My Folder\Empires Custom UMC Stuff\SourceMod\Workspace\umc-emp-mapvote.sp::UMC_OnVoteFailed()
L 06/09/2018 - 00:02:55: [SM]   [12] Call_Finish
L 06/09/2018 - 00:02:55: [SM]   [13] Line 4796, D:\Documents\My Folder\Empires Custom UMC Stuff\SourceMod\Workspace\umc-core.sp::VoteFailed()
L 06/09/2018 - 00:02:55: [SM]   [14] Line 3507, D:\Documents\My Folder\Empires Custom UMC Stuff\SourceMod\Workspace\umc-core.sp::VoteCancelled()
L 06/09/2018 - 00:02:55: [SM]   [15] Line 1177, D:\Documents\My Folder\Empires Custom UMC Stuff\SourceMod\Workspace\umc-core.sp::Native_UMCVoteManagerCancel()
L 06/09/2018 - 00:02:55: [SM]   [17] UMC_VoteManagerVoteCancelled
L 06/09/2018 - 00:02:55: [SM]   [18] Line 2276, D:\Documents\My Folder\Empires Custom UMC Stuff\SourceMod\Workspace\umc-core.sp::Handle_VoteMenu()
L 06/09/2018 - 00:03:02: Error log file session closed.
L 06/09/2018 - 00:38:04: SourceMod error session started
L 06/09/2018 - 00:38:04: Info (map "con_glycencity") (file "errors_20180609.log")
L 06/09/2018 - 00:38:04: [SM] Exception reported: Invalid timer handle 48b20331 (error 3)
L 06/09/2018 - 00:38:04: [SM] Blaming: umc-emp-mapvote.smx()
L 06/09/2018 - 00:38:04: [SM] Call stack trace:
L 06/09/2018 - 00:38:04: [SM]   [0] KillTimer
L 06/09/2018 - 00:38:04: [SM]   [1] Line 686, D:\Documents\My Folder\Empires Custom UMC Stuff\SourceMod\Workspace\umc-emp-mapvote.sp::UMC_OnNextmapSet()
L 06/09/2018 - 00:38:04: [SM]   [3] Call_Finish
L 06/09/2018 - 00:38:04: [SM]   [4] Line 4834, D:\Documents\My Folder\Empires Custom UMC Stuff\SourceMod\Workspace\umc-core.sp::DoMapChange()
L 06/09/2018 - 00:38:04: [SM]   [5] Line 1767, D:\Documents\My Folder\Empires Custom UMC Stuff\SourceMod\Workspace\umc-core.sp::Native_UMCSetNextMap()
L 06/09/2018 - 00:38:04: [SM]   [7] UMC_SetNextMap
L 06/09/2018 - 00:38:04: [SM]   [8] Line 621, D:\Documents\My Folder\Empires Custom UMC Stuff\SourceMod\Workspace\umc-emp-mapvote.sp::DoRandomNextMap()
L 06/09/2018 - 00:38:04: [SM]   [9] Line 606, D:\Documents\My Folder\Empires Custom UMC Stuff\SourceMod\Workspace\umc-emp-mapvote.sp::DoMapChangeFailSafe()
L 06/09/2018 - 00:38:04: [SM]   [10] Line 722, D:\Documents\My Folder\Empires Custom UMC Stuff\SourceMod\Workspace\umc-emp-mapvote.sp::UMC_OnVoteFailed()
L 06/09/2018 - 00:38:04: [SM]   [12] Call_Finish
L 06/09/2018 - 00:38:04: [SM]   [13] Line 4796, D:\Documents\My Folder\Empires Custom UMC Stuff\SourceMod\Workspace\umc-core.sp::VoteFailed()
L 06/09/2018 - 00:38:04: [SM]   [14] Line 3507, D:\Documents\My Folder\Empires Custom UMC Stuff\SourceMod\Workspace\umc-core.sp::VoteCancelled()
L 06/09/2018 - 00:38:04: [SM]   [15] Line 1177, D:\Documents\My Folder\Empires Custom UMC Stuff\SourceMod\Workspace\umc-core.sp::Native_UMCVoteManagerCancel()
L 06/09/2018 - 00:38:04: [SM]   [17] UMC_VoteManagerVoteCancelled
L 06/09/2018 - 00:38:04: [SM]   [18] Line 2276, D:\Documents\My Folder\Empires Custom UMC Stuff\SourceMod\Workspace\umc-core.sp::Handle_VoteMenu()
L 06/09/2018 - 00:38:10: Error log file session closed.
L 06/09/2018 - 07:39:27: SourceMod error session started
L 06/09/2018 - 07:39:27: Info (map "fun_ricochet_a4") (file "errors_20180609.log")
L 06/09/2018 - 07:39:27: [SM] Exception reported: Game event "player_disconnect" has no active hook
L 06/09/2018 - 07:39:27: [SM] Blaming: saysounds.smx()
L 06/09/2018 - 07:39:27: [SM] Call stack trace:
L 06/09/2018 - 07:39:27: [SM]   [0] UnhookEvent
L 06/09/2018 - 07:39:27: [SM]   [1] Line 488, E:\dev\sourcemod\sourcemod-1.4.6-linux\addons\sourcemod\scripting\saysounds.sp::EnableChanged()
L 06/09/2018 - 07:46:04: Error log file session closed.
L 06/09/2018 - 14:53:21: SourceMod error session started
L 06/09/2018 - 14:53:21: Info (map "emp_canyon") (file "errors_20180609.log")
L 06/09/2018 - 14:53:21: [SM] Exception reported: Game event "player_disconnect" has no active hook
L 06/09/2018 - 14:53:21: [SM] Blaming: saysounds.smx()
L 06/09/2018 - 14:53:21: [SM] Call stack trace:
L 06/09/2018 - 14:53:21: [SM]   [0] UnhookEvent
L 06/09/2018 - 14:53:21: [SM]   [1] Line 488, E:\dev\sourcemod\sourcemod-1.4.6-linux\addons\sourcemod\scripting\saysounds.sp::EnableChanged()
L 06/09/2018 - 14:54:00: Error log file session closed.
L 06/09/2018 - 14:56:20: SourceMod error session started
L 06/09/2018 - 14:56:20: Info (map "emp_canyon") (file "errors_20180609.log")
L 06/09/2018 - 14:56:20: [SM] Exception reported: Game event "player_disconnect" has no active hook
L 06/09/2018 - 14:56:20: [SM] Blaming: saysounds.smx()
L 06/09/2018 - 14:56:20: [SM] Call stack trace:
L 06/09/2018 - 14:56:20: [SM]   [0] UnhookEvent
L 06/09/2018 - 14:56:20: [SM]   [1] Line 488, E:\dev\sourcemod\sourcemod-1.4.6-linux\addons\sourcemod\scripting\saysounds.sp::EnableChanged()
L 06/09/2018 - 15:30:17: [SM] Exception reported: Invalid timer handle 6622030f (error 1)
L 06/09/2018 - 15:30:17: [SM] Blaming: umc-emp-mapvote.smx()
L 06/09/2018 - 15:30:17: [SM] Call stack trace:
L 06/09/2018 - 15:30:17: [SM]   [0] KillTimer
L 06/09/2018 - 15:30:17: [SM]   [1] Line 686, D:\Documents\My Folder\Empires Custom UMC Stuff\SourceMod\Workspace\umc-emp-mapvote.sp::UMC_OnNextmapSet()
L 06/09/2018 - 15:30:17: [SM]   [3] Call_Finish
L 06/09/2018 - 15:30:17: [SM]   [4] Line 4834, D:\Documents\My Folder\Empires Custom UMC Stuff\SourceMod\Workspace\umc-core.sp::DoMapChange()
L 06/09/2018 - 15:30:17: [SM]   [5] Line 4267, D:\Documents\My Folder\Empires Custom UMC Stuff\SourceMod\Workspace\umc-core.sp::Handle_MapVoteWinner()
L 06/09/2018 - 15:30:17: [SM]   [6] Line 3819, D:\Documents\My Folder\Empires Custom UMC Stuff\SourceMod\Workspace\umc-core.sp::ProcessVoteWinner()
L 06/09/2018 - 15:30:17: [SM]   [7] Line 3795, D:\Documents\My Folder\Empires Custom UMC Stuff\SourceMod\Workspace\umc-core.sp::ProcessVoteResults()
L 06/09/2018 - 15:30:17: [SM]   [8] Line 1277, D:\Documents\My Folder\Empires Custom UMC Stuff\SourceMod\Workspace\umc-core.sp::Native_UMCVoteManagerComplete()
L 06/09/2018 - 15:30:17: [SM]   [10] UMC_VoteManagerVoteCompleted
L 06/09/2018 - 15:30:17: [SM]   [11] Line 2309, D:\Documents\My Folder\Empires Custom UMC Stuff\SourceMod\Workspace\umc-core.sp::Handle_MapVoteResults()
L 06/09/2018 - 15:30:23: Error log file session closed.
L 06/09/2018 - 15:39:48: SourceMod error session started
L 06/09/2018 - 15:39:48: Info (map "emp_crossroads_towerless_hce") (file "errors_20180609.log")
L 06/09/2018 - 15:39:48: [SM] Exception reported: Invalid timer handle 67de0384 (error 1)
L 06/09/2018 - 15:39:48: [SM] Blaming: umc-emp-mapvote.smx()
L 06/09/2018 - 15:39:48: [SM] Call stack trace:
L 06/09/2018 - 15:39:48: [SM]   [0] KillTimer
L 06/09/2018 - 15:39:48: [SM]   [1] Line 686, D:\Documents\My Folder\Empires Custom UMC Stuff\SourceMod\Workspace\umc-emp-mapvote.sp::UMC_OnNextmapSet()
L 06/09/2018 - 15:39:48: [SM]   [3] Call_Finish
L 06/09/2018 - 15:39:48: [SM]   [4] Line 4834, D:\Documents\My Folder\Empires Custom UMC Stuff\SourceMod\Workspace\umc-core.sp::DoMapChange()
L 06/09/2018 - 15:39:48: [SM]   [5] Line 4267, D:\Documents\My Folder\Empires Custom UMC Stuff\SourceMod\Workspace\umc-core.sp::Handle_MapVoteWinner()
L 06/09/2018 - 15:39:48: [SM]   [6] Line 3819, D:\Documents\My Folder\Empires Custom UMC Stuff\SourceMod\Workspace\umc-core.sp::ProcessVoteWinner()
L 06/09/2018 - 15:39:48: [SM]   [7] Line 3795, D:\Documents\My Folder\Empires Custom UMC Stuff\SourceMod\Workspace\umc-core.sp::ProcessVoteResults()
L 06/09/2018 - 15:39:48: [SM]   [8] Line 1277, D:\Documents\My Folder\Empires Custom UMC Stuff\SourceMod\Workspace\umc-core.sp::Native_UMCVoteManagerComplete()
L 06/09/2018 - 15:39:48: [SM]   [10] UMC_VoteManagerVoteCompleted
L 06/09/2018 - 15:39:48: [SM]   [11] Line 2309, D:\Documents\My Folder\Empires Custom UMC Stuff\SourceMod\Workspace\umc-core.sp::Handle_MapVoteResults()
L 06/09/2018 - 15:39:53: Error log file session closed.
L 06/09/2018 - 16:27:52: SourceMod error session started
L 06/09/2018 - 16:27:52: Info (map "emp_beachfront_b2_hce") (file "errors_20180609.log")
L 06/09/2018 - 16:27:52: [SM] Exception reported: Invalid timer handle 6d0e0384 (error 1)
L 06/09/2018 - 16:27:52: [SM] Blaming: umc-emp-mapvote.smx()
L 06/09/2018 - 16:27:52: [SM] Call stack trace:
L 06/09/2018 - 16:27:52: [SM]   [0] KillTimer
L 06/09/2018 - 16:27:52: [SM]   [1] Line 686, D:\Documents\My Folder\Empires Custom UMC Stuff\SourceMod\Workspace\umc-emp-mapvote.sp::UMC_OnNextmapSet()
L 06/09/2018 - 16:27:52: [SM]   [3] Call_Finish
L 06/09/2018 - 16:27:52: [SM]   [4] Line 4834, D:\Documents\My Folder\Empires Custom UMC Stuff\SourceMod\Workspace\umc-core.sp::DoMapChange()
L 06/09/2018 - 16:27:52: [SM]   [5] Line 4267, D:\Documents\My Folder\Empires Custom UMC Stuff\SourceMod\Workspace\umc-core.sp::Handle_MapVoteWinner()
L 06/09/2018 - 16:27:52: [SM]   [6] Line 3819, D:\Documents\My Folder\Empires Custom UMC Stuff\SourceMod\Workspace\umc-core.sp::ProcessVoteWinner()
L 06/09/2018 - 16:27:52: [SM]   [7] Line 3795, D:\Documents\My Folder\Empires Custom UMC Stuff\SourceMod\Workspace\umc-core.sp::ProcessVoteResults()
L 06/09/2018 - 16:27:52: [SM]   [8] Line 1277, D:\Documents\My Folder\Empires Custom UMC Stuff\SourceMod\Workspace\umc-core.sp::Native_UMCVoteManagerComplete()
L 06/09/2018 - 16:27:52: [SM]   [10] UMC_VoteManagerVoteCompleted
L 06/09/2018 - 16:27:52: [SM]   [11] Line 2309, D:\Documents\My Folder\Empires Custom UMC Stuff\SourceMod\Workspace\umc-core.sp::Handle_MapVoteResults()
L 06/09/2018 - 16:27:57: Error log file session closed.
L 06/09/2018 - 16:44:45: SourceMod error session started
L 06/09/2018 - 16:44:45: Info (map "emp_downfall_hce") (file "errors_20180609.log")
L 06/09/2018 - 16:44:45: [SM] Exception reported: Invalid timer handle 6d0e0384 (error 3)
L 06/09/2018 - 16:44:45: [SM] Blaming: umc-emp-mapvote.smx()
L 06/09/2018 - 16:44:45: [SM] Call stack trace:
L 06/09/2018 - 16:44:45: [SM]   [0] KillTimer
L 06/09/2018 - 16:44:45: [SM]   [1] Line 686, D:\Documents\My Folder\Empires Custom UMC Stuff\SourceMod\Workspace\umc-emp-mapvote.sp::UMC_OnNextmapSet()
L 06/09/2018 - 16:44:45: [SM]   [3] Call_Finish
L 06/09/2018 - 16:44:45: [SM]   [4] Line 4834, D:\Documents\My Folder\Empires Custom UMC Stuff\SourceMod\Workspace\umc-core.sp::DoMapChange()
L 06/09/2018 - 16:44:45: [SM]   [5] Line 4267, D:\Documents\My Folder\Empires Custom UMC Stuff\SourceMod\Workspace\umc-core.sp::Handle_MapVoteWinner()
L 06/09/2018 - 16:44:45: [SM]   [6] Line 3819, D:\Documents\My Folder\Empires Custom UMC Stuff\SourceMod\Workspace\umc-core.sp::ProcessVoteWinner()
L 06/09/2018 - 16:44:45: [SM]   [7] Line 3795, D:\Documents\My Folder\Empires Custom UMC Stuff\SourceMod\Workspace\umc-core.sp::ProcessVoteResults()
L 06/09/2018 - 16:44:45: [SM]   [8] Line 1277, D:\Documents\My Folder\Empires Custom UMC Stuff\SourceMod\Workspace\umc-core.sp::Native_UMCVoteManagerComplete()
L 06/09/2018 - 16:44:45: [SM]   [10] UMC_VoteManagerVoteCompleted
L 06/09/2018 - 16:44:45: [SM]   [11] Line 2309, D:\Documents\My Folder\Empires Custom UMC Stuff\SourceMod\Workspace\umc-core.sp::Handle_MapVoteResults()
L 06/09/2018 - 16:44:50: Error log file session closed.
L 06/09/2018 - 16:45:25: SourceMod error session started
L 06/09/2018 - 16:45:25: Info (map "emp_vehicletraining_2013") (file "errors_20180609.log")
L 06/09/2018 - 16:45:25: [SM] Exception reported: Game event "player_disconnect" has no active hook
L 06/09/2018 - 16:45:25: [SM] Blaming: saysounds.smx()
L 06/09/2018 - 16:45:25: [SM] Call stack trace:
L 06/09/2018 - 16:45:25: [SM]   [0] UnhookEvent
L 06/09/2018 - 16:45:25: [SM]   [1] Line 488, E:\dev\sourcemod\sourcemod-1.4.6-linux\addons\sourcemod\scripting\saysounds.sp::EnableChanged()
L 06/09/2018 - 17:19:51: [SM] Exception reported: Invalid timer handle 71a8038c (error 1)
L 06/09/2018 - 17:19:51: [SM] Blaming: umc-emp-mapvote.smx()
L 06/09/2018 - 17:19:51: [SM] Call stack trace:
L 06/09/2018 - 17:19:51: [SM]   [0] KillTimer
L 06/09/2018 - 17:19:51: [SM]   [1] Line 686, D:\Documents\My Folder\Empires Custom UMC Stuff\SourceMod\Workspace\umc-emp-mapvote.sp::UMC_OnNextmapSet()
L 06/09/2018 - 17:19:51: [SM]   [3] Call_Finish
L 06/09/2018 - 17:19:51: [SM]   [4] Line 4834, D:\Documents\My Folder\Empires Custom UMC Stuff\SourceMod\Workspace\umc-core.sp::DoMapChange()
L 06/09/2018 - 17:19:51: [SM]   [5] Line 4267, D:\Documents\My Folder\Empires Custom UMC Stuff\SourceMod\Workspace\umc-core.sp::Handle_MapVoteWinner()
L 06/09/2018 - 17:19:51: [SM]   [6] Line 3819, D:\Documents\My Folder\Empires Custom UMC Stuff\SourceMod\Workspace\umc-core.sp::ProcessVoteWinner()
L 06/09/2018 - 17:19:51: [SM]   [7] Line 3795, D:\Documents\My Folder\Empires Custom UMC Stuff\SourceMod\Workspace\umc-core.sp::ProcessVoteResults()
L 06/09/2018 - 17:19:51: [SM]   [8] Line 1277, D:\Documents\My Folder\Empires Custom UMC Stuff\SourceMod\Workspace\umc-core.sp::Native_UMCVoteManagerComplete()
L 06/09/2018 - 17:19:51: [SM]   [10] UMC_VoteManagerVoteCompleted
L 06/09/2018 - 17:19:51: [SM]   [11] Line 2309, D:\Documents\My Folder\Empires Custom UMC Stuff\SourceMod\Workspace\umc-core.sp::Handle_MapVoteResults()
L 06/09/2018 - 17:19:57: Error log file session closed.
L 06/09/2018 - 17:21:45: SourceMod error session started
L 06/09/2018 - 17:21:45: Info (map "emp_drygulch_a7") (file "errors_20180609.log")
L 06/09/2018 - 17:21:45: [umc-core.smx] VOTING: Not enough options to run a vote. 1 options available.
L 06/09/2018 - 17:21:45: [umc-core.smx] Could not start core vote.
L 06/09/2018 - 17:33:16: [umc-core.smx] VOTING: Not enough options to run a vote. 1 options available.
L 06/09/2018 - 17:33:16: [umc-core.smx] Could not start core vote.
L 06/09/2018 - 17:33:22: Error log file session closed.
L 06/09/2018 - 18:23:43: SourceMod error session started
L 06/09/2018 - 18:23:43: Info (map "con_district402") (file "errors_20180609.log")
L 06/09/2018 - 18:23:43: [SM] Exception reported: Invalid timer handle 78cf0379 (error 1)
L 06/09/2018 - 18:23:43: [SM] Blaming: umc-emp-mapvote.smx()
L 06/09/2018 - 18:23:43: [SM] Call stack trace:
L 06/09/2018 - 18:23:43: [SM]   [0] KillTimer
L 06/09/2018 - 18:23:43: [SM]   [1] Line 686, D:\Documents\My Folder\Empires Custom UMC Stuff\SourceMod\Workspace\umc-emp-mapvote.sp::UMC_OnNextmapSet()
L 06/09/2018 - 18:23:43: [SM]   [3] Call_Finish
L 06/09/2018 - 18:23:43: [SM]   [4] Line 4834, D:\Documents\My Folder\Empires Custom UMC Stuff\SourceMod\Workspace\umc-core.sp::DoMapChange()
L 06/09/2018 - 18:23:43: [SM]   [5] Line 4267, D:\Documents\My Folder\Empires Custom UMC Stuff\SourceMod\Workspace\umc-core.sp::Handle_MapVoteWinner()
L 06/09/2018 - 18:23:43: [SM]   [6] Line 3819, D:\Documents\My Folder\Empires Custom UMC Stuff\SourceMod\Workspace\umc-core.sp::ProcessVoteWinner()
L 06/09/2018 - 18:23:43: [SM]   [7] Line 3795, D:\Documents\My Folder\Empires Custom UMC Stuff\SourceMod\Workspace\umc-core.sp::ProcessVoteResults()
L 06/09/2018 - 18:23:43: [SM]   [8] Line 1277, D:\Documents\My Folder\Empires Custom UMC Stuff\SourceMod\Workspace\umc-core.sp::Native_UMCVoteManagerComplete()
L 06/09/2018 - 18:23:43: [SM]   [10] UMC_VoteManagerVoteCompleted
L 06/09/2018 - 18:23:43: [SM]   [11] Line 2309, D:\Documents\My Folder\Empires Custom UMC Stuff\SourceMod\Workspace\umc-core.sp::Handle_MapVoteResults()
L 06/09/2018 - 18:23:49: Error log file session closed.
L 06/09/2018 - 19:17:55: SourceMod error session started
L 06/09/2018 - 19:17:55: Info (map "emp_crossroads_towerless_hce") (file "errors_20180609.log")
L 06/09/2018 - 19:17:55: [SM] Exception reported: Invalid timer handle 80800384 (error 1)
L 06/09/2018 - 19:17:55: [SM] Blaming: umc-emp-mapvote.smx()
L 06/09/2018 - 19:17:55: [SM] Call stack trace:
L 06/09/2018 - 19:17:55: [SM]   [0] KillTimer
L 06/09/2018 - 19:17:55: [SM]   [1] Line 686, D:\Documents\My Folder\Empires Custom UMC Stuff\SourceMod\Workspace\umc-emp-mapvote.sp::UMC_OnNextmapSet()
L 06/09/2018 - 19:17:55: [SM]   [3] Call_Finish
L 06/09/2018 - 19:17:55: [SM]   [4] Line 4834, D:\Documents\My Folder\Empires Custom UMC Stuff\SourceMod\Workspace\umc-core.sp::DoMapChange()
L 06/09/2018 - 19:17:55: [SM]   [5] Line 4267, D:\Documents\My Folder\Empires Custom UMC Stuff\SourceMod\Workspace\umc-core.sp::Handle_MapVoteWinner()
L 06/09/2018 - 19:17:55: [SM]   [6] Line 3819, D:\Documents\My Folder\Empires Custom UMC Stuff\SourceMod\Workspace\umc-core.sp::ProcessVoteWinner()
L 06/09/2018 - 19:17:55: [SM]   [7] Line 3795, D:\Documents\My Folder\Empires Custom UMC Stuff\SourceMod\Workspace\umc-core.sp::ProcessVoteResults()
L 06/09/2018 - 19:17:55: [SM]   [8] Line 1277, D:\Documents\My Folder\Empires Custom UMC Stuff\SourceMod\Workspace\umc-core.sp::Native_UMCVoteManagerComplete()
L 06/09/2018 - 19:17:55: [SM]   [10] UMC_VoteManagerVoteCompleted
L 06/09/2018 - 19:17:55: [SM]   [11] Line 2309, D:\Documents\My Folder\Empires Custom UMC Stuff\SourceMod\Workspace\umc-core.sp::Handle_MapVoteResults()
L 06/09/2018 - 19:18:01: Error log file session closed.
L 06/09/2018 - 19:18:01: SourceMod error session started
L 06/09/2018 - 19:18:01: Info (map "con_urbanchaos_comm_b2") (file "errors_20180609.log")
L 06/09/2018 - 19:18:01: [SM] Exception reported: Client index 0 is invalid
L 06/09/2018 - 19:18:01: [SM] Blaming: NoCommExtendVote.smx()
L 06/09/2018 - 19:18:01: [SM] Call stack trace:
L 06/09/2018 - 19:18:01: [SM]   [0] PrintToChat
L 06/09/2018 - 19:18:01: [SM]   [1] Line 585, E:\Projects\EmpiresServer\NeoonyTestServer\addons\sourcemod\scripting\NoCommExtendVote.sp::Command_NCDisable()
L 06/09/2018 - 19:38:45: [SM] Exception reported: Invalid timer handle 83bd0304 (error 1)
L 06/09/2018 - 19:38:45: [SM] Blaming: umc-emp-mapvote.smx()
L 06/09/2018 - 19:38:45: [SM] Call stack trace:
L 06/09/2018 - 19:38:45: [SM]   [0] KillTimer
L 06/09/2018 - 19:38:45: [SM]   [1] Line 686, D:\Documents\My Folder\Empires Custom UMC Stuff\SourceMod\Workspace\umc-emp-mapvote.sp::UMC_OnNextmapSet()
L 06/09/2018 - 19:38:45: [SM]   [3] Call_Finish
L 06/09/2018 - 19:38:45: [SM]   [4] Line 4834, D:\Documents\My Folder\Empires Custom UMC Stuff\SourceMod\Workspace\umc-core.sp::DoMapChange()
L 06/09/2018 - 19:38:45: [SM]   [5] Line 4267, D:\Documents\My Folder\Empires Custom UMC Stuff\SourceMod\Workspace\umc-core.sp::Handle_MapVoteWinner()
L 06/09/2018 - 19:38:45: [SM]   [6] Line 3819, D:\Documents\My Folder\Empires Custom UMC Stuff\SourceMod\Workspace\umc-core.sp::ProcessVoteWinner()
L 06/09/2018 - 19:38:45: [SM]   [7] Line 3795, D:\Documents\My Folder\Empires Custom UMC Stuff\SourceMod\Workspace\umc-core.sp::ProcessVoteResults()
L 06/09/2018 - 19:38:45: [SM]   [8] Line 1277, D:\Documents\My Folder\Empires Custom UMC Stuff\SourceMod\Workspace\umc-core.sp::Native_UMCVoteManagerComplete()
L 06/09/2018 - 19:38:45: [SM]   [10] UMC_VoteManagerVoteCompleted
L 06/09/2018 - 19:38:45: [SM]   [11] Line 2309, D:\Documents\My Folder\Empires Custom UMC Stuff\SourceMod\Workspace\umc-core.sp::Handle_MapVoteResults()
L 06/09/2018 - 19:38:50: Error log file session closed.
L 06/09/2018 - 19:45:36: SourceMod error session started
L 06/09/2018 - 19:45:36: Info (map "emp_beachfront_b2_hce") (file "errors_20180609.log")
L 06/09/2018 - 19:45:36: [SM] Exception reported: Invalid timer handle 8725038f (error 1)
L 06/09/2018 - 19:45:36: [SM] Blaming: umc-emp-mapvote.smx()
L 06/09/2018 - 19:45:36: [SM] Call stack trace:
L 06/09/2018 - 19:45:36: [SM]   [0] KillTimer
L 06/09/2018 - 19:45:36: [SM]   [1] Line 686, D:\Documents\My Folder\Empires Custom UMC Stuff\SourceMod\Workspace\umc-emp-mapvote.sp::UMC_OnNextmapSet()
L 06/09/2018 - 19:45:36: [SM]   [3] Call_Finish
L 06/09/2018 - 19:45:36: [SM]   [4] Line 4834, D:\Documents\My Folder\Empires Custom UMC Stuff\SourceMod\Workspace\umc-core.sp::DoMapChange()
L 06/09/2018 - 19:45:36: [SM]   [5] Line 4267, D:\Documents\My Folder\Empires Custom UMC Stuff\SourceMod\Workspace\umc-core.sp::Handle_MapVoteWinner()
L 06/09/2018 - 19:45:36: [SM]   [6] Line 3819, D:\Documents\My Folder\Empires Custom UMC Stuff\SourceMod\Workspace\umc-core.sp::ProcessVoteWinner()
L 06/09/2018 - 19:45:36: [SM]   [7] Line 3795, D:\Documents\My Folder\Empires Custom UMC Stuff\SourceMod\Workspace\umc-core.sp::ProcessVoteResults()
L 06/09/2018 - 19:45:36: [SM]   [8] Line 1277, D:\Documents\My Folder\Empires Custom UMC Stuff\SourceMod\Workspace\umc-core.sp::Native_UMCVoteManagerComplete()
L 06/09/2018 - 19:45:36: [SM]   [10] UMC_VoteManagerVoteCompleted
L 06/09/2018 - 19:45:36: [SM]   [11] Line 2309, D:\Documents\My Folder\Empires Custom UMC Stuff\SourceMod\Workspace\umc-core.sp::Handle_MapVoteResults()
L 06/09/2018 - 19:45:42: Error log file session closed.
L 06/09/2018 - 20:22:25: SourceMod error session started
L 06/09/2018 - 20:22:25: Info (map "emp_havoc_b1_fix") (file "errors_20180609.log")
L 06/09/2018 - 20:22:25: [SM] Exception reported: Invalid timer handle 8f64038b (error 1)
L 06/09/2018 - 20:22:25: [SM] Blaming: umc-emp-mapvote.smx()
L 06/09/2018 - 20:22:25: [SM] Call stack trace:
L 06/09/2018 - 20:22:25: [SM]   [0] KillTimer
L 06/09/2018 - 20:22:25: [SM]   [1] Line 686, D:\Documents\My Folder\Empires Custom UMC Stuff\SourceMod\Workspace\umc-emp-mapvote.sp::UMC_OnNextmapSet()
L 06/09/2018 - 20:22:25: [SM]   [3] Call_Finish
L 06/09/2018 - 20:22:25: [SM]   [4] Line 4834, D:\Documents\My Folder\Empires Custom UMC Stuff\SourceMod\Workspace\umc-core.sp::DoMapChange()
L 06/09/2018 - 20:22:25: [SM]   [5] Line 4267, D:\Documents\My Folder\Empires Custom UMC Stuff\SourceMod\Workspace\umc-core.sp::Handle_MapVoteWinner()
L 06/09/2018 - 20:22:25: [SM]   [6] Line 3819, D:\Documents\My Folder\Empires Custom UMC Stuff\SourceMod\Workspace\umc-core.sp::ProcessVoteWinner()
L 06/09/2018 - 20:22:25: [SM]   [7] Line 3795, D:\Documents\My Folder\Empires Custom UMC Stuff\SourceMod\Workspace\umc-core.sp::ProcessVoteResults()
L 06/09/2018 - 20:22:25: [SM]   [8] Line 1277, D:\Documents\My Folder\Empires Custom UMC Stuff\SourceMod\Workspace\umc-core.sp::Native_UMCVoteManagerComplete()
L 06/09/2018 - 20:22:25: [SM]   [10] UMC_VoteManagerVoteCompleted
L 06/09/2018 - 20:22:25: [SM]   [11] Line 2309, D:\Documents\My Folder\Empires Custom UMC Stuff\SourceMod\Workspace\umc-core.sp::Handle_MapVoteResults()
L 06/09/2018 - 20:22:31: Error log file session closed.
L 06/09/2018 - 20:45:09: SourceMod error session started
L 06/09/2018 - 20:45:09: Info (map "con_blast_ob2") (file "errors_20180609.log")
L 06/09/2018 - 20:45:09: [SM] Exception reported: Invalid timer handle 965b030c (error 1)
L 06/09/2018 - 20:45:09: [SM] Blaming: umc-emp-mapvote.smx()
L 06/09/2018 - 20:45:09: [SM] Call stack trace:
L 06/09/2018 - 20:45:09: [SM]   [0] KillTimer
L 06/09/2018 - 20:45:09: [SM]   [1] Line 686, D:\Documents\My Folder\Empires Custom UMC Stuff\SourceMod\Workspace\umc-emp-mapvote.sp::UMC_OnNextmapSet()
L 06/09/2018 - 20:45:09: [SM]   [3] Call_Finish
L 06/09/2018 - 20:45:09: [SM]   [4] Line 4834, D:\Documents\My Folder\Empires Custom UMC Stuff\SourceMod\Workspace\umc-core.sp::DoMapChange()
L 06/09/2018 - 20:45:09: [SM]   [5] Line 4267, D:\Documents\My Folder\Empires Custom UMC Stuff\SourceMod\Workspace\umc-core.sp::Handle_MapVoteWinner()
L 06/09/2018 - 20:45:09: [SM]   [6] Line 3819, D:\Documents\My Folder\Empires Custom UMC Stuff\SourceMod\Workspace\umc-core.sp::ProcessVoteWinner()
L 06/09/2018 - 20:45:09: [SM]   [7] Line 3795, D:\Documents\My Folder\Empires Custom UMC Stuff\SourceMod\Workspace\umc-core.sp::ProcessVoteResults()
L 06/09/2018 - 20:45:09: [SM]   [8] Line 1277, D:\Documents\My Folder\Empires Custom UMC Stuff\SourceMod\Workspace\umc-core.sp::Native_UMCVoteManagerComplete()
L 06/09/2018 - 20:45:09: [SM]   [10] UMC_VoteManagerVoteCompleted
L 06/09/2018 - 20:45:09: [SM]   [11] Line 2309, D:\Documents\My Folder\Empires Custom UMC Stuff\SourceMod\Workspace\umc-core.sp::Handle_MapVoteResults()
L 06/09/2018 - 20:45:14: Error log file session closed.
L 06/09/2018 - 21:29:13: SourceMod error session started
L 06/09/2018 - 21:29:13: Info (map "emp_nuclear_b8u_xfix") (file "errors_20180609.log")
L 06/09/2018 - 21:29:13: [SM] Exception reported: Invalid timer handle a6800392 (error 3)
L 06/09/2018 - 21:29:13: [SM] Blaming: umc-emp-mapvote.smx()
L 06/09/2018 - 21:29:13: [SM] Call stack trace:
L 06/09/2018 - 21:29:13: [SM]   [0] KillTimer
L 06/09/2018 - 21:29:13: [SM]   [1] Line 686, D:\Documents\My Folder\Empires Custom UMC Stuff\SourceMod\Workspace\umc-emp-mapvote.sp::UMC_OnNextmapSet()
L 06/09/2018 - 21:29:13: [SM]   [3] Call_Finish
L 06/09/2018 - 21:29:13: [SM]   [4] Line 4834, D:\Documents\My Folder\Empires Custom UMC Stuff\SourceMod\Workspace\umc-core.sp::DoMapChange()
L 06/09/2018 - 21:29:13: [SM]   [5] Line 4267, D:\Documents\My Folder\Empires Custom UMC Stuff\SourceMod\Workspace\umc-core.sp::Handle_MapVoteWinner()
L 06/09/2018 - 21:29:13: [SM]   [6] Line 3819, D:\Documents\My Folder\Empires Custom UMC Stuff\SourceMod\Workspace\umc-core.sp::ProcessVoteWinner()
L 06/09/2018 - 21:29:13: [SM]   [7] Line 3795, D:\Documents\My Folder\Empires Custom UMC Stuff\SourceMod\Workspace\umc-core.sp::ProcessVoteResults()
L 06/09/2018 - 21:29:13: [SM]   [8] Line 1277, D:\Documents\My Folder\Empires Custom UMC Stuff\SourceMod\Workspace\umc-core.sp::Native_UMCVoteManagerComplete()
L 06/09/2018 - 21:29:13: [SM]   [10] UMC_VoteManagerVoteCompleted
L 06/09/2018 - 21:29:13: [SM]   [11] Line 2309, D:\Documents\My Folder\Empires Custom UMC Stuff\SourceMod\Workspace\umc-core.sp::Handle_MapVoteResults()
L 06/09/2018 - 21:29:19: Error log file session closed.
L 06/09/2018 - 21:31:21: SourceMod error session started
L 06/09/2018 - 21:31:21: Info (map "emp_downfall_hce") (file "errors_20180609.log")
L 06/09/2018 - 21:31:21: [SM] Exception reported: Heap leak detected: hp:14440 should be 14308!
L 06/09/2018 - 22:11:19: [SM] Exception reported: Invalid timer handle be350366 (error 1)
L 06/09/2018 - 22:11:19: [SM] Blaming: umc-emp-mapvote.smx()
L 06/09/2018 - 22:11:19: [SM] Call stack trace:
L 06/09/2018 - 22:11:19: [SM]   [0] KillTimer
L 06/09/2018 - 22:11:19: [SM]   [1] Line 686, D:\Documents\My Folder\Empires Custom UMC Stuff\SourceMod\Workspace\umc-emp-mapvote.sp::UMC_OnNextmapSet()
L 06/09/2018 - 22:11:19: [SM]   [3] Call_Finish
L 06/09/2018 - 22:11:19: [SM]   [4] Line 4834, D:\Documents\My Folder\Empires Custom UMC Stuff\SourceMod\Workspace\umc-core.sp::DoMapChange()
L 06/09/2018 - 22:11:19: [SM]   [5] Line 4267, D:\Documents\My Folder\Empires Custom UMC Stuff\SourceMod\Workspace\umc-core.sp::Handle_MapVoteWinner()
L 06/09/2018 - 22:11:19: [SM]   [6] Line 3819, D:\Documents\My Folder\Empires Custom UMC Stuff\SourceMod\Workspace\umc-core.sp::ProcessVoteWinner()
L 06/09/2018 - 22:11:19: [SM]   [7] Line 3795, D:\Documents\My Folder\Empires Custom UMC Stuff\SourceMod\Workspace\umc-core.sp::ProcessVoteResults()
L 06/09/2018 - 22:11:19: [SM]   [8] Line 1277, D:\Documents\My Folder\Empires Custom UMC Stuff\SourceMod\Workspace\umc-core.sp::Native_UMCVoteManagerComplete()
L 06/09/2018 - 22:11:19: [SM]   [10] UMC_VoteManagerVoteCompleted
L 06/09/2018 - 22:11:19: [SM]   [11] Line 2309, D:\Documents\My Folder\Empires Custom UMC Stuff\SourceMod\Workspace\umc-core.sp::Handle_MapVoteResults()
L 06/09/2018 - 22:11:26: Error log file session closed.
L 06/09/2018 - 22:13:52: SourceMod error session started
L 06/09/2018 - 22:13:52: Info (map "emp_fuel_a3_2013_hce") (file "errors_20180609.log")
L 06/09/2018 - 22:13:52: [SM] Exception reported: Heap leak detected: hp:14572 should be 14440!
L 06/09/2018 - 22:52:55: [SM] Exception reported: Invalid timer handle d8d803f1 (error 3)
L 06/09/2018 - 22:52:55: [SM] Blaming: umc-emp-mapvote.smx()
L 06/09/2018 - 22:52:55: [SM] Call stack trace:
L 06/09/2018 - 22:52:55: [SM]   [0] KillTimer
L 06/09/2018 - 22:52:55: [SM]   [1] Line 686, D:\Documents\My Folder\Empires Custom UMC Stuff\SourceMod\Workspace\umc-emp-mapvote.sp::UMC_OnNextmapSet()
L 06/09/2018 - 22:52:55: [SM]   [3] Call_Finish
L 06/09/2018 - 22:52:55: [SM]   [4] Line 4834, D:\Documents\My Folder\Empires Custom UMC Stuff\SourceMod\Workspace\umc-core.sp::DoMapChange()
L 06/09/2018 - 22:52:55: [SM]   [5] Line 4267, D:\Documents\My Folder\Empires Custom UMC Stuff\SourceMod\Workspace\umc-core.sp::Handle_MapVoteWinner()
L 06/09/2018 - 22:52:55: [SM]   [6] Line 3819, D:\Documents\My Folder\Empires Custom UMC Stuff\SourceMod\Workspace\umc-core.sp::ProcessVoteWinner()
L 06/09/2018 - 22:52:55: [SM]   [7] Line 3795, D:\Documents\My Folder\Empires Custom UMC Stuff\SourceMod\Workspace\umc-core.sp::ProcessVoteResults()
L 06/09/2018 - 22:52:55: [SM]   [8] Line 1277, D:\Documents\My Folder\Empires Custom UMC Stuff\SourceMod\Workspace\umc-core.sp::Native_UMCVoteManagerComplete()
L 06/09/2018 - 22:52:55: [SM]   [10] UMC_VoteManagerVoteCompleted
L 06/09/2018 - 22:52:55: [SM]   [11] Line 2309, D:\Documents\My Folder\Empires Custom UMC Stuff\SourceMod\Workspace\umc-core.sp::Handle_MapVoteResults()
L 06/09/2018 - 22:53:00: Error log file session closed.
L 06/09/2018 - 22:54:43: SourceMod error session started
L 06/09/2018 - 22:54:43: Info (map "emp_temple_b3f") (file "errors_20180609.log")
L 06/09/2018 - 22:54:43: [SM] Exception reported: Heap leak detected: hp:14712 should be 14572!
L 06/09/2018 - 23:06:00: [SM] Exception reported: Invalid timer handle e5800380 (error 1)
L 06/09/2018 - 23:06:00: [SM] Blaming: umc-emp-mapvote.smx()
L 06/09/2018 - 23:06:00: [SM] Call stack trace:
L 06/09/2018 - 23:06:00: [SM]   [0] KillTimer
L 06/09/2018 - 23:06:00: [SM]   [1] Line 686, D:\Documents\My Folder\Empires Custom UMC Stuff\SourceMod\Workspace\umc-emp-mapvote.sp::UMC_OnNextmapSet()
L 06/09/2018 - 23:06:00: [SM]   [3] Call_Finish
L 06/09/2018 - 23:06:00: [SM]   [4] Line 4834, D:\Documents\My Folder\Empires Custom UMC Stuff\SourceMod\Workspace\umc-core.sp::DoMapChange()
L 06/09/2018 - 23:06:00: [SM]   [5] Line 4267, D:\Documents\My Folder\Empires Custom UMC Stuff\SourceMod\Workspace\umc-core.sp::Handle_MapVoteWinner()
L 06/09/2018 - 23:06:00: [SM]   [6] Line 3819, D:\Documents\My Folder\Empires Custom UMC Stuff\SourceMod\Workspace\umc-core.sp::ProcessVoteWinner()
L 06/09/2018 - 23:06:00: [SM]   [7] Line 3795, D:\Documents\My Folder\Empires Custom UMC Stuff\SourceMod\Workspace\umc-core.sp::ProcessVoteResults()
L 06/09/2018 - 23:06:00: [SM]   [8] Line 1277, D:\Documents\My Folder\Empires Custom UMC Stuff\SourceMod\Workspace\umc-core.sp::Native_UMCVoteManagerComplete()
L 06/09/2018 - 23:06:00: [SM]   [10] UMC_VoteManagerVoteCompleted
L 06/09/2018 - 23:06:00: [SM]   [11] Line 2309, D:\Documents\My Folder\Empires Custom UMC Stuff\SourceMod\Workspace\umc-core.sp::Handle_MapVoteResults()
L 06/09/2018 - 23:06:06: Error log file session closed.
L 06/09/2018 - 23:07:48: SourceMod error session started
L 06/09/2018 - 23:07:48: Info (map "emp_mvalley_fix") (file "errors_20180609.log")
L 06/09/2018 - 23:07:48: [SM] Exception reported: Heap leak detected: hp:14852 should be 14712!
L 06/09/2018 - 23:21:57: [SM] Exception reported: Invalid timer handle f2540366 (error 3)
L 06/09/2018 - 23:21:57: [SM] Blaming: umc-emp-mapvote.smx()
L 06/09/2018 - 23:21:57: [SM] Call stack trace:
L 06/09/2018 - 23:21:57: [SM]   [0] KillTimer
L 06/09/2018 - 23:21:57: [SM]   [1] Line 686, D:\Documents\My Folder\Empires Custom UMC Stuff\SourceMod\Workspace\umc-emp-mapvote.sp::UMC_OnNextmapSet()
L 06/09/2018 - 23:21:57: [SM]   [3] Call_Finish
L 06/09/2018 - 23:21:57: [SM]   [4] Line 4834, D:\Documents\My Folder\Empires Custom UMC Stuff\SourceMod\Workspace\umc-core.sp::DoMapChange()
L 06/09/2018 - 23:21:57: [SM]   [5] Line 4267, D:\Documents\My Folder\Empires Custom UMC Stuff\SourceMod\Workspace\umc-core.sp::Handle_MapVoteWinner()
L 06/09/2018 - 23:21:57: [SM]   [6] Line 3819, D:\Documents\My Folder\Empires Custom UMC Stuff\SourceMod\Workspace\umc-core.sp::ProcessVoteWinner()
L 06/09/2018 - 23:21:57: [SM]   [7] Line 3795, D:\Documents\My Folder\Empires Custom UMC Stuff\SourceMod\Workspace\umc-core.sp::ProcessVoteResults()
L 06/09/2018 - 23:21:57: [SM]   [8] Line 1277, D:\Documents\My Folder\Empires Custom UMC Stuff\SourceMod\Workspace\umc-core.sp::Native_UMCVoteManagerComplete()
L 06/09/2018 - 23:21:57: [SM]   [10] UMC_VoteManagerVoteCompleted
L 06/09/2018 - 23:21:57: [SM]   [11] Line 2309, D:\Documents\My Folder\Empires Custom UMC Stuff\SourceMod\Workspace\umc-core.sp::Handle_MapVoteResults()
L 06/09/2018 - 23:22:03: Error log file session closed.
L 06/09/2018 - 23:23:45: SourceMod error session started
L 06/09/2018 - 23:23:45: Info (map "emp_duststorm_fix2") (file "errors_20180609.log")
L 06/09/2018 - 23:23:45: [SM] Exception reported: Heap leak detected: hp:14972 should be 14852!
L 06/09/2018 - 23:50:12: [SM] Exception reported: Invalid timer handle 1dc0373 (error 3)
L 06/09/2018 - 23:50:12: [SM] Blaming: umc-emp-mapvote.smx()
L 06/09/2018 - 23:50:12: [SM] Call stack trace:
L 06/09/2018 - 23:50:12: [SM]   [0] KillTimer
L 06/09/2018 - 23:50:12: [SM]   [1] Line 686, D:\Documents\My Folder\Empires Custom UMC Stuff\SourceMod\Workspace\umc-emp-mapvote.sp::UMC_OnNextmapSet()
L 06/09/2018 - 23:50:12: [SM]   [3] Call_Finish
L 06/09/2018 - 23:50:12: [SM]   [4] Line 4834, D:\Documents\My Folder\Empires Custom UMC Stuff\SourceMod\Workspace\umc-core.sp::DoMapChange()
L 06/09/2018 - 23:50:12: [SM]   [5] Line 4267, D:\Documents\My Folder\Empires Custom UMC Stuff\SourceMod\Workspace\umc-core.sp::Handle_MapVoteWinner()
L 06/09/2018 - 23:50:12: [SM]   [6] Line 3819, D:\Documents\My Folder\Empires Custom UMC Stuff\SourceMod\Workspace\umc-core.sp::ProcessVoteWinner()
L 06/09/2018 - 23:50:12: [SM]   [7] Line 3795, D:\Documents\My Folder\Empires Custom UMC Stuff\SourceMod\Workspace\umc-core.sp::ProcessVoteResults()
L 06/09/2018 - 23:50:12: [SM]   [8] Line 1277, D:\Documents\My Folder\Empires Custom UMC Stuff\SourceMod\Workspace\umc-core.sp::Native_UMCVoteManagerComplete()
L 06/09/2018 - 23:50:12: [SM]   [10] UMC_VoteManagerVoteCompleted
L 06/09/2018 - 23:50:12: [SM]   [11] Line 2309, D:\Documents\My Folder\Empires Custom UMC Stuff\SourceMod\Workspace\umc-core.sp::Handle_MapVoteResults()
L 06/09/2018 - 23:50:18: Error log file session closed.
L 06/09/2018 - 23:50:18: SourceMod error session started
L 06/09/2018 - 23:50:18: Info (map "emp_smokies_rc2_hce") (file "errors_20180609.log")
L 06/09/2018 - 23:50:18: [SM] Exception reported: No vote is in progress
L 06/09/2018 - 23:50:18: [SM] Blaming: Surrender.smx()
L 06/09/2018 - 23:50:18: [SM] Call stack trace:
L 06/09/2018 - 23:50:18: [SM]   [0] CancelVote
L 06/09/2018 - 23:50:18: [SM]   [1] Line 1305, /builds/sourcemod/Surrender/build/../addons/sourcemod/scripting/Surrender.sp::Command_SurrenderDisable()
L 06/09/2018 - 23:52:00: [SM] Exception reported: Heap leak detected: hp:15036 should be 14972!
