L 06/16/2017 - 00:05:26: SourceMod error session started
L 06/16/2017 - 00:05:26: Info (map "emp_vehicletraining_2013") (file "errors_20170616.log")
L 06/16/2017 - 00:05:26: [SM] Exception reported: Invalid timer handle 7c8302ed (error 1)
L 06/16/2017 - 00:05:26: [SM] Blaming: umc-emp-mapvote.smx()
L 06/16/2017 - 00:05:27: [SM] Call stack trace:
L 06/16/2017 - 00:05:27: [SM]   [0] KillTimer
L 06/16/2017 - 00:05:27: [SM]   [1] Line 686, D:\Documents\My Folder\Empires Custom UMC Stuff\SourceMod\Workspace\umc-emp-mapvote.sp::UMC_OnNextmapSet()
L 06/16/2017 - 00:05:27: [SM]   [3] Call_Finish
L 06/16/2017 - 00:05:27: [SM]   [4] Line 4834, D:\Documents\My Folder\Empires Custom UMC Stuff\SourceMod\Workspace\umc-core.sp::DoMapChange()
L 06/16/2017 - 00:05:27: [SM]   [5] Line 4267, D:\Documents\My Folder\Empires Custom UMC Stuff\SourceMod\Workspace\umc-core.sp::Handle_MapVoteWinner()
L 06/16/2017 - 00:05:27: [SM]   [6] Line 3819, D:\Documents\My Folder\Empires Custom UMC Stuff\SourceMod\Workspace\umc-core.sp::ProcessVoteWinner()
L 06/16/2017 - 00:05:27: [SM]   [7] Line 3795, D:\Documents\My Folder\Empires Custom UMC Stuff\SourceMod\Workspace\umc-core.sp::ProcessVoteResults()
L 06/16/2017 - 00:05:27: [SM]   [8] Line 1277, D:\Documents\My Folder\Empires Custom UMC Stuff\SourceMod\Workspace\umc-core.sp::Native_UMCVoteManagerComplete()
L 06/16/2017 - 00:05:27: [SM]   [10] UMC_VoteManagerVoteCompleted
L 06/16/2017 - 00:05:27: [SM]   [11] Line 2309, D:\Documents\My Folder\Empires Custom UMC Stuff\SourceMod\Workspace\umc-core.sp::Handle_MapVoteResults()
L 06/16/2017 - 00:05:32: Error log file session closed.
L 06/16/2017 - 00:18:18: SourceMod error session started
L 06/16/2017 - 00:18:18: Info (map "emp_downfall") (file "errors_20170616.log")
L 06/16/2017 - 00:18:18: [SM] Exception reported: Invalid timer handle 83e00351 (error 3)
L 06/16/2017 - 00:18:18: [SM] Blaming: umc-emp-mapvote.smx()
L 06/16/2017 - 00:18:18: [SM] Call stack trace:
L 06/16/2017 - 00:18:18: [SM]   [0] KillTimer
L 06/16/2017 - 00:18:18: [SM]   [1] Line 686, D:\Documents\My Folder\Empires Custom UMC Stuff\SourceMod\Workspace\umc-emp-mapvote.sp::UMC_OnNextmapSet()
L 06/16/2017 - 00:18:18: [SM]   [3] Call_Finish
L 06/16/2017 - 00:18:18: [SM]   [4] Line 4834, D:\Documents\My Folder\Empires Custom UMC Stuff\SourceMod\Workspace\umc-core.sp::DoMapChange()
L 06/16/2017 - 00:18:18: [SM]   [5] Line 4267, D:\Documents\My Folder\Empires Custom UMC Stuff\SourceMod\Workspace\umc-core.sp::Handle_MapVoteWinner()
L 06/16/2017 - 00:18:18: [SM]   [6] Line 3819, D:\Documents\My Folder\Empires Custom UMC Stuff\SourceMod\Workspace\umc-core.sp::ProcessVoteWinner()
L 06/16/2017 - 00:18:18: [SM]   [7] Line 3795, D:\Documents\My Folder\Empires Custom UMC Stuff\SourceMod\Workspace\umc-core.sp::ProcessVoteResults()
L 06/16/2017 - 00:18:18: [SM]   [8] Line 1277, D:\Documents\My Folder\Empires Custom UMC Stuff\SourceMod\Workspace\umc-core.sp::Native_UMCVoteManagerComplete()
L 06/16/2017 - 00:18:18: [SM]   [10] UMC_VoteManagerVoteCompleted
L 06/16/2017 - 00:18:18: [SM]   [11] Line 2309, D:\Documents\My Folder\Empires Custom UMC Stuff\SourceMod\Workspace\umc-core.sp::Handle_MapVoteResults()
L 06/16/2017 - 00:18:25: Error log file session closed.
L 06/16/2017 - 00:35:43: SourceMod error session started
L 06/16/2017 - 00:35:43: Info (map "con_glycencity") (file "errors_20170616.log")
L 06/16/2017 - 00:35:43: [SM] Exception reported: Invalid timer handle 88cc0308 (error 1)
L 06/16/2017 - 00:35:43: [SM] Blaming: umc-emp-mapvote.smx()
L 06/16/2017 - 00:35:43: [SM] Call stack trace:
L 06/16/2017 - 00:35:43: [SM]   [0] KillTimer
L 06/16/2017 - 00:35:43: [SM]   [1] Line 686, D:\Documents\My Folder\Empires Custom UMC Stuff\SourceMod\Workspace\umc-emp-mapvote.sp::UMC_OnNextmapSet()
L 06/16/2017 - 00:35:43: [SM]   [3] Call_Finish
L 06/16/2017 - 00:35:43: [SM]   [4] Line 4834, D:\Documents\My Folder\Empires Custom UMC Stuff\SourceMod\Workspace\umc-core.sp::DoMapChange()
L 06/16/2017 - 00:35:43: [SM]   [5] Line 4267, D:\Documents\My Folder\Empires Custom UMC Stuff\SourceMod\Workspace\umc-core.sp::Handle_MapVoteWinner()
L 06/16/2017 - 00:35:43: [SM]   [6] Line 3819, D:\Documents\My Folder\Empires Custom UMC Stuff\SourceMod\Workspace\umc-core.sp::ProcessVoteWinner()
L 06/16/2017 - 00:35:43: [SM]   [7] Line 3795, D:\Documents\My Folder\Empires Custom UMC Stuff\SourceMod\Workspace\umc-core.sp::ProcessVoteResults()
L 06/16/2017 - 00:35:43: [SM]   [8] Line 1277, D:\Documents\My Folder\Empires Custom UMC Stuff\SourceMod\Workspace\umc-core.sp::Native_UMCVoteManagerComplete()
L 06/16/2017 - 00:35:43: [SM]   [10] UMC_VoteManagerVoteCompleted
L 06/16/2017 - 00:35:43: [SM]   [11] Line 2309, D:\Documents\My Folder\Empires Custom UMC Stuff\SourceMod\Workspace\umc-core.sp::Handle_MapVoteResults()
L 06/16/2017 - 00:35:49: Error log file session closed.
L 06/16/2017 - 00:38:29: SourceMod error session started
L 06/16/2017 - 00:38:29: Info (map "emp_crossroads") (file "errors_20170616.log")
L 06/16/2017 - 00:38:29: [SM] Exception reported: Invalid timer handle 88cc0308 (error 1)
L 06/16/2017 - 00:38:29: [SM] Blaming: umc-emp-mapvote.smx()
L 06/16/2017 - 00:38:29: [SM] Call stack trace:
L 06/16/2017 - 00:38:29: [SM]   [0] KillTimer
L 06/16/2017 - 00:38:29: [SM]   [1] Line 686, D:\Documents\My Folder\Empires Custom UMC Stuff\SourceMod\Workspace\umc-emp-mapvote.sp::UMC_OnNextmapSet()
L 06/16/2017 - 00:38:29: [SM]   [3] Call_Finish
L 06/16/2017 - 00:38:29: [SM]   [4] Line 4834, D:\Documents\My Folder\Empires Custom UMC Stuff\SourceMod\Workspace\umc-core.sp::DoMapChange()
L 06/16/2017 - 00:38:29: [SM]   [5] Line 4267, D:\Documents\My Folder\Empires Custom UMC Stuff\SourceMod\Workspace\umc-core.sp::Handle_MapVoteWinner()
L 06/16/2017 - 00:38:29: [SM]   [6] Line 3819, D:\Documents\My Folder\Empires Custom UMC Stuff\SourceMod\Workspace\umc-core.sp::ProcessVoteWinner()
L 06/16/2017 - 00:38:29: [SM]   [7] Line 3795, D:\Documents\My Folder\Empires Custom UMC Stuff\SourceMod\Workspace\umc-core.sp::ProcessVoteResults()
L 06/16/2017 - 00:38:29: [SM]   [8] Line 1277, D:\Documents\My Folder\Empires Custom UMC Stuff\SourceMod\Workspace\umc-core.sp::Native_UMCVoteManagerComplete()
L 06/16/2017 - 00:38:29: [SM]   [10] UMC_VoteManagerVoteCompleted
L 06/16/2017 - 00:38:29: [SM]   [11] Line 2309, D:\Documents\My Folder\Empires Custom UMC Stuff\SourceMod\Workspace\umc-core.sp::Handle_MapVoteResults()
L 06/16/2017 - 00:38:35: Error log file session closed.
L 06/16/2017 - 00:49:22: SourceMod error session started
L 06/16/2017 - 00:49:22: Info (map "con_urbanchaos_fix") (file "errors_20170616.log")
L 06/16/2017 - 00:49:22: [SM] Exception reported: Invalid timer handle 8f060332 (error 1)
L 06/16/2017 - 00:49:22: [SM] Blaming: umc-emp-mapvote.smx()
L 06/16/2017 - 00:49:22: [SM] Call stack trace:
L 06/16/2017 - 00:49:22: [SM]   [0] KillTimer
L 06/16/2017 - 00:49:22: [SM]   [1] Line 686, D:\Documents\My Folder\Empires Custom UMC Stuff\SourceMod\Workspace\umc-emp-mapvote.sp::UMC_OnNextmapSet()
L 06/16/2017 - 00:49:22: [SM]   [3] Call_Finish
L 06/16/2017 - 00:49:22: [SM]   [4] Line 4834, D:\Documents\My Folder\Empires Custom UMC Stuff\SourceMod\Workspace\umc-core.sp::DoMapChange()
L 06/16/2017 - 00:49:22: [SM]   [5] Line 4267, D:\Documents\My Folder\Empires Custom UMC Stuff\SourceMod\Workspace\umc-core.sp::Handle_MapVoteWinner()
L 06/16/2017 - 00:49:22: [SM]   [6] Line 3819, D:\Documents\My Folder\Empires Custom UMC Stuff\SourceMod\Workspace\umc-core.sp::ProcessVoteWinner()
L 06/16/2017 - 00:49:22: [SM]   [7] Line 3795, D:\Documents\My Folder\Empires Custom UMC Stuff\SourceMod\Workspace\umc-core.sp::ProcessVoteResults()
L 06/16/2017 - 00:49:22: [SM]   [8] Line 1277, D:\Documents\My Folder\Empires Custom UMC Stuff\SourceMod\Workspace\umc-core.sp::Native_UMCVoteManagerComplete()
L 06/16/2017 - 00:49:22: [SM]   [10] UMC_VoteManagerVoteCompleted
L 06/16/2017 - 00:49:22: [SM]   [11] Line 2309, D:\Documents\My Folder\Empires Custom UMC Stuff\SourceMod\Workspace\umc-core.sp::Handle_MapVoteResults()
L 06/16/2017 - 00:49:28: Error log file session closed.
L 06/16/2017 - 01:00:19: SourceMod error session started
L 06/16/2017 - 01:00:19: Info (map "emp_vehicletraining_2013") (file "errors_20170616.log")
L 06/16/2017 - 01:00:19: [SM] Exception reported: Invalid timer handle 919f0322 (error 1)
L 06/16/2017 - 01:00:19: [SM] Blaming: umc-emp-mapvote.smx()
L 06/16/2017 - 01:00:19: [SM] Call stack trace:
L 06/16/2017 - 01:00:19: [SM]   [0] KillTimer
L 06/16/2017 - 01:00:19: [SM]   [1] Line 686, D:\Documents\My Folder\Empires Custom UMC Stuff\SourceMod\Workspace\umc-emp-mapvote.sp::UMC_OnNextmapSet()
L 06/16/2017 - 01:00:19: [SM]   [3] Call_Finish
L 06/16/2017 - 01:00:19: [SM]   [4] Line 4834, D:\Documents\My Folder\Empires Custom UMC Stuff\SourceMod\Workspace\umc-core.sp::DoMapChange()
L 06/16/2017 - 01:00:19: [SM]   [5] Line 4267, D:\Documents\My Folder\Empires Custom UMC Stuff\SourceMod\Workspace\umc-core.sp::Handle_MapVoteWinner()
L 06/16/2017 - 01:00:19: [SM]   [6] Line 3819, D:\Documents\My Folder\Empires Custom UMC Stuff\SourceMod\Workspace\umc-core.sp::ProcessVoteWinner()
L 06/16/2017 - 01:00:19: [SM]   [7] Line 3795, D:\Documents\My Folder\Empires Custom UMC Stuff\SourceMod\Workspace\umc-core.sp::ProcessVoteResults()
L 06/16/2017 - 01:00:19: [SM]   [8] Line 1277, D:\Documents\My Folder\Empires Custom UMC Stuff\SourceMod\Workspace\umc-core.sp::Native_UMCVoteManagerComplete()
L 06/16/2017 - 01:00:19: [SM]   [10] UMC_VoteManagerVoteCompleted
L 06/16/2017 - 01:00:19: [SM]   [11] Line 2309, D:\Documents\My Folder\Empires Custom UMC Stuff\SourceMod\Workspace\umc-core.sp::Handle_MapVoteResults()
L 06/16/2017 - 01:00:25: Error log file session closed.
L 06/16/2017 - 20:29:30: SourceMod error session started
L 06/16/2017 - 20:29:30: Info (map "emp_beachfront_b2") (file "errors_20170616.log")
L 06/16/2017 - 20:29:30: [SM] Exception reported: Invalid timer handle d142034c (error 1)
L 06/16/2017 - 20:29:30: [SM] Blaming: umc-emp-mapvote.smx()
L 06/16/2017 - 20:29:30: [SM] Call stack trace:
L 06/16/2017 - 20:29:30: [SM]   [0] KillTimer
L 06/16/2017 - 20:29:30: [SM]   [1] Line 686, D:\Documents\My Folder\Empires Custom UMC Stuff\SourceMod\Workspace\umc-emp-mapvote.sp::UMC_OnNextmapSet()
L 06/16/2017 - 20:29:30: [SM]   [3] Call_Finish
L 06/16/2017 - 20:29:30: [SM]   [4] Line 4834, D:\Documents\My Folder\Empires Custom UMC Stuff\SourceMod\Workspace\umc-core.sp::DoMapChange()
L 06/16/2017 - 20:29:30: [SM]   [5] Line 4267, D:\Documents\My Folder\Empires Custom UMC Stuff\SourceMod\Workspace\umc-core.sp::Handle_MapVoteWinner()
L 06/16/2017 - 20:29:30: [SM]   [6] Line 3819, D:\Documents\My Folder\Empires Custom UMC Stuff\SourceMod\Workspace\umc-core.sp::ProcessVoteWinner()
L 06/16/2017 - 20:29:30: [SM]   [7] Line 3795, D:\Documents\My Folder\Empires Custom UMC Stuff\SourceMod\Workspace\umc-core.sp::ProcessVoteResults()
L 06/16/2017 - 20:29:30: [SM]   [8] Line 1277, D:\Documents\My Folder\Empires Custom UMC Stuff\SourceMod\Workspace\umc-core.sp::Native_UMCVoteManagerComplete()
L 06/16/2017 - 20:29:30: [SM]   [10] UMC_VoteManagerVoteCompleted
L 06/16/2017 - 20:29:30: [SM]   [11] Line 2309, D:\Documents\My Folder\Empires Custom UMC Stuff\SourceMod\Workspace\umc-core.sp::Handle_MapVoteResults()
L 06/16/2017 - 20:29:35: Error log file session closed.
L 06/16/2017 - 20:53:07: SourceMod error session started
L 06/16/2017 - 20:53:07: Info (map "emp_nuclear_b8u_xfix") (file "errors_20170616.log")
L 06/16/2017 - 20:53:07: [SM] Exception reported: Invalid timer handle e8d7034b (error 1)
L 06/16/2017 - 20:53:07: [SM] Blaming: umc-emp-mapvote.smx()
L 06/16/2017 - 20:53:07: [SM] Call stack trace:
L 06/16/2017 - 20:53:07: [SM]   [0] KillTimer
L 06/16/2017 - 20:53:07: [SM]   [1] Line 686, D:\Documents\My Folder\Empires Custom UMC Stuff\SourceMod\Workspace\umc-emp-mapvote.sp::UMC_OnNextmapSet()
L 06/16/2017 - 20:53:07: [SM]   [3] Call_Finish
L 06/16/2017 - 20:53:07: [SM]   [4] Line 4834, D:\Documents\My Folder\Empires Custom UMC Stuff\SourceMod\Workspace\umc-core.sp::DoMapChange()
L 06/16/2017 - 20:53:07: [SM]   [5] Line 4267, D:\Documents\My Folder\Empires Custom UMC Stuff\SourceMod\Workspace\umc-core.sp::Handle_MapVoteWinner()
L 06/16/2017 - 20:53:07: [SM]   [6] Line 3819, D:\Documents\My Folder\Empires Custom UMC Stuff\SourceMod\Workspace\umc-core.sp::ProcessVoteWinner()
L 06/16/2017 - 20:53:07: [SM]   [7] Line 3795, D:\Documents\My Folder\Empires Custom UMC Stuff\SourceMod\Workspace\umc-core.sp::ProcessVoteResults()
L 06/16/2017 - 20:53:07: [SM]   [8] Line 1277, D:\Documents\My Folder\Empires Custom UMC Stuff\SourceMod\Workspace\umc-core.sp::Native_UMCVoteManagerComplete()
L 06/16/2017 - 20:53:07: [SM]   [10] UMC_VoteManagerVoteCompleted
L 06/16/2017 - 20:53:07: [SM]   [11] Line 2309, D:\Documents\My Folder\Empires Custom UMC Stuff\SourceMod\Workspace\umc-core.sp::Handle_MapVoteResults()
L 06/16/2017 - 20:53:13: Error log file session closed.
L 06/16/2017 - 21:35:13: SourceMod error session started
L 06/16/2017 - 21:35:13: Info (map "emp_crossroads") (file "errors_20170616.log")
L 06/16/2017 - 21:35:13: [SM] Exception reported: Invalid timer handle a5a0329 (error 1)
L 06/16/2017 - 21:35:13: [SM] Blaming: umc-emp-mapvote.smx()
L 06/16/2017 - 21:35:13: [SM] Call stack trace:
L 06/16/2017 - 21:35:13: [SM]   [0] KillTimer
L 06/16/2017 - 21:35:13: [SM]   [1] Line 686, D:\Documents\My Folder\Empires Custom UMC Stuff\SourceMod\Workspace\umc-emp-mapvote.sp::UMC_OnNextmapSet()
L 06/16/2017 - 21:35:13: [SM]   [3] Call_Finish
L 06/16/2017 - 21:35:13: [SM]   [4] Line 4834, D:\Documents\My Folder\Empires Custom UMC Stuff\SourceMod\Workspace\umc-core.sp::DoMapChange()
L 06/16/2017 - 21:35:13: [SM]   [5] Line 4267, D:\Documents\My Folder\Empires Custom UMC Stuff\SourceMod\Workspace\umc-core.sp::Handle_MapVoteWinner()
L 06/16/2017 - 21:35:13: [SM]   [6] Line 3819, D:\Documents\My Folder\Empires Custom UMC Stuff\SourceMod\Workspace\umc-core.sp::ProcessVoteWinner()
L 06/16/2017 - 21:35:13: [SM]   [7] Line 3795, D:\Documents\My Folder\Empires Custom UMC Stuff\SourceMod\Workspace\umc-core.sp::ProcessVoteResults()
L 06/16/2017 - 21:35:13: [SM]   [8] Line 1277, D:\Documents\My Folder\Empires Custom UMC Stuff\SourceMod\Workspace\umc-core.sp::Native_UMCVoteManagerComplete()
L 06/16/2017 - 21:35:13: [SM]   [10] UMC_VoteManagerVoteCompleted
L 06/16/2017 - 21:35:13: [SM]   [11] Line 2309, D:\Documents\My Folder\Empires Custom UMC Stuff\SourceMod\Workspace\umc-core.sp::Handle_MapVoteResults()
L 06/16/2017 - 21:35:18: Error log file session closed.
L 06/16/2017 - 22:13:49: SourceMod error session started
L 06/16/2017 - 22:13:49: Info (map "emp_glacial_b2") (file "errors_20170616.log")
L 06/16/2017 - 22:13:49: [SM] Exception reported: Invalid timer handle 22c002ec (error 1)
L 06/16/2017 - 22:13:49: [SM] Blaming: umc-emp-mapvote.smx()
L 06/16/2017 - 22:13:49: [SM] Call stack trace:
L 06/16/2017 - 22:13:49: [SM]   [0] KillTimer
L 06/16/2017 - 22:13:49: [SM]   [1] Line 686, D:\Documents\My Folder\Empires Custom UMC Stuff\SourceMod\Workspace\umc-emp-mapvote.sp::UMC_OnNextmapSet()
L 06/16/2017 - 22:13:49: [SM]   [3] Call_Finish
L 06/16/2017 - 22:13:49: [SM]   [4] Line 4834, D:\Documents\My Folder\Empires Custom UMC Stuff\SourceMod\Workspace\umc-core.sp::DoMapChange()
L 06/16/2017 - 22:13:49: [SM]   [5] Line 4267, D:\Documents\My Folder\Empires Custom UMC Stuff\SourceMod\Workspace\umc-core.sp::Handle_MapVoteWinner()
L 06/16/2017 - 22:13:49: [SM]   [6] Line 3819, D:\Documents\My Folder\Empires Custom UMC Stuff\SourceMod\Workspace\umc-core.sp::ProcessVoteWinner()
L 06/16/2017 - 22:13:49: [SM]   [7] Line 3795, D:\Documents\My Folder\Empires Custom UMC Stuff\SourceMod\Workspace\umc-core.sp::ProcessVoteResults()
L 06/16/2017 - 22:13:49: [SM]   [8] Line 1277, D:\Documents\My Folder\Empires Custom UMC Stuff\SourceMod\Workspace\umc-core.sp::Native_UMCVoteManagerComplete()
L 06/16/2017 - 22:13:49: [SM]   [10] UMC_VoteManagerVoteCompleted
L 06/16/2017 - 22:13:49: [SM]   [11] Line 2309, D:\Documents\My Folder\Empires Custom UMC Stuff\SourceMod\Workspace\umc-core.sp::Handle_MapVoteResults()
L 06/16/2017 - 22:13:55: Error log file session closed.
L 06/16/2017 - 22:33:20: SourceMod error session started
L 06/16/2017 - 22:33:20: Info (map "emp_homeland_b9") (file "errors_20170616.log")
L 06/16/2017 - 22:33:20: [SM] Exception reported: Invalid timer handle 3625032c (error 1)
L 06/16/2017 - 22:33:20: [SM] Blaming: umc-emp-mapvote.smx()
L 06/16/2017 - 22:33:20: [SM] Call stack trace:
L 06/16/2017 - 22:33:20: [SM]   [0] KillTimer
L 06/16/2017 - 22:33:20: [SM]   [1] Line 686, D:\Documents\My Folder\Empires Custom UMC Stuff\SourceMod\Workspace\umc-emp-mapvote.sp::UMC_OnNextmapSet()
L 06/16/2017 - 22:33:20: [SM]   [3] Call_Finish
L 06/16/2017 - 22:33:20: [SM]   [4] Line 4834, D:\Documents\My Folder\Empires Custom UMC Stuff\SourceMod\Workspace\umc-core.sp::DoMapChange()
L 06/16/2017 - 22:33:20: [SM]   [5] Line 4267, D:\Documents\My Folder\Empires Custom UMC Stuff\SourceMod\Workspace\umc-core.sp::Handle_MapVoteWinner()
L 06/16/2017 - 22:33:20: [SM]   [6] Line 3819, D:\Documents\My Folder\Empires Custom UMC Stuff\SourceMod\Workspace\umc-core.sp::ProcessVoteWinner()
L 06/16/2017 - 22:33:20: [SM]   [7] Line 3765, D:\Documents\My Folder\Empires Custom UMC Stuff\SourceMod\Workspace\umc-core.sp::ProcessVoteResults()
L 06/16/2017 - 22:33:20: [SM]   [8] Line 1277, D:\Documents\My Folder\Empires Custom UMC Stuff\SourceMod\Workspace\umc-core.sp::Native_UMCVoteManagerComplete()
L 06/16/2017 - 22:33:20: [SM]   [10] UMC_VoteManagerVoteCompleted
L 06/16/2017 - 22:33:20: [SM]   [11] Line 2309, D:\Documents\My Folder\Empires Custom UMC Stuff\SourceMod\Workspace\umc-core.sp::Handle_MapVoteResults()
L 06/16/2017 - 22:33:26: Error log file session closed.
L 06/16/2017 - 22:40:58: SourceMod error session started
L 06/16/2017 - 22:40:58: Info (map "emp_ward_rc2") (file "errors_20170616.log")
L 06/16/2017 - 22:40:58: [SM] Exception reported: Client index 0 is invalid
L 06/16/2017 - 22:40:58: [SM] Blaming: empstats.smx()
L 06/16/2017 - 22:40:58: [SM] Call stack trace:
L 06/16/2017 - 22:40:58: [SM]   [0] IsClientInGame
L 06/16/2017 - 22:40:58: [SM]   [1] Line 433, empstats.sp::Command_Comm_Info()
L 06/16/2017 - 22:41:03: [SM] Exception reported: Client index 0 is invalid
L 06/16/2017 - 22:41:03: [SM] Blaming: empstats.smx()
L 06/16/2017 - 22:41:03: [SM] Call stack trace:
L 06/16/2017 - 22:41:03: [SM]   [0] IsClientInGame
L 06/16/2017 - 22:41:03: [SM]   [1] Line 433, empstats.sp::Command_Comm_Info()
L 06/16/2017 - 23:12:13: [SM] Exception reported: Invalid timer handle 5ac90358 (error 3)
L 06/16/2017 - 23:12:13: [SM] Blaming: umc-emp-mapvote.smx()
L 06/16/2017 - 23:12:13: [SM] Call stack trace:
L 06/16/2017 - 23:12:13: [SM]   [0] KillTimer
L 06/16/2017 - 23:12:13: [SM]   [1] Line 686, D:\Documents\My Folder\Empires Custom UMC Stuff\SourceMod\Workspace\umc-emp-mapvote.sp::UMC_OnNextmapSet()
L 06/16/2017 - 23:12:13: [SM]   [3] Call_Finish
L 06/16/2017 - 23:12:13: [SM]   [4] Line 4834, D:\Documents\My Folder\Empires Custom UMC Stuff\SourceMod\Workspace\umc-core.sp::DoMapChange()
L 06/16/2017 - 23:12:13: [SM]   [5] Line 4267, D:\Documents\My Folder\Empires Custom UMC Stuff\SourceMod\Workspace\umc-core.sp::Handle_MapVoteWinner()
L 06/16/2017 - 23:12:13: [SM]   [6] Line 3819, D:\Documents\My Folder\Empires Custom UMC Stuff\SourceMod\Workspace\umc-core.sp::ProcessVoteWinner()
L 06/16/2017 - 23:12:13: [SM]   [7] Line 3795, D:\Documents\My Folder\Empires Custom UMC Stuff\SourceMod\Workspace\umc-core.sp::ProcessVoteResults()
L 06/16/2017 - 23:12:13: [SM]   [8] Line 1277, D:\Documents\My Folder\Empires Custom UMC Stuff\SourceMod\Workspace\umc-core.sp::Native_UMCVoteManagerComplete()
L 06/16/2017 - 23:12:13: [SM]   [10] UMC_VoteManagerVoteCompleted
L 06/16/2017 - 23:12:13: [SM]   [11] Line 2309, D:\Documents\My Folder\Empires Custom UMC Stuff\SourceMod\Workspace\umc-core.sp::Handle_MapVoteResults()
L 06/16/2017 - 23:12:18: Error log file session closed.
L 06/16/2017 - 23:42:54: SourceMod error session started
L 06/16/2017 - 23:42:54: Info (map "emp_blah4") (file "errors_20170616.log")
L 06/16/2017 - 23:42:54: [SM] Exception reported: Invalid timer handle 78a0038d (error 3)
L 06/16/2017 - 23:42:54: [SM] Blaming: umc-emp-mapvote.smx()
L 06/16/2017 - 23:42:54: [SM] Call stack trace:
L 06/16/2017 - 23:42:54: [SM]   [0] KillTimer
L 06/16/2017 - 23:42:54: [SM]   [1] Line 686, D:\Documents\My Folder\Empires Custom UMC Stuff\SourceMod\Workspace\umc-emp-mapvote.sp::UMC_OnNextmapSet()
L 06/16/2017 - 23:42:54: [SM]   [3] Call_Finish
L 06/16/2017 - 23:42:54: [SM]   [4] Line 4834, D:\Documents\My Folder\Empires Custom UMC Stuff\SourceMod\Workspace\umc-core.sp::DoMapChange()
L 06/16/2017 - 23:42:54: [SM]   [5] Line 4267, D:\Documents\My Folder\Empires Custom UMC Stuff\SourceMod\Workspace\umc-core.sp::Handle_MapVoteWinner()
L 06/16/2017 - 23:42:54: [SM]   [6] Line 3819, D:\Documents\My Folder\Empires Custom UMC Stuff\SourceMod\Workspace\umc-core.sp::ProcessVoteWinner()
L 06/16/2017 - 23:42:54: [SM]   [7] Line 3765, D:\Documents\My Folder\Empires Custom UMC Stuff\SourceMod\Workspace\umc-core.sp::ProcessVoteResults()
L 06/16/2017 - 23:42:54: [SM]   [8] Line 1277, D:\Documents\My Folder\Empires Custom UMC Stuff\SourceMod\Workspace\umc-core.sp::Native_UMCVoteManagerComplete()
L 06/16/2017 - 23:42:54: [SM]   [10] UMC_VoteManagerVoteCompleted
L 06/16/2017 - 23:42:54: [SM]   [11] Line 2309, D:\Documents\My Folder\Empires Custom UMC Stuff\SourceMod\Workspace\umc-core.sp::Handle_MapVoteResults()
L 06/16/2017 - 23:43:00: Error log file session closed.
