L 12/31/2017 - 00:31:16: SourceMod error session started
L 12/31/2017 - 00:31:16: Info (map "emp_canyon") (file "errors_20171231.log")
L 12/31/2017 - 00:31:16: [SM] Exception reported: Invalid timer handle 95d603a8 (error 1)
L 12/31/2017 - 00:31:16: [SM] Blaming: umc-emp-mapvote.smx()
L 12/31/2017 - 00:31:16: [SM] Call stack trace:
L 12/31/2017 - 00:31:16: [SM]   [0] KillTimer
L 12/31/2017 - 00:31:16: [SM]   [1] Line 686, D:\Documents\My Folder\Empires Custom UMC Stuff\SourceMod\Workspace\umc-emp-mapvote.sp::UMC_OnNextmapSet()
L 12/31/2017 - 00:31:16: [SM]   [3] Call_Finish
L 12/31/2017 - 00:31:16: [SM]   [4] Line 4834, D:\Documents\My Folder\Empires Custom UMC Stuff\SourceMod\Workspace\umc-core.sp::DoMapChange()
L 12/31/2017 - 00:31:16: [SM]   [5] Line 4267, D:\Documents\My Folder\Empires Custom UMC Stuff\SourceMod\Workspace\umc-core.sp::Handle_MapVoteWinner()
L 12/31/2017 - 00:31:16: [SM]   [6] Line 3819, D:\Documents\My Folder\Empires Custom UMC Stuff\SourceMod\Workspace\umc-core.sp::ProcessVoteWinner()
L 12/31/2017 - 00:31:16: [SM]   [7] Line 3795, D:\Documents\My Folder\Empires Custom UMC Stuff\SourceMod\Workspace\umc-core.sp::ProcessVoteResults()
L 12/31/2017 - 00:31:16: [SM]   [8] Line 1277, D:\Documents\My Folder\Empires Custom UMC Stuff\SourceMod\Workspace\umc-core.sp::Native_UMCVoteManagerComplete()
L 12/31/2017 - 00:31:16: [SM]   [10] UMC_VoteManagerVoteCompleted
L 12/31/2017 - 00:31:16: [SM]   [11] Line 2309, D:\Documents\My Folder\Empires Custom UMC Stuff\SourceMod\Workspace\umc-core.sp::Handle_MapVoteResults()
L 12/31/2017 - 00:31:21: Error log file session closed.
L 12/31/2017 - 00:40:26: SourceMod error session started
L 12/31/2017 - 00:40:26: Info (map "fun_ricochet_a4") (file "errors_20171231.log")
L 12/31/2017 - 00:40:26: [SM] Exception reported: Invalid timer handle 9b2d0361 (error 1)
L 12/31/2017 - 00:40:26: [SM] Blaming: umc-emp-mapvote.smx()
L 12/31/2017 - 00:40:26: [SM] Call stack trace:
L 12/31/2017 - 00:40:26: [SM]   [0] KillTimer
L 12/31/2017 - 00:40:26: [SM]   [1] Line 686, D:\Documents\My Folder\Empires Custom UMC Stuff\SourceMod\Workspace\umc-emp-mapvote.sp::UMC_OnNextmapSet()
L 12/31/2017 - 00:40:26: [SM]   [3] Call_Finish
L 12/31/2017 - 00:40:26: [SM]   [4] Line 4834, D:\Documents\My Folder\Empires Custom UMC Stuff\SourceMod\Workspace\umc-core.sp::DoMapChange()
L 12/31/2017 - 00:40:26: [SM]   [5] Line 4267, D:\Documents\My Folder\Empires Custom UMC Stuff\SourceMod\Workspace\umc-core.sp::Handle_MapVoteWinner()
L 12/31/2017 - 00:40:26: [SM]   [6] Line 3819, D:\Documents\My Folder\Empires Custom UMC Stuff\SourceMod\Workspace\umc-core.sp::ProcessVoteWinner()
L 12/31/2017 - 00:40:26: [SM]   [7] Line 3795, D:\Documents\My Folder\Empires Custom UMC Stuff\SourceMod\Workspace\umc-core.sp::ProcessVoteResults()
L 12/31/2017 - 00:40:26: [SM]   [8] Line 1277, D:\Documents\My Folder\Empires Custom UMC Stuff\SourceMod\Workspace\umc-core.sp::Native_UMCVoteManagerComplete()
L 12/31/2017 - 00:40:26: [SM]   [10] UMC_VoteManagerVoteCompleted
L 12/31/2017 - 00:40:26: [SM]   [11] Line 2309, D:\Documents\My Folder\Empires Custom UMC Stuff\SourceMod\Workspace\umc-core.sp::Handle_MapVoteResults()
L 12/31/2017 - 00:40:32: Error log file session closed.
L 12/31/2017 - 01:05:14: SourceMod error session started
L 12/31/2017 - 01:05:14: Info (map "as_crackdown_a6") (file "errors_20171231.log")
L 12/31/2017 - 01:05:14: [SM] Exception reported: Invalid timer handle a6a603d7 (error 3)
L 12/31/2017 - 01:05:14: [SM] Blaming: umc-emp-mapvote.smx()
L 12/31/2017 - 01:05:14: [SM] Call stack trace:
L 12/31/2017 - 01:05:14: [SM]   [0] KillTimer
L 12/31/2017 - 01:05:14: [SM]   [1] Line 686, D:\Documents\My Folder\Empires Custom UMC Stuff\SourceMod\Workspace\umc-emp-mapvote.sp::UMC_OnNextmapSet()
L 12/31/2017 - 01:05:14: [SM]   [3] Call_Finish
L 12/31/2017 - 01:05:14: [SM]   [4] Line 4834, D:\Documents\My Folder\Empires Custom UMC Stuff\SourceMod\Workspace\umc-core.sp::DoMapChange()
L 12/31/2017 - 01:05:14: [SM]   [5] Line 1767, D:\Documents\My Folder\Empires Custom UMC Stuff\SourceMod\Workspace\umc-core.sp::Native_UMCSetNextMap()
L 12/31/2017 - 01:05:14: [SM]   [7] UMC_SetNextMap
L 12/31/2017 - 01:05:14: [SM]   [8] Line 621, D:\Documents\My Folder\Empires Custom UMC Stuff\SourceMod\Workspace\umc-emp-mapvote.sp::DoRandomNextMap()
L 12/31/2017 - 01:05:14: [SM]   [9] Line 606, D:\Documents\My Folder\Empires Custom UMC Stuff\SourceMod\Workspace\umc-emp-mapvote.sp::DoMapChangeFailSafe()
L 12/31/2017 - 01:05:14: [SM]   [10] Line 722, D:\Documents\My Folder\Empires Custom UMC Stuff\SourceMod\Workspace\umc-emp-mapvote.sp::UMC_OnVoteFailed()
L 12/31/2017 - 01:05:14: [SM]   [12] Call_Finish
L 12/31/2017 - 01:05:14: [SM]   [13] Line 4796, D:\Documents\My Folder\Empires Custom UMC Stuff\SourceMod\Workspace\umc-core.sp::VoteFailed()
L 12/31/2017 - 01:05:14: [SM]   [14] Line 3507, D:\Documents\My Folder\Empires Custom UMC Stuff\SourceMod\Workspace\umc-core.sp::VoteCancelled()
L 12/31/2017 - 01:05:14: [SM]   [15] Line 1177, D:\Documents\My Folder\Empires Custom UMC Stuff\SourceMod\Workspace\umc-core.sp::Native_UMCVoteManagerCancel()
L 12/31/2017 - 01:05:14: [SM]   [17] UMC_VoteManagerVoteCancelled
L 12/31/2017 - 01:05:14: [SM]   [18] Line 2276, D:\Documents\My Folder\Empires Custom UMC Stuff\SourceMod\Workspace\umc-core.sp::Handle_VoteMenu()
L 12/31/2017 - 01:05:20: Error log file session closed.
L 12/31/2017 - 15:33:56: SourceMod error session started
L 12/31/2017 - 15:33:56: Info (map "con_district402") (file "errors_20171231.log")
L 12/31/2017 - 15:33:56: [SDKTOOLS] Invalid detour address passed - Disabling detour to prevent crashes
L 12/31/2017 - 15:33:56: [SDKTOOLS] Failed to find PlayerRunCmd offset - OnPlayerRunCmd forward disabled.
L 12/31/2017 - 21:24:35: [SM] Exception reported: Invalid timer handle ede014c (error 1)
L 12/31/2017 - 21:24:35: [SM] Blaming: umc-emp-mapvote.smx()
L 12/31/2017 - 21:24:35: [SM] Call stack trace:
L 12/31/2017 - 21:24:35: [SM]   [0] KillTimer
L 12/31/2017 - 21:24:35: [SM]   [1] Line 686, D:\Documents\My Folder\Empires Custom UMC Stuff\SourceMod\Workspace\umc-emp-mapvote.sp::UMC_OnNextmapSet()
L 12/31/2017 - 21:24:35: [SM]   [3] Call_Finish
L 12/31/2017 - 21:24:35: [SM]   [4] Line 4834, D:\Documents\My Folder\Empires Custom UMC Stuff\SourceMod\Workspace\umc-core.sp::DoMapChange()
L 12/31/2017 - 21:24:35: [SM]   [5] Line 4267, D:\Documents\My Folder\Empires Custom UMC Stuff\SourceMod\Workspace\umc-core.sp::Handle_MapVoteWinner()
L 12/31/2017 - 21:24:35: [SM]   [6] Line 3819, D:\Documents\My Folder\Empires Custom UMC Stuff\SourceMod\Workspace\umc-core.sp::ProcessVoteWinner()
L 12/31/2017 - 21:24:35: [SM]   [7] Line 3795, D:\Documents\My Folder\Empires Custom UMC Stuff\SourceMod\Workspace\umc-core.sp::ProcessVoteResults()
L 12/31/2017 - 21:24:35: [SM]   [8] Line 1277, D:\Documents\My Folder\Empires Custom UMC Stuff\SourceMod\Workspace\umc-core.sp::Native_UMCVoteManagerComplete()
L 12/31/2017 - 21:24:35: [SM]   [10] UMC_VoteManagerVoteCompleted
L 12/31/2017 - 21:24:35: [SM]   [11] Line 2309, D:\Documents\My Folder\Empires Custom UMC Stuff\SourceMod\Workspace\umc-core.sp::Handle_MapVoteResults()
L 12/31/2017 - 21:24:42: Error log file session closed.
L 12/31/2017 - 21:26:11: SourceMod error session started
L 12/31/2017 - 21:26:11: Info (map "emp_vehicletraining_2013") (file "errors_20171231.log")
L 12/31/2017 - 21:26:11: [SM] Exception reported: Game event "player_disconnect" has no active hook
L 12/31/2017 - 21:26:11: [SM] Blaming: saysounds.smx()
L 12/31/2017 - 21:26:11: [SM] Call stack trace:
L 12/31/2017 - 21:26:11: [SM]   [0] UnhookEvent
L 12/31/2017 - 21:26:11: [SM]   [1] Line 488, E:\dev\sourcemod\sourcemod-1.4.6-linux\addons\sourcemod\scripting\saysounds.sp::EnableChanged()
L 12/31/2017 - 21:34:35: [SM] Exception reported: Invalid timer handle 109202dd (error 1)
L 12/31/2017 - 21:34:35: [SM] Blaming: umc-emp-mapvote.smx()
L 12/31/2017 - 21:34:35: [SM] Call stack trace:
L 12/31/2017 - 21:34:35: [SM]   [0] KillTimer
L 12/31/2017 - 21:34:35: [SM]   [1] Line 686, D:\Documents\My Folder\Empires Custom UMC Stuff\SourceMod\Workspace\umc-emp-mapvote.sp::UMC_OnNextmapSet()
L 12/31/2017 - 21:34:35: [SM]   [3] Call_Finish
L 12/31/2017 - 21:34:35: [SM]   [4] Line 4834, D:\Documents\My Folder\Empires Custom UMC Stuff\SourceMod\Workspace\umc-core.sp::DoMapChange()
L 12/31/2017 - 21:34:35: [SM]   [5] Line 4267, D:\Documents\My Folder\Empires Custom UMC Stuff\SourceMod\Workspace\umc-core.sp::Handle_MapVoteWinner()
L 12/31/2017 - 21:34:35: [SM]   [6] Line 3819, D:\Documents\My Folder\Empires Custom UMC Stuff\SourceMod\Workspace\umc-core.sp::ProcessVoteWinner()
L 12/31/2017 - 21:34:35: [SM]   [7] Line 3795, D:\Documents\My Folder\Empires Custom UMC Stuff\SourceMod\Workspace\umc-core.sp::ProcessVoteResults()
L 12/31/2017 - 21:34:35: [SM]   [8] Line 1277, D:\Documents\My Folder\Empires Custom UMC Stuff\SourceMod\Workspace\umc-core.sp::Native_UMCVoteManagerComplete()
L 12/31/2017 - 21:34:35: [SM]   [10] UMC_VoteManagerVoteCompleted
L 12/31/2017 - 21:34:35: [SM]   [11] Line 2309, D:\Documents\My Folder\Empires Custom UMC Stuff\SourceMod\Workspace\umc-core.sp::Handle_MapVoteResults()
L 12/31/2017 - 21:34:41: Error log file session closed.
L 12/31/2017 - 22:05:51: SourceMod error session started
L 12/31/2017 - 22:05:51: Info (map "emp_crossroads_towerless") (file "errors_20171231.log")
L 12/31/2017 - 22:05:51: [SM] Exception reported: Game event "player_disconnect" has no active hook
L 12/31/2017 - 22:05:51: [SM] Blaming: saysounds.smx()
L 12/31/2017 - 22:05:51: [SM] Call stack trace:
L 12/31/2017 - 22:05:51: [SM]   [0] UnhookEvent
L 12/31/2017 - 22:05:51: [SM]   [1] Line 488, E:\dev\sourcemod\sourcemod-1.4.6-linux\addons\sourcemod\scripting\saysounds.sp::EnableChanged()
L 12/31/2017 - 22:55:50: [SM] Exception reported: Invalid timer handle 14f402db (error 3)
L 12/31/2017 - 22:55:50: [SM] Blaming: umc-emp-mapvote.smx()
L 12/31/2017 - 22:55:50: [SM] Call stack trace:
L 12/31/2017 - 22:55:50: [SM]   [0] KillTimer
L 12/31/2017 - 22:55:50: [SM]   [1] Line 686, D:\Documents\My Folder\Empires Custom UMC Stuff\SourceMod\Workspace\umc-emp-mapvote.sp::UMC_OnNextmapSet()
L 12/31/2017 - 22:55:50: [SM]   [3] Call_Finish
L 12/31/2017 - 22:55:50: [SM]   [4] Line 4834, D:\Documents\My Folder\Empires Custom UMC Stuff\SourceMod\Workspace\umc-core.sp::DoMapChange()
L 12/31/2017 - 22:55:50: [SM]   [5] Line 1767, D:\Documents\My Folder\Empires Custom UMC Stuff\SourceMod\Workspace\umc-core.sp::Native_UMCSetNextMap()
L 12/31/2017 - 22:55:50: [SM]   [7] UMC_SetNextMap
L 12/31/2017 - 22:55:50: [SM]   [8] Line 621, D:\Documents\My Folder\Empires Custom UMC Stuff\SourceMod\Workspace\umc-emp-mapvote.sp::DoRandomNextMap()
L 12/31/2017 - 22:55:50: [SM]   [9] Line 606, D:\Documents\My Folder\Empires Custom UMC Stuff\SourceMod\Workspace\umc-emp-mapvote.sp::DoMapChangeFailSafe()
L 12/31/2017 - 22:55:50: [SM]   [10] Line 722, D:\Documents\My Folder\Empires Custom UMC Stuff\SourceMod\Workspace\umc-emp-mapvote.sp::UMC_OnVoteFailed()
L 12/31/2017 - 22:55:50: [SM]   [12] Call_Finish
L 12/31/2017 - 22:55:50: [SM]   [13] Line 4796, D:\Documents\My Folder\Empires Custom UMC Stuff\SourceMod\Workspace\umc-core.sp::VoteFailed()
L 12/31/2017 - 22:55:50: [SM]   [14] Line 3507, D:\Documents\My Folder\Empires Custom UMC Stuff\SourceMod\Workspace\umc-core.sp::VoteCancelled()
L 12/31/2017 - 22:55:50: [SM]   [15] Line 1177, D:\Documents\My Folder\Empires Custom UMC Stuff\SourceMod\Workspace\umc-core.sp::Native_UMCVoteManagerCancel()
L 12/31/2017 - 22:55:50: [SM]   [17] UMC_VoteManagerVoteCancelled
L 12/31/2017 - 22:55:50: [SM]   [18] Line 2276, D:\Documents\My Folder\Empires Custom UMC Stuff\SourceMod\Workspace\umc-core.sp::Handle_VoteMenu()
L 12/31/2017 - 22:55:55: Error log file session closed.
