L 08/23/2017 - 20:29:41: SourceMod error session started
L 08/23/2017 - 20:29:41: Info (map "con_district402") (file "errors_20170823.log")
L 08/23/2017 - 20:29:41: [SDKTOOLS] Invalid detour address passed - Disabling detour to prevent crashes
L 08/23/2017 - 20:29:41: [SDKTOOLS] Failed to find PlayerRunCmd offset - OnPlayerRunCmd forward disabled.
L 08/23/2017 - 20:29:43: [nextmap.smx] FATAL: Cannot load map cycle. Nextmap not loaded.
L 08/23/2017 - 20:29:43: [SM] Exception reported: Mapcycle Not Found
L 08/23/2017 - 20:29:43: [SM] Blaming: nextmap.smx()
L 08/23/2017 - 20:29:43: [SM] Call stack trace:
L 08/23/2017 - 20:29:43: [SM]   [0] SetFailState
L 08/23/2017 - 20:29:43: [SM]   [1] Line 139, D:\builds\build-sourcemod-msvc12\windows-1.8\build\plugins\nextmap.sp::FindAndSetNextMap()
L 08/23/2017 - 20:29:43: [SM]   [2] Line 109, D:\builds\build-sourcemod-msvc12\windows-1.8\build\plugins\nextmap.sp::OnConfigsExecuted()
L 08/23/2017 - 20:29:43: [SM] Exception reported: Failed to connect to SourceBans DB, [2003]: Can't connect to MySQL server on 'localhost' (10061)
L 08/23/2017 - 20:29:43: [SM] Blaming: sbpp_checker.smx()
L 08/23/2017 - 20:29:43: [SM] Call stack trace:
L 08/23/2017 - 20:29:43: [SM]   [0] SetFailState
L 08/23/2017 - 20:29:43: [SM]   [1] Line 76, sbpp_checker.sp::OnDatabaseConnected()
L 08/23/2017 - 20:30:23: [SM] Exception reported: Plugin not runnable
L 08/23/2017 - 20:30:44: [SM] Exception reported: Plugin not runnable
L 08/23/2017 - 20:30:45: [SM] Exception reported: Plugin not runnable
L 08/23/2017 - 20:30:48: [SM] Exception reported: Plugin not runnable
L 08/23/2017 - 20:30:56: [SM] Exception reported: Plugin not runnable
L 08/23/2017 - 20:31:02: [SM] Exception reported: Plugin not runnable
L 08/23/2017 - 20:31:18: [SM] Exception reported: Plugin not runnable
L 08/23/2017 - 20:32:24: Error log file session closed.
L 08/23/2017 - 20:32:26: SourceMod error session started
L 08/23/2017 - 20:32:26: Info (map "emp_downfall") (file "errors_20170823.log")
L 08/23/2017 - 20:32:26: [nextmap.smx] FATAL: Cannot load map cycle. Nextmap not loaded.
L 08/23/2017 - 20:32:26: [SM] Exception reported: Mapcycle Not Found
L 08/23/2017 - 20:32:26: [SM] Blaming: nextmap.smx()
L 08/23/2017 - 20:32:26: [SM] Call stack trace:
L 08/23/2017 - 20:32:26: [SM]   [0] SetFailState
L 08/23/2017 - 20:32:26: [SM]   [1] Line 139, D:\builds\build-sourcemod-msvc12\windows-1.8\build\plugins\nextmap.sp::FindAndSetNextMap()
L 08/23/2017 - 20:32:26: [SM]   [2] Line 109, D:\builds\build-sourcemod-msvc12\windows-1.8\build\plugins\nextmap.sp::OnConfigsExecuted()
L 08/23/2017 - 20:46:47: [SM] Exception reported: Array index is out of bounds
L 08/23/2017 - 20:46:47: [SM] Blaming: squadcontrol.smx()
L 08/23/2017 - 20:46:47: [SM] Call stack trace:
L 08/23/2017 - 20:46:47: [SM]   [1] Line 2196, squadcontrol\addons\sourcemod\scripting\squadcontrol.sp::Command_Unit_Order_List()
L 08/23/2017 - 20:56:03: [SM] Exception reported: Array index is out of bounds
L 08/23/2017 - 20:56:03: [SM] Blaming: squadcontrol.smx()
L 08/23/2017 - 20:56:03: [SM] Call stack trace:
L 08/23/2017 - 20:56:03: [SM]   [1] Line 2196, squadcontrol\addons\sourcemod\scripting\squadcontrol.sp::Command_Unit_Order_List()
L 08/23/2017 - 20:59:32: [SM] Exception reported: Array index is out of bounds
L 08/23/2017 - 20:59:32: [SM] Blaming: squadcontrol.smx()
L 08/23/2017 - 20:59:32: [SM] Call stack trace:
L 08/23/2017 - 20:59:32: [SM]   [1] Line 2196, squadcontrol\addons\sourcemod\scripting\squadcontrol.sp::Command_Unit_Order_List()
L 08/23/2017 - 21:01:20: [SM] Exception reported: Array index is out of bounds
L 08/23/2017 - 21:01:20: [SM] Blaming: squadcontrol.smx()
L 08/23/2017 - 21:01:20: [SM] Call stack trace:
L 08/23/2017 - 21:01:20: [SM]   [1] Line 2196, squadcontrol\addons\sourcemod\scripting\squadcontrol.sp::Command_Unit_Order_List()
L 08/23/2017 - 21:01:21: [SM] Exception reported: Array index is out of bounds
L 08/23/2017 - 21:01:21: [SM] Blaming: squadcontrol.smx()
L 08/23/2017 - 21:01:21: [SM] Call stack trace:
L 08/23/2017 - 21:01:21: [SM]   [1] Line 2196, squadcontrol\addons\sourcemod\scripting\squadcontrol.sp::Command_Unit_Order_List()
L 08/23/2017 - 21:07:08: [SM] Exception reported: Invalid timer handle fdd02e1 (error 1)
L 08/23/2017 - 21:07:08: [SM] Blaming: umc-emp-mapvote.smx()
L 08/23/2017 - 21:07:08: [SM] Call stack trace:
L 08/23/2017 - 21:07:08: [SM]   [0] KillTimer
L 08/23/2017 - 21:07:08: [SM]   [1] Line 686, D:\Documents\My Folder\Empires Custom UMC Stuff\SourceMod\Workspace\umc-emp-mapvote.sp::UMC_OnNextmapSet()
L 08/23/2017 - 21:07:08: [SM]   [3] Call_Finish
L 08/23/2017 - 21:07:08: [SM]   [4] Line 4834, D:\Documents\My Folder\Empires Custom UMC Stuff\SourceMod\Workspace\umc-core.sp::DoMapChange()
L 08/23/2017 - 21:07:08: [SM]   [5] Line 4267, D:\Documents\My Folder\Empires Custom UMC Stuff\SourceMod\Workspace\umc-core.sp::Handle_MapVoteWinner()
L 08/23/2017 - 21:07:08: [SM]   [6] Line 3819, D:\Documents\My Folder\Empires Custom UMC Stuff\SourceMod\Workspace\umc-core.sp::ProcessVoteWinner()
L 08/23/2017 - 21:07:08: [SM]   [7] Line 3795, D:\Documents\My Folder\Empires Custom UMC Stuff\SourceMod\Workspace\umc-core.sp::ProcessVoteResults()
L 08/23/2017 - 21:07:08: [SM]   [8] Line 1277, D:\Documents\My Folder\Empires Custom UMC Stuff\SourceMod\Workspace\umc-core.sp::Native_UMCVoteManagerComplete()
L 08/23/2017 - 21:07:08: [SM]   [10] UMC_VoteManagerVoteCompleted
L 08/23/2017 - 21:07:08: [SM]   [11] Line 2309, D:\Documents\My Folder\Empires Custom UMC Stuff\SourceMod\Workspace\umc-core.sp::Handle_MapVoteResults()
L 08/23/2017 - 21:07:15: SourceMod error session started
L 08/23/2017 - 21:07:15: Info (map "con_district402") (file "errors_20170823.log")
L 08/23/2017 - 21:07:15: [SDKTOOLS] Invalid detour address passed - Disabling detour to prevent crashes
L 08/23/2017 - 21:07:15: [SDKTOOLS] Failed to find PlayerRunCmd offset - OnPlayerRunCmd forward disabled.
L 08/23/2017 - 21:07:16: [nextmap.smx] FATAL: Cannot load map cycle. Nextmap not loaded.
L 08/23/2017 - 21:07:16: [SM] Exception reported: Mapcycle Not Found
L 08/23/2017 - 21:07:16: [SM] Blaming: nextmap.smx()
L 08/23/2017 - 21:07:16: [SM] Call stack trace:
L 08/23/2017 - 21:07:16: [SM]   [0] SetFailState
L 08/23/2017 - 21:07:16: [SM]   [1] Line 139, D:\builds\build-sourcemod-msvc12\windows-1.8\build\plugins\nextmap.sp::FindAndSetNextMap()
L 08/23/2017 - 21:07:16: [SM]   [2] Line 109, D:\builds\build-sourcemod-msvc12\windows-1.8\build\plugins\nextmap.sp::OnConfigsExecuted()
L 08/23/2017 - 21:07:25: Error log file session closed.
L 08/23/2017 - 21:07:26: SourceMod error session started
L 08/23/2017 - 21:07:26: Info (map "emp_crossroads") (file "errors_20170823.log")
L 08/23/2017 - 21:07:26: [nextmap.smx] FATAL: Cannot load map cycle. Nextmap not loaded.
L 08/23/2017 - 21:07:26: [SM] Exception reported: Mapcycle Not Found
L 08/23/2017 - 21:07:26: [SM] Blaming: nextmap.smx()
L 08/23/2017 - 21:07:26: [SM] Call stack trace:
L 08/23/2017 - 21:07:26: [SM]   [0] SetFailState
L 08/23/2017 - 21:07:26: [SM]   [1] Line 139, D:\builds\build-sourcemod-msvc12\windows-1.8\build\plugins\nextmap.sp::FindAndSetNextMap()
L 08/23/2017 - 21:07:26: [SM]   [2] Line 109, D:\builds\build-sourcemod-msvc12\windows-1.8\build\plugins\nextmap.sp::OnConfigsExecuted()
L 08/23/2017 - 21:23:37: [SM] Exception reported: Array index is out of bounds
L 08/23/2017 - 21:23:37: [SM] Blaming: squadcontrol.smx()
L 08/23/2017 - 21:23:37: [SM] Call stack trace:
L 08/23/2017 - 21:23:37: [SM]   [1] Line 2196, squadcontrol\addons\sourcemod\scripting\squadcontrol.sp::Command_Unit_Order_List()
L 08/23/2017 - 21:33:45: [nextmap.smx] FATAL: Cannot load map cycle. Nextmap not loaded.
L 08/23/2017 - 21:33:45: [SM] Exception reported: Mapcycle Not Found
L 08/23/2017 - 21:33:45: [SM] Blaming: nextmap.smx()
L 08/23/2017 - 21:33:45: [SM] Call stack trace:
L 08/23/2017 - 21:33:45: [SM]   [0] SetFailState
L 08/23/2017 - 21:33:45: [SM]   [1] Line 139, D:\builds\build-sourcemod-msvc12\windows-1.8\build\plugins\nextmap.sp::FindAndSetNextMap()
L 08/23/2017 - 21:33:45: [SM]   [2] Line 109, D:\builds\build-sourcemod-msvc12\windows-1.8\build\plugins\nextmap.sp::OnConfigsExecuted()
L 08/23/2017 - 21:33:45: [SM]   [4] ServerCommandEx
L 08/23/2017 - 21:33:45: [SM]   [5] Line 390, D:\builds\build-sourcemod-msvc12\windows-1.8\build\plugins\basecommands.sp::Command_Rcon()
L 08/23/2017 - 21:54:08: [nextmap.smx] FATAL: Cannot load map cycle. Nextmap not loaded.
L 08/23/2017 - 21:54:08: [SM] Exception reported: Mapcycle Not Found
L 08/23/2017 - 21:54:08: [SM] Blaming: nextmap.smx()
L 08/23/2017 - 21:54:08: [SM] Call stack trace:
L 08/23/2017 - 21:54:08: [SM]   [0] SetFailState
L 08/23/2017 - 21:54:08: [SM]   [1] Line 139, D:\builds\build-sourcemod-msvc12\windows-1.8\build\plugins\nextmap.sp::FindAndSetNextMap()
L 08/23/2017 - 21:54:08: [SM]   [2] Line 109, D:\builds\build-sourcemod-msvc12\windows-1.8\build\plugins\nextmap.sp::OnConfigsExecuted()
L 08/23/2017 - 21:54:35: [SM] Exception reported: Array index is out of bounds
L 08/23/2017 - 21:54:35: [SM] Blaming: squadcontrol.smx()
L 08/23/2017 - 21:54:35: [SM] Call stack trace:
L 08/23/2017 - 21:54:35: [SM]   [1] Line 2196, squadcontrol\addons\sourcemod\scripting\squadcontrol.sp::Command_Unit_Order_List()
L 08/23/2017 - 21:59:16: [SM] Exception reported: Array index is out of bounds
L 08/23/2017 - 21:59:16: [SM] Blaming: squadcontrol.smx()
L 08/23/2017 - 21:59:16: [SM] Call stack trace:
L 08/23/2017 - 21:59:16: [SM]   [1] Line 2196, squadcontrol\addons\sourcemod\scripting\squadcontrol.sp::Command_Unit_Order_List()
L 08/23/2017 - 22:05:44: [SM] Exception reported: Array index is out of bounds
L 08/23/2017 - 22:05:44: [SM] Blaming: squadcontrol.smx()
L 08/23/2017 - 22:05:44: [SM] Call stack trace:
L 08/23/2017 - 22:05:44: [SM]   [1] Line 2196, squadcontrol\addons\sourcemod\scripting\squadcontrol.sp::Command_Unit_Order_List()
L 08/23/2017 - 22:06:10: [SM] Exception reported: Array index is out of bounds
L 08/23/2017 - 22:06:10: [SM] Blaming: squadcontrol.smx()
L 08/23/2017 - 22:06:10: [SM] Call stack trace:
L 08/23/2017 - 22:06:10: [SM]   [1] Line 2196, squadcontrol\addons\sourcemod\scripting\squadcontrol.sp::Command_Unit_Order_List()
L 08/23/2017 - 22:06:24: [SM] Exception reported: Array index is out of bounds
L 08/23/2017 - 22:06:24: [SM] Blaming: squadcontrol.smx()
L 08/23/2017 - 22:06:24: [SM] Call stack trace:
L 08/23/2017 - 22:06:24: [SM]   [1] Line 2196, squadcontrol\addons\sourcemod\scripting\squadcontrol.sp::Command_Unit_Order_List()
L 08/23/2017 - 22:10:14: [SM] Exception reported: Invalid timer handle f91031c (error 1)
L 08/23/2017 - 22:10:14: [SM] Blaming: umc-emp-mapvote.smx()
L 08/23/2017 - 22:10:14: [SM] Call stack trace:
L 08/23/2017 - 22:10:14: [SM]   [0] KillTimer
L 08/23/2017 - 22:10:14: [SM]   [1] Line 686, D:\Documents\My Folder\Empires Custom UMC Stuff\SourceMod\Workspace\umc-emp-mapvote.sp::UMC_OnNextmapSet()
L 08/23/2017 - 22:10:14: [SM]   [3] Call_Finish
L 08/23/2017 - 22:10:14: [SM]   [4] Line 4834, D:\Documents\My Folder\Empires Custom UMC Stuff\SourceMod\Workspace\umc-core.sp::DoMapChange()
L 08/23/2017 - 22:10:14: [SM]   [5] Line 4267, D:\Documents\My Folder\Empires Custom UMC Stuff\SourceMod\Workspace\umc-core.sp::Handle_MapVoteWinner()
L 08/23/2017 - 22:10:14: [SM]   [6] Line 3819, D:\Documents\My Folder\Empires Custom UMC Stuff\SourceMod\Workspace\umc-core.sp::ProcessVoteWinner()
L 08/23/2017 - 22:10:14: [SM]   [7] Line 3795, D:\Documents\My Folder\Empires Custom UMC Stuff\SourceMod\Workspace\umc-core.sp::ProcessVoteResults()
L 08/23/2017 - 22:10:14: [SM]   [8] Line 1277, D:\Documents\My Folder\Empires Custom UMC Stuff\SourceMod\Workspace\umc-core.sp::Native_UMCVoteManagerComplete()
L 08/23/2017 - 22:10:14: [SM]   [10] UMC_VoteManagerVoteCompleted
L 08/23/2017 - 22:10:14: [SM]   [11] Line 2309, D:\Documents\My Folder\Empires Custom UMC Stuff\SourceMod\Workspace\umc-core.sp::Handle_MapVoteResults()
L 08/23/2017 - 22:11:48: SourceMod error session started
L 08/23/2017 - 22:11:48: Info (map "con_district402") (file "errors_20170823.log")
L 08/23/2017 - 22:11:48: [SDKTOOLS] Invalid detour address passed - Disabling detour to prevent crashes
L 08/23/2017 - 22:11:48: [SDKTOOLS] Failed to find PlayerRunCmd offset - OnPlayerRunCmd forward disabled.
L 08/23/2017 - 22:11:48: [nextmap.smx] FATAL: Cannot load map cycle. Nextmap not loaded.
L 08/23/2017 - 22:11:48: [SM] Exception reported: Mapcycle Not Found
L 08/23/2017 - 22:11:48: [SM] Blaming: nextmap.smx()
L 08/23/2017 - 22:11:48: [SM] Call stack trace:
L 08/23/2017 - 22:11:48: [SM]   [0] SetFailState
L 08/23/2017 - 22:11:48: [SM]   [1] Line 139, D:\builds\build-sourcemod-msvc12\windows-1.8\build\plugins\nextmap.sp::FindAndSetNextMap()
L 08/23/2017 - 22:11:48: [SM]   [2] Line 109, D:\builds\build-sourcemod-msvc12\windows-1.8\build\plugins\nextmap.sp::OnConfigsExecuted()
L 08/23/2017 - 22:11:56: Error log file session closed.
L 08/23/2017 - 22:11:56: SourceMod error session started
L 08/23/2017 - 22:11:56: Info (map "emp_beachfront_b2") (file "errors_20170823.log")
L 08/23/2017 - 22:11:56: [nextmap.smx] FATAL: Cannot load map cycle. Nextmap not loaded.
L 08/23/2017 - 22:11:56: [SM] Exception reported: Mapcycle Not Found
L 08/23/2017 - 22:11:56: [SM] Blaming: nextmap.smx()
L 08/23/2017 - 22:11:56: [SM] Call stack trace:
L 08/23/2017 - 22:11:56: [SM]   [0] SetFailState
L 08/23/2017 - 22:11:56: [SM]   [1] Line 139, D:\builds\build-sourcemod-msvc12\windows-1.8\build\plugins\nextmap.sp::FindAndSetNextMap()
L 08/23/2017 - 22:11:56: [SM]   [2] Line 109, D:\builds\build-sourcemod-msvc12\windows-1.8\build\plugins\nextmap.sp::OnConfigsExecuted()
L 08/23/2017 - 22:20:43: [SM] Exception reported: Invalid timer handle 5120311 (error 3)
L 08/23/2017 - 22:20:43: [SM] Blaming: umc-emp-mapvote.smx()
L 08/23/2017 - 22:20:43: [SM] Call stack trace:
L 08/23/2017 - 22:20:43: [SM]   [0] KillTimer
L 08/23/2017 - 22:20:43: [SM]   [1] Line 686, D:\Documents\My Folder\Empires Custom UMC Stuff\SourceMod\Workspace\umc-emp-mapvote.sp::UMC_OnNextmapSet()
L 08/23/2017 - 22:20:43: [SM]   [3] Call_Finish
L 08/23/2017 - 22:20:43: [SM]   [4] Line 4834, D:\Documents\My Folder\Empires Custom UMC Stuff\SourceMod\Workspace\umc-core.sp::DoMapChange()
L 08/23/2017 - 22:20:43: [SM]   [5] Line 4267, D:\Documents\My Folder\Empires Custom UMC Stuff\SourceMod\Workspace\umc-core.sp::Handle_MapVoteWinner()
L 08/23/2017 - 22:20:43: [SM]   [6] Line 3819, D:\Documents\My Folder\Empires Custom UMC Stuff\SourceMod\Workspace\umc-core.sp::ProcessVoteWinner()
L 08/23/2017 - 22:20:43: [SM]   [7] Line 3795, D:\Documents\My Folder\Empires Custom UMC Stuff\SourceMod\Workspace\umc-core.sp::ProcessVoteResults()
L 08/23/2017 - 22:20:43: [SM]   [8] Line 1277, D:\Documents\My Folder\Empires Custom UMC Stuff\SourceMod\Workspace\umc-core.sp::Native_UMCVoteManagerComplete()
L 08/23/2017 - 22:20:43: [SM]   [10] UMC_VoteManagerVoteCompleted
L 08/23/2017 - 22:20:43: [SM]   [11] Line 2309, D:\Documents\My Folder\Empires Custom UMC Stuff\SourceMod\Workspace\umc-core.sp::Handle_MapVoteResults()
L 08/23/2017 - 22:20:49: Error log file session closed.
L 08/23/2017 - 22:20:50: SourceMod error session started
L 08/23/2017 - 22:20:50: Info (map "emp_blast_ob1") (file "errors_20170823.log")
L 08/23/2017 - 22:20:50: [nextmap.smx] FATAL: Cannot load map cycle. Nextmap not loaded.
L 08/23/2017 - 22:20:50: [SM] Exception reported: Mapcycle Not Found
L 08/23/2017 - 22:20:50: [SM] Blaming: nextmap.smx()
L 08/23/2017 - 22:20:50: [SM] Call stack trace:
L 08/23/2017 - 22:20:50: [SM]   [0] SetFailState
L 08/23/2017 - 22:20:50: [SM]   [1] Line 139, D:\builds\build-sourcemod-msvc12\windows-1.8\build\plugins\nextmap.sp::FindAndSetNextMap()
L 08/23/2017 - 22:20:50: [SM]   [2] Line 109, D:\builds\build-sourcemod-msvc12\windows-1.8\build\plugins\nextmap.sp::OnConfigsExecuted()
L 08/23/2017 - 22:43:05: [SM] Exception reported: Invalid timer handle adb031e (error 1)
L 08/23/2017 - 22:43:05: [SM] Blaming: umc-emp-mapvote.smx()
L 08/23/2017 - 22:43:05: [SM] Call stack trace:
L 08/23/2017 - 22:43:05: [SM]   [0] KillTimer
L 08/23/2017 - 22:43:05: [SM]   [1] Line 686, D:\Documents\My Folder\Empires Custom UMC Stuff\SourceMod\Workspace\umc-emp-mapvote.sp::UMC_OnNextmapSet()
L 08/23/2017 - 22:43:05: [SM]   [3] Call_Finish
L 08/23/2017 - 22:43:05: [SM]   [4] Line 4834, D:\Documents\My Folder\Empires Custom UMC Stuff\SourceMod\Workspace\umc-core.sp::DoMapChange()
L 08/23/2017 - 22:43:05: [SM]   [5] Line 4267, D:\Documents\My Folder\Empires Custom UMC Stuff\SourceMod\Workspace\umc-core.sp::Handle_MapVoteWinner()
L 08/23/2017 - 22:43:05: [SM]   [6] Line 3819, D:\Documents\My Folder\Empires Custom UMC Stuff\SourceMod\Workspace\umc-core.sp::ProcessVoteWinner()
L 08/23/2017 - 22:43:05: [SM]   [7] Line 3795, D:\Documents\My Folder\Empires Custom UMC Stuff\SourceMod\Workspace\umc-core.sp::ProcessVoteResults()
L 08/23/2017 - 22:43:05: [SM]   [8] Line 1277, D:\Documents\My Folder\Empires Custom UMC Stuff\SourceMod\Workspace\umc-core.sp::Native_UMCVoteManagerComplete()
L 08/23/2017 - 22:43:05: [SM]   [10] UMC_VoteManagerVoteCompleted
L 08/23/2017 - 22:43:05: [SM]   [11] Line 2309, D:\Documents\My Folder\Empires Custom UMC Stuff\SourceMod\Workspace\umc-core.sp::Handle_MapVoteResults()
L 08/23/2017 - 22:43:11: Error log file session closed.
L 08/23/2017 - 22:43:12: SourceMod error session started
L 08/23/2017 - 22:43:12: Info (map "emp_drygulch_a6") (file "errors_20170823.log")
L 08/23/2017 - 22:43:12: [nextmap.smx] FATAL: Cannot load map cycle. Nextmap not loaded.
L 08/23/2017 - 22:43:12: [SM] Exception reported: Mapcycle Not Found
L 08/23/2017 - 22:43:12: [SM] Blaming: nextmap.smx()
L 08/23/2017 - 22:43:12: [SM] Call stack trace:
L 08/23/2017 - 22:43:12: [SM]   [0] SetFailState
L 08/23/2017 - 22:43:12: [SM]   [1] Line 139, D:\builds\build-sourcemod-msvc12\windows-1.8\build\plugins\nextmap.sp::FindAndSetNextMap()
L 08/23/2017 - 22:43:12: [SM]   [2] Line 109, D:\builds\build-sourcemod-msvc12\windows-1.8\build\plugins\nextmap.sp::OnConfigsExecuted()
L 08/23/2017 - 22:45:58: [SM] Exception reported: Invalid timer handle adb031e (error 1)
L 08/23/2017 - 22:45:58: [SM] Blaming: umc-emp-mapvote.smx()
L 08/23/2017 - 22:45:58: [SM] Call stack trace:
L 08/23/2017 - 22:45:58: [SM]   [0] KillTimer
L 08/23/2017 - 22:45:58: [SM]   [1] Line 686, D:\Documents\My Folder\Empires Custom UMC Stuff\SourceMod\Workspace\umc-emp-mapvote.sp::UMC_OnNextmapSet()
L 08/23/2017 - 22:45:58: [SM]   [3] Call_Finish
L 08/23/2017 - 22:45:58: [SM]   [4] Line 4834, D:\Documents\My Folder\Empires Custom UMC Stuff\SourceMod\Workspace\umc-core.sp::DoMapChange()
L 08/23/2017 - 22:45:58: [SM]   [5] Line 4267, D:\Documents\My Folder\Empires Custom UMC Stuff\SourceMod\Workspace\umc-core.sp::Handle_MapVoteWinner()
L 08/23/2017 - 22:45:58: [SM]   [6] Line 3819, D:\Documents\My Folder\Empires Custom UMC Stuff\SourceMod\Workspace\umc-core.sp::ProcessVoteWinner()
L 08/23/2017 - 22:45:58: [SM]   [7] Line 3795, D:\Documents\My Folder\Empires Custom UMC Stuff\SourceMod\Workspace\umc-core.sp::ProcessVoteResults()
L 08/23/2017 - 22:45:58: [SM]   [8] Line 1277, D:\Documents\My Folder\Empires Custom UMC Stuff\SourceMod\Workspace\umc-core.sp::Native_UMCVoteManagerComplete()
L 08/23/2017 - 22:45:58: [SM]   [10] UMC_VoteManagerVoteCompleted
L 08/23/2017 - 22:45:58: [SM]   [11] Line 2309, D:\Documents\My Folder\Empires Custom UMC Stuff\SourceMod\Workspace\umc-core.sp::Handle_MapVoteResults()
L 08/23/2017 - 22:46:04: Error log file session closed.
L 08/23/2017 - 22:46:04: SourceMod error session started
L 08/23/2017 - 22:46:04: Info (map "emp_downfall") (file "errors_20170823.log")
L 08/23/2017 - 22:46:04: [nextmap.smx] FATAL: Cannot load map cycle. Nextmap not loaded.
L 08/23/2017 - 22:46:04: [SM] Exception reported: Mapcycle Not Found
L 08/23/2017 - 22:46:04: [SM] Blaming: nextmap.smx()
L 08/23/2017 - 22:46:04: [SM] Call stack trace:
L 08/23/2017 - 22:46:04: [SM]   [0] SetFailState
L 08/23/2017 - 22:46:04: [SM]   [1] Line 139, D:\builds\build-sourcemod-msvc12\windows-1.8\build\plugins\nextmap.sp::FindAndSetNextMap()
L 08/23/2017 - 22:46:04: [SM]   [2] Line 109, D:\builds\build-sourcemod-msvc12\windows-1.8\build\plugins\nextmap.sp::OnConfigsExecuted()
L 08/23/2017 - 22:55:52: [SM] Exception reported: Array index is out of bounds
L 08/23/2017 - 22:55:52: [SM] Blaming: squadcontrol.smx()
L 08/23/2017 - 22:55:52: [SM] Call stack trace:
L 08/23/2017 - 22:55:52: [SM]   [1] Line 2196, squadcontrol\addons\sourcemod\scripting\squadcontrol.sp::Command_Unit_Order_List()
L 08/23/2017 - 23:15:08: [SM] Exception reported: Array index is out of bounds
L 08/23/2017 - 23:15:08: [SM] Blaming: squadcontrol.smx()
L 08/23/2017 - 23:15:08: [SM] Call stack trace:
L 08/23/2017 - 23:15:08: [SM]   [1] Line 2196, squadcontrol\addons\sourcemod\scripting\squadcontrol.sp::Command_Unit_Order_List()
L 08/23/2017 - 23:23:00: [SM] Exception reported: Array index is out of bounds
L 08/23/2017 - 23:23:00: [SM] Blaming: squadcontrol.smx()
L 08/23/2017 - 23:23:00: [SM] Call stack trace:
L 08/23/2017 - 23:23:00: [SM]   [1] Line 2196, squadcontrol\addons\sourcemod\scripting\squadcontrol.sp::Command_Unit_Order_List()
L 08/23/2017 - 23:23:01: [SM] Exception reported: Array index is out of bounds
L 08/23/2017 - 23:23:01: [SM] Blaming: squadcontrol.smx()
L 08/23/2017 - 23:23:01: [SM] Call stack trace:
L 08/23/2017 - 23:23:01: [SM]   [1] Line 2196, squadcontrol\addons\sourcemod\scripting\squadcontrol.sp::Command_Unit_Order_List()
L 08/23/2017 - 23:24:17: [SM] Exception reported: Array index is out of bounds
L 08/23/2017 - 23:24:17: [SM] Blaming: squadcontrol.smx()
L 08/23/2017 - 23:24:17: [SM] Call stack trace:
L 08/23/2017 - 23:24:17: [SM]   [1] Line 2196, squadcontrol\addons\sourcemod\scripting\squadcontrol.sp::Command_Unit_Order_List()
L 08/23/2017 - 23:24:18: [SM] Exception reported: Array index is out of bounds
L 08/23/2017 - 23:24:18: [SM] Blaming: squadcontrol.smx()
L 08/23/2017 - 23:24:18: [SM] Call stack trace:
L 08/23/2017 - 23:24:18: [SM]   [1] Line 2196, squadcontrol\addons\sourcemod\scripting\squadcontrol.sp::Command_Unit_Order_List()
L 08/23/2017 - 23:27:25: SourceMod error session started
L 08/23/2017 - 23:27:25: Info (map "con_district402") (file "errors_20170823.log")
L 08/23/2017 - 23:27:25: [SDKTOOLS] Invalid detour address passed - Disabling detour to prevent crashes
L 08/23/2017 - 23:27:25: [SDKTOOLS] Failed to find PlayerRunCmd offset - OnPlayerRunCmd forward disabled.
L 08/23/2017 - 23:27:25: [nextmap.smx] FATAL: Cannot load map cycle. Nextmap not loaded.
L 08/23/2017 - 23:27:25: [SM] Exception reported: Mapcycle Not Found
L 08/23/2017 - 23:27:25: [SM] Blaming: nextmap.smx()
L 08/23/2017 - 23:27:25: [SM] Call stack trace:
L 08/23/2017 - 23:27:25: [SM]   [0] SetFailState
L 08/23/2017 - 23:27:25: [SM]   [1] Line 139, D:\builds\build-sourcemod-msvc12\windows-1.8\build\plugins\nextmap.sp::FindAndSetNextMap()
L 08/23/2017 - 23:27:25: [SM]   [2] Line 109, D:\builds\build-sourcemod-msvc12\windows-1.8\build\plugins\nextmap.sp::OnConfigsExecuted()
L 08/23/2017 - 23:27:40: Error log file session closed.
L 08/23/2017 - 23:27:41: SourceMod error session started
L 08/23/2017 - 23:27:41: Info (map "emp_canyon") (file "errors_20170823.log")
L 08/23/2017 - 23:27:41: [nextmap.smx] FATAL: Cannot load map cycle. Nextmap not loaded.
L 08/23/2017 - 23:27:41: [SM] Exception reported: Mapcycle Not Found
L 08/23/2017 - 23:27:41: [SM] Blaming: nextmap.smx()
L 08/23/2017 - 23:27:41: [SM] Call stack trace:
L 08/23/2017 - 23:27:41: [SM]   [0] SetFailState
L 08/23/2017 - 23:27:41: [SM]   [1] Line 139, D:\builds\build-sourcemod-msvc12\windows-1.8\build\plugins\nextmap.sp::FindAndSetNextMap()
L 08/23/2017 - 23:27:41: [SM]   [2] Line 109, D:\builds\build-sourcemod-msvc12\windows-1.8\build\plugins\nextmap.sp::OnConfigsExecuted()
L 08/23/2017 - 23:28:41: Error log file session closed.
L 08/23/2017 - 23:28:41: SourceMod error session started
L 08/23/2017 - 23:28:41: Info (map "emp_canyon") (file "errors_20170823.log")
L 08/23/2017 - 23:28:41: [nextmap.smx] FATAL: Cannot load map cycle. Nextmap not loaded.
L 08/23/2017 - 23:28:41: [SM] Exception reported: Mapcycle Not Found
L 08/23/2017 - 23:28:41: [SM] Blaming: nextmap.smx()
L 08/23/2017 - 23:28:41: [SM] Call stack trace:
L 08/23/2017 - 23:28:41: [SM]   [0] SetFailState
L 08/23/2017 - 23:28:41: [SM]   [1] Line 139, D:\builds\build-sourcemod-msvc12\windows-1.8\build\plugins\nextmap.sp::FindAndSetNextMap()
L 08/23/2017 - 23:28:41: [SM]   [2] Line 109, D:\builds\build-sourcemod-msvc12\windows-1.8\build\plugins\nextmap.sp::OnConfigsExecuted()
L 08/23/2017 - 23:36:33: Error log file session closed.
L 08/23/2017 - 23:36:33: SourceMod error session started
L 08/23/2017 - 23:36:33: Info (map "emp_canyon") (file "errors_20170823.log")
L 08/23/2017 - 23:36:33: [nextmap.smx] FATAL: Cannot load map cycle. Nextmap not loaded.
L 08/23/2017 - 23:36:33: [SM] Exception reported: Mapcycle Not Found
L 08/23/2017 - 23:36:33: [SM] Blaming: nextmap.smx()
L 08/23/2017 - 23:36:33: [SM] Call stack trace:
L 08/23/2017 - 23:36:33: [SM]   [0] SetFailState
L 08/23/2017 - 23:36:33: [SM]   [1] Line 139, D:\builds\build-sourcemod-msvc12\windows-1.8\build\plugins\nextmap.sp::FindAndSetNextMap()
L 08/23/2017 - 23:36:33: [SM]   [2] Line 109, D:\builds\build-sourcemod-msvc12\windows-1.8\build\plugins\nextmap.sp::OnConfigsExecuted()
L 08/23/2017 - 23:45:13: [SM] Exception reported: Invalid timer handle 77c0328 (error 3)
L 08/23/2017 - 23:45:13: [SM] Blaming: umc-emp-mapvote.smx()
L 08/23/2017 - 23:45:13: [SM] Call stack trace:
L 08/23/2017 - 23:45:13: [SM]   [0] KillTimer
L 08/23/2017 - 23:45:13: [SM]   [1] Line 686, D:\Documents\My Folder\Empires Custom UMC Stuff\SourceMod\Workspace\umc-emp-mapvote.sp::UMC_OnNextmapSet()
L 08/23/2017 - 23:45:13: [SM]   [3] Call_Finish
L 08/23/2017 - 23:45:13: [SM]   [4] Line 4834, D:\Documents\My Folder\Empires Custom UMC Stuff\SourceMod\Workspace\umc-core.sp::DoMapChange()
L 08/23/2017 - 23:45:13: [SM]   [5] Line 1767, D:\Documents\My Folder\Empires Custom UMC Stuff\SourceMod\Workspace\umc-core.sp::Native_UMCSetNextMap()
L 08/23/2017 - 23:45:13: [SM]   [7] UMC_SetNextMap
L 08/23/2017 - 23:45:13: [SM]   [8] Line 621, D:\Documents\My Folder\Empires Custom UMC Stuff\SourceMod\Workspace\umc-emp-mapvote.sp::DoRandomNextMap()
L 08/23/2017 - 23:45:13: [SM]   [9] Line 606, D:\Documents\My Folder\Empires Custom UMC Stuff\SourceMod\Workspace\umc-emp-mapvote.sp::DoMapChangeFailSafe()
L 08/23/2017 - 23:45:13: [SM]   [10] Line 722, D:\Documents\My Folder\Empires Custom UMC Stuff\SourceMod\Workspace\umc-emp-mapvote.sp::UMC_OnVoteFailed()
L 08/23/2017 - 23:45:13: [SM]   [12] Call_Finish
L 08/23/2017 - 23:45:13: [SM]   [13] Line 4796, D:\Documents\My Folder\Empires Custom UMC Stuff\SourceMod\Workspace\umc-core.sp::VoteFailed()
L 08/23/2017 - 23:45:13: [SM]   [14] Line 3507, D:\Documents\My Folder\Empires Custom UMC Stuff\SourceMod\Workspace\umc-core.sp::VoteCancelled()
L 08/23/2017 - 23:45:13: [SM]   [15] Line 1177, D:\Documents\My Folder\Empires Custom UMC Stuff\SourceMod\Workspace\umc-core.sp::Native_UMCVoteManagerCancel()
L 08/23/2017 - 23:45:13: [SM]   [17] UMC_VoteManagerVoteCancelled
L 08/23/2017 - 23:45:13: [SM]   [18] Line 2276, D:\Documents\My Folder\Empires Custom UMC Stuff\SourceMod\Workspace\umc-core.sp::Handle_VoteMenu()
L 08/23/2017 - 23:45:19: Error log file session closed.
L 08/23/2017 - 23:45:19: SourceMod error session started
L 08/23/2017 - 23:45:19: Info (map "emp_drygulch_a6") (file "errors_20170823.log")
L 08/23/2017 - 23:45:19: [nextmap.smx] FATAL: Cannot load map cycle. Nextmap not loaded.
L 08/23/2017 - 23:45:19: [SM] Exception reported: Mapcycle Not Found
L 08/23/2017 - 23:45:19: [SM] Blaming: nextmap.smx()
L 08/23/2017 - 23:45:19: [SM] Call stack trace:
L 08/23/2017 - 23:45:19: [SM]   [0] SetFailState
L 08/23/2017 - 23:45:19: [SM]   [1] Line 139, D:\builds\build-sourcemod-msvc12\windows-1.8\build\plugins\nextmap.sp::FindAndSetNextMap()
L 08/23/2017 - 23:45:19: [SM]   [2] Line 109, D:\builds\build-sourcemod-msvc12\windows-1.8\build\plugins\nextmap.sp::OnConfigsExecuted()
