L 05/28/2017 - 00:36:41: SourceMod error session started
L 05/28/2017 - 00:36:41: Info (map "emp_cyclopean") (file "errors_20170528.log")
L 05/28/2017 - 00:36:41: [SM] Exception reported: Invalid timer handle 1bf603dc (error 3)
L 05/28/2017 - 00:36:41: [SM] Blaming: umc-emp-mapvote.smx()
L 05/28/2017 - 00:36:41: [SM] Call stack trace:
L 05/28/2017 - 00:36:41: [SM]   [0] KillTimer
L 05/28/2017 - 00:36:41: [SM]   [1] Line 686, D:\Documents\My Folder\Empires Custom UMC Stuff\SourceMod\Workspace\umc-emp-mapvote.sp::UMC_OnNextmapSet()
L 05/28/2017 - 00:36:41: [SM]   [3] Call_Finish
L 05/28/2017 - 00:36:41: [SM]   [4] Line 4834, D:\Documents\My Folder\Empires Custom UMC Stuff\SourceMod\Workspace\umc-core.sp::DoMapChange()
L 05/28/2017 - 00:36:41: [SM]   [5] Line 4267, D:\Documents\My Folder\Empires Custom UMC Stuff\SourceMod\Workspace\umc-core.sp::Handle_MapVoteWinner()
L 05/28/2017 - 00:36:41: [SM]   [6] Line 3819, D:\Documents\My Folder\Empires Custom UMC Stuff\SourceMod\Workspace\umc-core.sp::ProcessVoteWinner()
L 05/28/2017 - 00:36:41: [SM]   [7] Line 3795, D:\Documents\My Folder\Empires Custom UMC Stuff\SourceMod\Workspace\umc-core.sp::ProcessVoteResults()
L 05/28/2017 - 00:36:41: [SM]   [8] Line 1277, D:\Documents\My Folder\Empires Custom UMC Stuff\SourceMod\Workspace\umc-core.sp::Native_UMCVoteManagerComplete()
L 05/28/2017 - 00:36:41: [SM]   [10] UMC_VoteManagerVoteCompleted
L 05/28/2017 - 00:36:41: [SM]   [11] Line 2309, D:\Documents\My Folder\Empires Custom UMC Stuff\SourceMod\Workspace\umc-core.sp::Handle_MapVoteResults()
L 05/28/2017 - 00:36:50: Error log file session closed.
L 05/28/2017 - 00:40:26: SourceMod error session started
L 05/28/2017 - 00:40:26: Info (map "emp_frozensummit_b2_2013_fix") (file "errors_20170528.log")
L 05/28/2017 - 00:40:26: [SM] Exception reported: Heap leak detected: hp:9048 should be 9032!
L 05/28/2017 - 00:40:26: [SM] Exception reported: Invalid plugin address
L 05/28/2017 - 00:41:57: [SM] Exception reported: Array index is out of bounds
L 05/28/2017 - 00:41:57: [SM] Blaming: webshortcuts.smx()
L 05/28/2017 - 00:41:57: [SM] Call stack trace:
L 05/28/2017 - 00:41:57: [SM]   [1] Line 57, webshortcuts.sp::OnSay()
L 05/28/2017 - 00:41:59: [SM] Exception reported: Array index is out of bounds
L 05/28/2017 - 00:41:59: [SM] Blaming: webshortcuts.smx()
L 05/28/2017 - 00:41:59: [SM] Call stack trace:
L 05/28/2017 - 00:41:59: [SM]   [1] Line 57, webshortcuts.sp::OnSay()
L 05/28/2017 - 00:42:04: [SM] Exception reported: Heap leak detected: hp:9064 should be 9048!
L 05/28/2017 - 01:07:00: [SM] Exception reported: Invalid timer handle 44ed0385 (error 3)
L 05/28/2017 - 01:07:00: [SM] Blaming: umc-emp-mapvote.smx()
L 05/28/2017 - 01:07:00: [SM] Call stack trace:
L 05/28/2017 - 01:07:00: [SM]   [0] KillTimer
L 05/28/2017 - 01:07:00: [SM]   [1] Line 686, D:\Documents\My Folder\Empires Custom UMC Stuff\SourceMod\Workspace\umc-emp-mapvote.sp::UMC_OnNextmapSet()
L 05/28/2017 - 01:07:00: [SM]   [3] Call_Finish
L 05/28/2017 - 01:07:00: [SM]   [4] Line 4834, D:\Documents\My Folder\Empires Custom UMC Stuff\SourceMod\Workspace\umc-core.sp::DoMapChange()
L 05/28/2017 - 01:07:00: [SM]   [5] Line 4267, D:\Documents\My Folder\Empires Custom UMC Stuff\SourceMod\Workspace\umc-core.sp::Handle_MapVoteWinner()
L 05/28/2017 - 01:07:00: [SM]   [6] Line 3819, D:\Documents\My Folder\Empires Custom UMC Stuff\SourceMod\Workspace\umc-core.sp::ProcessVoteWinner()
L 05/28/2017 - 01:07:00: [SM]   [7] Line 3795, D:\Documents\My Folder\Empires Custom UMC Stuff\SourceMod\Workspace\umc-core.sp::ProcessVoteResults()
L 05/28/2017 - 01:07:00: [SM]   [8] Line 1277, D:\Documents\My Folder\Empires Custom UMC Stuff\SourceMod\Workspace\umc-core.sp::Native_UMCVoteManagerComplete()
L 05/28/2017 - 01:07:00: [SM]   [10] UMC_VoteManagerVoteCompleted
L 05/28/2017 - 01:07:00: [SM]   [11] Line 2309, D:\Documents\My Folder\Empires Custom UMC Stuff\SourceMod\Workspace\umc-core.sp::Handle_MapVoteResults()
L 05/28/2017 - 01:07:06: Error log file session closed.
L 05/28/2017 - 01:40:39: SourceMod error session started
L 05/28/2017 - 01:40:39: Info (map "emp_isle") (file "errors_20170528.log")
L 05/28/2017 - 01:40:39: [SM] Exception reported: Invalid timer handle 791203a2 (error 1)
L 05/28/2017 - 01:40:39: [SM] Blaming: umc-emp-mapvote.smx()
L 05/28/2017 - 01:40:39: [SM] Call stack trace:
L 05/28/2017 - 01:40:39: [SM]   [0] KillTimer
L 05/28/2017 - 01:40:39: [SM]   [1] Line 686, D:\Documents\My Folder\Empires Custom UMC Stuff\SourceMod\Workspace\umc-emp-mapvote.sp::UMC_OnNextmapSet()
L 05/28/2017 - 01:40:39: [SM]   [3] Call_Finish
L 05/28/2017 - 01:40:39: [SM]   [4] Line 4834, D:\Documents\My Folder\Empires Custom UMC Stuff\SourceMod\Workspace\umc-core.sp::DoMapChange()
L 05/28/2017 - 01:40:39: [SM]   [5] Line 1767, D:\Documents\My Folder\Empires Custom UMC Stuff\SourceMod\Workspace\umc-core.sp::Native_UMCSetNextMap()
L 05/28/2017 - 01:40:39: [SM]   [7] UMC_SetNextMap
L 05/28/2017 - 01:40:39: [SM]   [8] Line 621, D:\Documents\My Folder\Empires Custom UMC Stuff\SourceMod\Workspace\umc-emp-mapvote.sp::DoRandomNextMap()
L 05/28/2017 - 01:40:39: [SM]   [9] Line 606, D:\Documents\My Folder\Empires Custom UMC Stuff\SourceMod\Workspace\umc-emp-mapvote.sp::DoMapChangeFailSafe()
L 05/28/2017 - 01:40:39: [SM]   [10] Line 722, D:\Documents\My Folder\Empires Custom UMC Stuff\SourceMod\Workspace\umc-emp-mapvote.sp::UMC_OnVoteFailed()
L 05/28/2017 - 01:40:39: [SM]   [12] Call_Finish
L 05/28/2017 - 01:40:39: [SM]   [13] Line 4796, D:\Documents\My Folder\Empires Custom UMC Stuff\SourceMod\Workspace\umc-core.sp::VoteFailed()
L 05/28/2017 - 01:40:39: [SM]   [14] Line 3507, D:\Documents\My Folder\Empires Custom UMC Stuff\SourceMod\Workspace\umc-core.sp::VoteCancelled()
L 05/28/2017 - 01:40:39: [SM]   [15] Line 1177, D:\Documents\My Folder\Empires Custom UMC Stuff\SourceMod\Workspace\umc-core.sp::Native_UMCVoteManagerCancel()
L 05/28/2017 - 01:40:39: [SM]   [17] UMC_VoteManagerVoteCancelled
L 05/28/2017 - 01:40:39: [SM]   [18] Line 2276, D:\Documents\My Folder\Empires Custom UMC Stuff\SourceMod\Workspace\umc-core.sp::Handle_VoteMenu()
L 05/28/2017 - 01:40:40: Error log file session closed.
L 05/28/2017 - 01:47:54: SourceMod error session started
L 05/28/2017 - 01:47:54: Info (map "emp_king_r5_nosplt") (file "errors_20170528.log")
L 05/28/2017 - 01:47:54: [SM] Exception reported: Heap leak detected: hp:9104 should be 9088!
L 05/28/2017 - 01:47:54: [SM] Exception reported: Invalid plugin address
L 05/28/2017 - 02:34:32: [SM] Exception reported: Invalid timer handle c1ee035c (error 3)
L 05/28/2017 - 02:34:32: [SM] Blaming: umc-emp-mapvote.smx()
L 05/28/2017 - 02:34:32: [SM] Call stack trace:
L 05/28/2017 - 02:34:32: [SM]   [0] KillTimer
L 05/28/2017 - 02:34:32: [SM]   [1] Line 686, D:\Documents\My Folder\Empires Custom UMC Stuff\SourceMod\Workspace\umc-emp-mapvote.sp::UMC_OnNextmapSet()
L 05/28/2017 - 02:34:32: [SM]   [3] Call_Finish
L 05/28/2017 - 02:34:32: [SM]   [4] Line 4834, D:\Documents\My Folder\Empires Custom UMC Stuff\SourceMod\Workspace\umc-core.sp::DoMapChange()
L 05/28/2017 - 02:34:32: [SM]   [5] Line 4267, D:\Documents\My Folder\Empires Custom UMC Stuff\SourceMod\Workspace\umc-core.sp::Handle_MapVoteWinner()
L 05/28/2017 - 02:34:32: [SM]   [6] Line 3819, D:\Documents\My Folder\Empires Custom UMC Stuff\SourceMod\Workspace\umc-core.sp::ProcessVoteWinner()
L 05/28/2017 - 02:34:32: [SM]   [7] Line 3795, D:\Documents\My Folder\Empires Custom UMC Stuff\SourceMod\Workspace\umc-core.sp::ProcessVoteResults()
L 05/28/2017 - 02:34:32: [SM]   [8] Line 1277, D:\Documents\My Folder\Empires Custom UMC Stuff\SourceMod\Workspace\umc-core.sp::Native_UMCVoteManagerComplete()
L 05/28/2017 - 02:34:32: [SM]   [10] UMC_VoteManagerVoteCompleted
L 05/28/2017 - 02:34:32: [SM]   [11] Line 2309, D:\Documents\My Folder\Empires Custom UMC Stuff\SourceMod\Workspace\umc-core.sp::Handle_MapVoteResults()
L 05/28/2017 - 02:34:38: Error log file session closed.
L 05/28/2017 - 02:34:52: SourceMod error session started
L 05/28/2017 - 02:34:52: Info (map "emp_canyon") (file "errors_20170528.log")
L 05/28/2017 - 02:34:52: [SM] Exception reported: Heap leak detected: hp:9120 should be 9104!
L 05/28/2017 - 02:49:46: [SM] Exception reported: Invalid timer handle ce9703c0 (error 1)
L 05/28/2017 - 02:49:46: [SM] Blaming: umc-emp-mapvote.smx()
L 05/28/2017 - 02:49:46: [SM] Call stack trace:
L 05/28/2017 - 02:49:46: [SM]   [0] KillTimer
L 05/28/2017 - 02:49:46: [SM]   [1] Line 686, D:\Documents\My Folder\Empires Custom UMC Stuff\SourceMod\Workspace\umc-emp-mapvote.sp::UMC_OnNextmapSet()
L 05/28/2017 - 02:49:46: [SM]   [3] Call_Finish
L 05/28/2017 - 02:49:46: [SM]   [4] Line 4834, D:\Documents\My Folder\Empires Custom UMC Stuff\SourceMod\Workspace\umc-core.sp::DoMapChange()
L 05/28/2017 - 02:49:46: [SM]   [5] Line 4267, D:\Documents\My Folder\Empires Custom UMC Stuff\SourceMod\Workspace\umc-core.sp::Handle_MapVoteWinner()
L 05/28/2017 - 02:49:46: [SM]   [6] Line 3819, D:\Documents\My Folder\Empires Custom UMC Stuff\SourceMod\Workspace\umc-core.sp::ProcessVoteWinner()
L 05/28/2017 - 02:49:46: [SM]   [7] Line 3795, D:\Documents\My Folder\Empires Custom UMC Stuff\SourceMod\Workspace\umc-core.sp::ProcessVoteResults()
L 05/28/2017 - 02:49:46: [SM]   [8] Line 1277, D:\Documents\My Folder\Empires Custom UMC Stuff\SourceMod\Workspace\umc-core.sp::Native_UMCVoteManagerComplete()
L 05/28/2017 - 02:49:46: [SM]   [10] UMC_VoteManagerVoteCompleted
L 05/28/2017 - 02:49:46: [SM]   [11] Line 2309, D:\Documents\My Folder\Empires Custom UMC Stuff\SourceMod\Workspace\umc-core.sp::Handle_MapVoteResults()
L 05/28/2017 - 02:49:52: Error log file session closed.
L 05/28/2017 - 03:19:43: SourceMod error session started
L 05/28/2017 - 03:19:43: Info (map "con_district402") (file "errors_20170528.log")
L 05/28/2017 - 03:19:43: [SM] Exception reported: Invalid timer handle dd870356 (error 1)
L 05/28/2017 - 03:19:43: [SM] Blaming: umc-emp-mapvote.smx()
L 05/28/2017 - 03:19:43: [SM] Call stack trace:
L 05/28/2017 - 03:19:43: [SM]   [0] KillTimer
L 05/28/2017 - 03:19:43: [SM]   [1] Line 686, D:\Documents\My Folder\Empires Custom UMC Stuff\SourceMod\Workspace\umc-emp-mapvote.sp::UMC_OnNextmapSet()
L 05/28/2017 - 03:19:43: [SM]   [3] Call_Finish
L 05/28/2017 - 03:19:43: [SM]   [4] Line 4834, D:\Documents\My Folder\Empires Custom UMC Stuff\SourceMod\Workspace\umc-core.sp::DoMapChange()
L 05/28/2017 - 03:19:43: [SM]   [5] Line 4267, D:\Documents\My Folder\Empires Custom UMC Stuff\SourceMod\Workspace\umc-core.sp::Handle_MapVoteWinner()
L 05/28/2017 - 03:19:43: [SM]   [6] Line 3819, D:\Documents\My Folder\Empires Custom UMC Stuff\SourceMod\Workspace\umc-core.sp::ProcessVoteWinner()
L 05/28/2017 - 03:19:43: [SM]   [7] Line 3795, D:\Documents\My Folder\Empires Custom UMC Stuff\SourceMod\Workspace\umc-core.sp::ProcessVoteResults()
L 05/28/2017 - 03:19:43: [SM]   [8] Line 1277, D:\Documents\My Folder\Empires Custom UMC Stuff\SourceMod\Workspace\umc-core.sp::Native_UMCVoteManagerComplete()
L 05/28/2017 - 03:19:43: [SM]   [10] UMC_VoteManagerVoteCompleted
L 05/28/2017 - 03:19:43: [SM]   [11] Line 2309, D:\Documents\My Folder\Empires Custom UMC Stuff\SourceMod\Workspace\umc-core.sp::Handle_MapVoteResults()
L 05/28/2017 - 03:19:49: Error log file session closed.
L 05/28/2017 - 07:29:51: SourceMod error session started
L 05/28/2017 - 07:29:51: Info (map "emp_crossroads") (file "errors_20170528.log")
L 05/28/2017 - 07:29:51: [SM] Exception reported: Invalid timer handle ec5602ee (error 3)
L 05/28/2017 - 07:29:51: [SM] Blaming: umc-emp-mapvote.smx()
L 05/28/2017 - 07:29:51: [SM] Call stack trace:
L 05/28/2017 - 07:29:51: [SM]   [0] KillTimer
L 05/28/2017 - 07:29:51: [SM]   [1] Line 686, D:\Documents\My Folder\Empires Custom UMC Stuff\SourceMod\Workspace\umc-emp-mapvote.sp::UMC_OnNextmapSet()
L 05/28/2017 - 07:29:51: [SM]   [3] Call_Finish
L 05/28/2017 - 07:29:51: [SM]   [4] Line 4834, D:\Documents\My Folder\Empires Custom UMC Stuff\SourceMod\Workspace\umc-core.sp::DoMapChange()
L 05/28/2017 - 07:29:51: [SM]   [5] Line 1767, D:\Documents\My Folder\Empires Custom UMC Stuff\SourceMod\Workspace\umc-core.sp::Native_UMCSetNextMap()
L 05/28/2017 - 07:29:51: [SM]   [7] UMC_SetNextMap
L 05/28/2017 - 07:29:51: [SM]   [8] Line 621, D:\Documents\My Folder\Empires Custom UMC Stuff\SourceMod\Workspace\umc-emp-mapvote.sp::DoRandomNextMap()
L 05/28/2017 - 07:29:51: [SM]   [9] Line 606, D:\Documents\My Folder\Empires Custom UMC Stuff\SourceMod\Workspace\umc-emp-mapvote.sp::DoMapChangeFailSafe()
L 05/28/2017 - 07:29:51: [SM]   [10] Line 722, D:\Documents\My Folder\Empires Custom UMC Stuff\SourceMod\Workspace\umc-emp-mapvote.sp::UMC_OnVoteFailed()
L 05/28/2017 - 07:29:51: [SM]   [12] Call_Finish
L 05/28/2017 - 07:29:51: [SM]   [13] Line 4796, D:\Documents\My Folder\Empires Custom UMC Stuff\SourceMod\Workspace\umc-core.sp::VoteFailed()
L 05/28/2017 - 07:29:51: [SM]   [14] Line 3507, D:\Documents\My Folder\Empires Custom UMC Stuff\SourceMod\Workspace\umc-core.sp::VoteCancelled()
L 05/28/2017 - 07:29:51: [SM]   [15] Line 1177, D:\Documents\My Folder\Empires Custom UMC Stuff\SourceMod\Workspace\umc-core.sp::Native_UMCVoteManagerCancel()
L 05/28/2017 - 07:29:51: [SM]   [17] UMC_VoteManagerVoteCancelled
L 05/28/2017 - 07:29:51: [SM]   [18] Line 2276, D:\Documents\My Folder\Empires Custom UMC Stuff\SourceMod\Workspace\umc-core.sp::Handle_VoteMenu()
L 05/28/2017 - 07:29:57: Error log file session closed.
