L 07/13/2017 - 00:06:07: SourceMod error session started
L 07/13/2017 - 00:06:07: Info (map "emp_fogtown_cl2_fix") (file "errors_20170713.log")
L 07/13/2017 - 00:06:07: [SM] Exception reported: Invalid timer handle 5cb102ed (error 3)
L 07/13/2017 - 00:06:07: [SM] Blaming: umc-emp-mapvote.smx()
L 07/13/2017 - 00:06:07: [SM] Call stack trace:
L 07/13/2017 - 00:06:07: [SM]   [0] KillTimer
L 07/13/2017 - 00:06:07: [SM]   [1] Line 686, D:\Documents\My Folder\Empires Custom UMC Stuff\SourceMod\Workspace\umc-emp-mapvote.sp::UMC_OnNextmapSet()
L 07/13/2017 - 00:06:07: [SM]   [3] Call_Finish
L 07/13/2017 - 00:06:07: [SM]   [4] Line 4834, D:\Documents\My Folder\Empires Custom UMC Stuff\SourceMod\Workspace\umc-core.sp::DoMapChange()
L 07/13/2017 - 00:06:07: [SM]   [5] Line 1767, D:\Documents\My Folder\Empires Custom UMC Stuff\SourceMod\Workspace\umc-core.sp::Native_UMCSetNextMap()
L 07/13/2017 - 00:06:07: [SM]   [7] UMC_SetNextMap
L 07/13/2017 - 00:06:07: [SM]   [8] Line 621, D:\Documents\My Folder\Empires Custom UMC Stuff\SourceMod\Workspace\umc-emp-mapvote.sp::DoRandomNextMap()
L 07/13/2017 - 00:06:07: [SM]   [9] Line 606, D:\Documents\My Folder\Empires Custom UMC Stuff\SourceMod\Workspace\umc-emp-mapvote.sp::DoMapChangeFailSafe()
L 07/13/2017 - 00:06:07: [SM]   [10] Line 722, D:\Documents\My Folder\Empires Custom UMC Stuff\SourceMod\Workspace\umc-emp-mapvote.sp::UMC_OnVoteFailed()
L 07/13/2017 - 00:06:07: [SM]   [12] Call_Finish
L 07/13/2017 - 00:06:07: [SM]   [13] Line 4796, D:\Documents\My Folder\Empires Custom UMC Stuff\SourceMod\Workspace\umc-core.sp::VoteFailed()
L 07/13/2017 - 00:06:07: [SM]   [14] Line 3507, D:\Documents\My Folder\Empires Custom UMC Stuff\SourceMod\Workspace\umc-core.sp::VoteCancelled()
L 07/13/2017 - 00:06:07: [SM]   [15] Line 1177, D:\Documents\My Folder\Empires Custom UMC Stuff\SourceMod\Workspace\umc-core.sp::Native_UMCVoteManagerCancel()
L 07/13/2017 - 00:06:07: [SM]   [17] UMC_VoteManagerVoteCancelled
L 07/13/2017 - 00:06:07: [SM]   [18] Line 2276, D:\Documents\My Folder\Empires Custom UMC Stuff\SourceMod\Workspace\umc-core.sp::Handle_VoteMenu()
L 07/13/2017 - 00:06:13: Error log file session closed.
L 07/13/2017 - 00:06:15: SourceMod error session started
L 07/13/2017 - 00:06:15: Info (map "emp_blast_ob1") (file "errors_20170713.log")
L 07/13/2017 - 00:06:15: [nextmap.smx] FATAL: Cannot load map cycle. Nextmap not loaded.
L 07/13/2017 - 00:06:15: [SM] Exception reported: Mapcycle Not Found
L 07/13/2017 - 00:06:15: [SM] Blaming: nextmap.smx()
L 07/13/2017 - 00:06:15: [SM] Call stack trace:
L 07/13/2017 - 00:06:15: [SM]   [0] SetFailState
L 07/13/2017 - 00:06:15: [SM]   [1] Line 139, D:\builds\build-sourcemod-msvc12\windows-1.8\build\plugins\nextmap.sp::FindAndSetNextMap()
L 07/13/2017 - 00:06:15: [SM]   [2] Line 109, D:\builds\build-sourcemod-msvc12\windows-1.8\build\plugins\nextmap.sp::OnConfigsExecuted()
L 07/13/2017 - 15:28:05: SourceMod error session started
L 07/13/2017 - 15:28:05: Info (map "con_district402") (file "errors_20170713.log")
L 07/13/2017 - 15:28:05: [SDKTOOLS] Invalid detour address passed - Disabling detour to prevent crashes
L 07/13/2017 - 15:28:06: [SDKTOOLS] Failed to find PlayerRunCmd offset - OnPlayerRunCmd forward disabled.
L 07/13/2017 - 15:28:08: [nextmap.smx] FATAL: Cannot load map cycle. Nextmap not loaded.
L 07/13/2017 - 15:28:08: [SM] Exception reported: Mapcycle Not Found
L 07/13/2017 - 15:28:08: [SM] Blaming: nextmap.smx()
L 07/13/2017 - 15:28:08: [SM] Call stack trace:
L 07/13/2017 - 15:28:08: [SM]   [0] SetFailState
L 07/13/2017 - 15:28:08: [SM]   [1] Line 139, D:\builds\build-sourcemod-msvc12\windows-1.8\build\plugins\nextmap.sp::FindAndSetNextMap()
L 07/13/2017 - 15:28:08: [SM]   [2] Line 109, D:\builds\build-sourcemod-msvc12\windows-1.8\build\plugins\nextmap.sp::OnConfigsExecuted()
L 07/13/2017 - 16:24:48: [SM] Exception reported: Invalid timer handle 16bf0302 (error 1)
L 07/13/2017 - 16:24:48: [SM] Blaming: umc-emp-mapvote.smx()
L 07/13/2017 - 16:24:48: [SM] Call stack trace:
L 07/13/2017 - 16:24:48: [SM]   [0] KillTimer
L 07/13/2017 - 16:24:48: [SM]   [1] Line 686, D:\Documents\My Folder\Empires Custom UMC Stuff\SourceMod\Workspace\umc-emp-mapvote.sp::UMC_OnNextmapSet()
L 07/13/2017 - 16:24:48: [SM]   [3] Call_Finish
L 07/13/2017 - 16:24:48: [SM]   [4] Line 4834, D:\Documents\My Folder\Empires Custom UMC Stuff\SourceMod\Workspace\umc-core.sp::DoMapChange()
L 07/13/2017 - 16:24:48: [SM]   [5] Line 4267, D:\Documents\My Folder\Empires Custom UMC Stuff\SourceMod\Workspace\umc-core.sp::Handle_MapVoteWinner()
L 07/13/2017 - 16:24:48: [SM]   [6] Line 3819, D:\Documents\My Folder\Empires Custom UMC Stuff\SourceMod\Workspace\umc-core.sp::ProcessVoteWinner()
L 07/13/2017 - 16:24:48: [SM]   [7] Line 3795, D:\Documents\My Folder\Empires Custom UMC Stuff\SourceMod\Workspace\umc-core.sp::ProcessVoteResults()
L 07/13/2017 - 16:24:48: [SM]   [8] Line 1277, D:\Documents\My Folder\Empires Custom UMC Stuff\SourceMod\Workspace\umc-core.sp::Native_UMCVoteManagerComplete()
L 07/13/2017 - 16:24:48: [SM]   [10] UMC_VoteManagerVoteCompleted
L 07/13/2017 - 16:24:48: [SM]   [11] Line 2309, D:\Documents\My Folder\Empires Custom UMC Stuff\SourceMod\Workspace\umc-core.sp::Handle_MapVoteResults()
L 07/13/2017 - 16:24:54: Error log file session closed.
L 07/13/2017 - 16:24:56: SourceMod error session started
L 07/13/2017 - 16:24:56: Info (map "emp_beachfront_b2") (file "errors_20170713.log")
L 07/13/2017 - 16:24:56: [nextmap.smx] FATAL: Cannot load map cycle. Nextmap not loaded.
L 07/13/2017 - 16:24:56: [SM] Exception reported: Mapcycle Not Found
L 07/13/2017 - 16:24:56: [SM] Blaming: nextmap.smx()
L 07/13/2017 - 16:24:56: [SM] Call stack trace:
L 07/13/2017 - 16:24:56: [SM]   [0] SetFailState
L 07/13/2017 - 16:24:56: [SM]   [1] Line 139, D:\builds\build-sourcemod-msvc12\windows-1.8\build\plugins\nextmap.sp::FindAndSetNextMap()
L 07/13/2017 - 16:24:56: [SM]   [2] Line 109, D:\builds\build-sourcemod-msvc12\windows-1.8\build\plugins\nextmap.sp::OnConfigsExecuted()
L 07/13/2017 - 16:34:43: [SM] Exception reported: Array index is out of bounds
L 07/13/2017 - 16:34:43: [SM] Blaming: squadcontrol.smx()
L 07/13/2017 - 16:34:43: [SM] Call stack trace:
L 07/13/2017 - 16:34:43: [SM]   [1] Line 2144, squadcontrol.sp::Command_Unit_Order_List()
L 07/13/2017 - 16:34:48: [SM] Exception reported: Array index is out of bounds
L 07/13/2017 - 16:34:48: [SM] Blaming: squadcontrol.smx()
L 07/13/2017 - 16:34:48: [SM] Call stack trace:
L 07/13/2017 - 16:34:48: [SM]   [1] Line 2144, squadcontrol.sp::Command_Unit_Order_List()
L 07/13/2017 - 16:42:38: [SM] Exception reported: Invalid timer handle 1d02030d (error 1)
L 07/13/2017 - 16:42:38: [SM] Blaming: umc-emp-mapvote.smx()
L 07/13/2017 - 16:42:38: [SM] Call stack trace:
L 07/13/2017 - 16:42:38: [SM]   [0] KillTimer
L 07/13/2017 - 16:42:38: [SM]   [1] Line 686, D:\Documents\My Folder\Empires Custom UMC Stuff\SourceMod\Workspace\umc-emp-mapvote.sp::UMC_OnNextmapSet()
L 07/13/2017 - 16:42:38: [SM]   [3] Call_Finish
L 07/13/2017 - 16:42:38: [SM]   [4] Line 4834, D:\Documents\My Folder\Empires Custom UMC Stuff\SourceMod\Workspace\umc-core.sp::DoMapChange()
L 07/13/2017 - 16:42:38: [SM]   [5] Line 4267, D:\Documents\My Folder\Empires Custom UMC Stuff\SourceMod\Workspace\umc-core.sp::Handle_MapVoteWinner()
L 07/13/2017 - 16:42:38: [SM]   [6] Line 3819, D:\Documents\My Folder\Empires Custom UMC Stuff\SourceMod\Workspace\umc-core.sp::ProcessVoteWinner()
L 07/13/2017 - 16:42:38: [SM]   [7] Line 3795, D:\Documents\My Folder\Empires Custom UMC Stuff\SourceMod\Workspace\umc-core.sp::ProcessVoteResults()
L 07/13/2017 - 16:42:38: [SM]   [8] Line 1277, D:\Documents\My Folder\Empires Custom UMC Stuff\SourceMod\Workspace\umc-core.sp::Native_UMCVoteManagerComplete()
L 07/13/2017 - 16:42:38: [SM]   [10] UMC_VoteManagerVoteCompleted
L 07/13/2017 - 16:42:38: [SM]   [11] Line 2309, D:\Documents\My Folder\Empires Custom UMC Stuff\SourceMod\Workspace\umc-core.sp::Handle_MapVoteResults()
L 07/13/2017 - 16:42:44: Error log file session closed.
L 07/13/2017 - 16:42:46: SourceMod error session started
L 07/13/2017 - 16:42:46: Info (map "emp_crossroads") (file "errors_20170713.log")
L 07/13/2017 - 16:42:46: [nextmap.smx] FATAL: Cannot load map cycle. Nextmap not loaded.
L 07/13/2017 - 16:42:46: [SM] Exception reported: Mapcycle Not Found
L 07/13/2017 - 16:42:46: [SM] Blaming: nextmap.smx()
L 07/13/2017 - 16:42:46: [SM] Call stack trace:
L 07/13/2017 - 16:42:46: [SM]   [0] SetFailState
L 07/13/2017 - 16:42:46: [SM]   [1] Line 139, D:\builds\build-sourcemod-msvc12\windows-1.8\build\plugins\nextmap.sp::FindAndSetNextMap()
L 07/13/2017 - 16:42:46: [SM]   [2] Line 109, D:\builds\build-sourcemod-msvc12\windows-1.8\build\plugins\nextmap.sp::OnConfigsExecuted()
L 07/13/2017 - 16:45:26: [SM] Exception reported: Array index is out of bounds
L 07/13/2017 - 16:45:26: [SM] Blaming: squadcontrol.smx()
L 07/13/2017 - 16:45:26: [SM] Call stack trace:
L 07/13/2017 - 16:45:26: [SM]   [1] Line 2144, squadcontrol.sp::Command_Unit_Order_List()
L 07/13/2017 - 16:51:00: [SM] Exception reported: Array index is out of bounds
L 07/13/2017 - 16:51:00: [SM] Blaming: squadcontrol.smx()
L 07/13/2017 - 16:51:00: [SM] Call stack trace:
L 07/13/2017 - 16:51:00: [SM]   [1] Line 2144, squadcontrol.sp::Command_Unit_Order_List()
L 07/13/2017 - 16:51:29: [SM] Exception reported: Array index is out of bounds
L 07/13/2017 - 16:51:29: [SM] Blaming: squadcontrol.smx()
L 07/13/2017 - 16:51:29: [SM] Call stack trace:
L 07/13/2017 - 16:51:29: [SM]   [1] Line 2144, squadcontrol.sp::Command_Unit_Order_List()
L 07/13/2017 - 16:51:43: [SM] Exception reported: Array index is out of bounds
L 07/13/2017 - 16:51:43: [SM] Blaming: squadcontrol.smx()
L 07/13/2017 - 16:51:43: [SM] Call stack trace:
L 07/13/2017 - 16:51:43: [SM]   [1] Line 2144, squadcontrol.sp::Command_Unit_Order_List()
L 07/13/2017 - 16:52:31: [SM] Exception reported: Array index is out of bounds
L 07/13/2017 - 16:52:31: [SM] Blaming: squadcontrol.smx()
L 07/13/2017 - 16:52:31: [SM] Call stack trace:
L 07/13/2017 - 16:52:31: [SM]   [1] Line 2144, squadcontrol.sp::Command_Unit_Order_List()
L 07/13/2017 - 16:54:45: [SM] Exception reported: Array index is out of bounds
L 07/13/2017 - 16:54:45: [SM] Blaming: squadcontrol.smx()
L 07/13/2017 - 16:54:45: [SM] Call stack trace:
L 07/13/2017 - 16:54:45: [SM]   [1] Line 2144, squadcontrol.sp::Command_Unit_Order_List()
L 07/13/2017 - 16:55:08: [SM] Exception reported: Array index is out of bounds
L 07/13/2017 - 16:55:08: [SM] Blaming: squadcontrol.smx()
L 07/13/2017 - 16:55:08: [SM] Call stack trace:
L 07/13/2017 - 16:55:08: [SM]   [1] Line 2144, squadcontrol.sp::Command_Unit_Order_List()
L 07/13/2017 - 16:55:56: [SM] Exception reported: Array index is out of bounds
L 07/13/2017 - 16:55:56: [SM] Blaming: squadcontrol.smx()
L 07/13/2017 - 16:55:56: [SM] Call stack trace:
L 07/13/2017 - 16:55:56: [SM]   [1] Line 2144, squadcontrol.sp::Command_Unit_Order_List()
L 07/13/2017 - 17:09:57: [SM] Exception reported: Array index is out of bounds
L 07/13/2017 - 17:09:57: [SM] Blaming: squadcontrol.smx()
L 07/13/2017 - 17:09:57: [SM] Call stack trace:
L 07/13/2017 - 17:09:57: [SM]   [1] Line 2144, squadcontrol.sp::Command_Unit_Order_List()
L 07/13/2017 - 17:23:47: [SM] Exception reported: Invalid timer handle 328202c1 (error 1)
L 07/13/2017 - 17:23:47: [SM] Blaming: umc-emp-mapvote.smx()
L 07/13/2017 - 17:23:47: [SM] Call stack trace:
L 07/13/2017 - 17:23:47: [SM]   [0] KillTimer
L 07/13/2017 - 17:23:47: [SM]   [1] Line 686, D:\Documents\My Folder\Empires Custom UMC Stuff\SourceMod\Workspace\umc-emp-mapvote.sp::UMC_OnNextmapSet()
L 07/13/2017 - 17:23:47: [SM]   [3] Call_Finish
L 07/13/2017 - 17:23:47: [SM]   [4] Line 4834, D:\Documents\My Folder\Empires Custom UMC Stuff\SourceMod\Workspace\umc-core.sp::DoMapChange()
L 07/13/2017 - 17:23:47: [SM]   [5] Line 4267, D:\Documents\My Folder\Empires Custom UMC Stuff\SourceMod\Workspace\umc-core.sp::Handle_MapVoteWinner()
L 07/13/2017 - 17:23:47: [SM]   [6] Line 3819, D:\Documents\My Folder\Empires Custom UMC Stuff\SourceMod\Workspace\umc-core.sp::ProcessVoteWinner()
L 07/13/2017 - 17:23:47: [SM]   [7] Line 3795, D:\Documents\My Folder\Empires Custom UMC Stuff\SourceMod\Workspace\umc-core.sp::ProcessVoteResults()
L 07/13/2017 - 17:23:47: [SM]   [8] Line 1277, D:\Documents\My Folder\Empires Custom UMC Stuff\SourceMod\Workspace\umc-core.sp::Native_UMCVoteManagerComplete()
L 07/13/2017 - 17:23:47: [SM]   [10] UMC_VoteManagerVoteCompleted
L 07/13/2017 - 17:23:47: [SM]   [11] Line 2309, D:\Documents\My Folder\Empires Custom UMC Stuff\SourceMod\Workspace\umc-core.sp::Handle_MapVoteResults()
L 07/13/2017 - 17:23:53: Error log file session closed.
L 07/13/2017 - 17:23:59: SourceMod error session started
L 07/13/2017 - 17:23:59: Info (map "emp_dune_ob1") (file "errors_20170713.log")
L 07/13/2017 - 17:23:59: [nextmap.smx] FATAL: Cannot load map cycle. Nextmap not loaded.
L 07/13/2017 - 17:23:59: [SM] Exception reported: Mapcycle Not Found
L 07/13/2017 - 17:23:59: [SM] Blaming: nextmap.smx()
L 07/13/2017 - 17:23:59: [SM] Call stack trace:
L 07/13/2017 - 17:23:59: [SM]   [0] SetFailState
L 07/13/2017 - 17:23:59: [SM]   [1] Line 139, D:\builds\build-sourcemod-msvc12\windows-1.8\build\plugins\nextmap.sp::FindAndSetNextMap()
L 07/13/2017 - 17:23:59: [SM]   [2] Line 109, D:\builds\build-sourcemod-msvc12\windows-1.8\build\plugins\nextmap.sp::OnConfigsExecuted()
L 07/13/2017 - 17:28:17: [SM] Exception reported: Array index is out of bounds
L 07/13/2017 - 17:28:17: [SM] Blaming: squadcontrol.smx()
L 07/13/2017 - 17:28:17: [SM] Call stack trace:
L 07/13/2017 - 17:28:17: [SM]   [1] Line 2144, squadcontrol.sp::Command_Unit_Order_List()
L 07/13/2017 - 17:35:51: [SM] Exception reported: Invalid timer handle 3d690362 (error 1)
L 07/13/2017 - 17:35:51: [SM] Blaming: umc-emp-mapvote.smx()
L 07/13/2017 - 17:35:51: [SM] Call stack trace:
L 07/13/2017 - 17:35:51: [SM]   [0] KillTimer
L 07/13/2017 - 17:35:51: [SM]   [1] Line 686, D:\Documents\My Folder\Empires Custom UMC Stuff\SourceMod\Workspace\umc-emp-mapvote.sp::UMC_OnNextmapSet()
L 07/13/2017 - 17:35:51: [SM]   [3] Call_Finish
L 07/13/2017 - 17:35:51: [SM]   [4] Line 4834, D:\Documents\My Folder\Empires Custom UMC Stuff\SourceMod\Workspace\umc-core.sp::DoMapChange()
L 07/13/2017 - 17:35:51: [SM]   [5] Line 4267, D:\Documents\My Folder\Empires Custom UMC Stuff\SourceMod\Workspace\umc-core.sp::Handle_MapVoteWinner()
L 07/13/2017 - 17:35:51: [SM]   [6] Line 3819, D:\Documents\My Folder\Empires Custom UMC Stuff\SourceMod\Workspace\umc-core.sp::ProcessVoteWinner()
L 07/13/2017 - 17:35:51: [SM]   [7] Line 3795, D:\Documents\My Folder\Empires Custom UMC Stuff\SourceMod\Workspace\umc-core.sp::ProcessVoteResults()
L 07/13/2017 - 17:35:51: [SM]   [8] Line 1277, D:\Documents\My Folder\Empires Custom UMC Stuff\SourceMod\Workspace\umc-core.sp::Native_UMCVoteManagerComplete()
L 07/13/2017 - 17:35:51: [SM]   [10] UMC_VoteManagerVoteCompleted
L 07/13/2017 - 17:35:51: [SM]   [11] Line 2309, D:\Documents\My Folder\Empires Custom UMC Stuff\SourceMod\Workspace\umc-core.sp::Handle_MapVoteResults()
L 07/13/2017 - 17:35:56: Error log file session closed.
L 07/13/2017 - 17:37:23: SourceMod error session started
L 07/13/2017 - 17:37:23: Info (map "emp_canyon") (file "errors_20170713.log")
L 07/13/2017 - 17:37:23: [nextmap.smx] FATAL: Cannot load map cycle. Nextmap not loaded.
L 07/13/2017 - 17:37:23: [SM] Exception reported: Mapcycle Not Found
L 07/13/2017 - 17:37:23: [SM] Blaming: nextmap.smx()
L 07/13/2017 - 17:37:23: [SM] Call stack trace:
L 07/13/2017 - 17:37:23: [SM]   [0] SetFailState
L 07/13/2017 - 17:37:23: [SM]   [1] Line 139, D:\builds\build-sourcemod-msvc12\windows-1.8\build\plugins\nextmap.sp::FindAndSetNextMap()
L 07/13/2017 - 17:37:23: [SM]   [2] Line 109, D:\builds\build-sourcemod-msvc12\windows-1.8\build\plugins\nextmap.sp::OnConfigsExecuted()
L 07/13/2017 - 18:11:02: [SM] Exception reported: Invalid timer handle 514c030a (error 1)
L 07/13/2017 - 18:11:02: [SM] Blaming: umc-emp-mapvote.smx()
L 07/13/2017 - 18:11:02: [SM] Call stack trace:
L 07/13/2017 - 18:11:02: [SM]   [0] KillTimer
L 07/13/2017 - 18:11:02: [SM]   [1] Line 686, D:\Documents\My Folder\Empires Custom UMC Stuff\SourceMod\Workspace\umc-emp-mapvote.sp::UMC_OnNextmapSet()
L 07/13/2017 - 18:11:02: [SM]   [3] Call_Finish
L 07/13/2017 - 18:11:02: [SM]   [4] Line 4834, D:\Documents\My Folder\Empires Custom UMC Stuff\SourceMod\Workspace\umc-core.sp::DoMapChange()
L 07/13/2017 - 18:11:02: [SM]   [5] Line 4267, D:\Documents\My Folder\Empires Custom UMC Stuff\SourceMod\Workspace\umc-core.sp::Handle_MapVoteWinner()
L 07/13/2017 - 18:11:02: [SM]   [6] Line 3819, D:\Documents\My Folder\Empires Custom UMC Stuff\SourceMod\Workspace\umc-core.sp::ProcessVoteWinner()
L 07/13/2017 - 18:11:02: [SM]   [7] Line 3795, D:\Documents\My Folder\Empires Custom UMC Stuff\SourceMod\Workspace\umc-core.sp::ProcessVoteResults()
L 07/13/2017 - 18:11:02: [SM]   [8] Line 1277, D:\Documents\My Folder\Empires Custom UMC Stuff\SourceMod\Workspace\umc-core.sp::Native_UMCVoteManagerComplete()
L 07/13/2017 - 18:11:02: [SM]   [10] UMC_VoteManagerVoteCompleted
L 07/13/2017 - 18:11:02: [SM]   [11] Line 2309, D:\Documents\My Folder\Empires Custom UMC Stuff\SourceMod\Workspace\umc-core.sp::Handle_MapVoteResults()
L 07/13/2017 - 18:11:07: Error log file session closed.
L 07/13/2017 - 18:11:12: SourceMod error session started
L 07/13/2017 - 18:11:12: Info (map "emp_downfall") (file "errors_20170713.log")
L 07/13/2017 - 18:11:12: [nextmap.smx] FATAL: Cannot load map cycle. Nextmap not loaded.
L 07/13/2017 - 18:11:12: [SM] Exception reported: Mapcycle Not Found
L 07/13/2017 - 18:11:12: [SM] Blaming: nextmap.smx()
L 07/13/2017 - 18:11:12: [SM] Call stack trace:
L 07/13/2017 - 18:11:12: [SM]   [0] SetFailState
L 07/13/2017 - 18:11:12: [SM]   [1] Line 139, D:\builds\build-sourcemod-msvc12\windows-1.8\build\plugins\nextmap.sp::FindAndSetNextMap()
L 07/13/2017 - 18:11:12: [SM]   [2] Line 109, D:\builds\build-sourcemod-msvc12\windows-1.8\build\plugins\nextmap.sp::OnConfigsExecuted()
L 07/13/2017 - 18:25:08: [SM] Exception reported: Invalid timer handle 56c1036d (error 1)
L 07/13/2017 - 18:25:08: [SM] Blaming: umc-emp-mapvote.smx()
L 07/13/2017 - 18:25:08: [SM] Call stack trace:
L 07/13/2017 - 18:25:08: [SM]   [0] KillTimer
L 07/13/2017 - 18:25:08: [SM]   [1] Line 686, D:\Documents\My Folder\Empires Custom UMC Stuff\SourceMod\Workspace\umc-emp-mapvote.sp::UMC_OnNextmapSet()
L 07/13/2017 - 18:25:08: [SM]   [3] Call_Finish
L 07/13/2017 - 18:25:08: [SM]   [4] Line 4834, D:\Documents\My Folder\Empires Custom UMC Stuff\SourceMod\Workspace\umc-core.sp::DoMapChange()
L 07/13/2017 - 18:25:08: [SM]   [5] Line 4267, D:\Documents\My Folder\Empires Custom UMC Stuff\SourceMod\Workspace\umc-core.sp::Handle_MapVoteWinner()
L 07/13/2017 - 18:25:08: [SM]   [6] Line 3819, D:\Documents\My Folder\Empires Custom UMC Stuff\SourceMod\Workspace\umc-core.sp::ProcessVoteWinner()
L 07/13/2017 - 18:25:08: [SM]   [7] Line 3795, D:\Documents\My Folder\Empires Custom UMC Stuff\SourceMod\Workspace\umc-core.sp::ProcessVoteResults()
L 07/13/2017 - 18:25:08: [SM]   [8] Line 1277, D:\Documents\My Folder\Empires Custom UMC Stuff\SourceMod\Workspace\umc-core.sp::Native_UMCVoteManagerComplete()
L 07/13/2017 - 18:25:08: [SM]   [10] UMC_VoteManagerVoteCompleted
L 07/13/2017 - 18:25:08: [SM]   [11] Line 2309, D:\Documents\My Folder\Empires Custom UMC Stuff\SourceMod\Workspace\umc-core.sp::Handle_MapVoteResults()
L 07/13/2017 - 18:25:13: Error log file session closed.
L 07/13/2017 - 18:25:16: SourceMod error session started
L 07/13/2017 - 18:25:16: Info (map "emp_vehicletraining_2013") (file "errors_20170713.log")
L 07/13/2017 - 18:25:16: [nextmap.smx] FATAL: Cannot load map cycle. Nextmap not loaded.
L 07/13/2017 - 18:25:16: [SM] Exception reported: Mapcycle Not Found
L 07/13/2017 - 18:25:16: [SM] Blaming: nextmap.smx()
L 07/13/2017 - 18:25:16: [SM] Call stack trace:
L 07/13/2017 - 18:25:16: [SM]   [0] SetFailState
L 07/13/2017 - 18:25:16: [SM]   [1] Line 139, D:\builds\build-sourcemod-msvc12\windows-1.8\build\plugins\nextmap.sp::FindAndSetNextMap()
L 07/13/2017 - 18:25:16: [SM]   [2] Line 109, D:\builds\build-sourcemod-msvc12\windows-1.8\build\plugins\nextmap.sp::OnConfigsExecuted()
L 07/13/2017 - 19:04:05: [SM] Exception reported: Invalid timer handle 5cb50362 (error 1)
L 07/13/2017 - 19:04:05: [SM] Blaming: umc-emp-mapvote.smx()
L 07/13/2017 - 19:04:05: [SM] Call stack trace:
L 07/13/2017 - 19:04:05: [SM]   [0] KillTimer
L 07/13/2017 - 19:04:05: [SM]   [1] Line 686, D:\Documents\My Folder\Empires Custom UMC Stuff\SourceMod\Workspace\umc-emp-mapvote.sp::UMC_OnNextmapSet()
L 07/13/2017 - 19:04:05: [SM]   [3] Call_Finish
L 07/13/2017 - 19:04:05: [SM]   [4] Line 4834, D:\Documents\My Folder\Empires Custom UMC Stuff\SourceMod\Workspace\umc-core.sp::DoMapChange()
L 07/13/2017 - 19:04:05: [SM]   [5] Line 4267, D:\Documents\My Folder\Empires Custom UMC Stuff\SourceMod\Workspace\umc-core.sp::Handle_MapVoteWinner()
L 07/13/2017 - 19:04:05: [SM]   [6] Line 3819, D:\Documents\My Folder\Empires Custom UMC Stuff\SourceMod\Workspace\umc-core.sp::ProcessVoteWinner()
L 07/13/2017 - 19:04:05: [SM]   [7] Line 3795, D:\Documents\My Folder\Empires Custom UMC Stuff\SourceMod\Workspace\umc-core.sp::ProcessVoteResults()
L 07/13/2017 - 19:04:05: [SM]   [8] Line 1277, D:\Documents\My Folder\Empires Custom UMC Stuff\SourceMod\Workspace\umc-core.sp::Native_UMCVoteManagerComplete()
L 07/13/2017 - 19:04:05: [SM]   [10] UMC_VoteManagerVoteCompleted
L 07/13/2017 - 19:04:05: [SM]   [11] Line 2309, D:\Documents\My Folder\Empires Custom UMC Stuff\SourceMod\Workspace\umc-core.sp::Handle_MapVoteResults()
L 07/13/2017 - 19:04:11: Error log file session closed.
L 07/13/2017 - 19:04:14: SourceMod error session started
L 07/13/2017 - 19:04:14: Info (map "emp_crossroads") (file "errors_20170713.log")
L 07/13/2017 - 19:04:14: [nextmap.smx] FATAL: Cannot load map cycle. Nextmap not loaded.
L 07/13/2017 - 19:04:14: [SM] Exception reported: Mapcycle Not Found
L 07/13/2017 - 19:04:14: [SM] Blaming: nextmap.smx()
L 07/13/2017 - 19:04:14: [SM] Call stack trace:
L 07/13/2017 - 19:04:14: [SM]   [0] SetFailState
L 07/13/2017 - 19:04:14: [SM]   [1] Line 139, D:\builds\build-sourcemod-msvc12\windows-1.8\build\plugins\nextmap.sp::FindAndSetNextMap()
L 07/13/2017 - 19:04:14: [SM]   [2] Line 109, D:\builds\build-sourcemod-msvc12\windows-1.8\build\plugins\nextmap.sp::OnConfigsExecuted()
L 07/13/2017 - 19:22:18: [SM] Exception reported: Invalid timer handle 63a6034a (error 1)
L 07/13/2017 - 19:22:18: [SM] Blaming: umc-emp-mapvote.smx()
L 07/13/2017 - 19:22:18: [SM] Call stack trace:
L 07/13/2017 - 19:22:18: [SM]   [0] KillTimer
L 07/13/2017 - 19:22:18: [SM]   [1] Line 686, D:\Documents\My Folder\Empires Custom UMC Stuff\SourceMod\Workspace\umc-emp-mapvote.sp::UMC_OnNextmapSet()
L 07/13/2017 - 19:22:18: [SM]   [3] Call_Finish
L 07/13/2017 - 19:22:18: [SM]   [4] Line 4834, D:\Documents\My Folder\Empires Custom UMC Stuff\SourceMod\Workspace\umc-core.sp::DoMapChange()
L 07/13/2017 - 19:22:18: [SM]   [5] Line 4267, D:\Documents\My Folder\Empires Custom UMC Stuff\SourceMod\Workspace\umc-core.sp::Handle_MapVoteWinner()
L 07/13/2017 - 19:22:18: [SM]   [6] Line 3819, D:\Documents\My Folder\Empires Custom UMC Stuff\SourceMod\Workspace\umc-core.sp::ProcessVoteWinner()
L 07/13/2017 - 19:22:18: [SM]   [7] Line 3795, D:\Documents\My Folder\Empires Custom UMC Stuff\SourceMod\Workspace\umc-core.sp::ProcessVoteResults()
L 07/13/2017 - 19:22:18: [SM]   [8] Line 1277, D:\Documents\My Folder\Empires Custom UMC Stuff\SourceMod\Workspace\umc-core.sp::Native_UMCVoteManagerComplete()
L 07/13/2017 - 19:22:18: [SM]   [10] UMC_VoteManagerVoteCompleted
L 07/13/2017 - 19:22:18: [SM]   [11] Line 2309, D:\Documents\My Folder\Empires Custom UMC Stuff\SourceMod\Workspace\umc-core.sp::Handle_MapVoteResults()
L 07/13/2017 - 19:22:23: Error log file session closed.
L 07/13/2017 - 19:22:26: SourceMod error session started
L 07/13/2017 - 19:22:26: Info (map "emp_beachfront_b2") (file "errors_20170713.log")
L 07/13/2017 - 19:22:26: [nextmap.smx] FATAL: Cannot load map cycle. Nextmap not loaded.
L 07/13/2017 - 19:22:26: [SM] Exception reported: Mapcycle Not Found
L 07/13/2017 - 19:22:26: [SM] Blaming: nextmap.smx()
L 07/13/2017 - 19:22:26: [SM] Call stack trace:
L 07/13/2017 - 19:22:26: [SM]   [0] SetFailState
L 07/13/2017 - 19:22:26: [SM]   [1] Line 139, D:\builds\build-sourcemod-msvc12\windows-1.8\build\plugins\nextmap.sp::FindAndSetNextMap()
L 07/13/2017 - 19:22:26: [SM]   [2] Line 109, D:\builds\build-sourcemod-msvc12\windows-1.8\build\plugins\nextmap.sp::OnConfigsExecuted()
L 07/13/2017 - 19:44:05: [SM] Exception reported: Invalid timer handle 6af20319 (error 1)
L 07/13/2017 - 19:44:05: [SM] Blaming: umc-emp-mapvote.smx()
L 07/13/2017 - 19:44:05: [SM] Call stack trace:
L 07/13/2017 - 19:44:05: [SM]   [0] KillTimer
L 07/13/2017 - 19:44:05: [SM]   [1] Line 686, D:\Documents\My Folder\Empires Custom UMC Stuff\SourceMod\Workspace\umc-emp-mapvote.sp::UMC_OnNextmapSet()
L 07/13/2017 - 19:44:05: [SM]   [3] Call_Finish
L 07/13/2017 - 19:44:05: [SM]   [4] Line 4834, D:\Documents\My Folder\Empires Custom UMC Stuff\SourceMod\Workspace\umc-core.sp::DoMapChange()
L 07/13/2017 - 19:44:05: [SM]   [5] Line 4267, D:\Documents\My Folder\Empires Custom UMC Stuff\SourceMod\Workspace\umc-core.sp::Handle_MapVoteWinner()
L 07/13/2017 - 19:44:05: [SM]   [6] Line 3819, D:\Documents\My Folder\Empires Custom UMC Stuff\SourceMod\Workspace\umc-core.sp::ProcessVoteWinner()
L 07/13/2017 - 19:44:05: [SM]   [7] Line 3795, D:\Documents\My Folder\Empires Custom UMC Stuff\SourceMod\Workspace\umc-core.sp::ProcessVoteResults()
L 07/13/2017 - 19:44:05: [SM]   [8] Line 1277, D:\Documents\My Folder\Empires Custom UMC Stuff\SourceMod\Workspace\umc-core.sp::Native_UMCVoteManagerComplete()
L 07/13/2017 - 19:44:05: [SM]   [10] UMC_VoteManagerVoteCompleted
L 07/13/2017 - 19:44:05: [SM]   [11] Line 2309, D:\Documents\My Folder\Empires Custom UMC Stuff\SourceMod\Workspace\umc-core.sp::Handle_MapVoteResults()
L 07/13/2017 - 19:44:11: Error log file session closed.
L 07/13/2017 - 19:44:12: SourceMod error session started
L 07/13/2017 - 19:44:12: Info (map "emp_drygulch_a6") (file "errors_20170713.log")
L 07/13/2017 - 19:44:12: [nextmap.smx] FATAL: Cannot load map cycle. Nextmap not loaded.
L 07/13/2017 - 19:44:12: [SM] Exception reported: Mapcycle Not Found
L 07/13/2017 - 19:44:12: [SM] Blaming: nextmap.smx()
L 07/13/2017 - 19:44:12: [SM] Call stack trace:
L 07/13/2017 - 19:44:12: [SM]   [0] SetFailState
L 07/13/2017 - 19:44:12: [SM]   [1] Line 139, D:\builds\build-sourcemod-msvc12\windows-1.8\build\plugins\nextmap.sp::FindAndSetNextMap()
L 07/13/2017 - 19:44:12: [SM]   [2] Line 109, D:\builds\build-sourcemod-msvc12\windows-1.8\build\plugins\nextmap.sp::OnConfigsExecuted()
L 07/13/2017 - 21:47:15: [SM] Exception reported: Array index is out of bounds
L 07/13/2017 - 21:47:15: [SM] Blaming: squadcontrol.smx()
L 07/13/2017 - 21:47:15: [SM] Call stack trace:
L 07/13/2017 - 21:47:15: [SM]   [1] Line 2144, squadcontrol.sp::Command_Unit_Order_List()
L 07/13/2017 - 21:49:56: [SM] Exception reported: Array index is out of bounds
L 07/13/2017 - 21:49:56: [SM] Blaming: squadcontrol.smx()
L 07/13/2017 - 21:49:56: [SM] Call stack trace:
L 07/13/2017 - 21:49:56: [SM]   [1] Line 2144, squadcontrol.sp::Command_Unit_Order_List()
L 07/13/2017 - 21:58:03: [SM] Exception reported: Array index is out of bounds
L 07/13/2017 - 21:58:03: [SM] Blaming: squadcontrol.smx()
L 07/13/2017 - 21:58:03: [SM] Call stack trace:
L 07/13/2017 - 21:58:03: [SM]   [1] Line 2144, squadcontrol.sp::Command_Unit_Order_List()
L 07/13/2017 - 21:59:37: [SM] Exception reported: Array index is out of bounds
L 07/13/2017 - 21:59:37: [SM] Blaming: squadcontrol.smx()
L 07/13/2017 - 21:59:37: [SM] Call stack trace:
L 07/13/2017 - 21:59:37: [SM]   [1] Line 2144, squadcontrol.sp::Command_Unit_Order_List()
L 07/13/2017 - 22:05:09: [umc-core.smx] VOTING: Not enough options to run a vote. 1 options available.
L 07/13/2017 - 22:05:09: [umc-core.smx] Could not start core vote.
L 07/13/2017 - 22:05:16: Error log file session closed.
L 07/13/2017 - 22:05:16: SourceMod error session started
L 07/13/2017 - 22:05:16: Info (map "con_glycencity") (file "errors_20170713.log")
L 07/13/2017 - 22:05:16: [nextmap.smx] FATAL: Cannot load map cycle. Nextmap not loaded.
L 07/13/2017 - 22:05:16: [SM] Exception reported: Mapcycle Not Found
L 07/13/2017 - 22:05:16: [SM] Blaming: nextmap.smx()
L 07/13/2017 - 22:05:16: [SM] Call stack trace:
L 07/13/2017 - 22:05:16: [SM]   [0] SetFailState
L 07/13/2017 - 22:05:16: [SM]   [1] Line 139, D:\builds\build-sourcemod-msvc12\windows-1.8\build\plugins\nextmap.sp::FindAndSetNextMap()
L 07/13/2017 - 22:05:16: [SM]   [2] Line 109, D:\builds\build-sourcemod-msvc12\windows-1.8\build\plugins\nextmap.sp::OnConfigsExecuted()
L 07/13/2017 - 22:29:56: [SM] Exception reported: Invalid timer handle 780b030a (error 3)
L 07/13/2017 - 22:29:56: [SM] Blaming: umc-emp-mapvote.smx()
L 07/13/2017 - 22:29:56: [SM] Call stack trace:
L 07/13/2017 - 22:29:56: [SM]   [0] KillTimer
L 07/13/2017 - 22:29:56: [SM]   [1] Line 686, D:\Documents\My Folder\Empires Custom UMC Stuff\SourceMod\Workspace\umc-emp-mapvote.sp::UMC_OnNextmapSet()
L 07/13/2017 - 22:29:56: [SM]   [3] Call_Finish
L 07/13/2017 - 22:29:56: [SM]   [4] Line 4834, D:\Documents\My Folder\Empires Custom UMC Stuff\SourceMod\Workspace\umc-core.sp::DoMapChange()
L 07/13/2017 - 22:29:56: [SM]   [5] Line 1767, D:\Documents\My Folder\Empires Custom UMC Stuff\SourceMod\Workspace\umc-core.sp::Native_UMCSetNextMap()
L 07/13/2017 - 22:29:56: [SM]   [7] UMC_SetNextMap
L 07/13/2017 - 22:29:56: [SM]   [8] Line 621, D:\Documents\My Folder\Empires Custom UMC Stuff\SourceMod\Workspace\umc-emp-mapvote.sp::DoRandomNextMap()
L 07/13/2017 - 22:29:56: [SM]   [9] Line 606, D:\Documents\My Folder\Empires Custom UMC Stuff\SourceMod\Workspace\umc-emp-mapvote.sp::DoMapChangeFailSafe()
L 07/13/2017 - 22:29:56: [SM]   [10] Line 722, D:\Documents\My Folder\Empires Custom UMC Stuff\SourceMod\Workspace\umc-emp-mapvote.sp::UMC_OnVoteFailed()
L 07/13/2017 - 22:29:56: [SM]   [12] Call_Finish
L 07/13/2017 - 22:29:56: [SM]   [13] Line 4796, D:\Documents\My Folder\Empires Custom UMC Stuff\SourceMod\Workspace\umc-core.sp::VoteFailed()
L 07/13/2017 - 22:29:56: [SM]   [14] Line 3507, D:\Documents\My Folder\Empires Custom UMC Stuff\SourceMod\Workspace\umc-core.sp::VoteCancelled()
L 07/13/2017 - 22:29:56: [SM]   [15] Line 1177, D:\Documents\My Folder\Empires Custom UMC Stuff\SourceMod\Workspace\umc-core.sp::Native_UMCVoteManagerCancel()
L 07/13/2017 - 22:29:56: [SM]   [17] UMC_VoteManagerVoteCancelled
L 07/13/2017 - 22:29:56: [SM]   [18] Line 2276, D:\Documents\My Folder\Empires Custom UMC Stuff\SourceMod\Workspace\umc-core.sp::Handle_VoteMenu()
L 07/13/2017 - 22:30:02: Error log file session closed.
L 07/13/2017 - 22:30:02: SourceMod error session started
L 07/13/2017 - 22:30:02: Info (map "emp_downfall") (file "errors_20170713.log")
L 07/13/2017 - 22:30:02: [nextmap.smx] FATAL: Cannot load map cycle. Nextmap not loaded.
L 07/13/2017 - 22:30:02: [SM] Exception reported: Mapcycle Not Found
L 07/13/2017 - 22:30:02: [SM] Blaming: nextmap.smx()
L 07/13/2017 - 22:30:02: [SM] Call stack trace:
L 07/13/2017 - 22:30:02: [SM]   [0] SetFailState
L 07/13/2017 - 22:30:02: [SM]   [1] Line 139, D:\builds\build-sourcemod-msvc12\windows-1.8\build\plugins\nextmap.sp::FindAndSetNextMap()
L 07/13/2017 - 22:30:02: [SM]   [2] Line 109, D:\builds\build-sourcemod-msvc12\windows-1.8\build\plugins\nextmap.sp::OnConfigsExecuted()
