L 05/05/2018 - 13:49:55: SourceMod error session started
L 05/05/2018 - 13:49:55: Info (map "con_district402") (file "errors_20180505.log")
L 05/05/2018 - 13:49:55: [SDKTOOLS] Invalid detour address passed - Disabling detour to prevent crashes
L 05/05/2018 - 13:49:55: [SDKTOOLS] Failed to find PlayerRunCmd offset - OnPlayerRunCmd forward disabled.
L 05/05/2018 - 16:24:05: Error log file session closed.
L 05/05/2018 - 16:41:39: SourceMod error session started
L 05/05/2018 - 16:41:39: Info (map "emp_beachfront_b2_hce") (file "errors_20180505.log")
L 05/05/2018 - 16:41:39: [SM] Exception reported: Invalid timer handle a660331 (error 1)
L 05/05/2018 - 16:41:39: [SM] Blaming: umc-emp-mapvote.smx()
L 05/05/2018 - 16:41:39: [SM] Call stack trace:
L 05/05/2018 - 16:41:39: [SM]   [0] KillTimer
L 05/05/2018 - 16:41:39: [SM]   [1] Line 686, D:\Documents\My Folder\Empires Custom UMC Stuff\SourceMod\Workspace\umc-emp-mapvote.sp::UMC_OnNextmapSet()
L 05/05/2018 - 16:41:39: [SM]   [3] Call_Finish
L 05/05/2018 - 16:41:39: [SM]   [4] Line 4834, D:\Documents\My Folder\Empires Custom UMC Stuff\SourceMod\Workspace\umc-core.sp::DoMapChange()
L 05/05/2018 - 16:41:39: [SM]   [5] Line 4267, D:\Documents\My Folder\Empires Custom UMC Stuff\SourceMod\Workspace\umc-core.sp::Handle_MapVoteWinner()
L 05/05/2018 - 16:41:39: [SM]   [6] Line 3819, D:\Documents\My Folder\Empires Custom UMC Stuff\SourceMod\Workspace\umc-core.sp::ProcessVoteWinner()
L 05/05/2018 - 16:41:39: [SM]   [7] Line 3795, D:\Documents\My Folder\Empires Custom UMC Stuff\SourceMod\Workspace\umc-core.sp::ProcessVoteResults()
L 05/05/2018 - 16:41:39: [SM]   [8] Line 1277, D:\Documents\My Folder\Empires Custom UMC Stuff\SourceMod\Workspace\umc-core.sp::Native_UMCVoteManagerComplete()
L 05/05/2018 - 16:41:39: [SM]   [10] UMC_VoteManagerVoteCompleted
L 05/05/2018 - 16:41:39: [SM]   [11] Line 2309, D:\Documents\My Folder\Empires Custom UMC Stuff\SourceMod\Workspace\umc-core.sp::Handle_MapVoteResults()
L 05/05/2018 - 16:41:44: Error log file session closed.
L 05/05/2018 - 16:44:30: SourceMod error session started
L 05/05/2018 - 16:44:30: Info (map "emp_drygulch_a6") (file "errors_20180505.log")
L 05/05/2018 - 16:44:30: [SM] Exception reported: Invalid timer handle c050323 (error 1)
L 05/05/2018 - 16:44:30: [SM] Blaming: umc-emp-mapvote.smx()
L 05/05/2018 - 16:44:30: [SM] Call stack trace:
L 05/05/2018 - 16:44:30: [SM]   [0] KillTimer
L 05/05/2018 - 16:44:30: [SM]   [1] Line 686, D:\Documents\My Folder\Empires Custom UMC Stuff\SourceMod\Workspace\umc-emp-mapvote.sp::UMC_OnNextmapSet()
L 05/05/2018 - 16:44:30: [SM]   [3] Call_Finish
L 05/05/2018 - 16:44:30: [SM]   [4] Line 4834, D:\Documents\My Folder\Empires Custom UMC Stuff\SourceMod\Workspace\umc-core.sp::DoMapChange()
L 05/05/2018 - 16:44:30: [SM]   [5] Line 4267, D:\Documents\My Folder\Empires Custom UMC Stuff\SourceMod\Workspace\umc-core.sp::Handle_MapVoteWinner()
L 05/05/2018 - 16:44:30: [SM]   [6] Line 3819, D:\Documents\My Folder\Empires Custom UMC Stuff\SourceMod\Workspace\umc-core.sp::ProcessVoteWinner()
L 05/05/2018 - 16:44:30: [SM]   [7] Line 3795, D:\Documents\My Folder\Empires Custom UMC Stuff\SourceMod\Workspace\umc-core.sp::ProcessVoteResults()
L 05/05/2018 - 16:44:30: [SM]   [8] Line 1277, D:\Documents\My Folder\Empires Custom UMC Stuff\SourceMod\Workspace\umc-core.sp::Native_UMCVoteManagerComplete()
L 05/05/2018 - 16:44:30: [SM]   [10] UMC_VoteManagerVoteCompleted
L 05/05/2018 - 16:44:30: [SM]   [11] Line 2309, D:\Documents\My Folder\Empires Custom UMC Stuff\SourceMod\Workspace\umc-core.sp::Handle_MapVoteResults()
L 05/05/2018 - 16:44:35: [SM] Exception reported: Invalid timer handle c050323 (error 1)
L 05/05/2018 - 16:44:35: [SM] Blaming: umc-emp-mapvote.smx()
L 05/05/2018 - 16:44:35: [SM] Call stack trace:
L 05/05/2018 - 16:44:35: [SM]   [0] KillTimer
L 05/05/2018 - 16:44:35: [SM]   [1] Line 686, D:\Documents\My Folder\Empires Custom UMC Stuff\SourceMod\Workspace\umc-emp-mapvote.sp::UMC_OnNextmapSet()
L 05/05/2018 - 16:44:35: [SM]   [3] Call_Finish
L 05/05/2018 - 16:44:35: [SM]   [4] Line 4834, D:\Documents\My Folder\Empires Custom UMC Stuff\SourceMod\Workspace\umc-core.sp::DoMapChange()
L 05/05/2018 - 16:44:35: [SM]   [5] Line 1767, D:\Documents\My Folder\Empires Custom UMC Stuff\SourceMod\Workspace\umc-core.sp::Native_UMCSetNextMap()
L 05/05/2018 - 16:44:35: [SM]   [7] UMC_SetNextMap
L 05/05/2018 - 16:44:35: [SM]   [8] Line 621, D:\Documents\My Folder\Empires Custom UMC Stuff\SourceMod\Workspace\umc-emp-mapvote.sp::DoRandomNextMap()
L 05/05/2018 - 16:44:35: [SM]   [9] Line 606, D:\Documents\My Folder\Empires Custom UMC Stuff\SourceMod\Workspace\umc-emp-mapvote.sp::DoMapChangeFailSafe()
L 05/05/2018 - 16:44:35: [SM]   [10] Line 722, D:\Documents\My Folder\Empires Custom UMC Stuff\SourceMod\Workspace\umc-emp-mapvote.sp::UMC_OnVoteFailed()
L 05/05/2018 - 16:44:35: [SM]   [12] Call_Finish
L 05/05/2018 - 16:44:35: [SM]   [13] Line 4796, D:\Documents\My Folder\Empires Custom UMC Stuff\SourceMod\Workspace\umc-core.sp::VoteFailed()
L 05/05/2018 - 16:44:35: [SM]   [14] Line 3507, D:\Documents\My Folder\Empires Custom UMC Stuff\SourceMod\Workspace\umc-core.sp::VoteCancelled()
L 05/05/2018 - 16:44:35: [SM]   [15] Line 1177, D:\Documents\My Folder\Empires Custom UMC Stuff\SourceMod\Workspace\umc-core.sp::Native_UMCVoteManagerCancel()
L 05/05/2018 - 16:44:35: [SM]   [17] UMC_VoteManagerVoteCancelled
L 05/05/2018 - 16:44:35: [SM]   [18] Line 2276, D:\Documents\My Folder\Empires Custom UMC Stuff\SourceMod\Workspace\umc-core.sp::Handle_VoteMenu()
L 05/05/2018 - 16:44:36: Error log file session closed.
L 05/05/2018 - 16:50:12: SourceMod error session started
L 05/05/2018 - 16:50:12: Info (map "emp_downfall_hce") (file "errors_20180505.log")
L 05/05/2018 - 16:50:12: [SM] Exception reported: Invalid timer handle 1082035d (error 1)
L 05/05/2018 - 16:50:12: [SM] Blaming: umc-emp-mapvote.smx()
L 05/05/2018 - 16:50:12: [SM] Call stack trace:
L 05/05/2018 - 16:50:12: [SM]   [0] KillTimer
L 05/05/2018 - 16:50:12: [SM]   [1] Line 686, D:\Documents\My Folder\Empires Custom UMC Stuff\SourceMod\Workspace\umc-emp-mapvote.sp::UMC_OnNextmapSet()
L 05/05/2018 - 16:50:12: [SM]   [3] Call_Finish
L 05/05/2018 - 16:50:12: [SM]   [4] Line 4834, D:\Documents\My Folder\Empires Custom UMC Stuff\SourceMod\Workspace\umc-core.sp::DoMapChange()
L 05/05/2018 - 16:50:12: [SM]   [5] Line 4267, D:\Documents\My Folder\Empires Custom UMC Stuff\SourceMod\Workspace\umc-core.sp::Handle_MapVoteWinner()
L 05/05/2018 - 16:50:12: [SM]   [6] Line 3819, D:\Documents\My Folder\Empires Custom UMC Stuff\SourceMod\Workspace\umc-core.sp::ProcessVoteWinner()
L 05/05/2018 - 16:50:12: [SM]   [7] Line 3795, D:\Documents\My Folder\Empires Custom UMC Stuff\SourceMod\Workspace\umc-core.sp::ProcessVoteResults()
L 05/05/2018 - 16:50:12: [SM]   [8] Line 1277, D:\Documents\My Folder\Empires Custom UMC Stuff\SourceMod\Workspace\umc-core.sp::Native_UMCVoteManagerComplete()
L 05/05/2018 - 16:50:12: [SM]   [10] UMC_VoteManagerVoteCompleted
L 05/05/2018 - 16:50:12: [SM]   [11] Line 2309, D:\Documents\My Folder\Empires Custom UMC Stuff\SourceMod\Workspace\umc-core.sp::Handle_MapVoteResults()
L 05/05/2018 - 16:50:19: Error log file session closed.
L 05/05/2018 - 18:08:11: SourceMod error session started
L 05/05/2018 - 18:08:11: Info (map "emp_crossroads_towerless_hce") (file "errors_20180505.log")
L 05/05/2018 - 18:08:11: [SM] Exception reported: Invalid timer handle 1607004a (error 1)
L 05/05/2018 - 18:08:11: [SM] Blaming: umc-emp-mapvote.smx()
L 05/05/2018 - 18:08:11: [SM] Call stack trace:
L 05/05/2018 - 18:08:11: [SM]   [0] KillTimer
L 05/05/2018 - 18:08:11: [SM]   [1] Line 686, D:\Documents\My Folder\Empires Custom UMC Stuff\SourceMod\Workspace\umc-emp-mapvote.sp::UMC_OnNextmapSet()
L 05/05/2018 - 18:08:11: [SM]   [3] Call_Finish
L 05/05/2018 - 18:08:11: [SM]   [4] Line 4834, D:\Documents\My Folder\Empires Custom UMC Stuff\SourceMod\Workspace\umc-core.sp::DoMapChange()
L 05/05/2018 - 18:08:11: [SM]   [5] Line 4267, D:\Documents\My Folder\Empires Custom UMC Stuff\SourceMod\Workspace\umc-core.sp::Handle_MapVoteWinner()
L 05/05/2018 - 18:08:11: [SM]   [6] Line 3819, D:\Documents\My Folder\Empires Custom UMC Stuff\SourceMod\Workspace\umc-core.sp::ProcessVoteWinner()
L 05/05/2018 - 18:08:11: [SM]   [7] Line 3795, D:\Documents\My Folder\Empires Custom UMC Stuff\SourceMod\Workspace\umc-core.sp::ProcessVoteResults()
L 05/05/2018 - 18:08:11: [SM]   [8] Line 1277, D:\Documents\My Folder\Empires Custom UMC Stuff\SourceMod\Workspace\umc-core.sp::Native_UMCVoteManagerComplete()
L 05/05/2018 - 18:08:11: [SM]   [10] UMC_VoteManagerVoteCompleted
L 05/05/2018 - 18:08:11: [SM]   [11] Line 2309, D:\Documents\My Folder\Empires Custom UMC Stuff\SourceMod\Workspace\umc-core.sp::Handle_MapVoteResults()
L 05/05/2018 - 18:08:16: Error log file session closed.
L 05/05/2018 - 18:50:04: SourceMod error session started
L 05/05/2018 - 18:50:04: Info (map "emp_vehicletraining_2013") (file "errors_20180505.log")
L 05/05/2018 - 18:50:04: [SM] Exception reported: Game event "player_disconnect" has no active hook
L 05/05/2018 - 18:50:04: [SM] Blaming: empstats.smx()
L 05/05/2018 - 18:50:04: [SM] Call stack trace:
L 05/05/2018 - 18:50:04: [SM]   [0] UnhookEvent
L 05/05/2018 - 18:50:04: [SM]   [1] Line 338, dist\addons\sourcemod\scripting\empstats.sp::Deactivate()
L 05/05/2018 - 18:50:04: [SM]   [2] Line 290, dist\addons\sourcemod\scripting\empstats.sp::CheckActivate()
L 05/05/2018 - 18:50:04: [SM]   [3] Line 1014, dist\addons\sourcemod\scripting\empstats.sp::OnClientDisconnect_Post()
L 05/05/2018 - 19:01:46: Error log file session closed.
L 05/05/2018 - 19:01:49: SourceMod error session started
L 05/05/2018 - 19:01:49: Info (map "emp_vehicletraining_2013") (file "errors_20180505.log")
L 05/05/2018 - 19:01:49: [SM] Exception reported: Invalid hook callback specified for game event "player_disconnect"
L 05/05/2018 - 19:01:49: [SM] Blaming: empstats.smx()
L 05/05/2018 - 19:01:49: [SM] Call stack trace:
L 05/05/2018 - 19:01:49: [SM]   [0] UnhookEvent
L 05/05/2018 - 19:01:49: [SM]   [1] Line 338, dist\addons\sourcemod\scripting\empstats.sp::Deactivate()
L 05/05/2018 - 19:01:49: [SM]   [2] Line 290, dist\addons\sourcemod\scripting\empstats.sp::CheckActivate()
L 05/05/2018 - 19:01:49: [SM]   [3] Line 1608, dist\addons\sourcemod\scripting\empstats.sp::EndMapChange()
L 05/05/2018 - 19:01:49: [SM] Exception reported: Invalid hook callback specified for game event "player_disconnect"
L 05/05/2018 - 19:01:49: [SM] Blaming: empstats.smx()
L 05/05/2018 - 19:01:49: [SM] Call stack trace:
L 05/05/2018 - 19:01:49: [SM]   [0] UnhookEvent
L 05/05/2018 - 19:01:49: [SM]   [1] Line 338, dist\addons\sourcemod\scripting\empstats.sp::Deactivate()
L 05/05/2018 - 19:01:49: [SM]   [2] Line 290, dist\addons\sourcemod\scripting\empstats.sp::CheckActivate()
L 05/05/2018 - 19:01:49: [SM]   [3] Line 680, dist\addons\sourcemod\scripting\empstats.sp::OnClientPostAdminCheck()
L 05/05/2018 - 19:06:59: [SM] Exception reported: Invalid hook callback specified for game event "player_disconnect"
L 05/05/2018 - 19:06:59: [SM] Blaming: empstats.smx()
L 05/05/2018 - 19:06:59: [SM] Call stack trace:
L 05/05/2018 - 19:06:59: [SM]   [0] UnhookEvent
L 05/05/2018 - 19:06:59: [SM]   [1] Line 338, dist\addons\sourcemod\scripting\empstats.sp::Deactivate()
L 05/05/2018 - 19:06:59: [SM]   [2] Line 290, dist\addons\sourcemod\scripting\empstats.sp::CheckActivate()
L 05/05/2018 - 19:06:59: [SM]   [3] Line 680, dist\addons\sourcemod\scripting\empstats.sp::OnClientPostAdminCheck()
L 05/05/2018 - 19:15:10: [SM] Exception reported: Game event "player_disconnect" has no active hook
L 05/05/2018 - 19:15:10: [SM] Blaming: empstats.smx()
L 05/05/2018 - 19:15:10: [SM] Call stack trace:
L 05/05/2018 - 19:15:10: [SM]   [0] UnhookEvent
L 05/05/2018 - 19:15:10: [SM]   [1] Line 338, dist\addons\sourcemod\scripting\empstats.sp::Deactivate()
L 05/05/2018 - 19:15:10: [SM]   [2] Line 290, dist\addons\sourcemod\scripting\empstats.sp::CheckActivate()
L 05/05/2018 - 19:15:10: [SM]   [3] Line 680, dist\addons\sourcemod\scripting\empstats.sp::OnClientPostAdminCheck()
L 05/05/2018 - 19:27:34: [SM] Exception reported: Game event "player_disconnect" has no active hook
L 05/05/2018 - 19:27:34: [SM] Blaming: empstats.smx()
L 05/05/2018 - 19:27:34: [SM] Call stack trace:
L 05/05/2018 - 19:27:34: [SM]   [0] UnhookEvent
L 05/05/2018 - 19:27:34: [SM]   [1] Line 338, dist\addons\sourcemod\scripting\empstats.sp::Deactivate()
L 05/05/2018 - 19:27:34: [SM]   [2] Line 290, dist\addons\sourcemod\scripting\empstats.sp::CheckActivate()
L 05/05/2018 - 19:27:34: [SM]   [3] Line 680, dist\addons\sourcemod\scripting\empstats.sp::OnClientPostAdminCheck()
L 05/05/2018 - 19:33:07: [SM] Exception reported: Game event "player_disconnect" has no active hook
L 05/05/2018 - 19:33:07: [SM] Blaming: empstats.smx()
L 05/05/2018 - 19:33:07: [SM] Call stack trace:
L 05/05/2018 - 19:33:07: [SM]   [0] UnhookEvent
L 05/05/2018 - 19:33:07: [SM]   [1] Line 338, dist\addons\sourcemod\scripting\empstats.sp::Deactivate()
L 05/05/2018 - 19:33:07: [SM]   [2] Line 290, dist\addons\sourcemod\scripting\empstats.sp::CheckActivate()
L 05/05/2018 - 19:33:07: [SM]   [3] Line 680, dist\addons\sourcemod\scripting\empstats.sp::OnClientPostAdminCheck()
L 05/05/2018 - 19:36:15: [SM] Exception reported: Game event "player_disconnect" has no active hook
L 05/05/2018 - 19:36:15: [SM] Blaming: empstats.smx()
L 05/05/2018 - 19:36:15: [SM] Call stack trace:
L 05/05/2018 - 19:36:15: [SM]   [0] UnhookEvent
L 05/05/2018 - 19:36:15: [SM]   [1] Line 338, dist\addons\sourcemod\scripting\empstats.sp::Deactivate()
L 05/05/2018 - 19:36:15: [SM]   [2] Line 290, dist\addons\sourcemod\scripting\empstats.sp::CheckActivate()
L 05/05/2018 - 19:36:15: [SM]   [3] Line 680, dist\addons\sourcemod\scripting\empstats.sp::OnClientPostAdminCheck()
L 05/05/2018 - 19:42:57: Error log file session closed.
L 05/05/2018 - 19:42:58: SourceMod error session started
L 05/05/2018 - 19:42:58: Info (map "emp_vehicletraining_2013") (file "errors_20180505.log")
L 05/05/2018 - 19:42:58: [SM] Exception reported: Entity 313 (313) is not a CBaseEntity
L 05/05/2018 - 19:42:58: [SM] Blaming: empstats.smx()
L 05/05/2018 - 19:42:58: [SM] Call stack trace:
L 05/05/2018 - 19:42:58: [SM]   [0] AcceptEntityInput
L 05/05/2018 - 19:42:58: [SM]   [1] Line 2503, dist\addons\sourcemod\scripting\empstats.sp::HideOverlay()
L 05/05/2018 - 19:42:58: [SM]   [2] Line 1511, dist\addons\sourcemod\scripting\empstats.sp::Timer_HideOverlay()
L 05/05/2018 - 19:43:00: [SM] Exception reported: Invalid hook callback specified for game event "player_disconnect"
L 05/05/2018 - 19:43:00: [SM] Blaming: empstats.smx()
L 05/05/2018 - 19:43:00: [SM] Call stack trace:
L 05/05/2018 - 19:43:00: [SM]   [0] UnhookEvent
L 05/05/2018 - 19:43:00: [SM]   [1] Line 338, dist\addons\sourcemod\scripting\empstats.sp::Deactivate()
L 05/05/2018 - 19:43:00: [SM]   [2] Line 290, dist\addons\sourcemod\scripting\empstats.sp::CheckActivate()
L 05/05/2018 - 19:43:00: [SM]   [3] Line 1608, dist\addons\sourcemod\scripting\empstats.sp::EndMapChange()
L 05/05/2018 - 19:43:00: [SM] Exception reported: Invalid hook callback specified for game event "player_disconnect"
L 05/05/2018 - 19:43:00: [SM] Blaming: empstats.smx()
L 05/05/2018 - 19:43:00: [SM] Call stack trace:
L 05/05/2018 - 19:43:00: [SM]   [0] UnhookEvent
L 05/05/2018 - 19:43:00: [SM]   [1] Line 338, dist\addons\sourcemod\scripting\empstats.sp::Deactivate()
L 05/05/2018 - 19:43:00: [SM]   [2] Line 290, dist\addons\sourcemod\scripting\empstats.sp::CheckActivate()
L 05/05/2018 - 19:43:00: [SM]   [3] Line 680, dist\addons\sourcemod\scripting\empstats.sp::OnClientPostAdminCheck()
L 05/05/2018 - 19:43:00: [SM] Exception reported: Invalid hook callback specified for game event "player_disconnect"
L 05/05/2018 - 19:43:00: [SM] Blaming: empstats.smx()
L 05/05/2018 - 19:43:00: [SM] Call stack trace:
L 05/05/2018 - 19:43:00: [SM]   [0] UnhookEvent
L 05/05/2018 - 19:43:00: [SM]   [1] Line 338, dist\addons\sourcemod\scripting\empstats.sp::Deactivate()
L 05/05/2018 - 19:43:00: [SM]   [2] Line 290, dist\addons\sourcemod\scripting\empstats.sp::CheckActivate()
L 05/05/2018 - 19:43:00: [SM]   [3] Line 680, dist\addons\sourcemod\scripting\empstats.sp::OnClientPostAdminCheck()
L 05/05/2018 - 20:01:33: [SM] Exception reported: Entity 313 is invalid
L 05/05/2018 - 20:01:33: [SM] Blaming: empstats.smx()
L 05/05/2018 - 20:01:33: [SM] Call stack trace:
L 05/05/2018 - 20:01:33: [SM]   [0] SDKHook
L 05/05/2018 - 20:01:33: [SM]   [1] Line 2472, dist\addons\sourcemod\scripting\empstats.sp::ShowOverlay()
L 05/05/2018 - 20:01:33: [SM]   [2] Line 1301, dist\addons\sourcemod\scripting\empstats.sp::Timer_Promotions()
L 05/05/2018 - 20:03:29: [SM] Exception reported: Invalid timer handle 1c490314 (error 3)
L 05/05/2018 - 20:03:29: [SM] Blaming: umc-emp-mapvote.smx()
L 05/05/2018 - 20:03:29: [SM] Call stack trace:
L 05/05/2018 - 20:03:29: [SM]   [0] KillTimer
L 05/05/2018 - 20:03:29: [SM]   [1] Line 686, D:\Documents\My Folder\Empires Custom UMC Stuff\SourceMod\Workspace\umc-emp-mapvote.sp::UMC_OnNextmapSet()
L 05/05/2018 - 20:03:29: [SM]   [3] Call_Finish
L 05/05/2018 - 20:03:29: [SM]   [4] Line 4834, D:\Documents\My Folder\Empires Custom UMC Stuff\SourceMod\Workspace\umc-core.sp::DoMapChange()
L 05/05/2018 - 20:03:29: [SM]   [5] Line 1767, D:\Documents\My Folder\Empires Custom UMC Stuff\SourceMod\Workspace\umc-core.sp::Native_UMCSetNextMap()
L 05/05/2018 - 20:03:29: [SM]   [7] UMC_SetNextMap
L 05/05/2018 - 20:03:29: [SM]   [8] Line 407, D:\Documents\My Folder\Empires Custom UMC Stuff\SourceMod\Workspace\umc-randomcycle.sp::DoRandomNextMap()
L 05/05/2018 - 20:03:29: [SM]   [9] Line 270, D:\Documents\My Folder\Empires Custom UMC Stuff\SourceMod\Workspace\umc-randomcycle.sp::Event_GameEnd()
L 05/05/2018 - 20:03:31: Error log file session closed.
L 05/05/2018 - 20:03:33: SourceMod error session started
L 05/05/2018 - 20:03:33: Info (map "emp_shadows_attacks_fix") (file "errors_20180505.log")
L 05/05/2018 - 20:03:33: [SM] Exception reported: Invalid hook callback specified for game event "player_disconnect"
L 05/05/2018 - 20:03:33: [SM] Blaming: empstats.smx()
L 05/05/2018 - 20:03:33: [SM] Call stack trace:
L 05/05/2018 - 20:03:33: [SM]   [0] UnhookEvent
L 05/05/2018 - 20:03:33: [SM]   [1] Line 338, dist\addons\sourcemod\scripting\empstats.sp::Deactivate()
L 05/05/2018 - 20:03:33: [SM]   [2] Line 290, dist\addons\sourcemod\scripting\empstats.sp::CheckActivate()
L 05/05/2018 - 20:03:33: [SM]   [3] Line 1608, dist\addons\sourcemod\scripting\empstats.sp::EndMapChange()
L 05/05/2018 - 20:03:42: [SM] Exception reported: Invalid hook callback specified for game event "player_disconnect"
L 05/05/2018 - 20:03:42: [SM] Blaming: empstats.smx()
L 05/05/2018 - 20:03:42: [SM] Call stack trace:
L 05/05/2018 - 20:03:42: [SM]   [0] UnhookEvent
L 05/05/2018 - 20:03:42: [SM]   [1] Line 338, dist\addons\sourcemod\scripting\empstats.sp::Deactivate()
L 05/05/2018 - 20:03:42: [SM]   [2] Line 290, dist\addons\sourcemod\scripting\empstats.sp::CheckActivate()
L 05/05/2018 - 20:03:42: [SM]   [3] Line 680, dist\addons\sourcemod\scripting\empstats.sp::OnClientPostAdminCheck()
L 05/05/2018 - 20:03:55: [SM] Exception reported: Invalid hook callback specified for game event "player_disconnect"
L 05/05/2018 - 20:03:55: [SM] Blaming: empstats.smx()
L 05/05/2018 - 20:03:55: [SM] Call stack trace:
L 05/05/2018 - 20:03:55: [SM]   [0] UnhookEvent
L 05/05/2018 - 20:03:55: [SM]   [1] Line 338, dist\addons\sourcemod\scripting\empstats.sp::Deactivate()
L 05/05/2018 - 20:03:55: [SM]   [2] Line 290, dist\addons\sourcemod\scripting\empstats.sp::CheckActivate()
L 05/05/2018 - 20:03:55: [SM]   [3] Line 680, dist\addons\sourcemod\scripting\empstats.sp::OnClientPostAdminCheck()
L 05/05/2018 - 20:28:12: [SM] Exception reported: Invalid timer handle 23260311 (error 1)
L 05/05/2018 - 20:28:12: [SM] Blaming: umc-emp-mapvote.smx()
L 05/05/2018 - 20:28:12: [SM] Call stack trace:
L 05/05/2018 - 20:28:12: [SM]   [0] KillTimer
L 05/05/2018 - 20:28:12: [SM]   [1] Line 686, D:\Documents\My Folder\Empires Custom UMC Stuff\SourceMod\Workspace\umc-emp-mapvote.sp::UMC_OnNextmapSet()
L 05/05/2018 - 20:28:12: [SM]   [3] Call_Finish
L 05/05/2018 - 20:28:12: [SM]   [4] Line 4834, D:\Documents\My Folder\Empires Custom UMC Stuff\SourceMod\Workspace\umc-core.sp::DoMapChange()
L 05/05/2018 - 20:28:12: [SM]   [5] Line 4267, D:\Documents\My Folder\Empires Custom UMC Stuff\SourceMod\Workspace\umc-core.sp::Handle_MapVoteWinner()
L 05/05/2018 - 20:28:12: [SM]   [6] Line 3819, D:\Documents\My Folder\Empires Custom UMC Stuff\SourceMod\Workspace\umc-core.sp::ProcessVoteWinner()
L 05/05/2018 - 20:28:12: [SM]   [7] Line 3795, D:\Documents\My Folder\Empires Custom UMC Stuff\SourceMod\Workspace\umc-core.sp::ProcessVoteResults()
L 05/05/2018 - 20:28:12: [SM]   [8] Line 1277, D:\Documents\My Folder\Empires Custom UMC Stuff\SourceMod\Workspace\umc-core.sp::Native_UMCVoteManagerComplete()
L 05/05/2018 - 20:28:12: [SM]   [10] UMC_VoteManagerVoteCompleted
L 05/05/2018 - 20:28:12: [SM]   [11] Line 2309, D:\Documents\My Folder\Empires Custom UMC Stuff\SourceMod\Workspace\umc-core.sp::Handle_MapVoteResults()
L 05/05/2018 - 20:28:18: Error log file session closed.
L 05/05/2018 - 20:28:20: SourceMod error session started
L 05/05/2018 - 20:28:20: Info (map "emp_nuclear_b8u_xfix") (file "errors_20180505.log")
L 05/05/2018 - 20:28:20: [SM] Exception reported: Invalid hook callback specified for game event "player_disconnect"
L 05/05/2018 - 20:28:20: [SM] Blaming: empstats.smx()
L 05/05/2018 - 20:28:20: [SM] Call stack trace:
L 05/05/2018 - 20:28:20: [SM]   [0] UnhookEvent
L 05/05/2018 - 20:28:20: [SM]   [1] Line 338, dist\addons\sourcemod\scripting\empstats.sp::Deactivate()
L 05/05/2018 - 20:28:20: [SM]   [2] Line 290, dist\addons\sourcemod\scripting\empstats.sp::CheckActivate()
L 05/05/2018 - 20:28:20: [SM]   [3] Line 1608, dist\addons\sourcemod\scripting\empstats.sp::EndMapChange()
L 05/05/2018 - 20:28:22: [SM] Exception reported: Invalid hook callback specified for game event "player_disconnect"
L 05/05/2018 - 20:28:22: [SM] Blaming: empstats.smx()
L 05/05/2018 - 20:28:22: [SM] Call stack trace:
L 05/05/2018 - 20:28:22: [SM]   [0] UnhookEvent
L 05/05/2018 - 20:28:22: [SM]   [1] Line 338, dist\addons\sourcemod\scripting\empstats.sp::Deactivate()
L 05/05/2018 - 20:28:22: [SM]   [2] Line 290, dist\addons\sourcemod\scripting\empstats.sp::CheckActivate()
L 05/05/2018 - 20:28:22: [SM]   [3] Line 680, dist\addons\sourcemod\scripting\empstats.sp::OnClientPostAdminCheck()
L 05/05/2018 - 20:28:22: [SM]   [5] NotifyPostAdminCheck
L 05/05/2018 - 20:28:22: [SM]   [6] Line 2395, sbpp_main.sp::CheckLoadAdmins()
L 05/05/2018 - 20:28:22: [SM]   [7] Line 1761, sbpp_main.sp::AdminsDone()
L 05/05/2018 - 20:28:24: [SM] Exception reported: Invalid hook callback specified for game event "player_disconnect"
L 05/05/2018 - 20:28:24: [SM] Blaming: empstats.smx()
L 05/05/2018 - 20:28:24: [SM] Call stack trace:
L 05/05/2018 - 20:28:24: [SM]   [0] UnhookEvent
L 05/05/2018 - 20:28:24: [SM]   [1] Line 338, dist\addons\sourcemod\scripting\empstats.sp::Deactivate()
L 05/05/2018 - 20:28:24: [SM]   [2] Line 290, dist\addons\sourcemod\scripting\empstats.sp::CheckActivate()
L 05/05/2018 - 20:28:24: [SM]   [3] Line 680, dist\addons\sourcemod\scripting\empstats.sp::OnClientPostAdminCheck()
L 05/05/2018 - 20:28:26: [SM] Exception reported: Invalid hook callback specified for game event "player_disconnect"
L 05/05/2018 - 20:28:26: [SM] Blaming: empstats.smx()
L 05/05/2018 - 20:28:26: [SM] Call stack trace:
L 05/05/2018 - 20:28:26: [SM]   [0] UnhookEvent
L 05/05/2018 - 20:28:26: [SM]   [1] Line 338, dist\addons\sourcemod\scripting\empstats.sp::Deactivate()
L 05/05/2018 - 20:28:26: [SM]   [2] Line 290, dist\addons\sourcemod\scripting\empstats.sp::CheckActivate()
L 05/05/2018 - 20:28:26: [SM]   [3] Line 680, dist\addons\sourcemod\scripting\empstats.sp::OnClientPostAdminCheck()
L 05/05/2018 - 21:06:40: [SM] Exception reported: Invalid timer handle 2c91037f (error 1)
L 05/05/2018 - 21:06:40: [SM] Blaming: umc-emp-mapvote.smx()
L 05/05/2018 - 21:06:40: [SM] Call stack trace:
L 05/05/2018 - 21:06:40: [SM]   [0] KillTimer
L 05/05/2018 - 21:06:40: [SM]   [1] Line 686, D:\Documents\My Folder\Empires Custom UMC Stuff\SourceMod\Workspace\umc-emp-mapvote.sp::UMC_OnNextmapSet()
L 05/05/2018 - 21:06:40: [SM]   [3] Call_Finish
L 05/05/2018 - 21:06:40: [SM]   [4] Line 4834, D:\Documents\My Folder\Empires Custom UMC Stuff\SourceMod\Workspace\umc-core.sp::DoMapChange()
L 05/05/2018 - 21:06:40: [SM]   [5] Line 4267, D:\Documents\My Folder\Empires Custom UMC Stuff\SourceMod\Workspace\umc-core.sp::Handle_MapVoteWinner()
L 05/05/2018 - 21:06:40: [SM]   [6] Line 3819, D:\Documents\My Folder\Empires Custom UMC Stuff\SourceMod\Workspace\umc-core.sp::ProcessVoteWinner()
L 05/05/2018 - 21:06:40: [SM]   [7] Line 3795, D:\Documents\My Folder\Empires Custom UMC Stuff\SourceMod\Workspace\umc-core.sp::ProcessVoteResults()
L 05/05/2018 - 21:06:40: [SM]   [8] Line 1277, D:\Documents\My Folder\Empires Custom UMC Stuff\SourceMod\Workspace\umc-core.sp::Native_UMCVoteManagerComplete()
L 05/05/2018 - 21:06:40: [SM]   [10] UMC_VoteManagerVoteCompleted
L 05/05/2018 - 21:06:40: [SM]   [11] Line 2309, D:\Documents\My Folder\Empires Custom UMC Stuff\SourceMod\Workspace\umc-core.sp::Handle_MapVoteResults()
L 05/05/2018 - 21:06:46: Error log file session closed.
L 05/05/2018 - 21:06:48: SourceMod error session started
L 05/05/2018 - 21:06:48: Info (map "con_district402") (file "errors_20180505.log")
L 05/05/2018 - 21:06:48: [SM] Exception reported: Invalid hook callback specified for game event "player_disconnect"
L 05/05/2018 - 21:06:48: [SM] Blaming: empstats.smx()
L 05/05/2018 - 21:06:48: [SM] Call stack trace:
L 05/05/2018 - 21:06:48: [SM]   [0] UnhookEvent
L 05/05/2018 - 21:06:48: [SM]   [1] Line 338, dist\addons\sourcemod\scripting\empstats.sp::Deactivate()
L 05/05/2018 - 21:06:48: [SM]   [2] Line 290, dist\addons\sourcemod\scripting\empstats.sp::CheckActivate()
L 05/05/2018 - 21:06:48: [SM]   [3] Line 1608, dist\addons\sourcemod\scripting\empstats.sp::EndMapChange()
L 05/05/2018 - 21:20:14: [SM] Exception reported: Invalid timer handle 3cb003b0 (error 3)
L 05/05/2018 - 21:20:14: [SM] Blaming: umc-emp-mapvote.smx()
L 05/05/2018 - 21:20:14: [SM] Call stack trace:
L 05/05/2018 - 21:20:14: [SM]   [0] KillTimer
L 05/05/2018 - 21:20:14: [SM]   [1] Line 686, D:\Documents\My Folder\Empires Custom UMC Stuff\SourceMod\Workspace\umc-emp-mapvote.sp::UMC_OnNextmapSet()
L 05/05/2018 - 21:20:14: [SM]   [3] Call_Finish
L 05/05/2018 - 21:20:14: [SM]   [4] Line 4834, D:\Documents\My Folder\Empires Custom UMC Stuff\SourceMod\Workspace\umc-core.sp::DoMapChange()
L 05/05/2018 - 21:20:14: [SM]   [5] Line 4267, D:\Documents\My Folder\Empires Custom UMC Stuff\SourceMod\Workspace\umc-core.sp::Handle_MapVoteWinner()
L 05/05/2018 - 21:20:14: [SM]   [6] Line 3819, D:\Documents\My Folder\Empires Custom UMC Stuff\SourceMod\Workspace\umc-core.sp::ProcessVoteWinner()
L 05/05/2018 - 21:20:14: [SM]   [7] Line 3795, D:\Documents\My Folder\Empires Custom UMC Stuff\SourceMod\Workspace\umc-core.sp::ProcessVoteResults()
L 05/05/2018 - 21:20:14: [SM]   [8] Line 1277, D:\Documents\My Folder\Empires Custom UMC Stuff\SourceMod\Workspace\umc-core.sp::Native_UMCVoteManagerComplete()
L 05/05/2018 - 21:20:14: [SM]   [10] UMC_VoteManagerVoteCompleted
L 05/05/2018 - 21:20:14: [SM]   [11] Line 2309, D:\Documents\My Folder\Empires Custom UMC Stuff\SourceMod\Workspace\umc-core.sp::Handle_MapVoteResults()
L 05/05/2018 - 21:20:20: Error log file session closed.
L 05/05/2018 - 21:20:22: SourceMod error session started
L 05/05/2018 - 21:20:22: Info (map "emp_hazard_rc6") (file "errors_20180505.log")
L 05/05/2018 - 21:20:22: [SM] Exception reported: Invalid hook callback specified for game event "player_disconnect"
L 05/05/2018 - 21:20:22: [SM] Blaming: empstats.smx()
L 05/05/2018 - 21:20:22: [SM] Call stack trace:
L 05/05/2018 - 21:20:22: [SM]   [0] UnhookEvent
L 05/05/2018 - 21:20:22: [SM]   [1] Line 338, dist\addons\sourcemod\scripting\empstats.sp::Deactivate()
L 05/05/2018 - 21:20:22: [SM]   [2] Line 290, dist\addons\sourcemod\scripting\empstats.sp::CheckActivate()
L 05/05/2018 - 21:20:22: [SM]   [3] Line 1608, dist\addons\sourcemod\scripting\empstats.sp::EndMapChange()
L 05/05/2018 - 21:22:02: [SM] Exception reported: Heap leak detected: hp:14128 should be 14104!
L 05/05/2018 - 21:49:23: [SM] Exception reported: Invalid timer handle 4c17038d (error 3)
L 05/05/2018 - 21:49:23: [SM] Blaming: umc-emp-mapvote.smx()
L 05/05/2018 - 21:49:23: [SM] Call stack trace:
L 05/05/2018 - 21:49:23: [SM]   [0] KillTimer
L 05/05/2018 - 21:49:23: [SM]   [1] Line 686, D:\Documents\My Folder\Empires Custom UMC Stuff\SourceMod\Workspace\umc-emp-mapvote.sp::UMC_OnNextmapSet()
L 05/05/2018 - 21:49:23: [SM]   [3] Call_Finish
L 05/05/2018 - 21:49:23: [SM]   [4] Line 4834, D:\Documents\My Folder\Empires Custom UMC Stuff\SourceMod\Workspace\umc-core.sp::DoMapChange()
L 05/05/2018 - 21:49:23: [SM]   [5] Line 4267, D:\Documents\My Folder\Empires Custom UMC Stuff\SourceMod\Workspace\umc-core.sp::Handle_MapVoteWinner()
L 05/05/2018 - 21:49:23: [SM]   [6] Line 3819, D:\Documents\My Folder\Empires Custom UMC Stuff\SourceMod\Workspace\umc-core.sp::ProcessVoteWinner()
L 05/05/2018 - 21:49:23: [SM]   [7] Line 3795, D:\Documents\My Folder\Empires Custom UMC Stuff\SourceMod\Workspace\umc-core.sp::ProcessVoteResults()
L 05/05/2018 - 21:49:23: [SM]   [8] Line 1277, D:\Documents\My Folder\Empires Custom UMC Stuff\SourceMod\Workspace\umc-core.sp::Native_UMCVoteManagerComplete()
L 05/05/2018 - 21:49:23: [SM]   [10] UMC_VoteManagerVoteCompleted
L 05/05/2018 - 21:49:23: [SM]   [11] Line 2309, D:\Documents\My Folder\Empires Custom UMC Stuff\SourceMod\Workspace\umc-core.sp::Handle_MapVoteResults()
L 05/05/2018 - 21:49:29: Error log file session closed.
L 05/05/2018 - 21:49:31: SourceMod error session started
L 05/05/2018 - 21:49:31: Info (map "emp_isle") (file "errors_20180505.log")
L 05/05/2018 - 21:49:31: [SM] Exception reported: Invalid hook callback specified for game event "player_disconnect"
L 05/05/2018 - 21:49:31: [SM] Blaming: empstats.smx()
L 05/05/2018 - 21:49:31: [SM] Call stack trace:
L 05/05/2018 - 21:49:31: [SM]   [0] UnhookEvent
L 05/05/2018 - 21:49:31: [SM]   [1] Line 338, dist\addons\sourcemod\scripting\empstats.sp::Deactivate()
L 05/05/2018 - 21:49:31: [SM]   [2] Line 290, dist\addons\sourcemod\scripting\empstats.sp::CheckActivate()
L 05/05/2018 - 21:49:31: [SM]   [3] Line 1608, dist\addons\sourcemod\scripting\empstats.sp::EndMapChange()
L 05/05/2018 - 21:51:11: [SM] Exception reported: Heap leak detected: hp:14152 should be 14128!
L 05/05/2018 - 22:26:36: [SM] Exception reported: Invalid timer handle 60ab03cd (error 1)
L 05/05/2018 - 22:26:36: [SM] Blaming: umc-emp-mapvote.smx()
L 05/05/2018 - 22:26:36: [SM] Call stack trace:
L 05/05/2018 - 22:26:36: [SM]   [0] KillTimer
L 05/05/2018 - 22:26:36: [SM]   [1] Line 686, D:\Documents\My Folder\Empires Custom UMC Stuff\SourceMod\Workspace\umc-emp-mapvote.sp::UMC_OnNextmapSet()
L 05/05/2018 - 22:26:36: [SM]   [3] Call_Finish
L 05/05/2018 - 22:26:36: [SM]   [4] Line 4834, D:\Documents\My Folder\Empires Custom UMC Stuff\SourceMod\Workspace\umc-core.sp::DoMapChange()
L 05/05/2018 - 22:26:36: [SM]   [5] Line 4267, D:\Documents\My Folder\Empires Custom UMC Stuff\SourceMod\Workspace\umc-core.sp::Handle_MapVoteWinner()
L 05/05/2018 - 22:26:36: [SM]   [6] Line 3819, D:\Documents\My Folder\Empires Custom UMC Stuff\SourceMod\Workspace\umc-core.sp::ProcessVoteWinner()
L 05/05/2018 - 22:26:36: [SM]   [7] Line 3795, D:\Documents\My Folder\Empires Custom UMC Stuff\SourceMod\Workspace\umc-core.sp::ProcessVoteResults()
L 05/05/2018 - 22:26:36: [SM]   [8] Line 1277, D:\Documents\My Folder\Empires Custom UMC Stuff\SourceMod\Workspace\umc-core.sp::Native_UMCVoteManagerComplete()
L 05/05/2018 - 22:26:36: [SM]   [10] UMC_VoteManagerVoteCompleted
L 05/05/2018 - 22:26:36: [SM]   [11] Line 2309, D:\Documents\My Folder\Empires Custom UMC Stuff\SourceMod\Workspace\umc-core.sp::Handle_MapVoteResults()
L 05/05/2018 - 22:26:44: Error log file session closed.
L 05/05/2018 - 22:26:46: SourceMod error session started
L 05/05/2018 - 22:26:46: Info (map "emp_massacred_rc1_hce") (file "errors_20180505.log")
L 05/05/2018 - 22:26:46: [SM] Exception reported: Invalid hook callback specified for game event "player_disconnect"
L 05/05/2018 - 22:26:46: [SM] Blaming: empstats.smx()
L 05/05/2018 - 22:26:46: [SM] Call stack trace:
L 05/05/2018 - 22:26:46: [SM]   [0] UnhookEvent
L 05/05/2018 - 22:26:46: [SM]   [1] Line 338, dist\addons\sourcemod\scripting\empstats.sp::Deactivate()
L 05/05/2018 - 22:26:46: [SM]   [2] Line 290, dist\addons\sourcemod\scripting\empstats.sp::CheckActivate()
L 05/05/2018 - 22:26:46: [SM]   [3] Line 1608, dist\addons\sourcemod\scripting\empstats.sp::EndMapChange()
L 05/05/2018 - 22:26:51: [SM] Exception reported: Invalid hook callback specified for game event "player_disconnect"
L 05/05/2018 - 22:26:51: [SM] Blaming: empstats.smx()
L 05/05/2018 - 22:26:51: [SM] Call stack trace:
L 05/05/2018 - 22:26:51: [SM]   [0] UnhookEvent
L 05/05/2018 - 22:26:51: [SM]   [1] Line 338, dist\addons\sourcemod\scripting\empstats.sp::Deactivate()
L 05/05/2018 - 22:26:51: [SM]   [2] Line 290, dist\addons\sourcemod\scripting\empstats.sp::CheckActivate()
L 05/05/2018 - 22:26:51: [SM]   [3] Line 680, dist\addons\sourcemod\scripting\empstats.sp::OnClientPostAdminCheck()
L 05/05/2018 - 22:26:51: [SM]   [5] NotifyPostAdminCheck
L 05/05/2018 - 22:26:51: [SM]   [6] Line 2395, sbpp_main.sp::CheckLoadAdmins()
L 05/05/2018 - 22:26:51: [SM]   [7] Line 1761, sbpp_main.sp::AdminsDone()
L 05/05/2018 - 22:26:53: [SM] Exception reported: Invalid hook callback specified for game event "player_disconnect"
L 05/05/2018 - 22:26:53: [SM] Blaming: empstats.smx()
L 05/05/2018 - 22:26:53: [SM] Call stack trace:
L 05/05/2018 - 22:26:53: [SM]   [0] UnhookEvent
L 05/05/2018 - 22:26:53: [SM]   [1] Line 338, dist\addons\sourcemod\scripting\empstats.sp::Deactivate()
L 05/05/2018 - 22:26:53: [SM]   [2] Line 290, dist\addons\sourcemod\scripting\empstats.sp::CheckActivate()
L 05/05/2018 - 22:26:53: [SM]   [3] Line 680, dist\addons\sourcemod\scripting\empstats.sp::OnClientPostAdminCheck()
L 05/05/2018 - 22:26:54: [SM] Exception reported: Invalid hook callback specified for game event "player_disconnect"
L 05/05/2018 - 22:26:54: [SM] Blaming: empstats.smx()
L 05/05/2018 - 22:26:54: [SM] Call stack trace:
L 05/05/2018 - 22:26:54: [SM]   [0] UnhookEvent
L 05/05/2018 - 22:26:54: [SM]   [1] Line 338, dist\addons\sourcemod\scripting\empstats.sp::Deactivate()
L 05/05/2018 - 22:26:54: [SM]   [2] Line 290, dist\addons\sourcemod\scripting\empstats.sp::CheckActivate()
L 05/05/2018 - 22:26:54: [SM]   [3] Line 680, dist\addons\sourcemod\scripting\empstats.sp::OnClientPostAdminCheck()
L 05/05/2018 - 22:29:51: [SM] Exception reported: Heap leak detected: hp:14204 should be 14152!
L 05/05/2018 - 23:14:59: [SM] Exception reported: Invalid timer handle 7c5403cf (error 3)
L 05/05/2018 - 23:14:59: [SM] Blaming: umc-emp-mapvote.smx()
L 05/05/2018 - 23:14:59: [SM] Call stack trace:
L 05/05/2018 - 23:14:59: [SM]   [0] KillTimer
L 05/05/2018 - 23:14:59: [SM]   [1] Line 686, D:\Documents\My Folder\Empires Custom UMC Stuff\SourceMod\Workspace\umc-emp-mapvote.sp::UMC_OnNextmapSet()
L 05/05/2018 - 23:14:59: [SM]   [3] Call_Finish
L 05/05/2018 - 23:14:59: [SM]   [4] Line 4834, D:\Documents\My Folder\Empires Custom UMC Stuff\SourceMod\Workspace\umc-core.sp::DoMapChange()
L 05/05/2018 - 23:14:59: [SM]   [5] Line 4267, D:\Documents\My Folder\Empires Custom UMC Stuff\SourceMod\Workspace\umc-core.sp::Handle_MapVoteWinner()
L 05/05/2018 - 23:14:59: [SM]   [6] Line 3819, D:\Documents\My Folder\Empires Custom UMC Stuff\SourceMod\Workspace\umc-core.sp::ProcessVoteWinner()
L 05/05/2018 - 23:14:59: [SM]   [7] Line 3795, D:\Documents\My Folder\Empires Custom UMC Stuff\SourceMod\Workspace\umc-core.sp::ProcessVoteResults()
L 05/05/2018 - 23:14:59: [SM]   [8] Line 1277, D:\Documents\My Folder\Empires Custom UMC Stuff\SourceMod\Workspace\umc-core.sp::Native_UMCVoteManagerComplete()
L 05/05/2018 - 23:14:59: [SM]   [10] UMC_VoteManagerVoteCompleted
L 05/05/2018 - 23:14:59: [SM]   [11] Line 2309, D:\Documents\My Folder\Empires Custom UMC Stuff\SourceMod\Workspace\umc-core.sp::Handle_MapVoteResults()
L 05/05/2018 - 23:15:05: Error log file session closed.
L 05/05/2018 - 23:15:08: SourceMod error session started
L 05/05/2018 - 23:15:08: Info (map "emp_homeland_b9") (file "errors_20180505.log")
L 05/05/2018 - 23:15:08: [SM] Exception reported: Invalid hook callback specified for game event "player_disconnect"
L 05/05/2018 - 23:15:08: [SM] Blaming: empstats.smx()
L 05/05/2018 - 23:15:08: [SM] Call stack trace:
L 05/05/2018 - 23:15:08: [SM]   [0] UnhookEvent
L 05/05/2018 - 23:15:08: [SM]   [1] Line 338, dist\addons\sourcemod\scripting\empstats.sp::Deactivate()
L 05/05/2018 - 23:15:08: [SM]   [2] Line 290, dist\addons\sourcemod\scripting\empstats.sp::CheckActivate()
L 05/05/2018 - 23:15:08: [SM]   [3] Line 1608, dist\addons\sourcemod\scripting\empstats.sp::EndMapChange()
L 05/05/2018 - 23:16:48: [SM] Exception reported: Heap leak detected: hp:14260 should be 14204!
