L 11/25/2017 - 16:58:56: SourceMod error session started
L 11/25/2017 - 16:58:56: Info (map "con_district402") (file "errors_20171125.log")
L 11/25/2017 - 16:58:56: [SDKTOOLS] Invalid detour address passed - Disabling detour to prevent crashes
L 11/25/2017 - 16:58:56: [SDKTOOLS] Failed to find PlayerRunCmd offset - OnPlayerRunCmd forward disabled.
L 11/25/2017 - 21:49:50: [SM] Exception reported: Invalid timer handle 1355014e (error 1)
L 11/25/2017 - 21:49:50: [SM] Blaming: umc-emp-mapvote.smx()
L 11/25/2017 - 21:49:50: [SM] Call stack trace:
L 11/25/2017 - 21:49:50: [SM]   [0] KillTimer
L 11/25/2017 - 21:49:50: [SM]   [1] Line 686, D:\Documents\My Folder\Empires Custom UMC Stuff\SourceMod\Workspace\umc-emp-mapvote.sp::UMC_OnNextmapSet()
L 11/25/2017 - 21:49:50: [SM]   [3] Call_Finish
L 11/25/2017 - 21:49:50: [SM]   [4] Line 4834, D:\Documents\My Folder\Empires Custom UMC Stuff\SourceMod\Workspace\umc-core.sp::DoMapChange()
L 11/25/2017 - 21:49:50: [SM]   [5] Line 4267, D:\Documents\My Folder\Empires Custom UMC Stuff\SourceMod\Workspace\umc-core.sp::Handle_MapVoteWinner()
L 11/25/2017 - 21:49:50: [SM]   [6] Line 3819, D:\Documents\My Folder\Empires Custom UMC Stuff\SourceMod\Workspace\umc-core.sp::ProcessVoteWinner()
L 11/25/2017 - 21:49:50: [SM]   [7] Line 3795, D:\Documents\My Folder\Empires Custom UMC Stuff\SourceMod\Workspace\umc-core.sp::ProcessVoteResults()
L 11/25/2017 - 21:49:50: [SM]   [8] Line 1277, D:\Documents\My Folder\Empires Custom UMC Stuff\SourceMod\Workspace\umc-core.sp::Native_UMCVoteManagerComplete()
L 11/25/2017 - 21:49:50: [SM]   [10] UMC_VoteManagerVoteCompleted
L 11/25/2017 - 21:49:50: [SM]   [11] Line 2309, D:\Documents\My Folder\Empires Custom UMC Stuff\SourceMod\Workspace\umc-core.sp::Handle_MapVoteResults()
L 11/25/2017 - 21:49:56: Error log file session closed.
L 11/25/2017 - 22:53:19: SourceMod error session started
L 11/25/2017 - 22:53:19: Info (map "emp_palmbay_fix") (file "errors_20171125.log")
L 11/25/2017 - 22:53:19: [SM] Exception reported: Invalid timer handle 25b5032c (error 1)
L 11/25/2017 - 22:53:19: [SM] Blaming: umc-emp-mapvote.smx()
L 11/25/2017 - 22:53:19: [SM] Call stack trace:
L 11/25/2017 - 22:53:19: [SM]   [0] KillTimer
L 11/25/2017 - 22:53:19: [SM]   [1] Line 686, D:\Documents\My Folder\Empires Custom UMC Stuff\SourceMod\Workspace\umc-emp-mapvote.sp::UMC_OnNextmapSet()
L 11/25/2017 - 22:53:19: [SM]   [3] Call_Finish
L 11/25/2017 - 22:53:19: [SM]   [4] Line 4834, D:\Documents\My Folder\Empires Custom UMC Stuff\SourceMod\Workspace\umc-core.sp::DoMapChange()
L 11/25/2017 - 22:53:19: [SM]   [5] Line 4267, D:\Documents\My Folder\Empires Custom UMC Stuff\SourceMod\Workspace\umc-core.sp::Handle_MapVoteWinner()
L 11/25/2017 - 22:53:19: [SM]   [6] Line 3819, D:\Documents\My Folder\Empires Custom UMC Stuff\SourceMod\Workspace\umc-core.sp::ProcessVoteWinner()
L 11/25/2017 - 22:53:19: [SM]   [7] Line 3795, D:\Documents\My Folder\Empires Custom UMC Stuff\SourceMod\Workspace\umc-core.sp::ProcessVoteResults()
L 11/25/2017 - 22:53:19: [SM]   [8] Line 1277, D:\Documents\My Folder\Empires Custom UMC Stuff\SourceMod\Workspace\umc-core.sp::Native_UMCVoteManagerComplete()
L 11/25/2017 - 22:53:19: [SM]   [10] UMC_VoteManagerVoteCompleted
L 11/25/2017 - 22:53:19: [SM]   [11] Line 2309, D:\Documents\My Folder\Empires Custom UMC Stuff\SourceMod\Workspace\umc-core.sp::Handle_MapVoteResults()
L 11/25/2017 - 22:53:25: Error log file session closed.
L 11/25/2017 - 23:27:10: SourceMod error session started
L 11/25/2017 - 23:27:10: Info (map "emp_streetsoffire_old") (file "errors_20171125.log")
L 11/25/2017 - 23:27:10: [SM] Exception reported: Invalid timer handle 32da0369 (error 3)
L 11/25/2017 - 23:27:10: [SM] Blaming: umc-emp-mapvote.smx()
L 11/25/2017 - 23:27:10: [SM] Call stack trace:
L 11/25/2017 - 23:27:10: [SM]   [0] KillTimer
L 11/25/2017 - 23:27:10: [SM]   [1] Line 686, D:\Documents\My Folder\Empires Custom UMC Stuff\SourceMod\Workspace\umc-emp-mapvote.sp::UMC_OnNextmapSet()
L 11/25/2017 - 23:27:10: [SM]   [3] Call_Finish
L 11/25/2017 - 23:27:10: [SM]   [4] Line 4834, D:\Documents\My Folder\Empires Custom UMC Stuff\SourceMod\Workspace\umc-core.sp::DoMapChange()
L 11/25/2017 - 23:27:10: [SM]   [5] Line 4267, D:\Documents\My Folder\Empires Custom UMC Stuff\SourceMod\Workspace\umc-core.sp::Handle_MapVoteWinner()
L 11/25/2017 - 23:27:10: [SM]   [6] Line 3819, D:\Documents\My Folder\Empires Custom UMC Stuff\SourceMod\Workspace\umc-core.sp::ProcessVoteWinner()
L 11/25/2017 - 23:27:10: [SM]   [7] Line 3795, D:\Documents\My Folder\Empires Custom UMC Stuff\SourceMod\Workspace\umc-core.sp::ProcessVoteResults()
L 11/25/2017 - 23:27:10: [SM]   [8] Line 1277, D:\Documents\My Folder\Empires Custom UMC Stuff\SourceMod\Workspace\umc-core.sp::Native_UMCVoteManagerComplete()
L 11/25/2017 - 23:27:10: [SM]   [10] UMC_VoteManagerVoteCompleted
L 11/25/2017 - 23:27:10: [SM]   [11] Line 2309, D:\Documents\My Folder\Empires Custom UMC Stuff\SourceMod\Workspace\umc-core.sp::Handle_MapVoteResults()
L 11/25/2017 - 23:27:16: Error log file session closed.
