L 12/29/2017 - 00:55:13: SourceMod error session started
L 12/29/2017 - 00:55:13: Info (map "con_district402") (file "errors_20171229.log")
L 12/29/2017 - 00:55:13: [SDKTOOLS] Invalid detour address passed - Disabling detour to prevent crashes
L 12/29/2017 - 00:55:13: [SDKTOOLS] Failed to find PlayerRunCmd offset - OnPlayerRunCmd forward disabled.
L 12/29/2017 - 01:32:54: [SM] Exception reported: Invalid timer handle 4c80300 (error 1)
L 12/29/2017 - 01:32:54: [SM] Blaming: umc-emp-mapvote.smx()
L 12/29/2017 - 01:32:54: [SM] Call stack trace:
L 12/29/2017 - 01:32:54: [SM]   [0] KillTimer
L 12/29/2017 - 01:32:54: [SM]   [1] Line 686, D:\Documents\My Folder\Empires Custom UMC Stuff\SourceMod\Workspace\umc-emp-mapvote.sp::UMC_OnNextmapSet()
L 12/29/2017 - 01:32:54: [SM]   [3] Call_Finish
L 12/29/2017 - 01:32:54: [SM]   [4] Line 4834, D:\Documents\My Folder\Empires Custom UMC Stuff\SourceMod\Workspace\umc-core.sp::DoMapChange()
L 12/29/2017 - 01:32:54: [SM]   [5] Line 4267, D:\Documents\My Folder\Empires Custom UMC Stuff\SourceMod\Workspace\umc-core.sp::Handle_MapVoteWinner()
L 12/29/2017 - 01:32:54: [SM]   [6] Line 3819, D:\Documents\My Folder\Empires Custom UMC Stuff\SourceMod\Workspace\umc-core.sp::ProcessVoteWinner()
L 12/29/2017 - 01:32:54: [SM]   [7] Line 3795, D:\Documents\My Folder\Empires Custom UMC Stuff\SourceMod\Workspace\umc-core.sp::ProcessVoteResults()
L 12/29/2017 - 01:32:54: [SM]   [8] Line 1277, D:\Documents\My Folder\Empires Custom UMC Stuff\SourceMod\Workspace\umc-core.sp::Native_UMCVoteManagerComplete()
L 12/29/2017 - 01:32:54: [SM]   [10] UMC_VoteManagerVoteCompleted
L 12/29/2017 - 01:32:54: [SM]   [11] Line 2309, D:\Documents\My Folder\Empires Custom UMC Stuff\SourceMod\Workspace\umc-core.sp::Handle_MapVoteResults()
L 12/29/2017 - 01:32:59: Error log file session closed.
L 12/29/2017 - 02:24:08: SourceMod error session started
L 12/29/2017 - 02:24:08: Info (map "emp_downfall") (file "errors_20171229.log")
L 12/29/2017 - 02:24:08: [SM] Exception reported: Invalid timer handle 4c80300 (error 3)
L 12/29/2017 - 02:24:08: [SM] Blaming: umc-emp-mapvote.smx()
L 12/29/2017 - 02:24:08: [SM] Call stack trace:
L 12/29/2017 - 02:24:08: [SM]   [0] KillTimer
L 12/29/2017 - 02:24:08: [SM]   [1] Line 686, D:\Documents\My Folder\Empires Custom UMC Stuff\SourceMod\Workspace\umc-emp-mapvote.sp::UMC_OnNextmapSet()
L 12/29/2017 - 02:24:08: [SM]   [3] Call_Finish
L 12/29/2017 - 02:24:08: [SM]   [4] Line 4834, D:\Documents\My Folder\Empires Custom UMC Stuff\SourceMod\Workspace\umc-core.sp::DoMapChange()
L 12/29/2017 - 02:24:08: [SM]   [5] Line 1767, D:\Documents\My Folder\Empires Custom UMC Stuff\SourceMod\Workspace\umc-core.sp::Native_UMCSetNextMap()
L 12/29/2017 - 02:24:08: [SM]   [7] UMC_SetNextMap
L 12/29/2017 - 02:24:08: [SM]   [8] Line 2354, D:\Documents\My Folder\Empires Custom UMC Stuff\SourceMod\Workspace\umc-adminmenu.sp::DoMapChange()
L 12/29/2017 - 02:24:08: [SM]   [9] Line 2281, D:\Documents\My Folder\Empires Custom UMC Stuff\SourceMod\Workspace\umc-adminmenu.sp::DoManualMapChange()
L 12/29/2017 - 02:24:08: [SM]   [10] Line 2230, D:\Documents\My Folder\Empires Custom UMC Stuff\SourceMod\Workspace\umc-adminmenu.sp::Handle_ManualChangeWhenMenu()
L 12/29/2017 - 02:24:14: Error log file session closed.
L 12/29/2017 - 02:48:44: SourceMod error session started
L 12/29/2017 - 02:48:44: Info (map "con_district402") (file "errors_20171229.log")
L 12/29/2017 - 02:48:44: [SM] Exception reported: Invalid timer handle 4c80300 (error 1)
L 12/29/2017 - 02:48:44: [SM] Blaming: umc-emp-mapvote.smx()
L 12/29/2017 - 02:48:44: [SM] Call stack trace:
L 12/29/2017 - 02:48:44: [SM]   [0] KillTimer
L 12/29/2017 - 02:48:44: [SM]   [1] Line 686, D:\Documents\My Folder\Empires Custom UMC Stuff\SourceMod\Workspace\umc-emp-mapvote.sp::UMC_OnNextmapSet()
L 12/29/2017 - 02:48:44: [SM]   [3] Call_Finish
L 12/29/2017 - 02:48:44: [SM]   [4] Line 4834, D:\Documents\My Folder\Empires Custom UMC Stuff\SourceMod\Workspace\umc-core.sp::DoMapChange()
L 12/29/2017 - 02:48:44: [SM]   [5] Line 1767, D:\Documents\My Folder\Empires Custom UMC Stuff\SourceMod\Workspace\umc-core.sp::Native_UMCSetNextMap()
L 12/29/2017 - 02:48:44: [SM]   [7] UMC_SetNextMap
L 12/29/2017 - 02:48:44: [SM]   [8] Line 2354, D:\Documents\My Folder\Empires Custom UMC Stuff\SourceMod\Workspace\umc-adminmenu.sp::DoMapChange()
L 12/29/2017 - 02:48:44: [SM]   [9] Line 2526, D:\Documents\My Folder\Empires Custom UMC Stuff\SourceMod\Workspace\umc-adminmenu.sp::DoManualNextMap()
L 12/29/2017 - 02:48:44: [SM]   [10] Line 2479, D:\Documents\My Folder\Empires Custom UMC Stuff\SourceMod\Workspace\umc-adminmenu.sp::HandleMM_NextMap()
L 12/29/2017 - 02:50:05: [SM] Exception reported: Invalid timer handle a640152 (error 1)
L 12/29/2017 - 02:50:05: [SM] Blaming: umc-emp-mapvote.smx()
L 12/29/2017 - 02:50:05: [SM] Call stack trace:
L 12/29/2017 - 02:50:05: [SM]   [0] KillTimer
L 12/29/2017 - 02:50:05: [SM]   [1] Line 686, D:\Documents\My Folder\Empires Custom UMC Stuff\SourceMod\Workspace\umc-emp-mapvote.sp::UMC_OnNextmapSet()
L 12/29/2017 - 02:50:05: [SM]   [3] Call_Finish
L 12/29/2017 - 02:50:05: [SM]   [4] Line 4834, D:\Documents\My Folder\Empires Custom UMC Stuff\SourceMod\Workspace\umc-core.sp::DoMapChange()
L 12/29/2017 - 02:50:05: [SM]   [5] Line 1767, D:\Documents\My Folder\Empires Custom UMC Stuff\SourceMod\Workspace\umc-core.sp::Native_UMCSetNextMap()
L 12/29/2017 - 02:50:05: [SM]   [7] UMC_SetNextMap
L 12/29/2017 - 02:50:05: [SM]   [8] Line 621, D:\Documents\My Folder\Empires Custom UMC Stuff\SourceMod\Workspace\umc-emp-mapvote.sp::DoRandomNextMap()
L 12/29/2017 - 02:50:05: [SM]   [9] Line 606, D:\Documents\My Folder\Empires Custom UMC Stuff\SourceMod\Workspace\umc-emp-mapvote.sp::DoMapChangeFailSafe()
L 12/29/2017 - 02:50:05: [SM]   [10] Line 722, D:\Documents\My Folder\Empires Custom UMC Stuff\SourceMod\Workspace\umc-emp-mapvote.sp::UMC_OnVoteFailed()
L 12/29/2017 - 02:50:05: [SM]   [12] Call_Finish
L 12/29/2017 - 02:50:05: [SM]   [13] Line 4796, D:\Documents\My Folder\Empires Custom UMC Stuff\SourceMod\Workspace\umc-core.sp::VoteFailed()
L 12/29/2017 - 02:50:05: [SM]   [14] Line 3507, D:\Documents\My Folder\Empires Custom UMC Stuff\SourceMod\Workspace\umc-core.sp::VoteCancelled()
L 12/29/2017 - 02:50:05: [SM]   [15] Line 1042, D:\Documents\My Folder\Empires Custom UMC Stuff\SourceMod\Workspace\umc-core.sp::OnMapEnd()
L 12/29/2017 - 02:50:06: Error log file session closed.
L 12/29/2017 - 02:57:45: SourceMod error session started
L 12/29/2017 - 02:57:45: Info (map "fun_ricochet_a3") (file "errors_20171229.log")
L 12/29/2017 - 02:57:45: [SM] Exception reported: Invalid timer handle d2f033a (error 1)
L 12/29/2017 - 02:57:45: [SM] Blaming: umc-emp-mapvote.smx()
L 12/29/2017 - 02:57:45: [SM] Call stack trace:
L 12/29/2017 - 02:57:45: [SM]   [0] KillTimer
L 12/29/2017 - 02:57:45: [SM]   [1] Line 686, D:\Documents\My Folder\Empires Custom UMC Stuff\SourceMod\Workspace\umc-emp-mapvote.sp::UMC_OnNextmapSet()
L 12/29/2017 - 02:57:45: [SM]   [3] Call_Finish
L 12/29/2017 - 02:57:45: [SM]   [4] Line 4834, D:\Documents\My Folder\Empires Custom UMC Stuff\SourceMod\Workspace\umc-core.sp::DoMapChange()
L 12/29/2017 - 02:57:45: [SM]   [5] Line 4267, D:\Documents\My Folder\Empires Custom UMC Stuff\SourceMod\Workspace\umc-core.sp::Handle_MapVoteWinner()
L 12/29/2017 - 02:57:45: [SM]   [6] Line 3819, D:\Documents\My Folder\Empires Custom UMC Stuff\SourceMod\Workspace\umc-core.sp::ProcessVoteWinner()
L 12/29/2017 - 02:57:45: [SM]   [7] Line 3795, D:\Documents\My Folder\Empires Custom UMC Stuff\SourceMod\Workspace\umc-core.sp::ProcessVoteResults()
L 12/29/2017 - 02:57:45: [SM]   [8] Line 1277, D:\Documents\My Folder\Empires Custom UMC Stuff\SourceMod\Workspace\umc-core.sp::Native_UMCVoteManagerComplete()
L 12/29/2017 - 02:57:45: [SM]   [10] UMC_VoteManagerVoteCompleted
L 12/29/2017 - 02:57:45: [SM]   [11] Line 2309, D:\Documents\My Folder\Empires Custom UMC Stuff\SourceMod\Workspace\umc-core.sp::Handle_MapVoteResults()
L 12/29/2017 - 02:57:50: Error log file session closed.
L 12/29/2017 - 03:00:35: SourceMod error session started
L 12/29/2017 - 03:00:35: Info (map "fun_ricochet_a3") (file "errors_20171229.log")
L 12/29/2017 - 03:00:35: [SM] Exception reported: Invalid timer handle e73031b (error 1)
L 12/29/2017 - 03:00:35: [SM] Blaming: umc-emp-mapvote.smx()
L 12/29/2017 - 03:00:35: [SM] Call stack trace:
L 12/29/2017 - 03:00:35: [SM]   [0] KillTimer
L 12/29/2017 - 03:00:35: [SM]   [1] Line 686, D:\Documents\My Folder\Empires Custom UMC Stuff\SourceMod\Workspace\umc-emp-mapvote.sp::UMC_OnNextmapSet()
L 12/29/2017 - 03:00:35: [SM]   [3] Call_Finish
L 12/29/2017 - 03:00:35: [SM]   [4] Line 4834, D:\Documents\My Folder\Empires Custom UMC Stuff\SourceMod\Workspace\umc-core.sp::DoMapChange()
L 12/29/2017 - 03:00:35: [SM]   [5] Line 4267, D:\Documents\My Folder\Empires Custom UMC Stuff\SourceMod\Workspace\umc-core.sp::Handle_MapVoteWinner()
L 12/29/2017 - 03:00:35: [SM]   [6] Line 3819, D:\Documents\My Folder\Empires Custom UMC Stuff\SourceMod\Workspace\umc-core.sp::ProcessVoteWinner()
L 12/29/2017 - 03:00:35: [SM]   [7] Line 3795, D:\Documents\My Folder\Empires Custom UMC Stuff\SourceMod\Workspace\umc-core.sp::ProcessVoteResults()
L 12/29/2017 - 03:00:35: [SM]   [8] Line 1277, D:\Documents\My Folder\Empires Custom UMC Stuff\SourceMod\Workspace\umc-core.sp::Native_UMCVoteManagerComplete()
L 12/29/2017 - 03:00:35: [SM]   [10] UMC_VoteManagerVoteCompleted
L 12/29/2017 - 03:00:35: [SM]   [11] Line 2309, D:\Documents\My Folder\Empires Custom UMC Stuff\SourceMod\Workspace\umc-core.sp::Handle_MapVoteResults()
L 12/29/2017 - 03:00:40: Error log file session closed.
L 12/29/2017 - 03:37:25: SourceMod error session started
L 12/29/2017 - 03:37:25: Info (map "emp_vehicletraining_2013") (file "errors_20171229.log")
L 12/29/2017 - 03:37:25: [SM] Exception reported: Invalid timer handle 11a702f2 (error 3)
L 12/29/2017 - 03:37:25: [SM] Blaming: umc-emp-mapvote.smx()
L 12/29/2017 - 03:37:25: [SM] Call stack trace:
L 12/29/2017 - 03:37:25: [SM]   [0] KillTimer
L 12/29/2017 - 03:37:25: [SM]   [1] Line 686, D:\Documents\My Folder\Empires Custom UMC Stuff\SourceMod\Workspace\umc-emp-mapvote.sp::UMC_OnNextmapSet()
L 12/29/2017 - 03:37:25: [SM]   [3] Call_Finish
L 12/29/2017 - 03:37:25: [SM]   [4] Line 4834, D:\Documents\My Folder\Empires Custom UMC Stuff\SourceMod\Workspace\umc-core.sp::DoMapChange()
L 12/29/2017 - 03:37:25: [SM]   [5] Line 1767, D:\Documents\My Folder\Empires Custom UMC Stuff\SourceMod\Workspace\umc-core.sp::Native_UMCSetNextMap()
L 12/29/2017 - 03:37:25: [SM]   [7] UMC_SetNextMap
L 12/29/2017 - 03:37:25: [SM]   [8] Line 621, D:\Documents\My Folder\Empires Custom UMC Stuff\SourceMod\Workspace\umc-emp-mapvote.sp::DoRandomNextMap()
L 12/29/2017 - 03:37:25: [SM]   [9] Line 606, D:\Documents\My Folder\Empires Custom UMC Stuff\SourceMod\Workspace\umc-emp-mapvote.sp::DoMapChangeFailSafe()
L 12/29/2017 - 03:37:25: [SM]   [10] Line 722, D:\Documents\My Folder\Empires Custom UMC Stuff\SourceMod\Workspace\umc-emp-mapvote.sp::UMC_OnVoteFailed()
L 12/29/2017 - 03:37:25: [SM]   [12] Call_Finish
L 12/29/2017 - 03:37:25: [SM]   [13] Line 4796, D:\Documents\My Folder\Empires Custom UMC Stuff\SourceMod\Workspace\umc-core.sp::VoteFailed()
L 12/29/2017 - 03:37:25: [SM]   [14] Line 3507, D:\Documents\My Folder\Empires Custom UMC Stuff\SourceMod\Workspace\umc-core.sp::VoteCancelled()
L 12/29/2017 - 03:37:25: [SM]   [15] Line 1177, D:\Documents\My Folder\Empires Custom UMC Stuff\SourceMod\Workspace\umc-core.sp::Native_UMCVoteManagerCancel()
L 12/29/2017 - 03:37:25: [SM]   [17] UMC_VoteManagerVoteCancelled
L 12/29/2017 - 03:37:25: [SM]   [18] Line 2276, D:\Documents\My Folder\Empires Custom UMC Stuff\SourceMod\Workspace\umc-core.sp::Handle_VoteMenu()
L 12/29/2017 - 03:37:31: Error log file session closed.
L 12/29/2017 - 04:27:27: SourceMod error session started
L 12/29/2017 - 04:27:27: Info (map "emp_drygulch_a6") (file "errors_20171229.log")
L 12/29/2017 - 04:27:27: [SM] Exception reported: Invalid timer handle 15300336 (error 3)
L 12/29/2017 - 04:27:27: [SM] Blaming: umc-emp-mapvote.smx()
L 12/29/2017 - 04:27:27: [SM] Call stack trace:
L 12/29/2017 - 04:27:27: [SM]   [0] KillTimer
L 12/29/2017 - 04:27:27: [SM]   [1] Line 686, D:\Documents\My Folder\Empires Custom UMC Stuff\SourceMod\Workspace\umc-emp-mapvote.sp::UMC_OnNextmapSet()
L 12/29/2017 - 04:27:27: [SM]   [3] Call_Finish
L 12/29/2017 - 04:27:27: [SM]   [4] Line 4834, D:\Documents\My Folder\Empires Custom UMC Stuff\SourceMod\Workspace\umc-core.sp::DoMapChange()
L 12/29/2017 - 04:27:27: [SM]   [5] Line 1767, D:\Documents\My Folder\Empires Custom UMC Stuff\SourceMod\Workspace\umc-core.sp::Native_UMCSetNextMap()
L 12/29/2017 - 04:27:27: [SM]   [7] UMC_SetNextMap
L 12/29/2017 - 04:27:27: [SM]   [8] Line 621, D:\Documents\My Folder\Empires Custom UMC Stuff\SourceMod\Workspace\umc-emp-mapvote.sp::DoRandomNextMap()
L 12/29/2017 - 04:27:27: [SM]   [9] Line 606, D:\Documents\My Folder\Empires Custom UMC Stuff\SourceMod\Workspace\umc-emp-mapvote.sp::DoMapChangeFailSafe()
L 12/29/2017 - 04:27:27: [SM]   [10] Line 722, D:\Documents\My Folder\Empires Custom UMC Stuff\SourceMod\Workspace\umc-emp-mapvote.sp::UMC_OnVoteFailed()
L 12/29/2017 - 04:27:27: [SM]   [12] Call_Finish
L 12/29/2017 - 04:27:27: [SM]   [13] Line 4796, D:\Documents\My Folder\Empires Custom UMC Stuff\SourceMod\Workspace\umc-core.sp::VoteFailed()
L 12/29/2017 - 04:27:27: [SM]   [14] Line 3507, D:\Documents\My Folder\Empires Custom UMC Stuff\SourceMod\Workspace\umc-core.sp::VoteCancelled()
L 12/29/2017 - 04:27:27: [SM]   [15] Line 1177, D:\Documents\My Folder\Empires Custom UMC Stuff\SourceMod\Workspace\umc-core.sp::Native_UMCVoteManagerCancel()
L 12/29/2017 - 04:27:27: [SM]   [17] UMC_VoteManagerVoteCancelled
L 12/29/2017 - 04:27:27: [SM]   [18] Line 2276, D:\Documents\My Folder\Empires Custom UMC Stuff\SourceMod\Workspace\umc-core.sp::Handle_VoteMenu()
L 12/29/2017 - 04:27:32: Error log file session closed.
L 12/29/2017 - 19:55:35: SourceMod error session started
L 12/29/2017 - 19:55:35: Info (map "emp_havoc_b1_fix") (file "errors_20171229.log")
L 12/29/2017 - 19:55:35: [SM] Exception reported: Invalid timer handle 329d0328 (error 1)
L 12/29/2017 - 19:55:35: [SM] Blaming: umc-emp-mapvote.smx()
L 12/29/2017 - 19:55:35: [SM] Call stack trace:
L 12/29/2017 - 19:55:35: [SM]   [0] KillTimer
L 12/29/2017 - 19:55:35: [SM]   [1] Line 686, D:\Documents\My Folder\Empires Custom UMC Stuff\SourceMod\Workspace\umc-emp-mapvote.sp::UMC_OnNextmapSet()
L 12/29/2017 - 19:55:35: [SM]   [3] Call_Finish
L 12/29/2017 - 19:55:35: [SM]   [4] Line 4834, D:\Documents\My Folder\Empires Custom UMC Stuff\SourceMod\Workspace\umc-core.sp::DoMapChange()
L 12/29/2017 - 19:55:35: [SM]   [5] Line 4267, D:\Documents\My Folder\Empires Custom UMC Stuff\SourceMod\Workspace\umc-core.sp::Handle_MapVoteWinner()
L 12/29/2017 - 19:55:35: [SM]   [6] Line 3819, D:\Documents\My Folder\Empires Custom UMC Stuff\SourceMod\Workspace\umc-core.sp::ProcessVoteWinner()
L 12/29/2017 - 19:55:35: [SM]   [7] Line 3795, D:\Documents\My Folder\Empires Custom UMC Stuff\SourceMod\Workspace\umc-core.sp::ProcessVoteResults()
L 12/29/2017 - 19:55:35: [SM]   [8] Line 1277, D:\Documents\My Folder\Empires Custom UMC Stuff\SourceMod\Workspace\umc-core.sp::Native_UMCVoteManagerComplete()
L 12/29/2017 - 19:55:35: [SM]   [10] UMC_VoteManagerVoteCompleted
L 12/29/2017 - 19:55:35: [SM]   [11] Line 2309, D:\Documents\My Folder\Empires Custom UMC Stuff\SourceMod\Workspace\umc-core.sp::Handle_MapVoteResults()
L 12/29/2017 - 19:55:40: Error log file session closed.
L 12/29/2017 - 20:17:23: SourceMod error session started
L 12/29/2017 - 20:17:23: Info (map "emp_flat_fix") (file "errors_20171229.log")
L 12/29/2017 - 20:17:23: [SM] Exception reported: Invalid timer handle 3897038f (error 1)
L 12/29/2017 - 20:17:23: [SM] Blaming: umc-emp-mapvote.smx()
L 12/29/2017 - 20:17:23: [SM] Call stack trace:
L 12/29/2017 - 20:17:23: [SM]   [0] KillTimer
L 12/29/2017 - 20:17:23: [SM]   [1] Line 686, D:\Documents\My Folder\Empires Custom UMC Stuff\SourceMod\Workspace\umc-emp-mapvote.sp::UMC_OnNextmapSet()
L 12/29/2017 - 20:17:23: [SM]   [3] Call_Finish
L 12/29/2017 - 20:17:23: [SM]   [4] Line 4834, D:\Documents\My Folder\Empires Custom UMC Stuff\SourceMod\Workspace\umc-core.sp::DoMapChange()
L 12/29/2017 - 20:17:23: [SM]   [5] Line 4267, D:\Documents\My Folder\Empires Custom UMC Stuff\SourceMod\Workspace\umc-core.sp::Handle_MapVoteWinner()
L 12/29/2017 - 20:17:23: [SM]   [6] Line 3819, D:\Documents\My Folder\Empires Custom UMC Stuff\SourceMod\Workspace\umc-core.sp::ProcessVoteWinner()
L 12/29/2017 - 20:17:23: [SM]   [7] Line 3795, D:\Documents\My Folder\Empires Custom UMC Stuff\SourceMod\Workspace\umc-core.sp::ProcessVoteResults()
L 12/29/2017 - 20:17:23: [SM]   [8] Line 1277, D:\Documents\My Folder\Empires Custom UMC Stuff\SourceMod\Workspace\umc-core.sp::Native_UMCVoteManagerComplete()
L 12/29/2017 - 20:17:23: [SM]   [10] UMC_VoteManagerVoteCompleted
L 12/29/2017 - 20:17:23: [SM]   [11] Line 2309, D:\Documents\My Folder\Empires Custom UMC Stuff\SourceMod\Workspace\umc-core.sp::Handle_MapVoteResults()
L 12/29/2017 - 20:17:29: Error log file session closed.
L 12/29/2017 - 21:05:52: SourceMod error session started
L 12/29/2017 - 21:05:52: Info (map "emp_crossroads_towerless") (file "errors_20171229.log")
L 12/29/2017 - 21:05:52: [SM] Exception reported: Invalid timer handle 45e40348 (error 1)
L 12/29/2017 - 21:05:52: [SM] Blaming: umc-emp-mapvote.smx()
L 12/29/2017 - 21:05:52: [SM] Call stack trace:
L 12/29/2017 - 21:05:52: [SM]   [0] KillTimer
L 12/29/2017 - 21:05:52: [SM]   [1] Line 686, D:\Documents\My Folder\Empires Custom UMC Stuff\SourceMod\Workspace\umc-emp-mapvote.sp::UMC_OnNextmapSet()
L 12/29/2017 - 21:05:52: [SM]   [3] Call_Finish
L 12/29/2017 - 21:05:52: [SM]   [4] Line 4834, D:\Documents\My Folder\Empires Custom UMC Stuff\SourceMod\Workspace\umc-core.sp::DoMapChange()
L 12/29/2017 - 21:05:52: [SM]   [5] Line 4267, D:\Documents\My Folder\Empires Custom UMC Stuff\SourceMod\Workspace\umc-core.sp::Handle_MapVoteWinner()
L 12/29/2017 - 21:05:52: [SM]   [6] Line 3819, D:\Documents\My Folder\Empires Custom UMC Stuff\SourceMod\Workspace\umc-core.sp::ProcessVoteWinner()
L 12/29/2017 - 21:05:52: [SM]   [7] Line 3795, D:\Documents\My Folder\Empires Custom UMC Stuff\SourceMod\Workspace\umc-core.sp::ProcessVoteResults()
L 12/29/2017 - 21:05:52: [SM]   [8] Line 1277, D:\Documents\My Folder\Empires Custom UMC Stuff\SourceMod\Workspace\umc-core.sp::Native_UMCVoteManagerComplete()
L 12/29/2017 - 21:05:52: [SM]   [10] UMC_VoteManagerVoteCompleted
L 12/29/2017 - 21:05:52: [SM]   [11] Line 2309, D:\Documents\My Folder\Empires Custom UMC Stuff\SourceMod\Workspace\umc-core.sp::Handle_MapVoteResults()
L 12/29/2017 - 21:05:58: Error log file session closed.
L 12/29/2017 - 21:14:01: SourceMod error session started
L 12/29/2017 - 21:14:01: Info (map "emp_canyon") (file "errors_20171229.log")
L 12/29/2017 - 21:14:01: [SM] Exception reported: Invalid timer handle 45e40348 (error 3)
L 12/29/2017 - 21:14:01: [SM] Blaming: umc-emp-mapvote.smx()
L 12/29/2017 - 21:14:01: [SM] Call stack trace:
L 12/29/2017 - 21:14:01: [SM]   [0] KillTimer
L 12/29/2017 - 21:14:01: [SM]   [1] Line 686, D:\Documents\My Folder\Empires Custom UMC Stuff\SourceMod\Workspace\umc-emp-mapvote.sp::UMC_OnNextmapSet()
L 12/29/2017 - 21:14:01: [SM]   [3] Call_Finish
L 12/29/2017 - 21:14:01: [SM]   [4] Line 4834, D:\Documents\My Folder\Empires Custom UMC Stuff\SourceMod\Workspace\umc-core.sp::DoMapChange()
L 12/29/2017 - 21:14:01: [SM]   [5] Line 4267, D:\Documents\My Folder\Empires Custom UMC Stuff\SourceMod\Workspace\umc-core.sp::Handle_MapVoteWinner()
L 12/29/2017 - 21:14:01: [SM]   [6] Line 3819, D:\Documents\My Folder\Empires Custom UMC Stuff\SourceMod\Workspace\umc-core.sp::ProcessVoteWinner()
L 12/29/2017 - 21:14:01: [SM]   [7] Line 3795, D:\Documents\My Folder\Empires Custom UMC Stuff\SourceMod\Workspace\umc-core.sp::ProcessVoteResults()
L 12/29/2017 - 21:14:01: [SM]   [8] Line 1277, D:\Documents\My Folder\Empires Custom UMC Stuff\SourceMod\Workspace\umc-core.sp::Native_UMCVoteManagerComplete()
L 12/29/2017 - 21:14:01: [SM]   [10] UMC_VoteManagerVoteCompleted
L 12/29/2017 - 21:14:01: [SM]   [11] Line 2309, D:\Documents\My Folder\Empires Custom UMC Stuff\SourceMod\Workspace\umc-core.sp::Handle_MapVoteResults()
L 12/29/2017 - 21:14:06: Error log file session closed.
L 12/29/2017 - 21:21:33: SourceMod error session started
L 12/29/2017 - 21:21:33: Info (map "fun_ricochet_a3") (file "errors_20171229.log")
L 12/29/2017 - 21:21:33: [SM] Exception reported: Invalid timer handle 50220344 (error 1)
L 12/29/2017 - 21:21:33: [SM] Blaming: umc-emp-mapvote.smx()
L 12/29/2017 - 21:21:33: [SM] Call stack trace:
L 12/29/2017 - 21:21:33: [SM]   [0] KillTimer
L 12/29/2017 - 21:21:33: [SM]   [1] Line 686, D:\Documents\My Folder\Empires Custom UMC Stuff\SourceMod\Workspace\umc-emp-mapvote.sp::UMC_OnNextmapSet()
L 12/29/2017 - 21:21:33: [SM]   [3] Call_Finish
L 12/29/2017 - 21:21:33: [SM]   [4] Line 4834, D:\Documents\My Folder\Empires Custom UMC Stuff\SourceMod\Workspace\umc-core.sp::DoMapChange()
L 12/29/2017 - 21:21:33: [SM]   [5] Line 4267, D:\Documents\My Folder\Empires Custom UMC Stuff\SourceMod\Workspace\umc-core.sp::Handle_MapVoteWinner()
L 12/29/2017 - 21:21:33: [SM]   [6] Line 3819, D:\Documents\My Folder\Empires Custom UMC Stuff\SourceMod\Workspace\umc-core.sp::ProcessVoteWinner()
L 12/29/2017 - 21:21:33: [SM]   [7] Line 3795, D:\Documents\My Folder\Empires Custom UMC Stuff\SourceMod\Workspace\umc-core.sp::ProcessVoteResults()
L 12/29/2017 - 21:21:33: [SM]   [8] Line 1277, D:\Documents\My Folder\Empires Custom UMC Stuff\SourceMod\Workspace\umc-core.sp::Native_UMCVoteManagerComplete()
L 12/29/2017 - 21:21:33: [SM]   [10] UMC_VoteManagerVoteCompleted
L 12/29/2017 - 21:21:33: [SM]   [11] Line 2309, D:\Documents\My Folder\Empires Custom UMC Stuff\SourceMod\Workspace\umc-core.sp::Handle_MapVoteResults()
L 12/29/2017 - 21:21:39: Error log file session closed.
L 12/29/2017 - 21:39:07: SourceMod error session started
L 12/29/2017 - 21:39:07: Info (map "emp_beachfront_b2") (file "errors_20171229.log")
L 12/29/2017 - 21:39:07: [SM] Exception reported: Invalid timer handle 544403a5 (error 1)
L 12/29/2017 - 21:39:07: [SM] Blaming: umc-emp-mapvote.smx()
L 12/29/2017 - 21:39:07: [SM] Call stack trace:
L 12/29/2017 - 21:39:07: [SM]   [0] KillTimer
L 12/29/2017 - 21:39:07: [SM]   [1] Line 686, D:\Documents\My Folder\Empires Custom UMC Stuff\SourceMod\Workspace\umc-emp-mapvote.sp::UMC_OnNextmapSet()
L 12/29/2017 - 21:39:07: [SM]   [3] Call_Finish
L 12/29/2017 - 21:39:07: [SM]   [4] Line 4834, D:\Documents\My Folder\Empires Custom UMC Stuff\SourceMod\Workspace\umc-core.sp::DoMapChange()
L 12/29/2017 - 21:39:07: [SM]   [5] Line 4267, D:\Documents\My Folder\Empires Custom UMC Stuff\SourceMod\Workspace\umc-core.sp::Handle_MapVoteWinner()
L 12/29/2017 - 21:39:07: [SM]   [6] Line 3819, D:\Documents\My Folder\Empires Custom UMC Stuff\SourceMod\Workspace\umc-core.sp::ProcessVoteWinner()
L 12/29/2017 - 21:39:07: [SM]   [7] Line 3795, D:\Documents\My Folder\Empires Custom UMC Stuff\SourceMod\Workspace\umc-core.sp::ProcessVoteResults()
L 12/29/2017 - 21:39:07: [SM]   [8] Line 1277, D:\Documents\My Folder\Empires Custom UMC Stuff\SourceMod\Workspace\umc-core.sp::Native_UMCVoteManagerComplete()
L 12/29/2017 - 21:39:07: [SM]   [10] UMC_VoteManagerVoteCompleted
L 12/29/2017 - 21:39:07: [SM]   [11] Line 2309, D:\Documents\My Folder\Empires Custom UMC Stuff\SourceMod\Workspace\umc-core.sp::Handle_MapVoteResults()
L 12/29/2017 - 21:39:12: Error log file session closed.
L 12/29/2017 - 22:13:06: SourceMod error session started
L 12/29/2017 - 22:13:06: Info (map "con_district402") (file "errors_20171229.log")
L 12/29/2017 - 22:13:06: [SM] Exception reported: Invalid timer handle 598503b9 (error 1)
L 12/29/2017 - 22:13:06: [SM] Blaming: umc-emp-mapvote.smx()
L 12/29/2017 - 22:13:06: [SM] Call stack trace:
L 12/29/2017 - 22:13:06: [SM]   [0] KillTimer
L 12/29/2017 - 22:13:06: [SM]   [1] Line 686, D:\Documents\My Folder\Empires Custom UMC Stuff\SourceMod\Workspace\umc-emp-mapvote.sp::UMC_OnNextmapSet()
L 12/29/2017 - 22:13:06: [SM]   [3] Call_Finish
L 12/29/2017 - 22:13:06: [SM]   [4] Line 4834, D:\Documents\My Folder\Empires Custom UMC Stuff\SourceMod\Workspace\umc-core.sp::DoMapChange()
L 12/29/2017 - 22:13:06: [SM]   [5] Line 4267, D:\Documents\My Folder\Empires Custom UMC Stuff\SourceMod\Workspace\umc-core.sp::Handle_MapVoteWinner()
L 12/29/2017 - 22:13:06: [SM]   [6] Line 3819, D:\Documents\My Folder\Empires Custom UMC Stuff\SourceMod\Workspace\umc-core.sp::ProcessVoteWinner()
L 12/29/2017 - 22:13:06: [SM]   [7] Line 3795, D:\Documents\My Folder\Empires Custom UMC Stuff\SourceMod\Workspace\umc-core.sp::ProcessVoteResults()
L 12/29/2017 - 22:13:06: [SM]   [8] Line 1277, D:\Documents\My Folder\Empires Custom UMC Stuff\SourceMod\Workspace\umc-core.sp::Native_UMCVoteManagerComplete()
L 12/29/2017 - 22:13:06: [SM]   [10] UMC_VoteManagerVoteCompleted
L 12/29/2017 - 22:13:06: [SM]   [11] Line 2309, D:\Documents\My Folder\Empires Custom UMC Stuff\SourceMod\Workspace\umc-core.sp::Handle_MapVoteResults()
L 12/29/2017 - 22:13:13: Error log file session closed.
L 12/29/2017 - 22:44:37: SourceMod error session started
L 12/29/2017 - 22:44:37: Info (map "con_glycencity") (file "errors_20171229.log")
L 12/29/2017 - 22:44:37: [SM] Exception reported: Invalid timer handle 5df903ba (error 1)
L 12/29/2017 - 22:44:37: [SM] Blaming: umc-emp-mapvote.smx()
L 12/29/2017 - 22:44:37: [SM] Call stack trace:
L 12/29/2017 - 22:44:37: [SM]   [0] KillTimer
L 12/29/2017 - 22:44:37: [SM]   [1] Line 686, D:\Documents\My Folder\Empires Custom UMC Stuff\SourceMod\Workspace\umc-emp-mapvote.sp::UMC_OnNextmapSet()
L 12/29/2017 - 22:44:37: [SM]   [3] Call_Finish
L 12/29/2017 - 22:44:37: [SM]   [4] Line 4834, D:\Documents\My Folder\Empires Custom UMC Stuff\SourceMod\Workspace\umc-core.sp::DoMapChange()
L 12/29/2017 - 22:44:37: [SM]   [5] Line 4267, D:\Documents\My Folder\Empires Custom UMC Stuff\SourceMod\Workspace\umc-core.sp::Handle_MapVoteWinner()
L 12/29/2017 - 22:44:37: [SM]   [6] Line 3819, D:\Documents\My Folder\Empires Custom UMC Stuff\SourceMod\Workspace\umc-core.sp::ProcessVoteWinner()
L 12/29/2017 - 22:44:37: [SM]   [7] Line 3795, D:\Documents\My Folder\Empires Custom UMC Stuff\SourceMod\Workspace\umc-core.sp::ProcessVoteResults()
L 12/29/2017 - 22:44:37: [SM]   [8] Line 1277, D:\Documents\My Folder\Empires Custom UMC Stuff\SourceMod\Workspace\umc-core.sp::Native_UMCVoteManagerComplete()
L 12/29/2017 - 22:44:37: [SM]   [10] UMC_VoteManagerVoteCompleted
L 12/29/2017 - 22:44:37: [SM]   [11] Line 2309, D:\Documents\My Folder\Empires Custom UMC Stuff\SourceMod\Workspace\umc-core.sp::Handle_MapVoteResults()
L 12/29/2017 - 22:44:43: Error log file session closed.
L 12/29/2017 - 23:02:24: SourceMod error session started
L 12/29/2017 - 23:02:24: Info (map "as_crackdown_a6") (file "errors_20171229.log")
L 12/29/2017 - 23:02:24: [SM] Exception reported: Invalid timer handle 63950376 (error 3)
L 12/29/2017 - 23:02:24: [SM] Blaming: umc-emp-mapvote.smx()
L 12/29/2017 - 23:02:24: [SM] Call stack trace:
L 12/29/2017 - 23:02:24: [SM]   [0] KillTimer
L 12/29/2017 - 23:02:24: [SM]   [1] Line 686, D:\Documents\My Folder\Empires Custom UMC Stuff\SourceMod\Workspace\umc-emp-mapvote.sp::UMC_OnNextmapSet()
L 12/29/2017 - 23:02:24: [SM]   [3] Call_Finish
L 12/29/2017 - 23:02:24: [SM]   [4] Line 4834, D:\Documents\My Folder\Empires Custom UMC Stuff\SourceMod\Workspace\umc-core.sp::DoMapChange()
L 12/29/2017 - 23:02:24: [SM]   [5] Line 4267, D:\Documents\My Folder\Empires Custom UMC Stuff\SourceMod\Workspace\umc-core.sp::Handle_MapVoteWinner()
L 12/29/2017 - 23:02:24: [SM]   [6] Line 3819, D:\Documents\My Folder\Empires Custom UMC Stuff\SourceMod\Workspace\umc-core.sp::ProcessVoteWinner()
L 12/29/2017 - 23:02:24: [SM]   [7] Line 3795, D:\Documents\My Folder\Empires Custom UMC Stuff\SourceMod\Workspace\umc-core.sp::ProcessVoteResults()
L 12/29/2017 - 23:02:24: [SM]   [8] Line 1277, D:\Documents\My Folder\Empires Custom UMC Stuff\SourceMod\Workspace\umc-core.sp::Native_UMCVoteManagerComplete()
L 12/29/2017 - 23:02:24: [SM]   [10] UMC_VoteManagerVoteCompleted
L 12/29/2017 - 23:02:24: [SM]   [11] Line 2309, D:\Documents\My Folder\Empires Custom UMC Stuff\SourceMod\Workspace\umc-core.sp::Handle_MapVoteResults()
L 12/29/2017 - 23:02:28: Error log file session closed.
L 12/29/2017 - 23:13:40: SourceMod error session started
L 12/29/2017 - 23:13:40: Info (map "as_crackdown_a6") (file "errors_20171229.log")
L 12/29/2017 - 23:13:40: [SM] Exception reported: Invalid timer handle 677603a2 (error 1)
L 12/29/2017 - 23:13:40: [SM] Blaming: umc-emp-mapvote.smx()
L 12/29/2017 - 23:13:40: [SM] Call stack trace:
L 12/29/2017 - 23:13:40: [SM]   [0] KillTimer
L 12/29/2017 - 23:13:40: [SM]   [1] Line 686, D:\Documents\My Folder\Empires Custom UMC Stuff\SourceMod\Workspace\umc-emp-mapvote.sp::UMC_OnNextmapSet()
L 12/29/2017 - 23:13:40: [SM]   [3] Call_Finish
L 12/29/2017 - 23:13:40: [SM]   [4] Line 4834, D:\Documents\My Folder\Empires Custom UMC Stuff\SourceMod\Workspace\umc-core.sp::DoMapChange()
L 12/29/2017 - 23:13:40: [SM]   [5] Line 4267, D:\Documents\My Folder\Empires Custom UMC Stuff\SourceMod\Workspace\umc-core.sp::Handle_MapVoteWinner()
L 12/29/2017 - 23:13:40: [SM]   [6] Line 3819, D:\Documents\My Folder\Empires Custom UMC Stuff\SourceMod\Workspace\umc-core.sp::ProcessVoteWinner()
L 12/29/2017 - 23:13:40: [SM]   [7] Line 3795, D:\Documents\My Folder\Empires Custom UMC Stuff\SourceMod\Workspace\umc-core.sp::ProcessVoteResults()
L 12/29/2017 - 23:13:40: [SM]   [8] Line 1277, D:\Documents\My Folder\Empires Custom UMC Stuff\SourceMod\Workspace\umc-core.sp::Native_UMCVoteManagerComplete()
L 12/29/2017 - 23:13:40: [SM]   [10] UMC_VoteManagerVoteCompleted
L 12/29/2017 - 23:13:40: [SM]   [11] Line 2309, D:\Documents\My Folder\Empires Custom UMC Stuff\SourceMod\Workspace\umc-core.sp::Handle_MapVoteResults()
L 12/29/2017 - 23:13:45: Error log file session closed.
L 12/29/2017 - 23:20:48: SourceMod error session started
L 12/29/2017 - 23:20:48: Info (map "fun_ricochet_a3") (file "errors_20171229.log")
L 12/29/2017 - 23:20:48: [SM] Exception reported: Invalid timer handle 6acb03b8 (error 1)
L 12/29/2017 - 23:20:48: [SM] Blaming: umc-emp-mapvote.smx()
L 12/29/2017 - 23:20:48: [SM] Call stack trace:
L 12/29/2017 - 23:20:48: [SM]   [0] KillTimer
L 12/29/2017 - 23:20:48: [SM]   [1] Line 686, D:\Documents\My Folder\Empires Custom UMC Stuff\SourceMod\Workspace\umc-emp-mapvote.sp::UMC_OnNextmapSet()
L 12/29/2017 - 23:20:48: [SM]   [3] Call_Finish
L 12/29/2017 - 23:20:48: [SM]   [4] Line 4834, D:\Documents\My Folder\Empires Custom UMC Stuff\SourceMod\Workspace\umc-core.sp::DoMapChange()
L 12/29/2017 - 23:20:48: [SM]   [5] Line 4267, D:\Documents\My Folder\Empires Custom UMC Stuff\SourceMod\Workspace\umc-core.sp::Handle_MapVoteWinner()
L 12/29/2017 - 23:20:48: [SM]   [6] Line 3819, D:\Documents\My Folder\Empires Custom UMC Stuff\SourceMod\Workspace\umc-core.sp::ProcessVoteWinner()
L 12/29/2017 - 23:20:48: [SM]   [7] Line 3795, D:\Documents\My Folder\Empires Custom UMC Stuff\SourceMod\Workspace\umc-core.sp::ProcessVoteResults()
L 12/29/2017 - 23:20:48: [SM]   [8] Line 1277, D:\Documents\My Folder\Empires Custom UMC Stuff\SourceMod\Workspace\umc-core.sp::Native_UMCVoteManagerComplete()
L 12/29/2017 - 23:20:48: [SM]   [10] UMC_VoteManagerVoteCompleted
L 12/29/2017 - 23:20:48: [SM]   [11] Line 2309, D:\Documents\My Folder\Empires Custom UMC Stuff\SourceMod\Workspace\umc-core.sp::Handle_MapVoteResults()
L 12/29/2017 - 23:20:53: Error log file session closed.
