L 07/10/2017 - 00:25:22: SourceMod error session started
L 07/10/2017 - 00:25:22: Info (map "emp_crossroads") (file "errors_20170710.log")
L 07/10/2017 - 00:25:22: [SM] Exception reported: Invalid timer handle 3f110314 (error 3)
L 07/10/2017 - 00:25:22: [SM] Blaming: umc-emp-mapvote.smx()
L 07/10/2017 - 00:25:22: [SM] Call stack trace:
L 07/10/2017 - 00:25:22: [SM]   [0] KillTimer
L 07/10/2017 - 00:25:22: [SM]   [1] Line 686, D:\Documents\My Folder\Empires Custom UMC Stuff\SourceMod\Workspace\umc-emp-mapvote.sp::UMC_OnNextmapSet()
L 07/10/2017 - 00:25:22: [SM]   [3] Call_Finish
L 07/10/2017 - 00:25:22: [SM]   [4] Line 4834, D:\Documents\My Folder\Empires Custom UMC Stuff\SourceMod\Workspace\umc-core.sp::DoMapChange()
L 07/10/2017 - 00:25:22: [SM]   [5] Line 1767, D:\Documents\My Folder\Empires Custom UMC Stuff\SourceMod\Workspace\umc-core.sp::Native_UMCSetNextMap()
L 07/10/2017 - 00:25:22: [SM]   [7] UMC_SetNextMap
L 07/10/2017 - 00:25:22: [SM]   [8] Line 621, D:\Documents\My Folder\Empires Custom UMC Stuff\SourceMod\Workspace\umc-emp-mapvote.sp::DoRandomNextMap()
L 07/10/2017 - 00:25:22: [SM]   [9] Line 606, D:\Documents\My Folder\Empires Custom UMC Stuff\SourceMod\Workspace\umc-emp-mapvote.sp::DoMapChangeFailSafe()
L 07/10/2017 - 00:25:22: [SM]   [10] Line 722, D:\Documents\My Folder\Empires Custom UMC Stuff\SourceMod\Workspace\umc-emp-mapvote.sp::UMC_OnVoteFailed()
L 07/10/2017 - 00:25:22: [SM]   [12] Call_Finish
L 07/10/2017 - 00:25:22: [SM]   [13] Line 4796, D:\Documents\My Folder\Empires Custom UMC Stuff\SourceMod\Workspace\umc-core.sp::VoteFailed()
L 07/10/2017 - 00:25:22: [SM]   [14] Line 3507, D:\Documents\My Folder\Empires Custom UMC Stuff\SourceMod\Workspace\umc-core.sp::VoteCancelled()
L 07/10/2017 - 00:25:22: [SM]   [15] Line 1177, D:\Documents\My Folder\Empires Custom UMC Stuff\SourceMod\Workspace\umc-core.sp::Native_UMCVoteManagerCancel()
L 07/10/2017 - 00:25:22: [SM]   [17] UMC_VoteManagerVoteCancelled
L 07/10/2017 - 00:25:22: [SM]   [18] Line 2276, D:\Documents\My Folder\Empires Custom UMC Stuff\SourceMod\Workspace\umc-core.sp::Handle_VoteMenu()
L 07/10/2017 - 00:25:27: Error log file session closed.
L 07/10/2017 - 00:25:27: SourceMod error session started
L 07/10/2017 - 00:25:27: Info (map "emp_beachfront_b2") (file "errors_20170710.log")
L 07/10/2017 - 00:25:27: [nextmap.smx] FATAL: Cannot load map cycle. Nextmap not loaded.
L 07/10/2017 - 00:25:27: [SM] Exception reported: Mapcycle Not Found
L 07/10/2017 - 00:25:27: [SM] Blaming: nextmap.smx()
L 07/10/2017 - 00:25:27: [SM] Call stack trace:
L 07/10/2017 - 00:25:27: [SM]   [0] SetFailState
L 07/10/2017 - 00:25:27: [SM]   [1] Line 139, D:\builds\build-sourcemod-msvc12\windows-1.8\build\plugins\nextmap.sp::FindAndSetNextMap()
L 07/10/2017 - 00:25:27: [SM]   [2] Line 109, D:\builds\build-sourcemod-msvc12\windows-1.8\build\plugins\nextmap.sp::OnConfigsExecuted()
L 07/10/2017 - 00:57:21: [umc-core.smx] VOTING: Not enough options to run a vote. 1 options available.
L 07/10/2017 - 00:57:21: [umc-core.smx] Could not start core vote.
L 07/10/2017 - 00:57:27: Error log file session closed.
L 07/10/2017 - 00:57:27: SourceMod error session started
L 07/10/2017 - 00:57:27: Info (map "emp_blast_ob1") (file "errors_20170710.log")
L 07/10/2017 - 00:57:27: [nextmap.smx] FATAL: Cannot load map cycle. Nextmap not loaded.
L 07/10/2017 - 00:57:27: [SM] Exception reported: Mapcycle Not Found
L 07/10/2017 - 00:57:27: [SM] Blaming: nextmap.smx()
L 07/10/2017 - 00:57:27: [SM] Call stack trace:
L 07/10/2017 - 00:57:27: [SM]   [0] SetFailState
L 07/10/2017 - 00:57:27: [SM]   [1] Line 139, D:\builds\build-sourcemod-msvc12\windows-1.8\build\plugins\nextmap.sp::FindAndSetNextMap()
L 07/10/2017 - 00:57:27: [SM]   [2] Line 109, D:\builds\build-sourcemod-msvc12\windows-1.8\build\plugins\nextmap.sp::OnConfigsExecuted()
L 07/10/2017 - 14:42:12: SourceMod error session started
L 07/10/2017 - 14:42:12: Info (map "con_district402") (file "errors_20170710.log")
L 07/10/2017 - 14:42:12: [SDKTOOLS] Invalid detour address passed - Disabling detour to prevent crashes
L 07/10/2017 - 14:42:12: [SDKTOOLS] Failed to find PlayerRunCmd offset - OnPlayerRunCmd forward disabled.
L 07/10/2017 - 14:42:14: [nextmap.smx] FATAL: Cannot load map cycle. Nextmap not loaded.
L 07/10/2017 - 14:42:14: [SM] Exception reported: Mapcycle Not Found
L 07/10/2017 - 14:42:14: [SM] Blaming: nextmap.smx()
L 07/10/2017 - 14:42:14: [SM] Call stack trace:
L 07/10/2017 - 14:42:14: [SM]   [0] SetFailState
L 07/10/2017 - 14:42:14: [SM]   [1] Line 139, D:\builds\build-sourcemod-msvc12\windows-1.8\build\plugins\nextmap.sp::FindAndSetNextMap()
L 07/10/2017 - 14:42:14: [SM]   [2] Line 109, D:\builds\build-sourcemod-msvc12\windows-1.8\build\plugins\nextmap.sp::OnConfigsExecuted()
L 07/10/2017 - 18:31:13: Error log file session closed.
L 07/10/2017 - 18:31:13: SourceMod error session started
L 07/10/2017 - 18:31:13: Info (map "emp_vehicletraining_2013") (file "errors_20170710.log")
L 07/10/2017 - 18:31:13: [nextmap.smx] FATAL: Cannot load map cycle. Nextmap not loaded.
L 07/10/2017 - 18:31:13: [SM] Exception reported: Mapcycle Not Found
L 07/10/2017 - 18:31:13: [SM] Blaming: nextmap.smx()
L 07/10/2017 - 18:31:13: [SM] Call stack trace:
L 07/10/2017 - 18:31:13: [SM]   [0] SetFailState
L 07/10/2017 - 18:31:13: [SM]   [1] Line 139, D:\builds\build-sourcemod-msvc12\windows-1.8\build\plugins\nextmap.sp::FindAndSetNextMap()
L 07/10/2017 - 18:31:13: [SM]   [2] Line 109, D:\builds\build-sourcemod-msvc12\windows-1.8\build\plugins\nextmap.sp::OnConfigsExecuted()
L 07/10/2017 - 19:16:19: SourceMod error session started
L 07/10/2017 - 19:16:19: Info (map "con_district402") (file "errors_20170710.log")
L 07/10/2017 - 19:16:19: [SDKTOOLS] Invalid detour address passed - Disabling detour to prevent crashes
L 07/10/2017 - 19:16:19: [SDKTOOLS] Failed to find PlayerRunCmd offset - OnPlayerRunCmd forward disabled.
L 07/10/2017 - 19:16:21: [nextmap.smx] FATAL: Cannot load map cycle. Nextmap not loaded.
L 07/10/2017 - 19:16:21: [SM] Exception reported: Mapcycle Not Found
L 07/10/2017 - 19:16:21: [SM] Blaming: nextmap.smx()
L 07/10/2017 - 19:16:21: [SM] Call stack trace:
L 07/10/2017 - 19:16:21: [SM]   [0] SetFailState
L 07/10/2017 - 19:16:21: [SM]   [1] Line 139, D:\builds\build-sourcemod-msvc12\windows-1.8\build\plugins\nextmap.sp::FindAndSetNextMap()
L 07/10/2017 - 19:16:21: [SM]   [2] Line 109, D:\builds\build-sourcemod-msvc12\windows-1.8\build\plugins\nextmap.sp::OnConfigsExecuted()
L 07/10/2017 - 19:21:15: SourceMod error session started
L 07/10/2017 - 19:21:15: Info (map "con_district402") (file "errors_20170710.log")
L 07/10/2017 - 19:21:15: [SDKTOOLS] Invalid detour address passed - Disabling detour to prevent crashes
L 07/10/2017 - 19:21:15: [SDKTOOLS] Failed to find PlayerRunCmd offset - OnPlayerRunCmd forward disabled.
L 07/10/2017 - 19:21:17: [nextmap.smx] FATAL: Cannot load map cycle. Nextmap not loaded.
L 07/10/2017 - 19:21:17: [SM] Exception reported: Mapcycle Not Found
L 07/10/2017 - 19:21:17: [SM] Blaming: nextmap.smx()
L 07/10/2017 - 19:21:17: [SM] Call stack trace:
L 07/10/2017 - 19:21:17: [SM]   [0] SetFailState
L 07/10/2017 - 19:21:17: [SM]   [1] Line 139, D:\builds\build-sourcemod-msvc12\windows-1.8\build\plugins\nextmap.sp::FindAndSetNextMap()
L 07/10/2017 - 19:21:17: [SM]   [2] Line 109, D:\builds\build-sourcemod-msvc12\windows-1.8\build\plugins\nextmap.sp::OnConfigsExecuted()
L 07/10/2017 - 19:57:57: SourceMod error session started
L 07/10/2017 - 19:57:57: Info (map "con_district402") (file "errors_20170710.log")
L 07/10/2017 - 19:57:57: [SDKTOOLS] Invalid detour address passed - Disabling detour to prevent crashes
L 07/10/2017 - 19:57:57: [SDKTOOLS] Failed to find PlayerRunCmd offset - OnPlayerRunCmd forward disabled.
L 07/10/2017 - 19:57:59: [nextmap.smx] FATAL: Cannot load map cycle. Nextmap not loaded.
L 07/10/2017 - 19:57:59: [SM] Exception reported: Mapcycle Not Found
L 07/10/2017 - 19:57:59: [SM] Blaming: nextmap.smx()
L 07/10/2017 - 19:57:59: [SM] Call stack trace:
L 07/10/2017 - 19:57:59: [SM]   [0] SetFailState
L 07/10/2017 - 19:57:59: [SM]   [1] Line 139, D:\builds\build-sourcemod-msvc12\windows-1.8\build\plugins\nextmap.sp::FindAndSetNextMap()
L 07/10/2017 - 19:57:59: [SM]   [2] Line 109, D:\builds\build-sourcemod-msvc12\windows-1.8\build\plugins\nextmap.sp::OnConfigsExecuted()
L 07/10/2017 - 20:16:40: SourceMod error session started
L 07/10/2017 - 20:16:40: Info (map "con_district402") (file "errors_20170710.log")
L 07/10/2017 - 20:16:40: [SDKTOOLS] Invalid detour address passed - Disabling detour to prevent crashes
L 07/10/2017 - 20:16:40: [SDKTOOLS] Failed to find PlayerRunCmd offset - OnPlayerRunCmd forward disabled.
L 07/10/2017 - 20:16:42: [nextmap.smx] FATAL: Cannot load map cycle. Nextmap not loaded.
L 07/10/2017 - 20:16:42: [SM] Exception reported: Mapcycle Not Found
L 07/10/2017 - 20:16:42: [SM] Blaming: nextmap.smx()
L 07/10/2017 - 20:16:42: [SM] Call stack trace:
L 07/10/2017 - 20:16:42: [SM]   [0] SetFailState
L 07/10/2017 - 20:16:42: [SM]   [1] Line 139, D:\builds\build-sourcemod-msvc12\windows-1.8\build\plugins\nextmap.sp::FindAndSetNextMap()
L 07/10/2017 - 20:16:42: [SM]   [2] Line 109, D:\builds\build-sourcemod-msvc12\windows-1.8\build\plugins\nextmap.sp::OnConfigsExecuted()
