L 07/31/2017 - 03:43:53: SourceMod error session started
L 07/31/2017 - 03:43:53: Info (map "emp_drygulch_a6") (file "errors_20170731.log")
L 07/31/2017 - 03:43:53: Error log file session closed.
L 07/31/2017 - 03:43:54: SourceMod error session started
L 07/31/2017 - 03:43:54: Info (map "emp_drygulch_a6") (file "errors_20170731.log")
L 07/31/2017 - 03:43:54: [nextmap.smx] FATAL: Cannot load map cycle. Nextmap not loaded.
L 07/31/2017 - 03:43:54: [SM] Exception reported: Mapcycle Not Found
L 07/31/2017 - 03:43:54: [SM] Blaming: nextmap.smx()
L 07/31/2017 - 03:43:54: [SM] Call stack trace:
L 07/31/2017 - 03:43:54: [SM]   [0] SetFailState
L 07/31/2017 - 03:43:54: [SM]   [1] Line 139, D:\builds\build-sourcemod-msvc12\windows-1.8\build\plugins\nextmap.sp::FindAndSetNextMap()
L 07/31/2017 - 03:43:54: [SM]   [2] Line 109, D:\builds\build-sourcemod-msvc12\windows-1.8\build\plugins\nextmap.sp::OnConfigsExecuted()
L 07/31/2017 - 17:10:06: [SM] Exception reported: Invalid timer handle 45c30303 (error 1)
L 07/31/2017 - 17:10:06: [SM] Blaming: umc-emp-mapvote.smx()
L 07/31/2017 - 17:10:06: [SM] Call stack trace:
L 07/31/2017 - 17:10:06: [SM]   [0] KillTimer
L 07/31/2017 - 17:10:06: [SM]   [1] Line 686, D:\Documents\My Folder\Empires Custom UMC Stuff\SourceMod\Workspace\umc-emp-mapvote.sp::UMC_OnNextmapSet()
L 07/31/2017 - 17:10:06: [SM]   [3] Call_Finish
L 07/31/2017 - 17:10:06: [SM]   [4] Line 4834, D:\Documents\My Folder\Empires Custom UMC Stuff\SourceMod\Workspace\umc-core.sp::DoMapChange()
L 07/31/2017 - 17:10:06: [SM]   [5] Line 4267, D:\Documents\My Folder\Empires Custom UMC Stuff\SourceMod\Workspace\umc-core.sp::Handle_MapVoteWinner()
L 07/31/2017 - 17:10:06: [SM]   [6] Line 3819, D:\Documents\My Folder\Empires Custom UMC Stuff\SourceMod\Workspace\umc-core.sp::ProcessVoteWinner()
L 07/31/2017 - 17:10:06: [SM]   [7] Line 3795, D:\Documents\My Folder\Empires Custom UMC Stuff\SourceMod\Workspace\umc-core.sp::ProcessVoteResults()
L 07/31/2017 - 17:10:06: [SM]   [8] Line 1277, D:\Documents\My Folder\Empires Custom UMC Stuff\SourceMod\Workspace\umc-core.sp::Native_UMCVoteManagerComplete()
L 07/31/2017 - 17:10:06: [SM]   [10] UMC_VoteManagerVoteCompleted
L 07/31/2017 - 17:10:06: [SM]   [11] Line 2309, D:\Documents\My Folder\Empires Custom UMC Stuff\SourceMod\Workspace\umc-core.sp::Handle_MapVoteResults()
L 07/31/2017 - 17:10:12: Error log file session closed.
L 07/31/2017 - 17:10:12: SourceMod error session started
L 07/31/2017 - 17:10:12: Info (map "emp_beachfront_b2") (file "errors_20170731.log")
L 07/31/2017 - 17:10:12: [nextmap.smx] FATAL: Cannot load map cycle. Nextmap not loaded.
L 07/31/2017 - 17:10:12: [SM] Exception reported: Mapcycle Not Found
L 07/31/2017 - 17:10:12: [SM] Blaming: nextmap.smx()
L 07/31/2017 - 17:10:12: [SM] Call stack trace:
L 07/31/2017 - 17:10:12: [SM]   [0] SetFailState
L 07/31/2017 - 17:10:12: [SM]   [1] Line 139, D:\builds\build-sourcemod-msvc12\windows-1.8\build\plugins\nextmap.sp::FindAndSetNextMap()
L 07/31/2017 - 17:10:12: [SM]   [2] Line 109, D:\builds\build-sourcemod-msvc12\windows-1.8\build\plugins\nextmap.sp::OnConfigsExecuted()
L 07/31/2017 - 17:23:02: [SM] Exception reported: Invalid timer handle 48b30302 (error 1)
L 07/31/2017 - 17:23:02: [SM] Blaming: umc-emp-mapvote.smx()
L 07/31/2017 - 17:23:02: [SM] Call stack trace:
L 07/31/2017 - 17:23:02: [SM]   [0] KillTimer
L 07/31/2017 - 17:23:02: [SM]   [1] Line 686, D:\Documents\My Folder\Empires Custom UMC Stuff\SourceMod\Workspace\umc-emp-mapvote.sp::UMC_OnNextmapSet()
L 07/31/2017 - 17:23:02: [SM]   [3] Call_Finish
L 07/31/2017 - 17:23:02: [SM]   [4] Line 4834, D:\Documents\My Folder\Empires Custom UMC Stuff\SourceMod\Workspace\umc-core.sp::DoMapChange()
L 07/31/2017 - 17:23:02: [SM]   [5] Line 4267, D:\Documents\My Folder\Empires Custom UMC Stuff\SourceMod\Workspace\umc-core.sp::Handle_MapVoteWinner()
L 07/31/2017 - 17:23:02: [SM]   [6] Line 3819, D:\Documents\My Folder\Empires Custom UMC Stuff\SourceMod\Workspace\umc-core.sp::ProcessVoteWinner()
L 07/31/2017 - 17:23:02: [SM]   [7] Line 3795, D:\Documents\My Folder\Empires Custom UMC Stuff\SourceMod\Workspace\umc-core.sp::ProcessVoteResults()
L 07/31/2017 - 17:23:02: [SM]   [8] Line 1277, D:\Documents\My Folder\Empires Custom UMC Stuff\SourceMod\Workspace\umc-core.sp::Native_UMCVoteManagerComplete()
L 07/31/2017 - 17:23:02: [SM]   [10] UMC_VoteManagerVoteCompleted
L 07/31/2017 - 17:23:02: [SM]   [11] Line 2309, D:\Documents\My Folder\Empires Custom UMC Stuff\SourceMod\Workspace\umc-core.sp::Handle_MapVoteResults()
L 07/31/2017 - 17:23:09: Error log file session closed.
L 07/31/2017 - 17:23:09: SourceMod error session started
L 07/31/2017 - 17:23:09: Info (map "con_urbanchaos_fix") (file "errors_20170731.log")
L 07/31/2017 - 17:23:09: [nextmap.smx] FATAL: Cannot load map cycle. Nextmap not loaded.
L 07/31/2017 - 17:23:09: [SM] Exception reported: Mapcycle Not Found
L 07/31/2017 - 17:23:09: [SM] Blaming: nextmap.smx()
L 07/31/2017 - 17:23:09: [SM] Call stack trace:
L 07/31/2017 - 17:23:09: [SM]   [0] SetFailState
L 07/31/2017 - 17:23:09: [SM]   [1] Line 139, D:\builds\build-sourcemod-msvc12\windows-1.8\build\plugins\nextmap.sp::FindAndSetNextMap()
L 07/31/2017 - 17:23:09: [SM]   [2] Line 109, D:\builds\build-sourcemod-msvc12\windows-1.8\build\plugins\nextmap.sp::OnConfigsExecuted()
L 07/31/2017 - 17:25:57: [SM] Exception reported: Invalid timer handle 48b30302 (error 3)
L 07/31/2017 - 17:25:57: [SM] Blaming: umc-emp-mapvote.smx()
L 07/31/2017 - 17:25:57: [SM] Call stack trace:
L 07/31/2017 - 17:25:57: [SM]   [0] KillTimer
L 07/31/2017 - 17:25:57: [SM]   [1] Line 686, D:\Documents\My Folder\Empires Custom UMC Stuff\SourceMod\Workspace\umc-emp-mapvote.sp::UMC_OnNextmapSet()
L 07/31/2017 - 17:25:57: [SM]   [3] Call_Finish
L 07/31/2017 - 17:25:57: [SM]   [4] Line 4834, D:\Documents\My Folder\Empires Custom UMC Stuff\SourceMod\Workspace\umc-core.sp::DoMapChange()
L 07/31/2017 - 17:25:57: [SM]   [5] Line 1767, D:\Documents\My Folder\Empires Custom UMC Stuff\SourceMod\Workspace\umc-core.sp::Native_UMCSetNextMap()
L 07/31/2017 - 17:25:57: [SM]   [7] UMC_SetNextMap
L 07/31/2017 - 17:25:57: [SM]   [8] Line 2354, D:\Documents\My Folder\Empires Custom UMC Stuff\SourceMod\Workspace\umc-adminmenu.sp::DoMapChange()
L 07/31/2017 - 17:25:57: [SM]   [9] Line 2281, D:\Documents\My Folder\Empires Custom UMC Stuff\SourceMod\Workspace\umc-adminmenu.sp::DoManualMapChange()
L 07/31/2017 - 17:25:57: [SM]   [10] Line 2230, D:\Documents\My Folder\Empires Custom UMC Stuff\SourceMod\Workspace\umc-adminmenu.sp::Handle_ManualChangeWhenMenu()
L 07/31/2017 - 17:26:02: Error log file session closed.
L 07/31/2017 - 17:26:02: SourceMod error session started
L 07/31/2017 - 17:26:02: Info (map "emp_vehicletraining_2013") (file "errors_20170731.log")
L 07/31/2017 - 17:26:02: [nextmap.smx] FATAL: Cannot load map cycle. Nextmap not loaded.
L 07/31/2017 - 17:26:02: [SM] Exception reported: Mapcycle Not Found
L 07/31/2017 - 17:26:02: [SM] Blaming: nextmap.smx()
L 07/31/2017 - 17:26:02: [SM] Call stack trace:
L 07/31/2017 - 17:26:02: [SM]   [0] SetFailState
L 07/31/2017 - 17:26:02: [SM]   [1] Line 139, D:\builds\build-sourcemod-msvc12\windows-1.8\build\plugins\nextmap.sp::FindAndSetNextMap()
L 07/31/2017 - 17:26:02: [SM]   [2] Line 109, D:\builds\build-sourcemod-msvc12\windows-1.8\build\plugins\nextmap.sp::OnConfigsExecuted()
L 07/31/2017 - 18:02:45: [SM] Exception reported: Invalid timer handle 4e8a0303 (error 1)
L 07/31/2017 - 18:02:45: [SM] Blaming: umc-emp-mapvote.smx()
L 07/31/2017 - 18:02:45: [SM] Call stack trace:
L 07/31/2017 - 18:02:45: [SM]   [0] KillTimer
L 07/31/2017 - 18:02:45: [SM]   [1] Line 686, D:\Documents\My Folder\Empires Custom UMC Stuff\SourceMod\Workspace\umc-emp-mapvote.sp::UMC_OnNextmapSet()
L 07/31/2017 - 18:02:45: [SM]   [3] Call_Finish
L 07/31/2017 - 18:02:45: [SM]   [4] Line 4834, D:\Documents\My Folder\Empires Custom UMC Stuff\SourceMod\Workspace\umc-core.sp::DoMapChange()
L 07/31/2017 - 18:02:45: [SM]   [5] Line 4267, D:\Documents\My Folder\Empires Custom UMC Stuff\SourceMod\Workspace\umc-core.sp::Handle_MapVoteWinner()
L 07/31/2017 - 18:02:45: [SM]   [6] Line 3819, D:\Documents\My Folder\Empires Custom UMC Stuff\SourceMod\Workspace\umc-core.sp::ProcessVoteWinner()
L 07/31/2017 - 18:02:45: [SM]   [7] Line 3795, D:\Documents\My Folder\Empires Custom UMC Stuff\SourceMod\Workspace\umc-core.sp::ProcessVoteResults()
L 07/31/2017 - 18:02:45: [SM]   [8] Line 1277, D:\Documents\My Folder\Empires Custom UMC Stuff\SourceMod\Workspace\umc-core.sp::Native_UMCVoteManagerComplete()
L 07/31/2017 - 18:02:45: [SM]   [10] UMC_VoteManagerVoteCompleted
L 07/31/2017 - 18:02:45: [SM]   [11] Line 2309, D:\Documents\My Folder\Empires Custom UMC Stuff\SourceMod\Workspace\umc-core.sp::Handle_MapVoteResults()
L 07/31/2017 - 18:02:52: Error log file session closed.
L 07/31/2017 - 18:02:52: SourceMod error session started
L 07/31/2017 - 18:02:52: Info (map "emp_shadows_attacks_fix") (file "errors_20170731.log")
L 07/31/2017 - 18:02:52: [nextmap.smx] FATAL: Cannot load map cycle. Nextmap not loaded.
L 07/31/2017 - 18:02:52: [SM] Exception reported: Mapcycle Not Found
L 07/31/2017 - 18:02:52: [SM] Blaming: nextmap.smx()
L 07/31/2017 - 18:02:52: [SM] Call stack trace:
L 07/31/2017 - 18:02:52: [SM]   [0] SetFailState
L 07/31/2017 - 18:02:52: [SM]   [1] Line 139, D:\builds\build-sourcemod-msvc12\windows-1.8\build\plugins\nextmap.sp::FindAndSetNextMap()
L 07/31/2017 - 18:02:52: [SM]   [2] Line 109, D:\builds\build-sourcemod-msvc12\windows-1.8\build\plugins\nextmap.sp::OnConfigsExecuted()
L 07/31/2017 - 18:27:42: [SM] Exception reported: Invalid timer handle 51c30300 (error 1)
L 07/31/2017 - 18:27:42: [SM] Blaming: umc-emp-mapvote.smx()
L 07/31/2017 - 18:27:42: [SM] Call stack trace:
L 07/31/2017 - 18:27:42: [SM]   [0] KillTimer
L 07/31/2017 - 18:27:42: [SM]   [1] Line 686, D:\Documents\My Folder\Empires Custom UMC Stuff\SourceMod\Workspace\umc-emp-mapvote.sp::UMC_OnNextmapSet()
L 07/31/2017 - 18:27:42: [SM]   [3] Call_Finish
L 07/31/2017 - 18:27:42: [SM]   [4] Line 4834, D:\Documents\My Folder\Empires Custom UMC Stuff\SourceMod\Workspace\umc-core.sp::DoMapChange()
L 07/31/2017 - 18:27:42: [SM]   [5] Line 4267, D:\Documents\My Folder\Empires Custom UMC Stuff\SourceMod\Workspace\umc-core.sp::Handle_MapVoteWinner()
L 07/31/2017 - 18:27:42: [SM]   [6] Line 3819, D:\Documents\My Folder\Empires Custom UMC Stuff\SourceMod\Workspace\umc-core.sp::ProcessVoteWinner()
L 07/31/2017 - 18:27:42: [SM]   [7] Line 3795, D:\Documents\My Folder\Empires Custom UMC Stuff\SourceMod\Workspace\umc-core.sp::ProcessVoteResults()
L 07/31/2017 - 18:27:42: [SM]   [8] Line 1277, D:\Documents\My Folder\Empires Custom UMC Stuff\SourceMod\Workspace\umc-core.sp::Native_UMCVoteManagerComplete()
L 07/31/2017 - 18:27:42: [SM]   [10] UMC_VoteManagerVoteCompleted
L 07/31/2017 - 18:27:42: [SM]   [11] Line 2309, D:\Documents\My Folder\Empires Custom UMC Stuff\SourceMod\Workspace\umc-core.sp::Handle_MapVoteResults()
L 07/31/2017 - 18:27:48: Error log file session closed.
L 07/31/2017 - 18:27:48: SourceMod error session started
L 07/31/2017 - 18:27:48: Info (map "emp_crossroads") (file "errors_20170731.log")
L 07/31/2017 - 18:27:48: [nextmap.smx] FATAL: Cannot load map cycle. Nextmap not loaded.
L 07/31/2017 - 18:27:48: [SM] Exception reported: Mapcycle Not Found
L 07/31/2017 - 18:27:48: [SM] Blaming: nextmap.smx()
L 07/31/2017 - 18:27:48: [SM] Call stack trace:
L 07/31/2017 - 18:27:48: [SM]   [0] SetFailState
L 07/31/2017 - 18:27:48: [SM]   [1] Line 139, D:\builds\build-sourcemod-msvc12\windows-1.8\build\plugins\nextmap.sp::FindAndSetNextMap()
L 07/31/2017 - 18:27:48: [SM]   [2] Line 109, D:\builds\build-sourcemod-msvc12\windows-1.8\build\plugins\nextmap.sp::OnConfigsExecuted()
L 07/31/2017 - 19:16:49: [SM] Exception reported: Invalid timer handle 570002ce (error 1)
L 07/31/2017 - 19:16:49: [SM] Blaming: umc-emp-mapvote.smx()
L 07/31/2017 - 19:16:49: [SM] Call stack trace:
L 07/31/2017 - 19:16:49: [SM]   [0] KillTimer
L 07/31/2017 - 19:16:49: [SM]   [1] Line 686, D:\Documents\My Folder\Empires Custom UMC Stuff\SourceMod\Workspace\umc-emp-mapvote.sp::UMC_OnNextmapSet()
L 07/31/2017 - 19:16:49: [SM]   [3] Call_Finish
L 07/31/2017 - 19:16:49: [SM]   [4] Line 4834, D:\Documents\My Folder\Empires Custom UMC Stuff\SourceMod\Workspace\umc-core.sp::DoMapChange()
L 07/31/2017 - 19:16:49: [SM]   [5] Line 4267, D:\Documents\My Folder\Empires Custom UMC Stuff\SourceMod\Workspace\umc-core.sp::Handle_MapVoteWinner()
L 07/31/2017 - 19:16:49: [SM]   [6] Line 3819, D:\Documents\My Folder\Empires Custom UMC Stuff\SourceMod\Workspace\umc-core.sp::ProcessVoteWinner()
L 07/31/2017 - 19:16:49: [SM]   [7] Line 3795, D:\Documents\My Folder\Empires Custom UMC Stuff\SourceMod\Workspace\umc-core.sp::ProcessVoteResults()
L 07/31/2017 - 19:16:49: [SM]   [8] Line 1277, D:\Documents\My Folder\Empires Custom UMC Stuff\SourceMod\Workspace\umc-core.sp::Native_UMCVoteManagerComplete()
L 07/31/2017 - 19:16:49: [SM]   [10] UMC_VoteManagerVoteCompleted
L 07/31/2017 - 19:16:49: [SM]   [11] Line 2309, D:\Documents\My Folder\Empires Custom UMC Stuff\SourceMod\Workspace\umc-core.sp::Handle_MapVoteResults()
L 07/31/2017 - 19:16:55: Error log file session closed.
L 07/31/2017 - 19:16:56: SourceMod error session started
L 07/31/2017 - 19:16:56: Info (map "emp_blast_ob1") (file "errors_20170731.log")
L 07/31/2017 - 19:16:56: [nextmap.smx] FATAL: Cannot load map cycle. Nextmap not loaded.
L 07/31/2017 - 19:16:56: [SM] Exception reported: Mapcycle Not Found
L 07/31/2017 - 19:16:56: [SM] Blaming: nextmap.smx()
L 07/31/2017 - 19:16:56: [SM] Call stack trace:
L 07/31/2017 - 19:16:56: [SM]   [0] SetFailState
L 07/31/2017 - 19:16:56: [SM]   [1] Line 139, D:\builds\build-sourcemod-msvc12\windows-1.8\build\plugins\nextmap.sp::FindAndSetNextMap()
L 07/31/2017 - 19:16:56: [SM]   [2] Line 109, D:\builds\build-sourcemod-msvc12\windows-1.8\build\plugins\nextmap.sp::OnConfigsExecuted()
L 07/31/2017 - 19:47:08: [SM] Exception reported: Invalid timer handle 5bce02e3 (error 1)
L 07/31/2017 - 19:47:08: [SM] Blaming: umc-emp-mapvote.smx()
L 07/31/2017 - 19:47:08: [SM] Call stack trace:
L 07/31/2017 - 19:47:08: [SM]   [0] KillTimer
L 07/31/2017 - 19:47:08: [SM]   [1] Line 686, D:\Documents\My Folder\Empires Custom UMC Stuff\SourceMod\Workspace\umc-emp-mapvote.sp::UMC_OnNextmapSet()
L 07/31/2017 - 19:47:08: [SM]   [3] Call_Finish
L 07/31/2017 - 19:47:08: [SM]   [4] Line 4834, D:\Documents\My Folder\Empires Custom UMC Stuff\SourceMod\Workspace\umc-core.sp::DoMapChange()
L 07/31/2017 - 19:47:08: [SM]   [5] Line 4267, D:\Documents\My Folder\Empires Custom UMC Stuff\SourceMod\Workspace\umc-core.sp::Handle_MapVoteWinner()
L 07/31/2017 - 19:47:08: [SM]   [6] Line 3819, D:\Documents\My Folder\Empires Custom UMC Stuff\SourceMod\Workspace\umc-core.sp::ProcessVoteWinner()
L 07/31/2017 - 19:47:08: [SM]   [7] Line 3795, D:\Documents\My Folder\Empires Custom UMC Stuff\SourceMod\Workspace\umc-core.sp::ProcessVoteResults()
L 07/31/2017 - 19:47:08: [SM]   [8] Line 1277, D:\Documents\My Folder\Empires Custom UMC Stuff\SourceMod\Workspace\umc-core.sp::Native_UMCVoteManagerComplete()
L 07/31/2017 - 19:47:08: [SM]   [10] UMC_VoteManagerVoteCompleted
L 07/31/2017 - 19:47:08: [SM]   [11] Line 2309, D:\Documents\My Folder\Empires Custom UMC Stuff\SourceMod\Workspace\umc-core.sp::Handle_MapVoteResults()
L 07/31/2017 - 19:47:14: Error log file session closed.
L 07/31/2017 - 19:47:15: SourceMod error session started
L 07/31/2017 - 19:47:15: Info (map "emp_beachfront_b2") (file "errors_20170731.log")
L 07/31/2017 - 19:47:15: [nextmap.smx] FATAL: Cannot load map cycle. Nextmap not loaded.
L 07/31/2017 - 19:47:15: [SM] Exception reported: Mapcycle Not Found
L 07/31/2017 - 19:47:15: [SM] Blaming: nextmap.smx()
L 07/31/2017 - 19:47:15: [SM] Call stack trace:
L 07/31/2017 - 19:47:15: [SM]   [0] SetFailState
L 07/31/2017 - 19:47:15: [SM]   [1] Line 139, D:\builds\build-sourcemod-msvc12\windows-1.8\build\plugins\nextmap.sp::FindAndSetNextMap()
L 07/31/2017 - 19:47:15: [SM]   [2] Line 109, D:\builds\build-sourcemod-msvc12\windows-1.8\build\plugins\nextmap.sp::OnConfigsExecuted()
L 07/31/2017 - 20:07:56: [SM] Exception reported: Array index is out of bounds
L 07/31/2017 - 20:07:56: [SM] Blaming: squadcontrol.smx()
L 07/31/2017 - 20:07:56: [SM] Call stack trace:
L 07/31/2017 - 20:07:56: [SM]   [1] Line 2144, squadcontrol.sp::Command_Unit_Order_List()
L 07/31/2017 - 20:13:30: [SM] Exception reported: Invalid timer handle 65a90317 (error 1)
L 07/31/2017 - 20:13:30: [SM] Blaming: umc-emp-mapvote.smx()
L 07/31/2017 - 20:13:30: [SM] Call stack trace:
L 07/31/2017 - 20:13:30: [SM]   [0] KillTimer
L 07/31/2017 - 20:13:30: [SM]   [1] Line 686, D:\Documents\My Folder\Empires Custom UMC Stuff\SourceMod\Workspace\umc-emp-mapvote.sp::UMC_OnNextmapSet()
L 07/31/2017 - 20:13:30: [SM]   [3] Call_Finish
L 07/31/2017 - 20:13:30: [SM]   [4] Line 4834, D:\Documents\My Folder\Empires Custom UMC Stuff\SourceMod\Workspace\umc-core.sp::DoMapChange()
L 07/31/2017 - 20:13:30: [SM]   [5] Line 4267, D:\Documents\My Folder\Empires Custom UMC Stuff\SourceMod\Workspace\umc-core.sp::Handle_MapVoteWinner()
L 07/31/2017 - 20:13:30: [SM]   [6] Line 3819, D:\Documents\My Folder\Empires Custom UMC Stuff\SourceMod\Workspace\umc-core.sp::ProcessVoteWinner()
L 07/31/2017 - 20:13:30: [SM]   [7] Line 3795, D:\Documents\My Folder\Empires Custom UMC Stuff\SourceMod\Workspace\umc-core.sp::ProcessVoteResults()
L 07/31/2017 - 20:13:30: [SM]   [8] Line 1277, D:\Documents\My Folder\Empires Custom UMC Stuff\SourceMod\Workspace\umc-core.sp::Native_UMCVoteManagerComplete()
L 07/31/2017 - 20:13:30: [SM]   [10] UMC_VoteManagerVoteCompleted
L 07/31/2017 - 20:13:30: [SM]   [11] Line 2309, D:\Documents\My Folder\Empires Custom UMC Stuff\SourceMod\Workspace\umc-core.sp::Handle_MapVoteResults()
L 07/31/2017 - 20:13:36: Error log file session closed.
L 07/31/2017 - 20:13:37: SourceMod error session started
L 07/31/2017 - 20:13:37: Info (map "con_urbanchaos_fix") (file "errors_20170731.log")
L 07/31/2017 - 20:13:37: [nextmap.smx] FATAL: Cannot load map cycle. Nextmap not loaded.
L 07/31/2017 - 20:13:37: [SM] Exception reported: Mapcycle Not Found
L 07/31/2017 - 20:13:37: [SM] Blaming: nextmap.smx()
L 07/31/2017 - 20:13:37: [SM] Call stack trace:
L 07/31/2017 - 20:13:37: [SM]   [0] SetFailState
L 07/31/2017 - 20:13:37: [SM]   [1] Line 139, D:\builds\build-sourcemod-msvc12\windows-1.8\build\plugins\nextmap.sp::FindAndSetNextMap()
L 07/31/2017 - 20:13:37: [SM]   [2] Line 109, D:\builds\build-sourcemod-msvc12\windows-1.8\build\plugins\nextmap.sp::OnConfigsExecuted()
L 07/31/2017 - 20:27:39: [SM] Exception reported: Invalid timer handle 68e6032b (error 1)
L 07/31/2017 - 20:27:39: [SM] Blaming: umc-emp-mapvote.smx()
L 07/31/2017 - 20:27:39: [SM] Call stack trace:
L 07/31/2017 - 20:27:39: [SM]   [0] KillTimer
L 07/31/2017 - 20:27:39: [SM]   [1] Line 686, D:\Documents\My Folder\Empires Custom UMC Stuff\SourceMod\Workspace\umc-emp-mapvote.sp::UMC_OnNextmapSet()
L 07/31/2017 - 20:27:39: [SM]   [3] Call_Finish
L 07/31/2017 - 20:27:39: [SM]   [4] Line 4834, D:\Documents\My Folder\Empires Custom UMC Stuff\SourceMod\Workspace\umc-core.sp::DoMapChange()
L 07/31/2017 - 20:27:39: [SM]   [5] Line 4267, D:\Documents\My Folder\Empires Custom UMC Stuff\SourceMod\Workspace\umc-core.sp::Handle_MapVoteWinner()
L 07/31/2017 - 20:27:39: [SM]   [6] Line 3819, D:\Documents\My Folder\Empires Custom UMC Stuff\SourceMod\Workspace\umc-core.sp::ProcessVoteWinner()
L 07/31/2017 - 20:27:39: [SM]   [7] Line 3795, D:\Documents\My Folder\Empires Custom UMC Stuff\SourceMod\Workspace\umc-core.sp::ProcessVoteResults()
L 07/31/2017 - 20:27:39: [SM]   [8] Line 1277, D:\Documents\My Folder\Empires Custom UMC Stuff\SourceMod\Workspace\umc-core.sp::Native_UMCVoteManagerComplete()
L 07/31/2017 - 20:27:39: [SM]   [10] UMC_VoteManagerVoteCompleted
L 07/31/2017 - 20:27:39: [SM]   [11] Line 2309, D:\Documents\My Folder\Empires Custom UMC Stuff\SourceMod\Workspace\umc-core.sp::Handle_MapVoteResults()
L 07/31/2017 - 20:27:45: Error log file session closed.
L 07/31/2017 - 20:27:46: SourceMod error session started
L 07/31/2017 - 20:27:46: Info (map "emp_shadows_attacks_fix") (file "errors_20170731.log")
L 07/31/2017 - 20:27:46: [nextmap.smx] FATAL: Cannot load map cycle. Nextmap not loaded.
L 07/31/2017 - 20:27:46: [SM] Exception reported: Mapcycle Not Found
L 07/31/2017 - 20:27:46: [SM] Blaming: nextmap.smx()
L 07/31/2017 - 20:27:46: [SM] Call stack trace:
L 07/31/2017 - 20:27:46: [SM]   [0] SetFailState
L 07/31/2017 - 20:27:46: [SM]   [1] Line 139, D:\builds\build-sourcemod-msvc12\windows-1.8\build\plugins\nextmap.sp::FindAndSetNextMap()
L 07/31/2017 - 20:27:46: [SM]   [2] Line 109, D:\builds\build-sourcemod-msvc12\windows-1.8\build\plugins\nextmap.sp::OnConfigsExecuted()
L 07/31/2017 - 20:43:52: [SM] Exception reported: Invalid timer handle 6b880331 (error 1)
L 07/31/2017 - 20:43:52: [SM] Blaming: umc-emp-mapvote.smx()
L 07/31/2017 - 20:43:52: [SM] Call stack trace:
L 07/31/2017 - 20:43:52: [SM]   [0] KillTimer
L 07/31/2017 - 20:43:52: [SM]   [1] Line 686, D:\Documents\My Folder\Empires Custom UMC Stuff\SourceMod\Workspace\umc-emp-mapvote.sp::UMC_OnNextmapSet()
L 07/31/2017 - 20:43:52: [SM]   [3] Call_Finish
L 07/31/2017 - 20:43:52: [SM]   [4] Line 4834, D:\Documents\My Folder\Empires Custom UMC Stuff\SourceMod\Workspace\umc-core.sp::DoMapChange()
L 07/31/2017 - 20:43:52: [SM]   [5] Line 4267, D:\Documents\My Folder\Empires Custom UMC Stuff\SourceMod\Workspace\umc-core.sp::Handle_MapVoteWinner()
L 07/31/2017 - 20:43:52: [SM]   [6] Line 3819, D:\Documents\My Folder\Empires Custom UMC Stuff\SourceMod\Workspace\umc-core.sp::ProcessVoteWinner()
L 07/31/2017 - 20:43:52: [SM]   [7] Line 3795, D:\Documents\My Folder\Empires Custom UMC Stuff\SourceMod\Workspace\umc-core.sp::ProcessVoteResults()
L 07/31/2017 - 20:43:52: [SM]   [8] Line 1277, D:\Documents\My Folder\Empires Custom UMC Stuff\SourceMod\Workspace\umc-core.sp::Native_UMCVoteManagerComplete()
L 07/31/2017 - 20:43:52: [SM]   [10] UMC_VoteManagerVoteCompleted
L 07/31/2017 - 20:43:52: [SM]   [11] Line 2309, D:\Documents\My Folder\Empires Custom UMC Stuff\SourceMod\Workspace\umc-core.sp::Handle_MapVoteResults()
L 07/31/2017 - 20:43:58: Error log file session closed.
L 07/31/2017 - 20:43:58: SourceMod error session started
L 07/31/2017 - 20:43:58: Info (map "emp_drygulch_a6") (file "errors_20170731.log")
L 07/31/2017 - 20:43:58: [nextmap.smx] FATAL: Cannot load map cycle. Nextmap not loaded.
L 07/31/2017 - 20:43:58: [SM] Exception reported: Mapcycle Not Found
L 07/31/2017 - 20:43:58: [SM] Blaming: nextmap.smx()
L 07/31/2017 - 20:43:58: [SM] Call stack trace:
L 07/31/2017 - 20:43:58: [SM]   [0] SetFailState
L 07/31/2017 - 20:43:58: [SM]   [1] Line 139, D:\builds\build-sourcemod-msvc12\windows-1.8\build\plugins\nextmap.sp::FindAndSetNextMap()
L 07/31/2017 - 20:43:58: [SM]   [2] Line 109, D:\builds\build-sourcemod-msvc12\windows-1.8\build\plugins\nextmap.sp::OnConfigsExecuted()
L 07/31/2017 - 20:58:03: [SM] Exception reported: Invalid timer handle 706e02f5 (error 1)
L 07/31/2017 - 20:58:03: [SM] Blaming: umc-emp-mapvote.smx()
L 07/31/2017 - 20:58:03: [SM] Call stack trace:
L 07/31/2017 - 20:58:03: [SM]   [0] KillTimer
L 07/31/2017 - 20:58:03: [SM]   [1] Line 686, D:\Documents\My Folder\Empires Custom UMC Stuff\SourceMod\Workspace\umc-emp-mapvote.sp::UMC_OnNextmapSet()
L 07/31/2017 - 20:58:03: [SM]   [3] Call_Finish
L 07/31/2017 - 20:58:03: [SM]   [4] Line 4834, D:\Documents\My Folder\Empires Custom UMC Stuff\SourceMod\Workspace\umc-core.sp::DoMapChange()
L 07/31/2017 - 20:58:03: [SM]   [5] Line 4267, D:\Documents\My Folder\Empires Custom UMC Stuff\SourceMod\Workspace\umc-core.sp::Handle_MapVoteWinner()
L 07/31/2017 - 20:58:03: [SM]   [6] Line 3819, D:\Documents\My Folder\Empires Custom UMC Stuff\SourceMod\Workspace\umc-core.sp::ProcessVoteWinner()
L 07/31/2017 - 20:58:03: [SM]   [7] Line 3795, D:\Documents\My Folder\Empires Custom UMC Stuff\SourceMod\Workspace\umc-core.sp::ProcessVoteResults()
L 07/31/2017 - 20:58:03: [SM]   [8] Line 1277, D:\Documents\My Folder\Empires Custom UMC Stuff\SourceMod\Workspace\umc-core.sp::Native_UMCVoteManagerComplete()
L 07/31/2017 - 20:58:03: [SM]   [10] UMC_VoteManagerVoteCompleted
L 07/31/2017 - 20:58:03: [SM]   [11] Line 2309, D:\Documents\My Folder\Empires Custom UMC Stuff\SourceMod\Workspace\umc-core.sp::Handle_MapVoteResults()
L 07/31/2017 - 20:58:08: Error log file session closed.
L 07/31/2017 - 20:58:11: SourceMod error session started
L 07/31/2017 - 20:58:11: Info (map "emp_vehicletraining_2013") (file "errors_20170731.log")
L 07/31/2017 - 20:58:11: [nextmap.smx] FATAL: Cannot load map cycle. Nextmap not loaded.
L 07/31/2017 - 20:58:11: [SM] Exception reported: Mapcycle Not Found
L 07/31/2017 - 20:58:11: [SM] Blaming: nextmap.smx()
L 07/31/2017 - 20:58:11: [SM] Call stack trace:
L 07/31/2017 - 20:58:11: [SM]   [0] SetFailState
L 07/31/2017 - 20:58:11: [SM]   [1] Line 139, D:\builds\build-sourcemod-msvc12\windows-1.8\build\plugins\nextmap.sp::FindAndSetNextMap()
L 07/31/2017 - 20:58:11: [SM]   [2] Line 109, D:\builds\build-sourcemod-msvc12\windows-1.8\build\plugins\nextmap.sp::OnConfigsExecuted()
L 07/31/2017 - 21:35:43: [SM] Exception reported: Invalid timer handle 787d02cb (error 1)
L 07/31/2017 - 21:35:43: [SM] Blaming: umc-emp-mapvote.smx()
L 07/31/2017 - 21:35:43: [SM] Call stack trace:
L 07/31/2017 - 21:35:43: [SM]   [0] KillTimer
L 07/31/2017 - 21:35:43: [SM]   [1] Line 686, D:\Documents\My Folder\Empires Custom UMC Stuff\SourceMod\Workspace\umc-emp-mapvote.sp::UMC_OnNextmapSet()
L 07/31/2017 - 21:35:43: [SM]   [3] Call_Finish
L 07/31/2017 - 21:35:43: [SM]   [4] Line 4834, D:\Documents\My Folder\Empires Custom UMC Stuff\SourceMod\Workspace\umc-core.sp::DoMapChange()
L 07/31/2017 - 21:35:43: [SM]   [5] Line 4267, D:\Documents\My Folder\Empires Custom UMC Stuff\SourceMod\Workspace\umc-core.sp::Handle_MapVoteWinner()
L 07/31/2017 - 21:35:43: [SM]   [6] Line 3819, D:\Documents\My Folder\Empires Custom UMC Stuff\SourceMod\Workspace\umc-core.sp::ProcessVoteWinner()
L 07/31/2017 - 21:35:43: [SM]   [7] Line 3795, D:\Documents\My Folder\Empires Custom UMC Stuff\SourceMod\Workspace\umc-core.sp::ProcessVoteResults()
L 07/31/2017 - 21:35:43: [SM]   [8] Line 1277, D:\Documents\My Folder\Empires Custom UMC Stuff\SourceMod\Workspace\umc-core.sp::Native_UMCVoteManagerComplete()
L 07/31/2017 - 21:35:43: [SM]   [10] UMC_VoteManagerVoteCompleted
L 07/31/2017 - 21:35:43: [SM]   [11] Line 2309, D:\Documents\My Folder\Empires Custom UMC Stuff\SourceMod\Workspace\umc-core.sp::Handle_MapVoteResults()
L 07/31/2017 - 21:35:48: Error log file session closed.
L 07/31/2017 - 21:35:52: SourceMod error session started
L 07/31/2017 - 21:35:52: Info (map "emp_beachfront_b2") (file "errors_20170731.log")
L 07/31/2017 - 21:35:52: [nextmap.smx] FATAL: Cannot load map cycle. Nextmap not loaded.
L 07/31/2017 - 21:35:52: [SM] Exception reported: Mapcycle Not Found
L 07/31/2017 - 21:35:52: [SM] Blaming: nextmap.smx()
L 07/31/2017 - 21:35:52: [SM] Call stack trace:
L 07/31/2017 - 21:35:52: [SM]   [0] SetFailState
L 07/31/2017 - 21:35:52: [SM]   [1] Line 139, D:\builds\build-sourcemod-msvc12\windows-1.8\build\plugins\nextmap.sp::FindAndSetNextMap()
L 07/31/2017 - 21:35:52: [SM]   [2] Line 109, D:\builds\build-sourcemod-msvc12\windows-1.8\build\plugins\nextmap.sp::OnConfigsExecuted()
L 07/31/2017 - 21:53:12: [SM] Exception reported: Array index is out of bounds
L 07/31/2017 - 21:53:12: [SM] Blaming: squadcontrol.smx()
L 07/31/2017 - 21:53:12: [SM] Call stack trace:
L 07/31/2017 - 21:53:12: [SM]   [1] Line 2144, squadcontrol.sp::Command_Unit_Order_List()
L 07/31/2017 - 21:53:14: [SM] Exception reported: Array index is out of bounds
L 07/31/2017 - 21:53:14: [SM] Blaming: squadcontrol.smx()
L 07/31/2017 - 21:53:14: [SM] Call stack trace:
L 07/31/2017 - 21:53:14: [SM]   [1] Line 2144, squadcontrol.sp::Command_Unit_Order_List()
L 07/31/2017 - 21:55:24: [SM] Exception reported: Array index is out of bounds
L 07/31/2017 - 21:55:24: [SM] Blaming: squadcontrol.smx()
L 07/31/2017 - 21:55:24: [SM] Call stack trace:
L 07/31/2017 - 21:55:24: [SM]   [1] Line 2144, squadcontrol.sp::Command_Unit_Order_List()
L 07/31/2017 - 21:55:29: [SM] Exception reported: Array index is out of bounds
L 07/31/2017 - 21:55:29: [SM] Blaming: squadcontrol.smx()
L 07/31/2017 - 21:55:29: [SM] Call stack trace:
L 07/31/2017 - 21:55:29: [SM]   [1] Line 2144, squadcontrol.sp::Command_Unit_Order_List()
L 07/31/2017 - 21:57:25: [SM] Exception reported: Array index is out of bounds
L 07/31/2017 - 21:57:25: [SM] Blaming: squadcontrol.smx()
L 07/31/2017 - 21:57:25: [SM] Call stack trace:
L 07/31/2017 - 21:57:25: [SM]   [1] Line 2144, squadcontrol.sp::Command_Unit_Order_List()
L 07/31/2017 - 22:06:10: [SM] Exception reported: Invalid timer handle 7ee802b9 (error 1)
L 07/31/2017 - 22:06:10: [SM] Blaming: umc-emp-mapvote.smx()
L 07/31/2017 - 22:06:10: [SM] Call stack trace:
L 07/31/2017 - 22:06:10: [SM]   [0] KillTimer
L 07/31/2017 - 22:06:10: [SM]   [1] Line 686, D:\Documents\My Folder\Empires Custom UMC Stuff\SourceMod\Workspace\umc-emp-mapvote.sp::UMC_OnNextmapSet()
L 07/31/2017 - 22:06:10: [SM]   [3] Call_Finish
L 07/31/2017 - 22:06:10: [SM]   [4] Line 4834, D:\Documents\My Folder\Empires Custom UMC Stuff\SourceMod\Workspace\umc-core.sp::DoMapChange()
L 07/31/2017 - 22:06:10: [SM]   [5] Line 4267, D:\Documents\My Folder\Empires Custom UMC Stuff\SourceMod\Workspace\umc-core.sp::Handle_MapVoteWinner()
L 07/31/2017 - 22:06:10: [SM]   [6] Line 3819, D:\Documents\My Folder\Empires Custom UMC Stuff\SourceMod\Workspace\umc-core.sp::ProcessVoteWinner()
L 07/31/2017 - 22:06:10: [SM]   [7] Line 3795, D:\Documents\My Folder\Empires Custom UMC Stuff\SourceMod\Workspace\umc-core.sp::ProcessVoteResults()
L 07/31/2017 - 22:06:10: [SM]   [8] Line 1277, D:\Documents\My Folder\Empires Custom UMC Stuff\SourceMod\Workspace\umc-core.sp::Native_UMCVoteManagerComplete()
L 07/31/2017 - 22:06:10: [SM]   [10] UMC_VoteManagerVoteCompleted
L 07/31/2017 - 22:06:10: [SM]   [11] Line 2309, D:\Documents\My Folder\Empires Custom UMC Stuff\SourceMod\Workspace\umc-core.sp::Handle_MapVoteResults()
L 07/31/2017 - 22:06:16: Error log file session closed.
L 07/31/2017 - 22:06:18: SourceMod error session started
L 07/31/2017 - 22:06:18: Info (map "emp_fogtown_cl2_fix") (file "errors_20170731.log")
L 07/31/2017 - 22:06:18: [nextmap.smx] FATAL: Cannot load map cycle. Nextmap not loaded.
L 07/31/2017 - 22:06:18: [SM] Exception reported: Mapcycle Not Found
L 07/31/2017 - 22:06:18: [SM] Blaming: nextmap.smx()
L 07/31/2017 - 22:06:18: [SM] Call stack trace:
L 07/31/2017 - 22:06:18: [SM]   [0] SetFailState
L 07/31/2017 - 22:06:18: [SM]   [1] Line 139, D:\builds\build-sourcemod-msvc12\windows-1.8\build\plugins\nextmap.sp::FindAndSetNextMap()
L 07/31/2017 - 22:06:18: [SM]   [2] Line 109, D:\builds\build-sourcemod-msvc12\windows-1.8\build\plugins\nextmap.sp::OnConfigsExecuted()
L 07/31/2017 - 22:34:28: [SM] Exception reported: Invalid timer handle 84af02f9 (error 1)
L 07/31/2017 - 22:34:28: [SM] Blaming: umc-emp-mapvote.smx()
L 07/31/2017 - 22:34:28: [SM] Call stack trace:
L 07/31/2017 - 22:34:28: [SM]   [0] KillTimer
L 07/31/2017 - 22:34:28: [SM]   [1] Line 686, D:\Documents\My Folder\Empires Custom UMC Stuff\SourceMod\Workspace\umc-emp-mapvote.sp::UMC_OnNextmapSet()
L 07/31/2017 - 22:34:28: [SM]   [3] Call_Finish
L 07/31/2017 - 22:34:28: [SM]   [4] Line 4834, D:\Documents\My Folder\Empires Custom UMC Stuff\SourceMod\Workspace\umc-core.sp::DoMapChange()
L 07/31/2017 - 22:34:28: [SM]   [5] Line 4267, D:\Documents\My Folder\Empires Custom UMC Stuff\SourceMod\Workspace\umc-core.sp::Handle_MapVoteWinner()
L 07/31/2017 - 22:34:28: [SM]   [6] Line 3819, D:\Documents\My Folder\Empires Custom UMC Stuff\SourceMod\Workspace\umc-core.sp::ProcessVoteWinner()
L 07/31/2017 - 22:34:28: [SM]   [7] Line 3795, D:\Documents\My Folder\Empires Custom UMC Stuff\SourceMod\Workspace\umc-core.sp::ProcessVoteResults()
L 07/31/2017 - 22:34:28: [SM]   [8] Line 1277, D:\Documents\My Folder\Empires Custom UMC Stuff\SourceMod\Workspace\umc-core.sp::Native_UMCVoteManagerComplete()
L 07/31/2017 - 22:34:28: [SM]   [10] UMC_VoteManagerVoteCompleted
L 07/31/2017 - 22:34:28: [SM]   [11] Line 2309, D:\Documents\My Folder\Empires Custom UMC Stuff\SourceMod\Workspace\umc-core.sp::Handle_MapVoteResults()
L 07/31/2017 - 22:34:33: Error log file session closed.
L 07/31/2017 - 22:34:35: SourceMod error session started
L 07/31/2017 - 22:34:35: Info (map "emp_blast_ob1") (file "errors_20170731.log")
L 07/31/2017 - 22:34:35: [nextmap.smx] FATAL: Cannot load map cycle. Nextmap not loaded.
L 07/31/2017 - 22:34:35: [SM] Exception reported: Mapcycle Not Found
L 07/31/2017 - 22:34:35: [SM] Blaming: nextmap.smx()
L 07/31/2017 - 22:34:35: [SM] Call stack trace:
L 07/31/2017 - 22:34:35: [SM]   [0] SetFailState
L 07/31/2017 - 22:34:35: [SM]   [1] Line 139, D:\builds\build-sourcemod-msvc12\windows-1.8\build\plugins\nextmap.sp::FindAndSetNextMap()
L 07/31/2017 - 22:34:35: [SM]   [2] Line 109, D:\builds\build-sourcemod-msvc12\windows-1.8\build\plugins\nextmap.sp::OnConfigsExecuted()
L 07/31/2017 - 22:56:13: [SM] Exception reported: Invalid timer handle 8bf70332 (error 1)
L 07/31/2017 - 22:56:13: [SM] Blaming: umc-emp-mapvote.smx()
L 07/31/2017 - 22:56:13: [SM] Call stack trace:
L 07/31/2017 - 22:56:13: [SM]   [0] KillTimer
L 07/31/2017 - 22:56:13: [SM]   [1] Line 686, D:\Documents\My Folder\Empires Custom UMC Stuff\SourceMod\Workspace\umc-emp-mapvote.sp::UMC_OnNextmapSet()
L 07/31/2017 - 22:56:13: [SM]   [3] Call_Finish
L 07/31/2017 - 22:56:13: [SM]   [4] Line 4834, D:\Documents\My Folder\Empires Custom UMC Stuff\SourceMod\Workspace\umc-core.sp::DoMapChange()
L 07/31/2017 - 22:56:13: [SM]   [5] Line 4267, D:\Documents\My Folder\Empires Custom UMC Stuff\SourceMod\Workspace\umc-core.sp::Handle_MapVoteWinner()
L 07/31/2017 - 22:56:13: [SM]   [6] Line 3819, D:\Documents\My Folder\Empires Custom UMC Stuff\SourceMod\Workspace\umc-core.sp::ProcessVoteWinner()
L 07/31/2017 - 22:56:13: [SM]   [7] Line 3795, D:\Documents\My Folder\Empires Custom UMC Stuff\SourceMod\Workspace\umc-core.sp::ProcessVoteResults()
L 07/31/2017 - 22:56:13: [SM]   [8] Line 1277, D:\Documents\My Folder\Empires Custom UMC Stuff\SourceMod\Workspace\umc-core.sp::Native_UMCVoteManagerComplete()
L 07/31/2017 - 22:56:13: [SM]   [10] UMC_VoteManagerVoteCompleted
L 07/31/2017 - 22:56:13: [SM]   [11] Line 2309, D:\Documents\My Folder\Empires Custom UMC Stuff\SourceMod\Workspace\umc-core.sp::Handle_MapVoteResults()
L 07/31/2017 - 22:56:19: Error log file session closed.
L 07/31/2017 - 22:56:20: SourceMod error session started
L 07/31/2017 - 22:56:20: Info (map "emp_downfall") (file "errors_20170731.log")
L 07/31/2017 - 22:56:20: [nextmap.smx] FATAL: Cannot load map cycle. Nextmap not loaded.
L 07/31/2017 - 22:56:20: [SM] Exception reported: Mapcycle Not Found
L 07/31/2017 - 22:56:20: [SM] Blaming: nextmap.smx()
L 07/31/2017 - 22:56:20: [SM] Call stack trace:
L 07/31/2017 - 22:56:20: [SM]   [0] SetFailState
L 07/31/2017 - 22:56:20: [SM]   [1] Line 139, D:\builds\build-sourcemod-msvc12\windows-1.8\build\plugins\nextmap.sp::FindAndSetNextMap()
L 07/31/2017 - 22:56:20: [SM]   [2] Line 109, D:\builds\build-sourcemod-msvc12\windows-1.8\build\plugins\nextmap.sp::OnConfigsExecuted()
L 07/31/2017 - 23:03:00: [SM] Exception reported: Array index is out of bounds
L 07/31/2017 - 23:03:00: [SM] Blaming: squadcontrol.smx()
L 07/31/2017 - 23:03:00: [SM] Call stack trace:
L 07/31/2017 - 23:03:00: [SM]   [1] Line 2144, squadcontrol.sp::Command_Unit_Order_List()
L 07/31/2017 - 23:04:45: [SM] Exception reported: Array index is out of bounds
L 07/31/2017 - 23:04:45: [SM] Blaming: squadcontrol.smx()
L 07/31/2017 - 23:04:45: [SM] Call stack trace:
L 07/31/2017 - 23:04:45: [SM]   [1] Line 2144, squadcontrol.sp::Command_Unit_Order_List()
L 07/31/2017 - 23:23:12: [SM] Exception reported: Array index is out of bounds
L 07/31/2017 - 23:23:12: [SM] Blaming: squadcontrol.smx()
L 07/31/2017 - 23:23:12: [SM] Call stack trace:
L 07/31/2017 - 23:23:12: [SM]   [1] Line 2144, squadcontrol.sp::Command_Unit_Order_List()
L 07/31/2017 - 23:31:40: [SM] Exception reported: Array index is out of bounds
L 07/31/2017 - 23:31:40: [SM] Blaming: squadcontrol.smx()
L 07/31/2017 - 23:31:40: [SM] Call stack trace:
L 07/31/2017 - 23:31:40: [SM]   [1] Line 2144, squadcontrol.sp::Command_Unit_Order_List()
L 07/31/2017 - 23:34:24: [SM] Exception reported: Array index is out of bounds
L 07/31/2017 - 23:34:24: [SM] Blaming: squadcontrol.smx()
L 07/31/2017 - 23:34:24: [SM] Call stack trace:
L 07/31/2017 - 23:34:24: [SM]   [1] Line 2144, squadcontrol.sp::Command_Unit_Order_List()
L 07/31/2017 - 23:35:32: [SM] Exception reported: Array index is out of bounds
L 07/31/2017 - 23:35:32: [SM] Blaming: squadcontrol.smx()
L 07/31/2017 - 23:35:32: [SM] Call stack trace:
L 07/31/2017 - 23:35:32: [SM]   [1] Line 2144, squadcontrol.sp::Command_Unit_Order_List()
L 07/31/2017 - 23:37:46: [SM] Exception reported: Invalid timer handle 99e702f9 (error 1)
L 07/31/2017 - 23:37:46: [SM] Blaming: umc-emp-mapvote.smx()
L 07/31/2017 - 23:37:46: [SM] Call stack trace:
L 07/31/2017 - 23:37:46: [SM]   [0] KillTimer
L 07/31/2017 - 23:37:46: [SM]   [1] Line 686, D:\Documents\My Folder\Empires Custom UMC Stuff\SourceMod\Workspace\umc-emp-mapvote.sp::UMC_OnNextmapSet()
L 07/31/2017 - 23:37:46: [SM]   [3] Call_Finish
L 07/31/2017 - 23:37:46: [SM]   [4] Line 4834, D:\Documents\My Folder\Empires Custom UMC Stuff\SourceMod\Workspace\umc-core.sp::DoMapChange()
L 07/31/2017 - 23:37:46: [SM]   [5] Line 4267, D:\Documents\My Folder\Empires Custom UMC Stuff\SourceMod\Workspace\umc-core.sp::Handle_MapVoteWinner()
L 07/31/2017 - 23:37:46: [SM]   [6] Line 3819, D:\Documents\My Folder\Empires Custom UMC Stuff\SourceMod\Workspace\umc-core.sp::ProcessVoteWinner()
L 07/31/2017 - 23:37:46: [SM]   [7] Line 3765, D:\Documents\My Folder\Empires Custom UMC Stuff\SourceMod\Workspace\umc-core.sp::ProcessVoteResults()
L 07/31/2017 - 23:37:46: [SM]   [8] Line 1277, D:\Documents\My Folder\Empires Custom UMC Stuff\SourceMod\Workspace\umc-core.sp::Native_UMCVoteManagerComplete()
L 07/31/2017 - 23:37:46: [SM]   [10] UMC_VoteManagerVoteCompleted
L 07/31/2017 - 23:37:46: [SM]   [11] Line 2309, D:\Documents\My Folder\Empires Custom UMC Stuff\SourceMod\Workspace\umc-core.sp::Handle_MapVoteResults()
L 07/31/2017 - 23:37:52: Error log file session closed.
L 07/31/2017 - 23:37:55: SourceMod error session started
L 07/31/2017 - 23:37:55: Info (map "emp_crossroads") (file "errors_20170731.log")
L 07/31/2017 - 23:37:55: [nextmap.smx] FATAL: Cannot load map cycle. Nextmap not loaded.
L 07/31/2017 - 23:37:55: [SM] Exception reported: Mapcycle Not Found
L 07/31/2017 - 23:37:55: [SM] Blaming: nextmap.smx()
L 07/31/2017 - 23:37:55: [SM] Call stack trace:
L 07/31/2017 - 23:37:55: [SM]   [0] SetFailState
L 07/31/2017 - 23:37:55: [SM]   [1] Line 139, D:\builds\build-sourcemod-msvc12\windows-1.8\build\plugins\nextmap.sp::FindAndSetNextMap()
L 07/31/2017 - 23:37:55: [SM]   [2] Line 109, D:\builds\build-sourcemod-msvc12\windows-1.8\build\plugins\nextmap.sp::OnConfigsExecuted()
