L 07/01/2018 - 00:11:36: SourceMod error session started
L 07/01/2018 - 00:11:36: Info (map "emp_midbridge_hce") (file "errors_20180701.log")
L 07/01/2018 - 00:11:36: [SM] Exception reported: Invalid timer handle e7a70399 (error 1)
L 07/01/2018 - 00:11:36: [SM] Blaming: umc-emp-mapvote.smx()
L 07/01/2018 - 00:11:36: [SM] Call stack trace:
L 07/01/2018 - 00:11:36: [SM]   [0] KillTimer
L 07/01/2018 - 00:11:36: [SM]   [1] Line 686, D:\Documents\My Folder\Empires Custom UMC Stuff\SourceMod\Workspace\umc-emp-mapvote.sp::UMC_OnNextmapSet()
L 07/01/2018 - 00:11:36: [SM]   [3] Call_Finish
L 07/01/2018 - 00:11:36: [SM]   [4] Line 4834, D:\Documents\My Folder\Empires Custom UMC Stuff\SourceMod\Workspace\umc-core.sp::DoMapChange()
L 07/01/2018 - 00:11:36: [SM]   [5] Line 4267, D:\Documents\My Folder\Empires Custom UMC Stuff\SourceMod\Workspace\umc-core.sp::Handle_MapVoteWinner()
L 07/01/2018 - 00:11:36: [SM]   [6] Line 3819, D:\Documents\My Folder\Empires Custom UMC Stuff\SourceMod\Workspace\umc-core.sp::ProcessVoteWinner()
L 07/01/2018 - 00:11:36: [SM]   [7] Line 3795, D:\Documents\My Folder\Empires Custom UMC Stuff\SourceMod\Workspace\umc-core.sp::ProcessVoteResults()
L 07/01/2018 - 00:11:36: [SM]   [8] Line 1277, D:\Documents\My Folder\Empires Custom UMC Stuff\SourceMod\Workspace\umc-core.sp::Native_UMCVoteManagerComplete()
L 07/01/2018 - 00:11:36: [SM]   [10] UMC_VoteManagerVoteCompleted
L 07/01/2018 - 00:11:36: [SM]   [11] Line 2309, D:\Documents\My Folder\Empires Custom UMC Stuff\SourceMod\Workspace\umc-core.sp::Handle_MapVoteResults()
L 07/01/2018 - 00:11:41: Error log file session closed.
L 07/01/2018 - 01:08:53: SourceMod error session started
L 07/01/2018 - 01:08:53: Info (map "emp_coast") (file "errors_20180701.log")
L 07/01/2018 - 01:08:53: [SM] Exception reported: Invalid timer handle 9ce03d5 (error 1)
L 07/01/2018 - 01:08:53: [SM] Blaming: umc-emp-mapvote.smx()
L 07/01/2018 - 01:08:53: [SM] Call stack trace:
L 07/01/2018 - 01:08:53: [SM]   [0] KillTimer
L 07/01/2018 - 01:08:53: [SM]   [1] Line 686, D:\Documents\My Folder\Empires Custom UMC Stuff\SourceMod\Workspace\umc-emp-mapvote.sp::UMC_OnNextmapSet()
L 07/01/2018 - 01:08:53: [SM]   [3] Call_Finish
L 07/01/2018 - 01:08:53: [SM]   [4] Line 4834, D:\Documents\My Folder\Empires Custom UMC Stuff\SourceMod\Workspace\umc-core.sp::DoMapChange()
L 07/01/2018 - 01:08:53: [SM]   [5] Line 4267, D:\Documents\My Folder\Empires Custom UMC Stuff\SourceMod\Workspace\umc-core.sp::Handle_MapVoteWinner()
L 07/01/2018 - 01:08:53: [SM]   [6] Line 3819, D:\Documents\My Folder\Empires Custom UMC Stuff\SourceMod\Workspace\umc-core.sp::ProcessVoteWinner()
L 07/01/2018 - 01:08:53: [SM]   [7] Line 3795, D:\Documents\My Folder\Empires Custom UMC Stuff\SourceMod\Workspace\umc-core.sp::ProcessVoteResults()
L 07/01/2018 - 01:08:53: [SM]   [8] Line 1277, D:\Documents\My Folder\Empires Custom UMC Stuff\SourceMod\Workspace\umc-core.sp::Native_UMCVoteManagerComplete()
L 07/01/2018 - 01:08:53: [SM]   [10] UMC_VoteManagerVoteCompleted
L 07/01/2018 - 01:08:53: [SM]   [11] Line 2309, D:\Documents\My Folder\Empires Custom UMC Stuff\SourceMod\Workspace\umc-core.sp::Handle_MapVoteResults()
L 07/01/2018 - 01:08:59: Error log file session closed.
L 07/01/2018 - 01:48:06: SourceMod error session started
L 07/01/2018 - 01:48:06: Info (map "emp_palmbay_fix") (file "errors_20180701.log")
L 07/01/2018 - 01:48:06: [SM] Exception reported: Invalid timer handle 1cb903a9 (error 1)
L 07/01/2018 - 01:48:06: [SM] Blaming: umc-emp-mapvote.smx()
L 07/01/2018 - 01:48:06: [SM] Call stack trace:
L 07/01/2018 - 01:48:06: [SM]   [0] KillTimer
L 07/01/2018 - 01:48:06: [SM]   [1] Line 686, D:\Documents\My Folder\Empires Custom UMC Stuff\SourceMod\Workspace\umc-emp-mapvote.sp::UMC_OnNextmapSet()
L 07/01/2018 - 01:48:06: [SM]   [3] Call_Finish
L 07/01/2018 - 01:48:06: [SM]   [4] Line 4834, D:\Documents\My Folder\Empires Custom UMC Stuff\SourceMod\Workspace\umc-core.sp::DoMapChange()
L 07/01/2018 - 01:48:06: [SM]   [5] Line 4267, D:\Documents\My Folder\Empires Custom UMC Stuff\SourceMod\Workspace\umc-core.sp::Handle_MapVoteWinner()
L 07/01/2018 - 01:48:06: [SM]   [6] Line 3819, D:\Documents\My Folder\Empires Custom UMC Stuff\SourceMod\Workspace\umc-core.sp::ProcessVoteWinner()
L 07/01/2018 - 01:48:06: [SM]   [7] Line 3795, D:\Documents\My Folder\Empires Custom UMC Stuff\SourceMod\Workspace\umc-core.sp::ProcessVoteResults()
L 07/01/2018 - 01:48:06: [SM]   [8] Line 1277, D:\Documents\My Folder\Empires Custom UMC Stuff\SourceMod\Workspace\umc-core.sp::Native_UMCVoteManagerComplete()
L 07/01/2018 - 01:48:06: [SM]   [10] UMC_VoteManagerVoteCompleted
L 07/01/2018 - 01:48:06: [SM]   [11] Line 2309, D:\Documents\My Folder\Empires Custom UMC Stuff\SourceMod\Workspace\umc-core.sp::Handle_MapVoteResults()
L 07/01/2018 - 01:48:11: Error log file session closed.
L 07/01/2018 - 02:39:35: SourceMod error session started
L 07/01/2018 - 02:39:35: Info (map "emp_beachfront_b2_hce") (file "errors_20180701.log")
L 07/01/2018 - 02:39:35: [SM] Exception reported: Invalid timer handle 2c230346 (error 1)
L 07/01/2018 - 02:39:35: [SM] Blaming: umc-emp-mapvote.smx()
L 07/01/2018 - 02:39:35: [SM] Call stack trace:
L 07/01/2018 - 02:39:35: [SM]   [0] KillTimer
L 07/01/2018 - 02:39:35: [SM]   [1] Line 686, D:\Documents\My Folder\Empires Custom UMC Stuff\SourceMod\Workspace\umc-emp-mapvote.sp::UMC_OnNextmapSet()
L 07/01/2018 - 02:39:35: [SM]   [3] Call_Finish
L 07/01/2018 - 02:39:35: [SM]   [4] Line 4834, D:\Documents\My Folder\Empires Custom UMC Stuff\SourceMod\Workspace\umc-core.sp::DoMapChange()
L 07/01/2018 - 02:39:35: [SM]   [5] Line 4267, D:\Documents\My Folder\Empires Custom UMC Stuff\SourceMod\Workspace\umc-core.sp::Handle_MapVoteWinner()
L 07/01/2018 - 02:39:36: [SM]   [6] Line 3819, D:\Documents\My Folder\Empires Custom UMC Stuff\SourceMod\Workspace\umc-core.sp::ProcessVoteWinner()
L 07/01/2018 - 02:39:36: [SM]   [7] Line 3795, D:\Documents\My Folder\Empires Custom UMC Stuff\SourceMod\Workspace\umc-core.sp::ProcessVoteResults()
L 07/01/2018 - 02:39:36: [SM]   [8] Line 1277, D:\Documents\My Folder\Empires Custom UMC Stuff\SourceMod\Workspace\umc-core.sp::Native_UMCVoteManagerComplete()
L 07/01/2018 - 02:39:36: [SM]   [10] UMC_VoteManagerVoteCompleted
L 07/01/2018 - 02:39:36: [SM]   [11] Line 2309, D:\Documents\My Folder\Empires Custom UMC Stuff\SourceMod\Workspace\umc-core.sp::Handle_MapVoteResults()
L 07/01/2018 - 02:39:42: Error log file session closed.
L 07/01/2018 - 19:21:11: SourceMod error session started
L 07/01/2018 - 19:21:11: Info (map "con_district402") (file "errors_20180701.log")
L 07/01/2018 - 19:21:11: [SM] Exception reported: Invalid timer handle 529b034a (error 1)
L 07/01/2018 - 19:21:11: [SM] Blaming: umc-emp-mapvote.smx()
L 07/01/2018 - 19:21:11: [SM] Call stack trace:
L 07/01/2018 - 19:21:11: [SM]   [0] KillTimer
L 07/01/2018 - 19:21:11: [SM]   [1] Line 686, D:\Documents\My Folder\Empires Custom UMC Stuff\SourceMod\Workspace\umc-emp-mapvote.sp::UMC_OnNextmapSet()
L 07/01/2018 - 19:21:11: [SM]   [3] Call_Finish
L 07/01/2018 - 19:21:11: [SM]   [4] Line 4834, D:\Documents\My Folder\Empires Custom UMC Stuff\SourceMod\Workspace\umc-core.sp::DoMapChange()
L 07/01/2018 - 19:21:11: [SM]   [5] Line 4267, D:\Documents\My Folder\Empires Custom UMC Stuff\SourceMod\Workspace\umc-core.sp::Handle_MapVoteWinner()
L 07/01/2018 - 19:21:11: [SM]   [6] Line 3819, D:\Documents\My Folder\Empires Custom UMC Stuff\SourceMod\Workspace\umc-core.sp::ProcessVoteWinner()
L 07/01/2018 - 19:21:11: [SM]   [7] Line 3765, D:\Documents\My Folder\Empires Custom UMC Stuff\SourceMod\Workspace\umc-core.sp::ProcessVoteResults()
L 07/01/2018 - 19:21:11: [SM]   [8] Line 1277, D:\Documents\My Folder\Empires Custom UMC Stuff\SourceMod\Workspace\umc-core.sp::Native_UMCVoteManagerComplete()
L 07/01/2018 - 19:21:11: [SM]   [10] UMC_VoteManagerVoteCompleted
L 07/01/2018 - 19:21:11: [SM]   [11] Line 2309, D:\Documents\My Folder\Empires Custom UMC Stuff\SourceMod\Workspace\umc-core.sp::Handle_MapVoteResults()
L 07/01/2018 - 19:21:17: Error log file session closed.
L 07/01/2018 - 21:07:36: SourceMod error session started
L 07/01/2018 - 21:07:36: Info (map "emp_drygulch_a7") (file "errors_20180701.log")
L 07/01/2018 - 21:07:36: [SM] Exception reported: Invalid timer handle 529b034a (error 1)
L 07/01/2018 - 21:07:36: [SM] Blaming: umc-emp-mapvote.smx()
L 07/01/2018 - 21:07:36: [SM] Call stack trace:
L 07/01/2018 - 21:07:36: [SM]   [0] KillTimer
L 07/01/2018 - 21:07:36: [SM]   [1] Line 686, D:\Documents\My Folder\Empires Custom UMC Stuff\SourceMod\Workspace\umc-emp-mapvote.sp::UMC_OnNextmapSet()
L 07/01/2018 - 21:07:36: [SM]   [3] Call_Finish
L 07/01/2018 - 21:07:36: [SM]   [4] Line 4834, D:\Documents\My Folder\Empires Custom UMC Stuff\SourceMod\Workspace\umc-core.sp::DoMapChange()
L 07/01/2018 - 21:07:36: [SM]   [5] Line 4267, D:\Documents\My Folder\Empires Custom UMC Stuff\SourceMod\Workspace\umc-core.sp::Handle_MapVoteWinner()
L 07/01/2018 - 21:07:36: [SM]   [6] Line 3819, D:\Documents\My Folder\Empires Custom UMC Stuff\SourceMod\Workspace\umc-core.sp::ProcessVoteWinner()
L 07/01/2018 - 21:07:36: [SM]   [7] Line 3795, D:\Documents\My Folder\Empires Custom UMC Stuff\SourceMod\Workspace\umc-core.sp::ProcessVoteResults()
L 07/01/2018 - 21:07:36: [SM]   [8] Line 1277, D:\Documents\My Folder\Empires Custom UMC Stuff\SourceMod\Workspace\umc-core.sp::Native_UMCVoteManagerComplete()
L 07/01/2018 - 21:07:36: [SM]   [10] UMC_VoteManagerVoteCompleted
L 07/01/2018 - 21:07:36: [SM]   [11] Line 2309, D:\Documents\My Folder\Empires Custom UMC Stuff\SourceMod\Workspace\umc-core.sp::Handle_MapVoteResults()
L 07/01/2018 - 21:07:42: Error log file session closed.
L 07/01/2018 - 21:25:22: SourceMod error session started
L 07/01/2018 - 21:25:22: Info (map "emp_streetsoffire_fix") (file "errors_20180701.log")
L 07/01/2018 - 21:25:22: [SM] Exception reported: Invalid timer handle 7cee0415 (error 1)
L 07/01/2018 - 21:25:22: [SM] Blaming: umc-emp-mapvote.smx()
L 07/01/2018 - 21:25:22: [SM] Call stack trace:
L 07/01/2018 - 21:25:22: [SM]   [0] KillTimer
L 07/01/2018 - 21:25:22: [SM]   [1] Line 686, D:\Documents\My Folder\Empires Custom UMC Stuff\SourceMod\Workspace\umc-emp-mapvote.sp::UMC_OnNextmapSet()
L 07/01/2018 - 21:25:22: [SM]   [3] Call_Finish
L 07/01/2018 - 21:25:22: [SM]   [4] Line 4834, D:\Documents\My Folder\Empires Custom UMC Stuff\SourceMod\Workspace\umc-core.sp::DoMapChange()
L 07/01/2018 - 21:25:22: [SM]   [5] Line 4267, D:\Documents\My Folder\Empires Custom UMC Stuff\SourceMod\Workspace\umc-core.sp::Handle_MapVoteWinner()
L 07/01/2018 - 21:25:22: [SM]   [6] Line 3819, D:\Documents\My Folder\Empires Custom UMC Stuff\SourceMod\Workspace\umc-core.sp::ProcessVoteWinner()
L 07/01/2018 - 21:25:22: [SM]   [7] Line 3795, D:\Documents\My Folder\Empires Custom UMC Stuff\SourceMod\Workspace\umc-core.sp::ProcessVoteResults()
L 07/01/2018 - 21:25:22: [SM]   [8] Line 1277, D:\Documents\My Folder\Empires Custom UMC Stuff\SourceMod\Workspace\umc-core.sp::Native_UMCVoteManagerComplete()
L 07/01/2018 - 21:25:22: [SM]   [10] UMC_VoteManagerVoteCompleted
L 07/01/2018 - 21:25:22: [SM]   [11] Line 2309, D:\Documents\My Folder\Empires Custom UMC Stuff\SourceMod\Workspace\umc-core.sp::Handle_MapVoteResults()
L 07/01/2018 - 21:25:27: Error log file session closed.
L 07/01/2018 - 22:31:00: SourceMod error session started
L 07/01/2018 - 22:31:00: Info (map "emp_coast") (file "errors_20180701.log")
L 07/01/2018 - 22:31:00: [SM] Exception reported: Invalid timer handle a95d0393 (error 1)
L 07/01/2018 - 22:31:00: [SM] Blaming: umc-emp-mapvote.smx()
L 07/01/2018 - 22:31:00: [SM] Call stack trace:
L 07/01/2018 - 22:31:00: [SM]   [0] KillTimer
L 07/01/2018 - 22:31:00: [SM]   [1] Line 686, D:\Documents\My Folder\Empires Custom UMC Stuff\SourceMod\Workspace\umc-emp-mapvote.sp::UMC_OnNextmapSet()
L 07/01/2018 - 22:31:00: [SM]   [3] Call_Finish
L 07/01/2018 - 22:31:00: [SM]   [4] Line 4834, D:\Documents\My Folder\Empires Custom UMC Stuff\SourceMod\Workspace\umc-core.sp::DoMapChange()
L 07/01/2018 - 22:31:00: [SM]   [5] Line 4267, D:\Documents\My Folder\Empires Custom UMC Stuff\SourceMod\Workspace\umc-core.sp::Handle_MapVoteWinner()
L 07/01/2018 - 22:31:00: [SM]   [6] Line 3819, D:\Documents\My Folder\Empires Custom UMC Stuff\SourceMod\Workspace\umc-core.sp::ProcessVoteWinner()
L 07/01/2018 - 22:31:00: [SM]   [7] Line 3795, D:\Documents\My Folder\Empires Custom UMC Stuff\SourceMod\Workspace\umc-core.sp::ProcessVoteResults()
L 07/01/2018 - 22:31:00: [SM]   [8] Line 1277, D:\Documents\My Folder\Empires Custom UMC Stuff\SourceMod\Workspace\umc-core.sp::Native_UMCVoteManagerComplete()
L 07/01/2018 - 22:31:00: [SM]   [10] UMC_VoteManagerVoteCompleted
L 07/01/2018 - 22:31:00: [SM]   [11] Line 2309, D:\Documents\My Folder\Empires Custom UMC Stuff\SourceMod\Workspace\umc-core.sp::Handle_MapVoteResults()
L 07/01/2018 - 22:31:06: Error log file session closed.
L 07/01/2018 - 22:35:07: SourceMod error session started
L 07/01/2018 - 22:35:07: Info (map "emp_midbridge_hce") (file "errors_20180701.log")
L 07/01/2018 - 22:35:07: [SM] Exception reported: Invalid timer handle a95d0393 (error 1)
L 07/01/2018 - 22:35:07: [SM] Blaming: umc-emp-mapvote.smx()
L 07/01/2018 - 22:35:07: [SM] Call stack trace:
L 07/01/2018 - 22:35:07: [SM]   [0] KillTimer
L 07/01/2018 - 22:35:07: [SM]   [1] Line 686, D:\Documents\My Folder\Empires Custom UMC Stuff\SourceMod\Workspace\umc-emp-mapvote.sp::UMC_OnNextmapSet()
L 07/01/2018 - 22:35:07: [SM]   [3] Call_Finish
L 07/01/2018 - 22:35:07: [SM]   [4] Line 4834, D:\Documents\My Folder\Empires Custom UMC Stuff\SourceMod\Workspace\umc-core.sp::DoMapChange()
L 07/01/2018 - 22:35:07: [SM]   [5] Line 4267, D:\Documents\My Folder\Empires Custom UMC Stuff\SourceMod\Workspace\umc-core.sp::Handle_MapVoteWinner()
L 07/01/2018 - 22:35:07: [SM]   [6] Line 3819, D:\Documents\My Folder\Empires Custom UMC Stuff\SourceMod\Workspace\umc-core.sp::ProcessVoteWinner()
L 07/01/2018 - 22:35:07: [SM]   [7] Line 3795, D:\Documents\My Folder\Empires Custom UMC Stuff\SourceMod\Workspace\umc-core.sp::ProcessVoteResults()
L 07/01/2018 - 22:35:07: [SM]   [8] Line 1277, D:\Documents\My Folder\Empires Custom UMC Stuff\SourceMod\Workspace\umc-core.sp::Native_UMCVoteManagerComplete()
L 07/01/2018 - 22:35:07: [SM]   [10] UMC_VoteManagerVoteCompleted
L 07/01/2018 - 22:35:07: [SM]   [11] Line 2309, D:\Documents\My Folder\Empires Custom UMC Stuff\SourceMod\Workspace\umc-core.sp::Handle_MapVoteResults()
L 07/01/2018 - 22:35:13: Error log file session closed.
L 07/01/2018 - 23:03:19: SourceMod error session started
L 07/01/2018 - 23:03:19: Info (map "emp_duststorm_fix2") (file "errors_20180701.log")
L 07/01/2018 - 23:03:19: [SM] Exception reported: Invalid timer handle c4a7040b (error 1)
L 07/01/2018 - 23:03:19: [SM] Blaming: umc-emp-mapvote.smx()
L 07/01/2018 - 23:03:19: [SM] Call stack trace:
L 07/01/2018 - 23:03:19: [SM]   [0] KillTimer
L 07/01/2018 - 23:03:19: [SM]   [1] Line 686, D:\Documents\My Folder\Empires Custom UMC Stuff\SourceMod\Workspace\umc-emp-mapvote.sp::UMC_OnNextmapSet()
L 07/01/2018 - 23:03:19: [SM]   [3] Call_Finish
L 07/01/2018 - 23:03:19: [SM]   [4] Line 4834, D:\Documents\My Folder\Empires Custom UMC Stuff\SourceMod\Workspace\umc-core.sp::DoMapChange()
L 07/01/2018 - 23:03:19: [SM]   [5] Line 4267, D:\Documents\My Folder\Empires Custom UMC Stuff\SourceMod\Workspace\umc-core.sp::Handle_MapVoteWinner()
L 07/01/2018 - 23:03:19: [SM]   [6] Line 3819, D:\Documents\My Folder\Empires Custom UMC Stuff\SourceMod\Workspace\umc-core.sp::ProcessVoteWinner()
L 07/01/2018 - 23:03:19: [SM]   [7] Line 3795, D:\Documents\My Folder\Empires Custom UMC Stuff\SourceMod\Workspace\umc-core.sp::ProcessVoteResults()
L 07/01/2018 - 23:03:19: [SM]   [8] Line 1277, D:\Documents\My Folder\Empires Custom UMC Stuff\SourceMod\Workspace\umc-core.sp::Native_UMCVoteManagerComplete()
L 07/01/2018 - 23:03:19: [SM]   [10] UMC_VoteManagerVoteCompleted
L 07/01/2018 - 23:03:19: [SM]   [11] Line 2309, D:\Documents\My Folder\Empires Custom UMC Stuff\SourceMod\Workspace\umc-core.sp::Handle_MapVoteResults()
L 07/01/2018 - 23:03:25: Error log file session closed.
