L 05/06/2018 - 00:01:21: SourceMod error session started
L 05/06/2018 - 00:01:21: Info (map "emp_homeland_b9") (file "errors_20180506.log")
L 05/06/2018 - 00:01:21: [SM] Exception reported: Invalid timer handle 996203d5 (error 3)
L 05/06/2018 - 00:01:21: [SM] Blaming: umc-emp-mapvote.smx()
L 05/06/2018 - 00:01:21: [SM] Call stack trace:
L 05/06/2018 - 00:01:21: [SM]   [0] KillTimer
L 05/06/2018 - 00:01:21: [SM]   [1] Line 686, D:\Documents\My Folder\Empires Custom UMC Stuff\SourceMod\Workspace\umc-emp-mapvote.sp::UMC_OnNextmapSet()
L 05/06/2018 - 00:01:21: [SM]   [3] Call_Finish
L 05/06/2018 - 00:01:21: [SM]   [4] Line 4834, D:\Documents\My Folder\Empires Custom UMC Stuff\SourceMod\Workspace\umc-core.sp::DoMapChange()
L 05/06/2018 - 00:01:21: [SM]   [5] Line 4267, D:\Documents\My Folder\Empires Custom UMC Stuff\SourceMod\Workspace\umc-core.sp::Handle_MapVoteWinner()
L 05/06/2018 - 00:01:21: [SM]   [6] Line 3819, D:\Documents\My Folder\Empires Custom UMC Stuff\SourceMod\Workspace\umc-core.sp::ProcessVoteWinner()
L 05/06/2018 - 00:01:21: [SM]   [7] Line 3795, D:\Documents\My Folder\Empires Custom UMC Stuff\SourceMod\Workspace\umc-core.sp::ProcessVoteResults()
L 05/06/2018 - 00:01:21: [SM]   [8] Line 1277, D:\Documents\My Folder\Empires Custom UMC Stuff\SourceMod\Workspace\umc-core.sp::Native_UMCVoteManagerComplete()
L 05/06/2018 - 00:01:21: [SM]   [10] UMC_VoteManagerVoteCompleted
L 05/06/2018 - 00:01:21: [SM]   [11] Line 2309, D:\Documents\My Folder\Empires Custom UMC Stuff\SourceMod\Workspace\umc-core.sp::Handle_MapVoteResults()
L 05/06/2018 - 00:01:27: Error log file session closed.
L 05/06/2018 - 00:01:27: SourceMod error session started
L 05/06/2018 - 00:01:27: Info (map "emp_mvalley_fix") (file "errors_20180506.log")
L 05/06/2018 - 00:01:27: [SM] Exception reported: No vote is in progress
L 05/06/2018 - 00:01:27: [SM] Blaming: Surrender.smx()
L 05/06/2018 - 00:01:27: [SM] Call stack trace:
L 05/06/2018 - 00:01:27: [SM]   [0] CancelVote
L 05/06/2018 - 00:01:27: [SM]   [1] Line 1297, /builds/sourcemod/Surrender/build/../addons/sourcemod/scripting/Surrender.sp::Command_SurrenderDisable()
L 05/06/2018 - 00:01:29: [SM] Exception reported: Invalid hook callback specified for game event "player_disconnect"
L 05/06/2018 - 00:01:29: [SM] Blaming: empstats.smx()
L 05/06/2018 - 00:01:29: [SM] Call stack trace:
L 05/06/2018 - 00:01:29: [SM]   [0] UnhookEvent
L 05/06/2018 - 00:01:29: [SM]   [1] Line 338, dist\addons\sourcemod\scripting\empstats.sp::Deactivate()
L 05/06/2018 - 00:01:29: [SM]   [2] Line 290, dist\addons\sourcemod\scripting\empstats.sp::CheckActivate()
L 05/06/2018 - 00:01:29: [SM]   [3] Line 1608, dist\addons\sourcemod\scripting\empstats.sp::EndMapChange()
L 05/06/2018 - 00:03:09: [SM] Exception reported: Heap leak detected: hp:14300 should be 14260!
L 05/06/2018 - 00:22:24: [SM] Exception reported: Invalid timer handle a80a03f4 (error 1)
L 05/06/2018 - 00:22:24: [SM] Blaming: umc-emp-mapvote.smx()
L 05/06/2018 - 00:22:24: [SM] Call stack trace:
L 05/06/2018 - 00:22:24: [SM]   [0] KillTimer
L 05/06/2018 - 00:22:24: [SM]   [1] Line 686, D:\Documents\My Folder\Empires Custom UMC Stuff\SourceMod\Workspace\umc-emp-mapvote.sp::UMC_OnNextmapSet()
L 05/06/2018 - 00:22:24: [SM]   [3] Call_Finish
L 05/06/2018 - 00:22:24: [SM]   [4] Line 4834, D:\Documents\My Folder\Empires Custom UMC Stuff\SourceMod\Workspace\umc-core.sp::DoMapChange()
L 05/06/2018 - 00:22:24: [SM]   [5] Line 4267, D:\Documents\My Folder\Empires Custom UMC Stuff\SourceMod\Workspace\umc-core.sp::Handle_MapVoteWinner()
L 05/06/2018 - 00:22:24: [SM]   [6] Line 3819, D:\Documents\My Folder\Empires Custom UMC Stuff\SourceMod\Workspace\umc-core.sp::ProcessVoteWinner()
L 05/06/2018 - 00:22:24: [SM]   [7] Line 3795, D:\Documents\My Folder\Empires Custom UMC Stuff\SourceMod\Workspace\umc-core.sp::ProcessVoteResults()
L 05/06/2018 - 00:22:24: [SM]   [8] Line 1277, D:\Documents\My Folder\Empires Custom UMC Stuff\SourceMod\Workspace\umc-core.sp::Native_UMCVoteManagerComplete()
L 05/06/2018 - 00:22:24: [SM]   [10] UMC_VoteManagerVoteCompleted
L 05/06/2018 - 00:22:24: [SM]   [11] Line 2309, D:\Documents\My Folder\Empires Custom UMC Stuff\SourceMod\Workspace\umc-core.sp::Handle_MapVoteResults()
L 05/06/2018 - 00:22:29: Error log file session closed.
L 05/06/2018 - 00:22:32: SourceMod error session started
L 05/06/2018 - 00:22:32: Info (map "emp_coast") (file "errors_20180506.log")
L 05/06/2018 - 00:22:32: [SM] Exception reported: Invalid hook callback specified for game event "player_disconnect"
L 05/06/2018 - 00:22:32: [SM] Blaming: empstats.smx()
L 05/06/2018 - 00:22:32: [SM] Call stack trace:
L 05/06/2018 - 00:22:32: [SM]   [0] UnhookEvent
L 05/06/2018 - 00:22:32: [SM]   [1] Line 338, dist\addons\sourcemod\scripting\empstats.sp::Deactivate()
L 05/06/2018 - 00:22:32: [SM]   [2] Line 290, dist\addons\sourcemod\scripting\empstats.sp::CheckActivate()
L 05/06/2018 - 00:22:32: [SM]   [3] Line 1608, dist\addons\sourcemod\scripting\empstats.sp::EndMapChange()
L 05/06/2018 - 00:24:12: [SM] Exception reported: Heap leak detected: hp:14340 should be 14300!
L 05/06/2018 - 00:41:13: [SM] Exception reported: Invalid timer handle b58803ab (error 1)
L 05/06/2018 - 00:41:13: [SM] Blaming: umc-emp-mapvote.smx()
L 05/06/2018 - 00:41:13: [SM] Call stack trace:
L 05/06/2018 - 00:41:13: [SM]   [0] KillTimer
L 05/06/2018 - 00:41:13: [SM]   [1] Line 686, D:\Documents\My Folder\Empires Custom UMC Stuff\SourceMod\Workspace\umc-emp-mapvote.sp::UMC_OnNextmapSet()
L 05/06/2018 - 00:41:13: [SM]   [3] Call_Finish
L 05/06/2018 - 00:41:13: [SM]   [4] Line 4834, D:\Documents\My Folder\Empires Custom UMC Stuff\SourceMod\Workspace\umc-core.sp::DoMapChange()
L 05/06/2018 - 00:41:13: [SM]   [5] Line 4267, D:\Documents\My Folder\Empires Custom UMC Stuff\SourceMod\Workspace\umc-core.sp::Handle_MapVoteWinner()
L 05/06/2018 - 00:41:13: [SM]   [6] Line 3819, D:\Documents\My Folder\Empires Custom UMC Stuff\SourceMod\Workspace\umc-core.sp::ProcessVoteWinner()
L 05/06/2018 - 00:41:13: [SM]   [7] Line 3795, D:\Documents\My Folder\Empires Custom UMC Stuff\SourceMod\Workspace\umc-core.sp::ProcessVoteResults()
L 05/06/2018 - 00:41:13: [SM]   [8] Line 1277, D:\Documents\My Folder\Empires Custom UMC Stuff\SourceMod\Workspace\umc-core.sp::Native_UMCVoteManagerComplete()
L 05/06/2018 - 00:41:13: [SM]   [10] UMC_VoteManagerVoteCompleted
L 05/06/2018 - 00:41:13: [SM]   [11] Line 2309, D:\Documents\My Folder\Empires Custom UMC Stuff\SourceMod\Workspace\umc-core.sp::Handle_MapVoteResults()
L 05/06/2018 - 00:41:19: Error log file session closed.
L 05/06/2018 - 00:41:21: SourceMod error session started
L 05/06/2018 - 00:41:21: Info (map "emp_streetsoffire_fix") (file "errors_20180506.log")
L 05/06/2018 - 00:41:21: [SM] Exception reported: Invalid hook callback specified for game event "player_disconnect"
L 05/06/2018 - 00:41:21: [SM] Blaming: empstats.smx()
L 05/06/2018 - 00:41:21: [SM] Call stack trace:
L 05/06/2018 - 00:41:21: [SM]   [0] UnhookEvent
L 05/06/2018 - 00:41:21: [SM]   [1] Line 338, dist\addons\sourcemod\scripting\empstats.sp::Deactivate()
L 05/06/2018 - 00:41:21: [SM]   [2] Line 290, dist\addons\sourcemod\scripting\empstats.sp::CheckActivate()
L 05/06/2018 - 00:41:21: [SM]   [3] Line 1608, dist\addons\sourcemod\scripting\empstats.sp::EndMapChange()
L 05/06/2018 - 00:43:01: [SM] Exception reported: Heap leak detected: hp:14380 should be 14340!
L 05/06/2018 - 01:03:19: [SM] Exception reported: Invalid timer handle c1c403a5 (error 3)
L 05/06/2018 - 01:03:19: [SM] Blaming: umc-emp-mapvote.smx()
L 05/06/2018 - 01:03:19: [SM] Call stack trace:
L 05/06/2018 - 01:03:19: [SM]   [0] KillTimer
L 05/06/2018 - 01:03:19: [SM]   [1] Line 686, D:\Documents\My Folder\Empires Custom UMC Stuff\SourceMod\Workspace\umc-emp-mapvote.sp::UMC_OnNextmapSet()
L 05/06/2018 - 01:03:19: [SM]   [3] Call_Finish
L 05/06/2018 - 01:03:19: [SM]   [4] Line 4834, D:\Documents\My Folder\Empires Custom UMC Stuff\SourceMod\Workspace\umc-core.sp::DoMapChange()
L 05/06/2018 - 01:03:19: [SM]   [5] Line 4267, D:\Documents\My Folder\Empires Custom UMC Stuff\SourceMod\Workspace\umc-core.sp::Handle_MapVoteWinner()
L 05/06/2018 - 01:03:19: [SM]   [6] Line 3819, D:\Documents\My Folder\Empires Custom UMC Stuff\SourceMod\Workspace\umc-core.sp::ProcessVoteWinner()
L 05/06/2018 - 01:03:19: [SM]   [7] Line 3795, D:\Documents\My Folder\Empires Custom UMC Stuff\SourceMod\Workspace\umc-core.sp::ProcessVoteResults()
L 05/06/2018 - 01:03:19: [SM]   [8] Line 1277, D:\Documents\My Folder\Empires Custom UMC Stuff\SourceMod\Workspace\umc-core.sp::Native_UMCVoteManagerComplete()
L 05/06/2018 - 01:03:19: [SM]   [10] UMC_VoteManagerVoteCompleted
L 05/06/2018 - 01:03:19: [SM]   [11] Line 2309, D:\Documents\My Folder\Empires Custom UMC Stuff\SourceMod\Workspace\umc-core.sp::Handle_MapVoteResults()
L 05/06/2018 - 01:03:25: Error log file session closed.
L 05/06/2018 - 01:03:27: SourceMod error session started
L 05/06/2018 - 01:03:27: Info (map "emp_downfall_hce") (file "errors_20180506.log")
L 05/06/2018 - 01:03:27: [SM] Exception reported: Invalid hook callback specified for game event "player_disconnect"
L 05/06/2018 - 01:03:27: [SM] Blaming: empstats.smx()
L 05/06/2018 - 01:03:27: [SM] Call stack trace:
L 05/06/2018 - 01:03:27: [SM]   [0] UnhookEvent
L 05/06/2018 - 01:03:27: [SM]   [1] Line 338, dist\addons\sourcemod\scripting\empstats.sp::Deactivate()
L 05/06/2018 - 01:03:27: [SM]   [2] Line 290, dist\addons\sourcemod\scripting\empstats.sp::CheckActivate()
L 05/06/2018 - 01:03:27: [SM]   [3] Line 1608, dist\addons\sourcemod\scripting\empstats.sp::EndMapChange()
L 05/06/2018 - 01:03:29: [SM] Exception reported: Invalid hook callback specified for game event "player_disconnect"
L 05/06/2018 - 01:03:29: [SM] Blaming: empstats.smx()
L 05/06/2018 - 01:03:29: [SM] Call stack trace:
L 05/06/2018 - 01:03:29: [SM]   [0] UnhookEvent
L 05/06/2018 - 01:03:29: [SM]   [1] Line 338, dist\addons\sourcemod\scripting\empstats.sp::Deactivate()
L 05/06/2018 - 01:03:29: [SM]   [2] Line 290, dist\addons\sourcemod\scripting\empstats.sp::CheckActivate()
L 05/06/2018 - 01:03:29: [SM]   [3] Line 680, dist\addons\sourcemod\scripting\empstats.sp::OnClientPostAdminCheck()
L 05/06/2018 - 01:03:29: [SM]   [5] NotifyPostAdminCheck
L 05/06/2018 - 01:03:29: [SM]   [6] Line 2395, sbpp_main.sp::CheckLoadAdmins()
L 05/06/2018 - 01:03:29: [SM]   [7] Line 1761, sbpp_main.sp::AdminsDone()
L 05/06/2018 - 01:03:30: [SM] Exception reported: Invalid hook callback specified for game event "player_disconnect"
L 05/06/2018 - 01:03:30: [SM] Blaming: empstats.smx()
L 05/06/2018 - 01:03:30: [SM] Call stack trace:
L 05/06/2018 - 01:03:30: [SM]   [0] UnhookEvent
L 05/06/2018 - 01:03:30: [SM]   [1] Line 338, dist\addons\sourcemod\scripting\empstats.sp::Deactivate()
L 05/06/2018 - 01:03:30: [SM]   [2] Line 290, dist\addons\sourcemod\scripting\empstats.sp::CheckActivate()
L 05/06/2018 - 01:03:30: [SM]   [3] Line 680, dist\addons\sourcemod\scripting\empstats.sp::OnClientPostAdminCheck()
L 05/06/2018 - 01:03:30: [SM] Exception reported: Invalid hook callback specified for game event "player_disconnect"
L 05/06/2018 - 01:03:30: [SM] Blaming: empstats.smx()
L 05/06/2018 - 01:03:30: [SM] Call stack trace:
L 05/06/2018 - 01:03:30: [SM]   [0] UnhookEvent
L 05/06/2018 - 01:03:30: [SM]   [1] Line 338, dist\addons\sourcemod\scripting\empstats.sp::Deactivate()
L 05/06/2018 - 01:03:30: [SM]   [2] Line 290, dist\addons\sourcemod\scripting\empstats.sp::CheckActivate()
L 05/06/2018 - 01:03:30: [SM]   [3] Line 680, dist\addons\sourcemod\scripting\empstats.sp::OnClientPostAdminCheck()
L 05/06/2018 - 01:13:37: [SM] Exception reported: Game event "player_disconnect" has no active hook
L 05/06/2018 - 01:13:37: [SM] Blaming: empstats.smx()
L 05/06/2018 - 01:13:37: [SM] Call stack trace:
L 05/06/2018 - 01:13:37: [SM]   [0] UnhookEvent
L 05/06/2018 - 01:13:37: [SM]   [1] Line 338, dist\addons\sourcemod\scripting\empstats.sp::Deactivate()
L 05/06/2018 - 01:13:37: [SM]   [2] Line 290, dist\addons\sourcemod\scripting\empstats.sp::CheckActivate()
L 05/06/2018 - 01:13:37: [SM]   [3] Line 1014, dist\addons\sourcemod\scripting\empstats.sp::OnClientDisconnect_Post()
L 05/06/2018 - 01:33:19: [SM] Exception reported: Game event "player_disconnect" has no active hook
L 05/06/2018 - 01:33:19: [SM] Blaming: empstats.smx()
L 05/06/2018 - 01:33:19: [SM] Call stack trace:
L 05/06/2018 - 01:33:19: [SM]   [0] UnhookEvent
L 05/06/2018 - 01:33:19: [SM]   [1] Line 338, dist\addons\sourcemod\scripting\empstats.sp::Deactivate()
L 05/06/2018 - 01:33:19: [SM]   [2] Line 290, dist\addons\sourcemod\scripting\empstats.sp::CheckActivate()
L 05/06/2018 - 01:33:19: [SM]   [3] Line 680, dist\addons\sourcemod\scripting\empstats.sp::OnClientPostAdminCheck()
L 05/06/2018 - 13:42:30: SourceMod error session started
L 05/06/2018 - 13:42:30: Info (map "con_district402") (file "errors_20180506.log")
L 05/06/2018 - 13:42:30: [SDKTOOLS] Invalid detour address passed - Disabling detour to prevent crashes
L 05/06/2018 - 13:42:30: [SDKTOOLS] Failed to find PlayerRunCmd offset - OnPlayerRunCmd forward disabled.
L 05/06/2018 - 16:00:30: [SM] Exception reported: Invalid timer handle 8000308 (error 3)
L 05/06/2018 - 16:00:30: [SM] Blaming: umc-emp-mapvote.smx()
L 05/06/2018 - 16:00:30: [SM] Call stack trace:
L 05/06/2018 - 16:00:30: [SM]   [0] KillTimer
L 05/06/2018 - 16:00:30: [SM]   [1] Line 686, D:\Documents\My Folder\Empires Custom UMC Stuff\SourceMod\Workspace\umc-emp-mapvote.sp::UMC_OnNextmapSet()
L 05/06/2018 - 16:00:30: [SM]   [3] Call_Finish
L 05/06/2018 - 16:00:30: [SM]   [4] Line 4834, D:\Documents\My Folder\Empires Custom UMC Stuff\SourceMod\Workspace\umc-core.sp::DoMapChange()
L 05/06/2018 - 16:00:30: [SM]   [5] Line 1767, D:\Documents\My Folder\Empires Custom UMC Stuff\SourceMod\Workspace\umc-core.sp::Native_UMCSetNextMap()
L 05/06/2018 - 16:00:30: [SM]   [7] UMC_SetNextMap
L 05/06/2018 - 16:00:30: [SM]   [8] Line 621, D:\Documents\My Folder\Empires Custom UMC Stuff\SourceMod\Workspace\umc-emp-mapvote.sp::DoRandomNextMap()
L 05/06/2018 - 16:00:30: [SM]   [9] Line 606, D:\Documents\My Folder\Empires Custom UMC Stuff\SourceMod\Workspace\umc-emp-mapvote.sp::DoMapChangeFailSafe()
L 05/06/2018 - 16:00:30: [SM]   [10] Line 722, D:\Documents\My Folder\Empires Custom UMC Stuff\SourceMod\Workspace\umc-emp-mapvote.sp::UMC_OnVoteFailed()
L 05/06/2018 - 16:00:30: [SM]   [12] Call_Finish
L 05/06/2018 - 16:00:30: [SM]   [13] Line 4796, D:\Documents\My Folder\Empires Custom UMC Stuff\SourceMod\Workspace\umc-core.sp::VoteFailed()
L 05/06/2018 - 16:00:30: [SM]   [14] Line 3507, D:\Documents\My Folder\Empires Custom UMC Stuff\SourceMod\Workspace\umc-core.sp::VoteCancelled()
L 05/06/2018 - 16:00:30: [SM]   [15] Line 1177, D:\Documents\My Folder\Empires Custom UMC Stuff\SourceMod\Workspace\umc-core.sp::Native_UMCVoteManagerCancel()
L 05/06/2018 - 16:00:30: [SM]   [17] UMC_VoteManagerVoteCancelled
L 05/06/2018 - 16:00:30: [SM]   [18] Line 2276, D:\Documents\My Folder\Empires Custom UMC Stuff\SourceMod\Workspace\umc-core.sp::Handle_VoteMenu()
L 05/06/2018 - 16:00:36: Error log file session closed.
L 05/06/2018 - 19:11:25: SourceMod error session started
L 05/06/2018 - 19:11:25: Info (map "emp_crossroads_towerless_hce") (file "errors_20180506.log")
L 05/06/2018 - 19:11:25: [SM] Exception reported: Invalid timer handle 18680376 (error 1)
L 05/06/2018 - 19:11:25: [SM] Blaming: umc-emp-mapvote.smx()
L 05/06/2018 - 19:11:25: [SM] Call stack trace:
L 05/06/2018 - 19:11:25: [SM]   [0] KillTimer
L 05/06/2018 - 19:11:25: [SM]   [1] Line 686, D:\Documents\My Folder\Empires Custom UMC Stuff\SourceMod\Workspace\umc-emp-mapvote.sp::UMC_OnNextmapSet()
L 05/06/2018 - 19:11:25: [SM]   [3] Call_Finish
L 05/06/2018 - 19:11:25: [SM]   [4] Line 4834, D:\Documents\My Folder\Empires Custom UMC Stuff\SourceMod\Workspace\umc-core.sp::DoMapChange()
L 05/06/2018 - 19:11:25: [SM]   [5] Line 4267, D:\Documents\My Folder\Empires Custom UMC Stuff\SourceMod\Workspace\umc-core.sp::Handle_MapVoteWinner()
L 05/06/2018 - 19:11:25: [SM]   [6] Line 3819, D:\Documents\My Folder\Empires Custom UMC Stuff\SourceMod\Workspace\umc-core.sp::ProcessVoteWinner()
L 05/06/2018 - 19:11:25: [SM]   [7] Line 3795, D:\Documents\My Folder\Empires Custom UMC Stuff\SourceMod\Workspace\umc-core.sp::ProcessVoteResults()
L 05/06/2018 - 19:11:25: [SM]   [8] Line 1277, D:\Documents\My Folder\Empires Custom UMC Stuff\SourceMod\Workspace\umc-core.sp::Native_UMCVoteManagerComplete()
L 05/06/2018 - 19:11:25: [SM]   [10] UMC_VoteManagerVoteCompleted
L 05/06/2018 - 19:11:25: [SM]   [11] Line 2309, D:\Documents\My Folder\Empires Custom UMC Stuff\SourceMod\Workspace\umc-core.sp::Handle_MapVoteResults()
L 05/06/2018 - 19:11:30: Error log file session closed.
L 05/06/2018 - 19:38:57: SourceMod error session started
L 05/06/2018 - 19:38:57: Info (map "emp_havoc_b1_fix") (file "errors_20180506.log")
L 05/06/2018 - 19:38:57: [SM] Exception reported: Invalid timer handle 1db10357 (error 1)
L 05/06/2018 - 19:38:57: [SM] Blaming: umc-emp-mapvote.smx()
L 05/06/2018 - 19:38:57: [SM] Call stack trace:
L 05/06/2018 - 19:38:57: [SM]   [0] KillTimer
L 05/06/2018 - 19:38:57: [SM]   [1] Line 686, D:\Documents\My Folder\Empires Custom UMC Stuff\SourceMod\Workspace\umc-emp-mapvote.sp::UMC_OnNextmapSet()
L 05/06/2018 - 19:38:57: [SM]   [3] Call_Finish
L 05/06/2018 - 19:38:57: [SM]   [4] Line 4834, D:\Documents\My Folder\Empires Custom UMC Stuff\SourceMod\Workspace\umc-core.sp::DoMapChange()
L 05/06/2018 - 19:38:57: [SM]   [5] Line 4267, D:\Documents\My Folder\Empires Custom UMC Stuff\SourceMod\Workspace\umc-core.sp::Handle_MapVoteWinner()
L 05/06/2018 - 19:38:57: [SM]   [6] Line 3819, D:\Documents\My Folder\Empires Custom UMC Stuff\SourceMod\Workspace\umc-core.sp::ProcessVoteWinner()
L 05/06/2018 - 19:38:57: [SM]   [7] Line 3795, D:\Documents\My Folder\Empires Custom UMC Stuff\SourceMod\Workspace\umc-core.sp::ProcessVoteResults()
L 05/06/2018 - 19:38:57: [SM]   [8] Line 1277, D:\Documents\My Folder\Empires Custom UMC Stuff\SourceMod\Workspace\umc-core.sp::Native_UMCVoteManagerComplete()
L 05/06/2018 - 19:38:57: [SM]   [10] UMC_VoteManagerVoteCompleted
L 05/06/2018 - 19:38:57: [SM]   [11] Line 2309, D:\Documents\My Folder\Empires Custom UMC Stuff\SourceMod\Workspace\umc-core.sp::Handle_MapVoteResults()
L 05/06/2018 - 19:39:02: Error log file session closed.
L 05/06/2018 - 19:59:42: SourceMod error session started
L 05/06/2018 - 19:59:42: Info (map "con_blast_ob2") (file "errors_20180506.log")
L 05/06/2018 - 19:59:42: [SM] Exception reported: Invalid timer handle 23260160 (error 1)
L 05/06/2018 - 19:59:42: [SM] Blaming: umc-emp-mapvote.smx()
L 05/06/2018 - 19:59:42: [SM] Call stack trace:
L 05/06/2018 - 19:59:42: [SM]   [0] KillTimer
L 05/06/2018 - 19:59:42: [SM]   [1] Line 686, D:\Documents\My Folder\Empires Custom UMC Stuff\SourceMod\Workspace\umc-emp-mapvote.sp::UMC_OnNextmapSet()
L 05/06/2018 - 19:59:42: [SM]   [3] Call_Finish
L 05/06/2018 - 19:59:42: [SM]   [4] Line 4834, D:\Documents\My Folder\Empires Custom UMC Stuff\SourceMod\Workspace\umc-core.sp::DoMapChange()
L 05/06/2018 - 19:59:42: [SM]   [5] Line 4267, D:\Documents\My Folder\Empires Custom UMC Stuff\SourceMod\Workspace\umc-core.sp::Handle_MapVoteWinner()
L 05/06/2018 - 19:59:42: [SM]   [6] Line 3819, D:\Documents\My Folder\Empires Custom UMC Stuff\SourceMod\Workspace\umc-core.sp::ProcessVoteWinner()
L 05/06/2018 - 19:59:42: [SM]   [7] Line 3795, D:\Documents\My Folder\Empires Custom UMC Stuff\SourceMod\Workspace\umc-core.sp::ProcessVoteResults()
L 05/06/2018 - 19:59:42: [SM]   [8] Line 1277, D:\Documents\My Folder\Empires Custom UMC Stuff\SourceMod\Workspace\umc-core.sp::Native_UMCVoteManagerComplete()
L 05/06/2018 - 19:59:42: [SM]   [10] UMC_VoteManagerVoteCompleted
L 05/06/2018 - 19:59:42: [SM]   [11] Line 2309, D:\Documents\My Folder\Empires Custom UMC Stuff\SourceMod\Workspace\umc-core.sp::Handle_MapVoteResults()
L 05/06/2018 - 19:59:47: Error log file session closed.
L 05/06/2018 - 20:47:14: SourceMod error session started
L 05/06/2018 - 20:47:14: Info (map "emp_beachfront_b2_hce") (file "errors_20180506.log")
L 05/06/2018 - 20:47:14: [SM] Exception reported: Invalid timer handle 2acd0389 (error 3)
L 05/06/2018 - 20:47:14: [SM] Blaming: umc-emp-mapvote.smx()
L 05/06/2018 - 20:47:14: [SM] Call stack trace:
L 05/06/2018 - 20:47:14: [SM]   [0] KillTimer
L 05/06/2018 - 20:47:14: [SM]   [1] Line 686, D:\Documents\My Folder\Empires Custom UMC Stuff\SourceMod\Workspace\umc-emp-mapvote.sp::UMC_OnNextmapSet()
L 05/06/2018 - 20:47:14: [SM]   [3] Call_Finish
L 05/06/2018 - 20:47:14: [SM]   [4] Line 4834, D:\Documents\My Folder\Empires Custom UMC Stuff\SourceMod\Workspace\umc-core.sp::DoMapChange()
L 05/06/2018 - 20:47:14: [SM]   [5] Line 4267, D:\Documents\My Folder\Empires Custom UMC Stuff\SourceMod\Workspace\umc-core.sp::Handle_MapVoteWinner()
L 05/06/2018 - 20:47:14: [SM]   [6] Line 3819, D:\Documents\My Folder\Empires Custom UMC Stuff\SourceMod\Workspace\umc-core.sp::ProcessVoteWinner()
L 05/06/2018 - 20:47:14: [SM]   [7] Line 3795, D:\Documents\My Folder\Empires Custom UMC Stuff\SourceMod\Workspace\umc-core.sp::ProcessVoteResults()
L 05/06/2018 - 20:47:14: [SM]   [8] Line 1277, D:\Documents\My Folder\Empires Custom UMC Stuff\SourceMod\Workspace\umc-core.sp::Native_UMCVoteManagerComplete()
L 05/06/2018 - 20:47:14: [SM]   [10] UMC_VoteManagerVoteCompleted
L 05/06/2018 - 20:47:14: [SM]   [11] Line 2309, D:\Documents\My Folder\Empires Custom UMC Stuff\SourceMod\Workspace\umc-core.sp::Handle_MapVoteResults()
L 05/06/2018 - 20:47:19: Error log file session closed.
L 05/06/2018 - 21:15:29: SourceMod error session started
L 05/06/2018 - 21:15:29: Info (map "emp_nuclear_b8u_xfix") (file "errors_20180506.log")
L 05/06/2018 - 21:15:29: [SM] Exception reported: Invalid timer handle 35180396 (error 1)
L 05/06/2018 - 21:15:29: [SM] Blaming: umc-emp-mapvote.smx()
L 05/06/2018 - 21:15:29: [SM] Call stack trace:
L 05/06/2018 - 21:15:29: [SM]   [0] KillTimer
L 05/06/2018 - 21:15:29: [SM]   [1] Line 686, D:\Documents\My Folder\Empires Custom UMC Stuff\SourceMod\Workspace\umc-emp-mapvote.sp::UMC_OnNextmapSet()
L 05/06/2018 - 21:15:29: [SM]   [3] Call_Finish
L 05/06/2018 - 21:15:29: [SM]   [4] Line 4834, D:\Documents\My Folder\Empires Custom UMC Stuff\SourceMod\Workspace\umc-core.sp::DoMapChange()
L 05/06/2018 - 21:15:29: [SM]   [5] Line 4267, D:\Documents\My Folder\Empires Custom UMC Stuff\SourceMod\Workspace\umc-core.sp::Handle_MapVoteWinner()
L 05/06/2018 - 21:15:29: [SM]   [6] Line 3819, D:\Documents\My Folder\Empires Custom UMC Stuff\SourceMod\Workspace\umc-core.sp::ProcessVoteWinner()
L 05/06/2018 - 21:15:29: [SM]   [7] Line 3795, D:\Documents\My Folder\Empires Custom UMC Stuff\SourceMod\Workspace\umc-core.sp::ProcessVoteResults()
L 05/06/2018 - 21:15:29: [SM]   [8] Line 1277, D:\Documents\My Folder\Empires Custom UMC Stuff\SourceMod\Workspace\umc-core.sp::Native_UMCVoteManagerComplete()
L 05/06/2018 - 21:15:29: [SM]   [10] UMC_VoteManagerVoteCompleted
L 05/06/2018 - 21:15:29: [SM]   [11] Line 2309, D:\Documents\My Folder\Empires Custom UMC Stuff\SourceMod\Workspace\umc-core.sp::Handle_MapVoteResults()
L 05/06/2018 - 21:15:34: Error log file session closed.
L 05/06/2018 - 21:31:05: SourceMod error session started
L 05/06/2018 - 21:31:05: Info (map "emp_temple_b3f") (file "errors_20180506.log")
L 05/06/2018 - 21:31:05: [SM] Exception reported: Invalid timer handle 3f9a0378 (error 1)
L 05/06/2018 - 21:31:05: [SM] Blaming: umc-emp-mapvote.smx()
L 05/06/2018 - 21:31:05: [SM] Call stack trace:
L 05/06/2018 - 21:31:05: [SM]   [0] KillTimer
L 05/06/2018 - 21:31:05: [SM]   [1] Line 686, D:\Documents\My Folder\Empires Custom UMC Stuff\SourceMod\Workspace\umc-emp-mapvote.sp::UMC_OnNextmapSet()
L 05/06/2018 - 21:31:05: [SM]   [3] Call_Finish
L 05/06/2018 - 21:31:05: [SM]   [4] Line 4834, D:\Documents\My Folder\Empires Custom UMC Stuff\SourceMod\Workspace\umc-core.sp::DoMapChange()
L 05/06/2018 - 21:31:05: [SM]   [5] Line 4267, D:\Documents\My Folder\Empires Custom UMC Stuff\SourceMod\Workspace\umc-core.sp::Handle_MapVoteWinner()
L 05/06/2018 - 21:31:05: [SM]   [6] Line 3819, D:\Documents\My Folder\Empires Custom UMC Stuff\SourceMod\Workspace\umc-core.sp::ProcessVoteWinner()
L 05/06/2018 - 21:31:05: [SM]   [7] Line 3795, D:\Documents\My Folder\Empires Custom UMC Stuff\SourceMod\Workspace\umc-core.sp::ProcessVoteResults()
L 05/06/2018 - 21:31:05: [SM]   [8] Line 1277, D:\Documents\My Folder\Empires Custom UMC Stuff\SourceMod\Workspace\umc-core.sp::Native_UMCVoteManagerComplete()
L 05/06/2018 - 21:31:05: [SM]   [10] UMC_VoteManagerVoteCompleted
L 05/06/2018 - 21:31:05: [SM]   [11] Line 2309, D:\Documents\My Folder\Empires Custom UMC Stuff\SourceMod\Workspace\umc-core.sp::Handle_MapVoteResults()
L 05/06/2018 - 21:31:11: Error log file session closed.
L 05/06/2018 - 21:53:06: SourceMod error session started
L 05/06/2018 - 21:53:06: Info (map "emp_streetsoffire_fix") (file "errors_20180506.log")
L 05/06/2018 - 21:53:06: [SM] Exception reported: Invalid timer handle 3f9a0378 (error 1)
L 05/06/2018 - 21:53:06: [SM] Blaming: umc-emp-mapvote.smx()
L 05/06/2018 - 21:53:06: [SM] Call stack trace:
L 05/06/2018 - 21:53:06: [SM]   [0] KillTimer
L 05/06/2018 - 21:53:06: [SM]   [1] Line 686, D:\Documents\My Folder\Empires Custom UMC Stuff\SourceMod\Workspace\umc-emp-mapvote.sp::UMC_OnNextmapSet()
L 05/06/2018 - 21:53:06: [SM]   [3] Call_Finish
L 05/06/2018 - 21:53:06: [SM]   [4] Line 4834, D:\Documents\My Folder\Empires Custom UMC Stuff\SourceMod\Workspace\umc-core.sp::DoMapChange()
L 05/06/2018 - 21:53:06: [SM]   [5] Line 4267, D:\Documents\My Folder\Empires Custom UMC Stuff\SourceMod\Workspace\umc-core.sp::Handle_MapVoteWinner()
L 05/06/2018 - 21:53:06: [SM]   [6] Line 3819, D:\Documents\My Folder\Empires Custom UMC Stuff\SourceMod\Workspace\umc-core.sp::ProcessVoteWinner()
L 05/06/2018 - 21:53:06: [SM]   [7] Line 3795, D:\Documents\My Folder\Empires Custom UMC Stuff\SourceMod\Workspace\umc-core.sp::ProcessVoteResults()
L 05/06/2018 - 21:53:06: [SM]   [8] Line 1277, D:\Documents\My Folder\Empires Custom UMC Stuff\SourceMod\Workspace\umc-core.sp::Native_UMCVoteManagerComplete()
L 05/06/2018 - 21:53:06: [SM]   [10] UMC_VoteManagerVoteCompleted
L 05/06/2018 - 21:53:06: [SM]   [11] Line 2309, D:\Documents\My Folder\Empires Custom UMC Stuff\SourceMod\Workspace\umc-core.sp::Handle_MapVoteResults()
L 05/06/2018 - 21:53:12: Error log file session closed.
L 05/06/2018 - 22:57:20: SourceMod error session started
L 05/06/2018 - 22:57:20: Info (map "emp_homeland_b9") (file "errors_20180506.log")
L 05/06/2018 - 22:57:20: [SM] Exception reported: Invalid timer handle 6ed00404 (error 3)
L 05/06/2018 - 22:57:20: [SM] Blaming: umc-emp-mapvote.smx()
L 05/06/2018 - 22:57:20: [SM] Call stack trace:
L 05/06/2018 - 22:57:20: [SM]   [0] KillTimer
L 05/06/2018 - 22:57:20: [SM]   [1] Line 686, D:\Documents\My Folder\Empires Custom UMC Stuff\SourceMod\Workspace\umc-emp-mapvote.sp::UMC_OnNextmapSet()
L 05/06/2018 - 22:57:20: [SM]   [3] Call_Finish
L 05/06/2018 - 22:57:20: [SM]   [4] Line 4834, D:\Documents\My Folder\Empires Custom UMC Stuff\SourceMod\Workspace\umc-core.sp::DoMapChange()
L 05/06/2018 - 22:57:20: [SM]   [5] Line 4267, D:\Documents\My Folder\Empires Custom UMC Stuff\SourceMod\Workspace\umc-core.sp::Handle_MapVoteWinner()
L 05/06/2018 - 22:57:20: [SM]   [6] Line 3819, D:\Documents\My Folder\Empires Custom UMC Stuff\SourceMod\Workspace\umc-core.sp::ProcessVoteWinner()
L 05/06/2018 - 22:57:20: [SM]   [7] Line 3795, D:\Documents\My Folder\Empires Custom UMC Stuff\SourceMod\Workspace\umc-core.sp::ProcessVoteResults()
L 05/06/2018 - 22:57:20: [SM]   [8] Line 1277, D:\Documents\My Folder\Empires Custom UMC Stuff\SourceMod\Workspace\umc-core.sp::Native_UMCVoteManagerComplete()
L 05/06/2018 - 22:57:20: [SM]   [10] UMC_VoteManagerVoteCompleted
L 05/06/2018 - 22:57:20: [SM]   [11] Line 2309, D:\Documents\My Folder\Empires Custom UMC Stuff\SourceMod\Workspace\umc-core.sp::Handle_MapVoteResults()
L 05/06/2018 - 22:57:26: Error log file session closed.
L 05/06/2018 - 23:00:29: SourceMod error session started
L 05/06/2018 - 23:00:29: Info (map "emp_palmbay_fix") (file "errors_20180506.log")
L 05/06/2018 - 23:00:29: [SM] Exception reported: Heap leak detected: hp:14128 should be 14104!
L 05/06/2018 - 23:24:56: [SM] Exception reported: Invalid timer handle 812f0411 (error 1)
L 05/06/2018 - 23:24:56: [SM] Blaming: umc-emp-mapvote.smx()
L 05/06/2018 - 23:24:56: [SM] Call stack trace:
L 05/06/2018 - 23:24:56: [SM]   [0] KillTimer
L 05/06/2018 - 23:24:56: [SM]   [1] Line 686, D:\Documents\My Folder\Empires Custom UMC Stuff\SourceMod\Workspace\umc-emp-mapvote.sp::UMC_OnNextmapSet()
L 05/06/2018 - 23:24:56: [SM]   [3] Call_Finish
L 05/06/2018 - 23:24:56: [SM]   [4] Line 4834, D:\Documents\My Folder\Empires Custom UMC Stuff\SourceMod\Workspace\umc-core.sp::DoMapChange()
L 05/06/2018 - 23:24:56: [SM]   [5] Line 4267, D:\Documents\My Folder\Empires Custom UMC Stuff\SourceMod\Workspace\umc-core.sp::Handle_MapVoteWinner()
L 05/06/2018 - 23:24:56: [SM]   [6] Line 3819, D:\Documents\My Folder\Empires Custom UMC Stuff\SourceMod\Workspace\umc-core.sp::ProcessVoteWinner()
L 05/06/2018 - 23:24:56: [SM]   [7] Line 3795, D:\Documents\My Folder\Empires Custom UMC Stuff\SourceMod\Workspace\umc-core.sp::ProcessVoteResults()
L 05/06/2018 - 23:24:56: [SM]   [8] Line 1277, D:\Documents\My Folder\Empires Custom UMC Stuff\SourceMod\Workspace\umc-core.sp::Native_UMCVoteManagerComplete()
L 05/06/2018 - 23:24:56: [SM]   [10] UMC_VoteManagerVoteCompleted
L 05/06/2018 - 23:24:56: [SM]   [11] Line 2309, D:\Documents\My Folder\Empires Custom UMC Stuff\SourceMod\Workspace\umc-core.sp::Handle_MapVoteResults()
L 05/06/2018 - 23:25:02: Error log file session closed.
L 05/06/2018 - 23:25:02: SourceMod error session started
L 05/06/2018 - 23:25:02: Info (map "emp_mvalley_fix") (file "errors_20180506.log")
L 05/06/2018 - 23:25:02: [SM] Exception reported: No vote is in progress
L 05/06/2018 - 23:25:02: [SM] Blaming: Surrender.smx()
L 05/06/2018 - 23:25:02: [SM] Call stack trace:
L 05/06/2018 - 23:25:02: [SM]   [0] CancelVote
L 05/06/2018 - 23:25:02: [SM]   [1] Line 1305, /builds/sourcemod/Surrender/build/../addons/sourcemod/scripting/Surrender.sp::Command_SurrenderDisable()
