L 06/18/2017 - 17:01:47: SourceMod error session started
L 06/18/2017 - 17:01:47: Info (map "con_urbanchaos_fix") (file "errors_20170618.log")
L 06/18/2017 - 17:01:47: [SM] Exception reported: Invalid timer handle 47ec0300 (error 1)
L 06/18/2017 - 17:01:47: [SM] Blaming: umc-emp-mapvote.smx()
L 06/18/2017 - 17:01:47: [SM] Call stack trace:
L 06/18/2017 - 17:01:47: [SM]   [0] KillTimer
L 06/18/2017 - 17:01:47: [SM]   [1] Line 686, D:\Documents\My Folder\Empires Custom UMC Stuff\SourceMod\Workspace\umc-emp-mapvote.sp::UMC_OnNextmapSet()
L 06/18/2017 - 17:01:47: [SM]   [3] Call_Finish
L 06/18/2017 - 17:01:47: [SM]   [4] Line 4834, D:\Documents\My Folder\Empires Custom UMC Stuff\SourceMod\Workspace\umc-core.sp::DoMapChange()
L 06/18/2017 - 17:01:47: [SM]   [5] Line 4267, D:\Documents\My Folder\Empires Custom UMC Stuff\SourceMod\Workspace\umc-core.sp::Handle_MapVoteWinner()
L 06/18/2017 - 17:01:47: [SM]   [6] Line 3819, D:\Documents\My Folder\Empires Custom UMC Stuff\SourceMod\Workspace\umc-core.sp::ProcessVoteWinner()
L 06/18/2017 - 17:01:47: [SM]   [7] Line 3795, D:\Documents\My Folder\Empires Custom UMC Stuff\SourceMod\Workspace\umc-core.sp::ProcessVoteResults()
L 06/18/2017 - 17:01:47: [SM]   [8] Line 1277, D:\Documents\My Folder\Empires Custom UMC Stuff\SourceMod\Workspace\umc-core.sp::Native_UMCVoteManagerComplete()
L 06/18/2017 - 17:01:47: [SM]   [10] UMC_VoteManagerVoteCompleted
L 06/18/2017 - 17:01:47: [SM]   [11] Line 2309, D:\Documents\My Folder\Empires Custom UMC Stuff\SourceMod\Workspace\umc-core.sp::Handle_MapVoteResults()
L 06/18/2017 - 17:01:53: Error log file session closed.
L 06/18/2017 - 18:52:53: SourceMod error session started
L 06/18/2017 - 18:52:53: Info (map "emp_blast_ob1") (file "errors_20170618.log")
L 06/18/2017 - 18:52:53: [SM] Exception reported: Invalid timer handle 4f6302fd (error 3)
L 06/18/2017 - 18:52:53: [SM] Blaming: umc-emp-mapvote.smx()
L 06/18/2017 - 18:52:53: [SM] Call stack trace:
L 06/18/2017 - 18:52:53: [SM]   [0] KillTimer
L 06/18/2017 - 18:52:53: [SM]   [1] Line 686, D:\Documents\My Folder\Empires Custom UMC Stuff\SourceMod\Workspace\umc-emp-mapvote.sp::UMC_OnNextmapSet()
L 06/18/2017 - 18:52:53: [SM]   [3] Call_Finish
L 06/18/2017 - 18:52:53: [SM]   [4] Line 4834, D:\Documents\My Folder\Empires Custom UMC Stuff\SourceMod\Workspace\umc-core.sp::DoMapChange()
L 06/18/2017 - 18:52:53: [SM]   [5] Line 1767, D:\Documents\My Folder\Empires Custom UMC Stuff\SourceMod\Workspace\umc-core.sp::Native_UMCSetNextMap()
L 06/18/2017 - 18:52:53: [SM]   [7] UMC_SetNextMap
L 06/18/2017 - 18:52:53: [SM]   [8] Line 621, D:\Documents\My Folder\Empires Custom UMC Stuff\SourceMod\Workspace\umc-emp-mapvote.sp::DoRandomNextMap()
L 06/18/2017 - 18:52:53: [SM]   [9] Line 606, D:\Documents\My Folder\Empires Custom UMC Stuff\SourceMod\Workspace\umc-emp-mapvote.sp::DoMapChangeFailSafe()
L 06/18/2017 - 18:52:53: [SM]   [10] Line 722, D:\Documents\My Folder\Empires Custom UMC Stuff\SourceMod\Workspace\umc-emp-mapvote.sp::UMC_OnVoteFailed()
L 06/18/2017 - 18:52:53: [SM]   [12] Call_Finish
L 06/18/2017 - 18:52:53: [SM]   [13] Line 4796, D:\Documents\My Folder\Empires Custom UMC Stuff\SourceMod\Workspace\umc-core.sp::VoteFailed()
L 06/18/2017 - 18:52:53: [SM]   [14] Line 3507, D:\Documents\My Folder\Empires Custom UMC Stuff\SourceMod\Workspace\umc-core.sp::VoteCancelled()
L 06/18/2017 - 18:52:53: [SM]   [15] Line 1177, D:\Documents\My Folder\Empires Custom UMC Stuff\SourceMod\Workspace\umc-core.sp::Native_UMCVoteManagerCancel()
L 06/18/2017 - 18:52:53: [SM]   [17] UMC_VoteManagerVoteCancelled
L 06/18/2017 - 18:52:53: [SM]   [18] Line 2276, D:\Documents\My Folder\Empires Custom UMC Stuff\SourceMod\Workspace\umc-core.sp::Handle_VoteMenu()
L 06/18/2017 - 18:53:00: Error log file session closed.
L 06/18/2017 - 19:27:25: SourceMod error session started
L 06/18/2017 - 19:27:25: Info (map "con_glycencity") (file "errors_20170618.log")
L 06/18/2017 - 19:27:25: [SM] Exception reported: Invalid timer handle 52e00310 (error 3)
L 06/18/2017 - 19:27:25: [SM] Blaming: umc-emp-mapvote.smx()
L 06/18/2017 - 19:27:25: [SM] Call stack trace:
L 06/18/2017 - 19:27:25: [SM]   [0] KillTimer
L 06/18/2017 - 19:27:25: [SM]   [1] Line 686, D:\Documents\My Folder\Empires Custom UMC Stuff\SourceMod\Workspace\umc-emp-mapvote.sp::UMC_OnNextmapSet()
L 06/18/2017 - 19:27:25: [SM]   [3] Call_Finish
L 06/18/2017 - 19:27:25: [SM]   [4] Line 4834, D:\Documents\My Folder\Empires Custom UMC Stuff\SourceMod\Workspace\umc-core.sp::DoMapChange()
L 06/18/2017 - 19:27:25: [SM]   [5] Line 1767, D:\Documents\My Folder\Empires Custom UMC Stuff\SourceMod\Workspace\umc-core.sp::Native_UMCSetNextMap()
L 06/18/2017 - 19:27:25: [SM]   [7] UMC_SetNextMap
L 06/18/2017 - 19:27:25: [SM]   [8] Line 621, D:\Documents\My Folder\Empires Custom UMC Stuff\SourceMod\Workspace\umc-emp-mapvote.sp::DoRandomNextMap()
L 06/18/2017 - 19:27:25: [SM]   [9] Line 606, D:\Documents\My Folder\Empires Custom UMC Stuff\SourceMod\Workspace\umc-emp-mapvote.sp::DoMapChangeFailSafe()
L 06/18/2017 - 19:27:25: [SM]   [10] Line 722, D:\Documents\My Folder\Empires Custom UMC Stuff\SourceMod\Workspace\umc-emp-mapvote.sp::UMC_OnVoteFailed()
L 06/18/2017 - 19:27:25: [SM]   [12] Call_Finish
L 06/18/2017 - 19:27:25: [SM]   [13] Line 4796, D:\Documents\My Folder\Empires Custom UMC Stuff\SourceMod\Workspace\umc-core.sp::VoteFailed()
L 06/18/2017 - 19:27:25: [SM]   [14] Line 3507, D:\Documents\My Folder\Empires Custom UMC Stuff\SourceMod\Workspace\umc-core.sp::VoteCancelled()
L 06/18/2017 - 19:27:25: [SM]   [15] Line 1177, D:\Documents\My Folder\Empires Custom UMC Stuff\SourceMod\Workspace\umc-core.sp::Native_UMCVoteManagerCancel()
L 06/18/2017 - 19:27:25: [SM]   [17] UMC_VoteManagerVoteCancelled
L 06/18/2017 - 19:27:25: [SM]   [18] Line 2276, D:\Documents\My Folder\Empires Custom UMC Stuff\SourceMod\Workspace\umc-core.sp::Handle_VoteMenu()
L 06/18/2017 - 19:27:31: Error log file session closed.
L 06/18/2017 - 23:50:05: SourceMod error session started
L 06/18/2017 - 23:50:05: Info (map "emp_fogtown_cl2_fix") (file "errors_20170618.log")
L 06/18/2017 - 23:50:05: [SM] Exception reported: Invalid timer handle 6c590312 (error 1)
L 06/18/2017 - 23:50:05: [SM] Blaming: umc-emp-mapvote.smx()
L 06/18/2017 - 23:50:05: [SM] Call stack trace:
L 06/18/2017 - 23:50:05: [SM]   [0] KillTimer
L 06/18/2017 - 23:50:05: [SM]   [1] Line 686, D:\Documents\My Folder\Empires Custom UMC Stuff\SourceMod\Workspace\umc-emp-mapvote.sp::UMC_OnNextmapSet()
L 06/18/2017 - 23:50:05: [SM]   [3] Call_Finish
L 06/18/2017 - 23:50:05: [SM]   [4] Line 4834, D:\Documents\My Folder\Empires Custom UMC Stuff\SourceMod\Workspace\umc-core.sp::DoMapChange()
L 06/18/2017 - 23:50:05: [SM]   [5] Line 4267, D:\Documents\My Folder\Empires Custom UMC Stuff\SourceMod\Workspace\umc-core.sp::Handle_MapVoteWinner()
L 06/18/2017 - 23:50:05: [SM]   [6] Line 3819, D:\Documents\My Folder\Empires Custom UMC Stuff\SourceMod\Workspace\umc-core.sp::ProcessVoteWinner()
L 06/18/2017 - 23:50:05: [SM]   [7] Line 3795, D:\Documents\My Folder\Empires Custom UMC Stuff\SourceMod\Workspace\umc-core.sp::ProcessVoteResults()
L 06/18/2017 - 23:50:05: [SM]   [8] Line 1277, D:\Documents\My Folder\Empires Custom UMC Stuff\SourceMod\Workspace\umc-core.sp::Native_UMCVoteManagerComplete()
L 06/18/2017 - 23:50:05: [SM]   [10] UMC_VoteManagerVoteCompleted
L 06/18/2017 - 23:50:05: [SM]   [11] Line 2309, D:\Documents\My Folder\Empires Custom UMC Stuff\SourceMod\Workspace\umc-core.sp::Handle_MapVoteResults()
L 06/18/2017 - 23:50:11: Error log file session closed.
