L 05/27/2017 - 14:38:38: SourceMod error session started
L 05/27/2017 - 14:38:38: Info (map "emp_canyon") (file "errors_20170527.log")
L 05/27/2017 - 14:38:38: [SM] Exception reported: Invalid timer handle 37cc02d6 (error 1)
L 05/27/2017 - 14:38:38: [SM] Blaming: umc-emp-mapvote.smx()
L 05/27/2017 - 14:38:38: [SM] Call stack trace:
L 05/27/2017 - 14:38:38: [SM]   [0] KillTimer
L 05/27/2017 - 14:38:38: [SM]   [1] Line 686, D:\Documents\My Folder\Empires Custom UMC Stuff\SourceMod\Workspace\umc-emp-mapvote.sp::UMC_OnNextmapSet()
L 05/27/2017 - 14:38:38: [SM]   [3] Call_Finish
L 05/27/2017 - 14:38:38: [SM]   [4] Line 4834, D:\Documents\My Folder\Empires Custom UMC Stuff\SourceMod\Workspace\umc-core.sp::DoMapChange()
L 05/27/2017 - 14:38:38: [SM]   [5] Line 4267, D:\Documents\My Folder\Empires Custom UMC Stuff\SourceMod\Workspace\umc-core.sp::Handle_MapVoteWinner()
L 05/27/2017 - 14:38:38: [SM]   [6] Line 3819, D:\Documents\My Folder\Empires Custom UMC Stuff\SourceMod\Workspace\umc-core.sp::ProcessVoteWinner()
L 05/27/2017 - 14:38:38: [SM]   [7] Line 3795, D:\Documents\My Folder\Empires Custom UMC Stuff\SourceMod\Workspace\umc-core.sp::ProcessVoteResults()
L 05/27/2017 - 14:38:38: [SM]   [8] Line 1277, D:\Documents\My Folder\Empires Custom UMC Stuff\SourceMod\Workspace\umc-core.sp::Native_UMCVoteManagerComplete()
L 05/27/2017 - 14:38:38: [SM]   [10] UMC_VoteManagerVoteCompleted
L 05/27/2017 - 14:38:38: [SM]   [11] Line 2309, D:\Documents\My Folder\Empires Custom UMC Stuff\SourceMod\Workspace\umc-core.sp::Handle_MapVoteResults()
L 05/27/2017 - 14:38:44: Error log file session closed.
L 05/27/2017 - 15:05:11: SourceMod error session started
L 05/27/2017 - 15:05:11: Info (map "emp_beachfront_b2") (file "errors_20170527.log")
L 05/27/2017 - 15:05:11: [SM] Exception reported: Invalid timer handle 3f21031e (error 1)
L 05/27/2017 - 15:05:11: [SM] Blaming: umc-emp-mapvote.smx()
L 05/27/2017 - 15:05:11: [SM] Call stack trace:
L 05/27/2017 - 15:05:11: [SM]   [0] KillTimer
L 05/27/2017 - 15:05:11: [SM]   [1] Line 686, D:\Documents\My Folder\Empires Custom UMC Stuff\SourceMod\Workspace\umc-emp-mapvote.sp::UMC_OnNextmapSet()
L 05/27/2017 - 15:05:11: [SM]   [3] Call_Finish
L 05/27/2017 - 15:05:11: [SM]   [4] Line 4834, D:\Documents\My Folder\Empires Custom UMC Stuff\SourceMod\Workspace\umc-core.sp::DoMapChange()
L 05/27/2017 - 15:05:11: [SM]   [5] Line 4267, D:\Documents\My Folder\Empires Custom UMC Stuff\SourceMod\Workspace\umc-core.sp::Handle_MapVoteWinner()
L 05/27/2017 - 15:05:11: [SM]   [6] Line 3819, D:\Documents\My Folder\Empires Custom UMC Stuff\SourceMod\Workspace\umc-core.sp::ProcessVoteWinner()
L 05/27/2017 - 15:05:11: [SM]   [7] Line 3795, D:\Documents\My Folder\Empires Custom UMC Stuff\SourceMod\Workspace\umc-core.sp::ProcessVoteResults()
L 05/27/2017 - 15:05:11: [SM]   [8] Line 1277, D:\Documents\My Folder\Empires Custom UMC Stuff\SourceMod\Workspace\umc-core.sp::Native_UMCVoteManagerComplete()
L 05/27/2017 - 15:05:11: [SM]   [10] UMC_VoteManagerVoteCompleted
L 05/27/2017 - 15:05:11: [SM]   [11] Line 2309, D:\Documents\My Folder\Empires Custom UMC Stuff\SourceMod\Workspace\umc-core.sp::Handle_MapVoteResults()
L 05/27/2017 - 15:05:17: Error log file session closed.
L 05/27/2017 - 16:11:40: SourceMod error session started
L 05/27/2017 - 16:11:40: Info (map "emp_downfall") (file "errors_20170527.log")
L 05/27/2017 - 16:11:40: [SM] Exception reported: Invalid hook callback specified for game event "player_spawn"
L 05/27/2017 - 16:11:40: [SM] Blaming: empstats.smx()
L 05/27/2017 - 16:11:40: [SM] Call stack trace:
L 05/27/2017 - 16:11:40: [SM]   [0] UnhookEvent
L 05/27/2017 - 16:11:40: [SM]   [1] Line 155, empstats.sp::CheckGameStarted()
L 05/27/2017 - 16:11:40: [SM]   [2] Line 1049, empstats.sp::OnMapStart()
L 05/27/2017 - 16:25:34: [SM] Exception reported: Invalid timer handle 553b030c (error 1)
L 05/27/2017 - 16:25:34: [SM] Blaming: umc-emp-mapvote.smx()
L 05/27/2017 - 16:25:34: [SM] Call stack trace:
L 05/27/2017 - 16:25:34: [SM]   [0] KillTimer
L 05/27/2017 - 16:25:34: [SM]   [1] Line 686, D:\Documents\My Folder\Empires Custom UMC Stuff\SourceMod\Workspace\umc-emp-mapvote.sp::UMC_OnNextmapSet()
L 05/27/2017 - 16:25:34: [SM]   [3] Call_Finish
L 05/27/2017 - 16:25:34: [SM]   [4] Line 4834, D:\Documents\My Folder\Empires Custom UMC Stuff\SourceMod\Workspace\umc-core.sp::DoMapChange()
L 05/27/2017 - 16:25:34: [SM]   [5] Line 4267, D:\Documents\My Folder\Empires Custom UMC Stuff\SourceMod\Workspace\umc-core.sp::Handle_MapVoteWinner()
L 05/27/2017 - 16:25:34: [SM]   [6] Line 3819, D:\Documents\My Folder\Empires Custom UMC Stuff\SourceMod\Workspace\umc-core.sp::ProcessVoteWinner()
L 05/27/2017 - 16:25:34: [SM]   [7] Line 3795, D:\Documents\My Folder\Empires Custom UMC Stuff\SourceMod\Workspace\umc-core.sp::ProcessVoteResults()
L 05/27/2017 - 16:25:34: [SM]   [8] Line 1277, D:\Documents\My Folder\Empires Custom UMC Stuff\SourceMod\Workspace\umc-core.sp::Native_UMCVoteManagerComplete()
L 05/27/2017 - 16:25:34: [SM]   [10] UMC_VoteManagerVoteCompleted
L 05/27/2017 - 16:25:34: [SM]   [11] Line 2309, D:\Documents\My Folder\Empires Custom UMC Stuff\SourceMod\Workspace\umc-core.sp::Handle_MapVoteResults()
L 05/27/2017 - 16:25:40: Error log file session closed.
L 05/27/2017 - 17:18:26: SourceMod error session started
L 05/27/2017 - 17:18:26: Info (map "emp_crossroads") (file "errors_20170527.log")
L 05/27/2017 - 17:18:26: [SM] Exception reported: Invalid timer handle 672502f6 (error 1)
L 05/27/2017 - 17:18:26: [SM] Blaming: umc-emp-mapvote.smx()
L 05/27/2017 - 17:18:26: [SM] Call stack trace:
L 05/27/2017 - 17:18:26: [SM]   [0] KillTimer
L 05/27/2017 - 17:18:26: [SM]   [1] Line 686, D:\Documents\My Folder\Empires Custom UMC Stuff\SourceMod\Workspace\umc-emp-mapvote.sp::UMC_OnNextmapSet()
L 05/27/2017 - 17:18:26: [SM]   [3] Call_Finish
L 05/27/2017 - 17:18:26: [SM]   [4] Line 4834, D:\Documents\My Folder\Empires Custom UMC Stuff\SourceMod\Workspace\umc-core.sp::DoMapChange()
L 05/27/2017 - 17:18:26: [SM]   [5] Line 4267, D:\Documents\My Folder\Empires Custom UMC Stuff\SourceMod\Workspace\umc-core.sp::Handle_MapVoteWinner()
L 05/27/2017 - 17:18:26: [SM]   [6] Line 3819, D:\Documents\My Folder\Empires Custom UMC Stuff\SourceMod\Workspace\umc-core.sp::ProcessVoteWinner()
L 05/27/2017 - 17:18:26: [SM]   [7] Line 3795, D:\Documents\My Folder\Empires Custom UMC Stuff\SourceMod\Workspace\umc-core.sp::ProcessVoteResults()
L 05/27/2017 - 17:18:26: [SM]   [8] Line 1277, D:\Documents\My Folder\Empires Custom UMC Stuff\SourceMod\Workspace\umc-core.sp::Native_UMCVoteManagerComplete()
L 05/27/2017 - 17:18:26: [SM]   [10] UMC_VoteManagerVoteCompleted
L 05/27/2017 - 17:18:26: [SM]   [11] Line 2309, D:\Documents\My Folder\Empires Custom UMC Stuff\SourceMod\Workspace\umc-core.sp::Handle_MapVoteResults()
L 05/27/2017 - 17:18:32: Error log file session closed.
L 05/27/2017 - 17:28:04: SourceMod error session started
L 05/27/2017 - 17:28:04: Info (map "emp_vehicletraining_2013") (file "errors_20170527.log")
L 05/27/2017 - 17:28:04: [SM] Exception reported: Invalid timer handle 6c6f02cf (error 1)
L 05/27/2017 - 17:28:04: [SM] Blaming: umc-emp-mapvote.smx()
L 05/27/2017 - 17:28:04: [SM] Call stack trace:
L 05/27/2017 - 17:28:04: [SM]   [0] KillTimer
L 05/27/2017 - 17:28:04: [SM]   [1] Line 686, D:\Documents\My Folder\Empires Custom UMC Stuff\SourceMod\Workspace\umc-emp-mapvote.sp::UMC_OnNextmapSet()
L 05/27/2017 - 17:28:04: [SM]   [3] Call_Finish
L 05/27/2017 - 17:28:04: [SM]   [4] Line 4834, D:\Documents\My Folder\Empires Custom UMC Stuff\SourceMod\Workspace\umc-core.sp::DoMapChange()
L 05/27/2017 - 17:28:04: [SM]   [5] Line 4267, D:\Documents\My Folder\Empires Custom UMC Stuff\SourceMod\Workspace\umc-core.sp::Handle_MapVoteWinner()
L 05/27/2017 - 17:28:04: [SM]   [6] Line 3819, D:\Documents\My Folder\Empires Custom UMC Stuff\SourceMod\Workspace\umc-core.sp::ProcessVoteWinner()
L 05/27/2017 - 17:28:04: [SM]   [7] Line 3795, D:\Documents\My Folder\Empires Custom UMC Stuff\SourceMod\Workspace\umc-core.sp::ProcessVoteResults()
L 05/27/2017 - 17:28:04: [SM]   [8] Line 1277, D:\Documents\My Folder\Empires Custom UMC Stuff\SourceMod\Workspace\umc-core.sp::Native_UMCVoteManagerComplete()
L 05/27/2017 - 17:28:04: [SM]   [10] UMC_VoteManagerVoteCompleted
L 05/27/2017 - 17:28:04: [SM]   [11] Line 2309, D:\Documents\My Folder\Empires Custom UMC Stuff\SourceMod\Workspace\umc-core.sp::Handle_MapVoteResults()
L 05/27/2017 - 17:28:10: Error log file session closed.
L 05/27/2017 - 17:55:48: SourceMod error session started
L 05/27/2017 - 17:55:48: Info (map "emp_canyon") (file "errors_20170527.log")
L 05/27/2017 - 17:55:48: [SM] Exception reported: Invalid timer handle 8c000348 (error 1)
L 05/27/2017 - 17:55:48: [SM] Blaming: umc-emp-mapvote.smx()
L 05/27/2017 - 17:55:48: [SM] Call stack trace:
L 05/27/2017 - 17:55:48: [SM]   [0] KillTimer
L 05/27/2017 - 17:55:48: [SM]   [1] Line 686, D:\Documents\My Folder\Empires Custom UMC Stuff\SourceMod\Workspace\umc-emp-mapvote.sp::UMC_OnNextmapSet()
L 05/27/2017 - 17:55:48: [SM]   [3] Call_Finish
L 05/27/2017 - 17:55:48: [SM]   [4] Line 4834, D:\Documents\My Folder\Empires Custom UMC Stuff\SourceMod\Workspace\umc-core.sp::DoMapChange()
L 05/27/2017 - 17:55:48: [SM]   [5] Line 4267, D:\Documents\My Folder\Empires Custom UMC Stuff\SourceMod\Workspace\umc-core.sp::Handle_MapVoteWinner()
L 05/27/2017 - 17:55:48: [SM]   [6] Line 3819, D:\Documents\My Folder\Empires Custom UMC Stuff\SourceMod\Workspace\umc-core.sp::ProcessVoteWinner()
L 05/27/2017 - 17:55:48: [SM]   [7] Line 3795, D:\Documents\My Folder\Empires Custom UMC Stuff\SourceMod\Workspace\umc-core.sp::ProcessVoteResults()
L 05/27/2017 - 17:55:48: [SM]   [8] Line 1277, D:\Documents\My Folder\Empires Custom UMC Stuff\SourceMod\Workspace\umc-core.sp::Native_UMCVoteManagerComplete()
L 05/27/2017 - 17:55:48: [SM]   [10] UMC_VoteManagerVoteCompleted
L 05/27/2017 - 17:55:48: [SM]   [11] Line 2309, D:\Documents\My Folder\Empires Custom UMC Stuff\SourceMod\Workspace\umc-core.sp::Handle_MapVoteResults()
L 05/27/2017 - 17:55:54: Error log file session closed.
L 05/27/2017 - 17:56:35: SourceMod error session started
L 05/27/2017 - 17:56:35: Info (map "emp_arid") (file "errors_20170527.log")
L 05/27/2017 - 17:56:35: [SM] Exception reported: Array index is out of bounds
L 05/27/2017 - 17:56:35: [SM] Blaming: webshortcuts.smx()
L 05/27/2017 - 17:56:35: [SM] Call stack trace:
L 05/27/2017 - 17:56:35: [SM]   [1] Line 57, webshortcuts.sp::OnSay()
L 05/27/2017 - 17:56:48: [SM] Exception reported: Array index is out of bounds
L 05/27/2017 - 17:56:48: [SM] Blaming: webshortcuts.smx()
L 05/27/2017 - 17:56:48: [SM] Call stack trace:
L 05/27/2017 - 17:56:48: [SM]   [1] Line 57, webshortcuts.sp::OnSay()
L 05/27/2017 - 18:15:10: [SM] Exception reported: Invalid timer handle 9cb70362 (error 1)
L 05/27/2017 - 18:15:10: [SM] Blaming: umc-emp-mapvote.smx()
L 05/27/2017 - 18:15:10: [SM] Call stack trace:
L 05/27/2017 - 18:15:10: [SM]   [0] KillTimer
L 05/27/2017 - 18:15:10: [SM]   [1] Line 686, D:\Documents\My Folder\Empires Custom UMC Stuff\SourceMod\Workspace\umc-emp-mapvote.sp::UMC_OnNextmapSet()
L 05/27/2017 - 18:15:10: [SM]   [3] Call_Finish
L 05/27/2017 - 18:15:10: [SM]   [4] Line 4834, D:\Documents\My Folder\Empires Custom UMC Stuff\SourceMod\Workspace\umc-core.sp::DoMapChange()
L 05/27/2017 - 18:15:10: [SM]   [5] Line 4267, D:\Documents\My Folder\Empires Custom UMC Stuff\SourceMod\Workspace\umc-core.sp::Handle_MapVoteWinner()
L 05/27/2017 - 18:15:10: [SM]   [6] Line 3819, D:\Documents\My Folder\Empires Custom UMC Stuff\SourceMod\Workspace\umc-core.sp::ProcessVoteWinner()
L 05/27/2017 - 18:15:10: [SM]   [7] Line 3795, D:\Documents\My Folder\Empires Custom UMC Stuff\SourceMod\Workspace\umc-core.sp::ProcessVoteResults()
L 05/27/2017 - 18:15:10: [SM]   [8] Line 1277, D:\Documents\My Folder\Empires Custom UMC Stuff\SourceMod\Workspace\umc-core.sp::Native_UMCVoteManagerComplete()
L 05/27/2017 - 18:15:10: [SM]   [10] UMC_VoteManagerVoteCompleted
L 05/27/2017 - 18:15:10: [SM]   [11] Line 2309, D:\Documents\My Folder\Empires Custom UMC Stuff\SourceMod\Workspace\umc-core.sp::Handle_MapVoteResults()
L 05/27/2017 - 18:15:16: Error log file session closed.
L 05/27/2017 - 18:55:05: SourceMod error session started
L 05/27/2017 - 18:55:05: Info (map "emp_duststorm") (file "errors_20170527.log")
L 05/27/2017 - 18:55:05: [SM] Exception reported: Invalid timer handle b3d9031e (error 3)
L 05/27/2017 - 18:55:05: [SM] Blaming: umc-emp-mapvote.smx()
L 05/27/2017 - 18:55:05: [SM] Call stack trace:
L 05/27/2017 - 18:55:05: [SM]   [0] KillTimer
L 05/27/2017 - 18:55:05: [SM]   [1] Line 686, D:\Documents\My Folder\Empires Custom UMC Stuff\SourceMod\Workspace\umc-emp-mapvote.sp::UMC_OnNextmapSet()
L 05/27/2017 - 18:55:05: [SM]   [3] Call_Finish
L 05/27/2017 - 18:55:05: [SM]   [4] Line 4834, D:\Documents\My Folder\Empires Custom UMC Stuff\SourceMod\Workspace\umc-core.sp::DoMapChange()
L 05/27/2017 - 18:55:05: [SM]   [5] Line 4267, D:\Documents\My Folder\Empires Custom UMC Stuff\SourceMod\Workspace\umc-core.sp::Handle_MapVoteWinner()
L 05/27/2017 - 18:55:05: [SM]   [6] Line 3819, D:\Documents\My Folder\Empires Custom UMC Stuff\SourceMod\Workspace\umc-core.sp::ProcessVoteWinner()
L 05/27/2017 - 18:55:05: [SM]   [7] Line 3795, D:\Documents\My Folder\Empires Custom UMC Stuff\SourceMod\Workspace\umc-core.sp::ProcessVoteResults()
L 05/27/2017 - 18:55:05: [SM]   [8] Line 1277, D:\Documents\My Folder\Empires Custom UMC Stuff\SourceMod\Workspace\umc-core.sp::Native_UMCVoteManagerComplete()
L 05/27/2017 - 18:55:05: [SM]   [10] UMC_VoteManagerVoteCompleted
L 05/27/2017 - 18:55:05: [SM]   [11] Line 2309, D:\Documents\My Folder\Empires Custom UMC Stuff\SourceMod\Workspace\umc-core.sp::Handle_MapVoteResults()
L 05/27/2017 - 18:55:10: Error log file session closed.
L 05/27/2017 - 19:34:48: SourceMod error session started
L 05/27/2017 - 19:34:48: Info (map "emp_traders_a8") (file "errors_20170527.log")
L 05/27/2017 - 19:34:48: [SM] Exception reported: Invalid timer handle cb97035e (error 1)
L 05/27/2017 - 19:34:48: [SM] Blaming: umc-emp-mapvote.smx()
L 05/27/2017 - 19:34:48: [SM] Call stack trace:
L 05/27/2017 - 19:34:48: [SM]   [0] KillTimer
L 05/27/2017 - 19:34:48: [SM]   [1] Line 686, D:\Documents\My Folder\Empires Custom UMC Stuff\SourceMod\Workspace\umc-emp-mapvote.sp::UMC_OnNextmapSet()
L 05/27/2017 - 19:34:48: [SM]   [3] Call_Finish
L 05/27/2017 - 19:34:48: [SM]   [4] Line 4834, D:\Documents\My Folder\Empires Custom UMC Stuff\SourceMod\Workspace\umc-core.sp::DoMapChange()
L 05/27/2017 - 19:34:48: [SM]   [5] Line 4267, D:\Documents\My Folder\Empires Custom UMC Stuff\SourceMod\Workspace\umc-core.sp::Handle_MapVoteWinner()
L 05/27/2017 - 19:34:48: [SM]   [6] Line 3819, D:\Documents\My Folder\Empires Custom UMC Stuff\SourceMod\Workspace\umc-core.sp::ProcessVoteWinner()
L 05/27/2017 - 19:34:48: [SM]   [7] Line 3795, D:\Documents\My Folder\Empires Custom UMC Stuff\SourceMod\Workspace\umc-core.sp::ProcessVoteResults()
L 05/27/2017 - 19:34:48: [SM]   [8] Line 1277, D:\Documents\My Folder\Empires Custom UMC Stuff\SourceMod\Workspace\umc-core.sp::Native_UMCVoteManagerComplete()
L 05/27/2017 - 19:34:48: [SM]   [10] UMC_VoteManagerVoteCompleted
L 05/27/2017 - 19:34:48: [SM]   [11] Line 2309, D:\Documents\My Folder\Empires Custom UMC Stuff\SourceMod\Workspace\umc-core.sp::Handle_MapVoteResults()
L 05/27/2017 - 19:34:53: Error log file session closed.
L 05/27/2017 - 20:32:34: SourceMod error session started
L 05/27/2017 - 20:32:34: Info (map "emp_flat_fix") (file "errors_20170527.log")
L 05/27/2017 - 20:32:34: [SM] Exception reported: Invalid timer handle e5c502fe (error 3)
L 05/27/2017 - 20:32:34: [SM] Blaming: umc-emp-mapvote.smx()
L 05/27/2017 - 20:32:34: [SM] Call stack trace:
L 05/27/2017 - 20:32:34: [SM]   [0] KillTimer
L 05/27/2017 - 20:32:34: [SM]   [1] Line 686, D:\Documents\My Folder\Empires Custom UMC Stuff\SourceMod\Workspace\umc-emp-mapvote.sp::UMC_OnNextmapSet()
L 05/27/2017 - 20:32:34: [SM]   [3] Call_Finish
L 05/27/2017 - 20:32:34: [SM]   [4] Line 4834, D:\Documents\My Folder\Empires Custom UMC Stuff\SourceMod\Workspace\umc-core.sp::DoMapChange()
L 05/27/2017 - 20:32:34: [SM]   [5] Line 4267, D:\Documents\My Folder\Empires Custom UMC Stuff\SourceMod\Workspace\umc-core.sp::Handle_MapVoteWinner()
L 05/27/2017 - 20:32:34: [SM]   [6] Line 3819, D:\Documents\My Folder\Empires Custom UMC Stuff\SourceMod\Workspace\umc-core.sp::ProcessVoteWinner()
L 05/27/2017 - 20:32:34: [SM]   [7] Line 3795, D:\Documents\My Folder\Empires Custom UMC Stuff\SourceMod\Workspace\umc-core.sp::ProcessVoteResults()
L 05/27/2017 - 20:32:34: [SM]   [8] Line 1277, D:\Documents\My Folder\Empires Custom UMC Stuff\SourceMod\Workspace\umc-core.sp::Native_UMCVoteManagerComplete()
L 05/27/2017 - 20:32:34: [SM]   [10] UMC_VoteManagerVoteCompleted
L 05/27/2017 - 20:32:34: [SM]   [11] Line 2309, D:\Documents\My Folder\Empires Custom UMC Stuff\SourceMod\Workspace\umc-core.sp::Handle_MapVoteResults()
L 05/27/2017 - 20:32:40: Error log file session closed.
L 05/27/2017 - 21:22:28: SourceMod error session started
L 05/27/2017 - 21:22:28: Info (map "emp_crossroads") (file "errors_20170527.log")
L 05/27/2017 - 21:22:28: [SM] Exception reported: Invalid timer handle 9450324 (error 1)
L 05/27/2017 - 21:22:28: [SM] Blaming: umc-emp-mapvote.smx()
L 05/27/2017 - 21:22:28: [SM] Call stack trace:
L 05/27/2017 - 21:22:28: [SM]   [0] KillTimer
L 05/27/2017 - 21:22:28: [SM]   [1] Line 686, D:\Documents\My Folder\Empires Custom UMC Stuff\SourceMod\Workspace\umc-emp-mapvote.sp::UMC_OnNextmapSet()
L 05/27/2017 - 21:22:28: [SM]   [3] Call_Finish
L 05/27/2017 - 21:22:28: [SM]   [4] Line 4834, D:\Documents\My Folder\Empires Custom UMC Stuff\SourceMod\Workspace\umc-core.sp::DoMapChange()
L 05/27/2017 - 21:22:28: [SM]   [5] Line 4267, D:\Documents\My Folder\Empires Custom UMC Stuff\SourceMod\Workspace\umc-core.sp::Handle_MapVoteWinner()
L 05/27/2017 - 21:22:28: [SM]   [6] Line 3819, D:\Documents\My Folder\Empires Custom UMC Stuff\SourceMod\Workspace\umc-core.sp::ProcessVoteWinner()
L 05/27/2017 - 21:22:28: [SM]   [7] Line 3795, D:\Documents\My Folder\Empires Custom UMC Stuff\SourceMod\Workspace\umc-core.sp::ProcessVoteResults()
L 05/27/2017 - 21:22:28: [SM]   [8] Line 1277, D:\Documents\My Folder\Empires Custom UMC Stuff\SourceMod\Workspace\umc-core.sp::Native_UMCVoteManagerComplete()
L 05/27/2017 - 21:22:28: [SM]   [10] UMC_VoteManagerVoteCompleted
L 05/27/2017 - 21:22:28: [SM]   [11] Line 2309, D:\Documents\My Folder\Empires Custom UMC Stuff\SourceMod\Workspace\umc-core.sp::Handle_MapVoteResults()
L 05/27/2017 - 21:22:34: Error log file session closed.
L 05/27/2017 - 21:24:42: SourceMod error session started
L 05/27/2017 - 21:24:42: Info (map "emp_homeland_b9") (file "errors_20170527.log")
L 05/27/2017 - 21:24:42: [SM] Exception reported: Array index is out of bounds
L 05/27/2017 - 21:24:42: [SM] Blaming: webshortcuts.smx()
L 05/27/2017 - 21:24:42: [SM] Call stack trace:
L 05/27/2017 - 21:24:42: [SM]   [1] Line 57, webshortcuts.sp::OnSay()
L 05/27/2017 - 21:24:42: [SM] Exception reported: Array index is out of bounds
L 05/27/2017 - 21:24:42: [SM] Blaming: webshortcuts.smx()
L 05/27/2017 - 21:24:42: [SM] Call stack trace:
L 05/27/2017 - 21:24:42: [SM]   [1] Line 57, webshortcuts.sp::OnSay()
L 05/27/2017 - 21:24:43: [SM] Exception reported: Array index is out of bounds
L 05/27/2017 - 21:24:43: [SM] Blaming: webshortcuts.smx()
L 05/27/2017 - 21:24:43: [SM] Call stack trace:
L 05/27/2017 - 21:24:43: [SM]   [1] Line 57, webshortcuts.sp::OnSay()
L 05/27/2017 - 21:24:43: [SM] Exception reported: Array index is out of bounds
L 05/27/2017 - 21:24:43: [SM] Blaming: webshortcuts.smx()
L 05/27/2017 - 21:24:43: [SM] Call stack trace:
L 05/27/2017 - 21:24:43: [SM]   [1] Line 57, webshortcuts.sp::OnSay()
L 05/27/2017 - 21:25:46: [SM] Exception reported: Array index is out of bounds
L 05/27/2017 - 21:25:46: [SM] Blaming: webshortcuts.smx()
L 05/27/2017 - 21:25:46: [SM] Call stack trace:
L 05/27/2017 - 21:25:46: [SM]   [1] Line 57, webshortcuts.sp::OnSay()
L 05/27/2017 - 21:25:46: [SM] Exception reported: Array index is out of bounds
L 05/27/2017 - 21:25:46: [SM] Blaming: webshortcuts.smx()
L 05/27/2017 - 21:25:46: [SM] Call stack trace:
L 05/27/2017 - 21:25:46: [SM]   [1] Line 57, webshortcuts.sp::OnSay()
L 05/27/2017 - 22:17:46: [SM] Exception reported: Invalid timer handle 46a802af (error 3)
L 05/27/2017 - 22:17:46: [SM] Blaming: umc-emp-mapvote.smx()
L 05/27/2017 - 22:17:46: [SM] Call stack trace:
L 05/27/2017 - 22:17:46: [SM]   [0] KillTimer
L 05/27/2017 - 22:17:46: [SM]   [1] Line 686, D:\Documents\My Folder\Empires Custom UMC Stuff\SourceMod\Workspace\umc-emp-mapvote.sp::UMC_OnNextmapSet()
L 05/27/2017 - 22:17:46: [SM]   [3] Call_Finish
L 05/27/2017 - 22:17:46: [SM]   [4] Line 4834, D:\Documents\My Folder\Empires Custom UMC Stuff\SourceMod\Workspace\umc-core.sp::DoMapChange()
L 05/27/2017 - 22:17:46: [SM]   [5] Line 4267, D:\Documents\My Folder\Empires Custom UMC Stuff\SourceMod\Workspace\umc-core.sp::Handle_MapVoteWinner()
L 05/27/2017 - 22:17:46: [SM]   [6] Line 3819, D:\Documents\My Folder\Empires Custom UMC Stuff\SourceMod\Workspace\umc-core.sp::ProcessVoteWinner()
L 05/27/2017 - 22:17:46: [SM]   [7] Line 3795, D:\Documents\My Folder\Empires Custom UMC Stuff\SourceMod\Workspace\umc-core.sp::ProcessVoteResults()
L 05/27/2017 - 22:17:46: [SM]   [8] Line 1277, D:\Documents\My Folder\Empires Custom UMC Stuff\SourceMod\Workspace\umc-core.sp::Native_UMCVoteManagerComplete()
L 05/27/2017 - 22:17:46: [SM]   [10] UMC_VoteManagerVoteCompleted
L 05/27/2017 - 22:17:46: [SM]   [11] Line 2309, D:\Documents\My Folder\Empires Custom UMC Stuff\SourceMod\Workspace\umc-core.sp::Handle_MapVoteResults()
L 05/27/2017 - 22:17:53: Error log file session closed.
L 05/27/2017 - 22:53:01: SourceMod error session started
L 05/27/2017 - 22:53:01: Info (map "emp_atomic_rc6") (file "errors_20170527.log")
L 05/27/2017 - 22:53:01: [SM] Exception reported: Invalid timer handle 8b930382 (error 3)
L 05/27/2017 - 22:53:01: [SM] Blaming: umc-emp-mapvote.smx()
L 05/27/2017 - 22:53:01: [SM] Call stack trace:
L 05/27/2017 - 22:53:01: [SM]   [0] KillTimer
L 05/27/2017 - 22:53:01: [SM]   [1] Line 686, D:\Documents\My Folder\Empires Custom UMC Stuff\SourceMod\Workspace\umc-emp-mapvote.sp::UMC_OnNextmapSet()
L 05/27/2017 - 22:53:01: [SM]   [3] Call_Finish
L 05/27/2017 - 22:53:01: [SM]   [4] Line 4834, D:\Documents\My Folder\Empires Custom UMC Stuff\SourceMod\Workspace\umc-core.sp::DoMapChange()
L 05/27/2017 - 22:53:01: [SM]   [5] Line 4267, D:\Documents\My Folder\Empires Custom UMC Stuff\SourceMod\Workspace\umc-core.sp::Handle_MapVoteWinner()
L 05/27/2017 - 22:53:01: [SM]   [6] Line 3819, D:\Documents\My Folder\Empires Custom UMC Stuff\SourceMod\Workspace\umc-core.sp::ProcessVoteWinner()
L 05/27/2017 - 22:53:01: [SM]   [7] Line 3765, D:\Documents\My Folder\Empires Custom UMC Stuff\SourceMod\Workspace\umc-core.sp::ProcessVoteResults()
L 05/27/2017 - 22:53:01: [SM]   [8] Line 1277, D:\Documents\My Folder\Empires Custom UMC Stuff\SourceMod\Workspace\umc-core.sp::Native_UMCVoteManagerComplete()
L 05/27/2017 - 22:53:01: [SM]   [10] UMC_VoteManagerVoteCompleted
L 05/27/2017 - 22:53:01: [SM]   [11] Line 2309, D:\Documents\My Folder\Empires Custom UMC Stuff\SourceMod\Workspace\umc-core.sp::Handle_MapVoteResults()
L 05/27/2017 - 22:53:07: Error log file session closed.
L 05/27/2017 - 22:54:45: SourceMod error session started
L 05/27/2017 - 22:54:45: Info (map "emp_mvalley") (file "errors_20170527.log")
L 05/27/2017 - 22:54:45: [SM] Exception reported: Array index is out of bounds
L 05/27/2017 - 22:54:45: [SM] Blaming: webshortcuts.smx()
L 05/27/2017 - 22:54:45: [SM] Call stack trace:
L 05/27/2017 - 22:54:45: [SM]   [1] Line 57, webshortcuts.sp::OnSay()
L 05/27/2017 - 23:11:44: [SM] Exception reported: Invalid timer handle a697031e (error 1)
L 05/27/2017 - 23:11:44: [SM] Blaming: umc-emp-mapvote.smx()
L 05/27/2017 - 23:11:44: [SM] Call stack trace:
L 05/27/2017 - 23:11:44: [SM]   [0] KillTimer
L 05/27/2017 - 23:11:44: [SM]   [1] Line 686, D:\Documents\My Folder\Empires Custom UMC Stuff\SourceMod\Workspace\umc-emp-mapvote.sp::UMC_OnNextmapSet()
L 05/27/2017 - 23:11:44: [SM]   [3] Call_Finish
L 05/27/2017 - 23:11:44: [SM]   [4] Line 4834, D:\Documents\My Folder\Empires Custom UMC Stuff\SourceMod\Workspace\umc-core.sp::DoMapChange()
L 05/27/2017 - 23:11:44: [SM]   [5] Line 1767, D:\Documents\My Folder\Empires Custom UMC Stuff\SourceMod\Workspace\umc-core.sp::Native_UMCSetNextMap()
L 05/27/2017 - 23:11:44: [SM]   [7] UMC_SetNextMap
L 05/27/2017 - 23:11:44: [SM]   [8] Line 621, D:\Documents\My Folder\Empires Custom UMC Stuff\SourceMod\Workspace\umc-emp-mapvote.sp::DoRandomNextMap()
L 05/27/2017 - 23:11:44: [SM]   [9] Line 606, D:\Documents\My Folder\Empires Custom UMC Stuff\SourceMod\Workspace\umc-emp-mapvote.sp::DoMapChangeFailSafe()
L 05/27/2017 - 23:11:44: [SM]   [10] Line 722, D:\Documents\My Folder\Empires Custom UMC Stuff\SourceMod\Workspace\umc-emp-mapvote.sp::UMC_OnVoteFailed()
L 05/27/2017 - 23:11:44: [SM]   [12] Call_Finish
L 05/27/2017 - 23:11:44: [SM]   [13] Line 4796, D:\Documents\My Folder\Empires Custom UMC Stuff\SourceMod\Workspace\umc-core.sp::VoteFailed()
L 05/27/2017 - 23:11:44: [SM]   [14] Line 3507, D:\Documents\My Folder\Empires Custom UMC Stuff\SourceMod\Workspace\umc-core.sp::VoteCancelled()
L 05/27/2017 - 23:11:44: [SM]   [15] Line 1042, D:\Documents\My Folder\Empires Custom UMC Stuff\SourceMod\Workspace\umc-core.sp::OnMapEnd()
L 05/27/2017 - 23:11:45: Error log file session closed.
L 05/27/2017 - 23:33:14: SourceMod error session started
L 05/27/2017 - 23:33:14: Info (map "emp_fury_rc1") (file "errors_20170527.log")
L 05/27/2017 - 23:33:14: [SM] Exception reported: Invalid timer handle cf280368 (error 1)
L 05/27/2017 - 23:33:14: [SM] Blaming: umc-emp-mapvote.smx()
L 05/27/2017 - 23:33:14: [SM] Call stack trace:
L 05/27/2017 - 23:33:14: [SM]   [0] KillTimer
L 05/27/2017 - 23:33:14: [SM]   [1] Line 686, D:\Documents\My Folder\Empires Custom UMC Stuff\SourceMod\Workspace\umc-emp-mapvote.sp::UMC_OnNextmapSet()
L 05/27/2017 - 23:33:14: [SM]   [3] Call_Finish
L 05/27/2017 - 23:33:14: [SM]   [4] Line 4834, D:\Documents\My Folder\Empires Custom UMC Stuff\SourceMod\Workspace\umc-core.sp::DoMapChange()
L 05/27/2017 - 23:33:14: [SM]   [5] Line 4267, D:\Documents\My Folder\Empires Custom UMC Stuff\SourceMod\Workspace\umc-core.sp::Handle_MapVoteWinner()
L 05/27/2017 - 23:33:14: [SM]   [6] Line 3819, D:\Documents\My Folder\Empires Custom UMC Stuff\SourceMod\Workspace\umc-core.sp::ProcessVoteWinner()
L 05/27/2017 - 23:33:14: [SM]   [7] Line 3795, D:\Documents\My Folder\Empires Custom UMC Stuff\SourceMod\Workspace\umc-core.sp::ProcessVoteResults()
L 05/27/2017 - 23:33:14: [SM]   [8] Line 1277, D:\Documents\My Folder\Empires Custom UMC Stuff\SourceMod\Workspace\umc-core.sp::Native_UMCVoteManagerComplete()
L 05/27/2017 - 23:33:14: [SM]   [10] UMC_VoteManagerVoteCompleted
L 05/27/2017 - 23:33:14: [SM]   [11] Line 2309, D:\Documents\My Folder\Empires Custom UMC Stuff\SourceMod\Workspace\umc-core.sp::Handle_MapVoteResults()
L 05/27/2017 - 23:33:21: Error log file session closed.
