L 09/22/2018 - 11:57:51: SourceMod error session started
L 09/22/2018 - 11:57:51: Info (map "con_district402") (file "errors_20180922.log")
L 09/22/2018 - 11:57:51: [SDKTOOLS] Invalid detour address passed - Disabling detour to prevent crashes
L 09/22/2018 - 11:57:51: [SDKTOOLS] Failed to find PlayerRunCmd offset - OnPlayerRunCmd forward disabled.
L 09/22/2018 - 11:57:54: [SM] Exception reported: Failed to connect to SourceBans DB, [2003]: Can't connect to MySQL server on 'localhost' (10061)
L 09/22/2018 - 11:57:54: [SM] Blaming: sbpp_checker.smx()
L 09/22/2018 - 11:57:54: [SM] Call stack trace:
L 09/22/2018 - 11:57:54: [SM]   [0] SetFailState
L 09/22/2018 - 11:57:54: [SM]   [1] Line 75, .\sbpp_checker.sp::OnDatabaseConnected()
L 09/22/2018 - 12:45:42: SourceMod error session started
L 09/22/2018 - 12:45:42: Info (map "con_district402") (file "errors_20180922.log")
L 09/22/2018 - 12:45:42: [SDKTOOLS] Invalid detour address passed - Disabling detour to prevent crashes
L 09/22/2018 - 12:45:43: [SDKTOOLS] Failed to find PlayerRunCmd offset - OnPlayerRunCmd forward disabled.
L 09/22/2018 - 14:54:07: Error log file session closed.
L 09/22/2018 - 17:12:15: SourceMod error session started
L 09/22/2018 - 17:12:15: Info (map "con_district402") (file "errors_20180922.log")
L 09/22/2018 - 17:12:15: [SDKTOOLS] Invalid detour address passed - Disabling detour to prevent crashes
L 09/22/2018 - 17:12:15: [SDKTOOLS] Failed to find PlayerRunCmd offset - OnPlayerRunCmd forward disabled.
L 09/22/2018 - 19:31:06: [SM] Exception reported: Invalid timer handle 8c10300 (error 1)
L 09/22/2018 - 19:31:06: [SM] Blaming: umc-emp-mapvote.smx()
L 09/22/2018 - 19:31:06: [SM] Call stack trace:
L 09/22/2018 - 19:31:06: [SM]   [0] KillTimer
L 09/22/2018 - 19:31:06: [SM]   [1] Line 686, D:\Documents\My Folder\Empires Custom UMC Stuff\SourceMod\Workspace\umc-emp-mapvote.sp::UMC_OnNextmapSet()
L 09/22/2018 - 19:31:06: [SM]   [3] Call_Finish
L 09/22/2018 - 19:31:06: [SM]   [4] Line 4834, D:\Documents\My Folder\Empires Custom UMC Stuff\SourceMod\Workspace\umc-core.sp::DoMapChange()
L 09/22/2018 - 19:31:06: [SM]   [5] Line 4267, D:\Documents\My Folder\Empires Custom UMC Stuff\SourceMod\Workspace\umc-core.sp::Handle_MapVoteWinner()
L 09/22/2018 - 19:31:06: [SM]   [6] Line 3819, D:\Documents\My Folder\Empires Custom UMC Stuff\SourceMod\Workspace\umc-core.sp::ProcessVoteWinner()
L 09/22/2018 - 19:31:06: [SM]   [7] Line 3795, D:\Documents\My Folder\Empires Custom UMC Stuff\SourceMod\Workspace\umc-core.sp::ProcessVoteResults()
L 09/22/2018 - 19:31:06: [SM]   [8] Line 1277, D:\Documents\My Folder\Empires Custom UMC Stuff\SourceMod\Workspace\umc-core.sp::Native_UMCVoteManagerComplete()
L 09/22/2018 - 19:31:06: [SM]   [10] UMC_VoteManagerVoteCompleted
L 09/22/2018 - 19:31:06: [SM]   [11] Line 2309, D:\Documents\My Folder\Empires Custom UMC Stuff\SourceMod\Workspace\umc-core.sp::Handle_MapVoteResults()
L 09/22/2018 - 19:31:11: Error log file session closed.
L 09/22/2018 - 20:03:29: SourceMod error session started
L 09/22/2018 - 20:03:29: Info (map "emp_beachfront_b2_hce") (file "errors_20180922.log")
L 09/22/2018 - 20:03:29: [SM] Exception reported: Invalid timer handle 14530356 (error 3)
L 09/22/2018 - 20:03:29: [SM] Blaming: umc-emp-mapvote.smx()
L 09/22/2018 - 20:03:29: [SM] Call stack trace:
L 09/22/2018 - 20:03:29: [SM]   [0] KillTimer
L 09/22/2018 - 20:03:29: [SM]   [1] Line 686, D:\Documents\My Folder\Empires Custom UMC Stuff\SourceMod\Workspace\umc-emp-mapvote.sp::UMC_OnNextmapSet()
L 09/22/2018 - 20:03:29: [SM]   [3] Call_Finish
L 09/22/2018 - 20:03:29: [SM]   [4] Line 4834, D:\Documents\My Folder\Empires Custom UMC Stuff\SourceMod\Workspace\umc-core.sp::DoMapChange()
L 09/22/2018 - 20:03:29: [SM]   [5] Line 4267, D:\Documents\My Folder\Empires Custom UMC Stuff\SourceMod\Workspace\umc-core.sp::Handle_MapVoteWinner()
L 09/22/2018 - 20:03:29: [SM]   [6] Line 3819, D:\Documents\My Folder\Empires Custom UMC Stuff\SourceMod\Workspace\umc-core.sp::ProcessVoteWinner()
L 09/22/2018 - 20:03:29: [SM]   [7] Line 3795, D:\Documents\My Folder\Empires Custom UMC Stuff\SourceMod\Workspace\umc-core.sp::ProcessVoteResults()
L 09/22/2018 - 20:03:29: [SM]   [8] Line 1277, D:\Documents\My Folder\Empires Custom UMC Stuff\SourceMod\Workspace\umc-core.sp::Native_UMCVoteManagerComplete()
L 09/22/2018 - 20:03:29: [SM]   [10] UMC_VoteManagerVoteCompleted
L 09/22/2018 - 20:03:29: [SM]   [11] Line 2309, D:\Documents\My Folder\Empires Custom UMC Stuff\SourceMod\Workspace\umc-core.sp::Handle_MapVoteResults()
L 09/22/2018 - 20:03:35: Error log file session closed.
L 09/22/2018 - 20:20:22: SourceMod error session started
L 09/22/2018 - 20:20:22: Info (map "emp_streetsoffire_215") (file "errors_20180922.log")
L 09/22/2018 - 20:20:22: [SM] Exception reported: Invalid timer handle 1da60388 (error 1)
L 09/22/2018 - 20:20:22: [SM] Blaming: umc-emp-mapvote.smx()
L 09/22/2018 - 20:20:22: [SM] Call stack trace:
L 09/22/2018 - 20:20:22: [SM]   [0] KillTimer
L 09/22/2018 - 20:20:22: [SM]   [1] Line 686, D:\Documents\My Folder\Empires Custom UMC Stuff\SourceMod\Workspace\umc-emp-mapvote.sp::UMC_OnNextmapSet()
L 09/22/2018 - 20:20:22: [SM]   [3] Call_Finish
L 09/22/2018 - 20:20:22: [SM]   [4] Line 4834, D:\Documents\My Folder\Empires Custom UMC Stuff\SourceMod\Workspace\umc-core.sp::DoMapChange()
L 09/22/2018 - 20:20:22: [SM]   [5] Line 4267, D:\Documents\My Folder\Empires Custom UMC Stuff\SourceMod\Workspace\umc-core.sp::Handle_MapVoteWinner()
L 09/22/2018 - 20:20:22: [SM]   [6] Line 3819, D:\Documents\My Folder\Empires Custom UMC Stuff\SourceMod\Workspace\umc-core.sp::ProcessVoteWinner()
L 09/22/2018 - 20:20:22: [SM]   [7] Line 3795, D:\Documents\My Folder\Empires Custom UMC Stuff\SourceMod\Workspace\umc-core.sp::ProcessVoteResults()
L 09/22/2018 - 20:20:22: [SM]   [8] Line 1277, D:\Documents\My Folder\Empires Custom UMC Stuff\SourceMod\Workspace\umc-core.sp::Native_UMCVoteManagerComplete()
L 09/22/2018 - 20:20:22: [SM]   [10] UMC_VoteManagerVoteCompleted
L 09/22/2018 - 20:20:22: [SM]   [11] Line 2309, D:\Documents\My Folder\Empires Custom UMC Stuff\SourceMod\Workspace\umc-core.sp::Handle_MapVoteResults()
L 09/22/2018 - 20:20:28: Error log file session closed.
L 09/22/2018 - 20:37:49: SourceMod error session started
L 09/22/2018 - 20:37:49: Info (map "emp_crossroads_towerless_hce") (file "errors_20180922.log")
L 09/22/2018 - 20:37:49: [SM] Exception reported: Invalid timer handle 2a530122 (error 1)
L 09/22/2018 - 20:37:49: [SM] Blaming: umc-emp-mapvote.smx()
L 09/22/2018 - 20:37:49: [SM] Call stack trace:
L 09/22/2018 - 20:37:49: [SM]   [0] KillTimer
L 09/22/2018 - 20:37:49: [SM]   [1] Line 686, D:\Documents\My Folder\Empires Custom UMC Stuff\SourceMod\Workspace\umc-emp-mapvote.sp::UMC_OnNextmapSet()
L 09/22/2018 - 20:37:49: [SM]   [3] Call_Finish
L 09/22/2018 - 20:37:49: [SM]   [4] Line 4834, D:\Documents\My Folder\Empires Custom UMC Stuff\SourceMod\Workspace\umc-core.sp::DoMapChange()
L 09/22/2018 - 20:37:49: [SM]   [5] Line 4267, D:\Documents\My Folder\Empires Custom UMC Stuff\SourceMod\Workspace\umc-core.sp::Handle_MapVoteWinner()
L 09/22/2018 - 20:37:49: [SM]   [6] Line 3819, D:\Documents\My Folder\Empires Custom UMC Stuff\SourceMod\Workspace\umc-core.sp::ProcessVoteWinner()
L 09/22/2018 - 20:37:49: [SM]   [7] Line 3795, D:\Documents\My Folder\Empires Custom UMC Stuff\SourceMod\Workspace\umc-core.sp::ProcessVoteResults()
L 09/22/2018 - 20:37:49: [SM]   [8] Line 1277, D:\Documents\My Folder\Empires Custom UMC Stuff\SourceMod\Workspace\umc-core.sp::Native_UMCVoteManagerComplete()
L 09/22/2018 - 20:37:49: [SM]   [10] UMC_VoteManagerVoteCompleted
L 09/22/2018 - 20:37:49: [SM]   [11] Line 2309, D:\Documents\My Folder\Empires Custom UMC Stuff\SourceMod\Workspace\umc-core.sp::Handle_MapVoteResults()
L 09/22/2018 - 20:37:59: Error log file session closed.
L 09/22/2018 - 21:19:45: SourceMod error session started
L 09/22/2018 - 21:19:45: Info (map "emp_homeland_b9_hce2") (file "errors_20180922.log")
L 09/22/2018 - 21:19:45: [SM] Exception reported: Invalid timer handle 45bd0296 (error 3)
L 09/22/2018 - 21:19:45: [SM] Blaming: umc-emp-mapvote.smx()
L 09/22/2018 - 21:19:45: [SM] Call stack trace:
L 09/22/2018 - 21:19:45: [SM]   [0] KillTimer
L 09/22/2018 - 21:19:45: [SM]   [1] Line 686, D:\Documents\My Folder\Empires Custom UMC Stuff\SourceMod\Workspace\umc-emp-mapvote.sp::UMC_OnNextmapSet()
L 09/22/2018 - 21:19:45: [SM]   [3] Call_Finish
L 09/22/2018 - 21:19:45: [SM]   [4] Line 4834, D:\Documents\My Folder\Empires Custom UMC Stuff\SourceMod\Workspace\umc-core.sp::DoMapChange()
L 09/22/2018 - 21:19:45: [SM]   [5] Line 4267, D:\Documents\My Folder\Empires Custom UMC Stuff\SourceMod\Workspace\umc-core.sp::Handle_MapVoteWinner()
L 09/22/2018 - 21:19:45: [SM]   [6] Line 3819, D:\Documents\My Folder\Empires Custom UMC Stuff\SourceMod\Workspace\umc-core.sp::ProcessVoteWinner()
L 09/22/2018 - 21:19:45: [SM]   [7] Line 3795, D:\Documents\My Folder\Empires Custom UMC Stuff\SourceMod\Workspace\umc-core.sp::ProcessVoteResults()
L 09/22/2018 - 21:19:45: [SM]   [8] Line 1277, D:\Documents\My Folder\Empires Custom UMC Stuff\SourceMod\Workspace\umc-core.sp::Native_UMCVoteManagerComplete()
L 09/22/2018 - 21:19:45: [SM]   [10] UMC_VoteManagerVoteCompleted
L 09/22/2018 - 21:19:45: [SM]   [11] Line 2309, D:\Documents\My Folder\Empires Custom UMC Stuff\SourceMod\Workspace\umc-core.sp::Handle_MapVoteResults()
L 09/22/2018 - 21:19:50: Error log file session closed.
L 09/22/2018 - 22:11:25: SourceMod error session started
L 09/22/2018 - 22:11:25: Info (map "emp_forest_ob_2013_hce2") (file "errors_20180922.log")
L 09/22/2018 - 22:11:25: [SM] Exception reported: Invalid timer handle 743b02fb (error 1)
L 09/22/2018 - 22:11:25: [SM] Blaming: umc-emp-mapvote.smx()
L 09/22/2018 - 22:11:25: [SM] Call stack trace:
L 09/22/2018 - 22:11:25: [SM]   [0] KillTimer
L 09/22/2018 - 22:11:25: [SM]   [1] Line 686, D:\Documents\My Folder\Empires Custom UMC Stuff\SourceMod\Workspace\umc-emp-mapvote.sp::UMC_OnNextmapSet()
L 09/22/2018 - 22:11:25: [SM]   [3] Call_Finish
L 09/22/2018 - 22:11:25: [SM]   [4] Line 4834, D:\Documents\My Folder\Empires Custom UMC Stuff\SourceMod\Workspace\umc-core.sp::DoMapChange()
L 09/22/2018 - 22:11:25: [SM]   [5] Line 4267, D:\Documents\My Folder\Empires Custom UMC Stuff\SourceMod\Workspace\umc-core.sp::Handle_MapVoteWinner()
L 09/22/2018 - 22:11:25: [SM]   [6] Line 3819, D:\Documents\My Folder\Empires Custom UMC Stuff\SourceMod\Workspace\umc-core.sp::ProcessVoteWinner()
L 09/22/2018 - 22:11:25: [SM]   [7] Line 3795, D:\Documents\My Folder\Empires Custom UMC Stuff\SourceMod\Workspace\umc-core.sp::ProcessVoteResults()
L 09/22/2018 - 22:11:25: [SM]   [8] Line 1277, D:\Documents\My Folder\Empires Custom UMC Stuff\SourceMod\Workspace\umc-core.sp::Native_UMCVoteManagerComplete()
L 09/22/2018 - 22:11:25: [SM]   [10] UMC_VoteManagerVoteCompleted
L 09/22/2018 - 22:11:25: [SM]   [11] Line 2309, D:\Documents\My Folder\Empires Custom UMC Stuff\SourceMod\Workspace\umc-core.sp::Handle_MapVoteResults()
L 09/22/2018 - 22:11:31: Error log file session closed.
L 09/22/2018 - 22:46:32: SourceMod error session started
L 09/22/2018 - 22:46:32: Info (map "emp_midbridge_hce") (file "errors_20180922.log")
L 09/22/2018 - 22:46:32: [SM] Exception reported: Invalid timer handle 931003c6 (error 1)
L 09/22/2018 - 22:46:32: [SM] Blaming: umc-emp-mapvote.smx()
L 09/22/2018 - 22:46:32: [SM] Call stack trace:
L 09/22/2018 - 22:46:32: [SM]   [0] KillTimer
L 09/22/2018 - 22:46:32: [SM]   [1] Line 686, D:\Documents\My Folder\Empires Custom UMC Stuff\SourceMod\Workspace\umc-emp-mapvote.sp::UMC_OnNextmapSet()
L 09/22/2018 - 22:46:32: [SM]   [3] Call_Finish
L 09/22/2018 - 22:46:32: [SM]   [4] Line 4834, D:\Documents\My Folder\Empires Custom UMC Stuff\SourceMod\Workspace\umc-core.sp::DoMapChange()
L 09/22/2018 - 22:46:32: [SM]   [5] Line 4267, D:\Documents\My Folder\Empires Custom UMC Stuff\SourceMod\Workspace\umc-core.sp::Handle_MapVoteWinner()
L 09/22/2018 - 22:46:32: [SM]   [6] Line 3819, D:\Documents\My Folder\Empires Custom UMC Stuff\SourceMod\Workspace\umc-core.sp::ProcessVoteWinner()
L 09/22/2018 - 22:46:32: [SM]   [7] Line 3795, D:\Documents\My Folder\Empires Custom UMC Stuff\SourceMod\Workspace\umc-core.sp::ProcessVoteResults()
L 09/22/2018 - 22:46:32: [SM]   [8] Line 1277, D:\Documents\My Folder\Empires Custom UMC Stuff\SourceMod\Workspace\umc-core.sp::Native_UMCVoteManagerComplete()
L 09/22/2018 - 22:46:32: [SM]   [10] UMC_VoteManagerVoteCompleted
L 09/22/2018 - 22:46:32: [SM]   [11] Line 2309, D:\Documents\My Folder\Empires Custom UMC Stuff\SourceMod\Workspace\umc-core.sp::Handle_MapVoteResults()
L 09/22/2018 - 22:46:38: Error log file session closed.
L 09/22/2018 - 23:27:00: SourceMod error session started
L 09/22/2018 - 23:27:00: Info (map "emp_king_r5_nosplt") (file "errors_20180922.log")
L 09/22/2018 - 23:27:00: [SM] Exception reported: Invalid timer handle b7cb03ef (error 1)
L 09/22/2018 - 23:27:00: [SM] Blaming: umc-emp-mapvote.smx()
L 09/22/2018 - 23:27:00: [SM] Call stack trace:
L 09/22/2018 - 23:27:00: [SM]   [0] KillTimer
L 09/22/2018 - 23:27:00: [SM]   [1] Line 686, D:\Documents\My Folder\Empires Custom UMC Stuff\SourceMod\Workspace\umc-emp-mapvote.sp::UMC_OnNextmapSet()
L 09/22/2018 - 23:27:00: [SM]   [3] Call_Finish
L 09/22/2018 - 23:27:00: [SM]   [4] Line 4834, D:\Documents\My Folder\Empires Custom UMC Stuff\SourceMod\Workspace\umc-core.sp::DoMapChange()
L 09/22/2018 - 23:27:00: [SM]   [5] Line 4267, D:\Documents\My Folder\Empires Custom UMC Stuff\SourceMod\Workspace\umc-core.sp::Handle_MapVoteWinner()
L 09/22/2018 - 23:27:00: [SM]   [6] Line 3819, D:\Documents\My Folder\Empires Custom UMC Stuff\SourceMod\Workspace\umc-core.sp::ProcessVoteWinner()
L 09/22/2018 - 23:27:00: [SM]   [7] Line 3795, D:\Documents\My Folder\Empires Custom UMC Stuff\SourceMod\Workspace\umc-core.sp::ProcessVoteResults()
L 09/22/2018 - 23:27:00: [SM]   [8] Line 1277, D:\Documents\My Folder\Empires Custom UMC Stuff\SourceMod\Workspace\umc-core.sp::Native_UMCVoteManagerComplete()
L 09/22/2018 - 23:27:00: [SM]   [10] UMC_VoteManagerVoteCompleted
L 09/22/2018 - 23:27:00: [SM]   [11] Line 2309, D:\Documents\My Folder\Empires Custom UMC Stuff\SourceMod\Workspace\umc-core.sp::Handle_MapVoteResults()
L 09/22/2018 - 23:27:08: Error log file session closed.
L 09/22/2018 - 23:48:44: SourceMod error session started
L 09/22/2018 - 23:48:44: Info (map "emp_blackmountain_fix") (file "errors_20180922.log")
L 09/22/2018 - 23:48:44: [SM] Exception reported: Invalid timer handle ce1d0322 (error 3)
L 09/22/2018 - 23:48:44: [SM] Blaming: umc-emp-mapvote.smx()
L 09/22/2018 - 23:48:44: [SM] Call stack trace:
L 09/22/2018 - 23:48:44: [SM]   [0] KillTimer
L 09/22/2018 - 23:48:44: [SM]   [1] Line 686, D:\Documents\My Folder\Empires Custom UMC Stuff\SourceMod\Workspace\umc-emp-mapvote.sp::UMC_OnNextmapSet()
L 09/22/2018 - 23:48:44: [SM]   [3] Call_Finish
L 09/22/2018 - 23:48:44: [SM]   [4] Line 4834, D:\Documents\My Folder\Empires Custom UMC Stuff\SourceMod\Workspace\umc-core.sp::DoMapChange()
L 09/22/2018 - 23:48:44: [SM]   [5] Line 4267, D:\Documents\My Folder\Empires Custom UMC Stuff\SourceMod\Workspace\umc-core.sp::Handle_MapVoteWinner()
L 09/22/2018 - 23:48:44: [SM]   [6] Line 3819, D:\Documents\My Folder\Empires Custom UMC Stuff\SourceMod\Workspace\umc-core.sp::ProcessVoteWinner()
L 09/22/2018 - 23:48:44: [SM]   [7] Line 3795, D:\Documents\My Folder\Empires Custom UMC Stuff\SourceMod\Workspace\umc-core.sp::ProcessVoteResults()
L 09/22/2018 - 23:48:44: [SM]   [8] Line 1277, D:\Documents\My Folder\Empires Custom UMC Stuff\SourceMod\Workspace\umc-core.sp::Native_UMCVoteManagerComplete()
L 09/22/2018 - 23:48:44: [SM]   [10] UMC_VoteManagerVoteCompleted
L 09/22/2018 - 23:48:44: [SM]   [11] Line 2309, D:\Documents\My Folder\Empires Custom UMC Stuff\SourceMod\Workspace\umc-core.sp::Handle_MapVoteResults()
L 09/22/2018 - 23:48:50: Error log file session closed.
