L 08/27/2018 - 00:20:30: SourceMod log file session started (file "L20180827.log") (Version "1.8.0.5912")
L 08/27/2018 - 00:20:30: [saysounds.smx] [Say Sounds] Enabled, Hooking Events
L 08/27/2018 - 00:20:30: [saysounds.smx] [Say Sounds] No specific game detected
L 08/27/2018 - 00:21:35: [SM] Changed map to "emp_midbridge_hce"
L 08/27/2018 - 00:21:37: -------- Mapchange to emp_midbridge_hce --------
L 08/27/2018 - 00:21:38: [autorecorder.smx] Recording to auto-20180827-002138-emp_midbridge_hce.dem
L 08/27/2018 - 00:21:47: [security_entity_limit.smx] [SEL] 616 entities have been protected from deleting.This map contain 1432 free entity slot!
L 08/27/2018 - 00:45:29: [sbpp_comms.smx] "Mr. X.<7><[U:1:27106968]><>" gagged "BOOMMANDER<118><[U:1:23216004]><>" (minutes "5") (reason "")
L 08/27/2018 - 00:48:43: [saysounds.smx] [Say Sounds] Enabled, Hooking Events
L 08/27/2018 - 00:48:43: [saysounds.smx] [Say Sounds] No specific game detected
L 08/27/2018 - 00:50:27: [SM] Changed map to "emp_mvalley_fix"
L 08/27/2018 - 00:50:28: -------- Mapchange to emp_mvalley_fix --------
L 08/27/2018 - 00:50:29: [autorecorder.smx] Recording to auto-20180827-005029-emp_mvalley_fix.dem
L 08/27/2018 - 00:50:38: [security_entity_limit.smx] [SEL] 374 entities have been protected from deleting.This map contain 1674 free entity slot!
L 08/27/2018 - 00:53:18: [saysounds.smx] [Say Sounds] No specific game detected
L 08/27/2018 - 01:19:51: [saysounds.smx] [Say Sounds] Enabled, Hooking Events
L 08/27/2018 - 01:19:51: [saysounds.smx] [Say Sounds] No specific game detected
L 08/27/2018 - 01:21:36: [SM] Changed map to "emp_homeland_b9_hce"
L 08/27/2018 - 01:21:37: -------- Mapchange to emp_homeland_b9_hce --------
L 08/27/2018 - 01:21:38: [autorecorder.smx] Recording to auto-20180827-012138-emp_homeland_b9_hce.dem
L 08/27/2018 - 01:21:47: [security_entity_limit.smx] [SEL] 993 entities have been protected from deleting.This map contain 1055 free entity slot!
L 08/27/2018 - 02:02:02: [saysounds.smx] [Say Sounds] Enabled, Hooking Events
L 08/27/2018 - 02:02:02: [saysounds.smx] [Say Sounds] No specific game detected
L 08/27/2018 - 02:03:47: [SM] Changed map to "emp_frozensummit_b2_2013_fix2"
L 08/27/2018 - 02:03:48: -------- Mapchange to emp_frozensummit_b2_2013_fix2 --------
L 08/27/2018 - 02:03:48: [autorecorder.smx] Recording to auto-20180827-020348-emp_frozensummit_b2_2013_fix2.dem
L 08/27/2018 - 02:03:58: [security_entity_limit.smx] [SEL] 205 entities have been protected from deleting.This map contain 1843 free entity slot!
L 08/27/2018 - 03:01:56: [saysounds.smx] [Say Sounds] Enabled, Hooking Events
L 08/27/2018 - 03:01:56: [saysounds.smx] [Say Sounds] No specific game detected
L 08/27/2018 - 03:03:41: [SM] Changed map to "emp_duststorm_fix2"
L 08/27/2018 - 03:03:42: -------- Mapchange to emp_duststorm_fix2 --------
L 08/27/2018 - 03:03:43: [autorecorder.smx] Recording to auto-20180827-030343-emp_duststorm_fix2.dem
L 08/27/2018 - 03:03:52: [security_entity_limit.smx] [SEL] 248 entities have been protected from deleting.This map contain 1800 free entity slot!
L 08/27/2018 - 03:10:42: [SM] Changed map to "con_urbanchaos_fix"
L 08/27/2018 - 03:10:43: -------- Mapchange to con_urbanchaos_fix --------
L 08/27/2018 - 03:10:50: [autorecorder.smx] Recording to auto-20180827-031050-con_urbanchaos_fix.dem
L 08/27/2018 - 03:10:54: [security_entity_limit.smx] [SEL] 662 entities have been protected from deleting.This map contain 1386 free entity slot!
L 08/27/2018 - 03:12:05: [saysounds.smx] [Say Sounds] Disabled, Unhooking Events
L 08/27/2018 - 03:20:37: [saysounds.smx] [Say Sounds] Enabled, Hooking Events
L 08/27/2018 - 03:20:37: [saysounds.smx] [Say Sounds] No specific game detected
L 08/27/2018 - 03:22:21: [SM] Changed map to "fun_ricochet_a4"
L 08/27/2018 - 03:22:21: -------- Mapchange to fun_ricochet_a4 --------
L 08/27/2018 - 03:22:31: [security_entity_limit.smx] [SEL] 176 entities have been protected from deleting.This map contain 1872 free entity slot!
L 08/27/2018 - 13:39:21: [saysounds.smx] [Say Sounds] Disabled, Unhooking Events
L 08/27/2018 - 13:39:21: [autorecorder.smx] Recording to auto-20180827-133921-fun_ricochet_a4.dem
L 08/27/2018 - 13:40:15: [saysounds.smx] [Say Sounds] Enabled, Hooking Events
L 08/27/2018 - 13:40:15: [saysounds.smx] [Say Sounds] No specific game detected
L 08/27/2018 - 13:40:50: [SM] Changed map to "con_district402"
L 08/27/2018 - 13:40:51: -------- Mapchange to con_district402 --------
L 08/27/2018 - 13:41:01: [security_entity_limit.smx] [SEL] 434 entities have been protected from deleting.This map contain 1614 free entity slot!
L 08/27/2018 - 13:43:48: [autorecorder.smx] Recording to auto-20180827-134348-con_district402.dem
L 08/27/2018 - 13:45:08: [saysounds.smx] [Say Sounds] Disabled, Unhooking Events
L 08/27/2018 - 14:00:52: [saysounds.smx] [Say Sounds] Enabled, Hooking Events
L 08/27/2018 - 14:00:52: [saysounds.smx] [Say Sounds] No specific game detected
L 08/27/2018 - 14:02:36: [SM] Changed map to "emp_downfall_hce"
L 08/27/2018 - 14:02:36: -------- Mapchange to emp_downfall_hce --------
L 08/27/2018 - 14:02:38: [autorecorder.smx] Recording to auto-20180827-140238-emp_downfall_hce.dem
L 08/27/2018 - 14:02:47: [security_entity_limit.smx] [SEL] 161 entities have been protected from deleting.This map contain 1887 free entity slot!
L 08/27/2018 - 14:17:46: [saysounds.smx] [Say Sounds] Enabled, Hooking Events
L 08/27/2018 - 14:17:46: [saysounds.smx] [Say Sounds] No specific game detected
L 08/27/2018 - 14:18:33: [SM] Changed map to "emp_vehicletraining_2013"
L 08/27/2018 - 14:18:33: -------- Mapchange to emp_vehicletraining_2013 --------
L 08/27/2018 - 14:18:40: [autorecorder.smx] Recording to auto-20180827-141840-emp_vehicletraining_2013.dem
L 08/27/2018 - 14:18:43: [security_entity_limit.smx] [SEL] 342 entities have been protected from deleting.This map contain 1706 free entity slot!
L 08/27/2018 - 14:19:54: [saysounds.smx] [Say Sounds] Disabled, Unhooking Events
L 08/27/2018 - 14:53:07: [saysounds.smx] [Say Sounds] Enabled, Hooking Events
L 08/27/2018 - 14:53:07: [saysounds.smx] [Say Sounds] No specific game detected
L 08/27/2018 - 14:54:51: [SM] Changed map to "emp_crossroads_towerless_hce"
L 08/27/2018 - 14:54:52: -------- Mapchange to emp_crossroads_towerless_hce --------
L 08/27/2018 - 14:54:53: [autorecorder.smx] Recording to auto-20180827-145453-emp_crossroads_towerless_hce.dem
L 08/27/2018 - 14:55:02: [security_entity_limit.smx] [SEL] 570 entities have been protected from deleting.This map contain 1478 free entity slot!
L 08/27/2018 - 14:58:07: [saysounds.smx] [Say Sounds] Disabled, Unhooking Events
L 08/27/2018 - 16:26:12: [saysounds.smx] [Say Sounds] Enabled, Hooking Events
L 08/27/2018 - 16:26:12: [saysounds.smx] [Say Sounds] No specific game detected
L 08/27/2018 - 16:27:18: [SM] Changed map to "con_blast_ob2"
L 08/27/2018 - 16:27:18: -------- Mapchange to con_blast_ob2 --------
L 08/27/2018 - 16:27:26: [autorecorder.smx] Recording to auto-20180827-162726-con_blast_ob2.dem
L 08/27/2018 - 16:27:29: [security_entity_limit.smx] [SEL] 663 entities have been protected from deleting.This map contain 1385 free entity slot!
L 08/27/2018 - 16:28:32: [saysounds.smx] [Say Sounds] Disabled, Unhooking Events
L 08/27/2018 - 16:49:54: [saysounds.smx] [Say Sounds] Enabled, Hooking Events
L 08/27/2018 - 16:49:54: [saysounds.smx] [Say Sounds] No specific game detected
L 08/27/2018 - 16:50:56: [SM] Changed map to "emp_nuclear_b8u_xfix"
L 08/27/2018 - 16:50:57: -------- Mapchange to emp_nuclear_b8u_xfix --------
L 08/27/2018 - 16:51:06: [autorecorder.smx] Recording to auto-20180827-165106-emp_nuclear_b8u_xfix.dem
L 08/27/2018 - 16:51:07: [security_entity_limit.smx] [SEL] 995 entities have been protected from deleting.This map contain 1053 free entity slot!
L 08/27/2018 - 16:52:13: [saysounds.smx] [Say Sounds] Disabled, Unhooking Events
L 08/27/2018 - 17:19:46: [saysounds.smx] [Say Sounds] Enabled, Hooking Events
L 08/27/2018 - 17:19:46: [saysounds.smx] [Say Sounds] No specific game detected
L 08/27/2018 - 17:20:51: [SM] Changed map to "con_district402"
L 08/27/2018 - 17:20:52: -------- Mapchange to con_district402 --------
L 08/27/2018 - 17:21:00: [autorecorder.smx] Recording to auto-20180827-172100-con_district402.dem
L 08/27/2018 - 17:21:02: [security_entity_limit.smx] [SEL] 440 entities have been protected from deleting.This map contain 1608 free entity slot!
L 08/27/2018 - 17:22:10: [saysounds.smx] [Say Sounds] Disabled, Unhooking Events
L 08/27/2018 - 17:47:32: [saysounds.smx] [Say Sounds] Enabled, Hooking Events
L 08/27/2018 - 17:47:32: [saysounds.smx] [Say Sounds] No specific game detected
L 08/27/2018 - 17:48:38: [SM] Changed map to "emp_vehicletraining_2013"
L 08/27/2018 - 17:48:38: -------- Mapchange to emp_vehicletraining_2013 --------
L 08/27/2018 - 17:48:43: [autorecorder.smx] Recording to auto-20180827-174843-emp_vehicletraining_2013.dem
L 08/27/2018 - 17:48:48: [security_entity_limit.smx] [SEL] 344 entities have been protected from deleting.This map contain 1704 free entity slot!
L 08/27/2018 - 17:49:48: [saysounds.smx] [Say Sounds] Disabled, Unhooking Events
L 08/27/2018 - 18:28:10: [saysounds.smx] [Say Sounds] Enabled, Hooking Events
L 08/27/2018 - 18:28:10: [saysounds.smx] [Say Sounds] No specific game detected
L 08/27/2018 - 18:29:15: [SM] Changed map to "emp_drygulch_a7"
L 08/27/2018 - 18:29:16: -------- Mapchange to emp_drygulch_a7 --------
L 08/27/2018 - 18:29:17: [autorecorder.smx] Recording to auto-20180827-182917-emp_drygulch_a7.dem
L 08/27/2018 - 18:29:26: [security_entity_limit.smx] [SEL] 172 entities have been protected from deleting.This map contain 1876 free entity slot!
L 08/27/2018 - 18:32:30: [saysounds.smx] [Say Sounds] Disabled, Unhooking Events
L 08/27/2018 - 18:59:39: [autorecorder.smx] Recording to auto-20180827-185939-emp_drygulch_a7.dem
L 08/27/2018 - 19:07:40: [saysounds.smx] [Say Sounds] Enabled, Hooking Events
L 08/27/2018 - 19:07:40: [saysounds.smx] [Say Sounds] No specific game detected
L 08/27/2018 - 19:09:24: [SM] Changed map to "emp_crossroads_towerless_hce"
L 08/27/2018 - 19:09:25: -------- Mapchange to emp_crossroads_towerless_hce --------
L 08/27/2018 - 19:09:30: [autorecorder.smx] Recording to auto-20180827-190930-emp_crossroads_towerless_hce.dem
L 08/27/2018 - 19:09:35: [security_entity_limit.smx] [SEL] 573 entities have been protected from deleting.This map contain 1475 free entity slot!
L 08/27/2018 - 19:11:16: [saysounds.smx] [Say Sounds] No specific game detected
L 08/27/2018 - 19:35:31: [saysounds.smx] [Say Sounds] Enabled, Hooking Events
L 08/27/2018 - 19:35:31: [saysounds.smx] [Say Sounds] No specific game detected
L 08/27/2018 - 19:37:16: [SM] Changed map to "emp_downfall_hce"
L 08/27/2018 - 19:37:17: -------- Mapchange to emp_downfall_hce --------
L 08/27/2018 - 19:37:20: [autorecorder.smx] Recording to auto-20180827-193720-emp_downfall_hce.dem
L 08/27/2018 - 19:37:27: [security_entity_limit.smx] [SEL] 170 entities have been protected from deleting.This map contain 1878 free entity slot!
L 08/27/2018 - 19:40:05: [saysounds.smx] [Say Sounds] Disabled, Unhooking Events
L 08/27/2018 - 19:49:57: [basecommands.smx] "Mr. X.<190><[U:1:27106968]><>" console command (cmdline "emp_allowspectators 1")
L 08/27/2018 - 19:49:57: [basecommands.smx] "Mr. X.<190><[U:1:27106968]><>" console command (cmdline "emp_allowspectators 0")
L 08/27/2018 - 19:51:05: [SM] Changed map to "con_blast_ob2"
L 08/27/2018 - 19:51:05: -------- Mapchange to con_blast_ob2 --------
L 08/27/2018 - 19:51:05: [saysounds.smx] [Say Sounds] Enabled, Hooking Events
L 08/27/2018 - 19:51:05: [saysounds.smx] [Say Sounds] No specific game detected
L 08/27/2018 - 19:51:09: [autorecorder.smx] Recording to auto-20180827-195109-con_blast_ob2.dem
L 08/27/2018 - 19:51:15: [security_entity_limit.smx] [SEL] 667 entities have been protected from deleting.This map contain 1381 free entity slot!
L 08/27/2018 - 19:52:45: [saysounds.smx] [Say Sounds] Disabled, Unhooking Events
L 08/27/2018 - 20:12:14: [saysounds.smx] [Say Sounds] Enabled, Hooking Events
L 08/27/2018 - 20:12:14: [saysounds.smx] [Say Sounds] No specific game detected
L 08/27/2018 - 20:13:19: [SM] Changed map to "emp_nuclear_b8u_xfix"
L 08/27/2018 - 20:13:20: -------- Mapchange to emp_nuclear_b8u_xfix --------
L 08/27/2018 - 20:13:25: [autorecorder.smx] Recording to auto-20180827-201325-emp_nuclear_b8u_xfix.dem
L 08/27/2018 - 20:13:30: [security_entity_limit.smx] [SEL] 997 entities have been protected from deleting.This map contain 1051 free entity slot!
L 08/27/2018 - 20:14:33: [saysounds.smx] [Say Sounds] Disabled, Unhooking Events
L 08/27/2018 - 20:52:53: [saysounds.smx] [Say Sounds] Enabled, Hooking Events
L 08/27/2018 - 20:52:53: [saysounds.smx] [Say Sounds] No specific game detected
L 08/27/2018 - 20:54:38: [SM] Changed map to "con_district402"
L 08/27/2018 - 20:54:38: -------- Mapchange to con_district402 --------
L 08/27/2018 - 20:54:43: [autorecorder.smx] Recording to auto-20180827-205443-con_district402.dem
L 08/27/2018 - 20:54:49: [security_entity_limit.smx] [SEL] 442 entities have been protected from deleting.This map contain 1606 free entity slot!
L 08/27/2018 - 20:55:51: [saysounds.smx] [Say Sounds] Disabled, Unhooking Events
L 08/27/2018 - 21:22:42: [saysounds.smx] [Say Sounds] Enabled, Hooking Events
L 08/27/2018 - 21:22:42: [saysounds.smx] [Say Sounds] No specific game detected
L 08/27/2018 - 21:23:48: [SM] Changed map to "emp_vehicletraining_2013"
L 08/27/2018 - 21:23:48: -------- Mapchange to emp_vehicletraining_2013 --------
L 08/27/2018 - 21:23:58: [security_entity_limit.smx] [SEL] 342 entities have been protected from deleting.This map contain 1706 free entity slot!
L 08/27/2018 - 21:25:21: [saysounds.smx] [Say Sounds] Disabled, Unhooking Events
L 08/27/2018 - 21:25:21: [autorecorder.smx] Recording to auto-20180827-212521-emp_vehicletraining_2013.dem
L 08/27/2018 - 21:58:39: [saysounds.smx] [Say Sounds] Enabled, Hooking Events
L 08/27/2018 - 21:58:39: [saysounds.smx] [Say Sounds] No specific game detected
L 08/27/2018 - 21:59:45: [SM] Changed map to "fun_ricochet_a4"
L 08/27/2018 - 21:59:45: -------- Mapchange to fun_ricochet_a4 --------
L 08/27/2018 - 21:59:55: [security_entity_limit.smx] [SEL] 178 entities have been protected from deleting.This map contain 1870 free entity slot!
