L 05/08/2018 - 18:36:03: SourceMod log file session started (file "L20180508.log") (Version "1.8.0.5912")
L 05/08/2018 - 18:36:03: [SM] Changed map to "emp_shadows_attacks_fix"
L 05/08/2018 - 18:36:04: -------- Mapchange to emp_shadows_attacks_fix --------
L 05/08/2018 - 18:36:14: [security_entity_limit.smx] [SEL] 799 entities have been protected from deleting.This map contain 1249 free entity slot!
L 05/08/2018 - 18:37:14: [SM] Changed map to "emp_havoc_b1_fix"
L 05/08/2018 - 18:37:15: -------- Mapchange to emp_havoc_b1_fix --------
L 05/08/2018 - 18:37:25: [security_entity_limit.smx] [SEL] 703 entities have been protected from deleting.This map contain 1345 free entity slot!
L 05/08/2018 - 18:39:02: [saysounds.smx] [Say Sounds] Disabled, Unhooking Events
L 05/08/2018 - 18:39:02: [autorecorder.smx] Recording to auto-20180508-183902-emp_havoc_b1_fix.dem
L 05/08/2018 - 19:59:09: [saysounds.smx] [Say Sounds] Enabled, Hooking Events
L 05/08/2018 - 19:59:09: [saysounds.smx] [Say Sounds] No specific game detected
L 05/08/2018 - 20:00:20: [SM] Changed map to "emp_downfall_hce"
L 05/08/2018 - 20:00:21: -------- Mapchange to emp_downfall_hce --------
L 05/08/2018 - 20:00:31: [security_entity_limit.smx] [SEL] 160 entities have been protected from deleting.This map contain 1888 free entity slot!
L 05/08/2018 - 20:02:52: [saysounds.smx] [Say Sounds] Disabled, Unhooking Events
L 05/08/2018 - 20:02:52: [autorecorder.smx] Recording to auto-20180508-200252-emp_downfall_hce.dem
L 05/08/2018 - 20:07:52: [saysounds.smx] [Say Sounds] Enabled, Hooking Events
L 05/08/2018 - 20:07:52: [saysounds.smx] [Say Sounds] No specific game detected
L 05/08/2018 - 20:08:57: [SM] Changed map to "emp_drygulch_a6"
L 05/08/2018 - 20:08:58: -------- Mapchange to emp_drygulch_a6 --------
L 05/08/2018 - 20:09:08: [security_entity_limit.smx] [SEL] 183 entities have been protected from deleting.This map contain 1865 free entity slot!
L 05/08/2018 - 20:10:34: [SM] Changed map to "emp_beachfront_b2_hce"
L 05/08/2018 - 20:10:35: -------- Mapchange to emp_beachfront_b2_hce --------
L 05/08/2018 - 20:10:45: [security_entity_limit.smx] [SEL] 163 entities have been protected from deleting.This map contain 1885 free entity slot!
L 05/08/2018 - 20:12:20: [saysounds.smx] [Say Sounds] Disabled, Unhooking Events
L 05/08/2018 - 20:12:20: [autorecorder.smx] Recording to auto-20180508-201220-emp_beachfront_b2_hce.dem
L 05/08/2018 - 20:12:51: [saysounds.smx] [Say Sounds] Enabled, Hooking Events
L 05/08/2018 - 20:12:51: [saysounds.smx] [Say Sounds] No specific game detected
L 05/08/2018 - 20:13:57: [SM] Changed map to "fun_ricochet_a4"
L 05/08/2018 - 20:13:57: -------- Mapchange to fun_ricochet_a4 --------
L 05/08/2018 - 20:14:07: [security_entity_limit.smx] [SEL] 176 entities have been protected from deleting.This map contain 1872 free entity slot!
L 05/08/2018 - 20:16:07: [SM] Changed map to "emp_crossroads_towerless_hce"
L 05/08/2018 - 20:16:08: -------- Mapchange to emp_crossroads_towerless_hce --------
L 05/08/2018 - 20:16:19: [security_entity_limit.smx] [SEL] 571 entities have been protected from deleting.This map contain 1477 free entity slot!
L 05/08/2018 - 20:18:05: [saysounds.smx] [Say Sounds] Disabled, Unhooking Events
L 05/08/2018 - 20:18:05: [autorecorder.smx] Recording to auto-20180508-201805-emp_crossroads_towerless_hce.dem
L 05/08/2018 - 21:17:40: [saysounds.smx] [Say Sounds] Enabled, Hooking Events
L 05/08/2018 - 21:17:40: [saysounds.smx] [Say Sounds] No specific game detected
L 05/08/2018 - 21:18:15: [SM] Changed map to "emp_shadows_attacks_fix"
L 05/08/2018 - 21:18:16: -------- Mapchange to emp_shadows_attacks_fix --------
L 05/08/2018 - 21:18:26: [security_entity_limit.smx] [SEL] 799 entities have been protected from deleting.This map contain 1249 free entity slot!
L 05/08/2018 - 22:43:02: [SM] Changed map to "emp_havoc_b1_fix"
L 05/08/2018 - 22:43:03: -------- Mapchange to emp_havoc_b1_fix --------
L 05/08/2018 - 22:43:13: [security_entity_limit.smx] [SEL] 703 entities have been protected from deleting.This map contain 1345 free entity slot!
