L 06/13/2017 - 02:52:44: SourceMod log file session started (file "L20170613.log") (Version "1.8.0.5912")
L 06/13/2017 - 02:52:44: [SM] Changed map to "con_glycencity"
L 06/13/2017 - 02:52:46: -------- Mapchange to con_glycencity --------
L 06/13/2017 - 02:52:56: [security_entity_limit.smx] [SEL] 637 entities have been protected from deleting.This map contain 1411 free entity slot!
L 06/13/2017 - 03:27:23: [SM] Changed map to "emp_shadows_attacks_fix"
L 06/13/2017 - 03:27:24: -------- Mapchange to emp_shadows_attacks_fix --------
L 06/13/2017 - 03:27:34: [security_entity_limit.smx] [SEL] 799 entities have been protected from deleting.This map contain 1249 free entity slot!
L 06/13/2017 - 04:52:11: [SM] Changed map to "emp_fogtown_cl2_fix"
L 06/13/2017 - 04:52:12: -------- Mapchange to emp_fogtown_cl2_fix --------
L 06/13/2017 - 04:52:22: [security_entity_limit.smx] [SEL] 951 entities have been protected from deleting.This map contain 1097 free entity slot!
L 06/13/2017 - 07:05:30: [SM] Changed map to "emp_downfall"
L 06/13/2017 - 07:05:31: -------- Mapchange to emp_downfall --------
L 06/13/2017 - 07:05:41: [security_entity_limit.smx] [SEL] 160 entities have been protected from deleting.This map contain 1888 free entity slot!
L 06/13/2017 - 15:03:38: SourceMod log file session started (file "L20170613.log") (Version "1.8.0.5912")
L 06/13/2017 - 15:03:38: -------- Mapchange to con_district402 --------
L 06/13/2017 - 15:03:38: [security_entity_limit.smx] Security Entity Limit [SEL] Activate!
L 06/13/2017 - 15:03:38: [security_entity_limit.smx] [SEL]Current version: 0.5.4
Plugin made by Benoist3012!
L 06/13/2017 - 15:03:50: [security_entity_limit.smx] [SEL] 434 entities have been protected from deleting.This map contain 1614 free entity slot!
L 06/13/2017 - 15:21:29: [SM] Changed map to "emp_crossroads"
L 06/13/2017 - 15:21:30: -------- Mapchange to emp_crossroads --------
L 06/13/2017 - 15:21:40: [security_entity_limit.smx] [SEL] 567 entities have been protected from deleting.This map contain 1481 free entity slot!
