L 03/23/2018 - 17:36:01: SourceMod log file session started (file "L20180323.log") (Version "1.8.0.5912")
L 03/23/2018 - 17:36:01: -------- Mapchange to con_district402 --------
L 03/23/2018 - 17:36:01: [saysounds.smx] [Say Sounds] No specific game detected
L 03/23/2018 - 17:36:01: [security_entity_limit.smx] Security Entity Limit [SEL] Activate!
L 03/23/2018 - 17:36:01: [security_entity_limit.smx] [SEL]Current version: 0.5.4
Plugin made by Benoist3012!
L 03/23/2018 - 17:36:12: [security_entity_limit.smx] [SEL] 434 entities have been protected from deleting.This map contain 1614 free entity slot!
L 03/23/2018 - 19:29:20: [saysounds.smx] [Say Sounds] Disabled, Unhooking Events
L 03/23/2018 - 19:29:20: [autorecorder.smx] Recording to auto-20180323-192920-con_district402.dem
L 03/23/2018 - 20:02:44: [saysounds.smx] [Say Sounds] Enabled, Hooking Events
L 03/23/2018 - 20:02:44: [saysounds.smx] [Say Sounds] No specific game detected
L 03/23/2018 - 20:03:50: [SM] Changed map to "emp_shadows_attacks_fix"
L 03/23/2018 - 20:03:51: -------- Mapchange to emp_shadows_attacks_fix --------
L 03/23/2018 - 20:04:02: [security_entity_limit.smx] [SEL] 799 entities have been protected from deleting.This map contain 1249 free entity slot!
L 03/23/2018 - 20:30:47: [autorecorder.smx] Recording to auto-20180323-203047-emp_shadows_attacks_fix.dem
L 03/23/2018 - 20:36:46: [saysounds.smx] [Say Sounds] Disabled, Unhooking Events
L 03/23/2018 - 21:00:51: [saysounds.smx] [Say Sounds] Enabled, Hooking Events
L 03/23/2018 - 21:00:51: [saysounds.smx] [Say Sounds] No specific game detected
L 03/23/2018 - 21:02:36: [SM] Changed map to "emp_downfall_hce"
L 03/23/2018 - 21:02:36: -------- Mapchange to emp_downfall_hce --------
L 03/23/2018 - 21:02:40: [autorecorder.smx] Recording to auto-20180323-210240-emp_downfall_hce.dem
L 03/23/2018 - 21:02:47: [security_entity_limit.smx] [SEL] 166 entities have been protected from deleting.This map contain 1882 free entity slot!
L 03/23/2018 - 21:07:21: [saysounds.smx] [Say Sounds] Disabled, Unhooking Events
L 03/23/2018 - 22:11:10: [saysounds.smx] [Say Sounds] Enabled, Hooking Events
L 03/23/2018 - 22:11:10: [saysounds.smx] [Say Sounds] No specific game detected
L 03/23/2018 - 22:12:55: [SM] Changed map to "emp_vehicletraining_2013"
L 03/23/2018 - 22:12:56: -------- Mapchange to emp_vehicletraining_2013 --------
L 03/23/2018 - 22:12:58: [autorecorder.smx] Recording to auto-20180323-221258-emp_vehicletraining_2013.dem
L 03/23/2018 - 22:13:06: [security_entity_limit.smx] [SEL] 346 entities have been protected from deleting.This map contain 1702 free entity slot!
L 03/23/2018 - 22:14:24: [saysounds.smx] [Say Sounds] Disabled, Unhooking Events
L 03/23/2018 - 22:47:10: [saysounds.smx] [Say Sounds] Enabled, Hooking Events
L 03/23/2018 - 22:47:10: [saysounds.smx] [Say Sounds] No specific game detected
L 03/23/2018 - 22:48:15: [SM] Changed map to "emp_crossroads_towerless_hce"
L 03/23/2018 - 22:48:16: -------- Mapchange to emp_crossroads_towerless_hce --------
L 03/23/2018 - 22:48:21: [autorecorder.smx] Recording to auto-20180323-224821-emp_crossroads_towerless_hce.dem
L 03/23/2018 - 22:48:27: [security_entity_limit.smx] [SEL] 577 entities have been protected from deleting.This map contain 1471 free entity slot!
L 03/23/2018 - 22:53:28: [saysounds.smx] [Say Sounds] Disabled, Unhooking Events
