L 03/19/2018 - 00:01:42: SourceMod log file session started (file "L20180319.log") (Version "1.8.0.5912")
L 03/19/2018 - 00:01:42: [saysounds.smx] [Say Sounds] Disabled, Unhooking Events
L 03/19/2018 - 00:01:53: SourceMod log file session started (file "L20180319.log") (Version "1.8.0.5912")
L 03/19/2018 - 00:01:53: -------- Mapchange to con_district402 --------
L 03/19/2018 - 00:01:53: [saysounds.smx] [Say Sounds] No specific game detected
L 03/19/2018 - 00:01:53: [security_entity_limit.smx] Security Entity Limit [SEL] Activate!
L 03/19/2018 - 00:01:53: [security_entity_limit.smx] [SEL]Current version: 0.5.4
Plugin made by Benoist3012!
L 03/19/2018 - 00:02:04: [security_entity_limit.smx] [SEL] 434 entities have been protected from deleting.This map contain 1614 free entity slot!
L 03/19/2018 - 00:02:15: [autorecorder.smx] Recording to auto-20180319-000215-con_district402.dem
L 03/19/2018 - 00:03:12: [basecommands.smx] "Mr. X.<5><[U:1:27106968]><>" changed map to "emp_blah4_fix"
L 03/19/2018 - 00:03:15: [SM] Changed map to "emp_blah4_fix"
L 03/19/2018 - 00:03:16: -------- Mapchange to emp_blah4_fix --------
L 03/19/2018 - 00:03:20: [autorecorder.smx] Recording to auto-20180319-000320-emp_blah4_fix.dem
L 03/19/2018 - 00:03:26: [security_entity_limit.smx] [SEL] 283 entities have been protected from deleting.This map contain 1765 free entity slot!
L 03/19/2018 - 00:06:29: [saysounds.smx] [Say Sounds] Disabled, Unhooking Events
L 03/19/2018 - 00:30:53: [saysounds.smx] [Say Sounds] Enabled, Hooking Events
L 03/19/2018 - 00:30:53: [saysounds.smx] [Say Sounds] No specific game detected
L 03/19/2018 - 00:32:32: [SM] Changed map to "fun_ricochet_a4"
L 03/19/2018 - 00:32:32: -------- Mapchange to fun_ricochet_a4 --------
L 03/19/2018 - 00:32:42: [security_entity_limit.smx] [SEL] 176 entities have been protected from deleting.This map contain 1872 free entity slot!
L 03/19/2018 - 00:33:47: [saysounds.smx] [Say Sounds] Disabled, Unhooking Events
L 03/19/2018 - 00:33:47: [autorecorder.smx] Recording to auto-20180319-003347-fun_ricochet_a4.dem
L 03/19/2018 - 00:34:18: [saysounds.smx] [Say Sounds] Enabled, Hooking Events
L 03/19/2018 - 00:34:18: [saysounds.smx] [Say Sounds] No specific game detected
L 03/19/2018 - 00:34:53: [SM] Changed map to "con_glycencity"
L 03/19/2018 - 00:34:55: -------- Mapchange to con_glycencity --------
L 03/19/2018 - 00:35:05: [security_entity_limit.smx] [SEL] 637 entities have been protected from deleting.This map contain 1411 free entity slot!
L 03/19/2018 - 01:09:32: [SM] Changed map to "emp_crossroads_towerless_hce"
L 03/19/2018 - 01:09:33: -------- Mapchange to emp_crossroads_towerless_hce --------
L 03/19/2018 - 01:09:43: [security_entity_limit.smx] [SEL] 569 entities have been protected from deleting.This map contain 1479 free entity slot!
