L 05/26/2017 - 11:12:28: SourceMod log file session started (file "L20170526.log") (Version "1.8.0.5912")
L 05/26/2017 - 11:12:28: [SM] Changed map to "emp_beachfront_b2"
L 05/26/2017 - 11:12:28: -------- Mapchange to emp_beachfront_b2 --------
L 05/26/2017 - 11:12:38: [security_entity_limit.smx] [SEL] 163 entities have been protected from deleting.This map contain 1885 free entity slot!
L 05/26/2017 - 12:32:27: [SM] Changed map to "emp_crossroads"
L 05/26/2017 - 12:32:28: -------- Mapchange to emp_crossroads --------
L 05/26/2017 - 12:32:38: [security_entity_limit.smx] [SEL] 567 entities have been protected from deleting.This map contain 1481 free entity slot!
L 05/26/2017 - 18:04:21: [SM] Changed map to "emp_blah4"
L 05/26/2017 - 18:04:22: -------- Mapchange to emp_blah4 --------
L 05/26/2017 - 18:04:32: [security_entity_limit.smx] [SEL] 277 entities have been protected from deleting.This map contain 1771 free entity slot!
L 05/26/2017 - 18:05:06: [SM] Changed map to "emp_duststorm"
L 05/26/2017 - 18:05:07: -------- Mapchange to emp_duststorm --------
L 05/26/2017 - 18:05:17: [security_entity_limit.smx] [SEL] 215 entities have been protected from deleting.This map contain 1833 free entity slot!
L 05/26/2017 - 18:48:16: [SM] Changed map to "emp_vehicletraining_2013"
L 05/26/2017 - 18:48:17: -------- Mapchange to emp_vehicletraining_2013 --------
L 05/26/2017 - 18:48:27: [security_entity_limit.smx] [SEL] 354 entities have been protected from deleting.This map contain 1694 free entity slot!
L 05/26/2017 - 18:58:52: SourceMod log file session started (file "L20170526.log") (Version "1.8.0.5912")
L 05/26/2017 - 18:58:52: -------- Mapchange to con_district402 --------
L 05/26/2017 - 18:58:52: [security_entity_limit.smx] Security Entity Limit [SEL] Activate!
L 05/26/2017 - 18:58:52: [security_entity_limit.smx] [SEL]Current version: 0.5.4
Plugin made by Benoist3012!
L 05/26/2017 - 18:59:03: [security_entity_limit.smx] [SEL] 434 entities have been protected from deleting.This map contain 1614 free entity slot!
L 05/26/2017 - 19:01:04: [SM] Changed map to "emp_canyon"
L 05/26/2017 - 19:01:05: -------- Mapchange to emp_canyon --------
L 05/26/2017 - 19:01:15: [security_entity_limit.smx] [SEL] 258 entities have been protected from deleting.This map contain 1790 free entity slot!
