L 09/08/2018 - 00:19:06: SourceMod log file session started (file "L20180908.log") (Version "1.8.0.5912")
L 09/08/2018 - 00:19:06: [saysounds.smx] [Say Sounds] Disabled, Unhooking Events
L 09/08/2018 - 00:19:06: [autorecorder.smx] Recording to auto-20180908-001906-con_blast_ob2.dem
L 09/08/2018 - 00:34:28: [saysounds.smx] [Say Sounds] Enabled, Hooking Events
L 09/08/2018 - 00:34:28: [saysounds.smx] [Say Sounds] No specific game detected
L 09/08/2018 - 00:35:03: [SM] Changed map to "fun_ricochet_a4"
L 09/08/2018 - 00:35:03: -------- Mapchange to fun_ricochet_a4 --------
L 09/08/2018 - 00:35:13: [security_entity_limit.smx] [SEL] 174 entities have been protected from deleting.This map contain 1874 free entity slot!
L 09/08/2018 - 01:34:12: [saysounds.smx] [Say Sounds] Disabled, Unhooking Events
L 09/08/2018 - 01:34:12: [autorecorder.smx] Recording to auto-20180908-013412-fun_ricochet_a4.dem
L 09/08/2018 - 01:34:51: [saysounds.smx] [Say Sounds] Enabled, Hooking Events
L 09/08/2018 - 01:34:51: [saysounds.smx] [Say Sounds] No specific game detected
L 09/08/2018 - 01:35:26: [SM] Changed map to "emp_drygulch_a7"
L 09/08/2018 - 01:35:27: -------- Mapchange to emp_drygulch_a7 --------
L 09/08/2018 - 01:35:37: [security_entity_limit.smx] [SEL] 167 entities have been protected from deleting.This map contain 1881 free entity slot!
L 09/08/2018 - 02:48:05: [saysounds.smx] [Say Sounds] Disabled, Unhooking Events
L 09/08/2018 - 02:48:05: [autorecorder.smx] Recording to auto-20180908-024805-emp_drygulch_a7.dem
L 09/08/2018 - 03:03:36: [saysounds.smx] [Say Sounds] Enabled, Hooking Events
L 09/08/2018 - 03:03:36: [saysounds.smx] [Say Sounds] No specific game detected
L 09/08/2018 - 03:04:11: [SM] Changed map to "emp_crossroads_towerless_hce"
L 09/08/2018 - 03:04:12: -------- Mapchange to emp_crossroads_towerless_hce --------
L 09/08/2018 - 03:04:23: [security_entity_limit.smx] [SEL] 569 entities have been protected from deleting.This map contain 1479 free entity slot!
L 09/08/2018 - 13:13:17: [saysounds.smx] [Say Sounds] Disabled, Unhooking Events
L 09/08/2018 - 13:13:17: [autorecorder.smx] Recording to auto-20180908-131317-emp_crossroads_towerless_hce.dem
L 09/08/2018 - 16:12:36: [basecommands.smx] "Mikleo<55><[U:1:376259319]><>" changed map to "emp_crossroads_towerless_hce"
L 09/08/2018 - 16:12:39: [SM] Changed map to "emp_crossroads_towerless_hce"
L 09/08/2018 - 16:12:40: -------- Mapchange to emp_crossroads_towerless_hce --------
L 09/08/2018 - 16:12:40: [saysounds.smx] [Say Sounds] Enabled, Hooking Events
L 09/08/2018 - 16:12:40: [saysounds.smx] [Say Sounds] No specific game detected
L 09/08/2018 - 16:12:51: [security_entity_limit.smx] [SEL] 571 entities have been protected from deleting.This map contain 1477 free entity slot!
L 09/08/2018 - 16:13:08: [saysounds.smx] [Say Sounds] Disabled, Unhooking Events
L 09/08/2018 - 16:13:08: [autorecorder.smx] Recording to auto-20180908-161308-emp_crossroads_towerless_hce.dem
L 09/08/2018 - 16:13:27: [basecommands.smx] "Mikleo<55><[U:1:376259319]><>" changed map to "emp_crossroads_towerless_hce"
L 09/08/2018 - 16:13:30: [SM] Changed map to "emp_crossroads_towerless_hce"
L 09/08/2018 - 16:13:31: -------- Mapchange to emp_crossroads_towerless_hce --------
L 09/08/2018 - 16:13:31: [saysounds.smx] [Say Sounds] Enabled, Hooking Events
L 09/08/2018 - 16:13:31: [saysounds.smx] [Say Sounds] No specific game detected
L 09/08/2018 - 16:13:41: [security_entity_limit.smx] [SEL] 571 entities have been protected from deleting.This map contain 1477 free entity slot!
L 09/08/2018 - 16:14:13: [saysounds.smx] [Say Sounds] Disabled, Unhooking Events
L 09/08/2018 - 16:14:13: [autorecorder.smx] Recording to auto-20180908-161413-emp_crossroads_towerless_hce.dem
L 09/08/2018 - 16:23:52: [basecommands.smx] "Mikleo<55><[U:1:376259319]><>" changed map to "emp_crossroads_towerless_hce"
L 09/08/2018 - 16:23:55: [SM] Changed map to "emp_crossroads_towerless_hce"
L 09/08/2018 - 16:23:56: -------- Mapchange to emp_crossroads_towerless_hce --------
L 09/08/2018 - 16:23:56: [saysounds.smx] [Say Sounds] Enabled, Hooking Events
L 09/08/2018 - 16:23:56: [saysounds.smx] [Say Sounds] No specific game detected
L 09/08/2018 - 16:24:06: [security_entity_limit.smx] [SEL] 571 entities have been protected from deleting.This map contain 1477 free entity slot!
L 09/08/2018 - 16:25:35: [saysounds.smx] [Say Sounds] Disabled, Unhooking Events
L 09/08/2018 - 16:25:35: [autorecorder.smx] Recording to auto-20180908-162535-emp_crossroads_towerless_hce.dem
L 09/08/2018 - 17:10:25: [basechat.smx] "Mr. X.<56><[U:1:27106968]><>" triggered sm_hsay (text test)
L 09/08/2018 - 17:10:45: [basechat.smx] "Mr. X.<56><[U:1:27106968]><>" triggered sm_hsay (text test)
L 09/08/2018 - 17:13:53: [basechat.smx] "Console<0><Console><Console>" triggered sm_hsay (text test)
L 09/08/2018 - 18:58:38: [saysounds.smx] [Say Sounds] Enabled, Hooking Events
L 09/08/2018 - 18:58:38: [saysounds.smx] [Say Sounds] No specific game detected
L 09/08/2018 - 18:59:44: [SM] Changed map to "emp_downfall_hce"
L 09/08/2018 - 18:59:44: -------- Mapchange to emp_downfall_hce --------
L 09/08/2018 - 18:59:51: [autorecorder.smx] Recording to auto-20180908-185951-emp_downfall_hce.dem
L 09/08/2018 - 18:59:54: [security_entity_limit.smx] [SEL] 162 entities have been protected from deleting.This map contain 1886 free entity slot!
L 09/08/2018 - 19:03:11: [saysounds.smx] [Say Sounds] Disabled, Unhooking Events
L 09/08/2018 - 19:52:08: [saysounds.smx] [Say Sounds] Enabled, Hooking Events
L 09/08/2018 - 19:52:08: [saysounds.smx] [Say Sounds] No specific game detected
L 09/08/2018 - 19:53:13: [SM] Changed map to "con_district402"
L 09/08/2018 - 19:53:14: -------- Mapchange to con_district402 --------
L 09/08/2018 - 19:53:24: [security_entity_limit.smx] [SEL] 434 entities have been protected from deleting.This map contain 1614 free entity slot!
L 09/08/2018 - 19:57:55: [saysounds.smx] [Say Sounds] Disabled, Unhooking Events
L 09/08/2018 - 19:57:56: [autorecorder.smx] Recording to auto-20180908-195756-con_district402.dem
L 09/08/2018 - 20:04:21: [saysounds.smx] [Say Sounds] Enabled, Hooking Events
L 09/08/2018 - 20:04:21: [saysounds.smx] [Say Sounds] No specific game detected
L 09/08/2018 - 20:05:27: [SM] Changed map to "con_blast_ob2"
L 09/08/2018 - 20:05:27: -------- Mapchange to con_blast_ob2 --------
L 09/08/2018 - 20:05:37: [security_entity_limit.smx] [SEL] 663 entities have been protected from deleting.This map contain 1385 free entity slot!
L 09/08/2018 - 20:05:39: [autorecorder.smx] Recording to auto-20180908-200539-con_blast_ob2.dem
L 09/08/2018 - 20:06:55: [saysounds.smx] [Say Sounds] Disabled, Unhooking Events
L 09/08/2018 - 20:22:08: [saysounds.smx] [Say Sounds] Enabled, Hooking Events
L 09/08/2018 - 20:22:08: [saysounds.smx] [Say Sounds] No specific game detected
L 09/08/2018 - 20:23:14: [SM] Changed map to "emp_nuclear_b8u_xfix"
L 09/08/2018 - 20:23:14: -------- Mapchange to emp_nuclear_b8u_xfix --------
L 09/08/2018 - 20:23:25: [security_entity_limit.smx] [SEL] 993 entities have been protected from deleting.This map contain 1055 free entity slot!
L 09/08/2018 - 20:23:33: [autorecorder.smx] Recording to auto-20180908-202333-emp_nuclear_b8u_xfix.dem
L 09/08/2018 - 20:24:48: [saysounds.smx] [Say Sounds] Disabled, Unhooking Events
L 09/08/2018 - 21:01:41: [saysounds.smx] [Say Sounds] Enabled, Hooking Events
L 09/08/2018 - 21:01:41: [saysounds.smx] [Say Sounds] No specific game detected
L 09/08/2018 - 21:03:26: [SM] Changed map to "emp_flat_hce"
L 09/08/2018 - 21:03:26: -------- Mapchange to emp_flat_hce --------
L 09/08/2018 - 21:03:30: [autorecorder.smx] Recording to auto-20180908-210330-emp_flat_hce.dem
L 09/08/2018 - 21:03:37: [security_entity_limit.smx] [SEL] 276 entities have been protected from deleting.This map contain 1772 free entity slot!
L 09/08/2018 - 21:20:08: [saysounds.smx] [Say Sounds] Enabled, Hooking Events
L 09/08/2018 - 21:20:08: [saysounds.smx] [Say Sounds] No specific game detected
L 09/08/2018 - 21:21:53: [SM] Changed map to "emp_midbridge_hce"
L 09/08/2018 - 21:21:54: -------- Mapchange to emp_midbridge_hce --------
L 09/08/2018 - 21:21:55: [autorecorder.smx] Recording to auto-20180908-212155-emp_midbridge_hce.dem
L 09/08/2018 - 21:22:04: [security_entity_limit.smx] [SEL] 590 entities have been protected from deleting.This map contain 1458 free entity slot!
L 09/08/2018 - 22:15:04: SourceMod log file session started (file "L20180908.log") (Version "1.8.0.5912")
L 09/08/2018 - 22:15:04: -------- Mapchange to con_district402 --------
L 09/08/2018 - 22:15:04: [saysounds.smx] [Say Sounds] No specific game detected
L 09/08/2018 - 22:15:04: [security_entity_limit.smx] Security Entity Limit [SEL] Activate!
L 09/08/2018 - 22:15:04: [security_entity_limit.smx] [SEL]Current version: 0.5.4
Plugin made by Benoist3012!
L 09/08/2018 - 22:15:15: [security_entity_limit.smx] [SEL] 436 entities have been protected from deleting.This map contain 1612 free entity slot!
L 09/08/2018 - 22:15:18: [autorecorder.smx] Recording to auto-20180908-221518-con_district402.dem
L 09/08/2018 - 22:16:37: [saysounds.smx] [Say Sounds] Disabled, Unhooking Events
L 09/08/2018 - 22:21:25: [basechat.smx] "Mr. X.<3><[U:1:27106968]><>" triggered sm_say (text die faster!)
L 09/08/2018 - 22:21:59: [saysounds.smx] [Say Sounds] Enabled, Hooking Events
L 09/08/2018 - 22:21:59: [saysounds.smx] [Say Sounds] No specific game detected
L 09/08/2018 - 22:23:43: [SM] Changed map to "emp_raiders_b1"
L 09/08/2018 - 22:23:44: -------- Mapchange to emp_raiders_b1 --------
L 09/08/2018 - 22:23:49: [autorecorder.smx] Recording to auto-20180908-222349-emp_raiders_b1.dem
L 09/08/2018 - 22:23:55: [security_entity_limit.smx] [SEL] 318 entities have been protected from deleting.This map contain 1730 free entity slot!
L 09/08/2018 - 22:24:46: [basechat.smx] "Mr. X.<3><[U:1:27106968]><>" triggered sm_say (text nobody)
L 09/08/2018 - 22:24:51: [basechat.smx] "Mr. X.<3><[U:1:27106968]><>" triggered sm_say (text not captain drafting)
L 09/08/2018 - 22:24:55: [basechat.smx] "Mr. X.<3><[U:1:27106968]><>" triggered sm_say (text I'm too lazy to baby sit)
L 09/08/2018 - 22:46:08: [saysounds.smx] [Say Sounds] Enabled, Hooking Events
L 09/08/2018 - 22:46:08: [saysounds.smx] [Say Sounds] No specific game detected
L 09/08/2018 - 22:47:14: [SM] Changed map to "emp_tropicvendetta_rc4"
L 09/08/2018 - 22:47:15: -------- Mapchange to emp_tropicvendetta_rc4 --------
L 09/08/2018 - 22:47:16: [autorecorder.smx] Recording to auto-20180908-224716-emp_tropicvendetta_rc4.dem
L 09/08/2018 - 22:47:25: [security_entity_limit.smx] [SEL] 449 entities have been protected from deleting.This map contain 1599 free entity slot!
L 09/08/2018 - 22:47:55: [basecommands.smx] "Mikleo<11><[U:1:376259319]><>" changed cvar (cvar "dp_music") (value "0")
L 09/08/2018 - 22:55:28: [basecommands.smx] "Mr. X.<3><[U:1:27106968]><>" kicked "V1RU58E9<35><[U:1:247428675]><>" (reason "")
L 09/08/2018 - 23:06:28: [saysounds.smx] [Say Sounds] Enabled, Hooking Events
L 09/08/2018 - 23:06:28: [saysounds.smx] [Say Sounds] No specific game detected
L 09/08/2018 - 23:08:13: [SM] Changed map to "emp_ward_rc2"
L 09/08/2018 - 23:08:13: -------- Mapchange to emp_ward_rc2 --------
L 09/08/2018 - 23:08:15: [autorecorder.smx] Recording to auto-20180908-230815-emp_ward_rc2.dem
L 09/08/2018 - 23:08:24: [security_entity_limit.smx] [SEL] 298 entities have been protected from deleting.This map contain 1750 free entity slot!
L 09/08/2018 - 23:08:50: [basecommands.smx] "Mikleo<11><[U:1:376259319]><>" changed cvar (cvar "dp_music") (value "0")
L 09/08/2018 - 23:40:22: [saysounds.smx] [Say Sounds] Enabled, Hooking Events
L 09/08/2018 - 23:40:22: [saysounds.smx] [Say Sounds] No specific game detected
L 09/08/2018 - 23:42:06: [SM] Changed map to "emp_king_r5_nosplt"
L 09/08/2018 - 23:42:07: -------- Mapchange to emp_king_r5_nosplt --------
L 09/08/2018 - 23:42:09: [autorecorder.smx] Recording to auto-20180908-234209-emp_king_r5_nosplt.dem
L 09/08/2018 - 23:42:18: [security_entity_limit.smx] [SEL] 592 entities have been protected from deleting.This map contain 1456 free entity slot!
L 09/08/2018 - 23:49:49: [playercommands.smx] "Spyer<41><[U:1:34143605]><>" slapped "Spyer<41><[U:1:34143605]><>" (damage "0")
L 09/08/2018 - 23:49:50: [playercommands.smx] "Spyer<41><[U:1:34143605]><>" slapped "FMI<8><[U:1:37995749]><>" (damage "0")
