L 03/04/2018 - 00:13:04: SourceMod log file session started (file "L20180304.log") (Version "1.8.0.5912")
L 03/04/2018 - 00:13:04: [saysounds.smx] [Say Sounds] Enabled, Hooking Events
L 03/04/2018 - 00:13:04: [saysounds.smx] [Say Sounds] No specific game detected
L 03/04/2018 - 00:14:48: [SM] Changed map to "emp_insurrection_rc4"
L 03/04/2018 - 00:14:51: -------- Mapchange to emp_insurrection_rc4 --------
L 03/04/2018 - 00:14:58: [autorecorder.smx] Recording to auto-20180304-001458-emp_insurrection_rc4.dem
L 03/04/2018 - 00:15:01: [security_entity_limit.smx] [SEL] 331 entities have been protected from deleting.This map contain 1717 free entity slot!
L 03/04/2018 - 00:56:41: [saysounds.smx] [Say Sounds] Enabled, Hooking Events
L 03/04/2018 - 00:56:41: [saysounds.smx] [Say Sounds] No specific game detected
L 03/04/2018 - 00:58:26: [SM] Changed map to "emp_mvalley_fix"
L 03/04/2018 - 00:58:26: -------- Mapchange to emp_mvalley_fix --------
L 03/04/2018 - 00:58:27: [autorecorder.smx] Recording to auto-20180304-005827-emp_mvalley_fix.dem
L 03/04/2018 - 00:58:36: [security_entity_limit.smx] [SEL] 349 entities have been protected from deleting.This map contain 1699 free entity slot!
L 03/04/2018 - 01:17:53: [playercommands.smx] "Mr. X.<4><[U:1:27106968]><>" slayed "angelmfonseca_<185><[U:1:380780628]><>"
L 03/04/2018 - 01:35:08: [saysounds.smx] [Say Sounds] Enabled, Hooking Events
L 03/04/2018 - 01:35:08: [saysounds.smx] [Say Sounds] No specific game detected
L 03/04/2018 - 01:36:52: [SM] Changed map to "emp_canyon"
L 03/04/2018 - 01:36:53: -------- Mapchange to emp_canyon --------
L 03/04/2018 - 01:36:53: [autorecorder.smx] Recording to auto-20180304-013653-emp_canyon.dem
L 03/04/2018 - 01:37:03: [security_entity_limit.smx] [SEL] 290 entities have been protected from deleting.This map contain 1758 free entity slot!
L 03/04/2018 - 16:18:17: SourceMod log file session started (file "L20180304.log") (Version "1.8.0.5912")
L 03/04/2018 - 16:18:17: -------- Mapchange to con_district402 --------
L 03/04/2018 - 16:18:17: [saysounds.smx] [Say Sounds] No specific game detected
L 03/04/2018 - 16:18:17: [security_entity_limit.smx] Security Entity Limit [SEL] Activate!
L 03/04/2018 - 16:18:17: [security_entity_limit.smx] [SEL]Current version: 0.5.4
Plugin made by Benoist3012!
L 03/04/2018 - 16:18:28: [security_entity_limit.smx] [SEL] 434 entities have been protected from deleting.This map contain 1614 free entity slot!
L 03/04/2018 - 16:25:11: SourceMod log file session started (file "L20180304.log") (Version "1.8.0.5912")
L 03/04/2018 - 16:25:11: -------- Mapchange to con_district402 --------
L 03/04/2018 - 16:25:11: [saysounds.smx] [Say Sounds] No specific game detected
L 03/04/2018 - 16:25:11: [security_entity_limit.smx] Security Entity Limit [SEL] Activate!
L 03/04/2018 - 16:25:11: [security_entity_limit.smx] [SEL]Current version: 0.5.4
Plugin made by Benoist3012!
L 03/04/2018 - 16:25:22: [security_entity_limit.smx] [SEL] 434 entities have been protected from deleting.This map contain 1614 free entity slot!
L 03/04/2018 - 17:32:25: [saysounds.smx] [Say Sounds] Disabled, Unhooking Events
L 03/04/2018 - 17:32:25: [autorecorder.smx] Recording to auto-20180304-173225-con_district402.dem
L 03/04/2018 - 18:06:24: [saysounds.smx] [Say Sounds] Enabled, Hooking Events
L 03/04/2018 - 18:06:24: [saysounds.smx] [Say Sounds] No specific game detected
L 03/04/2018 - 18:07:29: [SM] Changed map to "con_urbanchaos_comm_b2"
L 03/04/2018 - 18:07:31: -------- Mapchange to con_urbanchaos_comm_b2 --------
L 03/04/2018 - 18:07:39: [autorecorder.smx] Recording to auto-20180304-180739-con_urbanchaos_comm_b2.dem
L 03/04/2018 - 18:07:41: [security_entity_limit.smx] [SEL] 659 entities have been protected from deleting.This map contain 1389 free entity slot!
L 03/04/2018 - 18:09:13: [saysounds.smx] [Say Sounds] Disabled, Unhooking Events
L 03/04/2018 - 18:10:57: [basecommands.smx] "Mr. X.<3><[U:1:27106968]><>" console command (cmdline "emp_allowspectators 1")
L 03/04/2018 - 18:10:57: [basecommands.smx] "Mr. X.<3><[U:1:27106968]><>" console command (cmdline "emp_allowspectators 0")
L 03/04/2018 - 18:15:21: [saysounds.smx] [Say Sounds] Enabled, Hooking Events
L 03/04/2018 - 18:15:21: [saysounds.smx] [Say Sounds] No specific game detected
L 03/04/2018 - 18:17:05: [SM] Changed map to "emp_downfall_hce"
L 03/04/2018 - 18:17:06: -------- Mapchange to emp_downfall_hce --------
L 03/04/2018 - 18:17:09: [autorecorder.smx] Recording to auto-20180304-181709-emp_downfall_hce.dem
L 03/04/2018 - 18:17:16: [security_entity_limit.smx] [SEL] 162 entities have been protected from deleting.This map contain 1886 free entity slot!
L 03/04/2018 - 18:19:09: [saysounds.smx] [Say Sounds] Disabled, Unhooking Events
L 03/04/2018 - 18:33:51: [basecommands.smx] "Mr. X.<3><[U:1:27106968]><>" console command (cmdline "emp_allowspectators 1")
L 03/04/2018 - 18:33:51: [basecommands.smx] "Mr. X.<3><[U:1:27106968]><>" console command (cmdline "emp_allowspectators 0")
L 03/04/2018 - 19:23:16: [saysounds.smx] [Say Sounds] Enabled, Hooking Events
L 03/04/2018 - 19:23:16: [saysounds.smx] [Say Sounds] No specific game detected
L 03/04/2018 - 19:25:00: [SM] Changed map to "emp_crossroads_towerless_hce"
L 03/04/2018 - 19:25:01: -------- Mapchange to emp_crossroads_towerless_hce --------
L 03/04/2018 - 19:25:05: [autorecorder.smx] Recording to auto-20180304-192505-emp_crossroads_towerless_hce.dem
L 03/04/2018 - 19:25:11: [security_entity_limit.smx] [SEL] 571 entities have been protected from deleting.This map contain 1477 free entity slot!
L 03/04/2018 - 19:27:34: [saysounds.smx] [Say Sounds] Disabled, Unhooking Events
L 03/04/2018 - 19:38:55: [saysounds.smx] [Say Sounds] Enabled, Hooking Events
L 03/04/2018 - 19:38:55: [saysounds.smx] [Say Sounds] No specific game detected
L 03/04/2018 - 19:40:00: [SM] Changed map to "emp_drygulch_a6"
L 03/04/2018 - 19:40:01: -------- Mapchange to emp_drygulch_a6 --------
L 03/04/2018 - 19:40:04: [autorecorder.smx] Recording to auto-20180304-194004-emp_drygulch_a6.dem
L 03/04/2018 - 19:40:11: [security_entity_limit.smx] [SEL] 191 entities have been protected from deleting.This map contain 1857 free entity slot!
L 03/04/2018 - 19:42:40: [saysounds.smx] [Say Sounds] Disabled, Unhooking Events
L 03/04/2018 - 19:53:24: [saysounds.smx] [Say Sounds] Enabled, Hooking Events
L 03/04/2018 - 19:53:24: [saysounds.smx] [Say Sounds] No specific game detected
L 03/04/2018 - 19:55:09: [SM] Changed map to "emp_beachfront_b2_hce"
L 03/04/2018 - 19:55:09: -------- Mapchange to emp_beachfront_b2_hce --------
L 03/04/2018 - 19:55:19: [security_entity_limit.smx] [SEL] 165 entities have been protected from deleting.This map contain 1883 free entity slot!
L 03/04/2018 - 19:57:15: [saysounds.smx] [Say Sounds] Disabled, Unhooking Events
L 03/04/2018 - 19:57:15: [autorecorder.smx] Recording to auto-20180304-195715-emp_beachfront_b2_hce.dem
L 03/04/2018 - 20:02:14: [saysounds.smx] [Say Sounds] Enabled, Hooking Events
L 03/04/2018 - 20:02:14: [saysounds.smx] [Say Sounds] No specific game detected
L 03/04/2018 - 20:03:20: [SM] Changed map to "emp_fogtown_cl2_fix"
L 03/04/2018 - 20:03:21: -------- Mapchange to emp_fogtown_cl2_fix --------
L 03/04/2018 - 20:03:27: [autorecorder.smx] Recording to auto-20180304-200327-emp_fogtown_cl2_fix.dem
L 03/04/2018 - 20:03:31: [security_entity_limit.smx] [SEL] 953 entities have been protected from deleting.This map contain 1095 free entity slot!
L 03/04/2018 - 20:06:39: [saysounds.smx] [Say Sounds] Disabled, Unhooking Events
L 03/04/2018 - 20:56:30: [saysounds.smx] [Say Sounds] Enabled, Hooking Events
L 03/04/2018 - 20:56:30: [saysounds.smx] [Say Sounds] No specific game detected
L 03/04/2018 - 20:57:36: [SM] Changed map to "emp_vehicletraining_2013"
L 03/04/2018 - 20:57:36: -------- Mapchange to emp_vehicletraining_2013 --------
L 03/04/2018 - 20:57:40: [autorecorder.smx] Recording to auto-20180304-205740-emp_vehicletraining_2013.dem
L 03/04/2018 - 20:57:47: [security_entity_limit.smx] [SEL] 346 entities have been protected from deleting.This map contain 1702 free entity slot!
L 03/04/2018 - 20:58:48: [saysounds.smx] [Say Sounds] Disabled, Unhooking Events
L 03/04/2018 - 21:09:46: [saysounds.smx] [Say Sounds] Enabled, Hooking Events
L 03/04/2018 - 21:09:46: [saysounds.smx] [Say Sounds] No specific game detected
L 03/04/2018 - 21:11:30: [SM] Changed map to "emp_crossroads_towerless_hce"
L 03/04/2018 - 21:11:31: -------- Mapchange to emp_crossroads_towerless_hce --------
L 03/04/2018 - 21:11:35: [autorecorder.smx] Recording to auto-20180304-211135-emp_crossroads_towerless_hce.dem
L 03/04/2018 - 21:11:41: [security_entity_limit.smx] [SEL] 579 entities have been protected from deleting.This map contain 1469 free entity slot!
L 03/04/2018 - 21:14:14: [saysounds.smx] [Say Sounds] Disabled, Unhooking Events
L 03/04/2018 - 21:14:14: [basechat.smx] "Mr. X.<35><[U:1:27106968]><>" triggered sm_say (text all refs are x2)
L 03/04/2018 - 21:43:29: [saysounds.smx] [Say Sounds] Enabled, Hooking Events
L 03/04/2018 - 21:43:29: [saysounds.smx] [Say Sounds] No specific game detected
L 03/04/2018 - 21:45:14: [SM] Changed map to "emp_temple_b3f"
L 03/04/2018 - 21:45:14: -------- Mapchange to emp_temple_b3f --------
L 03/04/2018 - 21:45:17: [autorecorder.smx] Recording to auto-20180304-214517-emp_temple_b3f.dem
L 03/04/2018 - 21:45:25: [security_entity_limit.smx] [SEL] 235 entities have been protected from deleting.This map contain 1813 free entity slot!
L 03/04/2018 - 21:49:23: [saysounds.smx] [Say Sounds] Disabled, Unhooking Events
L 03/04/2018 - 21:50:34: [basecommands.smx] "Mr. X.<35><[U:1:27106968]><>" console command (cmdline "emp_allowspectators 1")
L 03/04/2018 - 21:50:35: [basecommands.smx] "Mr. X.<35><[U:1:27106968]><>" console command (cmdline "emp_allowspectators 0")
L 03/04/2018 - 21:50:43: [basechat.smx] "Mr. X.<35><[U:1:27106968]><>" triggered sm_say (text who did you vote)
L 03/04/2018 - 21:50:47: [basechat.smx] "Mr. X.<35><[U:1:27106968]><>" triggered sm_say (text you idiots)
L 03/04/2018 - 22:00:57: [basecommands.smx] "Mr. X.<35><[U:1:27106968]><>" kicked "Jackson fox<53><[U:1:154074066]><>" (reason "")
L 03/04/2018 - 22:36:01: [saysounds.smx] [Say Sounds] Enabled, Hooking Events
L 03/04/2018 - 22:36:01: [saysounds.smx] [Say Sounds] No specific game detected
L 03/04/2018 - 22:36:58: [playercommands.smx] "Mr. X.<35><[U:1:27106968]><>" slayed "Jackson fox<59><[U:1:154074066]><>"
L 03/04/2018 - 22:37:06: [basechat.smx] "Mr. X.<35><[U:1:27106968]><>" triggered sm_say (text shut up idiot)
L 03/04/2018 - 22:37:45: [SM] Changed map to "emp_snowbound_cl6_hce"
L 03/04/2018 - 22:37:46: -------- Mapchange to emp_snowbound_cl6_hce --------
L 03/04/2018 - 22:37:49: [autorecorder.smx] Recording to auto-20180304-223749-emp_snowbound_cl6_hce.dem
L 03/04/2018 - 22:37:56: [security_entity_limit.smx] [SEL] 528 entities have been protected from deleting.This map contain 1520 free entity slot!
L 03/04/2018 - 22:42:47: [saysounds.smx] [Say Sounds] Disabled, Unhooking Events
L 03/04/2018 - 22:44:49: [SM] Changed map to "emp_massacred_rc1"
L 03/04/2018 - 22:44:53: -------- Mapchange to emp_massacred_rc1 --------
L 03/04/2018 - 22:44:53: [saysounds.smx] [Say Sounds] Enabled, Hooking Events
L 03/04/2018 - 22:44:53: [saysounds.smx] [Say Sounds] No specific game detected
L 03/04/2018 - 22:45:02: [autorecorder.smx] Recording to auto-20180304-224502-emp_massacred_rc1.dem
L 03/04/2018 - 22:45:03: [security_entity_limit.smx] [SEL] 355 entities have been protected from deleting.This map contain 1693 free entity slot!
L 03/04/2018 - 22:48:17: [basecommands.smx] "Mr. X.<35><[U:1:27106968]><>" changed map to "fun_ricochet_a4"
L 03/04/2018 - 22:48:20: [SM] Changed map to "fun_ricochet_a4"
L 03/04/2018 - 22:48:21: -------- Mapchange to fun_ricochet_a4 --------
L 03/04/2018 - 22:48:22: [autorecorder.smx] Recording to auto-20180304-224822-fun_ricochet_a4.dem
L 03/04/2018 - 22:48:31: [security_entity_limit.smx] [SEL] 188 entities have been protected from deleting.This map contain 1860 free entity slot!
L 03/04/2018 - 22:48:58: [saysounds.smx] [Say Sounds] Disabled, Unhooking Events
L 03/04/2018 - 22:56:26: [saysounds.smx] [Say Sounds] Enabled, Hooking Events
L 03/04/2018 - 22:56:26: [saysounds.smx] [Say Sounds] No specific game detected
L 03/04/2018 - 22:57:32: [SM] Changed map to "con_blast_ob2"
L 03/04/2018 - 22:57:33: -------- Mapchange to con_blast_ob2 --------
L 03/04/2018 - 22:57:43: [security_entity_limit.smx] [SEL] 663 entities have been protected from deleting.This map contain 1385 free entity slot!
