L 06/18/2018 - 00:05:26: SourceMod log file session started (file "L20180618.log") (Version "1.8.0.5912")
L 06/18/2018 - 00:05:26: [saysounds.smx] [Say Sounds] Disabled, Unhooking Events
L 06/18/2018 - 00:09:42: [basecommands.smx] "Mr. X.<3><[U:1:27106968]><>" console command (cmdline "emp_allowspectators 1")
L 06/18/2018 - 00:09:42: [basecommands.smx] "Mr. X.<3><[U:1:27106968]><>" console command (cmdline "emp_allowspectators 0")
L 06/18/2018 - 00:34:17: [saysounds.smx] [Say Sounds] Enabled, Hooking Events
L 06/18/2018 - 00:34:17: [saysounds.smx] [Say Sounds] No specific game detected
L 06/18/2018 - 00:36:01: [SM] Changed map to "emp_palmbay_fix"
L 06/18/2018 - 00:36:07: -------- Mapchange to emp_palmbay_fix --------
L 06/18/2018 - 00:36:08: [autorecorder.smx] Recording to auto-20180618-003608-emp_palmbay_fix.dem
L 06/18/2018 - 00:36:17: [security_entity_limit.smx] [SEL] 247 entities have been protected from deleting.This map contain 1801 free entity slot!
L 06/18/2018 - 00:39:54: [basecommands.smx] "Mr. X.<3><[U:1:27106968]><>" console command (cmdline "sm plugins unload saysounds.smx")
L 06/18/2018 - 01:17:54: [playercommands.smx] "Spyer<6><[U:1:34143605]><>" slapped "Grave<7><[U:1:34977414]><>" (damage "0")
L 06/18/2018 - 01:17:55: [playercommands.smx] "Spyer<6><[U:1:34143605]><>" slapped "Grave<7><[U:1:34977414]><>" (damage "0")
L 06/18/2018 - 01:17:55: [playercommands.smx] "Spyer<6><[U:1:34143605]><>" slapped "Grave<7><[U:1:34977414]><>" (damage "0")
L 06/18/2018 - 01:17:55: [playercommands.smx] "Spyer<6><[U:1:34143605]><>" slapped "Grave<7><[U:1:34977414]><>" (damage "0")
L 06/18/2018 - 01:17:55: [playercommands.smx] "Spyer<6><[U:1:34143605]><>" slapped "Grave<7><[U:1:34977414]><>" (damage "0")
L 06/18/2018 - 01:17:56: [playercommands.smx] "Spyer<6><[U:1:34143605]><>" slapped "Grave<7><[U:1:34977414]><>" (damage "0")
L 06/18/2018 - 01:17:56: [playercommands.smx] "Spyer<6><[U:1:34143605]><>" slapped "Grave<7><[U:1:34977414]><>" (damage "0")
L 06/18/2018 - 01:17:56: [playercommands.smx] "Spyer<6><[U:1:34143605]><>" slapped "Grave<7><[U:1:34977414]><>" (damage "0")
L 06/18/2018 - 01:17:56: [playercommands.smx] "Spyer<6><[U:1:34143605]><>" slapped "Grave<7><[U:1:34977414]><>" (damage "0")
L 06/18/2018 - 01:17:56: [playercommands.smx] "Spyer<6><[U:1:34143605]><>" slapped "Grave<7><[U:1:34977414]><>" (damage "0")
L 06/18/2018 - 01:21:34: [saysounds.smx] [Say Sounds] Enabled, Hooking Events
L 06/18/2018 - 01:21:34: [saysounds.smx] [Say Sounds] No specific game detected
L 06/18/2018 - 01:23:19: [SM] Changed map to "emp_massacred_rc1_hce"
L 06/18/2018 - 01:23:28: -------- Mapchange to emp_massacred_rc1_hce --------
L 06/18/2018 - 01:23:29: [autorecorder.smx] Recording to auto-20180618-012329-emp_massacred_rc1_hce.dem
L 06/18/2018 - 01:23:38: [security_entity_limit.smx] [SEL] 352 entities have been protected from deleting.This map contain 1696 free entity slot!
L 06/18/2018 - 01:28:13: [SM] Changed map to "emp_streetsoffire_fix"
L 06/18/2018 - 01:28:14: -------- Mapchange to emp_streetsoffire_fix --------
L 06/18/2018 - 01:28:15: [autorecorder.smx] Recording to auto-20180618-012815-emp_streetsoffire_fix.dem
L 06/18/2018 - 01:28:24: [security_entity_limit.smx] [SEL] 566 entities have been protected from deleting.This map contain 1482 free entity slot!
L 06/18/2018 - 01:33:09: [saysounds.smx] [Say Sounds] Disabled, Unhooking Events
L 06/18/2018 - 01:41:27: [basecommands.smx] "Mr. X.<3><[U:1:27106968]><>" console command (cmdline "emp_allowspectators 1")
L 06/18/2018 - 01:41:27: [basecommands.smx] "Mr. X.<3><[U:1:27106968]><>" console command (cmdline "emp_allowspectators 0")
L 06/18/2018 - 01:58:50: [saysounds.smx] [Say Sounds] Enabled, Hooking Events
L 06/18/2018 - 01:58:50: [saysounds.smx] [Say Sounds] No specific game detected
L 06/18/2018 - 01:59:55: [SM] Changed map to "emp_crossroads_towerless_hce"
L 06/18/2018 - 01:59:57: -------- Mapchange to emp_crossroads_towerless_hce --------
L 06/18/2018 - 01:59:58: [autorecorder.smx] Recording to auto-20180618-015958-emp_crossroads_towerless_hce.dem
L 06/18/2018 - 02:00:07: [security_entity_limit.smx] [SEL] 574 entities have been protected from deleting.This map contain 1474 free entity slot!
L 06/18/2018 - 02:04:24: [saysounds.smx] [Say Sounds] Disabled, Unhooking Events
L 06/18/2018 - 02:52:31: [saysounds.smx] [Say Sounds] Enabled, Hooking Events
L 06/18/2018 - 02:52:31: [saysounds.smx] [Say Sounds] No specific game detected
L 06/18/2018 - 02:53:37: [SM] Changed map to "emp_shadows_attacks_fix"
L 06/18/2018 - 02:53:40: -------- Mapchange to emp_shadows_attacks_fix --------
L 06/18/2018 - 02:53:50: [security_entity_limit.smx] [SEL] 801 entities have been protected from deleting.This map contain 1247 free entity slot!
L 06/18/2018 - 02:55:41: [autorecorder.smx] Recording to auto-20180618-025541-emp_shadows_attacks_fix.dem
L 06/18/2018 - 03:31:29: [saysounds.smx] [Say Sounds] Disabled, Unhooking Events
L 06/18/2018 - 03:41:09: [saysounds.smx] [Say Sounds] Enabled, Hooking Events
L 06/18/2018 - 03:41:09: [saysounds.smx] [Say Sounds] No specific game detected
L 06/18/2018 - 03:42:15: [SM] Changed map to "emp_drygulch_a7"
L 06/18/2018 - 03:42:16: -------- Mapchange to emp_drygulch_a7 --------
L 06/18/2018 - 03:42:17: [autorecorder.smx] Recording to auto-20180618-034217-emp_drygulch_a7.dem
L 06/18/2018 - 03:42:26: [security_entity_limit.smx] [SEL] 172 entities have been protected from deleting.This map contain 1876 free entity slot!
L 06/18/2018 - 03:45:31: [saysounds.smx] [Say Sounds] Disabled, Unhooking Events
