L 08/12/2017 - 00:14:53: SourceMod log file session started (file "L20170812.log") (Version "1.8.0.5912")
L 08/12/2017 - 00:14:53: [SM] Changed map to "emp_duststorm"
L 08/12/2017 - 00:14:54: -------- Mapchange to emp_duststorm --------
L 08/12/2017 - 00:15:09: [security_entity_limit.smx] [SEL] 255 entities have been protected from deleting.This map contain 1793 free entity slot!
L 08/12/2017 - 00:31:23: [basecommands.smx] "Mr. X.<81><[U:1:27106968]><>" kicked "Blood-Wiper<90><[U:1:36056234]><>" (reason ""don't command ever again"")
L 08/12/2017 - 00:32:06: [sbpp_comms.smx] "Mr. X.<81><[U:1:27106968]><>" muted "Chief<108><[U:1:388003228]><>" (minutes "30") (reason "")
L 08/12/2017 - 00:32:57: [SM] Changed map to "emp_beachfront_b2"
L 08/12/2017 - 00:32:57: -------- Mapchange to emp_beachfront_b2 --------
L 08/12/2017 - 00:33:13: [security_entity_limit.smx] [SEL] 193 entities have been protected from deleting.This map contain 1855 free entity slot!
L 08/12/2017 - 00:33:14: [basecommands.smx] "Mr. X.<81><[U:1:27106968]><>" console command (cmdline "emp_allowspectators 1")
L 08/12/2017 - 00:33:14: [basecommands.smx] "Mr. X.<81><[U:1:27106968]><>" console command (cmdline "emp_allowspectators 0")
L 08/12/2017 - 00:45:12: [SM] Changed map to "con_urbanchaos_fix"
L 08/12/2017 - 00:45:13: -------- Mapchange to con_urbanchaos_fix --------
L 08/12/2017 - 00:45:26: [security_entity_limit.smx] [SEL] 664 entities have been protected from deleting.This map contain 1384 free entity slot!
L 08/12/2017 - 01:19:02: [SM] Changed map to "emp_crossroads"
L 08/12/2017 - 01:19:02: -------- Mapchange to emp_crossroads --------
L 08/12/2017 - 01:19:17: [security_entity_limit.smx] [SEL] 581 entities have been protected from deleting.This map contain 1467 free entity slot!
L 08/12/2017 - 01:36:54: [SM] Changed map to "emp_downfall"
L 08/12/2017 - 01:36:54: -------- Mapchange to emp_downfall --------
L 08/12/2017 - 01:37:07: [security_entity_limit.smx] [SEL] 166 entities have been protected from deleting.This map contain 1882 free entity slot!
L 08/12/2017 - 02:27:33: [SM] Changed map to "emp_canyon"
L 08/12/2017 - 02:27:34: -------- Mapchange to emp_canyon --------
L 08/12/2017 - 02:27:47: [security_entity_limit.smx] [SEL] 270 entities have been protected from deleting.This map contain 1778 free entity slot!
L 08/12/2017 - 03:14:50: [SM] Changed map to "emp_blah4"
L 08/12/2017 - 03:14:51: -------- Mapchange to emp_blah4 --------
L 08/12/2017 - 03:15:04: [security_entity_limit.smx] [SEL] 287 entities have been protected from deleting.This map contain 1761 free entity slot!
L 08/12/2017 - 04:55:14: [SM] Changed map to "emp_shadows_attacks_fix"
L 08/12/2017 - 04:55:15: -------- Mapchange to emp_shadows_attacks_fix --------
L 08/12/2017 - 04:55:29: [security_entity_limit.smx] [SEL] 799 entities have been protected from deleting.This map contain 1249 free entity slot!
L 08/12/2017 - 05:13:32: [SM] Changed map to "con_glycencity"
L 08/12/2017 - 05:13:33: -------- Mapchange to con_glycencity --------
L 08/12/2017 - 05:13:44: [security_entity_limit.smx] [SEL] 639 entities have been protected from deleting.This map contain 1409 free entity slot!
L 08/12/2017 - 05:48:41: [SM] Changed map to "emp_blast_ob1"
L 08/12/2017 - 05:48:42: -------- Mapchange to emp_blast_ob1 --------
L 08/12/2017 - 05:48:52: [security_entity_limit.smx] [SEL] 668 entities have been protected from deleting.This map contain 1380 free entity slot!
L 08/12/2017 - 10:22:42: [SM] Changed map to "emp_drygulch_a6"
L 08/12/2017 - 10:22:43: -------- Mapchange to emp_drygulch_a6 --------
L 08/12/2017 - 10:22:54: [security_entity_limit.smx] [SEL] 183 entities have been protected from deleting.This map contain 1865 free entity slot!
L 08/12/2017 - 10:46:25: [basecommands.smx] "Mikleo<174><[U:1:376259319]><>" console command (cmdline "emp_sv_netvisdist_player 100")
L 08/12/2017 - 10:47:01: [basecommands.smx] "Mikleo<174><[U:1:376259319]><>" console command (cmdline "emp_sv_netvisdist_player 7000")
L 08/12/2017 - 10:47:34: [basecommands.smx] "Mikleo<174><[U:1:376259319]><>" console command (cmdline "emp_sv_destroy_cv 3")
L 08/12/2017 - 10:48:13: [SM] Changed map to "emp_downfall"
L 08/12/2017 - 10:48:14: -------- Mapchange to emp_downfall --------
L 08/12/2017 - 10:48:24: [security_entity_limit.smx] [SEL] 162 entities have been protected from deleting.This map contain 1886 free entity slot!
L 08/12/2017 - 11:47:14: [basecommands.smx] "Mikleo<175><[U:1:376259319]><>" changed cvar (cvar "emp_sv_netvisdist_vehicle") (value "8000")
L 08/12/2017 - 11:47:33: [basecommands.smx] "Mikleo<175><[U:1:376259319]><>" changed cvar (cvar "emp_sv_netvisdist_vehicle") (value "1000")
L 08/12/2017 - 11:47:46: [basecommands.smx] "Mikleo<175><[U:1:376259319]><>" changed map to "emp_canyon"
L 08/12/2017 - 11:47:49: [SM] Changed map to "emp_canyon"
L 08/12/2017 - 11:47:49: -------- Mapchange to emp_canyon --------
L 08/12/2017 - 11:47:59: [security_entity_limit.smx] [SEL] 260 entities have been protected from deleting.This map contain 1788 free entity slot!
L 08/12/2017 - 11:54:06: [basecommands.smx] "Mikleo<175><[U:1:376259319]><>" console command (cmdline "emp_sv_destroy_cv 3")
L 08/12/2017 - 11:55:12: [SM] Changed map to "emp_beachfront_b2"
L 08/12/2017 - 11:55:12: -------- Mapchange to emp_beachfront_b2 --------
L 08/12/2017 - 11:55:22: [security_entity_limit.smx] [SEL] 163 entities have been protected from deleting.This map contain 1885 free entity slot!
L 08/12/2017 - 15:30:26: [basecommands.smx] "Mikleo<176><[U:1:376259319]><>" changed map to "emp_king_r5_nosplt"
L 08/12/2017 - 15:30:29: [SM] Changed map to "emp_king_r5_nosplt"
L 08/12/2017 - 15:30:30: -------- Mapchange to emp_king_r5_nosplt --------
L 08/12/2017 - 15:30:41: [security_entity_limit.smx] [SEL] 575 entities have been protected from deleting.This map contain 1473 free entity slot!
L 08/12/2017 - 15:32:19: [basecommands.smx] "Mikleo<176><[U:1:376259319]><>" changed map to "emp_nuclear_b8u_xfix"
L 08/12/2017 - 15:32:22: [SM] Changed map to "emp_nuclear_b8u_xfix"
L 08/12/2017 - 15:32:23: -------- Mapchange to emp_nuclear_b8u_xfix --------
L 08/12/2017 - 15:32:33: [security_entity_limit.smx] [SEL] 993 entities have been protected from deleting.This map contain 1055 free entity slot!
L 08/12/2017 - 15:46:11: [SM] Changed map to "emp_crossroads"
L 08/12/2017 - 15:46:11: -------- Mapchange to emp_crossroads --------
L 08/12/2017 - 15:46:22: [security_entity_limit.smx] [SEL] 565 entities have been protected from deleting.This map contain 1483 free entity slot!
L 08/12/2017 - 15:55:51: SourceMod log file session started (file "L20170812.log") (Version "1.8.0.5912")
L 08/12/2017 - 15:55:51: -------- Mapchange to con_district402 --------
L 08/12/2017 - 15:55:52: [security_entity_limit.smx] Security Entity Limit [SEL] Activate!
L 08/12/2017 - 15:55:52: [security_entity_limit.smx] [SEL]Current version: 0.5.4
Plugin made by Benoist3012!
L 08/12/2017 - 15:56:03: [security_entity_limit.smx] [SEL] 434 entities have been protected from deleting.This map contain 1614 free entity slot!
L 08/12/2017 - 15:59:11: [basecommands.smx] "Mr. X.<4><[U:1:27106968]><>" changed map to "emp_canyon"
L 08/12/2017 - 15:59:14: [SM] Changed map to "emp_canyon"
L 08/12/2017 - 15:59:15: -------- Mapchange to emp_canyon --------
L 08/12/2017 - 15:59:26: [security_entity_limit.smx] [SEL] 262 entities have been protected from deleting.This map contain 1786 free entity slot!
L 08/12/2017 - 16:10:21: [basecommands.smx] "Mr. X.<4><[U:1:27106968]><>" console command (cmdline "mp_autoteambalance 0")
L 08/12/2017 - 16:11:49: [basechat.smx] "Mikleo<5><[U:1:376259319]><>" triggered sm_say (text a)
L 08/12/2017 - 16:12:43: [basecommands.smx] "Mr. X.<4><[U:1:27106968]><>" console command (cmdline "mp_autoteambalance 0")
L 08/12/2017 - 16:13:50: [basecommands.smx] "Mr. X.<4><[U:1:27106968]><>" console command (cmdline "sr_howmany 1")
L 08/12/2017 - 16:13:56: [basecommands.smx] "Mr. X.<4><[U:1:27106968]><>" console command (cmdline "sr_minplayers 1")
L 08/12/2017 - 16:14:44: [basecommands.smx] "Mr. X.<4><[U:1:27106968]><>" changed map to "emp_canyon"
L 08/12/2017 - 16:14:47: [SM] Changed map to "emp_canyon"
L 08/12/2017 - 16:14:47: -------- Mapchange to emp_canyon --------
L 08/12/2017 - 16:14:58: [security_entity_limit.smx] [SEL] 262 entities have been protected from deleting.This map contain 1786 free entity slot!
L 08/12/2017 - 16:15:01: [basecommands.smx] "Mr. X.<4><[U:1:27106968]><>" console command (cmdline "mp_autoteambalance 0")
L 08/12/2017 - 16:15:49: [basecommands.smx] "Mr. X.<4><[U:1:27106968]><>" console command (cmdline "sr_restrictstarttime 1")
L 08/12/2017 - 16:16:19: [basecommands.smx] "Mr. X.<4><[U:1:27106968]><>" changed map to "emp_canyon"
L 08/12/2017 - 16:16:22: [SM] Changed map to "emp_canyon"
L 08/12/2017 - 16:16:23: -------- Mapchange to emp_canyon --------
L 08/12/2017 - 16:16:33: [security_entity_limit.smx] [SEL] 262 entities have been protected from deleting.This map contain 1786 free entity slot!
L 08/12/2017 - 16:16:34: [basecommands.smx] "Mr. X.<4><[U:1:27106968]><>" console command (cmdline "mp_autoteambalance 0")
L 08/12/2017 - 16:17:37: [basecommands.smx] "Mikleo<5><[U:1:376259319]><>" console command (cmdline "emp_sv_destroy_cv 2")
L 08/12/2017 - 16:18:24: [SM] Changed map to "emp_fogtown_cl2_fix"
L 08/12/2017 - 16:18:25: -------- Mapchange to emp_fogtown_cl2_fix --------
L 08/12/2017 - 16:18:35: [security_entity_limit.smx] [SEL] 953 entities have been protected from deleting.This map contain 1095 free entity slot!
L 08/12/2017 - 18:10:58: [SM] Changed map to "emp_nuclear_b8u_xfix"
L 08/12/2017 - 18:10:58: -------- Mapchange to emp_nuclear_b8u_xfix --------
L 08/12/2017 - 18:11:09: [security_entity_limit.smx] [SEL] 995 entities have been protected from deleting.This map contain 1053 free entity slot!
L 08/12/2017 - 18:48:12: [SM] Changed map to "emp_vehicletraining_2013"
L 08/12/2017 - 18:48:12: -------- Mapchange to emp_vehicletraining_2013 --------
L 08/12/2017 - 18:48:24: [security_entity_limit.smx] [SEL] 346 entities have been protected from deleting.This map contain 1702 free entity slot!
L 08/12/2017 - 19:16:19: [SM] Changed map to "emp_downfall"
L 08/12/2017 - 19:16:20: -------- Mapchange to emp_downfall --------
L 08/12/2017 - 19:16:32: [security_entity_limit.smx] [SEL] 166 entities have been protected from deleting.This map contain 1882 free entity slot!
L 08/12/2017 - 19:53:13: [SM] Changed map to "emp_temple_b3a"
L 08/12/2017 - 19:53:13: -------- Mapchange to emp_temple_b3a --------
L 08/12/2017 - 19:53:27: [security_entity_limit.smx] [SEL] 235 entities have been protected from deleting.This map contain 1813 free entity slot!
L 08/12/2017 - 19:53:37: [basecommands.smx] "Mikleo<46><[U:1:376259319]><>" changed map to "emp_nuclear_b8u_xfix"
L 08/12/2017 - 19:53:40: [SM] Changed map to "emp_nuclear_b8u_xfix"
L 08/12/2017 - 19:53:40: -------- Mapchange to emp_nuclear_b8u_xfix --------
L 08/12/2017 - 19:53:53: [security_entity_limit.smx] [SEL] 1007 entities have been protected from deleting.This map contain 1041 free entity slot!
L 08/12/2017 - 19:57:49: [SM] Changed map to "emp_canyon"
L 08/12/2017 - 19:57:49: -------- Mapchange to emp_canyon --------
L 08/12/2017 - 19:58:03: [security_entity_limit.smx] [SEL] 290 entities have been protected from deleting.This map contain 1758 free entity slot!
L 08/12/2017 - 20:00:22: [basecommands.smx] "Mr. X.<4><[U:1:27106968]><>" console command (cmdline "emp_allowspectators 1")
L 08/12/2017 - 20:00:22: [basecommands.smx] "Mr. X.<4><[U:1:27106968]><>" console command (cmdline "emp_allowspectators 0")
L 08/12/2017 - 21:05:40: [basecommands.smx] "Mikleo<46><[U:1:376259319]><>" changed map to "emp_raiders_b1"
L 08/12/2017 - 21:05:43: [SM] Changed map to "emp_raiders_b1"
L 08/12/2017 - 21:05:44: -------- Mapchange to emp_raiders_b1 --------
L 08/12/2017 - 21:05:57: [SM] Changed map to "con_glycencity"
L 08/12/2017 - 21:05:59: -------- Mapchange to con_glycencity --------
L 08/12/2017 - 21:06:04: [security_entity_limit.smx] [SEL] 637 entities have been protected from deleting.This map contain 1411 free entity slot!
L 08/12/2017 - 21:06:09: [security_entity_limit.smx] [SEL] 663 entities have been protected from deleting.This map contain 1385 free entity slot!
L 08/12/2017 - 21:06:23: [basecommands.smx] "Mikleo<46><[U:1:376259319]><>" changed map to "emp_raiders_b1"
L 08/12/2017 - 21:06:26: [SM] Changed map to "emp_raiders_b1"
L 08/12/2017 - 21:06:26: -------- Mapchange to emp_raiders_b1 --------
L 08/12/2017 - 21:06:42: [security_entity_limit.smx] [SEL] 336 entities have been protected from deleting.This map contain 1712 free entity slot!
L 08/12/2017 - 21:14:00: [basechat.smx] "Mikleo<46><[U:1:376259319]><>" triggered sm_say (text next map will be king so stick around)
L 08/12/2017 - 21:32:18: [basecommands.smx] "Mikleo<46><[U:1:376259319]><>" changed map to "emp_king_r5_nosplt"
L 08/12/2017 - 21:32:21: [SM] Changed map to "emp_king_r5_nosplt"
L 08/12/2017 - 21:32:22: -------- Mapchange to emp_king_r5_nosplt --------
L 08/12/2017 - 21:32:42: [security_entity_limit.smx] [SEL] 582 entities have been protected from deleting.This map contain 1466 free entity slot!
L 08/12/2017 - 21:34:12: [sbpp_comms.smx] "D.D.D. Destroyer<65><[U:1:18868685]><>" muted "DDD's a lil cyka<93><[U:1:23216004]><>" (minutes "30") (reason "")
L 08/12/2017 - 21:34:21: [sbpp_comms.smx] "DDD's a lil cyka<93><[U:1:23216004]><>" unmuted "DDD's a lil cyka<93><[U:1:23216004]><>" (reason "")
L 08/12/2017 - 21:34:21: [sbpp_comms.smx] "DDD's a lil cyka<93><[U:1:23216004]><>" removed mute for STEAM_0:0:11608002 from DB
L 08/12/2017 - 21:34:47: [sbpp_main.smx] "D.D.D. Destroyer<65><[U:1:18868685]><>" banned "DDD's a lil cyka<93><[U:1:23216004]><>" (minutes "1440") (reason "Inappropriate Language")
L 08/12/2017 - 21:37:29: [basechat.smx] "Mr. X.<102><[U:1:27106968]><>" triggered sm_chat (text don't ban Paradox without my approval)
L 08/12/2017 - 21:53:39: [basecommands.smx] "Mikleo<46><[U:1:376259319]><>" changed map to "emp_cyclopean"
L 08/12/2017 - 21:53:43: [SM] Changed map to "emp_cyclopean"
L 08/12/2017 - 21:53:44: -------- Mapchange to emp_cyclopean --------
L 08/12/2017 - 21:54:01: [security_entity_limit.smx] [SEL] 510 entities have been protected from deleting.This map contain 1538 free entity slot!
L 08/12/2017 - 21:54:53: [sbpp_comms.smx] "Mr. X.<102><[U:1:27106968]><>" muted "JK<116><[U:1:17292082]><>" (minutes "30") (reason "")
L 08/12/2017 - 22:38:32: [basecomm.smx] ".|Ϟ|. Spike<117><[U:1:39029790]><>" muted "Chief<131><[U:1:388003228]><>"
L 08/12/2017 - 22:38:33: [basecommands.smx] "Mikleo<46><[U:1:376259319]><>" console command (cmdline "emp_sv_netvisdist_vehicle 8500")
L 08/12/2017 - 22:39:16: [basecommands.smx] "Mikleo<46><[U:1:376259319]><>" console command (cmdline "emp_sv_netvisdist_player 7500")
L 08/12/2017 - 22:56:55: [SM] Changed map to "emp_mvalley"
L 08/12/2017 - 22:56:56: -------- Mapchange to emp_mvalley --------
L 08/12/2017 - 22:57:06: [security_entity_limit.smx] [SEL] 387 entities have been protected from deleting.This map contain 1661 free entity slot!
L 08/12/2017 - 23:00:44: [basecommands.smx] "Mr. X.<102><[U:1:27106968]><>" console command (cmdline "emp_allowspectators 1")
L 08/12/2017 - 23:00:44: [basecommands.smx] "Mr. X.<102><[U:1:27106968]><>" console command (cmdline "emp_allowspectators 0")
L 08/12/2017 - 23:13:04: [SM] Changed map to "emp_palmbay_fix"
L 08/12/2017 - 23:13:05: -------- Mapchange to emp_palmbay_fix --------
L 08/12/2017 - 23:13:15: [security_entity_limit.smx] [SEL] 236 entities have been protected from deleting.This map contain 1812 free entity slot!
L 08/12/2017 - 23:27:01: [SM] Changed map to "emp_downfall"
L 08/12/2017 - 23:27:02: -------- Mapchange to emp_downfall --------
L 08/12/2017 - 23:27:12: [security_entity_limit.smx] [SEL] 168 entities have been protected from deleting.This map contain 1880 free entity slot!
L 08/12/2017 - 23:40:54: [SM] Changed map to "emp_fogtown_cl2_fix"
L 08/12/2017 - 23:40:55: -------- Mapchange to emp_fogtown_cl2_fix --------
L 08/12/2017 - 23:41:06: [security_entity_limit.smx] [SEL] 951 entities have been protected from deleting.This map contain 1097 free entity slot!
