L 01/01/2018 - 00:56:16: SourceMod log file session started (file "L20180101.log") (Version "1.8.0.5912")
L 01/01/2018 - 00:56:16: [saysounds.smx] [Say Sounds] Disabled, Unhooking Events
L 01/01/2018 - 17:39:01: SourceMod log file session started (file "L20180101.log") (Version "1.8.0.5912")
L 01/01/2018 - 17:39:01: -------- Mapchange to con_district402 --------
L 01/01/2018 - 17:39:01: [saysounds.smx] [Say Sounds] No specific game detected
L 01/01/2018 - 17:39:01: [security_entity_limit.smx] Security Entity Limit [SEL] Activate!
L 01/01/2018 - 17:39:01: [security_entity_limit.smx] [SEL]Current version: 0.5.4
Plugin made by Benoist3012!
L 01/01/2018 - 17:39:12: [security_entity_limit.smx] [SEL] 434 entities have been protected from deleting.This map contain 1614 free entity slot!
L 01/01/2018 - 22:35:05: [saysounds.smx] [Say Sounds] Disabled, Unhooking Events
L 01/01/2018 - 22:45:11: [saysounds.smx] [Say Sounds] Enabled, Hooking Events
L 01/01/2018 - 22:45:11: [saysounds.smx] [Say Sounds] No specific game detected
L 01/01/2018 - 22:45:48: [SM] Changed map to "emp_drygulch_a6"
L 01/01/2018 - 22:45:49: -------- Mapchange to emp_drygulch_a6 --------
L 01/01/2018 - 22:46:00: [security_entity_limit.smx] [SEL] 183 entities have been protected from deleting.This map contain 1865 free entity slot!
L 01/01/2018 - 22:47:39: [saysounds.smx] [Say Sounds] Disabled, Unhooking Events
L 01/01/2018 - 23:46:36: [saysounds.smx] [Say Sounds] Enabled, Hooking Events
L 01/01/2018 - 23:46:36: [saysounds.smx] [Say Sounds] No specific game detected
L 01/01/2018 - 23:48:20: [SM] Changed map to "emp_crossroads_towerless"
L 01/01/2018 - 23:48:24: -------- Mapchange to emp_crossroads_towerless --------
L 01/01/2018 - 23:48:34: [security_entity_limit.smx] [SEL] 579 entities have been protected from deleting.This map contain 1469 free entity slot!
L 01/01/2018 - 23:50:53: [saysounds.smx] [Say Sounds] Disabled, Unhooking Events
