L 05/22/2017 - 01:56:37: SourceMod log file session started (file "L20170522.log") (Version "1.8.0.5912")
L 05/22/2017 - 01:56:37: [SM] Changed map to "emp_beachfront_b2"
L 05/22/2017 - 01:56:37: -------- Mapchange to emp_beachfront_b2 --------
L 05/22/2017 - 15:52:19: [basecommands.smx] "Mr. X.<447><[U:1:27106968]><>" console command (cmdline "sm plugins refresh")
L 05/22/2017 - 15:52:19: [basecommands.smx] "Mr. X.<447><[U:1:27106968]><>" console command (cmdline "sm plugins refresh")
L 05/22/2017 - 15:52:37: [playercommands.smx] "Mr. X.<447><[U:1:27106968]><>" slayed "Mr. X.<447><[U:1:27106968]><>"
L 05/22/2017 - 15:53:17: [playercommands.smx] "Mr. X.<447><[U:1:27106968]><>" slayed "Mr. X.<447><[U:1:27106968]><>"
L 05/22/2017 - 16:01:37: [basecommands.smx] "Mr. X.<447><[U:1:27106968]><>" console command (cmdline "sm plugins refresh")
L 05/22/2017 - 16:01:37: [basecommands.smx] "Mr. X.<447><[U:1:27106968]><>" console command (cmdline "sm plugins refresh")
L 05/22/2017 - 16:01:46: [playercommands.smx] "Mr. X.<447><[U:1:27106968]><>" slayed "Mr. X.<447><[U:1:27106968]><>"
L 05/22/2017 - 16:08:31: [basecommands.smx] "Mr. X.<447><[U:1:27106968]><>" console command (cmdline "sm plugins refresh")
L 05/22/2017 - 16:08:31: [basecommands.smx] "Mr. X.<447><[U:1:27106968]><>" console command (cmdline "sm plugins refresh")
L 05/22/2017 - 16:08:39: [basechat.smx] "Mr. X.<447><[U:1:27106968]><>" triggered sm_say (text playing)
L 05/22/2017 - 16:11:25: [basecommands.smx] "Mr. X.<447><[U:1:27106968]><>" console command (cmdline "sm plugins refresh")
L 05/22/2017 - 16:11:25: [basecommands.smx] "Mr. X.<447><[U:1:27106968]><>" console command (cmdline "sm plugins refresh")
L 05/22/2017 - 16:11:28: [playercommands.smx] "Mr. X.<447><[U:1:27106968]><>" slayed "Mr. X.<447><[U:1:27106968]><>"
L 05/22/2017 - 16:11:49: [basecommands.smx] "Mr. X.<447><[U:1:27106968]><>" console command (cmdline "sv_cheats 1")
L 05/22/2017 - 16:11:55: [basecommands.smx] "Mr. X.<447><[U:1:27106968]><>" console command (cmdline "bot_add_nf")
L 05/22/2017 - 16:11:55: [basecommands.smx] "Mr. X.<447><[U:1:27106968]><>" console command (cmdline "bot_add_nf")
L 05/22/2017 - 16:12:02: [playercommands.smx] "Mr. X.<447><[U:1:27106968]><>" slayed "Mr. X.<447><[U:1:27106968]><>"
L 05/22/2017 - 16:12:02: [playercommands.smx] "Mr. X.<447><[U:1:27106968]><>" slayed "Bot01<448><BOT><>"
L 05/22/2017 - 16:36:39: SourceMod log file session started (file "L20170522.log") (Version "1.8.0.5912")
L 05/22/2017 - 16:36:39: -------- Mapchange to con_district402 --------
L 05/22/2017 - 16:40:34: [basecommands.smx] "Mr. X.<3><[U:1:27106968]><>" console command (cmdline "sv_cheats 1")
L 05/22/2017 - 16:40:42: [basecommands.smx] "Mr. X.<3><[U:1:27106968]><>" console command (cmdline "bot_add_nf")
L 05/22/2017 - 16:40:42: [basecommands.smx] "Mr. X.<3><[U:1:27106968]><>" console command (cmdline "bot_add_nf")
L 05/22/2017 - 16:40:43: [basecommands.smx] "Mr. X.<3><[U:1:27106968]><>" console command (cmdline "bot_add_nf")
L 05/22/2017 - 16:40:43: [basecommands.smx] "Mr. X.<3><[U:1:27106968]><>" console command (cmdline "bot_add_nf")
L 05/22/2017 - 16:40:46: [basecommands.smx] "Mr. X.<3><[U:1:27106968]><>" console command (cmdline "bot_add_imp")
L 05/22/2017 - 16:40:48: [basecommands.smx] "Mr. X.<3><[U:1:27106968]><>" console command (cmdline "bot_add_imp")
L 05/22/2017 - 16:40:50: [basecommands.smx] "Mr. X.<3><[U:1:27106968]><>" console command (cmdline "bot_add_imp")
L 05/22/2017 - 16:40:54: [basecommands.smx] "Mr. X.<3><[U:1:27106968]><>" console command (cmdline "bot_add_imp")
L 05/22/2017 - 16:41:14: [playercommands.smx] "Mr. X.<3><[U:1:27106968]><>" slayed "Bot01<4><BOT><>"
L 05/22/2017 - 16:41:14: [playercommands.smx] "Mr. X.<3><[U:1:27106968]><>" slayed "Bot02<5><BOT><>"
L 05/22/2017 - 16:41:14: [playercommands.smx] "Mr. X.<3><[U:1:27106968]><>" slayed "Bot03<6><BOT><>"
L 05/22/2017 - 16:41:14: [playercommands.smx] "Mr. X.<3><[U:1:27106968]><>" slayed "Bot04<7><BOT><>"
L 05/22/2017 - 16:41:18: [playercommands.smx] "Mr. X.<3><[U:1:27106968]><>" slayed "Bot05<8><BOT><>"
L 05/22/2017 - 16:41:18: [playercommands.smx] "Mr. X.<3><[U:1:27106968]><>" slayed "Bot06<9><BOT><>"
L 05/22/2017 - 16:41:18: [playercommands.smx] "Mr. X.<3><[U:1:27106968]><>" slayed "Bot07<10><BOT><>"
L 05/22/2017 - 16:41:18: [playercommands.smx] "Mr. X.<3><[U:1:27106968]><>" slayed "Bot08<11><BOT><>"
L 05/22/2017 - 16:41:50: [basecommands.smx] "Mr. X.<3><[U:1:27106968]><>" kicked "Bot01<4><BOT><>" (reason "")
L 05/22/2017 - 16:41:50: [basecommands.smx] "Mr. X.<3><[U:1:27106968]><>" kicked "Bot02<5><BOT><>" (reason "")
L 05/22/2017 - 16:41:50: [basecommands.smx] "Mr. X.<3><[U:1:27106968]><>" kicked "Bot03<6><BOT><>" (reason "")
L 05/22/2017 - 16:41:50: [basecommands.smx] "Mr. X.<3><[U:1:27106968]><>" kicked "Bot04<7><BOT><>" (reason "")
L 05/22/2017 - 16:41:50: [basecommands.smx] "Mr. X.<3><[U:1:27106968]><>" kicked "Bot05<8><BOT><>" (reason "")
L 05/22/2017 - 16:41:50: [basecommands.smx] "Mr. X.<3><[U:1:27106968]><>" kicked "Bot06<9><BOT><>" (reason "")
L 05/22/2017 - 16:41:50: [basecommands.smx] "Mr. X.<3><[U:1:27106968]><>" kicked "Bot07<10><BOT><>" (reason "")
L 05/22/2017 - 16:41:50: [basecommands.smx] "Mr. X.<3><[U:1:27106968]><>" kicked "Bot08<11><BOT><>" (reason "")
