L 07/01/2018 - 00:09:56: SourceMod log file session started (file "L20180701.log") (Version "1.8.0.5912")
L 07/01/2018 - 00:09:56: [saysounds.smx] [Say Sounds] Enabled, Hooking Events
L 07/01/2018 - 00:09:56: [saysounds.smx] [Say Sounds] No specific game detected
L 07/01/2018 - 00:11:41: [SM] Changed map to "emp_coast"
L 07/01/2018 - 00:11:41: -------- Mapchange to emp_coast --------
L 07/01/2018 - 00:11:43: [autorecorder.smx] Recording to auto-20180701-001143-emp_coast.dem
L 07/01/2018 - 00:11:52: [security_entity_limit.smx] [SEL] 468 entities have been protected from deleting.This map contain 1580 free entity slot!
L 07/01/2018 - 01:07:14: [saysounds.smx] [Say Sounds] Enabled, Hooking Events
L 07/01/2018 - 01:07:14: [saysounds.smx] [Say Sounds] No specific game detected
L 07/01/2018 - 01:08:59: [SM] Changed map to "emp_palmbay_fix"
L 07/01/2018 - 01:08:59: -------- Mapchange to emp_palmbay_fix --------
L 07/01/2018 - 01:09:01: [autorecorder.smx] Recording to auto-20180701-010901-emp_palmbay_fix.dem
L 07/01/2018 - 01:09:10: [security_entity_limit.smx] [SEL] 249 entities have been protected from deleting.This map contain 1799 free entity slot!
L 07/01/2018 - 01:12:20: [basecommands.smx] "Mr. X.<38><[U:1:27106968]><>" console command (cmdline "emp_allowspectators 1")
L 07/01/2018 - 01:12:20: [basecommands.smx] "Mr. X.<38><[U:1:27106968]><>" console command (cmdline "emp_allowspectators 0")
L 07/01/2018 - 01:46:01: [sbpp_comms.smx] "Mr. X.<38><[U:1:27106968]><>" muted "Dr. Baron von Evil-Satan<133><[U:1:6104095]><>" (minutes "5") (reason "")
L 07/01/2018 - 01:47:04: [saysounds.smx] [Say Sounds] Enabled, Hooking Events
L 07/01/2018 - 01:47:04: [saysounds.smx] [Say Sounds] No specific game detected
L 07/01/2018 - 01:48:11: [SM] Changed map to "emp_beachfront_b2_hce"
L 07/01/2018 - 01:48:11: -------- Mapchange to emp_beachfront_b2_hce --------
L 07/01/2018 - 01:48:12: [autorecorder.smx] Recording to auto-20180701-014812-emp_beachfront_b2_hce.dem
L 07/01/2018 - 01:48:21: [security_entity_limit.smx] [SEL] 196 entities have been protected from deleting.This map contain 1852 free entity slot!
L 07/01/2018 - 01:55:29: [basecommands.smx] "Mr. X.<38><[U:1:27106968]><>" console command (cmdline "emp_allowspectators 1")
L 07/01/2018 - 01:55:29: [basecommands.smx] "Mr. X.<38><[U:1:27106968]><>" console command (cmdline "emp_allowspectators 0")
L 07/01/2018 - 02:38:35: [saysounds.smx] [Say Sounds] Enabled, Hooking Events
L 07/01/2018 - 02:38:35: [saysounds.smx] [Say Sounds] No specific game detected
L 07/01/2018 - 02:39:41: [SM] Changed map to "emp_fogtown_cl2_fix"
L 07/01/2018 - 02:39:42: -------- Mapchange to emp_fogtown_cl2_fix --------
L 07/01/2018 - 02:39:48: [autorecorder.smx] Recording to auto-20180701-023948-emp_fogtown_cl2_fix.dem
L 07/01/2018 - 02:39:52: [security_entity_limit.smx] [SEL] 953 entities have been protected from deleting.This map contain 1095 free entity slot!
L 07/01/2018 - 02:42:33: [saysounds.smx] [Say Sounds] Disabled, Unhooking Events
L 07/01/2018 - 13:08:57: [basecommands.smx] "Mikleo<145><[U:1:376259319]><>" changed map to "emp_canyon"
L 07/01/2018 - 13:09:00: [SM] Changed map to "emp_canyon"
L 07/01/2018 - 13:09:02: -------- Mapchange to emp_canyon --------
L 07/01/2018 - 13:09:03: [saysounds.smx] [Say Sounds] Enabled, Hooking Events
L 07/01/2018 - 13:09:03: [saysounds.smx] [Say Sounds] No specific game detected
L 07/01/2018 - 13:09:13: [security_entity_limit.smx] [SEL] 258 entities have been protected from deleting.This map contain 1790 free entity slot!
L 07/01/2018 - 13:09:33: [autorecorder.smx] Recording to auto-20180701-130933-emp_canyon.dem
L 07/01/2018 - 13:11:51: [saysounds.smx] [Say Sounds] Disabled, Unhooking Events
L 07/01/2018 - 14:01:43: [basecommands.smx] "Mikleo<146><[U:1:376259319]><>" changed map to "emp_canyon"
L 07/01/2018 - 14:01:46: [SM] Changed map to "emp_canyon"
L 07/01/2018 - 14:01:46: -------- Mapchange to emp_canyon --------
L 07/01/2018 - 14:01:46: [saysounds.smx] [Say Sounds] Enabled, Hooking Events
L 07/01/2018 - 14:01:46: [saysounds.smx] [Say Sounds] No specific game detected
L 07/01/2018 - 14:01:56: [security_entity_limit.smx] [SEL] 260 entities have been protected from deleting.This map contain 1788 free entity slot!
L 07/01/2018 - 14:02:00: [autorecorder.smx] Recording to auto-20180701-140200-emp_canyon.dem
L 07/01/2018 - 14:03:38: [basecommands.smx] "Mikleo<146><[U:1:376259319]><>" changed map to "con_district402"
L 07/01/2018 - 14:03:41: [SM] Changed map to "con_district402"
L 07/01/2018 - 14:03:42: -------- Mapchange to con_district402 --------
L 07/01/2018 - 14:03:52: [security_entity_limit.smx] [SEL] 434 entities have been protected from deleting.This map contain 1614 free entity slot!
L 07/01/2018 - 18:47:18: [saysounds.smx] [Say Sounds] Disabled, Unhooking Events
L 07/01/2018 - 18:47:18: [autorecorder.smx] Recording to auto-20180701-184718-con_district402.dem
L 07/01/2018 - 19:19:32: [saysounds.smx] [Say Sounds] Enabled, Hooking Events
L 07/01/2018 - 19:19:32: [saysounds.smx] [Say Sounds] No specific game detected
L 07/01/2018 - 19:21:16: [SM] Changed map to "emp_drygulch_a7"
L 07/01/2018 - 19:21:17: -------- Mapchange to emp_drygulch_a7 --------
L 07/01/2018 - 19:21:26: [autorecorder.smx] Recording to auto-20180701-192126-emp_drygulch_a7.dem
L 07/01/2018 - 19:21:28: [security_entity_limit.smx] [SEL] 169 entities have been protected from deleting.This map contain 1879 free entity slot!
L 07/01/2018 - 19:24:31: [saysounds.smx] [Say Sounds] No specific game detected
L 07/01/2018 - 19:27:06: [playercommands.smx] "Spyer<147><[U:1:34143605]><>" slapped "Grave<155><[U:1:34977414]><>" (damage "0")
L 07/01/2018 - 19:27:07: [playercommands.smx] "Spyer<147><[U:1:34143605]><>" slapped "Grave<155><[U:1:34977414]><>" (damage "0")
L 07/01/2018 - 19:27:08: [playercommands.smx] "Spyer<147><[U:1:34143605]><>" slapped "Grave<155><[U:1:34977414]><>" (damage "0")
L 07/01/2018 - 19:27:08: [playercommands.smx] "Spyer<147><[U:1:34143605]><>" slapped "Grave<155><[U:1:34977414]><>" (damage "0")
L 07/01/2018 - 19:45:53: [playercommands.smx] "Spyer<147><[U:1:34143605]><>" slapped "Grave<155><[U:1:34977414]><>" (damage "0")
L 07/01/2018 - 19:45:54: [playercommands.smx] "Spyer<147><[U:1:34143605]><>" slapped "Grave<155><[U:1:34977414]><>" (damage "0")
L 07/01/2018 - 20:31:10: [basechat.smx] "Mr. X.<150><[U:1:27106968]><>" triggered sm_say (text don't ghost)
L 07/01/2018 - 21:05:53: [basechat.smx] "Mr. X.<150><[U:1:27106968]><>" triggered sm_say (text vote incoming)
L 07/01/2018 - 21:06:40: [basechat.smx] "Mr. X.<150><[U:1:27106968]><>" triggered sm_say (text you can play rainbowroad by donating 1000€)
L 07/01/2018 - 21:06:46: [basechat.smx] "Mr. X.<150><[U:1:27106968]><>" triggered sm_say (text it's cheap)
L 07/01/2018 - 21:07:41: [SM] Changed map to "emp_streetsoffire_fix"
L 07/01/2018 - 21:07:42: -------- Mapchange to emp_streetsoffire_fix --------
L 07/01/2018 - 21:07:42: [saysounds.smx] [Say Sounds] Enabled, Hooking Events
L 07/01/2018 - 21:07:42: [saysounds.smx] [Say Sounds] No specific game detected
L 07/01/2018 - 21:07:47: [autorecorder.smx] Recording to auto-20180701-210747-emp_streetsoffire_fix.dem
L 07/01/2018 - 21:07:52: [security_entity_limit.smx] [SEL] 575 entities have been protected from deleting.This map contain 1473 free entity slot!
L 07/01/2018 - 21:10:32: [saysounds.smx] [Say Sounds] No specific game detected
L 07/01/2018 - 21:23:43: [saysounds.smx] [Say Sounds] Enabled, Hooking Events
L 07/01/2018 - 21:23:43: [saysounds.smx] [Say Sounds] No specific game detected
L 07/01/2018 - 21:25:27: [SM] Changed map to "emp_coast"
L 07/01/2018 - 21:25:27: -------- Mapchange to emp_coast --------
L 07/01/2018 - 21:25:28: [autorecorder.smx] Recording to auto-20180701-212528-emp_coast.dem
L 07/01/2018 - 21:25:37: [security_entity_limit.smx] [SEL] 434 entities have been protected from deleting.This map contain 1614 free entity slot!
L 07/01/2018 - 22:30:00: [saysounds.smx] [Say Sounds] Enabled, Hooking Events
L 07/01/2018 - 22:30:00: [saysounds.smx] [Say Sounds] No specific game detected
L 07/01/2018 - 22:31:05: [SM] Changed map to "emp_midbridge_hce"
L 07/01/2018 - 22:31:06: -------- Mapchange to emp_midbridge_hce --------
L 07/01/2018 - 22:31:07: [autorecorder.smx] Recording to auto-20180701-223107-emp_midbridge_hce.dem
L 07/01/2018 - 22:31:16: [security_entity_limit.smx] [SEL] 618 entities have been protected from deleting.This map contain 1430 free entity slot!
L 07/01/2018 - 22:35:12: [SM] Changed map to "emp_duststorm_fix2"
L 07/01/2018 - 22:35:13: -------- Mapchange to emp_duststorm_fix2 --------
L 07/01/2018 - 22:35:14: [autorecorder.smx] Recording to auto-20180701-223514-emp_duststorm_fix2.dem
L 07/01/2018 - 22:35:23: [security_entity_limit.smx] [SEL] 256 entities have been protected from deleting.This map contain 1792 free entity slot!
L 07/01/2018 - 22:37:33: [saysounds.smx] [Say Sounds] No specific game detected
L 07/01/2018 - 22:37:59: [sbpp_comms.smx] "Mr. X.<150><[U:1:27106968]><>" muted "=[KXIC]= The Blue Baron<184><[U:1:104778967]><>" (minutes "5") (reason "")
L 07/01/2018 - 23:02:19: [saysounds.smx] [Say Sounds] Enabled, Hooking Events
L 07/01/2018 - 23:02:19: [saysounds.smx] [Say Sounds] No specific game detected
L 07/01/2018 - 23:03:24: [SM] Changed map to "emp_canyon"
L 07/01/2018 - 23:03:25: -------- Mapchange to emp_canyon --------
L 07/01/2018 - 23:03:26: [autorecorder.smx] Recording to auto-20180701-230326-emp_canyon.dem
L 07/01/2018 - 23:03:35: [security_entity_limit.smx] [SEL] 307 entities have been protected from deleting.This map contain 1741 free entity slot!
L 07/01/2018 - 23:06:58: [saysounds.smx] [Say Sounds] No specific game detected
L 07/01/2018 - 23:58:27: [saysounds.smx] [Say Sounds] Enabled, Hooking Events
L 07/01/2018 - 23:58:27: [saysounds.smx] [Say Sounds] No specific game detected
