L 10/13/2017 - 16:14:19: SourceMod log file session started (file "L20171013.log") (Version "1.8.0.5912")
L 10/13/2017 - 16:14:19: -------- Mapchange to con_district402 --------
L 10/13/2017 - 16:14:20: [saysounds.smx] [Say Sounds] No specific game detected
L 10/13/2017 - 16:14:20: [security_entity_limit.smx] Security Entity Limit [SEL] Activate!
L 10/13/2017 - 16:14:20: [security_entity_limit.smx] [SEL]Current version: 0.5.4
Plugin made by Benoist3012!
L 10/13/2017 - 16:14:32: [security_entity_limit.smx] [SEL] 432 entities have been protected from deleting.This map contain 1616 free entity slot!
L 10/13/2017 - 16:52:16: [saysounds.smx] [Say Sounds] Disabled, Unhooking Events
L 10/13/2017 - 17:24:55: [saysounds.smx] [Say Sounds] Enabled, Hooking Events
L 10/13/2017 - 17:24:55: [saysounds.smx] [Say Sounds] No specific game detected
L 10/13/2017 - 17:25:56: [SM] Changed map to "emp_crossroads"
L 10/13/2017 - 17:25:57: -------- Mapchange to emp_crossroads --------
L 10/13/2017 - 17:26:08: [security_entity_limit.smx] [SEL] 581 entities have been protected from deleting.This map contain 1467 free entity slot!
L 10/13/2017 - 17:28:11: [saysounds.smx] [Say Sounds] Disabled, Unhooking Events
L 10/13/2017 - 18:05:03: [saysounds.smx] [Say Sounds] Enabled, Hooking Events
L 10/13/2017 - 18:05:03: [saysounds.smx] [Say Sounds] No specific game detected
L 10/13/2017 - 18:06:47: [SM] Changed map to "emp_vehicletraining_2013"
L 10/13/2017 - 18:06:48: -------- Mapchange to emp_vehicletraining_2013 --------
L 10/13/2017 - 18:06:58: [security_entity_limit.smx] [SEL] 346 entities have been protected from deleting.This map contain 1702 free entity slot!
L 10/13/2017 - 18:07:58: [saysounds.smx] [Say Sounds] Disabled, Unhooking Events
L 10/13/2017 - 18:41:11: [saysounds.smx] [Say Sounds] Enabled, Hooking Events
L 10/13/2017 - 18:41:11: [saysounds.smx] [Say Sounds] No specific game detected
L 10/13/2017 - 18:42:16: [SM] Changed map to "fun_ricochet_a1"
L 10/13/2017 - 18:42:17: -------- Mapchange to fun_ricochet_a1 --------
L 10/13/2017 - 18:42:27: [security_entity_limit.smx] [SEL] 142 entities have been protected from deleting.This map contain 1906 free entity slot!
L 10/13/2017 - 20:12:02: [saysounds.smx] [Say Sounds] Disabled, Unhooking Events
L 10/13/2017 - 20:17:56: [saysounds.smx] [Say Sounds] Enabled, Hooking Events
L 10/13/2017 - 20:17:56: [saysounds.smx] [Say Sounds] No specific game detected
L 10/13/2017 - 20:18:31: [SM] Changed map to "emp_beachfront_b2"
L 10/13/2017 - 20:18:32: -------- Mapchange to emp_beachfront_b2 --------
L 10/13/2017 - 20:18:42: [security_entity_limit.smx] [SEL] 158 entities have been protected from deleting.This map contain 1890 free entity slot!
L 10/13/2017 - 21:27:16: [saysounds.smx] [Say Sounds] Disabled, Unhooking Events
