L 08/25/2018 - 17:25:07: SourceMod log file session started (file "L20180825.log") (Version "1.8.0.5912")
L 08/25/2018 - 17:25:07: -------- Mapchange to con_district402 --------
L 08/25/2018 - 17:25:08: [saysounds.smx] [Say Sounds] No specific game detected
L 08/25/2018 - 17:25:08: [security_entity_limit.smx] Security Entity Limit [SEL] Activate!
L 08/25/2018 - 17:25:08: [security_entity_limit.smx] [SEL]Current version: 0.5.4
Plugin made by Benoist3012!
L 08/25/2018 - 17:25:20: [security_entity_limit.smx] [SEL] 434 entities have been protected from deleting.This map contain 1614 free entity slot!
L 08/25/2018 - 17:56:44: [saysounds.smx] [Say Sounds] Disabled, Unhooking Events
L 08/25/2018 - 17:56:44: [autorecorder.smx] Recording to auto-20180825-175644-con_district402.dem
L 08/25/2018 - 18:33:24: [playercommands.smx] "Oktay<4><[U:1:116496292]><>" slapped "Spyer<9><[U:1:34143605]><>" (damage "0")
L 08/25/2018 - 18:33:33: [playercommands.smx] "Oktay<4><[U:1:116496292]><>" slapped "Spyer<9><[U:1:34143605]><>" (damage "0")
L 08/25/2018 - 18:33:46: [playercommands.smx] "Oktay<4><[U:1:116496292]><>" slapped "Spyer<9><[U:1:34143605]><>" (damage "0")
L 08/25/2018 - 18:33:46: [saysounds.smx] [Say Sounds] Enabled, Hooking Events
L 08/25/2018 - 18:33:46: [saysounds.smx] [Say Sounds] No specific game detected
L 08/25/2018 - 18:33:49: [playercommands.smx] "Oktay<4><[U:1:116496292]><>" slapped "Candles<7><[U:1:34985984]><>" (damage "0")
L 08/25/2018 - 18:33:49: [playercommands.smx] "Oktay<4><[U:1:116496292]><>" slapped "Candles<7><[U:1:34985984]><>" (damage "0")
L 08/25/2018 - 18:33:50: [playercommands.smx] "Oktay<4><[U:1:116496292]><>" slapped "Candles<7><[U:1:34985984]><>" (damage "0")
L 08/25/2018 - 18:33:50: [playercommands.smx] "Oktay<4><[U:1:116496292]><>" slapped "Candles<7><[U:1:34985984]><>" (damage "0")
L 08/25/2018 - 18:33:51: [playercommands.smx] "Oktay<4><[U:1:116496292]><>" slapped "Candles<7><[U:1:34985984]><>" (damage "0")
L 08/25/2018 - 18:33:52: [playercommands.smx] "Oktay<4><[U:1:116496292]><>" slapped "Candles<7><[U:1:34985984]><>" (damage "0")
L 08/25/2018 - 18:33:53: [playercommands.smx] "Oktay<4><[U:1:116496292]><>" slapped "Candles<7><[U:1:34985984]><>" (damage "0")
L 08/25/2018 - 18:33:53: [playercommands.smx] "Oktay<4><[U:1:116496292]><>" slapped "Candles<7><[U:1:34985984]><>" (damage "0")
L 08/25/2018 - 18:33:55: [playercommands.smx] "Oktay<4><[U:1:116496292]><>" slapped "Candles<7><[U:1:34985984]><>" (damage "0")
L 08/25/2018 - 18:34:51: [SM] Changed map to "emp_vehicletraining_2013"
L 08/25/2018 - 18:34:51: -------- Mapchange to emp_vehicletraining_2013 --------
L 08/25/2018 - 18:34:54: [autorecorder.smx] Recording to auto-20180825-183454-emp_vehicletraining_2013.dem
L 08/25/2018 - 18:35:02: [security_entity_limit.smx] [SEL] 346 entities have been protected from deleting.This map contain 1702 free entity slot!
L 08/25/2018 - 18:36:03: [saysounds.smx] [Say Sounds] Disabled, Unhooking Events
L 08/25/2018 - 18:57:09: [saysounds.smx] [Say Sounds] Enabled, Hooking Events
L 08/25/2018 - 18:57:09: [saysounds.smx] [Say Sounds] No specific game detected
L 08/25/2018 - 18:58:14: [SM] Changed map to "con_blast_ob2"
L 08/25/2018 - 18:58:15: -------- Mapchange to con_blast_ob2 --------
L 08/25/2018 - 18:58:25: [security_entity_limit.smx] [SEL] 663 entities have been protected from deleting.This map contain 1385 free entity slot!
L 08/25/2018 - 19:01:37: [saysounds.smx] [Say Sounds] Disabled, Unhooking Events
L 08/25/2018 - 19:01:37: [autorecorder.smx] Recording to auto-20180825-190137-con_blast_ob2.dem
L 08/25/2018 - 19:12:15: [saysounds.smx] [Say Sounds] Enabled, Hooking Events
L 08/25/2018 - 19:12:15: [saysounds.smx] [Say Sounds] No specific game detected
L 08/25/2018 - 19:13:21: [SM] Changed map to "emp_beachfront_b2_hce"
L 08/25/2018 - 19:13:21: -------- Mapchange to emp_beachfront_b2_hce --------
L 08/25/2018 - 19:13:32: [security_entity_limit.smx] [SEL] 163 entities have been protected from deleting.This map contain 1885 free entity slot!
L 08/25/2018 - 19:17:16: [saysounds.smx] [Say Sounds] Disabled, Unhooking Events
L 08/25/2018 - 19:17:16: [autorecorder.smx] Recording to auto-20180825-191716-emp_beachfront_b2_hce.dem
L 08/25/2018 - 19:52:46: [saysounds.smx] [Say Sounds] Enabled, Hooking Events
L 08/25/2018 - 19:52:46: [saysounds.smx] [Say Sounds] No specific game detected
L 08/25/2018 - 19:54:30: [SM] Changed map to "emp_downfall_hce"
L 08/25/2018 - 19:54:31: -------- Mapchange to emp_downfall_hce --------
L 08/25/2018 - 19:54:41: [security_entity_limit.smx] [SEL] 160 entities have been protected from deleting.This map contain 1888 free entity slot!
L 08/25/2018 - 19:54:47: [autorecorder.smx] Recording to auto-20180825-195447-emp_downfall_hce.dem
L 08/25/2018 - 19:56:35: [saysounds.smx] [Say Sounds] Disabled, Unhooking Events
L 08/25/2018 - 20:30:29: [basecommands.smx] "Mikleo<22><[U:1:376259319]><>" changed cvar (cvar "eth_enabled") (value "1")
L 08/25/2018 - 20:33:43: [basecommands.smx] "Mikleo<22><[U:1:376259319]><>" changed cvar (cvar "eth_day") (value "25")
L 08/25/2018 - 20:42:05: [basecommands.smx] "Mikleo<22><[U:1:376259319]><>" changed cvar (cvar "sc_speclisten") (value "1")
L 08/25/2018 - 21:43:41: [saysounds.smx] [Say Sounds] Enabled, Hooking Events
L 08/25/2018 - 21:43:41: [saysounds.smx] [Say Sounds] No specific game detected
L 08/25/2018 - 21:44:46: [SM] Changed map to "emp_homeland_b9_hce"
L 08/25/2018 - 21:44:47: -------- Mapchange to emp_homeland_b9_hce --------
L 08/25/2018 - 21:44:54: [autorecorder.smx] Recording to auto-20180825-214454-emp_homeland_b9_hce.dem
L 08/25/2018 - 21:44:58: [security_entity_limit.smx] [SEL] 990 entities have been protected from deleting.This map contain 1058 free entity slot!
L 08/25/2018 - 22:23:39: [playercommands.smx] "Oktay<15><[U:1:116496292]><>" slapped "-W3E- aaacowsad<51><[U:1:94199895]><>" (damage "0")
L 08/25/2018 - 22:23:40: [playercommands.smx] "Oktay<15><[U:1:116496292]><>" slapped "object™<21><[U:1:1221009]><>" (damage "0")
L 08/25/2018 - 22:23:40: [playercommands.smx] "Oktay<15><[U:1:116496292]><>" slapped "object™<21><[U:1:1221009]><>" (damage "0")
L 08/25/2018 - 22:23:40: [playercommands.smx] "Oktay<15><[U:1:116496292]><>" slapped "object™<21><[U:1:1221009]><>" (damage "0")
L 08/25/2018 - 22:30:20: [saysounds.smx] [Say Sounds] Enabled, Hooking Events
L 08/25/2018 - 22:30:20: [saysounds.smx] [Say Sounds] No specific game detected
L 08/25/2018 - 22:32:04: [SM] Changed map to "emp_coast"
L 08/25/2018 - 22:32:05: -------- Mapchange to emp_coast --------
L 08/25/2018 - 22:32:11: [autorecorder.smx] Recording to auto-20180825-223211-emp_coast.dem
L 08/25/2018 - 22:32:15: [security_entity_limit.smx] [SEL] 437 entities have been protected from deleting.This map contain 1611 free entity slot!
L 08/25/2018 - 22:52:02: [saysounds.smx] [Say Sounds] Enabled, Hooking Events
L 08/25/2018 - 22:52:02: [saysounds.smx] [Say Sounds] No specific game detected
L 08/25/2018 - 22:53:46: [SM] Changed map to "emp_palmbay_fix"
L 08/25/2018 - 22:53:47: -------- Mapchange to emp_palmbay_fix --------
L 08/25/2018 - 22:53:52: [autorecorder.smx] Recording to auto-20180825-225352-emp_palmbay_fix.dem
L 08/25/2018 - 22:53:57: [security_entity_limit.smx] [SEL] 238 entities have been protected from deleting.This map contain 1810 free entity slot!
L 08/25/2018 - 23:23:49: [saysounds.smx] [Say Sounds] Enabled, Hooking Events
L 08/25/2018 - 23:23:49: [saysounds.smx] [Say Sounds] No specific game detected
L 08/25/2018 - 23:24:55: [SM] Changed map to "emp_drygulch_a7"
L 08/25/2018 - 23:24:56: -------- Mapchange to emp_drygulch_a7 --------
L 08/25/2018 - 23:25:01: [autorecorder.smx] Recording to auto-20180825-232501-emp_drygulch_a7.dem
L 08/25/2018 - 23:25:06: [security_entity_limit.smx] [SEL] 177 entities have been protected from deleting.This map contain 1871 free entity slot!
L 08/25/2018 - 23:28:34: [SM] Changed map to "emp_nuclear_b8u_xfix"
L 08/25/2018 - 23:28:35: -------- Mapchange to emp_nuclear_b8u_xfix --------
L 08/25/2018 - 23:28:36: [autorecorder.smx] Recording to auto-20180825-232836-emp_nuclear_b8u_xfix.dem
L 08/25/2018 - 23:28:45: [security_entity_limit.smx] [SEL] 995 entities have been protected from deleting.This map contain 1053 free entity slot!
L 08/25/2018 - 23:29:48: [saysounds.smx] [Say Sounds] Disabled, Unhooking Events
