L 06/17/2018 - 00:36:33: SourceMod log file session started (file "L20180617.log") (Version "1.8.0.5912")
L 06/17/2018 - 00:36:33: [saysounds.smx] [Say Sounds] Enabled, Hooking Events
L 06/17/2018 - 00:36:33: [saysounds.smx] [Say Sounds] No specific game detected
L 06/17/2018 - 00:38:17: [SM] Changed map to "con_atomic_rc6_fix"
L 06/17/2018 - 00:38:28: -------- Mapchange to con_atomic_rc6_fix --------
L 06/17/2018 - 00:38:36: [autorecorder.smx] Recording to auto-20180617-003836-con_atomic_rc6_fix.dem
L 06/17/2018 - 00:38:39: [security_entity_limit.smx] [SEL] 1303 entities have been protected from deleting.This map contain 745 free entity slot!
L 06/17/2018 - 00:42:52: [SM] Changed map to "emp_midbridge_hce"
L 06/17/2018 - 00:42:53: -------- Mapchange to emp_midbridge_hce --------
L 06/17/2018 - 00:42:54: [autorecorder.smx] Recording to auto-20180617-004254-emp_midbridge_hce.dem
L 06/17/2018 - 00:43:03: [security_entity_limit.smx] [SEL] 604 entities have been protected from deleting.This map contain 1444 free entity slot!
L 06/17/2018 - 00:45:34: [basechat.smx] "Mr. X.<3><[U:1:27106968]><>" triggered sm_say (text as a reminder, north and south are now x1 instead of x2.)
L 06/17/2018 - 00:48:36: [saysounds.smx] [Say Sounds] Disabled, Unhooking Events
L 06/17/2018 - 01:45:53: [saysounds.smx] [Say Sounds] Enabled, Hooking Events
L 06/17/2018 - 01:45:53: [saysounds.smx] [Say Sounds] No specific game detected
L 06/17/2018 - 01:47:37: [SM] Changed map to "emp_snowstorm_rc6"
L 06/17/2018 - 01:47:46: -------- Mapchange to emp_snowstorm_rc6 --------
L 06/17/2018 - 01:47:47: [autorecorder.smx] Recording to auto-20180617-014747-emp_snowstorm_rc6.dem
L 06/17/2018 - 01:47:56: [security_entity_limit.smx] [SEL] 257 entities have been protected from deleting.This map contain 1791 free entity slot!
L 06/17/2018 - 01:52:20: [saysounds.smx] [Say Sounds] Disabled, Unhooking Events
L 06/17/2018 - 02:23:15: [saysounds.smx] [Say Sounds] Enabled, Hooking Events
L 06/17/2018 - 02:23:15: [saysounds.smx] [Say Sounds] No specific game detected
L 06/17/2018 - 02:24:59: [SM] Changed map to "emp_canyon"
L 06/17/2018 - 02:25:00: -------- Mapchange to emp_canyon --------
L 06/17/2018 - 02:25:01: [autorecorder.smx] Recording to auto-20180617-022501-emp_canyon.dem
L 06/17/2018 - 02:25:10: [security_entity_limit.smx] [SEL] 267 entities have been protected from deleting.This map contain 1781 free entity slot!
L 06/17/2018 - 02:29:36: [saysounds.smx] [Say Sounds] Disabled, Unhooking Events
L 06/17/2018 - 03:12:43: [saysounds.smx] [Say Sounds] Enabled, Hooking Events
L 06/17/2018 - 03:12:43: [saysounds.smx] [Say Sounds] No specific game detected
L 06/17/2018 - 03:13:48: [SM] Changed map to "con_blast_ob2"
L 06/17/2018 - 03:13:54: -------- Mapchange to con_blast_ob2 --------
L 06/17/2018 - 03:14:04: [security_entity_limit.smx] [SEL] 663 entities have been protected from deleting.This map contain 1385 free entity slot!
L 06/17/2018 - 03:15:34: [saysounds.smx] [Say Sounds] Disabled, Unhooking Events
L 06/17/2018 - 03:15:34: [autorecorder.smx] Recording to auto-20180617-031534-con_blast_ob2.dem
L 06/17/2018 - 03:38:56: [saysounds.smx] [Say Sounds] Enabled, Hooking Events
L 06/17/2018 - 03:38:56: [saysounds.smx] [Say Sounds] No specific game detected
L 06/17/2018 - 03:40:02: [SM] Changed map to "con_district402"
L 06/17/2018 - 03:40:03: -------- Mapchange to con_district402 --------
L 06/17/2018 - 03:40:13: [security_entity_limit.smx] [SEL] 438 entities have been protected from deleting.This map contain 1610 free entity slot!
L 06/17/2018 - 03:41:18: [saysounds.smx] [Say Sounds] Disabled, Unhooking Events
L 06/17/2018 - 03:41:18: [autorecorder.smx] Recording to auto-20180617-034118-con_district402.dem
L 06/17/2018 - 04:14:43: [saysounds.smx] [Say Sounds] Enabled, Hooking Events
L 06/17/2018 - 04:14:43: [saysounds.smx] [Say Sounds] No specific game detected
L 06/17/2018 - 04:15:48: [SM] Changed map to "fun_ricochet_a4"
L 06/17/2018 - 04:15:48: -------- Mapchange to fun_ricochet_a4 --------
L 06/17/2018 - 04:15:58: [security_entity_limit.smx] [SEL] 176 entities have been protected from deleting.This map contain 1872 free entity slot!
L 06/17/2018 - 05:09:41: [saysounds.smx] [Say Sounds] Disabled, Unhooking Events
L 06/17/2018 - 05:09:41: [autorecorder.smx] Recording to auto-20180617-050941-fun_ricochet_a4.dem
L 06/17/2018 - 05:10:13: [saysounds.smx] [Say Sounds] Enabled, Hooking Events
L 06/17/2018 - 05:10:13: [saysounds.smx] [Say Sounds] No specific game detected
L 06/17/2018 - 05:11:19: [SM] Changed map to "con_glycencity"
L 06/17/2018 - 05:11:20: -------- Mapchange to con_glycencity --------
L 06/17/2018 - 05:11:31: [security_entity_limit.smx] [SEL] 639 entities have been protected from deleting.This map contain 1409 free entity slot!
L 06/17/2018 - 05:45:57: [SM] Changed map to "emp_vehicletraining_2013"
L 06/17/2018 - 05:45:58: -------- Mapchange to emp_vehicletraining_2013 --------
L 06/17/2018 - 05:46:08: [security_entity_limit.smx] [SEL] 340 entities have been protected from deleting.This map contain 1708 free entity slot!
L 06/17/2018 - 19:06:15: [saysounds.smx] [Say Sounds] Disabled, Unhooking Events
L 06/17/2018 - 19:06:15: [autorecorder.smx] Recording to auto-20180617-190615-emp_vehicletraining_2013.dem
L 06/17/2018 - 19:06:44: [SM] Changed map to "emp_downfall_hce"
L 06/17/2018 - 19:06:44: -------- Mapchange to emp_downfall_hce --------
L 06/17/2018 - 19:06:44: [saysounds.smx] [Say Sounds] Enabled, Hooking Events
L 06/17/2018 - 19:06:44: [saysounds.smx] [Say Sounds] No specific game detected
L 06/17/2018 - 19:06:45: [autorecorder.smx] Recording to auto-20180617-190645-emp_downfall_hce.dem
L 06/17/2018 - 19:06:54: [security_entity_limit.smx] [SEL] 161 entities have been protected from deleting.This map contain 1887 free entity slot!
L 06/17/2018 - 19:13:21: [saysounds.smx] [Say Sounds] Disabled, Unhooking Events
L 06/17/2018 - 19:43:25: [saysounds.smx] [Say Sounds] Enabled, Hooking Events
L 06/17/2018 - 19:43:25: [saysounds.smx] [Say Sounds] No specific game detected
L 06/17/2018 - 19:44:31: [SM] Changed map to "con_urbanchaos_comm_b2"
L 06/17/2018 - 19:44:33: -------- Mapchange to con_urbanchaos_comm_b2 --------
L 06/17/2018 - 19:44:40: [autorecorder.smx] Recording to auto-20180617-194440-con_urbanchaos_comm_b2.dem
L 06/17/2018 - 19:44:43: [security_entity_limit.smx] [SEL] 659 entities have been protected from deleting.This map contain 1389 free entity slot!
L 06/17/2018 - 19:49:37: [saysounds.smx] [Say Sounds] Disabled, Unhooking Events
L 06/17/2018 - 20:15:13: SourceMod log file session started (file "L20180617.log") (Version "1.8.0.5912")
L 06/17/2018 - 20:15:13: -------- Mapchange to con_district402 --------
L 06/17/2018 - 20:15:13: [saysounds.smx] [Say Sounds] No specific game detected
L 06/17/2018 - 20:15:13: [security_entity_limit.smx] Security Entity Limit [SEL] Activate!
L 06/17/2018 - 20:15:13: [security_entity_limit.smx] [SEL]Current version: 0.5.4
Plugin made by Benoist3012!
L 06/17/2018 - 20:15:24: [security_entity_limit.smx] [SEL] 434 entities have been protected from deleting.This map contain 1614 free entity slot!
L 06/17/2018 - 20:21:08: [autorecorder.smx] Recording to auto-20180617-202108-con_district402.dem
L 06/17/2018 - 20:22:21: [saysounds.smx] [Say Sounds] Disabled, Unhooking Events
L 06/17/2018 - 20:55:05: [playercommands.smx] "Mr. X.<3><[U:1:27106968]><>" slapped "Hyperbolic Hubris<5><[U:1:15813678]><>" (damage "1")
L 06/17/2018 - 20:55:05: [playercommands.smx] "Mr. X.<3><[U:1:27106968]><>" slapped "Grave<7><[U:1:34977414]><>" (damage "1")
L 06/17/2018 - 20:55:05: [playercommands.smx] "Mr. X.<3><[U:1:27106968]><>" slapped "Daddy Fat Stax<11><[U:1:36574306]><>" (damage "1")
L 06/17/2018 - 20:55:05: [playercommands.smx] "Mr. X.<3><[U:1:27106968]><>" slapped "Uninspired<16><[U:1:29103880]><>" (damage "1")
L 06/17/2018 - 20:55:19: [playercommands.smx] "Mr. X.<3><[U:1:27106968]><>" slapped "Hyperbolic Hubris<5><[U:1:15813678]><>" (damage "1")
L 06/17/2018 - 20:55:19: [playercommands.smx] "Mr. X.<3><[U:1:27106968]><>" slapped "Grave<7><[U:1:34977414]><>" (damage "1")
L 06/17/2018 - 20:55:19: [playercommands.smx] "Mr. X.<3><[U:1:27106968]><>" slapped "Daddy Fat Stax<11><[U:1:36574306]><>" (damage "1")
L 06/17/2018 - 20:55:19: [playercommands.smx] "Mr. X.<3><[U:1:27106968]><>" slapped "Uninspired<16><[U:1:29103880]><>" (damage "1")
L 06/17/2018 - 20:55:33: [saysounds.smx] [Say Sounds] Enabled, Hooking Events
L 06/17/2018 - 20:55:33: [saysounds.smx] [Say Sounds] No specific game detected
L 06/17/2018 - 20:55:39: [playercommands.smx] "Mr. X.<3><[U:1:27106968]><>" slapped "Hyperbolic Hubris<5><[U:1:15813678]><>" (damage "130")
L 06/17/2018 - 20:55:39: [playercommands.smx] "Mr. X.<3><[U:1:27106968]><>" slapped "Grave<7><[U:1:34977414]><>" (damage "130")
L 06/17/2018 - 20:55:39: [playercommands.smx] "Mr. X.<3><[U:1:27106968]><>" slapped "Daddy Fat Stax<11><[U:1:36574306]><>" (damage "130")
L 06/17/2018 - 20:57:17: [SM] Changed map to "emp_drygulch_a7"
L 06/17/2018 - 20:57:20: -------- Mapchange to emp_drygulch_a7 --------
L 06/17/2018 - 20:57:26: [autorecorder.smx] Recording to auto-20180617-205726-emp_drygulch_a7.dem
L 06/17/2018 - 20:57:31: [security_entity_limit.smx] [SEL] 177 entities have been protected from deleting.This map contain 1871 free entity slot!
L 06/17/2018 - 21:01:05: [saysounds.smx] [Say Sounds] Disabled, Unhooking Events
L 06/17/2018 - 21:58:53: [saysounds.smx] [Say Sounds] Enabled, Hooking Events
L 06/17/2018 - 21:58:53: [saysounds.smx] [Say Sounds] No specific game detected
L 06/17/2018 - 22:00:37: [SM] Changed map to "emp_coast"
L 06/17/2018 - 22:00:44: -------- Mapchange to emp_coast --------
L 06/17/2018 - 22:00:45: [autorecorder.smx] Recording to auto-20180617-220045-emp_coast.dem
L 06/17/2018 - 22:00:54: [security_entity_limit.smx] [SEL] 436 entities have been protected from deleting.This map contain 1612 free entity slot!
L 06/17/2018 - 22:07:11: [saysounds.smx] [Say Sounds] Disabled, Unhooking Events
L 06/17/2018 - 23:20:34: [saysounds.smx] [Say Sounds] Enabled, Hooking Events
L 06/17/2018 - 23:20:34: [saysounds.smx] [Say Sounds] No specific game detected
L 06/17/2018 - 23:22:18: [SM] Changed map to "emp_mvalley_fix"
L 06/17/2018 - 23:22:26: -------- Mapchange to emp_mvalley_fix --------
L 06/17/2018 - 23:22:27: [autorecorder.smx] Recording to auto-20180617-232227-emp_mvalley_fix.dem
L 06/17/2018 - 23:22:36: [security_entity_limit.smx] [SEL] 366 entities have been protected from deleting.This map contain 1682 free entity slot!
L 06/17/2018 - 23:27:39: [saysounds.smx] [Say Sounds] Disabled, Unhooking Events
L 06/17/2018 - 23:51:42: [sbpp_main.smx] "Mr. X.<3><[U:1:27106968]><>" banned ".|Ϟ|. Catface (No Sound)<15><[U:1:41745247]><>" (minutes "60") (reason "stop fucking AFK in teams")
L 06/17/2018 - 23:55:26: [saysounds.smx] [Say Sounds] Enabled, Hooking Events
L 06/17/2018 - 23:55:26: [saysounds.smx] [Say Sounds] No specific game detected
L 06/17/2018 - 23:57:10: [SM] Changed map to "emp_duststorm_fix2"
L 06/17/2018 - 23:57:11: -------- Mapchange to emp_duststorm_fix2 --------
L 06/17/2018 - 23:57:12: [autorecorder.smx] Recording to auto-20180617-235712-emp_duststorm_fix2.dem
L 06/17/2018 - 23:57:21: [security_entity_limit.smx] [SEL] 246 entities have been protected from deleting.This map contain 1802 free entity slot!
