L 05/05/2017 - 11:40:17: SourceMod log file session started (file "L20170505.log") (Version "1.8.0.5912")
L 05/05/2017 - 11:40:17: [SM] Changed map to "con_glycencity"
L 05/05/2017 - 11:40:19: -------- Mapchange to con_glycencity --------
L 05/05/2017 - 12:08:14: [SM] Changed map to "emp_beachfront_b2"
L 05/05/2017 - 12:08:14: -------- Mapchange to emp_beachfront_b2 --------
L 05/05/2017 - 14:57:25: [SM] Changed map to "emp_flat_fix"
L 05/05/2017 - 14:57:25: -------- Mapchange to emp_flat_fix --------
L 05/05/2017 - 15:50:38: [SM] Changed map to "con_urbanchaos"
L 05/05/2017 - 15:50:39: -------- Mapchange to con_urbanchaos --------
L 05/05/2017 - 16:01:30: [basechat.smx] "Mr. X.<57><[U:1:27106968]><>" triggered sm_say (text BE: cap the flag!)
L 05/05/2017 - 16:01:59: [basechat.smx] "Mr. X.<57><[U:1:27106968]><>" triggered sm_say (text cap flag or I will force a votemap)
L 05/05/2017 - 16:03:07: [SM] Changed map to "con_district402"
L 05/05/2017 - 16:03:08: -------- Mapchange to con_district402 --------
L 05/05/2017 - 16:16:45: [SM] Changed map to "emp_palmbay_fix"
L 05/05/2017 - 16:16:46: -------- Mapchange to emp_palmbay_fix --------
L 05/05/2017 - 16:53:33: [SM] Changed map to "emp_drygulch_a6"
L 05/05/2017 - 16:53:34: -------- Mapchange to emp_drygulch_a6 --------
L 05/05/2017 - 17:39:07: [SM] Changed map to "emp_crossroads"
L 05/05/2017 - 17:39:08: -------- Mapchange to emp_crossroads --------
L 05/05/2017 - 17:41:55: [sbpp_comms.smx] "Mr. X.<93><[U:1:27106968]><>" gagged "LARGE PENISED ELITE SNYP3R<116><[U:1:26913061]><>" (minutes "30") (reason "")
L 05/05/2017 - 17:42:30: [basecommands.smx] "Mr. X.<93><[U:1:27106968]><>" kicked "FUCK YOUR SERVER-YOU ARE AUTIST<116><[U:1:26913061]><>" (reason "")
L 05/05/2017 - 17:46:35: [basecommands.smx] "Mr. X.<93><[U:1:27106968]><>" kicked "romansavhenko740311<75><[U:1:398863960]><>" (reason "")
L 05/05/2017 - 17:57:48: [basechat.smx] "Mr. X.<93><[U:1:27106968]><>" triggered sm_psay to "xsEgo<119><[U:1:72025437]><>" (text you)
L 05/05/2017 - 17:57:55: [basechat.smx] "Mr. X.<93><[U:1:27106968]><>" triggered sm_psay to "xsEgo<119><[U:1:72025437]><>" (text you could just kill the CV)
L 05/05/2017 - 17:58:07: [basechat.smx] "Mr. X.<93><[U:1:27106968]><>" triggered sm_psay to "xsEgo<119><[U:1:72025437]><>" (text if you have ammo upg)
L 05/05/2017 - 18:07:44: [playercommands.smx] "Mr. X.<93><[U:1:27106968]><>" slapped "estratoscopia<72><[U:1:182482273]><>" (damage "0")
L 05/05/2017 - 18:08:02: [playercommands.smx] "Mr. X.<93><[U:1:27106968]><>" slapped "romansavhenko740311<124><[U:1:398863960]><>" (damage "0")
L 05/05/2017 - 18:12:19: [basechat.smx] "Mr. X.<93><[U:1:27106968]><>" triggered sm_say (text english only, thanks.)
L 05/05/2017 - 18:12:59: [basechat.smx] "Mr. X.<93><[U:1:27106968]><>" triggered sm_say (text seriously, english only on my server.)
L 05/05/2017 - 18:13:33: [basechat.smx] "Mr. X.<93><[U:1:27106968]><>" triggered sm_say (text MEGA, do we have a problem?)
L 05/05/2017 - 18:14:02: [basechat.smx] "Mr. X.<93><[U:1:27106968]><>" triggered sm_say (text english only)
L 05/05/2017 - 18:14:36: [basechat.smx] "Mr. X.<93><[U:1:27106968]><>" triggered sm_say (text I don't really care, if you guys want to talk use steam friends)
L 05/05/2017 - 18:14:51: [basechat.smx] "Mr. X.<93><[U:1:27106968]><>" triggered sm_say (text last warning.)
L 05/05/2017 - 18:15:33: [basechat.smx] "Mr. X.<93><[U:1:27106968]><>" triggered sm_say (text do I need to join BE and start gagging everyone?)
L 05/05/2017 - 18:15:44: [basechat.smx] "Mr. X.<93><[U:1:27106968]><>" triggered sm_say (text avoid using caps, and english only)
L 05/05/2017 - 18:15:49: [basechat.smx] "Mr. X.<93><[U:1:27106968]><>" triggered sm_say (text it's pretty simpl)
L 05/05/2017 - 18:20:43: [SM] Changed map to "emp_canyon"
L 05/05/2017 - 18:20:43: -------- Mapchange to emp_canyon --------
L 05/05/2017 - 18:28:52: [playercommands.smx] "Mr. X.<93><[U:1:27106968]><>" slayed "Alexjr<131><[U:1:229088474]><>"
L 05/05/2017 - 18:39:13: [basechat.smx] "Mr. X.<93><[U:1:27106968]><>" triggered sm_psay to "Alexjr<131><[U:1:229088474]><>" (text stealing vehicles = ban)
L 05/05/2017 - 18:39:17: [basechat.smx] "Mr. X.<93><[U:1:27106968]><>" triggered sm_psay to "Alexjr<131><[U:1:229088474]><>" (text last chance)
L 05/05/2017 - 18:39:29: [basecommands.smx] "Mr. X.<93><[U:1:27106968]><>" kicked "Alexjr<131><[U:1:229088474]><>" (reason "")
L 05/05/2017 - 18:53:56: [SM] Changed map to "emp_beachfront_b2"
L 05/05/2017 - 18:53:56: -------- Mapchange to emp_beachfront_b2 --------
L 05/05/2017 - 19:16:35: [SM] Changed map to "con_urbanchaos"
L 05/05/2017 - 19:16:35: -------- Mapchange to con_urbanchaos --------
L 05/05/2017 - 19:53:53: [SM] Changed map to "emp_drygulch_a6"
L 05/05/2017 - 19:53:54: -------- Mapchange to emp_drygulch_a6 --------
L 05/05/2017 - 21:08:20: [playercommands.smx] "Oktay<122><[U:1:116496292]><>" slayed "dda.90<98><[U:1:85174720]><>"
L 05/05/2017 - 21:31:19: [SM] Changed map to "emp_downfall"
L 05/05/2017 - 21:31:20: -------- Mapchange to emp_downfall --------
L 05/05/2017 - 21:53:23: [sbpp_comms.smx] "Mr. X.<93><[U:1:27106968]><>" muted "SkepticDork<138><[U:1:387361653]><>" (minutes "30") (reason "")
L 05/05/2017 - 22:31:38: [SM] Changed map to "emp_arid"
L 05/05/2017 - 22:31:39: -------- Mapchange to emp_arid --------
L 05/05/2017 - 22:32:41: [sbpp_comms.smx] "Mr. X.<93><[U:1:27106968]><>" muted "Oktay<122><[U:1:116496292]><>" (minutes "30") (reason "")
L 05/05/2017 - 22:32:41: [sbpp_comms.smx] "Mr. X.<93><[U:1:27106968]><>" muted "Dragolich<160><[U:1:66760780]><>" (minutes "30") (reason "")
L 05/05/2017 - 22:32:41: [sbpp_comms.smx] "Mr. X.<93><[U:1:27106968]><>" muted "SkepticDork<138><[U:1:387361653]><>" (minutes "30") (reason "")
L 05/05/2017 - 22:32:41: [sbpp_comms.smx] "Mr. X.<93><[U:1:27106968]><>" muted "Ace<196><[U:1:28942332]><>" (minutes "30") (reason "")
L 05/05/2017 - 22:32:41: [sbpp_comms.smx] "Mr. X.<93><[U:1:27106968]><>" muted "Mr. X.<93><[U:1:27106968]><>" (minutes "30") (reason "")
L 05/05/2017 - 22:32:41: [sbpp_comms.smx] "Mr. X.<93><[U:1:27106968]><>" muted ".|Ϟ|. Spike<139><[U:1:39029790]><>" (minutes "30") (reason "")
L 05/05/2017 - 22:32:41: [sbpp_comms.smx] "Mr. X.<93><[U:1:27106968]><>" muted "Condoms THนะ<133><[U:1:321115473]><>" (minutes "30") (reason "")
L 05/05/2017 - 22:32:41: [sbpp_comms.smx] "Mr. X.<93><[U:1:27106968]><>" muted "Born to Kill<181><[U:1:79842369]><>" (minutes "30") (reason "")
L 05/05/2017 - 22:32:41: [sbpp_comms.smx] "Mr. X.<93><[U:1:27106968]><>" muted "Spyer<150><[U:1:34143605]><>" (minutes "30") (reason "")
L 05/05/2017 - 22:32:41: [sbpp_comms.smx] "Mr. X.<93><[U:1:27106968]><>" muted "xsEgo<119><[U:1:72025437]><>" (minutes "30") (reason "")
L 05/05/2017 - 22:32:41: [sbpp_comms.smx] "Mr. X.<93><[U:1:27106968]><>" muted "Icon<210><[U:1:15813678]><>" (minutes "30") (reason "")
L 05/05/2017 - 22:32:41: [sbpp_comms.smx] "Mr. X.<93><[U:1:27106968]><>" muted "dda.90<98><[U:1:85174720]><>" (minutes "30") (reason "")
L 05/05/2017 - 22:32:41: [sbpp_comms.smx] "Mr. X.<93><[U:1:27106968]><>" muted "gunguy<187><[U:1:38743071]><>" (minutes "30") (reason "")
L 05/05/2017 - 22:32:41: [sbpp_comms.smx] "Mr. X.<93><[U:1:27106968]><>" muted "VV<156><[U:1:5870260]><>" (minutes "30") (reason "")
L 05/05/2017 - 22:32:41: [sbpp_comms.smx] "Mr. X.<93><[U:1:27106968]><>" muted "Ying-a-ling<180><[U:1:69031067]><>" (minutes "30") (reason "")
L 05/05/2017 - 22:32:41: [sbpp_comms.smx] "Mr. X.<93><[U:1:27106968]><>" muted "NaokiP<153><[U:1:42522970]><>" (minutes "30") (reason "")
L 05/05/2017 - 22:32:41: [sbpp_comms.smx] "Mr. X.<93><[U:1:27106968]><>" muted "MartinPL<144><[U:1:37623795]><>" (minutes "30") (reason "")
L 05/05/2017 - 22:32:41: [sbpp_comms.smx] "Mr. X.<93><[U:1:27106968]><>" muted "baronislav<188><[U:1:3148933]><>" (minutes "30") (reason "")
L 05/05/2017 - 22:32:41: [sbpp_comms.smx] "Mr. X.<93><[U:1:27106968]><>" muted "Justkidding<157><[U:1:2788022]><>" (minutes "30") (reason "")
L 05/05/2017 - 22:32:41: [sbpp_comms.smx] "Mr. X.<93><[U:1:27106968]><>" muted "jpbishnoi2001<197><[U:1:416873863]><>" (minutes "30") (reason "")
L 05/05/2017 - 22:32:41: [sbpp_comms.smx] "Mr. X.<93><[U:1:27106968]><>" muted "Cpt.Good Mood [Fin]<166><[U:1:54448390]><>" (minutes "30") (reason "")
L 05/05/2017 - 22:32:41: [sbpp_comms.smx] "Mr. X.<93><[U:1:27106968]><>" muted ".|Ϟ|. Tony<178><[U:1:59629924]><>" (minutes "30") (reason "")
L 05/05/2017 - 22:32:41: [sbpp_comms.smx] "Mr. X.<93><[U:1:27106968]><>" muted "JK<172><[U:1:17292082]><>" (minutes "30") (reason "")
L 05/05/2017 - 22:32:41: [sbpp_comms.smx] "Mr. X.<93><[U:1:27106968]><>" muted "Dead Yinglet<174><[U:1:52053844]><>" (minutes "30") (reason "")
L 05/05/2017 - 22:32:41: [sbpp_comms.smx] "Mr. X.<93><[U:1:27106968]><>" muted "Sir.SwagALot<192><[U:1:249217]><>" (minutes "30") (reason "")
L 05/05/2017 - 22:32:41: [sbpp_comms.smx] "Mr. X.<93><[U:1:27106968]><>" muted "Paradox<193><[U:1:23216004]><>" (minutes "30") (reason "")
L 05/05/2017 - 22:32:41: [sbpp_comms.smx] "Mr. X.<93><[U:1:27106968]><>" muted "Bob The Builder<194><[U:1:404080428]><>" (minutes "30") (reason "")
L 05/05/2017 - 22:32:41: [sbpp_comms.smx] "Mr. X.<93><[U:1:27106968]><>" muted "=F= MrBlueSky<198><[U:1:7486994]><>" (minutes "30") (reason "")
L 05/05/2017 - 22:32:41: [sbpp_comms.smx] "Mr. X.<93><[U:1:27106968]><>" muted "FERRUM<208><[U:1:555284914]><>" (minutes "30") (reason "")
L 05/05/2017 - 22:32:41: [sbpp_comms.smx] "Mr. X.<93><[U:1:27106968]><>" muted "TheElfis<200><[U:1:164555510]><>" (minutes "30") (reason "")
L 05/05/2017 - 22:32:41: [sbpp_comms.smx] "Mr. X.<93><[U:1:27106968]><>" muted "CrazyMRANZ<201><[U:1:42657167]><>" (minutes "30") (reason "")
L 05/05/2017 - 22:32:41: [sbpp_comms.smx] "Mr. X.<93><[U:1:27106968]><>" muted ": ][CW][ : Silk<202><[U:1:262151]><>" (minutes "30") (reason "")
L 05/05/2017 - 22:32:41: [sbpp_comms.smx] "Mr. X.<93><[U:1:27106968]><>" muted "MegaMLG<203><[U:1:104392409]><>" (minutes "30") (reason "")
L 05/05/2017 - 22:32:41: [sbpp_comms.smx] "Mr. X.<93><[U:1:27106968]><>" muted "neglecteD #100 squat power<204><[U:1:128907211]><>" (minutes "30") (reason "")
L 05/05/2017 - 22:33:53: [sbpp_comms.smx] "Mr. X.<93><[U:1:27106968]><>" temporary unmuted ".|Ϟ|. Tony<178><[U:1:59629924]><>" (reason "")
L 05/05/2017 - 22:34:01: [sbpp_comms.smx] "Mr. X.<93><[U:1:27106968]><>" temporary unmuted "[BE Capt] Paradox<193><[U:1:23216004]><>" (reason "")
L 05/05/2017 - 22:34:12: [sbpp_comms.smx] "Mr. X.<93><[U:1:27106968]><>" temporary unmuted "RodanTheArcWielder<209><[U:1:164218573]><>" (reason "")
L 05/05/2017 - 22:34:12: [sbpp_comms.smx] "Mr. X.<93><[U:1:27106968]><>" temporary unmuted "Charlie (voice-chat off)<176><[U:1:41513856]><>" (reason "")
L 05/05/2017 - 22:34:12: [sbpp_comms.smx] "Mr. X.<93><[U:1:27106968]><>" temporary unmuted ".|Ϟ|. Tony<178><[U:1:59629924]><>" (reason "")
L 05/05/2017 - 22:34:12: [sbpp_comms.smx] "Mr. X.<93><[U:1:27106968]><>" temporary unmuted "Taliban Dan<207><[U:1:82860243]><>" (reason "")
L 05/05/2017 - 22:34:12: [sbpp_comms.smx] "Mr. X.<93><[U:1:27106968]><>" temporary unmuted "[BE Capt] Paradox<193><[U:1:23216004]><>" (reason "")
L 05/05/2017 - 22:35:52: [sbpp_comms.smx] "[NF] Mr. X.<93><[U:1:27106968]><>" temporary unmuted "Oktay<122><[U:1:116496292]><>" (reason "")
L 05/05/2017 - 22:36:24: [basecommands.smx] "[NF] Mr. X.<93><[U:1:27106968]><>" console command (cmdline "sm_unmute @all")
L 05/05/2017 - 22:36:24: [sbpp_comms.smx] "Console<0><Console><Console>" temporary unmuted "Oktay<122><[U:1:116496292]><>" (reason "")
L 05/05/2017 - 22:36:24: [sbpp_comms.smx] "Console<0><Console><Console>" temporary unmuted "RodanTheArcWielder<209><[U:1:164218573]><>" (reason "")
L 05/05/2017 - 22:36:24: [sbpp_comms.smx] "Console<0><Console><Console>" temporary unmuted "Charlie (voice-chat off)<176><[U:1:41513856]><>" (reason "")
L 05/05/2017 - 22:36:24: [sbpp_comms.smx] "Console<0><Console><Console>" temporary unmuted "[BE] .|Ϟ|. Tony<178><[U:1:59629924]><>" (reason "")
L 05/05/2017 - 22:36:24: [sbpp_comms.smx] "Console<0><Console><Console>" temporary unmuted "Taliban Dan<207><[U:1:82860243]><>" (reason "")
L 05/05/2017 - 22:36:24: [sbpp_comms.smx] "Console<0><Console><Console>" temporary unmuted "[BE Capt] Paradox<193><[U:1:23216004]><>" (reason "")
L 05/05/2017 - 22:37:03: [sbpp_comms.smx] "[NF] Mr. X.<93><[U:1:27106968]><>" temporary unmuted "[NF] Mr. X.<93><[U:1:27106968]><>" (reason "")
L 05/05/2017 - 22:38:24: [basecommands.smx] "Paradox<193><[U:1:23216004]><>" changed cvar (cvar "sv_alltalk") (value "0")
L 05/05/2017 - 22:38:36: [sbpp_comms.smx] ".|Ϟ|. Spike<139><[U:1:39029790]><>" temporary unmuted ".|Ϟ|. Spike<139><[U:1:39029790]><>" (reason "")
L 05/05/2017 - 22:38:44: [sbpp_comms.smx] "Paradox<193><[U:1:23216004]><>" temporary unmuted "Oktay<122><[U:1:116496292]><>" (reason "")
L 05/05/2017 - 22:38:44: [sbpp_comms.smx] "Paradox<193><[U:1:23216004]><>" temporary unmuted ".|Ϟ|. Spike<139><[U:1:39029790]><>" (reason "")
L 05/05/2017 - 22:38:44: [sbpp_comms.smx] "Paradox<193><[U:1:23216004]><>" temporary unmuted "RodanTheArcWielder<209><[U:1:164218573]><>" (reason "")
L 05/05/2017 - 22:38:44: [sbpp_comms.smx] "Paradox<193><[U:1:23216004]><>" temporary unmuted "Charlie (voice-chat off)<176><[U:1:41513856]><>" (reason "")
L 05/05/2017 - 22:38:44: [sbpp_comms.smx] "Paradox<193><[U:1:23216004]><>" temporary unmuted ".|Ϟ|. Tony<178><[U:1:59629924]><>" (reason "")
L 05/05/2017 - 22:38:44: [sbpp_comms.smx] "Paradox<193><[U:1:23216004]><>" temporary unmuted "Taliban Dan<207><[U:1:82860243]><>" (reason "")
L 05/05/2017 - 22:38:44: [sbpp_comms.smx] "Paradox<193><[U:1:23216004]><>" temporary unmuted "Paradox<193><[U:1:23216004]><>" (reason "")
L 05/05/2017 - 22:38:52: [sbpp_comms.smx] "Paradox<193><[U:1:23216004]><>" temporary ungagged "Oktay<122><[U:1:116496292]><>" (reason "")
L 05/05/2017 - 22:38:52: [sbpp_comms.smx] "Paradox<193><[U:1:23216004]><>" temporary ungagged "Dragolich<160><[U:1:66760780]><>" (reason "")
L 05/05/2017 - 22:38:52: [sbpp_comms.smx] "Paradox<193><[U:1:23216004]><>" temporary ungagged "SkepticDork<138><[U:1:387361653]><>" (reason "")
L 05/05/2017 - 22:38:52: [sbpp_comms.smx] "Paradox<193><[U:1:23216004]><>" temporary ungagged "Ace<196><[U:1:28942332]><>" (reason "")
L 05/05/2017 - 22:38:52: [sbpp_comms.smx] "Paradox<193><[U:1:23216004]><>" temporary ungagged ".|Ϟ|. Spike<139><[U:1:39029790]><>" (reason "")
L 05/05/2017 - 22:38:52: [sbpp_comms.smx] "Paradox<193><[U:1:23216004]><>" temporary ungagged "Condoms THนะ<133><[U:1:321115473]><>" (reason "")
L 05/05/2017 - 22:38:52: [sbpp_comms.smx] "Paradox<193><[U:1:23216004]><>" temporary ungagged "Born to Kill<181><[U:1:79842369]><>" (reason "")
L 05/05/2017 - 22:38:52: [sbpp_comms.smx] "Paradox<193><[U:1:23216004]><>" temporary ungagged "Spyer<150><[U:1:34143605]><>" (reason "")
L 05/05/2017 - 22:38:52: [sbpp_comms.smx] "Paradox<193><[U:1:23216004]><>" temporary ungagged "xsEgo(juma,Pivo today)<119><[U:1:72025437]><>" (reason "")
L 05/05/2017 - 22:38:52: [sbpp_comms.smx] "Paradox<193><[U:1:23216004]><>" temporary ungagged "Icon<210><[U:1:15813678]><>" (reason "")
L 05/05/2017 - 22:38:52: [sbpp_comms.smx] "Paradox<193><[U:1:23216004]><>" temporary ungagged "RodanTheArcWielder<209><[U:1:164218573]><>" (reason "")
L 05/05/2017 - 22:38:52: [sbpp_comms.smx] "Paradox<193><[U:1:23216004]><>" temporary ungagged "dda.90<98><[U:1:85174720]><>" (reason "")
L 05/05/2017 - 22:38:52: [sbpp_comms.smx] "Paradox<193><[U:1:23216004]><>" temporary ungagged "gunguy<187><[U:1:38743071]><>" (reason "")
L 05/05/2017 - 22:38:52: [sbpp_comms.smx] "Paradox<193><[U:1:23216004]><>" temporary ungagged "VV<156><[U:1:5870260]><>" (reason "")
L 05/05/2017 - 22:38:52: [sbpp_comms.smx] "Paradox<193><[U:1:23216004]><>" temporary ungagged "Ying-a-ling<180><[U:1:69031067]><>" (reason "")
L 05/05/2017 - 22:38:52: [sbpp_comms.smx] "Paradox<193><[U:1:23216004]><>" temporary ungagged "NaokiP<153><[U:1:42522970]><>" (reason "")
L 05/05/2017 - 22:38:52: [sbpp_comms.smx] "Paradox<193><[U:1:23216004]><>" temporary ungagged "Charlie (voice-chat off)<176><[U:1:41513856]><>" (reason "")
L 05/05/2017 - 22:38:52: [sbpp_comms.smx] "Paradox<193><[U:1:23216004]><>" temporary ungagged "MartinPL<144><[U:1:37623795]><>" (reason "")
L 05/05/2017 - 22:38:52: [sbpp_comms.smx] "Paradox<193><[U:1:23216004]><>" temporary ungagged "baronislav<188><[U:1:3148933]><>" (reason "")
L 05/05/2017 - 22:38:52: [sbpp_comms.smx] "Paradox<193><[U:1:23216004]><>" temporary ungagged "Justkidding<157><[U:1:2788022]><>" (reason "")
L 05/05/2017 - 22:38:52: [sbpp_comms.smx] "Paradox<193><[U:1:23216004]><>" temporary ungagged "jpbishnoi2001<197><[U:1:416873863]><>" (reason "")
L 05/05/2017 - 22:38:52: [sbpp_comms.smx] "Paradox<193><[U:1:23216004]><>" temporary ungagged "Aranjedeath<211><[U:1:19184851]><>" (reason "")
L 05/05/2017 - 22:38:52: [sbpp_comms.smx] "Paradox<193><[U:1:23216004]><>" temporary ungagged "Cpt.Good Mood [Fin]<166><[U:1:54448390]><>" (reason "")
L 05/05/2017 - 22:38:52: [sbpp_comms.smx] "Paradox<193><[U:1:23216004]><>" temporary ungagged ".|Ϟ|. Tony<178><[U:1:59629924]><>" (reason "")
L 05/05/2017 - 22:38:52: [sbpp_comms.smx] "Paradox<193><[U:1:23216004]><>" temporary ungagged "JK<172><[U:1:17292082]><>" (reason "")
L 05/05/2017 - 22:38:52: [sbpp_comms.smx] "Paradox<193><[U:1:23216004]><>" temporary ungagged "Dead Yinglet<174><[U:1:52053844]><>" (reason "")
L 05/05/2017 - 22:38:52: [sbpp_comms.smx] "Paradox<193><[U:1:23216004]><>" temporary ungagged "Taliban Dan<207><[U:1:82860243]><>" (reason "")
L 05/05/2017 - 22:38:52: [sbpp_comms.smx] "Paradox<193><[U:1:23216004]><>" temporary ungagged "Sir.SwagALot<192><[U:1:249217]><>" (reason "")
L 05/05/2017 - 22:38:52: [sbpp_comms.smx] "Paradox<193><[U:1:23216004]><>" temporary ungagged "Paradox<193><[U:1:23216004]><>" (reason "")
L 05/05/2017 - 22:38:52: [sbpp_comms.smx] "Paradox<193><[U:1:23216004]><>" temporary ungagged "Bob The Builder<194><[U:1:404080428]><>" (reason "")
L 05/05/2017 - 22:38:52: [sbpp_comms.smx] "Paradox<193><[U:1:23216004]><>" temporary ungagged "=F= MrBlueSky<198><[U:1:7486994]><>" (reason "")
L 05/05/2017 - 22:38:52: [sbpp_comms.smx] "Paradox<193><[U:1:23216004]><>" temporary ungagged "FERRUM<208><[U:1:555284914]><>" (reason "")
L 05/05/2017 - 22:38:52: [sbpp_comms.smx] "Paradox<193><[U:1:23216004]><>" temporary ungagged "TheElfis<200><[U:1:164555510]><>" (reason "")
L 05/05/2017 - 22:38:52: [sbpp_comms.smx] "Paradox<193><[U:1:23216004]><>" temporary ungagged "CrazyMRANZ<201><[U:1:42657167]><>" (reason "")
L 05/05/2017 - 22:38:52: [sbpp_comms.smx] "Paradox<193><[U:1:23216004]><>" temporary ungagged "MegaMLG<203><[U:1:104392409]><>" (reason "")
L 05/05/2017 - 22:38:52: [sbpp_comms.smx] "Paradox<193><[U:1:23216004]><>" temporary ungagged "neglecteD #100 squat power<204><[U:1:128907211]><>" (reason "")
L 05/05/2017 - 22:38:55: [sbpp_comms.smx] "Paradox<193><[U:1:23216004]><>" temporary unsilenced "Oktay<122><[U:1:116496292]><>" (reason "")
L 05/05/2017 - 22:38:55: [sbpp_comms.smx] "Paradox<193><[U:1:23216004]><>" temporary unsilenced "Dragolich<160><[U:1:66760780]><>" (reason "")
L 05/05/2017 - 22:38:55: [sbpp_comms.smx] "Paradox<193><[U:1:23216004]><>" temporary unsilenced "SkepticDork<138><[U:1:387361653]><>" (reason "")
L 05/05/2017 - 22:38:55: [sbpp_comms.smx] "Paradox<193><[U:1:23216004]><>" temporary unsilenced "Ace<196><[U:1:28942332]><>" (reason "")
L 05/05/2017 - 22:38:55: [sbpp_comms.smx] "Paradox<193><[U:1:23216004]><>" temporary unsilenced ".|Ϟ|. Spike<139><[U:1:39029790]><>" (reason "")
L 05/05/2017 - 22:38:55: [sbpp_comms.smx] "Paradox<193><[U:1:23216004]><>" temporary unsilenced "Condoms THนะ<133><[U:1:321115473]><>" (reason "")
L 05/05/2017 - 22:38:55: [sbpp_comms.smx] "Paradox<193><[U:1:23216004]><>" temporary unsilenced "Born to Kill<181><[U:1:79842369]><>" (reason "")
L 05/05/2017 - 22:38:55: [sbpp_comms.smx] "Paradox<193><[U:1:23216004]><>" temporary unsilenced "Spyer<150><[U:1:34143605]><>" (reason "")
L 05/05/2017 - 22:38:55: [sbpp_comms.smx] "Paradox<193><[U:1:23216004]><>" temporary unsilenced "xsEgo(juma,Pivo today)<119><[U:1:72025437]><>" (reason "")
L 05/05/2017 - 22:38:55: [sbpp_comms.smx] "Paradox<193><[U:1:23216004]><>" temporary unsilenced "Icon<210><[U:1:15813678]><>" (reason "")
L 05/05/2017 - 22:38:55: [sbpp_comms.smx] "Paradox<193><[U:1:23216004]><>" temporary unsilenced "RodanTheArcWielder<209><[U:1:164218573]><>" (reason "")
L 05/05/2017 - 22:38:55: [sbpp_comms.smx] "Paradox<193><[U:1:23216004]><>" temporary unsilenced "dda.90<98><[U:1:85174720]><>" (reason "")
L 05/05/2017 - 22:38:55: [sbpp_comms.smx] "Paradox<193><[U:1:23216004]><>" temporary unsilenced "gunguy<187><[U:1:38743071]><>" (reason "")
L 05/05/2017 - 22:38:55: [sbpp_comms.smx] "Paradox<193><[U:1:23216004]><>" temporary unsilenced "VV<156><[U:1:5870260]><>" (reason "")
L 05/05/2017 - 22:38:55: [sbpp_comms.smx] "Paradox<193><[U:1:23216004]><>" temporary unsilenced "Ying-a-ling<180><[U:1:69031067]><>" (reason "")
L 05/05/2017 - 22:38:55: [sbpp_comms.smx] "Paradox<193><[U:1:23216004]><>" temporary unsilenced "NaokiP<153><[U:1:42522970]><>" (reason "")
L 05/05/2017 - 22:38:55: [sbpp_comms.smx] "Paradox<193><[U:1:23216004]><>" temporary unsilenced "Charlie (voice-chat off)<176><[U:1:41513856]><>" (reason "")
L 05/05/2017 - 22:38:55: [sbpp_comms.smx] "Paradox<193><[U:1:23216004]><>" temporary unsilenced "MartinPL<144><[U:1:37623795]><>" (reason "")
L 05/05/2017 - 22:38:55: [sbpp_comms.smx] "Paradox<193><[U:1:23216004]><>" temporary unsilenced "baronislav<188><[U:1:3148933]><>" (reason "")
L 05/05/2017 - 22:38:55: [sbpp_comms.smx] "Paradox<193><[U:1:23216004]><>" temporary unsilenced "Justkidding<157><[U:1:2788022]><>" (reason "")
L 05/05/2017 - 22:38:55: [sbpp_comms.smx] "Paradox<193><[U:1:23216004]><>" temporary unsilenced "jpbishnoi2001<197><[U:1:416873863]><>" (reason "")
L 05/05/2017 - 22:38:55: [sbpp_comms.smx] "Paradox<193><[U:1:23216004]><>" temporary unsilenced "Aranjedeath<211><[U:1:19184851]><>" (reason "")
L 05/05/2017 - 22:38:55: [sbpp_comms.smx] "Paradox<193><[U:1:23216004]><>" temporary unsilenced "Cpt.Good Mood [Fin]<166><[U:1:54448390]><>" (reason "")
L 05/05/2017 - 22:38:55: [sbpp_comms.smx] "Paradox<193><[U:1:23216004]><>" temporary unsilenced ".|Ϟ|. Tony<178><[U:1:59629924]><>" (reason "")
L 05/05/2017 - 22:38:55: [sbpp_comms.smx] "Paradox<193><[U:1:23216004]><>" temporary unsilenced "JK<172><[U:1:17292082]><>" (reason "")
L 05/05/2017 - 22:38:55: [sbpp_comms.smx] "Paradox<193><[U:1:23216004]><>" temporary unsilenced "Dead Yinglet<174><[U:1:52053844]><>" (reason "")
L 05/05/2017 - 22:38:55: [sbpp_comms.smx] "Paradox<193><[U:1:23216004]><>" temporary unsilenced "Taliban Dan<207><[U:1:82860243]><>" (reason "")
L 05/05/2017 - 22:38:55: [sbpp_comms.smx] "Paradox<193><[U:1:23216004]><>" temporary unsilenced "Sir.SwagALot<192><[U:1:249217]><>" (reason "")
L 05/05/2017 - 22:38:55: [sbpp_comms.smx] "Paradox<193><[U:1:23216004]><>" temporary unsilenced "Paradox<193><[U:1:23216004]><>" (reason "")
L 05/05/2017 - 22:38:55: [sbpp_comms.smx] "Paradox<193><[U:1:23216004]><>" temporary unsilenced "Bob The Builder<194><[U:1:404080428]><>" (reason "")
L 05/05/2017 - 22:38:55: [sbpp_comms.smx] "Paradox<193><[U:1:23216004]><>" temporary unsilenced "=F= MrBlueSky<198><[U:1:7486994]><>" (reason "")
L 05/05/2017 - 22:38:55: [sbpp_comms.smx] "Paradox<193><[U:1:23216004]><>" temporary unsilenced "FERRUM<208><[U:1:555284914]><>" (reason "")
L 05/05/2017 - 22:38:55: [sbpp_comms.smx] "Paradox<193><[U:1:23216004]><>" temporary unsilenced "TheElfis<200><[U:1:164555510]><>" (reason "")
L 05/05/2017 - 22:38:55: [sbpp_comms.smx] "Paradox<193><[U:1:23216004]><>" temporary unsilenced "CrazyMRANZ<201><[U:1:42657167]><>" (reason "")
L 05/05/2017 - 22:38:55: [sbpp_comms.smx] "Paradox<193><[U:1:23216004]><>" temporary unsilenced "MegaMLG<203><[U:1:104392409]><>" (reason "")
L 05/05/2017 - 22:38:55: [sbpp_comms.smx] "Paradox<193><[U:1:23216004]><>" temporary unsilenced "neglecteD #100 squat power<204><[U:1:128907211]><>" (reason "")
L 05/05/2017 - 22:39:09: [basecommands.smx] ".|Ϟ|. Spike<139><[U:1:39029790]><>" changed cvar (cvar "sv_alltalk") (value "0")
L 05/05/2017 - 23:35:57: [SM] Changed map to "emp_raiders_b1"
L 05/05/2017 - 23:35:58: -------- Mapchange to emp_raiders_b1 --------
L 05/05/2017 - 23:41:34: [basecommands.smx] "Paradox<241><[U:1:23216004]><>" changed cvar (cvar "sv_alltalk") (value "0")
