L 02/25/2018 - 00:18:04: SourceMod log file session started (file "L20180225.log") (Version "1.8.0.5912")
L 02/25/2018 - 00:18:04: [saysounds.smx] [Say Sounds] Enabled, Hooking Events
L 02/25/2018 - 00:18:04: [saysounds.smx] [Say Sounds] No specific game detected
L 02/25/2018 - 00:19:48: [SM] Changed map to "emp_coast"
L 02/25/2018 - 00:19:49: -------- Mapchange to emp_coast --------
L 02/25/2018 - 00:19:50: [autorecorder.smx] Recording to auto-20180225-001950-emp_coast.dem
L 02/25/2018 - 00:19:59: [security_entity_limit.smx] [SEL] 473 entities have been protected from deleting.This map contain 1575 free entity slot!
L 02/25/2018 - 01:09:39: [saysounds.smx] [Say Sounds] Enabled, Hooking Events
L 02/25/2018 - 01:09:39: [saysounds.smx] [Say Sounds] No specific game detected
L 02/25/2018 - 01:11:23: [SM] Changed map to "emp_forest_ob_2013_fix"
L 02/25/2018 - 01:11:24: -------- Mapchange to emp_forest_ob_2013_fix --------
L 02/25/2018 - 01:11:26: [autorecorder.smx] Recording to auto-20180225-011126-emp_forest_ob_2013_fix.dem
L 02/25/2018 - 01:11:34: [security_entity_limit.smx] [SEL] 294 entities have been protected from deleting.This map contain 1754 free entity slot!
L 02/25/2018 - 01:46:12: [saysounds.smx] [Say Sounds] Enabled, Hooking Events
L 02/25/2018 - 01:46:12: [saysounds.smx] [Say Sounds] No specific game detected
L 02/25/2018 - 01:47:56: [SM] Changed map to "emp_duststorm_fix2"
L 02/25/2018 - 01:47:57: -------- Mapchange to emp_duststorm_fix2 --------
L 02/25/2018 - 01:48:01: [autorecorder.smx] Recording to auto-20180225-014801-emp_duststorm_fix2.dem
L 02/25/2018 - 01:48:07: [security_entity_limit.smx] [SEL] 249 entities have been protected from deleting.This map contain 1799 free entity slot!
L 02/25/2018 - 01:48:24: [basecommands.smx] "Mr. X.<78><[U:1:27106968]><>" console command (cmdline "emp_allowspectators 1")
L 02/25/2018 - 01:48:24: [basecommands.smx] "Mr. X.<78><[U:1:27106968]><>" console command (cmdline "emp_allowspectators 0")
L 02/25/2018 - 01:57:24: [basechat.smx] "Mr. X.<78><[U:1:27106968]><>" triggered sm_psay to "Mr. X.<78><[U:1:27106968]><>" (text test)
L 02/25/2018 - 02:04:55: [saysounds.smx] [Say Sounds] Enabled, Hooking Events
L 02/25/2018 - 02:04:55: [saysounds.smx] [Say Sounds] No specific game detected
L 02/25/2018 - 02:06:00: [SM] Changed map to "emp_palmbay_fix"
L 02/25/2018 - 02:06:01: -------- Mapchange to emp_palmbay_fix --------
L 02/25/2018 - 02:06:05: [autorecorder.smx] Recording to auto-20180225-020605-emp_palmbay_fix.dem
L 02/25/2018 - 02:06:11: [security_entity_limit.smx] [SEL] 250 entities have been protected from deleting.This map contain 1798 free entity slot!
L 02/25/2018 - 02:08:29: [basecommands.smx] "Mr. X.<78><[U:1:27106968]><>" console command (cmdline "emp_allowspectators 1")
L 02/25/2018 - 02:08:29: [basecommands.smx] "Mr. X.<78><[U:1:27106968]><>" console command (cmdline "emp_allowspectators 0")
L 02/25/2018 - 02:20:23: [basechat.smx] "Mr. X.<78><[U:1:27106968]><>" triggered sm_psay to "kirkland signature girl<125><[U:1:6899753]><>" (text type !recwalls)
L 02/25/2018 - 02:34:31: [saysounds.smx] [Say Sounds] Enabled, Hooking Events
L 02/25/2018 - 02:34:31: [saysounds.smx] [Say Sounds] No specific game detected
L 02/25/2018 - 02:35:37: [SM] Changed map to "emp_streetsoffire_fix"
L 02/25/2018 - 02:35:38: -------- Mapchange to emp_streetsoffire_fix --------
L 02/25/2018 - 02:35:42: [autorecorder.smx] Recording to auto-20180225-023542-emp_streetsoffire_fix.dem
L 02/25/2018 - 02:35:48: [security_entity_limit.smx] [SEL] 569 entities have been protected from deleting.This map contain 1479 free entity slot!
L 02/25/2018 - 02:37:55: [basevotes.smx] "Hyperbolic Hubris<24><[U:1:15813678]><>" initiated a generic vote.
L 02/25/2018 - 02:39:48: [basecommands.smx] "Mr. X.<78><[U:1:27106968]><>" console command (cmdline "emp_allowspectators 1")
L 02/25/2018 - 02:39:48: [basecommands.smx] "Mr. X.<78><[U:1:27106968]><>" console command (cmdline "emp_allowspectators 0")
L 02/25/2018 - 02:41:08: [SM] Changed map to "con_district402"
L 02/25/2018 - 02:41:09: -------- Mapchange to con_district402 --------
L 02/25/2018 - 02:41:09: [saysounds.smx] [Say Sounds] No specific game detected
L 02/25/2018 - 02:41:10: [autorecorder.smx] Recording to auto-20180225-024110-con_district402.dem
L 02/25/2018 - 02:41:19: [security_entity_limit.smx] [SEL] 452 entities have been protected from deleting.This map contain 1596 free entity slot!
L 02/25/2018 - 02:42:22: [saysounds.smx] [Say Sounds] Disabled, Unhooking Events
L 02/25/2018 - 03:11:57: [saysounds.smx] [Say Sounds] Enabled, Hooking Events
L 02/25/2018 - 03:11:57: [saysounds.smx] [Say Sounds] No specific game detected
L 02/25/2018 - 03:13:42: [SM] Changed map to "emp_nuclear_b8u_xfix"
L 02/25/2018 - 03:13:42: -------- Mapchange to emp_nuclear_b8u_xfix --------
L 02/25/2018 - 03:13:44: [autorecorder.smx] Recording to auto-20180225-031344-emp_nuclear_b8u_xfix.dem
L 02/25/2018 - 03:13:53: [security_entity_limit.smx] [SEL] 1001 entities have been protected from deleting.This map contain 1047 free entity slot!
L 02/25/2018 - 03:14:57: [saysounds.smx] [Say Sounds] Disabled, Unhooking Events
L 02/25/2018 - 03:53:20: [saysounds.smx] [Say Sounds] Enabled, Hooking Events
L 02/25/2018 - 03:53:20: [saysounds.smx] [Say Sounds] No specific game detected
L 02/25/2018 - 03:54:25: [SM] Changed map to "emp_drygulch_a6"
L 02/25/2018 - 03:54:26: -------- Mapchange to emp_drygulch_a6 --------
L 02/25/2018 - 03:54:28: [autorecorder.smx] Recording to auto-20180225-035428-emp_drygulch_a6.dem
L 02/25/2018 - 03:54:37: [security_entity_limit.smx] [SEL] 189 entities have been protected from deleting.This map contain 1859 free entity slot!
L 02/25/2018 - 03:59:14: [SM] Changed map to "con_urbanchaos_comm_b2"
L 02/25/2018 - 03:59:15: -------- Mapchange to con_urbanchaos_comm_b2 --------
L 02/25/2018 - 03:59:16: [autorecorder.smx] Recording to auto-20180225-035916-con_urbanchaos_comm_b2.dem
L 02/25/2018 - 03:59:25: [security_entity_limit.smx] [SEL] 657 entities have been protected from deleting.This map contain 1391 free entity slot!
L 02/25/2018 - 04:01:05: [saysounds.smx] [Say Sounds] Disabled, Unhooking Events
L 02/25/2018 - 04:12:18: [saysounds.smx] [Say Sounds] Enabled, Hooking Events
L 02/25/2018 - 04:12:18: [saysounds.smx] [Say Sounds] No specific game detected
L 02/25/2018 - 04:13:02: [SM] Changed map to "emp_beachfront_b2_hce"
L 02/25/2018 - 04:13:02: -------- Mapchange to emp_beachfront_b2_hce --------
L 02/25/2018 - 04:13:12: [security_entity_limit.smx] [SEL] 161 entities have been protected from deleting.This map contain 1887 free entity slot!
L 02/25/2018 - 04:15:20: [saysounds.smx] [Say Sounds] Disabled, Unhooking Events
L 02/25/2018 - 04:15:20: [autorecorder.smx] Recording to auto-20180225-041520-emp_beachfront_b2_hce.dem
L 02/25/2018 - 17:18:07: [basecommands.smx] "Mr. X.<161><[U:1:27106968]><>" changed map to "emp_cyclopean"
L 02/25/2018 - 17:18:10: [SM] Changed map to "emp_cyclopean"
L 02/25/2018 - 17:18:11: -------- Mapchange to emp_cyclopean --------
L 02/25/2018 - 17:18:11: [saysounds.smx] [Say Sounds] Enabled, Hooking Events
L 02/25/2018 - 17:18:11: [saysounds.smx] [Say Sounds] No specific game detected
L 02/25/2018 - 17:18:21: [security_entity_limit.smx] [SEL] 477 entities have been protected from deleting.This map contain 1571 free entity slot!
L 02/25/2018 - 17:18:32: [saysounds.smx] [Say Sounds] Disabled, Unhooking Events
L 02/25/2018 - 17:18:32: [autorecorder.smx] Recording to auto-20180225-171832-emp_cyclopean.dem
L 02/25/2018 - 17:19:04: [basecommands.smx] "Mr. X.<161><[U:1:27106968]><>" console command (cmdline "sm_parachute_linear 0")
L 02/25/2018 - 17:19:54: [basecommands.smx] "Mr. X.<161><[U:1:27106968]><>" console command (cmdline "exec testing")
L 02/25/2018 - 17:20:40: [basecommands.smx] "Mr. X.<161><[U:1:27106968]><>" console command (cmdline "sm_parachute_linear 1")
L 02/25/2018 - 17:21:16: [basecommands.smx] "Mr. X.<161><[U:1:27106968]><>" console command (cmdline "sm_parachute_fallspeed 1000")
L 02/25/2018 - 17:21:27: [basecommands.smx] "Mr. X.<161><[U:1:27106968]><>" console command (cmdline "sm_parachute_fallspeed 200")
L 02/25/2018 - 17:21:46: [basecommands.smx] "Mr. X.<161><[U:1:27106968]><>" console command (cmdline "sm_parachute_fallspeed 300")
L 02/25/2018 - 17:22:32: [basecommands.smx] "Mr. X.<161><[U:1:27106968]><>" console command (cmdline "sm_parachute_decrease 20")
L 02/25/2018 - 17:22:48: [basecommands.smx] "Mr. X.<161><[U:1:27106968]><>" console command (cmdline "sm_parachute_decrease 25")
L 02/25/2018 - 17:26:46: [basecommands.smx] "Mr. X.<161><[U:1:27106968]><>" changed map to "emp_glacial_b2"
L 02/25/2018 - 17:26:49: [SM] Changed map to "emp_glacial_b2"
L 02/25/2018 - 17:26:49: -------- Mapchange to emp_glacial_b2 --------
L 02/25/2018 - 17:26:49: [saysounds.smx] [Say Sounds] Enabled, Hooking Events
L 02/25/2018 - 17:26:49: [saysounds.smx] [Say Sounds] No specific game detected
L 02/25/2018 - 17:26:59: [security_entity_limit.smx] [SEL] 200 entities have been protected from deleting.This map contain 1848 free entity slot!
L 02/25/2018 - 17:27:07: [saysounds.smx] [Say Sounds] Disabled, Unhooking Events
L 02/25/2018 - 17:27:07: [autorecorder.smx] Recording to auto-20180225-172707-emp_glacial_b2.dem
L 02/25/2018 - 17:28:01: [basecommands.smx] "Mr. X.<161><[U:1:27106968]><>" console command (cmdline "sm_parachute_decrease 30")
L 02/25/2018 - 17:28:19: [basecommands.smx] "Mr. X.<161><[U:1:27106968]><>" console command (cmdline "exec testing")
L 02/25/2018 - 17:32:21: [basecommands.smx] "Mr. X.<161><[U:1:27106968]><>" changed map to "emp_midbridge"
L 02/25/2018 - 17:32:24: [SM] Changed map to "emp_midbridge"
L 02/25/2018 - 17:32:25: -------- Mapchange to emp_midbridge --------
L 02/25/2018 - 17:32:25: [saysounds.smx] [Say Sounds] Enabled, Hooking Events
L 02/25/2018 - 17:32:25: [saysounds.smx] [Say Sounds] No specific game detected
L 02/25/2018 - 17:32:35: [security_entity_limit.smx] [SEL] 581 entities have been protected from deleting.This map contain 1467 free entity slot!
L 02/25/2018 - 17:32:45: [saysounds.smx] [Say Sounds] Disabled, Unhooking Events
L 02/25/2018 - 17:32:45: [autorecorder.smx] Recording to auto-20180225-173245-emp_midbridge.dem
L 02/25/2018 - 17:32:50: [basecommands.smx] "Mr. X.<161><[U:1:27106968]><>" console command (cmdline "exec testing")
L 02/25/2018 - 17:37:36: SourceMod log file session started (file "L20180225.log") (Version "1.8.0.5912")
L 02/25/2018 - 17:37:36: -------- Mapchange to con_district402 --------
L 02/25/2018 - 17:37:36: [saysounds.smx] [Say Sounds] No specific game detected
L 02/25/2018 - 17:37:36: [security_entity_limit.smx] Security Entity Limit [SEL] Activate!
L 02/25/2018 - 17:37:36: [security_entity_limit.smx] [SEL]Current version: 0.5.4
Plugin made by Benoist3012!
L 02/25/2018 - 17:37:48: [security_entity_limit.smx] [SEL] 436 entities have been protected from deleting.This map contain 1612 free entity slot!
L 02/25/2018 - 17:37:51: [basecommands.smx] "Mr. X.<3><[U:1:27106968]><>" changed map to "emp_midbridge"
L 02/25/2018 - 17:37:54: [SM] Changed map to "emp_midbridge"
L 02/25/2018 - 17:37:55: -------- Mapchange to emp_midbridge --------
L 02/25/2018 - 17:38:06: [security_entity_limit.smx] [SEL] 581 entities have been protected from deleting.This map contain 1467 free entity slot!
L 02/25/2018 - 17:38:13: [saysounds.smx] [Say Sounds] Disabled, Unhooking Events
L 02/25/2018 - 17:38:13: [autorecorder.smx] Recording to auto-20180225-173813-emp_midbridge.dem
L 02/25/2018 - 17:38:15: [basecommands.smx] "Mr. X.<3><[U:1:27106968]><>" console command (cmdline "exec testing")
L 02/25/2018 - 19:04:05: [saysounds.smx] [Say Sounds] Enabled, Hooking Events
L 02/25/2018 - 19:04:05: [saysounds.smx] [Say Sounds] No specific game detected
L 02/25/2018 - 19:05:10: [SM] Changed map to "emp_beachfront_b2_hce"
L 02/25/2018 - 19:05:10: -------- Mapchange to emp_beachfront_b2_hce --------
L 02/25/2018 - 19:05:12: [autorecorder.smx] Recording to auto-20180225-190512-emp_beachfront_b2_hce.dem
L 02/25/2018 - 19:05:20: [security_entity_limit.smx] [SEL] 175 entities have been protected from deleting.This map contain 1873 free entity slot!
L 02/25/2018 - 19:06:05: [basecommands.smx] "Mr. X.<11><[U:1:27106968]><>" console command (cmdline "emp_allowspectators 1")
L 02/25/2018 - 19:06:05: [basecommands.smx] "Mr. X.<11><[U:1:27106968]><>" console command (cmdline "emp_allowspectators 0")
L 02/25/2018 - 19:10:48: [saysounds.smx] [Say Sounds] Disabled, Unhooking Events
L 02/25/2018 - 19:41:50: [saysounds.smx] [Say Sounds] Enabled, Hooking Events
L 02/25/2018 - 19:41:50: [saysounds.smx] [Say Sounds] No specific game detected
L 02/25/2018 - 19:43:34: [SM] Changed map to "emp_downfall_hce"
L 02/25/2018 - 19:43:35: -------- Mapchange to emp_downfall_hce --------
L 02/25/2018 - 19:43:38: [autorecorder.smx] Recording to auto-20180225-194338-emp_downfall_hce.dem
L 02/25/2018 - 19:43:45: [security_entity_limit.smx] [SEL] 166 entities have been protected from deleting.This map contain 1882 free entity slot!
L 02/25/2018 - 19:47:27: [saysounds.smx] [Say Sounds] Disabled, Unhooking Events
L 02/25/2018 - 19:52:47: [basecommands.smx] "Mr. X.<11><[U:1:27106968]><>" console command (cmdline "emp_allowspectators 1")
L 02/25/2018 - 19:52:47: [basecommands.smx] "Mr. X.<11><[U:1:27106968]><>" console command (cmdline "emp_allowspectators 0")
L 02/25/2018 - 19:59:45: [saysounds.smx] [Say Sounds] Enabled, Hooking Events
L 02/25/2018 - 19:59:45: [saysounds.smx] [Say Sounds] No specific game detected
L 02/25/2018 - 20:01:29: [SM] Changed map to "emp_hazard_rc6"
L 02/25/2018 - 20:01:30: -------- Mapchange to emp_hazard_rc6 --------
L 02/25/2018 - 20:01:34: [autorecorder.smx] Recording to auto-20180225-200134-emp_hazard_rc6.dem
L 02/25/2018 - 20:01:40: [security_entity_limit.smx] [SEL] 372 entities have been protected from deleting.This map contain 1676 free entity slot!
L 02/25/2018 - 20:06:02: [saysounds.smx] [Say Sounds] Disabled, Unhooking Events
L 02/25/2018 - 20:16:28: [saysounds.smx] [Say Sounds] Enabled, Hooking Events
L 02/25/2018 - 20:16:28: [saysounds.smx] [Say Sounds] No specific game detected
L 02/25/2018 - 20:17:34: [SM] Changed map to "emp_nuclear_b8u_xfix"
L 02/25/2018 - 20:17:35: -------- Mapchange to emp_nuclear_b8u_xfix --------
L 02/25/2018 - 20:17:39: [autorecorder.smx] Recording to auto-20180225-201739-emp_nuclear_b8u_xfix.dem
L 02/25/2018 - 20:17:45: [security_entity_limit.smx] [SEL] 1009 entities have been protected from deleting.This map contain 1039 free entity slot!
L 02/25/2018 - 20:18:45: [saysounds.smx] [Say Sounds] Disabled, Unhooking Events
L 02/25/2018 - 20:23:12: [basechat.smx] "Mr. X.<11><[U:1:27106968]><>" triggered sm_psay to "ScardyBob<32><[U:1:21571057]><>" (text careful what you wish for)
L 02/25/2018 - 20:24:16: [basechat.smx] "Mr. X.<11><[U:1:27106968]><>" triggered sm_psay to "c-137 Medicine<16><[U:1:33445435]><>" (text let the grens do that it only takes like 1 mortar or RPG)
L 02/25/2018 - 20:24:37: [basechat.smx] "Mr. X.<11><[U:1:27106968]><>" triggered sm_psay to "c-137 Medicine<16><[U:1:33445435]><>" (text just)
L 02/25/2018 - 20:40:32: [saysounds.smx] [Say Sounds] Enabled, Hooking Events
L 02/25/2018 - 20:40:32: [saysounds.smx] [Say Sounds] No specific game detected
L 02/25/2018 - 20:41:08: [basechat.smx] "Mr. X.<11><[U:1:27106968]><>" triggered sm_say (text vote flat, kthx)
L 02/25/2018 - 20:41:13: [basechat.smx] "Mr. X.<11><[U:1:27106968]><>" triggered sm_say (text need to test the res rate)
L 02/25/2018 - 20:42:16: [SM] Changed map to "emp_flat_hce"
L 02/25/2018 - 20:42:16: -------- Mapchange to emp_flat_hce --------
L 02/25/2018 - 20:42:19: [autorecorder.smx] Recording to auto-20180225-204219-emp_flat_hce.dem
L 02/25/2018 - 20:42:27: [security_entity_limit.smx] [SEL] 274 entities have been protected from deleting.This map contain 1774 free entity slot!
L 02/25/2018 - 21:07:52: [saysounds.smx] [Say Sounds] Enabled, Hooking Events
L 02/25/2018 - 21:07:52: [saysounds.smx] [Say Sounds] No specific game detected
L 02/25/2018 - 21:09:37: [SM] Changed map to "emp_snowstorm_rc6_hce"
L 02/25/2018 - 21:09:37: -------- Mapchange to emp_snowstorm_rc6_hce --------
L 02/25/2018 - 21:09:40: [autorecorder.smx] Recording to auto-20180225-210940-emp_snowstorm_rc6_hce.dem
L 02/25/2018 - 21:09:47: [basecommands.smx] "Mr. X.<11><[U:1:27106968]><>" console command (cmdline "emp_allowspectators 1")
L 02/25/2018 - 21:09:47: [basecommands.smx] "Mr. X.<11><[U:1:27106968]><>" console command (cmdline "emp_allowspectators 0")
L 02/25/2018 - 21:09:47: [security_entity_limit.smx] [SEL] 248 entities have been protected from deleting.This map contain 1800 free entity slot!
L 02/25/2018 - 21:10:41: [basechat.smx] "Mr. X.<11><[U:1:27106968]><>" triggered sm_say (text middle refinery is now x3)
L 02/25/2018 - 21:10:54: [basechat.smx] "Mr. X.<11><[U:1:27106968]><>" triggered sm_say (text all others are x2)
L 02/25/2018 - 21:29:07: [saysounds.smx] [Say Sounds] Enabled, Hooking Events
L 02/25/2018 - 21:29:07: [saysounds.smx] [Say Sounds] No specific game detected
L 02/25/2018 - 21:30:51: [SM] Changed map to "emp_drygulch_a6"
L 02/25/2018 - 21:30:52: -------- Mapchange to emp_drygulch_a6 --------
L 02/25/2018 - 21:30:55: [autorecorder.smx] Recording to auto-20180225-213055-emp_drygulch_a6.dem
L 02/25/2018 - 21:31:02: [security_entity_limit.smx] [SEL] 205 entities have been protected from deleting.This map contain 1843 free entity slot!
L 02/25/2018 - 21:35:26: [basechat.smx] "Mr. X.<11><[U:1:27106968]><>" triggered sm_say (text resumevote)
L 02/25/2018 - 22:51:03: [saysounds.smx] [Say Sounds] Enabled, Hooking Events
L 02/25/2018 - 22:51:03: [saysounds.smx] [Say Sounds] No specific game detected
L 02/25/2018 - 22:52:48: [SM] Changed map to "emp_massacred_rc1"
L 02/25/2018 - 22:52:51: -------- Mapchange to emp_massacred_rc1 --------
L 02/25/2018 - 22:53:01: [autorecorder.smx] Recording to auto-20180225-225301-emp_massacred_rc1.dem
L 02/25/2018 - 22:53:02: [security_entity_limit.smx] [SEL] 355 entities have been protected from deleting.This map contain 1693 free entity slot!
L 02/25/2018 - 22:53:43: [basecommands.smx] "Mr. X.<11><[U:1:27106968]><>" console command (cmdline "emp_allowspectators 1")
L 02/25/2018 - 22:53:44: [basecommands.smx] "Mr. X.<11><[U:1:27106968]><>" console command (cmdline "emp_allowspectators 0")
L 02/25/2018 - 23:01:23: [SM] Changed map to "con_blast_ob2"
L 02/25/2018 - 23:01:24: -------- Mapchange to con_blast_ob2 --------
L 02/25/2018 - 23:01:24: [saysounds.smx] [Say Sounds] Enabled, Hooking Events
L 02/25/2018 - 23:01:24: [saysounds.smx] [Say Sounds] No specific game detected
L 02/25/2018 - 23:01:27: [autorecorder.smx] Recording to auto-20180225-230127-con_blast_ob2.dem
L 02/25/2018 - 23:01:34: [security_entity_limit.smx] [SEL] 667 entities have been protected from deleting.This map contain 1381 free entity slot!
L 02/25/2018 - 23:02:56: [saysounds.smx] [Say Sounds] Disabled, Unhooking Events
L 02/25/2018 - 23:15:26: [saysounds.smx] [Say Sounds] Enabled, Hooking Events
L 02/25/2018 - 23:15:26: [saysounds.smx] [Say Sounds] No specific game detected
L 02/25/2018 - 23:17:11: [SM] Changed map to "fun_ricochet_a4"
L 02/25/2018 - 23:17:11: -------- Mapchange to fun_ricochet_a4 --------
L 02/25/2018 - 23:17:14: [autorecorder.smx] Recording to auto-20180225-231714-fun_ricochet_a4.dem
L 02/25/2018 - 23:17:21: [security_entity_limit.smx] [SEL] 186 entities have been protected from deleting.This map contain 1862 free entity slot!
L 02/25/2018 - 23:17:52: [saysounds.smx] [Say Sounds] Disabled, Unhooking Events
L 02/25/2018 - 23:24:06: [saysounds.smx] [Say Sounds] Enabled, Hooking Events
L 02/25/2018 - 23:24:06: [saysounds.smx] [Say Sounds] No specific game detected
L 02/25/2018 - 23:25:11: [SM] Changed map to "emp_nuclear_b8u_xfix"
L 02/25/2018 - 23:25:12: -------- Mapchange to emp_nuclear_b8u_xfix --------
L 02/25/2018 - 23:25:17: [autorecorder.smx] Recording to auto-20180225-232517-emp_nuclear_b8u_xfix.dem
L 02/25/2018 - 23:25:22: [security_entity_limit.smx] [SEL] 999 entities have been protected from deleting.This map contain 1049 free entity slot!
L 02/25/2018 - 23:26:30: [saysounds.smx] [Say Sounds] Disabled, Unhooking Events
