L 10/21/2017 - 14:32:59: SourceMod log file session started (file "L20171021.log") (Version "1.8.0.5912")
L 10/21/2017 - 14:32:59: [saysounds.smx] [Say Sounds] Disabled, Unhooking Events
L 10/21/2017 - 15:06:23: [saysounds.smx] [Say Sounds] Enabled, Hooking Events
L 10/21/2017 - 15:06:23: [saysounds.smx] [Say Sounds] No specific game detected
L 10/21/2017 - 15:06:58: [SM] Changed map to "con_glycencity"
L 10/21/2017 - 15:07:00: -------- Mapchange to con_glycencity --------
L 10/21/2017 - 15:07:10: [security_entity_limit.smx] [SEL] 634 entities have been protected from deleting.This map contain 1414 free entity slot!
L 10/21/2017 - 15:41:37: [SM] Changed map to "emp_crossroads"
L 10/21/2017 - 15:41:38: -------- Mapchange to emp_crossroads --------
L 10/21/2017 - 15:41:49: [security_entity_limit.smx] [SEL] 578 entities have been protected from deleting.This map contain 1470 free entity slot!
L 10/21/2017 - 16:10:56: SourceMod log file session started (file "L20171021.log") (Version "1.8.0.5912")
L 10/21/2017 - 16:10:56: -------- Mapchange to con_district402 --------
L 10/21/2017 - 16:10:56: [saysounds.smx] [Say Sounds] No specific game detected
L 10/21/2017 - 16:10:56: [security_entity_limit.smx] Security Entity Limit [SEL] Activate!
L 10/21/2017 - 16:10:56: [security_entity_limit.smx] [SEL]Current version: 0.5.4
Plugin made by Benoist3012!
L 10/21/2017 - 16:11:07: [security_entity_limit.smx] [SEL] 432 entities have been protected from deleting.This map contain 1616 free entity slot!
L 10/21/2017 - 16:20:31: [saysounds.smx] [Say Sounds] Disabled, Unhooking Events
L 10/21/2017 - 16:55:40: [saysounds.smx] [Say Sounds] Enabled, Hooking Events
L 10/21/2017 - 16:55:40: [saysounds.smx] [Say Sounds] No specific game detected
L 10/21/2017 - 16:56:46: [SM] Changed map to "emp_downfall"
L 10/21/2017 - 16:56:47: -------- Mapchange to emp_downfall --------
L 10/21/2017 - 16:56:57: [security_entity_limit.smx] [SEL] 160 entities have been protected from deleting.This map contain 1888 free entity slot!
L 10/21/2017 - 16:59:53: [saysounds.smx] [Say Sounds] Disabled, Unhooking Events
L 10/21/2017 - 17:24:12: [saysounds.smx] [Say Sounds] Enabled, Hooking Events
L 10/21/2017 - 17:24:12: [saysounds.smx] [Say Sounds] No specific game detected
L 10/21/2017 - 17:25:56: [SM] Changed map to "fun_ricochet_a3"
L 10/21/2017 - 17:25:57: -------- Mapchange to fun_ricochet_a3 --------
L 10/21/2017 - 17:26:07: [security_entity_limit.smx] [SEL] 184 entities have been protected from deleting.This map contain 1864 free entity slot!
L 10/21/2017 - 17:26:38: [saysounds.smx] [Say Sounds] Disabled, Unhooking Events
L 10/21/2017 - 17:32:04: [saysounds.smx] [Say Sounds] Enabled, Hooking Events
L 10/21/2017 - 17:32:04: [saysounds.smx] [Say Sounds] No specific game detected
L 10/21/2017 - 17:33:48: [SM] Changed map to "con_blast_ob2"
L 10/21/2017 - 17:33:48: -------- Mapchange to con_blast_ob2 --------
L 10/21/2017 - 17:33:59: [security_entity_limit.smx] [SEL] 667 entities have been protected from deleting.This map contain 1381 free entity slot!
L 10/21/2017 - 17:35:03: [saysounds.smx] [Say Sounds] Disabled, Unhooking Events
L 10/21/2017 - 17:45:37: [saysounds.smx] [Say Sounds] Enabled, Hooking Events
L 10/21/2017 - 17:45:37: [saysounds.smx] [Say Sounds] No specific game detected
L 10/21/2017 - 17:46:42: [SM] Changed map to "emp_crossroads"
L 10/21/2017 - 17:46:43: -------- Mapchange to emp_crossroads --------
L 10/21/2017 - 17:46:53: [security_entity_limit.smx] [SEL] 587 entities have been protected from deleting.This map contain 1461 free entity slot!
L 10/21/2017 - 17:49:03: [saysounds.smx] [Say Sounds] Disabled, Unhooking Events
L 10/21/2017 - 18:23:46: [saysounds.smx] [Say Sounds] Enabled, Hooking Events
L 10/21/2017 - 18:23:46: [saysounds.smx] [Say Sounds] No specific game detected
L 10/21/2017 - 18:24:51: [SM] Changed map to "emp_snowstorm_rc6"
L 10/21/2017 - 18:24:52: -------- Mapchange to emp_snowstorm_rc6 --------
L 10/21/2017 - 18:25:02: [security_entity_limit.smx] [SEL] 242 entities have been protected from deleting.This map contain 1806 free entity slot!
L 10/21/2017 - 18:27:16: [basecommands.smx] "Mr. X.<4><[U:1:27106968]><>" console command (cmdline "emp_allowspectators 1")
L 10/21/2017 - 18:27:16: [basecommands.smx] "Mr. X.<4><[U:1:27106968]><>" console command (cmdline "emp_allowspectators 0")
L 10/21/2017 - 18:30:20: [saysounds.smx] [Say Sounds] Disabled, Unhooking Events
L 10/21/2017 - 18:58:59: [saysounds.smx] [Say Sounds] Enabled, Hooking Events
L 10/21/2017 - 18:58:59: [saysounds.smx] [Say Sounds] No specific game detected
L 10/21/2017 - 19:00:05: [SM] Changed map to "emp_vehicletraining_2013"
L 10/21/2017 - 19:00:06: -------- Mapchange to emp_vehicletraining_2013 --------
L 10/21/2017 - 19:00:16: [security_entity_limit.smx] [SEL] 344 entities have been protected from deleting.This map contain 1704 free entity slot!
L 10/21/2017 - 19:01:39: [saysounds.smx] [Say Sounds] Disabled, Unhooking Events
L 10/21/2017 - 19:34:39: [saysounds.smx] [Say Sounds] Enabled, Hooking Events
L 10/21/2017 - 19:34:39: [saysounds.smx] [Say Sounds] No specific game detected
L 10/21/2017 - 19:34:45: [playercommands.smx] "Mr. X.<4><[U:1:27106968]><>" slapped "-=[Combine Soldier #43]=-<3><[U:1:42098337]><>" (damage "0")
L 10/21/2017 - 19:35:45: [SM] Changed map to "con_glycencity"
L 10/21/2017 - 19:35:46: -------- Mapchange to con_glycencity --------
L 10/21/2017 - 19:35:56: [security_entity_limit.smx] [SEL] 637 entities have been protected from deleting.This map contain 1411 free entity slot!
L 10/21/2017 - 20:05:06: [saysounds.smx] [Say Sounds] Disabled, Unhooking Events
L 10/21/2017 - 20:09:48: [saysounds.smx] [Say Sounds] Enabled, Hooking Events
L 10/21/2017 - 20:09:48: [saysounds.smx] [Say Sounds] No specific game detected
L 10/21/2017 - 20:10:54: [SM] Changed map to "emp_drygulch_a6"
L 10/21/2017 - 20:10:55: -------- Mapchange to emp_drygulch_a6 --------
L 10/21/2017 - 20:11:05: [security_entity_limit.smx] [SEL] 183 entities have been protected from deleting.This map contain 1865 free entity slot!
L 10/21/2017 - 20:28:05: [basecommands.smx] "Mr. X.<4><[U:1:27106968]><>" changed map to "con_district402"
L 10/21/2017 - 20:28:08: [SM] Changed map to "con_district402"
L 10/21/2017 - 20:28:09: -------- Mapchange to con_district402 --------
L 10/21/2017 - 20:28:19: [security_entity_limit.smx] [SEL] 436 entities have been protected from deleting.This map contain 1612 free entity slot!
L 10/21/2017 - 20:29:39: [saysounds.smx] [Say Sounds] Disabled, Unhooking Events
L 10/21/2017 - 21:03:35: [playercommands.smx] "Mr. X.<4><[U:1:27106968]><>" slapped "D.D.D. Destroyer<43><[U:1:18868685]><>" (damage "1")
L 10/21/2017 - 21:03:35: [playercommands.smx] "Mr. X.<4><[U:1:27106968]><>" slapped "X Acolyte 我爱你<47><[U:1:51019709]><>" (damage "1")
L 10/21/2017 - 21:03:35: [playercommands.smx] "Mr. X.<4><[U:1:27106968]><>" slapped "JK<53><[U:1:17292082]><>" (damage "1")
L 10/21/2017 - 21:03:48: [saysounds.smx] [Say Sounds] Enabled, Hooking Events
L 10/21/2017 - 21:03:48: [saysounds.smx] [Say Sounds] No specific game detected
L 10/21/2017 - 21:05:32: [SM] Changed map to "emp_coast"
L 10/21/2017 - 21:05:33: -------- Mapchange to emp_coast --------
L 10/21/2017 - 21:05:43: [security_entity_limit.smx] [SEL] 423 entities have been protected from deleting.This map contain 1625 free entity slot!
L 10/21/2017 - 21:05:47: [basecommands.smx] "Mr. X.<4><[U:1:27106968]><>" console command (cmdline "emp_allowspectators 1")
L 10/21/2017 - 21:05:47: [basecommands.smx] "Mr. X.<4><[U:1:27106968]><>" console command (cmdline "emp_allowspectators 0")
L 10/21/2017 - 21:06:10: [basechat.smx] "Mr. X.<4><[U:1:27106968]><>" triggered sm_say (text anyway let's start with a draftpick because why not)
L 10/21/2017 - 21:09:36: [basechat.smx] "Mr. X.<4><[U:1:27106968]><>" triggered sm_say (text not enough players yet)
L 10/21/2017 - 21:34:36: [saysounds.smx] [Say Sounds] Enabled, Hooking Events
L 10/21/2017 - 21:34:36: [saysounds.smx] [Say Sounds] No specific game detected
L 10/21/2017 - 21:36:21: [SM] Changed map to "emp_palmbay_fix"
L 10/21/2017 - 21:36:35: -------- Mapchange to emp_palmbay_fix --------
L 10/21/2017 - 21:36:46: [security_entity_limit.smx] [SEL] 248 entities have been protected from deleting.This map contain 1800 free entity slot!
L 10/21/2017 - 21:36:48: [basecommands.smx] "Mr. X.<4><[U:1:27106968]><>" console command (cmdline "emp_allowspectators 1")
L 10/21/2017 - 21:36:48: [basecommands.smx] "Mr. X.<4><[U:1:27106968]><>" console command (cmdline "emp_allowspectators 0")
L 10/21/2017 - 21:39:11: [basechat.smx] "Mr. X.<4><[U:1:27106968]><>" triggered sm_say (text NF has a commander?)
L 10/21/2017 - 21:39:24: [basechat.smx] "Mr. X.<4><[U:1:27106968]><>" triggered sm_say (text does NF have a commander?)
L 10/21/2017 - 21:40:27: [basechat.smx] "Mr. X.<4><[U:1:27106968]><>" triggered sm_say (text if you're not getting a commander anyone wants to switch with spike?)
L 10/21/2017 - 21:43:14: [basechat.smx] "Mr. X.<4><[U:1:27106968]><>" triggered sm_say (text because you don't have a commander anymore)
L 10/21/2017 - 21:43:32: [basechat.smx] "Mr. X.<4><[U:1:27106968]><>" triggered sm_say (text get a new one and we can resume)
L 10/21/2017 - 21:43:39: [basechat.smx] "Mr. X.<4><[U:1:27106968]><>" triggered sm_say (text or wait on spike...)
L 10/21/2017 - 21:44:22: [basechat.smx] "Mr. X.<4><[U:1:27106968]><>" triggered sm_say (text noboy?)
L 10/21/2017 - 21:44:26: [basechat.smx] "Mr. X.<4><[U:1:27106968]><>" triggered sm_say (text nobody*)
L 10/21/2017 - 22:05:28: [saysounds.smx] [Say Sounds] Enabled, Hooking Events
L 10/21/2017 - 22:05:28: [saysounds.smx] [Say Sounds] No specific game detected
L 10/21/2017 - 22:07:13: [SM] Changed map to "emp_homeland_b9"
L 10/21/2017 - 22:07:14: -------- Mapchange to emp_homeland_b9 --------
L 10/21/2017 - 22:07:24: [security_entity_limit.smx] [SEL] 988 entities have been protected from deleting.This map contain 1060 free entity slot!
L 10/21/2017 - 22:07:27: [basecommands.smx] "Mr. X.<4><[U:1:27106968]><>" console command (cmdline "emp_allowspectators 1")
L 10/21/2017 - 22:07:27: [basecommands.smx] "Mr. X.<4><[U:1:27106968]><>" console command (cmdline "emp_allowspectators 0")
L 10/21/2017 - 22:07:44: [basechat.smx] "Mr. X.<4><[U:1:27106968]><>" triggered sm_say (text normal or auto?)
L 10/21/2017 - 22:40:09: [saysounds.smx] [Say Sounds] Enabled, Hooking Events
L 10/21/2017 - 22:40:09: [saysounds.smx] [Say Sounds] No specific game detected
L 10/21/2017 - 22:41:53: [SM] Changed map to "emp_massacred_rc1"
L 10/21/2017 - 22:41:56: -------- Mapchange to emp_massacred_rc1 --------
L 10/21/2017 - 22:42:07: [security_entity_limit.smx] [SEL] 355 entities have been protected from deleting.This map contain 1693 free entity slot!
L 10/21/2017 - 22:42:11: [basecommands.smx] "Mr. X.<4><[U:1:27106968]><>" console command (cmdline "emp_allowspectators 1")
L 10/21/2017 - 22:42:11: [basecommands.smx] "Mr. X.<4><[U:1:27106968]><>" console command (cmdline "emp_allowspectators 0")
L 10/21/2017 - 22:46:59: [basechat.smx] "Mr. X.<4><[U:1:27106968]><>" triggered sm_say (text BE ready?)
L 10/21/2017 - 23:08:35: SourceMod log file session started (file "L20171021.log") (Version "1.8.0.5912")
L 10/21/2017 - 23:08:35: -------- Mapchange to con_district402 --------
L 10/21/2017 - 23:08:35: [saysounds.smx] [Say Sounds] No specific game detected
L 10/21/2017 - 23:08:35: [security_entity_limit.smx] Security Entity Limit [SEL] Activate!
L 10/21/2017 - 23:08:35: [security_entity_limit.smx] [SEL]Current version: 0.5.4
Plugin made by Benoist3012!
L 10/21/2017 - 23:08:46: [security_entity_limit.smx] [SEL] 431 entities have been protected from deleting.This map contain 1617 free entity slot!
L 10/21/2017 - 23:09:35: [basecommands.smx] "Mr. X.<12><[U:1:27106968]><>" changed map to "fun_ricochet_a3"
L 10/21/2017 - 23:09:38: [SM] Changed map to "fun_ricochet_a3"
L 10/21/2017 - 23:09:38: -------- Mapchange to fun_ricochet_a3 --------
L 10/21/2017 - 23:09:48: [security_entity_limit.smx] [SEL] 206 entities have been protected from deleting.This map contain 1842 free entity slot!
L 10/21/2017 - 23:10:16: [saysounds.smx] [Say Sounds] Disabled, Unhooking Events
L 10/21/2017 - 23:11:07: [basechat.smx] "Mr. X.<12><[U:1:27106968]><>" triggered sm_say (text nominate maps)
L 10/21/2017 - 23:11:12: [basechat.smx] "Mr. X.<12><[U:1:27106968]><>" triggered sm_say (text to crash with)
L 10/21/2017 - 23:12:50: [saysounds.smx] [Say Sounds] Enabled, Hooking Events
L 10/21/2017 - 23:12:50: [saysounds.smx] [Say Sounds] No specific game detected
L 10/21/2017 - 23:14:34: [SM] Changed map to "emp_canyon"
L 10/21/2017 - 23:14:35: -------- Mapchange to emp_canyon --------
L 10/21/2017 - 23:14:44: [basecommands.smx] "Mr. X.<12><[U:1:27106968]><>" console command (cmdline "emp_allowspectators 1")
L 10/21/2017 - 23:14:45: [basecommands.smx] "Mr. X.<12><[U:1:27106968]><>" console command (cmdline "emp_allowspectators 0")
L 10/21/2017 - 23:14:45: [security_entity_limit.smx] [SEL] 290 entities have been protected from deleting.This map contain 1758 free entity slot!
L 10/21/2017 - 23:53:44: [playercommands.smx] "Mr. X.<12><[U:1:27106968]><>" slapped "D.D.D. Destroyer<16><[U:1:18868685]><>" (damage "0")
