L 06/19/2017 - 00:16:48: SourceMod log file session started (file "L20170619.log") (Version "1.8.0.5912")
L 06/19/2017 - 00:16:48: [SM] Changed map to "emp_crossroads"
L 06/19/2017 - 00:16:48: -------- Mapchange to emp_crossroads --------
L 06/19/2017 - 00:16:59: [security_entity_limit.smx] [SEL] 577 entities have been protected from deleting.This map contain 1471 free entity slot!
L 06/19/2017 - 00:43:33: [SM] Changed map to "emp_beachfront_b2"
L 06/19/2017 - 00:43:34: -------- Mapchange to emp_beachfront_b2 --------
L 06/19/2017 - 00:43:44: [security_entity_limit.smx] [SEL] 167 entities have been protected from deleting.This map contain 1881 free entity slot!
L 06/19/2017 - 00:50:32: [SM] Changed map to "emp_drygulch_a6"
L 06/19/2017 - 00:50:33: -------- Mapchange to emp_drygulch_a6 --------
L 06/19/2017 - 00:50:43: [security_entity_limit.smx] [SEL] 187 entities have been protected from deleting.This map contain 1861 free entity slot!
L 06/19/2017 - 06:52:45: [SM] Changed map to "emp_downfall"
L 06/19/2017 - 06:52:45: -------- Mapchange to emp_downfall --------
L 06/19/2017 - 06:52:55: [security_entity_limit.smx] [SEL] 164 entities have been protected from deleting.This map contain 1884 free entity slot!
L 06/19/2017 - 07:56:01: [SM] Changed map to "emp_vehicletraining_2013"
L 06/19/2017 - 07:56:01: -------- Mapchange to emp_vehicletraining_2013 --------
L 06/19/2017 - 07:56:11: [security_entity_limit.smx] [SEL] 342 entities have been protected from deleting.This map contain 1706 free entity slot!
L 06/19/2017 - 08:33:01: [SM] Changed map to "con_urbanchaos_fix"
L 06/19/2017 - 08:33:02: -------- Mapchange to con_urbanchaos_fix --------
L 06/19/2017 - 08:33:12: [security_entity_limit.smx] [SEL] 660 entities have been protected from deleting.This map contain 1388 free entity slot!
L 06/19/2017 - 08:43:08: [SM] Changed map to "emp_beachfront_b2"
L 06/19/2017 - 08:43:08: -------- Mapchange to emp_beachfront_b2 --------
L 06/19/2017 - 08:43:18: [security_entity_limit.smx] [SEL] 165 entities have been protected from deleting.This map contain 1883 free entity slot!
L 06/19/2017 - 15:28:37: [SM] Changed map to "con_glycencity"
L 06/19/2017 - 15:28:39: -------- Mapchange to con_glycencity --------
L 06/19/2017 - 15:28:49: [security_entity_limit.smx] [SEL] 637 entities have been protected from deleting.This map contain 1411 free entity slot!
L 06/19/2017 - 15:57:47: [SM] Changed map to "emp_crossroads"
L 06/19/2017 - 15:57:48: -------- Mapchange to emp_crossroads --------
L 06/19/2017 - 15:57:58: [security_entity_limit.smx] [SEL] 569 entities have been protected from deleting.This map contain 1479 free entity slot!
L 06/19/2017 - 16:16:20: [SM] Changed map to "emp_blast_ob1"
L 06/19/2017 - 16:16:21: -------- Mapchange to emp_blast_ob1 --------
L 06/19/2017 - 16:16:31: [security_entity_limit.smx] [SEL] 666 entities have been protected from deleting.This map contain 1382 free entity slot!
L 06/19/2017 - 16:40:41: [SM] Changed map to "emp_drygulch_a6"
L 06/19/2017 - 16:40:42: -------- Mapchange to emp_drygulch_a6 --------
L 06/19/2017 - 16:40:53: [security_entity_limit.smx] [SEL] 185 entities have been protected from deleting.This map contain 1863 free entity slot!
L 06/19/2017 - 17:04:07: [SM] Changed map to "emp_downfall"
L 06/19/2017 - 17:04:07: -------- Mapchange to emp_downfall --------
L 06/19/2017 - 17:04:17: [security_entity_limit.smx] [SEL] 160 entities have been protected from deleting.This map contain 1888 free entity slot!
L 06/19/2017 - 17:11:56: [SM] Changed map to "emp_vehicletraining_2013"
L 06/19/2017 - 17:11:56: -------- Mapchange to emp_vehicletraining_2013 --------
L 06/19/2017 - 17:12:06: [security_entity_limit.smx] [SEL] 342 entities have been protected from deleting.This map contain 1706 free entity slot!
L 06/19/2017 - 17:22:51: [SM] Changed map to "con_urbanchaos_fix"
L 06/19/2017 - 17:22:51: -------- Mapchange to con_urbanchaos_fix --------
L 06/19/2017 - 17:23:02: [security_entity_limit.smx] [SEL] 660 entities have been protected from deleting.This map contain 1388 free entity slot!
L 06/19/2017 - 17:54:43: [SM] Changed map to "emp_crossroads"
L 06/19/2017 - 17:54:44: -------- Mapchange to emp_crossroads --------
L 06/19/2017 - 17:54:54: [security_entity_limit.smx] [SEL] 575 entities have been protected from deleting.This map contain 1473 free entity slot!
L 06/19/2017 - 18:42:28: [SM] Changed map to "emp_fogtown_cl2_fix"
L 06/19/2017 - 18:42:29: -------- Mapchange to emp_fogtown_cl2_fix --------
L 06/19/2017 - 18:42:39: [security_entity_limit.smx] [SEL] 951 entities have been protected from deleting.This map contain 1097 free entity slot!
L 06/19/2017 - 19:29:38: [basechat.smx] "Mr. X.<136><[U:1:27106968]><>" triggered sm_say (text need to restart the server)
L 06/19/2017 - 19:30:02: SourceMod log file session started (file "L20170619.log") (Version "1.8.0.5912")
L 06/19/2017 - 19:30:02: -------- Mapchange to con_district402 --------
L 06/19/2017 - 19:30:02: [security_entity_limit.smx] Security Entity Limit [SEL] Activate!
L 06/19/2017 - 19:30:02: [security_entity_limit.smx] [SEL]Current version: 0.5.4
Plugin made by Benoist3012!
L 06/19/2017 - 19:30:14: [security_entity_limit.smx] [SEL] 434 entities have been protected from deleting.This map contain 1614 free entity slot!
L 06/19/2017 - 19:45:39: [SM] Changed map to "emp_drygulch_a6"
L 06/19/2017 - 19:45:40: -------- Mapchange to emp_drygulch_a6 --------
L 06/19/2017 - 19:45:50: [security_entity_limit.smx] [SEL] 185 entities have been protected from deleting.This map contain 1863 free entity slot!
L 06/19/2017 - 19:59:10: [SM] Changed map to "emp_blast_ob1"
L 06/19/2017 - 19:59:11: -------- Mapchange to emp_blast_ob1 --------
L 06/19/2017 - 19:59:21: [security_entity_limit.smx] [SEL] 668 entities have been protected from deleting.This map contain 1380 free entity slot!
L 06/19/2017 - 20:13:18: [SM] Changed map to "emp_shadows_attacks_fix"
L 06/19/2017 - 20:13:20: -------- Mapchange to emp_shadows_attacks_fix --------
L 06/19/2017 - 20:13:30: [security_entity_limit.smx] [SEL] 801 entities have been protected from deleting.This map contain 1247 free entity slot!
L 06/19/2017 - 21:38:07: [SM] Changed map to "con_glycencity"
L 06/19/2017 - 21:38:08: -------- Mapchange to con_glycencity --------
L 06/19/2017 - 21:38:19: [security_entity_limit.smx] [SEL] 637 entities have been protected from deleting.This map contain 1411 free entity slot!
L 06/19/2017 - 22:12:45: [SM] Changed map to "emp_fogtown_cl2_fix"
L 06/19/2017 - 22:12:46: -------- Mapchange to emp_fogtown_cl2_fix --------
L 06/19/2017 - 22:12:57: [security_entity_limit.smx] [SEL] 951 entities have been protected from deleting.This map contain 1097 free entity slot!
