L 05/11/2018 - 04:18:10: SourceMod log file session started (file "L20180511.log") (Version "1.8.0.5912")
L 05/11/2018 - 04:18:10: [saysounds.smx] [Say Sounds] Enabled, Hooking Events
L 05/11/2018 - 04:18:10: [saysounds.smx] [Say Sounds] No specific game detected
L 05/11/2018 - 04:18:45: [SM] Changed map to "emp_vehicletraining_2013"
L 05/11/2018 - 04:18:45: -------- Mapchange to emp_vehicletraining_2013 --------
L 05/11/2018 - 04:18:55: [security_entity_limit.smx] [SEL] 342 entities have been protected from deleting.This map contain 1706 free entity slot!
L 05/11/2018 - 05:36:58: [saysounds.smx] [Say Sounds] Disabled, Unhooking Events
L 05/11/2018 - 05:36:58: [autorecorder.smx] Recording to auto-20180511-053658-emp_vehicletraining_2013.dem
L 05/11/2018 - 06:09:54: [saysounds.smx] [Say Sounds] Enabled, Hooking Events
L 05/11/2018 - 06:09:54: [saysounds.smx] [Say Sounds] No specific game detected
L 05/11/2018 - 06:10:29: [SM] Changed map to "fun_ricochet_a4"
L 05/11/2018 - 06:10:29: -------- Mapchange to fun_ricochet_a4 --------
L 05/11/2018 - 06:10:39: [security_entity_limit.smx] [SEL] 174 entities have been protected from deleting.This map contain 1874 free entity slot!
L 05/11/2018 - 11:17:04: [saysounds.smx] [Say Sounds] Disabled, Unhooking Events
L 05/11/2018 - 11:17:04: [autorecorder.smx] Recording to auto-20180511-111704-fun_ricochet_a4.dem
L 05/11/2018 - 11:17:35: [saysounds.smx] [Say Sounds] Enabled, Hooking Events
L 05/11/2018 - 11:17:35: [saysounds.smx] [Say Sounds] No specific game detected
L 05/11/2018 - 11:18:10: [SM] Changed map to "emp_drygulch_a6"
L 05/11/2018 - 11:18:11: -------- Mapchange to emp_drygulch_a6 --------
L 05/11/2018 - 11:18:21: [security_entity_limit.smx] [SEL] 183 entities have been protected from deleting.This map contain 1865 free entity slot!
L 05/11/2018 - 13:06:49: [saysounds.smx] [Say Sounds] Disabled, Unhooking Events
L 05/11/2018 - 13:06:49: [autorecorder.smx] Recording to auto-20180511-130649-emp_drygulch_a6.dem
L 05/11/2018 - 14:04:39: [saysounds.smx] [Say Sounds] Enabled, Hooking Events
L 05/11/2018 - 14:04:39: [saysounds.smx] [Say Sounds] No specific game detected
L 05/11/2018 - 14:05:34: [SM] Changed map to "con_glycencity"
L 05/11/2018 - 14:05:35: -------- Mapchange to con_glycencity --------
L 05/11/2018 - 14:05:46: [security_entity_limit.smx] [SEL] 637 entities have been protected from deleting.This map contain 1411 free entity slot!
L 05/11/2018 - 14:40:12: [SM] Changed map to "emp_fogtown_cl2_fix"
L 05/11/2018 - 14:40:13: -------- Mapchange to emp_fogtown_cl2_fix --------
L 05/11/2018 - 14:40:23: [security_entity_limit.smx] [SEL] 951 entities have been protected from deleting.This map contain 1097 free entity slot!
L 05/11/2018 - 15:08:10: [saysounds.smx] [Say Sounds] Disabled, Unhooking Events
L 05/11/2018 - 15:08:10: [autorecorder.smx] Recording to auto-20180511-150810-emp_fogtown_cl2_fix.dem
L 05/11/2018 - 15:41:37: [saysounds.smx] [Say Sounds] Enabled, Hooking Events
L 05/11/2018 - 15:41:37: [saysounds.smx] [Say Sounds] No specific game detected
L 05/11/2018 - 15:42:43: [SM] Changed map to "emp_downfall_hce"
L 05/11/2018 - 15:42:44: -------- Mapchange to emp_downfall_hce --------
L 05/11/2018 - 15:42:54: [security_entity_limit.smx] [SEL] 160 entities have been protected from deleting.This map contain 1888 free entity slot!
L 05/11/2018 - 15:54:21: [saysounds.smx] [Say Sounds] Disabled, Unhooking Events
L 05/11/2018 - 15:54:21: [autorecorder.smx] Recording to auto-20180511-155421-emp_downfall_hce.dem
L 05/11/2018 - 16:19:45: [SM] Changed map to "con_district402"
L 05/11/2018 - 16:19:45: -------- Mapchange to con_district402 --------
L 05/11/2018 - 16:19:46: [saysounds.smx] [Say Sounds] Enabled, Hooking Events
L 05/11/2018 - 16:19:46: [saysounds.smx] [Say Sounds] No specific game detected
L 05/11/2018 - 16:19:56: [security_entity_limit.smx] [SEL] 436 entities have been protected from deleting.This map contain 1612 free entity slot!
L 05/11/2018 - 16:21:01: [saysounds.smx] [Say Sounds] Disabled, Unhooking Events
L 05/11/2018 - 16:21:01: [autorecorder.smx] Recording to auto-20180511-162101-con_district402.dem
L 05/11/2018 - 16:53:36: [saysounds.smx] [Say Sounds] Enabled, Hooking Events
L 05/11/2018 - 16:53:36: [saysounds.smx] [Say Sounds] No specific game detected
L 05/11/2018 - 16:54:19: [SM] Changed map to "con_urbanchaos_comm_b2"
L 05/11/2018 - 16:54:19: -------- Mapchange to con_urbanchaos_comm_b2 --------
L 05/11/2018 - 16:54:30: [security_entity_limit.smx] [SEL] 657 entities have been protected from deleting.This map contain 1391 free entity slot!
L 05/11/2018 - 16:56:10: [saysounds.smx] [Say Sounds] Disabled, Unhooking Events
L 05/11/2018 - 16:56:10: [autorecorder.smx] Recording to auto-20180511-165610-con_urbanchaos_comm_b2.dem
L 05/11/2018 - 17:45:31: [saysounds.smx] [Say Sounds] Enabled, Hooking Events
L 05/11/2018 - 17:45:31: [saysounds.smx] [Say Sounds] No specific game detected
L 05/11/2018 - 17:46:21: [SM] Changed map to "emp_vehicletraining_2013"
L 05/11/2018 - 17:46:21: -------- Mapchange to emp_vehicletraining_2013 --------
L 05/11/2018 - 17:46:26: [autorecorder.smx] Recording to auto-20180511-174626-emp_vehicletraining_2013.dem
L 05/11/2018 - 17:46:32: [security_entity_limit.smx] [SEL] 346 entities have been protected from deleting.This map contain 1702 free entity slot!
L 05/11/2018 - 17:47:31: [saysounds.smx] [Say Sounds] Disabled, Unhooking Events
L 05/11/2018 - 18:18:54: [saysounds.smx] [Say Sounds] Enabled, Hooking Events
L 05/11/2018 - 18:18:54: [saysounds.smx] [Say Sounds] No specific game detected
L 05/11/2018 - 18:20:29: [SM] Changed map to "emp_drygulch_a6"
L 05/11/2018 - 18:20:29: -------- Mapchange to emp_drygulch_a6 --------
L 05/11/2018 - 18:20:36: [autorecorder.smx] Recording to auto-20180511-182036-emp_drygulch_a6.dem
L 05/11/2018 - 18:20:40: [security_entity_limit.smx] [SEL] 189 entities have been protected from deleting.This map contain 1859 free entity slot!
L 05/11/2018 - 18:22:23: [saysounds.smx] [Say Sounds] Disabled, Unhooking Events
L 05/11/2018 - 18:56:16: [saysounds.smx] [Say Sounds] Enabled, Hooking Events
L 05/11/2018 - 18:56:16: [saysounds.smx] [Say Sounds] No specific game detected
L 05/11/2018 - 18:57:22: [SM] Changed map to "con_blast_ob2"
L 05/11/2018 - 18:57:22: -------- Mapchange to con_blast_ob2 --------
L 05/11/2018 - 18:57:29: [autorecorder.smx] Recording to auto-20180511-185729-con_blast_ob2.dem
L 05/11/2018 - 18:57:32: [security_entity_limit.smx] [SEL] 665 entities have been protected from deleting.This map contain 1383 free entity slot!
L 05/11/2018 - 18:58:44: [saysounds.smx] [Say Sounds] Disabled, Unhooking Events
L 05/11/2018 - 19:12:24: [saysounds.smx] [Say Sounds] Enabled, Hooking Events
L 05/11/2018 - 19:12:24: [saysounds.smx] [Say Sounds] No specific game detected
L 05/11/2018 - 19:14:08: [SM] Changed map to "emp_shadows_attacks_fix"
L 05/11/2018 - 19:14:09: -------- Mapchange to emp_shadows_attacks_fix --------
L 05/11/2018 - 19:14:13: [autorecorder.smx] Recording to auto-20180511-191413-emp_shadows_attacks_fix.dem
L 05/11/2018 - 19:14:20: [security_entity_limit.smx] [SEL] 799 entities have been protected from deleting.This map contain 1249 free entity slot!
L 05/11/2018 - 19:15:42: [saysounds.smx] [Say Sounds] Disabled, Unhooking Events
L 05/11/2018 - 19:21:48: [sbpp_comms.smx] "Hyperbolic Hubris<52><[U:1:15813678]><>" muted "ИВАН ХУЕРБЕК<57><[U:1:316614305]><>" (minutes "60") (reason "Spam in chat/voice")
L 05/11/2018 - 19:27:52: [saysounds.smx] [Say Sounds] Enabled, Hooking Events
L 05/11/2018 - 19:27:52: [saysounds.smx] [Say Sounds] No specific game detected
L 05/11/2018 - 19:28:58: [SM] Changed map to "emp_fogtown_cl2_fix"
L 05/11/2018 - 19:28:59: -------- Mapchange to emp_fogtown_cl2_fix --------
L 05/11/2018 - 19:29:04: [autorecorder.smx] Recording to auto-20180511-192904-emp_fogtown_cl2_fix.dem
L 05/11/2018 - 19:29:09: [security_entity_limit.smx] [SEL] 959 entities have been protected from deleting.This map contain 1089 free entity slot!
L 05/11/2018 - 19:30:11: [saysounds.smx] [Say Sounds] Disabled, Unhooking Events
L 05/11/2018 - 19:37:06: [sbpp_comms.smx] "Hyperbolic Hubris<52><[U:1:15813678]><>" unmuted "ИВАН ХУЕРБЕК<57><[U:1:316614305]><>" (reason "")
L 05/11/2018 - 19:37:06: [sbpp_comms.smx] "Hyperbolic Hubris<52><[U:1:15813678]><>" removed mute for STEAM_0:1:158307152 from DB
L 05/11/2018 - 19:55:09: [SM] Changed map to "emp_nuclear_b8u_xfix"
L 05/11/2018 - 19:55:09: -------- Mapchange to emp_nuclear_b8u_xfix --------
L 05/11/2018 - 19:55:10: [saysounds.smx] [Say Sounds] Enabled, Hooking Events
L 05/11/2018 - 19:55:10: [saysounds.smx] [Say Sounds] No specific game detected
L 05/11/2018 - 19:55:20: [security_entity_limit.smx] [SEL] 993 entities have been protected from deleting.This map contain 1055 free entity slot!
L 05/11/2018 - 19:55:22: [autorecorder.smx] Recording to auto-20180511-195522-emp_nuclear_b8u_xfix.dem
L 05/11/2018 - 19:56:38: [saysounds.smx] [Say Sounds] Disabled, Unhooking Events
L 05/11/2018 - 20:33:56: [saysounds.smx] [Say Sounds] Enabled, Hooking Events
L 05/11/2018 - 20:33:56: [saysounds.smx] [Say Sounds] No specific game detected
L 05/11/2018 - 20:35:01: [SM] Changed map to "emp_havoc_b1_fix"
L 05/11/2018 - 20:35:02: -------- Mapchange to emp_havoc_b1_fix --------
L 05/11/2018 - 20:35:07: [autorecorder.smx] Recording to auto-20180511-203507-emp_havoc_b1_fix.dem
L 05/11/2018 - 20:35:12: [security_entity_limit.smx] [SEL] 709 entities have been protected from deleting.This map contain 1339 free entity slot!
L 05/11/2018 - 20:36:15: [saysounds.smx] [Say Sounds] Disabled, Unhooking Events
L 05/11/2018 - 20:50:51: [saysounds.smx] [Say Sounds] Enabled, Hooking Events
L 05/11/2018 - 20:50:51: [saysounds.smx] [Say Sounds] No specific game detected
L 05/11/2018 - 20:51:39: [SM] Changed map to "emp_downfall_hce"
L 05/11/2018 - 20:51:39: -------- Mapchange to emp_downfall_hce --------
L 05/11/2018 - 20:51:50: [security_entity_limit.smx] [SEL] 160 entities have been protected from deleting.This map contain 1888 free entity slot!
L 05/11/2018 - 20:54:29: [saysounds.smx] [Say Sounds] Disabled, Unhooking Events
L 05/11/2018 - 20:54:29: [autorecorder.smx] Recording to auto-20180511-205429-emp_downfall_hce.dem
