L 10/14/2017 - 16:20:38: SourceMod log file session started (file "L20171014.log") (Version "1.8.0.5912")
L 10/14/2017 - 16:20:38: [saysounds.smx] [Say Sounds] Enabled, Hooking Events
L 10/14/2017 - 16:20:38: [saysounds.smx] [Say Sounds] No specific game detected
L 10/14/2017 - 16:21:21: [SM] Changed map to "fun_ricochet_a3"
L 10/14/2017 - 16:21:21: -------- Mapchange to fun_ricochet_a3 --------
L 10/14/2017 - 16:21:32: [security_entity_limit.smx] [SEL] 176 entities have been protected from deleting.This map contain 1872 free entity slot!
L 10/14/2017 - 16:22:00: [saysounds.smx] [Say Sounds] Disabled, Unhooking Events
L 10/14/2017 - 16:32:33: [saysounds.smx] [Say Sounds] Enabled, Hooking Events
L 10/14/2017 - 16:32:33: [saysounds.smx] [Say Sounds] No specific game detected
L 10/14/2017 - 16:34:02: [SM] Changed map to "con_urbanchaos_fix"
L 10/14/2017 - 16:34:03: -------- Mapchange to con_urbanchaos_fix --------
L 10/14/2017 - 16:34:14: [security_entity_limit.smx] [SEL] 660 entities have been protected from deleting.This map contain 1388 free entity slot!
L 10/14/2017 - 16:35:29: [saysounds.smx] [Say Sounds] Disabled, Unhooking Events
L 10/14/2017 - 16:47:27: [saysounds.smx] [Say Sounds] Enabled, Hooking Events
L 10/14/2017 - 16:47:27: [saysounds.smx] [Say Sounds] No specific game detected
L 10/14/2017 - 16:49:11: [SM] Changed map to "emp_crossroads"
L 10/14/2017 - 16:49:12: -------- Mapchange to emp_crossroads --------
L 10/14/2017 - 16:49:23: [security_entity_limit.smx] [SEL] 581 entities have been protected from deleting.This map contain 1467 free entity slot!
L 10/14/2017 - 16:51:34: [saysounds.smx] [Say Sounds] Disabled, Unhooking Events
L 10/14/2017 - 17:04:39: [saysounds.smx] [Say Sounds] Enabled, Hooking Events
L 10/14/2017 - 17:04:39: [saysounds.smx] [Say Sounds] No specific game detected
L 10/14/2017 - 17:05:45: [SM] Changed map to "emp_downfall"
L 10/14/2017 - 17:05:46: -------- Mapchange to emp_downfall --------
L 10/14/2017 - 17:05:56: [security_entity_limit.smx] [SEL] 162 entities have been protected from deleting.This map contain 1886 free entity slot!
L 10/14/2017 - 17:08:37: [saysounds.smx] [Say Sounds] Disabled, Unhooking Events
L 10/14/2017 - 17:17:00: [basecommands.smx] "Mr. X.<44><[U:1:27106968]><>" console command (cmdline "sm plugins reload EventTimeleftHostname.smx")
L 10/14/2017 - 17:50:00: [saysounds.smx] [Say Sounds] Enabled, Hooking Events
L 10/14/2017 - 17:50:00: [saysounds.smx] [Say Sounds] No specific game detected
L 10/14/2017 - 17:51:06: [SM] Changed map to "con_glycencity"
L 10/14/2017 - 17:51:08: -------- Mapchange to con_glycencity --------
L 10/14/2017 - 17:51:18: [security_entity_limit.smx] [SEL] 639 entities have been protected from deleting.This map contain 1409 free entity slot!
L 10/14/2017 - 17:55:04: [saysounds.smx] [Say Sounds] Disabled, Unhooking Events
L 10/14/2017 - 17:56:33: [SM] Changed map to "fun_ricochet_a3"
L 10/14/2017 - 17:56:33: -------- Mapchange to fun_ricochet_a3 --------
L 10/14/2017 - 17:56:33: [saysounds.smx] [Say Sounds] Enabled, Hooking Events
L 10/14/2017 - 17:56:33: [saysounds.smx] [Say Sounds] No specific game detected
L 10/14/2017 - 17:56:43: [security_entity_limit.smx] [SEL] 182 entities have been protected from deleting.This map contain 1866 free entity slot!
L 10/14/2017 - 17:57:12: [saysounds.smx] [Say Sounds] Disabled, Unhooking Events
L 10/14/2017 - 18:04:14: [saysounds.smx] [Say Sounds] Enabled, Hooking Events
L 10/14/2017 - 18:04:14: [saysounds.smx] [Say Sounds] No specific game detected
L 10/14/2017 - 18:05:59: [SM] Changed map to "emp_beachfront_b2"
L 10/14/2017 - 18:05:59: -------- Mapchange to emp_beachfront_b2 --------
L 10/14/2017 - 18:06:10: [security_entity_limit.smx] [SEL] 165 entities have been protected from deleting.This map contain 1883 free entity slot!
L 10/14/2017 - 18:08:20: [saysounds.smx] [Say Sounds] Disabled, Unhooking Events
L 10/14/2017 - 18:08:56: [basecommands.smx] "Mr. X.<44><[U:1:27106968]><>" console command (cmdline "sm_cvarlist")
L 10/14/2017 - 18:10:15: [basecommands.smx] "Mr. X.<44><[U:1:27106968]><>" console command (cmdline "sm_cvarlist /file")
L 10/14/2017 - 18:17:30: [saysounds.smx] [Say Sounds] Enabled, Hooking Events
L 10/14/2017 - 18:17:30: [saysounds.smx] [Say Sounds] No specific game detected
L 10/14/2017 - 18:18:35: [SM] Changed map to "emp_vehicletraining_2013"
L 10/14/2017 - 18:18:36: -------- Mapchange to emp_vehicletraining_2013 --------
L 10/14/2017 - 18:18:46: [security_entity_limit.smx] [SEL] 350 entities have been protected from deleting.This map contain 1698 free entity slot!
L 10/14/2017 - 18:19:48: [saysounds.smx] [Say Sounds] Disabled, Unhooking Events
L 10/14/2017 - 18:45:42: [saysounds.smx] [Say Sounds] Enabled, Hooking Events
L 10/14/2017 - 18:45:42: [saysounds.smx] [Say Sounds] No specific game detected
L 10/14/2017 - 18:46:48: [SM] Changed map to "emp_downfall"
L 10/14/2017 - 18:46:49: -------- Mapchange to emp_downfall --------
L 10/14/2017 - 18:46:59: [security_entity_limit.smx] [SEL] 166 entities have been protected from deleting.This map contain 1882 free entity slot!
L 10/14/2017 - 18:49:47: [saysounds.smx] [Say Sounds] Disabled, Unhooking Events
L 10/14/2017 - 19:16:25: [basechat.smx] "Oktay<38><[U:1:116496292]><>" triggered sm_psay to "☠Leuntnant☠ ✠Brandt✠<56><[U:1:168395305]><>" (text can_you_speak_english_?)
L 10/14/2017 - 19:17:28: [basechat.smx] "Oktay<38><[U:1:116496292]><>" triggered sm_psay to "☠Leuntnant☠ ✠Brandt✠<56><[U:1:168395305]><>" (text Kannst_du_englisch_sprechen_?)
L 10/14/2017 - 19:32:27: [saysounds.smx] [Say Sounds] Enabled, Hooking Events
L 10/14/2017 - 19:32:27: [saysounds.smx] [Say Sounds] No specific game detected
L 10/14/2017 - 19:34:11: [SM] Changed map to "emp_drygulch_a6"
L 10/14/2017 - 19:34:12: -------- Mapchange to emp_drygulch_a6 --------
L 10/14/2017 - 19:34:23: [security_entity_limit.smx] [SEL] 187 entities have been protected from deleting.This map contain 1861 free entity slot!
L 10/14/2017 - 19:38:01: [saysounds.smx] [Say Sounds] Disabled, Unhooking Events
L 10/14/2017 - 19:58:03: [basecommands.smx] "Mr. X.<64><[U:1:27106968]><>" console command (cmdline "sm_updater_check")
L 10/14/2017 - 19:59:15: [basecommands.smx] "Mr. X.<64><[U:1:27106968]><>" console command (cmdline "sm plugins list")
L 10/14/2017 - 20:00:10: [basecommands.smx] "Mr. X.<64><[U:1:27106968]><>" console command (cmdline "sm plugins reload empstats.smx")
L 10/14/2017 - 20:24:23: [basecommands.smx] "Mr. X.<64><[U:1:27106968]><>" kicked "☠Leuntnant☠ ✠Brandt✠<56><[U:1:168395305]><>" (reason ""don't steal tanks"")
L 10/14/2017 - 20:49:50: [basechat.smx] "Mr. X.<64><[U:1:27106968]><>" triggered sm_say (text do not use too many tickets or you are considered griefing.)
L 10/14/2017 - 20:51:35: [basechat.smx] "Mr. X.<64><[U:1:27106968]><>" triggered sm_say (text don't forget to nominate maps for the ranked match)
L 10/14/2017 - 20:52:29: [basechat.smx] "Mr. X.<64><[U:1:27106968]><>" triggered sm_say (text maps' minimum and maximum player treshold can be found by typing !maplist)
L 10/14/2017 - 20:52:34: [basechat.smx] "Mr. X.<64><[U:1:27106968]><>" triggered sm_say (text nominate accordingly)
L 10/14/2017 - 21:01:11: [saysounds.smx] [Say Sounds] Enabled, Hooking Events
L 10/14/2017 - 21:01:11: [saysounds.smx] [Say Sounds] No specific game detected
L 10/14/2017 - 21:01:17: [basechat.smx] "Mr. X.<64><[U:1:27106968]><>" triggered sm_say (text nominate maps)
L 10/14/2017 - 21:01:40: [basechat.smx] "Mr. X.<64><[U:1:27106968]><>" triggered sm_say (text NOMINATE MAPS)
L 10/14/2017 - 21:01:44: [basechat.smx] "Mr. X.<64><[U:1:27106968]><>" triggered sm_say (text too late)
L 10/14/2017 - 21:02:05: [basechat.smx] "Mr. X.<64><[U:1:27106968]><>" triggered sm_say (text no senor I don't decide on maps)
L 10/14/2017 - 21:02:56: [SM] Changed map to "emp_mvalley_fix"
L 10/14/2017 - 21:02:56: -------- Mapchange to emp_mvalley_fix --------
L 10/14/2017 - 21:03:06: [security_entity_limit.smx] [SEL] 339 entities have been protected from deleting.This map contain 1709 free entity slot!
L 10/14/2017 - 21:07:36: [basecommands.smx] "Mr. X.<64><[U:1:27106968]><>" changed cvar (cvar "emp_sv_refinery_multiplier") (value "1.5")
L 10/14/2017 - 21:08:44: [basechat.smx] "Mr. X.<64><[U:1:27106968]><>" triggered sm_say (text 400 starting res and x3 starting refs)
L 10/14/2017 - 21:08:47: [basechat.smx] "Mr. X.<64><[U:1:27106968]><>" triggered sm_say (text is what's changed)
L 10/14/2017 - 21:16:54: [basecommands.smx] "Neoony<102><[U:1:40282661]><>" kicked "☠Leuntnant☠ ✠Brandt✠<74><[U:1:168395305]><>" (reason "afk")
L 10/14/2017 - 21:22:00: [basechat.smx] "Mr. X.<64><[U:1:27106968]><>" triggered sm_say (text restarting server)
L 10/14/2017 - 21:22:13: SourceMod log file session started (file "L20171014.log") (Version "1.8.0.5912")
L 10/14/2017 - 21:22:13: -------- Mapchange to con_district402 --------
L 10/14/2017 - 21:22:13: [saysounds.smx] [Say Sounds] No specific game detected
L 10/14/2017 - 21:22:13: [security_entity_limit.smx] Security Entity Limit [SEL] Activate!
L 10/14/2017 - 21:22:13: [security_entity_limit.smx] [SEL]Current version: 0.5.4
Plugin made by Benoist3012!
L 10/14/2017 - 21:22:24: [security_entity_limit.smx] [SEL] 434 entities have been protected from deleting.This map contain 1614 free entity slot!
L 10/14/2017 - 21:23:30: [basechat.smx] "Mr. X.<2><[U:1:27106968]><>" triggered sm_say (text nominate maps)
L 10/14/2017 - 21:23:37: [saysounds.smx] [Say Sounds] Disabled, Unhooking Events
L 10/14/2017 - 21:23:41: [basechat.smx] "Mr. X.<2><[U:1:27106968]><>" triggered sm_csay (text nominate maps)
L 10/14/2017 - 21:23:54: [basechat.smx] "Mr. X.<2><[U:1:27106968]><>" triggered sm_say (text it didn't crash)
L 10/14/2017 - 21:23:59: [basechat.smx] "Mr. X.<2><[U:1:27106968]><>" triggered sm_say (text vehicle fell through the map)
L 10/14/2017 - 21:24:02: [basechat.smx] "Mr. X.<2><[U:1:27106968]><>" triggered sm_say (text then I restarted it)
L 10/14/2017 - 21:26:06: [SM] Changed map to "emp_coast"
L 10/14/2017 - 21:26:06: -------- Mapchange to emp_coast --------
L 10/14/2017 - 21:26:07: [saysounds.smx] [Say Sounds] Enabled, Hooking Events
L 10/14/2017 - 21:26:07: [saysounds.smx] [Say Sounds] No specific game detected
L 10/14/2017 - 21:26:17: [security_entity_limit.smx] [SEL] 459 entities have been protected from deleting.This map contain 1589 free entity slot!
L 10/14/2017 - 21:50:31: [saysounds.smx] [Say Sounds] Enabled, Hooking Events
L 10/14/2017 - 21:50:31: [saysounds.smx] [Say Sounds] No specific game detected
L 10/14/2017 - 21:52:16: [SM] Changed map to "emp_forest_ob_2013_fix"
L 10/14/2017 - 21:52:16: -------- Mapchange to emp_forest_ob_2013_fix --------
L 10/14/2017 - 21:52:26: [security_entity_limit.smx] [SEL] 254 entities have been protected from deleting.This map contain 1794 free entity slot!
L 10/14/2017 - 21:54:00: [basechat.smx] "Mr. X.<51><[U:1:27106968]><>" triggered sm_say (text middle flag is now 8 res instead of 12)
L 10/14/2017 - 22:23:17: [sbpp_comms.smx] "Mr. X.<51><[U:1:27106968]><>" muted "Rightwing Extremist<39><[U:1:30436425]><>" (minutes "5") (reason "")
L 10/14/2017 - 22:30:18: [saysounds.smx] [Say Sounds] Enabled, Hooking Events
L 10/14/2017 - 22:30:18: [saysounds.smx] [Say Sounds] No specific game detected
L 10/14/2017 - 22:31:24: [SM] Changed map to "emp_cyclopean"
L 10/14/2017 - 22:31:26: -------- Mapchange to emp_cyclopean --------
L 10/14/2017 - 22:31:36: [security_entity_limit.smx] [SEL] 534 entities have been protected from deleting.This map contain 1514 free entity slot!
L 10/14/2017 - 23:14:51: [basecommands.smx] "Mr. X.<51><[U:1:27106968]><>" kicked "franko.zupcic<25><[U:1:404396563]><>" (reason "do not build heavy tanks")
L 10/14/2017 - 23:27:10: [saysounds.smx] [Say Sounds] Enabled, Hooking Events
L 10/14/2017 - 23:27:10: [saysounds.smx] [Say Sounds] No specific game detected
L 10/14/2017 - 23:28:38: [basecommands.smx] "Mr. X.<51><[U:1:27106968]><>" changed map to "emp_fury_rc1"
L 10/14/2017 - 23:28:41: [SM] Changed map to "emp_fury_rc1"
L 10/14/2017 - 23:28:42: -------- Mapchange to emp_fury_rc1 --------
L 10/14/2017 - 23:28:52: [security_entity_limit.smx] [SEL] 235 entities have been protected from deleting.This map contain 1813 free entity slot!
L 10/14/2017 - 23:37:22: [basecommands.smx] "Mr. X.<51><[U:1:27106968]><>" kicked "DDDDouchebag<53><[U:1:23216004]><>" (reason "")
L 10/14/2017 - 23:37:46: [basechat.smx] "Mr. X.<51><[U:1:27106968]><>" triggered sm_say (text 10s to change name)
