L 03/10/2018 - 12:54:58: SourceMod log file session started (file "L20180310.log") (Version "1.8.0.5912")
L 03/10/2018 - 12:54:58: -------- Mapchange to con_district402 --------
L 03/10/2018 - 12:54:58: [saysounds.smx] [Say Sounds] No specific game detected
L 03/10/2018 - 12:54:58: [security_entity_limit.smx] Security Entity Limit [SEL] Activate!
L 03/10/2018 - 12:54:58: [security_entity_limit.smx] [SEL]Current version: 0.5.4
Plugin made by Benoist3012!
L 03/10/2018 - 12:55:09: [security_entity_limit.smx] [SEL] 434 entities have been protected from deleting.This map contain 1614 free entity slot!
L 03/10/2018 - 15:34:15: [saysounds.smx] [Say Sounds] Disabled, Unhooking Events
L 03/10/2018 - 15:34:15: [autorecorder.smx] Recording to auto-20180310-153415-con_district402.dem
L 03/10/2018 - 16:07:42: [saysounds.smx] [Say Sounds] Enabled, Hooking Events
L 03/10/2018 - 16:07:42: [saysounds.smx] [Say Sounds] No specific game detected
L 03/10/2018 - 16:08:17: [SM] Changed map to "con_urbanchaos_comm_b2"
L 03/10/2018 - 16:08:18: -------- Mapchange to con_urbanchaos_comm_b2 --------
L 03/10/2018 - 16:08:29: [security_entity_limit.smx] [SEL] 657 entities have been protected from deleting.This map contain 1391 free entity slot!
L 03/10/2018 - 20:11:35: [autorecorder.smx] Recording to auto-20180310-201135-con_urbanchaos_comm_b2.dem
L 03/10/2018 - 20:13:05: [saysounds.smx] [Say Sounds] Disabled, Unhooking Events
L 03/10/2018 - 20:20:53: [saysounds.smx] [Say Sounds] Enabled, Hooking Events
L 03/10/2018 - 20:20:53: [saysounds.smx] [Say Sounds] No specific game detected
L 03/10/2018 - 20:21:58: [SM] Changed map to "emp_havoc_b1_fix"
L 03/10/2018 - 20:21:59: -------- Mapchange to emp_havoc_b1_fix --------
L 03/10/2018 - 20:22:02: [autorecorder.smx] Recording to auto-20180310-202202-emp_havoc_b1_fix.dem
L 03/10/2018 - 20:22:09: [security_entity_limit.smx] [SEL] 711 entities have been protected from deleting.This map contain 1337 free entity slot!
L 03/10/2018 - 20:32:49: [saysounds.smx] [Say Sounds] Disabled, Unhooking Events
L 03/10/2018 - 21:02:19: [saysounds.smx] [Say Sounds] Enabled, Hooking Events
L 03/10/2018 - 21:02:19: [saysounds.smx] [Say Sounds] No specific game detected
L 03/10/2018 - 21:04:03: [SM] Changed map to "emp_hazard_rc6"
L 03/10/2018 - 21:04:04: -------- Mapchange to emp_hazard_rc6 --------
L 03/10/2018 - 21:04:09: [autorecorder.smx] Recording to auto-20180310-210409-emp_hazard_rc6.dem
L 03/10/2018 - 21:04:14: [security_entity_limit.smx] [SEL] 374 entities have been protected from deleting.This map contain 1674 free entity slot!
L 03/10/2018 - 21:09:55: [saysounds.smx] [Say Sounds] Disabled, Unhooking Events
L 03/10/2018 - 21:22:40: [playercommands.smx] "Hyperbolic Hubris<11><[U:1:15813678]><>" slayed "Guest1333<33><[U:1:196727381]><>"
L 03/10/2018 - 21:32:52: [saysounds.smx] [Say Sounds] Enabled, Hooking Events
L 03/10/2018 - 21:32:52: [saysounds.smx] [Say Sounds] No specific game detected
L 03/10/2018 - 21:33:57: [SM] Changed map to "emp_homeland_b9"
L 03/10/2018 - 21:33:58: -------- Mapchange to emp_homeland_b9 --------
L 03/10/2018 - 21:34:04: [autorecorder.smx] Recording to auto-20180310-213404-emp_homeland_b9.dem
L 03/10/2018 - 21:34:09: [security_entity_limit.smx] [SEL] 986 entities have been protected from deleting.This map contain 1062 free entity slot!
L 03/10/2018 - 21:39:59: [saysounds.smx] [Say Sounds] Disabled, Unhooking Events
L 03/10/2018 - 21:42:50: [saysounds.smx] [Say Sounds] Enabled, Hooking Events
L 03/10/2018 - 21:42:50: [saysounds.smx] [Say Sounds] No specific game detected
L 03/10/2018 - 21:44:34: [SM] Changed map to "emp_mvalley_fix"
L 03/10/2018 - 21:44:35: -------- Mapchange to emp_mvalley_fix --------
L 03/10/2018 - 21:44:38: [autorecorder.smx] Recording to auto-20180310-214438-emp_mvalley_fix.dem
L 03/10/2018 - 21:44:45: [security_entity_limit.smx] [SEL] 353 entities have been protected from deleting.This map contain 1695 free entity slot!
L 03/10/2018 - 21:51:44: [saysounds.smx] [Say Sounds] Disabled, Unhooking Events
L 03/10/2018 - 22:15:07: [saysounds.smx] [Say Sounds] Enabled, Hooking Events
L 03/10/2018 - 22:15:07: [saysounds.smx] [Say Sounds] No specific game detected
L 03/10/2018 - 22:16:51: [SM] Changed map to "emp_streetsoffire_fix"
L 03/10/2018 - 22:16:52: -------- Mapchange to emp_streetsoffire_fix --------
L 03/10/2018 - 22:16:56: [autorecorder.smx] Recording to auto-20180310-221656-emp_streetsoffire_fix.dem
L 03/10/2018 - 22:17:02: [security_entity_limit.smx] [SEL] 567 entities have been protected from deleting.This map contain 1481 free entity slot!
L 03/10/2018 - 22:22:49: [saysounds.smx] [Say Sounds] Disabled, Unhooking Events
L 03/10/2018 - 22:25:26: [basechat.smx] "Mr. X.<10><[U:1:27106968]><>" triggered sm_say (text don't use tat stupid shit)
L 03/10/2018 - 22:25:28: [basechat.smx] "Mr. X.<10><[U:1:27106968]><>" triggered sm_say (text or ban)
L 03/10/2018 - 22:25:52: [basecommands.smx] "Mr. X.<10><[U:1:27106968]><>" console command (cmdline "emp_allowspectators 1")
L 03/10/2018 - 22:25:52: [basecommands.smx] "Mr. X.<10><[U:1:27106968]><>" console command (cmdline "emp_allowspectators 0")
L 03/10/2018 - 22:26:32: [sbpp_main.smx] "Mr. X.<10><[U:1:27106968]><>" banned "Lucinda<34><[U:1:129072322]><>" (minutes "5") (reason "airship")
L 03/10/2018 - 22:30:05: [basechat.smx] "Mr. X.<10><[U:1:27106968]><>" triggered sm_say (text okay who the fuck pressed the button because lucinda didn't and you just let him take the fall)
L 03/10/2018 - 22:30:09: [basechat.smx] "Mr. X.<10><[U:1:27106968]><>" triggered sm_say (text so who the fuck did that)
L 03/10/2018 - 22:31:40: [playercommands.smx] "Mikleo<60><[U:1:376259319]><>" slapped "Mikleo<60><[U:1:376259319]><>" (damage "0")
L 03/10/2018 - 22:45:32: [saysounds.smx] [Say Sounds] Enabled, Hooking Events
L 03/10/2018 - 22:45:32: [saysounds.smx] [Say Sounds] No specific game detected
L 03/10/2018 - 22:47:16: [SM] Changed map to "emp_midbridge"
L 03/10/2018 - 22:47:18: -------- Mapchange to emp_midbridge --------
L 03/10/2018 - 22:47:21: [autorecorder.smx] Recording to auto-20180310-224721-emp_midbridge.dem
L 03/10/2018 - 22:47:28: [security_entity_limit.smx] [SEL] 605 entities have been protected from deleting.This map contain 1443 free entity slot!
L 03/10/2018 - 22:48:01: [basechat.smx] "Mr. X.<10><[U:1:27106968]><>" triggered sm_say (text going to another map because not too low players)
L 03/10/2018 - 22:50:13: [SM] Changed map to "emp_silo_rc5_fix"
L 03/10/2018 - 22:50:14: -------- Mapchange to emp_silo_rc5_fix --------
L 03/10/2018 - 22:50:17: [autorecorder.smx] Recording to auto-20180310-225017-emp_silo_rc5_fix.dem
L 03/10/2018 - 22:50:24: [security_entity_limit.smx] [SEL] 558 entities have been protected from deleting.This map contain 1490 free entity slot!
L 03/10/2018 - 22:50:29: [basecommands.smx] "Mr. X.<10><[U:1:27106968]><>" console command (cmdline "emp_allowspectators 1")
L 03/10/2018 - 22:50:29: [basecommands.smx] "Mr. X.<10><[U:1:27106968]><>" console command (cmdline "emp_allowspectators 0")
L 03/10/2018 - 22:55:11: [saysounds.smx] [Say Sounds] Disabled, Unhooking Events
L 03/10/2018 - 23:29:17: [saysounds.smx] [Say Sounds] Enabled, Hooking Events
L 03/10/2018 - 23:29:17: [saysounds.smx] [Say Sounds] No specific game detected
L 03/10/2018 - 23:30:22: [SM] Changed map to "emp_coast"
L 03/10/2018 - 23:30:23: -------- Mapchange to emp_coast --------
L 03/10/2018 - 23:30:27: [autorecorder.smx] Recording to auto-20180310-233027-emp_coast.dem
L 03/10/2018 - 23:30:34: [security_entity_limit.smx] [SEL] 455 entities have been protected from deleting.This map contain 1593 free entity slot!
L 03/10/2018 - 23:35:09: [saysounds.smx] [Say Sounds] Disabled, Unhooking Events
L 03/10/2018 - 23:55:37: [saysounds.smx] [Say Sounds] Enabled, Hooking Events
L 03/10/2018 - 23:55:37: [saysounds.smx] [Say Sounds] No specific game detected
L 03/10/2018 - 23:56:42: [SM] Changed map to "fun_ricochet_a4"
L 03/10/2018 - 23:56:43: -------- Mapchange to fun_ricochet_a4 --------
L 03/10/2018 - 23:56:45: [autorecorder.smx] Recording to auto-20180310-235645-fun_ricochet_a4.dem
L 03/10/2018 - 23:56:53: [security_entity_limit.smx] [SEL] 198 entities have been protected from deleting.This map contain 1850 free entity slot!
L 03/10/2018 - 23:57:21: [saysounds.smx] [Say Sounds] Disabled, Unhooking Events
