L 06/24/2018 - 01:04:10: SourceMod log file session started (file "L20180624.log") (Version "1.8.0.5912")
L 06/24/2018 - 01:04:10: [saysounds.smx] [Say Sounds] Enabled, Hooking Events
L 06/24/2018 - 01:04:10: [saysounds.smx] [Say Sounds] No specific game detected
L 06/24/2018 - 01:05:55: [SM] Changed map to "con_blast_ob2"
L 06/24/2018 - 01:05:55: -------- Mapchange to con_blast_ob2 --------
L 06/24/2018 - 01:05:56: [autorecorder.smx] Recording to auto-20180624-010556-con_blast_ob2.dem
L 06/24/2018 - 01:06:05: [security_entity_limit.smx] [SEL] 683 entities have been protected from deleting.This map contain 1365 free entity slot!
L 06/24/2018 - 01:07:19: [saysounds.smx] [Say Sounds] Disabled, Unhooking Events
L 06/24/2018 - 01:12:54: [SM] Changed map to "emp_canyon"
L 06/24/2018 - 01:12:54: -------- Mapchange to emp_canyon --------
L 06/24/2018 - 01:12:54: [saysounds.smx] [Say Sounds] Enabled, Hooking Events
L 06/24/2018 - 01:12:54: [saysounds.smx] [Say Sounds] No specific game detected
L 06/24/2018 - 01:12:55: [autorecorder.smx] Recording to auto-20180624-011255-emp_canyon.dem
L 06/24/2018 - 01:13:04: [security_entity_limit.smx] [SEL] 275 entities have been protected from deleting.This map contain 1773 free entity slot!
L 06/24/2018 - 01:24:19: [autorecorder.smx] Recording to auto-20180624-012419-emp_canyon.dem
L 06/24/2018 - 01:24:23: [basecommands.smx] "Mr. X.<16><[U:1:27106968]><>" console command (cmdline "emp_allowspectators 1")
L 06/24/2018 - 01:24:23: [basecommands.smx] "Mr. X.<16><[U:1:27106968]><>" console command (cmdline "emp_allowspectators 0")
L 06/24/2018 - 01:50:27: [saysounds.smx] [Say Sounds] Enabled, Hooking Events
L 06/24/2018 - 01:50:27: [saysounds.smx] [Say Sounds] No specific game detected
L 06/24/2018 - 01:51:33: [SM] Changed map to "emp_vehicletraining_2013"
L 06/24/2018 - 01:51:33: -------- Mapchange to emp_vehicletraining_2013 --------
L 06/24/2018 - 01:51:34: [autorecorder.smx] Recording to auto-20180624-015134-emp_vehicletraining_2013.dem
L 06/24/2018 - 01:51:43: [security_entity_limit.smx] [SEL] 352 entities have been protected from deleting.This map contain 1696 free entity slot!
L 06/24/2018 - 01:52:57: [saysounds.smx] [Say Sounds] Disabled, Unhooking Events
L 06/24/2018 - 02:25:43: [saysounds.smx] [Say Sounds] Enabled, Hooking Events
L 06/24/2018 - 02:25:43: [saysounds.smx] [Say Sounds] No specific game detected
L 06/24/2018 - 02:26:49: [SM] Changed map to "emp_drygulch_a7"
L 06/24/2018 - 02:26:49: -------- Mapchange to emp_drygulch_a7 --------
L 06/24/2018 - 02:27:00: [security_entity_limit.smx] [SEL] 167 entities have been protected from deleting.This map contain 1881 free entity slot!
L 06/24/2018 - 18:30:20: [saysounds.smx] [Say Sounds] Disabled, Unhooking Events
L 06/24/2018 - 18:30:20: [autorecorder.smx] Recording to auto-20180624-183020-emp_drygulch_a7.dem
L 06/24/2018 - 19:03:09: [saysounds.smx] [Say Sounds] Enabled, Hooking Events
L 06/24/2018 - 19:03:09: [saysounds.smx] [Say Sounds] No specific game detected
L 06/24/2018 - 19:04:15: [SM] Changed map to "emp_beachfront_b2_hce"
L 06/24/2018 - 19:04:16: -------- Mapchange to emp_beachfront_b2_hce --------
L 06/24/2018 - 19:04:18: [autorecorder.smx] Recording to auto-20180624-190418-emp_beachfront_b2_hce.dem
L 06/24/2018 - 19:04:26: [security_entity_limit.smx] [SEL] 163 entities have been protected from deleting.This map contain 1885 free entity slot!
L 06/24/2018 - 19:06:35: [saysounds.smx] [Say Sounds] Disabled, Unhooking Events
L 06/24/2018 - 19:52:53: [saysounds.smx] [Say Sounds] Enabled, Hooking Events
L 06/24/2018 - 19:52:53: [saysounds.smx] [Say Sounds] No specific game detected
L 06/24/2018 - 19:53:58: [SM] Changed map to "emp_crossroads_towerless_hce"
L 06/24/2018 - 19:54:01: -------- Mapchange to emp_crossroads_towerless_hce --------
L 06/24/2018 - 19:54:06: [autorecorder.smx] Recording to auto-20180624-195406-emp_crossroads_towerless_hce.dem
L 06/24/2018 - 19:54:11: [security_entity_limit.smx] [SEL] 575 entities have been protected from deleting.This map contain 1473 free entity slot!
L 06/24/2018 - 19:56:17: [basecommands.smx] "Mr. X.<102><[U:1:27106968]><>" console command (cmdline "emp_allowspectators 1")
L 06/24/2018 - 19:56:17: [basecommands.smx] "Mr. X.<102><[U:1:27106968]><>" console command (cmdline "emp_allowspectators 0")
L 06/24/2018 - 19:58:22: [autorecorder.smx] Recording to auto-20180624-195822-emp_crossroads_towerless_hce.dem
L 06/24/2018 - 21:26:52: [saysounds.smx] [Say Sounds] Enabled, Hooking Events
L 06/24/2018 - 21:26:52: [saysounds.smx] [Say Sounds] No specific game detected
L 06/24/2018 - 21:28:36: [SM] Changed map to "emp_duststorm_fix2"
L 06/24/2018 - 21:28:37: -------- Mapchange to emp_duststorm_fix2 --------
L 06/24/2018 - 21:28:41: [autorecorder.smx] Recording to auto-20180624-212841-emp_duststorm_fix2.dem
L 06/24/2018 - 21:28:47: [security_entity_limit.smx] [SEL] 257 entities have been protected from deleting.This map contain 1791 free entity slot!
L 06/24/2018 - 21:57:09: [saysounds.smx] [Say Sounds] Enabled, Hooking Events
L 06/24/2018 - 21:57:09: [saysounds.smx] [Say Sounds] No specific game detected
L 06/24/2018 - 21:58:53: [SM] Changed map to "emp_midbridge_hce"
L 06/24/2018 - 21:58:54: -------- Mapchange to emp_midbridge_hce --------
L 06/24/2018 - 21:58:55: [autorecorder.smx] Recording to auto-20180624-215855-emp_midbridge_hce.dem
L 06/24/2018 - 21:59:04: [security_entity_limit.smx] [SEL] 612 entities have been protected from deleting.This map contain 1436 free entity slot!
L 06/24/2018 - 22:19:25: [saysounds.smx] [Say Sounds] Enabled, Hooking Events
L 06/24/2018 - 22:19:25: [saysounds.smx] [Say Sounds] No specific game detected
L 06/24/2018 - 22:21:10: [SM] Changed map to "emp_coast"
L 06/24/2018 - 22:21:11: -------- Mapchange to emp_coast --------
L 06/24/2018 - 22:21:12: [autorecorder.smx] Recording to auto-20180624-222112-emp_coast.dem
L 06/24/2018 - 22:21:21: [security_entity_limit.smx] [SEL] 474 entities have been protected from deleting.This map contain 1574 free entity slot!
L 06/24/2018 - 22:23:28: [saysounds.smx] [Say Sounds] No specific game detected
L 06/24/2018 - 22:23:33: [saysounds.smx] [Say Sounds] No specific game detected
L 06/24/2018 - 22:40:39: [saysounds.smx] [Say Sounds] Enabled, Hooking Events
L 06/24/2018 - 22:40:39: [saysounds.smx] [Say Sounds] No specific game detected
L 06/24/2018 - 22:42:23: [SM] Changed map to "emp_fury_rc1"
L 06/24/2018 - 22:42:24: -------- Mapchange to emp_fury_rc1 --------
L 06/24/2018 - 22:42:25: [autorecorder.smx] Recording to auto-20180624-224225-emp_fury_rc1.dem
L 06/24/2018 - 22:42:34: [security_entity_limit.smx] [SEL] 228 entities have been protected from deleting.This map contain 1820 free entity slot!
L 06/24/2018 - 23:19:33: [basechat.smx] "Mr. X.<102><[U:1:27106968]><>" triggered sm_chat (text check for people in walls)
L 06/24/2018 - 23:19:39: [basechat.smx] "Mr. X.<102><[U:1:27106968]><>" triggered sm_chat (text and warn ban them)
L 06/24/2018 - 23:19:47: [basechat.smx] "Mr. X.<102><[U:1:27106968]><>" triggered sm_say (text DO NOT EXPLOIT)
L 06/24/2018 - 23:19:53: [basechat.smx] "Mr. X.<102><[U:1:27106968]><>" triggered sm_say (text OR YOU WILL BE BANNED)
L 06/24/2018 - 23:28:51: [saysounds.smx] [Say Sounds] Enabled, Hooking Events
L 06/24/2018 - 23:28:51: [saysounds.smx] [Say Sounds] No specific game detected
L 06/24/2018 - 23:30:36: [SM] Changed map to "emp_cyclopean"
L 06/24/2018 - 23:30:37: -------- Mapchange to emp_cyclopean --------
L 06/24/2018 - 23:30:38: [autorecorder.smx] Recording to auto-20180624-233038-emp_cyclopean.dem
L 06/24/2018 - 23:30:47: [security_entity_limit.smx] [SEL] 522 entities have been protected from deleting.This map contain 1526 free entity slot!
L 06/24/2018 - 23:32:39: [basecomm.smx] "Oktay<132><[U:1:116496292]><>" gagged "Oktay<132><[U:1:116496292]><>"
L 06/24/2018 - 23:33:23: [basecommands.smx] "Oktay<132><[U:1:116496292]><>" kicked "Oktay<132><[U:1:116496292]><>" (reason "")
L 06/24/2018 - 23:35:12: [SM] Changed map to "emp_snowstorm_rc6"
L 06/24/2018 - 23:35:12: -------- Mapchange to emp_snowstorm_rc6 --------
L 06/24/2018 - 23:35:13: [autorecorder.smx] Recording to auto-20180624-233513-emp_snowstorm_rc6.dem
L 06/24/2018 - 23:35:22: [security_entity_limit.smx] [SEL] 259 entities have been protected from deleting.This map contain 1789 free entity slot!
L 06/24/2018 - 23:38:54: [basechat.smx] "Mr. X.<169><[U:1:27106968]><>" triggered sm_say (text so who got under the map on fury?)
L 06/24/2018 - 23:55:58: [saysounds.smx] [Say Sounds] Enabled, Hooking Events
L 06/24/2018 - 23:55:58: [saysounds.smx] [Say Sounds] No specific game detected
L 06/24/2018 - 23:57:43: [SM] Changed map to "emp_mvalley_fix"
L 06/24/2018 - 23:57:43: -------- Mapchange to emp_mvalley_fix --------
L 06/24/2018 - 23:57:45: [autorecorder.smx] Recording to auto-20180624-235745-emp_mvalley_fix.dem
L 06/24/2018 - 23:57:54: [security_entity_limit.smx] [SEL] 346 entities have been protected from deleting.This map contain 1702 free entity slot!
