L 04/21/2018 - 14:28:36: SourceMod log file session started (file "L20180421.log") (Version "1.8.0.5912")
L 04/21/2018 - 14:28:36: -------- Mapchange to con_district402 --------
L 04/21/2018 - 14:28:36: [saysounds.smx] [Say Sounds] No specific game detected
L 04/21/2018 - 14:28:36: [security_entity_limit.smx] Security Entity Limit [SEL] Activate!
L 04/21/2018 - 14:28:36: [security_entity_limit.smx] [SEL]Current version: 0.5.4
Plugin made by Benoist3012!
L 04/21/2018 - 14:28:48: [security_entity_limit.smx] [SEL] 434 entities have been protected from deleting.This map contain 1614 free entity slot!
L 04/21/2018 - 17:01:23: [saysounds.smx] [Say Sounds] Disabled, Unhooking Events
L 04/21/2018 - 17:01:23: [autorecorder.smx] Recording to auto-20180421-170123-con_district402.dem
L 04/21/2018 - 17:35:38: [saysounds.smx] [Say Sounds] Enabled, Hooking Events
L 04/21/2018 - 17:35:38: [saysounds.smx] [Say Sounds] No specific game detected
L 04/21/2018 - 17:36:43: [SM] Changed map to "emp_shadows_attacks_fix"
L 04/21/2018 - 17:36:45: -------- Mapchange to emp_shadows_attacks_fix --------
L 04/21/2018 - 17:36:56: [security_entity_limit.smx] [SEL] 801 entities have been protected from deleting.This map contain 1247 free entity slot!
L 04/21/2018 - 17:56:12: [saysounds.smx] [Say Sounds] Disabled, Unhooking Events
L 04/21/2018 - 17:56:12: [autorecorder.smx] Recording to auto-20180421-175612-emp_shadows_attacks_fix.dem
L 04/21/2018 - 18:06:37: [saysounds.smx] [Say Sounds] Enabled, Hooking Events
L 04/21/2018 - 18:06:37: [saysounds.smx] [Say Sounds] No specific game detected
L 04/21/2018 - 18:07:43: [SM] Changed map to "con_urbanchaos_comm_b2"
L 04/21/2018 - 18:07:44: -------- Mapchange to con_urbanchaos_comm_b2 --------
L 04/21/2018 - 18:07:54: [security_entity_limit.smx] [SEL] 659 entities have been protected from deleting.This map contain 1389 free entity slot!
L 04/21/2018 - 18:09:22: [saysounds.smx] [Say Sounds] Disabled, Unhooking Events
L 04/21/2018 - 18:09:22: [autorecorder.smx] Recording to auto-20180421-180922-con_urbanchaos_comm_b2.dem
L 04/21/2018 - 19:04:47: [saysounds.smx] [Say Sounds] Enabled, Hooking Events
L 04/21/2018 - 19:04:47: [saysounds.smx] [Say Sounds] No specific game detected
L 04/21/2018 - 19:05:52: [SM] Changed map to "con_blast_ob2"
L 04/21/2018 - 19:05:53: -------- Mapchange to con_blast_ob2 --------
L 04/21/2018 - 19:05:56: [autorecorder.smx] Recording to auto-20180421-190556-con_blast_ob2.dem
L 04/21/2018 - 19:06:03: [security_entity_limit.smx] [SEL] 669 entities have been protected from deleting.This map contain 1379 free entity slot!
L 04/21/2018 - 19:07:29: [saysounds.smx] [Say Sounds] Disabled, Unhooking Events
L 04/21/2018 - 19:19:26: [saysounds.smx] [Say Sounds] Enabled, Hooking Events
L 04/21/2018 - 19:19:26: [saysounds.smx] [Say Sounds] No specific game detected
L 04/21/2018 - 19:20:31: [SM] Changed map to "emp_fogtown_cl2_fix"
L 04/21/2018 - 19:20:33: -------- Mapchange to emp_fogtown_cl2_fix --------
L 04/21/2018 - 19:20:38: [autorecorder.smx] Recording to auto-20180421-192038-emp_fogtown_cl2_fix.dem
L 04/21/2018 - 19:20:43: [security_entity_limit.smx] [SEL] 955 entities have been protected from deleting.This map contain 1093 free entity slot!
L 04/21/2018 - 19:21:58: [saysounds.smx] [Say Sounds] Disabled, Unhooking Events
L 04/21/2018 - 19:54:42: [saysounds.smx] [Say Sounds] Enabled, Hooking Events
L 04/21/2018 - 19:54:42: [saysounds.smx] [Say Sounds] No specific game detected
L 04/21/2018 - 19:55:47: [SM] Changed map to "emp_drygulch_a6"
L 04/21/2018 - 19:55:48: -------- Mapchange to emp_drygulch_a6 --------
L 04/21/2018 - 19:55:54: [autorecorder.smx] Recording to auto-20180421-195554-emp_drygulch_a6.dem
L 04/21/2018 - 19:55:59: [security_entity_limit.smx] [SEL] 185 entities have been protected from deleting.This map contain 1863 free entity slot!
L 04/21/2018 - 19:58:14: [saysounds.smx] [Say Sounds] Disabled, Unhooking Events
L 04/21/2018 - 20:31:16: [saysounds.smx] [Say Sounds] Enabled, Hooking Events
L 04/21/2018 - 20:31:16: [saysounds.smx] [Say Sounds] No specific game detected
L 04/21/2018 - 20:32:22: [SM] Changed map to "emp_crossroads_towerless_hce"
L 04/21/2018 - 20:32:23: -------- Mapchange to emp_crossroads_towerless_hce --------
L 04/21/2018 - 20:32:27: [autorecorder.smx] Recording to auto-20180421-203227-emp_crossroads_towerless_hce.dem
L 04/21/2018 - 20:32:33: [security_entity_limit.smx] [SEL] 581 entities have been protected from deleting.This map contain 1467 free entity slot!
L 04/21/2018 - 20:38:28: [saysounds.smx] [Say Sounds] Disabled, Unhooking Events
L 04/21/2018 - 20:54:59: [saysounds.smx] [Say Sounds] Enabled, Hooking Events
L 04/21/2018 - 20:54:59: [saysounds.smx] [Say Sounds] No specific game detected
L 04/21/2018 - 20:56:04: [SM] Changed map to "emp_nuclear_b8u_xfix"
L 04/21/2018 - 20:56:05: -------- Mapchange to emp_nuclear_b8u_xfix --------
L 04/21/2018 - 20:56:09: [autorecorder.smx] Recording to auto-20180421-205609-emp_nuclear_b8u_xfix.dem
L 04/21/2018 - 20:56:15: [security_entity_limit.smx] [SEL] 1007 entities have been protected from deleting.This map contain 1041 free entity slot!
L 04/21/2018 - 20:57:20: [saysounds.smx] [Say Sounds] Disabled, Unhooking Events
L 04/21/2018 - 21:36:49: [saysounds.smx] [Say Sounds] Enabled, Hooking Events
L 04/21/2018 - 21:36:49: [saysounds.smx] [Say Sounds] No specific game detected
L 04/21/2018 - 21:38:34: [SM] Changed map to "emp_plunge_ob2_2013_hce"
L 04/21/2018 - 21:38:35: -------- Mapchange to emp_plunge_ob2_2013_hce --------
L 04/21/2018 - 21:38:36: [autorecorder.smx] Recording to auto-20180421-213836-emp_plunge_ob2_2013_hce.dem
L 04/21/2018 - 21:38:45: [security_entity_limit.smx] [SEL] 221 entities have been protected from deleting.This map contain 1827 free entity slot!
L 04/21/2018 - 21:42:59: [saysounds.smx] [Say Sounds] Disabled, Unhooking Events
L 04/21/2018 - 22:28:30: [basevotes.smx] "Mr. X.<5><[U:1:27106968]><>" initiated a generic vote.
L 04/21/2018 - 22:28:38: [saysounds.smx] [Say Sounds] Enabled, Hooking Events
L 04/21/2018 - 22:28:38: [saysounds.smx] [Say Sounds] No specific game detected
L 04/21/2018 - 22:30:23: [SM] Changed map to "emp_canyon"
L 04/21/2018 - 22:30:24: -------- Mapchange to emp_canyon --------
L 04/21/2018 - 22:30:25: [autorecorder.smx] Recording to auto-20180421-223025-emp_canyon.dem
L 04/21/2018 - 22:30:34: [security_entity_limit.smx] [SEL] 313 entities have been protected from deleting.This map contain 1735 free entity slot!
L 04/21/2018 - 22:34:51: [saysounds.smx] [Say Sounds] Disabled, Unhooking Events
L 04/21/2018 - 23:45:58: [saysounds.smx] [Say Sounds] Enabled, Hooking Events
L 04/21/2018 - 23:45:58: [saysounds.smx] [Say Sounds] No specific game detected
L 04/21/2018 - 23:47:04: [SM] Changed map to "emp_mvalley_fix"
L 04/21/2018 - 23:47:05: -------- Mapchange to emp_mvalley_fix --------
L 04/21/2018 - 23:47:06: [autorecorder.smx] Recording to auto-20180421-234706-emp_mvalley_fix.dem
L 04/21/2018 - 23:47:15: [security_entity_limit.smx] [SEL] 366 entities have been protected from deleting.This map contain 1682 free entity slot!
L 04/21/2018 - 23:47:31: [basechat.smx] "Mr. X.<5><[U:1:27106968]><>" triggered sm_say (text I mean, if you guys wantt to captain draft, sure.)
L 04/21/2018 - 23:47:39: [basechat.smx] "Mr. X.<5><[U:1:27106968]><>" triggered sm_say (text but you know it's not often balanced)
L 04/21/2018 - 23:47:50: [autorecorder.smx] Recording to auto-20180421-234750-emp_mvalley_fix.dem
L 04/21/2018 - 23:54:44: [saysounds.smx] [Say Sounds] Disabled, Unhooking Events
