L 07/28/2018 - 16:30:56: SourceMod log file session started (file "L20180728.log") (Version "1.8.0.5912")
L 07/28/2018 - 16:30:56: -------- Mapchange to con_district402 --------
L 07/28/2018 - 16:30:56: [saysounds.smx] [Say Sounds] No specific game detected
L 07/28/2018 - 16:30:56: [security_entity_limit.smx] Security Entity Limit [SEL] Activate!
L 07/28/2018 - 16:30:56: [security_entity_limit.smx] [SEL]Current version: 0.5.4
Plugin made by Benoist3012!
L 07/28/2018 - 16:31:09: [security_entity_limit.smx] [SEL] 434 entities have been protected from deleting.This map contain 1614 free entity slot!
L 07/28/2018 - 17:49:28: [saysounds.smx] [Say Sounds] Disabled, Unhooking Events
L 07/28/2018 - 17:49:28: [autorecorder.smx] Recording to auto-20180728-174928-con_district402.dem
L 07/28/2018 - 17:57:45: [saysounds.smx] [Say Sounds] Enabled, Hooking Events
L 07/28/2018 - 17:57:45: [saysounds.smx] [Say Sounds] No specific game detected
L 07/28/2018 - 17:58:50: [SM] Changed map to "fun_ricochet_a4"
L 07/28/2018 - 17:58:50: -------- Mapchange to fun_ricochet_a4 --------
L 07/28/2018 - 17:59:00: [security_entity_limit.smx] [SEL] 176 entities have been protected from deleting.This map contain 1872 free entity slot!
L 07/28/2018 - 17:59:27: [saysounds.smx] [Say Sounds] Disabled, Unhooking Events
L 07/28/2018 - 17:59:27: [autorecorder.smx] Recording to auto-20180728-175927-fun_ricochet_a4.dem
L 07/28/2018 - 18:00:13: [saysounds.smx] [Say Sounds] Enabled, Hooking Events
L 07/28/2018 - 18:00:13: [saysounds.smx] [Say Sounds] No specific game detected
L 07/28/2018 - 18:01:19: [SM] Changed map to "emp_drygulch_a7"
L 07/28/2018 - 18:01:20: -------- Mapchange to emp_drygulch_a7 --------
L 07/28/2018 - 18:01:31: [security_entity_limit.smx] [SEL] 167 entities have been protected from deleting.This map contain 1881 free entity slot!
L 07/28/2018 - 18:23:58: [autorecorder.smx] Recording to auto-20180728-182358-emp_drygulch_a7.dem
L 07/28/2018 - 18:38:32: [saysounds.smx] [Say Sounds] Disabled, Unhooking Events
L 07/28/2018 - 19:52:27: [saysounds.smx] [Say Sounds] Enabled, Hooking Events
L 07/28/2018 - 19:52:27: [saysounds.smx] [Say Sounds] No specific game detected
L 07/28/2018 - 19:53:33: [SM] Changed map to "emp_beachfront_b2_hce"
L 07/28/2018 - 19:53:33: -------- Mapchange to emp_beachfront_b2_hce --------
L 07/28/2018 - 19:53:38: [autorecorder.smx] Recording to auto-20180728-195338-emp_beachfront_b2_hce.dem
L 07/28/2018 - 19:53:43: [security_entity_limit.smx] [SEL] 167 entities have been protected from deleting.This map contain 1881 free entity slot!
L 07/28/2018 - 19:56:18: [basecommands.smx] "Mr. X.<13><[U:1:27106968]><>" console command (cmdline "emp_allowspectators 1")
L 07/28/2018 - 19:56:18: [basecommands.smx] "Mr. X.<13><[U:1:27106968]><>" console command (cmdline "emp_allowspectators 0")
L 07/28/2018 - 20:04:00: [saysounds.smx] [Say Sounds] Enabled, Hooking Events
L 07/28/2018 - 20:04:00: [saysounds.smx] [Say Sounds] No specific game detected
L 07/28/2018 - 20:05:06: [SM] Changed map to "emp_shadows_attacks_fix"
L 07/28/2018 - 20:05:07: -------- Mapchange to emp_shadows_attacks_fix --------
L 07/28/2018 - 20:05:16: [autorecorder.smx] Recording to auto-20180728-200516-emp_shadows_attacks_fix.dem
L 07/28/2018 - 20:05:17: [security_entity_limit.smx] [SEL] 801 entities have been protected from deleting.This map contain 1247 free entity slot!
L 07/28/2018 - 20:06:48: [saysounds.smx] [Say Sounds] Disabled, Unhooking Events
L 07/28/2018 - 20:17:08: [saysounds.smx] [Say Sounds] Enabled, Hooking Events
L 07/28/2018 - 20:17:08: [saysounds.smx] [Say Sounds] No specific game detected
L 07/28/2018 - 20:18:14: [SM] Changed map to "emp_nuclear_b8u_xfix"
L 07/28/2018 - 20:18:14: -------- Mapchange to emp_nuclear_b8u_xfix --------
L 07/28/2018 - 20:18:19: [autorecorder.smx] Recording to auto-20180728-201819-emp_nuclear_b8u_xfix.dem
L 07/28/2018 - 20:18:24: [security_entity_limit.smx] [SEL] 1001 entities have been protected from deleting.This map contain 1047 free entity slot!
L 07/28/2018 - 20:19:28: [saysounds.smx] [Say Sounds] Disabled, Unhooking Events
L 07/28/2018 - 20:55:06: [saysounds.smx] [Say Sounds] Enabled, Hooking Events
L 07/28/2018 - 20:55:06: [saysounds.smx] [Say Sounds] No specific game detected
L 07/28/2018 - 20:56:51: [SM] Changed map to "emp_flat_hce"
L 07/28/2018 - 20:56:51: -------- Mapchange to emp_flat_hce --------
L 07/28/2018 - 20:56:55: [autorecorder.smx] Recording to auto-20180728-205655-emp_flat_hce.dem
L 07/28/2018 - 20:57:01: [security_entity_limit.smx] [SEL] 282 entities have been protected from deleting.This map contain 1766 free entity slot!
L 07/28/2018 - 21:15:19: [saysounds.smx] [Say Sounds] Enabled, Hooking Events
L 07/28/2018 - 21:15:19: [saysounds.smx] [Say Sounds] No specific game detected
L 07/28/2018 - 21:17:03: [SM] Changed map to "emp_palmbay_fix"
L 07/28/2018 - 21:17:04: -------- Mapchange to emp_palmbay_fix --------
L 07/28/2018 - 21:17:08: [autorecorder.smx] Recording to auto-20180728-211708-emp_palmbay_fix.dem
L 07/28/2018 - 21:17:14: [security_entity_limit.smx] [SEL] 232 entities have been protected from deleting.This map contain 1816 free entity slot!
L 07/28/2018 - 21:57:58: [saysounds.smx] [Say Sounds] Enabled, Hooking Events
L 07/28/2018 - 21:57:58: [saysounds.smx] [Say Sounds] No specific game detected
L 07/28/2018 - 21:59:42: [SM] Changed map to "emp_homeland_b9_hce"
L 07/28/2018 - 21:59:43: -------- Mapchange to emp_homeland_b9_hce --------
L 07/28/2018 - 21:59:44: [autorecorder.smx] Recording to auto-20180728-215944-emp_homeland_b9_hce.dem
L 07/28/2018 - 21:59:53: [security_entity_limit.smx] [SEL] 987 entities have been protected from deleting.This map contain 1061 free entity slot!
L 07/28/2018 - 22:26:12: [saysounds.smx] [Say Sounds] Enabled, Hooking Events
L 07/28/2018 - 22:26:12: [saysounds.smx] [Say Sounds] No specific game detected
L 07/28/2018 - 22:27:18: [SM] Changed map to "emp_midbridge_hce"
L 07/28/2018 - 22:27:19: -------- Mapchange to emp_midbridge_hce --------
L 07/28/2018 - 22:27:20: [autorecorder.smx] Recording to auto-20180728-222720-emp_midbridge_hce.dem
L 07/28/2018 - 22:27:29: [security_entity_limit.smx] [SEL] 600 entities have been protected from deleting.This map contain 1448 free entity slot!
L 07/28/2018 - 22:44:00: [basecommands.smx] "Mr. X.<13><[U:1:27106968]><>" console command (cmdline "emp_allowspectators 1")
L 07/28/2018 - 22:44:00: [basecommands.smx] "Mr. X.<13><[U:1:27106968]><>" console command (cmdline "emp_allowspectators 0")
L 07/28/2018 - 22:53:17: [playercommands.smx] "Mr. X.<13><[U:1:27106968]><>" slayed "BIGD craig.gates<4><[U:1:116552210]><>"
L 07/28/2018 - 23:15:24: [basecommands.smx] "Mr. X.<13><[U:1:27106968]><>" console command (cmdline "emp_sv_netvisdist_player")
L 07/28/2018 - 23:24:13: [basecommands.smx] "Mr. X.<13><[U:1:27106968]><>" console command (cmdline "exec netvisdistlow.cfg")
L 07/28/2018 - 23:24:36: [basecommands.smx] "Mr. X.<13><[U:1:27106968]><>" console command (cmdline "exec netvisdistlow")
L 07/28/2018 - 23:24:45: [basecommands.smx] "Mr. X.<13><[U:1:27106968]><>" console command (cmdline "emp_sv_netvisdist_player")
