L 04/07/2017 - 00:03:20: SourceMod log file session started (file "L20170407.log") (Version "1.8.0.5912")
L 04/07/2017 - 00:03:20: [playercommands.smx] ".|Ϟ|. Yinglet Matriarch<224><[U:1:39029790]><>" slayed "sta7<233><[U:1:405817185]><>"
L 04/07/2017 - 00:03:22: [basecommands.smx] "Mr. X.<175><[U:1:27106968]><>" kicked "sta7<233><[U:1:405817185]><>" (reason "")
L 04/07/2017 - 00:06:43: [playercommands.smx] "Smithy<222><[U:1:30491919]><>" slapped "Smithy<222><[U:1:30491919]><>" (damage "0")
L 04/07/2017 - 00:39:39: [basecommands.smx] "Study mander<237><[U:1:23216004]><>" kicked "Burrito<217><[U:1:97287624]><>" (reason "")
L 04/07/2017 - 00:47:21: [SM] Changed map to "emp_snowbound_cl5"
L 04/07/2017 - 00:47:22: -------- Mapchange to emp_snowbound_cl5 --------
L 04/07/2017 - 01:16:05: [SM] Changed map to "emp_canyon"
L 04/07/2017 - 01:16:05: -------- Mapchange to emp_canyon --------
L 04/07/2017 - 01:31:09: [basechat.smx] "Mr. X.<270><[U:1:27106968]><>" triggered sm_psay to ".|Ϟ|. Yinglet Matriarch<224><[U:1:39029790]><>" (text penis)
L 04/07/2017 - 01:31:25: [basechat.smx] "Mr. X.<270><[U:1:27106968]><>" triggered sm_psay to ".|Ϟ|. Yinglet Matriarch<224><[U:1:39029790]><>" (text behind you)
L 04/07/2017 - 01:32:26: [basechat.smx] "Mr. X.<270><[U:1:27106968]><>" triggered sm_psay to "Major Cleve-Cutler<265><[U:1:196602135]><>" (text RPG has almost no splash damage)
L 04/07/2017 - 01:32:37: [basechat.smx] "Mr. X.<270><[U:1:27106968]><>" triggered sm_psay to "Major Cleve-Cutler<265><[U:1:196602135]><>" (text use mortar to deal with infantry)
L 04/07/2017 - 01:33:43: [basechat.smx] "Mr. X.<270><[U:1:27106968]><>" triggered sm_psay to "Major Cleve-Cutler<265><[U:1:196602135]><>" (text you can place a turret under a LT, it'll get him stuck)
L 04/07/2017 - 02:09:08: [basecommands.smx] "Mr. X.<270><[U:1:27106968]><>" kicked "Stunov<256><[U:1:413245322]><>" (reason "")
L 04/07/2017 - 02:09:41: [basecommands.smx] "Study mander<237><[U:1:23216004]><>" kicked "BrokenDoop<275><[U:1:112688658]><>" (reason "")
L 04/07/2017 - 02:13:24: [SM] Changed map to "emp_ward_rc2"
L 04/07/2017 - 02:13:25: -------- Mapchange to emp_ward_rc2 --------
L 04/07/2017 - 02:22:09: [SM] Changed map to "emp_drygulch_a6"
L 04/07/2017 - 02:22:10: -------- Mapchange to emp_drygulch_a6 --------
L 04/07/2017 - 02:24:12: [basecommands.smx] "Mr. X.<270><[U:1:27106968]><>" console command (cmdline "sm plugins refresh")
L 04/07/2017 - 02:24:21: [basecommands.smx] "Mr. X.<270><[U:1:27106968]><>" console command (cmdline "sm plugins refresh")
L 04/07/2017 - 02:34:52: [basechat.smx] "Mr. X.<270><[U:1:27106968]><>" triggered sm_csay (text DON'T STEAL VEHICLES OR BAN!)
L 04/07/2017 - 02:36:29: [basecommands.smx] "Console<0><Console><Console>" kicked "Neoony<287><[U:1:40282661]><>" (reason "")
L 04/07/2017 - 02:38:11: [basecommands.smx] "Mr. X.<270><[U:1:27106968]><>" kicked "Neoony<299><[U:1:40282661]><>" (reason "")
L 04/07/2017 - 02:39:54: [basechat.smx] "Wired_4fun<297><[U:1:37994322]><>" triggered sm_csay (text Spike is a fucking furry why is he here?)
L 04/07/2017 - 02:40:17: [basechat.smx] ".|Ϟ|. Yinglet Matriarch<298><[U:1:39029790]><>" triggered sm_csay (text IM A YINGLET)
L 04/07/2017 - 02:44:38: [basecommands.smx] "Mr. X.<270><[U:1:27106968]><>" console command (cmdline "sm plugins refresh")
L 04/07/2017 - 02:44:45: [basecommands.smx] "Mr. X.<270><[U:1:27106968]><>" console command (cmdline "sm plugins refresh")
L 04/07/2017 - 03:00:09: [basecommands.smx] "Mr. X.<308><[U:1:27106968]><>" console command (cmdline "sm plugins refresh")
L 04/07/2017 - 03:00:11: [basecommands.smx] "Mr. X.<308><[U:1:27106968]><>" console command (cmdline "sm plugins refresh")
L 04/07/2017 - 03:00:28: [basecommands.smx] "Wired_4fun<297><[U:1:37994322]><>" console command (cmdline "say X is gay")
L 04/07/2017 - 03:04:37: [basechat.smx] "Mr. X.<311><[U:1:27106968]><>" triggered sm_chat (text you guys should transfer everyone to wired's server at the end of the round)
L 04/07/2017 - 03:04:58: [basechat.smx] "Mr. X.<311><[U:1:27106968]><>" triggered sm_chat (text if I'm not there to do it, it's all in the admin menu)
L 04/07/2017 - 03:05:56: [basechat.smx] "Mr. X.<311><[U:1:27106968]><>" triggered sm_say (text we'll probably transfer to wired's server at the end of the round)
L 04/07/2017 - 03:06:05: [basechat.smx] "Mr. X.<311><[U:1:27106968]><>" triggered sm_say (text now that there are more americans than euros)
L 04/07/2017 - 03:06:47: [basechat.smx] "Wired_4fun<297><[U:1:37994322]><>" triggered sm_say (text Kek @ the latencies)
L 04/07/2017 - 03:12:53: [SM] Changed map to "emp_glycencity"
L 04/07/2017 - 03:12:55: -------- Mapchange to emp_glycencity --------
L 04/07/2017 - 03:42:21: [SM] Changed map to "emp_urbanchaos"
L 04/07/2017 - 03:42:23: -------- Mapchange to emp_urbanchaos --------
L 04/07/2017 - 14:57:04: [basecommands.smx] "Mr. X.<315><[U:1:27106968]><>" changed cvar (cvar "emp_allowspectators") (value "0")
L 04/07/2017 - 14:57:04: [basecommands.smx] "Mr. X.<315><[U:1:27106968]><>" changed cvar (cvar "emp_allowspectators") (value "1")
L 04/07/2017 - 14:58:11: [basecommands.smx] "Mr. X.<315><[U:1:27106968]><>" changed map to "emp_district402"
L 04/07/2017 - 14:58:14: [SM] Changed map to "emp_district402"
L 04/07/2017 - 14:58:15: -------- Mapchange to emp_district402 --------
L 04/07/2017 - 14:59:22: [basecommands.smx] "Mr. X.<315><[U:1:27106968]><>" changed map to "emp_district402"
L 04/07/2017 - 14:59:25: [SM] Changed map to "emp_district402"
L 04/07/2017 - 14:59:26: -------- Mapchange to emp_district402 --------
L 04/07/2017 - 15:01:18: [basecommands.smx] "Mr. X.<315><[U:1:27106968]><>" changed map to "emp_district402"
L 04/07/2017 - 15:01:21: [SM] Changed map to "emp_district402"
L 04/07/2017 - 15:01:21: -------- Mapchange to emp_district402 --------
L 04/07/2017 - 15:01:58: [basecommands.smx] "Mr. X.<315><[U:1:27106968]><>" changed map to "emp_urbanchaos"
L 04/07/2017 - 15:02:01: [SM] Changed map to "emp_urbanchaos"
L 04/07/2017 - 15:02:02: -------- Mapchange to emp_urbanchaos --------
L 04/07/2017 - 15:02:25: [basecommands.smx] "Mr. X.<315><[U:1:27106968]><>" changed map to "emp_district402"
L 04/07/2017 - 15:02:28: [SM] Changed map to "emp_district402"
L 04/07/2017 - 15:02:28: -------- Mapchange to emp_district402 --------
L 04/07/2017 - 15:30:17: [SM] Changed map to "emp_drygulch_a6"
L 04/07/2017 - 15:30:18: -------- Mapchange to emp_drygulch_a6 --------
L 04/07/2017 - 15:32:26: [basecommands.smx] "Mr. X.<315><[U:1:27106968]><>" changed cvar (cvar "emp_allowspectators") (value "0")
L 04/07/2017 - 15:32:26: [basecommands.smx] "Mr. X.<315><[U:1:27106968]><>" changed cvar (cvar "emp_allowspectators") (value "1")
L 04/07/2017 - 15:32:55: [basecommands.smx] "Mr. X.<315><[U:1:27106968]><>" changed cvar (cvar "emp_allowspectators") (value "0")
L 04/07/2017 - 15:40:25: [basecommands.smx] "Mr. X.<315><[U:1:27106968]><>" changed map to "emp_drygulch_a6"
L 04/07/2017 - 15:40:28: [SM] Changed map to "emp_drygulch_a6"
L 04/07/2017 - 15:40:29: -------- Mapchange to emp_drygulch_a6 --------
L 04/07/2017 - 17:01:36: [basecommands.smx] "Mr. X.<315><[U:1:27106968]><>" console command (cmdline "sm plugins refresh")
L 04/07/2017 - 17:01:37: [basecommands.smx] "Mr. X.<315><[U:1:27106968]><>" console command (cmdline "sm plugins refresh")
L 04/07/2017 - 17:03:11: [basecommands.smx] "Mr. X.<315><[U:1:27106968]><>" changed cvar (cvar "emp_allowspectators") (value "0")
L 04/07/2017 - 17:03:11: [basecommands.smx] "Mr. X.<315><[U:1:27106968]><>" changed cvar (cvar "emp_allowspectators") (value "1")
L 04/07/2017 - 19:00:52: [SM] Changed map to "emp_crossroads"
L 04/07/2017 - 19:00:53: -------- Mapchange to emp_crossroads --------
L 04/07/2017 - 19:50:19: [SM] Changed map to "emp_canyon"
L 04/07/2017 - 19:50:20: -------- Mapchange to emp_canyon --------
L 04/07/2017 - 20:06:26: [playercommands.smx] ".|Ϟ|. Yinglet Matriarch<339><[U:1:39029790]><>" slayed "Michael177<357><[U:1:238522287]><>"
L 04/07/2017 - 20:20:19: [SM] Changed map to "emp_mvalley"
L 04/07/2017 - 20:20:20: -------- Mapchange to emp_mvalley --------
L 04/07/2017 - 21:11:41: [SM] Changed map to "emp_streetsoffire"
L 04/07/2017 - 21:11:42: -------- Mapchange to emp_streetsoffire --------
L 04/07/2017 - 22:17:47: [SM] Changed map to "emp_temple_b3a"
L 04/07/2017 - 22:17:47: -------- Mapchange to emp_temple_b3a --------
L 04/07/2017 - 22:28:18: [basecommands.smx] "Neoony<412><[U:1:40282661]><>" kicked "Mufasa<417><[U:1:351797643]><>" (reason ""dont steal comm"")
L 04/07/2017 - 22:31:57: [basecommands.smx] "Mr. X.<315><[U:1:27106968]><>" changed cvar (cvar "emp_allowspectators") (value "0")
L 04/07/2017 - 22:31:58: [basecommands.smx] "Mr. X.<315><[U:1:27106968]><>" changed cvar (cvar "emp_allowspectators") (value "1")
L 04/07/2017 - 23:01:48: [SM] Changed map to "emp_homeland_b9"
L 04/07/2017 - 23:01:49: -------- Mapchange to emp_homeland_b9 --------
L 04/07/2017 - 23:35:20: [SM] Changed map to "emp_mesa_d6"
L 04/07/2017 - 23:35:21: -------- Mapchange to emp_mesa_d6 --------
L 04/07/2017 - 23:53:45: [basecommands.smx] "Mr. X.<466><[U:1:27106968]><>" changed cvar (cvar "emp_allowspectators") (value "0")
L 04/07/2017 - 23:53:45: [basecommands.smx] "Mr. X.<466><[U:1:27106968]><>" changed cvar (cvar "emp_allowspectators") (value "1")
L 04/07/2017 - 23:53:47: [basecommands.smx] "Mr. X.<466><[U:1:27106968]><>" changed cvar (cvar "emp_allowspectators") (value "0")
