L 06/01/2018 - 13:42:00: SourceMod log file session started (file "L20180601.log") (Version "1.8.0.5912")
L 06/01/2018 - 13:42:00: -------- Mapchange to con_district402 --------
L 06/01/2018 - 13:42:00: [saysounds.smx] [Say Sounds] No specific game detected
L 06/01/2018 - 13:42:00: [security_entity_limit.smx] Security Entity Limit [SEL] Activate!
L 06/01/2018 - 13:42:00: [security_entity_limit.smx] [SEL]Current version: 0.5.4
Plugin made by Benoist3012!
L 06/01/2018 - 13:42:12: [security_entity_limit.smx] [SEL] 434 entities have been protected from deleting.This map contain 1614 free entity slot!
L 06/01/2018 - 15:12:01: [SM] Changed map to "emp_crossroads_towerless_hce"
L 06/01/2018 - 15:12:02: -------- Mapchange to emp_crossroads_towerless_hce --------
L 06/01/2018 - 15:12:12: [security_entity_limit.smx] [SEL] 569 entities have been protected from deleting.This map contain 1479 free entity slot!
L 06/01/2018 - 15:15:21: [saysounds.smx] [Say Sounds] Disabled, Unhooking Events
L 06/01/2018 - 15:15:21: [autorecorder.smx] Recording to auto-20180601-151521-emp_crossroads_towerless_hce.dem
L 06/01/2018 - 17:29:25: [saysounds.smx] [Say Sounds] Enabled, Hooking Events
L 06/01/2018 - 17:29:25: [saysounds.smx] [Say Sounds] No specific game detected
L 06/01/2018 - 17:30:30: [SM] Changed map to "con_blast_ob2"
L 06/01/2018 - 17:30:31: -------- Mapchange to con_blast_ob2 --------
L 06/01/2018 - 17:30:35: [autorecorder.smx] Recording to auto-20180601-173035-con_blast_ob2.dem
L 06/01/2018 - 17:30:41: [security_entity_limit.smx] [SEL] 667 entities have been protected from deleting.This map contain 1381 free entity slot!
L 06/01/2018 - 17:31:45: [saysounds.smx] [Say Sounds] Disabled, Unhooking Events
L 06/01/2018 - 17:53:39: [saysounds.smx] [Say Sounds] Enabled, Hooking Events
L 06/01/2018 - 17:53:39: [saysounds.smx] [Say Sounds] No specific game detected
L 06/01/2018 - 17:54:20: [SM] Changed map to "emp_downfall_hce"
L 06/01/2018 - 17:54:20: -------- Mapchange to emp_downfall_hce --------
L 06/01/2018 - 17:54:31: [security_entity_limit.smx] [SEL] 160 entities have been protected from deleting.This map contain 1888 free entity slot!
L 06/01/2018 - 18:21:19: [saysounds.smx] [Say Sounds] Disabled, Unhooking Events
L 06/01/2018 - 18:21:19: [autorecorder.smx] Recording to auto-20180601-182119-emp_downfall_hce.dem
L 06/01/2018 - 19:51:50: [saysounds.smx] [Say Sounds] Enabled, Hooking Events
L 06/01/2018 - 19:51:50: [saysounds.smx] [Say Sounds] No specific game detected
L 06/01/2018 - 19:53:34: [SM] Changed map to "con_urbanchaos_comm_b2"
L 06/01/2018 - 19:53:38: -------- Mapchange to con_urbanchaos_comm_b2 --------
L 06/01/2018 - 19:53:43: [autorecorder.smx] Recording to auto-20180601-195343-con_urbanchaos_comm_b2.dem
L 06/01/2018 - 19:53:48: [security_entity_limit.smx] [SEL] 659 entities have been protected from deleting.This map contain 1389 free entity slot!
L 06/01/2018 - 19:55:13: [saysounds.smx] [Say Sounds] Disabled, Unhooking Events
L 06/01/2018 - 20:28:03: [saysounds.smx] [Say Sounds] Enabled, Hooking Events
L 06/01/2018 - 20:28:03: [saysounds.smx] [Say Sounds] No specific game detected
L 06/01/2018 - 20:29:08: [SM] Changed map to "emp_vehicletraining_2013"
L 06/01/2018 - 20:29:09: -------- Mapchange to emp_vehicletraining_2013 --------
L 06/01/2018 - 20:29:11: [autorecorder.smx] Recording to auto-20180601-202911-emp_vehicletraining_2013.dem
L 06/01/2018 - 20:29:19: [security_entity_limit.smx] [SEL] 352 entities have been protected from deleting.This map contain 1696 free entity slot!
L 06/01/2018 - 20:30:21: [saysounds.smx] [Say Sounds] Disabled, Unhooking Events
L 06/01/2018 - 20:37:02: [playercommands.smx] "Mr. X.<21><[U:1:27106968]><>" slapped ".|Ϟ|. Spike<24><[U:1:39029790]><>" (damage "0")
L 06/01/2018 - 20:37:29: [playercommands.smx] "Mr. X.<21><[U:1:27106968]><>" slapped ".|Ϟ|. Spike<24><[U:1:39029790]><>" (damage "0")
L 06/01/2018 - 20:37:38: [playercommands.smx] "Hyperbolic Hubris<22><[U:1:15813678]><>" slapped "Hyperbolic Hubris<22><[U:1:15813678]><>" (damage "0")
L 06/01/2018 - 20:37:44: [playercommands.smx] "Hyperbolic Hubris<22><[U:1:15813678]><>" slapped "Hyperbolic Hubris<22><[U:1:15813678]><>" (damage "0")
L 06/01/2018 - 20:37:58: [playercommands.smx] "Spyer<23><[U:1:34143605]><>" slapped ".|Ϟ|. Spike<24><[U:1:39029790]><>" (damage "99")
L 06/01/2018 - 20:38:00: [playercommands.smx] "Spyer<23><[U:1:34143605]><>" slapped ".|Ϟ|. Spike<24><[U:1:39029790]><>" (damage "99")
L 06/01/2018 - 20:38:46: [playercommands.smx] "Spyer<23><[U:1:34143605]><>" slapped ".|Ϟ|. Spike<24><[U:1:39029790]><>" (damage "99")
L 06/01/2018 - 20:38:54: [playercommands.smx] "Spyer<23><[U:1:34143605]><>" slapped ".|Ϟ|. Spike<24><[U:1:39029790]><>" (damage "99")
L 06/01/2018 - 21:01:19: [saysounds.smx] [Say Sounds] Enabled, Hooking Events
L 06/01/2018 - 21:01:19: [saysounds.smx] [Say Sounds] No specific game detected
L 06/01/2018 - 21:01:22: [playercommands.smx] "Spyer<23><[U:1:34143605]><>" slapped ".|Ϟ|. Spike<24><[U:1:39029790]><>" (damage "99")
L 06/01/2018 - 21:01:24: [playercommands.smx] "Spyer<23><[U:1:34143605]><>" slapped ".|Ϟ|. Spike<24><[U:1:39029790]><>" (damage "99")
L 06/01/2018 - 21:03:03: [SM] Changed map to "emp_crossroads_towerless_hce"
L 06/01/2018 - 21:03:04: -------- Mapchange to emp_crossroads_towerless_hce --------
L 06/01/2018 - 21:03:08: [autorecorder.smx] Recording to auto-20180601-210308-emp_crossroads_towerless_hce.dem
L 06/01/2018 - 21:03:14: [security_entity_limit.smx] [SEL] 577 entities have been protected from deleting.This map contain 1471 free entity slot!
L 06/01/2018 - 21:06:12: [basecommands.smx] "Mr. X.<21><[U:1:27106968]><>" console command (cmdline "emp_allowspectators 1")
L 06/01/2018 - 21:06:12: [basecommands.smx] "Mr. X.<21><[U:1:27106968]><>" console command (cmdline "emp_allowspectators 0")
L 06/01/2018 - 21:07:25: [saysounds.smx] [Say Sounds] Disabled, Unhooking Events
L 06/01/2018 - 22:06:32: [saysounds.smx] [Say Sounds] Enabled, Hooking Events
L 06/01/2018 - 22:06:32: [saysounds.smx] [Say Sounds] No specific game detected
L 06/01/2018 - 22:08:16: [SM] Changed map to "emp_streetsoffire_fix"
L 06/01/2018 - 22:08:17: -------- Mapchange to emp_streetsoffire_fix --------
L 06/01/2018 - 22:08:21: [autorecorder.smx] Recording to auto-20180601-220821-emp_streetsoffire_fix.dem
L 06/01/2018 - 22:08:27: [security_entity_limit.smx] [SEL] 563 entities have been protected from deleting.This map contain 1485 free entity slot!
L 06/01/2018 - 22:15:30: [SM] Changed map to "emp_drygulch_a7"
L 06/01/2018 - 22:15:31: -------- Mapchange to emp_drygulch_a7 --------
L 06/01/2018 - 22:15:34: [autorecorder.smx] Recording to auto-20180601-221534-emp_drygulch_a7.dem
L 06/01/2018 - 22:15:41: [security_entity_limit.smx] [SEL] 187 entities have been protected from deleting.This map contain 1861 free entity slot!
L 06/01/2018 - 22:20:14: [saysounds.smx] [Say Sounds] Disabled, Unhooking Events
L 06/01/2018 - 22:46:37: [saysounds.smx] [Say Sounds] Enabled, Hooking Events
L 06/01/2018 - 22:46:37: [saysounds.smx] [Say Sounds] No specific game detected
L 06/01/2018 - 22:47:43: [SM] Changed map to "emp_shadows_attacks_fix"
L 06/01/2018 - 22:47:44: -------- Mapchange to emp_shadows_attacks_fix --------
L 06/01/2018 - 22:47:51: [autorecorder.smx] Recording to auto-20180601-224751-emp_shadows_attacks_fix.dem
L 06/01/2018 - 22:47:54: [security_entity_limit.smx] [SEL] 803 entities have been protected from deleting.This map contain 1245 free entity slot!
L 06/01/2018 - 22:49:45: [saysounds.smx] [Say Sounds] Disabled, Unhooking Events
L 06/01/2018 - 23:08:58: [saysounds.smx] [Say Sounds] Enabled, Hooking Events
L 06/01/2018 - 23:08:58: [saysounds.smx] [Say Sounds] No specific game detected
L 06/01/2018 - 23:10:04: [SM] Changed map to "con_district402"
L 06/01/2018 - 23:10:04: -------- Mapchange to con_district402 --------
L 06/01/2018 - 23:10:07: [autorecorder.smx] Recording to auto-20180601-231007-con_district402.dem
L 06/01/2018 - 23:10:14: [security_entity_limit.smx] [SEL] 448 entities have been protected from deleting.This map contain 1600 free entity slot!
L 06/01/2018 - 23:11:17: [saysounds.smx] [Say Sounds] Disabled, Unhooking Events
L 06/01/2018 - 23:32:13: [saysounds.smx] [Say Sounds] Enabled, Hooking Events
L 06/01/2018 - 23:32:13: [saysounds.smx] [Say Sounds] No specific game detected
L 06/01/2018 - 23:33:56: [SM] Changed map to "emp_beachfront_b2_hce"
L 06/01/2018 - 23:33:57: -------- Mapchange to emp_beachfront_b2_hce --------
L 06/01/2018 - 23:33:58: [autorecorder.smx] Recording to auto-20180601-233358-emp_beachfront_b2_hce.dem
L 06/01/2018 - 23:34:07: [security_entity_limit.smx] [SEL] 176 entities have been protected from deleting.This map contain 1872 free entity slot!
L 06/01/2018 - 23:40:10: [saysounds.smx] [Say Sounds] Disabled, Unhooking Events
L 06/01/2018 - 23:40:12: [basecommands.smx] "Mr. X.<21><[U:1:27106968]><>" console command (cmdline "emp_allowspectators 1")
L 06/01/2018 - 23:40:12: [basecommands.smx] "Mr. X.<21><[U:1:27106968]><>" console command (cmdline "emp_allowspectators 0")
