L 09/01/2018 - 00:35:52: SourceMod log file session started (file "L20180901.log") (Version "1.8.0.5912")
L 09/01/2018 - 00:35:52: [saysounds.smx] [Say Sounds] Enabled, Hooking Events
L 09/01/2018 - 00:35:52: [saysounds.smx] [Say Sounds] No specific game detected
L 09/01/2018 - 00:36:58: [SM] Changed map to "emp_smokies_rc2_hce"
L 09/01/2018 - 00:36:58: -------- Mapchange to emp_smokies_rc2_hce --------
L 09/01/2018 - 00:37:01: [autorecorder.smx] Recording to auto-20180901-003701-emp_smokies_rc2_hce.dem
L 09/01/2018 - 00:37:08: [security_entity_limit.smx] [SEL] 214 entities have been protected from deleting.This map contain 1834 free entity slot!
L 09/01/2018 - 01:03:34: [saysounds.smx] [Say Sounds] Enabled, Hooking Events
L 09/01/2018 - 01:03:34: [saysounds.smx] [Say Sounds] No specific game detected
L 09/01/2018 - 01:05:19: [SM] Changed map to "emp_vehicletraining_2013"
L 09/01/2018 - 01:05:19: -------- Mapchange to emp_vehicletraining_2013 --------
L 09/01/2018 - 01:05:22: [autorecorder.smx] Recording to auto-20180901-010522-emp_vehicletraining_2013.dem
L 09/01/2018 - 01:05:29: [security_entity_limit.smx] [SEL] 362 entities have been protected from deleting.This map contain 1686 free entity slot!
L 09/01/2018 - 01:06:29: [saysounds.smx] [Say Sounds] Disabled, Unhooking Events
L 09/01/2018 - 01:18:16: [playercommands.smx] "Mr. X.<55><[U:1:27106968]><>" slayed "V1RU58E9<8><[U:1:247428675]><>"
L 09/01/2018 - 01:18:21: [basechat.smx] "Mr. X.<55><[U:1:27106968]><>" triggered sm_say (text stop exploiting)
L 09/01/2018 - 01:18:47: [basechat.smx] "Mr. X.<55><[U:1:27106968]><>" triggered sm_say (text if you can't play the map the way it's intended go spectator)
L 09/01/2018 - 01:18:53: [basechat.smx] "Mr. X.<55><[U:1:27106968]><>" triggered sm_say (text or I can ban you, your choice.)
L 09/01/2018 - 01:31:03: [saysounds.smx] [Say Sounds] Enabled, Hooking Events
L 09/01/2018 - 01:31:03: [saysounds.smx] [Say Sounds] No specific game detected
L 09/01/2018 - 01:32:09: [SM] Changed map to "emp_crossroads_towerless_hce"
L 09/01/2018 - 01:32:10: -------- Mapchange to emp_crossroads_towerless_hce --------
L 09/01/2018 - 01:32:14: [autorecorder.smx] Recording to auto-20180901-013214-emp_crossroads_towerless_hce.dem
L 09/01/2018 - 01:32:20: [security_entity_limit.smx] [SEL] 577 entities have been protected from deleting.This map contain 1471 free entity slot!
L 09/01/2018 - 01:33:52: [saysounds.smx] [Say Sounds] Disabled, Unhooking Events
L 09/01/2018 - 02:10:16: [saysounds.smx] [Say Sounds] Enabled, Hooking Events
L 09/01/2018 - 02:10:16: [saysounds.smx] [Say Sounds] No specific game detected
L 09/01/2018 - 02:11:21: [SM] Changed map to "fun_ricochet_a4"
L 09/01/2018 - 02:11:21: -------- Mapchange to fun_ricochet_a4 --------
L 09/01/2018 - 02:11:31: [security_entity_limit.smx] [SEL] 176 entities have been protected from deleting.This map contain 1872 free entity slot!
L 09/01/2018 - 02:16:23: [saysounds.smx] [Say Sounds] Disabled, Unhooking Events
L 09/01/2018 - 02:16:23: [autorecorder.smx] Recording to auto-20180901-021623-fun_ricochet_a4.dem
L 09/01/2018 - 02:22:25: [saysounds.smx] [Say Sounds] Enabled, Hooking Events
L 09/01/2018 - 02:22:25: [saysounds.smx] [Say Sounds] No specific game detected
L 09/01/2018 - 02:23:00: [SM] Changed map to "emp_drygulch_a7"
L 09/01/2018 - 02:23:01: -------- Mapchange to emp_drygulch_a7 --------
L 09/01/2018 - 02:23:11: [security_entity_limit.smx] [SEL] 167 entities have been protected from deleting.This map contain 1881 free entity slot!
L 09/01/2018 - 10:57:50: [autorecorder.smx] Recording to auto-20180901-105750-emp_drygulch_a7.dem
L 09/01/2018 - 16:16:17: [saysounds.smx] [Say Sounds] Disabled, Unhooking Events
L 09/01/2018 - 20:00:21: [autorecorder.smx] Recording to auto-20180901-200021-emp_drygulch_a7.dem
L 09/01/2018 - 20:11:06: [basecommands.smx] "Mikleo<73><[U:1:376259319]><>" changed cvar (cvar "hostname") (value ":")
L 09/01/2018 - 20:11:14: [basecommands.smx] "Mikleo<73><[U:1:376259319]><>" changed cvar (cvar "hostname") (value "Mr. X.'s Chill Pre-Draft Games")
L 09/01/2018 - 20:12:46: [basecommands.smx] "Mikleo<73><[U:1:376259319]><>" changed cvar (cvar "eth_enabled") (value "0")
L 09/01/2018 - 20:12:48: [basecommands.smx] "Mikleo<73><[U:1:376259319]><>" changed cvar (cvar "hostname") (value "Mr. X.'s Chill Pre-Draft Games")
L 09/01/2018 - 20:12:51: [basecommands.smx] "Mikleo<73><[U:1:376259319]><>" changed cvar (cvar "eth_enabled") (value "1")
L 09/01/2018 - 20:13:22: [basecommands.smx] "Mikleo<73><[U:1:376259319]><>" changed cvar (cvar "eth_enabled") (value "0")
L 09/01/2018 - 20:13:23: [basecommands.smx] "Mikleo<73><[U:1:376259319]><>" changed cvar (cvar "eth_enabled") (value "1")
L 09/01/2018 - 20:14:54: [basecommands.smx] "Mikleo<73><[U:1:376259319]><>" changed cvar (cvar "hostname") (value "Mr. X.'s Chill Pre-Draft Games - Drafting Soon™")
L 09/01/2018 - 20:19:23: [playercommands.smx] "Oktay<71><[U:1:116496292]><>" slapped "Spyer<75><[U:1:34143605]><>" (damage "0")
L 09/01/2018 - 20:56:53: [basecommands.smx] "Mikleo<73><[U:1:376259319]><>" changed cvar (cvar "hostname") (value "Mr. X.'s Chill Pre-Draft Games - Drafting Next Game")
L 09/01/2018 - 21:15:18: [saysounds.smx] [Say Sounds] Enabled, Hooking Events
L 09/01/2018 - 21:15:18: [saysounds.smx] [Say Sounds] No specific game detected
L 09/01/2018 - 21:17:02: [SM] Changed map to "emp_blah4_hce"
L 09/01/2018 - 21:17:03: -------- Mapchange to emp_blah4_hce --------
L 09/01/2018 - 21:17:08: [autorecorder.smx] Recording to auto-20180901-211708-emp_blah4_hce.dem
L 09/01/2018 - 21:17:13: [security_entity_limit.smx] [SEL] 297 entities have been protected from deleting.This map contain 1751 free entity slot!
L 09/01/2018 - 21:46:33: [playercommands.smx] "Mikleo<73><[U:1:376259319]><>" slayed "Savage_Cabage144<112><[U:1:365383169]><>"
L 09/01/2018 - 22:08:58: [saysounds.smx] [Say Sounds] Enabled, Hooking Events
L 09/01/2018 - 22:08:58: [saysounds.smx] [Say Sounds] No specific game detected
L 09/01/2018 - 22:09:54: [sbpp_comms.smx] "Mikleo<73><[U:1:376259319]><>" muted "Axeman<100><[U:1:34903667]><>" (minutes "5") (reason "")
L 09/01/2018 - 22:10:05: [sbpp_comms.smx] "Mikleo<73><[U:1:376259319]><>" unmuted "Axeman<100><[U:1:34903667]><>" (reason "")
L 09/01/2018 - 22:10:05: [sbpp_comms.smx] "Mikleo<73><[U:1:376259319]><>" removed mute for STEAM_0:1:17451833 from DB
L 09/01/2018 - 22:10:42: [SM] Changed map to "emp_isle"
L 09/01/2018 - 22:10:43: -------- Mapchange to emp_isle --------
L 09/01/2018 - 22:10:44: [autorecorder.smx] Recording to auto-20180901-221044-emp_isle.dem
L 09/01/2018 - 22:10:53: [security_entity_limit.smx] [SEL] 222 entities have been protected from deleting.This map contain 1826 free entity slot!
L 09/01/2018 - 22:10:55: [basecommands.smx] "Mikleo<73><[U:1:376259319]><>" changed cvar (cvar "dp_music") (value "0")
L 09/01/2018 - 23:12:11: [saysounds.smx] [Say Sounds] Enabled, Hooking Events
L 09/01/2018 - 23:12:11: [saysounds.smx] [Say Sounds] No specific game detected
L 09/01/2018 - 23:13:16: [SM] Changed map to "emp_midbridge"
L 09/01/2018 - 23:13:17: -------- Mapchange to emp_midbridge --------
L 09/01/2018 - 23:13:19: [autorecorder.smx] Recording to auto-20180901-231319-emp_midbridge.dem
L 09/01/2018 - 23:13:28: [security_entity_limit.smx] [SEL] 628 entities have been protected from deleting.This map contain 1420 free entity slot!
L 09/01/2018 - 23:16:46: [saysounds.smx] [Say Sounds] No specific game detected
