L 11/20/2017 - 00:30:24: SourceMod log file session started (file "L20171120.log") (Version "1.8.0.5912")
L 11/20/2017 - 00:30:24: [saysounds.smx] [Say Sounds] Enabled, Hooking Events
L 11/20/2017 - 00:30:24: [saysounds.smx] [Say Sounds] No specific game detected
L 11/20/2017 - 00:31:30: [SM] Changed map to "emp_downfall"
L 11/20/2017 - 00:31:30: -------- Mapchange to emp_downfall --------
L 11/20/2017 - 00:31:41: [security_entity_limit.smx] [SEL] 168 entities have been protected from deleting.This map contain 1880 free entity slot!
L 11/20/2017 - 00:36:20: [saysounds.smx] [Say Sounds] Disabled, Unhooking Events
L 11/20/2017 - 00:42:49: [saysounds.smx] [Say Sounds] Enabled, Hooking Events
L 11/20/2017 - 00:42:49: [saysounds.smx] [Say Sounds] No specific game detected
L 11/20/2017 - 00:44:33: [SM] Changed map to "fun_ricochet_a3"
L 11/20/2017 - 00:44:33: -------- Mapchange to fun_ricochet_a3 --------
L 11/20/2017 - 00:44:43: [security_entity_limit.smx] [SEL] 182 entities have been protected from deleting.This map contain 1866 free entity slot!
L 11/20/2017 - 00:45:21: [saysounds.smx] [Say Sounds] Disabled, Unhooking Events
L 11/20/2017 - 00:51:34: [saysounds.smx] [Say Sounds] Enabled, Hooking Events
L 11/20/2017 - 00:51:34: [saysounds.smx] [Say Sounds] No specific game detected
L 11/20/2017 - 00:52:16: [basecommands.smx] "D.D.D. Destroyer<41><[U:1:18868685]><>" changed map to "con_district402_i"
L 11/20/2017 - 00:52:19: [SM] Changed map to "con_district402_i"
L 11/20/2017 - 00:52:20: -------- Mapchange to con_district402_i --------
L 11/20/2017 - 00:52:30: [security_entity_limit.smx] [SEL] 461 entities have been protected from deleting.This map contain 1587 free entity slot!
L 11/20/2017 - 00:53:41: [saysounds.smx] [Say Sounds] Disabled, Unhooking Events
L 11/20/2017 - 01:01:55: [saysounds.smx] [Say Sounds] Enabled, Hooking Events
L 11/20/2017 - 01:01:55: [saysounds.smx] [Say Sounds] No specific game detected
L 11/20/2017 - 01:03:00: [SM] Changed map to "emp_beachfront_b2"
L 11/20/2017 - 01:03:00: -------- Mapchange to emp_beachfront_b2 --------
L 11/20/2017 - 01:03:11: [security_entity_limit.smx] [SEL] 173 entities have been protected from deleting.This map contain 1875 free entity slot!
L 11/20/2017 - 01:03:57: [basevotes.smx] "D.D.D. Destroyer<41><[U:1:18868685]><>" initiated a generic vote.
L 11/20/2017 - 01:04:36: [basecommands.smx] "D.D.D. Destroyer<41><[U:1:18868685]><>" changed map to "as_crackdown_a5"
L 11/20/2017 - 01:04:39: [SM] Changed map to "as_crackdown_a5"
L 11/20/2017 - 01:04:39: -------- Mapchange to as_crackdown_a5 --------
L 11/20/2017 - 01:04:50: [security_entity_limit.smx] [SEL] 446 entities have been protected from deleting.This map contain 1602 free entity slot!
L 11/20/2017 - 01:05:57: [saysounds.smx] [Say Sounds] Disabled, Unhooking Events
L 11/20/2017 - 01:10:33: [saysounds.smx] [Say Sounds] Enabled, Hooking Events
L 11/20/2017 - 01:10:33: [saysounds.smx] [Say Sounds] No specific game detected
L 11/20/2017 - 01:12:17: [SM] Changed map to "emp_crossroads"
L 11/20/2017 - 01:12:18: -------- Mapchange to emp_crossroads --------
L 11/20/2017 - 01:12:28: [security_entity_limit.smx] [SEL] 589 entities have been protected from deleting.This map contain 1459 free entity slot!
L 11/20/2017 - 01:15:45: [saysounds.smx] [Say Sounds] Disabled, Unhooking Events
