L 10/05/2018 - 14:59:27: SourceMod log file session started (file "L20181005.log") (Version "1.8.0.5912")
L 10/05/2018 - 14:59:27: -------- Mapchange to con_district402 --------
L 10/05/2018 - 14:59:27: [saysounds.smx] [Say Sounds] No specific game detected
L 10/05/2018 - 14:59:27: [security_entity_limit.smx] Security Entity Limit [SEL] Activate!
L 10/05/2018 - 14:59:27: [security_entity_limit.smx] [SEL]Current version: 0.5.4
Plugin made by Benoist3012!
L 10/05/2018 - 14:59:42: [security_entity_limit.smx] [SEL] 452 entities have been protected from deleting.This map contain 1596 free entity slot!
L 10/05/2018 - 15:15:49: SourceMod log file session started (file "L20181005.log") (Version "1.8.0.5912")
L 10/05/2018 - 15:15:49: -------- Mapchange to con_district402 --------
L 10/05/2018 - 15:15:49: [saysounds.smx] [Say Sounds] No specific game detected
L 10/05/2018 - 15:15:49: [security_entity_limit.smx] Security Entity Limit [SEL] Activate!
L 10/05/2018 - 15:15:49: [security_entity_limit.smx] [SEL]Current version: 0.5.4
Plugin made by Benoist3012!
L 10/05/2018 - 15:16:03: [security_entity_limit.smx] [SEL] 452 entities have been protected from deleting.This map contain 1596 free entity slot!
L 10/05/2018 - 15:25:12: [basecommands.smx] "Mikleo<2><[U:1:376259319]><>" changed map to "emp_mvalley"
L 10/05/2018 - 15:25:15: [SM] Changed map to "emp_mvalley"
L 10/05/2018 - 15:25:18: -------- Mapchange to emp_mvalley --------
L 10/05/2018 - 15:25:31: [security_entity_limit.smx] [SEL] 336 entities have been protected from deleting.This map contain 1712 free entity slot!
L 10/05/2018 - 15:32:43: [saysounds.smx] [Say Sounds] Disabled, Unhooking Events
L 10/05/2018 - 15:47:27: SourceMod log file session started (file "L20181005.log") (Version "1.8.0.5912")
L 10/05/2018 - 15:47:27: -------- Mapchange to con_district402 --------
L 10/05/2018 - 15:47:27: [saysounds.smx] [Say Sounds] No specific game detected
L 10/05/2018 - 15:47:27: [security_entity_limit.smx] Security Entity Limit [SEL] Activate!
L 10/05/2018 - 15:47:27: [security_entity_limit.smx] [SEL]Current version: 0.5.4
Plugin made by Benoist3012!
L 10/05/2018 - 15:47:41: [security_entity_limit.smx] [SEL] 452 entities have been protected from deleting.This map contain 1596 free entity slot!
L 10/05/2018 - 15:51:07: SourceMod log file session started (file "L20181005.log") (Version "1.8.0.5912")
L 10/05/2018 - 15:51:07: -------- Mapchange to con_district402 --------
L 10/05/2018 - 15:51:07: [saysounds.smx] [Say Sounds] No specific game detected
L 10/05/2018 - 15:51:07: [security_entity_limit.smx] Security Entity Limit [SEL] Activate!
L 10/05/2018 - 15:51:07: [security_entity_limit.smx] [SEL]Current version: 0.5.4
Plugin made by Benoist3012!
L 10/05/2018 - 15:51:20: [security_entity_limit.smx] [SEL] 452 entities have been protected from deleting.This map contain 1596 free entity slot!
L 10/05/2018 - 15:51:48: SourceMod log file session started (file "L20181005.log") (Version "1.8.0.5912")
L 10/05/2018 - 15:51:48: -------- Mapchange to con_district402 --------
L 10/05/2018 - 15:51:49: [saysounds.smx] [Say Sounds] No specific game detected
L 10/05/2018 - 15:51:49: [security_entity_limit.smx] Security Entity Limit [SEL] Activate!
L 10/05/2018 - 15:51:49: [security_entity_limit.smx] [SEL]Current version: 0.5.4
Plugin made by Benoist3012!
L 10/05/2018 - 15:52:02: [security_entity_limit.smx] [SEL] 452 entities have been protected from deleting.This map contain 1596 free entity slot!
L 10/05/2018 - 15:52:39: [basecommands.smx] "Mr. X.<2><[U:1:27106968]><>" console command (cmdline "emp_sv_player_revive_health_penalty")
L 10/05/2018 - 15:53:09: [saysounds.smx] [Say Sounds] Disabled, Unhooking Events
L 10/05/2018 - 15:53:19: [basecommands.smx] "Mr. X.<2><[U:1:27106968]><>" console command (cmdline "sv_cheats 1")
L 10/05/2018 - 15:54:47: SourceMod log file session started (file "L20181005.log") (Version "1.8.0.5912")
L 10/05/2018 - 15:54:47: -------- Mapchange to con_district402 --------
L 10/05/2018 - 15:54:47: [saysounds.smx] [Say Sounds] No specific game detected
L 10/05/2018 - 15:54:47: [security_entity_limit.smx] Security Entity Limit [SEL] Activate!
L 10/05/2018 - 15:54:47: [security_entity_limit.smx] [SEL]Current version: 0.5.4
Plugin made by Benoist3012!
L 10/05/2018 - 15:55:01: [security_entity_limit.smx] [SEL] 452 entities have been protected from deleting.This map contain 1596 free entity slot!
L 10/05/2018 - 15:55:41: SourceMod log file session started (file "L20181005.log") (Version "1.8.0.5912")
L 10/05/2018 - 15:55:41: -------- Mapchange to con_district402 --------
L 10/05/2018 - 15:55:41: [saysounds.smx] [Say Sounds] No specific game detected
L 10/05/2018 - 15:55:41: [security_entity_limit.smx] Security Entity Limit [SEL] Activate!
L 10/05/2018 - 15:55:41: [security_entity_limit.smx] [SEL]Current version: 0.5.4
Plugin made by Benoist3012!
L 10/05/2018 - 15:55:55: [security_entity_limit.smx] [SEL] 452 entities have been protected from deleting.This map contain 1596 free entity slot!
L 10/05/2018 - 16:03:56: [basecommands.smx] "Mikleo<2><[U:1:376259319]><>" changed map to "con_district402"
L 10/05/2018 - 16:03:59: [SM] Changed map to "con_district402"
L 10/05/2018 - 16:04:00: -------- Mapchange to con_district402 --------
L 10/05/2018 - 16:04:10: [security_entity_limit.smx] [SEL] 455 entities have been protected from deleting.This map contain 1593 free entity slot!
L 10/05/2018 - 16:05:20: [saysounds.smx] [Say Sounds] Disabled, Unhooking Events
L 10/05/2018 - 16:07:05: [basecommands.smx] "Mikleo<3><[U:1:376259319]><>" changed map to "emp_mvalley"
L 10/05/2018 - 16:07:08: [SM] Changed map to "emp_mvalley"
L 10/05/2018 - 16:07:11: -------- Mapchange to emp_mvalley --------
L 10/05/2018 - 16:07:14: [saysounds.smx] [Say Sounds] Enabled, Hooking Events
L 10/05/2018 - 16:07:14: [saysounds.smx] [Say Sounds] No specific game detected
L 10/05/2018 - 16:07:24: [security_entity_limit.smx] [SEL] 336 entities have been protected from deleting.This map contain 1712 free entity slot!
L 10/05/2018 - 16:09:54: [saysounds.smx] [Say Sounds] Disabled, Unhooking Events
L 10/05/2018 - 16:20:22: [basecommands.smx] "Mikleo<3><[U:1:376259319]><>" changed map to "emp_mvalley"
L 10/05/2018 - 16:20:25: [SM] Changed map to "emp_mvalley"
L 10/05/2018 - 16:20:28: -------- Mapchange to emp_mvalley --------
L 10/05/2018 - 16:20:28: [saysounds.smx] [Say Sounds] Enabled, Hooking Events
L 10/05/2018 - 16:20:28: [saysounds.smx] [Say Sounds] No specific game detected
L 10/05/2018 - 16:20:38: [security_entity_limit.smx] [SEL] 336 entities have been protected from deleting.This map contain 1712 free entity slot!
L 10/05/2018 - 16:26:04: [basecommands.smx] "Mikleo<3><[U:1:376259319]><>" changed cvar (cvar "sc_voicechatmaxclients") (value "0")
L 10/05/2018 - 16:26:40: SourceMod log file session started (file "L20181005.log") (Version "1.8.0.5912")
L 10/05/2018 - 16:26:40: -------- Mapchange to con_district402 --------
L 10/05/2018 - 16:26:40: [saysounds.smx] [Say Sounds] No specific game detected
L 10/05/2018 - 16:26:40: [security_entity_limit.smx] Security Entity Limit [SEL] Activate!
L 10/05/2018 - 16:26:40: [security_entity_limit.smx] [SEL]Current version: 0.5.4
Plugin made by Benoist3012!
L 10/05/2018 - 16:26:54: [security_entity_limit.smx] [SEL] 452 entities have been protected from deleting.This map contain 1596 free entity slot!
L 10/05/2018 - 16:27:30: [basecommands.smx] "Mr. X.<2><[U:1:27106968]><>" console command (cmdline "emp_sv_player_revive_health_penalty")
L 10/05/2018 - 16:31:17: SourceMod log file session started (file "L20181005.log") (Version "1.8.0.5912")
L 10/05/2018 - 16:31:17: -------- Mapchange to con_district402 --------
L 10/05/2018 - 16:31:17: [saysounds.smx] [Say Sounds] No specific game detected
L 10/05/2018 - 16:31:17: [security_entity_limit.smx] Security Entity Limit [SEL] Activate!
L 10/05/2018 - 16:31:17: [security_entity_limit.smx] [SEL]Current version: 0.5.4
Plugin made by Benoist3012!
L 10/05/2018 - 16:31:31: [security_entity_limit.smx] [SEL] 452 entities have been protected from deleting.This map contain 1596 free entity slot!
L 10/05/2018 - 16:33:11: SourceMod log file session started (file "L20181005.log") (Version "1.8.0.5912")
L 10/05/2018 - 16:33:11: -------- Mapchange to con_district402 --------
L 10/05/2018 - 16:33:12: [saysounds.smx] [Say Sounds] No specific game detected
L 10/05/2018 - 16:33:12: [security_entity_limit.smx] Security Entity Limit [SEL] Activate!
L 10/05/2018 - 16:33:12: [security_entity_limit.smx] [SEL]Current version: 0.5.4
Plugin made by Benoist3012!
L 10/05/2018 - 16:33:26: [security_entity_limit.smx] [SEL] 452 entities have been protected from deleting.This map contain 1596 free entity slot!
L 10/05/2018 - 16:34:18: [basecommands.smx] "Console<0><Console><Console>" changed map to "emp_canyon"
L 10/05/2018 - 16:34:21: [SM] Changed map to "emp_canyon"
L 10/05/2018 - 16:34:22: -------- Mapchange to emp_canyon --------
L 10/05/2018 - 16:34:34: [security_entity_limit.smx] [SEL] 256 entities have been protected from deleting.This map contain 1792 free entity slot!
L 10/05/2018 - 17:23:42: SourceMod log file session started (file "L20181005.log") (Version "1.8.0.5912")
L 10/05/2018 - 17:23:42: -------- Mapchange to con_district402 --------
L 10/05/2018 - 17:23:42: [saysounds.smx] [Say Sounds] No specific game detected
L 10/05/2018 - 17:23:42: [security_entity_limit.smx] Security Entity Limit [SEL] Activate!
L 10/05/2018 - 17:23:42: [security_entity_limit.smx] [SEL]Current version: 0.5.4
Plugin made by Benoist3012!
L 10/05/2018 - 17:23:57: [security_entity_limit.smx] [SEL] 452 entities have been protected from deleting.This map contain 1596 free entity slot!
L 10/05/2018 - 17:33:17: SourceMod log file session started (file "L20181005.log") (Version "1.8.0.5912")
L 10/05/2018 - 17:33:17: -------- Mapchange to con_district402 --------
L 10/05/2018 - 17:33:17: [saysounds.smx] [Say Sounds] No specific game detected
L 10/05/2018 - 17:33:17: [security_entity_limit.smx] Security Entity Limit [SEL] Activate!
L 10/05/2018 - 17:33:17: [security_entity_limit.smx] [SEL]Current version: 0.5.4
Plugin made by Benoist3012!
L 10/05/2018 - 17:33:32: [security_entity_limit.smx] [SEL] 452 entities have been protected from deleting.This map contain 1596 free entity slot!
L 10/05/2018 - 17:46:39: [basecommands.smx] "Mikleo<4><[U:1:376259319]><>" changed cvar (cvar "sc_voicechatmaxclients") (value "0")
L 10/05/2018 - 17:46:44: [basecommands.smx] "Mikleo<4><[U:1:376259319]><>" changed cvar (cvar "sc_voicechatmaxclients") (value "3")
L 10/05/2018 - 17:46:54: [basecommands.smx] "Mikleo<4><[U:1:376259319]><>" changed cvar (cvar "sc_voicechatmaxclients") (value "3")
L 10/05/2018 - 17:47:00: [basecommands.smx] "Mikleo<4><[U:1:376259319]><>" changed cvar (cvar "sc_voicechatmaxclients") (value "0")
L 10/05/2018 - 17:47:09: [basecommands.smx] "Mikleo<4><[U:1:376259319]><>" changed cvar (cvar "sc_voicechatmaxclients") (value "3")
L 10/05/2018 - 17:47:12: [basechat.smx] "Console<0><Console><Console>" triggered sm_say (text rebooting for update)
L 10/05/2018 - 17:49:03: SourceMod log file session started (file "L20181005.log") (Version "1.8.0.5912")
L 10/05/2018 - 17:49:03: -------- Mapchange to con_district402 --------
L 10/05/2018 - 17:49:03: [saysounds.smx] [Say Sounds] No specific game detected
L 10/05/2018 - 17:49:03: [security_entity_limit.smx] Security Entity Limit [SEL] Activate!
L 10/05/2018 - 17:49:03: [security_entity_limit.smx] [SEL]Current version: 0.5.4
Plugin made by Benoist3012!
L 10/05/2018 - 17:49:17: [security_entity_limit.smx] [SEL] 452 entities have been protected from deleting.This map contain 1596 free entity slot!
L 10/05/2018 - 17:49:45: [basecommands.smx] "Mr. X.<3><[U:1:27106968]><>" changed map to "emp_coast"
L 10/05/2018 - 17:49:48: [SM] Changed map to "emp_coast"
L 10/05/2018 - 17:49:49: -------- Mapchange to emp_coast --------
L 10/05/2018 - 17:50:14: [security_entity_limit.smx] [SEL] 415 entities have been protected from deleting.This map contain 1633 free entity slot!
L 10/05/2018 - 17:50:20: [saysounds.smx] [Say Sounds] Disabled, Unhooking Events
L 10/05/2018 - 17:51:23: [basecommands.smx] "Mr. X.<3><[U:1:27106968]><>" console command (cmdline "exec testing")
L 10/05/2018 - 17:52:29: [basecommands.smx] "Mr. X.<3><[U:1:27106968]><>" console command (cmdline "emp_sv_player_revive_health_penalty")
L 10/05/2018 - 17:52:49: [basecommands.smx] "Mr. X.<3><[U:1:27106968]><>" console command (cmdline "sv_cheats 1")
L 10/05/2018 - 17:56:59: [basecommands.smx] "Smithy<5><[U:1:30491919]><>" console command (cmdline "emp_sv_player_erepair_speed 600")
L 10/05/2018 - 17:57:18: [basecommands.smx] "Smithy<5><[U:1:30491919]><>" console command (cmdline "emp_sv_player_erepair_speed 60")
L 10/05/2018 - 17:57:39: [basecommands.smx] "Smithy<5><[U:1:30491919]><>" console command (cmdline "emp_sv_player_erepair_speed 600")
L 10/05/2018 - 17:57:52: [basecommands.smx] "Smithy<5><[U:1:30491919]><>" console command (cmdline "emp_sv_player_erepair_speed 150")
L 10/05/2018 - 17:58:31: [basecommands.smx] "Smithy<5><[U:1:30491919]><>" console command (cmdline "emp_sv_player_erepair_speed 600")
L 10/05/2018 - 17:58:43: [basecommands.smx] "Smithy<5><[U:1:30491919]><>" console command (cmdline "emp_sv_player_erepair_speed 200")
L 10/05/2018 - 17:59:08: [basecommands.smx] "Smithy<5><[U:1:30491919]><>" console command (cmdline "emp_sv_player_erepair_speed 150")
L 10/05/2018 - 17:59:14: [basecommands.smx] "Smithy<5><[U:1:30491919]><>" console command (cmdline "emp_sv_player_erepair_speed 600")
L 10/05/2018 - 17:59:43: [basecommands.smx] "Smithy<5><[U:1:30491919]><>" console command (cmdline "emp_sv_player_erepair_speed 150")
L 10/05/2018 - 18:03:21: [basecommands.smx] "Smithy<5><[U:1:30491919]><>" console command (cmdline "emp_sv_debug_instant_build 1")
L 10/05/2018 - 18:24:34: SourceMod log file session started (file "L20181005.log") (Version "1.8.0.5912")
L 10/05/2018 - 18:24:34: -------- Mapchange to con_district402 --------
L 10/05/2018 - 18:24:34: [saysounds.smx] [Say Sounds] No specific game detected
L 10/05/2018 - 18:24:34: [security_entity_limit.smx] Security Entity Limit [SEL] Activate!
L 10/05/2018 - 18:24:34: [security_entity_limit.smx] [SEL]Current version: 0.5.4
Plugin made by Benoist3012!
L 10/05/2018 - 18:24:47: [security_entity_limit.smx] [SEL] 452 entities have been protected from deleting.This map contain 1596 free entity slot!
L 10/05/2018 - 18:25:23: [basecommands.smx] "Mr. X.<2><[U:1:27106968]><>" changed map to "emp_canyon"
L 10/05/2018 - 18:25:26: [SM] Changed map to "emp_canyon"
L 10/05/2018 - 18:25:27: -------- Mapchange to emp_canyon --------
L 10/05/2018 - 18:25:39: [security_entity_limit.smx] [SEL] 260 entities have been protected from deleting.This map contain 1788 free entity slot!
L 10/05/2018 - 18:28:06: [saysounds.smx] [Say Sounds] Disabled, Unhooking Events
L 10/05/2018 - 18:30:33: [basecommands.smx] "Mr. X.<6><[U:1:27106968]><>" changed map to "emp_palmbay"
L 10/05/2018 - 18:30:36: [SM] Changed map to "emp_palmbay"
L 10/05/2018 - 18:30:39: -------- Mapchange to emp_palmbay --------
L 10/05/2018 - 18:30:40: [saysounds.smx] [Say Sounds] Enabled, Hooking Events
L 10/05/2018 - 18:30:40: [saysounds.smx] [Say Sounds] No specific game detected
L 10/05/2018 - 18:30:50: [security_entity_limit.smx] [SEL] 220 entities have been protected from deleting.This map contain 1828 free entity slot!
L 10/05/2018 - 18:30:57: [saysounds.smx] [Say Sounds] Disabled, Unhooking Events
L 10/05/2018 - 19:14:00: [playercommands.smx] "Spyer<7><[U:1:34143605]><>" slayed "jplastella<9><[U:1:181630390]><>"
L 10/05/2018 - 19:40:41: [saysounds.smx] [Say Sounds] Enabled, Hooking Events
L 10/05/2018 - 19:40:41: [saysounds.smx] [Say Sounds] No specific game detected
L 10/05/2018 - 19:41:47: [SM] Changed map to "con_blast_ob2"
L 10/05/2018 - 19:41:48: -------- Mapchange to con_blast_ob2 --------
L 10/05/2018 - 19:41:58: [security_entity_limit.smx] [SEL] 663 entities have been protected from deleting.This map contain 1385 free entity slot!
L 10/05/2018 - 19:43:07: [saysounds.smx] [Say Sounds] Disabled, Unhooking Events
L 10/05/2018 - 19:44:02: [basechat.smx] "Mr. X.<6><[U:1:27106968]><>" triggered sm_say (text update is out)
L 10/05/2018 - 19:46:36: [basechat.smx] "Console<0><Console><Console>" triggered sm_say (text updating now)
L 10/05/2018 - 19:47:13: SourceMod log file session started (file "L20181005.log") (Version "1.8.0.5912")
L 10/05/2018 - 19:47:13: -------- Mapchange to con_district402 --------
L 10/05/2018 - 19:47:13: [saysounds.smx] [Say Sounds] No specific game detected
L 10/05/2018 - 19:47:13: [security_entity_limit.smx] Security Entity Limit [SEL] Activate!
L 10/05/2018 - 19:47:13: [security_entity_limit.smx] [SEL]Current version: 0.5.4
Plugin made by Benoist3012!
L 10/05/2018 - 19:47:27: [security_entity_limit.smx] [SEL] 452 entities have been protected from deleting.This map contain 1596 free entity slot!
L 10/05/2018 - 19:48:10: [saysounds.smx] [Say Sounds] Disabled, Unhooking Events
L 10/05/2018 - 19:48:33: [basecommands.smx] "Mr. X.<2><[U:1:27106968]><>" changed map to "emp_isle_hce"
L 10/05/2018 - 19:48:36: [SM] Changed map to "emp_isle_hce"
L 10/05/2018 - 19:48:37: -------- Mapchange to emp_isle_hce --------
L 10/05/2018 - 19:48:39: [saysounds.smx] [Say Sounds] Enabled, Hooking Events
L 10/05/2018 - 19:48:39: [saysounds.smx] [Say Sounds] No specific game detected
L 10/05/2018 - 19:48:50: [security_entity_limit.smx] [SEL] 205 entities have been protected from deleting.This map contain 1843 free entity slot!
L 10/05/2018 - 19:48:57: [saysounds.smx] [Say Sounds] Disabled, Unhooking Events
L 10/05/2018 - 20:08:31: [SM] Changed map to "con_blast_ob2"
L 10/05/2018 - 20:08:31: -------- Mapchange to con_blast_ob2 --------
L 10/05/2018 - 20:08:32: [saysounds.smx] [Say Sounds] Enabled, Hooking Events
L 10/05/2018 - 20:08:32: [saysounds.smx] [Say Sounds] No specific game detected
L 10/05/2018 - 20:08:42: [security_entity_limit.smx] [SEL] 661 entities have been protected from deleting.This map contain 1387 free entity slot!
L 10/05/2018 - 20:10:01: [saysounds.smx] [Say Sounds] Disabled, Unhooking Events
L 10/05/2018 - 20:23:18: [saysounds.smx] [Say Sounds] Enabled, Hooking Events
L 10/05/2018 - 20:23:18: [saysounds.smx] [Say Sounds] No specific game detected
L 10/05/2018 - 20:23:20: [basecommands.smx] "Oktay<5><[U:1:116496292]><>" changed map to "cd_con_district402"
L 10/05/2018 - 20:23:23: [SM] Changed map to "cd_con_district402"
L 10/05/2018 - 20:23:24: -------- Mapchange to con_district402 --------
L 10/05/2018 - 20:23:34: [security_entity_limit.smx] [SEL] 455 entities have been protected from deleting.This map contain 1593 free entity slot!
L 10/05/2018 - 20:24:25: [saysounds.smx] [Say Sounds] Disabled, Unhooking Events
L 10/05/2018 - 20:26:32: [saysounds.smx] [Say Sounds] Enabled, Hooking Events
L 10/05/2018 - 20:26:32: [saysounds.smx] [Say Sounds] No specific game detected
L 10/05/2018 - 20:26:58: [basecommands.smx] "Mr. X.<14><[U:1:27106968]><>" changed map to "con_district402"
L 10/05/2018 - 20:27:01: [SM] Changed map to "con_district402"
L 10/05/2018 - 20:27:02: -------- Mapchange to con_district402 --------
L 10/05/2018 - 20:27:12: [security_entity_limit.smx] [SEL] 463 entities have been protected from deleting.This map contain 1585 free entity slot!
L 10/05/2018 - 20:27:37: [basechat.smx] "Mr. X.<14><[U:1:27106968]><>" triggered sm_say (text are you experiencing more lag than usually?)
L 10/05/2018 - 20:28:13: [saysounds.smx] [Say Sounds] Disabled, Unhooking Events
L 10/05/2018 - 20:30:57: [basechat.smx] "Mr. X.<14><[U:1:27106968]><>" triggered sm_say (text but seriously, if you guys experience more lag than usually you need to tell me)
L 10/05/2018 - 20:31:03: [basechat.smx] "Mr. X.<14><[U:1:27106968]><>" triggered sm_say (text because we're testing a new sv_minrate)
L 10/05/2018 - 20:31:29: [basechat.smx] "Mr. X.<14><[U:1:27106968]><>" triggered sm_say (text which according to the (terribly outdated) description says it might lag people)
L 10/05/2018 - 20:33:23: [basecommands.smx] "Mr. X.<14><[U:1:27106968]><>" console command (cmdline "sv_minrate 50000")
L 10/05/2018 - 20:33:54: [basecommands.smx] "Mr. X.<14><[U:1:27106968]><>" console command (cmdline "sv_minrate")
L 10/05/2018 - 20:34:15: [basecommands.smx] "Mr. X.<14><[U:1:27106968]><>" console command (cmdline "sv_minrate 0")
L 10/05/2018 - 20:34:36: [basecommands.smx] "Mr. X.<14><[U:1:27106968]><>" console command (cmdline "sv_minrate")
L 10/05/2018 - 20:40:20: [saysounds.smx] [Say Sounds] Enabled, Hooking Events
L 10/05/2018 - 20:40:20: [saysounds.smx] [Say Sounds] No specific game detected
L 10/05/2018 - 20:41:25: [SM] Changed map to "con_urbanchaos"
L 10/05/2018 - 20:41:27: -------- Mapchange to con_urbanchaos --------
L 10/05/2018 - 20:41:38: [security_entity_limit.smx] [SEL] 656 entities have been protected from deleting.This map contain 1392 free entity slot!
L 10/05/2018 - 20:42:50: [saysounds.smx] [Say Sounds] Disabled, Unhooking Events
L 10/05/2018 - 20:43:05: [basecommands.smx] "Mr. X.<14><[U:1:27106968]><>" console command (cmdline "sv_minrate 0")
L 10/05/2018 - 20:55:26: [saysounds.smx] [Say Sounds] Enabled, Hooking Events
L 10/05/2018 - 20:55:26: [saysounds.smx] [Say Sounds] No specific game detected
L 10/05/2018 - 20:57:10: [SM] Changed map to "emp_crossroads_towerless_hce2"
L 10/05/2018 - 20:57:12: -------- Mapchange to emp_crossroads_towerless_hce2 --------
L 10/05/2018 - 20:57:23: [security_entity_limit.smx] [SEL] 572 entities have been protected from deleting.This map contain 1476 free entity slot!
L 10/05/2018 - 20:59:04: [saysounds.smx] [Say Sounds] Disabled, Unhooking Events
L 10/05/2018 - 21:00:14: [basecommands.smx] "Mr. X.<19><[U:1:27106968]><>" console command (cmdline "emp_sv_refinery_multiplier 2")
L 10/05/2018 - 21:11:51: [basechat.smx] "Mr. X.<19><[U:1:27106968]><>" triggered sm_say (text so)
L 10/05/2018 - 21:11:55: [basechat.smx] "Mr. X.<19><[U:1:27106968]><>" triggered sm_say (text how's the lag?)
L 10/05/2018 - 21:12:08: [basechat.smx] "Mr. X.<19><[U:1:27106968]><>" triggered sm_say (text no, increased.)
L 10/05/2018 - 21:15:04: [basechat.smx] "Mr. X.<19><[U:1:27106968]><>" triggered sm_say (text how's the lag?)
L 10/05/2018 - 21:15:07: [basechat.smx] "Mr. X.<19><[U:1:27106968]><>" triggered sm_say (text still asking)
L 10/05/2018 - 21:16:01: [basechat.smx] "Mr. X.<19><[U:1:27106968]><>" triggered sm_say (text what about hit detection?)
L 10/05/2018 - 21:16:03: [basechat.smx] "Mr. X.<19><[U:1:27106968]><>" triggered sm_say (text any better?)
L 10/05/2018 - 21:26:31: [saysounds.smx] [Say Sounds] Enabled, Hooking Events
L 10/05/2018 - 21:26:31: [saysounds.smx] [Say Sounds] No specific game detected
L 10/05/2018 - 21:28:16: [SM] Changed map to "emp_duststorm_fix2"
L 10/05/2018 - 21:28:17: -------- Mapchange to emp_duststorm_fix2 --------
L 10/05/2018 - 21:28:27: [security_entity_limit.smx] [SEL] 235 entities have been protected from deleting.This map contain 1813 free entity slot!
L 10/05/2018 - 21:29:23: [saysounds.smx] [Say Sounds] No specific game detected
L 10/05/2018 - 21:29:36: [basechat.smx] "Mr. X.<19><[U:1:27106968]><>" triggered sm_say (text magic)
L 10/05/2018 - 21:29:44: [basechat.smx] "Mr. X.<19><[U:1:27106968]><>" triggered sm_say (text tada)
L 10/05/2018 - 21:29:45: [basechat.smx] "Mr. X.<19><[U:1:27106968]><>" triggered sm_say (text balance)
L 10/05/2018 - 21:29:50: [basechat.smx] "Mr. X.<19><[U:1:27106968]><>" triggered sm_say (text ish)
L 10/05/2018 - 21:32:03: [basechat.smx] "Mr. X.<19><[U:1:27106968]><>" triggered sm_say (text yes)
L 10/05/2018 - 21:32:14: [basechat.smx] "Mr. X.<19><[U:1:27106968]><>" triggered sm_say (text haven't tested all the new maps)
L 10/05/2018 - 21:32:20: [basechat.smx] "Mr. X.<19><[U:1:27106968]><>" triggered sm_say (text to see if they're properly working)
L 10/05/2018 - 21:34:05: [basechat.smx] "Mr. X.<19><[U:1:27106968]><>" triggered sm_say (text no it's more like mai nbase refs are x2)
L 10/05/2018 - 21:34:11: [basechat.smx] "Mr. X.<19><[U:1:27106968]><>" triggered sm_say (text while all others are x1)
L 10/05/2018 - 21:34:48: [basechat.smx] "Mr. X.<19><[U:1:27106968]><>" triggered sm_say (text it basically makes NW and SE worth x4 res)
L 10/05/2018 - 21:35:18: [basechat.smx] "Mr. X.<19><[U:1:27106968]><>" triggered sm_say (text making it way more valuable than NW or SE)
L 10/05/2018 - 21:35:24: [basechat.smx] "Mr. X.<19><[U:1:27106968]><>" triggered sm_say (text aka unbalanced)
L 10/05/2018 - 21:40:43: [basechat.smx] "Mr. X.<19><[U:1:27106968]><>" triggered sm_say (text so, would you say less lag than last game?)
L 10/05/2018 - 21:40:46: [basechat.smx] "Mr. X.<19><[U:1:27106968]><>" triggered sm_say (text any difference?)
L 10/05/2018 - 21:47:19: [playercommands.smx] "Mr. X.<19><[U:1:27106968]><>" slayed "Meltrig<44><[U:1:307355589]><>"
L 10/05/2018 - 21:47:36: [playercommands.smx] "Mr. X.<19><[U:1:27106968]><>" slayed "Mr. X.<19><[U:1:27106968]><>"
L 10/05/2018 - 21:47:51: [playercommands.smx] "Mr. X.<19><[U:1:27106968]><>" slapped "Meltrig<44><[U:1:307355589]><>" (damage "1999")
L 10/05/2018 - 22:04:34: [basechat.smx] "Mr. X.<19><[U:1:27106968]><>" triggered sm_say (text so)
L 10/05/2018 - 22:04:42: [basechat.smx] "Mr. X.<19><[U:1:27106968]><>" triggered sm_say (text lag, better or worse than last game?)
L 10/05/2018 - 22:04:55: [basechat.smx] "Mr. X.<19><[U:1:27106968]><>" triggered sm_say (text or same?)
L 10/05/2018 - 22:06:32: [saysounds.smx] [Say Sounds] Enabled, Hooking Events
L 10/05/2018 - 22:06:32: [saysounds.smx] [Say Sounds] No specific game detected
L 10/05/2018 - 22:07:46: [basechat.smx] "Mr. X.<19><[U:1:27106968]><>" triggered sm_say (text going to 60k)
L 10/05/2018 - 22:08:16: [SM] Changed map to "emp_hazard_rc6"
L 10/05/2018 - 22:08:17: -------- Mapchange to emp_hazard_rc6 --------
L 10/05/2018 - 22:08:27: [security_entity_limit.smx] [SEL] 381 entities have been protected from deleting.This map contain 1667 free entity slot!
L 10/05/2018 - 22:41:46: [saysounds.smx] [Say Sounds] Enabled, Hooking Events
L 10/05/2018 - 22:41:46: [saysounds.smx] [Say Sounds] No specific game detected
L 10/05/2018 - 22:43:30: [SM] Changed map to "emp_streetsoffire"
L 10/05/2018 - 22:43:32: -------- Mapchange to emp_streetsoffire --------
L 10/05/2018 - 22:43:45: [security_entity_limit.smx] [SEL] 614 entities have been protected from deleting.This map contain 1434 free entity slot!
L 10/05/2018 - 22:44:12: [basechat.smx] "Mr. X.<19><[U:1:27106968]><>" triggered sm_say (text I also forgot to check the traffic)
L 10/05/2018 - 22:44:13: [basechat.smx] "Mr. X.<19><[U:1:27106968]><>" triggered sm_say (text so)
L 10/05/2018 - 22:44:20: [basechat.smx] "Mr. X.<19><[U:1:27106968]><>" triggered sm_say (text because voice crash people)
L 10/05/2018 - 22:46:23: [basechat.smx] "Mr. X.<19><[U:1:27106968]><>" triggered sm_say (text welp)
L 10/05/2018 - 22:47:17: [basecommands.smx] "Mr. X.<19><[U:1:27106968]><>" changed map to "as_escort"
L 10/05/2018 - 22:47:20: [SM] Changed map to "as_escort"
L 10/05/2018 - 22:47:21: -------- Mapchange to as_escort --------
L 10/05/2018 - 22:47:32: [security_entity_limit.smx] [SEL] 615 entities have been protected from deleting.This map contain 1433 free entity slot!
L 10/05/2018 - 22:48:32: [saysounds.smx] [Say Sounds] Disabled, Unhooking Events
L 10/05/2018 - 23:22:40: [saysounds.smx] [Say Sounds] Enabled, Hooking Events
L 10/05/2018 - 23:22:40: [saysounds.smx] [Say Sounds] No specific game detected
L 10/05/2018 - 23:23:45: [SM] Changed map to "emp_beachfront_b2_hce"
L 10/05/2018 - 23:23:46: -------- Mapchange to emp_beachfront_b2_hce --------
L 10/05/2018 - 23:23:57: [security_entity_limit.smx] [SEL] 174 entities have been protected from deleting.This map contain 1874 free entity slot!
L 10/05/2018 - 23:25:32: [saysounds.smx] [Say Sounds] Disabled, Unhooking Events
L 10/05/2018 - 23:30:51: [basecommands.smx] "Mr. X.<71><[U:1:27106968]><>" console command (cmdline "sv_minrate")
L 10/05/2018 - 23:50:34: [saysounds.smx] [Say Sounds] Enabled, Hooking Events
L 10/05/2018 - 23:50:34: [saysounds.smx] [Say Sounds] No specific game detected
L 10/05/2018 - 23:51:40: [SM] Changed map to "emp_downfall_hce"
L 10/05/2018 - 23:51:41: -------- Mapchange to emp_downfall_hce --------
L 10/05/2018 - 23:51:51: [security_entity_limit.smx] [SEL] 160 entities have been protected from deleting.This map contain 1888 free entity slot!
