L 08/12/2018 - 00:08:58: SourceMod log file session started (file "L20180812.log") (Version "1.8.0.5912")
L 08/12/2018 - 00:08:58: [saysounds.smx] [Say Sounds] Enabled, Hooking Events
L 08/12/2018 - 00:08:58: [saysounds.smx] [Say Sounds] No specific game detected
L 08/12/2018 - 00:10:43: [SM] Changed map to "emp_cyclopean"
L 08/12/2018 - 00:10:44: -------- Mapchange to emp_cyclopean --------
L 08/12/2018 - 00:10:45: [autorecorder.smx] Recording to auto-20180812-001045-emp_cyclopean.dem
L 08/12/2018 - 00:10:54: [security_entity_limit.smx] [SEL] 532 entities have been protected from deleting.This map contain 1516 free entity slot!
L 08/12/2018 - 01:14:37: [saysounds.smx] [Say Sounds] Enabled, Hooking Events
L 08/12/2018 - 01:14:37: [saysounds.smx] [Say Sounds] No specific game detected
L 08/12/2018 - 01:16:21: [SM] Changed map to "emp_duststorm_fix2"
L 08/12/2018 - 01:16:22: -------- Mapchange to emp_duststorm_fix2 --------
L 08/12/2018 - 01:16:24: [autorecorder.smx] Recording to auto-20180812-011624-emp_duststorm_fix2.dem
L 08/12/2018 - 01:16:33: [security_entity_limit.smx] [SEL] 266 entities have been protected from deleting.This map contain 1782 free entity slot!
L 08/12/2018 - 01:38:22: [saysounds.smx] [Say Sounds] Enabled, Hooking Events
L 08/12/2018 - 01:38:22: [saysounds.smx] [Say Sounds] No specific game detected
L 08/12/2018 - 01:39:00: [sbpp_comms.smx] "Mr. X.<11><[U:1:27106968]><>" muted "Spriggals ツ<106><[U:1:45206351]><>" (minutes "1") (reason "you asked")
L 08/12/2018 - 01:40:06: [SM] Changed map to "emp_plunge_ob2_2013_hce2"
L 08/12/2018 - 01:40:07: -------- Mapchange to emp_plunge_ob2_2013_hce2 --------
L 08/12/2018 - 01:40:08: [autorecorder.smx] Recording to auto-20180812-014008-emp_plunge_ob2_2013_hce2.dem
L 08/12/2018 - 01:40:17: [security_entity_limit.smx] [SEL] 227 entities have been protected from deleting.This map contain 1821 free entity slot!
L 08/12/2018 - 01:40:35: [basecommands.smx] "Mikleo<117><[U:1:376259319]><>" changed cvar (cvar "dp_music") (value "0")
L 08/12/2018 - 01:50:25: [saysounds.smx] [Say Sounds] Enabled, Hooking Events
L 08/12/2018 - 01:50:25: [saysounds.smx] [Say Sounds] No specific game detected
L 08/12/2018 - 01:51:31: [SM] Changed map to "con_district402"
L 08/12/2018 - 01:51:32: -------- Mapchange to con_district402 --------
L 08/12/2018 - 01:51:33: [autorecorder.smx] Recording to auto-20180812-015133-con_district402.dem
L 08/12/2018 - 01:51:42: [security_entity_limit.smx] [SEL] 446 entities have been protected from deleting.This map contain 1602 free entity slot!
L 08/12/2018 - 01:52:44: [saysounds.smx] [Say Sounds] Disabled, Unhooking Events
L 08/12/2018 - 02:21:20: [saysounds.smx] [Say Sounds] Enabled, Hooking Events
L 08/12/2018 - 02:21:20: [saysounds.smx] [Say Sounds] No specific game detected
L 08/12/2018 - 02:22:25: [SM] Changed map to "emp_crossroads_towerless_hce"
L 08/12/2018 - 02:22:27: -------- Mapchange to emp_crossroads_towerless_hce --------
L 08/12/2018 - 02:22:28: [autorecorder.smx] Recording to auto-20180812-022228-emp_crossroads_towerless_hce.dem
L 08/12/2018 - 02:22:37: [security_entity_limit.smx] [SEL] 574 entities have been protected from deleting.This map contain 1474 free entity slot!
L 08/12/2018 - 05:08:45: [saysounds.smx] [Say Sounds] Enabled, Hooking Events
L 08/12/2018 - 05:08:45: [saysounds.smx] [Say Sounds] No specific game detected
L 08/12/2018 - 05:09:31: [SM] Changed map to "con_glycencity"
L 08/12/2018 - 05:09:32: -------- Mapchange to con_glycencity --------
L 08/12/2018 - 05:09:43: [security_entity_limit.smx] [SEL] 639 entities have been protected from deleting.This map contain 1409 free entity slot!
L 08/12/2018 - 05:10:54: [saysounds.smx] [Say Sounds] Disabled, Unhooking Events
L 08/12/2018 - 05:10:54: [autorecorder.smx] Recording to auto-20180812-051054-con_glycencity.dem
L 08/12/2018 - 05:17:23: [saysounds.smx] [Say Sounds] Enabled, Hooking Events
L 08/12/2018 - 05:17:23: [saysounds.smx] [Say Sounds] No specific game detected
L 08/12/2018 - 05:18:17: [SM] Changed map to "emp_drygulch_a7"
L 08/12/2018 - 05:18:18: -------- Mapchange to emp_drygulch_a7 --------
L 08/12/2018 - 05:18:19: [autorecorder.smx] Recording to auto-20180812-051819-emp_drygulch_a7.dem
L 08/12/2018 - 05:18:28: [security_entity_limit.smx] [SEL] 168 entities have been protected from deleting.This map contain 1880 free entity slot!
L 08/12/2018 - 05:21:34: [saysounds.smx] [Say Sounds] Disabled, Unhooking Events
L 08/12/2018 - 16:18:38: [basecommands.smx] "Mr. X.<150><[U:1:27106968]><>" changed map to "emp_fuel_a3_2013_hce2"
L 08/12/2018 - 16:18:41: [SM] Changed map to "emp_fuel_a3_2013_hce2"
L 08/12/2018 - 16:18:42: -------- Mapchange to emp_fuel_a3_2013_hce2 --------
L 08/12/2018 - 16:18:42: [saysounds.smx] [Say Sounds] Enabled, Hooking Events
L 08/12/2018 - 16:18:42: [saysounds.smx] [Say Sounds] No specific game detected
L 08/12/2018 - 16:18:52: [security_entity_limit.smx] [SEL] 510 entities have been protected from deleting.This map contain 1538 free entity slot!
L 08/12/2018 - 16:23:50: [basecommands.smx] "Mr. X.<150><[U:1:27106968]><>" changed map to "emp_isle_hce"
L 08/12/2018 - 16:23:53: [SM] Changed map to "emp_isle_hce"
L 08/12/2018 - 16:23:54: -------- Mapchange to emp_isle_hce --------
L 08/12/2018 - 16:24:04: [security_entity_limit.smx] [SEL] 207 entities have been protected from deleting.This map contain 1841 free entity slot!
L 08/12/2018 - 16:24:10: [basecommands.smx] "Mr. X.<150><[U:1:27106968]><>" changed map to "emp_chain"
L 08/12/2018 - 16:24:13: [SM] Changed map to "emp_chain"
L 08/12/2018 - 16:24:14: -------- Mapchange to emp_chain --------
L 08/12/2018 - 16:24:24: [security_entity_limit.smx] [SEL] 213 entities have been protected from deleting.This map contain 1835 free entity slot!
L 08/12/2018 - 16:24:31: [saysounds.smx] [Say Sounds] Disabled, Unhooking Events
L 08/12/2018 - 16:24:31: [autorecorder.smx] Recording to auto-20180812-162431-emp_chain.dem
L 08/12/2018 - 16:24:31: [basecommands.smx] "Mr. X.<150><[U:1:27106968]><>" console command (cmdline "exec testing")
L 08/12/2018 - 16:31:17: [basecommands.smx] "Mr. X.<150><[U:1:27106968]><>" console command (cmdline "sv_cheats 1")
L 08/12/2018 - 16:42:03: [basecommands.smx] "Mr. X.<150><[U:1:27106968]><>" console command (cmdline "sv_cheats 0")
L 08/12/2018 - 17:55:26: [saysounds.smx] [Say Sounds] Enabled, Hooking Events
L 08/12/2018 - 17:55:26: [saysounds.smx] [Say Sounds] No specific game detected
L 08/12/2018 - 17:56:31: [SM] Changed map to "emp_nuclear_b8u_xfix"
L 08/12/2018 - 17:56:32: -------- Mapchange to emp_nuclear_b8u_xfix --------
L 08/12/2018 - 17:56:36: [autorecorder.smx] Recording to auto-20180812-175636-emp_nuclear_b8u_xfix.dem
L 08/12/2018 - 17:56:42: [security_entity_limit.smx] [SEL] 995 entities have been protected from deleting.This map contain 1053 free entity slot!
L 08/12/2018 - 17:58:29: [saysounds.smx] [Say Sounds] Disabled, Unhooking Events
L 08/12/2018 - 18:32:26: [saysounds.smx] [Say Sounds] Enabled, Hooking Events
L 08/12/2018 - 18:32:26: [saysounds.smx] [Say Sounds] No specific game detected
L 08/12/2018 - 18:34:10: [SM] Changed map to "con_blast_ob2"
L 08/12/2018 - 18:34:11: -------- Mapchange to con_blast_ob2 --------
L 08/12/2018 - 18:34:14: [autorecorder.smx] Recording to auto-20180812-183414-con_blast_ob2.dem
L 08/12/2018 - 18:34:21: [security_entity_limit.smx] [SEL] 665 entities have been protected from deleting.This map contain 1383 free entity slot!
L 08/12/2018 - 18:35:15: [saysounds.smx] [Say Sounds] Disabled, Unhooking Events
L 08/12/2018 - 18:50:53: [saysounds.smx] [Say Sounds] Enabled, Hooking Events
L 08/12/2018 - 18:50:53: [saysounds.smx] [Say Sounds] No specific game detected
L 08/12/2018 - 18:51:59: [SM] Changed map to "emp_crossroads_towerless_hce"
L 08/12/2018 - 18:52:01: -------- Mapchange to emp_crossroads_towerless_hce --------
L 08/12/2018 - 18:52:07: [autorecorder.smx] Recording to auto-20180812-185207-emp_crossroads_towerless_hce.dem
L 08/12/2018 - 18:52:11: [security_entity_limit.smx] [SEL] 575 entities have been protected from deleting.This map contain 1473 free entity slot!
L 08/12/2018 - 19:00:12: [saysounds.smx] [Say Sounds] Disabled, Unhooking Events
L 08/12/2018 - 20:05:25: [saysounds.smx] [Say Sounds] Enabled, Hooking Events
L 08/12/2018 - 20:05:25: [saysounds.smx] [Say Sounds] No specific game detected
L 08/12/2018 - 20:07:09: [SM] Changed map to "con_glycencity"
L 08/12/2018 - 20:07:10: -------- Mapchange to con_glycencity --------
L 08/12/2018 - 20:07:15: [autorecorder.smx] Recording to auto-20180812-200715-con_glycencity.dem
L 08/12/2018 - 20:07:21: [security_entity_limit.smx] [SEL] 647 entities have been protected from deleting.This map contain 1401 free entity slot!
L 08/12/2018 - 20:08:28: [saysounds.smx] [Say Sounds] Disabled, Unhooking Events
L 08/12/2018 - 20:34:41: [saysounds.smx] [Say Sounds] Enabled, Hooking Events
L 08/12/2018 - 20:34:41: [saysounds.smx] [Say Sounds] No specific game detected
L 08/12/2018 - 20:36:26: [SM] Changed map to "emp_beachfront_b2_hce"
L 08/12/2018 - 20:36:26: -------- Mapchange to emp_beachfront_b2_hce --------
L 08/12/2018 - 20:36:30: [autorecorder.smx] Recording to auto-20180812-203630-emp_beachfront_b2_hce.dem
L 08/12/2018 - 20:36:37: [security_entity_limit.smx] [SEL] 196 entities have been protected from deleting.This map contain 1852 free entity slot!
L 08/12/2018 - 21:21:36: [saysounds.smx] [Say Sounds] Enabled, Hooking Events
L 08/12/2018 - 21:21:36: [saysounds.smx] [Say Sounds] No specific game detected
L 08/12/2018 - 21:23:21: [SM] Changed map to "emp_mvalley_fix"
L 08/12/2018 - 21:23:21: -------- Mapchange to emp_mvalley_fix --------
L 08/12/2018 - 21:23:22: [autorecorder.smx] Recording to auto-20180812-212322-emp_mvalley_fix.dem
L 08/12/2018 - 21:23:31: [security_entity_limit.smx] [SEL] 378 entities have been protected from deleting.This map contain 1670 free entity slot!
L 08/12/2018 - 22:29:14: [saysounds.smx] [Say Sounds] Enabled, Hooking Events
L 08/12/2018 - 22:29:14: [saysounds.smx] [Say Sounds] No specific game detected
L 08/12/2018 - 22:30:20: [SM] Changed map to "emp_king_r5_nosplt"
L 08/12/2018 - 22:30:21: -------- Mapchange to emp_king_r5_nosplt --------
L 08/12/2018 - 22:30:23: [autorecorder.smx] Recording to auto-20180812-223023-emp_king_r5_nosplt.dem
L 08/12/2018 - 22:30:32: [security_entity_limit.smx] [SEL] 590 entities have been protected from deleting.This map contain 1458 free entity slot!
L 08/12/2018 - 23:00:10: [saysounds.smx] [Say Sounds] Enabled, Hooking Events
L 08/12/2018 - 23:00:10: [saysounds.smx] [Say Sounds] No specific game detected
L 08/12/2018 - 23:01:54: [SM] Changed map to "emp_isle_hce"
L 08/12/2018 - 23:01:54: -------- Mapchange to emp_isle_hce --------
L 08/12/2018 - 23:01:55: [autorecorder.smx] Recording to auto-20180812-230155-emp_isle_hce.dem
L 08/12/2018 - 23:02:04: [security_entity_limit.smx] [SEL] 210 entities have been protected from deleting.This map contain 1838 free entity slot!
L 08/12/2018 - 23:02:20: [basecommands.smx] "Mikleo<215><[U:1:376259319]><>" changed cvar (cvar "dp_music") (value "0")
L 08/12/2018 - 23:19:11: [sbpp_comms.smx] "Mr. X.<217><[U:1:27106968]><>" muted "JustGoFly<244><[U:1:44099803]><>" (minutes "30") (reason "")
L 08/12/2018 - 23:49:47: [saysounds.smx] [Say Sounds] Enabled, Hooking Events
L 08/12/2018 - 23:49:47: [saysounds.smx] [Say Sounds] No specific game detected
L 08/12/2018 - 23:51:32: [SM] Changed map to "emp_chain"
L 08/12/2018 - 23:51:33: -------- Mapchange to emp_chain --------
L 08/12/2018 - 23:51:38: [autorecorder.smx] Recording to auto-20180812-235138-emp_chain.dem
L 08/12/2018 - 23:51:43: [security_entity_limit.smx] [SEL] 253 entities have been protected from deleting.This map contain 1795 free entity slot!
