L 07/26/2017 - 00:53:36: SourceMod log file session started (file "L20170726.log") (Version "1.8.0.5912")
L 07/26/2017 - 00:53:36: [SM] Changed map to "emp_drygulch_a6"
L 07/26/2017 - 00:53:36: -------- Mapchange to emp_drygulch_a6 --------
L 07/26/2017 - 00:53:48: [security_entity_limit.smx] [SEL] 185 entities have been protected from deleting.This map contain 1863 free entity slot!
L 07/26/2017 - 01:30:32: [SM] Changed map to "emp_vehicletraining_2013"
L 07/26/2017 - 01:30:33: -------- Mapchange to emp_vehicletraining_2013 --------
L 07/26/2017 - 01:30:45: [security_entity_limit.smx] [SEL] 350 entities have been protected from deleting.This map contain 1698 free entity slot!
L 07/26/2017 - 01:58:03: [SM] Changed map to "emp_beachfront_b2"
L 07/26/2017 - 01:58:03: -------- Mapchange to emp_beachfront_b2 --------
L 07/26/2017 - 01:58:16: [security_entity_limit.smx] [SEL] 173 entities have been protected from deleting.This map contain 1875 free entity slot!
L 07/26/2017 - 02:57:53: [SM] Changed map to "emp_crossroads"
L 07/26/2017 - 02:57:53: -------- Mapchange to emp_crossroads --------
L 07/26/2017 - 02:58:05: [security_entity_limit.smx] [SEL] 573 entities have been protected from deleting.This map contain 1475 free entity slot!
L 07/26/2017 - 03:13:10: [SM] Changed map to "emp_fogtown_cl2_fix"
L 07/26/2017 - 03:13:11: -------- Mapchange to emp_fogtown_cl2_fix --------
L 07/26/2017 - 03:13:22: [security_entity_limit.smx] [SEL] 951 entities have been protected from deleting.This map contain 1097 free entity slot!
L 07/26/2017 - 03:44:49: [SM] Changed map to "emp_shadows_attacks_fix"
L 07/26/2017 - 03:44:50: -------- Mapchange to emp_shadows_attacks_fix --------
L 07/26/2017 - 03:45:01: [security_entity_limit.smx] [SEL] 799 entities have been protected from deleting.This map contain 1249 free entity slot!
L 07/26/2017 - 04:03:55: [SM] Changed map to "con_urbanchaos_fix"
L 07/26/2017 - 04:03:56: -------- Mapchange to con_urbanchaos_fix --------
L 07/26/2017 - 04:04:06: [security_entity_limit.smx] [SEL] 660 entities have been protected from deleting.This map contain 1388 free entity slot!
L 07/26/2017 - 04:12:32: [SM] Changed map to "emp_drygulch_a6"
L 07/26/2017 - 04:12:33: -------- Mapchange to emp_drygulch_a6 --------
L 07/26/2017 - 04:12:43: [security_entity_limit.smx] [SEL] 187 entities have been protected from deleting.This map contain 1861 free entity slot!
L 07/26/2017 - 06:14:43: [SM] Changed map to "emp_blast_ob1"
L 07/26/2017 - 06:14:44: -------- Mapchange to emp_blast_ob1 --------
L 07/26/2017 - 06:14:54: [security_entity_limit.smx] [SEL] 666 entities have been protected from deleting.This map contain 1382 free entity slot!
L 07/26/2017 - 16:40:57: [SM] Changed map to "emp_beachfront_b2"
L 07/26/2017 - 16:40:57: -------- Mapchange to emp_beachfront_b2 --------
L 07/26/2017 - 16:41:09: [security_entity_limit.smx] [SEL] 163 entities have been protected from deleting.This map contain 1885 free entity slot!
L 07/26/2017 - 17:04:45: [SM] Changed map to "emp_crossroads"
L 07/26/2017 - 17:04:46: -------- Mapchange to emp_crossroads --------
L 07/26/2017 - 17:04:57: [security_entity_limit.smx] [SEL] 575 entities have been protected from deleting.This map contain 1473 free entity slot!
L 07/26/2017 - 18:14:12: [SM] Changed map to "emp_nuclear_b8u_xfix"
L 07/26/2017 - 18:14:13: -------- Mapchange to emp_nuclear_b8u_xfix --------
L 07/26/2017 - 18:14:25: [security_entity_limit.smx] [SEL] 995 entities have been protected from deleting.This map contain 1053 free entity slot!
L 07/26/2017 - 18:50:55: [SM] Changed map to "emp_downfall"
L 07/26/2017 - 18:50:55: -------- Mapchange to emp_downfall --------
L 07/26/2017 - 18:51:08: [security_entity_limit.smx] [SEL] 162 entities have been protected from deleting.This map contain 1886 free entity slot!
L 07/26/2017 - 19:17:41: [SM] Changed map to "emp_fogtown_cl2_fix"
L 07/26/2017 - 19:17:42: -------- Mapchange to emp_fogtown_cl2_fix --------
L 07/26/2017 - 19:17:54: [security_entity_limit.smx] [SEL] 951 entities have been protected from deleting.This map contain 1097 free entity slot!
L 07/26/2017 - 19:36:46: [SM] Changed map to "emp_drygulch_a6"
L 07/26/2017 - 19:36:47: -------- Mapchange to emp_drygulch_a6 --------
L 07/26/2017 - 19:37:00: [security_entity_limit.smx] [SEL] 185 entities have been protected from deleting.This map contain 1863 free entity slot!
L 07/26/2017 - 20:42:24: [SM] Changed map to "con_glycencity"
L 07/26/2017 - 20:42:26: -------- Mapchange to con_glycencity --------
L 07/26/2017 - 20:42:38: [security_entity_limit.smx] [SEL] 645 entities have been protected from deleting.This map contain 1403 free entity slot!
L 07/26/2017 - 20:51:36: [SM] Changed map to "emp_beachfront_b2"
L 07/26/2017 - 20:51:37: -------- Mapchange to emp_beachfront_b2 --------
L 07/26/2017 - 20:51:49: [security_entity_limit.smx] [SEL] 173 entities have been protected from deleting.This map contain 1875 free entity slot!
L 07/26/2017 - 21:08:33: [SM] Changed map to "emp_vehicletraining_2013"
L 07/26/2017 - 21:08:33: -------- Mapchange to emp_vehicletraining_2013 --------
L 07/26/2017 - 21:08:45: [security_entity_limit.smx] [SEL] 344 entities have been protected from deleting.This map contain 1704 free entity slot!
L 07/26/2017 - 21:27:11: [SM] Changed map to "emp_downfall"
L 07/26/2017 - 21:27:12: -------- Mapchange to emp_downfall --------
L 07/26/2017 - 21:27:23: [security_entity_limit.smx] [SEL] 160 entities have been protected from deleting.This map contain 1888 free entity slot!
L 07/26/2017 - 21:47:28: [SM] Changed map to "emp_blast_ob1"
L 07/26/2017 - 21:47:29: -------- Mapchange to emp_blast_ob1 --------
L 07/26/2017 - 21:47:41: [security_entity_limit.smx] [SEL] 666 entities have been protected from deleting.This map contain 1382 free entity slot!
L 07/26/2017 - 22:01:15: [SM] Changed map to "emp_shadows_attacks_fix"
L 07/26/2017 - 22:01:16: -------- Mapchange to emp_shadows_attacks_fix --------
L 07/26/2017 - 22:01:26: [security_entity_limit.smx] [SEL] 799 entities have been protected from deleting.This map contain 1249 free entity slot!
L 07/26/2017 - 22:34:43: [SM] Changed map to "con_urbanchaos_fix"
L 07/26/2017 - 22:34:44: -------- Mapchange to con_urbanchaos_fix --------
L 07/26/2017 - 22:34:54: [security_entity_limit.smx] [SEL] 660 entities have been protected from deleting.This map contain 1388 free entity slot!
L 07/26/2017 - 23:12:04: [SM] Changed map to "emp_nuclear_b8u_xfix"
L 07/26/2017 - 23:12:04: -------- Mapchange to emp_nuclear_b8u_xfix --------
L 07/26/2017 - 23:12:16: [security_entity_limit.smx] [SEL] 995 entities have been protected from deleting.This map contain 1053 free entity slot!
L 07/26/2017 - 23:40:42: [SM] Changed map to "emp_crossroads"
L 07/26/2017 - 23:40:43: -------- Mapchange to emp_crossroads --------
L 07/26/2017 - 23:40:54: [security_entity_limit.smx] [SEL] 571 entities have been protected from deleting.This map contain 1477 free entity slot!
