L 04/22/2018 - 00:06:32: SourceMod log file session started (file "L20180422.log") (Version "1.8.0.5912")
L 04/22/2018 - 00:06:32: [playercommands.smx] "Mr. X.<5><[U:1:27106968]><>" slayed "Mr. X.<5><[U:1:27106968]><>"
L 04/22/2018 - 00:06:32: [playercommands.smx] "Mr. X.<5><[U:1:27106968]><>" slayed "Quigon<46><[U:1:5653485]><>"
L 04/22/2018 - 00:06:32: [saysounds.smx] [Say Sounds] Enabled, Hooking Events
L 04/22/2018 - 00:06:32: [saysounds.smx] [Say Sounds] No specific game detected
L 04/22/2018 - 00:08:17: [SM] Changed map to "emp_homeland_b9"
L 04/22/2018 - 00:08:18: -------- Mapchange to emp_homeland_b9 --------
L 04/22/2018 - 00:08:23: [autorecorder.smx] Recording to auto-20180422-000823-emp_homeland_b9.dem
L 04/22/2018 - 00:08:28: [security_entity_limit.smx] [SEL] 986 entities have been protected from deleting.This map contain 1062 free entity slot!
L 04/22/2018 - 00:09:24: [basechat.smx] "Mr. X.<5><[U:1:27106968]><>" triggered sm_say (text different map?)
L 04/22/2018 - 00:09:27: [basechat.smx] "Mr. X.<5><[U:1:27106968]><>" triggered sm_say (text empires is dead?)
L 04/22/2018 - 00:09:33: [basechat.smx] "Mr. X.<5><[U:1:27106968]><>" triggered sm_say (text the end?)
L 04/22/2018 - 00:11:28: [SM] Changed map to "con_blast_ob2"
L 04/22/2018 - 00:11:29: -------- Mapchange to con_blast_ob2 --------
L 04/22/2018 - 00:11:31: [autorecorder.smx] Recording to auto-20180422-001131-con_blast_ob2.dem
L 04/22/2018 - 00:11:39: [security_entity_limit.smx] [SEL] 671 entities have been protected from deleting.This map contain 1377 free entity slot!
L 04/22/2018 - 00:12:40: [saysounds.smx] [Say Sounds] Disabled, Unhooking Events
L 04/22/2018 - 00:30:25: [saysounds.smx] [Say Sounds] Enabled, Hooking Events
L 04/22/2018 - 00:30:25: [saysounds.smx] [Say Sounds] No specific game detected
L 04/22/2018 - 00:31:30: [SM] Changed map to "con_district402"
L 04/22/2018 - 00:31:31: -------- Mapchange to con_district402 --------
L 04/22/2018 - 00:31:34: [autorecorder.smx] Recording to auto-20180422-003134-con_district402.dem
L 04/22/2018 - 00:31:41: [security_entity_limit.smx] [SEL] 442 entities have been protected from deleting.This map contain 1606 free entity slot!
L 04/22/2018 - 00:31:50: [saysounds.smx] [Say Sounds] Disabled, Unhooking Events
L 04/22/2018 - 00:35:24: [saysounds.smx] [Say Sounds] Enabled, Hooking Events
L 04/22/2018 - 00:35:24: [saysounds.smx] [Say Sounds] No specific game detected
L 04/22/2018 - 00:36:29: [SM] Changed map to "emp_crossroads_towerless_hce"
L 04/22/2018 - 00:36:30: -------- Mapchange to emp_crossroads_towerless_hce --------
L 04/22/2018 - 00:36:32: [autorecorder.smx] Recording to auto-20180422-003632-emp_crossroads_towerless_hce.dem
L 04/22/2018 - 00:36:41: [security_entity_limit.smx] [SEL] 572 entities have been protected from deleting.This map contain 1476 free entity slot!
L 04/22/2018 - 14:24:48: SourceMod log file session started (file "L20180422.log") (Version "1.8.0.5912")
L 04/22/2018 - 14:24:48: -------- Mapchange to con_district402 --------
L 04/22/2018 - 14:24:49: [saysounds.smx] [Say Sounds] No specific game detected
L 04/22/2018 - 14:24:49: [security_entity_limit.smx] Security Entity Limit [SEL] Activate!
L 04/22/2018 - 14:24:49: [security_entity_limit.smx] [SEL]Current version: 0.5.4
Plugin made by Benoist3012!
L 04/22/2018 - 14:25:00: [security_entity_limit.smx] [SEL] 434 entities have been protected from deleting.This map contain 1614 free entity slot!
L 04/22/2018 - 16:04:14: [basecommands.smx] "Hyperbolic Hubris<3><[U:1:15813678]><>" changed map to "emp_hazard_rc6"
L 04/22/2018 - 16:04:17: [SM] Changed map to "emp_hazard_rc6"
L 04/22/2018 - 16:04:18: -------- Mapchange to emp_hazard_rc6 --------
L 04/22/2018 - 16:04:29: [security_entity_limit.smx] [SEL] 362 entities have been protected from deleting.This map contain 1686 free entity slot!
L 04/22/2018 - 16:04:55: [saysounds.smx] [Say Sounds] Disabled, Unhooking Events
L 04/22/2018 - 16:04:55: [autorecorder.smx] Recording to auto-20180422-160455-emp_hazard_rc6.dem
L 04/22/2018 - 17:23:11: [saysounds.smx] [Say Sounds] Enabled, Hooking Events
L 04/22/2018 - 17:23:11: [saysounds.smx] [Say Sounds] No specific game detected
L 04/22/2018 - 17:24:17: [SM] Changed map to "emp_beachfront_b2_hce"
L 04/22/2018 - 17:24:17: -------- Mapchange to emp_beachfront_b2_hce --------
L 04/22/2018 - 17:24:23: [autorecorder.smx] Recording to auto-20180422-172423-emp_beachfront_b2_hce.dem
L 04/22/2018 - 17:24:28: [security_entity_limit.smx] [SEL] 167 entities have been protected from deleting.This map contain 1881 free entity slot!
L 04/22/2018 - 17:28:35: [saysounds.smx] [Say Sounds] Disabled, Unhooking Events
L 04/22/2018 - 17:32:38: [saysounds.smx] [Say Sounds] Enabled, Hooking Events
L 04/22/2018 - 17:32:38: [saysounds.smx] [Say Sounds] No specific game detected
L 04/22/2018 - 17:33:44: [SM] Changed map to "emp_crossroads_towerless_hce"
L 04/22/2018 - 17:33:45: -------- Mapchange to emp_crossroads_towerless_hce --------
L 04/22/2018 - 17:33:55: [security_entity_limit.smx] [SEL] 575 entities have been protected from deleting.This map contain 1473 free entity slot!
L 04/22/2018 - 17:35:34: [saysounds.smx] [Say Sounds] Disabled, Unhooking Events
L 04/22/2018 - 17:35:34: [autorecorder.smx] Recording to auto-20180422-173534-emp_crossroads_towerless_hce.dem
L 04/22/2018 - 17:40:40: [saysounds.smx] [Say Sounds] Enabled, Hooking Events
L 04/22/2018 - 17:40:40: [saysounds.smx] [Say Sounds] No specific game detected
L 04/22/2018 - 17:41:46: [SM] Changed map to "emp_drygulch_a6"
L 04/22/2018 - 17:41:47: -------- Mapchange to emp_drygulch_a6 --------
L 04/22/2018 - 17:41:57: [security_entity_limit.smx] [SEL] 189 entities have been protected from deleting.This map contain 1859 free entity slot!
L 04/22/2018 - 17:44:46: [saysounds.smx] [Say Sounds] Disabled, Unhooking Events
L 04/22/2018 - 17:44:46: [autorecorder.smx] Recording to auto-20180422-174446-emp_drygulch_a6.dem
L 04/22/2018 - 17:45:16: [saysounds.smx] [Say Sounds] Enabled, Hooking Events
L 04/22/2018 - 17:45:16: [saysounds.smx] [Say Sounds] No specific game detected
L 04/22/2018 - 17:46:22: [SM] Changed map to "con_urbanchaos_comm_b2"
L 04/22/2018 - 17:46:24: -------- Mapchange to con_urbanchaos_comm_b2 --------
L 04/22/2018 - 17:46:34: [security_entity_limit.smx] [SEL] 661 entities have been protected from deleting.This map contain 1387 free entity slot!
L 04/22/2018 - 17:47:47: [saysounds.smx] [Say Sounds] Disabled, Unhooking Events
L 04/22/2018 - 17:47:47: [autorecorder.smx] Recording to auto-20180422-174747-con_urbanchaos_comm_b2.dem
L 04/22/2018 - 18:00:11: [saysounds.smx] [Say Sounds] Enabled, Hooking Events
L 04/22/2018 - 18:00:11: [saysounds.smx] [Say Sounds] No specific game detected
L 04/22/2018 - 18:01:17: [SM] Changed map to "emp_fogtown_cl2_fix"
L 04/22/2018 - 18:01:18: -------- Mapchange to emp_fogtown_cl2_fix --------
L 04/22/2018 - 18:01:28: [security_entity_limit.smx] [SEL] 955 entities have been protected from deleting.This map contain 1093 free entity slot!
L 04/22/2018 - 18:02:51: [saysounds.smx] [Say Sounds] Disabled, Unhooking Events
L 04/22/2018 - 18:02:51: [autorecorder.smx] Recording to auto-20180422-180251-emp_fogtown_cl2_fix.dem
L 04/22/2018 - 18:38:02: [saysounds.smx] [Say Sounds] Enabled, Hooking Events
L 04/22/2018 - 18:38:02: [saysounds.smx] [Say Sounds] No specific game detected
L 04/22/2018 - 18:39:08: [SM] Changed map to "emp_downfall_hce"
L 04/22/2018 - 18:39:09: -------- Mapchange to emp_downfall_hce --------
L 04/22/2018 - 18:39:19: [security_entity_limit.smx] [SEL] 164 entities have been protected from deleting.This map contain 1884 free entity slot!
L 04/22/2018 - 19:31:34: [saysounds.smx] [Say Sounds] Disabled, Unhooking Events
L 04/22/2018 - 19:31:34: [autorecorder.smx] Recording to auto-20180422-193134-emp_downfall_hce.dem
L 04/22/2018 - 20:43:25: [saysounds.smx] [Say Sounds] Enabled, Hooking Events
L 04/22/2018 - 20:43:25: [saysounds.smx] [Say Sounds] No specific game detected
L 04/22/2018 - 20:44:31: [SM] Changed map to "emp_nuclear_b8u_xfix"
L 04/22/2018 - 20:44:31: -------- Mapchange to emp_nuclear_b8u_xfix --------
L 04/22/2018 - 20:44:36: [autorecorder.smx] Recording to auto-20180422-204436-emp_nuclear_b8u_xfix.dem
L 04/22/2018 - 20:44:42: [security_entity_limit.smx] [SEL] 997 entities have been protected from deleting.This map contain 1051 free entity slot!
L 04/22/2018 - 20:46:05: [saysounds.smx] [Say Sounds] Disabled, Unhooking Events
L 04/22/2018 - 20:59:01: [saysounds.smx] [Say Sounds] Enabled, Hooking Events
L 04/22/2018 - 20:59:01: [saysounds.smx] [Say Sounds] No specific game detected
L 04/22/2018 - 21:00:46: [SM] Changed map to "fun_ricochet_a4"
L 04/22/2018 - 21:00:46: -------- Mapchange to fun_ricochet_a4 --------
L 04/22/2018 - 21:00:48: [autorecorder.smx] Recording to auto-20180422-210048-fun_ricochet_a4.dem
L 04/22/2018 - 21:00:56: [security_entity_limit.smx] [SEL] 198 entities have been protected from deleting.This map contain 1850 free entity slot!
L 04/22/2018 - 21:01:23: [saysounds.smx] [Say Sounds] Disabled, Unhooking Events
L 04/22/2018 - 21:07:14: [saysounds.smx] [Say Sounds] Enabled, Hooking Events
L 04/22/2018 - 21:07:14: [saysounds.smx] [Say Sounds] No specific game detected
L 04/22/2018 - 21:08:58: [SM] Changed map to "emp_snowstorm_rc6_hce"
L 04/22/2018 - 21:08:59: -------- Mapchange to emp_snowstorm_rc6_hce --------
L 04/22/2018 - 21:09:01: [autorecorder.smx] Recording to auto-20180422-210901-emp_snowstorm_rc6_hce.dem
L 04/22/2018 - 21:09:10: [security_entity_limit.smx] [SEL] 243 entities have been protected from deleting.This map contain 1805 free entity slot!
L 04/22/2018 - 21:13:09: [saysounds.smx] [Say Sounds] Disabled, Unhooking Events
L 04/22/2018 - 21:32:00: [saysounds.smx] [Say Sounds] Enabled, Hooking Events
L 04/22/2018 - 21:32:00: [saysounds.smx] [Say Sounds] No specific game detected
L 04/22/2018 - 21:33:45: [SM] Changed map to "emp_research_1_2_2013"
L 04/22/2018 - 21:33:45: -------- Mapchange to emp_research_1_2_2013 --------
L 04/22/2018 - 21:33:46: [autorecorder.smx] Recording to auto-20180422-213346-emp_research_1_2_2013.dem
L 04/22/2018 - 21:33:55: [security_entity_limit.smx] [SEL] 342 entities have been protected from deleting.This map contain 1706 free entity slot!
L 04/22/2018 - 21:37:46: [saysounds.smx] [Say Sounds] Disabled, Unhooking Events
L 04/22/2018 - 22:13:01: [saysounds.smx] [Say Sounds] Enabled, Hooking Events
L 04/22/2018 - 22:13:01: [saysounds.smx] [Say Sounds] No specific game detected
L 04/22/2018 - 22:14:08: [SM] Changed map to "emp_canyon"
L 04/22/2018 - 22:14:08: -------- Mapchange to emp_canyon --------
L 04/22/2018 - 22:14:10: [autorecorder.smx] Recording to auto-20180422-221410-emp_canyon.dem
L 04/22/2018 - 22:14:18: [security_entity_limit.smx] [SEL] 307 entities have been protected from deleting.This map contain 1741 free entity slot!
L 04/22/2018 - 22:18:26: [saysounds.smx] [Say Sounds] Disabled, Unhooking Events
L 04/22/2018 - 23:26:48: [basecommands.smx] "Mr. X.<14><[U:1:27106968]><>" kicked "EndTheFed4<61><[U:1:167177892]><>" (reason "")
L 04/22/2018 - 23:32:49: [saysounds.smx] [Say Sounds] Enabled, Hooking Events
L 04/22/2018 - 23:32:49: [saysounds.smx] [Say Sounds] No specific game detected
L 04/22/2018 - 23:34:33: [SM] Changed map to "emp_coast"
L 04/22/2018 - 23:34:34: -------- Mapchange to emp_coast --------
L 04/22/2018 - 23:34:35: [autorecorder.smx] Recording to auto-20180422-233435-emp_coast.dem
L 04/22/2018 - 23:34:44: [security_entity_limit.smx] [SEL] 448 entities have been protected from deleting.This map contain 1600 free entity slot!
L 04/22/2018 - 23:40:00: [saysounds.smx] [Say Sounds] Disabled, Unhooking Events
