L 06/04/2018 - 00:08:38: SourceMod log file session started (file "L20180604.log") (Version "1.8.0.5912")
L 06/04/2018 - 00:08:38: [saysounds.smx] [Say Sounds] Disabled, Unhooking Events
L 06/04/2018 - 02:07:25: [saysounds.smx] [Say Sounds] Enabled, Hooking Events
L 06/04/2018 - 02:07:25: [saysounds.smx] [Say Sounds] No specific game detected
L 06/04/2018 - 02:08:00: [SM] Changed map to "emp_beachfront_b2_hce"
L 06/04/2018 - 02:08:00: -------- Mapchange to emp_beachfront_b2_hce --------
L 06/04/2018 - 02:08:02: [autorecorder.smx] Recording to auto-20180604-020802-emp_beachfront_b2_hce.dem
L 06/04/2018 - 02:08:11: [security_entity_limit.smx] [SEL] 162 entities have been protected from deleting.This map contain 1886 free entity slot!
L 06/04/2018 - 16:00:53: [saysounds.smx] [Say Sounds] Disabled, Unhooking Events
L 06/04/2018 - 18:06:18: [saysounds.smx] [Say Sounds] Enabled, Hooking Events
L 06/04/2018 - 18:06:18: [saysounds.smx] [Say Sounds] No specific game detected
L 06/04/2018 - 18:07:18: [SM] Changed map to "emp_downfall_hce"
L 06/04/2018 - 18:07:19: -------- Mapchange to emp_downfall_hce --------
L 06/04/2018 - 18:07:20: [autorecorder.smx] Recording to auto-20180604-180720-emp_downfall_hce.dem
L 06/04/2018 - 18:07:29: [security_entity_limit.smx] [SEL] 161 entities have been protected from deleting.This map contain 1887 free entity slot!
L 06/04/2018 - 20:05:24: [saysounds.smx] [Say Sounds] Disabled, Unhooking Events
L 06/04/2018 - 20:41:48: [saysounds.smx] [Say Sounds] Enabled, Hooking Events
L 06/04/2018 - 20:41:48: [saysounds.smx] [Say Sounds] No specific game detected
L 06/04/2018 - 20:42:23: [SM] Changed map to "con_glycencity"
L 06/04/2018 - 20:42:25: -------- Mapchange to con_glycencity --------
L 06/04/2018 - 20:42:35: [security_entity_limit.smx] [SEL] 637 entities have been protected from deleting.This map contain 1411 free entity slot!
L 06/04/2018 - 20:44:08: [saysounds.smx] [Say Sounds] Disabled, Unhooking Events
L 06/04/2018 - 20:44:08: [autorecorder.smx] Recording to auto-20180604-204408-con_glycencity.dem
L 06/04/2018 - 20:54:48: [saysounds.smx] [Say Sounds] Enabled, Hooking Events
L 06/04/2018 - 20:54:48: [saysounds.smx] [Say Sounds] No specific game detected
L 06/04/2018 - 20:55:53: [SM] Changed map to "emp_crossroads_towerless_hce"
L 06/04/2018 - 20:55:54: -------- Mapchange to emp_crossroads_towerless_hce --------
L 06/04/2018 - 20:55:55: [autorecorder.smx] Recording to auto-20180604-205555-emp_crossroads_towerless_hce.dem
L 06/04/2018 - 20:56:04: [security_entity_limit.smx] [SEL] 572 entities have been protected from deleting.This map contain 1476 free entity slot!
L 06/04/2018 - 20:59:09: [saysounds.smx] [Say Sounds] Disabled, Unhooking Events
L 06/04/2018 - 22:53:42: [saysounds.smx] [Say Sounds] Enabled, Hooking Events
L 06/04/2018 - 22:53:42: [saysounds.smx] [Say Sounds] No specific game detected
L 06/04/2018 - 22:54:17: [SM] Changed map to "fun_ricochet_a4"
L 06/04/2018 - 22:54:17: -------- Mapchange to fun_ricochet_a4 --------
L 06/04/2018 - 22:54:28: [security_entity_limit.smx] [SEL] 178 entities have been protected from deleting.This map contain 1870 free entity slot!
L 06/04/2018 - 22:54:57: [saysounds.smx] [Say Sounds] Disabled, Unhooking Events
L 06/04/2018 - 22:54:57: [autorecorder.smx] Recording to auto-20180604-225457-fun_ricochet_a4.dem
L 06/04/2018 - 22:55:28: [saysounds.smx] [Say Sounds] Enabled, Hooking Events
L 06/04/2018 - 22:55:28: [saysounds.smx] [Say Sounds] No specific game detected
L 06/04/2018 - 22:56:03: [SM] Changed map to "con_urbanchaos_comm_b2"
L 06/04/2018 - 22:56:04: -------- Mapchange to con_urbanchaos_comm_b2 --------
L 06/04/2018 - 22:56:15: [security_entity_limit.smx] [SEL] 657 entities have been protected from deleting.This map contain 1391 free entity slot!
L 06/04/2018 - 22:57:26: [saysounds.smx] [Say Sounds] Disabled, Unhooking Events
L 06/04/2018 - 22:57:26: [autorecorder.smx] Recording to auto-20180604-225726-con_urbanchaos_comm_b2.dem
L 06/04/2018 - 23:02:20: [saysounds.smx] [Say Sounds] Enabled, Hooking Events
L 06/04/2018 - 23:02:20: [saysounds.smx] [Say Sounds] No specific game detected
L 06/04/2018 - 23:03:26: [SM] Changed map to "con_blast_ob2"
L 06/04/2018 - 23:03:26: -------- Mapchange to con_blast_ob2 --------
L 06/04/2018 - 23:03:36: [security_entity_limit.smx] [SEL] 665 entities have been protected from deleting.This map contain 1383 free entity slot!
L 06/04/2018 - 23:04:37: [saysounds.smx] [Say Sounds] Disabled, Unhooking Events
L 06/04/2018 - 23:04:37: [autorecorder.smx] Recording to auto-20180604-230437-con_blast_ob2.dem
L 06/04/2018 - 23:23:24: [saysounds.smx] [Say Sounds] Enabled, Hooking Events
L 06/04/2018 - 23:23:24: [saysounds.smx] [Say Sounds] No specific game detected
L 06/04/2018 - 23:24:18: [SM] Changed map to "emp_vehicletraining_2013"
L 06/04/2018 - 23:24:19: -------- Mapchange to emp_vehicletraining_2013 --------
L 06/04/2018 - 23:24:29: [security_entity_limit.smx] [SEL] 344 entities have been protected from deleting.This map contain 1704 free entity slot!
L 06/04/2018 - 23:25:33: [saysounds.smx] [Say Sounds] Disabled, Unhooking Events
L 06/04/2018 - 23:25:33: [autorecorder.smx] Recording to auto-20180604-232533-emp_vehicletraining_2013.dem
L 06/04/2018 - 23:31:48: [saysounds.smx] [Say Sounds] Enabled, Hooking Events
L 06/04/2018 - 23:31:48: [saysounds.smx] [Say Sounds] No specific game detected
L 06/04/2018 - 23:32:54: [SM] Changed map to "con_district402"
L 06/04/2018 - 23:32:55: -------- Mapchange to con_district402 --------
L 06/04/2018 - 23:33:05: [security_entity_limit.smx] [SEL] 436 entities have been protected from deleting.This map contain 1612 free entity slot!
L 06/04/2018 - 23:42:11: [saysounds.smx] [Say Sounds] Disabled, Unhooking Events
L 06/04/2018 - 23:42:11: [autorecorder.smx] Recording to auto-20180604-234211-con_district402.dem
L 06/04/2018 - 23:51:36: [saysounds.smx] [Say Sounds] Enabled, Hooking Events
L 06/04/2018 - 23:51:36: [saysounds.smx] [Say Sounds] No specific game detected
L 06/04/2018 - 23:52:19: [SM] Changed map to "emp_drygulch_a7"
L 06/04/2018 - 23:52:20: -------- Mapchange to emp_drygulch_a7 --------
L 06/04/2018 - 23:52:21: [autorecorder.smx] Recording to auto-20180604-235221-emp_drygulch_a7.dem
L 06/04/2018 - 23:52:30: [security_entity_limit.smx] [SEL] 168 entities have been protected from deleting.This map contain 1880 free entity slot!
L 06/04/2018 - 23:55:35: [saysounds.smx] [Say Sounds] Disabled, Unhooking Events
