L 05/26/2018 - 00:08:11: SourceMod log file session started (file "L20180526.log") (Version "1.8.0.5912")
L 05/26/2018 - 00:08:11: [saysounds.smx] [Say Sounds] Enabled, Hooking Events
L 05/26/2018 - 00:08:11: [saysounds.smx] [Say Sounds] No specific game detected
L 05/26/2018 - 00:08:53: [SM] Changed map to "emp_vehicletraining_2013"
L 05/26/2018 - 00:08:53: -------- Mapchange to emp_vehicletraining_2013 --------
L 05/26/2018 - 00:09:03: [security_entity_limit.smx] [SEL] 340 entities have been protected from deleting.This map contain 1708 free entity slot!
L 05/26/2018 - 00:10:29: [saysounds.smx] [Say Sounds] Disabled, Unhooking Events
L 05/26/2018 - 00:10:29: [autorecorder.smx] Recording to auto-20180526-001029-emp_vehicletraining_2013.dem
L 05/26/2018 - 00:23:51: [saysounds.smx] [Say Sounds] Enabled, Hooking Events
L 05/26/2018 - 00:23:51: [saysounds.smx] [Say Sounds] No specific game detected
L 05/26/2018 - 00:24:26: [SM] Changed map to "con_blast_ob2"
L 05/26/2018 - 00:24:26: -------- Mapchange to con_blast_ob2 --------
L 05/26/2018 - 00:24:37: [security_entity_limit.smx] [SEL] 661 entities have been protected from deleting.This map contain 1387 free entity slot!
L 05/26/2018 - 03:18:40: [saysounds.smx] [Say Sounds] Disabled, Unhooking Events
L 05/26/2018 - 03:18:40: [autorecorder.smx] Recording to auto-20180526-031840-con_blast_ob2.dem
L 05/26/2018 - 03:30:32: [saysounds.smx] [Say Sounds] Enabled, Hooking Events
L 05/26/2018 - 03:30:32: [saysounds.smx] [Say Sounds] No specific game detected
L 05/26/2018 - 03:31:38: [SM] Changed map to "con_district402"
L 05/26/2018 - 03:31:39: -------- Mapchange to con_district402 --------
L 05/26/2018 - 03:31:49: [security_entity_limit.smx] [SEL] 436 entities have been protected from deleting.This map contain 1612 free entity slot!
L 05/26/2018 - 03:32:57: [saysounds.smx] [Say Sounds] Disabled, Unhooking Events
L 05/26/2018 - 03:32:57: [autorecorder.smx] Recording to auto-20180526-033257-con_district402.dem
L 05/26/2018 - 04:05:55: [saysounds.smx] [Say Sounds] Enabled, Hooking Events
L 05/26/2018 - 04:05:55: [saysounds.smx] [Say Sounds] No specific game detected
L 05/26/2018 - 04:07:01: [SM] Changed map to "emp_shadows_attacks_fix"
L 05/26/2018 - 04:07:02: -------- Mapchange to emp_shadows_attacks_fix --------
L 05/26/2018 - 04:07:13: [security_entity_limit.smx] [SEL] 799 entities have been protected from deleting.This map contain 1249 free entity slot!
L 05/26/2018 - 04:07:24: [autorecorder.smx] Recording to auto-20180526-040724-emp_shadows_attacks_fix.dem
L 05/26/2018 - 04:10:03: [saysounds.smx] [Say Sounds] Disabled, Unhooking Events
L 05/26/2018 - 04:15:11: [saysounds.smx] [Say Sounds] Enabled, Hooking Events
L 05/26/2018 - 04:15:11: [saysounds.smx] [Say Sounds] No specific game detected
L 05/26/2018 - 04:16:16: [SM] Changed map to "emp_crossroads_towerless_hce"
L 05/26/2018 - 04:16:17: -------- Mapchange to emp_crossroads_towerless_hce --------
L 05/26/2018 - 04:16:28: [security_entity_limit.smx] [SEL] 569 entities have been protected from deleting.This map contain 1479 free entity slot!
L 05/26/2018 - 04:20:22: [saysounds.smx] [Say Sounds] Disabled, Unhooking Events
L 05/26/2018 - 04:20:22: [autorecorder.smx] Recording to auto-20180526-042022-emp_crossroads_towerless_hce.dem
L 05/26/2018 - 05:21:15: [saysounds.smx] [Say Sounds] Enabled, Hooking Events
L 05/26/2018 - 05:21:15: [saysounds.smx] [Say Sounds] No specific game detected
L 05/26/2018 - 05:22:20: [SM] Changed map to "fun_ricochet_a4"
L 05/26/2018 - 05:22:20: -------- Mapchange to fun_ricochet_a4 --------
L 05/26/2018 - 05:22:24: [autorecorder.smx] Recording to auto-20180526-052224-fun_ricochet_a4.dem
L 05/26/2018 - 05:22:31: [security_entity_limit.smx] [SEL] 182 entities have been protected from deleting.This map contain 1866 free entity slot!
L 05/26/2018 - 05:23:03: [saysounds.smx] [Say Sounds] Disabled, Unhooking Events
L 05/26/2018 - 05:28:57: [saysounds.smx] [Say Sounds] Enabled, Hooking Events
L 05/26/2018 - 05:28:57: [saysounds.smx] [Say Sounds] No specific game detected
L 05/26/2018 - 05:29:33: [SM] Changed map to "emp_drygulch_a7"
L 05/26/2018 - 05:29:34: -------- Mapchange to emp_drygulch_a7 --------
L 05/26/2018 - 05:29:44: [security_entity_limit.smx] [SEL] 167 entities have been protected from deleting.This map contain 1881 free entity slot!
L 05/26/2018 - 09:35:31: [saysounds.smx] [Say Sounds] Disabled, Unhooking Events
L 05/26/2018 - 09:35:31: [autorecorder.smx] Recording to auto-20180526-093531-emp_drygulch_a7.dem
L 05/26/2018 - 16:15:06: [saysounds.smx] [Say Sounds] Enabled, Hooking Events
L 05/26/2018 - 16:15:06: [saysounds.smx] [Say Sounds] No specific game detected
L 05/26/2018 - 16:16:07: [SM] Changed map to "emp_downfall_hce"
L 05/26/2018 - 16:16:07: -------- Mapchange to emp_downfall_hce --------
L 05/26/2018 - 16:16:17: [security_entity_limit.smx] [SEL] 160 entities have been protected from deleting.This map contain 1888 free entity slot!
L 05/26/2018 - 16:43:32: [autorecorder.smx] Recording to auto-20180526-164332-emp_downfall_hce.dem
L 05/26/2018 - 17:07:06: [saysounds.smx] [Say Sounds] Disabled, Unhooking Events
L 05/26/2018 - 18:34:52: [saysounds.smx] [Say Sounds] Enabled, Hooking Events
L 05/26/2018 - 18:34:52: [saysounds.smx] [Say Sounds] No specific game detected
L 05/26/2018 - 18:35:58: [SM] Changed map to "emp_vehicletraining_2013"
L 05/26/2018 - 18:35:59: -------- Mapchange to emp_vehicletraining_2013 --------
L 05/26/2018 - 18:36:09: [security_entity_limit.smx] [SEL] 344 entities have been protected from deleting.This map contain 1704 free entity slot!
L 05/26/2018 - 18:37:05: [autorecorder.smx] Recording to auto-20180526-183705-emp_vehicletraining_2013.dem
L 05/26/2018 - 18:37:40: [saysounds.smx] [Say Sounds] Disabled, Unhooking Events
L 05/26/2018 - 19:05:05: SourceMod log file session started (file "L20180526.log") (Version "1.8.0.5912")
L 05/26/2018 - 19:05:05: -------- Mapchange to con_district402 --------
L 05/26/2018 - 19:05:05: [saysounds.smx] [Say Sounds] No specific game detected
L 05/26/2018 - 19:05:05: [security_entity_limit.smx] Security Entity Limit [SEL] Activate!
L 05/26/2018 - 19:05:05: [security_entity_limit.smx] [SEL]Current version: 0.5.4
Plugin made by Benoist3012!
L 05/26/2018 - 19:05:17: [security_entity_limit.smx] [SEL] 434 entities have been protected from deleting.This map contain 1614 free entity slot!
L 05/26/2018 - 19:05:29: [basecommands.smx] "Mr. X.<3><[U:1:27106968]><>" changed map to "emp_vehicletraining_2013"
L 05/26/2018 - 19:05:32: [SM] Changed map to "emp_vehicletraining_2013"
L 05/26/2018 - 19:05:33: -------- Mapchange to emp_vehicletraining_2013 --------
L 05/26/2018 - 19:05:43: [security_entity_limit.smx] [SEL] 342 entities have been protected from deleting.This map contain 1706 free entity slot!
L 05/26/2018 - 19:12:28: [saysounds.smx] [Say Sounds] Disabled, Unhooking Events
L 05/26/2018 - 19:12:28: [autorecorder.smx] Recording to auto-20180526-191228-emp_vehicletraining_2013.dem
L 05/26/2018 - 19:50:04: [saysounds.smx] [Say Sounds] Enabled, Hooking Events
L 05/26/2018 - 19:50:04: [saysounds.smx] [Say Sounds] No specific game detected
L 05/26/2018 - 19:51:09: [SM] Changed map to "emp_crossroads_towerless_hce"
L 05/26/2018 - 19:51:10: -------- Mapchange to emp_crossroads_towerless_hce --------
L 05/26/2018 - 19:51:12: [autorecorder.smx] Recording to auto-20180526-195112-emp_crossroads_towerless_hce.dem
L 05/26/2018 - 19:51:21: [security_entity_limit.smx] [SEL] 571 entities have been protected from deleting.This map contain 1477 free entity slot!
L 05/26/2018 - 19:54:33: [saysounds.smx] [Say Sounds] Disabled, Unhooking Events
L 05/26/2018 - 20:40:30: [basecommands.smx] "Mr. X.<3><[U:1:27106968]><>" console command (cmdline "cl_playerspraydisable")
L 05/26/2018 - 20:40:48: [basecommands.smx] "Mr. X.<3><[U:1:27106968]><>" console command (cmdline "cl_playerspraydisable 0")
L 05/26/2018 - 20:53:10: [saysounds.smx] [Say Sounds] Enabled, Hooking Events
L 05/26/2018 - 20:53:10: [saysounds.smx] [Say Sounds] No specific game detected
L 05/26/2018 - 20:54:55: [SM] Changed map to "emp_palmbay_fix"
L 05/26/2018 - 20:54:55: -------- Mapchange to emp_palmbay_fix --------
L 05/26/2018 - 20:55:00: [autorecorder.smx] Recording to auto-20180526-205500-emp_palmbay_fix.dem
L 05/26/2018 - 20:55:06: [security_entity_limit.smx] [SEL] 232 entities have been protected from deleting.This map contain 1816 free entity slot!
L 05/26/2018 - 21:01:18: [saysounds.smx] [Say Sounds] Disabled, Unhooking Events
L 05/26/2018 - 21:10:04: [saysounds.smx] [Say Sounds] Enabled, Hooking Events
L 05/26/2018 - 21:10:04: [saysounds.smx] [Say Sounds] No specific game detected
L 05/26/2018 - 21:11:42: [basecommands.smx] "Mr. X.<3><[U:1:27106968]><>" console command (cmdline "sm_umc_emp_mapvote_type")
L 05/26/2018 - 21:11:48: [SM] Changed map to "ðô"
L 05/26/2018 - 21:12:04: [SM] Changed map to "emp_palmbay_fix"
L 05/26/2018 - 21:12:05: -------- Mapchange to emp_palmbay_fix --------
L 05/26/2018 - 21:12:06: [autorecorder.smx] Recording to auto-20180526-211206-emp_palmbay_fix.dem
L 05/26/2018 - 21:12:15: [security_entity_limit.smx] [SEL] 259 entities have been protected from deleting.This map contain 1789 free entity slot!
L 05/26/2018 - 21:12:32: [basecommands.smx] "Mr. X.<3><[U:1:27106968]><>" changed map to "emp_arid_hce"
L 05/26/2018 - 21:12:35: [SM] Changed map to "emp_arid_hce"
L 05/26/2018 - 21:12:36: -------- Mapchange to emp_arid_hce --------
L 05/26/2018 - 21:12:37: [autorecorder.smx] Recording to auto-20180526-211237-emp_arid_hce.dem
L 05/26/2018 - 21:12:46: [security_entity_limit.smx] [SEL] 822 entities have been protected from deleting.This map contain 1226 free entity slot!
L 05/26/2018 - 21:13:52: [basecommands.smx] "Mr. X.<3><[U:1:27106968]><>" console command (cmdline "sm_umc_emp_mapvote_type")
L 05/26/2018 - 21:14:00: [basecommands.smx] "Mr. X.<3><[U:1:27106968]><>" console command (cmdline "sm_umc_emp_mapvote_type 0")
L 05/26/2018 - 21:14:51: [basechat.smx] "Mr. X.<3><[U:1:27106968]><>" triggered sm_say (text join up)
L 05/26/2018 - 21:17:50: [basechat.smx] "Mr. X.<3><[U:1:27106968]><>" triggered sm_say (text middle flag gives 2 resources)
L 05/26/2018 - 21:18:41: [saysounds.smx] [Say Sounds] Disabled, Unhooking Events
L 05/26/2018 - 22:00:17: [playercommands.smx] "Mikleo<39><[U:1:376259319]><>" slapped "PYA<69><[U:1:35045005]><>" (damage "0")
L 05/26/2018 - 22:01:40: [playercommands.smx] "Mikleo<39><[U:1:376259319]><>" slapped "PYA<69><[U:1:35045005]><>" (damage "0")
L 05/26/2018 - 22:33:47: [saysounds.smx] [Say Sounds] Enabled, Hooking Events
L 05/26/2018 - 22:33:47: [saysounds.smx] [Say Sounds] No specific game detected
L 05/26/2018 - 22:35:31: [SM] Changed map to "emp_bush"
L 05/26/2018 - 22:35:33: -------- Mapchange to emp_bush --------
L 05/26/2018 - 22:35:36: [autorecorder.smx] Recording to auto-20180526-223536-emp_bush.dem
L 05/26/2018 - 22:35:43: [security_entity_limit.smx] [SEL] 325 entities have been protected from deleting.This map contain 1723 free entity slot!
L 05/26/2018 - 22:40:56: [saysounds.smx] [Say Sounds] Disabled, Unhooking Events
L 05/26/2018 - 23:08:27: [saysounds.smx] [Say Sounds] Enabled, Hooking Events
L 05/26/2018 - 23:08:27: [saysounds.smx] [Say Sounds] No specific game detected
L 05/26/2018 - 23:09:32: [SM] Changed map to "emp_mvalley_fix"
L 05/26/2018 - 23:09:32: -------- Mapchange to emp_mvalley_fix --------
L 05/26/2018 - 23:09:33: [autorecorder.smx] Recording to auto-20180526-230933-emp_mvalley_fix.dem
L 05/26/2018 - 23:09:43: [security_entity_limit.smx] [SEL] 386 entities have been protected from deleting.This map contain 1662 free entity slot!
L 05/26/2018 - 23:14:11: [saysounds.smx] [Say Sounds] Disabled, Unhooking Events
L 05/26/2018 - 23:39:16: [saysounds.smx] [Say Sounds] Enabled, Hooking Events
L 05/26/2018 - 23:39:16: [saysounds.smx] [Say Sounds] No specific game detected
L 05/26/2018 - 23:41:01: [SM] Changed map to "emp_smokies_rc2_hce"
L 05/26/2018 - 23:41:01: -------- Mapchange to emp_smokies_rc2_hce --------
L 05/26/2018 - 23:41:02: [autorecorder.smx] Recording to auto-20180526-234102-emp_smokies_rc2_hce.dem
L 05/26/2018 - 23:41:11: [security_entity_limit.smx] [SEL] 237 entities have been protected from deleting.This map contain 1811 free entity slot!
L 05/26/2018 - 23:48:33: [saysounds.smx] [Say Sounds] Disabled, Unhooking Events
