L 10/15/2017 - 00:15:58: SourceMod log file session started (file "L20171015.log") (Version "1.8.0.5912")
L 10/15/2017 - 00:15:58: [saysounds.smx] [Say Sounds] Enabled, Hooking Events
L 10/15/2017 - 00:15:58: [saysounds.smx] [Say Sounds] No specific game detected
L 10/15/2017 - 00:17:04: [SM] Changed map to "emp_king_r5_nosplt"
L 10/15/2017 - 00:17:05: -------- Mapchange to emp_king_r5_nosplt --------
L 10/15/2017 - 00:17:15: [security_entity_limit.smx] [SEL] 585 entities have been protected from deleting.This map contain 1463 free entity slot!
L 10/15/2017 - 00:20:24: [basechat.smx] "Mr. X.<51><[U:1:27106968]><>" triggered sm_say (text NOMINATE MAPS)
L 10/15/2017 - 00:23:03: [SM] Changed map to "emp_silo_rc5_fix"
L 10/15/2017 - 00:23:04: -------- Mapchange to emp_silo_rc5_fix --------
L 10/15/2017 - 00:23:04: [saysounds.smx] [Say Sounds] No specific game detected
L 10/15/2017 - 00:23:14: [security_entity_limit.smx] [SEL] 535 entities have been protected from deleting.This map contain 1513 free entity slot!
L 10/15/2017 - 00:24:43: [basechat.smx] "Mr. X.<51><[U:1:27106968]><>" triggered sm_say (text okay everyone join please)
L 10/15/2017 - 00:24:45: [basechat.smx] "Mr. X.<51><[U:1:27106968]><>" triggered sm_say (text so we can start)
L 10/15/2017 - 00:28:13: [basechat.smx] "Mr. X.<51><[U:1:27106968]><>" triggered sm_say (text does BE have a commander?)
L 10/15/2017 - 00:37:21: [saysounds.smx] [Say Sounds] Enabled, Hooking Events
L 10/15/2017 - 00:37:21: [saysounds.smx] [Say Sounds] No specific game detected
L 10/15/2017 - 00:39:05: [SM] Changed map to "emp_isle"
L 10/15/2017 - 00:39:05: -------- Mapchange to emp_isle --------
L 10/15/2017 - 00:39:16: [security_entity_limit.smx] [SEL] 261 entities have been protected from deleting.This map contain 1787 free entity slot!
L 10/15/2017 - 00:40:07: [basevotes.smx] "Mr. X.<51><[U:1:27106968]><>" initiated a generic vote.
L 10/15/2017 - 00:44:45: [saysounds.smx] [Say Sounds] Disabled, Unhooking Events
L 10/15/2017 - 00:58:31: [saysounds.smx] [Say Sounds] Enabled, Hooking Events
L 10/15/2017 - 00:58:31: [saysounds.smx] [Say Sounds] No specific game detected
L 10/15/2017 - 00:59:37: [SM] Changed map to "emp_canyon"
L 10/15/2017 - 00:59:37: -------- Mapchange to emp_canyon --------
L 10/15/2017 - 00:59:47: [security_entity_limit.smx] [SEL] 304 entities have been protected from deleting.This map contain 1744 free entity slot!
L 10/15/2017 - 01:04:00: [saysounds.smx] [Say Sounds] Disabled, Unhooking Events
L 10/15/2017 - 01:05:00: [basecommands.smx] "Mr. X.<51><[U:1:27106968]><>" console command (cmdline "emp_allowspectators 1")
L 10/15/2017 - 01:05:00: [basecommands.smx] "Mr. X.<51><[U:1:27106968]><>" console command (cmdline "emp_allowspectators 0")
L 10/15/2017 - 01:36:49: [saysounds.smx] [Say Sounds] Enabled, Hooking Events
L 10/15/2017 - 01:36:49: [saysounds.smx] [Say Sounds] No specific game detected
L 10/15/2017 - 01:38:33: [SM] Changed map to "fun_ricochet_a3"
L 10/15/2017 - 01:38:34: -------- Mapchange to fun_ricochet_a3 --------
L 10/15/2017 - 01:38:44: [security_entity_limit.smx] [SEL] 204 entities have been protected from deleting.This map contain 1844 free entity slot!
L 10/15/2017 - 01:39:18: [saysounds.smx] [Say Sounds] Disabled, Unhooking Events
L 10/15/2017 - 01:45:12: [saysounds.smx] [Say Sounds] Enabled, Hooking Events
L 10/15/2017 - 01:45:12: [saysounds.smx] [Say Sounds] No specific game detected
L 10/15/2017 - 01:46:56: [SM] Changed map to "emp_crossroads"
L 10/15/2017 - 01:46:57: -------- Mapchange to emp_crossroads --------
L 10/15/2017 - 01:47:08: [security_entity_limit.smx] [SEL] 595 entities have been protected from deleting.This map contain 1453 free entity slot!
L 10/15/2017 - 01:49:34: [basecommands.smx] "Mikleo<28><[U:1:376259319]><>" console command (cmdline "sm plugins refresh")
L 10/15/2017 - 01:50:41: [saysounds.smx] [Say Sounds] Disabled, Unhooking Events
L 10/15/2017 - 01:50:51: [basecommands.smx] "Mikleo<28><[U:1:376259319]><>" console command (cmdline "sm_unload updater.smx")
L 10/15/2017 - 01:52:27: [basecommands.smx] "Mikleo<28><[U:1:376259319]><>" console command (cmdline "sm plugins unload updater.smx")
L 10/15/2017 - 01:52:46: [basecommands.smx] "Mikleo<28><[U:1:376259319]><>" console command (cmdline "sm plugins refresh")
L 10/15/2017 - 01:52:46: [saysounds.smx] [Say Sounds] Enabled, Hooking Events
L 10/15/2017 - 01:52:46: [saysounds.smx] [Say Sounds] No specific game detected
L 10/15/2017 - 02:08:56: [SM] Changed map to "con_district402"
L 10/15/2017 - 02:08:56: -------- Mapchange to con_district402 --------
L 10/15/2017 - 02:09:07: [security_entity_limit.smx] [SEL] 442 entities have been protected from deleting.This map contain 1606 free entity slot!
L 10/15/2017 - 02:10:17: [saysounds.smx] [Say Sounds] Disabled, Unhooking Events
L 10/15/2017 - 02:17:52: [saysounds.smx] [Say Sounds] Enabled, Hooking Events
L 10/15/2017 - 02:17:52: [saysounds.smx] [Say Sounds] No specific game detected
L 10/15/2017 - 02:18:57: [SM] Changed map to "emp_beachfront_b2"
L 10/15/2017 - 02:18:57: -------- Mapchange to emp_beachfront_b2 --------
L 10/15/2017 - 02:19:08: [security_entity_limit.smx] [SEL] 161 entities have been protected from deleting.This map contain 1887 free entity slot!
L 10/15/2017 - 02:19:28: SourceMod log file session started (file "L20171015.log") (Version "1.8.0.5912")
L 10/15/2017 - 02:19:28: -------- Mapchange to con_district402 --------
L 10/15/2017 - 02:19:28: [saysounds.smx] [Say Sounds] No specific game detected
L 10/15/2017 - 02:19:28: [security_entity_limit.smx] Security Entity Limit [SEL] Activate!
L 10/15/2017 - 02:19:28: [security_entity_limit.smx] [SEL]Current version: 0.5.4
Plugin made by Benoist3012!
L 10/15/2017 - 02:19:39: [security_entity_limit.smx] [SEL] 432 entities have been protected from deleting.This map contain 1616 free entity slot!
L 10/15/2017 - 15:33:27: [basecommands.smx] "Mikleo<2><[U:1:376259319]><>" console command (cmdline "sm plugins unload updater.smx")
L 10/15/2017 - 15:33:37: [basecommands.smx] "Mikleo<2><[U:1:376259319]><>" console command (cmdline "sm plugins refresh")
L 10/15/2017 - 15:33:59: [basecommands.smx] "Mikleo<2><[U:1:376259319]><>" changed map to "con_district402"
L 10/15/2017 - 15:34:02: [SM] Changed map to "con_district402"
L 10/15/2017 - 15:34:03: -------- Mapchange to con_district402 --------
L 10/15/2017 - 15:34:13: [security_entity_limit.smx] [SEL] 434 entities have been protected from deleting.This map contain 1614 free entity slot!
L 10/15/2017 - 15:34:39: [basecommands.smx] "Mikleo<2><[U:1:376259319]><>" console command (cmdline "sm plugins unload_all")
L 10/15/2017 - 15:40:53: -------- Mapchange to emp_arid --------
L 10/15/2017 - 15:40:53: [saysounds.smx] [Say Sounds] No specific game detected
L 10/15/2017 - 15:40:53: [security_entity_limit.smx] Security Entity Limit [SEL] Activate!
L 10/15/2017 - 15:40:53: [security_entity_limit.smx] [SEL]Current version: 0.5.4
Plugin made by Benoist3012!
L 10/15/2017 - 15:41:04: [security_entity_limit.smx] [SEL] 813 entities have been protected from deleting.This map contain 1235 free entity slot!
L 10/15/2017 - 15:42:43: [basecommands.smx] "Mikleo<2><[U:1:376259319]><>" changed map to "con_district402"
L 10/15/2017 - 15:42:46: [SM] Changed map to "con_district402"
L 10/15/2017 - 15:42:47: -------- Mapchange to con_district402 --------
L 10/15/2017 - 15:42:57: [security_entity_limit.smx] [SEL] 436 entities have been protected from deleting.This map contain 1612 free entity slot!
