L 05/14/2017 - 00:00:25: SourceMod log file session started (file "L20170514.log") (Version "1.8.0.5912")
L 05/14/2017 - 00:00:25: [basechat.smx] "Mr. X.<72><[U:1:27106968]><>" triggered sm_say (text wanna play it again?)
L 05/14/2017 - 00:02:10: [SM] Changed map to "emp_isle"
L 05/14/2017 - 00:02:10: -------- Mapchange to emp_isle --------
L 05/14/2017 - 00:06:32: [basechat.smx] "Mr. X.<72><[U:1:27106968]><>" triggered sm_say (text quit spectating fags)
L 05/14/2017 - 00:56:15: [SM] Changed map to "emp_duststorm"
L 05/14/2017 - 00:56:16: -------- Mapchange to emp_duststorm --------
L 05/14/2017 - 01:32:06: [SM] Changed map to "emp_canyon"
L 05/14/2017 - 01:32:07: -------- Mapchange to emp_canyon --------
L 05/14/2017 - 02:08:42: [basecomm.smx] "Mr. X.<72><[U:1:27106968]><>" muted ".|Ϟ|. Spike<115><[U:1:39029790]><>"
L 05/14/2017 - 02:09:05: [SM] Changed map to "emp_palmbay_fix"
L 05/14/2017 - 02:09:06: -------- Mapchange to emp_palmbay_fix --------
L 05/14/2017 - 02:32:11: [SM] Changed map to "con_district402"
L 05/14/2017 - 02:32:12: -------- Mapchange to con_district402 --------
L 05/14/2017 - 02:49:09: [SM] Changed map to "emp_drygulch_a6"
L 05/14/2017 - 02:49:10: -------- Mapchange to emp_drygulch_a6 --------
L 05/14/2017 - 04:23:58: [SM] Changed map to "con_urbanchaos"
L 05/14/2017 - 04:24:00: -------- Mapchange to con_urbanchaos --------
L 05/14/2017 - 10:17:47: [SM] Changed map to "emp_crossroads"
L 05/14/2017 - 10:17:48: -------- Mapchange to emp_crossroads --------
L 05/14/2017 - 17:30:40: SourceMod log file session started (file "L20170514.log") (Version "1.8.0.5912")
L 05/14/2017 - 17:30:40: -------- Mapchange to con_district402 --------
L 05/14/2017 - 18:00:03: SourceMod log file session started (file "L20170514.log") (Version "1.8.0.5912")
L 05/14/2017 - 18:00:03: -------- Mapchange to con_district402 --------
L 05/14/2017 - 18:01:47: [basecommands.smx] "Mr. X.<3><[U:1:27106968]><>" changed map to "con_district402"
L 05/14/2017 - 18:01:50: [SM] Changed map to "con_district402"
L 05/14/2017 - 18:01:50: -------- Mapchange to con_district402 --------
L 05/14/2017 - 18:02:02: [sbpp_comms.smx] "Mr. X.<3><[U:1:27106968]><>" muted "Mr. X.<3><[U:1:27106968]><>" (minutes "30") (reason "")
L 05/14/2017 - 18:02:07: [sbpp_comms.smx] "Mr. X.<3><[U:1:27106968]><>" unmuted "Mr. X.<3><[U:1:27106968]><>" (reason "")
L 05/14/2017 - 18:02:07: [sbpp_comms.smx] "Mr. X.<3><[U:1:27106968]><>" removed mute for STEAM_0:0:13553484 from DB
L 05/14/2017 - 18:07:24: [sbpp_comms.smx] "Mr. X.<3><[U:1:27106968]><>" gagged "Mr. X.<3><[U:1:27106968]><>" (minutes "30") (reason "")
L 05/14/2017 - 18:07:34: [sbpp_comms.smx] "Mr. X.<3><[U:1:27106968]><>" ungagged "Mr. X.<3><[U:1:27106968]><>" (reason "")
L 05/14/2017 - 18:07:34: [sbpp_comms.smx] "Mr. X.<3><[U:1:27106968]><>" removed gag for STEAM_0:0:13553484 from DB
L 05/14/2017 - 18:31:35: [basecommands.smx] "Mr. X.<3><[U:1:27106968]><>" changed map to "emp_vehicletraining_2013"
L 05/14/2017 - 18:31:38: [SM] Changed map to "emp_vehicletraining_2013"
L 05/14/2017 - 18:31:38: -------- Mapchange to emp_vehicletraining_2013 --------
L 05/14/2017 - 18:32:14: [basecommands.smx] "Mr. X.<3><[U:1:27106968]><>" changed map to "emp_shadows_attacks"
L 05/14/2017 - 18:32:17: [SM] Changed map to "emp_shadows_attacks"
L 05/14/2017 - 18:32:18: -------- Mapchange to emp_shadows_attacks --------
L 05/14/2017 - 18:36:04: [basecommands.smx] "Mr. X.<3><[U:1:27106968]><>" changed map to "emp_shadows_attacks"
L 05/14/2017 - 18:36:07: [SM] Changed map to "emp_shadows_attacks"
L 05/14/2017 - 18:36:08: -------- Mapchange to emp_shadows_attacks --------
L 05/14/2017 - 18:38:59: [basecommands.smx] "Mr. X.<3><[U:1:27106968]><>" console command (cmdline "emp_sv_unresearch_item "artillery tank chassis"")
L 05/14/2017 - 18:39:32: [basecommands.smx] "Mr. X.<3><[U:1:27106968]><>" changed map to "emp_shadows_attacks"
L 05/14/2017 - 18:39:35: [SM] Changed map to "emp_shadows_attacks"
L 05/14/2017 - 18:39:36: -------- Mapchange to emp_shadows_attacks --------
L 05/14/2017 - 19:05:35: [basecommands.smx] "Mr. X.<3><[U:1:27106968]><>" console command (cmdline "sm_advertisements_reload")
L 05/14/2017 - 19:14:27: [basecommands.smx] "Mr. X.<3><[U:1:27106968]><>" console command (cmdline "mp_timelimit 60")
L 05/14/2017 - 19:14:49: [basecommands.smx] "Mr. X.<3><[U:1:27106968]><>" console command (cmdline "emp_sv_enable_sudden_death 0")
L 05/14/2017 - 19:19:49: [basecommands.smx] "Mr. X.<3><[U:1:27106968]><>" console command (cmdline "sm plugins refresh")
L 05/14/2017 - 19:19:49: [basecommands.smx] "Mr. X.<3><[U:1:27106968]><>" console command (cmdline "sm plugins refresh")
L 05/14/2017 - 19:21:42: [SM] Changed map to "emp_beachfront_b2"
L 05/14/2017 - 19:21:42: -------- Mapchange to emp_beachfront_b2 --------
L 05/14/2017 - 19:22:37: SourceMod log file session started (file "L20170514.log") (Version "1.8.0.5912")
L 05/14/2017 - 19:22:37: -------- Mapchange to con_district402 --------
L 05/14/2017 - 19:22:42: [basecommands.smx] "Console<0><Console><Console>" changed map to "emp_beachfront_b2"
L 05/14/2017 - 19:22:45: [SM] Changed map to "emp_beachfront_b2"
L 05/14/2017 - 19:22:46: -------- Mapchange to emp_beachfront_b2 --------
L 05/14/2017 - 20:12:17: [SM] Changed map to "con_glycencity"
L 05/14/2017 - 20:12:19: -------- Mapchange to con_glycencity --------
L 05/14/2017 - 20:24:32: [SM] Changed map to "emp_drygulch_a6"
L 05/14/2017 - 20:24:33: -------- Mapchange to emp_drygulch_a6 --------
L 05/14/2017 - 22:44:42: [SM] Changed map to "emp_duststorm"
L 05/14/2017 - 22:44:43: -------- Mapchange to emp_duststorm --------
L 05/14/2017 - 23:12:08: [SM] Changed map to "emp_palmbay_fix"
L 05/14/2017 - 23:12:09: -------- Mapchange to emp_palmbay_fix --------
L 05/14/2017 - 23:32:58: [SM] Changed map to "emp_canyon"
L 05/14/2017 - 23:32:59: -------- Mapchange to emp_canyon --------
L 05/14/2017 - 23:37:07: [sbpp_main.smx] ".|Ϟ|. Spike<42><[U:1:39029790]><>" banned ".|Ϟ|. Spike<42><[U:1:39029790]><>" (minutes "5") (reason "Aimbot")
