L 04/28/2018 - 00:06:22: SourceMod log file session started (file "L20180428.log") (Version "1.8.0.5912")
L 04/28/2018 - 00:06:22: [basecommands.smx] "Mr. X.<21><[U:1:27106968]><>" refreshed the admin cache.
L 04/28/2018 - 00:16:32: [basecommands.smx] "Mr. X.<21><[U:1:27106968]><>" refreshed the admin cache.
L 04/28/2018 - 00:30:36: [saysounds.smx] [Say Sounds] Enabled, Hooking Events
L 04/28/2018 - 00:30:36: [saysounds.smx] [Say Sounds] No specific game detected
L 04/28/2018 - 00:31:42: [SM] Changed map to "emp_downfall_hce"
L 04/28/2018 - 00:31:43: -------- Mapchange to emp_downfall_hce --------
L 04/28/2018 - 00:31:47: [autorecorder.smx] Recording to auto-20180428-003147-emp_downfall_hce.dem
L 04/28/2018 - 00:31:53: [security_entity_limit.smx] [SEL] 162 entities have been protected from deleting.This map contain 1886 free entity slot!
L 04/28/2018 - 00:34:00: [saysounds.smx] [Say Sounds] Disabled, Unhooking Events
L 04/28/2018 - 01:00:15: [saysounds.smx] [Say Sounds] Enabled, Hooking Events
L 04/28/2018 - 01:00:15: [saysounds.smx] [Say Sounds] No specific game detected
L 04/28/2018 - 01:01:21: [SM] Changed map to "fun_ricochet_a4"
L 04/28/2018 - 01:01:21: -------- Mapchange to fun_ricochet_a4 --------
L 04/28/2018 - 01:01:23: [autorecorder.smx] Recording to auto-20180428-010123-fun_ricochet_a4.dem
L 04/28/2018 - 01:01:31: [security_entity_limit.smx] [SEL] 182 entities have been protected from deleting.This map contain 1866 free entity slot!
L 04/28/2018 - 01:02:15: [saysounds.smx] [Say Sounds] Disabled, Unhooking Events
L 04/28/2018 - 01:08:35: [saysounds.smx] [Say Sounds] Enabled, Hooking Events
L 04/28/2018 - 01:08:35: [saysounds.smx] [Say Sounds] No specific game detected
L 04/28/2018 - 01:09:41: [SM] Changed map to "emp_beachfront_b2_hce"
L 04/28/2018 - 01:09:41: -------- Mapchange to emp_beachfront_b2_hce --------
L 04/28/2018 - 01:09:52: [security_entity_limit.smx] [SEL] 165 entities have been protected from deleting.This map contain 1883 free entity slot!
L 04/28/2018 - 16:04:49: SourceMod log file session started (file "L20180428.log") (Version "1.8.0.5912")
L 04/28/2018 - 16:04:49: -------- Mapchange to con_district402 --------
L 04/28/2018 - 16:04:49: [saysounds.smx] [Say Sounds] No specific game detected
L 04/28/2018 - 16:04:49: [security_entity_limit.smx] Security Entity Limit [SEL] Activate!
L 04/28/2018 - 16:04:49: [security_entity_limit.smx] [SEL]Current version: 0.5.4
Plugin made by Benoist3012!
L 04/28/2018 - 16:05:02: [security_entity_limit.smx] [SEL] 434 entities have been protected from deleting.This map contain 1614 free entity slot!
L 04/28/2018 - 16:25:09: SourceMod log file session started (file "L20180428.log") (Version "1.8.0.5912")
L 04/28/2018 - 16:25:09: -------- Mapchange to con_district402 --------
L 04/28/2018 - 16:25:09: [saysounds.smx] [Say Sounds] No specific game detected
L 04/28/2018 - 16:25:09: [security_entity_limit.smx] Security Entity Limit [SEL] Activate!
L 04/28/2018 - 16:25:09: [security_entity_limit.smx] [SEL]Current version: 0.5.4
Plugin made by Benoist3012!
L 04/28/2018 - 16:25:21: [security_entity_limit.smx] [SEL] 434 entities have been protected from deleting.This map contain 1614 free entity slot!
L 04/28/2018 - 18:04:17: [saysounds.smx] [Say Sounds] Disabled, Unhooking Events
L 04/28/2018 - 18:04:17: [autorecorder.smx] Recording to auto-20180428-180417-con_district402.dem
L 04/28/2018 - 18:38:14: [saysounds.smx] [Say Sounds] Enabled, Hooking Events
L 04/28/2018 - 18:38:14: [saysounds.smx] [Say Sounds] No specific game detected
L 04/28/2018 - 18:39:20: [SM] Changed map to "con_urbanchaos_comm_b2"
L 04/28/2018 - 18:39:21: -------- Mapchange to con_urbanchaos_comm_b2 --------
L 04/28/2018 - 18:39:30: [autorecorder.smx] Recording to auto-20180428-183930-con_urbanchaos_comm_b2.dem
L 04/28/2018 - 18:39:32: [security_entity_limit.smx] [SEL] 659 entities have been protected from deleting.This map contain 1389 free entity slot!
L 04/28/2018 - 18:40:44: [saysounds.smx] [Say Sounds] Disabled, Unhooking Events
L 04/28/2018 - 19:22:04: [saysounds.smx] [Say Sounds] Enabled, Hooking Events
L 04/28/2018 - 19:22:04: [saysounds.smx] [Say Sounds] No specific game detected
L 04/28/2018 - 19:23:10: [SM] Changed map to "con_glycencity"
L 04/28/2018 - 19:23:11: -------- Mapchange to con_glycencity --------
L 04/28/2018 - 19:23:17: [autorecorder.smx] Recording to auto-20180428-192317-con_glycencity.dem
L 04/28/2018 - 19:23:22: [security_entity_limit.smx] [SEL] 645 entities have been protected from deleting.This map contain 1403 free entity slot!
L 04/28/2018 - 19:24:26: [saysounds.smx] [Say Sounds] Disabled, Unhooking Events
L 04/28/2018 - 19:50:10: [saysounds.smx] [Say Sounds] Enabled, Hooking Events
L 04/28/2018 - 19:50:10: [saysounds.smx] [Say Sounds] No specific game detected
L 04/28/2018 - 19:51:55: [SM] Changed map to "emp_drygulch_a6"
L 04/28/2018 - 19:51:55: -------- Mapchange to emp_drygulch_a6 --------
L 04/28/2018 - 19:52:01: [autorecorder.smx] Recording to auto-20180428-195201-emp_drygulch_a6.dem
L 04/28/2018 - 19:52:06: [security_entity_limit.smx] [SEL] 191 entities have been protected from deleting.This map contain 1857 free entity slot!
L 04/28/2018 - 19:55:49: [saysounds.smx] [Say Sounds] Disabled, Unhooking Events
L 04/28/2018 - 20:02:47: [basechat.smx] "Mr. X.<7><[U:1:27106968]><>" triggered sm_say (text USE TEAMCHAT)
L 04/28/2018 - 20:07:12: [basechat.smx] "Mr. X.<7><[U:1:27106968]><>" triggered sm_say (text someone teacch him to use teamchat)
L 04/28/2018 - 20:36:14: [basecommands.smx] "Mr. X.<7><[U:1:27106968]><>" kicked "Mr sand<14><[U:1:463913455]><>" (reason ""learn to play"")
L 04/28/2018 - 20:49:58: [saysounds.smx] [Say Sounds] Enabled, Hooking Events
L 04/28/2018 - 20:49:58: [saysounds.smx] [Say Sounds] No specific game detected
L 04/28/2018 - 20:51:42: [SM] Changed map to "emp_isle"
L 04/28/2018 - 20:51:43: -------- Mapchange to emp_isle --------
L 04/28/2018 - 20:51:47: [autorecorder.smx] Recording to auto-20180428-205147-emp_isle.dem
L 04/28/2018 - 20:51:53: [security_entity_limit.smx] [SEL] 231 entities have been protected from deleting.This map contain 1817 free entity slot!
L 04/28/2018 - 20:56:29: [saysounds.smx] [Say Sounds] Disabled, Unhooking Events
L 04/28/2018 - 21:10:33: [saysounds.smx] [Say Sounds] Enabled, Hooking Events
L 04/28/2018 - 21:10:33: [saysounds.smx] [Say Sounds] No specific game detected
L 04/28/2018 - 21:12:17: [SM] Changed map to "emp_dune_ob1"
L 04/28/2018 - 21:12:18: -------- Mapchange to emp_dune_ob1 --------
L 04/28/2018 - 21:12:19: [autorecorder.smx] Recording to auto-20180428-211219-emp_dune_ob1.dem
L 04/28/2018 - 21:12:28: [security_entity_limit.smx] [SEL] 242 entities have been protected from deleting.This map contain 1806 free entity slot!
L 04/28/2018 - 21:16:50: [saysounds.smx] [Say Sounds] Disabled, Unhooking Events
L 04/28/2018 - 21:42:47: [saysounds.smx] [Say Sounds] Enabled, Hooking Events
L 04/28/2018 - 21:42:47: [saysounds.smx] [Say Sounds] No specific game detected
L 04/28/2018 - 21:44:32: [SM] Changed map to "emp_coast"
L 04/28/2018 - 21:44:32: -------- Mapchange to emp_coast --------
L 04/28/2018 - 21:44:34: [autorecorder.smx] Recording to auto-20180428-214434-emp_coast.dem
L 04/28/2018 - 21:44:43: [security_entity_limit.smx] [SEL] 442 entities have been protected from deleting.This map contain 1606 free entity slot!
L 04/28/2018 - 21:48:55: [saysounds.smx] [Say Sounds] Disabled, Unhooking Events
L 04/28/2018 - 21:54:12: [saysounds.smx] [Say Sounds] Enabled, Hooking Events
L 04/28/2018 - 21:54:12: [saysounds.smx] [Say Sounds] No specific game detected
L 04/28/2018 - 21:55:17: [SM] Changed map to "emp_streetsoffire_fix"
L 04/28/2018 - 21:55:18: -------- Mapchange to emp_streetsoffire_fix --------
L 04/28/2018 - 21:55:19: [autorecorder.smx] Recording to auto-20180428-215519-emp_streetsoffire_fix.dem
L 04/28/2018 - 21:55:28: [security_entity_limit.smx] [SEL] 566 entities have been protected from deleting.This map contain 1482 free entity slot!
L 04/28/2018 - 21:59:16: [saysounds.smx] [Say Sounds] Disabled, Unhooking Events
L 04/28/2018 - 22:20:17: [saysounds.smx] [Say Sounds] Enabled, Hooking Events
L 04/28/2018 - 22:20:17: [saysounds.smx] [Say Sounds] No specific game detected
L 04/28/2018 - 22:21:02: [sbpp_comms.smx] "Mr. X.<7><[U:1:27106968]><>" muted "Axeman<25><[U:1:34903667]><>" (minutes "5") (reason "")
L 04/28/2018 - 22:21:11: [sbpp_comms.smx] "Mr. X.<7><[U:1:27106968]><>" muted "hi yo whats good<46><[U:1:408664276]><>" (minutes "5") (reason "")
L 04/28/2018 - 22:21:27: [basechat.smx] "Mr. X.<7><[U:1:27106968]><>" triggered sm_say (text go crazy)
L 04/28/2018 - 22:22:01: [SM] Changed map to "emp_duststorm_fix2"
L 04/28/2018 - 22:22:02: -------- Mapchange to emp_duststorm_fix2 --------
L 04/28/2018 - 22:22:02: [autorecorder.smx] Recording to auto-20180428-222202-emp_duststorm_fix2.dem
L 04/28/2018 - 22:22:12: [security_entity_limit.smx] [SEL] 224 entities have been protected from deleting.This map contain 1824 free entity slot!
L 04/28/2018 - 22:28:03: [saysounds.smx] [Say Sounds] Disabled, Unhooking Events
L 04/28/2018 - 22:32:30: [saysounds.smx] [Say Sounds] Enabled, Hooking Events
L 04/28/2018 - 22:32:30: [saysounds.smx] [Say Sounds] No specific game detected
L 04/28/2018 - 22:34:14: [SM] Changed map to "emp_homeland_b9"
L 04/28/2018 - 22:34:15: -------- Mapchange to emp_homeland_b9 --------
L 04/28/2018 - 22:34:16: [autorecorder.smx] Recording to auto-20180428-223416-emp_homeland_b9.dem
L 04/28/2018 - 22:34:25: [security_entity_limit.smx] [SEL] 983 entities have been protected from deleting.This map contain 1065 free entity slot!
L 04/28/2018 - 22:39:13: [saysounds.smx] [Say Sounds] Disabled, Unhooking Events
L 04/28/2018 - 23:09:03: [basechat.smx] "Mr. X.<7><[U:1:27106968]><>" triggered sm_say (text "hi yo whats good" stop being a retard.)
L 04/28/2018 - 23:09:05: [basechat.smx] "Mr. X.<7><[U:1:27106968]><>" triggered sm_say (text kthx)
L 04/28/2018 - 23:11:45: [saysounds.smx] [Say Sounds] Enabled, Hooking Events
L 04/28/2018 - 23:11:45: [saysounds.smx] [Say Sounds] No specific game detected
L 04/28/2018 - 23:13:29: [SM] Changed map to "emp_canyon"
L 04/28/2018 - 23:13:30: -------- Mapchange to emp_canyon --------
L 04/28/2018 - 23:13:31: [autorecorder.smx] Recording to auto-20180428-231331-emp_canyon.dem
L 04/28/2018 - 23:13:40: [security_entity_limit.smx] [SEL] 277 entities have been protected from deleting.This map contain 1771 free entity slot!
L 04/28/2018 - 23:19:03: [saysounds.smx] [Say Sounds] Disabled, Unhooking Events
L 04/28/2018 - 23:37:18: [saysounds.smx] [Say Sounds] Enabled, Hooking Events
L 04/28/2018 - 23:37:18: [saysounds.smx] [Say Sounds] No specific game detected
L 04/28/2018 - 23:39:02: [SM] Changed map to "emp_beachfront_b2_hce"
L 04/28/2018 - 23:39:02: -------- Mapchange to emp_beachfront_b2_hce --------
L 04/28/2018 - 23:39:04: [autorecorder.smx] Recording to auto-20180428-233904-emp_beachfront_b2_hce.dem
L 04/28/2018 - 23:39:13: [security_entity_limit.smx] [SEL] 186 entities have been protected from deleting.This map contain 1862 free entity slot!
