L 02/18/2018 - 00:09:16: SourceMod log file session started (file "L20180218.log") (Version "1.8.0.5912")
L 02/18/2018 - 00:09:16: [saysounds.smx] [Say Sounds] Enabled, Hooking Events
L 02/18/2018 - 00:09:16: [saysounds.smx] [Say Sounds] No specific game detected
L 02/18/2018 - 00:11:01: [SM] Changed map to "emp_homeland_b9"
L 02/18/2018 - 00:11:02: -------- Mapchange to emp_homeland_b9 --------
L 02/18/2018 - 00:11:08: [autorecorder.smx] Recording to auto-20180218-001108-emp_homeland_b9.dem
L 02/18/2018 - 00:11:12: [security_entity_limit.smx] [SEL] 994 entities have been protected from deleting.This map contain 1054 free entity slot!
L 02/18/2018 - 00:45:28: [saysounds.smx] [Say Sounds] Enabled, Hooking Events
L 02/18/2018 - 00:45:28: [saysounds.smx] [Say Sounds] No specific game detected
L 02/18/2018 - 00:47:13: [SM] Changed map to "emp_midbridge"
L 02/18/2018 - 00:47:14: -------- Mapchange to emp_midbridge --------
L 02/18/2018 - 00:47:14: [autorecorder.smx] Recording to auto-20180218-004714-emp_midbridge.dem
L 02/18/2018 - 00:47:24: [security_entity_limit.smx] [SEL] 607 entities have been protected from deleting.This map contain 1441 free entity slot!
L 02/18/2018 - 02:16:07: [saysounds.smx] [Say Sounds] Enabled, Hooking Events
L 02/18/2018 - 02:16:07: [saysounds.smx] [Say Sounds] No specific game detected
L 02/18/2018 - 02:16:54: [basecommands.smx] "Mr. X.<9><[U:1:27106968]><>" changed map to "fun_ricochet_a4"
L 02/18/2018 - 02:16:57: [SM] Changed map to "fun_ricochet_a4"
L 02/18/2018 - 02:16:57: -------- Mapchange to fun_ricochet_a4 --------
L 02/18/2018 - 02:16:59: [autorecorder.smx] Recording to auto-20180218-021659-fun_ricochet_a4.dem
L 02/18/2018 - 02:17:07: [security_entity_limit.smx] [SEL] 216 entities have been protected from deleting.This map contain 1832 free entity slot!
L 02/18/2018 - 02:17:41: [saysounds.smx] [Say Sounds] Disabled, Unhooking Events
L 02/18/2018 - 02:23:46: [saysounds.smx] [Say Sounds] Enabled, Hooking Events
L 02/18/2018 - 02:23:46: [saysounds.smx] [Say Sounds] No specific game detected
L 02/18/2018 - 02:24:52: [SM] Changed map to "emp_canyon"
L 02/18/2018 - 02:24:53: -------- Mapchange to emp_canyon --------
L 02/18/2018 - 02:24:57: [autorecorder.smx] Recording to auto-20180218-022457-emp_canyon.dem
L 02/18/2018 - 02:25:03: [security_entity_limit.smx] [SEL] 280 entities have been protected from deleting.This map contain 1768 free entity slot!
L 02/18/2018 - 14:51:20: SourceMod log file session started (file "L20180218.log") (Version "1.8.0.5912")
L 02/18/2018 - 14:51:20: -------- Mapchange to con_district402 --------
L 02/18/2018 - 14:51:20: [saysounds.smx] [Say Sounds] No specific game detected
L 02/18/2018 - 14:51:20: [security_entity_limit.smx] Security Entity Limit [SEL] Activate!
L 02/18/2018 - 14:51:20: [security_entity_limit.smx] [SEL]Current version: 0.5.4
Plugin made by Benoist3012!
L 02/18/2018 - 14:51:31: [security_entity_limit.smx] [SEL] 434 entities have been protected from deleting.This map contain 1614 free entity slot!
L 02/18/2018 - 15:19:34: [saysounds.smx] [Say Sounds] Disabled, Unhooking Events
L 02/18/2018 - 15:19:34: [autorecorder.smx] Recording to auto-20180218-151934-con_district402.dem
L 02/18/2018 - 15:52:58: [saysounds.smx] [Say Sounds] Enabled, Hooking Events
L 02/18/2018 - 15:52:58: [saysounds.smx] [Say Sounds] No specific game detected
L 02/18/2018 - 15:54:04: [SM] Changed map to "emp_havoc_b1_fix"
L 02/18/2018 - 15:54:05: -------- Mapchange to emp_havoc_b1_fix --------
L 02/18/2018 - 15:54:15: [security_entity_limit.smx] [SEL] 705 entities have been protected from deleting.This map contain 1343 free entity slot!
L 02/18/2018 - 16:06:32: [saysounds.smx] [Say Sounds] Disabled, Unhooking Events
L 02/18/2018 - 16:06:32: [autorecorder.smx] Recording to auto-20180218-160632-emp_havoc_b1_fix.dem
L 02/18/2018 - 17:52:12: [saysounds.smx] [Say Sounds] Enabled, Hooking Events
L 02/18/2018 - 17:52:12: [saysounds.smx] [Say Sounds] No specific game detected
L 02/18/2018 - 17:53:17: [SM] Changed map to "emp_flat_fix"
L 02/18/2018 - 17:53:18: -------- Mapchange to emp_flat_fix --------
L 02/18/2018 - 17:53:24: [autorecorder.smx] Recording to auto-20180218-175324-emp_flat_fix.dem
L 02/18/2018 - 17:53:28: [security_entity_limit.smx] [SEL] 268 entities have been protected from deleting.This map contain 1780 free entity slot!
L 02/18/2018 - 17:55:33: [saysounds.smx] [Say Sounds] Disabled, Unhooking Events
L 02/18/2018 - 18:15:27: [saysounds.smx] [Say Sounds] Enabled, Hooking Events
L 02/18/2018 - 18:15:27: [saysounds.smx] [Say Sounds] No specific game detected
L 02/18/2018 - 18:16:33: [SM] Changed map to "emp_beachfront_b2"
L 02/18/2018 - 18:16:33: -------- Mapchange to emp_beachfront_b2 --------
L 02/18/2018 - 18:16:43: [security_entity_limit.smx] [SEL] 167 entities have been protected from deleting.This map contain 1881 free entity slot!
L 02/18/2018 - 18:31:20: [autorecorder.smx] Recording to auto-20180218-183120-emp_beachfront_b2.dem
L 02/18/2018 - 18:33:08: [saysounds.smx] [Say Sounds] Disabled, Unhooking Events
L 02/18/2018 - 19:38:35: [saysounds.smx] [Say Sounds] Enabled, Hooking Events
L 02/18/2018 - 19:38:35: [saysounds.smx] [Say Sounds] No specific game detected
L 02/18/2018 - 19:39:40: [SM] Changed map to "emp_downfall"
L 02/18/2018 - 19:39:40: -------- Mapchange to emp_downfall --------
L 02/18/2018 - 19:39:44: [autorecorder.smx] Recording to auto-20180218-193944-emp_downfall.dem
L 02/18/2018 - 19:39:50: [security_entity_limit.smx] [SEL] 164 entities have been protected from deleting.This map contain 1884 free entity slot!
L 02/18/2018 - 19:54:45: [saysounds.smx] [Say Sounds] Disabled, Unhooking Events
L 02/18/2018 - 20:13:09: [saysounds.smx] [Say Sounds] Enabled, Hooking Events
L 02/18/2018 - 20:13:09: [saysounds.smx] [Say Sounds] No specific game detected
L 02/18/2018 - 20:14:54: [SM] Changed map to "emp_crossroads_towerless"
L 02/18/2018 - 20:14:55: -------- Mapchange to emp_crossroads_towerless --------
L 02/18/2018 - 20:15:00: [autorecorder.smx] Recording to auto-20180218-201500-emp_crossroads_towerless.dem
L 02/18/2018 - 20:15:05: [security_entity_limit.smx] [SEL] 571 entities have been protected from deleting.This map contain 1477 free entity slot!
L 02/18/2018 - 20:18:54: [saysounds.smx] [Say Sounds] Disabled, Unhooking Events
L 02/18/2018 - 21:00:17: [saysounds.smx] [Say Sounds] Enabled, Hooking Events
L 02/18/2018 - 21:00:17: [saysounds.smx] [Say Sounds] No specific game detected
L 02/18/2018 - 21:01:23: [SM] Changed map to "emp_canyon"
L 02/18/2018 - 21:01:23: -------- Mapchange to emp_canyon --------
L 02/18/2018 - 21:01:26: [autorecorder.smx] Recording to auto-20180218-210126-emp_canyon.dem
L 02/18/2018 - 21:01:32: [basecommands.smx] "Mr. X.<18><[U:1:27106968]><>" console command (cmdline "emp_allowspectators 1")
L 02/18/2018 - 21:01:32: [basecommands.smx] "Mr. X.<18><[U:1:27106968]><>" console command (cmdline "emp_allowspectators 0")
L 02/18/2018 - 21:01:34: [security_entity_limit.smx] [SEL] 290 entities have been protected from deleting.This map contain 1758 free entity slot!
L 02/18/2018 - 21:32:28: [saysounds.smx] [Say Sounds] Enabled, Hooking Events
L 02/18/2018 - 21:32:28: [saysounds.smx] [Say Sounds] No specific game detected
L 02/18/2018 - 21:34:12: [SM] Changed map to "emp_blah4_fix"
L 02/18/2018 - 21:34:13: -------- Mapchange to emp_blah4_fix --------
L 02/18/2018 - 21:34:17: [autorecorder.smx] Recording to auto-20180218-213417-emp_blah4_fix.dem
L 02/18/2018 - 21:34:23: [security_entity_limit.smx] [SEL] 285 entities have been protected from deleting.This map contain 1763 free entity slot!
L 02/18/2018 - 22:06:05: [saysounds.smx] [Say Sounds] Enabled, Hooking Events
L 02/18/2018 - 22:06:05: [saysounds.smx] [Say Sounds] No specific game detected
L 02/18/2018 - 22:07:49: [SM] Changed map to "emp_palmbay_fix"
L 02/18/2018 - 22:07:50: -------- Mapchange to emp_palmbay_fix --------
L 02/18/2018 - 22:07:54: [autorecorder.smx] Recording to auto-20180218-220754-emp_palmbay_fix.dem
L 02/18/2018 - 22:08:01: [security_entity_limit.smx] [SEL] 226 entities have been protected from deleting.This map contain 1822 free entity slot!
L 02/18/2018 - 22:44:51: [saysounds.smx] [Say Sounds] Enabled, Hooking Events
L 02/18/2018 - 22:44:51: [saysounds.smx] [Say Sounds] No specific game detected
L 02/18/2018 - 22:46:35: [SM] Changed map to "emp_homeland_b9"
L 02/18/2018 - 22:46:36: -------- Mapchange to emp_homeland_b9 --------
L 02/18/2018 - 22:46:41: [autorecorder.smx] Recording to auto-20180218-224641-emp_homeland_b9.dem
L 02/18/2018 - 22:46:46: [security_entity_limit.smx] [SEL] 982 entities have been protected from deleting.This map contain 1066 free entity slot!
L 02/18/2018 - 23:27:11: [saysounds.smx] [Say Sounds] Enabled, Hooking Events
L 02/18/2018 - 23:27:11: [saysounds.smx] [Say Sounds] No specific game detected
L 02/18/2018 - 23:27:34: [basecommands.smx] "Mr. X.<18><[U:1:27106968]><>" changed map to "fun_ricochet_a4"
L 02/18/2018 - 23:27:37: [SM] Changed map to "fun_ricochet_a4"
L 02/18/2018 - 23:27:38: -------- Mapchange to fun_ricochet_a4 --------
L 02/18/2018 - 23:27:39: [autorecorder.smx] Recording to auto-20180218-232739-fun_ricochet_a4.dem
L 02/18/2018 - 23:27:48: [security_entity_limit.smx] [SEL] 196 entities have been protected from deleting.This map contain 1852 free entity slot!
L 02/18/2018 - 23:28:16: [saysounds.smx] [Say Sounds] Disabled, Unhooking Events
L 02/18/2018 - 23:32:39: [saysounds.smx] [Say Sounds] Enabled, Hooking Events
L 02/18/2018 - 23:32:39: [saysounds.smx] [Say Sounds] No specific game detected
L 02/18/2018 - 23:34:39: [SM] Changed map to "emp_drygulch_a6"
L 02/18/2018 - 23:34:40: -------- Mapchange to emp_drygulch_a6 --------
L 02/18/2018 - 23:34:44: [autorecorder.smx] Recording to auto-20180218-233444-emp_drygulch_a6.dem
L 02/18/2018 - 23:34:50: [security_entity_limit.smx] [SEL] 199 entities have been protected from deleting.This map contain 1849 free entity slot!
L 02/18/2018 - 23:41:24: [saysounds.smx] [Say Sounds] Disabled, Unhooking Events
