L 03/27/2017 - 19:59:35: [basecommands.smx] "Mr. X.<7><[U:1:27106968]><>" changed map to "emp_homeland_b9"
L 03/27/2017 - 19:59:38: [SM] Changed map to "emp_homeland_b9"
L 03/27/2017 - 19:59:39: -------- Mapchange to emp_homeland_b9 --------
L 03/27/2017 - 20:00:17: [basecommands.smx] "Mr. X.<7><[U:1:27106968]><>" changed cvar (cvar "mp_autoteambalance") (value "0")
L 03/27/2017 - 20:17:37: [SM] Changed map to "emp_crossroads"
L 03/27/2017 - 20:17:38: -------- Mapchange to emp_crossroads --------
L 03/27/2017 - 20:36:07: [basecommands.smx] "Mr. X.<12><[U:1:27106968]><>" changed map to "emp_homeland_b9"
L 03/27/2017 - 20:36:10: [SM] Changed map to "emp_homeland_b9"
L 03/27/2017 - 20:36:11: -------- Mapchange to emp_homeland_b9 --------
L 03/27/2017 - 21:29:33: SourceMod log file session started (file "L20170327.log") (Version "1.8.0.5912")
L 03/27/2017 - 21:29:33: -------- Mapchange to emp_district402 --------
L 03/27/2017 - 21:30:12: [basecommands.smx] "Mr. X.<2><[U:1:27106968]><>" changed map to "emp_research_1_2_2013"
L 03/27/2017 - 21:30:15: [SM] Changed map to "emp_research_1_2_2013"
L 03/27/2017 - 21:30:15: -------- Mapchange to emp_research_1_2_2013 --------
L 03/27/2017 - 21:30:26: [basecommands.smx] "Mr. X.<2><[U:1:27106968]><>" changed cvar (cvar "emp_allowspectators") (value "0")
L 03/27/2017 - 21:30:27: [basecommands.smx] "Mr. X.<2><[U:1:27106968]><>" changed cvar (cvar "emp_allowspectators") (value "1")
L 03/27/2017 - 21:31:59: [basecommands.smx] "Mr. X.<2><[U:1:27106968]><>" console command (cmdline "sv_cheats 1")
L 03/27/2017 - 21:41:54: [basecommands.smx] "Mr. X.<2><[U:1:27106968]><>" changed map to "emp_insurrection_rc4"
L 03/27/2017 - 21:41:57: [SM] Changed map to "emp_insurrection_rc4"
L 03/27/2017 - 21:42:00: -------- Mapchange to emp_insurrection_rc4 --------
L 03/27/2017 - 21:42:23: [basecommands.smx] "Mr. X.<2><[U:1:27106968]><>" changed cvar (cvar "emp_allowspectators") (value "0")
L 03/27/2017 - 21:42:23: [basecommands.smx] "Mr. X.<2><[U:1:27106968]><>" changed cvar (cvar "emp_allowspectators") (value "1")
L 03/27/2017 - 21:45:39: [basecommands.smx] "Mr. X.<5><[U:1:27106968]><>" changed map to "emp_snowbound_cl5"
L 03/27/2017 - 21:45:42: [SM] Changed map to "emp_snowbound_cl5"
L 03/27/2017 - 21:45:43: -------- Mapchange to emp_snowbound_cl5 --------
L 03/27/2017 - 21:46:01: [basecommands.smx] "Mr. X.<5><[U:1:27106968]><>" changed cvar (cvar "emp_allowspectators") (value "0")
L 03/27/2017 - 21:46:01: [basecommands.smx] "Mr. X.<5><[U:1:27106968]><>" changed cvar (cvar "emp_allowspectators") (value "1")
L 03/27/2017 - 21:46:44: [basecommands.smx] "Mr. X.<5><[U:1:27106968]><>" console command (cmdline "sv_cheats 1")
L 03/27/2017 - 21:49:29: [basecommands.smx] "yes<3><[U:1:38845382]><>" changed cvar (cvar "emp_sv_vote_commander_time") (value "1")
L 03/27/2017 - 21:54:02: [basecommands.smx] "Mr. X.<5><[U:1:27106968]><>" changed map to "emp_insurrection_rc4"
L 03/27/2017 - 21:54:05: [SM] Changed map to "emp_insurrection_rc4"
L 03/27/2017 - 21:54:08: -------- Mapchange to emp_insurrection_rc4 --------
L 03/27/2017 - 21:54:25: [basecommands.smx] "Mr. X.<5><[U:1:27106968]><>" changed cvar (cvar "emp_allowspectators") (value "0")
L 03/27/2017 - 21:54:27: [basecommands.smx] "Mr. X.<5><[U:1:27106968]><>" changed cvar (cvar "emp_allowspectators") (value "1")
L 03/27/2017 - 21:54:44: [basecommands.smx] "Mr. X.<5><[U:1:27106968]><>" console command (cmdline "sv_cheats 1")
L 03/27/2017 - 21:55:28: SourceMod log file session started (file "L20170327.log") (Version "1.8.0.5912")
L 03/27/2017 - 21:55:28: -------- Mapchange to emp_district402 --------
L 03/27/2017 - 21:55:49: [basecommands.smx] "Mr. X.<3><[U:1:27106968]><>" changed map to "emp_snowbound_cl5"
L 03/27/2017 - 21:55:52: [SM] Changed map to "emp_snowbound_cl5"
L 03/27/2017 - 21:55:52: -------- Mapchange to emp_snowbound_cl5 --------
L 03/27/2017 - 21:56:04: [basecommands.smx] "Mr. X.<3><[U:1:27106968]><>" changed cvar (cvar "emp_allowspectators") (value "0")
L 03/27/2017 - 21:56:04: [basecommands.smx] "Mr. X.<3><[U:1:27106968]><>" changed cvar (cvar "emp_allowspectators") (value "1")
L 03/27/2017 - 21:57:00: [basecommands.smx] "Mr. X.<3><[U:1:27106968]><>" console command (cmdline "sv_cheats 1")
L 03/27/2017 - 22:03:41: [basecommands.smx] "Mr. X.<3><[U:1:27106968]><>" changed map to "emp_frozensummit_b2_2013"
L 03/27/2017 - 22:03:44: [SM] Changed map to "emp_frozensummit_b2_2013"
L 03/27/2017 - 22:03:45: -------- Mapchange to emp_frozensummit_b2_2013 --------
L 03/27/2017 - 22:04:02: [basecommands.smx] "Mr. X.<3><[U:1:27106968]><>" changed map to "emp_snowstorm_rc6"
L 03/27/2017 - 22:04:06: [SM] Changed map to "emp_snowstorm_rc6"
L 03/27/2017 - 22:04:06: -------- Mapchange to emp_snowstorm_rc6 --------
L 03/27/2017 - 22:04:55: [basecommands.smx] "Mr. X.<3><[U:1:27106968]><>" changed map to "emp_research_1_2_2013"
L 03/27/2017 - 22:04:58: [SM] Changed map to "emp_research_1_2_2013"
L 03/27/2017 - 22:04:58: -------- Mapchange to emp_research_1_2_2013 --------
L 03/27/2017 - 22:05:05: [basecommands.smx] "Mr. X.<3><[U:1:27106968]><>" changed cvar (cvar "emp_allowspectators") (value "0")
L 03/27/2017 - 22:05:05: [basecommands.smx] "Mr. X.<3><[U:1:27106968]><>" changed cvar (cvar "emp_allowspectators") (value "1")
L 03/27/2017 - 22:31:02: SourceMod log file session started (file "L20170327.log") (Version "1.8.0.5912")
L 03/27/2017 - 22:31:02: -------- Mapchange to emp_district402 --------
L 03/27/2017 - 22:32:05: [basecommands.smx] "Mr. X.<2><[U:1:27106968]><>" changed map to "emp_insurrection_rc4"
L 03/27/2017 - 22:32:08: [SM] Changed map to "emp_insurrection_rc4"
L 03/27/2017 - 22:32:10: -------- Mapchange to emp_insurrection_rc4 --------
L 03/27/2017 - 22:35:13: SourceMod log file session started (file "L20170327.log") (Version "1.8.0.5912")
L 03/27/2017 - 22:35:13: -------- Mapchange to emp_district402 --------
L 03/27/2017 - 22:36:26: [basecommands.smx] "Mr. X.<2><[U:1:27106968]><>" changed map to "emp_insurrection_rc4"
L 03/27/2017 - 22:36:29: [SM] Changed map to "emp_insurrection_rc4"
L 03/27/2017 - 22:36:31: -------- Mapchange to emp_insurrection_rc4 --------
L 03/27/2017 - 22:36:50: [basecommands.smx] "Mr. X.<2><[U:1:27106968]><>" changed cvar (cvar "emp_allowspectators") (value "0")
L 03/27/2017 - 22:36:50: [basecommands.smx] "Mr. X.<2><[U:1:27106968]><>" changed cvar (cvar "emp_allowspectators") (value "1")
L 03/27/2017 - 23:55:24: SourceMod log file session started (file "L20170327.log") (Version "1.8.0.5912")
L 03/27/2017 - 23:55:24: -------- Mapchange to emp_district402 --------
