L 06/29/2017 - 16:14:15: SourceMod log file session started (file "L20170629.log") (Version "1.8.0.5912")
L 06/29/2017 - 16:14:15: [playercommands.smx] "Oktay<531><[U:1:116496292]><>" slapped "Oktay<531><[U:1:116496292]><>" (damage "0")
L 06/29/2017 - 16:14:15: [playercommands.smx] "Oktay<531><[U:1:116496292]><>" slapped "Oktay<531><[U:1:116496292]><>" (damage "0")
L 06/29/2017 - 16:14:15: [playercommands.smx] "Oktay<531><[U:1:116496292]><>" slapped "Oktay<531><[U:1:116496292]><>" (damage "0")
L 06/29/2017 - 16:14:15: [playercommands.smx] "Oktay<531><[U:1:116496292]><>" slapped "Oktay<531><[U:1:116496292]><>" (damage "0")
L 06/29/2017 - 16:14:15: [playercommands.smx] "Oktay<531><[U:1:116496292]><>" slapped "Oktay<531><[U:1:116496292]><>" (damage "0")
L 06/29/2017 - 16:14:16: [playercommands.smx] "Oktay<531><[U:1:116496292]><>" slapped "Oktay<531><[U:1:116496292]><>" (damage "0")
L 06/29/2017 - 16:14:16: [playercommands.smx] "Oktay<531><[U:1:116496292]><>" slapped "Oktay<531><[U:1:116496292]><>" (damage "0")
L 06/29/2017 - 16:14:17: [playercommands.smx] "Oktay<531><[U:1:116496292]><>" slapped "Oktay<531><[U:1:116496292]><>" (damage "0")
L 06/29/2017 - 16:14:17: [playercommands.smx] "Oktay<531><[U:1:116496292]><>" slapped "Oktay<531><[U:1:116496292]><>" (damage "0")
L 06/29/2017 - 16:14:17: [playercommands.smx] "Oktay<531><[U:1:116496292]><>" slapped "Oktay<531><[U:1:116496292]><>" (damage "0")
L 06/29/2017 - 16:14:17: [playercommands.smx] "Oktay<531><[U:1:116496292]><>" slapped "Oktay<531><[U:1:116496292]><>" (damage "0")
L 06/29/2017 - 16:14:17: [playercommands.smx] "Oktay<531><[U:1:116496292]><>" slapped "Oktay<531><[U:1:116496292]><>" (damage "0")
L 06/29/2017 - 16:14:18: [playercommands.smx] "Oktay<531><[U:1:116496292]><>" slapped "Oktay<531><[U:1:116496292]><>" (damage "0")
L 06/29/2017 - 16:14:18: [playercommands.smx] "Oktay<531><[U:1:116496292]><>" slapped "Oktay<531><[U:1:116496292]><>" (damage "0")
L 06/29/2017 - 16:14:18: [playercommands.smx] "Oktay<531><[U:1:116496292]><>" slapped "Oktay<531><[U:1:116496292]><>" (damage "0")
L 06/29/2017 - 16:14:18: [playercommands.smx] "Oktay<531><[U:1:116496292]><>" slapped "Oktay<531><[U:1:116496292]><>" (damage "0")
L 06/29/2017 - 16:14:19: [playercommands.smx] "Oktay<531><[U:1:116496292]><>" slapped "Oktay<531><[U:1:116496292]><>" (damage "0")
L 06/29/2017 - 16:14:19: [playercommands.smx] "Oktay<531><[U:1:116496292]><>" slapped "Oktay<531><[U:1:116496292]><>" (damage "0")
L 06/29/2017 - 16:14:19: [playercommands.smx] "Oktay<531><[U:1:116496292]><>" slapped "Oktay<531><[U:1:116496292]><>" (damage "0")
L 06/29/2017 - 16:14:24: [playercommands.smx] "Oktay<531><[U:1:116496292]><>" slapped "Oktay<531><[U:1:116496292]><>" (damage "0")
L 06/29/2017 - 16:14:24: [playercommands.smx] "Oktay<531><[U:1:116496292]><>" slapped "Oktay<531><[U:1:116496292]><>" (damage "0")
L 06/29/2017 - 16:14:24: [playercommands.smx] "Oktay<531><[U:1:116496292]><>" slapped "Oktay<531><[U:1:116496292]><>" (damage "0")
L 06/29/2017 - 16:14:24: [playercommands.smx] "Oktay<531><[U:1:116496292]><>" slapped "Oktay<531><[U:1:116496292]><>" (damage "0")
L 06/29/2017 - 16:14:25: [playercommands.smx] "Oktay<531><[U:1:116496292]><>" slapped "Oktay<531><[U:1:116496292]><>" (damage "0")
L 06/29/2017 - 16:14:25: [playercommands.smx] "Oktay<531><[U:1:116496292]><>" slapped "Oktay<531><[U:1:116496292]><>" (damage "0")
L 06/29/2017 - 16:14:25: [playercommands.smx] "Oktay<531><[U:1:116496292]><>" slapped "Oktay<531><[U:1:116496292]><>" (damage "0")
L 06/29/2017 - 16:14:25: [playercommands.smx] "Oktay<531><[U:1:116496292]><>" slapped "Oktay<531><[U:1:116496292]><>" (damage "0")
L 06/29/2017 - 16:14:25: [playercommands.smx] "Oktay<531><[U:1:116496292]><>" slapped "Oktay<531><[U:1:116496292]><>" (damage "0")
L 06/29/2017 - 16:14:26: [playercommands.smx] "Oktay<531><[U:1:116496292]><>" slapped "Oktay<531><[U:1:116496292]><>" (damage "0")
L 06/29/2017 - 16:14:26: [playercommands.smx] "Oktay<531><[U:1:116496292]><>" slapped "Oktay<531><[U:1:116496292]><>" (damage "0")
L 06/29/2017 - 16:14:26: [playercommands.smx] "Oktay<531><[U:1:116496292]><>" slapped "Oktay<531><[U:1:116496292]><>" (damage "0")
L 06/29/2017 - 16:14:26: [playercommands.smx] "Oktay<531><[U:1:116496292]><>" slapped "Oktay<531><[U:1:116496292]><>" (damage "0")
L 06/29/2017 - 16:14:27: [playercommands.smx] "Oktay<531><[U:1:116496292]><>" slapped "Oktay<531><[U:1:116496292]><>" (damage "0")
L 06/29/2017 - 16:14:27: [playercommands.smx] "Oktay<531><[U:1:116496292]><>" slapped "Oktay<531><[U:1:116496292]><>" (damage "0")
L 06/29/2017 - 16:14:27: [playercommands.smx] "Oktay<531><[U:1:116496292]><>" slapped "Oktay<531><[U:1:116496292]><>" (damage "0")
L 06/29/2017 - 16:14:27: [playercommands.smx] "Oktay<531><[U:1:116496292]><>" slapped "Oktay<531><[U:1:116496292]><>" (damage "0")
L 06/29/2017 - 16:14:27: [playercommands.smx] "Oktay<531><[U:1:116496292]><>" slapped "Oktay<531><[U:1:116496292]><>" (damage "0")
L 06/29/2017 - 16:14:27: [playercommands.smx] "Oktay<531><[U:1:116496292]><>" slapped "Oktay<531><[U:1:116496292]><>" (damage "0")
L 06/29/2017 - 16:14:29: [playercommands.smx] "Oktay<531><[U:1:116496292]><>" slapped "Oktay<531><[U:1:116496292]><>" (damage "0")
L 06/29/2017 - 16:14:29: [playercommands.smx] "Oktay<531><[U:1:116496292]><>" slapped "Oktay<531><[U:1:116496292]><>" (damage "0")
L 06/29/2017 - 16:14:29: [playercommands.smx] "Oktay<531><[U:1:116496292]><>" slapped "Oktay<531><[U:1:116496292]><>" (damage "0")
L 06/29/2017 - 16:14:29: [playercommands.smx] "Oktay<531><[U:1:116496292]><>" slapped "Oktay<531><[U:1:116496292]><>" (damage "0")
L 06/29/2017 - 16:14:29: [playercommands.smx] "Oktay<531><[U:1:116496292]><>" slapped "Oktay<531><[U:1:116496292]><>" (damage "0")
L 06/29/2017 - 16:14:30: [playercommands.smx] "Oktay<531><[U:1:116496292]><>" slapped "Oktay<531><[U:1:116496292]><>" (damage "0")
L 06/29/2017 - 16:14:30: [playercommands.smx] "Oktay<531><[U:1:116496292]><>" slapped "Oktay<531><[U:1:116496292]><>" (damage "0")
L 06/29/2017 - 16:14:30: [playercommands.smx] "Oktay<531><[U:1:116496292]><>" slapped "Oktay<531><[U:1:116496292]><>" (damage "0")
L 06/29/2017 - 16:14:30: [playercommands.smx] "Oktay<531><[U:1:116496292]><>" slapped "Oktay<531><[U:1:116496292]><>" (damage "0")
L 06/29/2017 - 16:14:30: [playercommands.smx] "Oktay<531><[U:1:116496292]><>" slapped "Oktay<531><[U:1:116496292]><>" (damage "0")
L 06/29/2017 - 16:14:31: [playercommands.smx] "Oktay<531><[U:1:116496292]><>" slapped "Oktay<531><[U:1:116496292]><>" (damage "0")
L 06/29/2017 - 16:14:31: [playercommands.smx] "Oktay<531><[U:1:116496292]><>" slapped "Oktay<531><[U:1:116496292]><>" (damage "0")
L 06/29/2017 - 16:14:32: [playercommands.smx] "Oktay<531><[U:1:116496292]><>" slapped "Oktay<531><[U:1:116496292]><>" (damage "0")
L 06/29/2017 - 16:14:32: [playercommands.smx] "Oktay<531><[U:1:116496292]><>" slapped "Oktay<531><[U:1:116496292]><>" (damage "0")
L 06/29/2017 - 16:14:32: [playercommands.smx] "Oktay<531><[U:1:116496292]><>" slapped "Oktay<531><[U:1:116496292]><>" (damage "0")
L 06/29/2017 - 16:14:32: [playercommands.smx] "Oktay<531><[U:1:116496292]><>" slapped "Oktay<531><[U:1:116496292]><>" (damage "0")
L 06/29/2017 - 16:14:32: [playercommands.smx] "Oktay<531><[U:1:116496292]><>" slapped "Oktay<531><[U:1:116496292]><>" (damage "0")
L 06/29/2017 - 16:14:33: [playercommands.smx] "Oktay<531><[U:1:116496292]><>" slapped "Oktay<531><[U:1:116496292]><>" (damage "0")
L 06/29/2017 - 16:14:33: [playercommands.smx] "Oktay<531><[U:1:116496292]><>" slapped "Oktay<531><[U:1:116496292]><>" (damage "0")
L 06/29/2017 - 16:14:33: [playercommands.smx] "Oktay<531><[U:1:116496292]><>" slapped "Oktay<531><[U:1:116496292]><>" (damage "0")
L 06/29/2017 - 16:14:33: [playercommands.smx] "Oktay<531><[U:1:116496292]><>" slapped "Oktay<531><[U:1:116496292]><>" (damage "0")
L 06/29/2017 - 16:14:33: [playercommands.smx] "Oktay<531><[U:1:116496292]><>" slapped "Oktay<531><[U:1:116496292]><>" (damage "0")
L 06/29/2017 - 16:14:34: [playercommands.smx] "Oktay<531><[U:1:116496292]><>" slapped "Oktay<531><[U:1:116496292]><>" (damage "0")
L 06/29/2017 - 16:14:34: [playercommands.smx] "Oktay<531><[U:1:116496292]><>" slapped "Oktay<531><[U:1:116496292]><>" (damage "0")
L 06/29/2017 - 16:14:35: [playercommands.smx] "Oktay<531><[U:1:116496292]><>" slapped "Oktay<531><[U:1:116496292]><>" (damage "0")
L 06/29/2017 - 16:14:36: [playercommands.smx] "Oktay<531><[U:1:116496292]><>" slapped "Oktay<531><[U:1:116496292]><>" (damage "0")
L 06/29/2017 - 16:14:36: [playercommands.smx] "Oktay<531><[U:1:116496292]><>" slapped "Oktay<531><[U:1:116496292]><>" (damage "0")
L 06/29/2017 - 16:14:37: [playercommands.smx] "Oktay<531><[U:1:116496292]><>" slapped "Oktay<531><[U:1:116496292]><>" (damage "0")
L 06/29/2017 - 16:14:40: [playercommands.smx] "Oktay<531><[U:1:116496292]><>" slapped "Oktay<531><[U:1:116496292]><>" (damage "0")
L 06/29/2017 - 16:14:41: [playercommands.smx] "Oktay<531><[U:1:116496292]><>" slapped "Oktay<531><[U:1:116496292]><>" (damage "0")
L 06/29/2017 - 16:14:41: [playercommands.smx] "Oktay<531><[U:1:116496292]><>" slapped "Oktay<531><[U:1:116496292]><>" (damage "0")
L 06/29/2017 - 16:14:42: [playercommands.smx] "Oktay<531><[U:1:116496292]><>" slapped "Oktay<531><[U:1:116496292]><>" (damage "0")
L 06/29/2017 - 16:14:42: [playercommands.smx] "Oktay<531><[U:1:116496292]><>" slapped "Oktay<531><[U:1:116496292]><>" (damage "0")
L 06/29/2017 - 16:14:42: [playercommands.smx] "Oktay<531><[U:1:116496292]><>" slapped "Oktay<531><[U:1:116496292]><>" (damage "0")
L 06/29/2017 - 16:14:42: [playercommands.smx] "Oktay<531><[U:1:116496292]><>" slapped "Oktay<531><[U:1:116496292]><>" (damage "0")
L 06/29/2017 - 16:14:42: [playercommands.smx] "Oktay<531><[U:1:116496292]><>" slapped "Oktay<531><[U:1:116496292]><>" (damage "0")
L 06/29/2017 - 16:14:43: [playercommands.smx] "Oktay<531><[U:1:116496292]><>" slapped "Oktay<531><[U:1:116496292]><>" (damage "0")
L 06/29/2017 - 16:14:43: [playercommands.smx] "Oktay<531><[U:1:116496292]><>" slapped "Oktay<531><[U:1:116496292]><>" (damage "0")
L 06/29/2017 - 16:14:43: [playercommands.smx] "Oktay<531><[U:1:116496292]><>" slapped "Oktay<531><[U:1:116496292]><>" (damage "0")
L 06/29/2017 - 16:14:54: [playercommands.smx] "Oktay<531><[U:1:116496292]><>" slapped "Oktay<531><[U:1:116496292]><>" (damage "0")
L 06/29/2017 - 16:14:54: [playercommands.smx] "Oktay<531><[U:1:116496292]><>" slapped "Oktay<531><[U:1:116496292]><>" (damage "0")
L 06/29/2017 - 16:14:55: [playercommands.smx] "Oktay<531><[U:1:116496292]><>" slapped "Oktay<531><[U:1:116496292]><>" (damage "0")
L 06/29/2017 - 16:14:55: [playercommands.smx] "Oktay<531><[U:1:116496292]><>" slapped "Oktay<531><[U:1:116496292]><>" (damage "0")
L 06/29/2017 - 16:14:55: [playercommands.smx] "Oktay<531><[U:1:116496292]><>" slapped "Oktay<531><[U:1:116496292]><>" (damage "0")
L 06/29/2017 - 16:14:55: [playercommands.smx] "Oktay<531><[U:1:116496292]><>" slapped "Oktay<531><[U:1:116496292]><>" (damage "0")
L 06/29/2017 - 16:14:56: [playercommands.smx] "Oktay<531><[U:1:116496292]><>" slapped "Oktay<531><[U:1:116496292]><>" (damage "0")
L 06/29/2017 - 16:14:56: [playercommands.smx] "Oktay<531><[U:1:116496292]><>" slapped "Oktay<531><[U:1:116496292]><>" (damage "0")
L 06/29/2017 - 16:18:53: [SM] Changed map to "emp_vehicletraining_2013"
L 06/29/2017 - 16:18:53: -------- Mapchange to emp_vehicletraining_2013 --------
L 06/29/2017 - 16:19:04: [security_entity_limit.smx] [SEL] 340 entities have been protected from deleting.This map contain 1708 free entity slot!
L 06/29/2017 - 16:49:58: [SM] Changed map to "con_glycencity"
L 06/29/2017 - 16:50:00: -------- Mapchange to con_glycencity --------
L 06/29/2017 - 16:50:10: [security_entity_limit.smx] [SEL] 637 entities have been protected from deleting.This map contain 1411 free entity slot!
L 06/29/2017 - 17:11:31: [SM] Changed map to "emp_shadows_attacks_fix"
L 06/29/2017 - 17:11:32: -------- Mapchange to emp_shadows_attacks_fix --------
L 06/29/2017 - 17:11:42: [security_entity_limit.smx] [SEL] 799 entities have been protected from deleting.This map contain 1249 free entity slot!
L 06/29/2017 - 17:28:00: [SM] Changed map to "con_urbanchaos_fix"
L 06/29/2017 - 17:28:01: -------- Mapchange to con_urbanchaos_fix --------
L 06/29/2017 - 17:28:11: [security_entity_limit.smx] [SEL] 660 entities have been protected from deleting.This map contain 1388 free entity slot!
L 06/29/2017 - 18:36:28: SourceMod log file session started (file "L20170629.log") (Version "1.8.0.5912")
L 06/29/2017 - 18:36:28: -------- Mapchange to con_district402 --------
L 06/29/2017 - 18:36:29: [security_entity_limit.smx] Security Entity Limit [SEL] Activate!
L 06/29/2017 - 18:36:29: [security_entity_limit.smx] [SEL]Current version: 0.5.4
Plugin made by Benoist3012!
L 06/29/2017 - 18:36:40: [security_entity_limit.smx] [SEL] 434 entities have been protected from deleting.This map contain 1614 free entity slot!
L 06/29/2017 - 18:41:49: SourceMod log file session started (file "L20170629.log") (Version "1.8.0.5912")
L 06/29/2017 - 18:41:49: -------- Mapchange to con_district402 --------
L 06/29/2017 - 18:41:50: [security_entity_limit.smx] Security Entity Limit [SEL] Activate!
L 06/29/2017 - 18:41:50: [security_entity_limit.smx] [SEL]Current version: 0.5.4
Plugin made by Benoist3012!
L 06/29/2017 - 18:42:00: [security_entity_limit.smx] [SEL] 434 entities have been protected from deleting.This map contain 1614 free entity slot!
L 06/29/2017 - 22:51:20: [SM] Changed map to "emp_beachfront_b2"
L 06/29/2017 - 22:51:21: -------- Mapchange to emp_beachfront_b2 --------
L 06/29/2017 - 22:51:31: [security_entity_limit.smx] [SEL] 161 entities have been protected from deleting.This map contain 1887 free entity slot!
