L 05/06/2017 - 00:00:23: SourceMod log file session started (file "L20170506.log") (Version "1.8.0.5912")
L 05/06/2017 - 00:00:23: [playercommands.smx] "Mr. X.<93><[U:1:27106968]><>" slapped "Mr. X.<93><[U:1:27106968]><>" (damage "0")
L 05/06/2017 - 00:11:15: [SM] Changed map to "emp_duststorm"
L 05/06/2017 - 00:11:16: -------- Mapchange to emp_duststorm --------
L 05/06/2017 - 00:15:17: [basecommands.smx] "Paradox<241><[U:1:23216004]><>" changed cvar (cvar "sv_alltalk") (value "0")
L 05/06/2017 - 00:39:01: [SM] Changed map to "emp_glacial_b2"
L 05/06/2017 - 00:39:02: -------- Mapchange to emp_glacial_b2 --------
L 05/06/2017 - 00:42:53: [SM] Changed map to "emp_palmbay_fix"
L 05/06/2017 - 00:42:54: -------- Mapchange to emp_palmbay_fix --------
L 05/06/2017 - 00:48:49: [basecommands.smx] "Mr. X.<93><[U:1:27106968]><>" changed map to "con_glycencity"
L 05/06/2017 - 00:48:52: [SM] Changed map to "con_glycencity"
L 05/06/2017 - 00:48:53: -------- Mapchange to con_glycencity --------
L 05/06/2017 - 01:10:54: [SM] Changed map to "emp_vehicletraining_2013"
L 05/06/2017 - 01:10:54: -------- Mapchange to emp_vehicletraining_2013 --------
L 05/06/2017 - 01:45:47: [SM] Changed map to "emp_flat_fix"
L 05/06/2017 - 01:45:48: -------- Mapchange to emp_flat_fix --------
L 05/06/2017 - 01:50:32: [basecommands.smx] "Mr. X.<266><[U:1:27106968]><>" changed map to "con_urbanchaos"
L 05/06/2017 - 01:50:35: [SM] Changed map to "con_urbanchaos"
L 05/06/2017 - 01:50:36: -------- Mapchange to con_urbanchaos --------
L 05/06/2017 - 09:26:52: [SM] Changed map to "emp_beachfront_b2"
L 05/06/2017 - 09:26:52: -------- Mapchange to emp_beachfront_b2 --------
L 05/06/2017 - 09:28:25: [SM] Changed map to "emp_crossroads"
L 05/06/2017 - 09:28:25: -------- Mapchange to emp_crossroads --------
L 05/06/2017 - 11:08:48: [SM] Changed map to "emp_canyon"
L 05/06/2017 - 11:08:49: -------- Mapchange to emp_canyon --------
L 05/06/2017 - 11:50:22: [SM] Changed map to "con_district402"
L 05/06/2017 - 11:50:23: -------- Mapchange to con_district402 --------
L 05/06/2017 - 12:15:06: [SM] Changed map to "con_glycencity"
L 05/06/2017 - 12:15:08: -------- Mapchange to con_glycencity --------
L 05/06/2017 - 12:45:08: [SM] Changed map to "emp_vehicletraining_2013"
L 05/06/2017 - 12:45:09: -------- Mapchange to emp_vehicletraining_2013 --------
L 05/06/2017 - 13:08:40: [SM] Changed map to "emp_drygulch_a6"
L 05/06/2017 - 13:08:41: -------- Mapchange to emp_drygulch_a6 --------
L 05/06/2017 - 14:09:41: [SM] Changed map to "emp_temple_b3a"
L 05/06/2017 - 14:09:42: -------- Mapchange to emp_temple_b3a --------
L 05/06/2017 - 14:19:28: [basechat.smx] "Mr. X.<349><[U:1:27106968]><>" triggered sm_say (text BE, cameras don't need line of sights, they're motion sensors.)
L 05/06/2017 - 14:19:34: [basechat.smx] "Mr. X.<349><[U:1:27106968]><>" triggered sm_say (text hide them somewhere)
L 05/06/2017 - 14:21:07: [basechat.smx] "Mr. X.<349><[U:1:27106968]><>" triggered sm_psay to "McBanán<339><[U:1:117439675]><>" (text don't forget to heal yourself in the armory using the health box)
L 05/06/2017 - 14:21:36: [basechat.smx] "Mr. X.<349><[U:1:27106968]><>" triggered sm_psay to "McBanán<339><[U:1:117439675]><>" (text use your parachute, press e)
L 05/06/2017 - 14:26:14: [basechat.smx] "Mr. X.<349><[U:1:27106968]><>" triggered sm_psay to "broincceo<337><[U:1:422691714]><>" (text make sure you check the minimap regularly, one of your players was waiting for a refinery and you missed it)
L 05/06/2017 - 14:28:46: [basechat.smx] "Mr. X.<349><[U:1:27106968]><>" triggered sm_psay to "McBanán<339><[U:1:117439675]><>" (text RPG barely does any damage to buildings, use mortar as much as possible)
L 05/06/2017 - 14:30:49: [playercommands.smx] "Mr. X.<349><[U:1:27106968]><>" slayed "Pe4enyka™<342><[U:1:191631575]><>"
L 05/06/2017 - 14:31:02: [basechat.smx] "Mr. X.<349><[U:1:27106968]><>" triggered sm_say (text BE: let JK have the CV he knows what he's doing.)
L 05/06/2017 - 14:31:28: [basechat.smx] "Mr. X.<349><[U:1:27106968]><>" triggered sm_say (text you're not BE)
L 05/06/2017 - 14:31:40: [basechat.smx] "Mr. X.<349><[U:1:27106968]><>" triggered sm_say (text yes)
L 05/06/2017 - 14:32:04: [basechat.smx] "Mr. X.<349><[U:1:27106968]><>" triggered sm_say (text you can keep learning)
L 05/06/2017 - 14:53:19: [SM] Changed map to "emp_blast_ob1"
L 05/06/2017 - 14:53:20: -------- Mapchange to emp_blast_ob1 --------
L 05/06/2017 - 15:13:10: [SM] Changed map to "emp_beachfront_b2"
L 05/06/2017 - 15:13:10: -------- Mapchange to emp_beachfront_b2 --------
L 05/06/2017 - 15:57:44: [SM] Changed map to "con_district402"
L 05/06/2017 - 15:57:45: -------- Mapchange to con_district402 --------
L 05/06/2017 - 16:04:11: [SM] Changed map to "emp_nuclear_b8u_xfix"
L 05/06/2017 - 16:04:12: -------- Mapchange to emp_nuclear_b8u_xfix --------
L 05/06/2017 - 16:34:22: [SM] Changed map to "emp_downfall"
L 05/06/2017 - 16:34:23: -------- Mapchange to emp_downfall --------
L 05/06/2017 - 17:15:13: [playercommands.smx] "Mikleo<373><[U:1:376259319]><>" slayed "NemesisPC ♈ ♉ ♊ ♋<385><[U:1:111280908]><>"
L 05/06/2017 - 17:34:18: [playercommands.smx] "Oktay<382><[U:1:116496292]><>" slayed "Hummer<386><[U:1:358863747]><>"
L 05/06/2017 - 17:51:35: [SM] Changed map to "emp_canyon"
L 05/06/2017 - 17:51:35: -------- Mapchange to emp_canyon --------
L 05/06/2017 - 17:55:47: [basechat.smx] "Mr. X.<401><[U:1:27106968]><>" triggered sm_say (text ENGLISH ONLY!)
L 05/06/2017 - 18:20:20: [SM] Changed map to "emp_palmbay_fix"
L 05/06/2017 - 18:20:21: -------- Mapchange to emp_palmbay_fix --------
L 05/06/2017 - 19:00:15: [SM] Changed map to "emp_crossroads"
L 05/06/2017 - 19:00:16: -------- Mapchange to emp_crossroads --------
L 05/06/2017 - 19:30:08: [SM] Changed map to "emp_temple_b3a"
L 05/06/2017 - 19:30:09: -------- Mapchange to emp_temple_b3a --------
L 05/06/2017 - 19:51:03: [SM] Changed map to "emp_coast"
L 05/06/2017 - 19:51:04: -------- Mapchange to emp_coast --------
L 05/06/2017 - 19:59:37: [SM] Changed map to "con_glycencity"
L 05/06/2017 - 19:59:38: -------- Mapchange to con_glycencity --------
L 05/06/2017 - 20:29:54: [SM] Changed map to "emp_research_1_2_2013"
L 05/06/2017 - 20:29:55: -------- Mapchange to emp_research_1_2_2013 --------
L 05/06/2017 - 20:47:51: [SM] Changed map to "con_district402"
L 05/06/2017 - 20:47:52: -------- Mapchange to con_district402 --------
L 05/06/2017 - 21:03:45: [SM] Changed map to "emp_snowstorm_rc6"
L 05/06/2017 - 21:03:45: -------- Mapchange to emp_snowstorm_rc6 --------
L 05/06/2017 - 21:55:12: [SM] Changed map to "con_urbanchaos"
L 05/06/2017 - 21:55:13: -------- Mapchange to con_urbanchaos --------
L 05/06/2017 - 22:10:07: [basechat.smx] "Mr. X.<492><[U:1:27106968]><>" triggered sm_psay to "SkepticDork<480><[U:1:387361653]><>" (text why not heal yourself inside the APC?)
L 05/06/2017 - 22:16:47: [basecommands.smx] "Mr. X.<492><[U:1:27106968]><>" console command (cmdline "mp_timelimit 10")
L 05/06/2017 - 22:23:16: [SM] Changed map to "emp_coast"
L 05/06/2017 - 22:23:17: -------- Mapchange to emp_coast --------
L 05/06/2017 - 22:45:08: [SM] Changed map to "emp_palmbay_fix"
L 05/06/2017 - 22:45:09: -------- Mapchange to emp_palmbay_fix --------
L 05/06/2017 - 23:14:49: [SM] Changed map to "emp_homeland_b9"
L 05/06/2017 - 23:14:50: -------- Mapchange to emp_homeland_b9 --------
L 05/06/2017 - 23:27:55: [playercommands.smx] "Mr. X.<492><[U:1:27106968]><>" slapped "=F= MrBlueSky<538><[U:1:7486994]><>" (damage "0")
L 05/06/2017 - 23:53:59: [SM] Changed map to "emp_insurrection_rc4"
L 05/06/2017 - 23:54:02: -------- Mapchange to emp_insurrection_rc4 --------
