L 07/10/2017 - 00:25:27: SourceMod log file session started (file "L20170710.log") (Version "1.8.0.5912")
L 07/10/2017 - 00:25:27: [SM] Changed map to "emp_beachfront_b2"
L 07/10/2017 - 00:25:27: -------- Mapchange to emp_beachfront_b2 --------
L 07/10/2017 - 00:25:37: [security_entity_limit.smx] [SEL] 163 entities have been protected from deleting.This map contain 1885 free entity slot!
L 07/10/2017 - 00:57:26: [SM] Changed map to "emp_blast_ob1"
L 07/10/2017 - 00:57:27: -------- Mapchange to emp_blast_ob1 --------
L 07/10/2017 - 00:57:37: [security_entity_limit.smx] [SEL] 666 entities have been protected from deleting.This map contain 1382 free entity slot!
L 07/10/2017 - 14:42:12: SourceMod log file session started (file "L20170710.log") (Version "1.8.0.5912")
L 07/10/2017 - 14:42:12: -------- Mapchange to con_district402 --------
L 07/10/2017 - 14:42:12: [security_entity_limit.smx] Security Entity Limit [SEL] Activate!
L 07/10/2017 - 14:42:12: [security_entity_limit.smx] [SEL]Current version: 0.5.4
Plugin made by Benoist3012!
L 07/10/2017 - 14:42:24: [security_entity_limit.smx] [SEL] 434 entities have been protected from deleting.This map contain 1614 free entity slot!
L 07/10/2017 - 18:31:12: [SM] Changed map to "emp_vehicletraining_2013"
L 07/10/2017 - 18:31:13: -------- Mapchange to emp_vehicletraining_2013 --------
L 07/10/2017 - 18:31:23: [security_entity_limit.smx] [SEL] 340 entities have been protected from deleting.This map contain 1708 free entity slot!
L 07/10/2017 - 19:16:19: SourceMod log file session started (file "L20170710.log") (Version "1.8.0.5912")
L 07/10/2017 - 19:16:19: -------- Mapchange to con_district402 --------
L 07/10/2017 - 19:16:19: [security_entity_limit.smx] Security Entity Limit [SEL] Activate!
L 07/10/2017 - 19:16:19: [security_entity_limit.smx] [SEL]Current version: 0.5.4
Plugin made by Benoist3012!
L 07/10/2017 - 19:16:31: [security_entity_limit.smx] [SEL] 434 entities have been protected from deleting.This map contain 1614 free entity slot!
L 07/10/2017 - 19:21:15: SourceMod log file session started (file "L20170710.log") (Version "1.8.0.5912")
L 07/10/2017 - 19:21:15: -------- Mapchange to con_district402 --------
L 07/10/2017 - 19:21:15: [security_entity_limit.smx] Security Entity Limit [SEL] Activate!
L 07/10/2017 - 19:21:15: [security_entity_limit.smx] [SEL]Current version: 0.5.4
Plugin made by Benoist3012!
L 07/10/2017 - 19:21:27: [security_entity_limit.smx] [SEL] 434 entities have been protected from deleting.This map contain 1614 free entity slot!
L 07/10/2017 - 19:57:56: SourceMod log file session started (file "L20170710.log") (Version "1.8.0.5912")
L 07/10/2017 - 19:57:56: -------- Mapchange to con_district402 --------
L 07/10/2017 - 19:57:57: [security_entity_limit.smx] Security Entity Limit [SEL] Activate!
L 07/10/2017 - 19:57:57: [security_entity_limit.smx] [SEL]Current version: 0.5.4
Plugin made by Benoist3012!
L 07/10/2017 - 19:58:09: [security_entity_limit.smx] [SEL] 434 entities have been protected from deleting.This map contain 1614 free entity slot!
L 07/10/2017 - 20:16:40: SourceMod log file session started (file "L20170710.log") (Version "1.8.0.5912")
L 07/10/2017 - 20:16:40: -------- Mapchange to con_district402 --------
L 07/10/2017 - 20:16:41: [security_entity_limit.smx] Security Entity Limit [SEL] Activate!
L 07/10/2017 - 20:16:41: [security_entity_limit.smx] [SEL]Current version: 0.5.4
Plugin made by Benoist3012!
L 07/10/2017 - 20:16:52: [security_entity_limit.smx] [SEL] 434 entities have been protected from deleting.This map contain 1614 free entity slot!
