L 07/15/2018 - 00:27:32: SourceMod log file session started (file "L20180715.log") (Version "1.8.0.5912")
L 07/15/2018 - 00:27:32: [saysounds.smx] [Say Sounds] Enabled, Hooking Events
L 07/15/2018 - 00:27:32: [saysounds.smx] [Say Sounds] No specific game detected
L 07/15/2018 - 00:29:16: [SM] Changed map to "emp_canyon"
L 07/15/2018 - 00:29:17: -------- Mapchange to emp_canyon --------
L 07/15/2018 - 00:29:18: [autorecorder.smx] Recording to auto-20180715-002918-emp_canyon.dem
L 07/15/2018 - 00:29:27: [security_entity_limit.smx] [SEL] 301 entities have been protected from deleting.This map contain 1747 free entity slot!
L 07/15/2018 - 01:28:21: [saysounds.smx] [Say Sounds] Enabled, Hooking Events
L 07/15/2018 - 01:28:21: [saysounds.smx] [Say Sounds] No specific game detected
L 07/15/2018 - 01:30:05: [SM] Changed map to "emp_flat_hce"
L 07/15/2018 - 01:30:06: -------- Mapchange to emp_flat_hce --------
L 07/15/2018 - 01:30:07: [autorecorder.smx] Recording to auto-20180715-013007-emp_flat_hce.dem
L 07/15/2018 - 01:30:16: [security_entity_limit.smx] [SEL] 283 entities have been protected from deleting.This map contain 1765 free entity slot!
L 07/15/2018 - 01:35:21: [autorecorder.smx] Recording to auto-20180715-013521-emp_flat_hce.dem
L 07/15/2018 - 02:06:44: [saysounds.smx] [Say Sounds] Enabled, Hooking Events
L 07/15/2018 - 02:06:44: [saysounds.smx] [Say Sounds] No specific game detected
L 07/15/2018 - 02:07:49: [SM] Changed map to "emp_beachfront_b2_hce"
L 07/15/2018 - 02:07:49: -------- Mapchange to emp_beachfront_b2_hce --------
L 07/15/2018 - 02:07:51: [autorecorder.smx] Recording to auto-20180715-020751-emp_beachfront_b2_hce.dem
L 07/15/2018 - 02:08:00: [security_entity_limit.smx] [SEL] 167 entities have been protected from deleting.This map contain 1881 free entity slot!
L 07/15/2018 - 02:09:42: [saysounds.smx] [Say Sounds] Disabled, Unhooking Events
L 07/15/2018 - 14:22:05: SourceMod log file session started (file "L20180715.log") (Version "1.8.0.5912")
L 07/15/2018 - 14:22:05: -------- Mapchange to con_district402 --------
L 07/15/2018 - 14:22:05: [saysounds.smx] [Say Sounds] No specific game detected
L 07/15/2018 - 14:22:05: [security_entity_limit.smx] Security Entity Limit [SEL] Activate!
L 07/15/2018 - 14:22:05: [security_entity_limit.smx] [SEL]Current version: 0.5.4
Plugin made by Benoist3012!
L 07/15/2018 - 14:22:17: [security_entity_limit.smx] [SEL] 434 entities have been protected from deleting.This map contain 1614 free entity slot!
L 07/15/2018 - 14:52:56: [saysounds.smx] [Say Sounds] Disabled, Unhooking Events
L 07/15/2018 - 14:52:56: [autorecorder.smx] Recording to auto-20180715-145256-con_district402.dem
L 07/15/2018 - 15:26:13: [saysounds.smx] [Say Sounds] Enabled, Hooking Events
L 07/15/2018 - 15:26:13: [saysounds.smx] [Say Sounds] No specific game detected
L 07/15/2018 - 15:26:48: [SM] Changed map to "emp_drygulch_a7"
L 07/15/2018 - 15:26:49: -------- Mapchange to emp_drygulch_a7 --------
L 07/15/2018 - 15:27:00: [security_entity_limit.smx] [SEL] 167 entities have been protected from deleting.This map contain 1881 free entity slot!
L 07/15/2018 - 19:26:03: [basecommands.smx] "Mr. X.<4><[U:1:27106968]><>" changed map to "emp_isle"
L 07/15/2018 - 19:26:06: [SM] Changed map to "emp_isle"
L 07/15/2018 - 19:26:06: -------- Mapchange to emp_isle --------
L 07/15/2018 - 19:26:16: [security_entity_limit.smx] [SEL] 207 entities have been protected from deleting.This map contain 1841 free entity slot!
L 07/15/2018 - 19:26:19: [saysounds.smx] [Say Sounds] Disabled, Unhooking Events
L 07/15/2018 - 19:26:19: [autorecorder.smx] Recording to auto-20180715-192619-emp_isle.dem
L 07/15/2018 - 19:27:36: [basecommands.smx] "Mr. X.<4><[U:1:27106968]><>" console command (cmdline "emp_sv_netvisdist_building 30000")
L 07/15/2018 - 19:27:45: [basecommands.smx] "Mr. X.<4><[U:1:27106968]><>" console command (cmdline "emp_sv_netvisdist_building 12000")
L 07/15/2018 - 19:27:51: [basecommands.smx] "Mr. X.<4><[U:1:27106968]><>" console command (cmdline "emp_sv_netvisdist_building 30000")
L 07/15/2018 - 19:28:39: [basecommands.smx] "Mr. X.<4><[U:1:27106968]><>" console command (cmdline "exec testing")
L 07/15/2018 - 19:28:58: [basecommands.smx] "Mr. X.<4><[U:1:27106968]><>" console command (cmdline "emp_sv_netvisdist_player 30000")
L 07/15/2018 - 19:29:04: [basecommands.smx] "Mr. X.<4><[U:1:27106968]><>" console command (cmdline "emp_sv_netvisdist_vehicle 30000")
L 07/15/2018 - 19:29:22: [basecommands.smx] "Mr. X.<4><[U:1:27106968]><>" console command (cmdline "emp_sv_netvisdist_commander 30000")
L 07/15/2018 - 19:57:12: [saysounds.smx] [Say Sounds] Enabled, Hooking Events
L 07/15/2018 - 19:57:12: [saysounds.smx] [Say Sounds] No specific game detected
L 07/15/2018 - 19:58:56: [SM] Changed map to "emp_crossroads_towerless_hce"
L 07/15/2018 - 19:58:57: -------- Mapchange to emp_crossroads_towerless_hce --------
L 07/15/2018 - 19:59:02: [autorecorder.smx] Recording to auto-20180715-195902-emp_crossroads_towerless_hce.dem
L 07/15/2018 - 19:59:07: [security_entity_limit.smx] [SEL] 575 entities have been protected from deleting.This map contain 1473 free entity slot!
L 07/15/2018 - 20:01:24: [saysounds.smx] [Say Sounds] Disabled, Unhooking Events
L 07/15/2018 - 20:20:56: [saysounds.smx] [Say Sounds] Enabled, Hooking Events
L 07/15/2018 - 20:20:56: [saysounds.smx] [Say Sounds] No specific game detected
L 07/15/2018 - 20:22:40: [SM] Changed map to "emp_research_1_2_2013"
L 07/15/2018 - 20:22:40: -------- Mapchange to emp_research_1_2_2013 --------
L 07/15/2018 - 20:22:43: [autorecorder.smx] Recording to auto-20180715-202243-emp_research_1_2_2013.dem
L 07/15/2018 - 20:22:51: [security_entity_limit.smx] [SEL] 341 entities have been protected from deleting.This map contain 1707 free entity slot!
L 07/15/2018 - 20:52:00: [saysounds.smx] [Say Sounds] Enabled, Hooking Events
L 07/15/2018 - 20:52:00: [saysounds.smx] [Say Sounds] No specific game detected
L 07/15/2018 - 20:53:45: [SM] Changed map to "emp_canyon"
L 07/15/2018 - 20:53:46: -------- Mapchange to emp_canyon --------
L 07/15/2018 - 20:53:48: [autorecorder.smx] Recording to auto-20180715-205348-emp_canyon.dem
L 07/15/2018 - 20:53:56: [security_entity_limit.smx] [SEL] 290 entities have been protected from deleting.This map contain 1758 free entity slot!
L 07/15/2018 - 21:48:28: [saysounds.smx] [Say Sounds] Enabled, Hooking Events
L 07/15/2018 - 21:48:28: [saysounds.smx] [Say Sounds] No specific game detected
L 07/15/2018 - 21:50:12: [SM] Changed map to "emp_mesa_d6_hce"
L 07/15/2018 - 21:50:13: -------- Mapchange to emp_mesa_d6_hce --------
L 07/15/2018 - 21:50:14: [autorecorder.smx] Recording to auto-20180715-215014-emp_mesa_d6_hce.dem
L 07/15/2018 - 21:50:23: [security_entity_limit.smx] [SEL] 393 entities have been protected from deleting.This map contain 1655 free entity slot!
L 07/15/2018 - 22:26:03: [saysounds.smx] [Say Sounds] Enabled, Hooking Events
L 07/15/2018 - 22:26:03: [saysounds.smx] [Say Sounds] No specific game detected
L 07/15/2018 - 22:27:47: [SM] Changed map to "emp_cyclopean"
L 07/15/2018 - 22:27:48: -------- Mapchange to emp_cyclopean --------
L 07/15/2018 - 22:27:49: [autorecorder.smx] Recording to auto-20180715-222749-emp_cyclopean.dem
L 07/15/2018 - 22:27:58: [security_entity_limit.smx] [SEL] 528 entities have been protected from deleting.This map contain 1520 free entity slot!
L 07/15/2018 - 22:46:34: [playercommands.smx] "Spyer<80><[U:1:34143605]><>" slapped "Spyer<80><[U:1:34143605]><>" (damage "0")
L 07/15/2018 - 22:46:35: [playercommands.smx] "Spyer<80><[U:1:34143605]><>" slapped "Freaknovich<84><[U:1:16097022]><>" (damage "0")
L 07/15/2018 - 22:46:36: [playercommands.smx] "Spyer<80><[U:1:34143605]><>" slapped "Freaknovich<84><[U:1:16097022]><>" (damage "0")
L 07/15/2018 - 22:46:51: [playercommands.smx] "Spyer<80><[U:1:34143605]><>" slapped "Spyer<80><[U:1:34143605]><>" (damage "0")
L 07/15/2018 - 22:46:56: [playercommands.smx] "Spyer<80><[U:1:34143605]><>" slapped "Spyer<80><[U:1:34143605]><>" (damage "0")
L 07/15/2018 - 22:46:58: [playercommands.smx] "Spyer<80><[U:1:34143605]><>" slapped "Spyer<80><[U:1:34143605]><>" (damage "0")
L 07/15/2018 - 22:48:54: [basecommands.smx] "Mr. X.<78><[U:1:27106968]><>" console command (cmdline "emp_sv_netvisdist_vehicle")
L 07/15/2018 - 22:53:56: [basecommands.smx] "Mr. X.<78><[U:1:27106968]><>" console command (cmdline "exec netvisdist")
L 07/15/2018 - 22:54:11: [basecommands.smx] "Mr. X.<78><[U:1:27106968]><>" console command (cmdline "emp_sv_netvisdist_commander")
L 07/15/2018 - 23:00:26: [saysounds.smx] [Say Sounds] Enabled, Hooking Events
L 07/15/2018 - 23:00:26: [saysounds.smx] [Say Sounds] No specific game detected
L 07/15/2018 - 23:02:11: [SM] Changed map to "emp_midbridge_hce"
L 07/15/2018 - 23:02:12: -------- Mapchange to emp_midbridge_hce --------
L 07/15/2018 - 23:02:13: [autorecorder.smx] Recording to auto-20180715-230213-emp_midbridge_hce.dem
L 07/15/2018 - 23:02:22: [security_entity_limit.smx] [SEL] 618 entities have been protected from deleting.This map contain 1430 free entity slot!
L 07/15/2018 - 23:08:35: [basecommands.smx] "Mr. X.<78><[U:1:27106968]><>" console command (cmdline "emp_sv_netvisdist_building")
L 07/15/2018 - 23:27:31: [saysounds.smx] [Say Sounds] Enabled, Hooking Events
L 07/15/2018 - 23:27:31: [saysounds.smx] [Say Sounds] No specific game detected
L 07/15/2018 - 23:29:15: [SM] Changed map to "emp_raiders_b1"
L 07/15/2018 - 23:29:15: -------- Mapchange to emp_raiders_b1 --------
L 07/15/2018 - 23:29:16: [autorecorder.smx] Recording to auto-20180715-232916-emp_raiders_b1.dem
L 07/15/2018 - 23:29:25: [security_entity_limit.smx] [SEL] 329 entities have been protected from deleting.This map contain 1719 free entity slot!
L 07/15/2018 - 23:53:18: [saysounds.smx] [Say Sounds] Enabled, Hooking Events
L 07/15/2018 - 23:53:18: [saysounds.smx] [Say Sounds] No specific game detected
L 07/15/2018 - 23:54:24: [SM] Changed map to "emp_forest_ob_2013_hce"
L 07/15/2018 - 23:54:24: -------- Mapchange to emp_forest_ob_2013_hce --------
L 07/15/2018 - 23:54:26: [autorecorder.smx] Recording to auto-20180715-235426-emp_forest_ob_2013_hce.dem
L 07/15/2018 - 23:54:35: [security_entity_limit.smx] [SEL] 279 entities have been protected from deleting.This map contain 1769 free entity slot!
