L 10/23/2018 - 22:39:14: SourceMod log file session started (file "L20181023.log") (Version "1.8.0.5912")
L 10/23/2018 - 22:39:14: -------- Mapchange to con_district402 --------
L 10/23/2018 - 22:39:15: [saysounds.smx] [Say Sounds] No specific game detected
L 10/23/2018 - 22:39:15: [security_entity_limit.smx] Security Entity Limit [SEL] Activate!
L 10/23/2018 - 22:39:15: [security_entity_limit.smx] [SEL]Current version: 0.5.4
Plugin made by Benoist3012!
L 10/23/2018 - 22:39:30: [security_entity_limit.smx] [SEL] 452 entities have been protected from deleting.This map contain 1596 free entity slot!
L 10/23/2018 - 22:40:25: [basecommands.smx] "Mr. X.<2><[U:1:27106968]><>" changed map to "emp_crossroads_towerless_hce2"
L 10/23/2018 - 22:40:28: [SM] Changed map to "emp_crossroads_towerless_hce2"
L 10/23/2018 - 22:40:30: -------- Mapchange to emp_crossroads_towerless_hce2 --------
L 10/23/2018 - 22:40:43: [security_entity_limit.smx] [SEL] 570 entities have been protected from deleting.This map contain 1478 free entity slot!
L 10/23/2018 - 22:48:58: [saysounds.smx] [Say Sounds] Disabled, Unhooking Events
L 10/23/2018 - 22:54:05: [basecommands.smx] "Mr. X.<2><[U:1:27106968]><>" changed map to "emp_crossroads_towerless_hce2"
L 10/23/2018 - 22:54:08: [SM] Changed map to "emp_crossroads_towerless_hce2"
L 10/23/2018 - 22:54:09: -------- Mapchange to emp_crossroads_towerless_hce2 --------
L 10/23/2018 - 22:54:09: [saysounds.smx] [Say Sounds] Enabled, Hooking Events
L 10/23/2018 - 22:54:09: [saysounds.smx] [Say Sounds] No specific game detected
L 10/23/2018 - 22:54:19: [security_entity_limit.smx] [SEL] 570 entities have been protected from deleting.This map contain 1478 free entity slot!
L 10/23/2018 - 23:14:00: [saysounds.smx] [Say Sounds] Disabled, Unhooking Events
L 10/23/2018 - 23:14:33: [basecommands.smx] "Mr. X.<4><[U:1:27106968]><>" changed map to "emp_crossroads_towerless_hce2"
L 10/23/2018 - 23:14:36: [SM] Changed map to "emp_crossroads_towerless_hce2"
L 10/23/2018 - 23:14:37: -------- Mapchange to emp_crossroads_towerless_hce2 --------
L 10/23/2018 - 23:14:37: [saysounds.smx] [Say Sounds] Enabled, Hooking Events
L 10/23/2018 - 23:14:37: [saysounds.smx] [Say Sounds] No specific game detected
L 10/23/2018 - 23:14:48: [security_entity_limit.smx] [SEL] 571 entities have been protected from deleting.This map contain 1477 free entity slot!
L 10/23/2018 - 23:23:31: [basecommands.smx] "Mr. X.<4><[U:1:27106968]><>" changed map to "emp_canyon"
L 10/23/2018 - 23:23:34: [SM] Changed map to "emp_canyon"
L 10/23/2018 - 23:23:34: -------- Mapchange to emp_canyon --------
L 10/23/2018 - 23:23:45: [security_entity_limit.smx] [SEL] 258 entities have been protected from deleting.This map contain 1790 free entity slot!
L 10/23/2018 - 23:24:00: [saysounds.smx] [Say Sounds] Disabled, Unhooking Events
L 10/23/2018 - 23:25:21: [basecommands.smx] "Mr. X.<4><[U:1:27106968]><>" console command (cmdline "exec debug")
L 10/23/2018 - 23:25:25: [basecommands.smx] "Mr. X.<4><[U:1:27106968]><>" console command (cmdline "exec testing")
