L 04/01/2018 - 00:23:14: SourceMod log file session started (file "L20180401.log") (Version "1.8.0.5912")
L 04/01/2018 - 00:23:14: [saysounds.smx] [Say Sounds] Enabled, Hooking Events
L 04/01/2018 - 00:23:14: [saysounds.smx] [Say Sounds] No specific game detected
L 04/01/2018 - 00:24:58: [SM] Changed map to "fun_ricochet_a4"
L 04/01/2018 - 00:24:59: -------- Mapchange to fun_ricochet_a4 --------
L 04/01/2018 - 00:25:00: [autorecorder.smx] Recording to auto-20180401-002500-fun_ricochet_a4.dem
L 04/01/2018 - 00:25:09: [security_entity_limit.smx] [SEL] 196 entities have been protected from deleting.This map contain 1852 free entity slot!
L 04/01/2018 - 00:25:38: [saysounds.smx] [Say Sounds] Disabled, Unhooking Events
L 04/01/2018 - 00:31:30: [saysounds.smx] [Say Sounds] Enabled, Hooking Events
L 04/01/2018 - 00:31:30: [saysounds.smx] [Say Sounds] No specific game detected
L 04/01/2018 - 00:32:36: [SM] Changed map to "emp_beachfront_b2_hce"
L 04/01/2018 - 00:32:36: -------- Mapchange to emp_beachfront_b2_hce --------
L 04/01/2018 - 00:32:38: [autorecorder.smx] Recording to auto-20180401-003238-emp_beachfront_b2_hce.dem
L 04/01/2018 - 00:32:46: [security_entity_limit.smx] [SEL] 165 entities have been protected from deleting.This map contain 1883 free entity slot!
L 04/01/2018 - 00:34:50: [saysounds.smx] [Say Sounds] Disabled, Unhooking Events
L 04/01/2018 - 13:01:39: [saysounds.smx] [Say Sounds] Enabled, Hooking Events
L 04/01/2018 - 13:01:39: [saysounds.smx] [Say Sounds] No specific game detected
L 04/01/2018 - 13:02:14: [SM] Changed map to "con_glycencity"
L 04/01/2018 - 13:02:16: -------- Mapchange to con_glycencity --------
L 04/01/2018 - 13:02:26: [security_entity_limit.smx] [SEL] 639 entities have been protected from deleting.This map contain 1409 free entity slot!
L 04/01/2018 - 13:03:47: [saysounds.smx] [Say Sounds] Disabled, Unhooking Events
L 04/01/2018 - 13:03:47: [autorecorder.smx] Recording to auto-20180401-130347-con_glycencity.dem
L 04/01/2018 - 13:08:03: [saysounds.smx] [Say Sounds] Enabled, Hooking Events
L 04/01/2018 - 13:08:03: [saysounds.smx] [Say Sounds] No specific game detected
L 04/01/2018 - 13:08:42: [SM] Changed map to "emp_crossroads_towerless_hce"
L 04/01/2018 - 13:08:43: -------- Mapchange to emp_crossroads_towerless_hce --------
L 04/01/2018 - 13:08:53: [security_entity_limit.smx] [SEL] 571 entities have been protected from deleting.This map contain 1477 free entity slot!
L 04/01/2018 - 13:10:33: [saysounds.smx] [Say Sounds] Disabled, Unhooking Events
L 04/01/2018 - 13:10:33: [autorecorder.smx] Recording to auto-20180401-131033-emp_crossroads_towerless_hce.dem
L 04/01/2018 - 13:24:21: [saysounds.smx] [Say Sounds] Enabled, Hooking Events
L 04/01/2018 - 13:24:21: [saysounds.smx] [Say Sounds] No specific game detected
L 04/01/2018 - 13:25:03: [SM] Changed map to "emp_downfall_hce"
L 04/01/2018 - 13:25:03: -------- Mapchange to emp_downfall_hce --------
L 04/01/2018 - 13:25:13: [security_entity_limit.smx] [SEL] 160 entities have been protected from deleting.This map contain 1888 free entity slot!
L 04/01/2018 - 13:27:08: [saysounds.smx] [Say Sounds] Disabled, Unhooking Events
L 04/01/2018 - 13:27:11: [autorecorder.smx] Recording to auto-20180401-132711-emp_downfall_hce.dem
L 04/01/2018 - 16:09:00: [saysounds.smx] [Say Sounds] Enabled, Hooking Events
L 04/01/2018 - 16:09:00: [saysounds.smx] [Say Sounds] No specific game detected
L 04/01/2018 - 16:10:06: [SM] Changed map to "con_blast_ob2"
L 04/01/2018 - 16:10:06: -------- Mapchange to con_blast_ob2 --------
L 04/01/2018 - 16:10:16: [security_entity_limit.smx] [SEL] 661 entities have been protected from deleting.This map contain 1387 free entity slot!
L 04/01/2018 - 16:15:29: [saysounds.smx] [Say Sounds] Disabled, Unhooking Events
L 04/01/2018 - 16:15:29: [autorecorder.smx] Recording to auto-20180401-161529-con_blast_ob2.dem
L 04/01/2018 - 16:42:40: [saysounds.smx] [Say Sounds] Enabled, Hooking Events
L 04/01/2018 - 16:42:40: [saysounds.smx] [Say Sounds] No specific game detected
L 04/01/2018 - 16:43:46: [SM] Changed map to "con_district402"
L 04/01/2018 - 16:43:47: -------- Mapchange to con_district402 --------
L 04/01/2018 - 16:43:57: [security_entity_limit.smx] [SEL] 436 entities have been protected from deleting.This map contain 1612 free entity slot!
L 04/01/2018 - 16:45:17: [saysounds.smx] [Say Sounds] Disabled, Unhooking Events
L 04/01/2018 - 16:45:51: [autorecorder.smx] Recording to auto-20180401-164551-con_district402.dem
L 04/01/2018 - 17:09:01: [saysounds.smx] [Say Sounds] Enabled, Hooking Events
L 04/01/2018 - 17:09:01: [saysounds.smx] [Say Sounds] No specific game detected
L 04/01/2018 - 17:10:06: [SM] Changed map to "fun_ricochet_a4"
L 04/01/2018 - 17:10:07: -------- Mapchange to fun_ricochet_a4 --------
L 04/01/2018 - 17:10:17: [security_entity_limit.smx] [SEL] 176 entities have been protected from deleting.This map contain 1872 free entity slot!
L 04/01/2018 - 17:11:42: [saysounds.smx] [Say Sounds] Disabled, Unhooking Events
L 04/01/2018 - 17:11:42: [autorecorder.smx] Recording to auto-20180401-171142-fun_ricochet_a4.dem
L 04/01/2018 - 17:12:16: [saysounds.smx] [Say Sounds] Enabled, Hooking Events
L 04/01/2018 - 17:12:16: [saysounds.smx] [Say Sounds] No specific game detected
L 04/01/2018 - 17:13:21: [SM] Changed map to "con_urbanchaos_comm_b2"
L 04/01/2018 - 17:13:23: -------- Mapchange to con_urbanchaos_comm_b2 --------
L 04/01/2018 - 17:13:33: [security_entity_limit.smx] [SEL] 659 entities have been protected from deleting.This map contain 1389 free entity slot!
L 04/01/2018 - 17:43:06: [saysounds.smx] [Say Sounds] Disabled, Unhooking Events
L 04/01/2018 - 17:43:06: [autorecorder.smx] Recording to auto-20180401-174306-con_urbanchaos_comm_b2.dem
L 04/01/2018 - 17:48:16: [saysounds.smx] [Say Sounds] Enabled, Hooking Events
L 04/01/2018 - 17:48:16: [saysounds.smx] [Say Sounds] No specific game detected
L 04/01/2018 - 17:49:21: [SM] Changed map to "emp_beachfront_b2_hce"
L 04/01/2018 - 17:49:22: -------- Mapchange to emp_beachfront_b2_hce --------
L 04/01/2018 - 17:49:32: [security_entity_limit.smx] [SEL] 163 entities have been protected from deleting.This map contain 1885 free entity slot!
L 04/01/2018 - 18:09:06: [saysounds.smx] [Say Sounds] Disabled, Unhooking Events
L 04/01/2018 - 18:09:06: [autorecorder.smx] Recording to auto-20180401-180906-emp_beachfront_b2_hce.dem
L 04/01/2018 - 18:39:09: [saysounds.smx] [Say Sounds] Enabled, Hooking Events
L 04/01/2018 - 18:39:09: [saysounds.smx] [Say Sounds] No specific game detected
L 04/01/2018 - 18:40:15: [SM] Changed map to "emp_crossroads_towerless_hce"
L 04/01/2018 - 18:40:15: -------- Mapchange to emp_crossroads_towerless_hce --------
L 04/01/2018 - 18:40:21: [autorecorder.smx] Recording to auto-20180401-184021-emp_crossroads_towerless_hce.dem
L 04/01/2018 - 18:40:26: [security_entity_limit.smx] [SEL] 575 entities have been protected from deleting.This map contain 1473 free entity slot!
L 04/01/2018 - 18:42:12: [saysounds.smx] [Say Sounds] Disabled, Unhooking Events
L 04/01/2018 - 19:04:44: [saysounds.smx] [Say Sounds] Enabled, Hooking Events
L 04/01/2018 - 19:04:44: [saysounds.smx] [Say Sounds] No specific game detected
L 04/01/2018 - 19:05:50: [SM] Changed map to "emp_downfall_hce"
L 04/01/2018 - 19:05:50: -------- Mapchange to emp_downfall_hce --------
L 04/01/2018 - 19:06:00: [security_entity_limit.smx] [SEL] 160 entities have been protected from deleting.This map contain 1888 free entity slot!
L 04/01/2018 - 19:06:03: [autorecorder.smx] Recording to auto-20180401-190603-emp_downfall_hce.dem
L 04/01/2018 - 19:08:50: [saysounds.smx] [Say Sounds] Disabled, Unhooking Events
L 04/01/2018 - 19:26:32: [saysounds.smx] [Say Sounds] Enabled, Hooking Events
L 04/01/2018 - 19:26:32: [saysounds.smx] [Say Sounds] No specific game detected
L 04/01/2018 - 19:27:38: [SM] Changed map to "emp_drygulch_a6"
L 04/01/2018 - 19:27:39: -------- Mapchange to emp_drygulch_a6 --------
L 04/01/2018 - 19:27:46: [autorecorder.smx] Recording to auto-20180401-192746-emp_drygulch_a6.dem
L 04/01/2018 - 19:27:49: [security_entity_limit.smx] [SEL] 185 entities have been protected from deleting.This map contain 1863 free entity slot!
L 04/01/2018 - 19:30:41: [saysounds.smx] [Say Sounds] Disabled, Unhooking Events
L 04/01/2018 - 19:37:59: [saysounds.smx] [Say Sounds] Enabled, Hooking Events
L 04/01/2018 - 19:37:59: [saysounds.smx] [Say Sounds] No specific game detected
L 04/01/2018 - 19:38:34: [SM] Changed map to "emp_fogtown_cl2_fix"
L 04/01/2018 - 19:38:35: -------- Mapchange to emp_fogtown_cl2_fix --------
L 04/01/2018 - 19:38:45: [security_entity_limit.smx] [SEL] 951 entities have been protected from deleting.This map contain 1097 free entity slot!
L 04/01/2018 - 19:38:46: [autorecorder.smx] Recording to auto-20180401-193846-emp_fogtown_cl2_fix.dem
L 04/01/2018 - 19:40:24: [saysounds.smx] [Say Sounds] Disabled, Unhooking Events
L 04/01/2018 - 20:03:24: [saysounds.smx] [Say Sounds] Enabled, Hooking Events
L 04/01/2018 - 20:03:24: [saysounds.smx] [Say Sounds] No specific game detected
L 04/01/2018 - 20:04:29: [SM] Changed map to "emp_vehicletraining_2013"
L 04/01/2018 - 20:04:30: -------- Mapchange to emp_vehicletraining_2013 --------
L 04/01/2018 - 20:04:38: [autorecorder.smx] Recording to auto-20180401-200438-emp_vehicletraining_2013.dem
L 04/01/2018 - 20:04:40: [security_entity_limit.smx] [SEL] 344 entities have been protected from deleting.This map contain 1704 free entity slot!
L 04/01/2018 - 20:05:50: [saysounds.smx] [Say Sounds] Disabled, Unhooking Events
L 04/01/2018 - 20:19:34: [saysounds.smx] [Say Sounds] Enabled, Hooking Events
L 04/01/2018 - 20:19:34: [saysounds.smx] [Say Sounds] No specific game detected
L 04/01/2018 - 20:21:19: [SM] Changed map to "emp_beachfront_b2_hce"
L 04/01/2018 - 20:21:19: -------- Mapchange to emp_beachfront_b2_hce --------
L 04/01/2018 - 20:21:22: [autorecorder.smx] Recording to auto-20180401-202122-emp_beachfront_b2_hce.dem
L 04/01/2018 - 20:21:29: [security_entity_limit.smx] [SEL] 171 entities have been protected from deleting.This map contain 1877 free entity slot!
L 04/01/2018 - 20:24:15: [saysounds.smx] [Say Sounds] Disabled, Unhooking Events
L 04/01/2018 - 20:35:52: [saysounds.smx] [Say Sounds] Enabled, Hooking Events
L 04/01/2018 - 20:35:52: [saysounds.smx] [Say Sounds] No specific game detected
L 04/01/2018 - 20:36:58: [SM] Changed map to "fun_ricochet_a4"
L 04/01/2018 - 20:36:58: -------- Mapchange to fun_ricochet_a4 --------
L 04/01/2018 - 20:37:00: [autorecorder.smx] Recording to auto-20180401-203700-fun_ricochet_a4.dem
L 04/01/2018 - 20:37:08: [security_entity_limit.smx] [SEL] 186 entities have been protected from deleting.This map contain 1862 free entity slot!
L 04/01/2018 - 20:37:39: [saysounds.smx] [Say Sounds] Disabled, Unhooking Events
L 04/01/2018 - 20:44:10: [saysounds.smx] [Say Sounds] Enabled, Hooking Events
L 04/01/2018 - 20:44:10: [saysounds.smx] [Say Sounds] No specific game detected
L 04/01/2018 - 20:45:15: [SM] Changed map to "con_district402"
L 04/01/2018 - 20:45:16: -------- Mapchange to con_district402 --------
L 04/01/2018 - 20:45:23: [autorecorder.smx] Recording to auto-20180401-204523-con_district402.dem
L 04/01/2018 - 20:45:26: [security_entity_limit.smx] [SEL] 442 entities have been protected from deleting.This map contain 1606 free entity slot!
L 04/01/2018 - 20:47:20: [saysounds.smx] [Say Sounds] Disabled, Unhooking Events
L 04/01/2018 - 21:00:36: [saysounds.smx] [Say Sounds] Enabled, Hooking Events
L 04/01/2018 - 21:00:36: [saysounds.smx] [Say Sounds] No specific game detected
L 04/01/2018 - 21:01:42: [SM] Changed map to "emp_nuclear_b8u_xfix"
L 04/01/2018 - 21:01:42: -------- Mapchange to emp_nuclear_b8u_xfix --------
L 04/01/2018 - 21:01:50: [autorecorder.smx] Recording to auto-20180401-210150-emp_nuclear_b8u_xfix.dem
L 04/01/2018 - 21:01:53: [security_entity_limit.smx] [SEL] 995 entities have been protected from deleting.This map contain 1053 free entity slot!
L 04/01/2018 - 21:03:00: [saysounds.smx] [Say Sounds] Disabled, Unhooking Events
L 04/01/2018 - 21:20:54: [saysounds.smx] [Say Sounds] Enabled, Hooking Events
L 04/01/2018 - 21:20:54: [saysounds.smx] [Say Sounds] No specific game detected
L 04/01/2018 - 21:22:00: [SM] Changed map to "emp_drygulch_a6"
L 04/01/2018 - 21:22:01: -------- Mapchange to emp_drygulch_a6 --------
L 04/01/2018 - 21:22:11: [security_entity_limit.smx] [SEL] 189 entities have been protected from deleting.This map contain 1859 free entity slot!
L 04/01/2018 - 21:26:31: [saysounds.smx] [Say Sounds] Disabled, Unhooking Events
L 04/01/2018 - 21:26:31: [autorecorder.smx] Recording to auto-20180401-212631-emp_drygulch_a6.dem
