L 02/04/2018 - 17:34:18: SourceMod log file session started (file "L20180204.log") (Version "1.8.0.5912")
L 02/04/2018 - 17:34:18: -------- Mapchange to con_district402 --------
L 02/04/2018 - 17:34:18: [saysounds.smx] [Say Sounds] No specific game detected
L 02/04/2018 - 17:34:18: [security_entity_limit.smx] Security Entity Limit [SEL] Activate!
L 02/04/2018 - 17:34:18: [security_entity_limit.smx] [SEL]Current version: 0.5.4
Plugin made by Benoist3012!
L 02/04/2018 - 17:34:30: [security_entity_limit.smx] [SEL] 434 entities have been protected from deleting.This map contain 1614 free entity slot!
L 02/04/2018 - 18:29:55: [saysounds.smx] [Say Sounds] Disabled, Unhooking Events
L 02/04/2018 - 18:40:43: [basecommands.smx] "Oktay<5><[U:1:116496292]><>" changed map to "con_district402"
L 02/04/2018 - 18:40:46: [SM] Changed map to "con_district402"
L 02/04/2018 - 18:40:49: -------- Mapchange to con_district402 --------
L 02/04/2018 - 18:40:49: [saysounds.smx] [Say Sounds] Enabled, Hooking Events
L 02/04/2018 - 18:40:49: [saysounds.smx] [Say Sounds] No specific game detected
L 02/04/2018 - 18:40:59: [security_entity_limit.smx] [SEL] 438 entities have been protected from deleting.This map contain 1610 free entity slot!
L 02/04/2018 - 18:43:09: [saysounds.smx] [Say Sounds] Disabled, Unhooking Events
L 02/04/2018 - 19:09:47: [saysounds.smx] [Say Sounds] Enabled, Hooking Events
L 02/04/2018 - 19:09:47: [saysounds.smx] [Say Sounds] No specific game detected
L 02/04/2018 - 19:10:53: [SM] Changed map to "emp_crossroads_towerless"
L 02/04/2018 - 19:10:54: -------- Mapchange to emp_crossroads_towerless --------
L 02/04/2018 - 19:11:05: [security_entity_limit.smx] [SEL] 573 entities have been protected from deleting.This map contain 1475 free entity slot!
L 02/04/2018 - 19:13:46: [saysounds.smx] [Say Sounds] Disabled, Unhooking Events
L 02/04/2018 - 20:10:55: [saysounds.smx] [Say Sounds] Enabled, Hooking Events
L 02/04/2018 - 20:10:55: [saysounds.smx] [Say Sounds] No specific game detected
L 02/04/2018 - 20:12:40: [SM] Changed map to "emp_canyon"
L 02/04/2018 - 20:12:40: -------- Mapchange to emp_canyon --------
L 02/04/2018 - 20:12:48: [basecommands.smx] "Mr. X.<10><[U:1:27106968]><>" console command (cmdline "emp_allowspectators 1")
L 02/04/2018 - 20:12:48: [basecommands.smx] "Mr. X.<10><[U:1:27106968]><>" console command (cmdline "emp_allowspectators 0")
L 02/04/2018 - 20:12:50: [security_entity_limit.smx] [SEL] 294 entities have been protected from deleting.This map contain 1754 free entity slot!
L 02/04/2018 - 20:16:22: [saysounds.smx] [Say Sounds] Disabled, Unhooking Events
L 02/04/2018 - 20:28:59: [saysounds.smx] [Say Sounds] Enabled, Hooking Events
L 02/04/2018 - 20:28:59: [saysounds.smx] [Say Sounds] No specific game detected
L 02/04/2018 - 20:30:43: [SM] Changed map to "emp_dune_ob1"
L 02/04/2018 - 20:30:44: -------- Mapchange to emp_dune_ob1 --------
L 02/04/2018 - 20:30:54: [security_entity_limit.smx] [SEL] 241 entities have been protected from deleting.This map contain 1807 free entity slot!
L 02/04/2018 - 20:31:37: [basecommands.smx] "Mr. X.<10><[U:1:27106968]><>" console command (cmdline "emp_allowspectators 1")
L 02/04/2018 - 20:31:37: [basecommands.smx] "Mr. X.<10><[U:1:27106968]><>" console command (cmdline "emp_allowspectators 0")
L 02/04/2018 - 20:55:25: [saysounds.smx] [Say Sounds] Enabled, Hooking Events
L 02/04/2018 - 20:55:25: [saysounds.smx] [Say Sounds] No specific game detected
L 02/04/2018 - 20:57:09: [SM] Changed map to "emp_forest_ob_2013_fix"
L 02/04/2018 - 20:57:10: -------- Mapchange to emp_forest_ob_2013_fix --------
L 02/04/2018 - 20:57:20: [security_entity_limit.smx] [SEL] 284 entities have been protected from deleting.This map contain 1764 free entity slot!
L 02/04/2018 - 21:41:48: [saysounds.smx] [Say Sounds] Enabled, Hooking Events
L 02/04/2018 - 21:41:48: [saysounds.smx] [Say Sounds] No specific game detected
L 02/04/2018 - 21:43:32: [SM] Changed map to "emp_midbridge"
L 02/04/2018 - 21:43:33: -------- Mapchange to emp_midbridge --------
L 02/04/2018 - 21:43:43: [security_entity_limit.smx] [SEL] 625 entities have been protected from deleting.This map contain 1423 free entity slot!
L 02/04/2018 - 22:02:08: [saysounds.smx] [Say Sounds] Enabled, Hooking Events
L 02/04/2018 - 22:02:08: [saysounds.smx] [Say Sounds] No specific game detected
L 02/04/2018 - 22:03:52: [SM] Changed map to "emp_isle"
L 02/04/2018 - 22:03:52: -------- Mapchange to emp_isle --------
L 02/04/2018 - 22:04:03: [security_entity_limit.smx] [SEL] 263 entities have been protected from deleting.This map contain 1785 free entity slot!
L 02/04/2018 - 23:32:14: [saysounds.smx] [Say Sounds] Enabled, Hooking Events
L 02/04/2018 - 23:32:14: [saysounds.smx] [Say Sounds] No specific game detected
L 02/04/2018 - 23:33:58: [SM] Changed map to "emp_glacial_b2"
L 02/04/2018 - 23:33:59: -------- Mapchange to emp_glacial_b2 --------
L 02/04/2018 - 23:34:09: [security_entity_limit.smx] [SEL] 216 entities have been protected from deleting.This map contain 1832 free entity slot!
L 02/04/2018 - 23:35:20: [basecommands.smx] "Mr. X.<10><[U:1:27106968]><>" changed map to "fun_ricochet_a4"
L 02/04/2018 - 23:35:23: [SM] Changed map to "fun_ricochet_a4"
L 02/04/2018 - 23:35:23: -------- Mapchange to fun_ricochet_a4 --------
L 02/04/2018 - 23:35:33: [security_entity_limit.smx] [SEL] 186 entities have been protected from deleting.This map contain 1862 free entity slot!
L 02/04/2018 - 23:36:10: [saysounds.smx] [Say Sounds] Disabled, Unhooking Events
L 02/04/2018 - 23:41:40: [saysounds.smx] [Say Sounds] Enabled, Hooking Events
L 02/04/2018 - 23:41:40: [saysounds.smx] [Say Sounds] No specific game detected
L 02/04/2018 - 23:42:45: [SM] Changed map to "emp_beachfront_b2"
L 02/04/2018 - 23:42:46: -------- Mapchange to emp_beachfront_b2 --------
L 02/04/2018 - 23:42:56: [security_entity_limit.smx] [SEL] 171 entities have been protected from deleting.This map contain 1877 free entity slot!
L 02/04/2018 - 23:45:08: [saysounds.smx] [Say Sounds] Disabled, Unhooking Events
