L 07/13/2018 - 18:35:30: SourceMod log file session started (file "L20180713.log") (Version "1.8.0.5912")
L 07/13/2018 - 18:35:30: -------- Mapchange to con_district402 --------
L 07/13/2018 - 18:35:30: [saysounds.smx] [Say Sounds] No specific game detected
L 07/13/2018 - 18:35:30: [security_entity_limit.smx] Security Entity Limit [SEL] Activate!
L 07/13/2018 - 18:35:30: [security_entity_limit.smx] [SEL]Current version: 0.5.4
Plugin made by Benoist3012!
L 07/13/2018 - 18:35:42: [security_entity_limit.smx] [SEL] 434 entities have been protected from deleting.This map contain 1614 free entity slot!
L 07/13/2018 - 20:10:58: [saysounds.smx] [Say Sounds] Disabled, Unhooking Events
L 07/13/2018 - 20:10:58: [autorecorder.smx] Recording to auto-20180713-201058-con_district402.dem
L 07/13/2018 - 20:44:29: [saysounds.smx] [Say Sounds] Enabled, Hooking Events
L 07/13/2018 - 20:44:29: [saysounds.smx] [Say Sounds] No specific game detected
L 07/13/2018 - 20:45:35: [SM] Changed map to "emp_downfall_hce"
L 07/13/2018 - 20:45:36: -------- Mapchange to emp_downfall_hce --------
L 07/13/2018 - 20:45:42: [autorecorder.smx] Recording to auto-20180713-204542-emp_downfall_hce.dem
L 07/13/2018 - 20:45:46: [security_entity_limit.smx] [SEL] 162 entities have been protected from deleting.This map contain 1886 free entity slot!
L 07/13/2018 - 20:48:52: [saysounds.smx] [Say Sounds] Disabled, Unhooking Events
L 07/13/2018 - 20:49:00: [SM] Changed map to "emp_vehicletraining_2013"
L 07/13/2018 - 20:49:01: -------- Mapchange to emp_vehicletraining_2013 --------
L 07/13/2018 - 20:49:01: [saysounds.smx] [Say Sounds] Enabled, Hooking Events
L 07/13/2018 - 20:49:01: [saysounds.smx] [Say Sounds] No specific game detected
L 07/13/2018 - 20:49:10: [autorecorder.smx] Recording to auto-20180713-204910-emp_vehicletraining_2013.dem
L 07/13/2018 - 20:49:11: [security_entity_limit.smx] [SEL] 344 entities have been protected from deleting.This map contain 1704 free entity slot!
L 07/13/2018 - 20:50:17: [saysounds.smx] [Say Sounds] Disabled, Unhooking Events
L 07/13/2018 - 21:09:06: [saysounds.smx] [Say Sounds] Enabled, Hooking Events
L 07/13/2018 - 21:09:06: [saysounds.smx] [Say Sounds] No specific game detected
L 07/13/2018 - 21:10:50: [SM] Changed map to "emp_havoc_b1_fix"
L 07/13/2018 - 21:10:51: -------- Mapchange to emp_havoc_b1_fix --------
L 07/13/2018 - 21:10:55: [autorecorder.smx] Recording to auto-20180713-211055-emp_havoc_b1_fix.dem
L 07/13/2018 - 21:11:01: [security_entity_limit.smx] [SEL] 709 entities have been protected from deleting.This map contain 1339 free entity slot!
L 07/13/2018 - 21:12:20: [saysounds.smx] [Say Sounds] Disabled, Unhooking Events
L 07/13/2018 - 21:52:33: [saysounds.smx] [Say Sounds] Enabled, Hooking Events
L 07/13/2018 - 21:52:33: [saysounds.smx] [Say Sounds] No specific game detected
L 07/13/2018 - 21:53:39: [SM] Changed map to "emp_drygulch_a7"
L 07/13/2018 - 21:53:39: -------- Mapchange to emp_drygulch_a7 --------
L 07/13/2018 - 21:53:45: [autorecorder.smx] Recording to auto-20180713-215345-emp_drygulch_a7.dem
L 07/13/2018 - 21:53:50: [security_entity_limit.smx] [SEL] 169 entities have been protected from deleting.This map contain 1879 free entity slot!
L 07/13/2018 - 21:58:05: [SM] Changed map to "con_blast_ob2"
L 07/13/2018 - 21:58:05: -------- Mapchange to con_blast_ob2 --------
L 07/13/2018 - 21:58:16: [security_entity_limit.smx] [SEL] 661 entities have been protected from deleting.This map contain 1387 free entity slot!
L 07/13/2018 - 21:58:31: [autorecorder.smx] Recording to auto-20180713-215831-con_blast_ob2.dem
L 07/13/2018 - 21:59:23: [saysounds.smx] [Say Sounds] Disabled, Unhooking Events
L 07/13/2018 - 22:00:22: [SM] Changed map to "con_district402"
L 07/13/2018 - 22:00:22: -------- Mapchange to con_district402 --------
L 07/13/2018 - 22:00:22: [saysounds.smx] [Say Sounds] Enabled, Hooking Events
L 07/13/2018 - 22:00:22: [saysounds.smx] [Say Sounds] No specific game detected
L 07/13/2018 - 22:00:32: [security_entity_limit.smx] [SEL] 438 entities have been protected from deleting.This map contain 1610 free entity slot!
L 07/13/2018 - 22:01:46: [saysounds.smx] [Say Sounds] Disabled, Unhooking Events
L 07/13/2018 - 22:01:46: [autorecorder.smx] Recording to auto-20180713-220146-con_district402.dem
L 07/13/2018 - 22:35:01: [saysounds.smx] [Say Sounds] Enabled, Hooking Events
L 07/13/2018 - 22:35:01: [saysounds.smx] [Say Sounds] No specific game detected
L 07/13/2018 - 22:36:06: [SM] Changed map to "emp_nuclear_b8u_xfix"
L 07/13/2018 - 22:36:06: -------- Mapchange to emp_nuclear_b8u_xfix --------
L 07/13/2018 - 22:36:12: [autorecorder.smx] Recording to auto-20180713-223612-emp_nuclear_b8u_xfix.dem
L 07/13/2018 - 22:36:17: [security_entity_limit.smx] [SEL] 995 entities have been protected from deleting.This map contain 1053 free entity slot!
L 07/13/2018 - 22:37:43: [saysounds.smx] [Say Sounds] Disabled, Unhooking Events
L 07/13/2018 - 23:13:42: [saysounds.smx] [Say Sounds] Enabled, Hooking Events
L 07/13/2018 - 23:13:42: [saysounds.smx] [Say Sounds] No specific game detected
L 07/13/2018 - 23:14:48: [SM] Changed map to "emp_vehicletraining_2013"
L 07/13/2018 - 23:14:49: -------- Mapchange to emp_vehicletraining_2013 --------
L 07/13/2018 - 23:14:52: [autorecorder.smx] Recording to auto-20180713-231452-emp_vehicletraining_2013.dem
L 07/13/2018 - 23:14:59: [security_entity_limit.smx] [SEL] 348 entities have been protected from deleting.This map contain 1700 free entity slot!
L 07/13/2018 - 23:16:12: [saysounds.smx] [Say Sounds] Disabled, Unhooking Events
L 07/13/2018 - 23:35:08: [saysounds.smx] [Say Sounds] Enabled, Hooking Events
L 07/13/2018 - 23:35:08: [saysounds.smx] [Say Sounds] No specific game detected
L 07/13/2018 - 23:35:51: [playercommands.smx] "Spyer<20><[U:1:34143605]><>" slapped "Grave<3><[U:1:34977414]><>" (damage "0")
L 07/13/2018 - 23:35:51: [playercommands.smx] "Spyer<20><[U:1:34143605]><>" slapped "Grave<3><[U:1:34977414]><>" (damage "0")
L 07/13/2018 - 23:35:52: [playercommands.smx] "Spyer<20><[U:1:34143605]><>" slapped "Grave<3><[U:1:34977414]><>" (damage "0")
L 07/13/2018 - 23:35:52: [playercommands.smx] "Spyer<20><[U:1:34143605]><>" slapped "Grave<3><[U:1:34977414]><>" (damage "0")
L 07/13/2018 - 23:35:52: [playercommands.smx] "Spyer<20><[U:1:34143605]><>" slapped "Grave<3><[U:1:34977414]><>" (damage "0")
L 07/13/2018 - 23:35:52: [playercommands.smx] "Spyer<20><[U:1:34143605]><>" slapped "Grave<3><[U:1:34977414]><>" (damage "0")
L 07/13/2018 - 23:35:52: [playercommands.smx] "Spyer<20><[U:1:34143605]><>" slapped "Grave<3><[U:1:34977414]><>" (damage "0")
L 07/13/2018 - 23:35:52: [playercommands.smx] "Spyer<20><[U:1:34143605]><>" slapped "Grave<3><[U:1:34977414]><>" (damage "0")
L 07/13/2018 - 23:35:53: [playercommands.smx] "Spyer<20><[U:1:34143605]><>" slapped "Grave<3><[U:1:34977414]><>" (damage "0")
L 07/13/2018 - 23:35:53: [playercommands.smx] "Spyer<20><[U:1:34143605]><>" slapped "Grave<3><[U:1:34977414]><>" (damage "0")
L 07/13/2018 - 23:36:01: [playercommands.smx] "Spyer<20><[U:1:34143605]><>" slapped "Grave<3><[U:1:34977414]><>" (damage "1")
L 07/13/2018 - 23:36:02: [playercommands.smx] "Spyer<20><[U:1:34143605]><>" slapped "Grave<3><[U:1:34977414]><>" (damage "1")
L 07/13/2018 - 23:36:52: [SM] Changed map to "emp_downfall_hce"
L 07/13/2018 - 23:36:52: -------- Mapchange to emp_downfall_hce --------
L 07/13/2018 - 23:36:54: [autorecorder.smx] Recording to auto-20180713-233654-emp_downfall_hce.dem
L 07/13/2018 - 23:37:02: [security_entity_limit.smx] [SEL] 160 entities have been protected from deleting.This map contain 1888 free entity slot!
L 07/13/2018 - 23:40:09: [saysounds.smx] [Say Sounds] Disabled, Unhooking Events
L 07/13/2018 - 23:41:31: [SM] Changed map to "con_glycencity"
L 07/13/2018 - 23:41:32: -------- Mapchange to con_glycencity --------
L 07/13/2018 - 23:41:33: [saysounds.smx] [Say Sounds] Enabled, Hooking Events
L 07/13/2018 - 23:41:33: [saysounds.smx] [Say Sounds] No specific game detected
L 07/13/2018 - 23:41:43: [security_entity_limit.smx] [SEL] 637 entities have been protected from deleting.This map contain 1411 free entity slot!
L 07/13/2018 - 23:41:47: [autorecorder.smx] Recording to auto-20180713-234147-con_glycencity.dem
L 07/13/2018 - 23:42:54: [saysounds.smx] [Say Sounds] Disabled, Unhooking Events
L 07/13/2018 - 23:53:00: [basecommands.smx] "Mr. X.<31><[U:1:27106968]><>" console command (cmdline "emp_allowspectators 1")
L 07/13/2018 - 23:53:01: [basecommands.smx] "Mr. X.<31><[U:1:27106968]><>" console command (cmdline "emp_allowspectators 0")
