L 08/13/2018 - 00:39:40: SourceMod log file session started (file "L20180813.log") (Version "1.8.0.5912")
L 08/13/2018 - 00:39:40: [saysounds.smx] [Say Sounds] Enabled, Hooking Events
L 08/13/2018 - 00:39:40: [saysounds.smx] [Say Sounds] No specific game detected
L 08/13/2018 - 00:41:25: [SM] Changed map to "emp_blackmountain_fix"
L 08/13/2018 - 00:41:28: -------- Mapchange to emp_blackmountain_fix --------
L 08/13/2018 - 00:41:30: [autorecorder.smx] Recording to auto-20180813-004130-emp_blackmountain_fix.dem
L 08/13/2018 - 00:41:38: [security_entity_limit.smx] [SEL] 200 entities have been protected from deleting.This map contain 1848 free entity slot!
L 08/13/2018 - 00:45:55: [saysounds.smx] [Say Sounds] No specific game detected
L 08/13/2018 - 00:48:49: [basechat.smx] "Mr. X.<217><[U:1:27106968]><>" triggered sm_say (text NF you wanna place this?)
L 08/13/2018 - 00:48:54: [basechat.smx] "Mr. X.<217><[U:1:27106968]><>" triggered sm_say (text or change to a smaller map?)
L 08/13/2018 - 00:49:14: [basechat.smx] "Mr. X.<217><[U:1:27106968]><>" triggered sm_say (text NF?)
L 08/13/2018 - 01:25:57: [saysounds.smx] [Say Sounds] Enabled, Hooking Events
L 08/13/2018 - 01:25:57: [saysounds.smx] [Say Sounds] No specific game detected
L 08/13/2018 - 01:27:42: [SM] Changed map to "emp_coast"
L 08/13/2018 - 01:27:43: -------- Mapchange to emp_coast --------
L 08/13/2018 - 01:27:44: [autorecorder.smx] Recording to auto-20180813-012744-emp_coast.dem
L 08/13/2018 - 01:27:53: [security_entity_limit.smx] [SEL] 460 entities have been protected from deleting.This map contain 1588 free entity slot!
L 08/13/2018 - 01:31:20: [autorecorder.smx] Recording to auto-20180813-013120-emp_coast.dem
L 08/13/2018 - 02:18:03: [saysounds.smx] [Say Sounds] Enabled, Hooking Events
L 08/13/2018 - 02:18:03: [saysounds.smx] [Say Sounds] No specific game detected
L 08/13/2018 - 02:19:08: [SM] Changed map to "emp_canyon"
L 08/13/2018 - 02:19:09: -------- Mapchange to emp_canyon --------
L 08/13/2018 - 02:19:09: [autorecorder.smx] Recording to auto-20180813-021909-emp_canyon.dem
L 08/13/2018 - 02:19:19: [security_entity_limit.smx] [SEL] 288 entities have been protected from deleting.This map contain 1760 free entity slot!
L 08/13/2018 - 03:03:33: [saysounds.smx] [Say Sounds] Enabled, Hooking Events
L 08/13/2018 - 03:03:33: [saysounds.smx] [Say Sounds] No specific game detected
L 08/13/2018 - 03:04:38: [SM] Changed map to "fun_ricochet_a4"
L 08/13/2018 - 03:04:38: -------- Mapchange to fun_ricochet_a4 --------
L 08/13/2018 - 03:04:49: [security_entity_limit.smx] [SEL] 180 entities have been protected from deleting.This map contain 1868 free entity slot!
L 08/13/2018 - 03:05:21: [saysounds.smx] [Say Sounds] Disabled, Unhooking Events
L 08/13/2018 - 03:05:21: [autorecorder.smx] Recording to auto-20180813-030521-fun_ricochet_a4.dem
L 08/13/2018 - 03:05:51: [saysounds.smx] [Say Sounds] Enabled, Hooking Events
L 08/13/2018 - 03:05:51: [saysounds.smx] [Say Sounds] No specific game detected
L 08/13/2018 - 03:06:57: [SM] Changed map to "con_urbanchaos_fix"
L 08/13/2018 - 03:06:58: -------- Mapchange to con_urbanchaos_fix --------
L 08/13/2018 - 03:07:09: [security_entity_limit.smx] [SEL] 660 entities have been protected from deleting.This map contain 1388 free entity slot!
L 08/13/2018 - 16:46:11: SourceMod log file session started (file "L20180813.log") (Version "1.8.0.5912")
L 08/13/2018 - 16:46:11: -------- Mapchange to con_district402 --------
L 08/13/2018 - 16:46:11: [saysounds.smx] [Say Sounds] No specific game detected
L 08/13/2018 - 16:46:11: [security_entity_limit.smx] Security Entity Limit [SEL] Activate!
L 08/13/2018 - 16:46:11: [security_entity_limit.smx] [SEL]Current version: 0.5.4
Plugin made by Benoist3012!
L 08/13/2018 - 16:46:24: [security_entity_limit.smx] [SEL] 434 entities have been protected from deleting.This map contain 1614 free entity slot!
L 08/13/2018 - 21:33:24: [SM] Changed map to "emp_beachfront_b2_hce"
L 08/13/2018 - 21:33:24: -------- Mapchange to emp_beachfront_b2_hce --------
L 08/13/2018 - 21:33:35: [security_entity_limit.smx] [SEL] 161 entities have been protected from deleting.This map contain 1887 free entity slot!
L 08/13/2018 - 21:35:15: [saysounds.smx] [Say Sounds] Disabled, Unhooking Events
L 08/13/2018 - 21:35:15: [autorecorder.smx] Recording to auto-20180813-213515-emp_beachfront_b2_hce.dem
L 08/13/2018 - 21:36:02: [saysounds.smx] [Say Sounds] Enabled, Hooking Events
L 08/13/2018 - 21:36:02: [saysounds.smx] [Say Sounds] No specific game detected
L 08/13/2018 - 21:36:40: [SM] Changed map to "emp_crossroads_towerless_hce"
L 08/13/2018 - 21:36:41: -------- Mapchange to emp_crossroads_towerless_hce --------
L 08/13/2018 - 21:36:52: [security_entity_limit.smx] [SEL] 571 entities have been protected from deleting.This map contain 1477 free entity slot!
L 08/13/2018 - 21:38:27: [saysounds.smx] [Say Sounds] Disabled, Unhooking Events
L 08/13/2018 - 21:38:27: [autorecorder.smx] Recording to auto-20180813-213827-emp_crossroads_towerless_hce.dem
L 08/13/2018 - 21:39:45: [saysounds.smx] [Say Sounds] Enabled, Hooking Events
L 08/13/2018 - 21:39:45: [saysounds.smx] [Say Sounds] No specific game detected
L 08/13/2018 - 21:40:20: [SM] Changed map to "fun_ricochet_a4"
L 08/13/2018 - 21:40:20: -------- Mapchange to fun_ricochet_a4 --------
L 08/13/2018 - 21:40:30: [security_entity_limit.smx] [SEL] 174 entities have been protected from deleting.This map contain 1874 free entity slot!
