L 07/16/2018 - 00:21:41: SourceMod log file session started (file "L20180716.log") (Version "1.8.0.5912")
L 07/16/2018 - 00:21:41: [saysounds.smx] [Say Sounds] Enabled, Hooking Events
L 07/16/2018 - 00:21:41: [saysounds.smx] [Say Sounds] No specific game detected
L 07/16/2018 - 00:23:26: [SM] Changed map to "emp_coast"
L 07/16/2018 - 00:23:26: -------- Mapchange to emp_coast --------
L 07/16/2018 - 00:23:28: [autorecorder.smx] Recording to auto-20180716-002328-emp_coast.dem
L 07/16/2018 - 00:23:37: [security_entity_limit.smx] [SEL] 468 entities have been protected from deleting.This map contain 1580 free entity slot!
L 07/16/2018 - 00:55:10: [saysounds.smx] [Say Sounds] Enabled, Hooking Events
L 07/16/2018 - 00:55:10: [saysounds.smx] [Say Sounds] No specific game detected
L 07/16/2018 - 00:56:15: [SM] Changed map to "emp_crossroads_towerless_hce"
L 07/16/2018 - 00:56:16: -------- Mapchange to emp_crossroads_towerless_hce --------
L 07/16/2018 - 00:56:17: [autorecorder.smx] Recording to auto-20180716-005617-emp_crossroads_towerless_hce.dem
L 07/16/2018 - 00:56:26: [security_entity_limit.smx] [SEL] 596 entities have been protected from deleting.This map contain 1452 free entity slot!
L 07/16/2018 - 01:19:17: [saysounds.smx] [Say Sounds] Enabled, Hooking Events
L 07/16/2018 - 01:19:17: [saysounds.smx] [Say Sounds] No specific game detected
L 07/16/2018 - 01:20:48: [SM] Changed map to "emp_beachfront_b2_hce"
L 07/16/2018 - 01:20:48: -------- Mapchange to emp_beachfront_b2_hce --------
L 07/16/2018 - 01:20:49: [autorecorder.smx] Recording to auto-20180716-012049-emp_beachfront_b2_hce.dem
L 07/16/2018 - 01:20:58: [security_entity_limit.smx] [SEL] 164 entities have been protected from deleting.This map contain 1884 free entity slot!
L 07/16/2018 - 01:36:54: [saysounds.smx] [Say Sounds] Disabled, Unhooking Events
L 07/16/2018 - 01:46:17: [saysounds.smx] [Say Sounds] Enabled, Hooking Events
L 07/16/2018 - 01:46:17: [saysounds.smx] [Say Sounds] No specific game detected
L 07/16/2018 - 01:47:23: [SM] Changed map to "emp_downfall_hce"
L 07/16/2018 - 01:47:23: -------- Mapchange to emp_downfall_hce --------
L 07/16/2018 - 01:47:24: [autorecorder.smx] Recording to auto-20180716-014724-emp_downfall_hce.dem
L 07/16/2018 - 01:47:33: [security_entity_limit.smx] [SEL] 161 entities have been protected from deleting.This map contain 1887 free entity slot!
