L 04/02/2018 - 11:41:26: [umc-emp-mapvote.smx] Map vote will appear in 30 seconds.
L 04/02/2018 - 11:41:56: [umc-emp-mapvote.smx] Starting a map vote.
L 04/02/2018 - 11:41:56: [umc-core.smx] VOTE MENU: (Verbose) Fetching 6 maps from group 'Commander Maps'
L 04/02/2018 - 11:41:56: [umc-core.smx] VOTE MENU: (Verbose) Finished parsing nominations for map group 'Commander Maps'
L 04/02/2018 - 11:41:56: [umc-core.smx] VOTE MENU: (Verbose) Still need to fetch 6 maps from the group.
L 04/02/2018 - 11:41:56: [umc-core.smx] VOTE MENU: (Verbose) Selected map 'emp_crossroads_towerless_hce' from group 'Commander Maps' was added to the vote.
L 04/02/2018 - 11:41:56: [umc-core.smx] VOTE MENU: (Verbose) Selected map 'emp_downfall_hce' from group 'Commander Maps' was added to the vote.
L 04/02/2018 - 11:41:56: [umc-core.smx] VOTE MENU: (Verbose) No more maps in map group 'Commander Maps'
L 04/02/2018 - 11:41:56: [umc-core.smx] VOTE MENU: (Verbose) Fetching 1 maps from group 'Infantry Maps'
L 04/02/2018 - 11:41:56: [umc-core.smx] VOTE MENU: (Verbose) Finished parsing nominations for map group 'Infantry Maps'
L 04/02/2018 - 11:41:56: [umc-core.smx] VOTE MENU: (Verbose) Still need to fetch 1 maps from the group.
L 04/02/2018 - 11:41:56: [umc-core.smx] VOTE MENU: (Verbose) Selected map 'emp_fogtown_cl2_fix' from group 'Infantry Maps' was added to the vote.
L 04/02/2018 - 11:41:56: [umc-core.smx] VOTE MENU: (Verbose) Fetching 1 maps from group 'Cooldown Maps'
L 04/02/2018 - 11:41:56: [umc-core.smx] VOTE MENU: (Verbose) Finished parsing nominations for map group 'Cooldown Maps'
L 04/02/2018 - 11:41:56: [umc-core.smx] VOTE MENU: (Verbose) Still need to fetch 1 maps from the group.
L 04/02/2018 - 11:41:56: [umc-core.smx] VOTE MENU: (Verbose) No more maps in map group 'Cooldown Maps'
L 04/02/2018 - 11:41:56: [umc-core.smx] Initiating Vote Type: Map
L 04/02/2018 - 11:41:56: [umc-core.smx] Adding Clients to Vote:
L 04/02/2018 - 11:41:56: [umc-core.smx] 0: rauer (2)
L 04/02/2018 - 11:41:56: [umc-core.smx] VOTE MENU:
L 04/02/2018 - 11:41:56: [umc-core.smx] 2: con_fogtown (0)
L 04/02/2018 - 11:41:56: [umc-core.smx] 3: emp_downfall (1)
L 04/02/2018 - 11:41:56: [umc-core.smx] 4: emp_crossroads (2)
L 04/02/2018 - 11:42:26: [umc-emp-mapvote.smx] WARNING: Map Voting failure. Initiating random map fail-safe.
L 04/02/2018 - 11:42:26: [umc-core.smx] Setting nextmap to: emp_downfall_hce
L 04/02/2018 - 11:42:26: [umc-randomcycle.smx] Disabling random nextmap selection.
L 04/02/2018 - 11:42:26: [umc-core.smx] umc-emp-mapvote.smx: Changing map to 'emp_downfall_hce' in 5 seconds.
L 04/02/2018 - 11:42:26: [umc-core.smx] Vote has concluded.
L 04/02/2018 - 11:42:32: [umc-core.smx] ---------------------MAP CHANGE: emp_downfall_hce---------------------
L 04/02/2018 - 11:42:32: [umc-endvote-warnings.smx] Successfully parsed and set up 11 vote warnings.
L 04/02/2018 - 11:42:32: [umc-rockthevote.smx] RTV will be made available in 60 seconds.
L 04/02/2018 - 11:43:33: [umc-rockthevote.smx] RTV is now available.
L 04/02/2018 - 11:49:32: [umc-emp-mapvote.smx] Map vote will appear in 30 seconds.
L 04/02/2018 - 11:50:02: [umc-emp-mapvote.smx] Starting a map vote.
L 04/02/2018 - 11:50:02: [umc-core.smx] VOTE MENU: (Verbose) Fetching 6 maps from group 'Commander Maps'
L 04/02/2018 - 11:50:02: [umc-core.smx] VOTE MENU: (Verbose) Finished parsing nominations for map group 'Commander Maps'
L 04/02/2018 - 11:50:02: [umc-core.smx] VOTE MENU: (Verbose) Still need to fetch 6 maps from the group.
L 04/02/2018 - 11:50:02: [umc-core.smx] VOTE MENU: (Verbose) Selected map 'emp_crossroads_towerless_hce' from group 'Commander Maps' was added to the vote.
L 04/02/2018 - 11:50:02: [umc-core.smx] VOTE MENU: (Verbose) No more maps in map group 'Commander Maps'
L 04/02/2018 - 11:50:02: [umc-core.smx] VOTE MENU: (Verbose) Fetching 1 maps from group 'Infantry Maps'
L 04/02/2018 - 11:50:02: [umc-core.smx] VOTE MENU: (Verbose) Finished parsing nominations for map group 'Infantry Maps'
L 04/02/2018 - 11:50:02: [umc-core.smx] VOTE MENU: (Verbose) Still need to fetch 1 maps from the group.
L 04/02/2018 - 11:50:02: [umc-core.smx] VOTE MENU: (Verbose) Selected map 'con_glycencity' from group 'Infantry Maps' was added to the vote.
L 04/02/2018 - 11:50:02: [umc-core.smx] VOTE MENU: (Verbose) Fetching 1 maps from group 'Cooldown Maps'
L 04/02/2018 - 11:50:02: [umc-core.smx] VOTE MENU: (Verbose) Finished parsing nominations for map group 'Cooldown Maps'
L 04/02/2018 - 11:50:02: [umc-core.smx] VOTE MENU: (Verbose) Still need to fetch 1 maps from the group.
L 04/02/2018 - 11:50:02: [umc-core.smx] VOTE MENU: (Verbose) No more maps in map group 'Cooldown Maps'
L 04/02/2018 - 11:50:02: [umc-core.smx] Initiating Vote Type: Map
L 04/02/2018 - 11:50:02: [umc-core.smx] Adding Clients to Vote:
L 04/02/2018 - 11:50:02: [umc-core.smx] 0: rauer (2)
L 04/02/2018 - 11:50:02: [umc-core.smx] VOTE MENU:
L 04/02/2018 - 11:50:02: [umc-core.smx] 2: con_glycencity (0)
L 04/02/2018 - 11:50:02: [umc-core.smx] 3: emp_crossroads (1)
L 04/02/2018 - 11:50:09: [umc-core.smx] rauer<75><[U:1:2546402]><> selected menu item 2
L 04/02/2018 - 11:50:09: [umc-core.smx] Setting nextmap to: emp_crossroads_towerless_hce
L 04/02/2018 - 11:50:09: [umc-randomcycle.smx] Disabling random nextmap selection.
L 04/02/2018 - 11:50:09: [umc-core.smx] umc-emp-mapvote.smx: Changing map to 'emp_crossroads_towerless_hce' in 5 seconds.
L 04/02/2018 - 11:50:09: [umc-core.smx] MAPVOTE: Players voted for map 'emp_crossroads_towerless_hce' from group 'Commander Maps'
L 04/02/2018 - 11:50:09: [umc-core.smx] Vote has concluded.
L 04/02/2018 - 11:50:15: [umc-core.smx] ---------------------MAP CHANGE: emp_crossroads_towerless_hce---------------------
L 04/02/2018 - 11:50:15: [umc-endvote-warnings.smx] Successfully parsed and set up 11 vote warnings.
L 04/02/2018 - 11:50:15: [umc-rockthevote.smx] RTV will be made available in 60 seconds.
L 04/02/2018 - 11:51:16: [umc-rockthevote.smx] RTV is now available.
L 04/02/2018 - 11:53:07: [umc-emp-mapvote.smx] Map vote will appear in 30 seconds.
L 04/02/2018 - 11:53:37: [umc-emp-mapvote.smx] Starting a map vote.
L 04/02/2018 - 11:53:37: [umc-core.smx] VOTE MENU: (Verbose) Fetching 6 maps from group 'Commander Maps'
L 04/02/2018 - 11:53:37: [umc-core.smx] VOTE MENU: (Verbose) Finished parsing nominations for map group 'Commander Maps'
L 04/02/2018 - 11:53:37: [umc-core.smx] VOTE MENU: (Verbose) Still need to fetch 6 maps from the group.
L 04/02/2018 - 11:53:37: [umc-core.smx] VOTE MENU: (Verbose) Selected map 'emp_beachfront_b2_hce' from group 'Commander Maps' was added to the vote.
L 04/02/2018 - 11:53:37: [umc-core.smx] VOTE MENU: (Verbose) No more maps in map group 'Commander Maps'
L 04/02/2018 - 11:53:37: [umc-core.smx] VOTE MENU: (Verbose) Fetching 1 maps from group 'Infantry Maps'
L 04/02/2018 - 11:53:37: [umc-core.smx] VOTE MENU: (Verbose) Finished parsing nominations for map group 'Infantry Maps'
L 04/02/2018 - 11:53:37: [umc-core.smx] VOTE MENU: (Verbose) Still need to fetch 1 maps from the group.
L 04/02/2018 - 11:53:37: [umc-core.smx] VOTE MENU: (Verbose) Selected map 'con_blast_ob2' from group 'Infantry Maps' was added to the vote.
L 04/02/2018 - 11:53:37: [umc-core.smx] VOTE MENU: (Verbose) Fetching 1 maps from group 'Cooldown Maps'
L 04/02/2018 - 11:53:37: [umc-core.smx] VOTE MENU: (Verbose) Finished parsing nominations for map group 'Cooldown Maps'
L 04/02/2018 - 11:53:37: [umc-core.smx] VOTE MENU: (Verbose) Still need to fetch 1 maps from the group.
L 04/02/2018 - 11:53:37: [umc-core.smx] VOTE MENU: (Verbose) No more maps in map group 'Cooldown Maps'
L 04/02/2018 - 11:53:37: [umc-core.smx] Initiating Vote Type: Map
L 04/02/2018 - 11:53:37: [umc-core.smx] Adding Clients to Vote:
L 04/02/2018 - 11:53:37: [umc-core.smx] 0: rauer (2)
L 04/02/2018 - 11:53:37: [umc-core.smx] VOTE MENU:
L 04/02/2018 - 11:53:37: [umc-core.smx] 2: con_blast (0)
L 04/02/2018 - 11:53:37: [umc-core.smx] 3: emp_beachfront (1)
L 04/02/2018 - 11:53:41: [umc-core.smx] rauer<75><[U:1:2546402]><> selected menu item 2
L 04/02/2018 - 11:53:41: [umc-core.smx] Setting nextmap to: emp_beachfront_b2_hce
L 04/02/2018 - 11:53:41: [umc-randomcycle.smx] Disabling random nextmap selection.
L 04/02/2018 - 11:53:41: [umc-core.smx] umc-emp-mapvote.smx: Changing map to 'emp_beachfront_b2_hce' in 5 seconds.
L 04/02/2018 - 11:53:41: [umc-core.smx] MAPVOTE: Players voted for map 'emp_beachfront_b2_hce' from group 'Commander Maps'
L 04/02/2018 - 11:53:41: [umc-core.smx] Vote has concluded.
L 04/02/2018 - 11:53:46: [umc-core.smx] ---------------------MAP CHANGE: emp_beachfront_b2_hce---------------------
L 04/02/2018 - 11:53:46: [umc-endvote-warnings.smx] Successfully parsed and set up 11 vote warnings.
L 04/02/2018 - 11:53:46: [umc-rockthevote.smx] RTV will be made available in 60 seconds.
L 04/02/2018 - 11:54:47: [umc-rockthevote.smx] RTV is now available.
L 04/02/2018 - 12:23:10: [umc-emp-mapvote.smx] Map vote will appear in 30 seconds.
L 04/02/2018 - 12:23:40: [umc-emp-mapvote.smx] Starting a map vote.
L 04/02/2018 - 12:23:40: [umc-core.smx] VOTE MENU: (Verbose) Fetching 6 maps from group 'Commander Maps'
L 04/02/2018 - 12:23:40: [umc-core.smx] VOTE MENU: (Verbose) Finished parsing nominations for map group 'Commander Maps'
L 04/02/2018 - 12:23:40: [umc-core.smx] VOTE MENU: (Verbose) Still need to fetch 6 maps from the group.
L 04/02/2018 - 12:23:40: [umc-core.smx] VOTE MENU: (Verbose) No more maps in map group 'Commander Maps'
L 04/02/2018 - 12:23:40: [umc-core.smx] VOTE MENU: (Verbose) Fetching 1 maps from group 'Infantry Maps'
L 04/02/2018 - 12:23:40: [umc-core.smx] VOTE MENU: (Verbose) Finished parsing nominations for map group 'Infantry Maps'
L 04/02/2018 - 12:23:40: [umc-core.smx] VOTE MENU: (Verbose) Still need to fetch 1 maps from the group.
L 04/02/2018 - 12:23:40: [umc-core.smx] VOTE MENU: (Verbose) Selected map 'emp_fogtown_cl2_fix' from group 'Infantry Maps' was added to the vote.
L 04/02/2018 - 12:23:40: [umc-core.smx] VOTE MENU: (Verbose) Fetching 1 maps from group 'Cooldown Maps'
L 04/02/2018 - 12:23:40: [umc-core.smx] VOTE MENU: (Verbose) Finished parsing nominations for map group 'Cooldown Maps'
L 04/02/2018 - 12:23:40: [umc-core.smx] VOTE MENU: (Verbose) Still need to fetch 1 maps from the group.
L 04/02/2018 - 12:23:40: [umc-core.smx] VOTE MENU: (Verbose) Selected map 'fun_ricochet_a4' from group 'Cooldown Maps' was added to the vote.
L 04/02/2018 - 12:23:40: [umc-core.smx] Initiating Vote Type: Map
L 04/02/2018 - 12:23:40: [umc-core.smx] Adding Clients to Vote:
L 04/02/2018 - 12:23:40: [umc-core.smx] 0: rauer (2)
L 04/02/2018 - 12:23:40: [umc-core.smx] VOTE MENU:
L 04/02/2018 - 12:23:40: [umc-core.smx] 2: fun_ricochet_a4 (0)
L 04/02/2018 - 12:23:40: [umc-core.smx] 3: con_fogtown (1)
L 04/02/2018 - 12:23:47: [umc-core.smx] rauer<75><[U:1:2546402]><> selected menu item 2
L 04/02/2018 - 12:23:47: [umc-core.smx] Setting nextmap to: emp_fogtown_cl2_fix
L 04/02/2018 - 12:23:47: [umc-randomcycle.smx] Disabling random nextmap selection.
L 04/02/2018 - 12:23:47: [umc-core.smx] umc-emp-mapvote.smx: Changing map to 'emp_fogtown_cl2_fix' in 5 seconds.
L 04/02/2018 - 12:23:47: [umc-core.smx] MAPVOTE: Players voted for map 'emp_fogtown_cl2_fix' from group 'Infantry Maps'
L 04/02/2018 - 12:23:47: [umc-core.smx] Vote has concluded.
L 04/02/2018 - 12:23:54: [umc-core.smx] ---------------------MAP CHANGE: emp_fogtown_cl2_fix---------------------
L 04/02/2018 - 12:23:54: [umc-endvote-warnings.smx] Successfully parsed and set up 11 vote warnings.
L 04/02/2018 - 12:23:54: [umc-rockthevote.smx] RTV will be made available in 60 seconds.
L 04/02/2018 - 12:24:47: [umc-nominate.smx] rauer wants to nominate a map.
L 04/02/2018 - 12:24:55: [umc-rockthevote.smx] RTV is now available.
L 04/02/2018 - 12:25:09: [umc-nominate.smx] rauer wants to nominate a map.
L 04/02/2018 - 12:25:31: [umc-nominate.smx] rauer has nominated 'emp_havoc_b1_fix' from group 'Infantry Maps'
L 04/02/2018 - 12:25:38: [umc-rockthevote.smx] Starting RTV.
L 04/02/2018 - 12:25:38: [umc-core.smx] VOTE MENU: (Verbose) Fetching 6 maps from group 'Commander Maps'
L 04/02/2018 - 12:25:38: [umc-core.smx] VOTE MENU: (Verbose) Finished parsing nominations for map group 'Commander Maps'
L 04/02/2018 - 12:25:38: [umc-core.smx] VOTE MENU: (Verbose) Still need to fetch 6 maps from the group.
L 04/02/2018 - 12:25:38: [umc-core.smx] VOTE MENU: (Verbose) No more maps in map group 'Commander Maps'
L 04/02/2018 - 12:25:38: [umc-core.smx] VOTE MENU: (Verbose) Fetching 1 maps from group 'Infantry Maps'
L 04/02/2018 - 12:25:38: [umc-core.smx] VOTE MENU: (Verbose) Nominated map 'emp_havoc_b1_fix' from group 'Infantry Maps' was added to the vote.
L 04/02/2018 - 12:25:38: [umc-core.smx] VOTE MENU: (Verbose) Finished parsing nominations for map group 'Infantry Maps'
L 04/02/2018 - 12:25:38: [umc-core.smx] VOTE MENU: (Verbose) Fetching 1 maps from group 'Cooldown Maps'
L 04/02/2018 - 12:25:38: [umc-core.smx] VOTE MENU: (Verbose) Finished parsing nominations for map group 'Cooldown Maps'
L 04/02/2018 - 12:25:38: [umc-core.smx] VOTE MENU: (Verbose) Still need to fetch 1 maps from the group.
L 04/02/2018 - 12:25:38: [umc-core.smx] VOTE MENU: (Verbose) Selected map 'fun_ricochet_a4' from group 'Cooldown Maps' was added to the vote.
L 04/02/2018 - 12:25:38: [umc-core.smx] Initiating Vote Type: Map
L 04/02/2018 - 12:25:38: [umc-core.smx] Adding Clients to Vote:
L 04/02/2018 - 12:25:38: [umc-core.smx] 0: rauer (2)
L 04/02/2018 - 12:25:38: [umc-core.smx] VOTE MENU:
L 04/02/2018 - 12:25:38: [umc-core.smx] 2: con_havoc (0)
L 04/02/2018 - 12:25:38: [umc-core.smx] 3: fun_ricochet_a4 (1)
L 04/02/2018 - 12:25:40: [umc-core.smx] rauer<75><[U:1:2546402]><> selected menu item 1
L 04/02/2018 - 12:25:40: [umc-core.smx] Setting nextmap to: emp_havoc_b1_fix
L 04/02/2018 - 12:25:40: [umc-randomcycle.smx] Disabling random nextmap selection.
L 04/02/2018 - 12:25:40: [umc-core.smx] umc-rockthevote.smx: Changing map to 'emp_havoc_b1_fix' in 5 seconds.
L 04/02/2018 - 12:25:40: [umc-core.smx] MAPVOTE: Players voted for map 'emp_havoc_b1_fix' from group 'Infantry Maps'
L 04/02/2018 - 12:25:40: [umc-core.smx] Vote has concluded.
L 04/02/2018 - 12:25:46: [umc-core.smx] ---------------------MAP CHANGE: emp_havoc_b1_fix---------------------
L 04/02/2018 - 12:25:46: [umc-endvote-warnings.smx] Successfully parsed and set up 11 vote warnings.
L 04/02/2018 - 12:25:46: [umc-rockthevote.smx] RTV will be made available in 60 seconds.
L 04/02/2018 - 12:26:18: [umc-nominate.smx] rauer wants to nominate a map.
L 04/02/2018 - 12:26:33: [umc-nominate.smx] rauer has nominated 'con_urbanchaos_comm_b2' from group 'Infantry Maps'
L 04/02/2018 - 12:26:47: [umc-rockthevote.smx] RTV is now available.
L 04/02/2018 - 13:38:30: [umc-nominate.smx] rauer wants to nominate a map.
L 04/02/2018 - 13:38:42: [umc-nominate.smx] rauer has nominated 'con_blast_ob2' from group 'Infantry Maps'
L 04/02/2018 - 13:41:38: [umc-emp-mapvote.smx] Map vote will appear in 30 seconds.
L 04/02/2018 - 13:42:08: [umc-emp-mapvote.smx] Starting a map vote.
L 04/02/2018 - 13:42:08: [umc-core.smx] VOTE MENU: (Verbose) Fetching 6 maps from group 'Commander Maps'
L 04/02/2018 - 13:42:08: [umc-core.smx] VOTE MENU: (Verbose) Finished parsing nominations for map group 'Commander Maps'
L 04/02/2018 - 13:42:08: [umc-core.smx] VOTE MENU: (Verbose) Still need to fetch 6 maps from the group.
L 04/02/2018 - 13:42:08: [umc-core.smx] VOTE MENU: (Verbose) No more maps in map group 'Commander Maps'
L 04/02/2018 - 13:42:08: [umc-core.smx] VOTE MENU: (Verbose) Fetching 1 maps from group 'Infantry Maps'
L 04/02/2018 - 13:42:08: [umc-core.smx] VOTE MENU: (Verbose) Nominated map 'con_blast_ob2' from group 'Infantry Maps' was added to the vote.
L 04/02/2018 - 13:42:08: [umc-core.smx] VOTE MENU: (Verbose) Finished parsing nominations for map group 'Infantry Maps'
L 04/02/2018 - 13:42:08: [umc-core.smx] VOTE MENU: (Verbose) Fetching 1 maps from group 'Cooldown Maps'
L 04/02/2018 - 13:42:08: [umc-core.smx] VOTE MENU: (Verbose) Finished parsing nominations for map group 'Cooldown Maps'
L 04/02/2018 - 13:42:08: [umc-core.smx] VOTE MENU: (Verbose) Still need to fetch 1 maps from the group.
L 04/02/2018 - 13:42:08: [umc-core.smx] VOTE MENU: (Verbose) Selected map 'fun_ricochet_a4' from group 'Cooldown Maps' was added to the vote.
L 04/02/2018 - 13:42:08: [umc-core.smx] Initiating Vote Type: Map
L 04/02/2018 - 13:42:08: [umc-core.smx] Adding Clients to Vote:
L 04/02/2018 - 13:42:08: [umc-core.smx] 0: rauer (2)
L 04/02/2018 - 13:42:08: [umc-core.smx] VOTE MENU:
L 04/02/2018 - 13:42:08: [umc-core.smx] 2: fun_ricochet_a4 (0)
L 04/02/2018 - 13:42:08: [umc-core.smx] 3: con_blast (1)
L 04/02/2018 - 13:42:08: [umc-emp-mapvote.smx] WARNING: Map Voting failure. Initiating random map fail-safe.
L 04/02/2018 - 13:42:08: [umc-core.smx] Setting nextmap to: con_blast_ob2
L 04/02/2018 - 13:42:08: [umc-randomcycle.smx] Disabling random nextmap selection.
L 04/02/2018 - 13:42:08: [umc-core.smx] umc-emp-mapvote.smx: Changing map to 'con_blast_ob2' in 5 seconds.
L 04/02/2018 - 13:42:08: [umc-core.smx] Vote has concluded.
L 04/02/2018 - 13:42:14: [umc-core.smx] ---------------------MAP CHANGE: con_blast_ob2---------------------
L 04/02/2018 - 13:42:14: [umc-endvote-warnings.smx] Successfully parsed and set up 11 vote warnings.
L 04/02/2018 - 13:42:14: [umc-rockthevote.smx] RTV will be made available in 60 seconds.
L 04/02/2018 - 13:43:15: [umc-rockthevote.smx] RTV is now available.
L 04/02/2018 - 13:44:04: [umc-nominate.smx] rauer wants to nominate a map.
L 04/02/2018 - 13:44:26: [umc-nominate.smx] rauer has nominated 'emp_downfall_hce' from group 'Commander Maps'
L 04/02/2018 - 13:44:30: [umc-rockthevote.smx] Starting RTV.
L 04/02/2018 - 13:44:30: [umc-core.smx] VOTE MENU: (Verbose) Fetching 6 maps from group 'Commander Maps'
L 04/02/2018 - 13:44:30: [umc-core.smx] VOTE MENU: (Verbose) Nominated map 'emp_downfall_hce' from group 'Commander Maps' was added to the vote.
L 04/02/2018 - 13:44:30: [umc-core.smx] VOTE MENU: (Verbose) Finished parsing nominations for map group 'Commander Maps'
L 04/02/2018 - 13:44:30: [umc-core.smx] VOTE MENU: (Verbose) Still need to fetch 5 maps from the group.
L 04/02/2018 - 13:44:30: [umc-core.smx] VOTE MENU: (Verbose) Selected map 'emp_crossroads_towerless_hce' from group 'Commander Maps' was added to the vote.
L 04/02/2018 - 13:44:30: [umc-core.smx] VOTE MENU: (Verbose) Selected map 'emp_drygulch_a6' from group 'Commander Maps' was added to the vote.
L 04/02/2018 - 13:44:30: [umc-core.smx] VOTE MENU: (Verbose) No more maps in map group 'Commander Maps'
L 04/02/2018 - 13:44:30: [umc-core.smx] VOTE MENU: (Verbose) Fetching 1 maps from group 'Infantry Maps'
L 04/02/2018 - 13:44:30: [umc-core.smx] VOTE MENU: (Verbose) Finished parsing nominations for map group 'Infantry Maps'
L 04/02/2018 - 13:44:30: [umc-core.smx] VOTE MENU: (Verbose) Still need to fetch 1 maps from the group.
L 04/02/2018 - 13:44:30: [umc-core.smx] VOTE MENU: (Verbose) Selected map 'con_urbanchaos_comm_b2' from group 'Infantry Maps' was added to the vote.
L 04/02/2018 - 13:44:30: [umc-core.smx] VOTE MENU: (Verbose) Fetching 1 maps from group 'Cooldown Maps'
L 04/02/2018 - 13:44:30: [umc-core.smx] VOTE MENU: (Verbose) Finished parsing nominations for map group 'Cooldown Maps'
L 04/02/2018 - 13:44:30: [umc-core.smx] VOTE MENU: (Verbose) Still need to fetch 1 maps from the group.
L 04/02/2018 - 13:44:30: [umc-core.smx] VOTE MENU: (Verbose) Selected map 'fun_ricochet_a4' from group 'Cooldown Maps' was added to the vote.
L 04/02/2018 - 13:44:30: [umc-core.smx] Initiating Vote Type: Map
L 04/02/2018 - 13:44:30: [umc-core.smx] Adding Clients to Vote:
L 04/02/2018 - 13:44:30: [umc-core.smx] 0: rauer (2)
L 04/02/2018 - 13:44:30: [umc-core.smx] VOTE MENU:
L 04/02/2018 - 13:44:30: [umc-core.smx] 2: fun_ricochet_a4 (0)
L 04/02/2018 - 13:44:30: [umc-core.smx] 3: emp_downfall (1)
L 04/02/2018 - 13:44:30: [umc-core.smx] 4: emp_drygulch (2)
L 04/02/2018 - 13:44:30: [umc-core.smx] 5: emp_crossroads (3)
L 04/02/2018 - 13:44:30: [umc-core.smx] 6: con_urbanchaos (4)
L 04/02/2018 - 13:44:36: [umc-core.smx] rauer<75><[U:1:2546402]><> selected menu item 3
L 04/02/2018 - 13:44:36: [umc-core.smx] Setting nextmap to: emp_drygulch_a6
L 04/02/2018 - 13:44:36: [umc-randomcycle.smx] Disabling random nextmap selection.
L 04/02/2018 - 13:44:36: [umc-core.smx] umc-rockthevote.smx: Changing map to 'emp_drygulch_a6' in 5 seconds.
L 04/02/2018 - 13:44:36: [umc-core.smx] MAPVOTE: Players voted for map 'emp_drygulch_a6' from group 'Commander Maps'
L 04/02/2018 - 13:44:36: [umc-core.smx] Vote has concluded.
L 04/02/2018 - 13:44:42: [umc-core.smx] ---------------------MAP CHANGE: emp_drygulch_a6---------------------
L 04/02/2018 - 13:44:42: [umc-endvote-warnings.smx] Successfully parsed and set up 11 vote warnings.
L 04/02/2018 - 13:44:42: [umc-rockthevote.smx] RTV will be made available in 60 seconds.
L 04/02/2018 - 13:45:43: [umc-rockthevote.smx] RTV is now available.
L 04/02/2018 - 13:55:33: [umc-emp-mapvote.smx] Map vote will appear in 30 seconds.
L 04/02/2018 - 13:56:03: [umc-emp-mapvote.smx] Starting a map vote.
L 04/02/2018 - 13:56:03: [umc-core.smx] VOTE MENU: (Verbose) Fetching 6 maps from group 'Commander Maps'
L 04/02/2018 - 13:56:03: [umc-core.smx] VOTE MENU: (Verbose) Finished parsing nominations for map group 'Commander Maps'
L 04/02/2018 - 13:56:03: [umc-core.smx] VOTE MENU: (Verbose) Still need to fetch 6 maps from the group.
L 04/02/2018 - 13:56:03: [umc-core.smx] VOTE MENU: (Verbose) Selected map 'emp_crossroads_towerless_hce' from group 'Commander Maps' was added to the vote.
L 04/02/2018 - 13:56:03: [umc-core.smx] VOTE MENU: (Verbose) Selected map 'emp_downfall_hce' from group 'Commander Maps' was added to the vote.
L 04/02/2018 - 13:56:03: [umc-core.smx] VOTE MENU: (Verbose) No more maps in map group 'Commander Maps'
L 04/02/2018 - 13:56:03: [umc-core.smx] VOTE MENU: (Verbose) Fetching 1 maps from group 'Infantry Maps'
L 04/02/2018 - 13:56:03: [umc-core.smx] VOTE MENU: (Verbose) Finished parsing nominations for map group 'Infantry Maps'
L 04/02/2018 - 13:56:03: [umc-core.smx] VOTE MENU: (Verbose) Still need to fetch 1 maps from the group.
L 04/02/2018 - 13:56:03: [umc-core.smx] VOTE MENU: (Verbose) Selected map 'con_district402' from group 'Infantry Maps' was added to the vote.
L 04/02/2018 - 13:56:03: [umc-core.smx] VOTE MENU: (Verbose) Fetching 1 maps from group 'Cooldown Maps'
L 04/02/2018 - 13:56:03: [umc-core.smx] VOTE MENU: (Verbose) Finished parsing nominations for map group 'Cooldown Maps'
L 04/02/2018 - 13:56:03: [umc-core.smx] VOTE MENU: (Verbose) Still need to fetch 1 maps from the group.
L 04/02/2018 - 13:56:03: [umc-core.smx] VOTE MENU: (Verbose) Selected map 'fun_ricochet_a4' from group 'Cooldown Maps' was added to the vote.
L 04/02/2018 - 13:56:03: [umc-core.smx] Initiating Vote Type: Map
L 04/02/2018 - 13:56:03: [umc-core.smx] Adding Clients to Vote:
L 04/02/2018 - 13:56:03: [umc-core.smx] 0: rauer (2)
L 04/02/2018 - 13:56:03: [umc-core.smx] VOTE MENU:
L 04/02/2018 - 13:56:03: [umc-core.smx] 2: con_district402 (0)
L 04/02/2018 - 13:56:03: [umc-core.smx] 3: emp_crossroads (1)
L 04/02/2018 - 13:56:03: [umc-core.smx] 4: fun_ricochet_a4 (2)
L 04/02/2018 - 13:56:03: [umc-core.smx] 5: emp_downfall (3)
L 04/02/2018 - 13:56:18: [umc-core.smx] rauer<75><[U:1:2546402]><> selected menu item 4
L 04/02/2018 - 13:56:18: [umc-core.smx] Setting nextmap to: emp_downfall_hce
L 04/02/2018 - 13:56:18: [umc-randomcycle.smx] Disabling random nextmap selection.
L 04/02/2018 - 13:56:18: [umc-core.smx] umc-emp-mapvote.smx: Changing map to 'emp_downfall_hce' in 5 seconds.
L 04/02/2018 - 13:56:18: [umc-core.smx] MAPVOTE: Players voted for map 'emp_downfall_hce' from group 'Commander Maps'
L 04/02/2018 - 13:56:18: [umc-core.smx] Vote has concluded.
L 04/02/2018 - 13:56:24: [umc-core.smx] ---------------------MAP CHANGE: emp_downfall_hce---------------------
L 04/02/2018 - 13:56:24: [umc-endvote-warnings.smx] Successfully parsed and set up 11 vote warnings.
L 04/02/2018 - 13:56:24: [umc-rockthevote.smx] RTV will be made available in 60 seconds.
L 04/02/2018 - 13:57:25: [umc-rockthevote.smx] RTV is now available.
L 04/02/2018 - 14:00:10: [umc-emp-mapvote.smx] Map vote will appear in 30 seconds.
L 04/02/2018 - 14:00:40: [umc-emp-mapvote.smx] Starting a map vote.
L 04/02/2018 - 14:00:40: [umc-core.smx] VOTE MENU: (Verbose) Fetching 6 maps from group 'Commander Maps'
L 04/02/2018 - 14:00:40: [umc-core.smx] VOTE MENU: (Verbose) Finished parsing nominations for map group 'Commander Maps'
L 04/02/2018 - 14:00:40: [umc-core.smx] VOTE MENU: (Verbose) Still need to fetch 6 maps from the group.
L 04/02/2018 - 14:00:40: [umc-core.smx] VOTE MENU: (Verbose) Selected map 'emp_crossroads_towerless_hce' from group 'Commander Maps' was added to the vote.
L 04/02/2018 - 14:00:40: [umc-core.smx] VOTE MENU: (Verbose) No more maps in map group 'Commander Maps'
L 04/02/2018 - 14:00:40: [umc-core.smx] VOTE MENU: (Verbose) Fetching 1 maps from group 'Infantry Maps'
L 04/02/2018 - 14:00:40: [umc-core.smx] VOTE MENU: (Verbose) Finished parsing nominations for map group 'Infantry Maps'
L 04/02/2018 - 14:00:40: [umc-core.smx] VOTE MENU: (Verbose) Still need to fetch 1 maps from the group.
L 04/02/2018 - 14:00:40: [umc-core.smx] VOTE MENU: (Verbose) Selected map 'emp_vehicletraining_2013' from group 'Infantry Maps' was added to the vote.
L 04/02/2018 - 14:00:40: [umc-core.smx] VOTE MENU: (Verbose) Fetching 1 maps from group 'Cooldown Maps'
L 04/02/2018 - 14:00:40: [umc-core.smx] VOTE MENU: (Verbose) Finished parsing nominations for map group 'Cooldown Maps'
L 04/02/2018 - 14:00:40: [umc-core.smx] VOTE MENU: (Verbose) Still need to fetch 1 maps from the group.
L 04/02/2018 - 14:00:40: [umc-core.smx] VOTE MENU: (Verbose) Selected map 'fun_ricochet_a4' from group 'Cooldown Maps' was added to the vote.
L 04/02/2018 - 14:00:40: [umc-core.smx] Initiating Vote Type: Map
L 04/02/2018 - 14:00:40: [umc-core.smx] Adding Clients to Vote:
L 04/02/2018 - 14:00:40: [umc-core.smx] 0: rauer (2)
L 04/02/2018 - 14:00:40: [umc-core.smx] VOTE MENU:
L 04/02/2018 - 14:00:40: [umc-core.smx] 2: con_vehicletraining (0)
L 04/02/2018 - 14:00:40: [umc-core.smx] 3: emp_crossroads (1)
L 04/02/2018 - 14:00:40: [umc-core.smx] 4: fun_ricochet_a4 (2)
L 04/02/2018 - 14:00:48: [umc-core.smx] rauer<75><[U:1:2546402]><> selected menu item 2
L 04/02/2018 - 14:00:48: [umc-core.smx] Setting nextmap to: emp_crossroads_towerless_hce
L 04/02/2018 - 14:00:48: [umc-randomcycle.smx] Disabling random nextmap selection.
L 04/02/2018 - 14:00:48: [umc-core.smx] umc-emp-mapvote.smx: Changing map to 'emp_crossroads_towerless_hce' in 5 seconds.
L 04/02/2018 - 14:00:48: [umc-core.smx] MAPVOTE: Players voted for map 'emp_crossroads_towerless_hce' from group 'Commander Maps'
L 04/02/2018 - 14:00:48: [umc-core.smx] Vote has concluded.
L 04/02/2018 - 14:00:54: [umc-core.smx] ---------------------MAP CHANGE: emp_crossroads_towerless_hce---------------------
L 04/02/2018 - 14:00:54: [umc-endvote-warnings.smx] Successfully parsed and set up 11 vote warnings.
L 04/02/2018 - 14:00:54: [umc-rockthevote.smx] RTV will be made available in 60 seconds.
L 04/02/2018 - 14:01:55: [umc-rockthevote.smx] RTV is now available.
L 04/02/2018 - 14:05:22: [umc-emp-mapvote.smx] Map vote will appear in 30 seconds.
L 04/02/2018 - 14:05:52: [umc-emp-mapvote.smx] Starting a map vote.
L 04/02/2018 - 14:05:52: [umc-core.smx] VOTE MENU: (Verbose) Fetching 6 maps from group 'Commander Maps'
L 04/02/2018 - 14:05:52: [umc-core.smx] VOTE MENU: (Verbose) Finished parsing nominations for map group 'Commander Maps'
L 04/02/2018 - 14:05:52: [umc-core.smx] VOTE MENU: (Verbose) Still need to fetch 6 maps from the group.
L 04/02/2018 - 14:05:52: [umc-core.smx] VOTE MENU: (Verbose) Selected map 'emp_beachfront_b2_hce' from group 'Commander Maps' was added to the vote.
L 04/02/2018 - 14:05:52: [umc-core.smx] VOTE MENU: (Verbose) No more maps in map group 'Commander Maps'
L 04/02/2018 - 14:05:52: [umc-core.smx] VOTE MENU: (Verbose) Fetching 1 maps from group 'Infantry Maps'
L 04/02/2018 - 14:05:52: [umc-core.smx] VOTE MENU: (Verbose) Finished parsing nominations for map group 'Infantry Maps'
L 04/02/2018 - 14:05:52: [umc-core.smx] VOTE MENU: (Verbose) Still need to fetch 1 maps from the group.
L 04/02/2018 - 14:05:52: [umc-core.smx] VOTE MENU: (Verbose) Selected map 'emp_shadows_attacks_fix' from group 'Infantry Maps' was added to the vote.
L 04/02/2018 - 14:05:52: [umc-core.smx] VOTE MENU: (Verbose) Fetching 1 maps from group 'Cooldown Maps'
L 04/02/2018 - 14:05:52: [umc-core.smx] VOTE MENU: (Verbose) Finished parsing nominations for map group 'Cooldown Maps'
L 04/02/2018 - 14:05:52: [umc-core.smx] VOTE MENU: (Verbose) Still need to fetch 1 maps from the group.
L 04/02/2018 - 14:05:52: [umc-core.smx] VOTE MENU: (Verbose) Selected map 'fun_ricochet_a4' from group 'Cooldown Maps' was added to the vote.
L 04/02/2018 - 14:05:52: [umc-core.smx] Initiating Vote Type: Map
L 04/02/2018 - 14:05:52: [umc-core.smx] Adding Clients to Vote:
L 04/02/2018 - 14:05:52: [umc-core.smx] 0: rauer (2)
L 04/02/2018 - 14:05:52: [umc-core.smx] VOTE MENU:
L 04/02/2018 - 14:05:52: [umc-core.smx] 2: con_shadows_attacks (0)
L 04/02/2018 - 14:05:52: [umc-core.smx] 3: emp_beachfront (1)
L 04/02/2018 - 14:05:52: [umc-core.smx] 4: fun_ricochet_a4 (2)
L 04/02/2018 - 14:06:00: [umc-core.smx] rauer<75><[U:1:2546402]><> selected menu item 2
L 04/02/2018 - 14:06:00: [umc-core.smx] Setting nextmap to: emp_beachfront_b2_hce
L 04/02/2018 - 14:06:00: [umc-randomcycle.smx] Disabling random nextmap selection.
L 04/02/2018 - 14:06:00: [umc-core.smx] umc-emp-mapvote.smx: Changing map to 'emp_beachfront_b2_hce' in 5 seconds.
L 04/02/2018 - 14:06:00: [umc-core.smx] MAPVOTE: Players voted for map 'emp_beachfront_b2_hce' from group 'Commander Maps'
L 04/02/2018 - 14:06:00: [umc-core.smx] Vote has concluded.
L 04/02/2018 - 14:06:06: [umc-core.smx] ---------------------MAP CHANGE: emp_beachfront_b2_hce---------------------
L 04/02/2018 - 14:06:06: [umc-endvote-warnings.smx] Successfully parsed and set up 11 vote warnings.
L 04/02/2018 - 14:06:06: [umc-rockthevote.smx] RTV will be made available in 60 seconds.
L 04/02/2018 - 14:07:07: [umc-rockthevote.smx] RTV is now available.
L 04/02/2018 - 14:09:27: [umc-emp-mapvote.smx] Map vote will appear in 30 seconds.
L 04/02/2018 - 14:09:58: [umc-emp-mapvote.smx] Starting a map vote.
L 04/02/2018 - 14:09:58: [umc-core.smx] VOTE MENU: (Verbose) Fetching 6 maps from group 'Commander Maps'
L 04/02/2018 - 14:09:58: [umc-core.smx] VOTE MENU: (Verbose) Finished parsing nominations for map group 'Commander Maps'
L 04/02/2018 - 14:09:58: [umc-core.smx] VOTE MENU: (Verbose) Still need to fetch 6 maps from the group.
L 04/02/2018 - 14:09:58: [umc-core.smx] VOTE MENU: (Verbose) No more maps in map group 'Commander Maps'
L 04/02/2018 - 14:09:58: [umc-core.smx] VOTE MENU: (Verbose) Fetching 1 maps from group 'Infantry Maps'
L 04/02/2018 - 14:09:58: [umc-core.smx] VOTE MENU: (Verbose) Finished parsing nominations for map group 'Infantry Maps'
L 04/02/2018 - 14:09:58: [umc-core.smx] VOTE MENU: (Verbose) Still need to fetch 1 maps from the group.
L 04/02/2018 - 14:09:58: [umc-core.smx] VOTE MENU: (Verbose) Selected map 'con_urbanchaos_comm_b2' from group 'Infantry Maps' was added to the vote.
L 04/02/2018 - 14:09:58: [umc-core.smx] VOTE MENU: (Verbose) Fetching 1 maps from group 'Cooldown Maps'
L 04/02/2018 - 14:09:58: [umc-core.smx] VOTE MENU: (Verbose) Finished parsing nominations for map group 'Cooldown Maps'
L 04/02/2018 - 14:09:58: [umc-core.smx] VOTE MENU: (Verbose) Still need to fetch 1 maps from the group.
L 04/02/2018 - 14:09:58: [umc-core.smx] VOTE MENU: (Verbose) Selected map 'fun_ricochet_a4' from group 'Cooldown Maps' was added to the vote.
L 04/02/2018 - 14:09:58: [umc-core.smx] Initiating Vote Type: Map
L 04/02/2018 - 14:09:58: [umc-core.smx] Adding Clients to Vote:
L 04/02/2018 - 14:09:58: [umc-core.smx] 0: rauer (2)
L 04/02/2018 - 14:09:58: [umc-core.smx] VOTE MENU:
L 04/02/2018 - 14:09:58: [umc-core.smx] 2: con_urbanchaos (0)
L 04/02/2018 - 14:09:58: [umc-core.smx] 3: fun_ricochet_a4 (1)
L 04/02/2018 - 14:10:10: [umc-core.smx] rauer<75><[U:1:2546402]><> selected menu item 1
L 04/02/2018 - 14:10:10: [umc-core.smx] Setting nextmap to: con_urbanchaos_comm_b2
L 04/02/2018 - 14:10:10: [umc-randomcycle.smx] Disabling random nextmap selection.
L 04/02/2018 - 14:10:10: [umc-core.smx] umc-emp-mapvote.smx: Changing map to 'con_urbanchaos_comm_b2' in 5 seconds.
L 04/02/2018 - 14:10:10: [umc-core.smx] MAPVOTE: Players voted for map 'con_urbanchaos_comm_b2' from group 'Infantry Maps'
L 04/02/2018 - 14:10:10: [umc-core.smx] Vote has concluded.
L 04/02/2018 - 14:10:17: [umc-core.smx] ---------------------MAP CHANGE: con_urbanchaos_comm_b2---------------------
L 04/02/2018 - 14:10:17: [umc-endvote-warnings.smx] Successfully parsed and set up 11 vote warnings.
L 04/02/2018 - 14:10:17: [umc-rockthevote.smx] RTV will be made available in 60 seconds.
L 04/02/2018 - 14:11:18: [umc-rockthevote.smx] RTV is now available.
L 04/02/2018 - 14:21:24: [umc-emp-mapvote.smx] Map vote will appear in 30 seconds.
L 04/02/2018 - 14:21:54: [umc-emp-mapvote.smx] Starting a map vote.
L 04/02/2018 - 14:21:54: [umc-core.smx] VOTE MENU: (Verbose) Fetching 6 maps from group 'Commander Maps'
L 04/02/2018 - 14:21:54: [umc-core.smx] VOTE MENU: (Verbose) Finished parsing nominations for map group 'Commander Maps'
L 04/02/2018 - 14:21:54: [umc-core.smx] VOTE MENU: (Verbose) Still need to fetch 6 maps from the group.
L 04/02/2018 - 14:21:54: [umc-core.smx] VOTE MENU: (Verbose) No more maps in map group 'Commander Maps'
L 04/02/2018 - 14:21:54: [umc-core.smx] VOTE MENU: (Verbose) Fetching 1 maps from group 'Infantry Maps'
L 04/02/2018 - 14:21:54: [umc-core.smx] VOTE MENU: (Verbose) Finished parsing nominations for map group 'Infantry Maps'
L 04/02/2018 - 14:21:54: [umc-core.smx] VOTE MENU: (Verbose) Still need to fetch 1 maps from the group.
L 04/02/2018 - 14:21:54: [umc-core.smx] VOTE MENU: (Verbose) Selected map 'emp_fogtown_cl2_fix' from group 'Infantry Maps' was added to the vote.
L 04/02/2018 - 14:21:54: [umc-core.smx] VOTE MENU: (Verbose) Fetching 1 maps from group 'Cooldown Maps'
L 04/02/2018 - 14:21:54: [umc-core.smx] VOTE MENU: (Verbose) Finished parsing nominations for map group 'Cooldown Maps'
L 04/02/2018 - 14:21:54: [umc-core.smx] VOTE MENU: (Verbose) Still need to fetch 1 maps from the group.
L 04/02/2018 - 14:21:54: [umc-core.smx] VOTE MENU: (Verbose) Selected map 'fun_ricochet_a4' from group 'Cooldown Maps' was added to the vote.
L 04/02/2018 - 14:21:54: [umc-core.smx] Initiating Vote Type: Map
L 04/02/2018 - 14:21:54: [umc-core.smx] Adding Clients to Vote:
L 04/02/2018 - 14:21:54: [umc-core.smx] 0: rauer (2)
L 04/02/2018 - 14:21:54: [umc-core.smx] VOTE MENU:
L 04/02/2018 - 14:21:54: [umc-core.smx] 2: fun_ricochet_a4 (0)
L 04/02/2018 - 14:21:54: [umc-core.smx] 3: con_fogtown (1)
L 04/02/2018 - 14:22:00: [umc-core.smx] rauer<75><[U:1:2546402]><> selected menu item 2
L 04/02/2018 - 14:22:00: [umc-core.smx] Setting nextmap to: emp_fogtown_cl2_fix
L 04/02/2018 - 14:22:00: [umc-randomcycle.smx] Disabling random nextmap selection.
L 04/02/2018 - 14:22:00: [umc-core.smx] umc-emp-mapvote.smx: Changing map to 'emp_fogtown_cl2_fix' in 5 seconds.
L 04/02/2018 - 14:22:00: [umc-core.smx] MAPVOTE: Players voted for map 'emp_fogtown_cl2_fix' from group 'Infantry Maps'
L 04/02/2018 - 14:22:00: [umc-core.smx] Vote has concluded.
L 04/02/2018 - 14:22:06: [umc-core.smx] ---------------------MAP CHANGE: emp_fogtown_cl2_fix---------------------
L 04/02/2018 - 14:22:06: [umc-endvote-warnings.smx] Successfully parsed and set up 11 vote warnings.
L 04/02/2018 - 14:22:06: [umc-rockthevote.smx] RTV will be made available in 60 seconds.
L 04/02/2018 - 14:23:07: [umc-rockthevote.smx] RTV is now available.
L 04/02/2018 - 14:53:51: [umc-emp-mapvote.smx] Map vote will appear in 30 seconds.
L 04/02/2018 - 14:54:21: [umc-emp-mapvote.smx] Starting a map vote.
L 04/02/2018 - 14:54:21: [umc-core.smx] VOTE MENU: (Verbose) Fetching 6 maps from group 'Commander Maps'
L 04/02/2018 - 14:54:21: [umc-core.smx] VOTE MENU: (Verbose) Finished parsing nominations for map group 'Commander Maps'
L 04/02/2018 - 14:54:21: [umc-core.smx] VOTE MENU: (Verbose) Still need to fetch 6 maps from the group.
L 04/02/2018 - 14:54:21: [umc-core.smx] VOTE MENU: (Verbose) No more maps in map group 'Commander Maps'
L 04/02/2018 - 14:54:21: [umc-core.smx] VOTE MENU: (Verbose) Fetching 1 maps from group 'Infantry Maps'
L 04/02/2018 - 14:54:21: [umc-core.smx] VOTE MENU: (Verbose) Finished parsing nominations for map group 'Infantry Maps'
L 04/02/2018 - 14:54:21: [umc-core.smx] VOTE MENU: (Verbose) Still need to fetch 1 maps from the group.
L 04/02/2018 - 14:54:21: [umc-core.smx] VOTE MENU: (Verbose) Selected map 'emp_shadows_attacks_fix' from group 'Infantry Maps' was added to the vote.
L 04/02/2018 - 14:54:21: [umc-core.smx] VOTE MENU: (Verbose) Fetching 1 maps from group 'Cooldown Maps'
L 04/02/2018 - 14:54:21: [umc-core.smx] VOTE MENU: (Verbose) Finished parsing nominations for map group 'Cooldown Maps'
L 04/02/2018 - 14:54:21: [umc-core.smx] VOTE MENU: (Verbose) Still need to fetch 1 maps from the group.
L 04/02/2018 - 14:54:21: [umc-core.smx] VOTE MENU: (Verbose) Selected map 'fun_ricochet_a4' from group 'Cooldown Maps' was added to the vote.
L 04/02/2018 - 14:54:21: [umc-core.smx] Initiating Vote Type: Map
L 04/02/2018 - 14:54:21: [umc-core.smx] Adding Clients to Vote:
L 04/02/2018 - 14:54:21: [umc-core.smx] 0: rauer (2)
L 04/02/2018 - 14:54:21: [umc-core.smx] VOTE MENU:
L 04/02/2018 - 14:54:21: [umc-core.smx] 2: fun_ricochet_a4 (0)
L 04/02/2018 - 14:54:21: [umc-core.smx] 3: con_shadows_attacks (1)
L 04/02/2018 - 14:54:51: [umc-emp-mapvote.smx] WARNING: Map Voting failure. Initiating random map fail-safe.
L 04/02/2018 - 14:54:51: [umc-core.smx] Setting nextmap to: emp_shadows_attacks_fix
L 04/02/2018 - 14:54:51: [umc-randomcycle.smx] Disabling random nextmap selection.
L 04/02/2018 - 14:54:51: [umc-core.smx] umc-emp-mapvote.smx: Changing map to 'emp_shadows_attacks_fix' in 5 seconds.
L 04/02/2018 - 14:54:51: [umc-core.smx] Vote has concluded.
L 04/02/2018 - 14:54:58: [umc-core.smx] ---------------------MAP CHANGE: emp_shadows_attacks_fix---------------------
L 04/02/2018 - 14:54:58: [umc-endvote-warnings.smx] Successfully parsed and set up 11 vote warnings.
L 04/02/2018 - 14:54:58: [umc-rockthevote.smx] RTV will be made available in 60 seconds.
L 04/02/2018 - 14:55:59: [umc-rockthevote.smx] RTV is now available.
L 04/02/2018 - 15:00:36: [umc-nominate.smx] rauer wants to nominate a map.
L 04/02/2018 - 15:00:38: [umc-nominate.smx] rauer has nominated 'emp_drygulch_a6' from group 'Commander Maps'
L 04/02/2018 - 15:00:43: [umc-rockthevote.smx] Starting RTV.
L 04/02/2018 - 15:00:43: [umc-core.smx] VOTE MENU: (Verbose) Fetching 6 maps from group 'Commander Maps'
L 04/02/2018 - 15:00:43: [umc-core.smx] VOTE MENU: (Verbose) Nominated map 'emp_drygulch_a6' from group 'Commander Maps' was added to the vote.
L 04/02/2018 - 15:00:43: [umc-core.smx] VOTE MENU: (Verbose) Finished parsing nominations for map group 'Commander Maps'
L 04/02/2018 - 15:00:43: [umc-core.smx] VOTE MENU: (Verbose) Still need to fetch 5 maps from the group.
L 04/02/2018 - 15:00:43: [umc-core.smx] VOTE MENU: (Verbose) No more maps in map group 'Commander Maps'
L 04/02/2018 - 15:00:43: [umc-core.smx] VOTE MENU: (Verbose) Fetching 1 maps from group 'Infantry Maps'
L 04/02/2018 - 15:00:43: [umc-core.smx] VOTE MENU: (Verbose) Finished parsing nominations for map group 'Infantry Maps'
L 04/02/2018 - 15:00:43: [umc-core.smx] VOTE MENU: (Verbose) Still need to fetch 1 maps from the group.
L 04/02/2018 - 15:00:43: [umc-core.smx] VOTE MENU: (Verbose) Selected map 'emp_vehicletraining_2013' from group 'Infantry Maps' was added to the vote.
L 04/02/2018 - 15:00:43: [umc-core.smx] VOTE MENU: (Verbose) Fetching 1 maps from group 'Cooldown Maps'
L 04/02/2018 - 15:00:43: [umc-core.smx] VOTE MENU: (Verbose) Finished parsing nominations for map group 'Cooldown Maps'
L 04/02/2018 - 15:00:43: [umc-core.smx] VOTE MENU: (Verbose) Still need to fetch 1 maps from the group.
L 04/02/2018 - 15:00:43: [umc-core.smx] VOTE MENU: (Verbose) Selected map 'fun_ricochet_a4' from group 'Cooldown Maps' was added to the vote.
L 04/02/2018 - 15:00:43: [umc-core.smx] Initiating Vote Type: Map
L 04/02/2018 - 15:00:43: [umc-core.smx] Adding Clients to Vote:
L 04/02/2018 - 15:00:43: [umc-core.smx] 0: rauer (2)
L 04/02/2018 - 15:00:43: [umc-core.smx] VOTE MENU:
L 04/02/2018 - 15:00:43: [umc-core.smx] 2: fun_ricochet_a4 (0)
L 04/02/2018 - 15:00:43: [umc-core.smx] 3: emp_drygulch (1)
L 04/02/2018 - 15:00:43: [umc-core.smx] 4: con_vehicletraining (2)
L 04/02/2018 - 15:00:46: [umc-core.smx] rauer<75><[U:1:2546402]><> selected menu item 2
L 04/02/2018 - 15:00:46: [umc-core.smx] Setting nextmap to: emp_drygulch_a6
L 04/02/2018 - 15:00:46: [umc-randomcycle.smx] Disabling random nextmap selection.
L 04/02/2018 - 15:00:46: [umc-core.smx] umc-rockthevote.smx: Changing map to 'emp_drygulch_a6' in 5 seconds.
L 04/02/2018 - 15:00:46: [umc-core.smx] MAPVOTE: Players voted for map 'emp_drygulch_a6' from group 'Commander Maps'
L 04/02/2018 - 15:00:46: [umc-core.smx] Vote has concluded.
L 04/02/2018 - 15:00:52: [umc-core.smx] ---------------------MAP CHANGE: emp_drygulch_a6---------------------
L 04/02/2018 - 15:00:52: [umc-endvote-warnings.smx] Successfully parsed and set up 11 vote warnings.
L 04/02/2018 - 15:00:52: [umc-rockthevote.smx] RTV will be made available in 60 seconds.
L 04/02/2018 - 15:01:53: [umc-rockthevote.smx] RTV is now available.
L 04/02/2018 - 15:03:40: [umc-emp-mapvote.smx] Map vote will appear in 30 seconds.
L 04/02/2018 - 15:04:10: [umc-emp-mapvote.smx] Starting a map vote.
L 04/02/2018 - 15:04:10: [umc-core.smx] VOTE MENU: (Verbose) Fetching 6 maps from group 'Commander Maps'
L 04/02/2018 - 15:04:10: [umc-core.smx] VOTE MENU: (Verbose) Finished parsing nominations for map group 'Commander Maps'
L 04/02/2018 - 15:04:10: [umc-core.smx] VOTE MENU: (Verbose) Still need to fetch 6 maps from the group.
L 04/02/2018 - 15:04:10: [umc-core.smx] VOTE MENU: (Verbose) Selected map 'emp_downfall_hce' from group 'Commander Maps' was added to the vote.
L 04/02/2018 - 15:04:10: [umc-core.smx] VOTE MENU: (Verbose) No more maps in map group 'Commander Maps'
L 04/02/2018 - 15:04:10: [umc-core.smx] VOTE MENU: (Verbose) Fetching 1 maps from group 'Infantry Maps'
L 04/02/2018 - 15:04:10: [umc-core.smx] VOTE MENU: (Verbose) Finished parsing nominations for map group 'Infantry Maps'
L 04/02/2018 - 15:04:10: [umc-core.smx] VOTE MENU: (Verbose) Still need to fetch 1 maps from the group.
L 04/02/2018 - 15:04:10: [umc-core.smx] VOTE MENU: (Verbose) Selected map 'con_glycencity' from group 'Infantry Maps' was added to the vote.
L 04/02/2018 - 15:04:10: [umc-core.smx] VOTE MENU: (Verbose) Fetching 1 maps from group 'Cooldown Maps'
L 04/02/2018 - 15:04:10: [umc-core.smx] VOTE MENU: (Verbose) Finished parsing nominations for map group 'Cooldown Maps'
L 04/02/2018 - 15:04:10: [umc-core.smx] VOTE MENU: (Verbose) Still need to fetch 1 maps from the group.
L 04/02/2018 - 15:04:10: [umc-core.smx] VOTE MENU: (Verbose) Selected map 'fun_ricochet_a4' from group 'Cooldown Maps' was added to the vote.
L 04/02/2018 - 15:04:10: [umc-core.smx] Initiating Vote Type: Map
L 04/02/2018 - 15:04:10: [umc-core.smx] Adding Clients to Vote:
L 04/02/2018 - 15:04:10: [umc-core.smx] 0: rauer (2)
L 04/02/2018 - 15:04:10: [umc-core.smx] VOTE MENU:
L 04/02/2018 - 15:04:10: [umc-core.smx] 2: fun_ricochet_a4 (0)
L 04/02/2018 - 15:04:10: [umc-core.smx] 3: con_glycencity (1)
L 04/02/2018 - 15:04:10: [umc-core.smx] 4: emp_downfall (2)
L 04/02/2018 - 15:04:15: [umc-emp-mapvote.smx] WARNING: Map Voting failure. Initiating random map fail-safe.
L 04/02/2018 - 15:04:15: [umc-core.smx] Setting nextmap to: emp_downfall_hce
L 04/02/2018 - 15:04:15: [umc-randomcycle.smx] Disabling random nextmap selection.
L 04/02/2018 - 15:04:15: [umc-core.smx] umc-emp-mapvote.smx: Changing map to 'emp_downfall_hce' in 5 seconds.
L 04/02/2018 - 15:04:15: [umc-core.smx] Vote has concluded.
L 04/02/2018 - 15:04:20: [umc-core.smx] ---------------------MAP CHANGE: emp_downfall_hce---------------------
L 04/02/2018 - 15:04:20: [umc-endvote-warnings.smx] Successfully parsed and set up 11 vote warnings.
L 04/02/2018 - 15:04:20: [umc-rockthevote.smx] RTV will be made available in 60 seconds.
L 04/02/2018 - 15:05:21: [umc-rockthevote.smx] RTV is now available.
L 04/02/2018 - 15:06:55: [umc-emp-mapvote.smx] Map vote will appear in 30 seconds.
L 04/02/2018 - 15:07:25: [umc-emp-mapvote.smx] Starting a map vote.
L 04/02/2018 - 15:07:25: [umc-core.smx] VOTE MENU: (Verbose) Fetching 6 maps from group 'Commander Maps'
L 04/02/2018 - 15:07:25: [umc-core.smx] VOTE MENU: (Verbose) Finished parsing nominations for map group 'Commander Maps'
L 04/02/2018 - 15:07:25: [umc-core.smx] VOTE MENU: (Verbose) Still need to fetch 6 maps from the group.
L 04/02/2018 - 15:07:25: [umc-core.smx] VOTE MENU: (Verbose) Selected map 'emp_crossroads_towerless_hce' from group 'Commander Maps' was added to the vote.
L 04/02/2018 - 15:07:25: [umc-core.smx] VOTE MENU: (Verbose) No more maps in map group 'Commander Maps'
L 04/02/2018 - 15:07:25: [umc-core.smx] VOTE MENU: (Verbose) Fetching 1 maps from group 'Infantry Maps'
L 04/02/2018 - 15:07:25: [umc-core.smx] VOTE MENU: (Verbose) Finished parsing nominations for map group 'Infantry Maps'
L 04/02/2018 - 15:07:25: [umc-core.smx] VOTE MENU: (Verbose) Still need to fetch 1 maps from the group.
L 04/02/2018 - 15:07:25: [umc-core.smx] VOTE MENU: (Verbose) Selected map 'con_blast_ob2' from group 'Infantry Maps' was added to the vote.
L 04/02/2018 - 15:07:25: [umc-core.smx] VOTE MENU: (Verbose) Fetching 1 maps from group 'Cooldown Maps'
L 04/02/2018 - 15:07:25: [umc-core.smx] VOTE MENU: (Verbose) Finished parsing nominations for map group 'Cooldown Maps'
L 04/02/2018 - 15:07:25: [umc-core.smx] VOTE MENU: (Verbose) Still need to fetch 1 maps from the group.
L 04/02/2018 - 15:07:25: [umc-core.smx] VOTE MENU: (Verbose) Selected map 'fun_ricochet_a4' from group 'Cooldown Maps' was added to the vote.
L 04/02/2018 - 15:07:25: [umc-core.smx] Initiating Vote Type: Map
L 04/02/2018 - 15:07:25: [umc-core.smx] Adding Clients to Vote:
L 04/02/2018 - 15:07:25: [umc-core.smx] 0: rauer (2)
L 04/02/2018 - 15:07:25: [umc-core.smx] VOTE MENU:
L 04/02/2018 - 15:07:25: [umc-core.smx] 2: con_blast (0)
L 04/02/2018 - 15:07:25: [umc-core.smx] 3: fun_ricochet_a4 (1)
L 04/02/2018 - 15:07:25: [umc-core.smx] 4: emp_crossroads (2)
L 04/02/2018 - 15:07:30: [umc-core.smx] rauer<75><[U:1:2546402]><> selected menu item 1
L 04/02/2018 - 15:07:30: [umc-core.smx] Setting nextmap to: con_blast_ob2
L 04/02/2018 - 15:07:30: [umc-randomcycle.smx] Disabling random nextmap selection.
L 04/02/2018 - 15:07:30: [umc-core.smx] umc-emp-mapvote.smx: Changing map to 'con_blast_ob2' in 5 seconds.
L 04/02/2018 - 15:07:30: [umc-core.smx] MAPVOTE: Players voted for map 'con_blast_ob2' from group 'Infantry Maps'
L 04/02/2018 - 15:07:30: [umc-core.smx] Vote has concluded.
L 04/02/2018 - 15:07:35: [umc-core.smx] ---------------------MAP CHANGE: con_blast_ob2---------------------
L 04/02/2018 - 15:07:35: [umc-endvote-warnings.smx] Successfully parsed and set up 11 vote warnings.
L 04/02/2018 - 15:07:35: [umc-rockthevote.smx] RTV will be made available in 60 seconds.
L 04/02/2018 - 15:08:36: [umc-rockthevote.smx] RTV is now available.
L 04/02/2018 - 17:11:38: [umc-nominate.smx] rauer wants to nominate a map.
L 04/02/2018 - 17:11:53: [umc-nominate.smx] rauer has nominated 'emp_crossroads_towerless_hce' from group 'Commander Maps'
L 04/02/2018 - 17:12:01: [umc-rockthevote.smx] Starting RTV.
L 04/02/2018 - 17:12:01: [umc-core.smx] VOTE MENU: (Verbose) Fetching 6 maps from group 'Commander Maps'
L 04/02/2018 - 17:12:01: [umc-core.smx] VOTE MENU: (Verbose) Nominated map 'emp_crossroads_towerless_hce' from group 'Commander Maps' was added to the vote.
L 04/02/2018 - 17:12:01: [umc-core.smx] VOTE MENU: (Verbose) Finished parsing nominations for map group 'Commander Maps'
L 04/02/2018 - 17:12:01: [umc-core.smx] VOTE MENU: (Verbose) Still need to fetch 5 maps from the group.
L 04/02/2018 - 17:12:01: [umc-core.smx] VOTE MENU: (Verbose) Selected map 'emp_beachfront_b2_hce' from group 'Commander Maps' was added to the vote.
L 04/02/2018 - 17:12:01: [umc-core.smx] VOTE MENU: (Verbose) No more maps in map group 'Commander Maps'
L 04/02/2018 - 17:12:01: [umc-core.smx] VOTE MENU: (Verbose) Fetching 1 maps from group 'Infantry Maps'
L 04/02/2018 - 17:12:01: [umc-core.smx] VOTE MENU: (Verbose) Finished parsing nominations for map group 'Infantry Maps'
L 04/02/2018 - 17:12:01: [umc-core.smx] VOTE MENU: (Verbose) Still need to fetch 1 maps from the group.
L 04/02/2018 - 17:12:01: [umc-core.smx] VOTE MENU: (Verbose) Selected map 'con_urbanchaos_comm_b2' from group 'Infantry Maps' was added to the vote.
L 04/02/2018 - 17:12:01: [umc-core.smx] VOTE MENU: (Verbose) Fetching 1 maps from group 'Cooldown Maps'
L 04/02/2018 - 17:12:01: [umc-core.smx] VOTE MENU: (Verbose) Finished parsing nominations for map group 'Cooldown Maps'
L 04/02/2018 - 17:12:01: [umc-core.smx] VOTE MENU: (Verbose) Still need to fetch 1 maps from the group.
L 04/02/2018 - 17:12:01: [umc-core.smx] VOTE MENU: (Verbose) Selected map 'fun_ricochet_a4' from group 'Cooldown Maps' was added to the vote.
L 04/02/2018 - 17:12:01: [umc-core.smx] Initiating Vote Type: Map
L 04/02/2018 - 17:12:01: [umc-core.smx] Adding Clients to Vote:
L 04/02/2018 - 17:12:01: [umc-core.smx] 0: rauer (2)
L 04/02/2018 - 17:12:01: [umc-core.smx] VOTE MENU:
L 04/02/2018 - 17:12:02: [umc-core.smx] 2: fun_ricochet_a4 (0)
L 04/02/2018 - 17:12:02: [umc-core.smx] 3: emp_beachfront (1)
L 04/02/2018 - 17:12:02: [umc-core.smx] 4: con_urbanchaos (2)
L 04/02/2018 - 17:12:02: [umc-core.smx] 5: emp_crossroads (3)
L 04/02/2018 - 17:12:07: [umc-core.smx] rauer<81><[U:1:2546402]><> selected menu item 4
L 04/02/2018 - 17:12:07: [umc-core.smx] Setting nextmap to: emp_crossroads_towerless_hce
L 04/02/2018 - 17:12:07: [umc-randomcycle.smx] Disabling random nextmap selection.
L 04/02/2018 - 17:12:07: [umc-core.smx] umc-rockthevote.smx: Changing map to 'emp_crossroads_towerless_hce' in 5 seconds.
L 04/02/2018 - 17:12:07: [umc-core.smx] MAPVOTE: Players voted for map 'emp_crossroads_towerless_hce' from group 'Commander Maps'
L 04/02/2018 - 17:12:07: [umc-core.smx] Vote has concluded.
L 04/02/2018 - 17:12:13: [umc-core.smx] ---------------------MAP CHANGE: emp_crossroads_towerless_hce---------------------
L 04/02/2018 - 17:12:13: [umc-endvote-warnings.smx] Successfully parsed and set up 11 vote warnings.
L 04/02/2018 - 17:12:13: [umc-rockthevote.smx] RTV will be made available in 60 seconds.
L 04/02/2018 - 17:13:14: [umc-rockthevote.smx] RTV is now available.
L 04/02/2018 - 17:16:45: [umc-emp-mapvote.smx] Map vote will appear in 30 seconds.
L 04/02/2018 - 17:17:07: [umc-nominate.smx] rauer wants to nominate a map.
L 04/02/2018 - 17:17:15: [umc-emp-mapvote.smx] Starting a map vote.
L 04/02/2018 - 17:17:15: [umc-core.smx] VOTE MENU: (Verbose) Fetching 6 maps from group 'Commander Maps'
L 04/02/2018 - 17:17:15: [umc-core.smx] VOTE MENU: (Verbose) Finished parsing nominations for map group 'Commander Maps'
L 04/02/2018 - 17:17:15: [umc-core.smx] VOTE MENU: (Verbose) Still need to fetch 6 maps from the group.
L 04/02/2018 - 17:17:15: [umc-core.smx] VOTE MENU: (Verbose) Selected map 'emp_beachfront_b2_hce' from group 'Commander Maps' was added to the vote.
L 04/02/2018 - 17:17:15: [umc-core.smx] VOTE MENU: (Verbose) No more maps in map group 'Commander Maps'
L 04/02/2018 - 17:17:15: [umc-core.smx] VOTE MENU: (Verbose) Fetching 1 maps from group 'Infantry Maps'
L 04/02/2018 - 17:17:15: [umc-core.smx] VOTE MENU: (Verbose) Finished parsing nominations for map group 'Infantry Maps'
L 04/02/2018 - 17:17:15: [umc-core.smx] VOTE MENU: (Verbose) Still need to fetch 1 maps from the group.
L 04/02/2018 - 17:17:15: [umc-core.smx] VOTE MENU: (Verbose) Selected map 'emp_vehicletraining_2013' from group 'Infantry Maps' was added to the vote.
L 04/02/2018 - 17:17:15: [umc-core.smx] VOTE MENU: (Verbose) Fetching 1 maps from group 'Cooldown Maps'
L 04/02/2018 - 17:17:15: [umc-core.smx] VOTE MENU: (Verbose) Finished parsing nominations for map group 'Cooldown Maps'
L 04/02/2018 - 17:17:15: [umc-core.smx] VOTE MENU: (Verbose) Still need to fetch 1 maps from the group.
L 04/02/2018 - 17:17:15: [umc-core.smx] VOTE MENU: (Verbose) Selected map 'fun_ricochet_a4' from group 'Cooldown Maps' was added to the vote.
L 04/02/2018 - 17:17:15: [umc-core.smx] Initiating Vote Type: Map
L 04/02/2018 - 17:17:15: [umc-core.smx] Adding Clients to Vote:
L 04/02/2018 - 17:17:15: [umc-core.smx] 0: rauer (2)
L 04/02/2018 - 17:17:15: [umc-core.smx] VOTE MENU:
L 04/02/2018 - 17:17:15: [umc-core.smx] 2: emp_beachfront (0)
L 04/02/2018 - 17:17:15: [umc-core.smx] 3: fun_ricochet_a4 (1)
L 04/02/2018 - 17:17:15: [umc-core.smx] 4: con_vehicletraining (2)
L 04/02/2018 - 17:17:23: [umc-core.smx] rauer<81><[U:1:2546402]><> selected menu item 1
L 04/02/2018 - 17:17:23: [umc-core.smx] Setting nextmap to: emp_beachfront_b2_hce
L 04/02/2018 - 17:17:23: [umc-randomcycle.smx] Disabling random nextmap selection.
L 04/02/2018 - 17:17:23: [umc-core.smx] umc-emp-mapvote.smx: Changing map to 'emp_beachfront_b2_hce' in 5 seconds.
L 04/02/2018 - 17:17:23: [umc-core.smx] MAPVOTE: Players voted for map 'emp_beachfront_b2_hce' from group 'Commander Maps'
L 04/02/2018 - 17:17:23: [umc-core.smx] Vote has concluded.
L 04/02/2018 - 17:17:29: [umc-core.smx] ---------------------MAP CHANGE: emp_beachfront_b2_hce---------------------
L 04/02/2018 - 17:17:29: [umc-endvote-warnings.smx] Successfully parsed and set up 11 vote warnings.
L 04/02/2018 - 17:17:29: [umc-rockthevote.smx] RTV will be made available in 60 seconds.
L 04/02/2018 - 17:18:30: [umc-rockthevote.smx] RTV is now available.
L 04/02/2018 - 17:37:08: [umc-emp-mapvote.smx] Map vote will appear in 30 seconds.
L 04/02/2018 - 17:37:38: [umc-emp-mapvote.smx] Starting a map vote.
L 04/02/2018 - 17:37:38: [umc-core.smx] VOTE MENU: (Verbose) Fetching 6 maps from group 'Commander Maps'
L 04/02/2018 - 17:37:38: [umc-core.smx] VOTE MENU: (Verbose) Finished parsing nominations for map group 'Commander Maps'
L 04/02/2018 - 17:37:38: [umc-core.smx] VOTE MENU: (Verbose) Still need to fetch 6 maps from the group.
L 04/02/2018 - 17:37:38: [umc-core.smx] VOTE MENU: (Verbose) No more maps in map group 'Commander Maps'
L 04/02/2018 - 17:37:38: [umc-core.smx] VOTE MENU: (Verbose) Fetching 1 maps from group 'Infantry Maps'
L 04/02/2018 - 17:37:38: [umc-core.smx] VOTE MENU: (Verbose) Finished parsing nominations for map group 'Infantry Maps'
L 04/02/2018 - 17:37:38: [umc-core.smx] VOTE MENU: (Verbose) Still need to fetch 1 maps from the group.
L 04/02/2018 - 17:37:38: [umc-core.smx] VOTE MENU: (Verbose) Selected map 'con_district402' from group 'Infantry Maps' was added to the vote.
L 04/02/2018 - 17:37:38: [umc-core.smx] VOTE MENU: (Verbose) Fetching 1 maps from group 'Cooldown Maps'
L 04/02/2018 - 17:37:38: [umc-core.smx] VOTE MENU: (Verbose) Finished parsing nominations for map group 'Cooldown Maps'
L 04/02/2018 - 17:37:38: [umc-core.smx] VOTE MENU: (Verbose) Still need to fetch 1 maps from the group.
L 04/02/2018 - 17:37:38: [umc-core.smx] VOTE MENU: (Verbose) Selected map 'fun_ricochet_a4' from group 'Cooldown Maps' was added to the vote.
L 04/02/2018 - 17:37:38: [umc-core.smx] Initiating Vote Type: Map
L 04/02/2018 - 17:37:38: [umc-core.smx] Adding Clients to Vote:
L 04/02/2018 - 17:37:38: [umc-core.smx] 0: rauer (2)
L 04/02/2018 - 17:37:38: [umc-core.smx] VOTE MENU:
L 04/02/2018 - 17:37:38: [umc-core.smx] 2: con_district402 (0)
L 04/02/2018 - 17:37:38: [umc-core.smx] 3: fun_ricochet_a4 (1)
L 04/02/2018 - 17:37:46: [umc-nominate.smx] rauer wants to nominate a map.
L 04/02/2018 - 17:37:46: [umc-emp-mapvote.smx] WARNING: Map Voting failure. Initiating random map fail-safe.
L 04/02/2018 - 17:37:46: [umc-core.smx] Setting nextmap to: fun_ricochet_a4
L 04/02/2018 - 17:37:46: [umc-randomcycle.smx] Disabling random nextmap selection.
L 04/02/2018 - 17:37:46: [umc-core.smx] umc-emp-mapvote.smx: Changing map to 'fun_ricochet_a4' in 5 seconds.
L 04/02/2018 - 17:37:46: [umc-core.smx] Vote has concluded.
L 04/02/2018 - 17:37:51: [umc-core.smx] ---------------------MAP CHANGE: fun_ricochet_a4---------------------
L 04/02/2018 - 17:37:51: [umc-endvote-warnings.smx] Successfully parsed and set up 11 vote warnings.
L 04/02/2018 - 17:37:51: [umc-rockthevote.smx] RTV will be made available in 60 seconds.
L 04/02/2018 - 17:38:52: [umc-rockthevote.smx] RTV is now available.
L 04/02/2018 - 18:27:57: [umc-rockthevote.smx] Starting RTV.
L 04/02/2018 - 18:27:57: [umc-core.smx] VOTE MENU: (Verbose) Fetching 6 maps from group 'Commander Maps'
L 04/02/2018 - 18:27:57: [umc-core.smx] VOTE MENU: (Verbose) Finished parsing nominations for map group 'Commander Maps'
L 04/02/2018 - 18:27:57: [umc-core.smx] VOTE MENU: (Verbose) Still need to fetch 6 maps from the group.
L 04/02/2018 - 18:27:57: [umc-core.smx] VOTE MENU: (Verbose) No more maps in map group 'Commander Maps'
L 04/02/2018 - 18:27:57: [umc-core.smx] VOTE MENU: (Verbose) Fetching 1 maps from group 'Infantry Maps'
L 04/02/2018 - 18:27:57: [umc-core.smx] VOTE MENU: (Verbose) Finished parsing nominations for map group 'Infantry Maps'
L 04/02/2018 - 18:27:57: [umc-core.smx] VOTE MENU: (Verbose) Still need to fetch 1 maps from the group.
L 04/02/2018 - 18:27:57: [umc-core.smx] VOTE MENU: (Verbose) Selected map 'con_glycencity' from group 'Infantry Maps' was added to the vote.
L 04/02/2018 - 18:27:57: [umc-core.smx] VOTE MENU: (Verbose) Fetching 1 maps from group 'Cooldown Maps'
L 04/02/2018 - 18:27:57: [umc-core.smx] VOTE MENU: (Verbose) Finished parsing nominations for map group 'Cooldown Maps'
L 04/02/2018 - 18:27:57: [umc-core.smx] VOTE MENU: (Verbose) Still need to fetch 1 maps from the group.
L 04/02/2018 - 18:27:57: [umc-core.smx] VOTE MENU: (Verbose) No more maps in map group 'Cooldown Maps'
L 04/02/2018 - 18:27:57: [umc-core.smx] Initiating Vote Type: Map
L 04/02/2018 - 18:27:57: [umc-core.smx] Adding Clients to Vote:
L 04/02/2018 - 18:27:57: [umc-core.smx] 0: rauer (2)
L 04/02/2018 - 18:27:57: [umc-core.smx] VOTE MENU:
L 04/02/2018 - 18:27:57: [umc-rockthevote.smx] Could not start UMC vote.
L 04/02/2018 - 18:28:02: [umc-nominate.smx] rauer wants to nominate a map.
L 04/02/2018 - 18:28:07: [umc-nominate.smx] rauer has nominated 'emp_shadows_attacks_fix' from group 'Infantry Maps'
L 04/02/2018 - 18:28:34: [umc-nominate.smx] rauer wants to nominate a map.
L 04/02/2018 - 18:29:23: [umc-emp-mapvote.smx] Map vote will appear in 30 seconds.
L 04/02/2018 - 18:29:53: [umc-emp-mapvote.smx] Starting a map vote.
L 04/02/2018 - 18:29:53: [umc-core.smx] VOTE MENU: (Verbose) Fetching 6 maps from group 'Commander Maps'
L 04/02/2018 - 18:29:53: [umc-core.smx] VOTE MENU: (Verbose) Finished parsing nominations for map group 'Commander Maps'
L 04/02/2018 - 18:29:53: [umc-core.smx] VOTE MENU: (Verbose) Still need to fetch 6 maps from the group.
L 04/02/2018 - 18:29:53: [umc-core.smx] VOTE MENU: (Verbose) No more maps in map group 'Commander Maps'
L 04/02/2018 - 18:29:53: [umc-core.smx] VOTE MENU: (Verbose) Fetching 1 maps from group 'Infantry Maps'
L 04/02/2018 - 18:29:53: [umc-core.smx] VOTE MENU: (Verbose) Nominated map 'emp_shadows_attacks_fix' from group 'Infantry Maps' was added to the vote.
L 04/02/2018 - 18:29:53: [umc-core.smx] VOTE MENU: (Verbose) Finished parsing nominations for map group 'Infantry Maps'
L 04/02/2018 - 18:29:53: [umc-core.smx] VOTE MENU: (Verbose) Fetching 1 maps from group 'Cooldown Maps'
L 04/02/2018 - 18:29:53: [umc-core.smx] VOTE MENU: (Verbose) Finished parsing nominations for map group 'Cooldown Maps'
L 04/02/2018 - 18:29:53: [umc-core.smx] VOTE MENU: (Verbose) Still need to fetch 1 maps from the group.
L 04/02/2018 - 18:29:53: [umc-core.smx] VOTE MENU: (Verbose) No more maps in map group 'Cooldown Maps'
L 04/02/2018 - 18:29:53: [umc-core.smx] Initiating Vote Type: Map
L 04/02/2018 - 18:29:53: [umc-core.smx] Adding Clients to Vote:
L 04/02/2018 - 18:29:53: [umc-core.smx] 0: rauer (2)
L 04/02/2018 - 18:29:53: [umc-core.smx] VOTE MENU:
L 04/02/2018 - 18:29:53: [umc-emp-mapvote.smx] Could not start UMC vote.
L 04/02/2018 - 18:29:53: [umc-emp-mapvote.smx] WARNING: Map Voting failure. Initiating random map fail-safe.
L 04/02/2018 - 18:29:53: [umc-core.smx] Setting nextmap to: emp_havoc_b1_fix
L 04/02/2018 - 18:29:53: [umc-randomcycle.smx] Disabling random nextmap selection.
L 04/02/2018 - 18:29:53: [umc-core.smx] umc-emp-mapvote.smx: Changing map to 'emp_havoc_b1_fix' in 5 seconds.
L 04/02/2018 - 18:29:59: [umc-core.smx] ---------------------MAP CHANGE: emp_havoc_b1_fix---------------------
L 04/02/2018 - 18:29:59: [umc-endvote-warnings.smx] Successfully parsed and set up 11 vote warnings.
L 04/02/2018 - 18:29:59: [umc-rockthevote.smx] RTV will be made available in 60 seconds.
L 04/02/2018 - 18:31:00: [umc-rockthevote.smx] RTV is now available.
L 04/02/2018 - 19:01:31: [umc-emp-mapvote.smx] Map vote will appear in 30 seconds.
L 04/02/2018 - 19:02:01: [umc-emp-mapvote.smx] Starting a map vote.
L 04/02/2018 - 19:02:01: [umc-core.smx] VOTE MENU: (Verbose) Fetching 6 maps from group 'Commander Maps'
L 04/02/2018 - 19:02:01: [umc-core.smx] VOTE MENU: (Verbose) Finished parsing nominations for map group 'Commander Maps'
L 04/02/2018 - 19:02:01: [umc-core.smx] VOTE MENU: (Verbose) Still need to fetch 6 maps from the group.
L 04/02/2018 - 19:02:01: [umc-core.smx] VOTE MENU: (Verbose) Selected map 'emp_drygulch_a6' from group 'Commander Maps' was added to the vote.
L 04/02/2018 - 19:02:01: [umc-core.smx] VOTE MENU: (Verbose) No more maps in map group 'Commander Maps'
L 04/02/2018 - 19:02:01: [umc-core.smx] VOTE MENU: (Verbose) Fetching 1 maps from group 'Infantry Maps'
L 04/02/2018 - 19:02:01: [umc-core.smx] VOTE MENU: (Verbose) Finished parsing nominations for map group 'Infantry Maps'
L 04/02/2018 - 19:02:01: [umc-core.smx] VOTE MENU: (Verbose) Still need to fetch 1 maps from the group.
L 04/02/2018 - 19:02:01: [umc-core.smx] VOTE MENU: (Verbose) Selected map 'emp_shadows_attacks_fix' from group 'Infantry Maps' was added to the vote.
L 04/02/2018 - 19:02:01: [umc-core.smx] VOTE MENU: (Verbose) Fetching 1 maps from group 'Cooldown Maps'
L 04/02/2018 - 19:02:01: [umc-core.smx] VOTE MENU: (Verbose) Finished parsing nominations for map group 'Cooldown Maps'
L 04/02/2018 - 19:02:01: [umc-core.smx] VOTE MENU: (Verbose) Still need to fetch 1 maps from the group.
L 04/02/2018 - 19:02:01: [umc-core.smx] VOTE MENU: (Verbose) No more maps in map group 'Cooldown Maps'
L 04/02/2018 - 19:02:01: [umc-core.smx] Initiating Vote Type: Map
L 04/02/2018 - 19:02:01: [umc-core.smx] Adding Clients to Vote:
L 04/02/2018 - 19:02:01: [umc-core.smx] 0: rauer (2)
L 04/02/2018 - 19:02:01: [umc-core.smx] VOTE MENU:
L 04/02/2018 - 19:02:01: [umc-core.smx] 2: emp_drygulch (0)
L 04/02/2018 - 19:02:01: [umc-core.smx] 3: con_shadows_attacks (1)
L 04/02/2018 - 19:02:05: [umc-core.smx] rauer<82><[U:1:2546402]><> selected menu item 1
L 04/02/2018 - 19:02:05: [umc-core.smx] Setting nextmap to: emp_drygulch_a6
L 04/02/2018 - 19:02:05: [umc-randomcycle.smx] Disabling random nextmap selection.
L 04/02/2018 - 19:02:05: [umc-core.smx] umc-emp-mapvote.smx: Changing map to 'emp_drygulch_a6' in 5 seconds.
L 04/02/2018 - 19:02:05: [umc-core.smx] MAPVOTE: Players voted for map 'emp_drygulch_a6' from group 'Commander Maps'
L 04/02/2018 - 19:02:05: [umc-core.smx] Vote has concluded.
L 04/02/2018 - 19:02:11: [umc-core.smx] ---------------------MAP CHANGE: emp_drygulch_a6---------------------
L 04/02/2018 - 19:02:11: [umc-endvote-warnings.smx] Successfully parsed and set up 11 vote warnings.
L 04/02/2018 - 19:02:11: [umc-rockthevote.smx] RTV will be made available in 60 seconds.
L 04/02/2018 - 19:03:12: [umc-rockthevote.smx] RTV is now available.
L 04/02/2018 - 20:00:47: [umc-emp-mapvote.smx] Map vote will appear in 30 seconds.
L 04/02/2018 - 20:01:17: [umc-emp-mapvote.smx] Starting a map vote.
L 04/02/2018 - 20:01:17: [umc-core.smx] VOTE MENU: (Verbose) Fetching 6 maps from group 'Commander Maps'
L 04/02/2018 - 20:01:17: [umc-core.smx] VOTE MENU: (Verbose) Finished parsing nominations for map group 'Commander Maps'
L 04/02/2018 - 20:01:17: [umc-core.smx] VOTE MENU: (Verbose) Still need to fetch 6 maps from the group.
L 04/02/2018 - 20:01:17: [umc-core.smx] VOTE MENU: (Verbose) Selected map 'emp_downfall_hce' from group 'Commander Maps' was added to the vote.
L 04/02/2018 - 20:01:17: [umc-core.smx] VOTE MENU: (Verbose) No more maps in map group 'Commander Maps'
L 04/02/2018 - 20:01:17: [umc-core.smx] VOTE MENU: (Verbose) Fetching 1 maps from group 'Infantry Maps'
L 04/02/2018 - 20:01:17: [umc-core.smx] VOTE MENU: (Verbose) Finished parsing nominations for map group 'Infantry Maps'
L 04/02/2018 - 20:01:17: [umc-core.smx] VOTE MENU: (Verbose) Still need to fetch 1 maps from the group.
L 04/02/2018 - 20:01:17: [umc-core.smx] VOTE MENU: (Verbose) Selected map 'emp_fogtown_cl2_fix' from group 'Infantry Maps' was added to the vote.
L 04/02/2018 - 20:01:17: [umc-core.smx] VOTE MENU: (Verbose) Fetching 1 maps from group 'Cooldown Maps'
L 04/02/2018 - 20:01:17: [umc-core.smx] VOTE MENU: (Verbose) Finished parsing nominations for map group 'Cooldown Maps'
L 04/02/2018 - 20:01:17: [umc-core.smx] VOTE MENU: (Verbose) Still need to fetch 1 maps from the group.
L 04/02/2018 - 20:01:17: [umc-core.smx] VOTE MENU: (Verbose) No more maps in map group 'Cooldown Maps'
L 04/02/2018 - 20:01:17: [umc-core.smx] Initiating Vote Type: Map
L 04/02/2018 - 20:01:17: [umc-core.smx] Adding Clients to Vote:
L 04/02/2018 - 20:01:17: [umc-core.smx] 0: rauer (2)
L 04/02/2018 - 20:01:17: [umc-core.smx] 1: Spyer (3)
L 04/02/2018 - 20:01:17: [umc-core.smx] VOTE MENU:
L 04/02/2018 - 20:01:17: [umc-core.smx] 2: con_fogtown (0)
L 04/02/2018 - 20:01:17: [umc-core.smx] 3: emp_downfall (1)
L 04/02/2018 - 20:01:20: [umc-core.smx] rauer<82><[U:1:2546402]><> selected menu item 1
L 04/02/2018 - 20:01:20: [umc-core.smx] Setting nextmap to: emp_fogtown_cl2_fix
L 04/02/2018 - 20:01:20: [umc-randomcycle.smx] Disabling random nextmap selection.
L 04/02/2018 - 20:01:20: [umc-core.smx] umc-emp-mapvote.smx: Changing map to 'emp_fogtown_cl2_fix' in 5 seconds.
L 04/02/2018 - 20:01:20: [umc-core.smx] MAPVOTE: Players voted for map 'emp_fogtown_cl2_fix' from group 'Infantry Maps'
L 04/02/2018 - 20:01:20: [umc-core.smx] Vote has concluded.
L 04/02/2018 - 20:01:26: [umc-core.smx] ---------------------MAP CHANGE: emp_fogtown_cl2_fix---------------------
L 04/02/2018 - 20:01:27: [umc-endvote-warnings.smx] Successfully parsed and set up 11 vote warnings.
L 04/02/2018 - 20:01:27: [umc-rockthevote.smx] RTV will be made available in 60 seconds.
L 04/02/2018 - 20:02:27: [umc-rockthevote.smx] RTV is now available.
L 04/02/2018 - 21:11:14: [umc-emp-mapvote.smx] Map vote will appear in 30 seconds.
L 04/02/2018 - 21:11:44: [umc-emp-mapvote.smx] Starting a map vote.
L 04/02/2018 - 21:11:44: [umc-core.smx] VOTE MENU: (Verbose) Fetching 6 maps from group 'Commander Maps'
L 04/02/2018 - 21:11:44: [umc-core.smx] VOTE MENU: (Verbose) Finished parsing nominations for map group 'Commander Maps'
L 04/02/2018 - 21:11:44: [umc-core.smx] VOTE MENU: (Verbose) Still need to fetch 6 maps from the group.
L 04/02/2018 - 21:11:44: [umc-core.smx] VOTE MENU: (Verbose) Selected map 'emp_downfall_hce' from group 'Commander Maps' was added to the vote.
L 04/02/2018 - 21:11:44: [umc-core.smx] VOTE MENU: (Verbose) No more maps in map group 'Commander Maps'
L 04/02/2018 - 21:11:44: [umc-core.smx] VOTE MENU: (Verbose) Fetching 1 maps from group 'Infantry Maps'
L 04/02/2018 - 21:11:44: [umc-core.smx] VOTE MENU: (Verbose) Finished parsing nominations for map group 'Infantry Maps'
L 04/02/2018 - 21:11:44: [umc-core.smx] VOTE MENU: (Verbose) Still need to fetch 1 maps from the group.
L 04/02/2018 - 21:11:44: [umc-core.smx] VOTE MENU: (Verbose) Selected map 'con_blast_ob2' from group 'Infantry Maps' was added to the vote.
L 04/02/2018 - 21:11:44: [umc-core.smx] VOTE MENU: (Verbose) Fetching 1 maps from group 'Cooldown Maps'
L 04/02/2018 - 21:11:44: [umc-core.smx] VOTE MENU: (Verbose) Finished parsing nominations for map group 'Cooldown Maps'
L 04/02/2018 - 21:11:44: [umc-core.smx] VOTE MENU: (Verbose) Still need to fetch 1 maps from the group.
L 04/02/2018 - 21:11:44: [umc-core.smx] VOTE MENU: (Verbose) No more maps in map group 'Cooldown Maps'
L 04/02/2018 - 21:11:44: [umc-core.smx] Initiating Vote Type: Map
L 04/02/2018 - 21:11:44: [umc-core.smx] Adding Clients to Vote:
L 04/02/2018 - 21:11:44: [umc-core.smx] 0: Wilko (2)
L 04/02/2018 - 21:11:44: [umc-core.smx] 1: Spyer (3)
L 04/02/2018 - 21:11:44: [umc-core.smx] 2: Folke (4)
L 04/02/2018 - 21:11:44: [umc-core.smx] 3: Griffin One Two (5)
L 04/02/2018 - 21:11:44: [umc-core.smx] VOTE MENU:
L 04/02/2018 - 21:11:44: [umc-core.smx] 2: con_blast (0)
L 04/02/2018 - 21:11:44: [umc-core.smx] 3: emp_downfall (1)
L 04/02/2018 - 21:11:47: [umc-core.smx] Spyer<86><[U:1:34143605]><> selected menu item 2
L 04/02/2018 - 21:11:49: [umc-core.smx] Spyer<86><[U:1:34143605]><> selected menu item 1
L 04/02/2018 - 21:11:57: [umc-core.smx] Folke<89><[U:1:12576423]><> selected menu item 1
L 04/02/2018 - 21:12:15: [umc-emp-mapvote.smx] WARNING: Map Voting failure. Initiating random map fail-safe.
L 04/02/2018 - 21:12:15: [umc-core.smx] Setting nextmap to: con_glycencity
L 04/02/2018 - 21:12:15: [umc-randomcycle.smx] Disabling random nextmap selection.
L 04/02/2018 - 21:12:15: [umc-core.smx] umc-emp-mapvote.smx: Changing map to 'con_glycencity' in 5 seconds.
L 04/02/2018 - 21:12:15: [umc-core.smx] Vote has concluded.
L 04/02/2018 - 21:12:22: [umc-core.smx] ---------------------MAP CHANGE: con_glycencity---------------------
L 04/02/2018 - 21:12:22: [umc-endvote-warnings.smx] Successfully parsed and set up 11 vote warnings.
L 04/02/2018 - 21:12:22: [umc-rockthevote.smx] RTV will be made available in 60 seconds.
L 04/02/2018 - 21:13:23: [umc-rockthevote.smx] RTV is now available.
L 04/02/2018 - 21:43:11: [umc-emp-mapvote.smx] Map vote will appear in 30 seconds.
L 04/02/2018 - 21:43:41: [umc-emp-mapvote.smx] Starting a map vote.
L 04/02/2018 - 21:43:41: [umc-core.smx] VOTE MENU: (Verbose) Fetching 6 maps from group 'Commander Maps'
L 04/02/2018 - 21:43:41: [umc-core.smx] VOTE MENU: (Verbose) Finished parsing nominations for map group 'Commander Maps'
L 04/02/2018 - 21:43:41: [umc-core.smx] VOTE MENU: (Verbose) Still need to fetch 6 maps from the group.
L 04/02/2018 - 21:43:41: [umc-core.smx] VOTE MENU: (Verbose) Selected map 'emp_crossroads_towerless_hce' from group 'Commander Maps' was added to the vote.
L 04/02/2018 - 21:43:41: [umc-core.smx] VOTE MENU: (Verbose) Selected map 'emp_downfall_hce' from group 'Commander Maps' was added to the vote.
L 04/02/2018 - 21:43:41: [umc-core.smx] VOTE MENU: (Verbose) Selected map 'emp_beachfront_b2_hce' from group 'Commander Maps' was added to the vote.
L 04/02/2018 - 21:43:41: [umc-core.smx] VOTE MENU: (Verbose) No more maps in map group 'Commander Maps'
L 04/02/2018 - 21:43:41: [umc-core.smx] VOTE MENU: (Verbose) Fetching 1 maps from group 'Infantry Maps'
L 04/02/2018 - 21:43:41: [umc-core.smx] VOTE MENU: (Verbose) Finished parsing nominations for map group 'Infantry Maps'
L 04/02/2018 - 21:43:41: [umc-core.smx] VOTE MENU: (Verbose) Still need to fetch 1 maps from the group.
L 04/02/2018 - 21:43:41: [umc-core.smx] VOTE MENU: (Verbose) Selected map 'con_blast_ob2' from group 'Infantry Maps' was added to the vote.
L 04/02/2018 - 21:43:41: [umc-core.smx] VOTE MENU: (Verbose) Fetching 1 maps from group 'Cooldown Maps'
L 04/02/2018 - 21:43:41: [umc-core.smx] VOTE MENU: (Verbose) Finished parsing nominations for map group 'Cooldown Maps'
L 04/02/2018 - 21:43:41: [umc-core.smx] VOTE MENU: (Verbose) Still need to fetch 1 maps from the group.
L 04/02/2018 - 21:43:41: [umc-core.smx] VOTE MENU: (Verbose) Selected map 'fun_ricochet_a4' from group 'Cooldown Maps' was added to the vote.
L 04/02/2018 - 21:43:41: [umc-core.smx] Initiating Vote Type: Map
L 04/02/2018 - 21:43:41: [umc-core.smx] Adding Clients to Vote:
L 04/02/2018 - 21:43:41: [umc-core.smx] 0: Griffin One Two (5)
L 04/02/2018 - 21:43:41: [umc-core.smx] VOTE MENU:
L 04/02/2018 - 21:43:41: [umc-core.smx] 2: emp_beachfront (0)
L 04/02/2018 - 21:43:41: [umc-core.smx] 3: emp_crossroads (1)
L 04/02/2018 - 21:43:41: [umc-core.smx] 4: emp_downfall (2)
L 04/02/2018 - 21:43:41: [umc-core.smx] 5: fun_ricochet_a4 (3)
L 04/02/2018 - 21:43:41: [umc-core.smx] 6: con_blast (4)
L 04/02/2018 - 21:44:11: [umc-emp-mapvote.smx] WARNING: Map Voting failure. Initiating random map fail-safe.
L 04/02/2018 - 21:44:11: [umc-core.smx] Setting nextmap to: emp_beachfront_b2_hce
L 04/02/2018 - 21:44:11: [umc-randomcycle.smx] Disabling random nextmap selection.
L 04/02/2018 - 21:44:11: [umc-core.smx] umc-emp-mapvote.smx: Changing map to 'emp_beachfront_b2_hce' in 5 seconds.
L 04/02/2018 - 21:44:11: [umc-core.smx] Vote has concluded.
L 04/02/2018 - 21:44:17: [umc-core.smx] ---------------------MAP CHANGE: emp_beachfront_b2_hce---------------------
L 04/02/2018 - 21:44:17: [umc-endvote-warnings.smx] Successfully parsed and set up 11 vote warnings.
L 04/02/2018 - 21:44:17: [umc-rockthevote.smx] RTV will be made available in 60 seconds.
L 04/02/2018 - 21:45:18: [umc-rockthevote.smx] RTV is now available.
