L 05/21/2018 - 00:05:05: [umc-emp-mapvote.smx] Map vote will appear in 30 seconds.
L 05/21/2018 - 00:05:35: [umc-emp-mapvote.smx] Starting a map vote.
L 05/21/2018 - 00:05:35: [umc-core.smx] VOTE MENU: (Verbose) Fetching 7 maps from group 'Commander Maps'
L 05/21/2018 - 00:05:35: [umc-core.smx] VOTE MENU: (Verbose) Nominated map 'emp_canyon' from group 'Commander Maps' was added to the vote.
L 05/21/2018 - 00:05:35: [umc-core.smx] VOTE MENU: (Verbose) Nominated map 'emp_mesa_d6_hce' from group 'Commander Maps' was added to the vote.
L 05/21/2018 - 00:05:35: [umc-core.smx] VOTE MENU: (Verbose) Finished parsing nominations for map group 'Commander Maps'
L 05/21/2018 - 00:05:35: [umc-core.smx] VOTE MENU: (Verbose) Still need to fetch 5 maps from the group.
L 05/21/2018 - 00:05:35: [umc-core.smx] VOTE MENU: (Verbose) Selected map 'emp_bush' from group 'Commander Maps' was added to the vote.
L 05/21/2018 - 00:05:35: [umc-core.smx] VOTE MENU: (Verbose) Selected map 'emp_plunge_ob2_2013_hce' from group 'Commander Maps' was added to the vote.
L 05/21/2018 - 00:05:35: [umc-core.smx] VOTE MENU: (Verbose) Selected map 'emp_arid_hce' from group 'Commander Maps' was added to the vote.
L 05/21/2018 - 00:05:35: [umc-core.smx] VOTE MENU: (Verbose) Selected map 'emp_research_1_2_2013' from group 'Commander Maps' was added to the vote.
L 05/21/2018 - 00:05:35: [umc-core.smx] VOTE MENU: (Verbose) Selected map 'emp_forest_ob_2013_hce' from group 'Commander Maps' was added to the vote.
L 05/21/2018 - 00:05:35: [umc-core.smx] VOTE MENU: (Verbose) Fetching 1 maps from group 'Infantry Maps'
L 05/21/2018 - 00:05:35: [umc-core.smx] VOTE MENU: (Verbose) Finished parsing nominations for map group 'Infantry Maps'
L 05/21/2018 - 00:05:35: [umc-core.smx] VOTE MENU: (Verbose) Still need to fetch 1 maps from the group.
L 05/21/2018 - 00:05:35: [umc-core.smx] VOTE MENU: (Verbose) No more maps in map group 'Infantry Maps'
L 05/21/2018 - 00:05:35: [umc-core.smx] VOTE MENU: (Verbose) Fetching 0 maps from group 'Cooldown Maps'
L 05/21/2018 - 00:05:35: [umc-core.smx] VOTE MENU: (Verbose) Finished parsing nominations for map group 'Cooldown Maps'
L 05/21/2018 - 00:05:35: [umc-core.smx] Initiating Vote Type: Map
L 05/21/2018 - 00:05:35: [umc-core.smx] Adding Clients to Vote:
L 05/21/2018 - 00:05:35: [umc-core.smx] 0: Mr. X. (2)
L 05/21/2018 - 00:05:35: [umc-core.smx] 1: Spyer (3)
L 05/21/2018 - 00:05:35: [umc-core.smx] 2: Hyperbolic Hubris (5)
L 05/21/2018 - 00:05:35: [umc-core.smx] 3: Steve_[UK] (6)
L 05/21/2018 - 00:05:35: [umc-core.smx] 4: object™ (7)
L 05/21/2018 - 00:05:35: [umc-core.smx] 5: Daddy Fat Stax (8)
L 05/21/2018 - 00:05:35: [umc-core.smx] 6: Oktay (9)
L 05/21/2018 - 00:05:35: [umc-core.smx] 7: Justkidding (FutureFunk) (10)
L 05/21/2018 - 00:05:35: [umc-core.smx] 8: Axeman (11)
L 05/21/2018 - 00:05:35: [umc-core.smx] 9: Neko_Baron (12)
L 05/21/2018 - 00:05:35: [umc-core.smx] 10: POOTISMAN (13)
L 05/21/2018 - 00:05:35: [umc-core.smx] 11: Golem (14)
L 05/21/2018 - 00:05:35: [umc-core.smx] 12: Lerk (15)
L 05/21/2018 - 00:05:35: [umc-core.smx] 13: .|Ϟ|. Spike (17)
L 05/21/2018 - 00:05:35: [umc-core.smx] 14: Nice.C (18)
L 05/21/2018 - 00:05:35: [umc-core.smx] 15: Beatandgo (19)
L 05/21/2018 - 00:05:35: [umc-core.smx] 16: JK (20)
L 05/21/2018 - 00:05:35: [umc-core.smx] 17: xsEgo (21)
L 05/21/2018 - 00:05:35: [umc-core.smx] 18: .|Ϟ|. Catface (No Sound) (22)
L 05/21/2018 - 00:05:35: [umc-core.smx] 19: X Acolyte 我爱你 (23)
L 05/21/2018 - 00:05:35: [umc-core.smx] 20: Mikleo (24)
L 05/21/2018 - 00:05:35: [umc-core.smx] 21: =[KXIC]= hopfi (25)
L 05/21/2018 - 00:05:35: [umc-core.smx] 22: Solace (26)
L 05/21/2018 - 00:05:35: [umc-core.smx] 23: ScardyBob (28)
L 05/21/2018 - 00:05:35: [umc-core.smx] 24: Quigon (30)
L 05/21/2018 - 00:05:35: [umc-core.smx] 25: =) (31)
L 05/21/2018 - 00:05:35: [umc-core.smx] 26: CrazyMRANZ (32)
L 05/21/2018 - 00:05:35: [umc-core.smx] 27: Kedgeree (37)
L 05/21/2018 - 00:05:35: [umc-core.smx] VOTE MENU:
L 05/21/2018 - 00:05:35: [umc-core.smx] 2: emp_plunge (0)
L 05/21/2018 - 00:05:35: [umc-core.smx] 3: emp_research (1)
L 05/21/2018 - 00:05:35: [umc-core.smx] 4: emp_mesa (2)
L 05/21/2018 - 00:05:35: [umc-core.smx] 5: emp_arid (3)
L 05/21/2018 - 00:05:35: [umc-core.smx] 6: emp_bush (4)
L 05/21/2018 - 00:05:35: [umc-core.smx] 7: emp_forest (5)
L 05/21/2018 - 00:05:35: [umc-core.smx] 8: emp_canyon (6)
L 05/21/2018 - 00:05:38: [umc-core.smx] Steve_[UK]<80><[U:1:7600510]><> selected menu item 7
L 05/21/2018 - 00:05:39: [umc-core.smx] CrazyMRANZ<74><[U:1:42657167]><> selected menu item 7
L 05/21/2018 - 00:05:39: [umc-core.smx] Golem<15><[U:1:23067134]><> selected menu item 7
L 05/21/2018 - 00:05:39: [umc-core.smx] Beatandgo<97><[U:1:7219944]><> selected menu item 7
L 05/21/2018 - 00:05:40: [umc-core.smx] Quigon<82><[U:1:5653485]><> selected menu item 7
L 05/21/2018 - 00:05:41: [umc-core.smx] Lerk<116><[U:1:52053844]><> selected menu item 7
L 05/21/2018 - 00:05:42: [umc-core.smx] POOTISMAN<117><[U:1:26527408]><> selected menu item 2
L 05/21/2018 - 00:05:42: [umc-core.smx] Daddy Fat Stax<21><[U:1:36574306]><> selected menu item 4
L 05/21/2018 - 00:05:43: [umc-core.smx] ScardyBob<32><[U:1:21571057]><> selected menu item 2
L 05/21/2018 - 00:05:43: [umc-core.smx] Nice.C<101><[U:1:7169550]><> selected menu item 7
L 05/21/2018 - 00:05:43: [umc-core.smx] object™<8><[U:1:1221009]><> selected menu item 7
L 05/21/2018 - 00:05:45: [umc-core.smx] .|Ϟ|. Catface (No Sound)<57><[U:1:41745247]><> selected menu item 2
L 05/21/2018 - 00:05:46: [umc-core.smx] X Acolyte 我爱你<109><[U:1:51019709]><> selected menu item 7
L 05/21/2018 - 00:05:47: [umc-core.smx] Spyer<4><[U:1:34143605]><> selected menu item 7
L 05/21/2018 - 00:05:49: [umc-core.smx] Hyperbolic Hubris<110><[U:1:15813678]><> selected menu item 7
L 05/21/2018 - 00:05:55: [umc-core.smx] Neko_Baron<84><[U:1:33270274]><> selected menu item 6
L 05/21/2018 - 00:06:06: [umc-core.smx] Setting nextmap to: emp_canyon
L 05/21/2018 - 00:06:06: [umc-randomcycle.smx] Disabling random nextmap selection.
L 05/21/2018 - 00:06:06: [umc-core.smx] umc-emp-mapvote.smx: Changing map to 'emp_canyon' in 5 seconds.
L 05/21/2018 - 00:06:06: [umc-core.smx] MAPVOTE: Players voted for map 'emp_canyon' from group 'Commander Maps'
L 05/21/2018 - 00:06:06: [umc-core.smx] Vote has concluded.
L 05/21/2018 - 00:06:11: [umc-core.smx] ---------------------MAP CHANGE: emp_canyon---------------------
L 05/21/2018 - 00:06:11: [umc-endvote-warnings.smx] Successfully parsed and set up 11 vote warnings.
L 05/21/2018 - 00:06:11: [umc-rockthevote.smx] RTV will be made available in 60 seconds.
L 05/21/2018 - 00:07:12: [umc-rockthevote.smx] RTV is now available.
L 05/21/2018 - 00:48:04: [umc-nominate.smx] Oktay wants to nominate a map.
L 05/21/2018 - 00:48:08: [umc-nominate.smx] Oktay has nominated 'emp_forest_ob_2013_hce' from group 'Commander Maps'
L 05/21/2018 - 01:08:43: [umc-emp-mapvote.smx] Map vote will appear in 30 seconds.
L 05/21/2018 - 01:09:13: [umc-emp-mapvote.smx] Starting a map vote.
L 05/21/2018 - 01:09:13: [umc-core.smx] VOTE MENU: (Verbose) Fetching 7 maps from group 'Commander Maps'
L 05/21/2018 - 01:09:13: [umc-core.smx] VOTE MENU: (Verbose) Finished parsing nominations for map group 'Commander Maps'
L 05/21/2018 - 01:09:13: [umc-core.smx] VOTE MENU: (Verbose) Still need to fetch 7 maps from the group.
L 05/21/2018 - 01:09:13: [umc-core.smx] VOTE MENU: (Verbose) Selected map 'emp_downfall_hce' from group 'Commander Maps' was added to the vote.
L 05/21/2018 - 01:09:13: [umc-core.smx] VOTE MENU: (Verbose) Selected map 'emp_blah4_fix' from group 'Commander Maps' was added to the vote.
L 05/21/2018 - 01:09:13: [umc-core.smx] VOTE MENU: (Verbose) Selected map 'emp_hazard_rc6' from group 'Commander Maps' was added to the vote.
L 05/21/2018 - 01:09:13: [umc-core.smx] VOTE MENU: (Verbose) Selected map 'emp_bush' from group 'Commander Maps' was added to the vote.
L 05/21/2018 - 01:09:13: [umc-core.smx] VOTE MENU: (Verbose) Selected map 'emp_silo_rc5_hce' from group 'Commander Maps' was added to the vote.
L 05/21/2018 - 01:09:13: [umc-core.smx] VOTE MENU: (Verbose) Selected map 'emp_palmbay_fix' from group 'Commander Maps' was added to the vote.
L 05/21/2018 - 01:09:13: [umc-core.smx] VOTE MENU: (Verbose) Selected map 'emp_glacial_b2' from group 'Commander Maps' was added to the vote.
L 05/21/2018 - 01:09:13: [umc-core.smx] VOTE MENU: (Verbose) Fetching 1 maps from group 'Infantry Maps'
L 05/21/2018 - 01:09:13: [umc-core.smx] VOTE MENU: (Verbose) Finished parsing nominations for map group 'Infantry Maps'
L 05/21/2018 - 01:09:13: [umc-core.smx] VOTE MENU: (Verbose) Still need to fetch 1 maps from the group.
L 05/21/2018 - 01:09:13: [umc-core.smx] VOTE MENU: (Verbose) No more maps in map group 'Infantry Maps'
L 05/21/2018 - 01:09:13: [umc-core.smx] VOTE MENU: (Verbose) Fetching 0 maps from group 'Cooldown Maps'
L 05/21/2018 - 01:09:13: [umc-core.smx] VOTE MENU: (Verbose) Finished parsing nominations for map group 'Cooldown Maps'
L 05/21/2018 - 01:09:13: [umc-core.smx] Initiating Vote Type: Map
L 05/21/2018 - 01:09:13: [umc-core.smx] Adding Clients to Vote:
L 05/21/2018 - 01:09:13: [umc-core.smx] 0: Mr. X. (2)
L 05/21/2018 - 01:09:13: [umc-core.smx] 1: Daddy Fat Stax (3)
L 05/21/2018 - 01:09:13: [umc-core.smx] 2: Hyperbolic Hubris (5)
L 05/21/2018 - 01:09:13: [umc-core.smx] 3: Steve_[UK] (6)
L 05/21/2018 - 01:09:13: [umc-core.smx] 4: object™ (7)
L 05/21/2018 - 01:09:13: [umc-core.smx] 5: Oktay (9)
L 05/21/2018 - 01:09:13: [umc-core.smx] 6: Justkidding (FutureFunk) (10)
L 05/21/2018 - 01:09:13: [umc-core.smx] 7: Axeman (11)
L 05/21/2018 - 01:09:13: [umc-core.smx] 8: POOTISMAN (13)
L 05/21/2018 - 01:09:13: [umc-core.smx] 9: Golem (14)
L 05/21/2018 - 01:09:13: [umc-core.smx] 10: Kaene (16)
L 05/21/2018 - 01:09:13: [umc-core.smx] 11: .|Ϟ|. Spike (17)
L 05/21/2018 - 01:09:13: [umc-core.smx] 12: Kaboosha (18)
L 05/21/2018 - 01:09:13: [umc-core.smx] 13: Beatandgo (19)
L 05/21/2018 - 01:09:13: [umc-core.smx] 14: JK (20)
L 05/21/2018 - 01:09:13: [umc-core.smx] 15: xsEgo (21)
L 05/21/2018 - 01:09:13: [umc-core.smx] 16: Mikleo (24)
L 05/21/2018 - 01:09:13: [umc-core.smx] 17: TurnipCamera (25)
L 05/21/2018 - 01:09:13: [umc-core.smx] 18: Solace (26)
L 05/21/2018 - 01:09:13: [umc-core.smx] 19: ScardyBob (28)
L 05/21/2018 - 01:09:13: [umc-core.smx] 20: Quigon (30)
L 05/21/2018 - 01:09:13: [umc-core.smx] 21: =) (31)
L 05/21/2018 - 01:09:13: [umc-core.smx] VOTE MENU:
L 05/21/2018 - 01:09:13: [umc-core.smx] 2: emp_palmbay (0)
L 05/21/2018 - 01:09:13: [umc-core.smx] 3: emp_bush (1)
L 05/21/2018 - 01:09:13: [umc-core.smx] 4: emp_blah4 (2)
L 05/21/2018 - 01:09:13: [umc-core.smx] 5: emp_silo (3)
L 05/21/2018 - 01:09:13: [umc-core.smx] 6: emp_hazard (4)
L 05/21/2018 - 01:09:13: [umc-core.smx] 7: emp_downfall (5)
L 05/21/2018 - 01:09:13: [umc-core.smx] 8: emp_glacial (6)
L 05/21/2018 - 01:09:17: [umc-core.smx] Kaboosha<123><[U:1:8648787]><> selected menu item 1
L 05/21/2018 - 01:09:18: [umc-core.smx] TurnipCamera<120><[U:1:51331855]><> selected menu item 1
L 05/21/2018 - 01:09:18: [umc-core.smx] ScardyBob<32><[U:1:21571057]><> selected menu item 1
L 05/21/2018 - 01:09:20: [umc-core.smx] Golem<15><[U:1:23067134]><> selected menu item 2
L 05/21/2018 - 01:09:21: [umc-core.smx] Steve_[UK]<80><[U:1:7600510]><> selected menu item 1
L 05/21/2018 - 01:09:22: [umc-core.smx] Beatandgo<97><[U:1:7219944]><> selected menu item 1
L 05/21/2018 - 01:09:25: [umc-core.smx] object™<8><[U:1:1221009]><> selected menu item 1
L 05/21/2018 - 01:09:33: [umc-core.smx] Axeman<102><[U:1:34903667]><> selected menu item 5
L 05/21/2018 - 01:09:36: [umc-core.smx] POOTISMAN<117><[U:1:26527408]><> selected menu item 1
L 05/21/2018 - 01:09:44: [umc-core.smx] Setting nextmap to: emp_palmbay_fix
L 05/21/2018 - 01:09:44: [umc-randomcycle.smx] Disabling random nextmap selection.
L 05/21/2018 - 01:09:44: [umc-core.smx] umc-emp-mapvote.smx: Changing map to 'emp_palmbay_fix' in 5 seconds.
L 05/21/2018 - 01:09:44: [umc-core.smx] MAPVOTE: Players voted for map 'emp_palmbay_fix' from group 'Commander Maps'
L 05/21/2018 - 01:09:44: [umc-core.smx] Vote has concluded.
L 05/21/2018 - 01:09:50: [umc-core.smx] ---------------------MAP CHANGE: emp_palmbay_fix---------------------
L 05/21/2018 - 01:09:50: [umc-endvote-warnings.smx] Successfully parsed and set up 11 vote warnings.
L 05/21/2018 - 01:09:50: [umc-rockthevote.smx] RTV will be made available in 60 seconds.
L 05/21/2018 - 01:10:51: [umc-rockthevote.smx] RTV is now available.
L 05/21/2018 - 01:11:00: [umc-nominate.smx] TurnipCamera wants to nominate a map.
L 05/21/2018 - 01:11:33: [umc-nominate.smx] TurnipCamera wants to nominate a map.
L 05/21/2018 - 01:11:36: [umc-nominate.smx] TurnipCamera has nominated 'con_district402' from group 'Infantry Maps'
L 05/21/2018 - 01:26:18: [umc-emp-mapvote.smx] Map vote will appear in 30 seconds.
L 05/21/2018 - 01:26:48: [umc-emp-mapvote.smx] Starting a map vote.
L 05/21/2018 - 01:26:48: [umc-core.smx] VOTE MENU: (Verbose) Fetching 7 maps from group 'Commander Maps'
L 05/21/2018 - 01:26:48: [umc-core.smx] VOTE MENU: (Verbose) Finished parsing nominations for map group 'Commander Maps'
L 05/21/2018 - 01:26:48: [umc-core.smx] VOTE MENU: (Verbose) Still need to fetch 7 maps from the group.
L 05/21/2018 - 01:26:48: [umc-core.smx] VOTE MENU: (Verbose) Selected map 'emp_downfall_hce' from group 'Commander Maps' was added to the vote.
L 05/21/2018 - 01:26:48: [umc-core.smx] VOTE MENU: (Verbose) Selected map 'emp_crossroads_towerless_hce' from group 'Commander Maps' was added to the vote.
L 05/21/2018 - 01:26:48: [umc-core.smx] VOTE MENU: (Verbose) Selected map 'emp_beachfront_b2_hce' from group 'Commander Maps' was added to the vote.
L 05/21/2018 - 01:26:48: [umc-core.smx] VOTE MENU: (Verbose) Selected map 'emp_drygulch_a7' from group 'Commander Maps' was added to the vote.
L 05/21/2018 - 01:26:48: [umc-core.smx] VOTE MENU: (Verbose) No more maps in map group 'Commander Maps'
L 05/21/2018 - 01:26:48: [umc-core.smx] VOTE MENU: (Verbose) Fetching 1 maps from group 'Infantry Maps'
L 05/21/2018 - 01:26:48: [umc-core.smx] VOTE MENU: (Verbose) Finished parsing nominations for map group 'Infantry Maps'
L 05/21/2018 - 01:26:48: [umc-core.smx] VOTE MENU: (Verbose) Still need to fetch 1 maps from the group.
L 05/21/2018 - 01:26:48: [umc-core.smx] VOTE MENU: (Verbose) Selected map 'con_blast_ob2' from group 'Infantry Maps' was added to the vote.
L 05/21/2018 - 01:26:48: [umc-core.smx] VOTE MENU: (Verbose) Fetching 0 maps from group 'Cooldown Maps'
L 05/21/2018 - 01:26:48: [umc-core.smx] VOTE MENU: (Verbose) Finished parsing nominations for map group 'Cooldown Maps'
L 05/21/2018 - 01:26:48: [umc-core.smx] Initiating Vote Type: Map
L 05/21/2018 - 01:26:48: [umc-core.smx] Adding Clients to Vote:
L 05/21/2018 - 01:26:48: [umc-core.smx] 0: Mr. X. (2)
L 05/21/2018 - 01:26:48: [umc-core.smx] 1: Kaboosha (18)
L 05/21/2018 - 01:26:48: [umc-core.smx] 2: JK (20)
L 05/21/2018 - 01:26:48: [umc-core.smx] 3: =) (31)
L 05/21/2018 - 01:26:48: [umc-core.smx] VOTE MENU:
L 05/21/2018 - 01:26:48: [umc-core.smx] 2: emp_crossroads (0)
L 05/21/2018 - 01:26:48: [umc-core.smx] 3: emp_drygulch (1)
L 05/21/2018 - 01:26:48: [umc-core.smx] 4: con_blast (2)
L 05/21/2018 - 01:26:48: [umc-core.smx] 5: emp_beachfront (3)
L 05/21/2018 - 01:26:48: [umc-core.smx] 6: emp_downfall (4)
L 05/21/2018 - 01:26:52: [umc-core.smx] Kaboosha<123><[U:1:8648787]><> selected menu item 1
L 05/21/2018 - 01:26:57: [umc-core.smx] =)<113><[U:1:79255401]><> selected menu item 1
L 05/21/2018 - 01:27:19: [umc-core.smx] Setting nextmap to: emp_crossroads_towerless_hce
L 05/21/2018 - 01:27:19: [umc-randomcycle.smx] Disabling random nextmap selection.
L 05/21/2018 - 01:27:19: [umc-core.smx] umc-emp-mapvote.smx: Changing map to 'emp_crossroads_towerless_hce' in 5 seconds.
L 05/21/2018 - 01:27:19: [umc-core.smx] MAPVOTE: Players voted for map 'emp_crossroads_towerless_hce' from group 'Commander Maps'
L 05/21/2018 - 01:27:19: [umc-core.smx] Vote has concluded.
L 05/21/2018 - 01:27:25: [umc-core.smx] ---------------------MAP CHANGE: emp_crossroads_towerless_hce---------------------
L 05/21/2018 - 01:27:25: [umc-endvote-warnings.smx] Successfully parsed and set up 11 vote warnings.
L 05/21/2018 - 01:27:25: [umc-rockthevote.smx] RTV will be made available in 60 seconds.
L 05/21/2018 - 01:28:26: [umc-rockthevote.smx] RTV is now available.
L 05/21/2018 - 08:49:02: [umc-emp-mapvote.smx] Map vote will appear in 30 seconds.
L 05/21/2018 - 08:49:24: [umc-nominate.smx] rauer wants to nominate a map.
L 05/21/2018 - 08:49:32: [umc-emp-mapvote.smx] Starting a map vote.
L 05/21/2018 - 08:49:32: [umc-core.smx] VOTE MENU: (Verbose) Fetching 7 maps from group 'Commander Maps'
L 05/21/2018 - 08:49:32: [umc-core.smx] VOTE MENU: (Verbose) Finished parsing nominations for map group 'Commander Maps'
L 05/21/2018 - 08:49:32: [umc-core.smx] VOTE MENU: (Verbose) Still need to fetch 7 maps from the group.
L 05/21/2018 - 08:49:32: [umc-core.smx] VOTE MENU: (Verbose) Selected map 'emp_downfall_hce' from group 'Commander Maps' was added to the vote.
L 05/21/2018 - 08:49:32: [umc-core.smx] VOTE MENU: (Verbose) Selected map 'emp_beachfront_b2_hce' from group 'Commander Maps' was added to the vote.
L 05/21/2018 - 08:49:32: [umc-core.smx] VOTE MENU: (Verbose) Selected map 'emp_drygulch_a7' from group 'Commander Maps' was added to the vote.
L 05/21/2018 - 08:49:32: [umc-core.smx] VOTE MENU: (Verbose) No more maps in map group 'Commander Maps'
L 05/21/2018 - 08:49:32: [umc-core.smx] VOTE MENU: (Verbose) Fetching 1 maps from group 'Infantry Maps'
L 05/21/2018 - 08:49:32: [umc-core.smx] VOTE MENU: (Verbose) Finished parsing nominations for map group 'Infantry Maps'
L 05/21/2018 - 08:49:32: [umc-core.smx] VOTE MENU: (Verbose) Still need to fetch 1 maps from the group.
L 05/21/2018 - 08:49:32: [umc-core.smx] VOTE MENU: (Verbose) Selected map 'con_district402' from group 'Infantry Maps' was added to the vote.
L 05/21/2018 - 08:49:32: [umc-core.smx] VOTE MENU: (Verbose) Fetching 0 maps from group 'Cooldown Maps'
L 05/21/2018 - 08:49:32: [umc-core.smx] VOTE MENU: (Verbose) Finished parsing nominations for map group 'Cooldown Maps'
L 05/21/2018 - 08:49:32: [umc-core.smx] Initiating Vote Type: Map
L 05/21/2018 - 08:49:32: [umc-core.smx] Adding Clients to Vote:
L 05/21/2018 - 08:49:32: [umc-core.smx] 0: rauer (2)
L 05/21/2018 - 08:49:32: [umc-core.smx] VOTE MENU:
L 05/21/2018 - 08:49:32: [umc-core.smx] 2: emp_downfall (0)
L 05/21/2018 - 08:49:32: [umc-core.smx] 3: emp_beachfront (1)
L 05/21/2018 - 08:49:32: [umc-core.smx] 4: emp_drygulch (2)
L 05/21/2018 - 08:49:32: [umc-core.smx] 5: con_district402 (3)
L 05/21/2018 - 08:49:36: [umc-core.smx] rauer<132><[U:1:2546402]><> selected menu item 2
L 05/21/2018 - 08:49:36: [umc-core.smx] Setting nextmap to: emp_beachfront_b2_hce
L 05/21/2018 - 08:49:36: [umc-randomcycle.smx] Disabling random nextmap selection.
L 05/21/2018 - 08:49:36: [umc-core.smx] umc-emp-mapvote.smx: Changing map to 'emp_beachfront_b2_hce' in 5 seconds.
L 05/21/2018 - 08:49:36: [umc-core.smx] MAPVOTE: Players voted for map 'emp_beachfront_b2_hce' from group 'Commander Maps'
L 05/21/2018 - 08:49:36: [umc-core.smx] Vote has concluded.
L 05/21/2018 - 08:49:41: [umc-core.smx] ---------------------MAP CHANGE: emp_beachfront_b2_hce---------------------
L 05/21/2018 - 08:49:41: [umc-endvote-warnings.smx] Successfully parsed and set up 11 vote warnings.
L 05/21/2018 - 08:49:41: [umc-rockthevote.smx] RTV will be made available in 60 seconds.
L 05/21/2018 - 08:50:42: [umc-rockthevote.smx] RTV is now available.
L 05/21/2018 - 09:34:27: [umc-emp-mapvote.smx] Map vote will appear in 30 seconds.
L 05/21/2018 - 09:34:57: [umc-emp-mapvote.smx] Starting a map vote.
L 05/21/2018 - 09:34:57: [umc-core.smx] VOTE MENU: (Verbose) Fetching 7 maps from group 'Commander Maps'
L 05/21/2018 - 09:34:57: [umc-core.smx] VOTE MENU: (Verbose) Finished parsing nominations for map group 'Commander Maps'
L 05/21/2018 - 09:34:57: [umc-core.smx] VOTE MENU: (Verbose) Still need to fetch 7 maps from the group.
L 05/21/2018 - 09:34:57: [umc-core.smx] VOTE MENU: (Verbose) Selected map 'emp_downfall_hce' from group 'Commander Maps' was added to the vote.
L 05/21/2018 - 09:34:57: [umc-core.smx] VOTE MENU: (Verbose) Selected map 'emp_drygulch_a7' from group 'Commander Maps' was added to the vote.
L 05/21/2018 - 09:34:57: [umc-core.smx] VOTE MENU: (Verbose) No more maps in map group 'Commander Maps'
L 05/21/2018 - 09:34:57: [umc-core.smx] VOTE MENU: (Verbose) Fetching 1 maps from group 'Infantry Maps'
L 05/21/2018 - 09:34:57: [umc-core.smx] VOTE MENU: (Verbose) Finished parsing nominations for map group 'Infantry Maps'
L 05/21/2018 - 09:34:57: [umc-core.smx] VOTE MENU: (Verbose) Still need to fetch 1 maps from the group.
L 05/21/2018 - 09:34:57: [umc-core.smx] VOTE MENU: (Verbose) Selected map 'con_blast_ob2' from group 'Infantry Maps' was added to the vote.
L 05/21/2018 - 09:34:57: [umc-core.smx] VOTE MENU: (Verbose) Fetching 0 maps from group 'Cooldown Maps'
L 05/21/2018 - 09:34:57: [umc-core.smx] VOTE MENU: (Verbose) Finished parsing nominations for map group 'Cooldown Maps'
L 05/21/2018 - 09:34:57: [umc-core.smx] Initiating Vote Type: Map
L 05/21/2018 - 09:34:57: [umc-core.smx] Adding Clients to Vote:
L 05/21/2018 - 09:34:57: [umc-core.smx] Could not start core vote, no players to display vote to!
L 05/21/2018 - 09:34:57: [umc-emp-mapvote.smx] Could not start UMC vote.
L 05/21/2018 - 09:34:57: [umc-emp-mapvote.smx] WARNING: Map Voting failure. Initiating random map fail-safe.
L 05/21/2018 - 09:34:57: [umc-core.smx] Setting nextmap to: emp_drygulch_a7
L 05/21/2018 - 09:34:57: [umc-randomcycle.smx] Disabling random nextmap selection.
L 05/21/2018 - 09:34:57: [umc-core.smx] umc-emp-mapvote.smx: Changing map to 'emp_drygulch_a7' in 5 seconds.
L 05/21/2018 - 09:35:03: [umc-core.smx] ---------------------MAP CHANGE: emp_drygulch_a7---------------------
L 05/21/2018 - 09:35:03: [umc-endvote-warnings.smx] Successfully parsed and set up 11 vote warnings.
L 05/21/2018 - 09:35:03: [umc-rockthevote.smx] RTV will be made available in 60 seconds.
L 05/21/2018 - 09:36:04: [umc-rockthevote.smx] RTV is now available.
L 05/21/2018 - 10:45:14: [umc-nominate.smx] rauer wants to nominate a map.
L 05/21/2018 - 10:45:38: [umc-nominate.smx] rauer has nominated 'emp_downfall_hce' from group 'Commander Maps'
L 05/21/2018 - 10:46:11: [umc-rockthevote.smx] Starting RTV.
L 05/21/2018 - 10:46:11: [umc-core.smx] VOTE MENU: (Verbose) Fetching 7 maps from group 'Commander Maps'
L 05/21/2018 - 10:46:11: [umc-core.smx] VOTE MENU: (Verbose) Nominated map 'emp_downfall_hce' from group 'Commander Maps' was added to the vote.
L 05/21/2018 - 10:46:11: [umc-core.smx] VOTE MENU: (Verbose) Finished parsing nominations for map group 'Commander Maps'
L 05/21/2018 - 10:46:11: [umc-core.smx] VOTE MENU: (Verbose) Still need to fetch 6 maps from the group.
L 05/21/2018 - 10:46:11: [umc-core.smx] VOTE MENU: (Verbose) No more maps in map group 'Commander Maps'
L 05/21/2018 - 10:46:11: [umc-core.smx] VOTE MENU: (Verbose) Fetching 1 maps from group 'Infantry Maps'
L 05/21/2018 - 10:46:11: [umc-core.smx] VOTE MENU: (Verbose) Finished parsing nominations for map group 'Infantry Maps'
L 05/21/2018 - 10:46:11: [umc-core.smx] VOTE MENU: (Verbose) Still need to fetch 1 maps from the group.
L 05/21/2018 - 10:46:11: [umc-core.smx] VOTE MENU: (Verbose) Selected map 'emp_vehicletraining_2013' from group 'Infantry Maps' was added to the vote.
L 05/21/2018 - 10:46:11: [umc-core.smx] VOTE MENU: (Verbose) Fetching 0 maps from group 'Cooldown Maps'
L 05/21/2018 - 10:46:11: [umc-core.smx] VOTE MENU: (Verbose) Finished parsing nominations for map group 'Cooldown Maps'
L 05/21/2018 - 10:46:11: [umc-core.smx] Initiating Vote Type: Map
L 05/21/2018 - 10:46:11: [umc-core.smx] Adding Clients to Vote:
L 05/21/2018 - 10:46:11: [umc-core.smx] 0: rauer (2)
L 05/21/2018 - 10:46:11: [umc-core.smx] VOTE MENU:
L 05/21/2018 - 10:46:11: [umc-core.smx] 2: con_vehicletraining (0)
L 05/21/2018 - 10:46:11: [umc-core.smx] 3: emp_downfall (1)
L 05/21/2018 - 10:46:14: [umc-core.smx] rauer<133><[U:1:2546402]><> selected menu item 2
L 05/21/2018 - 10:46:14: [umc-core.smx] Setting nextmap to: emp_downfall_hce
L 05/21/2018 - 10:46:14: [umc-randomcycle.smx] Disabling random nextmap selection.
L 05/21/2018 - 10:46:14: [umc-core.smx] umc-rockthevote.smx: Changing map to 'emp_downfall_hce' in 5 seconds.
L 05/21/2018 - 10:46:14: [umc-core.smx] MAPVOTE: Players voted for map 'emp_downfall_hce' from group 'Commander Maps'
L 05/21/2018 - 10:46:14: [umc-core.smx] Vote has concluded.
L 05/21/2018 - 10:46:19: [umc-core.smx] ---------------------MAP CHANGE: emp_downfall_hce---------------------
L 05/21/2018 - 10:46:19: [umc-endvote-warnings.smx] Successfully parsed and set up 11 vote warnings.
L 05/21/2018 - 10:46:19: [umc-rockthevote.smx] RTV will be made available in 60 seconds.
L 05/21/2018 - 10:47:20: [umc-rockthevote.smx] RTV is now available.
L 05/21/2018 - 12:23:16: [umc-emp-mapvote.smx] Map vote will appear in 30 seconds.
L 05/21/2018 - 12:23:46: [umc-emp-mapvote.smx] Starting a map vote.
L 05/21/2018 - 12:23:46: [umc-core.smx] VOTE MENU: (Verbose) Fetching 7 maps from group 'Commander Maps'
L 05/21/2018 - 12:23:46: [umc-core.smx] VOTE MENU: (Verbose) Finished parsing nominations for map group 'Commander Maps'
L 05/21/2018 - 12:23:46: [umc-core.smx] VOTE MENU: (Verbose) Still need to fetch 7 maps from the group.
L 05/21/2018 - 12:23:46: [umc-core.smx] VOTE MENU: (Verbose) No more maps in map group 'Commander Maps'
L 05/21/2018 - 12:23:46: [umc-core.smx] VOTE MENU: (Verbose) Fetching 1 maps from group 'Infantry Maps'
L 05/21/2018 - 12:23:46: [umc-core.smx] VOTE MENU: (Verbose) Finished parsing nominations for map group 'Infantry Maps'
L 05/21/2018 - 12:23:46: [umc-core.smx] VOTE MENU: (Verbose) Still need to fetch 1 maps from the group.
L 05/21/2018 - 12:23:46: [umc-core.smx] VOTE MENU: (Verbose) Selected map 'con_district402' from group 'Infantry Maps' was added to the vote.
L 05/21/2018 - 12:23:46: [umc-core.smx] VOTE MENU: (Verbose) Fetching 0 maps from group 'Cooldown Maps'
L 05/21/2018 - 12:23:46: [umc-core.smx] VOTE MENU: (Verbose) Finished parsing nominations for map group 'Cooldown Maps'
L 05/21/2018 - 12:23:46: [umc-core.smx] Initiating Vote Type: Map
L 05/21/2018 - 12:23:46: [umc-core.smx] Adding Clients to Vote:
L 05/21/2018 - 12:23:46: [umc-core.smx] 0: rauer (2)
L 05/21/2018 - 12:23:46: [umc-core.smx] VOTE MENU:
L 05/21/2018 - 12:23:46: [umc-emp-mapvote.smx] Could not start UMC vote.
L 05/21/2018 - 12:23:46: [umc-emp-mapvote.smx] WARNING: Map Voting failure. Initiating random map fail-safe.
L 05/21/2018 - 12:23:46: [umc-core.smx] Setting nextmap to: con_urbanchaos_comm_b2
L 05/21/2018 - 12:23:46: [umc-randomcycle.smx] Disabling random nextmap selection.
L 05/21/2018 - 12:23:46: [umc-core.smx] umc-emp-mapvote.smx: Changing map to 'con_urbanchaos_comm_b2' in 5 seconds.
L 05/21/2018 - 12:23:52: [umc-core.smx] ---------------------MAP CHANGE: con_urbanchaos_comm_b2---------------------
L 05/21/2018 - 12:23:52: [umc-endvote-warnings.smx] Successfully parsed and set up 11 vote warnings.
L 05/21/2018 - 12:23:52: [umc-rockthevote.smx] RTV will be made available in 60 seconds.
L 05/21/2018 - 12:24:36: [umc-nominate.smx] rauer wants to nominate a map.
L 05/21/2018 - 12:24:46: [umc-nominate.smx] rauer has nominated 'con_blast_ob2' from group 'Infantry Maps'
L 05/21/2018 - 12:24:53: [umc-rockthevote.smx] RTV is now available.
L 05/21/2018 - 12:32:26: [umc-emp-mapvote.smx] Map vote will appear in 30 seconds.
L 05/21/2018 - 12:32:56: [umc-emp-mapvote.smx] Starting a map vote.
L 05/21/2018 - 12:32:56: [umc-core.smx] VOTE MENU: (Verbose) Fetching 7 maps from group 'Commander Maps'
L 05/21/2018 - 12:32:56: [umc-core.smx] VOTE MENU: (Verbose) Finished parsing nominations for map group 'Commander Maps'
L 05/21/2018 - 12:32:56: [umc-core.smx] VOTE MENU: (Verbose) Still need to fetch 7 maps from the group.
L 05/21/2018 - 12:32:56: [umc-core.smx] VOTE MENU: (Verbose) No more maps in map group 'Commander Maps'
L 05/21/2018 - 12:32:56: [umc-core.smx] VOTE MENU: (Verbose) Fetching 1 maps from group 'Infantry Maps'
L 05/21/2018 - 12:32:57: [umc-core.smx] VOTE MENU: (Verbose) Nominated map 'con_blast_ob2' from group 'Infantry Maps' was added to the vote.
L 05/21/2018 - 12:32:57: [umc-core.smx] VOTE MENU: (Verbose) Finished parsing nominations for map group 'Infantry Maps'
L 05/21/2018 - 12:32:57: [umc-core.smx] VOTE MENU: (Verbose) Fetching 0 maps from group 'Cooldown Maps'
L 05/21/2018 - 12:32:57: [umc-core.smx] VOTE MENU: (Verbose) Finished parsing nominations for map group 'Cooldown Maps'
L 05/21/2018 - 12:32:57: [umc-core.smx] Initiating Vote Type: Map
L 05/21/2018 - 12:32:57: [umc-core.smx] Adding Clients to Vote:
L 05/21/2018 - 12:32:57: [umc-core.smx] 0: rauer (2)
L 05/21/2018 - 12:32:57: [umc-core.smx] VOTE MENU:
L 05/21/2018 - 12:32:57: [umc-emp-mapvote.smx] Could not start UMC vote.
L 05/21/2018 - 12:32:57: [umc-emp-mapvote.smx] WARNING: Map Voting failure. Initiating random map fail-safe.
L 05/21/2018 - 12:32:57: [umc-core.smx] Setting nextmap to: emp_vehicletraining_2013
L 05/21/2018 - 12:32:57: [umc-randomcycle.smx] Disabling random nextmap selection.
L 05/21/2018 - 12:32:57: [umc-core.smx] umc-emp-mapvote.smx: Changing map to 'emp_vehicletraining_2013' in 5 seconds.
L 05/21/2018 - 12:33:02: [umc-core.smx] ---------------------MAP CHANGE: emp_vehicletraining_2013---------------------
L 05/21/2018 - 12:33:02: [umc-endvote-warnings.smx] Successfully parsed and set up 11 vote warnings.
L 05/21/2018 - 12:33:02: [umc-rockthevote.smx] RTV will be made available in 60 seconds.
L 05/21/2018 - 12:34:03: [umc-rockthevote.smx] RTV is now available.
L 05/21/2018 - 13:40:42: [umc-emp-mapvote.smx] Map vote will appear in 30 seconds.
L 05/21/2018 - 13:41:12: [umc-emp-mapvote.smx] Starting a map vote.
L 05/21/2018 - 13:41:12: [umc-core.smx] VOTE MENU: (Verbose) Fetching 7 maps from group 'Commander Maps'
L 05/21/2018 - 13:41:12: [umc-core.smx] VOTE MENU: (Verbose) Finished parsing nominations for map group 'Commander Maps'
L 05/21/2018 - 13:41:12: [umc-core.smx] VOTE MENU: (Verbose) Still need to fetch 7 maps from the group.
L 05/21/2018 - 13:41:12: [umc-core.smx] VOTE MENU: (Verbose) Selected map 'emp_beachfront_b2_hce' from group 'Commander Maps' was added to the vote.
L 05/21/2018 - 13:41:12: [umc-core.smx] VOTE MENU: (Verbose) Selected map 'emp_crossroads_towerless_hce' from group 'Commander Maps' was added to the vote.
L 05/21/2018 - 13:41:12: [umc-core.smx] VOTE MENU: (Verbose) No more maps in map group 'Commander Maps'
L 05/21/2018 - 13:41:12: [umc-core.smx] VOTE MENU: (Verbose) Fetching 1 maps from group 'Infantry Maps'
L 05/21/2018 - 13:41:12: [umc-core.smx] VOTE MENU: (Verbose) Finished parsing nominations for map group 'Infantry Maps'
L 05/21/2018 - 13:41:12: [umc-core.smx] VOTE MENU: (Verbose) Still need to fetch 1 maps from the group.
L 05/21/2018 - 13:41:12: [umc-core.smx] VOTE MENU: (Verbose) Selected map 'con_district402' from group 'Infantry Maps' was added to the vote.
L 05/21/2018 - 13:41:12: [umc-core.smx] VOTE MENU: (Verbose) Fetching 0 maps from group 'Cooldown Maps'
L 05/21/2018 - 13:41:12: [umc-core.smx] VOTE MENU: (Verbose) Finished parsing nominations for map group 'Cooldown Maps'
L 05/21/2018 - 13:41:12: [umc-core.smx] Initiating Vote Type: Map
L 05/21/2018 - 13:41:12: [umc-core.smx] Adding Clients to Vote:
L 05/21/2018 - 13:41:12: [umc-core.smx] 0: rauer (2)
L 05/21/2018 - 13:41:12: [umc-core.smx] 1: wurfkeks (3)
L 05/21/2018 - 13:41:12: [umc-core.smx] VOTE MENU:
L 05/21/2018 - 13:41:12: [umc-core.smx] 2: emp_beachfront (0)
L 05/21/2018 - 13:41:12: [umc-core.smx] 3: con_district402 (1)
L 05/21/2018 - 13:41:12: [umc-core.smx] 4: emp_crossroads (2)
L 05/21/2018 - 13:41:43: [umc-emp-mapvote.smx] WARNING: Map Voting failure. Initiating random map fail-safe.
L 05/21/2018 - 13:41:43: [umc-core.smx] Setting nextmap to: emp_crossroads_towerless_hce
L 05/21/2018 - 13:41:43: [umc-randomcycle.smx] Disabling random nextmap selection.
L 05/21/2018 - 13:41:43: [umc-core.smx] umc-emp-mapvote.smx: Changing map to 'emp_crossroads_towerless_hce' in 5 seconds.
L 05/21/2018 - 13:41:43: [umc-core.smx] Vote has concluded.
L 05/21/2018 - 13:41:49: [umc-core.smx] ---------------------MAP CHANGE: emp_crossroads_towerless_hce---------------------
L 05/21/2018 - 13:41:49: [umc-endvote-warnings.smx] Successfully parsed and set up 11 vote warnings.
L 05/21/2018 - 13:41:49: [umc-rockthevote.smx] RTV will be made available in 60 seconds.
L 05/21/2018 - 13:42:50: [umc-rockthevote.smx] RTV is now available.
L 05/21/2018 - 13:49:13: [umc-emp-mapvote.smx] Map vote will appear in 30 seconds.
L 05/21/2018 - 13:49:43: [umc-emp-mapvote.smx] Starting a map vote.
L 05/21/2018 - 13:49:43: [umc-core.smx] VOTE MENU: (Verbose) Fetching 7 maps from group 'Commander Maps'
L 05/21/2018 - 13:49:43: [umc-core.smx] VOTE MENU: (Verbose) Finished parsing nominations for map group 'Commander Maps'
L 05/21/2018 - 13:49:43: [umc-core.smx] VOTE MENU: (Verbose) Still need to fetch 7 maps from the group.
L 05/21/2018 - 13:49:43: [umc-core.smx] VOTE MENU: (Verbose) Selected map 'emp_beachfront_b2_hce' from group 'Commander Maps' was added to the vote.
L 05/21/2018 - 13:49:43: [umc-core.smx] VOTE MENU: (Verbose) No more maps in map group 'Commander Maps'
L 05/21/2018 - 13:49:43: [umc-core.smx] VOTE MENU: (Verbose) Fetching 1 maps from group 'Infantry Maps'
L 05/21/2018 - 13:49:43: [umc-core.smx] VOTE MENU: (Verbose) Finished parsing nominations for map group 'Infantry Maps'
L 05/21/2018 - 13:49:43: [umc-core.smx] VOTE MENU: (Verbose) Still need to fetch 1 maps from the group.
L 05/21/2018 - 13:49:43: [umc-core.smx] VOTE MENU: (Verbose) Selected map 'con_district402' from group 'Infantry Maps' was added to the vote.
L 05/21/2018 - 13:49:43: [umc-core.smx] VOTE MENU: (Verbose) Fetching 0 maps from group 'Cooldown Maps'
L 05/21/2018 - 13:49:43: [umc-core.smx] VOTE MENU: (Verbose) Finished parsing nominations for map group 'Cooldown Maps'
L 05/21/2018 - 13:49:43: [umc-core.smx] Initiating Vote Type: Map
L 05/21/2018 - 13:49:43: [umc-core.smx] Adding Clients to Vote:
L 05/21/2018 - 13:49:43: [umc-core.smx] 0: rauer (2)
L 05/21/2018 - 13:49:43: [umc-core.smx] VOTE MENU:
L 05/21/2018 - 13:49:43: [umc-core.smx] 2: con_district402 (0)
L 05/21/2018 - 13:49:43: [umc-core.smx] 3: emp_beachfront (1)
L 05/21/2018 - 13:49:51: [umc-emp-mapvote.smx] WARNING: Map Voting failure. Initiating random map fail-safe.
L 05/21/2018 - 13:49:51: [umc-core.smx] Setting nextmap to: emp_beachfront_b2_hce
L 05/21/2018 - 13:49:51: [umc-randomcycle.smx] Disabling random nextmap selection.
L 05/21/2018 - 13:49:51: [umc-core.smx] umc-emp-mapvote.smx: Changing map to 'emp_beachfront_b2_hce' in 5 seconds.
L 05/21/2018 - 13:49:51: [umc-core.smx] Vote has concluded.
L 05/21/2018 - 13:49:56: [umc-core.smx] ---------------------MAP CHANGE: emp_beachfront_b2_hce---------------------
L 05/21/2018 - 13:49:56: [umc-endvote-warnings.smx] Successfully parsed and set up 11 vote warnings.
L 05/21/2018 - 13:49:56: [umc-rockthevote.smx] RTV will be made available in 60 seconds.
L 05/21/2018 - 13:50:57: [umc-rockthevote.smx] RTV is now available.
L 05/21/2018 - 16:07:22: [umc-emp-mapvote.smx] Map vote will appear in 30 seconds.
L 05/21/2018 - 16:07:52: [umc-emp-mapvote.smx] Starting a map vote.
L 05/21/2018 - 16:07:52: [umc-core.smx] VOTE MENU: (Verbose) Fetching 7 maps from group 'Commander Maps'
L 05/21/2018 - 16:07:52: [umc-core.smx] VOTE MENU: (Verbose) Finished parsing nominations for map group 'Commander Maps'
L 05/21/2018 - 16:07:52: [umc-core.smx] VOTE MENU: (Verbose) Still need to fetch 7 maps from the group.
L 05/21/2018 - 16:07:52: [umc-core.smx] VOTE MENU: (Verbose) No more maps in map group 'Commander Maps'
L 05/21/2018 - 16:07:52: [umc-core.smx] VOTE MENU: (Verbose) Fetching 1 maps from group 'Infantry Maps'
L 05/21/2018 - 16:07:52: [umc-core.smx] VOTE MENU: (Verbose) Finished parsing nominations for map group 'Infantry Maps'
L 05/21/2018 - 16:07:52: [umc-core.smx] VOTE MENU: (Verbose) Still need to fetch 1 maps from the group.
L 05/21/2018 - 16:07:52: [umc-core.smx] VOTE MENU: (Verbose) Selected map 'con_glycencity' from group 'Infantry Maps' was added to the vote.
L 05/21/2018 - 16:07:52: [umc-core.smx] VOTE MENU: (Verbose) Fetching 0 maps from group 'Cooldown Maps'
L 05/21/2018 - 16:07:52: [umc-core.smx] VOTE MENU: (Verbose) Finished parsing nominations for map group 'Cooldown Maps'
L 05/21/2018 - 16:07:52: [umc-core.smx] Initiating Vote Type: Map
L 05/21/2018 - 16:07:52: [umc-core.smx] Adding Clients to Vote:
L 05/21/2018 - 16:07:52: [umc-core.smx] 0: rauer (2)
L 05/21/2018 - 16:07:52: [umc-core.smx] VOTE MENU:
L 05/21/2018 - 16:07:52: [umc-emp-mapvote.smx] Could not start UMC vote.
L 05/21/2018 - 16:07:52: [umc-emp-mapvote.smx] WARNING: Map Voting failure. Initiating random map fail-safe.
L 05/21/2018 - 16:07:52: [umc-core.smx] Setting nextmap to: fun_ricochet_a4
L 05/21/2018 - 16:07:52: [umc-randomcycle.smx] Disabling random nextmap selection.
L 05/21/2018 - 16:07:52: [umc-core.smx] umc-emp-mapvote.smx: Changing map to 'fun_ricochet_a4' in 5 seconds.
L 05/21/2018 - 16:07:57: [umc-core.smx] ---------------------MAP CHANGE: fun_ricochet_a4---------------------
L 05/21/2018 - 16:07:57: [umc-endvote-warnings.smx] Successfully parsed and set up 11 vote warnings.
L 05/21/2018 - 16:07:57: [umc-rockthevote.smx] RTV will be made available in 60 seconds.
L 05/21/2018 - 16:08:19: [umc-nominate.smx] rauer wants to nominate a map.
L 05/21/2018 - 16:08:24: [umc-nominate.smx] rauer wants to nominate a map.
L 05/21/2018 - 16:08:58: [umc-rockthevote.smx] RTV is now available.
L 05/21/2018 - 16:10:07: [umc-rockthevote.smx] Starting RTV.
L 05/21/2018 - 16:10:07: [umc-core.smx] VOTE MENU: (Verbose) Fetching 7 maps from group 'Commander Maps'
L 05/21/2018 - 16:10:07: [umc-core.smx] VOTE MENU: (Verbose) Finished parsing nominations for map group 'Commander Maps'
L 05/21/2018 - 16:10:07: [umc-core.smx] VOTE MENU: (Verbose) Still need to fetch 7 maps from the group.
L 05/21/2018 - 16:10:07: [umc-core.smx] VOTE MENU: (Verbose) Selected map 'emp_drygulch_a7' from group 'Commander Maps' was added to the vote.
L 05/21/2018 - 16:10:07: [umc-core.smx] VOTE MENU: (Verbose) No more maps in map group 'Commander Maps'
L 05/21/2018 - 16:10:07: [umc-core.smx] VOTE MENU: (Verbose) Fetching 1 maps from group 'Infantry Maps'
L 05/21/2018 - 16:10:07: [umc-core.smx] VOTE MENU: (Verbose) Finished parsing nominations for map group 'Infantry Maps'
L 05/21/2018 - 16:10:07: [umc-core.smx] VOTE MENU: (Verbose) Still need to fetch 1 maps from the group.
L 05/21/2018 - 16:10:07: [umc-core.smx] VOTE MENU: (Verbose) Selected map 'con_district402' from group 'Infantry Maps' was added to the vote.
L 05/21/2018 - 16:10:07: [umc-core.smx] VOTE MENU: (Verbose) Fetching 0 maps from group 'Cooldown Maps'
L 05/21/2018 - 16:10:07: [umc-core.smx] VOTE MENU: (Verbose) Finished parsing nominations for map group 'Cooldown Maps'
L 05/21/2018 - 16:10:07: [umc-core.smx] Initiating Vote Type: Map
L 05/21/2018 - 16:10:07: [umc-core.smx] Adding Clients to Vote:
L 05/21/2018 - 16:10:07: [umc-core.smx] 0: rauer (2)
L 05/21/2018 - 16:10:07: [umc-core.smx] VOTE MENU:
L 05/21/2018 - 16:10:07: [umc-core.smx] 2: con_district402 (0)
L 05/21/2018 - 16:10:07: [umc-core.smx] 3: emp_drygulch (1)
L 05/21/2018 - 16:10:11: [umc-core.smx] rauer<140><[U:1:2546402]><> selected menu item 2
L 05/21/2018 - 16:10:11: [umc-core.smx] Setting nextmap to: emp_drygulch_a7
L 05/21/2018 - 16:10:11: [umc-randomcycle.smx] Disabling random nextmap selection.
L 05/21/2018 - 16:10:11: [umc-core.smx] umc-rockthevote.smx: Changing map to 'emp_drygulch_a7' in 5 seconds.
L 05/21/2018 - 16:10:11: [umc-core.smx] MAPVOTE: Players voted for map 'emp_drygulch_a7' from group 'Commander Maps'
L 05/21/2018 - 16:10:11: [umc-core.smx] Vote has concluded.
L 05/21/2018 - 16:10:17: [umc-core.smx] ---------------------MAP CHANGE: emp_drygulch_a7---------------------
L 05/21/2018 - 16:10:17: [umc-endvote-warnings.smx] Successfully parsed and set up 11 vote warnings.
L 05/21/2018 - 16:10:17: [umc-rockthevote.smx] RTV will be made available in 60 seconds.
L 05/21/2018 - 16:11:18: [umc-rockthevote.smx] RTV is now available.
L 05/21/2018 - 20:51:10: [umc-emp-mapvote.smx] Map vote will appear in 30 seconds.
L 05/21/2018 - 20:51:40: [umc-emp-mapvote.smx] Starting a map vote.
L 05/21/2018 - 20:51:40: [umc-core.smx] VOTE MENU: (Verbose) Fetching 7 maps from group 'Commander Maps'
L 05/21/2018 - 20:51:40: [umc-core.smx] VOTE MENU: (Verbose) Finished parsing nominations for map group 'Commander Maps'
L 05/21/2018 - 20:51:40: [umc-core.smx] VOTE MENU: (Verbose) Still need to fetch 7 maps from the group.
L 05/21/2018 - 20:51:40: [umc-core.smx] VOTE MENU: (Verbose) Selected map 'emp_downfall_hce' from group 'Commander Maps' was added to the vote.
L 05/21/2018 - 20:51:40: [umc-core.smx] VOTE MENU: (Verbose) No more maps in map group 'Commander Maps'
L 05/21/2018 - 20:51:40: [umc-core.smx] VOTE MENU: (Verbose) Fetching 1 maps from group 'Infantry Maps'
L 05/21/2018 - 20:51:40: [umc-core.smx] VOTE MENU: (Verbose) Finished parsing nominations for map group 'Infantry Maps'
L 05/21/2018 - 20:51:40: [umc-core.smx] VOTE MENU: (Verbose) Still need to fetch 1 maps from the group.
L 05/21/2018 - 20:51:40: [umc-core.smx] VOTE MENU: (Verbose) Selected map 'con_blast_ob2' from group 'Infantry Maps' was added to the vote.
L 05/21/2018 - 20:51:40: [umc-core.smx] VOTE MENU: (Verbose) Fetching 0 maps from group 'Cooldown Maps'
L 05/21/2018 - 20:51:40: [umc-core.smx] VOTE MENU: (Verbose) Finished parsing nominations for map group 'Cooldown Maps'
L 05/21/2018 - 20:51:40: [umc-core.smx] Initiating Vote Type: Map
L 05/21/2018 - 20:51:40: [umc-core.smx] Adding Clients to Vote:
L 05/21/2018 - 20:51:40: [umc-core.smx] 0: rauer (2)
L 05/21/2018 - 20:51:40: [umc-core.smx] VOTE MENU:
L 05/21/2018 - 20:51:40: [umc-core.smx] 2: emp_downfall (0)
L 05/21/2018 - 20:51:40: [umc-core.smx] 3: con_blast (1)
L 05/21/2018 - 20:51:45: [umc-emp-mapvote.smx] WARNING: Map Voting failure. Initiating random map fail-safe.
L 05/21/2018 - 20:51:45: [umc-core.smx] Setting nextmap to: emp_downfall_hce
L 05/21/2018 - 20:51:45: [umc-randomcycle.smx] Disabling random nextmap selection.
L 05/21/2018 - 20:51:45: [umc-core.smx] umc-emp-mapvote.smx: Changing map to 'emp_downfall_hce' in 5 seconds.
L 05/21/2018 - 20:51:45: [umc-core.smx] Vote has concluded.
L 05/21/2018 - 20:51:51: [umc-core.smx] ---------------------MAP CHANGE: emp_downfall_hce---------------------
L 05/21/2018 - 20:51:51: [umc-endvote-warnings.smx] Successfully parsed and set up 11 vote warnings.
L 05/21/2018 - 20:51:51: [umc-rockthevote.smx] RTV will be made available in 60 seconds.
L 05/21/2018 - 20:52:52: [umc-rockthevote.smx] RTV is now available.
L 05/21/2018 - 22:02:23: [umc-rockthevote.smx] Starting RTV.
L 05/21/2018 - 22:02:23: [umc-core.smx] VOTE MENU: (Verbose) Fetching 7 maps from group 'Commander Maps'
L 05/21/2018 - 22:02:23: [umc-core.smx] VOTE MENU: (Verbose) Finished parsing nominations for map group 'Commander Maps'
L 05/21/2018 - 22:02:23: [umc-core.smx] VOTE MENU: (Verbose) Still need to fetch 7 maps from the group.
L 05/21/2018 - 22:02:23: [umc-core.smx] VOTE MENU: (Verbose) No more maps in map group 'Commander Maps'
L 05/21/2018 - 22:02:23: [umc-core.smx] VOTE MENU: (Verbose) Fetching 1 maps from group 'Infantry Maps'
L 05/21/2018 - 22:02:23: [umc-core.smx] VOTE MENU: (Verbose) Finished parsing nominations for map group 'Infantry Maps'
L 05/21/2018 - 22:02:23: [umc-core.smx] VOTE MENU: (Verbose) Still need to fetch 1 maps from the group.
L 05/21/2018 - 22:02:23: [umc-core.smx] VOTE MENU: (Verbose) Selected map 'con_district402' from group 'Infantry Maps' was added to the vote.
L 05/21/2018 - 22:02:23: [umc-core.smx] VOTE MENU: (Verbose) Fetching 0 maps from group 'Cooldown Maps'
L 05/21/2018 - 22:02:23: [umc-core.smx] VOTE MENU: (Verbose) Finished parsing nominations for map group 'Cooldown Maps'
L 05/21/2018 - 22:02:23: [umc-core.smx] Initiating Vote Type: Map
L 05/21/2018 - 22:02:23: [umc-core.smx] Adding Clients to Vote:
L 05/21/2018 - 22:02:23: [umc-core.smx] 0: Unlimited (2)
L 05/21/2018 - 22:02:23: [umc-core.smx] VOTE MENU:
L 05/21/2018 - 22:02:23: [umc-rockthevote.smx] Could not start UMC vote.
L 05/21/2018 - 22:02:33: [umc-nominate.smx] Unlimited wants to nominate a map.
L 05/21/2018 - 22:10:27: [umc-emp-mapvote.smx] Map vote will appear in 30 seconds.
L 05/21/2018 - 22:10:57: [umc-emp-mapvote.smx] Starting a map vote.
L 05/21/2018 - 22:10:57: [umc-core.smx] VOTE MENU: (Verbose) Fetching 7 maps from group 'Commander Maps'
L 05/21/2018 - 22:10:57: [umc-core.smx] VOTE MENU: (Verbose) Finished parsing nominations for map group 'Commander Maps'
L 05/21/2018 - 22:10:57: [umc-core.smx] VOTE MENU: (Verbose) Still need to fetch 7 maps from the group.
L 05/21/2018 - 22:10:57: [umc-core.smx] VOTE MENU: (Verbose) No more maps in map group 'Commander Maps'
L 05/21/2018 - 22:10:57: [umc-core.smx] VOTE MENU: (Verbose) Fetching 1 maps from group 'Infantry Maps'
L 05/21/2018 - 22:10:57: [umc-core.smx] VOTE MENU: (Verbose) Finished parsing nominations for map group 'Infantry Maps'
L 05/21/2018 - 22:10:57: [umc-core.smx] VOTE MENU: (Verbose) Still need to fetch 1 maps from the group.
L 05/21/2018 - 22:10:57: [umc-core.smx] VOTE MENU: (Verbose) Selected map 'con_urbanchaos_comm_b2' from group 'Infantry Maps' was added to the vote.
L 05/21/2018 - 22:10:57: [umc-core.smx] VOTE MENU: (Verbose) Fetching 0 maps from group 'Cooldown Maps'
L 05/21/2018 - 22:10:57: [umc-core.smx] VOTE MENU: (Verbose) Finished parsing nominations for map group 'Cooldown Maps'
L 05/21/2018 - 22:10:57: [umc-core.smx] Initiating Vote Type: Map
L 05/21/2018 - 22:10:57: [umc-core.smx] Adding Clients to Vote:
L 05/21/2018 - 22:10:57: [umc-core.smx] 0: Unlimited (2)
L 05/21/2018 - 22:10:57: [umc-core.smx] VOTE MENU:
L 05/21/2018 - 22:10:57: [umc-emp-mapvote.smx] Could not start UMC vote.
L 05/21/2018 - 22:10:57: [umc-emp-mapvote.smx] WARNING: Map Voting failure. Initiating random map fail-safe.
L 05/21/2018 - 22:10:57: [umc-core.smx] Setting nextmap to: con_glycencity
L 05/21/2018 - 22:10:57: [umc-randomcycle.smx] Disabling random nextmap selection.
L 05/21/2018 - 22:10:57: [umc-core.smx] umc-emp-mapvote.smx: Changing map to 'con_glycencity' in 5 seconds.
L 05/21/2018 - 22:11:04: [umc-core.smx] ---------------------MAP CHANGE: con_glycencity---------------------
L 05/21/2018 - 22:11:04: [umc-endvote-warnings.smx] Successfully parsed and set up 11 vote warnings.
L 05/21/2018 - 22:11:04: [umc-rockthevote.smx] RTV will be made available in 60 seconds.
L 05/21/2018 - 22:12:05: [umc-rockthevote.smx] RTV is now available.
L 05/21/2018 - 22:44:37: [umc-emp-mapvote.smx] Map vote will appear in 30 seconds.
L 05/21/2018 - 22:45:07: [umc-emp-mapvote.smx] Starting a map vote.
L 05/21/2018 - 22:45:07: [umc-core.smx] VOTE MENU: (Verbose) Fetching 7 maps from group 'Commander Maps'
L 05/21/2018 - 22:45:07: [umc-core.smx] VOTE MENU: (Verbose) Finished parsing nominations for map group 'Commander Maps'
L 05/21/2018 - 22:45:07: [umc-core.smx] VOTE MENU: (Verbose) Still need to fetch 7 maps from the group.
L 05/21/2018 - 22:45:07: [umc-core.smx] VOTE MENU: (Verbose) Selected map 'emp_beachfront_b2_hce' from group 'Commander Maps' was added to the vote.
L 05/21/2018 - 22:45:07: [umc-core.smx] VOTE MENU: (Verbose) Selected map 'emp_crossroads_towerless_hce' from group 'Commander Maps' was added to the vote.
L 05/21/2018 - 22:45:07: [umc-core.smx] VOTE MENU: (Verbose) No more maps in map group 'Commander Maps'
L 05/21/2018 - 22:45:07: [umc-core.smx] VOTE MENU: (Verbose) Fetching 1 maps from group 'Infantry Maps'
L 05/21/2018 - 22:45:07: [umc-core.smx] VOTE MENU: (Verbose) Finished parsing nominations for map group 'Infantry Maps'
L 05/21/2018 - 22:45:07: [umc-core.smx] VOTE MENU: (Verbose) Still need to fetch 1 maps from the group.
L 05/21/2018 - 22:45:07: [umc-core.smx] VOTE MENU: (Verbose) Selected map 'emp_vehicletraining_2013' from group 'Infantry Maps' was added to the vote.
L 05/21/2018 - 22:45:07: [umc-core.smx] VOTE MENU: (Verbose) Fetching 0 maps from group 'Cooldown Maps'
L 05/21/2018 - 22:45:07: [umc-core.smx] VOTE MENU: (Verbose) Finished parsing nominations for map group 'Cooldown Maps'
L 05/21/2018 - 22:45:07: [umc-core.smx] Initiating Vote Type: Map
L 05/21/2018 - 22:45:07: [umc-core.smx] Adding Clients to Vote:
L 05/21/2018 - 22:45:07: [umc-core.smx] Could not start core vote, no players to display vote to!
L 05/21/2018 - 22:45:07: [umc-emp-mapvote.smx] Could not start UMC vote.
L 05/21/2018 - 22:45:07: [umc-emp-mapvote.smx] WARNING: Map Voting failure. Initiating random map fail-safe.
L 05/21/2018 - 22:45:07: [umc-core.smx] Setting nextmap to: con_blast_ob2
L 05/21/2018 - 22:45:07: [umc-randomcycle.smx] Disabling random nextmap selection.
L 05/21/2018 - 22:45:07: [umc-core.smx] umc-emp-mapvote.smx: Changing map to 'con_blast_ob2' in 5 seconds.
L 05/21/2018 - 22:45:12: [umc-core.smx] ---------------------MAP CHANGE: con_blast_ob2---------------------
L 05/21/2018 - 22:45:13: [umc-endvote-warnings.smx] Successfully parsed and set up 11 vote warnings.
L 05/21/2018 - 22:45:13: [umc-rockthevote.smx] RTV will be made available in 60 seconds.
L 05/21/2018 - 22:46:14: [umc-rockthevote.smx] RTV is now available.
