L 06/03/2017 - 00:00:33: [umc-rockthevote.smx] RTV is now available.
L 06/03/2017 - 00:03:32: [umc-playercountmonitor.smx] Server is now watching for inproper number of players.
L 06/03/2017 - 00:09:57: [umc-emp-mapvote.smx] Map vote will appear in 30 seconds.
L 06/03/2017 - 00:10:27: [umc-emp-mapvote.smx] Starting a map vote.
L 06/03/2017 - 00:10:27: [umc-core.smx] Initiating Vote Type: Map
L 06/03/2017 - 00:11:06: [umc-core.smx] RUNOFF: Starting runoff vote.
L 06/03/2017 - 00:11:06: [umc-core.smx] Initiating Vote Type: Map
L 06/03/2017 - 00:11:37: [umc-core.smx] Setting nextmap to: emp_beachfront_b2
L 06/03/2017 - 00:11:37: [umc-randomcycle.smx] Disabling random nextmap selection.
L 06/03/2017 - 00:11:37: [umc-core.smx] umc-emp-mapvote.smx: Changing map to 'emp_beachfront_b2' in 5 seconds.
L 06/03/2017 - 00:11:37: [umc-core.smx] MAPVOTE: Players voted for map 'emp_beachfront_b2' from group 'Commander Maps'
L 06/03/2017 - 00:11:42: [umc-core.smx] ---------------------MAP CHANGE: emp_beachfront_b2---------------------
L 06/03/2017 - 00:11:42: [umc-endvote-warnings.smx] Successfully parsed and set up 11 vote warnings.
L 06/03/2017 - 00:11:42: [umc-playercountmonitor.smx] Min Players: 0, Max Players: 22
L 06/03/2017 - 00:11:42: [umc-playercountmonitor.smx] Server will begin watching for inproper number of players in 240 seconds.
L 06/03/2017 - 00:11:42: [umc-rockthevote.smx] RTV will be made available in 60 seconds.
L 06/03/2017 - 00:12:43: [umc-rockthevote.smx] RTV is now available.
L 06/03/2017 - 00:15:42: [umc-playercountmonitor.smx] Server is now watching for inproper number of players.
L 06/03/2017 - 00:31:39: [umc-nominate.smx] Mikleo wants to nominate a map.
L 06/03/2017 - 00:31:50: [umc-nominate.smx] Mikleo has nominated 'con_district402' from group 'Infantry Maps'
L 06/03/2017 - 00:41:46: [umc-nominate.smx] Oktay wants to nominate a map.
L 06/03/2017 - 00:43:34: [umc-emp-mapvote.smx] Map vote will appear in 30 seconds.
L 06/03/2017 - 00:44:04: [umc-emp-mapvote.smx] Starting a map vote.
L 06/03/2017 - 00:44:04: [umc-core.smx] Initiating Vote Type: Map
L 06/03/2017 - 00:44:35: [umc-core.smx] Setting nextmap to: con_district402
L 06/03/2017 - 00:44:35: [umc-randomcycle.smx] Disabling random nextmap selection.
L 06/03/2017 - 00:44:35: [umc-core.smx] umc-emp-mapvote.smx: Changing map to 'con_district402' in 5 seconds.
L 06/03/2017 - 00:44:35: [umc-core.smx] MAPVOTE: Players voted for map 'con_district402' from group 'Infantry Maps'
L 06/03/2017 - 00:44:41: [umc-core.smx] ---------------------MAP CHANGE: con_district402---------------------
L 06/03/2017 - 00:44:41: [umc-endvote-warnings.smx] Successfully parsed and set up 11 vote warnings.
L 06/03/2017 - 00:44:41: [umc-playercountmonitor.smx] Min Players: 0, Max Players: 20
L 06/03/2017 - 00:44:41: [umc-playercountmonitor.smx] Server will begin watching for inproper number of players in 240 seconds.
L 06/03/2017 - 00:44:41: [umc-rockthevote.smx] RTV will be made available in 60 seconds.
L 06/03/2017 - 00:45:42: [umc-rockthevote.smx] RTV is now available.
L 06/03/2017 - 00:48:41: [umc-playercountmonitor.smx] Server is now watching for inproper number of players.
L 06/03/2017 - 01:04:10: [umc-emp-mapvote.smx] Map vote will appear in 30 seconds.
L 06/03/2017 - 01:04:35: [umc-nominate.smx] Smithy wants to nominate a map.
L 06/03/2017 - 01:04:40: [umc-emp-mapvote.smx] Starting a map vote.
L 06/03/2017 - 01:04:40: [umc-core.smx] Initiating Vote Type: Map
L 06/03/2017 - 01:05:19: [umc-core.smx] RUNOFF: Starting runoff vote.
L 06/03/2017 - 01:05:19: [umc-core.smx] Initiating Vote Type: Map
L 06/03/2017 - 01:05:50: [umc-core.smx] Setting nextmap to: emp_homeland_b9
L 06/03/2017 - 01:05:50: [umc-randomcycle.smx] Disabling random nextmap selection.
L 06/03/2017 - 01:05:50: [umc-core.smx] umc-emp-mapvote.smx: Changing map to 'emp_homeland_b9' in 5 seconds.
L 06/03/2017 - 01:05:50: [umc-core.smx] MAPVOTE: Players voted for map 'emp_homeland_b9' from group 'Commander Maps'
L 06/03/2017 - 01:05:57: [umc-core.smx] ---------------------MAP CHANGE: emp_homeland_b9---------------------
L 06/03/2017 - 01:05:57: [umc-endvote-warnings.smx] Successfully parsed and set up 11 vote warnings.
L 06/03/2017 - 01:05:57: [umc-playercountmonitor.smx] Min Players: 22, Max Players: 42
L 06/03/2017 - 01:05:57: [umc-playercountmonitor.smx] Server will begin watching for inproper number of players in 240 seconds.
L 06/03/2017 - 01:05:57: [umc-rockthevote.smx] RTV will be made available in 60 seconds.
L 06/03/2017 - 01:06:58: [umc-rockthevote.smx] RTV is now available.
L 06/03/2017 - 01:09:57: [umc-playercountmonitor.smx] Server is now watching for inproper number of players.
L 06/03/2017 - 01:59:42: [umc-nominate.smx] Oktay wants to nominate a map.
L 06/03/2017 - 02:00:06: [umc-nominate.smx] Oktay has nominated 'emp_flat_fix' from group 'Commander Maps'
L 06/03/2017 - 02:03:43: [umc-emp-mapvote.smx] Map vote will appear in 30 seconds.
L 06/03/2017 - 02:04:13: [umc-emp-mapvote.smx] Starting a map vote.
L 06/03/2017 - 02:04:13: [umc-core.smx] Initiating Vote Type: Map
L 06/03/2017 - 02:04:51: [umc-core.smx] RUNOFF: Starting runoff vote.
L 06/03/2017 - 02:04:51: [umc-core.smx] Initiating Vote Type: Map
L 06/03/2017 - 02:05:22: [umc-core.smx] Setting nextmap to: emp_canyon
L 06/03/2017 - 02:05:22: [umc-randomcycle.smx] Disabling random nextmap selection.
L 06/03/2017 - 02:05:22: [umc-core.smx] umc-emp-mapvote.smx: Changing map to 'emp_canyon' in 5 seconds.
L 06/03/2017 - 02:05:22: [umc-core.smx] MAPVOTE: Players voted for map 'emp_canyon' from group 'Commander Maps'
L 06/03/2017 - 02:05:27: [umc-core.smx] ---------------------MAP CHANGE: emp_canyon---------------------
L 06/03/2017 - 02:05:27: [umc-endvote-warnings.smx] Successfully parsed and set up 11 vote warnings.
L 06/03/2017 - 02:05:27: [umc-playercountmonitor.smx] Min Players: 14, Max Players: 32
L 06/03/2017 - 02:05:27: [umc-playercountmonitor.smx] Server will begin watching for inproper number of players in 240 seconds.
L 06/03/2017 - 02:05:27: [umc-rockthevote.smx] RTV will be made available in 60 seconds.
L 06/03/2017 - 02:06:28: [umc-rockthevote.smx] RTV is now available.
L 06/03/2017 - 02:09:27: [umc-playercountmonitor.smx] Server is now watching for inproper number of players.
L 06/03/2017 - 02:50:26: [umc-nominate.smx] .|Ϟ|. Quigon wants to nominate a map.
L 06/03/2017 - 02:50:30: [umc-nominate.smx] .|Ϟ|. Quigon has nominated 'emp_crossroads' from group 'Commander Maps'
L 06/03/2017 - 02:51:57: [umc-emp-mapvote.smx] Map vote will appear in 30 seconds.
L 06/03/2017 - 02:52:27: [umc-emp-mapvote.smx] Starting a map vote.
L 06/03/2017 - 02:52:27: [umc-core.smx] Initiating Vote Type: Map
L 06/03/2017 - 02:53:05: [umc-core.smx] RUNOFF: Starting runoff vote.
L 06/03/2017 - 02:53:05: [umc-core.smx] Initiating Vote Type: Map
L 06/03/2017 - 02:53:36: [umc-core.smx] Setting nextmap to: emp_crossroads
L 06/03/2017 - 02:53:36: [umc-randomcycle.smx] Disabling random nextmap selection.
L 06/03/2017 - 02:53:36: [umc-core.smx] umc-emp-mapvote.smx: Changing map to 'emp_crossroads' in 5 seconds.
L 06/03/2017 - 02:53:36: [umc-core.smx] MAPVOTE: Players voted for map 'emp_crossroads' from group 'Commander Maps'
L 06/03/2017 - 02:53:42: [umc-core.smx] ---------------------MAP CHANGE: emp_crossroads---------------------
L 06/03/2017 - 02:53:42: [umc-endvote-warnings.smx] Successfully parsed and set up 11 vote warnings.
L 06/03/2017 - 02:53:42: [umc-playercountmonitor.smx] Min Players: 0, Max Players: 22
L 06/03/2017 - 02:53:42: [umc-playercountmonitor.smx] Server will begin watching for inproper number of players in 240 seconds.
L 06/03/2017 - 02:53:42: [umc-rockthevote.smx] RTV will be made available in 60 seconds.
L 06/03/2017 - 02:54:43: [umc-rockthevote.smx] RTV is now available.
L 06/03/2017 - 02:57:42: [umc-playercountmonitor.smx] Server is now watching for inproper number of players.
L 06/03/2017 - 03:18:12: [umc-emp-mapvote.smx] Map vote will appear in 30 seconds.
L 06/03/2017 - 03:18:42: [umc-emp-mapvote.smx] Starting a map vote.
L 06/03/2017 - 03:18:42: [umc-core.smx] Initiating Vote Type: Map
L 06/03/2017 - 03:19:20: [umc-core.smx] RUNOFF: Starting runoff vote.
L 06/03/2017 - 03:19:20: [umc-core.smx] Initiating Vote Type: Map
L 06/03/2017 - 03:19:51: [umc-core.smx] Setting nextmap to: emp_downfall
L 06/03/2017 - 03:19:51: [umc-randomcycle.smx] Disabling random nextmap selection.
L 06/03/2017 - 03:19:51: [umc-core.smx] umc-emp-mapvote.smx: Changing map to 'emp_downfall' in 5 seconds.
L 06/03/2017 - 03:19:51: [umc-core.smx] MAPVOTE: Players voted for map 'emp_downfall' from group 'Commander Maps'
L 06/03/2017 - 03:19:56: [umc-core.smx] ---------------------MAP CHANGE: emp_downfall---------------------
L 06/03/2017 - 03:19:56: [umc-endvote-warnings.smx] Successfully parsed and set up 11 vote warnings.
L 06/03/2017 - 03:19:56: [umc-playercountmonitor.smx] Min Players: 0, Max Players: 22
L 06/03/2017 - 03:19:56: [umc-playercountmonitor.smx] Server will begin watching for inproper number of players in 240 seconds.
L 06/03/2017 - 03:19:56: [umc-rockthevote.smx] RTV will be made available in 60 seconds.
L 06/03/2017 - 03:20:57: [umc-rockthevote.smx] RTV is now available.
L 06/03/2017 - 03:23:56: [umc-playercountmonitor.smx] Server is now watching for inproper number of players.
L 06/03/2017 - 08:03:35: [umc-emp-mapvote.smx] Map vote will appear in 30 seconds.
L 06/03/2017 - 08:04:05: [umc-emp-mapvote.smx] Starting a map vote.
L 06/03/2017 - 08:04:05: [umc-core.smx] Initiating Vote Type: Map
L 06/03/2017 - 08:04:35: [umc-core.smx] Setting nextmap to: emp_drygulch_a6
L 06/03/2017 - 08:04:35: [umc-randomcycle.smx] Disabling random nextmap selection.
L 06/03/2017 - 08:04:35: [umc-core.smx] umc-emp-mapvote.smx: Changing map to 'emp_drygulch_a6' in 5 seconds.
L 06/03/2017 - 08:04:35: [umc-core.smx] MAPVOTE: Players voted for map 'emp_drygulch_a6' from group 'Commander Maps'
L 06/03/2017 - 08:04:41: [umc-core.smx] ---------------------MAP CHANGE: emp_drygulch_a6---------------------
L 06/03/2017 - 08:04:42: [umc-endvote-warnings.smx] Successfully parsed and set up 11 vote warnings.
L 06/03/2017 - 08:04:42: [umc-playercountmonitor.smx] Min Players: 0, Max Players: 22
L 06/03/2017 - 08:04:42: [umc-playercountmonitor.smx] Server will begin watching for inproper number of players in 240 seconds.
L 06/03/2017 - 08:04:42: [umc-rockthevote.smx] RTV will be made available in 60 seconds.
L 06/03/2017 - 08:05:43: [umc-rockthevote.smx] RTV is now available.
L 06/03/2017 - 08:08:42: [umc-playercountmonitor.smx] Server is now watching for inproper number of players.
