L 02/03/2018 - 14:04:17: [umc-core.smx] ---------------------MAP CHANGE: con_district402---------------------
L 02/03/2018 - 14:04:18: [umc-endvote-warnings.smx] Successfully parsed and set up 11 vote warnings.
L 02/03/2018 - 14:04:18: [umc-rockthevote.smx] RTV will be made available in 60 seconds.
L 02/03/2018 - 14:05:19: [umc-rockthevote.smx] RTV is now available.
L 02/03/2018 - 17:25:32: [umc-emp-mapvote.smx] Map vote will appear in 30 seconds.
L 02/03/2018 - 17:26:03: [umc-emp-mapvote.smx] Starting a map vote.
L 02/03/2018 - 17:26:03: [umc-core.smx] Initiating Vote Type: Map
L 02/03/2018 - 17:26:33: [umc-core.smx] Setting nextmap to: emp_downfall
L 02/03/2018 - 17:26:33: [umc-randomcycle.smx] Disabling random nextmap selection.
L 02/03/2018 - 17:26:33: [umc-core.smx] umc-emp-mapvote.smx: Changing map to 'emp_downfall' in 5 seconds.
L 02/03/2018 - 17:26:33: [umc-core.smx] MAPVOTE: Players voted for map 'emp_downfall' from group 'Commander Maps'
L 02/03/2018 - 17:26:39: [umc-core.smx] ---------------------MAP CHANGE: emp_downfall---------------------
L 02/03/2018 - 17:26:39: [umc-endvote-warnings.smx] Successfully parsed and set up 11 vote warnings.
L 02/03/2018 - 17:26:39: [umc-rockthevote.smx] RTV will be made available in 60 seconds.
L 02/03/2018 - 17:27:40: [umc-rockthevote.smx] RTV is now available.
L 02/03/2018 - 18:40:39: [umc-nominate.smx] Oktay wants to nominate a map.
L 02/03/2018 - 18:40:45: [umc-nominate.smx] Oktay has nominated 'emp_temple_b3f' from group 'Commander Maps'
L 02/03/2018 - 18:41:03: [umc-nominate.smx] Uninspired wants to nominate a map.
L 02/03/2018 - 18:41:10: [umc-nominate.smx] Uninspired has nominated 'con_glycencity' from group 'Infantry Maps'
L 02/03/2018 - 18:46:11: [umc-emp-mapvote.smx] Map vote will appear in 30 seconds.
L 02/03/2018 - 18:46:18: [umc-nominate.smx] Mr. X. wants to nominate a map.
L 02/03/2018 - 18:46:33: [umc-nominate.smx] Mr. X. has nominated 'emp_flat_fix' from group 'Commander Maps'
L 02/03/2018 - 18:46:41: [umc-emp-mapvote.smx] Starting a map vote.
L 02/03/2018 - 18:46:41: [umc-core.smx] Initiating Vote Type: Map
L 02/03/2018 - 18:47:20: [umc-core.smx] RUNOFF: Starting runoff vote.
L 02/03/2018 - 18:47:20: [umc-core.smx] Initiating Vote Type: Map
L 02/03/2018 - 18:47:51: [umc-core.smx] Setting nextmap to: emp_flat_fix
L 02/03/2018 - 18:47:51: [umc-randomcycle.smx] Disabling random nextmap selection.
L 02/03/2018 - 18:47:51: [umc-core.smx] umc-emp-mapvote.smx: Changing map to 'emp_flat_fix' in 5 seconds.
L 02/03/2018 - 18:47:51: [umc-core.smx] MAPVOTE: Players voted for map 'emp_flat_fix' from group 'Commander Maps'
L 02/03/2018 - 18:47:56: [umc-core.smx] ---------------------MAP CHANGE: emp_flat_fix---------------------
L 02/03/2018 - 18:47:56: [umc-endvote-warnings.smx] Successfully parsed and set up 11 vote warnings.
L 02/03/2018 - 18:47:56: [umc-rockthevote.smx] RTV will be made available in 60 seconds.
L 02/03/2018 - 18:48:57: [umc-rockthevote.smx] RTV is now available.
L 02/03/2018 - 18:53:56: [umc-nominate.smx] Oktay wants to nominate a map.
L 02/03/2018 - 18:54:01: [umc-nominate.smx] Oktay has nominated 'emp_temple_b3f' from group 'Commander Maps'
L 02/03/2018 - 19:14:15: [umc-emp-mapvote.smx] Map vote will appear in 30 seconds.
L 02/03/2018 - 19:14:45: [umc-emp-mapvote.smx] Starting a map vote.
L 02/03/2018 - 19:14:45: [umc-core.smx] Initiating Vote Type: Map
L 02/03/2018 - 19:15:23: [umc-core.smx] RUNOFF: Starting runoff vote.
L 02/03/2018 - 19:15:23: [umc-core.smx] Initiating Vote Type: Map
L 02/03/2018 - 19:15:54: [umc-core.smx] Setting nextmap to: emp_snowstorm_rc6
L 02/03/2018 - 19:15:54: [umc-randomcycle.smx] Disabling random nextmap selection.
L 02/03/2018 - 19:15:54: [umc-core.smx] umc-emp-mapvote.smx: Changing map to 'emp_snowstorm_rc6' in 5 seconds.
L 02/03/2018 - 19:15:54: [umc-core.smx] MAPVOTE: Players voted for map 'emp_snowstorm_rc6' from group 'Commander Maps'
L 02/03/2018 - 19:16:00: [umc-core.smx] ---------------------MAP CHANGE: emp_snowstorm_rc6---------------------
L 02/03/2018 - 19:16:00: [umc-endvote-warnings.smx] Successfully parsed and set up 11 vote warnings.
L 02/03/2018 - 19:16:00: [umc-rockthevote.smx] RTV will be made available in 60 seconds.
L 02/03/2018 - 19:17:01: [umc-rockthevote.smx] RTV is now available.
L 02/03/2018 - 19:25:56: [umc-emp-mapvote.smx] Map vote will appear in 30 seconds.
L 02/03/2018 - 19:26:26: [umc-emp-mapvote.smx] Starting a map vote.
L 02/03/2018 - 19:26:26: [umc-core.smx] Initiating Vote Type: Map
L 02/03/2018 - 19:27:05: [umc-core.smx] RUNOFF: Starting runoff vote.
L 02/03/2018 - 19:27:05: [umc-core.smx] Initiating Vote Type: Map
L 02/03/2018 - 19:27:35: [umc-core.smx] Setting nextmap to: emp_palmbay_fix
L 02/03/2018 - 19:27:35: [umc-randomcycle.smx] Disabling random nextmap selection.
L 02/03/2018 - 19:27:35: [umc-core.smx] umc-emp-mapvote.smx: Changing map to 'emp_palmbay_fix' in 5 seconds.
L 02/03/2018 - 19:27:35: [umc-core.smx] MAPVOTE: Players voted for map 'emp_palmbay_fix' from group 'Commander Maps'
L 02/03/2018 - 19:27:41: [umc-core.smx] ---------------------MAP CHANGE: emp_palmbay_fix---------------------
L 02/03/2018 - 19:27:41: [umc-endvote-warnings.smx] Successfully parsed and set up 11 vote warnings.
L 02/03/2018 - 19:27:41: [umc-rockthevote.smx] RTV will be made available in 60 seconds.
L 02/03/2018 - 19:28:42: [umc-rockthevote.smx] RTV is now available.
L 02/03/2018 - 19:47:31: [umc-nominate.smx] Oktay wants to nominate a map.
L 02/03/2018 - 19:47:45: [umc-nominate.smx] Oktay has nominated 'emp_temple_b3f' from group 'Commander Maps'
L 02/03/2018 - 20:24:34: [umc-nominate.smx] Uninspired wants to nominate a map.
L 02/03/2018 - 20:24:40: [umc-nominate.smx] VV wants to nominate a map.
L 02/03/2018 - 20:24:52: [umc-nominate.smx] Uninspired has nominated 'emp_isle' from group 'Commander Maps'
L 02/03/2018 - 20:24:57: [umc-nominate.smx] VV has nominated 'emp_homeland_b9' from group 'Commander Maps'
L 02/03/2018 - 20:24:59: [umc-emp-mapvote.smx] Map vote will appear in 30 seconds.
L 02/03/2018 - 20:25:26: [umc-nominate.smx] Mr. X. wants to nominate a map.
L 02/03/2018 - 20:25:29: [umc-emp-mapvote.smx] Starting a map vote.
L 02/03/2018 - 20:25:29: [umc-core.smx] Initiating Vote Type: Map
L 02/03/2018 - 20:26:08: [umc-core.smx] RUNOFF: Starting runoff vote.
L 02/03/2018 - 20:26:08: [umc-core.smx] Initiating Vote Type: Map
L 02/03/2018 - 20:26:39: [umc-core.smx] Setting nextmap to: emp_homeland_b9
L 02/03/2018 - 20:26:39: [umc-randomcycle.smx] Disabling random nextmap selection.
L 02/03/2018 - 20:26:39: [umc-core.smx] umc-emp-mapvote.smx: Changing map to 'emp_homeland_b9' in 5 seconds.
L 02/03/2018 - 20:26:39: [umc-core.smx] MAPVOTE: Players voted for map 'emp_homeland_b9' from group 'Commander Maps'
L 02/03/2018 - 20:26:45: [umc-core.smx] ---------------------MAP CHANGE: emp_homeland_b9---------------------
L 02/03/2018 - 20:26:45: [umc-endvote-warnings.smx] Successfully parsed and set up 11 vote warnings.
L 02/03/2018 - 20:26:45: [umc-rockthevote.smx] RTV will be made available in 60 seconds.
L 02/03/2018 - 20:27:46: [umc-rockthevote.smx] RTV is now available.
L 02/03/2018 - 20:48:41: [umc-emp-mapvote.smx] Map vote will appear in 30 seconds.
L 02/03/2018 - 20:48:47: [umc-nominate.smx] Oktay wants to nominate a map.
L 02/03/2018 - 20:48:55: [umc-nominate.smx] Mr. X. wants to nominate a map.
L 02/03/2018 - 20:48:58: [umc-nominate.smx] Mr. X. has nominated 'emp_mesa_d6' from group 'Commander Maps'
L 02/03/2018 - 20:48:59: [umc-nominate.smx] Oktay has nominated 'emp_silo_rc5_fix' from group 'Commander Maps'
L 02/03/2018 - 20:49:02: [umc-nominate.smx] Mr. X. wants to nominate a map.
L 02/03/2018 - 20:49:07: [umc-nominate.smx] Mr. X. has nominated 'emp_temple_b3f' from group 'Commander Maps'
L 02/03/2018 - 20:49:11: [umc-emp-mapvote.smx] Starting a map vote.
L 02/03/2018 - 20:49:11: [umc-core.smx] Initiating Vote Type: Map
L 02/03/2018 - 20:49:49: [umc-core.smx] RUNOFF: Starting runoff vote.
L 02/03/2018 - 20:49:49: [umc-core.smx] Initiating Vote Type: Map
L 02/03/2018 - 20:50:20: [umc-core.smx] Setting nextmap to: emp_canyon
L 02/03/2018 - 20:50:20: [umc-randomcycle.smx] Disabling random nextmap selection.
L 02/03/2018 - 20:50:20: [umc-core.smx] umc-emp-mapvote.smx: Changing map to 'emp_canyon' in 5 seconds.
L 02/03/2018 - 20:50:20: [umc-core.smx] MAPVOTE: Players voted for map 'emp_canyon' from group 'Commander Maps'
L 02/03/2018 - 20:50:26: [umc-core.smx] ---------------------MAP CHANGE: emp_canyon---------------------
L 02/03/2018 - 20:50:26: [umc-endvote-warnings.smx] Successfully parsed and set up 11 vote warnings.
L 02/03/2018 - 20:50:26: [umc-rockthevote.smx] RTV will be made available in 60 seconds.
L 02/03/2018 - 20:51:21: [umc-nominate.smx] Oktay wants to nominate a map.
L 02/03/2018 - 20:51:27: [umc-rockthevote.smx] RTV is now available.
L 02/03/2018 - 20:51:29: [umc-nominate.smx] Oktay has nominated 'emp_silo_rc5_fix' from group 'Commander Maps'
L 02/03/2018 - 21:34:17: [umc-emp-mapvote.smx] Map vote will appear in 30 seconds.
L 02/03/2018 - 21:34:47: [umc-emp-mapvote.smx] Starting a map vote.
L 02/03/2018 - 21:34:47: [umc-core.smx] Initiating Vote Type: Map
L 02/03/2018 - 21:35:26: [umc-core.smx] RUNOFF: Starting runoff vote.
L 02/03/2018 - 21:35:26: [umc-core.smx] Initiating Vote Type: Map
L 02/03/2018 - 21:35:57: [umc-core.smx] Setting nextmap to: emp_research_1_2_2013
L 02/03/2018 - 21:35:57: [umc-randomcycle.smx] Disabling random nextmap selection.
L 02/03/2018 - 21:35:57: [umc-core.smx] umc-emp-mapvote.smx: Changing map to 'emp_research_1_2_2013' in 5 seconds.
L 02/03/2018 - 21:35:57: [umc-core.smx] MAPVOTE: Players voted for map 'emp_research_1_2_2013' from group 'Commander Maps'
L 02/03/2018 - 21:36:02: [umc-core.smx] ---------------------MAP CHANGE: emp_research_1_2_2013---------------------
L 02/03/2018 - 21:36:02: [umc-endvote-warnings.smx] Successfully parsed and set up 11 vote warnings.
L 02/03/2018 - 21:36:02: [umc-rockthevote.smx] RTV will be made available in 60 seconds.
L 02/03/2018 - 21:37:03: [umc-rockthevote.smx] RTV is now available.
L 02/03/2018 - 21:53:14: [umc-nominate.smx] Uninspired wants to nominate a map.
L 02/03/2018 - 21:53:20: [umc-emp-mapvote.smx] Map vote will appear in 30 seconds.
L 02/03/2018 - 21:53:50: [umc-emp-mapvote.smx] Starting a map vote.
L 02/03/2018 - 21:53:50: [umc-core.smx] Initiating Vote Type: Map
L 02/03/2018 - 21:54:29: [umc-core.smx] RUNOFF: Starting runoff vote.
L 02/03/2018 - 21:54:29: [umc-core.smx] Initiating Vote Type: Map
L 02/03/2018 - 21:54:59: [umc-core.smx] Setting nextmap to: emp_coast
L 02/03/2018 - 21:54:59: [umc-randomcycle.smx] Disabling random nextmap selection.
L 02/03/2018 - 21:54:59: [umc-core.smx] umc-emp-mapvote.smx: Changing map to 'emp_coast' in 5 seconds.
L 02/03/2018 - 21:54:59: [umc-core.smx] MAPVOTE: Players voted for map 'emp_coast' from group 'Commander Maps'
L 02/03/2018 - 21:55:05: [umc-core.smx] ---------------------MAP CHANGE: emp_coast---------------------
L 02/03/2018 - 21:55:05: [umc-endvote-warnings.smx] Successfully parsed and set up 11 vote warnings.
L 02/03/2018 - 21:55:05: [umc-rockthevote.smx] RTV will be made available in 60 seconds.
L 02/03/2018 - 21:56:06: [umc-rockthevote.smx] RTV is now available.
L 02/03/2018 - 22:00:14: [umc-nominate.smx] Oktay wants to nominate a map.
L 02/03/2018 - 22:00:19: [umc-nominate.smx] Oktay has nominated 'emp_dune_ob1' from group 'Commander Maps'
L 02/03/2018 - 22:23:26: [umc-nominate.smx] JK wants to nominate a map.
L 02/03/2018 - 22:23:32: [umc-nominate.smx] JK has nominated 'emp_flat_fix' from group 'Commander Maps'
L 02/03/2018 - 22:23:46: [umc-nominate.smx] Chatzoe ☭ wants to nominate a map.
L 02/03/2018 - 22:23:59: [umc-nominate.smx] Chatzoe ☭ has nominated 'emp_streetsoffire_fix' from group 'Commander Maps'
L 02/03/2018 - 22:37:42: [umc-emp-mapvote.smx] Map vote will appear in 30 seconds.
L 02/03/2018 - 22:38:00: [umc-nominate.smx] Mr. X. wants to nominate a map.
L 02/03/2018 - 22:38:06: [umc-nominate.smx] Mr. X. has nominated 'emp_bush' from group 'Commander Maps'
L 02/03/2018 - 22:38:12: [umc-emp-mapvote.smx] Starting a map vote.
L 02/03/2018 - 22:38:12: [umc-core.smx] Initiating Vote Type: Map
L 02/03/2018 - 22:38:51: [umc-core.smx] RUNOFF: Starting runoff vote.
L 02/03/2018 - 22:38:51: [umc-core.smx] Initiating Vote Type: Map
L 02/03/2018 - 22:39:22: [umc-core.smx] Setting nextmap to: emp_flat_fix
L 02/03/2018 - 22:39:22: [umc-randomcycle.smx] Disabling random nextmap selection.
L 02/03/2018 - 22:39:22: [umc-core.smx] umc-emp-mapvote.smx: Changing map to 'emp_flat_fix' in 5 seconds.
L 02/03/2018 - 22:39:22: [umc-core.smx] MAPVOTE: Players voted for map 'emp_flat_fix' from group 'Commander Maps'
L 02/03/2018 - 22:39:27: [umc-core.smx] ---------------------MAP CHANGE: emp_flat_fix---------------------
L 02/03/2018 - 22:39:27: [umc-endvote-warnings.smx] Successfully parsed and set up 11 vote warnings.
L 02/03/2018 - 22:39:27: [umc-rockthevote.smx] RTV will be made available in 60 seconds.
L 02/03/2018 - 22:40:28: [umc-rockthevote.smx] RTV is now available.
L 02/03/2018 - 22:43:26: [umc-nominate.smx] Oktay wants to nominate a map.
L 02/03/2018 - 22:43:38: [umc-nominate.smx] Oktay has nominated 'emp_dune_ob1' from group 'Commander Maps'
L 02/03/2018 - 23:06:35: [umc-nominate.smx] .|Ϟ|. Quigon wants to nominate a map.
L 02/03/2018 - 23:06:43: [umc-nominate.smx] Oktay wants to nominate a map.
L 02/03/2018 - 23:06:49: [umc-nominate.smx] Oktay has nominated 'emp_silo_rc5_fix' from group 'Commander Maps'
L 02/03/2018 - 23:06:57: [umc-nominate.smx] .|Ϟ|. Quigon has nominated 'emp_streetsoffire_fix' from group 'Commander Maps'
L 02/03/2018 - 23:07:59: [umc-emp-mapvote.smx] Map vote will appear in 30 seconds.
L 02/03/2018 - 23:08:13: [umc-nominate.smx] Mr. X. wants to nominate a map.
L 02/03/2018 - 23:08:22: [umc-nominate.smx] Mr. X. has nominated 'emp_massacred_rc1' from group 'Commander Maps'
L 02/03/2018 - 23:08:29: [umc-emp-mapvote.smx] Starting a map vote.
L 02/03/2018 - 23:08:29: [umc-core.smx] Initiating Vote Type: Map
L 02/03/2018 - 23:09:00: [umc-core.smx] Setting nextmap to: emp_massacred_rc1
L 02/03/2018 - 23:09:00: [umc-randomcycle.smx] Disabling random nextmap selection.
L 02/03/2018 - 23:09:00: [umc-core.smx] umc-emp-mapvote.smx: Changing map to 'emp_massacred_rc1' in 5 seconds.
L 02/03/2018 - 23:09:00: [umc-core.smx] MAPVOTE: Players voted for map 'emp_massacred_rc1' from group 'Commander Maps'
L 02/03/2018 - 23:09:08: [umc-core.smx] ---------------------MAP CHANGE: emp_massacred_rc1---------------------
L 02/03/2018 - 23:09:08: [umc-endvote-warnings.smx] Successfully parsed and set up 11 vote warnings.
L 02/03/2018 - 23:09:08: [umc-rockthevote.smx] RTV will be made available in 60 seconds.
L 02/03/2018 - 23:10:09: [umc-rockthevote.smx] RTV is now available.
L 02/03/2018 - 23:29:21: [umc-core.smx] ---------------------MAP CHANGE: con_blast_ob2---------------------
L 02/03/2018 - 23:29:21: [umc-endvote-warnings.smx] Successfully parsed and set up 11 vote warnings.
L 02/03/2018 - 23:29:21: [umc-rockthevote.smx] RTV will be made available in 60 seconds.
L 02/03/2018 - 23:30:22: [umc-rockthevote.smx] RTV is now available.
L 02/03/2018 - 23:50:25: [umc-emp-mapvote.smx] Map vote will appear in 30 seconds.
L 02/03/2018 - 23:50:55: [umc-emp-mapvote.smx] Starting a map vote.
L 02/03/2018 - 23:50:55: [umc-core.smx] Initiating Vote Type: Map
L 02/03/2018 - 23:51:09: [umc-emp-mapvote.smx] WARNING: Map Voting failure. Initiating random map fail-safe.
L 02/03/2018 - 23:51:09: [umc-core.smx] Setting nextmap to: fun_ricochet_a4
L 02/03/2018 - 23:51:09: [umc-randomcycle.smx] Disabling random nextmap selection.
L 02/03/2018 - 23:51:09: [umc-core.smx] umc-emp-mapvote.smx: Changing map to 'fun_ricochet_a4' in 5 seconds.
L 02/03/2018 - 23:51:15: [umc-core.smx] ---------------------MAP CHANGE: fun_ricochet_a4---------------------
L 02/03/2018 - 23:51:15: [umc-endvote-warnings.smx] Successfully parsed and set up 11 vote warnings.
L 02/03/2018 - 23:51:15: [umc-rockthevote.smx] RTV will be made available in 60 seconds.
L 02/03/2018 - 23:52:16: [umc-rockthevote.smx] RTV is now available.
