L 07/06/2017 - 14:54:40: [umc-core.smx] ---------------------MAP CHANGE: con_district402---------------------
L 07/06/2017 - 14:54:41: [umc-endvote-warnings.smx] Successfully parsed and set up 11 vote warnings.
L 07/06/2017 - 14:54:41: [umc-playercountmonitor.smx] Current Map Group could not be determined. (Non-UMC mapchange or plugin just loaded.)
L 07/06/2017 - 14:54:41: [umc-playercountmonitor.smx] Min Players: 0, Max Players: 64
L 07/06/2017 - 14:54:41: [umc-rockthevote.smx] RTV will be made available in 60 seconds.
L 07/06/2017 - 14:55:42: [umc-rockthevote.smx] RTV is now available.
L 07/06/2017 - 15:57:24: [umc-emp-mapvote.smx] Map vote will appear in 30 seconds.
L 07/06/2017 - 15:57:54: [umc-emp-mapvote.smx] Starting a map vote.
L 07/06/2017 - 15:57:54: [umc-core.smx] Initiating Vote Type: Map
L 07/06/2017 - 15:58:24: [umc-core.smx] Setting nextmap to: emp_beachfront_b2
L 07/06/2017 - 15:58:24: [umc-randomcycle.smx] Disabling random nextmap selection.
L 07/06/2017 - 15:58:24: [umc-core.smx] umc-emp-mapvote.smx: Changing map to 'emp_beachfront_b2' in 5 seconds.
L 07/06/2017 - 15:58:24: [umc-core.smx] MAPVOTE: Players voted for map 'emp_beachfront_b2' from group 'Commander Maps'
L 07/06/2017 - 15:58:30: [umc-core.smx] ---------------------MAP CHANGE: emp_beachfront_b2---------------------
L 07/06/2017 - 15:58:30: [umc-endvote-warnings.smx] Successfully parsed and set up 11 vote warnings.
L 07/06/2017 - 15:58:30: [umc-playercountmonitor.smx] Min Players: 0, Max Players: 22
L 07/06/2017 - 15:58:30: [umc-playercountmonitor.smx] Server will begin watching for inproper number of players in 240 seconds.
L 07/06/2017 - 15:58:30: [umc-rockthevote.smx] RTV will be made available in 60 seconds.
L 07/06/2017 - 15:59:31: [umc-rockthevote.smx] RTV is now available.
L 07/06/2017 - 16:02:30: [umc-playercountmonitor.smx] Server is now watching for inproper number of players.
L 07/06/2017 - 16:30:58: [umc-emp-mapvote.smx] Map vote will appear in 30 seconds.
L 07/06/2017 - 16:31:28: [umc-emp-mapvote.smx] Starting a map vote.
L 07/06/2017 - 16:31:28: [umc-core.smx] Initiating Vote Type: Map
L 07/06/2017 - 16:31:59: [umc-core.smx] Setting nextmap to: emp_downfall
L 07/06/2017 - 16:31:59: [umc-randomcycle.smx] Disabling random nextmap selection.
L 07/06/2017 - 16:31:59: [umc-core.smx] umc-emp-mapvote.smx: Changing map to 'emp_downfall' in 5 seconds.
L 07/06/2017 - 16:31:59: [umc-core.smx] MAPVOTE: Players voted for map 'emp_downfall' from group 'Commander Maps'
L 07/06/2017 - 16:32:04: [umc-core.smx] ---------------------MAP CHANGE: emp_downfall---------------------
L 07/06/2017 - 16:32:04: [umc-endvote-warnings.smx] Successfully parsed and set up 11 vote warnings.
L 07/06/2017 - 16:32:04: [umc-playercountmonitor.smx] Min Players: 0, Max Players: 22
L 07/06/2017 - 16:32:04: [umc-playercountmonitor.smx] Server will begin watching for inproper number of players in 240 seconds.
L 07/06/2017 - 16:32:04: [umc-rockthevote.smx] RTV will be made available in 60 seconds.
L 07/06/2017 - 16:33:05: [umc-rockthevote.smx] RTV is now available.
L 07/06/2017 - 16:36:04: [umc-playercountmonitor.smx] Server is now watching for inproper number of players.
L 07/06/2017 - 17:35:54: [umc-nominate.smx] ApScience_AsbetosSpheres wants to nominate a map.
L 07/06/2017 - 17:36:14: [umc-emp-mapvote.smx] Map vote will appear in 30 seconds.
L 07/06/2017 - 17:36:19: [umc-nominate.smx] ApScience_AsbetosSpheres has nominated 'con_glycencity' from group 'Infantry Maps'
L 07/06/2017 - 17:36:23: [umc-nominate.smx] ApScience_AsbetosSpheres wants to nominate a map.
L 07/06/2017 - 17:36:32: [umc-nominate.smx] ApScience_AsbetosSpheres has nominated 'emp_fogtown_cl2_fix' from group 'Infantry Maps'
L 07/06/2017 - 17:36:44: [umc-emp-mapvote.smx] Starting a map vote.
L 07/06/2017 - 17:36:44: [umc-core.smx] Initiating Vote Type: Map
L 07/06/2017 - 17:37:14: [umc-core.smx] Setting nextmap to: emp_crossroads
L 07/06/2017 - 17:37:14: [umc-randomcycle.smx] Disabling random nextmap selection.
L 07/06/2017 - 17:37:14: [umc-core.smx] umc-emp-mapvote.smx: Changing map to 'emp_crossroads' in 5 seconds.
L 07/06/2017 - 17:37:14: [umc-core.smx] MAPVOTE: Players voted for map 'emp_crossroads' from group 'Commander Maps'
L 07/06/2017 - 17:37:20: [umc-core.smx] ---------------------MAP CHANGE: emp_crossroads---------------------
L 07/06/2017 - 17:37:20: [umc-endvote-warnings.smx] Successfully parsed and set up 11 vote warnings.
L 07/06/2017 - 17:37:20: [umc-playercountmonitor.smx] Min Players: 0, Max Players: 22
L 07/06/2017 - 17:37:20: [umc-playercountmonitor.smx] Server will begin watching for inproper number of players in 240 seconds.
L 07/06/2017 - 17:37:20: [umc-rockthevote.smx] RTV will be made available in 60 seconds.
L 07/06/2017 - 17:38:21: [umc-rockthevote.smx] RTV is now available.
L 07/06/2017 - 17:41:20: [umc-playercountmonitor.smx] Server is now watching for inproper number of players.
L 07/06/2017 - 18:31:55: [umc-emp-mapvote.smx] Map vote will appear in 30 seconds.
L 07/06/2017 - 18:32:25: [umc-emp-mapvote.smx] Starting a map vote.
L 07/06/2017 - 18:32:25: [umc-core.smx] Initiating Vote Type: Map
L 07/06/2017 - 18:33:03: [umc-core.smx] RUNOFF: Starting runoff vote.
L 07/06/2017 - 18:33:03: [umc-core.smx] Initiating Vote Type: Map
L 07/06/2017 - 18:33:34: [umc-core.smx] Setting nextmap to: emp_drygulch_a6
L 07/06/2017 - 18:33:34: [umc-randomcycle.smx] Disabling random nextmap selection.
L 07/06/2017 - 18:33:34: [umc-core.smx] umc-emp-mapvote.smx: Changing map to 'emp_drygulch_a6' in 5 seconds.
L 07/06/2017 - 18:33:34: [umc-core.smx] MAPVOTE: Players voted for map 'emp_drygulch_a6' from group 'Commander Maps'
L 07/06/2017 - 18:33:41: [umc-core.smx] ---------------------MAP CHANGE: emp_drygulch_a6---------------------
L 07/06/2017 - 18:33:41: [umc-endvote-warnings.smx] Successfully parsed and set up 11 vote warnings.
L 07/06/2017 - 18:33:41: [umc-playercountmonitor.smx] Min Players: 0, Max Players: 22
L 07/06/2017 - 18:33:41: [umc-playercountmonitor.smx] Server will begin watching for inproper number of players in 240 seconds.
L 07/06/2017 - 18:33:41: [umc-rockthevote.smx] RTV will be made available in 60 seconds.
L 07/06/2017 - 18:34:42: [umc-rockthevote.smx] RTV is now available.
L 07/06/2017 - 18:37:41: [umc-playercountmonitor.smx] Server is now watching for inproper number of players.
L 07/06/2017 - 18:58:20: [umc-nominate.smx] ApScience_AsbetosSpheres wants to nominate a map.
L 07/06/2017 - 18:58:30: [umc-nominate.smx] ApScience_AsbetosSpheres has nominated 'con_glycencity' from group 'Infantry Maps'
L 07/06/2017 - 19:49:02: [umc-emp-mapvote.smx] Map vote will appear in 30 seconds.
L 07/06/2017 - 19:49:32: [umc-emp-mapvote.smx] Starting a map vote.
L 07/06/2017 - 19:49:32: [umc-core.smx] Initiating Vote Type: Map
L 07/06/2017 - 19:49:47: [umc-nominate.smx] Linkthehobo wants to nominate a map.
L 07/06/2017 - 19:49:55: [umc-nominate.smx] Linkthehobo has nominated 'con_urbanchaos_fix' from group 'Infantry Maps'
L 07/06/2017 - 19:50:10: [umc-core.smx] RUNOFF: Starting runoff vote.
L 07/06/2017 - 19:50:10: [umc-core.smx] Initiating Vote Type: Map
L 07/06/2017 - 19:50:41: [umc-core.smx] Setting nextmap to: emp_canyon
L 07/06/2017 - 19:50:41: [umc-randomcycle.smx] Disabling random nextmap selection.
L 07/06/2017 - 19:50:41: [umc-core.smx] umc-emp-mapvote.smx: Changing map to 'emp_canyon' in 5 seconds.
L 07/06/2017 - 19:50:41: [umc-core.smx] MAPVOTE: Players voted for map 'emp_canyon' from group 'Commander Maps'
L 07/06/2017 - 19:50:52: [umc-core.smx] ---------------------MAP CHANGE: emp_canyon---------------------
L 07/06/2017 - 19:50:52: [umc-endvote-warnings.smx] Successfully parsed and set up 11 vote warnings.
L 07/06/2017 - 19:50:52: [umc-playercountmonitor.smx] Min Players: 14, Max Players: 32
L 07/06/2017 - 19:50:52: [umc-playercountmonitor.smx] Server will begin watching for inproper number of players in 240 seconds.
L 07/06/2017 - 19:50:52: [umc-rockthevote.smx] RTV will be made available in 60 seconds.
L 07/06/2017 - 19:51:53: [umc-rockthevote.smx] RTV is now available.
L 07/06/2017 - 19:54:52: [umc-playercountmonitor.smx] Server is now watching for inproper number of players.
L 07/06/2017 - 20:54:42: [umc-emp-mapvote.smx] Map vote will appear in 30 seconds.
L 07/06/2017 - 20:55:12: [umc-emp-mapvote.smx] Starting a map vote.
L 07/06/2017 - 20:55:12: [umc-core.smx] Initiating Vote Type: Map
L 07/06/2017 - 20:55:42: [umc-core.smx] Setting nextmap to: emp_shadows_attacks_fix
L 07/06/2017 - 20:55:42: [umc-randomcycle.smx] Disabling random nextmap selection.
L 07/06/2017 - 20:55:42: [umc-core.smx] umc-emp-mapvote.smx: Changing map to 'emp_shadows_attacks_fix' in 5 seconds.
L 07/06/2017 - 20:55:42: [umc-core.smx] MAPVOTE: Players voted for map 'emp_shadows_attacks_fix' from group 'Infantry Maps'
L 07/06/2017 - 20:55:55: [umc-core.smx] ---------------------MAP CHANGE: emp_shadows_attacks_fix---------------------
L 07/06/2017 - 20:55:55: [umc-endvote-warnings.smx] Successfully parsed and set up 11 vote warnings.
L 07/06/2017 - 20:55:55: [umc-playercountmonitor.smx] Min Players: 0, Max Players: 20
L 07/06/2017 - 20:55:55: [umc-playercountmonitor.smx] Server will begin watching for inproper number of players in 240 seconds.
L 07/06/2017 - 20:55:55: [umc-rockthevote.smx] RTV will be made available in 60 seconds.
L 07/06/2017 - 20:56:56: [umc-rockthevote.smx] RTV is now available.
L 07/06/2017 - 20:59:55: [umc-playercountmonitor.smx] Server is now watching for inproper number of players.
L 07/06/2017 - 21:09:07: [umc-emp-mapvote.smx] Map vote will appear in 30 seconds.
L 07/06/2017 - 21:09:37: [umc-emp-mapvote.smx] Starting a map vote.
L 07/06/2017 - 21:09:37: [umc-core.smx] Initiating Vote Type: Map
L 07/06/2017 - 21:09:37: [umc-emp-mapvote.smx] Could not start UMC vote.
L 07/06/2017 - 21:09:37: [umc-emp-mapvote.smx] WARNING: Map Voting failure. Initiating random map fail-safe.
L 07/06/2017 - 21:09:37: [umc-core.smx] Setting nextmap to: emp_nuclear_b8u_xfix
L 07/06/2017 - 21:09:37: [umc-randomcycle.smx] Disabling random nextmap selection.
L 07/06/2017 - 21:09:37: [umc-core.smx] umc-emp-mapvote.smx: Changing map to 'emp_nuclear_b8u_xfix' in 5 seconds.
L 07/06/2017 - 21:09:47: [umc-core.smx] ---------------------MAP CHANGE: emp_nuclear_b8u_xfix---------------------
L 07/06/2017 - 21:09:47: [umc-endvote-warnings.smx] Successfully parsed and set up 11 vote warnings.
L 07/06/2017 - 21:09:47: [umc-playercountmonitor.smx] Min Players: 4, Max Players: 20
L 07/06/2017 - 21:09:47: [umc-playercountmonitor.smx] Server will begin watching for inproper number of players in 240 seconds.
L 07/06/2017 - 21:09:47: [umc-rockthevote.smx] RTV will be made available in 60 seconds.
L 07/06/2017 - 21:10:48: [umc-rockthevote.smx] RTV is now available.
L 07/06/2017 - 21:13:47: [umc-playercountmonitor.smx] Server is now watching for inproper number of players.
L 07/06/2017 - 21:40:18: [umc-rockthevote.smx] Starting RTV.
L 07/06/2017 - 21:40:18: [umc-core.smx] Initiating Vote Type: Map
L 07/06/2017 - 21:41:19: [umc-core.smx] Setting nextmap to: emp_beachfront_b2
L 07/06/2017 - 21:41:19: [umc-randomcycle.smx] Disabling random nextmap selection.
L 07/06/2017 - 21:41:19: [umc-core.smx] umc-rockthevote.smx: Changing map to 'emp_beachfront_b2' in 5 seconds.
L 07/06/2017 - 21:41:19: [umc-core.smx] MAPVOTE: Players voted for map 'emp_beachfront_b2' from group 'Commander Maps'
L 07/06/2017 - 21:41:30: [umc-core.smx] ---------------------MAP CHANGE: emp_beachfront_b2---------------------
L 07/06/2017 - 21:41:30: [umc-endvote-warnings.smx] Successfully parsed and set up 11 vote warnings.
L 07/06/2017 - 21:41:30: [umc-playercountmonitor.smx] Min Players: 0, Max Players: 22
L 07/06/2017 - 21:41:30: [umc-playercountmonitor.smx] Server will begin watching for inproper number of players in 240 seconds.
L 07/06/2017 - 21:41:30: [umc-rockthevote.smx] RTV will be made available in 60 seconds.
L 07/06/2017 - 21:42:31: [umc-rockthevote.smx] RTV is now available.
L 07/06/2017 - 21:45:30: [umc-playercountmonitor.smx] Server is now watching for inproper number of players.
L 07/06/2017 - 22:44:37: [umc-emp-mapvote.smx] Map vote will appear in 30 seconds.
L 07/06/2017 - 22:45:07: [umc-emp-mapvote.smx] Starting a map vote.
L 07/06/2017 - 22:45:07: [umc-core.smx] Initiating Vote Type: Map
L 07/06/2017 - 22:45:37: [umc-core.smx] Setting nextmap to: emp_fogtown_cl2_fix
L 07/06/2017 - 22:45:37: [umc-randomcycle.smx] Disabling random nextmap selection.
L 07/06/2017 - 22:45:37: [umc-core.smx] umc-emp-mapvote.smx: Changing map to 'emp_fogtown_cl2_fix' in 5 seconds.
L 07/06/2017 - 22:45:37: [umc-core.smx] MAPVOTE: Players voted for map 'emp_fogtown_cl2_fix' from group 'Infantry Maps'
L 07/06/2017 - 22:45:47: [umc-core.smx] ---------------------MAP CHANGE: emp_fogtown_cl2_fix---------------------
L 07/06/2017 - 22:45:47: [umc-endvote-warnings.smx] Successfully parsed and set up 11 vote warnings.
L 07/06/2017 - 22:45:47: [umc-playercountmonitor.smx] Min Players: 0, Max Players: 20
L 07/06/2017 - 22:45:47: [umc-playercountmonitor.smx] Server will begin watching for inproper number of players in 240 seconds.
L 07/06/2017 - 22:45:47: [umc-rockthevote.smx] RTV will be made available in 60 seconds.
L 07/06/2017 - 22:46:48: [umc-rockthevote.smx] RTV is now available.
L 07/06/2017 - 22:49:47: [umc-playercountmonitor.smx] Server is now watching for inproper number of players.
L 07/06/2017 - 23:55:02: [umc-emp-mapvote.smx] Map vote will appear in 30 seconds.
L 07/06/2017 - 23:55:32: [umc-emp-mapvote.smx] Starting a map vote.
L 07/06/2017 - 23:55:32: [umc-core.smx] Initiating Vote Type: Map
L 07/06/2017 - 23:55:32: [umc-core.smx] Could not start core vote, no players to display vote to!
L 07/06/2017 - 23:55:32: [umc-emp-mapvote.smx] Could not start UMC vote.
L 07/06/2017 - 23:55:32: [umc-emp-mapvote.smx] WARNING: Map Voting failure. Initiating random map fail-safe.
L 07/06/2017 - 23:55:32: [umc-core.smx] Setting nextmap to: emp_crossroads
L 07/06/2017 - 23:55:32: [umc-randomcycle.smx] Disabling random nextmap selection.
L 07/06/2017 - 23:55:32: [umc-core.smx] umc-emp-mapvote.smx: Changing map to 'emp_crossroads' in 5 seconds.
L 07/06/2017 - 23:55:39: [umc-core.smx] ---------------------MAP CHANGE: emp_crossroads---------------------
L 07/06/2017 - 23:55:39: [umc-endvote-warnings.smx] Successfully parsed and set up 11 vote warnings.
L 07/06/2017 - 23:55:39: [umc-playercountmonitor.smx] Min Players: 0, Max Players: 22
L 07/06/2017 - 23:55:39: [umc-playercountmonitor.smx] Server will begin watching for inproper number of players in 240 seconds.
L 07/06/2017 - 23:55:39: [umc-rockthevote.smx] RTV will be made available in 60 seconds.
L 07/06/2017 - 23:56:40: [umc-rockthevote.smx] RTV is now available.
L 07/06/2017 - 23:59:39: [umc-playercountmonitor.smx] Server is now watching for inproper number of players.
