L 01/17/2018 - 18:22:54: [umc-core.smx] ---------------------MAP CHANGE: con_district402---------------------
L 01/17/2018 - 18:22:54: [umc-endvote-warnings.smx] Successfully parsed and set up 11 vote warnings.
L 01/17/2018 - 18:22:54: [umc-rockthevote.smx] RTV will be made available in 60 seconds.
L 01/17/2018 - 18:23:55: [umc-rockthevote.smx] RTV is now available.
L 01/17/2018 - 19:40:16: [umc-core.smx] ---------------------MAP CHANGE: emp_canyon---------------------
L 01/17/2018 - 19:40:16: [umc-endvote-warnings.smx] Successfully parsed and set up 11 vote warnings.
L 01/17/2018 - 19:40:16: [umc-rockthevote.smx] RTV will be made available in 60 seconds.
L 01/17/2018 - 19:41:17: [umc-rockthevote.smx] RTV is now available.
L 01/17/2018 - 22:17:34: [umc-emp-mapvote.smx] Map vote will appear in 30 seconds.
L 01/17/2018 - 22:18:04: [umc-emp-mapvote.smx] Starting a map vote.
L 01/17/2018 - 22:18:05: [umc-core.smx] Initiating Vote Type: Map
L 01/17/2018 - 22:18:35: [umc-core.smx] Setting nextmap to: emp_beachfront_b2
L 01/17/2018 - 22:18:35: [umc-randomcycle.smx] Disabling random nextmap selection.
L 01/17/2018 - 22:18:35: [umc-core.smx] umc-emp-mapvote.smx: Changing map to 'emp_beachfront_b2' in 5 seconds.
L 01/17/2018 - 22:18:35: [umc-core.smx] MAPVOTE: Players voted for map 'emp_beachfront_b2' from group 'Commander Maps'
L 01/17/2018 - 22:18:41: [umc-core.smx] ---------------------MAP CHANGE: emp_beachfront_b2---------------------
L 01/17/2018 - 22:18:41: [umc-endvote-warnings.smx] Successfully parsed and set up 11 vote warnings.
L 01/17/2018 - 22:18:41: [umc-rockthevote.smx] RTV will be made available in 60 seconds.
L 01/17/2018 - 22:19:42: [umc-rockthevote.smx] RTV is now available.
L 01/17/2018 - 22:47:33: [umc-emp-mapvote.smx] Map vote will appear in 30 seconds.
L 01/17/2018 - 22:48:03: [umc-emp-mapvote.smx] Starting a map vote.
L 01/17/2018 - 22:48:03: [umc-core.smx] Initiating Vote Type: Map
L 01/17/2018 - 22:48:34: [umc-core.smx] Setting nextmap to: fun_ricochet_a4
L 01/17/2018 - 22:48:34: [umc-randomcycle.smx] Disabling random nextmap selection.
L 01/17/2018 - 22:48:34: [umc-core.smx] umc-emp-mapvote.smx: Changing map to 'fun_ricochet_a4' in 5 seconds.
L 01/17/2018 - 22:48:34: [umc-core.smx] MAPVOTE: Players voted for map 'fun_ricochet_a4' from group 'Cooldown Maps'
L 01/17/2018 - 22:48:39: [umc-core.smx] ---------------------MAP CHANGE: fun_ricochet_a4---------------------
L 01/17/2018 - 22:48:39: [umc-endvote-warnings.smx] Successfully parsed and set up 11 vote warnings.
L 01/17/2018 - 22:48:39: [umc-rockthevote.smx] RTV will be made available in 60 seconds.
L 01/17/2018 - 22:49:40: [umc-rockthevote.smx] RTV is now available.
L 01/17/2018 - 22:57:16: [umc-emp-mapvote.smx] Map vote will appear in 30 seconds.
L 01/17/2018 - 22:57:46: [umc-emp-mapvote.smx] Starting a map vote.
L 01/17/2018 - 22:57:46: [umc-core.smx] Initiating Vote Type: Map
L 01/17/2018 - 22:57:46: [umc-core.smx] Could not start core vote, no players to display vote to!
L 01/17/2018 - 22:57:46: [umc-emp-mapvote.smx] Could not start UMC vote.
L 01/17/2018 - 22:57:46: [umc-emp-mapvote.smx] WARNING: Map Voting failure. Initiating random map fail-safe.
L 01/17/2018 - 22:57:46: [umc-core.smx] Setting nextmap to: emp_fogtown_cl2_fix
L 01/17/2018 - 22:57:46: [umc-randomcycle.smx] Disabling random nextmap selection.
L 01/17/2018 - 22:57:46: [umc-core.smx] umc-emp-mapvote.smx: Changing map to 'emp_fogtown_cl2_fix' in 5 seconds.
L 01/17/2018 - 22:57:52: [umc-core.smx] ---------------------MAP CHANGE: emp_fogtown_cl2_fix---------------------
L 01/17/2018 - 22:57:52: [umc-endvote-warnings.smx] Successfully parsed and set up 11 vote warnings.
L 01/17/2018 - 22:57:52: [umc-rockthevote.smx] RTV will be made available in 60 seconds.
L 01/17/2018 - 22:58:53: [umc-rockthevote.smx] RTV is now available.
