L 04/16/2018 - 00:31:45: [umc-emp-mapvote.smx] Map vote will appear in 30 seconds.
L 04/16/2018 - 00:32:15: [umc-emp-mapvote.smx] Starting a map vote.
L 04/16/2018 - 00:32:15: [umc-core.smx] VOTE MENU: (Verbose) Fetching 6 maps from group 'Commander Maps'
L 04/16/2018 - 00:32:15: [umc-core.smx] VOTE MENU: (Verbose) Finished parsing nominations for map group 'Commander Maps'
L 04/16/2018 - 00:32:15: [umc-core.smx] VOTE MENU: (Verbose) Still need to fetch 6 maps from the group.
L 04/16/2018 - 00:32:15: [umc-core.smx] VOTE MENU: (Verbose) Selected map 'emp_downfall_hce' from group 'Commander Maps' was added to the vote.
L 04/16/2018 - 00:32:15: [umc-core.smx] VOTE MENU: (Verbose) Selected map 'emp_beachfront_b2_hce' from group 'Commander Maps' was added to the vote.
L 04/16/2018 - 00:32:15: [umc-core.smx] VOTE MENU: (Verbose) No more maps in map group 'Commander Maps'
L 04/16/2018 - 00:32:15: [umc-core.smx] VOTE MENU: (Verbose) Fetching 1 maps from group 'Infantry Maps'
L 04/16/2018 - 00:32:15: [umc-core.smx] VOTE MENU: (Verbose) Finished parsing nominations for map group 'Infantry Maps'
L 04/16/2018 - 00:32:15: [umc-core.smx] VOTE MENU: (Verbose) Still need to fetch 1 maps from the group.
L 04/16/2018 - 00:32:15: [umc-core.smx] VOTE MENU: (Verbose) Selected map 'con_blast_ob2' from group 'Infantry Maps' was added to the vote.
L 04/16/2018 - 00:32:15: [umc-core.smx] VOTE MENU: (Verbose) Fetching 1 maps from group 'Cooldown Maps'
L 04/16/2018 - 00:32:15: [umc-core.smx] VOTE MENU: (Verbose) Finished parsing nominations for map group 'Cooldown Maps'
L 04/16/2018 - 00:32:15: [umc-core.smx] VOTE MENU: (Verbose) Still need to fetch 1 maps from the group.
L 04/16/2018 - 00:32:15: [umc-core.smx] VOTE MENU: (Verbose) Selected map 'fun_ricochet_a4' from group 'Cooldown Maps' was added to the vote.
L 04/16/2018 - 00:32:15: [umc-core.smx] Initiating Vote Type: Map
L 04/16/2018 - 00:32:15: [umc-core.smx] Adding Clients to Vote:
L 04/16/2018 - 00:32:15: [umc-core.smx] Could not start core vote, no players to display vote to!
L 04/16/2018 - 00:32:15: [umc-emp-mapvote.smx] Could not start UMC vote.
L 04/16/2018 - 00:32:15: [umc-emp-mapvote.smx] WARNING: Map Voting failure. Initiating random map fail-safe.
L 04/16/2018 - 00:32:15: [umc-core.smx] Setting nextmap to: con_urbanchaos_comm_b2
L 04/16/2018 - 00:32:15: [umc-randomcycle.smx] Disabling random nextmap selection.
L 04/16/2018 - 00:32:15: [umc-core.smx] umc-emp-mapvote.smx: Changing map to 'con_urbanchaos_comm_b2' in 5 seconds.
L 04/16/2018 - 00:32:21: [umc-core.smx] ---------------------MAP CHANGE: con_urbanchaos_comm_b2---------------------
L 04/16/2018 - 00:32:22: [umc-endvote-warnings.smx] Successfully parsed and set up 11 vote warnings.
L 04/16/2018 - 00:32:22: [umc-rockthevote.smx] RTV will be made available in 60 seconds.
L 04/16/2018 - 00:33:23: [umc-rockthevote.smx] RTV is now available.
L 04/16/2018 - 01:05:59: [umc-nominate.smx] Force wants to nominate a map.
L 04/16/2018 - 01:06:31: [umc-nominate.smx] Force has nominated 'emp_downfall_hce' from group 'Commander Maps'
L 04/16/2018 - 01:09:11: [umc-rockthevote.smx] Starting RTV.
L 04/16/2018 - 01:09:11: [umc-core.smx] VOTE MENU: (Verbose) Fetching 6 maps from group 'Commander Maps'
L 04/16/2018 - 01:09:11: [umc-core.smx] VOTE MENU: (Verbose) Nominated map 'emp_downfall_hce' from group 'Commander Maps' was added to the vote.
L 04/16/2018 - 01:09:11: [umc-core.smx] VOTE MENU: (Verbose) Finished parsing nominations for map group 'Commander Maps'
L 04/16/2018 - 01:09:11: [umc-core.smx] VOTE MENU: (Verbose) Still need to fetch 5 maps from the group.
L 04/16/2018 - 01:09:11: [umc-core.smx] VOTE MENU: (Verbose) Selected map 'emp_beachfront_b2_hce' from group 'Commander Maps' was added to the vote.
L 04/16/2018 - 01:09:11: [umc-core.smx] VOTE MENU: (Verbose) No more maps in map group 'Commander Maps'
L 04/16/2018 - 01:09:11: [umc-core.smx] VOTE MENU: (Verbose) Fetching 1 maps from group 'Infantry Maps'
L 04/16/2018 - 01:09:11: [umc-core.smx] VOTE MENU: (Verbose) Finished parsing nominations for map group 'Infantry Maps'
L 04/16/2018 - 01:09:11: [umc-core.smx] VOTE MENU: (Verbose) Still need to fetch 1 maps from the group.
L 04/16/2018 - 01:09:11: [umc-core.smx] VOTE MENU: (Verbose) Selected map 'con_district402' from group 'Infantry Maps' was added to the vote.
L 04/16/2018 - 01:09:11: [umc-core.smx] VOTE MENU: (Verbose) Fetching 1 maps from group 'Cooldown Maps'
L 04/16/2018 - 01:09:11: [umc-core.smx] VOTE MENU: (Verbose) Finished parsing nominations for map group 'Cooldown Maps'
L 04/16/2018 - 01:09:11: [umc-core.smx] VOTE MENU: (Verbose) Still need to fetch 1 maps from the group.
L 04/16/2018 - 01:09:11: [umc-core.smx] VOTE MENU: (Verbose) Selected map 'fun_ricochet_a4' from group 'Cooldown Maps' was added to the vote.
L 04/16/2018 - 01:09:11: [umc-core.smx] Initiating Vote Type: Map
L 04/16/2018 - 01:09:11: [umc-core.smx] Adding Clients to Vote:
L 04/16/2018 - 01:09:11: [umc-core.smx] 0: Force (2)
L 04/16/2018 - 01:09:11: [umc-core.smx] 1: Grave (3)
L 04/16/2018 - 01:09:11: [umc-core.smx] VOTE MENU:
L 04/16/2018 - 01:09:11: [umc-core.smx] 2: fun_ricochet_a4 (0)
L 04/16/2018 - 01:09:11: [umc-core.smx] 3: emp_beachfront (1)
L 04/16/2018 - 01:09:11: [umc-core.smx] 4: emp_downfall (2)
L 04/16/2018 - 01:09:11: [umc-core.smx] 5: con_district402 (3)
L 04/16/2018 - 01:09:13: [umc-core.smx] Force<79><[U:1:38866245]><> selected menu item 2
L 04/16/2018 - 01:09:21: [umc-core.smx] Grave<80><[U:1:34977414]><> selected menu item 3
L 04/16/2018 - 01:09:21: [umc-core.smx] RUNOFF MENU: (Verbose) Building runoff vote menu.
L 04/16/2018 - 01:09:21: [umc-core.smx] RUNOFF MENU: (Verbose) Stopped removing options from the vote. Maximum possible winning vote percentage is 50%
L 04/16/2018 - 01:09:21: [umc-core.smx] Vote has concluded.
L 04/16/2018 - 01:09:29: [umc-core.smx] RUNOFF: Starting runoff vote.
L 04/16/2018 - 01:09:29: [umc-core.smx] Initiating Vote Type: Map
L 04/16/2018 - 01:09:29: [umc-core.smx] Adding Clients to Vote:
L 04/16/2018 - 01:09:29: [umc-core.smx] 0: Force (2)
L 04/16/2018 - 01:09:29: [umc-core.smx] 1: Grave (3)
L 04/16/2018 - 01:09:29: [umc-core.smx] VOTE MENU:
L 04/16/2018 - 01:09:29: [umc-core.smx] 2: emp_beachfront (1)
L 04/16/2018 - 01:09:29: [umc-core.smx] 3: emp_downfall (2)
L 04/16/2018 - 01:09:32: [umc-core.smx] Force<79><[U:1:38866245]><> selected menu item 2
L 04/16/2018 - 01:09:33: [umc-core.smx] Grave<80><[U:1:34977414]><> selected menu item 2
L 04/16/2018 - 01:09:33: [umc-core.smx] Setting nextmap to: emp_downfall_hce
L 04/16/2018 - 01:09:33: [umc-randomcycle.smx] Disabling random nextmap selection.
L 04/16/2018 - 01:09:33: [umc-core.smx] umc-rockthevote.smx: Changing map to 'emp_downfall_hce' in 5 seconds.
L 04/16/2018 - 01:09:33: [umc-core.smx] MAPVOTE: Players voted for map 'emp_downfall_hce' from group 'Commander Maps'
L 04/16/2018 - 01:09:33: [umc-core.smx] Vote has concluded.
L 04/16/2018 - 01:09:39: [umc-core.smx] ---------------------MAP CHANGE: emp_downfall_hce---------------------
L 04/16/2018 - 01:09:39: [umc-endvote-warnings.smx] Successfully parsed and set up 11 vote warnings.
L 04/16/2018 - 01:09:39: [umc-rockthevote.smx] RTV will be made available in 60 seconds.
L 04/16/2018 - 01:10:40: [umc-rockthevote.smx] RTV is now available.
L 04/16/2018 - 01:24:14: [umc-emp-mapvote.smx] Map vote will appear in 30 seconds.
L 04/16/2018 - 01:24:44: [umc-emp-mapvote.smx] Starting a map vote.
L 04/16/2018 - 01:24:44: [umc-core.smx] VOTE MENU: (Verbose) Fetching 6 maps from group 'Commander Maps'
L 04/16/2018 - 01:24:44: [umc-core.smx] VOTE MENU: (Verbose) Finished parsing nominations for map group 'Commander Maps'
L 04/16/2018 - 01:24:44: [umc-core.smx] VOTE MENU: (Verbose) Still need to fetch 6 maps from the group.
L 04/16/2018 - 01:24:44: [umc-core.smx] VOTE MENU: (Verbose) Selected map 'emp_beachfront_b2_hce' from group 'Commander Maps' was added to the vote.
L 04/16/2018 - 01:24:44: [umc-core.smx] VOTE MENU: (Verbose) Selected map 'emp_crossroads_towerless_hce' from group 'Commander Maps' was added to the vote.
L 04/16/2018 - 01:24:44: [umc-core.smx] VOTE MENU: (Verbose) No more maps in map group 'Commander Maps'
L 04/16/2018 - 01:24:44: [umc-core.smx] VOTE MENU: (Verbose) Fetching 1 maps from group 'Infantry Maps'
L 04/16/2018 - 01:24:44: [umc-core.smx] VOTE MENU: (Verbose) Finished parsing nominations for map group 'Infantry Maps'
L 04/16/2018 - 01:24:44: [umc-core.smx] VOTE MENU: (Verbose) Still need to fetch 1 maps from the group.
L 04/16/2018 - 01:24:44: [umc-core.smx] VOTE MENU: (Verbose) Selected map 'con_glycencity' from group 'Infantry Maps' was added to the vote.
L 04/16/2018 - 01:24:44: [umc-core.smx] VOTE MENU: (Verbose) Fetching 1 maps from group 'Cooldown Maps'
L 04/16/2018 - 01:24:44: [umc-core.smx] VOTE MENU: (Verbose) Finished parsing nominations for map group 'Cooldown Maps'
L 04/16/2018 - 01:24:44: [umc-core.smx] VOTE MENU: (Verbose) Still need to fetch 1 maps from the group.
L 04/16/2018 - 01:24:44: [umc-core.smx] VOTE MENU: (Verbose) Selected map 'fun_ricochet_a4' from group 'Cooldown Maps' was added to the vote.
L 04/16/2018 - 01:24:44: [umc-core.smx] Initiating Vote Type: Map
L 04/16/2018 - 01:24:44: [umc-core.smx] Adding Clients to Vote:
L 04/16/2018 - 01:24:44: [umc-core.smx] 0: Grave (3)
L 04/16/2018 - 01:24:44: [umc-core.smx] VOTE MENU:
L 04/16/2018 - 01:24:44: [umc-core.smx] 2: emp_beachfront (0)
L 04/16/2018 - 01:24:44: [umc-core.smx] 3: emp_crossroads (1)
L 04/16/2018 - 01:24:44: [umc-core.smx] 4: fun_ricochet_a4 (2)
L 04/16/2018 - 01:24:44: [umc-core.smx] 5: con_glycencity (3)
L 04/16/2018 - 01:24:57: [umc-core.smx] Grave<80><[U:1:34977414]><> selected menu item 2
L 04/16/2018 - 01:24:57: [umc-core.smx] Setting nextmap to: emp_crossroads_towerless_hce
L 04/16/2018 - 01:24:57: [umc-randomcycle.smx] Disabling random nextmap selection.
L 04/16/2018 - 01:24:57: [umc-core.smx] umc-emp-mapvote.smx: Changing map to 'emp_crossroads_towerless_hce' in 5 seconds.
L 04/16/2018 - 01:24:57: [umc-core.smx] MAPVOTE: Players voted for map 'emp_crossroads_towerless_hce' from group 'Commander Maps'
L 04/16/2018 - 01:24:57: [umc-core.smx] Vote has concluded.
L 04/16/2018 - 01:25:03: [umc-core.smx] ---------------------MAP CHANGE: emp_crossroads_towerless_hce---------------------
L 04/16/2018 - 01:25:03: [umc-endvote-warnings.smx] Successfully parsed and set up 11 vote warnings.
L 04/16/2018 - 01:25:03: [umc-rockthevote.smx] RTV will be made available in 60 seconds.
L 04/16/2018 - 01:26:04: [umc-rockthevote.smx] RTV is now available.
L 04/16/2018 - 20:39:17: [umc-emp-mapvote.smx] Map vote will appear in 30 seconds.
L 04/16/2018 - 20:39:47: [umc-emp-mapvote.smx] Starting a map vote.
L 04/16/2018 - 20:39:47: [umc-core.smx] VOTE MENU: (Verbose) Fetching 6 maps from group 'Commander Maps'
L 04/16/2018 - 20:39:47: [umc-core.smx] VOTE MENU: (Verbose) Finished parsing nominations for map group 'Commander Maps'
L 04/16/2018 - 20:39:47: [umc-core.smx] VOTE MENU: (Verbose) Still need to fetch 6 maps from the group.
L 04/16/2018 - 20:39:47: [umc-core.smx] VOTE MENU: (Verbose) Selected map 'emp_beachfront_b2_hce' from group 'Commander Maps' was added to the vote.
L 04/16/2018 - 20:39:47: [umc-core.smx] VOTE MENU: (Verbose) No more maps in map group 'Commander Maps'
L 04/16/2018 - 20:39:47: [umc-core.smx] VOTE MENU: (Verbose) Fetching 1 maps from group 'Infantry Maps'
L 04/16/2018 - 20:39:47: [umc-core.smx] VOTE MENU: (Verbose) Finished parsing nominations for map group 'Infantry Maps'
L 04/16/2018 - 20:39:47: [umc-core.smx] VOTE MENU: (Verbose) Still need to fetch 1 maps from the group.
L 04/16/2018 - 20:39:47: [umc-core.smx] VOTE MENU: (Verbose) Selected map 'con_district402' from group 'Infantry Maps' was added to the vote.
L 04/16/2018 - 20:39:47: [umc-core.smx] VOTE MENU: (Verbose) Fetching 1 maps from group 'Cooldown Maps'
L 04/16/2018 - 20:39:47: [umc-core.smx] VOTE MENU: (Verbose) Finished parsing nominations for map group 'Cooldown Maps'
L 04/16/2018 - 20:39:47: [umc-core.smx] VOTE MENU: (Verbose) Still need to fetch 1 maps from the group.
L 04/16/2018 - 20:39:47: [umc-core.smx] VOTE MENU: (Verbose) Selected map 'fun_ricochet_a4' from group 'Cooldown Maps' was added to the vote.
L 04/16/2018 - 20:39:47: [umc-core.smx] Initiating Vote Type: Map
L 04/16/2018 - 20:39:47: [umc-core.smx] Adding Clients to Vote:
L 04/16/2018 - 20:39:47: [umc-core.smx] 0: rauer (2)
L 04/16/2018 - 20:39:47: [umc-core.smx] VOTE MENU:
L 04/16/2018 - 20:39:47: [umc-core.smx] 2: fun_ricochet_a4 (0)
L 04/16/2018 - 20:39:47: [umc-core.smx] 3: con_district402 (1)
L 04/16/2018 - 20:39:47: [umc-core.smx] 4: emp_beachfront (2)
L 04/16/2018 - 20:39:52: [umc-emp-mapvote.smx] WARNING: Map Voting failure. Initiating random map fail-safe.
L 04/16/2018 - 20:39:53: [umc-core.smx] Setting nextmap to: emp_shadows_attacks_fix
L 04/16/2018 - 20:39:53: [umc-randomcycle.smx] Disabling random nextmap selection.
L 04/16/2018 - 20:39:53: [umc-core.smx] umc-emp-mapvote.smx: Changing map to 'emp_shadows_attacks_fix' in 5 seconds.
L 04/16/2018 - 20:39:53: [umc-core.smx] Vote has concluded.
L 04/16/2018 - 20:40:00: [umc-core.smx] ---------------------MAP CHANGE: emp_shadows_attacks_fix---------------------
L 04/16/2018 - 20:40:00: [umc-endvote-warnings.smx] Successfully parsed and set up 11 vote warnings.
L 04/16/2018 - 20:40:00: [umc-rockthevote.smx] RTV will be made available in 60 seconds.
L 04/16/2018 - 20:41:01: [umc-rockthevote.smx] RTV is now available.
L 04/16/2018 - 22:03:20: [umc-emp-mapvote.smx] Map vote will appear in 30 seconds.
L 04/16/2018 - 22:03:50: [umc-emp-mapvote.smx] Starting a map vote.
L 04/16/2018 - 22:03:50: [umc-core.smx] VOTE MENU: (Verbose) Fetching 6 maps from group 'Commander Maps'
L 04/16/2018 - 22:03:50: [umc-core.smx] VOTE MENU: (Verbose) Finished parsing nominations for map group 'Commander Maps'
L 04/16/2018 - 22:03:50: [umc-core.smx] VOTE MENU: (Verbose) Still need to fetch 6 maps from the group.
L 04/16/2018 - 22:03:50: [umc-core.smx] VOTE MENU: (Verbose) Selected map 'emp_beachfront_b2_hce' from group 'Commander Maps' was added to the vote.
L 04/16/2018 - 22:03:50: [umc-core.smx] VOTE MENU: (Verbose) No more maps in map group 'Commander Maps'
L 04/16/2018 - 22:03:50: [umc-core.smx] VOTE MENU: (Verbose) Fetching 1 maps from group 'Infantry Maps'
L 04/16/2018 - 22:03:50: [umc-core.smx] VOTE MENU: (Verbose) Finished parsing nominations for map group 'Infantry Maps'
L 04/16/2018 - 22:03:50: [umc-core.smx] VOTE MENU: (Verbose) Still need to fetch 1 maps from the group.
L 04/16/2018 - 22:03:50: [umc-core.smx] VOTE MENU: (Verbose) Selected map 'emp_havoc_b1_fix' from group 'Infantry Maps' was added to the vote.
L 04/16/2018 - 22:03:50: [umc-core.smx] VOTE MENU: (Verbose) Fetching 1 maps from group 'Cooldown Maps'
L 04/16/2018 - 22:03:50: [umc-core.smx] VOTE MENU: (Verbose) Finished parsing nominations for map group 'Cooldown Maps'
L 04/16/2018 - 22:03:50: [umc-core.smx] VOTE MENU: (Verbose) Still need to fetch 1 maps from the group.
L 04/16/2018 - 22:03:50: [umc-core.smx] VOTE MENU: (Verbose) Selected map 'fun_ricochet_a4' from group 'Cooldown Maps' was added to the vote.
L 04/16/2018 - 22:03:50: [umc-core.smx] Initiating Vote Type: Map
L 04/16/2018 - 22:03:50: [umc-core.smx] Adding Clients to Vote:
L 04/16/2018 - 22:03:50: [umc-core.smx] Could not start core vote, no players to display vote to!
L 04/16/2018 - 22:03:50: [umc-emp-mapvote.smx] Could not start UMC vote.
L 04/16/2018 - 22:03:50: [umc-emp-mapvote.smx] WARNING: Map Voting failure. Initiating random map fail-safe.
L 04/16/2018 - 22:03:50: [umc-core.smx] Setting nextmap to: emp_vehicletraining_2013
L 04/16/2018 - 22:03:50: [umc-randomcycle.smx] Disabling random nextmap selection.
L 04/16/2018 - 22:03:50: [umc-core.smx] umc-emp-mapvote.smx: Changing map to 'emp_vehicletraining_2013' in 5 seconds.
L 04/16/2018 - 22:03:56: [umc-core.smx] ---------------------MAP CHANGE: emp_vehicletraining_2013---------------------
L 04/16/2018 - 22:03:56: [umc-endvote-warnings.smx] Successfully parsed and set up 11 vote warnings.
L 04/16/2018 - 22:03:56: [umc-rockthevote.smx] RTV will be made available in 60 seconds.
L 04/16/2018 - 22:04:57: [umc-rockthevote.smx] RTV is now available.
