L 05/19/2017 - 00:04:45: [umc-emp-mapvote.smx] Map vote will appear in 20 seconds.
L 05/19/2017 - 00:05:05: [umc-emp-mapvote.smx] Starting a map vote.
L 05/19/2017 - 00:05:05: [umc-core.smx] Initiating Vote Type: Map
L 05/19/2017 - 00:05:35: [umc-core.smx] Setting nextmap to: emp_downfall
L 05/19/2017 - 00:05:35: [umc-randomcycle.smx] Disabling random nextmap selection.
L 05/19/2017 - 00:05:35: [umc-core.smx] umc-emp-mapvote.smx: Changing map to 'emp_downfall' in 5 seconds.
L 05/19/2017 - 00:05:35: [umc-core.smx] MAPVOTE: Players voted for map 'emp_downfall' from group 'Commander Maps'
L 05/19/2017 - 00:05:41: [umc-core.smx] ---------------------MAP CHANGE: emp_downfall---------------------
L 05/19/2017 - 00:05:41: [umc-endvote-warnings.smx] Successfully parsed and set up 11 vote warnings.
L 05/19/2017 - 00:05:41: [umc-playercountmonitor.smx] Min Players: 0, Max Players: 22
L 05/19/2017 - 00:05:41: [umc-playercountmonitor.smx] Server will begin watching for inproper number of players in 240 seconds.
L 05/19/2017 - 00:05:41: [umc-rockthevote.smx] RTV is now available.
L 05/19/2017 - 00:09:41: [umc-playercountmonitor.smx] Server is now watching for inproper number of players.
L 05/19/2017 - 00:37:06: [umc-nominate.smx] ScardyBob wants to nominate a map.
L 05/19/2017 - 00:37:10: [umc-nominate.smx] ScardyBob has nominated 'emp_vehicletraining_2013' from group 'Infantry Maps'
L 05/19/2017 - 00:58:35: [umc-emp-mapvote.smx] Map vote will appear in 20 seconds.
L 05/19/2017 - 00:58:55: [umc-emp-mapvote.smx] Starting a map vote.
L 05/19/2017 - 00:58:55: [umc-core.smx] Initiating Vote Type: Map
L 05/19/2017 - 00:58:55: [umc-emp-mapvote.smx] Could not start UMC vote.
L 05/19/2017 - 00:58:55: [umc-emp-mapvote.smx] WARNING: Map Voting failure. Initiating random map fail-safe.
L 05/19/2017 - 00:58:55: [umc-core.smx] Setting nextmap to: con_glycencity
L 05/19/2017 - 00:58:55: [umc-randomcycle.smx] Disabling random nextmap selection.
L 05/19/2017 - 00:58:55: [umc-core.smx] umc-emp-mapvote.smx: Changing map to 'con_glycencity' in 5 seconds.
L 05/19/2017 - 00:59:02: [umc-core.smx] ---------------------MAP CHANGE: con_glycencity---------------------
L 05/19/2017 - 00:59:02: [umc-endvote-warnings.smx] Successfully parsed and set up 11 vote warnings.
L 05/19/2017 - 00:59:02: [umc-playercountmonitor.smx] Min Players: 0, Max Players: 20
L 05/19/2017 - 00:59:02: [umc-playercountmonitor.smx] Server will begin watching for inproper number of players in 240 seconds.
L 05/19/2017 - 00:59:02: [umc-rockthevote.smx] RTV is now available.
L 05/19/2017 - 01:03:02: [umc-playercountmonitor.smx] Server is now watching for inproper number of players.
L 05/19/2017 - 01:09:05: [umc-emp-mapvote.smx] Map vote will appear in 20 seconds.
L 05/19/2017 - 01:09:25: [umc-emp-mapvote.smx] Starting a map vote.
L 05/19/2017 - 01:09:25: [umc-core.smx] Initiating Vote Type: Map
L 05/19/2017 - 01:09:56: [umc-core.smx] Setting nextmap to: emp_beachfront_b2
L 05/19/2017 - 01:09:56: [umc-randomcycle.smx] Disabling random nextmap selection.
L 05/19/2017 - 01:09:56: [umc-core.smx] umc-emp-mapvote.smx: Changing map to 'emp_beachfront_b2' in 5 seconds.
L 05/19/2017 - 01:09:56: [umc-core.smx] MAPVOTE: Players voted for map 'emp_beachfront_b2' from group 'Commander Maps'
L 05/19/2017 - 01:10:01: [umc-core.smx] ---------------------MAP CHANGE: emp_beachfront_b2---------------------
L 05/19/2017 - 01:10:01: [umc-endvote-warnings.smx] Successfully parsed and set up 11 vote warnings.
L 05/19/2017 - 01:10:01: [umc-playercountmonitor.smx] Min Players: 0, Max Players: 22
L 05/19/2017 - 01:10:01: [umc-playercountmonitor.smx] Server will begin watching for inproper number of players in 240 seconds.
L 05/19/2017 - 01:10:01: [umc-rockthevote.smx] RTV is now available.
L 05/19/2017 - 01:14:01: [umc-playercountmonitor.smx] Server is now watching for inproper number of players.
L 05/19/2017 - 12:06:27: [umc-emp-mapvote.smx] Map vote will appear in 20 seconds.
L 05/19/2017 - 12:06:47: [umc-emp-mapvote.smx] Starting a map vote.
L 05/19/2017 - 12:06:47: [umc-core.smx] Initiating Vote Type: Map
L 05/19/2017 - 12:07:18: [umc-core.smx] Setting nextmap to: emp_shadows_attacks_fix
L 05/19/2017 - 12:07:18: [umc-randomcycle.smx] Disabling random nextmap selection.
L 05/19/2017 - 12:07:18: [umc-core.smx] umc-emp-mapvote.smx: Changing map to 'emp_shadows_attacks_fix' in 5 seconds.
L 05/19/2017 - 12:07:18: [umc-core.smx] MAPVOTE: Players voted for map 'emp_shadows_attacks_fix' from group 'Infantry Maps'
L 05/19/2017 - 12:07:25: [umc-core.smx] ---------------------MAP CHANGE: emp_shadows_attacks_fix---------------------
L 05/19/2017 - 12:07:25: [umc-endvote-warnings.smx] Successfully parsed and set up 11 vote warnings.
L 05/19/2017 - 12:07:25: [umc-playercountmonitor.smx] Min Players: 0, Max Players: 20
L 05/19/2017 - 12:07:25: [umc-playercountmonitor.smx] Server will begin watching for inproper number of players in 240 seconds.
L 05/19/2017 - 12:07:25: [umc-rockthevote.smx] RTV is now available.
L 05/19/2017 - 12:11:25: [umc-playercountmonitor.smx] Server is now watching for inproper number of players.
L 05/19/2017 - 12:24:35: [umc-emp-mapvote.smx] Map vote will appear in 20 seconds.
L 05/19/2017 - 12:24:55: [umc-emp-mapvote.smx] Starting a map vote.
L 05/19/2017 - 12:24:55: [umc-core.smx] Initiating Vote Type: Map
L 05/19/2017 - 12:25:25: [umc-emp-mapvote.smx] WARNING: Map Voting failure. Initiating random map fail-safe.
L 05/19/2017 - 12:25:25: [umc-core.smx] Setting nextmap to: emp_vehicletraining_2013
L 05/19/2017 - 12:25:25: [umc-randomcycle.smx] Disabling random nextmap selection.
L 05/19/2017 - 12:25:25: [umc-core.smx] umc-emp-mapvote.smx: Changing map to 'emp_vehicletraining_2013' in 5 seconds.
L 05/19/2017 - 12:25:31: [umc-core.smx] ---------------------MAP CHANGE: emp_vehicletraining_2013---------------------
L 05/19/2017 - 12:25:31: [umc-endvote-warnings.smx] Successfully parsed and set up 11 vote warnings.
L 05/19/2017 - 12:25:31: [umc-playercountmonitor.smx] Min Players: 0, Max Players: 20
L 05/19/2017 - 12:25:31: [umc-playercountmonitor.smx] Server will begin watching for inproper number of players in 240 seconds.
L 05/19/2017 - 12:25:31: [umc-rockthevote.smx] RTV is now available.
L 05/19/2017 - 12:29:31: [umc-playercountmonitor.smx] Server is now watching for inproper number of players.
L 05/19/2017 - 13:02:10: [umc-emp-mapvote.smx] Map vote will appear in 20 seconds.
L 05/19/2017 - 13:02:30: [umc-emp-mapvote.smx] Starting a map vote.
L 05/19/2017 - 13:02:30: [umc-core.smx] Initiating Vote Type: Map
L 05/19/2017 - 13:02:42: [umc-core.smx] RUNOFF: Starting runoff vote.
L 05/19/2017 - 13:02:42: [umc-core.smx] Initiating Vote Type: Map
L 05/19/2017 - 13:02:45: [umc-core.smx] Setting nextmap to: con_urbanchaos
L 05/19/2017 - 13:02:45: [umc-randomcycle.smx] Disabling random nextmap selection.
L 05/19/2017 - 13:02:45: [umc-core.smx] umc-emp-mapvote.smx: Changing map to 'con_urbanchaos' in 5 seconds.
L 05/19/2017 - 13:02:45: [umc-core.smx] MAPVOTE: Players voted for map 'con_urbanchaos' from group 'Infantry Maps'
L 05/19/2017 - 13:02:52: [umc-core.smx] ---------------------MAP CHANGE: con_urbanchaos---------------------
L 05/19/2017 - 13:02:52: [umc-endvote-warnings.smx] Successfully parsed and set up 11 vote warnings.
L 05/19/2017 - 13:02:52: [umc-playercountmonitor.smx] Min Players: 0, Max Players: 20
L 05/19/2017 - 13:02:52: [umc-playercountmonitor.smx] Server will begin watching for inproper number of players in 240 seconds.
L 05/19/2017 - 13:02:52: [umc-rockthevote.smx] RTV is now available.
L 05/19/2017 - 13:06:52: [umc-playercountmonitor.smx] Server is now watching for inproper number of players.
L 05/19/2017 - 13:18:07: [umc-nominate.smx] estratoscopia wants to nominate a map.
L 05/19/2017 - 13:18:10: [umc-nominate.smx] estratoscopia has nominated 'con_district402' from group 'Infantry Maps'
L 05/19/2017 - 13:39:10: [umc-emp-mapvote.smx] Map vote will appear in 20 seconds.
L 05/19/2017 - 13:39:30: [umc-emp-mapvote.smx] Starting a map vote.
L 05/19/2017 - 13:39:30: [umc-core.smx] Initiating Vote Type: Map
L 05/19/2017 - 13:39:30: [umc-core.smx] Could not start core vote, no players to display vote to!
L 05/19/2017 - 13:39:30: [umc-emp-mapvote.smx] Could not start UMC vote.
L 05/19/2017 - 13:39:30: [umc-emp-mapvote.smx] WARNING: Map Voting failure. Initiating random map fail-safe.
L 05/19/2017 - 13:39:30: [umc-core.smx] Setting nextmap to: emp_blast_ob1
L 05/19/2017 - 13:39:30: [umc-randomcycle.smx] Disabling random nextmap selection.
L 05/19/2017 - 13:39:30: [umc-core.smx] umc-emp-mapvote.smx: Changing map to 'emp_blast_ob1' in 5 seconds.
L 05/19/2017 - 13:39:36: [umc-core.smx] ---------------------MAP CHANGE: emp_blast_ob1---------------------
L 05/19/2017 - 13:39:36: [umc-endvote-warnings.smx] Successfully parsed and set up 11 vote warnings.
L 05/19/2017 - 13:39:36: [umc-playercountmonitor.smx] Min Players: 0, Max Players: 20
L 05/19/2017 - 13:39:36: [umc-playercountmonitor.smx] Server will begin watching for inproper number of players in 240 seconds.
L 05/19/2017 - 13:39:36: [umc-rockthevote.smx] RTV is now available.
L 05/19/2017 - 13:43:36: [umc-playercountmonitor.smx] Server is now watching for inproper number of players.
L 05/19/2017 - 14:08:54: [umc-emp-mapvote.smx] Map vote will appear in 20 seconds.
L 05/19/2017 - 14:09:14: [umc-emp-mapvote.smx] Starting a map vote.
L 05/19/2017 - 14:09:14: [umc-core.smx] Initiating Vote Type: Map
L 05/19/2017 - 14:09:44: [umc-core.smx] Setting nextmap to: emp_downfall
L 05/19/2017 - 14:09:44: [umc-randomcycle.smx] Disabling random nextmap selection.
L 05/19/2017 - 14:09:44: [umc-core.smx] umc-emp-mapvote.smx: Changing map to 'emp_downfall' in 5 seconds.
L 05/19/2017 - 14:09:44: [umc-core.smx] MAPVOTE: Players voted for map 'emp_downfall' from group 'Commander Maps'
L 05/19/2017 - 14:09:49: [umc-rockthevote.smx] Starting RTV.
L 05/19/2017 - 14:09:49: [umc-rockthevote.smx] End of map vote has already been completed, changing map.
L 05/19/2017 - 14:09:49: [umc-rockthevote.smx] RTV: Changing map to 'emp_downfall' in 5 seconds.
L 05/19/2017 - 14:09:50: [umc-core.smx] ---------------------MAP CHANGE: emp_downfall---------------------
L 05/19/2017 - 14:09:50: [umc-endvote-warnings.smx] Successfully parsed and set up 11 vote warnings.
L 05/19/2017 - 14:09:50: [umc-playercountmonitor.smx] Min Players: 0, Max Players: 22
L 05/19/2017 - 14:09:50: [umc-playercountmonitor.smx] Server will begin watching for inproper number of players in 240 seconds.
L 05/19/2017 - 14:09:50: [umc-rockthevote.smx] RTV is now available.
L 05/19/2017 - 14:13:50: [umc-playercountmonitor.smx] Server is now watching for inproper number of players.
L 05/19/2017 - 14:21:25: [umc-emp-mapvote.smx] Map vote will appear in 20 seconds.
L 05/19/2017 - 14:21:45: [umc-emp-mapvote.smx] Starting a map vote.
L 05/19/2017 - 14:21:45: [umc-core.smx] Initiating Vote Type: Map
L 05/19/2017 - 14:22:04: [umc-core.smx] RUNOFF: Starting runoff vote.
L 05/19/2017 - 14:22:04: [umc-core.smx] Initiating Vote Type: Map
L 05/19/2017 - 14:22:10: [umc-core.smx] Setting nextmap to: emp_beachfront_b2
L 05/19/2017 - 14:22:10: [umc-randomcycle.smx] Disabling random nextmap selection.
L 05/19/2017 - 14:22:10: [umc-core.smx] umc-emp-mapvote.smx: Changing map to 'emp_beachfront_b2' in 5 seconds.
L 05/19/2017 - 14:22:10: [umc-core.smx] MAPVOTE: Players voted for map 'emp_beachfront_b2' from group 'Commander Maps'
L 05/19/2017 - 14:22:15: [umc-rockthevote.smx] Starting RTV.
L 05/19/2017 - 14:22:15: [umc-rockthevote.smx] End of map vote has already been completed, changing map.
L 05/19/2017 - 14:22:15: [umc-rockthevote.smx] RTV: Changing map to 'emp_beachfront_b2' in 5 seconds.
L 05/19/2017 - 14:22:16: [umc-core.smx] ---------------------MAP CHANGE: emp_beachfront_b2---------------------
L 05/19/2017 - 14:22:16: [umc-endvote-warnings.smx] Successfully parsed and set up 11 vote warnings.
L 05/19/2017 - 14:22:16: [umc-playercountmonitor.smx] Min Players: 0, Max Players: 22
L 05/19/2017 - 14:22:16: [umc-playercountmonitor.smx] Server will begin watching for inproper number of players in 240 seconds.
L 05/19/2017 - 14:22:16: [umc-rockthevote.smx] RTV is now available.
L 05/19/2017 - 14:26:16: [umc-playercountmonitor.smx] Server is now watching for inproper number of players.
L 05/19/2017 - 14:37:16: [umc-nominate.smx] Oktay wants to nominate a map.
L 05/19/2017 - 14:37:19: [umc-nominate.smx] Oktay has nominated 'emp_drygulch_a6' from group 'Commander Maps'
L 05/19/2017 - 14:37:53: [umc-emp-mapvote.smx] Map vote will appear in 20 seconds.
L 05/19/2017 - 14:38:13: [umc-emp-mapvote.smx] Starting a map vote.
L 05/19/2017 - 14:38:13: [umc-core.smx] Initiating Vote Type: Map
L 05/19/2017 - 14:38:43: [umc-core.smx] Setting nextmap to: emp_drygulch_a6
L 05/19/2017 - 14:38:43: [umc-randomcycle.smx] Disabling random nextmap selection.
L 05/19/2017 - 14:38:43: [umc-core.smx] umc-emp-mapvote.smx: Changing map to 'emp_drygulch_a6' in 5 seconds.
L 05/19/2017 - 14:38:43: [umc-core.smx] MAPVOTE: Players voted for map 'emp_drygulch_a6' from group 'Commander Maps'
L 05/19/2017 - 14:38:49: [umc-core.smx] ---------------------MAP CHANGE: emp_drygulch_a6---------------------
L 05/19/2017 - 14:38:49: [umc-endvote-warnings.smx] Successfully parsed and set up 11 vote warnings.
L 05/19/2017 - 14:38:49: [umc-playercountmonitor.smx] Min Players: 0, Max Players: 22
L 05/19/2017 - 14:38:49: [umc-playercountmonitor.smx] Server will begin watching for inproper number of players in 240 seconds.
L 05/19/2017 - 14:38:49: [umc-rockthevote.smx] RTV is now available.
L 05/19/2017 - 14:42:49: [umc-playercountmonitor.smx] Server is now watching for inproper number of players.
L 05/19/2017 - 15:22:37: [umc-emp-mapvote.smx] Map vote will appear in 20 seconds.
L 05/19/2017 - 15:22:57: [umc-emp-mapvote.smx] Starting a map vote.
L 05/19/2017 - 15:22:57: [umc-core.smx] Initiating Vote Type: Map
L 05/19/2017 - 15:23:28: [umc-core.smx] Setting nextmap to: emp_crossroads
L 05/19/2017 - 15:23:28: [umc-randomcycle.smx] Disabling random nextmap selection.
L 05/19/2017 - 15:23:28: [umc-core.smx] umc-emp-mapvote.smx: Changing map to 'emp_crossroads' in 5 seconds.
L 05/19/2017 - 15:23:28: [umc-core.smx] MAPVOTE: Players voted for map 'emp_crossroads' from group 'Commander Maps'
L 05/19/2017 - 15:23:34: [umc-core.smx] ---------------------MAP CHANGE: emp_crossroads---------------------
L 05/19/2017 - 15:23:34: [umc-endvote-warnings.smx] Successfully parsed and set up 11 vote warnings.
L 05/19/2017 - 15:23:34: [umc-playercountmonitor.smx] Min Players: 0, Max Players: 22
L 05/19/2017 - 15:23:34: [umc-playercountmonitor.smx] Server will begin watching for inproper number of players in 240 seconds.
L 05/19/2017 - 15:23:34: [umc-rockthevote.smx] RTV is now available.
L 05/19/2017 - 15:26:51: [umc-nominate.smx] Oktay wants to nominate a map.
L 05/19/2017 - 15:27:06: [umc-nominate.smx] Oktay has nominated 'emp_vehicletraining_2013' from group 'Infantry Maps'
L 05/19/2017 - 15:27:34: [umc-playercountmonitor.smx] Server is now watching for inproper number of players.
L 05/19/2017 - 16:16:20: [umc-emp-mapvote.smx] Map vote will appear in 20 seconds.
L 05/19/2017 - 16:16:40: [umc-emp-mapvote.smx] Starting a map vote.
L 05/19/2017 - 16:16:40: [umc-core.smx] Initiating Vote Type: Map
L 05/19/2017 - 16:16:40: [umc-emp-mapvote.smx] Could not start UMC vote.
L 05/19/2017 - 16:16:40: [umc-emp-mapvote.smx] WARNING: Map Voting failure. Initiating random map fail-safe.
L 05/19/2017 - 16:16:40: [umc-core.smx] Setting nextmap to: emp_vehicletraining_2013
L 05/19/2017 - 16:16:40: [umc-randomcycle.smx] Disabling random nextmap selection.
L 05/19/2017 - 16:16:40: [umc-core.smx] umc-emp-mapvote.smx: Changing map to 'emp_vehicletraining_2013' in 5 seconds.
L 05/19/2017 - 16:16:45: [umc-core.smx] ---------------------MAP CHANGE: emp_vehicletraining_2013---------------------
L 05/19/2017 - 16:16:45: [umc-endvote-warnings.smx] Successfully parsed and set up 11 vote warnings.
L 05/19/2017 - 16:16:45: [umc-playercountmonitor.smx] Min Players: 0, Max Players: 20
L 05/19/2017 - 16:16:45: [umc-playercountmonitor.smx] Server will begin watching for inproper number of players in 240 seconds.
L 05/19/2017 - 16:16:45: [umc-rockthevote.smx] RTV is now available.
L 05/19/2017 - 16:17:08: [umc-nominate.smx] Mr. X. wants to nominate a map.
L 05/19/2017 - 16:20:45: [umc-playercountmonitor.smx] Server is now watching for inproper number of players.
L 05/19/2017 - 16:49:41: [umc-rockthevote.smx] Starting RTV.
L 05/19/2017 - 16:49:41: [umc-core.smx] Initiating Vote Type: Map
L 05/19/2017 - 16:50:42: [umc-core.smx] Setting nextmap to: emp_downfall
L 05/19/2017 - 16:50:42: [umc-randomcycle.smx] Disabling random nextmap selection.
L 05/19/2017 - 16:50:42: [umc-core.smx] umc-rockthevote.smx: Changing map to 'emp_downfall' in 5 seconds.
L 05/19/2017 - 16:50:42: [umc-core.smx] MAPVOTE: Players voted for map 'emp_downfall' from group 'Commander Maps'
L 05/19/2017 - 16:50:48: [umc-core.smx] ---------------------MAP CHANGE: emp_downfall---------------------
L 05/19/2017 - 16:50:48: [umc-endvote-warnings.smx] Successfully parsed and set up 11 vote warnings.
L 05/19/2017 - 16:50:48: [umc-playercountmonitor.smx] Min Players: 0, Max Players: 22
L 05/19/2017 - 16:50:48: [umc-playercountmonitor.smx] Server will begin watching for inproper number of players in 240 seconds.
L 05/19/2017 - 16:50:48: [umc-rockthevote.smx] RTV is now available.
L 05/19/2017 - 16:54:48: [umc-playercountmonitor.smx] Server is now watching for inproper number of players.
L 05/19/2017 - 17:11:56: [umc-emp-mapvote.smx] Map vote will appear in 20 seconds.
L 05/19/2017 - 17:12:16: [umc-emp-mapvote.smx] Starting a map vote.
L 05/19/2017 - 17:12:16: [umc-core.smx] Initiating Vote Type: Map
L 05/19/2017 - 17:12:16: [umc-emp-mapvote.smx] Could not start UMC vote.
L 05/19/2017 - 17:12:16: [umc-emp-mapvote.smx] WARNING: Map Voting failure. Initiating random map fail-safe.
L 05/19/2017 - 17:12:16: [umc-core.smx] Setting nextmap to: con_urbanchaos
L 05/19/2017 - 17:12:16: [umc-randomcycle.smx] Disabling random nextmap selection.
L 05/19/2017 - 17:12:16: [umc-core.smx] umc-emp-mapvote.smx: Changing map to 'con_urbanchaos' in 5 seconds.
L 05/19/2017 - 17:12:22: [umc-core.smx] ---------------------MAP CHANGE: con_urbanchaos---------------------
L 05/19/2017 - 17:12:22: [umc-endvote-warnings.smx] Successfully parsed and set up 11 vote warnings.
L 05/19/2017 - 17:12:22: [umc-playercountmonitor.smx] Min Players: 0, Max Players: 20
L 05/19/2017 - 17:12:22: [umc-playercountmonitor.smx] Server will begin watching for inproper number of players in 240 seconds.
L 05/19/2017 - 17:12:22: [umc-rockthevote.smx] RTV is now available.
L 05/19/2017 - 17:16:22: [umc-playercountmonitor.smx] Server is now watching for inproper number of players.
L 05/19/2017 - 17:22:12: [umc-emp-mapvote.smx] Map vote will appear in 20 seconds.
L 05/19/2017 - 17:22:32: [umc-emp-mapvote.smx] Starting a map vote.
L 05/19/2017 - 17:22:32: [umc-core.smx] Initiating Vote Type: Map
L 05/19/2017 - 17:23:02: [umc-core.smx] Setting nextmap to: emp_beachfront_b2
L 05/19/2017 - 17:23:02: [umc-randomcycle.smx] Disabling random nextmap selection.
L 05/19/2017 - 17:23:02: [umc-core.smx] umc-emp-mapvote.smx: Changing map to 'emp_beachfront_b2' in 5 seconds.
L 05/19/2017 - 17:23:02: [umc-core.smx] MAPVOTE: Players voted for map 'emp_beachfront_b2' from group 'Commander Maps'
L 05/19/2017 - 17:23:08: [umc-core.smx] ---------------------MAP CHANGE: emp_beachfront_b2---------------------
L 05/19/2017 - 17:23:08: [umc-endvote-warnings.smx] Successfully parsed and set up 11 vote warnings.
L 05/19/2017 - 17:23:08: [umc-playercountmonitor.smx] Min Players: 0, Max Players: 22
L 05/19/2017 - 17:23:08: [umc-playercountmonitor.smx] Server will begin watching for inproper number of players in 240 seconds.
L 05/19/2017 - 17:23:08: [umc-rockthevote.smx] RTV is now available.
L 05/19/2017 - 17:27:08: [umc-playercountmonitor.smx] Server is now watching for inproper number of players.
L 05/19/2017 - 17:42:17: [umc-emp-mapvote.smx] Map vote will appear in 20 seconds.
L 05/19/2017 - 17:42:37: [umc-emp-mapvote.smx] Starting a map vote.
L 05/19/2017 - 17:42:38: [umc-core.smx] Initiating Vote Type: Map
L 05/19/2017 - 17:43:08: [umc-core.smx] Setting nextmap to: emp_shadows_attacks_fix
L 05/19/2017 - 17:43:08: [umc-randomcycle.smx] Disabling random nextmap selection.
L 05/19/2017 - 17:43:08: [umc-core.smx] umc-emp-mapvote.smx: Changing map to 'emp_shadows_attacks_fix' in 5 seconds.
L 05/19/2017 - 17:43:08: [umc-core.smx] MAPVOTE: Players voted for map 'emp_shadows_attacks_fix' from group 'Infantry Maps'
L 05/19/2017 - 17:43:14: [umc-core.smx] ---------------------MAP CHANGE: emp_shadows_attacks_fix---------------------
L 05/19/2017 - 17:43:14: [umc-endvote-warnings.smx] Successfully parsed and set up 11 vote warnings.
L 05/19/2017 - 17:43:14: [umc-playercountmonitor.smx] Min Players: 0, Max Players: 20
L 05/19/2017 - 17:43:14: [umc-playercountmonitor.smx] Server will begin watching for inproper number of players in 240 seconds.
L 05/19/2017 - 17:43:14: [umc-rockthevote.smx] RTV is now available.
L 05/19/2017 - 17:47:14: [umc-playercountmonitor.smx] Server is now watching for inproper number of players.
L 05/19/2017 - 18:05:23: [umc-emp-mapvote.smx] Map vote will appear in 20 seconds.
L 05/19/2017 - 18:05:43: [umc-emp-mapvote.smx] Starting a map vote.
L 05/19/2017 - 18:05:43: [umc-core.smx] Initiating Vote Type: Map
L 05/19/2017 - 18:06:13: [umc-core.smx] Setting nextmap to: emp_drygulch_a6
L 05/19/2017 - 18:06:13: [umc-randomcycle.smx] Disabling random nextmap selection.
L 05/19/2017 - 18:06:13: [umc-core.smx] umc-emp-mapvote.smx: Changing map to 'emp_drygulch_a6' in 5 seconds.
L 05/19/2017 - 18:06:13: [umc-core.smx] MAPVOTE: Players voted for map 'emp_drygulch_a6' from group 'Commander Maps'
L 05/19/2017 - 18:06:19: [umc-core.smx] ---------------------MAP CHANGE: emp_drygulch_a6---------------------
L 05/19/2017 - 18:06:19: [umc-endvote-warnings.smx] Successfully parsed and set up 11 vote warnings.
L 05/19/2017 - 18:06:19: [umc-playercountmonitor.smx] Min Players: 0, Max Players: 22
L 05/19/2017 - 18:06:19: [umc-playercountmonitor.smx] Server will begin watching for inproper number of players in 240 seconds.
L 05/19/2017 - 18:06:19: [umc-rockthevote.smx] RTV is now available.
L 05/19/2017 - 18:10:19: [umc-playercountmonitor.smx] Server is now watching for inproper number of players.
L 05/19/2017 - 19:08:01: [umc-nominate.smx] Ying-a-ling wants to nominate a map.
L 05/19/2017 - 19:08:04: [umc-nominate.smx] Ying-a-ling has nominated 'con_district402' from group 'Infantry Maps'
L 05/19/2017 - 19:08:08: [umc-nominate.smx] Ying-a-ling wants to nominate a map.
L 05/19/2017 - 19:08:12: [umc-nominate.smx] Hilldric wants to nominate a map.
L 05/19/2017 - 19:08:13: [umc-nominate.smx] Ying-a-ling has nominated 'emp_blast_ob1' from group 'Infantry Maps'
L 05/19/2017 - 19:08:17: [umc-nominate.smx] Hilldric has nominated 'con_district402' from group 'Infantry Maps'
L 05/19/2017 - 19:08:29: [umc-rockthevote.smx] Starting RTV.
L 05/19/2017 - 19:08:29: [umc-core.smx] Initiating Vote Type: Map
L 05/19/2017 - 19:09:29: [umc-core.smx] Setting nextmap to: con_district402
L 05/19/2017 - 19:09:29: [umc-randomcycle.smx] Disabling random nextmap selection.
L 05/19/2017 - 19:09:29: [umc-core.smx] umc-rockthevote.smx: Changing map to 'con_district402' in 5 seconds.
L 05/19/2017 - 19:09:29: [umc-core.smx] MAPVOTE: Players voted for map 'con_district402' from group 'Infantry Maps'
L 05/19/2017 - 19:09:35: [umc-core.smx] ---------------------MAP CHANGE: con_district402---------------------
L 05/19/2017 - 19:09:35: [umc-endvote-warnings.smx] Successfully parsed and set up 11 vote warnings.
L 05/19/2017 - 19:09:35: [umc-playercountmonitor.smx] Min Players: 0, Max Players: 20
L 05/19/2017 - 19:09:35: [umc-playercountmonitor.smx] Server will begin watching for inproper number of players in 240 seconds.
L 05/19/2017 - 19:09:35: [umc-rockthevote.smx] RTV will be made available in 60 seconds.
L 05/19/2017 - 19:10:36: [umc-rockthevote.smx] RTV is now available.
L 05/19/2017 - 19:13:35: [umc-playercountmonitor.smx] Server is now watching for inproper number of players.
L 05/19/2017 - 19:34:15: [umc-emp-mapvote.smx] Map vote will appear in 20 seconds.
L 05/19/2017 - 19:34:35: [umc-emp-mapvote.smx] Starting a map vote.
L 05/19/2017 - 19:34:35: [umc-core.smx] Initiating Vote Type: Map
L 05/19/2017 - 19:35:06: [umc-core.smx] Setting nextmap to: emp_nuclear_b8u_xfix
L 05/19/2017 - 19:35:06: [umc-randomcycle.smx] Disabling random nextmap selection.
L 05/19/2017 - 19:35:06: [umc-core.smx] umc-emp-mapvote.smx: Changing map to 'emp_nuclear_b8u_xfix' in 5 seconds.
L 05/19/2017 - 19:35:06: [umc-core.smx] MAPVOTE: Players voted for map 'emp_nuclear_b8u_xfix' from group 'Infantry Maps'
L 05/19/2017 - 19:35:12: [umc-core.smx] ---------------------MAP CHANGE: emp_nuclear_b8u_xfix---------------------
L 05/19/2017 - 19:35:12: [umc-endvote-warnings.smx] Successfully parsed and set up 11 vote warnings.
L 05/19/2017 - 19:35:12: [umc-playercountmonitor.smx] Min Players: 4, Max Players: 20
L 05/19/2017 - 19:35:12: [umc-playercountmonitor.smx] Server will begin watching for inproper number of players in 240 seconds.
L 05/19/2017 - 19:35:12: [umc-rockthevote.smx] RTV will be made available in 60 seconds.
L 05/19/2017 - 19:35:22: [umc-core.smx] ---------------------MAP CHANGE: con_district402---------------------
L 05/19/2017 - 19:35:22: [umc-endvote-warnings.smx] Successfully parsed and set up 11 vote warnings.
L 05/19/2017 - 19:35:22: [umc-playercountmonitor.smx] Min Players: 0, Max Players: 20
L 05/19/2017 - 19:35:22: [umc-playercountmonitor.smx] Server will begin watching for inproper number of players in 240 seconds.
L 05/19/2017 - 19:35:22: [umc-rockthevote.smx] RTV will be made available in 60 seconds.
L 05/19/2017 - 19:35:59: [umc-core.smx] ---------------------MAP CHANGE: emp_nuclear_b8u_xfix---------------------
L 05/19/2017 - 19:35:59: [umc-endvote-warnings.smx] Successfully parsed and set up 11 vote warnings.
L 05/19/2017 - 19:35:59: [umc-playercountmonitor.smx] Min Players: 4, Max Players: 20
L 05/19/2017 - 19:35:59: [umc-playercountmonitor.smx] Server will begin watching for inproper number of players in 240 seconds.
L 05/19/2017 - 19:35:59: [umc-rockthevote.smx] RTV will be made available in 60 seconds.
L 05/19/2017 - 19:37:00: [umc-rockthevote.smx] RTV is now available.
L 05/19/2017 - 19:39:59: [umc-playercountmonitor.smx] Server is now watching for inproper number of players.
L 05/19/2017 - 20:09:31: [umc-nominate.smx] estratoscopia wants to nominate a map.
L 05/19/2017 - 20:09:34: [umc-nominate.smx] estratoscopia has nominated 'con_urbanchaos' from group 'Infantry Maps'
L 05/19/2017 - 20:10:59: [umc-rockthevote.smx] Starting RTV.
L 05/19/2017 - 20:10:59: [umc-core.smx] Initiating Vote Type: Map
L 05/19/2017 - 20:12:08: [umc-core.smx] RUNOFF: Starting runoff vote.
L 05/19/2017 - 20:12:08: [umc-core.smx] Initiating Vote Type: Map
L 05/19/2017 - 20:13:08: [umc-core.smx] Setting nextmap to: emp_downfall
L 05/19/2017 - 20:13:08: [umc-randomcycle.smx] Disabling random nextmap selection.
L 05/19/2017 - 20:13:08: [umc-core.smx] umc-rockthevote.smx: Changing map to 'emp_downfall' in 5 seconds.
L 05/19/2017 - 20:13:08: [umc-core.smx] MAPVOTE: Players voted for map 'emp_downfall' from group 'Commander Maps'
L 05/19/2017 - 20:13:14: [umc-core.smx] ---------------------MAP CHANGE: emp_downfall---------------------
L 05/19/2017 - 20:13:14: [umc-endvote-warnings.smx] Successfully parsed and set up 11 vote warnings.
L 05/19/2017 - 20:13:14: [umc-playercountmonitor.smx] Min Players: 0, Max Players: 22
L 05/19/2017 - 20:13:14: [umc-playercountmonitor.smx] Server will begin watching for inproper number of players in 240 seconds.
L 05/19/2017 - 20:13:14: [umc-rockthevote.smx] RTV will be made available in 60 seconds.
L 05/19/2017 - 20:14:15: [umc-rockthevote.smx] RTV is now available.
L 05/19/2017 - 20:17:14: [umc-playercountmonitor.smx] Server is now watching for inproper number of players.
L 05/19/2017 - 20:18:14: [umc-emp-mapvote.smx] Map vote will appear in 20 seconds.
L 05/19/2017 - 20:18:34: [umc-emp-mapvote.smx] Starting a map vote.
L 05/19/2017 - 20:18:34: [umc-core.smx] Initiating Vote Type: Map
L 05/19/2017 - 20:19:13: [umc-core.smx] RUNOFF: Starting runoff vote.
L 05/19/2017 - 20:19:13: [umc-core.smx] Initiating Vote Type: Map
L 05/19/2017 - 20:19:44: [umc-core.smx] Setting nextmap to: emp_vehicletraining_2013
L 05/19/2017 - 20:19:44: [umc-randomcycle.smx] Disabling random nextmap selection.
L 05/19/2017 - 20:19:44: [umc-core.smx] umc-emp-mapvote.smx: Changing map to 'emp_vehicletraining_2013' in 5 seconds.
L 05/19/2017 - 20:19:44: [umc-core.smx] MAPVOTE: Players voted for map 'emp_vehicletraining_2013' from group 'Infantry Maps'
L 05/19/2017 - 20:19:49: [umc-core.smx] ---------------------MAP CHANGE: emp_vehicletraining_2013---------------------
L 05/19/2017 - 20:19:49: [umc-endvote-warnings.smx] Successfully parsed and set up 11 vote warnings.
L 05/19/2017 - 20:19:49: [umc-playercountmonitor.smx] Min Players: 0, Max Players: 20
L 05/19/2017 - 20:19:49: [umc-playercountmonitor.smx] Server will begin watching for inproper number of players in 240 seconds.
L 05/19/2017 - 20:19:49: [umc-rockthevote.smx] RTV will be made available in 60 seconds.
L 05/19/2017 - 20:20:50: [umc-rockthevote.smx] RTV is now available.
L 05/19/2017 - 20:23:49: [umc-playercountmonitor.smx] Server is now watching for inproper number of players.
L 05/19/2017 - 20:53:55: [umc-emp-mapvote.smx] Map vote will appear in 20 seconds.
L 05/19/2017 - 20:54:15: [umc-emp-mapvote.smx] Starting a map vote.
L 05/19/2017 - 20:54:15: [umc-core.smx] Initiating Vote Type: Map
L 05/19/2017 - 20:54:46: [umc-emp-mapvote.smx] WARNING: Map Voting failure. Initiating random map fail-safe.
L 05/19/2017 - 20:54:46: [umc-core.smx] Setting nextmap to: emp_drygulch_a6
L 05/19/2017 - 20:54:46: [umc-randomcycle.smx] Disabling random nextmap selection.
L 05/19/2017 - 20:54:46: [umc-core.smx] umc-emp-mapvote.smx: Changing map to 'emp_drygulch_a6' in 5 seconds.
L 05/19/2017 - 20:54:52: [umc-core.smx] ---------------------MAP CHANGE: emp_drygulch_a6---------------------
L 05/19/2017 - 20:54:52: [umc-endvote-warnings.smx] Successfully parsed and set up 11 vote warnings.
L 05/19/2017 - 20:54:52: [umc-playercountmonitor.smx] Min Players: 0, Max Players: 22
L 05/19/2017 - 20:54:52: [umc-playercountmonitor.smx] Server will begin watching for inproper number of players in 240 seconds.
L 05/19/2017 - 20:54:52: [umc-rockthevote.smx] RTV will be made available in 60 seconds.
L 05/19/2017 - 20:55:53: [umc-rockthevote.smx] RTV is now available.
L 05/19/2017 - 20:58:52: [umc-playercountmonitor.smx] Server is now watching for inproper number of players.
L 05/19/2017 - 21:46:54: [umc-nominate.smx] Hilldric wants to nominate a map.
L 05/19/2017 - 21:47:02: [umc-nominate.smx] Hilldric has nominated 'con_glycencity' from group 'Infantry Maps'
L 05/19/2017 - 22:00:14: [umc-emp-mapvote.smx] Map vote will appear in 20 seconds.
L 05/19/2017 - 22:00:34: [umc-emp-mapvote.smx] Starting a map vote.
L 05/19/2017 - 22:00:34: [umc-core.smx] Initiating Vote Type: Map
L 05/19/2017 - 22:01:05: [umc-core.smx] Setting nextmap to: con_glycencity
L 05/19/2017 - 22:01:05: [umc-randomcycle.smx] Disabling random nextmap selection.
L 05/19/2017 - 22:01:05: [umc-core.smx] umc-emp-mapvote.smx: Changing map to 'con_glycencity' in 5 seconds.
L 05/19/2017 - 22:01:05: [umc-core.smx] MAPVOTE: Players voted for map 'con_glycencity' from group 'Infantry Maps'
L 05/19/2017 - 22:01:12: [umc-core.smx] ---------------------MAP CHANGE: con_glycencity---------------------
L 05/19/2017 - 22:01:12: [umc-endvote-warnings.smx] Successfully parsed and set up 11 vote warnings.
L 05/19/2017 - 22:01:12: [umc-playercountmonitor.smx] Min Players: 0, Max Players: 20
L 05/19/2017 - 22:01:12: [umc-playercountmonitor.smx] Server will begin watching for inproper number of players in 240 seconds.
L 05/19/2017 - 22:01:12: [umc-rockthevote.smx] RTV will be made available in 60 seconds.
L 05/19/2017 - 22:02:13: [umc-rockthevote.smx] RTV is now available.
L 05/19/2017 - 22:05:12: [umc-playercountmonitor.smx] Server is now watching for inproper number of players.
L 05/19/2017 - 22:07:23: [umc-emp-mapvote.smx] Map vote will appear in 20 seconds.
L 05/19/2017 - 22:07:43: [umc-emp-mapvote.smx] Starting a map vote.
L 05/19/2017 - 22:07:43: [umc-core.smx] Initiating Vote Type: Map
L 05/19/2017 - 22:08:21: [umc-core.smx] RUNOFF: Starting runoff vote.
L 05/19/2017 - 22:08:21: [umc-core.smx] Initiating Vote Type: Map
L 05/19/2017 - 22:08:52: [umc-core.smx] Setting nextmap to: emp_crossroads
L 05/19/2017 - 22:08:52: [umc-randomcycle.smx] Disabling random nextmap selection.
L 05/19/2017 - 22:08:52: [umc-core.smx] umc-emp-mapvote.smx: Changing map to 'emp_crossroads' in 5 seconds.
L 05/19/2017 - 22:08:52: [umc-core.smx] MAPVOTE: Players voted for map 'emp_crossroads' from group 'Commander Maps'
L 05/19/2017 - 22:08:58: [umc-core.smx] ---------------------MAP CHANGE: emp_crossroads---------------------
L 05/19/2017 - 22:08:58: [umc-endvote-warnings.smx] Successfully parsed and set up 11 vote warnings.
L 05/19/2017 - 22:08:58: [umc-playercountmonitor.smx] Min Players: 0, Max Players: 22
L 05/19/2017 - 22:08:58: [umc-playercountmonitor.smx] Server will begin watching for inproper number of players in 240 seconds.
L 05/19/2017 - 22:08:58: [umc-rockthevote.smx] RTV will be made available in 60 seconds.
L 05/19/2017 - 22:09:59: [umc-rockthevote.smx] RTV is now available.
L 05/19/2017 - 22:12:58: [umc-playercountmonitor.smx] Server is now watching for inproper number of players.
L 05/19/2017 - 22:17:41: [umc-emp-mapvote.smx] Map vote will appear in 20 seconds.
L 05/19/2017 - 22:18:01: [umc-emp-mapvote.smx] Starting a map vote.
L 05/19/2017 - 22:18:01: [umc-core.smx] Initiating Vote Type: Map
L 05/19/2017 - 22:18:31: [umc-emp-mapvote.smx] WARNING: Map Voting failure. Initiating random map fail-safe.
L 05/19/2017 - 22:18:31: [umc-core.smx] Setting nextmap to: con_urbanchaos
L 05/19/2017 - 22:18:31: [umc-randomcycle.smx] Disabling random nextmap selection.
L 05/19/2017 - 22:18:31: [umc-core.smx] umc-emp-mapvote.smx: Changing map to 'con_urbanchaos' in 5 seconds.
L 05/19/2017 - 22:18:37: [umc-core.smx] ---------------------MAP CHANGE: con_urbanchaos---------------------
L 05/19/2017 - 22:18:37: [umc-endvote-warnings.smx] Successfully parsed and set up 11 vote warnings.
L 05/19/2017 - 22:18:37: [umc-playercountmonitor.smx] Min Players: 0, Max Players: 20
L 05/19/2017 - 22:18:37: [umc-playercountmonitor.smx] Server will begin watching for inproper number of players in 240 seconds.
L 05/19/2017 - 22:18:37: [umc-rockthevote.smx] RTV will be made available in 60 seconds.
L 05/19/2017 - 22:19:38: [umc-rockthevote.smx] RTV is now available.
L 05/19/2017 - 22:22:37: [umc-playercountmonitor.smx] Server is now watching for inproper number of players.
L 05/19/2017 - 22:59:33: [umc-nominate.smx] estratoscopia wants to nominate a map.
L 05/19/2017 - 22:59:38: [umc-nominate.smx] estratoscopia has nominated 'emp_blast_ob1' from group 'Infantry Maps'
L 05/19/2017 - 23:00:02: [umc-emp-mapvote.smx] Map vote will appear in 20 seconds.
L 05/19/2017 - 23:00:22: [umc-emp-mapvote.smx] Starting a map vote.
L 05/19/2017 - 23:00:22: [umc-core.smx] Initiating Vote Type: Map
L 05/19/2017 - 23:00:53: [umc-core.smx] Setting nextmap to: emp_beachfront_b2
L 05/19/2017 - 23:00:53: [umc-randomcycle.smx] Disabling random nextmap selection.
L 05/19/2017 - 23:00:53: [umc-core.smx] umc-emp-mapvote.smx: Changing map to 'emp_beachfront_b2' in 5 seconds.
L 05/19/2017 - 23:00:53: [umc-core.smx] MAPVOTE: Players voted for map 'emp_beachfront_b2' from group 'Commander Maps'
L 05/19/2017 - 23:00:58: [umc-core.smx] ---------------------MAP CHANGE: emp_beachfront_b2---------------------
L 05/19/2017 - 23:00:58: [umc-endvote-warnings.smx] Successfully parsed and set up 11 vote warnings.
L 05/19/2017 - 23:00:58: [umc-playercountmonitor.smx] Min Players: 0, Max Players: 22
L 05/19/2017 - 23:00:58: [umc-playercountmonitor.smx] Server will begin watching for inproper number of players in 240 seconds.
L 05/19/2017 - 23:00:58: [umc-rockthevote.smx] RTV will be made available in 60 seconds.
L 05/19/2017 - 23:01:59: [umc-rockthevote.smx] RTV is now available.
L 05/19/2017 - 23:04:58: [umc-playercountmonitor.smx] Server is now watching for inproper number of players.
L 05/19/2017 - 23:31:19: [umc-emp-mapvote.smx] Map vote will appear in 20 seconds.
L 05/19/2017 - 23:31:39: [umc-emp-mapvote.smx] Starting a map vote.
L 05/19/2017 - 23:31:39: [umc-core.smx] Initiating Vote Type: Map
L 05/19/2017 - 23:32:10: [umc-core.smx] Setting nextmap to: emp_downfall
L 05/19/2017 - 23:32:10: [umc-randomcycle.smx] Disabling random nextmap selection.
L 05/19/2017 - 23:32:10: [umc-core.smx] umc-emp-mapvote.smx: Changing map to 'emp_downfall' in 5 seconds.
L 05/19/2017 - 23:32:10: [umc-core.smx] MAPVOTE: Players voted for map 'emp_downfall' from group 'Commander Maps'
L 05/19/2017 - 23:32:15: [umc-rockthevote.smx] Starting RTV.
L 05/19/2017 - 23:32:16: [umc-core.smx] ---------------------MAP CHANGE: emp_downfall---------------------
L 05/19/2017 - 23:32:16: [umc-endvote-warnings.smx] Successfully parsed and set up 11 vote warnings.
L 05/19/2017 - 23:32:16: [umc-playercountmonitor.smx] Min Players: 0, Max Players: 22
L 05/19/2017 - 23:32:16: [umc-playercountmonitor.smx] Server will begin watching for inproper number of players in 240 seconds.
L 05/19/2017 - 23:32:16: [umc-rockthevote.smx] RTV will be made available in 60 seconds.
L 05/19/2017 - 23:33:17: [umc-rockthevote.smx] RTV is now available.
L 05/19/2017 - 23:36:16: [umc-playercountmonitor.smx] Server is now watching for inproper number of players.
L 05/19/2017 - 23:48:52: [umc-nominate.smx] Oktay wants to nominate a map.
L 05/19/2017 - 23:51:28: [umc-emp-mapvote.smx] Map vote will appear in 20 seconds.
L 05/19/2017 - 23:51:48: [umc-emp-mapvote.smx] Starting a map vote.
L 05/19/2017 - 23:51:48: [umc-core.smx] Initiating Vote Type: Map
L 05/19/2017 - 23:52:19: [umc-core.smx] Setting nextmap to: con_district402
L 05/19/2017 - 23:52:19: [umc-randomcycle.smx] Disabling random nextmap selection.
L 05/19/2017 - 23:52:19: [umc-core.smx] umc-emp-mapvote.smx: Changing map to 'con_district402' in 5 seconds.
L 05/19/2017 - 23:52:19: [umc-core.smx] MAPVOTE: Players voted for map 'con_district402' from group 'Infantry Maps'
L 05/19/2017 - 23:52:25: [umc-core.smx] ---------------------MAP CHANGE: con_district402---------------------
L 05/19/2017 - 23:52:25: [umc-endvote-warnings.smx] Successfully parsed and set up 11 vote warnings.
L 05/19/2017 - 23:52:25: [umc-playercountmonitor.smx] Min Players: 0, Max Players: 20
L 05/19/2017 - 23:52:25: [umc-playercountmonitor.smx] Server will begin watching for inproper number of players in 240 seconds.
L 05/19/2017 - 23:52:25: [umc-rockthevote.smx] RTV will be made available in 60 seconds.
L 05/19/2017 - 23:53:26: [umc-rockthevote.smx] RTV is now available.
L 05/19/2017 - 23:56:25: [umc-playercountmonitor.smx] Server is now watching for inproper number of players.
