L 07/13/2018 - 18:35:31: [umc-core.smx] ---------------------MAP CHANGE: con_district402---------------------
L 07/13/2018 - 18:35:31: [umc-endvote-warnings.smx] Successfully parsed and set up 11 vote warnings.
L 07/13/2018 - 18:35:31: [umc-rockthevote.smx] RTV will be made available in 60 seconds.
L 07/13/2018 - 18:36:33: [umc-rockthevote.smx] RTV is now available.
L 07/13/2018 - 20:44:29: [umc-emp-mapvote.smx] Map vote will appear in 30 seconds.
L 07/13/2018 - 20:44:59: [umc-emp-mapvote.smx] Starting a map vote.
L 07/13/2018 - 20:44:59: [umc-core.smx] WARNING: Map "con_urbanchaos" does not exist on the server. (Group: "Infantry Maps")
L 07/13/2018 - 20:44:59: [umc-core.smx] VOTE MENU: (Verbose) Fetching 7 maps from group 'Commander Maps'
L 07/13/2018 - 20:44:59: [umc-core.smx] VOTE MENU: (Verbose) Finished parsing nominations for map group 'Commander Maps'
L 07/13/2018 - 20:44:59: [umc-core.smx] VOTE MENU: (Verbose) Still need to fetch 7 maps from the group.
L 07/13/2018 - 20:44:59: [umc-core.smx] VOTE MENU: (Verbose) Selected map 'emp_downfall_hce' from group 'Commander Maps' was added to the vote.
L 07/13/2018 - 20:44:59: [umc-core.smx] VOTE MENU: (Verbose) Selected map 'emp_drygulch_a7' from group 'Commander Maps' was added to the vote.
L 07/13/2018 - 20:44:59: [umc-core.smx] VOTE MENU: (Verbose) Selected map 'emp_crossroads_towerless_hce' from group 'Commander Maps' was added to the vote.
L 07/13/2018 - 20:44:59: [umc-core.smx] VOTE MENU: (Verbose) Selected map 'emp_beachfront_b2_hce' from group 'Commander Maps' was added to the vote.
L 07/13/2018 - 20:44:59: [umc-core.smx] VOTE MENU: (Verbose) No more maps in map group 'Commander Maps'
L 07/13/2018 - 20:44:59: [umc-core.smx] VOTE MENU: (Verbose) Fetching 1 maps from group 'Infantry Maps'
L 07/13/2018 - 20:44:59: [umc-core.smx] VOTE MENU: (Verbose) Finished parsing nominations for map group 'Infantry Maps'
L 07/13/2018 - 20:44:59: [umc-core.smx] VOTE MENU: (Verbose) Still need to fetch 1 maps from the group.
L 07/13/2018 - 20:44:59: [umc-core.smx] VOTE MENU: (Verbose) Selected map 'con_blast_ob2' from group 'Infantry Maps' was added to the vote.
L 07/13/2018 - 20:44:59: [umc-core.smx] VOTE MENU: (Verbose) Fetching 0 maps from group 'Cooldown Maps'
L 07/13/2018 - 20:44:59: [umc-core.smx] VOTE MENU: (Verbose) Finished parsing nominations for map group 'Cooldown Maps'
L 07/13/2018 - 20:44:59: [umc-core.smx] Initiating Vote Type: Map
L 07/13/2018 - 20:44:59: [umc-core.smx] Adding Clients to Vote:
L 07/13/2018 - 20:44:59: [umc-core.smx] 0: Grave (2)
L 07/13/2018 - 20:44:59: [umc-core.smx] 1: Nowaf8037 (3)
L 07/13/2018 - 20:44:59: [umc-core.smx] 2: Skalk (4)
L 07/13/2018 - 20:44:59: [umc-core.smx] 3: Wilko (5)
L 07/13/2018 - 20:44:59: [umc-core.smx] 4: Ohhter (6)
L 07/13/2018 - 20:44:59: [umc-core.smx] VOTE MENU:
L 07/13/2018 - 20:44:59: [umc-core.smx] 2: con_blast (0)
L 07/13/2018 - 20:44:59: [umc-core.smx] 3: emp_beachfront (1)
L 07/13/2018 - 20:44:59: [umc-core.smx] 4: emp_downfall (2)
L 07/13/2018 - 20:44:59: [umc-core.smx] 5: emp_crossroads (3)
L 07/13/2018 - 20:44:59: [umc-core.smx] 6: emp_drygulch (4)
L 07/13/2018 - 20:45:03: [umc-core.smx] Ohhter<7><[U:1:100976241]><> selected menu item 3
L 07/13/2018 - 20:45:30: [umc-core.smx] Setting nextmap to: emp_downfall_hce
L 07/13/2018 - 20:45:30: [umc-randomcycle.smx] Disabling random nextmap selection.
L 07/13/2018 - 20:45:30: [umc-core.smx] umc-emp-mapvote.smx: Changing map to 'emp_downfall_hce' in 5 seconds.
L 07/13/2018 - 20:45:30: [umc-core.smx] MAPVOTE: Players voted for map 'emp_downfall_hce' from group 'Commander Maps'
L 07/13/2018 - 20:45:30: [umc-core.smx] Vote has concluded.
L 07/13/2018 - 20:45:36: [umc-core.smx] ---------------------MAP CHANGE: emp_downfall_hce---------------------
L 07/13/2018 - 20:45:36: [umc-endvote-warnings.smx] Successfully parsed and set up 11 vote warnings.
L 07/13/2018 - 20:45:36: [umc-rockthevote.smx] RTV will be made available in 60 seconds.
L 07/13/2018 - 20:46:37: [umc-rockthevote.smx] RTV is now available.
L 07/13/2018 - 20:47:43: [umc-nominate.smx] Grave wants to nominate a map.
L 07/13/2018 - 20:47:49: [umc-core.smx] WARNING: Map "con_urbanchaos" does not exist on the server. (Group: "Infantry Maps")
L 07/13/2018 - 20:47:50: [umc-nominate.smx] Nowaf8037 wants to nominate a map.
L 07/13/2018 - 20:47:53: [umc-nominate.smx] Grave has nominated 'emp_vehicletraining_2013' from group 'Infantry Maps'
L 07/13/2018 - 20:47:54: [umc-core.smx] WARNING: Map "con_urbanchaos" does not exist on the server. (Group: "Infantry Maps")
L 07/13/2018 - 20:47:55: [umc-rockthevote.smx] Starting RTV.
L 07/13/2018 - 20:47:55: [umc-core.smx] WARNING: Map "con_urbanchaos" does not exist on the server. (Group: "Infantry Maps")
L 07/13/2018 - 20:47:55: [umc-core.smx] VOTE MENU: (Verbose) Fetching 7 maps from group 'Commander Maps'
L 07/13/2018 - 20:47:55: [umc-core.smx] VOTE MENU: (Verbose) Finished parsing nominations for map group 'Commander Maps'
L 07/13/2018 - 20:47:55: [umc-core.smx] VOTE MENU: (Verbose) Still need to fetch 7 maps from the group.
L 07/13/2018 - 20:47:55: [umc-core.smx] VOTE MENU: (Verbose) Selected map 'emp_drygulch_a7' from group 'Commander Maps' was added to the vote.
L 07/13/2018 - 20:47:55: [umc-core.smx] VOTE MENU: (Verbose) Selected map 'emp_beachfront_b2_hce' from group 'Commander Maps' was added to the vote.
L 07/13/2018 - 20:47:55: [umc-core.smx] VOTE MENU: (Verbose) Selected map 'emp_crossroads_towerless_hce' from group 'Commander Maps' was added to the vote.
L 07/13/2018 - 20:47:55: [umc-core.smx] VOTE MENU: (Verbose) No more maps in map group 'Commander Maps'
L 07/13/2018 - 20:47:55: [umc-core.smx] VOTE MENU: (Verbose) Fetching 1 maps from group 'Infantry Maps'
L 07/13/2018 - 20:47:55: [umc-core.smx] VOTE MENU: (Verbose) Nominated map 'emp_vehicletraining_2013' from group 'Infantry Maps' was added to the vote.
L 07/13/2018 - 20:47:55: [umc-core.smx] VOTE MENU: (Verbose) Finished parsing nominations for map group 'Infantry Maps'
L 07/13/2018 - 20:47:55: [umc-core.smx] VOTE MENU: (Verbose) Fetching 0 maps from group 'Cooldown Maps'
L 07/13/2018 - 20:47:55: [umc-core.smx] VOTE MENU: (Verbose) Finished parsing nominations for map group 'Cooldown Maps'
L 07/13/2018 - 20:47:55: [umc-core.smx] Initiating Vote Type: Map
L 07/13/2018 - 20:47:55: [umc-core.smx] Adding Clients to Vote:
L 07/13/2018 - 20:47:55: [umc-core.smx] 0: Grave (2)
L 07/13/2018 - 20:47:55: [umc-core.smx] 1: Nowaf8037 (3)
L 07/13/2018 - 20:47:55: [umc-core.smx] 2: Skalk (4)
L 07/13/2018 - 20:47:55: [umc-core.smx] VOTE MENU:
L 07/13/2018 - 20:47:55: [umc-core.smx] 2: emp_crossroads (0)
L 07/13/2018 - 20:47:55: [umc-core.smx] 3: emp_beachfront (1)
L 07/13/2018 - 20:47:55: [umc-core.smx] 4: con_vehicletraining (2)
L 07/13/2018 - 20:47:55: [umc-core.smx] 5: emp_drygulch (3)
L 07/13/2018 - 20:47:58: [umc-core.smx] Grave<3><[U:1:34977414]><> selected menu item 3
L 07/13/2018 - 20:48:04: [umc-core.smx] Nowaf8037<4><[U:1:309341142]><> selected menu item 3
L 07/13/2018 - 20:48:55: [umc-core.smx] Setting nextmap to: emp_vehicletraining_2013
L 07/13/2018 - 20:48:55: [umc-randomcycle.smx] Disabling random nextmap selection.
L 07/13/2018 - 20:48:55: [umc-core.smx] umc-rockthevote.smx: Changing map to 'emp_vehicletraining_2013' in 5 seconds.
L 07/13/2018 - 20:48:55: [umc-core.smx] MAPVOTE: Players voted for map 'emp_vehicletraining_2013' from group 'Infantry Maps'
L 07/13/2018 - 20:48:55: [umc-core.smx] Vote has concluded.
L 07/13/2018 - 20:49:01: [umc-core.smx] ---------------------MAP CHANGE: emp_vehicletraining_2013---------------------
L 07/13/2018 - 20:49:01: [umc-endvote-warnings.smx] Successfully parsed and set up 11 vote warnings.
L 07/13/2018 - 20:49:01: [umc-rockthevote.smx] RTV will be made available in 60 seconds.
L 07/13/2018 - 20:50:02: [umc-rockthevote.smx] RTV is now available.
L 07/13/2018 - 21:08:54: [umc-nominate.smx] rauer wants to nominate a map.
L 07/13/2018 - 21:09:00: [umc-nominate.smx] rauer has nominated 'emp_drygulch_a7' from group 'Commander Maps'
L 07/13/2018 - 21:09:06: [umc-emp-mapvote.smx] Map vote will appear in 30 seconds.
L 07/13/2018 - 21:09:36: [umc-emp-mapvote.smx] Starting a map vote.
L 07/13/2018 - 21:09:36: [umc-core.smx] WARNING: Map "con_urbanchaos" does not exist on the server. (Group: "Infantry Maps")
L 07/13/2018 - 21:09:36: [umc-core.smx] VOTE MENU: (Verbose) Fetching 7 maps from group 'Commander Maps'
L 07/13/2018 - 21:09:36: [umc-core.smx] VOTE MENU: (Verbose) Nominated map 'emp_drygulch_a7' from group 'Commander Maps' was added to the vote.
L 07/13/2018 - 21:09:36: [umc-core.smx] VOTE MENU: (Verbose) Finished parsing nominations for map group 'Commander Maps'
L 07/13/2018 - 21:09:36: [umc-core.smx] VOTE MENU: (Verbose) Still need to fetch 6 maps from the group.
L 07/13/2018 - 21:09:36: [umc-core.smx] VOTE MENU: (Verbose) Selected map 'emp_beachfront_b2_hce' from group 'Commander Maps' was added to the vote.
L 07/13/2018 - 21:09:36: [umc-core.smx] VOTE MENU: (Verbose) Selected map 'emp_crossroads_towerless_hce' from group 'Commander Maps' was added to the vote.
L 07/13/2018 - 21:09:36: [umc-core.smx] VOTE MENU: (Verbose) No more maps in map group 'Commander Maps'
L 07/13/2018 - 21:09:36: [umc-core.smx] VOTE MENU: (Verbose) Fetching 1 maps from group 'Infantry Maps'
L 07/13/2018 - 21:09:36: [umc-core.smx] VOTE MENU: (Verbose) Finished parsing nominations for map group 'Infantry Maps'
L 07/13/2018 - 21:09:36: [umc-core.smx] VOTE MENU: (Verbose) Still need to fetch 1 maps from the group.
L 07/13/2018 - 21:09:36: [umc-core.smx] VOTE MENU: (Verbose) Selected map 'emp_havoc_b1_fix' from group 'Infantry Maps' was added to the vote.
L 07/13/2018 - 21:09:36: [umc-core.smx] VOTE MENU: (Verbose) Fetching 0 maps from group 'Cooldown Maps'
L 07/13/2018 - 21:09:36: [umc-core.smx] VOTE MENU: (Verbose) Finished parsing nominations for map group 'Cooldown Maps'
L 07/13/2018 - 21:09:36: [umc-core.smx] Initiating Vote Type: Map
L 07/13/2018 - 21:09:36: [umc-core.smx] Adding Clients to Vote:
L 07/13/2018 - 21:09:36: [umc-core.smx] 0: Grave (2)
L 07/13/2018 - 21:09:36: [umc-core.smx] 1: Nowaf8037 (3)
L 07/13/2018 - 21:09:36: [umc-core.smx] 2: Skalk (4)
L 07/13/2018 - 21:09:36: [umc-core.smx] 3: Wilko (5)
L 07/13/2018 - 21:09:36: [umc-core.smx] 4: Ohhter (6)
L 07/13/2018 - 21:09:36: [umc-core.smx] 5: Oktay (7)
L 07/13/2018 - 21:09:36: [umc-core.smx] 6: rauer (8)
L 07/13/2018 - 21:09:36: [umc-core.smx] VOTE MENU:
L 07/13/2018 - 21:09:36: [umc-core.smx] 2: emp_beachfront (0)
L 07/13/2018 - 21:09:36: [umc-core.smx] 3: emp_drygulch (1)
L 07/13/2018 - 21:09:36: [umc-core.smx] 4: con_havoc (2)
L 07/13/2018 - 21:09:36: [umc-core.smx] 5: emp_crossroads (3)
L 07/13/2018 - 21:09:41: [umc-core.smx] Nowaf8037<4><[U:1:309341142]><> selected menu item 2
L 07/13/2018 - 21:09:42: [umc-core.smx] rauer<10><[U:1:2546402]><> selected menu item 3
L 07/13/2018 - 21:10:01: [umc-core.smx] Grave<3><[U:1:34977414]><> selected menu item 1
L 07/13/2018 - 21:10:07: [umc-core.smx] RUNOFF MENU: (Verbose) Building runoff vote menu.
L 07/13/2018 - 21:10:07: [umc-core.smx] RUNOFF MENU: (Verbose) Stopped removing options from the vote. Maximum possible winning vote percentage is 50%
L 07/13/2018 - 21:10:07: [umc-core.smx] Vote has concluded.
L 07/13/2018 - 21:10:15: [umc-core.smx] RUNOFF: Starting runoff vote.
L 07/13/2018 - 21:10:15: [umc-core.smx] Initiating Vote Type: Map
L 07/13/2018 - 21:10:15: [umc-core.smx] Adding Clients to Vote:
L 07/13/2018 - 21:10:15: [umc-core.smx] 0: Grave (2)
L 07/13/2018 - 21:10:15: [umc-core.smx] 1: Nowaf8037 (3)
L 07/13/2018 - 21:10:15: [umc-core.smx] 2: Skalk (4)
L 07/13/2018 - 21:10:15: [umc-core.smx] 3: Wilko (5)
L 07/13/2018 - 21:10:15: [umc-core.smx] 4: Ohhter (6)
L 07/13/2018 - 21:10:15: [umc-core.smx] 6: rauer (8)
L 07/13/2018 - 21:10:15: [umc-core.smx] VOTE MENU:
L 07/13/2018 - 21:10:15: [umc-core.smx] 2: emp_drygulch (1)
L 07/13/2018 - 21:10:15: [umc-core.smx] 3: con_havoc (2)
L 07/13/2018 - 21:10:29: [umc-core.smx] rauer<10><[U:1:2546402]><> selected menu item 2
L 07/13/2018 - 21:10:45: [umc-core.smx] Setting nextmap to: emp_havoc_b1_fix
L 07/13/2018 - 21:10:45: [umc-randomcycle.smx] Disabling random nextmap selection.
L 07/13/2018 - 21:10:45: [umc-core.smx] umc-emp-mapvote.smx: Changing map to 'emp_havoc_b1_fix' in 5 seconds.
L 07/13/2018 - 21:10:45: [umc-core.smx] MAPVOTE: Players voted for map 'emp_havoc_b1_fix' from group 'Infantry Maps'
L 07/13/2018 - 21:10:45: [umc-core.smx] Vote has concluded.
L 07/13/2018 - 21:10:51: [umc-core.smx] ---------------------MAP CHANGE: emp_havoc_b1_fix---------------------
L 07/13/2018 - 21:10:51: [umc-endvote-warnings.smx] Successfully parsed and set up 11 vote warnings.
L 07/13/2018 - 21:10:51: [umc-rockthevote.smx] RTV will be made available in 60 seconds.
L 07/13/2018 - 21:11:52: [umc-rockthevote.smx] RTV is now available.
L 07/13/2018 - 21:16:22: [umc-nominate.smx] rauer wants to nominate a map.
L 07/13/2018 - 21:16:24: [umc-core.smx] WARNING: Map "con_urbanchaos" does not exist on the server. (Group: "Infantry Maps")
L 07/13/2018 - 21:16:30: [umc-nominate.smx] rauer has nominated 'con_glycencity' from group 'Infantry Maps'
L 07/13/2018 - 21:44:56: [umc-nominate.smx] rauer wants to nominate a map.
L 07/13/2018 - 21:44:58: [umc-core.smx] WARNING: Map "con_urbanchaos" does not exist on the server. (Group: "Infantry Maps")
L 07/13/2018 - 21:45:00: [umc-nominate.smx] rauer has nominated 'emp_nuclear_b8u_xfix' from group 'Infantry Maps'
L 07/13/2018 - 21:52:33: [umc-emp-mapvote.smx] Map vote will appear in 30 seconds.
L 07/13/2018 - 21:53:03: [umc-emp-mapvote.smx] Starting a map vote.
L 07/13/2018 - 21:53:03: [umc-core.smx] WARNING: Map "con_urbanchaos" does not exist on the server. (Group: "Infantry Maps")
L 07/13/2018 - 21:53:03: [umc-core.smx] VOTE MENU: (Verbose) Fetching 7 maps from group 'Commander Maps'
L 07/13/2018 - 21:53:03: [umc-core.smx] VOTE MENU: (Verbose) Finished parsing nominations for map group 'Commander Maps'
L 07/13/2018 - 21:53:03: [umc-core.smx] VOTE MENU: (Verbose) Still need to fetch 7 maps from the group.
L 07/13/2018 - 21:53:03: [umc-core.smx] VOTE MENU: (Verbose) Selected map 'emp_beachfront_b2_hce' from group 'Commander Maps' was added to the vote.
L 07/13/2018 - 21:53:03: [umc-core.smx] VOTE MENU: (Verbose) Selected map 'emp_crossroads_towerless_hce' from group 'Commander Maps' was added to the vote.
L 07/13/2018 - 21:53:03: [umc-core.smx] VOTE MENU: (Verbose) Selected map 'emp_drygulch_a7' from group 'Commander Maps' was added to the vote.
L 07/13/2018 - 21:53:03: [umc-core.smx] VOTE MENU: (Verbose) No more maps in map group 'Commander Maps'
L 07/13/2018 - 21:53:03: [umc-core.smx] VOTE MENU: (Verbose) Fetching 1 maps from group 'Infantry Maps'
L 07/13/2018 - 21:53:03: [umc-core.smx] VOTE MENU: (Verbose) Finished parsing nominations for map group 'Infantry Maps'
L 07/13/2018 - 21:53:03: [umc-core.smx] VOTE MENU: (Verbose) Still need to fetch 1 maps from the group.
L 07/13/2018 - 21:53:03: [umc-core.smx] VOTE MENU: (Verbose) Selected map 'con_glycencity' from group 'Infantry Maps' was added to the vote.
L 07/13/2018 - 21:53:03: [umc-core.smx] VOTE MENU: (Verbose) Fetching 0 maps from group 'Cooldown Maps'
L 07/13/2018 - 21:53:03: [umc-core.smx] VOTE MENU: (Verbose) Finished parsing nominations for map group 'Cooldown Maps'
L 07/13/2018 - 21:53:03: [umc-core.smx] Initiating Vote Type: Map
L 07/13/2018 - 21:53:03: [umc-core.smx] Adding Clients to Vote:
L 07/13/2018 - 21:53:03: [umc-core.smx] 0: Grave (2)
L 07/13/2018 - 21:53:03: [umc-core.smx] 1: Nowaf8037 (3)
L 07/13/2018 - 21:53:03: [umc-core.smx] 2: Skalk (4)
L 07/13/2018 - 21:53:03: [umc-core.smx] 3: Wilko (5)
L 07/13/2018 - 21:53:03: [umc-core.smx] 4: Ohhter (6)
L 07/13/2018 - 21:53:03: [umc-core.smx] VOTE MENU:
L 07/13/2018 - 21:53:03: [umc-core.smx] 2: emp_beachfront (0)
L 07/13/2018 - 21:53:03: [umc-core.smx] 3: con_glycencity (1)
L 07/13/2018 - 21:53:03: [umc-core.smx] 4: emp_drygulch (2)
L 07/13/2018 - 21:53:03: [umc-core.smx] 5: emp_crossroads (3)
L 07/13/2018 - 21:53:34: [umc-emp-mapvote.smx] WARNING: Map Voting failure. Initiating random map fail-safe.
L 07/13/2018 - 21:53:34: [umc-core.smx] WARNING: Map "con_urbanchaos" does not exist on the server. (Group: "Infantry Maps")
L 07/13/2018 - 21:53:34: [umc-core.smx] Setting nextmap to: emp_drygulch_a7
L 07/13/2018 - 21:53:34: [umc-randomcycle.smx] Disabling random nextmap selection.
L 07/13/2018 - 21:53:34: [umc-core.smx] umc-emp-mapvote.smx: Changing map to 'emp_drygulch_a7' in 5 seconds.
L 07/13/2018 - 21:53:34: [umc-core.smx] Vote has concluded.
L 07/13/2018 - 21:53:40: [umc-core.smx] ---------------------MAP CHANGE: emp_drygulch_a7---------------------
L 07/13/2018 - 21:53:40: [umc-endvote-warnings.smx] Successfully parsed and set up 11 vote warnings.
L 07/13/2018 - 21:53:40: [umc-rockthevote.smx] RTV will be made available in 60 seconds.
L 07/13/2018 - 21:54:41: [umc-rockthevote.smx] RTV is now available.
L 07/13/2018 - 21:55:00: [umc-nominate.smx] Nowaf8037 wants to nominate a map.
L 07/13/2018 - 21:55:02: [umc-core.smx] WARNING: Map "con_urbanchaos" does not exist on the server. (Group: "Infantry Maps")
L 07/13/2018 - 21:55:04: [umc-nominate.smx] Nowaf8037 has nominated 'emp_nuclear_b8u_xfix' from group 'Infantry Maps'
L 07/13/2018 - 21:55:51: [umc-rockthevote.smx] Starting RTV.
L 07/13/2018 - 21:55:51: [umc-core.smx] WARNING: Map "con_urbanchaos" does not exist on the server. (Group: "Infantry Maps")
L 07/13/2018 - 21:55:51: [umc-core.smx] VOTE MENU: (Verbose) Fetching 7 maps from group 'Commander Maps'
L 07/13/2018 - 21:55:51: [umc-core.smx] VOTE MENU: (Verbose) Finished parsing nominations for map group 'Commander Maps'
L 07/13/2018 - 21:55:51: [umc-core.smx] VOTE MENU: (Verbose) Still need to fetch 7 maps from the group.
L 07/13/2018 - 21:55:51: [umc-core.smx] VOTE MENU: (Verbose) Selected map 'emp_beachfront_b2_hce' from group 'Commander Maps' was added to the vote.
L 07/13/2018 - 21:55:51: [umc-core.smx] VOTE MENU: (Verbose) Selected map 'emp_crossroads_towerless_hce' from group 'Commander Maps' was added to the vote.
L 07/13/2018 - 21:55:51: [umc-core.smx] VOTE MENU: (Verbose) No more maps in map group 'Commander Maps'
L 07/13/2018 - 21:55:51: [umc-core.smx] VOTE MENU: (Verbose) Fetching 1 maps from group 'Infantry Maps'
L 07/13/2018 - 21:55:51: [umc-core.smx] VOTE MENU: (Verbose) Finished parsing nominations for map group 'Infantry Maps'
L 07/13/2018 - 21:55:51: [umc-core.smx] VOTE MENU: (Verbose) Still need to fetch 1 maps from the group.
L 07/13/2018 - 21:55:51: [umc-core.smx] VOTE MENU: (Verbose) Selected map 'con_blast_ob2' from group 'Infantry Maps' was added to the vote.
L 07/13/2018 - 21:55:51: [umc-core.smx] VOTE MENU: (Verbose) Fetching 0 maps from group 'Cooldown Maps'
L 07/13/2018 - 21:55:51: [umc-core.smx] VOTE MENU: (Verbose) Finished parsing nominations for map group 'Cooldown Maps'
L 07/13/2018 - 21:55:51: [umc-core.smx] Initiating Vote Type: Map
L 07/13/2018 - 21:55:51: [umc-core.smx] Adding Clients to Vote:
L 07/13/2018 - 21:55:51: [umc-core.smx] 0: Grave (2)
L 07/13/2018 - 21:55:51: [umc-core.smx] 1: Nowaf8037 (3)
L 07/13/2018 - 21:55:51: [umc-core.smx] 2: Ohhter (6)
L 07/13/2018 - 21:55:51: [umc-core.smx] VOTE MENU:
L 07/13/2018 - 21:55:51: [umc-core.smx] 2: emp_beachfront (0)
L 07/13/2018 - 21:55:51: [umc-core.smx] 3: emp_crossroads (1)
L 07/13/2018 - 21:55:51: [umc-core.smx] 4: con_blast (2)
L 07/13/2018 - 21:56:03: [umc-core.smx] Grave<3><[U:1:34977414]><> selected menu item 3
L 07/13/2018 - 21:56:10: [umc-core.smx] Nowaf8037<4><[U:1:309341142]><> selected menu item 1
L 07/13/2018 - 21:56:51: [umc-core.smx] RUNOFF MENU: (Verbose) Building runoff vote menu.
L 07/13/2018 - 21:56:51: [umc-core.smx] RUNOFF MENU: (Verbose) Stopped removing options from the vote. Maximum possible winning vote percentage is 50%
L 07/13/2018 - 21:56:51: [umc-core.smx] Vote has concluded.
L 07/13/2018 - 21:56:59: [umc-core.smx] RUNOFF: Starting runoff vote.
L 07/13/2018 - 21:56:59: [umc-core.smx] Initiating Vote Type: Map
L 07/13/2018 - 21:56:59: [umc-core.smx] Adding Clients to Vote:
L 07/13/2018 - 21:56:59: [umc-core.smx] 0: Grave (2)
L 07/13/2018 - 21:56:59: [umc-core.smx] 1: Nowaf8037 (3)
L 07/13/2018 - 21:56:59: [umc-core.smx] 2: Ohhter (6)
L 07/13/2018 - 21:56:59: [umc-core.smx] VOTE MENU:
L 07/13/2018 - 21:56:59: [umc-core.smx] 2: emp_beachfront (0)
L 07/13/2018 - 21:56:59: [umc-core.smx] 3: con_blast (2)
L 07/13/2018 - 21:57:17: [umc-core.smx] Grave<3><[U:1:34977414]><> selected menu item 2
L 07/13/2018 - 21:57:33: [umc-core.smx] Ohhter<7><[U:1:100976241]><> selected menu item 1
L 07/13/2018 - 21:58:00: [umc-core.smx] Setting nextmap to: con_blast_ob2
L 07/13/2018 - 21:58:00: [umc-randomcycle.smx] Disabling random nextmap selection.
L 07/13/2018 - 21:58:00: [umc-core.smx] umc-rockthevote.smx: Changing map to 'con_blast_ob2' in 5 seconds.
L 07/13/2018 - 21:58:00: [umc-core.smx] MAPVOTE: Players voted for map 'con_blast_ob2' from group 'Infantry Maps'
L 07/13/2018 - 21:58:00: [umc-core.smx] Vote has concluded.
L 07/13/2018 - 21:58:05: [umc-core.smx] ---------------------MAP CHANGE: con_blast_ob2---------------------
L 07/13/2018 - 21:58:05: [umc-endvote-warnings.smx] Successfully parsed and set up 11 vote warnings.
L 07/13/2018 - 21:58:05: [umc-rockthevote.smx] RTV will be made available in 60 seconds.
L 07/13/2018 - 21:59:07: [umc-rockthevote.smx] RTV is now available.
L 07/13/2018 - 21:59:27: [umc-nominate.smx] Nowaf8037 wants to nominate a map.
L 07/13/2018 - 21:59:33: [umc-nominate.smx] Grave wants to nominate a map.
L 07/13/2018 - 21:59:35: [umc-core.smx] WARNING: Map "con_urbanchaos" does not exist on the server. (Group: "Infantry Maps")
L 07/13/2018 - 21:59:35: [umc-core.smx] WARNING: Map "con_urbanchaos" does not exist on the server. (Group: "Infantry Maps")
L 07/13/2018 - 21:59:37: [umc-nominate.smx] Grave has nominated 'con_district402' from group 'Infantry Maps'
L 07/13/2018 - 21:59:45: [umc-nominate.smx] Nowaf8037 has nominated 'con_glycencity' from group 'Infantry Maps'
L 07/13/2018 - 21:59:51: [umc-rockthevote.smx] Starting RTV.
L 07/13/2018 - 21:59:51: [umc-core.smx] WARNING: Map "con_urbanchaos" does not exist on the server. (Group: "Infantry Maps")
L 07/13/2018 - 21:59:51: [umc-core.smx] VOTE MENU: (Verbose) Fetching 7 maps from group 'Commander Maps'
L 07/13/2018 - 21:59:51: [umc-core.smx] VOTE MENU: (Verbose) Finished parsing nominations for map group 'Commander Maps'
L 07/13/2018 - 21:59:51: [umc-core.smx] VOTE MENU: (Verbose) Still need to fetch 7 maps from the group.
L 07/13/2018 - 21:59:51: [umc-core.smx] VOTE MENU: (Verbose) Selected map 'emp_downfall_hce' from group 'Commander Maps' was added to the vote.
L 07/13/2018 - 21:59:51: [umc-core.smx] VOTE MENU: (Verbose) Selected map 'emp_beachfront_b2_hce' from group 'Commander Maps' was added to the vote.
L 07/13/2018 - 21:59:51: [umc-core.smx] VOTE MENU: (Verbose) Selected map 'emp_crossroads_towerless_hce' from group 'Commander Maps' was added to the vote.
L 07/13/2018 - 21:59:51: [umc-core.smx] VOTE MENU: (Verbose) No more maps in map group 'Commander Maps'
L 07/13/2018 - 21:59:51: [umc-core.smx] VOTE MENU: (Verbose) Fetching 1 maps from group 'Infantry Maps'
L 07/13/2018 - 21:59:51: [umc-core.smx] VOTE MENU: (Verbose) Number of nominations (2) exceeds allowable maps in vote for the map group 'Infantry Maps'. Limiting nominated maps to 1. (See cvar "sm_umc_nominate_strict")
L 07/13/2018 - 21:59:51: [umc-core.smx] VOTE MENU: (Verbose) Nominated map 'con_district402' from group 'Infantry Maps' was added to the vote.
L 07/13/2018 - 21:59:51: [umc-core.smx] VOTE MENU: (Verbose) Finished parsing nominations for map group 'Infantry Maps'
L 07/13/2018 - 21:59:51: [umc-core.smx] VOTE MENU: (Verbose) Fetching 0 maps from group 'Cooldown Maps'
L 07/13/2018 - 21:59:51: [umc-core.smx] VOTE MENU: (Verbose) Finished parsing nominations for map group 'Cooldown Maps'
L 07/13/2018 - 21:59:51: [umc-core.smx] Initiating Vote Type: Map
L 07/13/2018 - 21:59:51: [umc-core.smx] Adding Clients to Vote:
L 07/13/2018 - 21:59:51: [umc-core.smx] 0: Grave (2)
L 07/13/2018 - 21:59:51: [umc-core.smx] 1: Nowaf8037 (3)
L 07/13/2018 - 21:59:51: [umc-core.smx] VOTE MENU:
L 07/13/2018 - 21:59:51: [umc-core.smx] 2: con_district402 (0)
L 07/13/2018 - 21:59:51: [umc-core.smx] 3: emp_beachfront (1)
L 07/13/2018 - 21:59:51: [umc-core.smx] 4: emp_crossroads (2)
L 07/13/2018 - 21:59:51: [umc-core.smx] 5: emp_downfall (3)
L 07/13/2018 - 21:59:54: [umc-core.smx] Grave<3><[U:1:34977414]><> selected menu item 1
L 07/13/2018 - 22:00:16: [umc-core.smx] Nowaf8037<4><[U:1:309341142]><> selected menu item 1
L 07/13/2018 - 22:00:16: [umc-core.smx] Setting nextmap to: con_district402
L 07/13/2018 - 22:00:17: [umc-randomcycle.smx] Disabling random nextmap selection.
L 07/13/2018 - 22:00:17: [umc-core.smx] umc-rockthevote.smx: Changing map to 'con_district402' in 5 seconds.
L 07/13/2018 - 22:00:17: [umc-core.smx] MAPVOTE: Players voted for map 'con_district402' from group 'Infantry Maps'
L 07/13/2018 - 22:00:17: [umc-core.smx] Vote has concluded.
L 07/13/2018 - 22:00:22: [umc-core.smx] ---------------------MAP CHANGE: con_district402---------------------
L 07/13/2018 - 22:00:22: [umc-endvote-warnings.smx] Successfully parsed and set up 11 vote warnings.
L 07/13/2018 - 22:00:22: [umc-rockthevote.smx] RTV will be made available in 60 seconds.
L 07/13/2018 - 22:01:23: [umc-rockthevote.smx] RTV is now available.
L 07/13/2018 - 22:35:00: [umc-emp-mapvote.smx] Map vote will appear in 30 seconds.
L 07/13/2018 - 22:35:31: [umc-emp-mapvote.smx] Starting a map vote.
L 07/13/2018 - 22:35:31: [umc-core.smx] WARNING: Map "con_urbanchaos" does not exist on the server. (Group: "Infantry Maps")
L 07/13/2018 - 22:35:31: [umc-core.smx] VOTE MENU: (Verbose) Fetching 7 maps from group 'Commander Maps'
L 07/13/2018 - 22:35:31: [umc-core.smx] VOTE MENU: (Verbose) Finished parsing nominations for map group 'Commander Maps'
L 07/13/2018 - 22:35:31: [umc-core.smx] VOTE MENU: (Verbose) Still need to fetch 7 maps from the group.
L 07/13/2018 - 22:35:31: [umc-core.smx] VOTE MENU: (Verbose) Selected map 'emp_crossroads_towerless_hce' from group 'Commander Maps' was added to the vote.
L 07/13/2018 - 22:35:31: [umc-core.smx] VOTE MENU: (Verbose) Selected map 'emp_beachfront_b2_hce' from group 'Commander Maps' was added to the vote.
L 07/13/2018 - 22:35:31: [umc-core.smx] VOTE MENU: (Verbose) Selected map 'emp_downfall_hce' from group 'Commander Maps' was added to the vote.
L 07/13/2018 - 22:35:31: [umc-core.smx] VOTE MENU: (Verbose) No more maps in map group 'Commander Maps'
L 07/13/2018 - 22:35:31: [umc-core.smx] VOTE MENU: (Verbose) Fetching 1 maps from group 'Infantry Maps'
L 07/13/2018 - 22:35:31: [umc-core.smx] VOTE MENU: (Verbose) Finished parsing nominations for map group 'Infantry Maps'
L 07/13/2018 - 22:35:31: [umc-core.smx] VOTE MENU: (Verbose) Still need to fetch 1 maps from the group.
L 07/13/2018 - 22:35:31: [umc-core.smx] VOTE MENU: (Verbose) Selected map 'emp_nuclear_b8u_xfix' from group 'Infantry Maps' was added to the vote.
L 07/13/2018 - 22:35:31: [umc-core.smx] VOTE MENU: (Verbose) Fetching 0 maps from group 'Cooldown Maps'
L 07/13/2018 - 22:35:31: [umc-core.smx] VOTE MENU: (Verbose) Finished parsing nominations for map group 'Cooldown Maps'
L 07/13/2018 - 22:35:31: [umc-core.smx] Initiating Vote Type: Map
L 07/13/2018 - 22:35:31: [umc-core.smx] Adding Clients to Vote:
L 07/13/2018 - 22:35:31: [umc-core.smx] 0: Grave (2)
L 07/13/2018 - 22:35:31: [umc-core.smx] 1: Nowaf8037 (3)
L 07/13/2018 - 22:35:31: [umc-core.smx] 2: object™ (4)
L 07/13/2018 - 22:35:31: [umc-core.smx] 3: Wilko (5)
L 07/13/2018 - 22:35:31: [umc-core.smx] 4: Kaene (6)
L 07/13/2018 - 22:35:31: [umc-core.smx] 5: Spyer (7)
L 07/13/2018 - 22:35:31: [umc-core.smx] 6: !sutelc (8)
L 07/13/2018 - 22:35:31: [umc-core.smx] 7: kinkedyapper52 (9)
L 07/13/2018 - 22:35:31: [umc-core.smx] 8: TheDeadhead (10)
L 07/13/2018 - 22:35:31: [umc-core.smx] VOTE MENU:
L 07/13/2018 - 22:35:31: [umc-core.smx] 2: emp_downfall (0)
L 07/13/2018 - 22:35:31: [umc-core.smx] 3: as_nuclear (1)
L 07/13/2018 - 22:35:31: [umc-core.smx] 4: emp_crossroads (2)
L 07/13/2018 - 22:35:31: [umc-core.smx] 5: emp_beachfront (3)
L 07/13/2018 - 22:35:33: [umc-core.smx] Grave<3><[U:1:34977414]><> selected menu item 2
L 07/13/2018 - 22:35:34: [umc-core.smx] Spyer<20><[U:1:34143605]><> selected menu item 2
L 07/13/2018 - 22:35:37: [umc-core.smx] kinkedyapper52<21><[U:1:198909250]><> selected menu item 3
L 07/13/2018 - 22:35:47: [umc-core.smx] TheDeadhead<22><[U:1:43679765]><> selected menu item 2
L 07/13/2018 - 22:36:01: [umc-core.smx] Setting nextmap to: emp_nuclear_b8u_xfix
L 07/13/2018 - 22:36:01: [umc-randomcycle.smx] Disabling random nextmap selection.
L 07/13/2018 - 22:36:01: [umc-core.smx] umc-emp-mapvote.smx: Changing map to 'emp_nuclear_b8u_xfix' in 5 seconds.
L 07/13/2018 - 22:36:01: [umc-core.smx] MAPVOTE: Players voted for map 'emp_nuclear_b8u_xfix' from group 'Infantry Maps'
L 07/13/2018 - 22:36:01: [umc-core.smx] Vote has concluded.
L 07/13/2018 - 22:36:07: [umc-core.smx] ---------------------MAP CHANGE: emp_nuclear_b8u_xfix---------------------
L 07/13/2018 - 22:36:07: [umc-endvote-warnings.smx] Successfully parsed and set up 11 vote warnings.
L 07/13/2018 - 22:36:07: [umc-rockthevote.smx] RTV will be made available in 60 seconds.
L 07/13/2018 - 22:37:08: [umc-rockthevote.smx] RTV is now available.
L 07/13/2018 - 23:13:42: [umc-emp-mapvote.smx] Map vote will appear in 30 seconds.
L 07/13/2018 - 23:14:13: [umc-emp-mapvote.smx] Starting a map vote.
L 07/13/2018 - 23:14:13: [umc-core.smx] WARNING: Map "con_urbanchaos" does not exist on the server. (Group: "Infantry Maps")
L 07/13/2018 - 23:14:13: [umc-core.smx] VOTE MENU: (Verbose) Fetching 7 maps from group 'Commander Maps'
L 07/13/2018 - 23:14:13: [umc-core.smx] VOTE MENU: (Verbose) Finished parsing nominations for map group 'Commander Maps'
L 07/13/2018 - 23:14:13: [umc-core.smx] VOTE MENU: (Verbose) Still need to fetch 7 maps from the group.
L 07/13/2018 - 23:14:13: [umc-core.smx] VOTE MENU: (Verbose) Selected map 'emp_crossroads_towerless_hce' from group 'Commander Maps' was added to the vote.
L 07/13/2018 - 23:14:13: [umc-core.smx] VOTE MENU: (Verbose) Selected map 'emp_downfall_hce' from group 'Commander Maps' was added to the vote.
L 07/13/2018 - 23:14:13: [umc-core.smx] VOTE MENU: (Verbose) Selected map 'emp_beachfront_b2_hce' from group 'Commander Maps' was added to the vote.
L 07/13/2018 - 23:14:13: [umc-core.smx] VOTE MENU: (Verbose) No more maps in map group 'Commander Maps'
L 07/13/2018 - 23:14:13: [umc-core.smx] VOTE MENU: (Verbose) Fetching 1 maps from group 'Infantry Maps'
L 07/13/2018 - 23:14:13: [umc-core.smx] VOTE MENU: (Verbose) Finished parsing nominations for map group 'Infantry Maps'
L 07/13/2018 - 23:14:13: [umc-core.smx] VOTE MENU: (Verbose) Still need to fetch 1 maps from the group.
L 07/13/2018 - 23:14:13: [umc-core.smx] VOTE MENU: (Verbose) Selected map 'emp_vehicletraining_2013' from group 'Infantry Maps' was added to the vote.
L 07/13/2018 - 23:14:13: [umc-core.smx] VOTE MENU: (Verbose) Fetching 0 maps from group 'Cooldown Maps'
L 07/13/2018 - 23:14:13: [umc-core.smx] VOTE MENU: (Verbose) Finished parsing nominations for map group 'Cooldown Maps'
L 07/13/2018 - 23:14:13: [umc-core.smx] Initiating Vote Type: Map
L 07/13/2018 - 23:14:13: [umc-core.smx] Adding Clients to Vote:
L 07/13/2018 - 23:14:13: [umc-core.smx] 0: Grave (2)
L 07/13/2018 - 23:14:13: [umc-core.smx] 1: Nowaf8037 (3)
L 07/13/2018 - 23:14:13: [umc-core.smx] 2: Oktay (4)
L 07/13/2018 - 23:14:13: [umc-core.smx] 3: Wilko (5)
L 07/13/2018 - 23:14:13: [umc-core.smx] 4: Spyer (7)
L 07/13/2018 - 23:14:13: [umc-core.smx] 5: !sutelc (8)
L 07/13/2018 - 23:14:13: [umc-core.smx] VOTE MENU:
L 07/13/2018 - 23:14:13: [umc-core.smx] 2: emp_crossroads (0)
L 07/13/2018 - 23:14:13: [umc-core.smx] 3: emp_downfall (1)
L 07/13/2018 - 23:14:13: [umc-core.smx] 4: con_vehicletraining (2)
L 07/13/2018 - 23:14:13: [umc-core.smx] 5: emp_beachfront (3)
L 07/13/2018 - 23:14:43: [umc-emp-mapvote.smx] WARNING: Map Voting failure. Initiating random map fail-safe.
L 07/13/2018 - 23:14:43: [umc-core.smx] WARNING: Map "con_urbanchaos" does not exist on the server. (Group: "Infantry Maps")
L 07/13/2018 - 23:14:43: [umc-core.smx] Setting nextmap to: emp_vehicletraining_2013
L 07/13/2018 - 23:14:43: [umc-randomcycle.smx] Disabling random nextmap selection.
L 07/13/2018 - 23:14:43: [umc-core.smx] umc-emp-mapvote.smx: Changing map to 'emp_vehicletraining_2013' in 5 seconds.
L 07/13/2018 - 23:14:43: [umc-core.smx] Vote has concluded.
L 07/13/2018 - 23:14:49: [umc-core.smx] ---------------------MAP CHANGE: emp_vehicletraining_2013---------------------
L 07/13/2018 - 23:14:49: [umc-endvote-warnings.smx] Successfully parsed and set up 11 vote warnings.
L 07/13/2018 - 23:14:49: [umc-rockthevote.smx] RTV will be made available in 60 seconds.
L 07/13/2018 - 23:15:50: [umc-rockthevote.smx] RTV is now available.
L 07/13/2018 - 23:35:08: [umc-emp-mapvote.smx] Map vote will appear in 30 seconds.
L 07/13/2018 - 23:35:30: [umc-nominate.smx] Grave wants to nominate a map.
L 07/13/2018 - 23:35:38: [umc-emp-mapvote.smx] Starting a map vote.
L 07/13/2018 - 23:35:38: [umc-core.smx] WARNING: Map "con_urbanchaos" does not exist on the server. (Group: "Infantry Maps")
L 07/13/2018 - 23:35:38: [umc-core.smx] VOTE MENU: (Verbose) Fetching 7 maps from group 'Commander Maps'
L 07/13/2018 - 23:35:38: [umc-core.smx] VOTE MENU: (Verbose) Finished parsing nominations for map group 'Commander Maps'
L 07/13/2018 - 23:35:38: [umc-core.smx] VOTE MENU: (Verbose) Still need to fetch 7 maps from the group.
L 07/13/2018 - 23:35:38: [umc-core.smx] VOTE MENU: (Verbose) Selected map 'emp_downfall_hce' from group 'Commander Maps' was added to the vote.
L 07/13/2018 - 23:35:38: [umc-core.smx] VOTE MENU: (Verbose) Selected map 'emp_beachfront_b2_hce' from group 'Commander Maps' was added to the vote.
L 07/13/2018 - 23:35:38: [umc-core.smx] VOTE MENU: (Verbose) Selected map 'emp_crossroads_towerless_hce' from group 'Commander Maps' was added to the vote.
L 07/13/2018 - 23:35:38: [umc-core.smx] VOTE MENU: (Verbose) Selected map 'emp_drygulch_a7' from group 'Commander Maps' was added to the vote.
L 07/13/2018 - 23:35:38: [umc-core.smx] VOTE MENU: (Verbose) No more maps in map group 'Commander Maps'
L 07/13/2018 - 23:35:38: [umc-core.smx] VOTE MENU: (Verbose) Fetching 1 maps from group 'Infantry Maps'
L 07/13/2018 - 23:35:38: [umc-core.smx] VOTE MENU: (Verbose) Finished parsing nominations for map group 'Infantry Maps'
L 07/13/2018 - 23:35:38: [umc-core.smx] VOTE MENU: (Verbose) Still need to fetch 1 maps from the group.
L 07/13/2018 - 23:35:38: [umc-core.smx] VOTE MENU: (Verbose) Selected map 'con_glycencity' from group 'Infantry Maps' was added to the vote.
L 07/13/2018 - 23:35:38: [umc-core.smx] VOTE MENU: (Verbose) Fetching 0 maps from group 'Cooldown Maps'
L 07/13/2018 - 23:35:38: [umc-core.smx] VOTE MENU: (Verbose) Finished parsing nominations for map group 'Cooldown Maps'
L 07/13/2018 - 23:35:38: [umc-core.smx] Initiating Vote Type: Map
L 07/13/2018 - 23:35:38: [umc-core.smx] Adding Clients to Vote:
L 07/13/2018 - 23:35:38: [umc-core.smx] 0: Grave (2)
L 07/13/2018 - 23:35:38: [umc-core.smx] 1: Nowaf8037 (3)
L 07/13/2018 - 23:35:38: [umc-core.smx] 2: Oktay (4)
L 07/13/2018 - 23:35:38: [umc-core.smx] 3: Wilko (5)
L 07/13/2018 - 23:35:38: [umc-core.smx] 4: V1RU58E9 (6)
L 07/13/2018 - 23:35:38: [umc-core.smx] 5: Spyer (7)
L 07/13/2018 - 23:35:38: [umc-core.smx] 6: BIGD craig.gates (8)
L 07/13/2018 - 23:35:38: [umc-core.smx] 7: Steve_[UK] (9)
L 07/13/2018 - 23:35:38: [umc-core.smx] 8: runequester (10)
L 07/13/2018 - 23:35:38: [umc-core.smx] VOTE MENU:
L 07/13/2018 - 23:35:38: [umc-core.smx] 2: emp_downfall (0)
L 07/13/2018 - 23:35:38: [umc-core.smx] 3: emp_crossroads (1)
L 07/13/2018 - 23:35:38: [umc-core.smx] 4: emp_beachfront (2)
L 07/13/2018 - 23:35:38: [umc-core.smx] 5: emp_drygulch (3)
L 07/13/2018 - 23:35:38: [umc-core.smx] 6: con_glycencity (4)
L 07/13/2018 - 23:35:41: [umc-core.smx] Spyer<20><[U:1:34143605]><> selected menu item 1
L 07/13/2018 - 23:35:45: [umc-core.smx] V1RU58E9<27><[U:1:247428675]><> selected menu item 5
L 07/13/2018 - 23:35:50: [umc-core.smx] Grave<3><[U:1:34977414]><> selected menu item 5
L 07/13/2018 - 23:35:53: [umc-core.smx] runequester<25><[U:1:115413555]><> selected menu item 1
L 07/13/2018 - 23:36:08: [umc-core.smx] RUNOFF MENU: (Verbose) Building runoff vote menu.
L 07/13/2018 - 23:36:08: [umc-core.smx] RUNOFF MENU: (Verbose) Stopped removing options from the vote. Maximum possible winning vote percentage is 50%
L 07/13/2018 - 23:36:08: [umc-core.smx] Vote has concluded.
L 07/13/2018 - 23:36:16: [umc-core.smx] RUNOFF: Starting runoff vote.
L 07/13/2018 - 23:36:16: [umc-core.smx] Initiating Vote Type: Map
L 07/13/2018 - 23:36:16: [umc-core.smx] Adding Clients to Vote:
L 07/13/2018 - 23:36:16: [umc-core.smx] 0: Grave (2)
L 07/13/2018 - 23:36:16: [umc-core.smx] 1: Nowaf8037 (3)
L 07/13/2018 - 23:36:16: [umc-core.smx] 2: Oktay (4)
L 07/13/2018 - 23:36:16: [umc-core.smx] 3: Wilko (5)
L 07/13/2018 - 23:36:16: [umc-core.smx] 4: V1RU58E9 (6)
L 07/13/2018 - 23:36:16: [umc-core.smx] 5: Spyer (7)
L 07/13/2018 - 23:36:16: [umc-core.smx] 6: BIGD craig.gates (8)
L 07/13/2018 - 23:36:16: [umc-core.smx] 7: Steve_[UK] (9)
L 07/13/2018 - 23:36:16: [umc-core.smx] 8: runequester (10)
L 07/13/2018 - 23:36:16: [umc-core.smx] VOTE MENU:
L 07/13/2018 - 23:36:16: [umc-core.smx] 2: emp_downfall (0)
L 07/13/2018 - 23:36:16: [umc-core.smx] 3: con_glycencity (4)
L 07/13/2018 - 23:36:18: [umc-core.smx] V1RU58E9<27><[U:1:247428675]><> selected menu item 2
L 07/13/2018 - 23:36:19: [umc-core.smx] Spyer<20><[U:1:34143605]><> selected menu item 2
L 07/13/2018 - 23:36:23: [umc-core.smx] Grave<3><[U:1:34977414]><> selected menu item 1
L 07/13/2018 - 23:36:33: [umc-core.smx] runequester<25><[U:1:115413555]><> selected menu item 1
L 07/13/2018 - 23:36:40: [umc-core.smx] Grave<3><[U:1:34977414]><> selected menu item 1
L 07/13/2018 - 23:36:42: [umc-core.smx] Steve_[UK]<29><[U:1:7600510]><> selected menu item 1
L 07/13/2018 - 23:36:44: [umc-core.smx] Grave<3><[U:1:34977414]><> selected menu item 2
L 07/13/2018 - 23:36:47: [umc-core.smx] Grave<3><[U:1:34977414]><> selected menu item 1
L 07/13/2018 - 23:36:47: [umc-core.smx] Setting nextmap to: emp_downfall_hce
L 07/13/2018 - 23:36:47: [umc-randomcycle.smx] Disabling random nextmap selection.
L 07/13/2018 - 23:36:47: [umc-core.smx] umc-emp-mapvote.smx: Changing map to 'emp_downfall_hce' in 5 seconds.
L 07/13/2018 - 23:36:47: [umc-core.smx] MAPVOTE: Players voted for map 'emp_downfall_hce' from group 'Commander Maps'
L 07/13/2018 - 23:36:47: [umc-core.smx] Vote has concluded.
L 07/13/2018 - 23:36:52: [umc-core.smx] ---------------------MAP CHANGE: emp_downfall_hce---------------------
L 07/13/2018 - 23:36:52: [umc-endvote-warnings.smx] Successfully parsed and set up 11 vote warnings.
L 07/13/2018 - 23:36:52: [umc-rockthevote.smx] RTV will be made available in 60 seconds.
L 07/13/2018 - 23:37:53: [umc-rockthevote.smx] RTV is now available.
L 07/13/2018 - 23:38:14: [umc-nominate.smx] V1RU58E9 wants to nominate a map.
L 07/13/2018 - 23:38:16: [umc-core.smx] WARNING: Map "con_urbanchaos" does not exist on the server. (Group: "Infantry Maps")
L 07/13/2018 - 23:38:19: [umc-nominate.smx] V1RU58E9 has nominated 'con_glycencity' from group 'Infantry Maps'
L 07/13/2018 - 23:38:30: [umc-nominate.smx] Spyer wants to nominate a map.
L 07/13/2018 - 23:38:31: [umc-core.smx] WARNING: Map "con_urbanchaos" does not exist on the server. (Group: "Infantry Maps")
L 07/13/2018 - 23:38:34: [umc-nominate.smx] Spyer has nominated 'emp_havoc_b1_fix' from group 'Infantry Maps'
L 07/13/2018 - 23:40:25: [umc-rockthevote.smx] Starting RTV.
L 07/13/2018 - 23:40:25: [umc-core.smx] WARNING: Map "con_urbanchaos" does not exist on the server. (Group: "Infantry Maps")
L 07/13/2018 - 23:40:25: [umc-core.smx] VOTE MENU: (Verbose) Fetching 7 maps from group 'Commander Maps'
L 07/13/2018 - 23:40:25: [umc-core.smx] VOTE MENU: (Verbose) Finished parsing nominations for map group 'Commander Maps'
L 07/13/2018 - 23:40:25: [umc-core.smx] VOTE MENU: (Verbose) Still need to fetch 7 maps from the group.
L 07/13/2018 - 23:40:25: [umc-core.smx] VOTE MENU: (Verbose) Selected map 'emp_crossroads_towerless_hce' from group 'Commander Maps' was added to the vote.
L 07/13/2018 - 23:40:25: [umc-core.smx] VOTE MENU: (Verbose) Selected map 'emp_drygulch_a7' from group 'Commander Maps' was added to the vote.
L 07/13/2018 - 23:40:25: [umc-core.smx] VOTE MENU: (Verbose) Selected map 'emp_beachfront_b2_hce' from group 'Commander Maps' was added to the vote.
L 07/13/2018 - 23:40:25: [umc-core.smx] VOTE MENU: (Verbose) No more maps in map group 'Commander Maps'
L 07/13/2018 - 23:40:25: [umc-core.smx] VOTE MENU: (Verbose) Fetching 1 maps from group 'Infantry Maps'
L 07/13/2018 - 23:40:25: [umc-core.smx] VOTE MENU: (Verbose) Number of nominations (2) exceeds allowable maps in vote for the map group 'Infantry Maps'. Limiting nominated maps to 1. (See cvar "sm_umc_nominate_strict")
L 07/13/2018 - 23:40:25: [umc-core.smx] VOTE MENU: (Verbose) Nominated map 'con_glycencity' from group 'Infantry Maps' was added to the vote.
L 07/13/2018 - 23:40:25: [umc-core.smx] VOTE MENU: (Verbose) Finished parsing nominations for map group 'Infantry Maps'
L 07/13/2018 - 23:40:25: [umc-core.smx] VOTE MENU: (Verbose) Fetching 0 maps from group 'Cooldown Maps'
L 07/13/2018 - 23:40:25: [umc-core.smx] VOTE MENU: (Verbose) Finished parsing nominations for map group 'Cooldown Maps'
L 07/13/2018 - 23:40:25: [umc-core.smx] Initiating Vote Type: Map
L 07/13/2018 - 23:40:25: [umc-core.smx] Adding Clients to Vote:
L 07/13/2018 - 23:40:25: [umc-core.smx] 0: Grave (2)
L 07/13/2018 - 23:40:25: [umc-core.smx] 1: Nowaf8037 (3)
L 07/13/2018 - 23:40:25: [umc-core.smx] 2: Oktay (4)
L 07/13/2018 - 23:40:25: [umc-core.smx] 3: Wilko (5)
L 07/13/2018 - 23:40:25: [umc-core.smx] 4: V1RU58E9 (6)
L 07/13/2018 - 23:40:25: [umc-core.smx] 5: Spyer (7)
L 07/13/2018 - 23:40:25: [umc-core.smx] 6: BIGD craig.gates (8)
L 07/13/2018 - 23:40:25: [umc-core.smx] 7: runequester (10)
L 07/13/2018 - 23:40:25: [umc-core.smx] VOTE MENU:
L 07/13/2018 - 23:40:25: [umc-core.smx] 2: emp_drygulch (0)
L 07/13/2018 - 23:40:25: [umc-core.smx] 3: con_glycencity (1)
L 07/13/2018 - 23:40:25: [umc-core.smx] 4: emp_beachfront (2)
L 07/13/2018 - 23:40:25: [umc-core.smx] 5: emp_crossroads (3)
L 07/13/2018 - 23:40:28: [umc-core.smx] V1RU58E9<27><[U:1:247428675]><> selected menu item 2
L 07/13/2018 - 23:40:30: [umc-core.smx] Spyer<20><[U:1:34143605]><> selected menu item 2
L 07/13/2018 - 23:40:30: [umc-core.smx] Grave<3><[U:1:34977414]><> selected menu item 1
L 07/13/2018 - 23:40:41: [umc-core.smx] Nowaf8037<4><[U:1:309341142]><> selected menu item 2
L 07/13/2018 - 23:41:26: [umc-core.smx] Setting nextmap to: con_glycencity
L 07/13/2018 - 23:41:26: [umc-randomcycle.smx] Disabling random nextmap selection.
L 07/13/2018 - 23:41:26: [umc-core.smx] umc-rockthevote.smx: Changing map to 'con_glycencity' in 5 seconds.
L 07/13/2018 - 23:41:26: [umc-core.smx] MAPVOTE: Players voted for map 'con_glycencity' from group 'Infantry Maps'
L 07/13/2018 - 23:41:26: [umc-core.smx] Vote has concluded.
L 07/13/2018 - 23:41:33: [umc-core.smx] ---------------------MAP CHANGE: con_glycencity---------------------
L 07/13/2018 - 23:41:33: [umc-endvote-warnings.smx] Successfully parsed and set up 11 vote warnings.
L 07/13/2018 - 23:41:33: [umc-rockthevote.smx] RTV will be made available in 60 seconds.
L 07/13/2018 - 23:42:34: [umc-rockthevote.smx] RTV is now available.
