L 08/06/2018 - 00:47:16: [umc-nominate.smx] LT wants to nominate a map.
L 08/06/2018 - 00:47:16: [umc-core.smx] WARNING: Map "con_urbanchaos" does not exist on the server. (Group: "Infantry Maps")
L 08/06/2018 - 00:47:18: [umc-nominate.smx] LT has nominated 'fun_ricochet_a4' from group 'Cooldown Maps'
L 08/06/2018 - 00:50:15: [umc-emp-mapvote.smx] Map vote will appear in 30 seconds.
L 08/06/2018 - 00:50:45: [umc-emp-mapvote.smx] Starting a map vote.
L 08/06/2018 - 00:50:45: [umc-core.smx] WARNING: Map "con_urbanchaos" does not exist on the server. (Group: "Infantry Maps")
L 08/06/2018 - 00:50:45: [umc-core.smx] VOTE MENU: (Verbose) Fetching 7 maps from group 'Commander Maps'
L 08/06/2018 - 00:50:45: [umc-core.smx] VOTE MENU: (Verbose) Finished parsing nominations for map group 'Commander Maps'
L 08/06/2018 - 00:50:45: [umc-core.smx] VOTE MENU: (Verbose) Still need to fetch 7 maps from the group.
L 08/06/2018 - 00:50:45: [umc-core.smx] VOTE MENU: (Verbose) Selected map 'emp_ward_rc2' from group 'Commander Maps' was added to the vote.
L 08/06/2018 - 00:50:45: [umc-core.smx] VOTE MENU: (Verbose) Selected map 'emp_duststorm_fix2' from group 'Commander Maps' was added to the vote.
L 08/06/2018 - 00:50:45: [umc-core.smx] VOTE MENU: (Verbose) Selected map 'emp_homeland_b9_hce' from group 'Commander Maps' was added to the vote.
L 08/06/2018 - 00:50:45: [umc-core.smx] VOTE MENU: (Verbose) Selected map 'emp_snowstorm_rc6' from group 'Commander Maps' was added to the vote.
L 08/06/2018 - 00:50:45: [umc-core.smx] VOTE MENU: (Verbose) Selected map 'emp_smokies_rc2_hce' from group 'Commander Maps' was added to the vote.
L 08/06/2018 - 00:50:45: [umc-core.smx] VOTE MENU: (Verbose) Selected map 'emp_hazard_rc6' from group 'Commander Maps' was added to the vote.
L 08/06/2018 - 00:50:45: [umc-core.smx] VOTE MENU: (Verbose) Selected map 'emp_dune_ob1' from group 'Commander Maps' was added to the vote.
L 08/06/2018 - 00:50:45: [umc-core.smx] VOTE MENU: (Verbose) Fetching 1 maps from group 'Infantry Maps'
L 08/06/2018 - 00:50:45: [umc-core.smx] VOTE MENU: (Verbose) Finished parsing nominations for map group 'Infantry Maps'
L 08/06/2018 - 00:50:45: [umc-core.smx] VOTE MENU: (Verbose) Still need to fetch 1 maps from the group.
L 08/06/2018 - 00:50:45: [umc-core.smx] VOTE MENU: (Verbose) No more maps in map group 'Infantry Maps'
L 08/06/2018 - 00:50:45: [umc-core.smx] VOTE MENU: (Verbose) Fetching 0 maps from group 'Cooldown Maps'
L 08/06/2018 - 00:50:45: [umc-core.smx] VOTE MENU: (Verbose) Number of nominations (1) exceeds allowable maps in vote for the map group 'Cooldown Maps'. Limiting nominated maps to 0. (See cvar "sm_umc_nominate_strict")
L 08/06/2018 - 00:50:45: [umc-core.smx] VOTE MENU: (Verbose) Finished parsing nominations for map group 'Cooldown Maps'
L 08/06/2018 - 00:50:45: [umc-core.smx] Initiating Vote Type: Map
L 08/06/2018 - 00:50:45: [umc-core.smx] Adding Clients to Vote:
L 08/06/2018 - 00:50:45: [umc-core.smx] 0: Solace (2)
L 08/06/2018 - 00:50:45: [umc-core.smx] 1: Brentor (3)
L 08/06/2018 - 00:50:45: [umc-core.smx] 2: Wilko (4)
L 08/06/2018 - 00:50:45: [umc-core.smx] 3: Mr. X. (5)
L 08/06/2018 - 00:50:45: [umc-core.smx] 4: Spyer (6)
L 08/06/2018 - 00:50:45: [umc-core.smx] 5: Ekstergans (7)
L 08/06/2018 - 00:50:45: [umc-core.smx] 6: ScardyBob (8)
L 08/06/2018 - 00:50:45: [umc-core.smx] 7: PYA (9)
L 08/06/2018 - 00:50:45: [umc-core.smx] 8: Uninspired (10)
L 08/06/2018 - 00:50:45: [umc-core.smx] 9: Steve_[UK] (11)
L 08/06/2018 - 00:50:45: [umc-core.smx] 10: Lost Confidence Command (12)
L 08/06/2018 - 00:50:45: [umc-core.smx] 11: Candles (13)
L 08/06/2018 - 00:50:45: [umc-core.smx] 12: xsEgo (14)
L 08/06/2018 - 00:50:45: [umc-core.smx] 13: object™ (15)
L 08/06/2018 - 00:50:45: [umc-core.smx] 14: Justkidding (FutureFunk) (16)
L 08/06/2018 - 00:50:45: [umc-core.smx] 15: [BϟP] VulcanStorm (17)
L 08/06/2018 - 00:50:45: [umc-core.smx] 16: TacticalMoonDiaper (18)
L 08/06/2018 - 00:50:45: [umc-core.smx] 17: POOTISMAN (19)
L 08/06/2018 - 00:50:45: [umc-core.smx] 18: Grave (21)
L 08/06/2018 - 00:50:45: [umc-core.smx] 19: .|Ϟ|. C*tface (No Sound) (22)
L 08/06/2018 - 00:50:45: [umc-core.smx] 20: -W3E- aaacowsad (23)
L 08/06/2018 - 00:50:45: [umc-core.smx] 21: Rightwing Extremist (24)
L 08/06/2018 - 00:50:45: [umc-core.smx] 22: [SpA]Green (25)
L 08/06/2018 - 00:50:45: [umc-core.smx] 23: Mikleo (26)
L 08/06/2018 - 00:50:45: [umc-core.smx] 24: Dragolich (27)
L 08/06/2018 - 00:50:45: [umc-core.smx] 25: LT (28)
L 08/06/2018 - 00:50:45: [umc-core.smx] 26: 0mnishambles (30)
L 08/06/2018 - 00:50:45: [umc-core.smx] 27: волчара (33)
L 08/06/2018 - 00:50:45: [umc-core.smx] 28: Zetta (39)
L 08/06/2018 - 00:50:45: [umc-core.smx] VOTE MENU:
L 08/06/2018 - 00:50:45: [umc-core.smx] 2: emp_ward (0)
L 08/06/2018 - 00:50:45: [umc-core.smx] 3: emp_snowstorm (1)
L 08/06/2018 - 00:50:45: [umc-core.smx] 4: emp_dune (2)
L 08/06/2018 - 00:50:45: [umc-core.smx] 5: emp_smokies (3)
L 08/06/2018 - 00:50:45: [umc-core.smx] 6: emp_hazard (4)
L 08/06/2018 - 00:50:45: [umc-core.smx] 7: emp_homeland (5)
L 08/06/2018 - 00:50:45: [umc-core.smx] 8: emp_duststorm (6)
L 08/06/2018 - 00:50:47: [umc-core.smx] POOTISMAN<208><[U:1:26527408]><> selected menu item 1
L 08/06/2018 - 00:50:49: [umc-core.smx] .|Ϟ|. C*tface (No Sound)<210><[U:1:41745247]><> selected menu item 1
L 08/06/2018 - 00:50:50: [umc-core.smx] [BϟP] VulcanStorm<165><[U:1:103978153]><> selected menu item 1
L 08/06/2018 - 00:50:52: [umc-core.smx] Candles<229><[U:1:34985984]><> selected menu item 6
L 08/06/2018 - 00:50:52: [umc-core.smx] Wilko<146><[U:1:1704795]><> selected menu item 6
L 08/06/2018 - 00:50:52: [umc-core.smx] xsEgo<206><[U:1:72025437]><> selected menu item 6
L 08/06/2018 - 00:50:54: [umc-core.smx] ScardyBob<218><[U:1:21571057]><> selected menu item 6
L 08/06/2018 - 00:50:55: [umc-core.smx] PYA<228><[U:1:35045005]><> selected menu item 6
L 08/06/2018 - 00:50:55: [umc-core.smx] object™<166><[U:1:1221009]><> selected menu item 2
L 08/06/2018 - 00:50:57: [umc-core.smx] .|Ϟ|. C*tface (No Sound)<210><[U:1:41745247]><> selected menu item 6
L 08/06/2018 - 00:50:57: [umc-core.smx] волчара<200><[U:1:887814455]><> selected menu item 1
L 08/06/2018 - 00:50:59: [umc-core.smx] 0mnishambles<227><[U:1:34363130]><> selected menu item 2
L 08/06/2018 - 00:51:00: [umc-core.smx] Mr. X.<190><[U:1:27106968]><> selected menu item 6
L 08/06/2018 - 00:51:04: [umc-core.smx] Dragolich<225><[U:1:66760780]><> selected menu item 4
L 08/06/2018 - 00:51:05: [umc-core.smx] 0mnishambles<227><[U:1:34363130]><> selected menu item 6
L 08/06/2018 - 00:51:12: [umc-core.smx] Uninspired<224><[U:1:29103880]><> selected menu item 1
L 08/06/2018 - 00:51:16: [umc-core.smx] Setting nextmap to: emp_homeland_b9_hce
L 08/06/2018 - 00:51:16: [umc-randomcycle.smx] Disabling random nextmap selection.
L 08/06/2018 - 00:51:16: [umc-core.smx] umc-emp-mapvote.smx: Changing map to 'emp_homeland_b9_hce' in 5 seconds.
L 08/06/2018 - 00:51:16: [umc-core.smx] MAPVOTE: Players voted for map 'emp_homeland_b9_hce' from group 'Commander Maps'
L 08/06/2018 - 00:51:16: [umc-core.smx] Vote has concluded.
L 08/06/2018 - 00:51:22: [umc-core.smx] ---------------------MAP CHANGE: emp_homeland_b9_hce---------------------
L 08/06/2018 - 00:51:22: [umc-endvote-warnings.smx] Successfully parsed and set up 11 vote warnings.
L 08/06/2018 - 00:51:22: [umc-rockthevote.smx] RTV will be made available in 60 seconds.
L 08/06/2018 - 00:52:23: [umc-rockthevote.smx] RTV is now available.
L 08/06/2018 - 00:56:58: [umc-nominate.smx] V1RU58E9 wants to nominate a map.
L 08/06/2018 - 00:57:00: [umc-nominate.smx] Dragolich wants to nominate a map.
L 08/06/2018 - 00:57:07: [umc-core.smx] WARNING: Map "con_urbanchaos" does not exist on the server. (Group: "Infantry Maps")
L 08/06/2018 - 00:57:12: [umc-nominate.smx] Dragolich has nominated 'emp_fogtown_cl2_fix' from group 'Infantry Maps'
L 08/06/2018 - 00:57:13: [umc-core.smx] WARNING: Map "con_urbanchaos" does not exist on the server. (Group: "Infantry Maps")
L 08/06/2018 - 00:57:20: [umc-nominate.smx] V1RU58E9 has nominated 'fun_ricochet_a4' from group 'Cooldown Maps'
L 08/06/2018 - 00:57:27: [umc-nominate.smx] [BϟP] VulcanStorm wants to nominate a map.
L 08/06/2018 - 01:46:24: [umc-emp-mapvote.smx] Map vote will appear in 30 seconds.
L 08/06/2018 - 01:46:54: [umc-emp-mapvote.smx] Starting a map vote.
L 08/06/2018 - 01:46:54: [umc-core.smx] WARNING: Map "con_urbanchaos" does not exist on the server. (Group: "Infantry Maps")
L 08/06/2018 - 01:46:54: [umc-core.smx] VOTE MENU: (Verbose) Fetching 7 maps from group 'Commander Maps'
L 08/06/2018 - 01:46:54: [umc-core.smx] VOTE MENU: (Verbose) Finished parsing nominations for map group 'Commander Maps'
L 08/06/2018 - 01:46:54: [umc-core.smx] VOTE MENU: (Verbose) Still need to fetch 7 maps from the group.
L 08/06/2018 - 01:46:54: [umc-core.smx] VOTE MENU: (Verbose) Selected map 'emp_crossroads_towerless_hce' from group 'Commander Maps' was added to the vote.
L 08/06/2018 - 01:46:54: [umc-core.smx] VOTE MENU: (Verbose) Selected map 'emp_snowstorm_rc6' from group 'Commander Maps' was added to the vote.
L 08/06/2018 - 01:46:54: [umc-core.smx] VOTE MENU: (Verbose) Selected map 'emp_downfall_hce' from group 'Commander Maps' was added to the vote.
L 08/06/2018 - 01:46:54: [umc-core.smx] VOTE MENU: (Verbose) Selected map 'emp_massacred_rc1_hce' from group 'Commander Maps' was added to the vote.
L 08/06/2018 - 01:46:54: [umc-core.smx] VOTE MENU: (Verbose) Selected map 'emp_temple_b3f' from group 'Commander Maps' was added to the vote.
L 08/06/2018 - 01:46:54: [umc-core.smx] VOTE MENU: (Verbose) Selected map 'emp_flat_hce' from group 'Commander Maps' was added to the vote.
L 08/06/2018 - 01:46:54: [umc-core.smx] VOTE MENU: (Verbose) Selected map 'emp_blah4_hce' from group 'Commander Maps' was added to the vote.
L 08/06/2018 - 01:46:54: [umc-core.smx] VOTE MENU: (Verbose) Fetching 1 maps from group 'Infantry Maps'
L 08/06/2018 - 01:46:54: [umc-core.smx] VOTE MENU: (Verbose) Finished parsing nominations for map group 'Infantry Maps'
L 08/06/2018 - 01:46:54: [umc-core.smx] VOTE MENU: (Verbose) Still need to fetch 1 maps from the group.
L 08/06/2018 - 01:46:54: [umc-core.smx] VOTE MENU: (Verbose) Selected map 'con_blast_ob2' from group 'Infantry Maps' was added to the vote.
L 08/06/2018 - 01:46:54: [umc-core.smx] VOTE MENU: (Verbose) Fetching 0 maps from group 'Cooldown Maps'
L 08/06/2018 - 01:46:54: [umc-core.smx] VOTE MENU: (Verbose) Finished parsing nominations for map group 'Cooldown Maps'
L 08/06/2018 - 01:46:54: [umc-core.smx] Initiating Vote Type: Map
L 08/06/2018 - 01:46:54: [umc-core.smx] Adding Clients to Vote:
L 08/06/2018 - 01:46:54: [umc-core.smx] 0: -W3E- aaacowsad (2)
L 08/06/2018 - 01:46:54: [umc-core.smx] 1: Brentor (3)
L 08/06/2018 - 01:46:54: [umc-core.smx] 2: Wilko (4)
L 08/06/2018 - 01:46:54: [umc-core.smx] 3: Mr. X. (5)
L 08/06/2018 - 01:46:54: [umc-core.smx] 4: Misfire! (7)
L 08/06/2018 - 01:46:54: [umc-core.smx] 5: JustGoFly (8)
L 08/06/2018 - 01:46:54: [umc-core.smx] 6: Michael (9)
L 08/06/2018 - 01:46:54: [umc-core.smx] 7: Uninspired (10)
L 08/06/2018 - 01:46:54: [umc-core.smx] 8: Steve_[UK] (11)
L 08/06/2018 - 01:46:54: [umc-core.smx] 9: xsEgo (14)
L 08/06/2018 - 01:46:54: [umc-core.smx] 10: [BϟP] VulcanStorm (17)
L 08/06/2018 - 01:46:54: [umc-core.smx] 11: TacticalMoonDiaper (18)
L 08/06/2018 - 01:46:54: [umc-core.smx] 12: .|Ϟ|. C*tface (No Sound) (22)
L 08/06/2018 - 01:46:54: [umc-core.smx] 13: Rightwing Extremist (24)
L 08/06/2018 - 01:46:54: [umc-core.smx] 14: LT (28)
L 08/06/2018 - 01:46:54: [umc-core.smx] 15: Zetta (39)
L 08/06/2018 - 01:46:54: [umc-core.smx] VOTE MENU:
L 08/06/2018 - 01:46:54: [umc-core.smx] 2: emp_downfall (0)
L 08/06/2018 - 01:46:54: [umc-core.smx] 3: emp_temple (1)
L 08/06/2018 - 01:46:54: [umc-core.smx] 4: emp_flat (2)
L 08/06/2018 - 01:46:54: [umc-core.smx] 5: emp_crossroads (3)
L 08/06/2018 - 01:46:54: [umc-core.smx] 6: con_blast (4)
L 08/06/2018 - 01:46:54: [umc-core.smx] 7: emp_massacred (5)
L 08/06/2018 - 01:46:54: [umc-core.smx] 8: emp_snowstorm (6)
L 08/06/2018 - 01:46:54: [umc-core.smx] 9: emp_blah4 (7)
L 08/06/2018 - 01:46:56: [umc-core.smx] [BϟP] VulcanStorm<165><[U:1:103978153]><> selected menu item 6
L 08/06/2018 - 01:47:13: [umc-core.smx] Uninspired<224><[U:1:29103880]><> selected menu item 5
L 08/06/2018 - 01:47:24: [umc-core.smx] RUNOFF MENU: (Verbose) Building runoff vote menu.
L 08/06/2018 - 01:47:24: [umc-core.smx] RUNOFF MENU: (Verbose) Stopped removing options from the vote. Maximum possible winning vote percentage is 50%
L 08/06/2018 - 01:47:24: [umc-core.smx] Vote has concluded.
L 08/06/2018 - 01:47:32: [umc-core.smx] RUNOFF: Starting runoff vote.
L 08/06/2018 - 01:47:32: [umc-core.smx] Initiating Vote Type: Map
L 08/06/2018 - 01:47:32: [umc-core.smx] Adding Clients to Vote:
L 08/06/2018 - 01:47:32: [umc-core.smx] 1: Brentor (3)
L 08/06/2018 - 01:47:32: [umc-core.smx] 2: Wilko (4)
L 08/06/2018 - 01:47:32: [umc-core.smx] 4: Misfire! (7)
L 08/06/2018 - 01:47:32: [umc-core.smx] 5: JustGoFly (8)
L 08/06/2018 - 01:47:32: [umc-core.smx] 6: Michael (9)
L 08/06/2018 - 01:47:32: [umc-core.smx] 7: Uninspired (10)
L 08/06/2018 - 01:47:32: [umc-core.smx] 8: Steve_[UK] (11)
L 08/06/2018 - 01:47:32: [umc-core.smx] 9: xsEgo (14)
L 08/06/2018 - 01:47:32: [umc-core.smx] 10: [BϟP] VulcanStorm (17)
L 08/06/2018 - 01:47:32: [umc-core.smx] 11: TacticalMoonDiaper (18)
L 08/06/2018 - 01:47:32: [umc-core.smx] 12: .|Ϟ|. C*tface (No Sound) (22)
L 08/06/2018 - 01:47:32: [umc-core.smx] 14: LT (28)
L 08/06/2018 - 01:47:32: [umc-core.smx] VOTE MENU:
L 08/06/2018 - 01:47:32: [umc-core.smx] 2: con_blast (4)
L 08/06/2018 - 01:47:32: [umc-core.smx] 3: emp_massacred (5)
L 08/06/2018 - 01:47:34: [umc-core.smx] [BϟP] VulcanStorm<165><[U:1:103978153]><> selected menu item 2
L 08/06/2018 - 01:47:35: [umc-core.smx] JustGoFly<234><[U:1:44099803]><> selected menu item 2
L 08/06/2018 - 01:47:36: [umc-core.smx] xsEgo<206><[U:1:72025437]><> selected menu item 1
L 08/06/2018 - 01:47:46: [umc-core.smx] Misfire!<236><[U:1:146071390]><> selected menu item 2
L 08/06/2018 - 01:47:52: [umc-core.smx] Steve_[UK]<156><[U:1:7600510]><> selected menu item 1
L 08/06/2018 - 01:48:03: [umc-core.smx] Setting nextmap to: emp_massacred_rc1_hce
L 08/06/2018 - 01:48:03: [umc-randomcycle.smx] Disabling random nextmap selection.
L 08/06/2018 - 01:48:03: [umc-core.smx] umc-emp-mapvote.smx: Changing map to 'emp_massacred_rc1_hce' in 5 seconds.
L 08/06/2018 - 01:48:03: [umc-core.smx] MAPVOTE: Players voted for map 'emp_massacred_rc1_hce' from group 'Commander Maps'
L 08/06/2018 - 01:48:03: [umc-core.smx] Vote has concluded.
L 08/06/2018 - 01:48:08: [umc-rockthevote.smx] Starting RTV.
L 08/06/2018 - 01:48:11: [umc-core.smx] ---------------------MAP CHANGE: emp_massacred_rc1_hce---------------------
L 08/06/2018 - 01:48:11: [umc-endvote-warnings.smx] Successfully parsed and set up 11 vote warnings.
L 08/06/2018 - 01:48:11: [umc-rockthevote.smx] RTV will be made available in 60 seconds.
L 08/06/2018 - 01:49:12: [umc-rockthevote.smx] RTV is now available.
L 08/06/2018 - 03:24:03: [umc-emp-mapvote.smx] Map vote will appear in 30 seconds.
L 08/06/2018 - 03:24:18: [umc-nominate.smx] [BϟP] VulcanStorm wants to nominate a map.
L 08/06/2018 - 03:24:24: [umc-core.smx] WARNING: Map "con_urbanchaos" does not exist on the server. (Group: "Infantry Maps")
L 08/06/2018 - 03:24:28: [umc-nominate.smx] [BϟP] VulcanStorm has nominated 'con_district402' from group 'Infantry Maps'
L 08/06/2018 - 03:24:33: [umc-emp-mapvote.smx] Starting a map vote.
L 08/06/2018 - 03:24:33: [umc-core.smx] WARNING: Map "con_urbanchaos" does not exist on the server. (Group: "Infantry Maps")
L 08/06/2018 - 03:24:33: [umc-core.smx] VOTE MENU: (Verbose) Fetching 7 maps from group 'Commander Maps'
L 08/06/2018 - 03:24:33: [umc-core.smx] VOTE MENU: (Verbose) Finished parsing nominations for map group 'Commander Maps'
L 08/06/2018 - 03:24:33: [umc-core.smx] VOTE MENU: (Verbose) Still need to fetch 7 maps from the group.
L 08/06/2018 - 03:24:33: [umc-core.smx] VOTE MENU: (Verbose) Selected map 'emp_drygulch_a7' from group 'Commander Maps' was added to the vote.
L 08/06/2018 - 03:24:33: [umc-core.smx] VOTE MENU: (Verbose) Selected map 'emp_downfall_hce' from group 'Commander Maps' was added to the vote.
L 08/06/2018 - 03:24:33: [umc-core.smx] VOTE MENU: (Verbose) Selected map 'emp_crossroads_towerless_hce' from group 'Commander Maps' was added to the vote.
L 08/06/2018 - 03:24:33: [umc-core.smx] VOTE MENU: (Verbose) Selected map 'emp_beachfront_b2_hce' from group 'Commander Maps' was added to the vote.
L 08/06/2018 - 03:24:33: [umc-core.smx] VOTE MENU: (Verbose) No more maps in map group 'Commander Maps'
L 08/06/2018 - 03:24:33: [umc-core.smx] VOTE MENU: (Verbose) Fetching 1 maps from group 'Infantry Maps'
L 08/06/2018 - 03:24:33: [umc-core.smx] VOTE MENU: (Verbose) Nominated map 'con_district402' from group 'Infantry Maps' was added to the vote.
L 08/06/2018 - 03:24:33: [umc-core.smx] VOTE MENU: (Verbose) Finished parsing nominations for map group 'Infantry Maps'
L 08/06/2018 - 03:24:33: [umc-core.smx] VOTE MENU: (Verbose) Fetching 0 maps from group 'Cooldown Maps'
L 08/06/2018 - 03:24:33: [umc-core.smx] VOTE MENU: (Verbose) Finished parsing nominations for map group 'Cooldown Maps'
L 08/06/2018 - 03:24:33: [umc-core.smx] Initiating Vote Type: Map
L 08/06/2018 - 03:24:33: [umc-core.smx] Adding Clients to Vote:
L 08/06/2018 - 03:24:33: [umc-core.smx] 0: V1RU58E9 (2)
L 08/06/2018 - 03:24:33: [umc-core.smx] 1: Planario (3)
L 08/06/2018 - 03:24:33: [umc-core.smx] 2: Misfire! (7)
L 08/06/2018 - 03:24:33: [umc-core.smx] 3: JustGoFly (8)
L 08/06/2018 - 03:24:33: [umc-core.smx] 4: [BϟP] VulcanStorm (17)
L 08/06/2018 - 03:24:33: [umc-core.smx] 5: .|Ϟ|. C*tface (No Sound) (22)
L 08/06/2018 - 03:24:33: [umc-core.smx] VOTE MENU:
L 08/06/2018 - 03:24:33: [umc-core.smx] 2: emp_drygulch (0)
L 08/06/2018 - 03:24:33: [umc-core.smx] 3: con_district402 (1)
L 08/06/2018 - 03:24:33: [umc-core.smx] 4: emp_crossroads (2)
L 08/06/2018 - 03:24:33: [umc-core.smx] 5: emp_downfall (3)
L 08/06/2018 - 03:24:33: [umc-core.smx] 6: emp_beachfront (4)
L 08/06/2018 - 03:24:35: [umc-core.smx] .|Ϟ|. C*tface (No Sound)<210><[U:1:41745247]><> selected menu item 2
L 08/06/2018 - 03:24:54: [umc-core.smx] [BϟP] VulcanStorm<165><[U:1:103978153]><> selected menu item 2
L 08/06/2018 - 03:25:03: [umc-core.smx] Setting nextmap to: con_district402
L 08/06/2018 - 03:25:03: [umc-randomcycle.smx] Disabling random nextmap selection.
L 08/06/2018 - 03:25:03: [umc-core.smx] umc-emp-mapvote.smx: Changing map to 'con_district402' in 5 seconds.
L 08/06/2018 - 03:25:03: [umc-core.smx] MAPVOTE: Players voted for map 'con_district402' from group 'Infantry Maps'
L 08/06/2018 - 03:25:03: [umc-core.smx] Vote has concluded.
L 08/06/2018 - 03:25:09: [umc-core.smx] ---------------------MAP CHANGE: con_district402---------------------
L 08/06/2018 - 03:25:09: [umc-endvote-warnings.smx] Successfully parsed and set up 11 vote warnings.
L 08/06/2018 - 03:25:09: [umc-rockthevote.smx] RTV will be made available in 60 seconds.
L 08/06/2018 - 03:26:10: [umc-rockthevote.smx] RTV is now available.
L 08/06/2018 - 04:04:29: [umc-emp-mapvote.smx] Map vote will appear in 30 seconds.
L 08/06/2018 - 04:04:59: [umc-emp-mapvote.smx] Starting a map vote.
L 08/06/2018 - 04:04:59: [umc-core.smx] WARNING: Map "con_urbanchaos" does not exist on the server. (Group: "Infantry Maps")
L 08/06/2018 - 04:04:59: [umc-core.smx] VOTE MENU: (Verbose) Fetching 7 maps from group 'Commander Maps'
L 08/06/2018 - 04:04:59: [umc-core.smx] VOTE MENU: (Verbose) Finished parsing nominations for map group 'Commander Maps'
L 08/06/2018 - 04:04:59: [umc-core.smx] VOTE MENU: (Verbose) Still need to fetch 7 maps from the group.
L 08/06/2018 - 04:04:59: [umc-core.smx] VOTE MENU: (Verbose) Selected map 'emp_drygulch_a7' from group 'Commander Maps' was added to the vote.
L 08/06/2018 - 04:04:59: [umc-core.smx] VOTE MENU: (Verbose) Selected map 'emp_downfall_hce' from group 'Commander Maps' was added to the vote.
L 08/06/2018 - 04:04:59: [umc-core.smx] VOTE MENU: (Verbose) Selected map 'emp_crossroads_towerless_hce' from group 'Commander Maps' was added to the vote.
L 08/06/2018 - 04:04:59: [umc-core.smx] VOTE MENU: (Verbose) Selected map 'emp_beachfront_b2_hce' from group 'Commander Maps' was added to the vote.
L 08/06/2018 - 04:04:59: [umc-core.smx] VOTE MENU: (Verbose) No more maps in map group 'Commander Maps'
L 08/06/2018 - 04:04:59: [umc-core.smx] VOTE MENU: (Verbose) Fetching 1 maps from group 'Infantry Maps'
L 08/06/2018 - 04:04:59: [umc-core.smx] VOTE MENU: (Verbose) Finished parsing nominations for map group 'Infantry Maps'
L 08/06/2018 - 04:04:59: [umc-core.smx] VOTE MENU: (Verbose) Still need to fetch 1 maps from the group.
L 08/06/2018 - 04:04:59: [umc-core.smx] VOTE MENU: (Verbose) Selected map 'emp_shadows_attacks_fix' from group 'Infantry Maps' was added to the vote.
L 08/06/2018 - 04:04:59: [umc-core.smx] VOTE MENU: (Verbose) Fetching 0 maps from group 'Cooldown Maps'
L 08/06/2018 - 04:04:59: [umc-core.smx] VOTE MENU: (Verbose) Finished parsing nominations for map group 'Cooldown Maps'
L 08/06/2018 - 04:04:59: [umc-core.smx] Initiating Vote Type: Map
L 08/06/2018 - 04:04:59: [umc-core.smx] Adding Clients to Vote:
L 08/06/2018 - 04:04:59: [umc-core.smx] 0: V1RU58E9 (2)
L 08/06/2018 - 04:04:59: [umc-core.smx] 1: Misfire! (7)
L 08/06/2018 - 04:04:59: [umc-core.smx] 2: JustGoFly (8)
L 08/06/2018 - 04:04:59: [umc-core.smx] 3: [BϟP] VulcanStorm (17)
L 08/06/2018 - 04:04:59: [umc-core.smx] 4: .|Ϟ|. C*tface (No Sound) (22)
L 08/06/2018 - 04:04:59: [umc-core.smx] VOTE MENU:
L 08/06/2018 - 04:04:59: [umc-core.smx] 2: con_shadows_attacks (0)
L 08/06/2018 - 04:04:59: [umc-core.smx] 3: emp_downfall (1)
L 08/06/2018 - 04:04:59: [umc-core.smx] 4: emp_beachfront (2)
L 08/06/2018 - 04:04:59: [umc-core.smx] 5: emp_crossroads (3)
L 08/06/2018 - 04:04:59: [umc-core.smx] 6: emp_drygulch (4)
L 08/06/2018 - 04:05:03: [umc-core.smx] .|Ϟ|. C*tface (No Sound)<210><[U:1:41745247]><> selected menu item 2
L 08/06/2018 - 04:05:30: [umc-core.smx] Setting nextmap to: emp_downfall_hce
L 08/06/2018 - 04:05:30: [umc-randomcycle.smx] Disabling random nextmap selection.
L 08/06/2018 - 04:05:30: [umc-core.smx] umc-emp-mapvote.smx: Changing map to 'emp_downfall_hce' in 5 seconds.
L 08/06/2018 - 04:05:30: [umc-core.smx] MAPVOTE: Players voted for map 'emp_downfall_hce' from group 'Commander Maps'
L 08/06/2018 - 04:05:30: [umc-core.smx] Vote has concluded.
L 08/06/2018 - 04:05:36: [umc-core.smx] ---------------------MAP CHANGE: emp_downfall_hce---------------------
L 08/06/2018 - 04:05:36: [umc-endvote-warnings.smx] Successfully parsed and set up 11 vote warnings.
L 08/06/2018 - 04:05:36: [umc-rockthevote.smx] RTV will be made available in 60 seconds.
L 08/06/2018 - 04:06:37: [umc-rockthevote.smx] RTV is now available.
