L 01/15/2018 - 00:00:19: [umc-emp-mapvote.smx] Starting a map vote.
L 01/15/2018 - 00:00:19: [umc-core.smx] Initiating Vote Type: Map
L 01/15/2018 - 00:00:32: [umc-core.smx] Setting nextmap to: emp_shadows_attacks_fix
L 01/15/2018 - 00:00:32: [umc-randomcycle.smx] Disabling random nextmap selection.
L 01/15/2018 - 00:00:32: [umc-core.smx] umc-emp-mapvote.smx: Changing map to 'emp_shadows_attacks_fix' in 5 seconds.
L 01/15/2018 - 00:00:32: [umc-core.smx] MAPVOTE: Players voted for map 'emp_shadows_attacks_fix' from group 'Infantry Maps'
L 01/15/2018 - 00:00:39: [umc-core.smx] ---------------------MAP CHANGE: emp_shadows_attacks_fix---------------------
L 01/15/2018 - 00:00:39: [umc-endvote-warnings.smx] Successfully parsed and set up 11 vote warnings.
L 01/15/2018 - 00:00:39: [umc-rockthevote.smx] RTV will be made available in 60 seconds.
L 01/15/2018 - 00:01:40: [umc-rockthevote.smx] RTV is now available.
L 01/15/2018 - 00:17:49: [umc-emp-mapvote.smx] Map vote will appear in 30 seconds.
L 01/15/2018 - 00:18:19: [umc-emp-mapvote.smx] Starting a map vote.
L 01/15/2018 - 00:18:19: [umc-core.smx] Initiating Vote Type: Map
L 01/15/2018 - 00:18:19: [umc-core.smx] Could not start core vote, no players to display vote to!
L 01/15/2018 - 00:18:19: [umc-emp-mapvote.smx] Could not start UMC vote.
L 01/15/2018 - 00:18:19: [umc-emp-mapvote.smx] WARNING: Map Voting failure. Initiating random map fail-safe.
L 01/15/2018 - 00:18:19: [umc-core.smx] Setting nextmap to: con_urbanchaos_comm_b2
L 01/15/2018 - 00:18:19: [umc-randomcycle.smx] Disabling random nextmap selection.
L 01/15/2018 - 00:18:19: [umc-core.smx] umc-emp-mapvote.smx: Changing map to 'con_urbanchaos_comm_b2' in 5 seconds.
L 01/15/2018 - 00:18:26: [umc-core.smx] ---------------------MAP CHANGE: con_urbanchaos_comm_b2---------------------
L 01/15/2018 - 00:18:26: [umc-endvote-warnings.smx] Successfully parsed and set up 11 vote warnings.
L 01/15/2018 - 00:18:26: [umc-rockthevote.smx] RTV will be made available in 60 seconds.
L 01/15/2018 - 00:19:27: [umc-rockthevote.smx] RTV is now available.
