L 07/16/2018 - 00:21:41: [umc-emp-mapvote.smx] Map vote will appear in 30 seconds.
L 07/16/2018 - 00:21:56: [umc-nominate.smx] Quigon wants to nominate a map.
L 07/16/2018 - 00:21:56: [umc-core.smx] WARNING: Map "con_urbanchaos" does not exist on the server. (Group: "Infantry Maps")
L 07/16/2018 - 00:22:02: [umc-nominate.smx] Quigon has nominated 'emp_coast' from group 'Commander Maps'
L 07/16/2018 - 00:22:11: [umc-emp-mapvote.smx] Starting a map vote.
L 07/16/2018 - 00:22:11: [umc-core.smx] WARNING: Map "con_urbanchaos" does not exist on the server. (Group: "Infantry Maps")
L 07/16/2018 - 00:22:11: [umc-core.smx] VOTE MENU: (Verbose) Fetching 7 maps from group 'Commander Maps'
L 07/16/2018 - 00:22:11: [umc-core.smx] VOTE MENU: (Verbose) Nominated map 'emp_coast' from group 'Commander Maps' was added to the vote.
L 07/16/2018 - 00:22:11: [umc-core.smx] VOTE MENU: (Verbose) Finished parsing nominations for map group 'Commander Maps'
L 07/16/2018 - 00:22:11: [umc-core.smx] VOTE MENU: (Verbose) Still need to fetch 6 maps from the group.
L 07/16/2018 - 00:22:11: [umc-core.smx] VOTE MENU: (Verbose) Selected map 'emp_temple_b3f' from group 'Commander Maps' was added to the vote.
L 07/16/2018 - 00:22:11: [umc-core.smx] VOTE MENU: (Verbose) Selected map 'emp_flat_hce' from group 'Commander Maps' was added to the vote.
L 07/16/2018 - 00:22:11: [umc-core.smx] VOTE MENU: (Verbose) Selected map 'emp_glacial_b2' from group 'Commander Maps' was added to the vote.
L 07/16/2018 - 00:22:11: [umc-core.smx] VOTE MENU: (Verbose) Selected map 'emp_frozensummit_b2_2013_fix2' from group 'Commander Maps' was added to the vote.
L 07/16/2018 - 00:22:11: [umc-core.smx] VOTE MENU: (Verbose) Selected map 'emp_silo_rc5_hce' from group 'Commander Maps' was added to the vote.
L 07/16/2018 - 00:22:11: [umc-core.smx] VOTE MENU: (Verbose) Selected map 'emp_dune_ob1' from group 'Commander Maps' was added to the vote.
L 07/16/2018 - 00:22:11: [umc-core.smx] VOTE MENU: (Verbose) Fetching 1 maps from group 'Infantry Maps'
L 07/16/2018 - 00:22:11: [umc-core.smx] VOTE MENU: (Verbose) Finished parsing nominations for map group 'Infantry Maps'
L 07/16/2018 - 00:22:11: [umc-core.smx] VOTE MENU: (Verbose) Still need to fetch 1 maps from the group.
L 07/16/2018 - 00:22:11: [umc-core.smx] VOTE MENU: (Verbose) No more maps in map group 'Infantry Maps'
L 07/16/2018 - 00:22:11: [umc-core.smx] VOTE MENU: (Verbose) Fetching 0 maps from group 'Cooldown Maps'
L 07/16/2018 - 00:22:11: [umc-core.smx] VOTE MENU: (Verbose) Finished parsing nominations for map group 'Cooldown Maps'
L 07/16/2018 - 00:22:11: [umc-core.smx] Initiating Vote Type: Map
L 07/16/2018 - 00:22:11: [umc-core.smx] Adding Clients to Vote:
L 07/16/2018 - 00:22:11: [umc-core.smx] 0: Swamp King జ్ఞా (2)
L 07/16/2018 - 00:22:11: [umc-core.smx] 1: ❬❬❬❳«G§AR»Terminator (3)
L 07/16/2018 - 00:22:11: [umc-core.smx] 2: -NOZOMI- Ryan (4)
L 07/16/2018 - 00:22:11: [umc-core.smx] 3: Oktay (5)
L 07/16/2018 - 00:22:11: [umc-core.smx] 4: Wilko (6)
L 07/16/2018 - 00:22:11: [umc-core.smx] 5: Uninspired (8)
L 07/16/2018 - 00:22:11: [umc-core.smx] 6: kinkedyapper52 (9)
L 07/16/2018 - 00:22:11: [umc-core.smx] 7: .|Ϟ|. Spike (10)
L 07/16/2018 - 00:22:11: [umc-core.smx] 8: Griffin One Two (14)
L 07/16/2018 - 00:22:11: [umc-core.smx] 9: object™ (15)
L 07/16/2018 - 00:22:11: [umc-core.smx] 10: Justkidding (FutureFunk) (16)
L 07/16/2018 - 00:22:11: [umc-core.smx] 11: LT (17)
L 07/16/2018 - 00:22:11: [umc-core.smx] 12: Rightwing Extremist (18)
L 07/16/2018 - 00:22:11: [umc-core.smx] 13: ScardyBob (19)
L 07/16/2018 - 00:22:11: [umc-core.smx] 14: ☣ Joy (20)
L 07/16/2018 - 00:22:11: [umc-core.smx] 15: Brentor (21)
L 07/16/2018 - 00:22:11: [umc-core.smx] 16: Quigon (22)
L 07/16/2018 - 00:22:11: [umc-core.smx] 17: Steve_[UK] (24)
L 07/16/2018 - 00:22:11: [umc-core.smx] 18: draklin (25)
L 07/16/2018 - 00:22:11: [umc-core.smx] 19: Solace (26)
L 07/16/2018 - 00:22:11: [umc-core.smx] 20: =[KXIC]= The Blue Baron (27)
L 07/16/2018 - 00:22:11: [umc-core.smx] 21: Mr. X. (28)
L 07/16/2018 - 00:22:11: [umc-core.smx] 22: Jerkakame (31)
L 07/16/2018 - 00:22:11: [umc-core.smx] 23: Digaly (32)
L 07/16/2018 - 00:22:11: [umc-core.smx] 24: neet (34)
L 07/16/2018 - 00:22:11: [umc-core.smx] 25: † Ze☆bon † (35)
L 07/16/2018 - 00:22:11: [umc-core.smx] 26: Ωmega (36)
L 07/16/2018 - 00:22:11: [umc-core.smx] 27: JK (37)
L 07/16/2018 - 00:22:11: [umc-core.smx] 28: PYA (38)
L 07/16/2018 - 00:22:11: [umc-core.smx] 29: .|Ϟ|. C*tface (No Sound) (40)
L 07/16/2018 - 00:22:11: [umc-core.smx] VOTE MENU:
L 07/16/2018 - 00:22:11: [umc-core.smx] 2: emp_flat (0)
L 07/16/2018 - 00:22:11: [umc-core.smx] 3: emp_silo (1)
L 07/16/2018 - 00:22:11: [umc-core.smx] 4: emp_coast (2)
L 07/16/2018 - 00:22:11: [umc-core.smx] 5: emp_frozensummit (3)
L 07/16/2018 - 00:22:11: [umc-core.smx] 6: emp_glacial (4)
L 07/16/2018 - 00:22:11: [umc-core.smx] 7: emp_temple (5)
L 07/16/2018 - 00:22:11: [umc-core.smx] 8: emp_dune (6)
L 07/16/2018 - 00:22:13: [umc-core.smx] Ωmega<105><[U:1:44986869]><> selected menu item 3
L 07/16/2018 - 00:22:15: [umc-core.smx] Wilko<93><[U:1:1704795]><> selected menu item 6
L 07/16/2018 - 00:22:15: [umc-core.smx] .|Ϟ|. C*tface (No Sound)<106><[U:1:41745247]><> selected menu item 3
L 07/16/2018 - 00:22:16: [umc-core.smx] kinkedyapper52<111><[U:1:198909250]><> selected menu item 1
L 07/16/2018 - 00:22:16: [umc-core.smx] Jerkakame<85><[U:1:25729247]><> selected menu item 1
L 07/16/2018 - 00:22:18: [umc-core.smx] PYA<58><[U:1:35045005]><> selected menu item 5
L 07/16/2018 - 00:22:18: [umc-core.smx] object™<19><[U:1:1221009]><> selected menu item 3
L 07/16/2018 - 00:22:19: [umc-core.smx] -NOZOMI- Ryan<109><[U:1:25012379]><> selected menu item 3
L 07/16/2018 - 00:22:20: [umc-core.smx] ❬❬❬❳«G§AR»Terminator<108><[U:1:34927329]><> selected menu item 2
L 07/16/2018 - 00:22:21: [umc-core.smx] ScardyBob<30><[U:1:21571057]><> selected menu item 4
L 07/16/2018 - 00:22:21: [umc-core.smx] draklin<57><[U:1:850151960]><> selected menu item 3
L 07/16/2018 - 00:22:21: [umc-core.smx] Swamp King జ్ఞా<88><[U:1:11455359]><> selected menu item 3
L 07/16/2018 - 00:22:21: [umc-core.smx] neet<51><[U:1:88370962]><> selected menu item 2
L 07/16/2018 - 00:22:22: [umc-core.smx] Steve_[UK]<98><[U:1:7600510]><> selected menu item 3
L 07/16/2018 - 00:22:24: [umc-core.smx] ☣ Joy<90><[U:1:14391461]><> selected menu item 3
L 07/16/2018 - 00:22:24: [umc-core.smx] Mr. X.<78><[U:1:27106968]><> selected menu item 2
L 07/16/2018 - 00:22:25: [umc-core.smx] † Ze☆bon †<66><[U:1:16493030]><> selected menu item 5
L 07/16/2018 - 00:22:40: [umc-core.smx] Digaly<94><[U:1:75254398]><> selected menu item 1
L 07/16/2018 - 00:22:42: [umc-core.smx] RUNOFF MENU: (Verbose) Building runoff vote menu.
L 07/16/2018 - 00:22:42: [umc-core.smx] RUNOFF MENU: (Verbose) 'emp_temple' was removed from the vote. It had 1 votes (5 of total)
L 07/16/2018 - 00:22:42: [umc-core.smx] RUNOFF MENU: (Verbose) 'emp_frozensummit' was removed from the vote. It had 1 votes (5 of total)
L 07/16/2018 - 00:22:42: [umc-core.smx] RUNOFF MENU: (Verbose) 'emp_glacial' was removed from the vote. It had 2 votes (11 of total)
L 07/16/2018 - 00:22:42: [umc-core.smx] RUNOFF MENU: (Verbose) 'emp_silo' was removed from the vote. It had 3 votes (16 of total)
L 07/16/2018 - 00:22:42: [umc-core.smx] RUNOFF MENU: (Verbose) Stopped removing options from the vote. Maximum possible winning vote percentage is 83%
L 07/16/2018 - 00:22:42: [umc-core.smx] Vote has concluded.
L 07/16/2018 - 00:22:50: [umc-core.smx] RUNOFF: Starting runoff vote.
L 07/16/2018 - 00:22:50: [umc-core.smx] Initiating Vote Type: Map
L 07/16/2018 - 00:22:50: [umc-core.smx] Adding Clients to Vote:
L 07/16/2018 - 00:22:50: [umc-core.smx] 0: Swamp King జ్ఞా (2)
L 07/16/2018 - 00:22:50: [umc-core.smx] 1: ❬❬❬❳«G§AR»Terminator (3)
L 07/16/2018 - 00:22:50: [umc-core.smx] 2: -NOZOMI- Ryan (4)
L 07/16/2018 - 00:22:50: [umc-core.smx] 4: Wilko (6)
L 07/16/2018 - 00:22:50: [umc-core.smx] 5: Uninspired (8)
L 07/16/2018 - 00:22:50: [umc-core.smx] 6: kinkedyapper52 (9)
L 07/16/2018 - 00:22:50: [umc-core.smx] 7: .|Ϟ|. Spike (10)
L 07/16/2018 - 00:22:50: [umc-core.smx] 8: Griffin One Two (14)
L 07/16/2018 - 00:22:50: [umc-core.smx] 9: object™ (15)
L 07/16/2018 - 00:22:50: [umc-core.smx] 10: Justkidding (FutureFunk) (16)
L 07/16/2018 - 00:22:50: [umc-core.smx] 11: LT (17)
L 07/16/2018 - 00:22:50: [umc-core.smx] 12: Rightwing Extremist (18)
L 07/16/2018 - 00:22:50: [umc-core.smx] 13: ScardyBob (19)
L 07/16/2018 - 00:22:50: [umc-core.smx] 14: ☣ Joy (20)
L 07/16/2018 - 00:22:50: [umc-core.smx] 15: Brentor (21)
L 07/16/2018 - 00:22:50: [umc-core.smx] 16: Quigon (22)
L 07/16/2018 - 00:22:50: [umc-core.smx] 17: Steve_[UK] (24)
L 07/16/2018 - 00:22:50: [umc-core.smx] 18: draklin (25)
L 07/16/2018 - 00:22:50: [umc-core.smx] 19: Solace (26)
L 07/16/2018 - 00:22:50: [umc-core.smx] 20: =[KXIC]= The Blue Baron (27)
L 07/16/2018 - 00:22:50: [umc-core.smx] 21: Mr. X. (28)
L 07/16/2018 - 00:22:50: [umc-core.smx] 22: Jerkakame (31)
L 07/16/2018 - 00:22:50: [umc-core.smx] 23: Digaly (32)
L 07/16/2018 - 00:22:50: [umc-core.smx] 24: neet (34)
L 07/16/2018 - 00:22:50: [umc-core.smx] 25: † Ze☆bon † (35)
L 07/16/2018 - 00:22:50: [umc-core.smx] 26: Ωmega (36)
L 07/16/2018 - 00:22:50: [umc-core.smx] 27: JK (37)
L 07/16/2018 - 00:22:50: [umc-core.smx] 28: PYA (38)
L 07/16/2018 - 00:22:50: [umc-core.smx] 29: .|Ϟ|. C*tface (No Sound) (40)
L 07/16/2018 - 00:22:50: [umc-core.smx] VOTE MENU:
L 07/16/2018 - 00:22:50: [umc-core.smx] 2: emp_coast (2)
L 07/16/2018 - 00:22:50: [umc-core.smx] 3: emp_flat (0)
L 07/16/2018 - 00:22:52: [umc-core.smx] Ωmega<105><[U:1:44986869]><> selected menu item 1
L 07/16/2018 - 00:22:52: [umc-core.smx] Wilko<93><[U:1:1704795]><> selected menu item 2
L 07/16/2018 - 00:22:52: [umc-core.smx] ☣ Joy<90><[U:1:14391461]><> selected menu item 1
L 07/16/2018 - 00:22:53: [umc-core.smx] Jerkakame<85><[U:1:25729247]><> selected menu item 1
L 07/16/2018 - 00:22:54: [umc-core.smx] Digaly<94><[U:1:75254398]><> selected menu item 1
L 07/16/2018 - 00:22:54: [umc-core.smx] Mr. X.<78><[U:1:27106968]><> selected menu item 2
L 07/16/2018 - 00:22:54: [umc-core.smx] .|Ϟ|. C*tface (No Sound)<106><[U:1:41745247]><> selected menu item 1
L 07/16/2018 - 00:22:54: [umc-core.smx] ❬❬❬❳«G§AR»Terminator<108><[U:1:34927329]><> selected menu item 1
L 07/16/2018 - 00:22:55: [umc-core.smx] kinkedyapper52<111><[U:1:198909250]><> selected menu item 2
L 07/16/2018 - 00:22:55: [umc-core.smx] Swamp King జ్ఞా<88><[U:1:11455359]><> selected menu item 1
L 07/16/2018 - 00:22:56: [umc-core.smx] Steve_[UK]<98><[U:1:7600510]><> selected menu item 1
L 07/16/2018 - 00:22:56: [umc-core.smx] neet<51><[U:1:88370962]><> selected menu item 1
L 07/16/2018 - 00:22:56: [umc-core.smx] object™<19><[U:1:1221009]><> selected menu item 1
L 07/16/2018 - 00:22:59: [umc-core.smx] † Ze☆bon †<66><[U:1:16493030]><> selected menu item 1
L 07/16/2018 - 00:23:03: [umc-core.smx] Uninspired<110><[U:1:29103880]><> selected menu item 1
L 07/16/2018 - 00:23:03: [umc-core.smx] draklin<57><[U:1:850151960]><> selected menu item 1
L 07/16/2018 - 00:23:04: [umc-core.smx] -NOZOMI- Ryan<109><[U:1:25012379]><> selected menu item 1
L 07/16/2018 - 00:23:05: [umc-core.smx] PYA<58><[U:1:35045005]><> selected menu item 1
L 07/16/2018 - 00:23:08: [umc-core.smx] ScardyBob<30><[U:1:21571057]><> selected menu item 2
L 07/16/2018 - 00:23:08: [umc-core.smx] =[KXIC]= The Blue Baron<101><[U:1:104778967]><> selected menu item 1
L 07/16/2018 - 00:23:21: [umc-core.smx] Setting nextmap to: emp_coast
L 07/16/2018 - 00:23:21: [umc-randomcycle.smx] Disabling random nextmap selection.
L 07/16/2018 - 00:23:21: [umc-core.smx] umc-emp-mapvote.smx: Changing map to 'emp_coast' in 5 seconds.
L 07/16/2018 - 00:23:21: [umc-core.smx] MAPVOTE: Players voted for map 'emp_coast' from group 'Commander Maps'
L 07/16/2018 - 00:23:21: [umc-core.smx] Vote has concluded.
L 07/16/2018 - 00:23:27: [umc-core.smx] ---------------------MAP CHANGE: emp_coast---------------------
L 07/16/2018 - 00:23:27: [umc-endvote-warnings.smx] Successfully parsed and set up 11 vote warnings.
L 07/16/2018 - 00:23:27: [umc-rockthevote.smx] RTV will be made available in 60 seconds.
L 07/16/2018 - 00:24:28: [umc-rockthevote.smx] RTV is now available.
L 07/16/2018 - 00:28:06: [umc-nominate.smx] ScardyBob wants to nominate a map.
L 07/16/2018 - 00:28:06: [umc-core.smx] WARNING: Map "con_urbanchaos" does not exist on the server. (Group: "Infantry Maps")
L 07/16/2018 - 00:48:16: [umc-nominate.smx] Quigon wants to nominate a map.
L 07/16/2018 - 00:48:16: [umc-core.smx] WARNING: Map "con_urbanchaos" does not exist on the server. (Group: "Infantry Maps")
L 07/16/2018 - 00:48:21: [umc-nominate.smx] Quigon has nominated 'emp_canyon' from group 'Commander Maps'
L 07/16/2018 - 00:48:31: [umc-nominate.smx] Quigon wants to nominate a map.
L 07/16/2018 - 00:48:31: [umc-core.smx] WARNING: Map "con_urbanchaos" does not exist on the server. (Group: "Infantry Maps")
L 07/16/2018 - 00:48:37: [umc-nominate.smx] Quigon has nominated 'emp_homeland_b9_hce' from group 'Commander Maps'
L 07/16/2018 - 00:55:10: [umc-emp-mapvote.smx] Map vote will appear in 30 seconds.
L 07/16/2018 - 00:55:22: [umc-nominate.smx] ScardyBob wants to nominate a map.
L 07/16/2018 - 00:55:22: [umc-core.smx] WARNING: Map "con_urbanchaos" does not exist on the server. (Group: "Infantry Maps")
L 07/16/2018 - 00:55:40: [umc-emp-mapvote.smx] Starting a map vote.
L 07/16/2018 - 00:55:40: [umc-core.smx] WARNING: Map "con_urbanchaos" does not exist on the server. (Group: "Infantry Maps")
L 07/16/2018 - 00:55:40: [umc-core.smx] VOTE MENU: (Verbose) Fetching 7 maps from group 'Commander Maps'
L 07/16/2018 - 00:55:40: [umc-core.smx] VOTE MENU: (Verbose) Nominated map 'emp_homeland_b9_hce' from group 'Commander Maps' was added to the vote.
L 07/16/2018 - 00:55:40: [umc-core.smx] VOTE MENU: (Verbose) Finished parsing nominations for map group 'Commander Maps'
L 07/16/2018 - 00:55:40: [umc-core.smx] VOTE MENU: (Verbose) Still need to fetch 6 maps from the group.
L 07/16/2018 - 00:55:40: [umc-core.smx] VOTE MENU: (Verbose) Selected map 'emp_drygulch_a7' from group 'Commander Maps' was added to the vote.
L 07/16/2018 - 00:55:40: [umc-core.smx] VOTE MENU: (Verbose) Selected map 'emp_crossroads_towerless_hce' from group 'Commander Maps' was added to the vote.
L 07/16/2018 - 00:55:40: [umc-core.smx] VOTE MENU: (Verbose) Selected map 'emp_canyon' from group 'Commander Maps' was added to the vote.
L 07/16/2018 - 00:55:40: [umc-core.smx] VOTE MENU: (Verbose) Selected map 'emp_traders_a8' from group 'Commander Maps' was added to the vote.
L 07/16/2018 - 00:55:40: [umc-core.smx] VOTE MENU: (Verbose) Selected map 'emp_arid_hce' from group 'Commander Maps' was added to the vote.
L 07/16/2018 - 00:55:40: [umc-core.smx] VOTE MENU: (Verbose) Selected map 'emp_flat_hce' from group 'Commander Maps' was added to the vote.
L 07/16/2018 - 00:55:40: [umc-core.smx] VOTE MENU: (Verbose) Fetching 1 maps from group 'Infantry Maps'
L 07/16/2018 - 00:55:40: [umc-core.smx] VOTE MENU: (Verbose) Finished parsing nominations for map group 'Infantry Maps'
L 07/16/2018 - 00:55:40: [umc-core.smx] VOTE MENU: (Verbose) Still need to fetch 1 maps from the group.
L 07/16/2018 - 00:55:40: [umc-core.smx] VOTE MENU: (Verbose) No more maps in map group 'Infantry Maps'
L 07/16/2018 - 00:55:40: [umc-core.smx] VOTE MENU: (Verbose) Fetching 0 maps from group 'Cooldown Maps'
L 07/16/2018 - 00:55:40: [umc-core.smx] VOTE MENU: (Verbose) Finished parsing nominations for map group 'Cooldown Maps'
L 07/16/2018 - 00:55:40: [umc-core.smx] Initiating Vote Type: Map
L 07/16/2018 - 00:55:40: [umc-core.smx] Adding Clients to Vote:
L 07/16/2018 - 00:55:40: [umc-core.smx] 0: Swamp King జ్ఞా (2)
L 07/16/2018 - 00:55:40: [umc-core.smx] 1: ❬❬❬❳«G§AR»Terminator (3)
L 07/16/2018 - 00:55:40: [umc-core.smx] 2: -NOZOMI- Ryan (4)
L 07/16/2018 - 00:55:40: [umc-core.smx] 3: Wilko (6)
L 07/16/2018 - 00:55:40: [umc-core.smx] 4: Uninspired (8)
L 07/16/2018 - 00:55:40: [umc-core.smx] 5: Griffin One Two (14)
L 07/16/2018 - 00:55:40: [umc-core.smx] 6: object™ (15)
L 07/16/2018 - 00:55:40: [umc-core.smx] 7: Rightwing Extremist (18)
L 07/16/2018 - 00:55:40: [umc-core.smx] 8: ScardyBob (19)
L 07/16/2018 - 00:55:40: [umc-core.smx] 9: Brentor (21)
L 07/16/2018 - 00:55:40: [umc-core.smx] 10: Quigon (22)
L 07/16/2018 - 00:55:40: [umc-core.smx] 11: Steve_[UK] (24)
L 07/16/2018 - 00:55:40: [umc-core.smx] 12: draklin (25)
L 07/16/2018 - 00:55:40: [umc-core.smx] 13: Solace (26)
L 07/16/2018 - 00:55:40: [umc-core.smx] 14: =[KXIC]= The Blue Baron (27)
L 07/16/2018 - 00:55:40: [umc-core.smx] 15: Jerkakame (31)
L 07/16/2018 - 00:55:40: [umc-core.smx] 16: Digaly (32)
L 07/16/2018 - 00:55:40: [umc-core.smx] 17: neet (34)
L 07/16/2018 - 00:55:40: [umc-core.smx] 18: † Ze☆bon † (35)
L 07/16/2018 - 00:55:40: [umc-core.smx] 19: Ωmega (36)
L 07/16/2018 - 00:55:40: [umc-core.smx] 20: JK (37)
L 07/16/2018 - 00:55:40: [umc-core.smx] VOTE MENU:
L 07/16/2018 - 00:55:40: [umc-core.smx] 2: emp_homeland (0)
L 07/16/2018 - 00:55:40: [umc-core.smx] 3: emp_drygulch (1)
L 07/16/2018 - 00:55:40: [umc-core.smx] 4: emp_flat (2)
L 07/16/2018 - 00:55:40: [umc-core.smx] 5: emp_crossroads (3)
L 07/16/2018 - 00:55:40: [umc-core.smx] 6: emp_arid (4)
L 07/16/2018 - 00:55:40: [umc-core.smx] 7: emp_traders (5)
L 07/16/2018 - 00:55:40: [umc-core.smx] 8: emp_canyon (6)
L 07/16/2018 - 00:55:43: [umc-core.smx] -NOZOMI- Ryan<113><[U:1:25012379]><> selected menu item 1
L 07/16/2018 - 00:55:46: [umc-core.smx] Quigon<37><[U:1:5653485]><> selected menu item 1
L 07/16/2018 - 00:55:47: [umc-core.smx] Jerkakame<85><[U:1:25729247]><> selected menu item 1
L 07/16/2018 - 00:55:47: [umc-core.smx] ScardyBob<30><[U:1:21571057]><> selected menu item 4
L 07/16/2018 - 00:55:49: [umc-core.smx] object™<19><[U:1:1221009]><> selected menu item 4
L 07/16/2018 - 00:55:52: [umc-core.smx] neet<51><[U:1:88370962]><> selected menu item 1
L 07/16/2018 - 00:55:53: [umc-core.smx] † Ze☆bon †<66><[U:1:16493030]><> selected menu item 4
L 07/16/2018 - 00:55:56: [umc-core.smx] ❬❬❬❳«G§AR»Terminator<108><[U:1:34927329]><> selected menu item 4
L 07/16/2018 - 00:56:10: [umc-core.smx] Setting nextmap to: emp_crossroads_towerless_hce
L 07/16/2018 - 00:56:10: [umc-randomcycle.smx] Disabling random nextmap selection.
L 07/16/2018 - 00:56:10: [umc-core.smx] umc-emp-mapvote.smx: Changing map to 'emp_crossroads_towerless_hce' in 5 seconds.
L 07/16/2018 - 00:56:10: [umc-core.smx] MAPVOTE: Players voted for map 'emp_crossroads_towerless_hce' from group 'Commander Maps'
L 07/16/2018 - 00:56:10: [umc-core.smx] Vote has concluded.
L 07/16/2018 - 00:56:16: [umc-core.smx] ---------------------MAP CHANGE: emp_crossroads_towerless_hce---------------------
L 07/16/2018 - 00:56:16: [umc-endvote-warnings.smx] Successfully parsed and set up 11 vote warnings.
L 07/16/2018 - 00:56:16: [umc-rockthevote.smx] RTV will be made available in 60 seconds.
L 07/16/2018 - 00:57:17: [umc-rockthevote.smx] RTV is now available.
L 07/16/2018 - 00:57:22: [umc-nominate.smx] ScardyBob wants to nominate a map.
L 07/16/2018 - 00:57:23: [umc-core.smx] WARNING: Map "con_urbanchaos" does not exist on the server. (Group: "Infantry Maps")
L 07/16/2018 - 00:57:25: [umc-nominate.smx] ScardyBob has nominated 'emp_nuclear_b8u_xfix' from group 'Infantry Maps'
L 07/16/2018 - 00:59:24: [umc-nominate.smx] ScardyBob wants to nominate a map.
L 07/16/2018 - 00:59:25: [umc-core.smx] WARNING: Map "con_urbanchaos" does not exist on the server. (Group: "Infantry Maps")
L 07/16/2018 - 00:59:31: [umc-nominate.smx] ScardyBob wants to nominate a map.
L 07/16/2018 - 00:59:32: [umc-core.smx] WARNING: Map "con_urbanchaos" does not exist on the server. (Group: "Infantry Maps")
L 07/16/2018 - 01:19:17: [umc-emp-mapvote.smx] Map vote will appear in 30 seconds.
L 07/16/2018 - 01:19:42: [umc-rockthevote.smx] Starting RTV.
L 07/16/2018 - 01:19:42: [umc-core.smx] WARNING: Map "con_urbanchaos" does not exist on the server. (Group: "Infantry Maps")
L 07/16/2018 - 01:19:42: [umc-core.smx] VOTE MENU: (Verbose) Fetching 7 maps from group 'Commander Maps'
L 07/16/2018 - 01:19:42: [umc-core.smx] VOTE MENU: (Verbose) Finished parsing nominations for map group 'Commander Maps'
L 07/16/2018 - 01:19:42: [umc-core.smx] VOTE MENU: (Verbose) Still need to fetch 7 maps from the group.
L 07/16/2018 - 01:19:42: [umc-core.smx] VOTE MENU: (Verbose) Selected map 'emp_beachfront_b2_hce' from group 'Commander Maps' was added to the vote.
L 07/16/2018 - 01:19:42: [umc-core.smx] VOTE MENU: (Verbose) Selected map 'emp_downfall_hce' from group 'Commander Maps' was added to the vote.
L 07/16/2018 - 01:19:42: [umc-core.smx] VOTE MENU: (Verbose) Selected map 'emp_drygulch_a7' from group 'Commander Maps' was added to the vote.
L 07/16/2018 - 01:19:42: [umc-core.smx] VOTE MENU: (Verbose) No more maps in map group 'Commander Maps'
L 07/16/2018 - 01:19:42: [umc-core.smx] VOTE MENU: (Verbose) Fetching 1 maps from group 'Infantry Maps'
L 07/16/2018 - 01:19:42: [umc-core.smx] VOTE MENU: (Verbose) Finished parsing nominations for map group 'Infantry Maps'
L 07/16/2018 - 01:19:42: [umc-core.smx] VOTE MENU: (Verbose) Still need to fetch 1 maps from the group.
L 07/16/2018 - 01:19:42: [umc-core.smx] VOTE MENU: (Verbose) Selected map 'emp_vehicletraining_2013' from group 'Infantry Maps' was added to the vote.
L 07/16/2018 - 01:19:42: [umc-core.smx] VOTE MENU: (Verbose) Fetching 0 maps from group 'Cooldown Maps'
L 07/16/2018 - 01:19:42: [umc-core.smx] VOTE MENU: (Verbose) Finished parsing nominations for map group 'Cooldown Maps'
L 07/16/2018 - 01:19:42: [umc-core.smx] Initiating Vote Type: Map
L 07/16/2018 - 01:19:42: [umc-core.smx] Adding Clients to Vote:
L 07/16/2018 - 01:19:42: [umc-core.smx] 0: object™ (15)
L 07/16/2018 - 01:19:42: [umc-core.smx] 1: ScardyBob (19)
L 07/16/2018 - 01:19:42: [umc-core.smx] 2: JK (37)
L 07/16/2018 - 01:19:42: [umc-core.smx] VOTE MENU:
L 07/16/2018 - 01:19:42: [umc-core.smx] 2: emp_downfall (0)
L 07/16/2018 - 01:19:42: [umc-core.smx] 3: emp_drygulch (1)
L 07/16/2018 - 01:19:42: [umc-core.smx] 4: con_vehicletraining (2)
L 07/16/2018 - 01:19:42: [umc-core.smx] 5: emp_beachfront (3)
L 07/16/2018 - 01:19:47: [umc-emp-mapvote.smx] Starting a map vote.
L 07/16/2018 - 01:19:47: [umc-emp-mapvote.smx] There is a vote already in progress, cannot start a new vote.
L 07/16/2018 - 01:19:55: [umc-core.smx] object™<19><[U:1:1221009]><> selected menu item 3
L 07/16/2018 - 01:20:43: [umc-emp-mapvote.smx] WARNING: Map Voting failure. Initiating random map fail-safe.
L 07/16/2018 - 01:20:43: [umc-core.smx] WARNING: Map "con_urbanchaos" does not exist on the server. (Group: "Infantry Maps")
L 07/16/2018 - 01:20:43: [umc-core.smx] Setting nextmap to: emp_beachfront_b2_hce
L 07/16/2018 - 01:20:43: [umc-randomcycle.smx] Disabling random nextmap selection.
L 07/16/2018 - 01:20:43: [umc-core.smx] umc-emp-mapvote.smx: Changing map to 'emp_beachfront_b2_hce' in 5 seconds.
L 07/16/2018 - 01:20:43: [umc-core.smx] Vote has concluded.
L 07/16/2018 - 01:20:43: [umc-emp-mapvote.smx] Starting a map vote.
L 07/16/2018 - 01:20:43: [umc-emp-mapvote.smx] ERROR: Failed to set the value of mp_chattime. The map could change before the end of map voting finishes.
L 07/16/2018 - 01:20:43: [umc-core.smx] WARNING: Map "con_urbanchaos" does not exist on the server. (Group: "Infantry Maps")
L 07/16/2018 - 01:20:43: [umc-core.smx] VOTE MENU: (Verbose) Fetching 7 maps from group 'Commander Maps'
L 07/16/2018 - 01:20:43: [umc-core.smx] VOTE MENU: (Verbose) Finished parsing nominations for map group 'Commander Maps'
L 07/16/2018 - 01:20:43: [umc-core.smx] VOTE MENU: (Verbose) Still need to fetch 7 maps from the group.
L 07/16/2018 - 01:20:43: [umc-core.smx] VOTE MENU: (Verbose) Selected map 'emp_drygulch_a7' from group 'Commander Maps' was added to the vote.
L 07/16/2018 - 01:20:43: [umc-core.smx] VOTE MENU: (Verbose) Selected map 'emp_beachfront_b2_hce' from group 'Commander Maps' was added to the vote.
L 07/16/2018 - 01:20:43: [umc-core.smx] VOTE MENU: (Verbose) Selected map 'emp_downfall_hce' from group 'Commander Maps' was added to the vote.
L 07/16/2018 - 01:20:43: [umc-core.smx] VOTE MENU: (Verbose) No more maps in map group 'Commander Maps'
L 07/16/2018 - 01:20:43: [umc-core.smx] VOTE MENU: (Verbose) Fetching 1 maps from group 'Infantry Maps'
L 07/16/2018 - 01:20:43: [umc-core.smx] VOTE MENU: (Verbose) Finished parsing nominations for map group 'Infantry Maps'
L 07/16/2018 - 01:20:43: [umc-core.smx] VOTE MENU: (Verbose) Still need to fetch 1 maps from the group.
L 07/16/2018 - 01:20:43: [umc-core.smx] VOTE MENU: (Verbose) Selected map 'con_glycencity' from group 'Infantry Maps' was added to the vote.
L 07/16/2018 - 01:20:43: [umc-core.smx] VOTE MENU: (Verbose) Fetching 0 maps from group 'Cooldown Maps'
L 07/16/2018 - 01:20:43: [umc-core.smx] VOTE MENU: (Verbose) Finished parsing nominations for map group 'Cooldown Maps'
L 07/16/2018 - 01:20:43: [umc-core.smx] Initiating Vote Type: Map
L 07/16/2018 - 01:20:43: [umc-core.smx] Adding Clients to Vote:
L 07/16/2018 - 01:20:43: [umc-core.smx] 0: JK (37)
L 07/16/2018 - 01:20:43: [umc-core.smx] VOTE MENU:
L 07/16/2018 - 01:20:43: [umc-core.smx] 2: emp_downfall (0)
L 07/16/2018 - 01:20:43: [umc-core.smx] 3: emp_beachfront (1)
L 07/16/2018 - 01:20:43: [umc-core.smx] 4: con_glycencity (2)
L 07/16/2018 - 01:20:43: [umc-core.smx] 5: emp_drygulch (3)
L 07/16/2018 - 01:20:48: [umc-emp-mapvote.smx] WARNING: Map Voting failure. Initiating random map fail-safe.
L 07/16/2018 - 01:20:48: [umc-core.smx] WARNING: Map "con_urbanchaos" does not exist on the server. (Group: "Infantry Maps")
L 07/16/2018 - 01:20:48: [umc-core.smx] Setting nextmap to: emp_vehicletraining_2013
L 07/16/2018 - 01:20:48: [umc-randomcycle.smx] Disabling random nextmap selection.
L 07/16/2018 - 01:20:48: [umc-core.smx] umc-emp-mapvote.smx: Changing map to 'emp_vehicletraining_2013' in 5 seconds.
L 07/16/2018 - 01:20:48: [umc-core.smx] Vote has concluded.
L 07/16/2018 - 01:20:48: [umc-core.smx] ---------------------MAP CHANGE: emp_beachfront_b2_hce---------------------
L 07/16/2018 - 01:20:48: [umc-endvote-warnings.smx] Successfully parsed and set up 11 vote warnings.
L 07/16/2018 - 01:20:48: [umc-rockthevote.smx] RTV will be made available in 60 seconds.
L 07/16/2018 - 01:21:49: [umc-rockthevote.smx] RTV is now available.
L 07/16/2018 - 01:46:17: [umc-emp-mapvote.smx] Map vote will appear in 30 seconds.
L 07/16/2018 - 01:46:47: [umc-emp-mapvote.smx] Starting a map vote.
L 07/16/2018 - 01:46:47: [umc-core.smx] WARNING: Map "con_urbanchaos" does not exist on the server. (Group: "Infantry Maps")
L 07/16/2018 - 01:46:47: [umc-core.smx] VOTE MENU: (Verbose) Fetching 7 maps from group 'Commander Maps'
L 07/16/2018 - 01:46:47: [umc-core.smx] VOTE MENU: (Verbose) Finished parsing nominations for map group 'Commander Maps'
L 07/16/2018 - 01:46:47: [umc-core.smx] VOTE MENU: (Verbose) Still need to fetch 7 maps from the group.
L 07/16/2018 - 01:46:47: [umc-core.smx] VOTE MENU: (Verbose) Selected map 'emp_downfall_hce' from group 'Commander Maps' was added to the vote.
L 07/16/2018 - 01:46:47: [umc-core.smx] VOTE MENU: (Verbose) Selected map 'emp_drygulch_a7' from group 'Commander Maps' was added to the vote.
L 07/16/2018 - 01:46:47: [umc-core.smx] VOTE MENU: (Verbose) Selected map 'emp_beachfront_b2_hce' from group 'Commander Maps' was added to the vote.
L 07/16/2018 - 01:46:47: [umc-core.smx] VOTE MENU: (Verbose) No more maps in map group 'Commander Maps'
L 07/16/2018 - 01:46:47: [umc-core.smx] VOTE MENU: (Verbose) Fetching 1 maps from group 'Infantry Maps'
L 07/16/2018 - 01:46:47: [umc-core.smx] VOTE MENU: (Verbose) Finished parsing nominations for map group 'Infantry Maps'
L 07/16/2018 - 01:46:47: [umc-core.smx] VOTE MENU: (Verbose) Still need to fetch 1 maps from the group.
L 07/16/2018 - 01:46:47: [umc-core.smx] VOTE MENU: (Verbose) Selected map 'con_glycencity' from group 'Infantry Maps' was added to the vote.
L 07/16/2018 - 01:46:47: [umc-core.smx] VOTE MENU: (Verbose) Fetching 0 maps from group 'Cooldown Maps'
L 07/16/2018 - 01:46:47: [umc-core.smx] VOTE MENU: (Verbose) Finished parsing nominations for map group 'Cooldown Maps'
L 07/16/2018 - 01:46:47: [umc-core.smx] Initiating Vote Type: Map
L 07/16/2018 - 01:46:47: [umc-core.smx] Adding Clients to Vote:
L 07/16/2018 - 01:46:47: [umc-core.smx] 0: atitep292549(TH) (2)
L 07/16/2018 - 01:46:47: [umc-core.smx] 1: ThaCaptain (3)
L 07/16/2018 - 01:46:47: [umc-core.smx] 2: JK (37)
L 07/16/2018 - 01:46:47: [umc-core.smx] VOTE MENU:
L 07/16/2018 - 01:46:47: [umc-core.smx] 2: emp_downfall (0)
L 07/16/2018 - 01:46:47: [umc-core.smx] 3: con_glycencity (1)
L 07/16/2018 - 01:46:47: [umc-core.smx] 4: emp_drygulch (2)
L 07/16/2018 - 01:46:47: [umc-core.smx] 5: emp_beachfront (3)
L 07/16/2018 - 01:47:11: [umc-core.smx] ThaCaptain<117><[U:1:105241114]><> selected menu item 1
L 07/16/2018 - 01:47:18: [umc-core.smx] Setting nextmap to: emp_downfall_hce
L 07/16/2018 - 01:47:18: [umc-randomcycle.smx] Disabling random nextmap selection.
L 07/16/2018 - 01:47:18: [umc-core.smx] umc-emp-mapvote.smx: Changing map to 'emp_downfall_hce' in 5 seconds.
L 07/16/2018 - 01:47:18: [umc-core.smx] MAPVOTE: Players voted for map 'emp_downfall_hce' from group 'Commander Maps'
L 07/16/2018 - 01:47:18: [umc-core.smx] Vote has concluded.
L 07/16/2018 - 01:47:23: [umc-core.smx] ---------------------MAP CHANGE: emp_downfall_hce---------------------
L 07/16/2018 - 01:47:23: [umc-endvote-warnings.smx] Successfully parsed and set up 11 vote warnings.
L 07/16/2018 - 01:47:23: [umc-rockthevote.smx] RTV will be made available in 60 seconds.
L 07/16/2018 - 01:48:24: [umc-rockthevote.smx] RTV is now available.
