L 04/27/2017 - 18:30:32: [umc-core.smx] ---------------------MAP CHANGE: con_district402---------------------
L 04/27/2017 - 18:30:33: [umc-endvote-warnings.smx] Successfully parsed and set up 11 vote warnings.
L 04/27/2017 - 18:30:33: [umc-playercountmonitor.smx] Current Map Group could not be determined. (Non-UMC mapchange or plugin just loaded.)
L 04/27/2017 - 18:30:33: [umc-playercountmonitor.smx] Min Players: 0, Max Players: 64
L 04/27/2017 - 18:30:33: [umc-rockthevote.smx] RTV is now available.
L 04/27/2017 - 18:36:13: [umc-core.smx] ---------------------MAP CHANGE: con_district402---------------------
L 04/27/2017 - 18:36:13: [umc-endvote-warnings.smx] Successfully parsed and set up 11 vote warnings.
L 04/27/2017 - 18:36:13: [umc-playercountmonitor.smx] Current Map Group could not be determined. (Non-UMC mapchange or plugin just loaded.)
L 04/27/2017 - 18:36:13: [umc-playercountmonitor.smx] Min Players: 0, Max Players: 64
L 04/27/2017 - 18:36:13: [umc-rockthevote.smx] RTV is now available.
L 04/27/2017 - 18:37:35: [umc-core.smx] ---------------------MAP CHANGE: emp_beachfront_b2---------------------
L 04/27/2017 - 18:37:35: [umc-endvote-warnings.smx] Successfully parsed and set up 11 vote warnings.
L 04/27/2017 - 18:37:35: [umc-playercountmonitor.smx] Min Players: 0, Max Players: 22
L 04/27/2017 - 18:37:35: [umc-playercountmonitor.smx] Server will begin watching for inproper number of players in 240 seconds.
L 04/27/2017 - 18:37:35: [umc-rockthevote.smx] RTV is now available.
L 04/27/2017 - 18:41:35: [umc-playercountmonitor.smx] Server is now watching for inproper number of players.
L 04/27/2017 - 20:26:22: [umc-emp-mapvote.smx] Map vote will appear in 1 seconds.
L 04/27/2017 - 20:26:23: [umc-emp-mapvote.smx] Starting a map vote.
L 04/27/2017 - 20:26:23: [umc-core.smx] WARNING: Map "emp_glycencity" does not exist on the server. (Group: "Infantry Maps")
L 04/27/2017 - 20:26:23: [umc-core.smx] WARNING: Map "emp_urbanchaos" does not exist on the server. (Group: "Infantry Maps")
L 04/27/2017 - 20:26:23: [umc-core.smx] WARNING: Map "emp_break_poc" does not exist on the server. (Group: "Infantry Maps")
L 04/27/2017 - 20:26:23: [umc-core.smx] Initiating Vote Type: Map
L 04/27/2017 - 20:26:54: [umc-core.smx] Setting nextmap to: emp_district402
L 04/27/2017 - 20:26:54: [umc-randomcycle.smx] Disabling random nextmap selection.
L 04/27/2017 - 20:26:54: [umc-core.smx] umc-emp-mapvote.smx: Changing map to 'emp_district402' in 5 seconds.
L 04/27/2017 - 20:26:54: [umc-core.smx] MAPVOTE: Players voted for map 'emp_district402' from group 'Infantry Maps'
L 04/27/2017 - 20:27:00: [umc-core.smx] ---------------------MAP CHANGE: emp_district402---------------------
L 04/27/2017 - 20:27:00: [umc-endvote-warnings.smx] Successfully parsed and set up 11 vote warnings.
L 04/27/2017 - 20:27:00: [umc-playercountmonitor.smx] Min Players: 0, Max Players: 20
L 04/27/2017 - 20:27:00: [umc-playercountmonitor.smx] Server will begin watching for inproper number of players in 240 seconds.
L 04/27/2017 - 20:27:00: [umc-rockthevote.smx] RTV is now available.
L 04/27/2017 - 20:31:01: [umc-playercountmonitor.smx] Server is now watching for inproper number of players.
L 04/27/2017 - 20:56:53: [umc-core.smx] ---------------------MAP CHANGE: con_district402---------------------
L 04/27/2017 - 20:56:53: [umc-endvote-warnings.smx] Successfully parsed and set up 11 vote warnings.
L 04/27/2017 - 20:56:53: [umc-playercountmonitor.smx] Min Players: 0, Max Players: 20
L 04/27/2017 - 20:56:53: [umc-playercountmonitor.smx] Server will begin watching for inproper number of players in 240 seconds.
L 04/27/2017 - 20:56:53: [umc-rockthevote.smx] RTV is now available.
L 04/27/2017 - 21:00:53: [umc-playercountmonitor.smx] Server is now watching for inproper number of players.
L 04/27/2017 - 21:27:02: [umc-emp-mapvote.smx] Map vote will appear in 1 seconds.
L 04/27/2017 - 21:27:03: [umc-emp-mapvote.smx] Starting a map vote.
L 04/27/2017 - 21:27:03: [umc-core.smx] Initiating Vote Type: Map
L 04/27/2017 - 21:27:34: [umc-core.smx] Setting nextmap to: emp_nuclear_b8u
L 04/27/2017 - 21:27:34: [umc-randomcycle.smx] Disabling random nextmap selection.
L 04/27/2017 - 21:27:34: [umc-core.smx] umc-emp-mapvote.smx: Changing map to 'emp_nuclear_b8u' in 5 seconds.
L 04/27/2017 - 21:27:34: [umc-core.smx] MAPVOTE: Players voted for map 'emp_nuclear_b8u' from group 'Infantry Maps'
L 04/27/2017 - 21:27:40: [umc-core.smx] ---------------------MAP CHANGE: emp_nuclear_b8u---------------------
L 04/27/2017 - 21:27:40: [umc-endvote-warnings.smx] Successfully parsed and set up 11 vote warnings.
L 04/27/2017 - 21:27:40: [umc-playercountmonitor.smx] Min Players: 0, Max Players: 20
L 04/27/2017 - 21:27:40: [umc-playercountmonitor.smx] Server will begin watching for inproper number of players in 240 seconds.
L 04/27/2017 - 21:27:40: [umc-rockthevote.smx] RTV is now available.
L 04/27/2017 - 21:31:40: [umc-playercountmonitor.smx] Server is now watching for inproper number of players.
L 04/27/2017 - 22:35:25: [umc-emp-mapvote.smx] Map vote will appear in 1 seconds.
L 04/27/2017 - 22:35:27: [umc-emp-mapvote.smx] Starting a map vote.
L 04/27/2017 - 22:35:27: [umc-core.smx] Initiating Vote Type: Map
L 04/27/2017 - 22:35:27: [umc-core.smx] Could not start core vote, no players to display vote to!
L 04/27/2017 - 22:35:27: [umc-emp-mapvote.smx] Could not start UMC vote.
L 04/27/2017 - 22:35:27: [umc-emp-mapvote.smx] WARNING: Map Voting failure. Initiating random map fail-safe.
L 04/27/2017 - 22:35:27: [umc-core.smx] Setting nextmap to: emp_vehicletraining_2013
L 04/27/2017 - 22:35:27: [umc-randomcycle.smx] Disabling random nextmap selection.
L 04/27/2017 - 22:35:27: [umc-core.smx] umc-emp-mapvote.smx: Changing map to 'emp_vehicletraining_2013' in 5 seconds.
L 04/27/2017 - 22:35:32: [umc-core.smx] ---------------------MAP CHANGE: emp_vehicletraining_2013---------------------
L 04/27/2017 - 22:35:32: [umc-endvote-warnings.smx] Successfully parsed and set up 11 vote warnings.
L 04/27/2017 - 22:35:32: [umc-playercountmonitor.smx] Min Players: 0, Max Players: 20
L 04/27/2017 - 22:35:32: [umc-playercountmonitor.smx] Server will begin watching for inproper number of players in 240 seconds.
L 04/27/2017 - 22:35:32: [umc-rockthevote.smx] RTV is now available.
L 04/27/2017 - 22:39:32: [umc-playercountmonitor.smx] Server is now watching for inproper number of players.
