L 11/03/2017 - 18:15:19: [umc-core.smx] ---------------------MAP CHANGE: con_district402---------------------
L 11/03/2017 - 18:15:20: [umc-endvote-warnings.smx] Successfully parsed and set up 11 vote warnings.
L 11/03/2017 - 18:15:20: [umc-rockthevote.smx] RTV will be made available in 60 seconds.
L 11/03/2017 - 18:16:21: [umc-rockthevote.smx] RTV is now available.
L 11/03/2017 - 18:51:56: [umc-rockthevote.smx] Starting RTV.
L 11/03/2017 - 18:51:56: [umc-core.smx] Initiating Vote Type: Map
L 11/03/2017 - 18:52:08: [umc-core.smx] Setting nextmap to: emp_beachfront_b2
L 11/03/2017 - 18:52:08: [umc-randomcycle.smx] Disabling random nextmap selection.
L 11/03/2017 - 18:52:08: [umc-core.smx] umc-rockthevote.smx: Changing map to 'emp_beachfront_b2' in 5 seconds.
L 11/03/2017 - 18:52:08: [umc-core.smx] MAPVOTE: Players voted for map 'emp_beachfront_b2' from group 'Commander Maps'
L 11/03/2017 - 18:52:14: [umc-core.smx] ---------------------MAP CHANGE: emp_beachfront_b2---------------------
L 11/03/2017 - 18:52:14: [umc-endvote-warnings.smx] Successfully parsed and set up 11 vote warnings.
L 11/03/2017 - 18:52:14: [umc-rockthevote.smx] RTV will be made available in 60 seconds.
L 11/03/2017 - 18:53:16: [umc-rockthevote.smx] RTV is now available.
L 11/03/2017 - 18:56:11: [umc-nominate.smx] Oktay wants to nominate a map.
L 11/03/2017 - 18:56:46: [umc-core.smx] Setting nextmap to: con_district402
L 11/03/2017 - 18:56:46: [umc-randomcycle.smx] Disabling random nextmap selection.
L 11/03/2017 - 18:56:46: [umc-core.smx] umc-adminmenu.smx: Changing map to 'con_district402' in 5 seconds.
L 11/03/2017 - 18:56:46: [umc-adminmenu.smx] Oktay<3><[U:1:116496292]><> set the next map to con_district402 from group Infantry Maps.
L 11/03/2017 - 18:56:52: [umc-core.smx] ---------------------MAP CHANGE: con_district402---------------------
L 11/03/2017 - 18:56:52: [umc-endvote-warnings.smx] Successfully parsed and set up 11 vote warnings.
L 11/03/2017 - 18:56:52: [umc-rockthevote.smx] RTV will be made available in 60 seconds.
L 11/03/2017 - 18:57:53: [umc-rockthevote.smx] RTV is now available.
L 11/03/2017 - 19:13:49: [umc-core.smx] ---------------------MAP CHANGE: con_district402---------------------
L 11/03/2017 - 19:13:49: [umc-endvote-warnings.smx] Successfully parsed and set up 11 vote warnings.
L 11/03/2017 - 19:13:49: [umc-rockthevote.smx] RTV will be made available in 60 seconds.
L 11/03/2017 - 19:14:50: [umc-rockthevote.smx] RTV is now available.
L 11/03/2017 - 20:12:34: [umc-emp-mapvote.smx] Map vote will appear in 30 seconds.
L 11/03/2017 - 20:13:04: [umc-emp-mapvote.smx] Starting a map vote.
L 11/03/2017 - 20:13:04: [umc-core.smx] Initiating Vote Type: Map
L 11/03/2017 - 20:13:42: [umc-core.smx] RUNOFF: Starting runoff vote.
L 11/03/2017 - 20:13:42: [umc-core.smx] Initiating Vote Type: Map
L 11/03/2017 - 20:14:13: [umc-core.smx] Setting nextmap to: emp_crossroads
L 11/03/2017 - 20:14:13: [umc-randomcycle.smx] Disabling random nextmap selection.
L 11/03/2017 - 20:14:13: [umc-core.smx] umc-emp-mapvote.smx: Changing map to 'emp_crossroads' in 5 seconds.
L 11/03/2017 - 20:14:13: [umc-core.smx] MAPVOTE: Players voted for map 'emp_crossroads' from group 'Commander Maps'
L 11/03/2017 - 20:14:20: [umc-core.smx] ---------------------MAP CHANGE: emp_crossroads---------------------
L 11/03/2017 - 20:14:20: [umc-endvote-warnings.smx] Successfully parsed and set up 11 vote warnings.
L 11/03/2017 - 20:14:20: [umc-rockthevote.smx] RTV will be made available in 60 seconds.
L 11/03/2017 - 20:15:21: [umc-rockthevote.smx] RTV is now available.
