L 06/08/2018 - 14:13:25: [umc-core.smx] ---------------------MAP CHANGE: con_district402---------------------
L 06/08/2018 - 14:13:25: [umc-endvote-warnings.smx] Successfully parsed and set up 11 vote warnings.
L 06/08/2018 - 14:13:25: [umc-rockthevote.smx] RTV will be made available in 60 seconds.
L 06/08/2018 - 14:14:26: [umc-rockthevote.smx] RTV is now available.
L 06/08/2018 - 16:13:29: [umc-core.smx] ---------------------MAP CHANGE: con_district402---------------------
L 06/08/2018 - 16:13:29: [umc-endvote-warnings.smx] Successfully parsed and set up 11 vote warnings.
L 06/08/2018 - 16:13:29: [umc-rockthevote.smx] RTV will be made available in 60 seconds.
L 06/08/2018 - 16:14:30: [umc-rockthevote.smx] RTV is now available.
L 06/08/2018 - 16:22:13: [umc-core.smx] ---------------------MAP CHANGE: con_district402---------------------
L 06/08/2018 - 16:22:13: [umc-endvote-warnings.smx] Successfully parsed and set up 11 vote warnings.
L 06/08/2018 - 16:22:13: [umc-rockthevote.smx] RTV will be made available in 60 seconds.
L 06/08/2018 - 16:23:14: [umc-rockthevote.smx] RTV is now available.
L 06/08/2018 - 16:26:46: [umc-core.smx] ---------------------MAP CHANGE: con_district402---------------------
L 06/08/2018 - 16:26:47: [umc-endvote-warnings.smx] Successfully parsed and set up 11 vote warnings.
L 06/08/2018 - 16:26:47: [umc-rockthevote.smx] RTV will be made available in 60 seconds.
L 06/08/2018 - 16:27:48: [umc-rockthevote.smx] RTV is now available.
L 06/08/2018 - 16:32:17: [umc-core.smx] ---------------------MAP CHANGE: con_district402---------------------
L 06/08/2018 - 16:32:17: [umc-endvote-warnings.smx] Successfully parsed and set up 11 vote warnings.
L 06/08/2018 - 16:32:17: [umc-rockthevote.smx] RTV will be made available in 60 seconds.
L 06/08/2018 - 16:33:18: [umc-rockthevote.smx] RTV is now available.
L 06/08/2018 - 16:34:54: [umc-core.smx] ---------------------MAP CHANGE: con_district402---------------------
L 06/08/2018 - 16:34:54: [umc-endvote-warnings.smx] Successfully parsed and set up 11 vote warnings.
L 06/08/2018 - 16:34:54: [umc-rockthevote.smx] RTV will be made available in 60 seconds.
L 06/08/2018 - 16:35:55: [umc-rockthevote.smx] RTV is now available.
L 06/08/2018 - 16:45:11: [umc-core.smx] ---------------------MAP CHANGE: con_district402---------------------
L 06/08/2018 - 16:45:11: [umc-endvote-warnings.smx] Successfully parsed and set up 11 vote warnings.
L 06/08/2018 - 16:45:11: [umc-rockthevote.smx] RTV will be made available in 60 seconds.
L 06/08/2018 - 16:46:12: [umc-rockthevote.smx] RTV is now available.
L 06/08/2018 - 16:55:22: [umc-core.smx] ---------------------MAP CHANGE: con_district402---------------------
L 06/08/2018 - 16:55:22: [umc-endvote-warnings.smx] Successfully parsed and set up 11 vote warnings.
L 06/08/2018 - 16:55:22: [umc-rockthevote.smx] RTV will be made available in 60 seconds.
L 06/08/2018 - 16:56:23: [umc-rockthevote.smx] RTV is now available.
L 06/08/2018 - 17:03:35: [umc-core.smx] ---------------------MAP CHANGE: con_district402---------------------
L 06/08/2018 - 17:03:35: [umc-endvote-warnings.smx] Successfully parsed and set up 11 vote warnings.
L 06/08/2018 - 17:03:35: [umc-rockthevote.smx] RTV will be made available in 60 seconds.
L 06/08/2018 - 17:04:36: [umc-rockthevote.smx] RTV is now available.
L 06/08/2018 - 17:39:09: [umc-core.smx] ---------------------MAP CHANGE: con_district402---------------------
L 06/08/2018 - 17:39:10: [umc-endvote-warnings.smx] Successfully parsed and set up 11 vote warnings.
L 06/08/2018 - 17:39:10: [umc-rockthevote.smx] RTV will be made available in 60 seconds.
L 06/08/2018 - 17:40:11: [umc-rockthevote.smx] RTV is now available.
L 06/08/2018 - 17:46:14: [umc-core.smx] ---------------------MAP CHANGE: con_district402---------------------
L 06/08/2018 - 17:46:14: [umc-endvote-warnings.smx] Successfully parsed and set up 11 vote warnings.
L 06/08/2018 - 17:46:14: [umc-rockthevote.smx] RTV will be made available in 60 seconds.
L 06/08/2018 - 17:47:15: [umc-rockthevote.smx] RTV is now available.
L 06/08/2018 - 17:53:40: [umc-core.smx] ---------------------MAP CHANGE: emp_canyon---------------------
L 06/08/2018 - 17:53:40: [umc-endvote-warnings.smx] Successfully parsed and set up 11 vote warnings.
L 06/08/2018 - 17:53:40: [umc-rockthevote.smx] RTV will be made available in 60 seconds.
L 06/08/2018 - 17:54:41: [umc-rockthevote.smx] RTV is now available.
L 06/08/2018 - 18:47:27: [umc-nominate.smx] Oktay wants to nominate a map.
L 06/08/2018 - 18:47:30: [umc-nominate.smx] Oktay has nominated 'emp_crossroads_towerless_hce' from group 'Commander Maps'
L 06/08/2018 - 18:51:08: [umc-emp-mapvote.smx] Map vote will appear in 30 seconds.
L 06/08/2018 - 18:51:38: [umc-emp-mapvote.smx] Starting a map vote.
L 06/08/2018 - 18:51:38: [umc-core.smx] VOTE MENU: (Verbose) Fetching 7 maps from group 'Commander Maps'
L 06/08/2018 - 18:51:38: [umc-core.smx] VOTE MENU: (Verbose) Nominated map 'emp_crossroads_towerless_hce' from group 'Commander Maps' was added to the vote.
L 06/08/2018 - 18:51:38: [umc-core.smx] VOTE MENU: (Verbose) Finished parsing nominations for map group 'Commander Maps'
L 06/08/2018 - 18:51:38: [umc-core.smx] VOTE MENU: (Verbose) Still need to fetch 6 maps from the group.
L 06/08/2018 - 18:51:38: [umc-core.smx] VOTE MENU: (Verbose) Selected map 'emp_beachfront_b2_hce' from group 'Commander Maps' was added to the vote.
L 06/08/2018 - 18:51:38: [umc-core.smx] VOTE MENU: (Verbose) Selected map 'emp_drygulch_a7' from group 'Commander Maps' was added to the vote.
L 06/08/2018 - 18:51:38: [umc-core.smx] VOTE MENU: (Verbose) Selected map 'emp_downfall_hce' from group 'Commander Maps' was added to the vote.
L 06/08/2018 - 18:51:38: [umc-core.smx] VOTE MENU: (Verbose) No more maps in map group 'Commander Maps'
L 06/08/2018 - 18:51:38: [umc-core.smx] VOTE MENU: (Verbose) Fetching 1 maps from group 'Infantry Maps'
L 06/08/2018 - 18:51:38: [umc-core.smx] VOTE MENU: (Verbose) Finished parsing nominations for map group 'Infantry Maps'
L 06/08/2018 - 18:51:38: [umc-core.smx] VOTE MENU: (Verbose) Still need to fetch 1 maps from the group.
L 06/08/2018 - 18:51:38: [umc-core.smx] VOTE MENU: (Verbose) Selected map 'emp_vehicletraining_2013' from group 'Infantry Maps' was added to the vote.
L 06/08/2018 - 18:51:38: [umc-core.smx] VOTE MENU: (Verbose) Fetching 0 maps from group 'Cooldown Maps'
L 06/08/2018 - 18:51:38: [umc-core.smx] VOTE MENU: (Verbose) Finished parsing nominations for map group 'Cooldown Maps'
L 06/08/2018 - 18:51:38: [umc-core.smx] Initiating Vote Type: Map
L 06/08/2018 - 18:51:38: [umc-core.smx] Adding Clients to Vote:
L 06/08/2018 - 18:51:38: [umc-core.smx] 0: Mr. X. (2)
L 06/08/2018 - 18:51:38: [umc-core.smx] 1: Onyx128 (3)
L 06/08/2018 - 18:51:38: [umc-core.smx] 2: BBQ (5)
L 06/08/2018 - 18:51:38: [umc-core.smx] 3: Oktay (6)
L 06/08/2018 - 18:51:38: [umc-core.smx] 4: Spyer (7)
L 06/08/2018 - 18:51:38: [umc-core.smx] VOTE MENU:
L 06/08/2018 - 18:51:38: [umc-core.smx] 2: emp_crossroads (0)
L 06/08/2018 - 18:51:38: [umc-core.smx] 3: emp_drygulch (1)
L 06/08/2018 - 18:51:38: [umc-core.smx] 4: emp_beachfront (2)
L 06/08/2018 - 18:51:38: [umc-core.smx] 5: emp_downfall (3)
L 06/08/2018 - 18:51:38: [umc-core.smx] 6: con_vehicletraining (4)
L 06/08/2018 - 18:52:09: [umc-emp-mapvote.smx] WARNING: Map Voting failure. Initiating random map fail-safe.
L 06/08/2018 - 18:52:09: [umc-core.smx] Setting nextmap to: emp_beachfront_b2_hce
L 06/08/2018 - 18:52:09: [umc-randomcycle.smx] Disabling random nextmap selection.
L 06/08/2018 - 18:52:09: [umc-core.smx] umc-emp-mapvote.smx: Changing map to 'emp_beachfront_b2_hce' in 5 seconds.
L 06/08/2018 - 18:52:09: [umc-core.smx] Vote has concluded.
L 06/08/2018 - 18:52:16: [umc-core.smx] ---------------------MAP CHANGE: emp_beachfront_b2_hce---------------------
L 06/08/2018 - 18:52:16: [umc-endvote-warnings.smx] Successfully parsed and set up 11 vote warnings.
L 06/08/2018 - 18:52:16: [umc-rockthevote.smx] RTV will be made available in 60 seconds.
L 06/08/2018 - 18:53:17: [umc-rockthevote.smx] RTV is now available.
L 06/08/2018 - 19:49:48: [umc-nominate.smx] Grave wants to nominate a map.
L 06/08/2018 - 20:21:45: [umc-emp-mapvote.smx] Map vote will appear in 30 seconds.
L 06/08/2018 - 20:22:15: [umc-emp-mapvote.smx] Starting a map vote.
L 06/08/2018 - 20:22:15: [umc-core.smx] VOTE MENU: (Verbose) Fetching 7 maps from group 'Commander Maps'
L 06/08/2018 - 20:22:15: [umc-core.smx] VOTE MENU: (Verbose) Finished parsing nominations for map group 'Commander Maps'
L 06/08/2018 - 20:22:15: [umc-core.smx] VOTE MENU: (Verbose) Still need to fetch 7 maps from the group.
L 06/08/2018 - 20:22:15: [umc-core.smx] VOTE MENU: (Verbose) Selected map 'emp_downfall_hce' from group 'Commander Maps' was added to the vote.
L 06/08/2018 - 20:22:15: [umc-core.smx] VOTE MENU: (Verbose) Selected map 'emp_drygulch_a7' from group 'Commander Maps' was added to the vote.
L 06/08/2018 - 20:22:15: [umc-core.smx] VOTE MENU: (Verbose) Selected map 'emp_crossroads_towerless_hce' from group 'Commander Maps' was added to the vote.
L 06/08/2018 - 20:22:15: [umc-core.smx] VOTE MENU: (Verbose) No more maps in map group 'Commander Maps'
L 06/08/2018 - 20:22:15: [umc-core.smx] VOTE MENU: (Verbose) Fetching 1 maps from group 'Infantry Maps'
L 06/08/2018 - 20:22:15: [umc-core.smx] VOTE MENU: (Verbose) Finished parsing nominations for map group 'Infantry Maps'
L 06/08/2018 - 20:22:15: [umc-core.smx] VOTE MENU: (Verbose) Still need to fetch 1 maps from the group.
L 06/08/2018 - 20:22:15: [umc-core.smx] VOTE MENU: (Verbose) Selected map 'emp_shadows_attacks_fix' from group 'Infantry Maps' was added to the vote.
L 06/08/2018 - 20:22:15: [umc-core.smx] VOTE MENU: (Verbose) Fetching 0 maps from group 'Cooldown Maps'
L 06/08/2018 - 20:22:15: [umc-core.smx] VOTE MENU: (Verbose) Finished parsing nominations for map group 'Cooldown Maps'
L 06/08/2018 - 20:22:15: [umc-core.smx] Initiating Vote Type: Map
L 06/08/2018 - 20:22:15: [umc-core.smx] Adding Clients to Vote:
L 06/08/2018 - 20:22:15: [umc-core.smx] 0: Mr. X. (2)
L 06/08/2018 - 20:22:15: [umc-core.smx] 1: Oktay (3)
L 06/08/2018 - 20:22:15: [umc-core.smx] 2: Grave (4)
L 06/08/2018 - 20:22:15: [umc-core.smx] 3: Spyer (7)
L 06/08/2018 - 20:22:15: [umc-core.smx] VOTE MENU:
L 06/08/2018 - 20:22:15: [umc-core.smx] 2: emp_downfall (0)
L 06/08/2018 - 20:22:15: [umc-core.smx] 3: emp_drygulch (1)
L 06/08/2018 - 20:22:15: [umc-core.smx] 4: con_shadows_attacks (2)
L 06/08/2018 - 20:22:15: [umc-core.smx] 5: emp_crossroads (3)
L 06/08/2018 - 20:22:18: [umc-core.smx] Spyer<15><[U:1:34143605]><> selected menu item 3
L 06/08/2018 - 20:22:45: [umc-core.smx] Setting nextmap to: emp_shadows_attacks_fix
L 06/08/2018 - 20:22:45: [umc-randomcycle.smx] Disabling random nextmap selection.
L 06/08/2018 - 20:22:45: [umc-core.smx] umc-emp-mapvote.smx: Changing map to 'emp_shadows_attacks_fix' in 5 seconds.
L 06/08/2018 - 20:22:45: [umc-core.smx] MAPVOTE: Players voted for map 'emp_shadows_attacks_fix' from group 'Infantry Maps'
L 06/08/2018 - 20:22:45: [umc-core.smx] Vote has concluded.
L 06/08/2018 - 20:22:54: [umc-core.smx] ---------------------MAP CHANGE: emp_shadows_attacks_fix---------------------
L 06/08/2018 - 20:22:54: [umc-endvote-warnings.smx] Successfully parsed and set up 11 vote warnings.
L 06/08/2018 - 20:22:54: [umc-rockthevote.smx] RTV will be made available in 60 seconds.
L 06/08/2018 - 20:23:55: [umc-rockthevote.smx] RTV is now available.
L 06/08/2018 - 20:47:35: [umc-emp-mapvote.smx] Map vote will appear in 30 seconds.
L 06/08/2018 - 20:48:05: [umc-emp-mapvote.smx] Starting a map vote.
L 06/08/2018 - 20:48:05: [umc-core.smx] VOTE MENU: (Verbose) Fetching 7 maps from group 'Commander Maps'
L 06/08/2018 - 20:48:05: [umc-core.smx] VOTE MENU: (Verbose) Finished parsing nominations for map group 'Commander Maps'
L 06/08/2018 - 20:48:05: [umc-core.smx] VOTE MENU: (Verbose) Still need to fetch 7 maps from the group.
L 06/08/2018 - 20:48:05: [umc-core.smx] VOTE MENU: (Verbose) Selected map 'emp_drygulch_a7' from group 'Commander Maps' was added to the vote.
L 06/08/2018 - 20:48:05: [umc-core.smx] VOTE MENU: (Verbose) Selected map 'emp_crossroads_towerless_hce' from group 'Commander Maps' was added to the vote.
L 06/08/2018 - 20:48:05: [umc-core.smx] VOTE MENU: (Verbose) Selected map 'emp_downfall_hce' from group 'Commander Maps' was added to the vote.
L 06/08/2018 - 20:48:05: [umc-core.smx] VOTE MENU: (Verbose) No more maps in map group 'Commander Maps'
L 06/08/2018 - 20:48:05: [umc-core.smx] VOTE MENU: (Verbose) Fetching 1 maps from group 'Infantry Maps'
L 06/08/2018 - 20:48:05: [umc-core.smx] VOTE MENU: (Verbose) Finished parsing nominations for map group 'Infantry Maps'
L 06/08/2018 - 20:48:05: [umc-core.smx] VOTE MENU: (Verbose) Still need to fetch 1 maps from the group.
L 06/08/2018 - 20:48:05: [umc-core.smx] VOTE MENU: (Verbose) Selected map 'con_urbanchaos_comm_b2' from group 'Infantry Maps' was added to the vote.
L 06/08/2018 - 20:48:05: [umc-core.smx] VOTE MENU: (Verbose) Fetching 0 maps from group 'Cooldown Maps'
L 06/08/2018 - 20:48:05: [umc-core.smx] VOTE MENU: (Verbose) Finished parsing nominations for map group 'Cooldown Maps'
L 06/08/2018 - 20:48:05: [umc-core.smx] Initiating Vote Type: Map
L 06/08/2018 - 20:48:05: [umc-core.smx] Adding Clients to Vote:
L 06/08/2018 - 20:48:05: [umc-core.smx] 0: Mr. X. (2)
L 06/08/2018 - 20:48:05: [umc-core.smx] 1: Oktay (3)
L 06/08/2018 - 20:48:05: [umc-core.smx] 2: Grave (4)
L 06/08/2018 - 20:48:05: [umc-core.smx] 3: Skalk (5)
L 06/08/2018 - 20:48:05: [umc-core.smx] 4: Ozi (6)
L 06/08/2018 - 20:48:05: [umc-core.smx] 5: Spyer (7)
L 06/08/2018 - 20:48:05: [umc-core.smx] 6: Unlimited (8)
L 06/08/2018 - 20:48:05: [umc-core.smx] VOTE MENU:
L 06/08/2018 - 20:48:05: [umc-core.smx] 2: emp_drygulch (0)
L 06/08/2018 - 20:48:05: [umc-core.smx] 3: emp_downfall (1)
L 06/08/2018 - 20:48:05: [umc-core.smx] 4: emp_crossroads (2)
L 06/08/2018 - 20:48:05: [umc-core.smx] 5: con_urbanchaos (3)
L 06/08/2018 - 20:48:09: [umc-core.smx] Spyer<29><[U:1:34143605]><> selected menu item 4
L 06/08/2018 - 20:48:10: [umc-core.smx] Unlimited<31><[U:1:17130094]><> selected menu item 4
L 06/08/2018 - 20:48:12: [umc-core.smx] Ozi<28><[U:1:24496363]><> selected menu item 4
L 06/08/2018 - 20:48:13: [umc-core.smx] Grave<21><[U:1:34977414]><> selected menu item 4
L 06/08/2018 - 20:48:36: [umc-core.smx] Setting nextmap to: con_urbanchaos_comm_b2
L 06/08/2018 - 20:48:36: [umc-randomcycle.smx] Disabling random nextmap selection.
L 06/08/2018 - 20:48:36: [umc-core.smx] umc-emp-mapvote.smx: Changing map to 'con_urbanchaos_comm_b2' in 5 seconds.
L 06/08/2018 - 20:48:36: [umc-core.smx] MAPVOTE: Players voted for map 'con_urbanchaos_comm_b2' from group 'Infantry Maps'
L 06/08/2018 - 20:48:36: [umc-core.smx] Vote has concluded.
L 06/08/2018 - 20:48:42: [umc-core.smx] ---------------------MAP CHANGE: con_urbanchaos_comm_b2---------------------
L 06/08/2018 - 20:48:42: [umc-endvote-warnings.smx] Successfully parsed and set up 11 vote warnings.
L 06/08/2018 - 20:48:42: [umc-rockthevote.smx] RTV will be made available in 60 seconds.
L 06/08/2018 - 20:49:43: [umc-rockthevote.smx] RTV is now available.
L 06/08/2018 - 21:12:26: [umc-emp-mapvote.smx] Map vote will appear in 30 seconds.
L 06/08/2018 - 21:12:56: [umc-emp-mapvote.smx] Starting a map vote.
L 06/08/2018 - 21:12:56: [umc-core.smx] VOTE MENU: (Verbose) Fetching 7 maps from group 'Commander Maps'
L 06/08/2018 - 21:12:56: [umc-core.smx] VOTE MENU: (Verbose) Finished parsing nominations for map group 'Commander Maps'
L 06/08/2018 - 21:12:56: [umc-core.smx] VOTE MENU: (Verbose) Still need to fetch 7 maps from the group.
L 06/08/2018 - 21:12:56: [umc-core.smx] VOTE MENU: (Verbose) Selected map 'emp_drygulch_a7' from group 'Commander Maps' was added to the vote.
L 06/08/2018 - 21:12:56: [umc-core.smx] VOTE MENU: (Verbose) Selected map 'emp_crossroads_towerless_hce' from group 'Commander Maps' was added to the vote.
L 06/08/2018 - 21:12:56: [umc-core.smx] VOTE MENU: (Verbose) Selected map 'emp_downfall_hce' from group 'Commander Maps' was added to the vote.
L 06/08/2018 - 21:12:56: [umc-core.smx] VOTE MENU: (Verbose) No more maps in map group 'Commander Maps'
L 06/08/2018 - 21:12:56: [umc-core.smx] VOTE MENU: (Verbose) Fetching 1 maps from group 'Infantry Maps'
L 06/08/2018 - 21:12:56: [umc-core.smx] VOTE MENU: (Verbose) Finished parsing nominations for map group 'Infantry Maps'
L 06/08/2018 - 21:12:56: [umc-core.smx] VOTE MENU: (Verbose) Still need to fetch 1 maps from the group.
L 06/08/2018 - 21:12:56: [umc-core.smx] VOTE MENU: (Verbose) Selected map 'emp_havoc_b1_fix' from group 'Infantry Maps' was added to the vote.
L 06/08/2018 - 21:12:56: [umc-core.smx] VOTE MENU: (Verbose) Fetching 0 maps from group 'Cooldown Maps'
L 06/08/2018 - 21:12:56: [umc-core.smx] VOTE MENU: (Verbose) Finished parsing nominations for map group 'Cooldown Maps'
L 06/08/2018 - 21:12:56: [umc-core.smx] Initiating Vote Type: Map
L 06/08/2018 - 21:12:56: [umc-core.smx] Adding Clients to Vote:
L 06/08/2018 - 21:12:56: [umc-core.smx] 0: Mr. X. (2)
L 06/08/2018 - 21:12:56: [umc-core.smx] 1: Oktay (3)
L 06/08/2018 - 21:12:56: [umc-core.smx] 2: Grave (4)
L 06/08/2018 - 21:12:56: [umc-core.smx] 3: Skalk (5)
L 06/08/2018 - 21:12:56: [umc-core.smx] 4: Ozi (6)
L 06/08/2018 - 21:12:56: [umc-core.smx] 5: Spyer (7)
L 06/08/2018 - 21:12:56: [umc-core.smx] 6: Unlimited (8)
L 06/08/2018 - 21:12:56: [umc-core.smx] 7: amigamanic (10)
L 06/08/2018 - 21:12:56: [umc-core.smx] 8: TheElfis (11)
L 06/08/2018 - 21:12:56: [umc-core.smx] VOTE MENU:
L 06/08/2018 - 21:12:56: [umc-core.smx] 2: emp_downfall (0)
L 06/08/2018 - 21:12:56: [umc-core.smx] 3: con_havoc (1)
L 06/08/2018 - 21:12:56: [umc-core.smx] 4: emp_drygulch (2)
L 06/08/2018 - 21:12:56: [umc-core.smx] 5: emp_crossroads (3)
L 06/08/2018 - 21:13:03: [umc-core.smx] Unlimited<31><[U:1:17130094]><> selected menu item 1
L 06/08/2018 - 21:13:16: [umc-core.smx] TheElfis<37><[U:1:164555510]><> selected menu item 2
L 06/08/2018 - 21:13:27: [umc-core.smx] RUNOFF MENU: (Verbose) Building runoff vote menu.
L 06/08/2018 - 21:13:27: [umc-core.smx] RUNOFF MENU: (Verbose) Stopped removing options from the vote. Maximum possible winning vote percentage is 50%
L 06/08/2018 - 21:13:27: [umc-core.smx] Vote has concluded.
L 06/08/2018 - 21:13:35: [umc-core.smx] RUNOFF: Starting runoff vote.
L 06/08/2018 - 21:13:35: [umc-core.smx] Initiating Vote Type: Map
L 06/08/2018 - 21:13:35: [umc-core.smx] Adding Clients to Vote:
L 06/08/2018 - 21:13:35: [umc-core.smx] 0: Mr. X. (2)
L 06/08/2018 - 21:13:35: [umc-core.smx] 1: Oktay (3)
L 06/08/2018 - 21:13:35: [umc-core.smx] 2: Grave (4)
L 06/08/2018 - 21:13:35: [umc-core.smx] 3: Skalk (5)
L 06/08/2018 - 21:13:35: [umc-core.smx] 4: Ozi (6)
L 06/08/2018 - 21:13:35: [umc-core.smx] 5: Spyer (7)
L 06/08/2018 - 21:13:35: [umc-core.smx] 6: Unlimited (8)
L 06/08/2018 - 21:13:35: [umc-core.smx] 7: amigamanic (10)
L 06/08/2018 - 21:13:35: [umc-core.smx] 8: TheElfis (11)
L 06/08/2018 - 21:13:35: [umc-core.smx] VOTE MENU:
L 06/08/2018 - 21:13:35: [umc-core.smx] 2: emp_downfall (0)
L 06/08/2018 - 21:13:35: [umc-core.smx] 3: con_havoc (1)
L 06/08/2018 - 21:13:38: [umc-core.smx] TheElfis<37><[U:1:164555510]><> selected menu item 2
L 06/08/2018 - 21:13:42: [umc-core.smx] amigamanic<34><[U:1:38006896]><> selected menu item 2
L 06/08/2018 - 21:13:44: [umc-core.smx] Unlimited<31><[U:1:17130094]><> selected menu item 1
L 06/08/2018 - 21:13:52: [umc-core.smx] Skalk<33><[U:1:20539185]><> selected menu item 2
L 06/08/2018 - 21:13:54: [umc-core.smx] Grave<21><[U:1:34977414]><> selected menu item 1
L 06/08/2018 - 21:14:06: [umc-core.smx] Setting nextmap to: emp_havoc_b1_fix
L 06/08/2018 - 21:14:06: [umc-randomcycle.smx] Disabling random nextmap selection.
L 06/08/2018 - 21:14:06: [umc-core.smx] umc-emp-mapvote.smx: Changing map to 'emp_havoc_b1_fix' in 5 seconds.
L 06/08/2018 - 21:14:06: [umc-core.smx] MAPVOTE: Players voted for map 'emp_havoc_b1_fix' from group 'Infantry Maps'
L 06/08/2018 - 21:14:06: [umc-core.smx] Vote has concluded.
L 06/08/2018 - 21:14:14: [umc-core.smx] ---------------------MAP CHANGE: emp_havoc_b1_fix---------------------
L 06/08/2018 - 21:14:14: [umc-endvote-warnings.smx] Successfully parsed and set up 11 vote warnings.
L 06/08/2018 - 21:14:14: [umc-rockthevote.smx] RTV will be made available in 60 seconds.
L 06/08/2018 - 21:15:15: [umc-rockthevote.smx] RTV is now available.
L 06/08/2018 - 21:15:20: [umc-nominate.smx] Oktay wants to nominate a map.
L 06/08/2018 - 21:15:27: [umc-nominate.smx] Oktay has nominated 'emp_drygulch_a7' from group 'Commander Maps'
