L 07/08/2018 - 00:00:15: [umc-core.smx] Setting nextmap to: emp_streetsoffire_fix
L 07/08/2018 - 00:00:15: [umc-randomcycle.smx] Disabling random nextmap selection.
L 07/08/2018 - 00:00:15: [umc-core.smx] umc-rockthevote.smx: Changing map to 'emp_streetsoffire_fix' in 5 seconds.
L 07/08/2018 - 00:00:15: [umc-core.smx] MAPVOTE: Players voted for map 'emp_streetsoffire_fix' from group 'Commander Maps'
L 07/08/2018 - 00:00:15: [umc-core.smx] Vote has concluded.
L 07/08/2018 - 00:00:21: [umc-core.smx] ---------------------MAP CHANGE: emp_streetsoffire_fix---------------------
L 07/08/2018 - 00:00:22: [umc-endvote-warnings.smx] Successfully parsed and set up 11 vote warnings.
L 07/08/2018 - 00:00:22: [umc-rockthevote.smx] RTV will be made available in 60 seconds.
L 07/08/2018 - 00:01:23: [umc-rockthevote.smx] RTV is now available.
L 07/08/2018 - 00:14:40: [umc-nominate.smx] ScardyBob wants to nominate a map.
L 07/08/2018 - 00:14:40: [umc-core.smx] WARNING: Map "con_urbanchaos" does not exist on the server. (Group: "Infantry Maps")
L 07/08/2018 - 00:14:46: [umc-nominate.smx] ScardyBob has nominated 'emp_smokies_rc2_hce' from group 'Commander Maps'
L 07/08/2018 - 00:26:48: [umc-emp-mapvote.smx] Map vote will appear in 30 seconds.
L 07/08/2018 - 00:27:19: [umc-emp-mapvote.smx] Starting a map vote.
L 07/08/2018 - 00:27:19: [umc-core.smx] WARNING: Map "con_urbanchaos" does not exist on the server. (Group: "Infantry Maps")
L 07/08/2018 - 00:27:19: [umc-core.smx] VOTE MENU: (Verbose) Fetching 7 maps from group 'Commander Maps'
L 07/08/2018 - 00:27:19: [umc-core.smx] VOTE MENU: (Verbose) Nominated map 'emp_smokies_rc2_hce' from group 'Commander Maps' was added to the vote.
L 07/08/2018 - 00:27:19: [umc-core.smx] VOTE MENU: (Verbose) Finished parsing nominations for map group 'Commander Maps'
L 07/08/2018 - 00:27:19: [umc-core.smx] VOTE MENU: (Verbose) Still need to fetch 6 maps from the group.
L 07/08/2018 - 00:27:19: [umc-core.smx] VOTE MENU: (Verbose) Selected map 'emp_palmbay_fix' from group 'Commander Maps' was added to the vote.
L 07/08/2018 - 00:27:19: [umc-core.smx] VOTE MENU: (Verbose) Selected map 'emp_bush' from group 'Commander Maps' was added to the vote.
L 07/08/2018 - 00:27:19: [umc-core.smx] VOTE MENU: (Verbose) Selected map 'emp_dune_ob1' from group 'Commander Maps' was added to the vote.
L 07/08/2018 - 00:27:19: [umc-core.smx] VOTE MENU: (Verbose) Selected map 'emp_beachfront_b2_hce' from group 'Commander Maps' was added to the vote.
L 07/08/2018 - 00:27:19: [umc-core.smx] VOTE MENU: (Verbose) Selected map 'emp_silo_rc5_hce' from group 'Commander Maps' was added to the vote.
L 07/08/2018 - 00:27:19: [umc-core.smx] VOTE MENU: (Verbose) Selected map 'emp_blah4_hce' from group 'Commander Maps' was added to the vote.
L 07/08/2018 - 00:27:19: [umc-core.smx] VOTE MENU: (Verbose) Fetching 1 maps from group 'Infantry Maps'
L 07/08/2018 - 00:27:19: [umc-core.smx] VOTE MENU: (Verbose) Finished parsing nominations for map group 'Infantry Maps'
L 07/08/2018 - 00:27:19: [umc-core.smx] VOTE MENU: (Verbose) Still need to fetch 1 maps from the group.
L 07/08/2018 - 00:27:19: [umc-core.smx] VOTE MENU: (Verbose) No more maps in map group 'Infantry Maps'
L 07/08/2018 - 00:27:19: [umc-core.smx] VOTE MENU: (Verbose) Fetching 0 maps from group 'Cooldown Maps'
L 07/08/2018 - 00:27:19: [umc-core.smx] VOTE MENU: (Verbose) Finished parsing nominations for map group 'Cooldown Maps'
L 07/08/2018 - 00:27:19: [umc-core.smx] Initiating Vote Type: Map
L 07/08/2018 - 00:27:19: [umc-core.smx] Adding Clients to Vote:
L 07/08/2018 - 00:27:19: [umc-core.smx] 0: Mr. X. (2)
L 07/08/2018 - 00:27:19: [umc-core.smx] 1: object™ (3)
L 07/08/2018 - 00:27:19: [umc-core.smx] 2: Saber Artoria (4)
L 07/08/2018 - 00:27:19: [umc-core.smx] 3: Skalk (5)
L 07/08/2018 - 00:27:19: [umc-core.smx] 4: [3eGren] Lightning (6)
L 07/08/2018 - 00:27:19: [umc-core.smx] 5: S.DevilsCrazyman (7)
L 07/08/2018 - 00:27:19: [umc-core.smx] 6: Drunken Monkey (8)
L 07/08/2018 - 00:27:19: [umc-core.smx] 7: OpenDrawer (9)
L 07/08/2018 - 00:27:19: [umc-core.smx] 8: BIGD craig.gates (10)
L 07/08/2018 - 00:27:19: [umc-core.smx] 9: ScardyBob (11)
L 07/08/2018 - 00:27:19: [umc-core.smx] 10: Oktay (12)
L 07/08/2018 - 00:27:19: [umc-core.smx] 11: Kaene (15)
L 07/08/2018 - 00:27:19: [umc-core.smx] 12: Misfire! (16)
L 07/08/2018 - 00:27:19: [umc-core.smx] 13: Quigon (17)
L 07/08/2018 - 00:27:19: [umc-core.smx] 14: Wilko (20)
L 07/08/2018 - 00:27:19: [umc-core.smx] 15: =F= MrBlueSky (22)
L 07/08/2018 - 00:27:19: [umc-core.smx] 16: draklin (24)
L 07/08/2018 - 00:27:19: [umc-core.smx] 17: kNighty boi EXSQ (25)
L 07/08/2018 - 00:27:19: [umc-core.smx] 18: Steve_[UK] (26)
L 07/08/2018 - 00:27:19: [umc-core.smx] 19: JK (27)
L 07/08/2018 - 00:27:19: [umc-core.smx] 20: YouzY (32)
L 07/08/2018 - 00:27:19: [umc-core.smx] VOTE MENU:
L 07/08/2018 - 00:27:19: [umc-core.smx] 2: emp_smokies (0)
L 07/08/2018 - 00:27:19: [umc-core.smx] 3: emp_beachfront (1)
L 07/08/2018 - 00:27:19: [umc-core.smx] 4: emp_blah4 (2)
L 07/08/2018 - 00:27:19: [umc-core.smx] 5: emp_palmbay (3)
L 07/08/2018 - 00:27:19: [umc-core.smx] 6: emp_bush (4)
L 07/08/2018 - 00:27:19: [umc-core.smx] 7: emp_silo (5)
L 07/08/2018 - 00:27:19: [umc-core.smx] 8: emp_dune (6)
L 07/08/2018 - 00:27:20: [umc-core.smx] Saber Artoria<72><[U:1:241289173]><> selected menu item 1
L 07/08/2018 - 00:27:21: [umc-core.smx] ScardyBob<34><[U:1:21571057]><> selected menu item 1
L 07/08/2018 - 00:27:24: [umc-core.smx] Oktay<53><[U:1:116496292]><> selected menu item 1
L 07/08/2018 - 00:27:25: [umc-core.smx] [3eGren] Lightning<70><[U:1:44158129]><> selected menu item 1
L 07/08/2018 - 00:27:26: [umc-core.smx] object™<4><[U:1:1221009]><> selected menu item 2
L 07/08/2018 - 00:27:26: [umc-core.smx] Quigon<35><[U:1:5653485]><> selected menu item 4
L 07/08/2018 - 00:27:27: [umc-core.smx] Drunken Monkey<74><[U:1:17120665]><> selected menu item 1
L 07/08/2018 - 00:27:31: [umc-core.smx] S.DevilsCrazyman<73><[U:1:241843219]><> selected menu item 5
L 07/08/2018 - 00:27:32: [umc-core.smx] Misfire!<51><[U:1:146071390]><> selected menu item 1
L 07/08/2018 - 00:27:36: [umc-core.smx] Steve_[UK]<42><[U:1:7600510]><> selected menu item 2
L 07/08/2018 - 00:27:36: [umc-core.smx] Skalk<6><[U:1:20539185]><> selected menu item 1
L 07/08/2018 - 00:27:37: [umc-core.smx] Wilko<30><[U:1:1704795]><> selected menu item 7
L 07/08/2018 - 00:27:40: [umc-core.smx] BIGD craig.gates<13><[U:1:116552210]><> selected menu item 2
L 07/08/2018 - 00:27:44: [umc-core.smx] OpenDrawer<75><[U:1:27773546]><> selected menu item 5
L 07/08/2018 - 00:27:45: [umc-core.smx] Kaene<71><[U:1:57382116]><> selected menu item 1
L 07/08/2018 - 00:27:49: [umc-core.smx] RUNOFF MENU: (Verbose) Building runoff vote menu.
L 07/08/2018 - 00:27:49: [umc-core.smx] RUNOFF MENU: (Verbose) 'emp_dune' was removed from the vote. It had 1 votes (7 of total)
L 07/08/2018 - 00:27:49: [umc-core.smx] RUNOFF MENU: (Verbose) 'emp_palmbay' was removed from the vote. It had 1 votes (7 of total)
L 07/08/2018 - 00:27:49: [umc-core.smx] RUNOFF MENU: (Verbose) 'emp_bush' was removed from the vote. It had 2 votes (14 of total)
L 07/08/2018 - 00:27:49: [umc-core.smx] RUNOFF MENU: (Verbose) Stopped removing options from the vote. Maximum possible winning vote percentage is 78%
L 07/08/2018 - 00:27:49: [umc-core.smx] Vote has concluded.
L 07/08/2018 - 00:27:57: [umc-core.smx] RUNOFF: Starting runoff vote.
L 07/08/2018 - 00:27:57: [umc-core.smx] Initiating Vote Type: Map
L 07/08/2018 - 00:27:57: [umc-core.smx] Adding Clients to Vote:
L 07/08/2018 - 00:27:57: [umc-core.smx] 1: object™ (3)
L 07/08/2018 - 00:27:57: [umc-core.smx] 2: Saber Artoria (4)
L 07/08/2018 - 00:27:57: [umc-core.smx] 3: Skalk (5)
L 07/08/2018 - 00:27:57: [umc-core.smx] 4: [3eGren] Lightning (6)
L 07/08/2018 - 00:27:57: [umc-core.smx] 5: S.DevilsCrazyman (7)
L 07/08/2018 - 00:27:57: [umc-core.smx] 6: Drunken Monkey (8)
L 07/08/2018 - 00:27:57: [umc-core.smx] 7: OpenDrawer (9)
L 07/08/2018 - 00:27:57: [umc-core.smx] 8: BIGD craig.gates (10)
L 07/08/2018 - 00:27:57: [umc-core.smx] 9: ScardyBob (11)
L 07/08/2018 - 00:27:57: [umc-core.smx] 11: Kaene (15)
L 07/08/2018 - 00:27:57: [umc-core.smx] 12: Misfire! (16)
L 07/08/2018 - 00:27:57: [umc-core.smx] 13: Quigon (17)
L 07/08/2018 - 00:27:57: [umc-core.smx] 14: Wilko (20)
L 07/08/2018 - 00:27:57: [umc-core.smx] 17: kNighty boi EXSQ (25)
L 07/08/2018 - 00:27:57: [umc-core.smx] 18: Steve_[UK] (26)
L 07/08/2018 - 00:27:57: [umc-core.smx] 19: JK (27)
L 07/08/2018 - 00:27:57: [umc-core.smx] VOTE MENU:
L 07/08/2018 - 00:27:57: [umc-core.smx] 2: emp_smokies (0)
L 07/08/2018 - 00:27:57: [umc-core.smx] 3: emp_beachfront (1)
L 07/08/2018 - 00:27:58: [umc-core.smx] Saber Artoria<72><[U:1:241289173]><> selected menu item 1
L 07/08/2018 - 00:28:00: [umc-core.smx] kNighty boi EXSQ<56><[U:1:133088996]><> selected menu item 2
L 07/08/2018 - 00:28:00: [umc-core.smx] Drunken Monkey<74><[U:1:17120665]><> selected menu item 1
L 07/08/2018 - 00:28:00: [umc-core.smx] ScardyBob<34><[U:1:21571057]><> selected menu item 2
L 07/08/2018 - 00:28:03: [umc-core.smx] [3eGren] Lightning<70><[U:1:44158129]><> selected menu item 1
L 07/08/2018 - 00:28:15: [umc-core.smx] BIGD craig.gates<13><[U:1:116552210]><> selected menu item 2
L 07/08/2018 - 00:28:15: [umc-core.smx] Misfire!<51><[U:1:146071390]><> selected menu item 1
L 07/08/2018 - 00:28:16: [umc-core.smx] OpenDrawer<75><[U:1:27773546]><> selected menu item 2
L 07/08/2018 - 00:28:24: [umc-core.smx] Skalk<6><[U:1:20539185]><> selected menu item 2
L 07/08/2018 - 00:28:28: [umc-core.smx] Setting nextmap to: emp_beachfront_b2_hce
L 07/08/2018 - 00:28:28: [umc-randomcycle.smx] Disabling random nextmap selection.
L 07/08/2018 - 00:28:28: [umc-core.smx] umc-emp-mapvote.smx: Changing map to 'emp_beachfront_b2_hce' in 5 seconds.
L 07/08/2018 - 00:28:28: [umc-core.smx] MAPVOTE: Players voted for map 'emp_beachfront_b2_hce' from group 'Commander Maps'
L 07/08/2018 - 00:28:28: [umc-core.smx] Vote has concluded.
L 07/08/2018 - 00:28:33: [umc-core.smx] ---------------------MAP CHANGE: emp_beachfront_b2_hce---------------------
L 07/08/2018 - 00:28:33: [umc-endvote-warnings.smx] Successfully parsed and set up 11 vote warnings.
L 07/08/2018 - 00:28:33: [umc-rockthevote.smx] RTV will be made available in 60 seconds.
L 07/08/2018 - 00:29:34: [umc-rockthevote.smx] RTV is now available.
L 07/08/2018 - 00:55:46: [umc-emp-mapvote.smx] Map vote will appear in 30 seconds.
L 07/08/2018 - 00:56:16: [umc-emp-mapvote.smx] Starting a map vote.
L 07/08/2018 - 00:56:16: [umc-core.smx] WARNING: Map "con_urbanchaos" does not exist on the server. (Group: "Infantry Maps")
L 07/08/2018 - 00:56:16: [umc-core.smx] VOTE MENU: (Verbose) Fetching 7 maps from group 'Commander Maps'
L 07/08/2018 - 00:56:16: [umc-core.smx] VOTE MENU: (Verbose) Finished parsing nominations for map group 'Commander Maps'
L 07/08/2018 - 00:56:16: [umc-core.smx] VOTE MENU: (Verbose) Still need to fetch 7 maps from the group.
L 07/08/2018 - 00:56:16: [umc-core.smx] VOTE MENU: (Verbose) Selected map 'emp_downfall_hce' from group 'Commander Maps' was added to the vote.
L 07/08/2018 - 00:56:16: [umc-core.smx] VOTE MENU: (Verbose) Selected map 'emp_drygulch_a7' from group 'Commander Maps' was added to the vote.
L 07/08/2018 - 00:56:16: [umc-core.smx] VOTE MENU: (Verbose) Selected map 'emp_crossroads_towerless_hce' from group 'Commander Maps' was added to the vote.
L 07/08/2018 - 00:56:16: [umc-core.smx] VOTE MENU: (Verbose) No more maps in map group 'Commander Maps'
L 07/08/2018 - 00:56:16: [umc-core.smx] VOTE MENU: (Verbose) Fetching 1 maps from group 'Infantry Maps'
L 07/08/2018 - 00:56:16: [umc-core.smx] VOTE MENU: (Verbose) Finished parsing nominations for map group 'Infantry Maps'
L 07/08/2018 - 00:56:16: [umc-core.smx] VOTE MENU: (Verbose) Still need to fetch 1 maps from the group.
L 07/08/2018 - 00:56:16: [umc-core.smx] VOTE MENU: (Verbose) Selected map 'con_blast_ob2' from group 'Infantry Maps' was added to the vote.
L 07/08/2018 - 00:56:16: [umc-core.smx] VOTE MENU: (Verbose) Fetching 0 maps from group 'Cooldown Maps'
L 07/08/2018 - 00:56:16: [umc-core.smx] VOTE MENU: (Verbose) Finished parsing nominations for map group 'Cooldown Maps'
L 07/08/2018 - 00:56:16: [umc-core.smx] Initiating Vote Type: Map
L 07/08/2018 - 00:56:16: [umc-core.smx] Adding Clients to Vote:
L 07/08/2018 - 00:56:16: [umc-core.smx] 0: 4 3 (2)
L 07/08/2018 - 00:56:16: [umc-core.smx] 1: Skalk (5)
L 07/08/2018 - 00:56:16: [umc-core.smx] 2: [3eGren] Lightning (6)
L 07/08/2018 - 00:56:16: [umc-core.smx] 3: OpenDrawer (9)
L 07/08/2018 - 00:56:16: [umc-core.smx] 4: Steve_[UK] (26)
L 07/08/2018 - 00:56:16: [umc-core.smx] VOTE MENU:
L 07/08/2018 - 00:56:16: [umc-core.smx] 2: emp_crossroads (0)
L 07/08/2018 - 00:56:16: [umc-core.smx] 3: emp_drygulch (1)
L 07/08/2018 - 00:56:16: [umc-core.smx] 4: con_blast (2)
L 07/08/2018 - 00:56:16: [umc-core.smx] 5: emp_downfall (3)
L 07/08/2018 - 00:56:23: [umc-core.smx] 4 3<76><[U:1:308447699]><> selected menu item 1
L 07/08/2018 - 00:56:34: [umc-core.smx] OpenDrawer<75><[U:1:27773546]><> selected menu item 1
L 07/08/2018 - 00:56:47: [umc-core.smx] Setting nextmap to: emp_crossroads_towerless_hce
L 07/08/2018 - 00:56:47: [umc-randomcycle.smx] Disabling random nextmap selection.
L 07/08/2018 - 00:56:47: [umc-core.smx] umc-emp-mapvote.smx: Changing map to 'emp_crossroads_towerless_hce' in 5 seconds.
L 07/08/2018 - 00:56:47: [umc-core.smx] MAPVOTE: Players voted for map 'emp_crossroads_towerless_hce' from group 'Commander Maps'
L 07/08/2018 - 00:56:47: [umc-core.smx] Vote has concluded.
L 07/08/2018 - 00:56:54: [umc-core.smx] ---------------------MAP CHANGE: emp_crossroads_towerless_hce---------------------
L 07/08/2018 - 00:56:54: [umc-endvote-warnings.smx] Successfully parsed and set up 11 vote warnings.
L 07/08/2018 - 00:56:54: [umc-rockthevote.smx] RTV will be made available in 60 seconds.
L 07/08/2018 - 00:57:55: [umc-rockthevote.smx] RTV is now available.
L 07/08/2018 - 14:42:31: [umc-core.smx] ---------------------MAP CHANGE: con_district402---------------------
L 07/08/2018 - 14:42:31: [umc-endvote-warnings.smx] Successfully parsed and set up 11 vote warnings.
L 07/08/2018 - 14:42:31: [umc-rockthevote.smx] RTV will be made available in 60 seconds.
L 07/08/2018 - 14:43:32: [umc-rockthevote.smx] RTV is now available.
L 07/08/2018 - 15:43:00: [umc-rockthevote.smx] Starting RTV.
L 07/08/2018 - 15:43:00: [umc-core.smx] WARNING: Map "con_urbanchaos" does not exist on the server. (Group: "Infantry Maps")
L 07/08/2018 - 15:43:00: [umc-core.smx] VOTE MENU: (Verbose) Fetching 7 maps from group 'Commander Maps'
L 07/08/2018 - 15:43:00: [umc-core.smx] VOTE MENU: (Verbose) Finished parsing nominations for map group 'Commander Maps'
L 07/08/2018 - 15:43:00: [umc-core.smx] VOTE MENU: (Verbose) Still need to fetch 7 maps from the group.
L 07/08/2018 - 15:43:00: [umc-core.smx] VOTE MENU: (Verbose) Selected map 'emp_downfall_hce' from group 'Commander Maps' was added to the vote.
L 07/08/2018 - 15:43:00: [umc-core.smx] VOTE MENU: (Verbose) Selected map 'emp_drygulch_a7' from group 'Commander Maps' was added to the vote.
L 07/08/2018 - 15:43:00: [umc-core.smx] VOTE MENU: (Verbose) Selected map 'emp_crossroads_towerless_hce' from group 'Commander Maps' was added to the vote.
L 07/08/2018 - 15:43:00: [umc-core.smx] VOTE MENU: (Verbose) Selected map 'emp_beachfront_b2_hce' from group 'Commander Maps' was added to the vote.
L 07/08/2018 - 15:43:00: [umc-core.smx] VOTE MENU: (Verbose) No more maps in map group 'Commander Maps'
L 07/08/2018 - 15:43:00: [umc-core.smx] VOTE MENU: (Verbose) Fetching 1 maps from group 'Infantry Maps'
L 07/08/2018 - 15:43:00: [umc-core.smx] VOTE MENU: (Verbose) Finished parsing nominations for map group 'Infantry Maps'
L 07/08/2018 - 15:43:00: [umc-core.smx] VOTE MENU: (Verbose) Still need to fetch 1 maps from the group.
L 07/08/2018 - 15:43:00: [umc-core.smx] VOTE MENU: (Verbose) Selected map 'con_glycencity' from group 'Infantry Maps' was added to the vote.
L 07/08/2018 - 15:43:00: [umc-core.smx] VOTE MENU: (Verbose) Fetching 0 maps from group 'Cooldown Maps'
L 07/08/2018 - 15:43:00: [umc-core.smx] VOTE MENU: (Verbose) Finished parsing nominations for map group 'Cooldown Maps'
L 07/08/2018 - 15:43:00: [umc-core.smx] Initiating Vote Type: Map
L 07/08/2018 - 15:43:00: [umc-core.smx] Adding Clients to Vote:
L 07/08/2018 - 15:43:00: [umc-core.smx] 0: rauer (2)
L 07/08/2018 - 15:43:00: [umc-core.smx] VOTE MENU:
L 07/08/2018 - 15:43:00: [umc-core.smx] 2: emp_drygulch (0)
L 07/08/2018 - 15:43:00: [umc-core.smx] 3: emp_downfall (1)
L 07/08/2018 - 15:43:00: [umc-core.smx] 4: emp_beachfront (2)
L 07/08/2018 - 15:43:00: [umc-core.smx] 5: emp_crossroads (3)
L 07/08/2018 - 15:43:00: [umc-core.smx] 6: con_glycencity (4)
L 07/08/2018 - 15:43:04: [umc-core.smx] rauer<3><[U:1:2546402]><> selected menu item 3
L 07/08/2018 - 15:43:04: [umc-core.smx] Setting nextmap to: emp_beachfront_b2_hce
L 07/08/2018 - 15:43:04: [umc-randomcycle.smx] Disabling random nextmap selection.
L 07/08/2018 - 15:43:04: [umc-core.smx] umc-rockthevote.smx: Changing map to 'emp_beachfront_b2_hce' in 5 seconds.
L 07/08/2018 - 15:43:04: [umc-core.smx] MAPVOTE: Players voted for map 'emp_beachfront_b2_hce' from group 'Commander Maps'
L 07/08/2018 - 15:43:04: [umc-core.smx] Vote has concluded.
L 07/08/2018 - 15:43:10: [umc-core.smx] ---------------------MAP CHANGE: emp_beachfront_b2_hce---------------------
L 07/08/2018 - 15:43:10: [umc-endvote-warnings.smx] Successfully parsed and set up 11 vote warnings.
L 07/08/2018 - 15:43:11: [umc-rockthevote.smx] RTV will be made available in 60 seconds.
L 07/08/2018 - 15:44:12: [umc-rockthevote.smx] RTV is now available.
L 07/08/2018 - 15:54:48: [umc-nominate.smx] rauer wants to nominate a map.
L 07/08/2018 - 15:54:52: [umc-nominate.smx] rauer has nominated 'emp_crossroads_towerless_hce' from group 'Commander Maps'
L 07/08/2018 - 15:54:58: [umc-rockthevote.smx] Starting RTV.
L 07/08/2018 - 15:54:58: [umc-core.smx] WARNING: Map "con_urbanchaos" does not exist on the server. (Group: "Infantry Maps")
L 07/08/2018 - 15:54:58: [umc-core.smx] VOTE MENU: (Verbose) Fetching 7 maps from group 'Commander Maps'
L 07/08/2018 - 15:54:58: [umc-core.smx] VOTE MENU: (Verbose) Nominated map 'emp_crossroads_towerless_hce' from group 'Commander Maps' was added to the vote.
L 07/08/2018 - 15:54:58: [umc-core.smx] VOTE MENU: (Verbose) Finished parsing nominations for map group 'Commander Maps'
L 07/08/2018 - 15:54:58: [umc-core.smx] VOTE MENU: (Verbose) Still need to fetch 6 maps from the group.
L 07/08/2018 - 15:54:58: [umc-core.smx] VOTE MENU: (Verbose) Selected map 'emp_drygulch_a7' from group 'Commander Maps' was added to the vote.
L 07/08/2018 - 15:54:58: [umc-core.smx] VOTE MENU: (Verbose) Selected map 'emp_downfall_hce' from group 'Commander Maps' was added to the vote.
L 07/08/2018 - 15:54:58: [umc-core.smx] VOTE MENU: (Verbose) No more maps in map group 'Commander Maps'
L 07/08/2018 - 15:54:58: [umc-core.smx] VOTE MENU: (Verbose) Fetching 1 maps from group 'Infantry Maps'
L 07/08/2018 - 15:54:58: [umc-core.smx] VOTE MENU: (Verbose) Finished parsing nominations for map group 'Infantry Maps'
L 07/08/2018 - 15:54:58: [umc-core.smx] VOTE MENU: (Verbose) Still need to fetch 1 maps from the group.
L 07/08/2018 - 15:54:58: [umc-core.smx] VOTE MENU: (Verbose) Selected map 'con_glycencity' from group 'Infantry Maps' was added to the vote.
L 07/08/2018 - 15:54:58: [umc-core.smx] VOTE MENU: (Verbose) Fetching 0 maps from group 'Cooldown Maps'
L 07/08/2018 - 15:54:58: [umc-core.smx] VOTE MENU: (Verbose) Finished parsing nominations for map group 'Cooldown Maps'
L 07/08/2018 - 15:54:58: [umc-core.smx] Initiating Vote Type: Map
L 07/08/2018 - 15:54:58: [umc-core.smx] Adding Clients to Vote:
L 07/08/2018 - 15:54:58: [umc-core.smx] 0: rauer (2)
L 07/08/2018 - 15:54:58: [umc-core.smx] VOTE MENU:
L 07/08/2018 - 15:54:58: [umc-core.smx] 2: emp_crossroads (0)
L 07/08/2018 - 15:54:58: [umc-core.smx] 3: con_glycencity (1)
L 07/08/2018 - 15:54:58: [umc-core.smx] 4: emp_downfall (2)
L 07/08/2018 - 15:54:58: [umc-core.smx] 5: emp_drygulch (3)
L 07/08/2018 - 15:55:00: [umc-core.smx] rauer<3><[U:1:2546402]><> selected menu item 1
L 07/08/2018 - 15:55:00: [umc-core.smx] Setting nextmap to: emp_crossroads_towerless_hce
L 07/08/2018 - 15:55:00: [umc-randomcycle.smx] Disabling random nextmap selection.
L 07/08/2018 - 15:55:00: [umc-core.smx] umc-rockthevote.smx: Changing map to 'emp_crossroads_towerless_hce' in 5 seconds.
L 07/08/2018 - 15:55:00: [umc-core.smx] MAPVOTE: Players voted for map 'emp_crossroads_towerless_hce' from group 'Commander Maps'
L 07/08/2018 - 15:55:00: [umc-core.smx] Vote has concluded.
L 07/08/2018 - 15:55:06: [umc-core.smx] ---------------------MAP CHANGE: emp_crossroads_towerless_hce---------------------
L 07/08/2018 - 15:55:06: [umc-endvote-warnings.smx] Successfully parsed and set up 11 vote warnings.
L 07/08/2018 - 15:55:06: [umc-rockthevote.smx] RTV will be made available in 60 seconds.
L 07/08/2018 - 15:56:07: [umc-rockthevote.smx] RTV is now available.
L 07/08/2018 - 19:33:57: [umc-nominate.smx] Mr. X. wants to nominate a map.
L 07/08/2018 - 19:33:58: [umc-core.smx] WARNING: Map "con_urbanchaos" does not exist on the server. (Group: "Infantry Maps")
L 07/08/2018 - 19:33:59: [umc-nominate.smx] Mr. X. has nominated 'emp_vehicletraining_2013' from group 'Infantry Maps'
L 07/08/2018 - 19:50:26: [umc-emp-mapvote.smx] Map vote will appear in 30 seconds.
L 07/08/2018 - 19:50:57: [umc-emp-mapvote.smx] Starting a map vote.
L 07/08/2018 - 19:50:57: [umc-core.smx] WARNING: Map "con_urbanchaos" does not exist on the server. (Group: "Infantry Maps")
L 07/08/2018 - 19:50:57: [umc-core.smx] VOTE MENU: (Verbose) Fetching 7 maps from group 'Commander Maps'
L 07/08/2018 - 19:50:57: [umc-core.smx] VOTE MENU: (Verbose) Finished parsing nominations for map group 'Commander Maps'
L 07/08/2018 - 19:50:57: [umc-core.smx] VOTE MENU: (Verbose) Still need to fetch 7 maps from the group.
L 07/08/2018 - 19:50:57: [umc-core.smx] VOTE MENU: (Verbose) Selected map 'emp_downfall_hce' from group 'Commander Maps' was added to the vote.
L 07/08/2018 - 19:50:57: [umc-core.smx] VOTE MENU: (Verbose) Selected map 'emp_drygulch_a7' from group 'Commander Maps' was added to the vote.
L 07/08/2018 - 19:50:57: [umc-core.smx] VOTE MENU: (Verbose) No more maps in map group 'Commander Maps'
L 07/08/2018 - 19:50:57: [umc-core.smx] VOTE MENU: (Verbose) Fetching 1 maps from group 'Infantry Maps'
L 07/08/2018 - 19:50:57: [umc-core.smx] VOTE MENU: (Verbose) Nominated map 'emp_vehicletraining_2013' from group 'Infantry Maps' was added to the vote.
L 07/08/2018 - 19:50:57: [umc-core.smx] VOTE MENU: (Verbose) Finished parsing nominations for map group 'Infantry Maps'
L 07/08/2018 - 19:50:57: [umc-core.smx] VOTE MENU: (Verbose) Fetching 0 maps from group 'Cooldown Maps'
L 07/08/2018 - 19:50:57: [umc-core.smx] VOTE MENU: (Verbose) Finished parsing nominations for map group 'Cooldown Maps'
L 07/08/2018 - 19:50:57: [umc-core.smx] Initiating Vote Type: Map
L 07/08/2018 - 19:50:57: [umc-core.smx] Adding Clients to Vote:
L 07/08/2018 - 19:50:57: [umc-core.smx] 0: rauer (2)
L 07/08/2018 - 19:50:57: [umc-core.smx] 1: V1RU58E9 (3)
L 07/08/2018 - 19:50:57: [umc-core.smx] 2: Mr. X. (4)
L 07/08/2018 - 19:50:57: [umc-core.smx] 3: RoShark (5)
L 07/08/2018 - 19:50:57: [umc-core.smx] 4: lbvf1 (6)
L 07/08/2018 - 19:50:57: [umc-core.smx] 5: memin (7)
L 07/08/2018 - 19:50:57: [umc-core.smx] 6: Big Boss BigTeef (8)
L 07/08/2018 - 19:50:57: [umc-core.smx] 7: Nowaf8037 (9)
L 07/08/2018 - 19:50:57: [umc-core.smx] 8: object™ (10)
L 07/08/2018 - 19:50:57: [umc-core.smx] 9: Mikleo (11)
L 07/08/2018 - 19:50:57: [umc-core.smx] VOTE MENU:
L 07/08/2018 - 19:50:57: [umc-core.smx] 2: emp_drygulch (0)
L 07/08/2018 - 19:50:57: [umc-core.smx] 3: con_vehicletraining (1)
L 07/08/2018 - 19:50:57: [umc-core.smx] 4: emp_downfall (2)
L 07/08/2018 - 19:50:59: [umc-core.smx] Big Boss BigTeef<15><[U:1:19757187]><> selected menu item 2
L 07/08/2018 - 19:51:02: [umc-core.smx] RoShark<9><[U:1:313949428]><> selected menu item 2
L 07/08/2018 - 19:51:02: [umc-core.smx] V1RU58E9<6><[U:1:247428675]><> selected menu item 2
L 07/08/2018 - 19:51:05: [umc-core.smx] memin<11><[U:1:91850791]><> selected menu item 1
L 07/08/2018 - 19:51:08: [umc-core.smx] object™<17><[U:1:1221009]><> selected menu item 2
L 07/08/2018 - 19:51:13: [umc-core.smx] rauer<3><[U:1:2546402]><> selected menu item 2
L 07/08/2018 - 19:51:14: [umc-core.smx] lbvf1<13><[U:1:329087616]><> selected menu item 2
L 07/08/2018 - 19:51:15: [umc-core.smx] Mikleo<19><[U:1:376259319]><> selected menu item 2
L 07/08/2018 - 19:51:17: [umc-core.smx] Nowaf8037<16><[U:1:309341142]><> selected menu item 2
L 07/08/2018 - 19:51:27: [umc-core.smx] Setting nextmap to: emp_vehicletraining_2013
L 07/08/2018 - 19:51:27: [umc-randomcycle.smx] Disabling random nextmap selection.
L 07/08/2018 - 19:51:27: [umc-core.smx] umc-emp-mapvote.smx: Changing map to 'emp_vehicletraining_2013' in 5 seconds.
L 07/08/2018 - 19:51:27: [umc-core.smx] MAPVOTE: Players voted for map 'emp_vehicletraining_2013' from group 'Infantry Maps'
L 07/08/2018 - 19:51:27: [umc-core.smx] Vote has concluded.
L 07/08/2018 - 19:51:33: [umc-core.smx] ---------------------MAP CHANGE: emp_vehicletraining_2013---------------------
L 07/08/2018 - 19:51:33: [umc-endvote-warnings.smx] Successfully parsed and set up 11 vote warnings.
L 07/08/2018 - 19:51:33: [umc-rockthevote.smx] RTV will be made available in 60 seconds.
L 07/08/2018 - 19:52:34: [umc-rockthevote.smx] RTV is now available.
L 07/08/2018 - 20:04:56: [umc-emp-mapvote.smx] Map vote will appear in 30 seconds.
L 07/08/2018 - 20:05:26: [umc-emp-mapvote.smx] Starting a map vote.
L 07/08/2018 - 20:05:26: [umc-core.smx] WARNING: Map "con_urbanchaos" does not exist on the server. (Group: "Infantry Maps")
L 07/08/2018 - 20:05:26: [umc-core.smx] VOTE MENU: (Verbose) Fetching 7 maps from group 'Commander Maps'
L 07/08/2018 - 20:05:26: [umc-core.smx] VOTE MENU: (Verbose) Finished parsing nominations for map group 'Commander Maps'
L 07/08/2018 - 20:05:26: [umc-core.smx] VOTE MENU: (Verbose) Still need to fetch 7 maps from the group.
L 07/08/2018 - 20:05:26: [umc-core.smx] VOTE MENU: (Verbose) Selected map 'emp_downfall_hce' from group 'Commander Maps' was added to the vote.
L 07/08/2018 - 20:05:26: [umc-core.smx] VOTE MENU: (Verbose) Selected map 'emp_drygulch_a7' from group 'Commander Maps' was added to the vote.
L 07/08/2018 - 20:05:26: [umc-core.smx] VOTE MENU: (Verbose) No more maps in map group 'Commander Maps'
L 07/08/2018 - 20:05:26: [umc-core.smx] VOTE MENU: (Verbose) Fetching 1 maps from group 'Infantry Maps'
L 07/08/2018 - 20:05:26: [umc-core.smx] VOTE MENU: (Verbose) Finished parsing nominations for map group 'Infantry Maps'
L 07/08/2018 - 20:05:26: [umc-core.smx] VOTE MENU: (Verbose) Still need to fetch 1 maps from the group.
L 07/08/2018 - 20:05:26: [umc-core.smx] VOTE MENU: (Verbose) Selected map 'emp_shadows_attacks_fix' from group 'Infantry Maps' was added to the vote.
L 07/08/2018 - 20:05:26: [umc-core.smx] VOTE MENU: (Verbose) Fetching 0 maps from group 'Cooldown Maps'
L 07/08/2018 - 20:05:26: [umc-core.smx] VOTE MENU: (Verbose) Finished parsing nominations for map group 'Cooldown Maps'
L 07/08/2018 - 20:05:26: [umc-core.smx] Initiating Vote Type: Map
L 07/08/2018 - 20:05:26: [umc-core.smx] Adding Clients to Vote:
L 07/08/2018 - 20:05:26: [umc-core.smx] 0: Spyer (2)
L 07/08/2018 - 20:05:26: [umc-core.smx] 1: V1RU58E9 (3)
L 07/08/2018 - 20:05:26: [umc-core.smx] 2: Mr. X. (4)
L 07/08/2018 - 20:05:26: [umc-core.smx] 3: RoShark (5)
L 07/08/2018 - 20:05:26: [umc-core.smx] 4: memin (7)
L 07/08/2018 - 20:05:26: [umc-core.smx] 5: Big Boss BigTeef (8)
L 07/08/2018 - 20:05:26: [umc-core.smx] 6: Nowaf8037 (9)
L 07/08/2018 - 20:05:26: [umc-core.smx] 7: object™ (10)
L 07/08/2018 - 20:05:26: [umc-core.smx] 8: Mikleo (11)
L 07/08/2018 - 20:05:26: [umc-core.smx] 9: THE_GODZ_OF_THUNDER (12)
L 07/08/2018 - 20:05:26: [umc-core.smx] 10: Open43 (13)
L 07/08/2018 - 20:05:26: [umc-core.smx] VOTE MENU:
L 07/08/2018 - 20:05:26: [umc-core.smx] 2: con_shadows_attacks (0)
L 07/08/2018 - 20:05:26: [umc-core.smx] 3: emp_downfall (1)
L 07/08/2018 - 20:05:26: [umc-core.smx] 4: emp_drygulch (2)
L 07/08/2018 - 20:05:31: [umc-core.smx] RoShark<9><[U:1:313949428]><> selected menu item 1
L 07/08/2018 - 20:05:31: [umc-core.smx] Big Boss BigTeef<15><[U:1:19757187]><> selected menu item 2
L 07/08/2018 - 20:05:34: [umc-core.smx] object™<17><[U:1:1221009]><> selected menu item 3
L 07/08/2018 - 20:05:35: [umc-core.smx] Mikleo<19><[U:1:376259319]><> selected menu item 2
L 07/08/2018 - 20:05:39: [umc-core.smx] memin<11><[U:1:91850791]><> selected menu item 2
L 07/08/2018 - 20:05:57: [umc-core.smx] Setting nextmap to: emp_downfall_hce
L 07/08/2018 - 20:05:57: [umc-randomcycle.smx] Disabling random nextmap selection.
L 07/08/2018 - 20:05:57: [umc-core.smx] umc-emp-mapvote.smx: Changing map to 'emp_downfall_hce' in 5 seconds.
L 07/08/2018 - 20:05:57: [umc-core.smx] MAPVOTE: Players voted for map 'emp_downfall_hce' from group 'Commander Maps'
L 07/08/2018 - 20:05:57: [umc-core.smx] Vote has concluded.
L 07/08/2018 - 20:06:02: [umc-core.smx] ---------------------MAP CHANGE: emp_downfall_hce---------------------
L 07/08/2018 - 20:06:02: [umc-endvote-warnings.smx] Successfully parsed and set up 11 vote warnings.
L 07/08/2018 - 20:06:02: [umc-rockthevote.smx] RTV will be made available in 60 seconds.
L 07/08/2018 - 20:07:03: [umc-rockthevote.smx] RTV is now available.
L 07/08/2018 - 21:04:18: [umc-emp-mapvote.smx] Map vote will appear in 30 seconds.
L 07/08/2018 - 21:04:30: [umc-nominate.smx] ScardyBob wants to nominate a map.
L 07/08/2018 - 21:04:30: [umc-core.smx] WARNING: Map "con_urbanchaos" does not exist on the server. (Group: "Infantry Maps")
L 07/08/2018 - 21:04:36: [umc-nominate.smx] ScardyBob has nominated 'emp_smokies_rc2_hce' from group 'Commander Maps'
L 07/08/2018 - 21:04:48: [umc-emp-mapvote.smx] Starting a map vote.
L 07/08/2018 - 21:04:48: [umc-core.smx] WARNING: Map "con_urbanchaos" does not exist on the server. (Group: "Infantry Maps")
L 07/08/2018 - 21:04:48: [umc-core.smx] VOTE MENU: (Verbose) Fetching 7 maps from group 'Commander Maps'
L 07/08/2018 - 21:04:48: [umc-core.smx] VOTE MENU: (Verbose) Nominated map 'emp_smokies_rc2_hce' from group 'Commander Maps' was added to the vote.
L 07/08/2018 - 21:04:48: [umc-core.smx] VOTE MENU: (Verbose) Finished parsing nominations for map group 'Commander Maps'
L 07/08/2018 - 21:04:48: [umc-core.smx] VOTE MENU: (Verbose) Still need to fetch 6 maps from the group.
L 07/08/2018 - 21:04:48: [umc-core.smx] VOTE MENU: (Verbose) Selected map 'emp_mesa_d6_hce' from group 'Commander Maps' was added to the vote.
L 07/08/2018 - 21:04:48: [umc-core.smx] VOTE MENU: (Verbose) Selected map 'emp_dune_ob1' from group 'Commander Maps' was added to the vote.
L 07/08/2018 - 21:04:48: [umc-core.smx] VOTE MENU: (Verbose) Selected map 'emp_arid_hce' from group 'Commander Maps' was added to the vote.
L 07/08/2018 - 21:04:48: [umc-core.smx] VOTE MENU: (Verbose) Selected map 'emp_glacial_b2' from group 'Commander Maps' was added to the vote.
L 07/08/2018 - 21:04:48: [umc-core.smx] VOTE MENU: (Verbose) Selected map 'emp_drygulch_a7' from group 'Commander Maps' was added to the vote.
L 07/08/2018 - 21:04:48: [umc-core.smx] VOTE MENU: (Verbose) Selected map 'emp_palmbay_fix' from group 'Commander Maps' was added to the vote.
L 07/08/2018 - 21:04:48: [umc-core.smx] VOTE MENU: (Verbose) Fetching 1 maps from group 'Infantry Maps'
L 07/08/2018 - 21:04:48: [umc-core.smx] VOTE MENU: (Verbose) Finished parsing nominations for map group 'Infantry Maps'
L 07/08/2018 - 21:04:48: [umc-core.smx] VOTE MENU: (Verbose) Still need to fetch 1 maps from the group.
L 07/08/2018 - 21:04:48: [umc-core.smx] VOTE MENU: (Verbose) No more maps in map group 'Infantry Maps'
L 07/08/2018 - 21:04:48: [umc-core.smx] VOTE MENU: (Verbose) Fetching 0 maps from group 'Cooldown Maps'
L 07/08/2018 - 21:04:48: [umc-core.smx] VOTE MENU: (Verbose) Finished parsing nominations for map group 'Cooldown Maps'
L 07/08/2018 - 21:04:48: [umc-core.smx] Initiating Vote Type: Map
L 07/08/2018 - 21:04:48: [umc-core.smx] Adding Clients to Vote:
L 07/08/2018 - 21:04:48: [umc-core.smx] 0: Spyer (2)
L 07/08/2018 - 21:04:48: [umc-core.smx] 1: V1RU58E9 (3)
L 07/08/2018 - 21:04:48: [umc-core.smx] 2: Mr. X. (4)
L 07/08/2018 - 21:04:48: [umc-core.smx] 3: RoShark (5)
L 07/08/2018 - 21:04:48: [umc-core.smx] 4: Griffin One Two (6)
L 07/08/2018 - 21:04:48: [umc-core.smx] 5: memin (7)
L 07/08/2018 - 21:04:48: [umc-core.smx] 6: Big Boss BigTeef (8)
L 07/08/2018 - 21:04:48: [umc-core.smx] 7: Nowaf8037 (9)
L 07/08/2018 - 21:04:48: [umc-core.smx] 8: object™ (10)
L 07/08/2018 - 21:04:48: [umc-core.smx] 9: Grave (11)
L 07/08/2018 - 21:04:48: [umc-core.smx] 10: Steve_[UK] (12)
L 07/08/2018 - 21:04:48: [umc-core.smx] 11: Open43 (13)
L 07/08/2018 - 21:04:48: [umc-core.smx] 12: Sir.DieALot (14)
L 07/08/2018 - 21:04:48: [umc-core.smx] 13: VV (15)
L 07/08/2018 - 21:04:48: [umc-core.smx] 14: Oktay (16)
L 07/08/2018 - 21:04:48: [umc-core.smx] 15: .|Ϟ|. Spike (17)
L 07/08/2018 - 21:04:48: [umc-core.smx] 16: ScardyBob (18)
L 07/08/2018 - 21:04:48: [umc-core.smx] 17: CrazyMRANZ (19)
L 07/08/2018 - 21:04:48: [umc-core.smx] 18: BIGD craig.gates (20)
L 07/08/2018 - 21:04:48: [umc-core.smx] 19: YouzY (21)
L 07/08/2018 - 21:04:48: [umc-core.smx] 20: FMI (22)
L 07/08/2018 - 21:04:48: [umc-core.smx] VOTE MENU:
L 07/08/2018 - 21:04:48: [umc-core.smx] 2: emp_glacial (0)
L 07/08/2018 - 21:04:48: [umc-core.smx] 3: emp_arid (1)
L 07/08/2018 - 21:04:48: [umc-core.smx] 4: emp_smokies (2)
L 07/08/2018 - 21:04:48: [umc-core.smx] 5: emp_palmbay (3)
L 07/08/2018 - 21:04:48: [umc-core.smx] 6: emp_mesa (4)
L 07/08/2018 - 21:04:48: [umc-core.smx] 7: emp_drygulch (5)
L 07/08/2018 - 21:04:48: [umc-core.smx] 8: emp_dune (6)
L 07/08/2018 - 21:04:52: [umc-core.smx] ScardyBob<33><[U:1:21571057]><> selected menu item 3
L 07/08/2018 - 21:04:53: [umc-core.smx] RoShark<9><[U:1:313949428]><> selected menu item 7
L 07/08/2018 - 21:04:53: [umc-core.smx] V1RU58E9<26><[U:1:247428675]><> selected menu item 4
L 07/08/2018 - 21:04:53: [umc-core.smx] memin<11><[U:1:91850791]><> selected menu item 5
L 07/08/2018 - 21:04:55: [umc-core.smx] VV<30><[U:1:5870260]><> selected menu item 4
L 07/08/2018 - 21:04:55: [umc-core.smx] BIGD craig.gates<39><[U:1:116552210]><> selected menu item 7
L 07/08/2018 - 21:04:56: [umc-core.smx] Open43<25><[U:1:308447699]><> selected menu item 7
L 07/08/2018 - 21:04:57: [umc-core.smx] Big Boss BigTeef<15><[U:1:19757187]><> selected menu item 4
L 07/08/2018 - 21:04:58: [umc-core.smx] object™<17><[U:1:1221009]><> selected menu item 4
L 07/08/2018 - 21:05:00: [umc-core.smx] CrazyMRANZ<37><[U:1:42657167]><> selected menu item 7
L 07/08/2018 - 21:05:01: [umc-core.smx] Mr. X.<7><[U:1:27106968]><> selected menu item 5
L 07/08/2018 - 21:05:03: [umc-core.smx] Grave<36><[U:1:34977414]><> selected menu item 5
L 07/08/2018 - 21:05:18: [umc-core.smx] RUNOFF MENU: (Verbose) Building runoff vote menu.
L 07/08/2018 - 21:05:18: [umc-core.smx] RUNOFF MENU: (Verbose) 'emp_smokies' was removed from the vote. It had 1 votes (8 of total)
L 07/08/2018 - 21:05:18: [umc-core.smx] RUNOFF MENU: (Verbose) 'emp_mesa' was removed from the vote. It had 3 votes (25 of total)
L 07/08/2018 - 21:05:18: [umc-core.smx] RUNOFF MENU: (Verbose) Stopped removing options from the vote. Maximum possible winning vote percentage is 66%
L 07/08/2018 - 21:05:18: [umc-core.smx] Vote has concluded.
L 07/08/2018 - 21:05:26: [umc-core.smx] RUNOFF: Starting runoff vote.
L 07/08/2018 - 21:05:26: [umc-core.smx] Initiating Vote Type: Map
L 07/08/2018 - 21:05:26: [umc-core.smx] Adding Clients to Vote:
L 07/08/2018 - 21:05:26: [umc-core.smx] 0: Spyer (2)
L 07/08/2018 - 21:05:26: [umc-core.smx] 1: V1RU58E9 (3)
L 07/08/2018 - 21:05:26: [umc-core.smx] 2: Mr. X. (4)
L 07/08/2018 - 21:05:26: [umc-core.smx] 3: RoShark (5)
L 07/08/2018 - 21:05:26: [umc-core.smx] 4: Griffin One Two (6)
L 07/08/2018 - 21:05:26: [umc-core.smx] 5: memin (7)
L 07/08/2018 - 21:05:26: [umc-core.smx] 6: Big Boss BigTeef (8)
L 07/08/2018 - 21:05:26: [umc-core.smx] 7: Nowaf8037 (9)
L 07/08/2018 - 21:05:26: [umc-core.smx] 8: object™ (10)
L 07/08/2018 - 21:05:26: [umc-core.smx] 9: Grave (11)
L 07/08/2018 - 21:05:26: [umc-core.smx] 10: Steve_[UK] (12)
L 07/08/2018 - 21:05:26: [umc-core.smx] 11: Open43 (13)
L 07/08/2018 - 21:05:26: [umc-core.smx] 12: Sir.DieALot (14)
L 07/08/2018 - 21:05:26: [umc-core.smx] 13: VV (15)
L 07/08/2018 - 21:05:26: [umc-core.smx] 14: Oktay (16)
L 07/08/2018 - 21:05:26: [umc-core.smx] 15: .|Ϟ|. Spike (17)
L 07/08/2018 - 21:05:26: [umc-core.smx] 16: ScardyBob (18)
L 07/08/2018 - 21:05:26: [umc-core.smx] 17: CrazyMRANZ (19)
L 07/08/2018 - 21:05:26: [umc-core.smx] 18: BIGD craig.gates (20)
L 07/08/2018 - 21:05:26: [umc-core.smx] 19: YouzY (21)
L 07/08/2018 - 21:05:26: [umc-core.smx] 20: FMI (22)
L 07/08/2018 - 21:05:26: [umc-core.smx] VOTE MENU:
L 07/08/2018 - 21:05:26: [umc-core.smx] 2: emp_dune (6)
L 07/08/2018 - 21:05:26: [umc-core.smx] 3: emp_palmbay (3)
L 07/08/2018 - 21:05:29: [umc-core.smx] .|Ϟ|. Spike<32><[U:1:39029790]><> selected menu item 2
L 07/08/2018 - 21:05:29: [umc-core.smx] RoShark<9><[U:1:313949428]><> selected menu item 1
L 07/08/2018 - 21:05:29: [umc-core.smx] BIGD craig.gates<39><[U:1:116552210]><> selected menu item 1
L 07/08/2018 - 21:05:29: [umc-core.smx] memin<11><[U:1:91850791]><> selected menu item 2
L 07/08/2018 - 21:05:29: [umc-core.smx] VV<30><[U:1:5870260]><> selected menu item 2
L 07/08/2018 - 21:05:29: [umc-core.smx] ScardyBob<33><[U:1:21571057]><> selected menu item 2
L 07/08/2018 - 21:05:31: [umc-core.smx] Open43<25><[U:1:308447699]><> selected menu item 1
L 07/08/2018 - 21:05:31: [umc-core.smx] V1RU58E9<26><[U:1:247428675]><> selected menu item 2
L 07/08/2018 - 21:05:35: [umc-core.smx] Big Boss BigTeef<15><[U:1:19757187]><> selected menu item 1
L 07/08/2018 - 21:05:35: [umc-core.smx] CrazyMRANZ<37><[U:1:42657167]><> selected menu item 2
L 07/08/2018 - 21:05:40: [umc-core.smx] Grave<36><[U:1:34977414]><> selected menu item 2
L 07/08/2018 - 21:05:40: [umc-core.smx] Mr. X.<7><[U:1:27106968]><> selected menu item 1
L 07/08/2018 - 21:05:57: [umc-core.smx] Setting nextmap to: emp_palmbay_fix
L 07/08/2018 - 21:05:57: [umc-randomcycle.smx] Disabling random nextmap selection.
L 07/08/2018 - 21:05:57: [umc-core.smx] umc-emp-mapvote.smx: Changing map to 'emp_palmbay_fix' in 5 seconds.
L 07/08/2018 - 21:05:57: [umc-core.smx] MAPVOTE: Players voted for map 'emp_palmbay_fix' from group 'Commander Maps'
L 07/08/2018 - 21:05:57: [umc-core.smx] Vote has concluded.
L 07/08/2018 - 21:06:03: [umc-core.smx] ---------------------MAP CHANGE: emp_palmbay_fix---------------------
L 07/08/2018 - 21:06:03: [umc-endvote-warnings.smx] Successfully parsed and set up 11 vote warnings.
L 07/08/2018 - 21:06:03: [umc-rockthevote.smx] RTV will be made available in 60 seconds.
L 07/08/2018 - 21:07:04: [umc-rockthevote.smx] RTV is now available.
L 07/08/2018 - 21:51:14: [umc-nominate.smx] Oktay wants to nominate a map.
L 07/08/2018 - 21:51:14: [umc-core.smx] WARNING: Map "con_urbanchaos" does not exist on the server. (Group: "Infantry Maps")
L 07/08/2018 - 21:51:19: [umc-nominate.smx] Oktay has nominated 'emp_mesa_d6_hce' from group 'Commander Maps'
L 07/08/2018 - 21:52:54: [umc-emp-mapvote.smx] Map vote will appear in 30 seconds.
L 07/08/2018 - 21:53:24: [umc-emp-mapvote.smx] Starting a map vote.
L 07/08/2018 - 21:53:24: [umc-core.smx] WARNING: Map "con_urbanchaos" does not exist on the server. (Group: "Infantry Maps")
L 07/08/2018 - 21:53:24: [umc-core.smx] VOTE MENU: (Verbose) Fetching 7 maps from group 'Commander Maps'
L 07/08/2018 - 21:53:24: [umc-core.smx] VOTE MENU: (Verbose) Nominated map 'emp_mesa_d6_hce' from group 'Commander Maps' was added to the vote.
L 07/08/2018 - 21:53:24: [umc-core.smx] VOTE MENU: (Verbose) Finished parsing nominations for map group 'Commander Maps'
L 07/08/2018 - 21:53:24: [umc-core.smx] VOTE MENU: (Verbose) Still need to fetch 6 maps from the group.
L 07/08/2018 - 21:53:24: [umc-core.smx] VOTE MENU: (Verbose) Selected map 'emp_arid_hce' from group 'Commander Maps' was added to the vote.
L 07/08/2018 - 21:53:24: [umc-core.smx] VOTE MENU: (Verbose) Selected map 'emp_fuel_a3_2013_hce' from group 'Commander Maps' was added to the vote.
L 07/08/2018 - 21:53:24: [umc-core.smx] VOTE MENU: (Verbose) Selected map 'emp_ward_rc2' from group 'Commander Maps' was added to the vote.
L 07/08/2018 - 21:53:24: [umc-core.smx] VOTE MENU: (Verbose) Selected map 'emp_research_1_2_2013' from group 'Commander Maps' was added to the vote.
L 07/08/2018 - 21:53:24: [umc-core.smx] VOTE MENU: (Verbose) Selected map 'emp_dune_ob1' from group 'Commander Maps' was added to the vote.
L 07/08/2018 - 21:53:24: [umc-core.smx] VOTE MENU: (Verbose) Selected map 'emp_duststorm_fix2' from group 'Commander Maps' was added to the vote.
L 07/08/2018 - 21:53:24: [umc-core.smx] VOTE MENU: (Verbose) Fetching 1 maps from group 'Infantry Maps'
L 07/08/2018 - 21:53:24: [umc-core.smx] VOTE MENU: (Verbose) Finished parsing nominations for map group 'Infantry Maps'
L 07/08/2018 - 21:53:24: [umc-core.smx] VOTE MENU: (Verbose) Still need to fetch 1 maps from the group.
L 07/08/2018 - 21:53:24: [umc-core.smx] VOTE MENU: (Verbose) No more maps in map group 'Infantry Maps'
L 07/08/2018 - 21:53:24: [umc-core.smx] VOTE MENU: (Verbose) Fetching 0 maps from group 'Cooldown Maps'
L 07/08/2018 - 21:53:24: [umc-core.smx] VOTE MENU: (Verbose) Finished parsing nominations for map group 'Cooldown Maps'
L 07/08/2018 - 21:53:24: [umc-core.smx] Initiating Vote Type: Map
L 07/08/2018 - 21:53:24: [umc-core.smx] Adding Clients to Vote:
L 07/08/2018 - 21:53:24: [umc-core.smx] 0: Spyer (2)
L 07/08/2018 - 21:53:24: [umc-core.smx] 1: V1RU58E9 (3)
L 07/08/2018 - 21:53:24: [umc-core.smx] 2: Mr. X. (4)
L 07/08/2018 - 21:53:24: [umc-core.smx] 3: RoShark (5)
L 07/08/2018 - 21:53:24: [umc-core.smx] 4: Griffin One Two (6)
L 07/08/2018 - 21:53:24: [umc-core.smx] 5: memin (7)
L 07/08/2018 - 21:53:24: [umc-core.smx] 6: Big Boss BigTeef (8)
L 07/08/2018 - 21:53:24: [umc-core.smx] 7: Mikleo (9)
L 07/08/2018 - 21:53:24: [umc-core.smx] 8: object™ (10)
L 07/08/2018 - 21:53:24: [umc-core.smx] 9: Grave (11)
L 07/08/2018 - 21:53:24: [umc-core.smx] 10: Steve_[UK] (12)
L 07/08/2018 - 21:53:24: [umc-core.smx] 11: Open43 (13)
L 07/08/2018 - 21:53:24: [umc-core.smx] 12: Sir.DieALot (14)
L 07/08/2018 - 21:53:24: [umc-core.smx] 13: VV (15)
L 07/08/2018 - 21:53:24: [umc-core.smx] 14: Oktay (16)
L 07/08/2018 - 21:53:24: [umc-core.smx] 15: .|Ϟ|. Spike (17)
L 07/08/2018 - 21:53:24: [umc-core.smx] 16: ScardyBob (18)
L 07/08/2018 - 21:53:24: [umc-core.smx] 17: CrazyMRANZ (19)
L 07/08/2018 - 21:53:24: [umc-core.smx] 18: BIGD craig.gates (20)
L 07/08/2018 - 21:53:24: [umc-core.smx] 19: YouzY (21)
L 07/08/2018 - 21:53:24: [umc-core.smx] 20: FMI (22)
L 07/08/2018 - 21:53:24: [umc-core.smx] 21: TacticalMoonDiaper (23)
L 07/08/2018 - 21:53:24: [umc-core.smx] 22: Linkthehobo (24)
L 07/08/2018 - 21:53:24: [umc-core.smx] 23: Alucard (25)
L 07/08/2018 - 21:53:24: [umc-core.smx] 24: POOTISMAN (26)
L 07/08/2018 - 21:53:24: [umc-core.smx] 25: Quigon (27)
L 07/08/2018 - 21:53:24: [umc-core.smx] 26: =[KXIC]= hopfi (28)
L 07/08/2018 - 21:53:24: [umc-core.smx] VOTE MENU:
L 07/08/2018 - 21:53:24: [umc-core.smx] 2: emp_research (0)
L 07/08/2018 - 21:53:24: [umc-core.smx] 3: emp_fuel (1)
L 07/08/2018 - 21:53:24: [umc-core.smx] 4: emp_mesa (2)
L 07/08/2018 - 21:53:24: [umc-core.smx] 5: emp_dune (3)
L 07/08/2018 - 21:53:24: [umc-core.smx] 6: emp_arid (4)
L 07/08/2018 - 21:53:24: [umc-core.smx] 7: emp_ward (5)
L 07/08/2018 - 21:53:24: [umc-core.smx] 8: emp_duststorm (6)
L 07/08/2018 - 21:53:27: [umc-core.smx] Oktay<31><[U:1:116496292]><> selected menu item 3
L 07/08/2018 - 21:53:28: [umc-core.smx] RoShark<9><[U:1:313949428]><> selected menu item 1
L 07/08/2018 - 21:53:29: [umc-core.smx] TacticalMoonDiaper<46><[U:1:28347240]><> selected menu item 7
L 07/08/2018 - 21:53:29: [umc-core.smx] POOTISMAN<50><[U:1:26527408]><> selected menu item 2
L 07/08/2018 - 21:53:29: [umc-core.smx] Grave<36><[U:1:34977414]><> selected menu item 3
L 07/08/2018 - 21:53:33: [umc-core.smx] Alucard<48><[U:1:15468617]><> selected menu item 1
L 07/08/2018 - 21:53:34: [umc-core.smx] Mr. X.<7><[U:1:27106968]><> selected menu item 3
L 07/08/2018 - 21:53:34: [umc-core.smx] memin<11><[U:1:91850791]><> selected menu item 4
L 07/08/2018 - 21:53:35: [umc-core.smx] BIGD craig.gates<39><[U:1:116552210]><> selected menu item 7
L 07/08/2018 - 21:53:35: [umc-core.smx] .|Ϟ|. Spike<32><[U:1:39029790]><> selected menu item 5
L 07/08/2018 - 21:53:39: [umc-core.smx] VV<30><[U:1:5870260]><> selected menu item 5
L 07/08/2018 - 21:53:40: [umc-core.smx] CrazyMRANZ<37><[U:1:42657167]><> selected menu item 5
L 07/08/2018 - 21:53:41: [umc-core.smx] Quigon<51><[U:1:5653485]><> selected menu item 5
L 07/08/2018 - 21:53:43: [umc-core.smx] Open43<25><[U:1:308447699]><> selected menu item 7
L 07/08/2018 - 21:53:43: [umc-core.smx] object™<17><[U:1:1221009]><> selected menu item 7
L 07/08/2018 - 21:53:44: [umc-core.smx] ScardyBob<33><[U:1:21571057]><> selected menu item 1
L 07/08/2018 - 21:53:46: [umc-core.smx] Linkthehobo<47><[U:1:69348980]><> selected menu item 5
L 07/08/2018 - 21:53:48: [umc-core.smx] FMI<42><[U:1:37995749]><> selected menu item 7
L 07/08/2018 - 21:53:50: [umc-core.smx] Big Boss BigTeef<15><[U:1:19757187]><> selected menu item 5
L 07/08/2018 - 21:53:54: [umc-core.smx] RUNOFF MENU: (Verbose) Building runoff vote menu.
L 07/08/2018 - 21:53:54: [umc-core.smx] RUNOFF MENU: (Verbose) 'emp_dune' was removed from the vote. It had 1 votes (5 of total)
L 07/08/2018 - 21:53:54: [umc-core.smx] RUNOFF MENU: (Verbose) 'emp_fuel' was removed from the vote. It had 1 votes (5 of total)
L 07/08/2018 - 21:53:54: [umc-core.smx] RUNOFF MENU: (Verbose) 'emp_mesa' was removed from the vote. It had 3 votes (15 of total)
L 07/08/2018 - 21:53:54: [umc-core.smx] RUNOFF MENU: (Verbose) 'emp_research' was removed from the vote. It had 3 votes (15 of total)
L 07/08/2018 - 21:53:54: [umc-core.smx] RUNOFF MENU: (Verbose) Stopped removing options from the vote. Maximum possible winning vote percentage is 73%
L 07/08/2018 - 21:53:54: [umc-core.smx] Vote has concluded.
L 07/08/2018 - 21:54:02: [umc-core.smx] RUNOFF: Starting runoff vote.
L 07/08/2018 - 21:54:02: [umc-core.smx] Initiating Vote Type: Map
L 07/08/2018 - 21:54:02: [umc-core.smx] Adding Clients to Vote:
L 07/08/2018 - 21:54:02: [umc-core.smx] 0: Spyer (2)
L 07/08/2018 - 21:54:02: [umc-core.smx] 1: V1RU58E9 (3)
L 07/08/2018 - 21:54:02: [umc-core.smx] 2: Mr. X. (4)
L 07/08/2018 - 21:54:02: [umc-core.smx] 3: RoShark (5)
L 07/08/2018 - 21:54:02: [umc-core.smx] 4: Griffin One Two (6)
L 07/08/2018 - 21:54:02: [umc-core.smx] 5: memin (7)
L 07/08/2018 - 21:54:02: [umc-core.smx] 6: Big Boss BigTeef (8)
L 07/08/2018 - 21:54:02: [umc-core.smx] 7: Mikleo (9)
L 07/08/2018 - 21:54:02: [umc-core.smx] 8: object™ (10)
L 07/08/2018 - 21:54:02: [umc-core.smx] 9: Grave (11)
L 07/08/2018 - 21:54:02: [umc-core.smx] 10: Steve_[UK] (12)
L 07/08/2018 - 21:54:02: [umc-core.smx] 11: Open43 (13)
L 07/08/2018 - 21:54:02: [umc-core.smx] 12: Sir.DieALot (14)
L 07/08/2018 - 21:54:02: [umc-core.smx] 13: VV (15)
L 07/08/2018 - 21:54:02: [umc-core.smx] 14: Oktay (16)
L 07/08/2018 - 21:54:02: [umc-core.smx] 15: .|Ϟ|. Spike (17)
L 07/08/2018 - 21:54:02: [umc-core.smx] 16: ScardyBob (18)
L 07/08/2018 - 21:54:02: [umc-core.smx] 17: CrazyMRANZ (19)
L 07/08/2018 - 21:54:02: [umc-core.smx] 18: BIGD craig.gates (20)
L 07/08/2018 - 21:54:02: [umc-core.smx] 19: YouzY (21)
L 07/08/2018 - 21:54:02: [umc-core.smx] 20: FMI (22)
L 07/08/2018 - 21:54:02: [umc-core.smx] 21: TacticalMoonDiaper (23)
L 07/08/2018 - 21:54:02: [umc-core.smx] 22: Linkthehobo (24)
L 07/08/2018 - 21:54:02: [umc-core.smx] 23: Alucard (25)
L 07/08/2018 - 21:54:02: [umc-core.smx] 24: POOTISMAN (26)
L 07/08/2018 - 21:54:02: [umc-core.smx] 25: Quigon (27)
L 07/08/2018 - 21:54:02: [umc-core.smx] 26: =[KXIC]= hopfi (28)
L 07/08/2018 - 21:54:02: [umc-core.smx] VOTE MENU:
L 07/08/2018 - 21:54:02: [umc-core.smx] 2: emp_arid (4)
L 07/08/2018 - 21:54:02: [umc-core.smx] 3: emp_duststorm (6)
L 07/08/2018 - 21:54:04: [umc-core.smx] memin<11><[U:1:91850791]><> selected menu item 1
L 07/08/2018 - 21:54:05: [umc-core.smx] VV<30><[U:1:5870260]><> selected menu item 1
L 07/08/2018 - 21:54:05: [umc-core.smx] Grave<36><[U:1:34977414]><> selected menu item 1
L 07/08/2018 - 21:54:05: [umc-core.smx] Mr. X.<7><[U:1:27106968]><> selected menu item 1
L 07/08/2018 - 21:54:06: [umc-core.smx] RoShark<9><[U:1:313949428]><> selected menu item 2
L 07/08/2018 - 21:54:07: [umc-core.smx] Linkthehobo<47><[U:1:69348980]><> selected menu item 1
L 07/08/2018 - 21:54:07: [umc-core.smx] POOTISMAN<50><[U:1:26527408]><> selected menu item 1
L 07/08/2018 - 21:54:07: [umc-core.smx] Oktay<31><[U:1:116496292]><> selected menu item 2
L 07/08/2018 - 21:54:08: [umc-core.smx] CrazyMRANZ<37><[U:1:42657167]><> selected menu item 1
L 07/08/2018 - 21:54:09: [umc-core.smx] V1RU58E9<26><[U:1:247428675]><> selected menu item 2
L 07/08/2018 - 21:54:18: [umc-core.smx] .|Ϟ|. Spike<32><[U:1:39029790]><> selected menu item 1
L 07/08/2018 - 21:54:21: [umc-core.smx] TacticalMoonDiaper<46><[U:1:28347240]><> selected menu item 2
L 07/08/2018 - 21:54:24: [umc-core.smx] BIGD craig.gates<39><[U:1:116552210]><> selected menu item 2
L 07/08/2018 - 21:54:25: [umc-core.smx] ScardyBob<33><[U:1:21571057]><> selected menu item 2
L 07/08/2018 - 21:54:33: [umc-core.smx] Setting nextmap to: emp_arid_hce
L 07/08/2018 - 21:54:33: [umc-randomcycle.smx] Disabling random nextmap selection.
L 07/08/2018 - 21:54:33: [umc-core.smx] umc-emp-mapvote.smx: Changing map to 'emp_arid_hce' in 5 seconds.
L 07/08/2018 - 21:54:33: [umc-core.smx] MAPVOTE: Players voted for map 'emp_arid_hce' from group 'Commander Maps'
L 07/08/2018 - 21:54:33: [umc-core.smx] Vote has concluded.
L 07/08/2018 - 21:54:39: [umc-core.smx] ---------------------MAP CHANGE: emp_arid_hce---------------------
L 07/08/2018 - 21:54:39: [umc-endvote-warnings.smx] Successfully parsed and set up 11 vote warnings.
L 07/08/2018 - 21:54:39: [umc-rockthevote.smx] RTV will be made available in 60 seconds.
L 07/08/2018 - 21:55:40: [umc-rockthevote.smx] RTV is now available.
L 07/08/2018 - 21:55:48: [umc-nominate.smx] BIGD craig.gates wants to nominate a map.
L 07/08/2018 - 21:55:48: [umc-core.smx] WARNING: Map "con_urbanchaos" does not exist on the server. (Group: "Infantry Maps")
L 07/08/2018 - 21:55:50: [umc-nominate.smx] Quigon wants to nominate a map.
L 07/08/2018 - 21:55:50: [umc-core.smx] WARNING: Map "con_urbanchaos" does not exist on the server. (Group: "Infantry Maps")
L 07/08/2018 - 21:55:53: [umc-core.smx] WARNING: Map "con_urbanchaos" does not exist on the server. (Group: "Infantry Maps")
L 07/08/2018 - 21:56:03: [umc-nominate.smx] BIGD craig.gates has nominated 'emp_forest_ob_2013_hce' from group 'Commander Maps'
L 07/08/2018 - 21:56:16: [umc-nominate.smx] Quigon wants to nominate a map.
L 07/08/2018 - 21:56:16: [umc-core.smx] WARNING: Map "con_urbanchaos" does not exist on the server. (Group: "Infantry Maps")
L 07/08/2018 - 21:56:25: [umc-nominate.smx] Quigon has nominated 'emp_blah4_hce' from group 'Commander Maps'
L 07/08/2018 - 22:03:21: [umc-nominate.smx] Oktay wants to nominate a map.
L 07/08/2018 - 22:03:21: [umc-core.smx] WARNING: Map "con_urbanchaos" does not exist on the server. (Group: "Infantry Maps")
L 07/08/2018 - 22:24:14: [umc-emp-mapvote.smx] Map vote will appear in 30 seconds.
L 07/08/2018 - 22:24:44: [umc-emp-mapvote.smx] Starting a map vote.
L 07/08/2018 - 22:24:44: [umc-core.smx] WARNING: Map "con_urbanchaos" does not exist on the server. (Group: "Infantry Maps")
L 07/08/2018 - 22:24:44: [umc-core.smx] VOTE MENU: (Verbose) Fetching 7 maps from group 'Commander Maps'
L 07/08/2018 - 22:24:44: [umc-core.smx] VOTE MENU: (Verbose) Nominated map 'emp_forest_ob_2013_hce' from group 'Commander Maps' was added to the vote.
L 07/08/2018 - 22:24:44: [umc-core.smx] VOTE MENU: (Verbose) Nominated map 'emp_blah4_hce' from group 'Commander Maps' was added to the vote.
L 07/08/2018 - 22:24:44: [umc-core.smx] VOTE MENU: (Verbose) Finished parsing nominations for map group 'Commander Maps'
L 07/08/2018 - 22:24:44: [umc-core.smx] VOTE MENU: (Verbose) Still need to fetch 5 maps from the group.
L 07/08/2018 - 22:24:44: [umc-core.smx] VOTE MENU: (Verbose) Selected map 'emp_cyclopean' from group 'Commander Maps' was added to the vote.
L 07/08/2018 - 22:24:44: [umc-core.smx] VOTE MENU: (Verbose) Selected map 'emp_insurrection_rc4' from group 'Commander Maps' was added to the vote.
L 07/08/2018 - 22:24:44: [umc-core.smx] VOTE MENU: (Verbose) Selected map 'emp_bush' from group 'Commander Maps' was added to the vote.
L 07/08/2018 - 22:24:44: [umc-core.smx] VOTE MENU: (Verbose) Selected map 'emp_midbridge_hce' from group 'Commander Maps' was added to the vote.
L 07/08/2018 - 22:24:44: [umc-core.smx] VOTE MENU: (Verbose) Selected map 'emp_traders_a8' from group 'Commander Maps' was added to the vote.
L 07/08/2018 - 22:24:44: [umc-core.smx] VOTE MENU: (Verbose) Fetching 1 maps from group 'Infantry Maps'
L 07/08/2018 - 22:24:44: [umc-core.smx] VOTE MENU: (Verbose) Finished parsing nominations for map group 'Infantry Maps'
L 07/08/2018 - 22:24:44: [umc-core.smx] VOTE MENU: (Verbose) Still need to fetch 1 maps from the group.
L 07/08/2018 - 22:24:44: [umc-core.smx] VOTE MENU: (Verbose) Selected map 'con_atomic_rc6_fix' from group 'Infantry Maps' was added to the vote.
L 07/08/2018 - 22:24:44: [umc-core.smx] VOTE MENU: (Verbose) Fetching 0 maps from group 'Cooldown Maps'
L 07/08/2018 - 22:24:44: [umc-core.smx] VOTE MENU: (Verbose) Finished parsing nominations for map group 'Cooldown Maps'
L 07/08/2018 - 22:24:44: [umc-core.smx] Initiating Vote Type: Map
L 07/08/2018 - 22:24:44: [umc-core.smx] Adding Clients to Vote:
L 07/08/2018 - 22:24:44: [umc-core.smx] 0: Spyer (2)
L 07/08/2018 - 22:24:44: [umc-core.smx] 1: V1RU58E9 (3)
L 07/08/2018 - 22:24:44: [umc-core.smx] 2: Mr. X. (4)
L 07/08/2018 - 22:24:44: [umc-core.smx] 3: RoShark (5)
L 07/08/2018 - 22:24:44: [umc-core.smx] 4: Griffin One Two (6)
L 07/08/2018 - 22:24:44: [umc-core.smx] 5: memin (7)
L 07/08/2018 - 22:24:44: [umc-core.smx] 6: Big Boss BigTeef (8)
L 07/08/2018 - 22:24:44: [umc-core.smx] 7: Mikleo (9)
L 07/08/2018 - 22:24:44: [umc-core.smx] 8: object™ (10)
L 07/08/2018 - 22:24:44: [umc-core.smx] 9: Grave (11)
L 07/08/2018 - 22:24:44: [umc-core.smx] 10: Steve_[UK] (12)
L 07/08/2018 - 22:24:44: [umc-core.smx] 11: =F= MrBlueSky (13)
L 07/08/2018 - 22:24:44: [umc-core.smx] 12: Sir.DieALot (14)
L 07/08/2018 - 22:24:44: [umc-core.smx] 13: VV (15)
L 07/08/2018 - 22:24:44: [umc-core.smx] 14: Oktay (16)
L 07/08/2018 - 22:24:44: [umc-core.smx] 15: .|Ϟ|. Spike (17)
L 07/08/2018 - 22:24:44: [umc-core.smx] 16: ScardyBob (18)
L 07/08/2018 - 22:24:44: [umc-core.smx] 17: CrazyMRANZ (19)
L 07/08/2018 - 22:24:44: [umc-core.smx] 18: BIGD craig.gates (20)
L 07/08/2018 - 22:24:44: [umc-core.smx] 19: YouzY (21)
L 07/08/2018 - 22:24:44: [umc-core.smx] 20: FMI (22)
L 07/08/2018 - 22:24:44: [umc-core.smx] 21: TacticalMoonDiaper (23)
L 07/08/2018 - 22:24:44: [umc-core.smx] 22: Alucard (25)
L 07/08/2018 - 22:24:44: [umc-core.smx] 23: POOTISMAN (26)
L 07/08/2018 - 22:24:44: [umc-core.smx] 24: Quigon (27)
L 07/08/2018 - 22:24:44: [umc-core.smx] 25: =[KXIC]= hopfi (28)
L 07/08/2018 - 22:24:44: [umc-core.smx] 26: Brentor (29)
L 07/08/2018 - 22:24:44: [umc-core.smx] 27: ☣ Joy (30)
L 07/08/2018 - 22:24:44: [umc-core.smx] 28: c-137 Medicine (31)
L 07/08/2018 - 22:24:44: [umc-core.smx] 29: =[KXIC]= The Blue Baron (32)
L 07/08/2018 - 22:24:44: [umc-core.smx] 30: Solace (33)
L 07/08/2018 - 22:24:44: [umc-core.smx] 31: Justkidding (FutureFunk) (34)
L 07/08/2018 - 22:24:44: [umc-core.smx] VOTE MENU:
L 07/08/2018 - 22:24:44: [umc-core.smx] 2: emp_bush (0)
L 07/08/2018 - 22:24:44: [umc-core.smx] 3: emp_forest (1)
L 07/08/2018 - 22:24:44: [umc-core.smx] 4: con_atomic (2)
L 07/08/2018 - 22:24:44: [umc-core.smx] 5: emp_cyclopean (3)
L 07/08/2018 - 22:24:44: [umc-core.smx] 6: emp_midbridge (4)
L 07/08/2018 - 22:24:44: [umc-core.smx] 7: emp_insurrection (5)
L 07/08/2018 - 22:24:44: [umc-core.smx] 8: emp_blah4 (6)
L 07/08/2018 - 22:24:44: [umc-core.smx] 9: emp_traders (7)
L 07/08/2018 - 22:24:46: [umc-core.smx] BIGD craig.gates<39><[U:1:116552210]><> selected menu item 2
L 07/08/2018 - 22:24:47: [umc-core.smx] Grave<36><[U:1:34977414]><> selected menu item 6
L 07/08/2018 - 22:24:47: [umc-core.smx] ScardyBob<33><[U:1:21571057]><> selected menu item 4
L 07/08/2018 - 22:24:47: [umc-core.smx] CrazyMRANZ<37><[U:1:42657167]><> selected menu item 4
L 07/08/2018 - 22:24:48: [umc-core.smx] RoShark<9><[U:1:313949428]><> selected menu item 2
L 07/08/2018 - 22:24:48: [umc-core.smx] POOTISMAN<61><[U:1:26527408]><> selected menu item 1
L 07/08/2018 - 22:24:49: [umc-core.smx] VV<30><[U:1:5870260]><> selected menu item 8
L 07/08/2018 - 22:24:51: [umc-core.smx] =[KXIC]= The Blue Baron<58><[U:1:104778967]><> selected menu item 1
L 07/08/2018 - 22:24:52: [umc-core.smx] object™<17><[U:1:1221009]><> selected menu item 4
L 07/08/2018 - 22:24:53: [umc-core.smx] V1RU58E9<53><[U:1:247428675]><> selected menu item 3
L 07/08/2018 - 22:24:54: [umc-core.smx] =F= MrBlueSky<57><[U:1:7486994]><> selected menu item 4
L 07/08/2018 - 22:24:54: [umc-core.smx] Quigon<51><[U:1:5653485]><> selected menu item 4
L 07/08/2018 - 22:24:55: [umc-core.smx] Big Boss BigTeef<15><[U:1:19757187]><> selected menu item 3
L 07/08/2018 - 22:24:56: [umc-core.smx] ☣ Joy<55><[U:1:14391461]><> selected menu item 4
L 07/08/2018 - 22:24:56: [umc-core.smx] Mr. X.<7><[U:1:27106968]><> selected menu item 1
L 07/08/2018 - 22:25:07: [umc-core.smx] Alucard<48><[U:1:15468617]><> selected menu item 1
L 07/08/2018 - 22:25:13: [umc-core.smx] .|Ϟ|. Spike<32><[U:1:39029790]><> selected menu item 2
L 07/08/2018 - 22:25:15: [umc-core.smx] RUNOFF MENU: (Verbose) Building runoff vote menu.
L 07/08/2018 - 22:25:15: [umc-core.smx] RUNOFF MENU: (Verbose) 'emp_insurrection' was removed from the vote. It had 1 votes (6 of total)
L 07/08/2018 - 22:25:15: [umc-core.smx] RUNOFF MENU: (Verbose) 'con_atomic' was removed from the vote. It had 2 votes (12 of total)
L 07/08/2018 - 22:25:15: [umc-core.smx] RUNOFF MENU: (Verbose) 'emp_forest' was removed from the vote. It had 3 votes (18 of total)
L 07/08/2018 - 22:25:15: [umc-core.smx] RUNOFF MENU: (Verbose) Stopped removing options from the vote. Maximum possible winning vote percentage is 75%
L 07/08/2018 - 22:25:15: [umc-core.smx] Vote has concluded.
L 07/08/2018 - 22:25:23: [umc-core.smx] RUNOFF: Starting runoff vote.
L 07/08/2018 - 22:25:23: [umc-core.smx] Initiating Vote Type: Map
L 07/08/2018 - 22:25:23: [umc-core.smx] Adding Clients to Vote:
L 07/08/2018 - 22:25:23: [umc-core.smx] 0: Spyer (2)
L 07/08/2018 - 22:25:23: [umc-core.smx] 1: V1RU58E9 (3)
L 07/08/2018 - 22:25:23: [umc-core.smx] 2: Mr. X. (4)
L 07/08/2018 - 22:25:23: [umc-core.smx] 3: RoShark (5)
L 07/08/2018 - 22:25:23: [umc-core.smx] 4: Griffin One Two (6)
L 07/08/2018 - 22:25:23: [umc-core.smx] 6: Big Boss BigTeef (8)
L 07/08/2018 - 22:25:23: [umc-core.smx] 7: Mikleo (9)
L 07/08/2018 - 22:25:23: [umc-core.smx] 8: object™ (10)
L 07/08/2018 - 22:25:23: [umc-core.smx] 9: Grave (11)
L 07/08/2018 - 22:25:23: [umc-core.smx] 10: Steve_[UK] (12)
L 07/08/2018 - 22:25:23: [umc-core.smx] 11: =F= MrBlueSky (13)
L 07/08/2018 - 22:25:23: [umc-core.smx] 12: Sir.DieALot (14)
L 07/08/2018 - 22:25:23: [umc-core.smx] 14: Oktay (16)
L 07/08/2018 - 22:25:23: [umc-core.smx] 15: .|Ϟ|. Spike (17)
L 07/08/2018 - 22:25:23: [umc-core.smx] 16: ScardyBob (18)
L 07/08/2018 - 22:25:23: [umc-core.smx] 17: CrazyMRANZ (19)
L 07/08/2018 - 22:25:23: [umc-core.smx] 18: BIGD craig.gates (20)
L 07/08/2018 - 22:25:23: [umc-core.smx] 19: YouzY (21)
L 07/08/2018 - 22:25:23: [umc-core.smx] 20: FMI (22)
L 07/08/2018 - 22:25:23: [umc-core.smx] 21: TacticalMoonDiaper (23)
L 07/08/2018 - 22:25:23: [umc-core.smx] 22: Alucard (25)
L 07/08/2018 - 22:25:23: [umc-core.smx] 23: POOTISMAN (26)
L 07/08/2018 - 22:25:23: [umc-core.smx] 24: Quigon (27)
L 07/08/2018 - 22:25:23: [umc-core.smx] 25: =[KXIC]= hopfi (28)
L 07/08/2018 - 22:25:23: [umc-core.smx] 26: Brentor (29)
L 07/08/2018 - 22:25:23: [umc-core.smx] 27: ☣ Joy (30)
L 07/08/2018 - 22:25:23: [umc-core.smx] 28: c-137 Medicine (31)
L 07/08/2018 - 22:25:23: [umc-core.smx] 29: =[KXIC]= The Blue Baron (32)
L 07/08/2018 - 22:25:23: [umc-core.smx] 30: Solace (33)
L 07/08/2018 - 22:25:23: [umc-core.smx] 31: Justkidding (FutureFunk) (34)
L 07/08/2018 - 22:25:23: [umc-core.smx] VOTE MENU:
L 07/08/2018 - 22:25:23: [umc-core.smx] 2: emp_cyclopean (3)
L 07/08/2018 - 22:25:23: [umc-core.smx] 3: emp_bush (0)
L 07/08/2018 - 22:25:25: [umc-core.smx] ScardyBob<33><[U:1:21571057]><> selected menu item 1
L 07/08/2018 - 22:25:25: [umc-core.smx] ☣ Joy<55><[U:1:14391461]><> selected menu item 1
L 07/08/2018 - 22:25:26: [umc-core.smx] RoShark<9><[U:1:313949428]><> selected menu item 2
L 07/08/2018 - 22:25:26: [umc-core.smx] POOTISMAN<61><[U:1:26527408]><> selected menu item 2
L 07/08/2018 - 22:25:26: [umc-core.smx] Big Boss BigTeef<15><[U:1:19757187]><> selected menu item 1
L 07/08/2018 - 22:25:26: [umc-core.smx] BIGD craig.gates<39><[U:1:116552210]><> selected menu item 1
L 07/08/2018 - 22:25:27: [umc-core.smx] CrazyMRANZ<37><[U:1:42657167]><> selected menu item 1
L 07/08/2018 - 22:25:27: [umc-core.smx] Quigon<51><[U:1:5653485]><> selected menu item 1
L 07/08/2018 - 22:25:28: [umc-core.smx] Spyer<20><[U:1:34143605]><> selected menu item 1
L 07/08/2018 - 22:25:28: [umc-core.smx] c-137 Medicine<56><[U:1:33445435]><> selected menu item 1
L 07/08/2018 - 22:25:28: [umc-core.smx] V1RU58E9<53><[U:1:247428675]><> selected menu item 1
L 07/08/2018 - 22:25:28: [umc-core.smx] .|Ϟ|. Spike<32><[U:1:39029790]><> selected menu item 1
L 07/08/2018 - 22:25:29: [umc-core.smx] object™<17><[U:1:1221009]><> selected menu item 1
L 07/08/2018 - 22:25:32: [umc-core.smx] Grave<36><[U:1:34977414]><> selected menu item 1
L 07/08/2018 - 22:25:39: [umc-core.smx] =F= MrBlueSky<57><[U:1:7486994]><> selected menu item 1
L 07/08/2018 - 22:25:49: [umc-core.smx] =[KXIC]= The Blue Baron<58><[U:1:104778967]><> selected menu item 1
L 07/08/2018 - 22:25:50: [umc-core.smx] Mr. X.<7><[U:1:27106968]><> selected menu item 2
L 07/08/2018 - 22:25:54: [umc-core.smx] Setting nextmap to: emp_cyclopean
L 07/08/2018 - 22:25:54: [umc-randomcycle.smx] Disabling random nextmap selection.
L 07/08/2018 - 22:25:54: [umc-core.smx] umc-emp-mapvote.smx: Changing map to 'emp_cyclopean' in 5 seconds.
L 07/08/2018 - 22:25:54: [umc-core.smx] MAPVOTE: Players voted for map 'emp_cyclopean' from group 'Commander Maps'
L 07/08/2018 - 22:25:54: [umc-core.smx] Vote has concluded.
L 07/08/2018 - 22:26:00: [umc-core.smx] ---------------------MAP CHANGE: emp_cyclopean---------------------
L 07/08/2018 - 22:26:00: [umc-endvote-warnings.smx] Successfully parsed and set up 11 vote warnings.
L 07/08/2018 - 22:26:00: [umc-rockthevote.smx] RTV will be made available in 60 seconds.
L 07/08/2018 - 22:27:01: [umc-rockthevote.smx] RTV is now available.
L 07/08/2018 - 23:39:32: [umc-emp-mapvote.smx] Map vote will appear in 30 seconds.
L 07/08/2018 - 23:40:02: [umc-emp-mapvote.smx] Starting a map vote.
L 07/08/2018 - 23:40:02: [umc-core.smx] WARNING: Map "con_urbanchaos" does not exist on the server. (Group: "Infantry Maps")
L 07/08/2018 - 23:40:02: [umc-core.smx] VOTE MENU: (Verbose) Fetching 7 maps from group 'Commander Maps'
L 07/08/2018 - 23:40:02: [umc-core.smx] VOTE MENU: (Verbose) Finished parsing nominations for map group 'Commander Maps'
L 07/08/2018 - 23:40:02: [umc-core.smx] VOTE MENU: (Verbose) Still need to fetch 7 maps from the group.
L 07/08/2018 - 23:40:02: [umc-core.smx] VOTE MENU: (Verbose) Selected map 'emp_bush' from group 'Commander Maps' was added to the vote.
L 07/08/2018 - 23:40:02: [umc-core.smx] VOTE MENU: (Verbose) Selected map 'emp_plunge_ob2_2013_hce2' from group 'Commander Maps' was added to the vote.
L 07/08/2018 - 23:40:02: [umc-core.smx] VOTE MENU: (Verbose) Selected map 'emp_silo_rc5_hce' from group 'Commander Maps' was added to the vote.
L 07/08/2018 - 23:40:02: [umc-core.smx] VOTE MENU: (Verbose) Selected map 'emp_mesa_d6_hce' from group 'Commander Maps' was added to the vote.
L 07/08/2018 - 23:40:02: [umc-core.smx] VOTE MENU: (Verbose) Selected map 'emp_dune_ob1' from group 'Commander Maps' was added to the vote.
L 07/08/2018 - 23:40:02: [umc-core.smx] VOTE MENU: (Verbose) Selected map 'emp_smokies_rc2_hce' from group 'Commander Maps' was added to the vote.
L 07/08/2018 - 23:40:02: [umc-core.smx] VOTE MENU: (Verbose) Selected map 'emp_duststorm_fix2' from group 'Commander Maps' was added to the vote.
L 07/08/2018 - 23:40:02: [umc-core.smx] VOTE MENU: (Verbose) Fetching 1 maps from group 'Infantry Maps'
L 07/08/2018 - 23:40:02: [umc-core.smx] VOTE MENU: (Verbose) Finished parsing nominations for map group 'Infantry Maps'
L 07/08/2018 - 23:40:02: [umc-core.smx] VOTE MENU: (Verbose) Still need to fetch 1 maps from the group.
L 07/08/2018 - 23:40:02: [umc-core.smx] VOTE MENU: (Verbose) Selected map 'con_atomic_rc6_fix' from group 'Infantry Maps' was added to the vote.
L 07/08/2018 - 23:40:02: [umc-core.smx] VOTE MENU: (Verbose) Fetching 0 maps from group 'Cooldown Maps'
L 07/08/2018 - 23:40:02: [umc-core.smx] VOTE MENU: (Verbose) Finished parsing nominations for map group 'Cooldown Maps'
L 07/08/2018 - 23:40:02: [umc-core.smx] Initiating Vote Type: Map
L 07/08/2018 - 23:40:02: [umc-core.smx] Adding Clients to Vote:
L 07/08/2018 - 23:40:02: [umc-core.smx] 0: Spyer (2)
L 07/08/2018 - 23:40:02: [umc-core.smx] 1: V1RU58E9 (3)
L 07/08/2018 - 23:40:02: [umc-core.smx] 2: Mr. X. (4)
L 07/08/2018 - 23:40:02: [umc-core.smx] 3: RoShark (5)
L 07/08/2018 - 23:40:02: [umc-core.smx] 4: Griffin One Two (6)
L 07/08/2018 - 23:40:02: [umc-core.smx] 5: CrazyMRANZ (7)
L 07/08/2018 - 23:40:02: [umc-core.smx] 6: Big Boss BigTeef (8)
L 07/08/2018 - 23:40:02: [umc-core.smx] 7: Mikleo (9)
L 07/08/2018 - 23:40:02: [umc-core.smx] 8: object™ (10)
L 07/08/2018 - 23:40:02: [umc-core.smx] 9: Grave (11)
L 07/08/2018 - 23:40:02: [umc-core.smx] 10: Steve_[UK] (12)
L 07/08/2018 - 23:40:02: [umc-core.smx] 11: =F= MrBlueSky (13)
L 07/08/2018 - 23:40:02: [umc-core.smx] 12: Sir.DieALot (14)
L 07/08/2018 - 23:40:02: [umc-core.smx] 13: Ozi (15)
L 07/08/2018 - 23:40:02: [umc-core.smx] 14: Oktay (16)
L 07/08/2018 - 23:40:02: [umc-core.smx] 15: .|Ϟ|. Spike (17)
L 07/08/2018 - 23:40:02: [umc-core.smx] 16: ScardyBob (18)
L 07/08/2018 - 23:40:02: [umc-core.smx] 17: c-137 Medicine (19)
L 07/08/2018 - 23:40:02: [umc-core.smx] 18: YouzY (21)
L 07/08/2018 - 23:40:02: [umc-core.smx] 19: Misfire! (22)
L 07/08/2018 - 23:40:02: [umc-core.smx] 20: TacticalMoonDiaper (23)
L 07/08/2018 - 23:40:02: [umc-core.smx] 21: =[KXIC]= yusundur (24)
L 07/08/2018 - 23:40:02: [umc-core.smx] 22: Alucard (25)
L 07/08/2018 - 23:40:02: [umc-core.smx] 23: POOTISMAN (26)
L 07/08/2018 - 23:40:02: [umc-core.smx] 24: Quigon (27)
L 07/08/2018 - 23:40:02: [umc-core.smx] 25: Dragolich (28)
L 07/08/2018 - 23:40:02: [umc-core.smx] 26: Triad (29)
L 07/08/2018 - 23:40:02: [umc-core.smx] 27: ☣ Joy (30)
L 07/08/2018 - 23:40:02: [umc-core.smx] 28: FMI (31)
L 07/08/2018 - 23:40:02: [umc-core.smx] 29: =[KXIC]= The Blue Baron (32)
L 07/08/2018 - 23:40:02: [umc-core.smx] 30: Solace (33)
L 07/08/2018 - 23:40:02: [umc-core.smx] 31: Justkidding (FutureFunk) (34)
L 07/08/2018 - 23:40:02: [umc-core.smx] 32: Kaene (35)
L 07/08/2018 - 23:40:02: [umc-core.smx] 33: Brawlhalla (36)
L 07/08/2018 - 23:40:02: [umc-core.smx] VOTE MENU:
L 07/08/2018 - 23:40:02: [umc-core.smx] 2: emp_silo (0)
L 07/08/2018 - 23:40:02: [umc-core.smx] 3: con_atomic (1)
L 07/08/2018 - 23:40:02: [umc-core.smx] 4: emp_bush (2)
L 07/08/2018 - 23:40:02: [umc-core.smx] 5: emp_dune (3)
L 07/08/2018 - 23:40:02: [umc-core.smx] 6: emp_smokies (4)
L 07/08/2018 - 23:40:02: [umc-core.smx] 7: emp_mesa (5)
L 07/08/2018 - 23:40:02: [umc-core.smx] 8: emp_plunge (6)
L 07/08/2018 - 23:40:02: [umc-core.smx] 9: emp_duststorm (7)
L 07/08/2018 - 23:40:05: [umc-core.smx] CrazyMRANZ<64><[U:1:42657167]><> selected menu item 8
L 07/08/2018 - 23:40:06: [umc-core.smx] =[KXIC]= yusundur<69><[U:1:18257170]><> selected menu item 4
L 07/08/2018 - 23:40:07: [umc-core.smx] RoShark<9><[U:1:313949428]><> selected menu item 5
L 07/08/2018 - 23:40:07: [umc-core.smx] POOTISMAN<61><[U:1:26527408]><> selected menu item 1
L 07/08/2018 - 23:40:08: [umc-core.smx] Spyer<20><[U:1:34143605]><> selected menu item 8
L 07/08/2018 - 23:40:10: [umc-core.smx] ScardyBob<68><[U:1:21571057]><> selected menu item 5
L 07/08/2018 - 23:40:10: [umc-core.smx] TacticalMoonDiaper<46><[U:1:28347240]><> selected menu item 8
L 07/08/2018 - 23:40:11: [umc-core.smx] Oktay<72><[U:1:116496292]><> selected menu item 6
L 07/08/2018 - 23:40:13: [umc-core.smx] Triad<74><[U:1:33877906]><> selected menu item 4
L 07/08/2018 - 23:40:13: [umc-core.smx] V1RU58E9<53><[U:1:247428675]><> selected menu item 4
L 07/08/2018 - 23:40:15: [umc-core.smx] object™<17><[U:1:1221009]><> selected menu item 8
L 07/08/2018 - 23:40:17: [umc-core.smx] YouzY<40><[U:1:23994419]><> selected menu item 8
L 07/08/2018 - 23:40:20: [umc-core.smx] Mr. X.<67><[U:1:27106968]><> selected menu item 6
L 07/08/2018 - 23:40:21: [umc-core.smx] c-137 Medicine<66><[U:1:33445435]><> selected menu item 8
L 07/08/2018 - 23:40:22: [umc-core.smx] Alucard<48><[U:1:15468617]><> selected menu item 8
L 07/08/2018 - 23:40:24: [umc-core.smx] Big Boss BigTeef<15><[U:1:19757187]><> selected menu item 2
L 07/08/2018 - 23:40:33: [umc-core.smx] RUNOFF MENU: (Verbose) Building runoff vote menu.
L 07/08/2018 - 23:40:33: [umc-core.smx] RUNOFF MENU: (Verbose) 'emp_smokies' was removed from the vote. It had 1 votes (6 of total)
L 07/08/2018 - 23:40:33: [umc-core.smx] RUNOFF MENU: (Verbose) 'emp_silo' was removed from the vote. It had 1 votes (6 of total)
L 07/08/2018 - 23:40:33: [umc-core.smx] RUNOFF MENU: (Verbose) 'con_atomic' was removed from the vote. It had 1 votes (6 of total)
L 07/08/2018 - 23:40:33: [umc-core.smx] RUNOFF MENU: (Verbose) 'emp_mesa' was removed from the vote. It had 2 votes (13 of total)
L 07/08/2018 - 23:40:33: [umc-core.smx] RUNOFF MENU: (Verbose) Stopped removing options from the vote. Maximum possible winning vote percentage is 80%
L 07/08/2018 - 23:40:33: [umc-core.smx] Vote has concluded.
L 07/08/2018 - 23:40:41: [umc-core.smx] RUNOFF: Starting runoff vote.
L 07/08/2018 - 23:40:41: [umc-core.smx] Initiating Vote Type: Map
L 07/08/2018 - 23:40:41: [umc-core.smx] Adding Clients to Vote:
L 07/08/2018 - 23:40:41: [umc-core.smx] 0: Spyer (2)
L 07/08/2018 - 23:40:41: [umc-core.smx] 1: V1RU58E9 (3)
L 07/08/2018 - 23:40:41: [umc-core.smx] 2: Mr. X. (4)
L 07/08/2018 - 23:40:41: [umc-core.smx] 4: Griffin One Two (6)
L 07/08/2018 - 23:40:41: [umc-core.smx] 5: CrazyMRANZ (7)
L 07/08/2018 - 23:40:41: [umc-core.smx] 6: Big Boss BigTeef (8)
L 07/08/2018 - 23:40:41: [umc-core.smx] 7: Mikleo (9)
L 07/08/2018 - 23:40:41: [umc-core.smx] 8: object™ (10)
L 07/08/2018 - 23:40:41: [umc-core.smx] 9: Grave (11)
L 07/08/2018 - 23:40:41: [umc-core.smx] 10: Steve_[UK] (12)
L 07/08/2018 - 23:40:41: [umc-core.smx] 11: =F= MrBlueSky (13)
L 07/08/2018 - 23:40:41: [umc-core.smx] 12: Sir.DieALot (14)
L 07/08/2018 - 23:40:41: [umc-core.smx] 13: Ozi (15)
L 07/08/2018 - 23:40:41: [umc-core.smx] 14: Oktay (16)
L 07/08/2018 - 23:40:41: [umc-core.smx] 15: .|Ϟ|. Spike (17)
L 07/08/2018 - 23:40:41: [umc-core.smx] 16: ScardyBob (18)
L 07/08/2018 - 23:40:41: [umc-core.smx] 17: c-137 Medicine (19)
L 07/08/2018 - 23:40:41: [umc-core.smx] 18: YouzY (21)
L 07/08/2018 - 23:40:41: [umc-core.smx] 19: Misfire! (22)
L 07/08/2018 - 23:40:41: [umc-core.smx] 20: TacticalMoonDiaper (23)
L 07/08/2018 - 23:40:41: [umc-core.smx] 21: =[KXIC]= yusundur (24)
L 07/08/2018 - 23:40:41: [umc-core.smx] 23: POOTISMAN (26)
L 07/08/2018 - 23:40:41: [umc-core.smx] 24: Quigon (27)
L 07/08/2018 - 23:40:41: [umc-core.smx] 25: Dragolich (28)
L 07/08/2018 - 23:40:41: [umc-core.smx] 26: Triad (29)
L 07/08/2018 - 23:40:41: [umc-core.smx] 27: ☣ Joy (30)
L 07/08/2018 - 23:40:41: [umc-core.smx] 28: FMI (31)
L 07/08/2018 - 23:40:41: [umc-core.smx] 29: =[KXIC]= The Blue Baron (32)
L 07/08/2018 - 23:40:41: [umc-core.smx] 30: Solace (33)
L 07/08/2018 - 23:40:41: [umc-core.smx] 31: Justkidding (FutureFunk) (34)
L 07/08/2018 - 23:40:41: [umc-core.smx] 32: Kaene (35)
L 07/08/2018 - 23:40:41: [umc-core.smx] 33: Brawlhalla (36)
L 07/08/2018 - 23:40:41: [umc-core.smx] VOTE MENU:
L 07/08/2018 - 23:40:41: [umc-core.smx] 2: emp_duststorm (7)
L 07/08/2018 - 23:40:41: [umc-core.smx] 3: emp_dune (3)
L 07/08/2018 - 23:40:42: [umc-core.smx] CrazyMRANZ<64><[U:1:42657167]><> selected menu item 1
L 07/08/2018 - 23:40:43: [umc-core.smx] .|Ϟ|. Spike<32><[U:1:39029790]><> selected menu item 1
L 07/08/2018 - 23:40:43: [umc-core.smx] Mr. X.<67><[U:1:27106968]><> selected menu item 2
L 07/08/2018 - 23:40:43: [umc-core.smx] =[KXIC]= yusundur<69><[U:1:18257170]><> selected menu item 1
L 07/08/2018 - 23:40:43: [umc-core.smx] V1RU58E9<53><[U:1:247428675]><> selected menu item 2
L 07/08/2018 - 23:40:44: [umc-core.smx] POOTISMAN<61><[U:1:26527408]><> selected menu item 2
L 07/08/2018 - 23:40:44: [umc-core.smx] object™<17><[U:1:1221009]><> selected menu item 1
L 07/08/2018 - 23:40:45: [umc-core.smx] Misfire!<73><[U:1:146071390]><> selected menu item 1
L 07/08/2018 - 23:40:45: [umc-core.smx] Grave<36><[U:1:34977414]><> selected menu item 1
L 07/08/2018 - 23:40:46: [umc-core.smx] Steve_[UK]<28><[U:1:7600510]><> selected menu item 1
L 07/08/2018 - 23:40:47: [umc-core.smx] Big Boss BigTeef<15><[U:1:19757187]><> selected menu item 2
L 07/08/2018 - 23:40:47: [umc-core.smx] Oktay<72><[U:1:116496292]><> selected menu item 1
L 07/08/2018 - 23:40:47: [umc-core.smx] Spyer<20><[U:1:34143605]><> selected menu item 1
L 07/08/2018 - 23:40:47: [umc-core.smx] FMI<75><[U:1:37995749]><> selected menu item 1
L 07/08/2018 - 23:40:48: [umc-core.smx] ☣ Joy<55><[U:1:14391461]><> selected menu item 1
L 07/08/2018 - 23:40:49: [umc-core.smx] Triad<74><[U:1:33877906]><> selected menu item 2
L 07/08/2018 - 23:40:51: [umc-core.smx] c-137 Medicine<66><[U:1:33445435]><> selected menu item 1
L 07/08/2018 - 23:40:51: [umc-core.smx] ScardyBob<68><[U:1:21571057]><> selected menu item 1
L 07/08/2018 - 23:40:55: [umc-core.smx] =[KXIC]= The Blue Baron<76><[U:1:104778967]><> selected menu item 2
L 07/08/2018 - 23:41:08: [umc-core.smx] YouzY<40><[U:1:23994419]><> selected menu item 1
L 07/08/2018 - 23:41:11: [umc-core.smx] Setting nextmap to: emp_duststorm_fix2
L 07/08/2018 - 23:41:12: [umc-randomcycle.smx] Disabling random nextmap selection.
L 07/08/2018 - 23:41:12: [umc-core.smx] umc-emp-mapvote.smx: Changing map to 'emp_duststorm_fix2' in 5 seconds.
L 07/08/2018 - 23:41:12: [umc-core.smx] MAPVOTE: Players voted for map 'emp_duststorm_fix2' from group 'Commander Maps'
L 07/08/2018 - 23:41:12: [umc-core.smx] Vote has concluded.
L 07/08/2018 - 23:41:17: [umc-core.smx] ---------------------MAP CHANGE: emp_duststorm_fix2---------------------
L 07/08/2018 - 23:41:17: [umc-endvote-warnings.smx] Successfully parsed and set up 11 vote warnings.
L 07/08/2018 - 23:41:17: [umc-rockthevote.smx] RTV will be made available in 60 seconds.
L 07/08/2018 - 23:42:18: [umc-rockthevote.smx] RTV is now available.
