L 07/20/2017 - 17:21:51: [umc-emp-mapvote.smx] Map vote will appear in 30 seconds.
L 07/20/2017 - 17:22:21: [umc-emp-mapvote.smx] Starting a map vote.
L 07/20/2017 - 17:22:21: [umc-core.smx] Initiating Vote Type: Map
L 07/20/2017 - 17:22:24: [umc-core.smx] Setting nextmap to: emp_vehicletraining_2013
L 07/20/2017 - 17:22:24: [umc-randomcycle.smx] Disabling random nextmap selection.
L 07/20/2017 - 17:22:24: [umc-core.smx] umc-emp-mapvote.smx: Changing map to 'emp_vehicletraining_2013' in 5 seconds.
L 07/20/2017 - 17:22:24: [umc-core.smx] MAPVOTE: Players voted for map 'emp_vehicletraining_2013' from group 'Infantry Maps'
L 07/20/2017 - 17:22:30: [umc-core.smx] ---------------------MAP CHANGE: emp_vehicletraining_2013---------------------
L 07/20/2017 - 17:22:30: [umc-endvote-warnings.smx] Successfully parsed and set up 11 vote warnings.
L 07/20/2017 - 17:22:30: [umc-playercountmonitor.smx] Min Players: 0, Max Players: 20
L 07/20/2017 - 17:22:30: [umc-playercountmonitor.smx] Server will begin watching for inproper number of players in 240 seconds.
L 07/20/2017 - 17:22:30: [umc-rockthevote.smx] RTV will be made available in 60 seconds.
L 07/20/2017 - 17:23:31: [umc-rockthevote.smx] RTV is now available.
L 07/20/2017 - 17:26:30: [umc-playercountmonitor.smx] Server is now watching for inproper number of players.
L 07/20/2017 - 23:44:15: [umc-nominate.smx] Sir.DieALot wants to nominate a map.
L 07/20/2017 - 23:44:29: [umc-rockthevote.smx] Starting RTV.
L 07/20/2017 - 23:44:29: [umc-core.smx] Initiating Vote Type: Map
L 07/20/2017 - 23:44:32: [umc-core.smx] Setting nextmap to: emp_crossroads
L 07/20/2017 - 23:44:32: [umc-randomcycle.smx] Disabling random nextmap selection.
L 07/20/2017 - 23:44:32: [umc-core.smx] umc-rockthevote.smx: Changing map to 'emp_crossroads' in 5 seconds.
L 07/20/2017 - 23:44:32: [umc-core.smx] MAPVOTE: Players voted for map 'emp_crossroads' from group 'Commander Maps'
L 07/20/2017 - 23:44:38: [umc-core.smx] ---------------------MAP CHANGE: emp_crossroads---------------------
L 07/20/2017 - 23:44:38: [umc-endvote-warnings.smx] Successfully parsed and set up 11 vote warnings.
L 07/20/2017 - 23:44:38: [umc-playercountmonitor.smx] Min Players: 0, Max Players: 22
L 07/20/2017 - 23:44:38: [umc-playercountmonitor.smx] Server will begin watching for inproper number of players in 240 seconds.
L 07/20/2017 - 23:44:38: [umc-rockthevote.smx] RTV will be made available in 60 seconds.
L 07/20/2017 - 23:45:39: [umc-rockthevote.smx] RTV is now available.
L 07/20/2017 - 23:48:38: [umc-playercountmonitor.smx] Server is now watching for inproper number of players.
