L 10/08/2017 - 00:04:17: [umc-nominate.smx] Blood-Wiper wants to nominate a map.
L 10/08/2017 - 00:04:17: [umc-core.smx] WARNING: Map "emp_duststorm_fix" does not exist on the server. (Group: "Commander Maps")
L 10/08/2017 - 00:04:26: [umc-nominate.smx] Blood-Wiper wants to nominate a map.
L 10/08/2017 - 00:04:29: [umc-core.smx] WARNING: Map "emp_duststorm_fix" does not exist on the server. (Group: "Commander Maps")
L 10/08/2017 - 00:04:32: [umc-nominate.smx] Blood-Wiper has nominated 'emp_cyclopean' from group 'Commander Maps'
L 10/08/2017 - 00:04:34: [umc-emp-mapvote.smx] Map vote will appear in 30 seconds.
L 10/08/2017 - 00:04:40: [umc-nominate.smx] Mr. X. wants to nominate a map.
L 10/08/2017 - 00:04:43: [umc-core.smx] WARNING: Map "emp_duststorm_fix" does not exist on the server. (Group: "Commander Maps")
L 10/08/2017 - 00:04:55: [umc-nominate.smx] Mr. X. has nominated 'emp_plunge_ob2_2013' from group 'Commander Maps'
L 10/08/2017 - 00:05:04: [umc-emp-mapvote.smx] Starting a map vote.
L 10/08/2017 - 00:05:04: [umc-core.smx] WARNING: Map "emp_duststorm_fix" does not exist on the server. (Group: "Commander Maps")
L 10/08/2017 - 00:05:04: [umc-core.smx] Initiating Vote Type: Map
L 10/08/2017 - 00:05:42: [umc-core.smx] RUNOFF: Starting runoff vote.
L 10/08/2017 - 00:05:42: [umc-core.smx] Initiating Vote Type: Map
L 10/08/2017 - 00:06:13: [umc-core.smx] Setting nextmap to: emp_cyclopean
L 10/08/2017 - 00:06:13: [umc-randomcycle.smx] Disabling random nextmap selection.
L 10/08/2017 - 00:06:13: [umc-core.smx] umc-emp-mapvote.smx: Changing map to 'emp_cyclopean' in 5 seconds.
L 10/08/2017 - 00:06:13: [umc-core.smx] MAPVOTE: Players voted for map 'emp_cyclopean' from group 'Commander Maps'
L 10/08/2017 - 00:06:19: [umc-core.smx] ---------------------MAP CHANGE: emp_cyclopean---------------------
L 10/08/2017 - 00:06:19: [umc-endvote-warnings.smx] Successfully parsed and set up 11 vote warnings.
L 10/08/2017 - 00:06:19: [umc-rockthevote.smx] RTV will be made available in 60 seconds.
L 10/08/2017 - 00:07:20: [umc-rockthevote.smx] RTV is now available.
L 10/08/2017 - 00:10:44: [umc-nominate.smx] Jake McBake wants to nominate a map.
L 10/08/2017 - 00:10:46: [umc-core.smx] WARNING: Map "emp_duststorm_fix" does not exist on the server. (Group: "Commander Maps")
L 10/08/2017 - 00:11:06: [umc-core.smx] WARNING: Map "emp_duststorm_fix" does not exist on the server. (Group: "Commander Maps")
L 10/08/2017 - 00:11:06: [umc-core.smx] Initiating Vote Type: Map
L 10/08/2017 - 00:11:12: [umc-nominate.smx] OpenDrawer wants to nominate a map.
L 10/08/2017 - 00:11:14: [umc-core.smx] WARNING: Map "emp_duststorm_fix" does not exist on the server. (Group: "Commander Maps")
L 10/08/2017 - 00:11:20: [umc-nominate.smx] OpenDrawer has nominated 'emp_mvalley_fix' from group 'Commander Maps'
L 10/08/2017 - 00:11:52: [umc-core.smx] Setting nextmap to: emp_homeland_b9
L 10/08/2017 - 00:11:52: [umc-randomcycle.smx] Disabling random nextmap selection.
L 10/08/2017 - 00:11:52: [umc-core.smx] umc-votecommand.smx: Changing map to 'emp_homeland_b9' in 5 seconds.
L 10/08/2017 - 00:11:52: [umc-core.smx] MAPVOTE: Players voted for map 'emp_homeland_b9' from group 'Commander Maps'
L 10/08/2017 - 00:11:58: [umc-core.smx] ---------------------MAP CHANGE: emp_homeland_b9---------------------
L 10/08/2017 - 00:11:58: [umc-endvote-warnings.smx] Successfully parsed and set up 11 vote warnings.
L 10/08/2017 - 00:11:58: [umc-rockthevote.smx] RTV will be made available in 60 seconds.
L 10/08/2017 - 00:12:59: [umc-rockthevote.smx] RTV is now available.
L 10/08/2017 - 00:33:42: [umc-emp-mapvote.smx] Map vote will appear in 30 seconds.
L 10/08/2017 - 00:33:47: [umc-nominate.smx] Blood-Wiper wants to nominate a map.
L 10/08/2017 - 00:33:47: [umc-core.smx] WARNING: Map "emp_duststorm_fix" does not exist on the server. (Group: "Commander Maps")
L 10/08/2017 - 00:34:12: [umc-emp-mapvote.smx] Starting a map vote.
L 10/08/2017 - 00:34:12: [umc-core.smx] WARNING: Map "emp_duststorm_fix" does not exist on the server. (Group: "Commander Maps")
L 10/08/2017 - 00:34:12: [umc-core.smx] Initiating Vote Type: Map
L 10/08/2017 - 00:34:42: [umc-core.smx] Setting nextmap to: emp_beachfront_b2
L 10/08/2017 - 00:34:42: [umc-randomcycle.smx] Disabling random nextmap selection.
L 10/08/2017 - 00:34:42: [umc-core.smx] umc-emp-mapvote.smx: Changing map to 'emp_beachfront_b2' in 5 seconds.
L 10/08/2017 - 00:34:42: [umc-core.smx] MAPVOTE: Players voted for map 'emp_beachfront_b2' from group 'Commander Maps'
L 10/08/2017 - 00:34:47: [umc-core.smx] ---------------------MAP CHANGE: emp_beachfront_b2---------------------
L 10/08/2017 - 00:34:47: [umc-endvote-warnings.smx] Successfully parsed and set up 11 vote warnings.
L 10/08/2017 - 00:34:47: [umc-rockthevote.smx] RTV will be made available in 60 seconds.
L 10/08/2017 - 00:35:06: [umc-nominate.smx] ClerkOfDerp wants to nominate a map.
L 10/08/2017 - 00:35:07: [umc-core.smx] WARNING: Map "emp_duststorm_fix" does not exist on the server. (Group: "Commander Maps")
L 10/08/2017 - 00:35:13: [umc-nominate.smx] ClerkOfDerp has nominated 'fun_ricochet_a1' from group 'Cooldown Maps'
L 10/08/2017 - 00:35:48: [umc-rockthevote.smx] RTV is now available.
L 10/08/2017 - 13:30:48: [umc-emp-mapvote.smx] Map vote will appear in 30 seconds.
L 10/08/2017 - 13:31:18: [umc-emp-mapvote.smx] Starting a map vote.
L 10/08/2017 - 13:31:18: [umc-core.smx] WARNING: Map "emp_duststorm_fix" does not exist on the server. (Group: "Commander Maps")
L 10/08/2017 - 13:31:18: [umc-core.smx] Initiating Vote Type: Map
L 10/08/2017 - 13:31:21: [umc-core.smx] Setting nextmap to: emp_drygulch_a6
L 10/08/2017 - 13:31:21: [umc-randomcycle.smx] Disabling random nextmap selection.
L 10/08/2017 - 13:31:21: [umc-core.smx] umc-emp-mapvote.smx: Changing map to 'emp_drygulch_a6' in 5 seconds.
L 10/08/2017 - 13:31:21: [umc-core.smx] MAPVOTE: Players voted for map 'emp_drygulch_a6' from group 'Commander Maps'
L 10/08/2017 - 13:31:27: [umc-core.smx] ---------------------MAP CHANGE: emp_drygulch_a6---------------------
L 10/08/2017 - 13:31:27: [umc-endvote-warnings.smx] Successfully parsed and set up 11 vote warnings.
L 10/08/2017 - 13:31:27: [umc-rockthevote.smx] RTV will be made available in 60 seconds.
L 10/08/2017 - 13:32:28: [umc-rockthevote.smx] RTV is now available.
L 10/08/2017 - 18:36:32: [umc-nominate.smx] Oktay wants to nominate a map.
L 10/08/2017 - 18:36:34: [umc-core.smx] WARNING: Map "emp_duststorm_fix" does not exist on the server. (Group: "Commander Maps")
L 10/08/2017 - 18:36:38: [umc-nominate.smx] Oktay has nominated 'con_district402' from group 'Infantry Maps'
L 10/08/2017 - 18:47:58: [umc-emp-mapvote.smx] Map vote will appear in 30 seconds.
L 10/08/2017 - 18:48:28: [umc-emp-mapvote.smx] Starting a map vote.
L 10/08/2017 - 18:48:28: [umc-core.smx] WARNING: Map "emp_duststorm_fix" does not exist on the server. (Group: "Commander Maps")
L 10/08/2017 - 18:48:28: [umc-core.smx] Initiating Vote Type: Map
L 10/08/2017 - 18:48:58: [umc-core.smx] Setting nextmap to: con_district402
L 10/08/2017 - 18:48:58: [umc-randomcycle.smx] Disabling random nextmap selection.
L 10/08/2017 - 18:48:58: [umc-core.smx] umc-emp-mapvote.smx: Changing map to 'con_district402' in 5 seconds.
L 10/08/2017 - 18:48:58: [umc-core.smx] MAPVOTE: Players voted for map 'con_district402' from group 'Infantry Maps'
L 10/08/2017 - 18:49:04: [umc-core.smx] ---------------------MAP CHANGE: con_district402---------------------
L 10/08/2017 - 18:49:04: [umc-endvote-warnings.smx] Successfully parsed and set up 11 vote warnings.
L 10/08/2017 - 18:49:04: [umc-rockthevote.smx] RTV will be made available in 60 seconds.
L 10/08/2017 - 18:50:05: [umc-rockthevote.smx] RTV is now available.
L 10/08/2017 - 19:18:43: [umc-emp-mapvote.smx] Map vote will appear in 30 seconds.
L 10/08/2017 - 19:19:13: [umc-emp-mapvote.smx] Starting a map vote.
L 10/08/2017 - 19:19:13: [umc-core.smx] WARNING: Map "emp_duststorm_fix" does not exist on the server. (Group: "Commander Maps")
L 10/08/2017 - 19:19:13: [umc-core.smx] Initiating Vote Type: Map
L 10/08/2017 - 19:19:43: [umc-emp-mapvote.smx] WARNING: Map Voting failure. Initiating random map fail-safe.
L 10/08/2017 - 19:19:43: [umc-core.smx] WARNING: Map "emp_duststorm_fix" does not exist on the server. (Group: "Commander Maps")
L 10/08/2017 - 19:19:43: [umc-core.smx] Setting nextmap to: emp_vehicletraining_2013
L 10/08/2017 - 19:19:43: [umc-randomcycle.smx] Disabling random nextmap selection.
L 10/08/2017 - 19:19:43: [umc-core.smx] umc-emp-mapvote.smx: Changing map to 'emp_vehicletraining_2013' in 5 seconds.
L 10/08/2017 - 19:19:49: [umc-core.smx] ---------------------MAP CHANGE: emp_vehicletraining_2013---------------------
L 10/08/2017 - 19:19:49: [umc-endvote-warnings.smx] Successfully parsed and set up 11 vote warnings.
L 10/08/2017 - 19:19:49: [umc-rockthevote.smx] RTV will be made available in 60 seconds.
L 10/08/2017 - 19:20:50: [umc-rockthevote.smx] RTV is now available.
