L 07/27/2017 - 14:52:36: [umc-emp-mapvote.smx] Map vote will appear in 30 seconds.
L 07/27/2017 - 14:53:06: [umc-emp-mapvote.smx] Starting a map vote.
L 07/27/2017 - 14:53:06: [umc-core.smx] Initiating Vote Type: Map
L 07/27/2017 - 14:53:31: [umc-emp-mapvote.smx] WARNING: Map Voting failure. Initiating random map fail-safe.
L 07/27/2017 - 14:53:31: [umc-core.smx] Setting nextmap to: emp_beachfront_b2
L 07/27/2017 - 14:53:31: [umc-randomcycle.smx] Disabling random nextmap selection.
L 07/27/2017 - 14:53:31: [umc-core.smx] umc-emp-mapvote.smx: Changing map to 'emp_beachfront_b2' in 5 seconds.
L 07/27/2017 - 14:53:37: [umc-core.smx] ---------------------MAP CHANGE: emp_beachfront_b2---------------------
L 07/27/2017 - 14:53:37: [umc-endvote-warnings.smx] Successfully parsed and set up 11 vote warnings.
L 07/27/2017 - 14:53:37: [umc-playercountmonitor.smx] Min Players: 0, Max Players: 22
L 07/27/2017 - 14:53:37: [umc-playercountmonitor.smx] Server will begin watching for inproper number of players in 240 seconds.
L 07/27/2017 - 14:53:37: [umc-rockthevote.smx] RTV will be made available in 60 seconds.
L 07/27/2017 - 14:54:38: [umc-rockthevote.smx] RTV is now available.
L 07/27/2017 - 14:57:37: [umc-playercountmonitor.smx] Server is now watching for inproper number of players.
L 07/27/2017 - 23:32:52: [umc-emp-mapvote.smx] Map vote will appear in 30 seconds.
L 07/27/2017 - 23:33:22: [umc-emp-mapvote.smx] Starting a map vote.
L 07/27/2017 - 23:33:22: [umc-core.smx] Initiating Vote Type: Map
L 07/27/2017 - 23:33:22: [umc-core.smx] Could not start core vote, no players to display vote to!
L 07/27/2017 - 23:33:22: [umc-emp-mapvote.smx] Could not start UMC vote.
L 07/27/2017 - 23:33:22: [umc-emp-mapvote.smx] WARNING: Map Voting failure. Initiating random map fail-safe.
L 07/27/2017 - 23:33:22: [umc-core.smx] Setting nextmap to: emp_vehicletraining_2013
L 07/27/2017 - 23:33:22: [umc-randomcycle.smx] Disabling random nextmap selection.
L 07/27/2017 - 23:33:22: [umc-core.smx] umc-emp-mapvote.smx: Changing map to 'emp_vehicletraining_2013' in 5 seconds.
L 07/27/2017 - 23:33:28: [umc-core.smx] ---------------------MAP CHANGE: emp_vehicletraining_2013---------------------
L 07/27/2017 - 23:33:28: [umc-endvote-warnings.smx] Successfully parsed and set up 11 vote warnings.
L 07/27/2017 - 23:33:28: [umc-playercountmonitor.smx] Min Players: 0, Max Players: 20
L 07/27/2017 - 23:33:28: [umc-playercountmonitor.smx] Server will begin watching for inproper number of players in 240 seconds.
L 07/27/2017 - 23:33:28: [umc-rockthevote.smx] RTV will be made available in 60 seconds.
L 07/27/2017 - 23:34:29: [umc-rockthevote.smx] RTV is now available.
L 07/27/2017 - 23:37:28: [umc-playercountmonitor.smx] Server is now watching for inproper number of players.
