L 08/21/2017 - 00:01:01: [umc-core.smx] ---------------------MAP CHANGE: con_district402---------------------
L 08/21/2017 - 00:01:01: [umc-endvote-warnings.smx] Successfully parsed and set up 11 vote warnings.
L 08/21/2017 - 00:01:01: [umc-playercountmonitor.smx] Current Map Group could not be determined. (Non-UMC mapchange or plugin just loaded.)
L 08/21/2017 - 00:01:01: [umc-playercountmonitor.smx] Min Players: 0, Max Players: 64
L 08/21/2017 - 00:01:01: [umc-rockthevote.smx] RTV will be made available in 60 seconds.
L 08/21/2017 - 00:02:02: [umc-rockthevote.smx] RTV is now available.
L 08/21/2017 - 00:34:48: [umc-emp-mapvote.smx] Map vote will appear in 30 seconds.
L 08/21/2017 - 00:35:18: [umc-emp-mapvote.smx] Starting a map vote.
L 08/21/2017 - 00:35:18: [umc-core.smx] Initiating Vote Type: Map
L 08/21/2017 - 00:35:49: [umc-core.smx] Setting nextmap to: emp_beachfront_b2
L 08/21/2017 - 00:35:49: [umc-randomcycle.smx] Disabling random nextmap selection.
L 08/21/2017 - 00:35:49: [umc-core.smx] umc-emp-mapvote.smx: Changing map to 'emp_beachfront_b2' in 5 seconds.
L 08/21/2017 - 00:35:49: [umc-core.smx] MAPVOTE: Players voted for map 'emp_beachfront_b2' from group 'Commander Maps'
L 08/21/2017 - 00:36:20: [umc-core.smx] ---------------------MAP CHANGE: con_district402---------------------
L 08/21/2017 - 00:36:21: [umc-endvote-warnings.smx] Successfully parsed and set up 11 vote warnings.
L 08/21/2017 - 00:36:21: [umc-playercountmonitor.smx] Current Map Group could not be determined. (Non-UMC mapchange or plugin just loaded.)
L 08/21/2017 - 00:36:21: [umc-playercountmonitor.smx] Min Players: 0, Max Players: 64
L 08/21/2017 - 00:36:21: [umc-rockthevote.smx] RTV will be made available in 60 seconds.
L 08/21/2017 - 00:36:36: [umc-core.smx] ---------------------MAP CHANGE: con_district402---------------------
L 08/21/2017 - 00:36:36: [umc-endvote-warnings.smx] Successfully parsed and set up 11 vote warnings.
L 08/21/2017 - 00:36:36: [umc-playercountmonitor.smx] Current Map Group could not be determined. (Non-UMC mapchange or plugin just loaded.)
L 08/21/2017 - 00:36:36: [umc-playercountmonitor.smx] Min Players: 0, Max Players: 64
L 08/21/2017 - 00:36:36: [umc-rockthevote.smx] RTV will be made available in 60 seconds.
L 08/21/2017 - 00:36:46: [umc-core.smx] ---------------------MAP CHANGE: emp_beachfront_b2---------------------
L 08/21/2017 - 00:36:46: [umc-endvote-warnings.smx] Successfully parsed and set up 11 vote warnings.
L 08/21/2017 - 00:36:46: [umc-playercountmonitor.smx] Min Players: 0, Max Players: 22
L 08/21/2017 - 00:36:46: [umc-playercountmonitor.smx] Server will begin watching for inproper number of players in 240 seconds.
L 08/21/2017 - 00:36:46: [umc-rockthevote.smx] RTV will be made available in 60 seconds.
L 08/21/2017 - 00:37:47: [umc-rockthevote.smx] RTV is now available.
L 08/21/2017 - 00:40:46: [umc-playercountmonitor.smx] Server is now watching for inproper number of players.
L 08/21/2017 - 00:56:22: [umc-emp-mapvote.smx] Map vote will appear in 30 seconds.
L 08/21/2017 - 00:56:52: [umc-emp-mapvote.smx] Starting a map vote.
L 08/21/2017 - 00:56:52: [umc-core.smx] Initiating Vote Type: Map
L 08/21/2017 - 00:56:59: [umc-core.smx] Setting nextmap to: emp_shadows_attacks_fix
L 08/21/2017 - 00:56:59: [umc-randomcycle.smx] Disabling random nextmap selection.
L 08/21/2017 - 00:56:59: [umc-core.smx] umc-emp-mapvote.smx: Changing map to 'emp_shadows_attacks_fix' in 5 seconds.
L 08/21/2017 - 00:56:59: [umc-core.smx] MAPVOTE: Players voted for map 'emp_shadows_attacks_fix' from group 'Infantry Maps'
L 08/21/2017 - 14:01:34: [umc-core.smx] ---------------------MAP CHANGE: con_district402---------------------
L 08/21/2017 - 14:01:34: [umc-endvote-warnings.smx] Successfully parsed and set up 11 vote warnings.
L 08/21/2017 - 14:01:34: [umc-playercountmonitor.smx] Current Map Group could not be determined. (Non-UMC mapchange or plugin just loaded.)
L 08/21/2017 - 14:01:34: [umc-playercountmonitor.smx] Min Players: 0, Max Players: 64
L 08/21/2017 - 14:01:34: [umc-rockthevote.smx] RTV will be made available in 60 seconds.
L 08/21/2017 - 14:02:35: [umc-rockthevote.smx] RTV is now available.
L 08/21/2017 - 16:24:12: [umc-emp-mapvote.smx] Map vote will appear in 30 seconds.
L 08/21/2017 - 16:24:42: [umc-emp-mapvote.smx] Starting a map vote.
L 08/21/2017 - 16:24:42: [umc-core.smx] Initiating Vote Type: Map
L 08/21/2017 - 16:24:42: [umc-core.smx] Could not start core vote, no players to display vote to!
L 08/21/2017 - 16:24:42: [umc-emp-mapvote.smx] Could not start UMC vote.
L 08/21/2017 - 16:24:42: [umc-emp-mapvote.smx] WARNING: Map Voting failure. Initiating random map fail-safe.
L 08/21/2017 - 16:24:42: [umc-core.smx] Setting nextmap to: emp_havoc_b1_fix
L 08/21/2017 - 16:24:42: [umc-randomcycle.smx] Disabling random nextmap selection.
L 08/21/2017 - 16:24:42: [umc-core.smx] umc-emp-mapvote.smx: Changing map to 'emp_havoc_b1_fix' in 5 seconds.
L 08/21/2017 - 16:24:48: [umc-core.smx] ---------------------MAP CHANGE: emp_havoc_b1_fix---------------------
L 08/21/2017 - 16:24:48: [umc-endvote-warnings.smx] Successfully parsed and set up 11 vote warnings.
L 08/21/2017 - 16:24:48: [umc-playercountmonitor.smx] Min Players: 0, Max Players: 20
L 08/21/2017 - 16:24:48: [umc-playercountmonitor.smx] Server will begin watching for inproper number of players in 240 seconds.
L 08/21/2017 - 16:24:48: [umc-rockthevote.smx] RTV will be made available in 60 seconds.
L 08/21/2017 - 16:25:49: [umc-rockthevote.smx] RTV is now available.
L 08/21/2017 - 16:28:48: [umc-playercountmonitor.smx] Server is now watching for inproper number of players.
L 08/21/2017 - 20:15:04: [umc-core.smx] ---------------------MAP CHANGE: emp_vehicletraining_2013---------------------
L 08/21/2017 - 20:15:05: [umc-endvote-warnings.smx] Successfully parsed and set up 11 vote warnings.
L 08/21/2017 - 20:15:05: [umc-playercountmonitor.smx] Min Players: 0, Max Players: 20
L 08/21/2017 - 20:15:05: [umc-playercountmonitor.smx] Server will begin watching for inproper number of players in 240 seconds.
L 08/21/2017 - 20:15:05: [umc-rockthevote.smx] RTV will be made available in 60 seconds.
L 08/21/2017 - 20:16:06: [umc-rockthevote.smx] RTV is now available.
L 08/21/2017 - 20:19:05: [umc-playercountmonitor.smx] Server is now watching for inproper number of players.
L 08/21/2017 - 21:09:07: [umc-nominate.smx] Oktay wants to nominate a map.
L 08/21/2017 - 21:09:55: [umc-emp-mapvote.smx] Map vote will appear in 30 seconds.
L 08/21/2017 - 21:10:25: [umc-emp-mapvote.smx] Starting a map vote.
L 08/21/2017 - 21:10:25: [umc-core.smx] Initiating Vote Type: Map
L 08/21/2017 - 21:10:56: [umc-core.smx] Setting nextmap to: emp_blast_ob1
L 08/21/2017 - 21:10:56: [umc-randomcycle.smx] Disabling random nextmap selection.
L 08/21/2017 - 21:10:56: [umc-core.smx] umc-emp-mapvote.smx: Changing map to 'emp_blast_ob1' in 5 seconds.
L 08/21/2017 - 21:10:56: [umc-core.smx] MAPVOTE: Players voted for map 'emp_blast_ob1' from group 'Infantry Maps'
L 08/21/2017 - 21:18:22: [umc-core.smx] ---------------------MAP CHANGE: con_district402---------------------
L 08/21/2017 - 21:18:22: [umc-endvote-warnings.smx] Successfully parsed and set up 11 vote warnings.
L 08/21/2017 - 21:18:22: [umc-playercountmonitor.smx] Current Map Group could not be determined. (Non-UMC mapchange or plugin just loaded.)
L 08/21/2017 - 21:18:22: [umc-playercountmonitor.smx] Min Players: 0, Max Players: 64
L 08/21/2017 - 21:18:22: [umc-rockthevote.smx] RTV will be made available in 60 seconds.
L 08/21/2017 - 21:19:23: [umc-rockthevote.smx] RTV is now available.
L 08/21/2017 - 21:24:01: [umc-core.smx] ---------------------MAP CHANGE: emp_vehicletraining_2013---------------------
L 08/21/2017 - 21:24:01: [umc-endvote-warnings.smx] Successfully parsed and set up 11 vote warnings.
L 08/21/2017 - 21:24:01: [umc-playercountmonitor.smx] Min Players: 0, Max Players: 20
L 08/21/2017 - 21:24:01: [umc-playercountmonitor.smx] Server will begin watching for inproper number of players in 240 seconds.
L 08/21/2017 - 21:24:01: [umc-rockthevote.smx] RTV will be made available in 60 seconds.
L 08/21/2017 - 21:25:02: [umc-rockthevote.smx] RTV is now available.
L 08/21/2017 - 21:28:01: [umc-playercountmonitor.smx] Server is now watching for inproper number of players.
L 08/21/2017 - 22:00:55: [umc-emp-mapvote.smx] Map vote will appear in 30 seconds.
L 08/21/2017 - 22:01:25: [umc-emp-mapvote.smx] Starting a map vote.
L 08/21/2017 - 22:01:25: [umc-core.smx] Initiating Vote Type: Map
L 08/21/2017 - 22:01:30: [umc-core.smx] Setting nextmap to: emp_crossroads
L 08/21/2017 - 22:01:30: [umc-randomcycle.smx] Disabling random nextmap selection.
L 08/21/2017 - 22:01:30: [umc-core.smx] umc-emp-mapvote.smx: Changing map to 'emp_crossroads' in 5 seconds.
L 08/21/2017 - 22:01:30: [umc-core.smx] MAPVOTE: Players voted for map 'emp_crossroads' from group 'Commander Maps'
L 08/21/2017 - 22:01:36: [umc-core.smx] ---------------------MAP CHANGE: emp_crossroads---------------------
L 08/21/2017 - 22:01:36: [umc-endvote-warnings.smx] Successfully parsed and set up 11 vote warnings.
L 08/21/2017 - 22:01:36: [umc-playercountmonitor.smx] Min Players: 0, Max Players: 22
L 08/21/2017 - 22:01:36: [umc-playercountmonitor.smx] Server will begin watching for inproper number of players in 240 seconds.
L 08/21/2017 - 22:01:36: [umc-rockthevote.smx] RTV will be made available in 60 seconds.
L 08/21/2017 - 22:02:38: [umc-rockthevote.smx] RTV is now available.
L 08/21/2017 - 22:05:37: [umc-playercountmonitor.smx] Server is now watching for inproper number of players.
