L 06/23/2018 - 00:00:25: [umc-emp-mapvote.smx] Map vote will appear in 30 seconds.
L 06/23/2018 - 00:00:55: [umc-emp-mapvote.smx] Starting a map vote.
L 06/23/2018 - 00:00:55: [umc-core.smx] VOTE MENU: (Verbose) Fetching 7 maps from group 'Commander Maps'
L 06/23/2018 - 00:00:55: [umc-core.smx] VOTE MENU: (Verbose) Nominated map 'emp_drygulch_a7' from group 'Commander Maps' was added to the vote.
L 06/23/2018 - 00:00:55: [umc-core.smx] VOTE MENU: (Verbose) Finished parsing nominations for map group 'Commander Maps'
L 06/23/2018 - 00:00:55: [umc-core.smx] VOTE MENU: (Verbose) Still need to fetch 6 maps from the group.
L 06/23/2018 - 00:00:55: [umc-core.smx] VOTE MENU: (Verbose) Selected map 'emp_hazard_rc6' from group 'Commander Maps' was added to the vote.
L 06/23/2018 - 00:00:55: [umc-core.smx] VOTE MENU: (Verbose) Selected map 'emp_homeland_b9_hce' from group 'Commander Maps' was added to the vote.
L 06/23/2018 - 00:00:55: [umc-core.smx] VOTE MENU: (Verbose) Selected map 'emp_traders_a8' from group 'Commander Maps' was added to the vote.
L 06/23/2018 - 00:00:55: [umc-core.smx] VOTE MENU: (Verbose) Selected map 'emp_blah4_hce' from group 'Commander Maps' was added to the vote.
L 06/23/2018 - 00:00:55: [umc-core.smx] VOTE MENU: (Verbose) Selected map 'emp_flat_hce' from group 'Commander Maps' was added to the vote.
L 06/23/2018 - 00:00:55: [umc-core.smx] VOTE MENU: (Verbose) Selected map 'emp_massacred_rc1_hce' from group 'Commander Maps' was added to the vote.
L 06/23/2018 - 00:00:55: [umc-core.smx] VOTE MENU: (Verbose) Fetching 1 maps from group 'Infantry Maps'
L 06/23/2018 - 00:00:55: [umc-core.smx] VOTE MENU: (Verbose) Finished parsing nominations for map group 'Infantry Maps'
L 06/23/2018 - 00:00:55: [umc-core.smx] VOTE MENU: (Verbose) Still need to fetch 1 maps from the group.
L 06/23/2018 - 00:00:55: [umc-core.smx] VOTE MENU: (Verbose) Selected map 'emp_havoc_b1_fix' from group 'Infantry Maps' was added to the vote.
L 06/23/2018 - 00:00:55: [umc-core.smx] VOTE MENU: (Verbose) Fetching 0 maps from group 'Cooldown Maps'
L 06/23/2018 - 00:00:55: [umc-core.smx] VOTE MENU: (Verbose) Finished parsing nominations for map group 'Cooldown Maps'
L 06/23/2018 - 00:00:55: [umc-core.smx] Initiating Vote Type: Map
L 06/23/2018 - 00:00:55: [umc-core.smx] Adding Clients to Vote:
L 06/23/2018 - 00:00:55: [umc-core.smx] 0: Mr. X. (2)
L 06/23/2018 - 00:00:55: [umc-core.smx] 1: Grave (3)
L 06/23/2018 - 00:00:55: [umc-core.smx] 2: Nowaf8037 (4)
L 06/23/2018 - 00:00:55: [umc-core.smx] 3: HyperbolicHubris (5)
L 06/23/2018 - 00:00:55: [umc-core.smx] 4: LT (6)
L 06/23/2018 - 00:00:55: [umc-core.smx] 5: MegaMLG <3 (7)
L 06/23/2018 - 00:00:55: [umc-core.smx] 6: Neoony (8)
L 06/23/2018 - 00:00:55: [umc-core.smx] 7: Blood-Wiper (9)
L 06/23/2018 - 00:00:55: [umc-core.smx] 8: Justkidding (FutureFunk) (10)
L 06/23/2018 - 00:00:55: [umc-core.smx] 9: Skalk (11)
L 06/23/2018 - 00:00:55: [umc-core.smx] 10: RoShark (12)
L 06/23/2018 - 00:00:55: [umc-core.smx] 11: Oktay (13)
L 06/23/2018 - 00:00:55: [umc-core.smx] 12: Stalin (voice-chat off) (14)
L 06/23/2018 - 00:00:55: [umc-core.smx] 13: Sir UYT (15)
L 06/23/2018 - 00:00:55: [umc-core.smx] VOTE MENU:
L 06/23/2018 - 00:00:55: [umc-core.smx] 2: emp_traders (0)
L 06/23/2018 - 00:00:55: [umc-core.smx] 3: emp_hazard (1)
L 06/23/2018 - 00:00:55: [umc-core.smx] 4: emp_homeland (2)
L 06/23/2018 - 00:00:55: [umc-core.smx] 5: emp_massacred (3)
L 06/23/2018 - 00:00:55: [umc-core.smx] 6: con_havoc (4)
L 06/23/2018 - 00:00:55: [umc-core.smx] 7: emp_blah4 (5)
L 06/23/2018 - 00:00:55: [umc-core.smx] 8: emp_drygulch (6)
L 06/23/2018 - 00:00:55: [umc-core.smx] 9: emp_flat (7)
L 06/23/2018 - 00:00:59: [umc-core.smx] MegaMLG <3<32><[U:1:104392409]><> selected menu item 1
L 06/23/2018 - 00:00:59: [umc-core.smx] RoShark<24><[U:1:313949428]><> selected menu item 1
L 06/23/2018 - 00:01:13: [umc-core.smx] Grave<5><[U:1:34977414]><> selected menu item 4
L 06/23/2018 - 00:01:25: [umc-core.smx] LT<31><[U:1:36129206]><> selected menu item 7
L 06/23/2018 - 00:01:25: [umc-core.smx] RUNOFF MENU: (Verbose) Building runoff vote menu.
L 06/23/2018 - 00:01:25: [umc-core.smx] RUNOFF MENU: (Verbose) 'emp_drygulch' was removed from the vote. It had 1 votes (25 of total)
L 06/23/2018 - 00:01:25: [umc-core.smx] RUNOFF MENU: (Verbose) Stopped removing options from the vote. Maximum possible winning vote percentage is 75%
L 06/23/2018 - 00:01:25: [umc-core.smx] Vote has concluded.
L 06/23/2018 - 00:01:33: [umc-core.smx] RUNOFF: Starting runoff vote.
L 06/23/2018 - 00:01:33: [umc-core.smx] Initiating Vote Type: Map
L 06/23/2018 - 00:01:33: [umc-core.smx] Adding Clients to Vote:
L 06/23/2018 - 00:01:33: [umc-core.smx] 0: Mr. X. (2)
L 06/23/2018 - 00:01:33: [umc-core.smx] 1: Grave (3)
L 06/23/2018 - 00:01:33: [umc-core.smx] 2: Nowaf8037 (4)
L 06/23/2018 - 00:01:33: [umc-core.smx] 3: HyperbolicHubris (5)
L 06/23/2018 - 00:01:33: [umc-core.smx] 4: LT (6)
L 06/23/2018 - 00:01:33: [umc-core.smx] 5: MegaMLG <3 (7)
L 06/23/2018 - 00:01:33: [umc-core.smx] 6: Neoony (8)
L 06/23/2018 - 00:01:33: [umc-core.smx] 7: Blood-Wiper (9)
L 06/23/2018 - 00:01:33: [umc-core.smx] 8: Justkidding (FutureFunk) (10)
L 06/23/2018 - 00:01:33: [umc-core.smx] 9: Skalk (11)
L 06/23/2018 - 00:01:33: [umc-core.smx] 10: RoShark (12)
L 06/23/2018 - 00:01:33: [umc-core.smx] 11: Oktay (13)
L 06/23/2018 - 00:01:33: [umc-core.smx] 12: Stalin (voice-chat off) (14)
L 06/23/2018 - 00:01:33: [umc-core.smx] 13: Sir UYT (15)
L 06/23/2018 - 00:01:33: [umc-core.smx] VOTE MENU:
L 06/23/2018 - 00:01:33: [umc-core.smx] 2: emp_traders (0)
L 06/23/2018 - 00:01:33: [umc-core.smx] 3: emp_massacred (3)
L 06/23/2018 - 00:01:35: [umc-core.smx] MegaMLG <3<32><[U:1:104392409]><> selected menu item 1
L 06/23/2018 - 00:01:36: [umc-core.smx] Sir UYT<34><[U:1:30221669]><> selected menu item 1
L 06/23/2018 - 00:01:37: [umc-core.smx] RoShark<24><[U:1:313949428]><> selected menu item 1
L 06/23/2018 - 00:01:38: [umc-core.smx] Grave<5><[U:1:34977414]><> selected menu item 1
L 06/23/2018 - 00:01:39: [umc-core.smx] Neoony<30><[U:1:40282661]><> selected menu item 1
L 06/23/2018 - 00:01:45: [umc-core.smx] Justkidding (FutureFunk)<20><[U:1:2788022]><> selected menu item 1
L 06/23/2018 - 00:02:01: [umc-core.smx] LT<31><[U:1:36129206]><> selected menu item 1
L 06/23/2018 - 00:02:04: [umc-core.smx] Setting nextmap to: emp_traders_a8
L 06/23/2018 - 00:02:04: [umc-randomcycle.smx] Disabling random nextmap selection.
L 06/23/2018 - 00:02:04: [umc-core.smx] umc-emp-mapvote.smx: Changing map to 'emp_traders_a8' in 5 seconds.
L 06/23/2018 - 00:02:04: [umc-core.smx] MAPVOTE: Players voted for map 'emp_traders_a8' from group 'Commander Maps'
L 06/23/2018 - 00:02:04: [umc-core.smx] Vote has concluded.
L 06/23/2018 - 00:02:09: [umc-core.smx] ---------------------MAP CHANGE: emp_traders_a8---------------------
L 06/23/2018 - 00:02:09: [umc-endvote-warnings.smx] Successfully parsed and set up 11 vote warnings.
L 06/23/2018 - 00:02:09: [umc-rockthevote.smx] RTV will be made available in 60 seconds.
L 06/23/2018 - 00:03:10: [umc-rockthevote.smx] RTV is now available.
L 06/23/2018 - 00:14:05: [umc-emp-mapvote.smx] Map vote will appear in 30 seconds.
L 06/23/2018 - 00:14:35: [umc-emp-mapvote.smx] Starting a map vote.
L 06/23/2018 - 00:14:35: [umc-core.smx] VOTE MENU: (Verbose) Fetching 7 maps from group 'Commander Maps'
L 06/23/2018 - 00:14:35: [umc-core.smx] VOTE MENU: (Verbose) Finished parsing nominations for map group 'Commander Maps'
L 06/23/2018 - 00:14:35: [umc-core.smx] VOTE MENU: (Verbose) Still need to fetch 7 maps from the group.
L 06/23/2018 - 00:14:35: [umc-core.smx] VOTE MENU: (Verbose) Selected map 'emp_drygulch_a7' from group 'Commander Maps' was added to the vote.
L 06/23/2018 - 00:14:35: [umc-core.smx] VOTE MENU: (Verbose) No more maps in map group 'Commander Maps'
L 06/23/2018 - 00:14:35: [umc-core.smx] VOTE MENU: (Verbose) Fetching 1 maps from group 'Infantry Maps'
L 06/23/2018 - 00:14:35: [umc-core.smx] VOTE MENU: (Verbose) Finished parsing nominations for map group 'Infantry Maps'
L 06/23/2018 - 00:14:35: [umc-core.smx] VOTE MENU: (Verbose) Still need to fetch 1 maps from the group.
L 06/23/2018 - 00:14:35: [umc-core.smx] VOTE MENU: (Verbose) Selected map 'con_urbanchaos_comm_b2' from group 'Infantry Maps' was added to the vote.
L 06/23/2018 - 00:14:35: [umc-core.smx] VOTE MENU: (Verbose) Fetching 0 maps from group 'Cooldown Maps'
L 06/23/2018 - 00:14:35: [umc-core.smx] VOTE MENU: (Verbose) Finished parsing nominations for map group 'Cooldown Maps'
L 06/23/2018 - 00:14:35: [umc-core.smx] Initiating Vote Type: Map
L 06/23/2018 - 00:14:35: [umc-core.smx] Adding Clients to Vote:
L 06/23/2018 - 00:14:35: [umc-core.smx] 0: Mr. X. (2)
L 06/23/2018 - 00:14:35: [umc-core.smx] 1: Grave (3)
L 06/23/2018 - 00:14:35: [umc-core.smx] 2: Nowaf8037 (4)
L 06/23/2018 - 00:14:35: [umc-core.smx] 3: HyperbolicHubris (5)
L 06/23/2018 - 00:14:35: [umc-core.smx] 4: LT (6)
L 06/23/2018 - 00:14:35: [umc-core.smx] 5: Neoony (8)
L 06/23/2018 - 00:14:35: [umc-core.smx] 6: Blood-Wiper (9)
L 06/23/2018 - 00:14:35: [umc-core.smx] 7: Justkidding (FutureFunk) (10)
L 06/23/2018 - 00:14:35: [umc-core.smx] 8: Skalk (11)
L 06/23/2018 - 00:14:35: [umc-core.smx] 9: RoShark (12)
L 06/23/2018 - 00:14:35: [umc-core.smx] 10: Oktay (13)
L 06/23/2018 - 00:14:35: [umc-core.smx] 11: Stalin (voice-chat off) (14)
L 06/23/2018 - 00:14:35: [umc-core.smx] VOTE MENU:
L 06/23/2018 - 00:14:35: [umc-core.smx] 2: con_urbanchaos (0)
L 06/23/2018 - 00:14:35: [umc-core.smx] 3: emp_drygulch (1)
L 06/23/2018 - 00:14:40: [umc-core.smx] LT<31><[U:1:36129206]><> selected menu item 2
L 06/23/2018 - 00:14:41: [umc-core.smx] HyperbolicHubris<7><[U:1:15813678]><> selected menu item 1
L 06/23/2018 - 00:14:49: [umc-core.smx] Neoony<30><[U:1:40282661]><> selected menu item 1
L 06/23/2018 - 00:15:06: [umc-core.smx] RUNOFF MENU: (Verbose) Building runoff vote menu.
L 06/23/2018 - 00:15:06: [umc-core.smx] RUNOFF MENU: (Verbose) Stopped removing options from the vote. Maximum possible winning vote percentage is 50%
L 06/23/2018 - 00:15:06: [umc-core.smx] Vote has concluded.
L 06/23/2018 - 00:15:14: [umc-core.smx] RUNOFF: Starting runoff vote.
L 06/23/2018 - 00:15:14: [umc-core.smx] Initiating Vote Type: Map
L 06/23/2018 - 00:15:14: [umc-core.smx] Adding Clients to Vote:
L 06/23/2018 - 00:15:14: [umc-core.smx] 0: Mr. X. (2)
L 06/23/2018 - 00:15:14: [umc-core.smx] 1: Grave (3)
L 06/23/2018 - 00:15:14: [umc-core.smx] 2: Nowaf8037 (4)
L 06/23/2018 - 00:15:14: [umc-core.smx] 4: LT (6)
L 06/23/2018 - 00:15:14: [umc-core.smx] 5: Neoony (8)
L 06/23/2018 - 00:15:14: [umc-core.smx] 6: Blood-Wiper (9)
L 06/23/2018 - 00:15:14: [umc-core.smx] 7: Justkidding (FutureFunk) (10)
L 06/23/2018 - 00:15:14: [umc-core.smx] 8: Skalk (11)
L 06/23/2018 - 00:15:14: [umc-core.smx] 10: Oktay (13)
L 06/23/2018 - 00:15:14: [umc-core.smx] 11: Stalin (voice-chat off) (14)
L 06/23/2018 - 00:15:14: [umc-core.smx] VOTE MENU:
L 06/23/2018 - 00:15:14: [umc-core.smx] 2: con_urbanchaos (0)
L 06/23/2018 - 00:15:14: [umc-core.smx] 3: emp_drygulch (1)
L 06/23/2018 - 00:15:19: [umc-core.smx] LT<31><[U:1:36129206]><> selected menu item 2
L 06/23/2018 - 00:15:21: [umc-core.smx] Nowaf8037<6><[U:1:309341142]><> selected menu item 2
L 06/23/2018 - 00:15:23: [umc-core.smx] Neoony<30><[U:1:40282661]><> selected menu item 1
L 06/23/2018 - 00:15:37: [umc-core.smx] Stalin (voice-chat off)<33><[U:1:41513856]><> selected menu item 1
L 06/23/2018 - 00:15:44: [umc-core.smx] Setting nextmap to: con_urbanchaos_comm_b2
L 06/23/2018 - 00:15:44: [umc-randomcycle.smx] Disabling random nextmap selection.
L 06/23/2018 - 00:15:44: [umc-core.smx] umc-emp-mapvote.smx: Changing map to 'con_urbanchaos_comm_b2' in 5 seconds.
L 06/23/2018 - 00:15:44: [umc-core.smx] MAPVOTE: Players voted for map 'con_urbanchaos_comm_b2' from group 'Infantry Maps'
L 06/23/2018 - 00:15:44: [umc-core.smx] Vote has concluded.
L 06/23/2018 - 00:15:50: [umc-core.smx] ---------------------MAP CHANGE: con_urbanchaos_comm_b2---------------------
L 06/23/2018 - 00:15:50: [umc-endvote-warnings.smx] Successfully parsed and set up 11 vote warnings.
L 06/23/2018 - 00:15:50: [umc-rockthevote.smx] RTV will be made available in 60 seconds.
L 06/23/2018 - 00:16:51: [umc-rockthevote.smx] RTV is now available.
L 06/23/2018 - 00:39:57: [umc-emp-mapvote.smx] Map vote will appear in 30 seconds.
L 06/23/2018 - 00:40:27: [umc-emp-mapvote.smx] Starting a map vote.
L 06/23/2018 - 00:40:27: [umc-core.smx] VOTE MENU: (Verbose) Fetching 7 maps from group 'Commander Maps'
L 06/23/2018 - 00:40:27: [umc-core.smx] VOTE MENU: (Verbose) Finished parsing nominations for map group 'Commander Maps'
L 06/23/2018 - 00:40:27: [umc-core.smx] VOTE MENU: (Verbose) Still need to fetch 7 maps from the group.
L 06/23/2018 - 00:40:27: [umc-core.smx] VOTE MENU: (Verbose) Selected map 'emp_crossroads_towerless_hce' from group 'Commander Maps' was added to the vote.
L 06/23/2018 - 00:40:27: [umc-core.smx] VOTE MENU: (Verbose) Selected map 'emp_drygulch_a7' from group 'Commander Maps' was added to the vote.
L 06/23/2018 - 00:40:27: [umc-core.smx] VOTE MENU: (Verbose) No more maps in map group 'Commander Maps'
L 06/23/2018 - 00:40:27: [umc-core.smx] VOTE MENU: (Verbose) Fetching 1 maps from group 'Infantry Maps'
L 06/23/2018 - 00:40:27: [umc-core.smx] VOTE MENU: (Verbose) Finished parsing nominations for map group 'Infantry Maps'
L 06/23/2018 - 00:40:27: [umc-core.smx] VOTE MENU: (Verbose) Still need to fetch 1 maps from the group.
L 06/23/2018 - 00:40:27: [umc-core.smx] VOTE MENU: (Verbose) Selected map 'con_district402' from group 'Infantry Maps' was added to the vote.
L 06/23/2018 - 00:40:27: [umc-core.smx] VOTE MENU: (Verbose) Fetching 0 maps from group 'Cooldown Maps'
L 06/23/2018 - 00:40:27: [umc-core.smx] VOTE MENU: (Verbose) Finished parsing nominations for map group 'Cooldown Maps'
L 06/23/2018 - 00:40:27: [umc-core.smx] Initiating Vote Type: Map
L 06/23/2018 - 00:40:27: [umc-core.smx] Adding Clients to Vote:
L 06/23/2018 - 00:40:27: [umc-core.smx] 0: Mr. X. (2)
L 06/23/2018 - 00:40:27: [umc-core.smx] 1: Grave (3)
L 06/23/2018 - 00:40:27: [umc-core.smx] 2: Nowaf8037 (4)
L 06/23/2018 - 00:40:27: [umc-core.smx] 3: Neoony (5)
L 06/23/2018 - 00:40:27: [umc-core.smx] 4: Blood-Wiper (9)
L 06/23/2018 - 00:40:27: [umc-core.smx] 5: Justkidding (FutureFunk) (10)
L 06/23/2018 - 00:40:27: [umc-core.smx] 6: Stalin (voice-chat off) (14)
L 06/23/2018 - 00:40:27: [umc-core.smx] VOTE MENU:
L 06/23/2018 - 00:40:27: [umc-core.smx] 2: emp_crossroads (0)
L 06/23/2018 - 00:40:27: [umc-core.smx] 3: con_district402 (1)
L 06/23/2018 - 00:40:27: [umc-core.smx] 4: emp_drygulch (2)
L 06/23/2018 - 00:40:33: [umc-core.smx] Nowaf8037<6><[U:1:309341142]><> selected menu item 2
L 06/23/2018 - 00:40:36: [umc-core.smx] Stalin (voice-chat off)<33><[U:1:41513856]><> selected menu item 2
L 06/23/2018 - 00:40:52: [umc-core.smx] Grave<5><[U:1:34977414]><> selected menu item 2
L 06/23/2018 - 00:40:57: [umc-core.smx] Setting nextmap to: con_district402
L 06/23/2018 - 00:40:57: [umc-randomcycle.smx] Disabling random nextmap selection.
L 06/23/2018 - 00:40:57: [umc-core.smx] umc-emp-mapvote.smx: Changing map to 'con_district402' in 5 seconds.
L 06/23/2018 - 00:40:57: [umc-core.smx] MAPVOTE: Players voted for map 'con_district402' from group 'Infantry Maps'
L 06/23/2018 - 00:40:57: [umc-core.smx] Vote has concluded.
L 06/23/2018 - 00:41:03: [umc-core.smx] ---------------------MAP CHANGE: con_district402---------------------
L 06/23/2018 - 00:41:03: [umc-endvote-warnings.smx] Successfully parsed and set up 11 vote warnings.
L 06/23/2018 - 00:41:03: [umc-rockthevote.smx] RTV will be made available in 60 seconds.
L 06/23/2018 - 00:42:04: [umc-rockthevote.smx] RTV is now available.
L 06/23/2018 - 01:17:22: [umc-emp-mapvote.smx] Map vote will appear in 30 seconds.
L 06/23/2018 - 01:17:52: [umc-emp-mapvote.smx] Starting a map vote.
L 06/23/2018 - 01:17:52: [umc-core.smx] VOTE MENU: (Verbose) Fetching 7 maps from group 'Commander Maps'
L 06/23/2018 - 01:17:52: [umc-core.smx] VOTE MENU: (Verbose) Finished parsing nominations for map group 'Commander Maps'
L 06/23/2018 - 01:17:52: [umc-core.smx] VOTE MENU: (Verbose) Still need to fetch 7 maps from the group.
L 06/23/2018 - 01:17:52: [umc-core.smx] VOTE MENU: (Verbose) Selected map 'emp_downfall_hce' from group 'Commander Maps' was added to the vote.
L 06/23/2018 - 01:17:52: [umc-core.smx] VOTE MENU: (Verbose) Selected map 'emp_drygulch_a7' from group 'Commander Maps' was added to the vote.
L 06/23/2018 - 01:17:52: [umc-core.smx] VOTE MENU: (Verbose) Selected map 'emp_crossroads_towerless_hce' from group 'Commander Maps' was added to the vote.
L 06/23/2018 - 01:17:52: [umc-core.smx] VOTE MENU: (Verbose) No more maps in map group 'Commander Maps'
L 06/23/2018 - 01:17:52: [umc-core.smx] VOTE MENU: (Verbose) Fetching 1 maps from group 'Infantry Maps'
L 06/23/2018 - 01:17:52: [umc-core.smx] VOTE MENU: (Verbose) Finished parsing nominations for map group 'Infantry Maps'
L 06/23/2018 - 01:17:52: [umc-core.smx] VOTE MENU: (Verbose) Still need to fetch 1 maps from the group.
L 06/23/2018 - 01:17:52: [umc-core.smx] VOTE MENU: (Verbose) Selected map 'emp_shadows_attacks_fix' from group 'Infantry Maps' was added to the vote.
L 06/23/2018 - 01:17:52: [umc-core.smx] VOTE MENU: (Verbose) Fetching 0 maps from group 'Cooldown Maps'
L 06/23/2018 - 01:17:52: [umc-core.smx] VOTE MENU: (Verbose) Finished parsing nominations for map group 'Cooldown Maps'
L 06/23/2018 - 01:17:52: [umc-core.smx] Initiating Vote Type: Map
L 06/23/2018 - 01:17:52: [umc-core.smx] Adding Clients to Vote:
L 06/23/2018 - 01:17:52: [umc-core.smx] 0: Mr. X. (2)
L 06/23/2018 - 01:17:52: [umc-core.smx] 1: Nowaf8037 (4)
L 06/23/2018 - 01:17:52: [umc-core.smx] 2: object™ (7)
L 06/23/2018 - 01:17:52: [umc-core.smx] 3: BlackEmpire (8)
L 06/23/2018 - 01:17:52: [umc-core.smx] 4: Blood-Wiper (9)
L 06/23/2018 - 01:17:52: [umc-core.smx] 5: Stalin (voice-chat off) (14)
L 06/23/2018 - 01:17:52: [umc-core.smx] VOTE MENU:
L 06/23/2018 - 01:17:52: [umc-core.smx] 2: emp_drygulch (0)
L 06/23/2018 - 01:17:52: [umc-core.smx] 3: emp_crossroads (1)
L 06/23/2018 - 01:17:52: [umc-core.smx] 4: emp_downfall (2)
L 06/23/2018 - 01:17:52: [umc-core.smx] 5: con_shadows_attacks (3)
L 06/23/2018 - 01:18:23: [umc-emp-mapvote.smx] WARNING: Map Voting failure. Initiating random map fail-safe.
L 06/23/2018 - 01:18:23: [umc-core.smx] Setting nextmap to: fun_ricochet_a4
L 06/23/2018 - 01:18:23: [umc-randomcycle.smx] Disabling random nextmap selection.
L 06/23/2018 - 01:18:23: [umc-core.smx] umc-emp-mapvote.smx: Changing map to 'fun_ricochet_a4' in 5 seconds.
L 06/23/2018 - 01:18:23: [umc-core.smx] Vote has concluded.
L 06/23/2018 - 01:18:28: [umc-core.smx] ---------------------MAP CHANGE: fun_ricochet_a4---------------------
L 06/23/2018 - 01:18:28: [umc-endvote-warnings.smx] Successfully parsed and set up 11 vote warnings.
L 06/23/2018 - 01:18:28: [umc-rockthevote.smx] RTV will be made available in 60 seconds.
L 06/23/2018 - 01:19:29: [umc-rockthevote.smx] RTV is now available.
L 06/23/2018 - 15:03:59: [umc-core.smx] ---------------------MAP CHANGE: emp_canyon---------------------
L 06/23/2018 - 15:03:59: [umc-endvote-warnings.smx] Successfully parsed and set up 11 vote warnings.
L 06/23/2018 - 15:03:59: [umc-rockthevote.smx] RTV will be made available in 60 seconds.
L 06/23/2018 - 15:05:00: [umc-rockthevote.smx] RTV is now available.
L 06/23/2018 - 15:07:17: [umc-core.smx] ---------------------MAP CHANGE: emp_canyon---------------------
L 06/23/2018 - 15:07:17: [umc-endvote-warnings.smx] Successfully parsed and set up 11 vote warnings.
L 06/23/2018 - 15:07:17: [umc-rockthevote.smx] RTV will be made available in 60 seconds.
L 06/23/2018 - 15:08:18: [umc-rockthevote.smx] RTV is now available.
L 06/23/2018 - 15:08:42: [umc-core.smx] ---------------------MAP CHANGE: emp_canyon---------------------
L 06/23/2018 - 15:08:42: [umc-endvote-warnings.smx] Successfully parsed and set up 11 vote warnings.
L 06/23/2018 - 15:08:42: [umc-rockthevote.smx] RTV will be made available in 60 seconds.
L 06/23/2018 - 15:09:43: [umc-rockthevote.smx] RTV is now available.
L 06/23/2018 - 19:37:43: [umc-emp-mapvote.smx] Map vote will appear in 30 seconds.
L 06/23/2018 - 19:38:08: [umc-core.smx] ---------------------MAP CHANGE: con_district402---------------------
L 06/23/2018 - 19:38:08: [umc-endvote-warnings.smx] Successfully parsed and set up 11 vote warnings.
L 06/23/2018 - 19:38:08: [umc-rockthevote.smx] RTV will be made available in 60 seconds.
L 06/23/2018 - 19:39:09: [umc-rockthevote.smx] RTV is now available.
L 06/23/2018 - 19:47:16: [umc-core.smx] ---------------------MAP CHANGE: con_district402---------------------
L 06/23/2018 - 19:47:16: [umc-endvote-warnings.smx] Successfully parsed and set up 11 vote warnings.
L 06/23/2018 - 19:47:16: [umc-rockthevote.smx] RTV will be made available in 60 seconds.
L 06/23/2018 - 19:48:17: [umc-rockthevote.smx] RTV is now available.
L 06/23/2018 - 19:53:58: [umc-emp-mapvote.smx] Map vote will appear in 30 seconds.
L 06/23/2018 - 19:54:15: [umc-nominate.smx] Oktay wants to nominate a map.
L 06/23/2018 - 19:54:17: [umc-nominate.smx] Oktay has nominated 'emp_vehicletraining_2013' from group 'Infantry Maps'
L 06/23/2018 - 19:54:28: [umc-emp-mapvote.smx] Starting a map vote.
L 06/23/2018 - 19:54:28: [umc-core.smx] VOTE MENU: (Verbose) Fetching 7 maps from group 'Commander Maps'
L 06/23/2018 - 19:54:28: [umc-core.smx] VOTE MENU: (Verbose) Finished parsing nominations for map group 'Commander Maps'
L 06/23/2018 - 19:54:28: [umc-core.smx] VOTE MENU: (Verbose) Still need to fetch 7 maps from the group.
L 06/23/2018 - 19:54:28: [umc-core.smx] VOTE MENU: (Verbose) Selected map 'emp_drygulch_a7' from group 'Commander Maps' was added to the vote.
L 06/23/2018 - 19:54:28: [umc-core.smx] VOTE MENU: (Verbose) Selected map 'emp_crossroads_towerless_hce' from group 'Commander Maps' was added to the vote.
L 06/23/2018 - 19:54:28: [umc-core.smx] VOTE MENU: (Verbose) Selected map 'emp_beachfront_b2_hce' from group 'Commander Maps' was added to the vote.
L 06/23/2018 - 19:54:28: [umc-core.smx] VOTE MENU: (Verbose) Selected map 'emp_downfall_hce' from group 'Commander Maps' was added to the vote.
L 06/23/2018 - 19:54:28: [umc-core.smx] VOTE MENU: (Verbose) No more maps in map group 'Commander Maps'
L 06/23/2018 - 19:54:28: [umc-core.smx] VOTE MENU: (Verbose) Fetching 1 maps from group 'Infantry Maps'
L 06/23/2018 - 19:54:28: [umc-core.smx] VOTE MENU: (Verbose) Nominated map 'emp_vehicletraining_2013' from group 'Infantry Maps' was added to the vote.
L 06/23/2018 - 19:54:28: [umc-core.smx] VOTE MENU: (Verbose) Finished parsing nominations for map group 'Infantry Maps'
L 06/23/2018 - 19:54:28: [umc-core.smx] VOTE MENU: (Verbose) Fetching 0 maps from group 'Cooldown Maps'
L 06/23/2018 - 19:54:28: [umc-core.smx] VOTE MENU: (Verbose) Finished parsing nominations for map group 'Cooldown Maps'
L 06/23/2018 - 19:54:28: [umc-core.smx] Initiating Vote Type: Map
L 06/23/2018 - 19:54:28: [umc-core.smx] Adding Clients to Vote:
L 06/23/2018 - 19:54:28: [umc-core.smx] 0: Mr. X. (2)
L 06/23/2018 - 19:54:28: [umc-core.smx] 1: Oktay (3)
L 06/23/2018 - 19:54:28: [umc-core.smx] 2: xsEgo (4)
L 06/23/2018 - 19:54:28: [umc-core.smx] 3: Grave (5)
L 06/23/2018 - 19:54:28: [umc-core.smx] 4: rauer (6)
L 06/23/2018 - 19:54:28: [umc-core.smx] VOTE MENU:
L 06/23/2018 - 19:54:28: [umc-core.smx] 2: emp_crossroads (0)
L 06/23/2018 - 19:54:28: [umc-core.smx] 3: con_vehicletraining (1)
L 06/23/2018 - 19:54:28: [umc-core.smx] 4: emp_drygulch (2)
L 06/23/2018 - 19:54:28: [umc-core.smx] 5: emp_downfall (3)
L 06/23/2018 - 19:54:28: [umc-core.smx] 6: emp_beachfront (4)
L 06/23/2018 - 19:54:30: [umc-emp-mapvote.smx] WARNING: Map Voting failure. Initiating random map fail-safe.
L 06/23/2018 - 19:54:30: [umc-core.smx] Setting nextmap to: emp_drygulch_a7
L 06/23/2018 - 19:54:30: [umc-randomcycle.smx] Disabling random nextmap selection.
L 06/23/2018 - 19:54:30: [umc-core.smx] umc-emp-mapvote.smx: Changing map to 'emp_drygulch_a7' in 5 seconds.
L 06/23/2018 - 19:54:30: [umc-core.smx] Vote has concluded.
L 06/23/2018 - 19:54:31: [umc-core.smx] ---------------------MAP CHANGE: con_atomic_rc6_fix---------------------
L 06/23/2018 - 19:54:31: [umc-endvote-warnings.smx] Successfully parsed and set up 11 vote warnings.
L 06/23/2018 - 19:54:31: [umc-rockthevote.smx] RTV will be made available in 60 seconds.
L 06/23/2018 - 19:55:32: [umc-rockthevote.smx] RTV is now available.
L 06/23/2018 - 20:00:53: [umc-core.smx] ---------------------MAP CHANGE: con_atomic_rc6_fix---------------------
L 06/23/2018 - 20:00:53: [umc-endvote-warnings.smx] Successfully parsed and set up 11 vote warnings.
L 06/23/2018 - 20:00:53: [umc-rockthevote.smx] RTV will be made available in 60 seconds.
L 06/23/2018 - 20:01:55: [umc-rockthevote.smx] RTV is now available.
L 06/23/2018 - 20:43:49: [umc-emp-mapvote.smx] Map vote will appear in 30 seconds.
L 06/23/2018 - 20:44:19: [umc-emp-mapvote.smx] Starting a map vote.
L 06/23/2018 - 20:44:19: [umc-core.smx] VOTE MENU: (Verbose) Fetching 7 maps from group 'Commander Maps'
L 06/23/2018 - 20:44:19: [umc-core.smx] VOTE MENU: (Verbose) Finished parsing nominations for map group 'Commander Maps'
L 06/23/2018 - 20:44:19: [umc-core.smx] VOTE MENU: (Verbose) Still need to fetch 7 maps from the group.
L 06/23/2018 - 20:44:19: [umc-core.smx] VOTE MENU: (Verbose) Selected map 'emp_drygulch_a7' from group 'Commander Maps' was added to the vote.
L 06/23/2018 - 20:44:19: [umc-core.smx] VOTE MENU: (Verbose) Selected map 'emp_downfall_hce' from group 'Commander Maps' was added to the vote.
L 06/23/2018 - 20:44:19: [umc-core.smx] VOTE MENU: (Verbose) Selected map 'emp_crossroads_towerless_hce' from group 'Commander Maps' was added to the vote.
L 06/23/2018 - 20:44:19: [umc-core.smx] VOTE MENU: (Verbose) Selected map 'emp_beachfront_b2_hce' from group 'Commander Maps' was added to the vote.
L 06/23/2018 - 20:44:19: [umc-core.smx] VOTE MENU: (Verbose) No more maps in map group 'Commander Maps'
L 06/23/2018 - 20:44:19: [umc-core.smx] VOTE MENU: (Verbose) Fetching 1 maps from group 'Infantry Maps'
L 06/23/2018 - 20:44:19: [umc-core.smx] VOTE MENU: (Verbose) Finished parsing nominations for map group 'Infantry Maps'
L 06/23/2018 - 20:44:19: [umc-core.smx] VOTE MENU: (Verbose) Still need to fetch 1 maps from the group.
L 06/23/2018 - 20:44:19: [umc-core.smx] VOTE MENU: (Verbose) Selected map 'con_blast_ob2' from group 'Infantry Maps' was added to the vote.
L 06/23/2018 - 20:44:19: [umc-core.smx] VOTE MENU: (Verbose) Fetching 0 maps from group 'Cooldown Maps'
L 06/23/2018 - 20:44:19: [umc-core.smx] VOTE MENU: (Verbose) Finished parsing nominations for map group 'Cooldown Maps'
L 06/23/2018 - 20:44:19: [umc-core.smx] Initiating Vote Type: Map
L 06/23/2018 - 20:44:19: [umc-core.smx] Adding Clients to Vote:
L 06/23/2018 - 20:44:19: [umc-core.smx] 0: Mr. X. (2)
L 06/23/2018 - 20:44:19: [umc-core.smx] 1: Oktay (3)
L 06/23/2018 - 20:44:19: [umc-core.smx] 2: Terminal_Mischief (4)
L 06/23/2018 - 20:44:19: [umc-core.smx] 3: Grave (5)
L 06/23/2018 - 20:44:19: [umc-core.smx] 4: Skalk (6)
L 06/23/2018 - 20:44:19: [umc-core.smx] 5: Change_is_power (8)
L 06/23/2018 - 20:44:19: [umc-core.smx] 6: xsEgo (9)
L 06/23/2018 - 20:44:19: [umc-core.smx] VOTE MENU:
L 06/23/2018 - 20:44:19: [umc-core.smx] 2: emp_downfall (0)
L 06/23/2018 - 20:44:19: [umc-core.smx] 3: con_blast (1)
L 06/23/2018 - 20:44:19: [umc-core.smx] 4: emp_beachfront (2)
L 06/23/2018 - 20:44:19: [umc-core.smx] 5: emp_crossroads (3)
L 06/23/2018 - 20:44:19: [umc-core.smx] 6: emp_drygulch (4)
L 06/23/2018 - 20:44:22: [umc-core.smx] Change_is_power<21><[U:1:195361629]><> selected menu item 1
L 06/23/2018 - 20:44:30: [umc-core.smx] Grave<9><[U:1:34977414]><> selected menu item 1
L 06/23/2018 - 20:44:50: [umc-core.smx] Setting nextmap to: emp_downfall_hce
L 06/23/2018 - 20:44:50: [umc-randomcycle.smx] Disabling random nextmap selection.
L 06/23/2018 - 20:44:50: [umc-core.smx] umc-emp-mapvote.smx: Changing map to 'emp_downfall_hce' in 5 seconds.
L 06/23/2018 - 20:44:50: [umc-core.smx] MAPVOTE: Players voted for map 'emp_downfall_hce' from group 'Commander Maps'
L 06/23/2018 - 20:44:50: [umc-core.smx] Vote has concluded.
L 06/23/2018 - 20:44:56: [umc-core.smx] ---------------------MAP CHANGE: emp_downfall_hce---------------------
L 06/23/2018 - 20:44:56: [umc-endvote-warnings.smx] Successfully parsed and set up 11 vote warnings.
L 06/23/2018 - 20:44:56: [umc-rockthevote.smx] RTV will be made available in 60 seconds.
L 06/23/2018 - 20:45:57: [umc-rockthevote.smx] RTV is now available.
L 06/23/2018 - 20:56:53: [umc-emp-mapvote.smx] Map vote will appear in 30 seconds.
L 06/23/2018 - 20:57:23: [umc-emp-mapvote.smx] Starting a map vote.
L 06/23/2018 - 20:57:23: [umc-core.smx] VOTE MENU: (Verbose) Fetching 7 maps from group 'Commander Maps'
L 06/23/2018 - 20:57:23: [umc-core.smx] VOTE MENU: (Verbose) Finished parsing nominations for map group 'Commander Maps'
L 06/23/2018 - 20:57:23: [umc-core.smx] VOTE MENU: (Verbose) Still need to fetch 7 maps from the group.
L 06/23/2018 - 20:57:23: [umc-core.smx] VOTE MENU: (Verbose) Selected map 'emp_beachfront_b2_hce' from group 'Commander Maps' was added to the vote.
L 06/23/2018 - 20:57:23: [umc-core.smx] VOTE MENU: (Verbose) Selected map 'emp_crossroads_towerless_hce' from group 'Commander Maps' was added to the vote.
L 06/23/2018 - 20:57:23: [umc-core.smx] VOTE MENU: (Verbose) Selected map 'emp_drygulch_a7' from group 'Commander Maps' was added to the vote.
L 06/23/2018 - 20:57:23: [umc-core.smx] VOTE MENU: (Verbose) No more maps in map group 'Commander Maps'
L 06/23/2018 - 20:57:23: [umc-core.smx] VOTE MENU: (Verbose) Fetching 1 maps from group 'Infantry Maps'
L 06/23/2018 - 20:57:23: [umc-core.smx] VOTE MENU: (Verbose) Finished parsing nominations for map group 'Infantry Maps'
L 06/23/2018 - 20:57:23: [umc-core.smx] VOTE MENU: (Verbose) Still need to fetch 1 maps from the group.
L 06/23/2018 - 20:57:23: [umc-core.smx] VOTE MENU: (Verbose) Selected map 'emp_fogtown_cl2_fix' from group 'Infantry Maps' was added to the vote.
L 06/23/2018 - 20:57:23: [umc-core.smx] VOTE MENU: (Verbose) Fetching 0 maps from group 'Cooldown Maps'
L 06/23/2018 - 20:57:23: [umc-core.smx] VOTE MENU: (Verbose) Finished parsing nominations for map group 'Cooldown Maps'
L 06/23/2018 - 20:57:23: [umc-core.smx] Initiating Vote Type: Map
L 06/23/2018 - 20:57:23: [umc-core.smx] Adding Clients to Vote:
L 06/23/2018 - 20:57:23: [umc-core.smx] 0: Mr. X. (2)
L 06/23/2018 - 20:57:23: [umc-core.smx] 1: Oktay (3)
L 06/23/2018 - 20:57:23: [umc-core.smx] 2: Terminal_Mischief (4)
L 06/23/2018 - 20:57:23: [umc-core.smx] 3: Grave (5)
L 06/23/2018 - 20:57:23: [umc-core.smx] 4: Skalk (6)
L 06/23/2018 - 20:57:23: [umc-core.smx] 5: Nowaf8037 (7)
L 06/23/2018 - 20:57:23: [umc-core.smx] 6: Change_is_power (8)
L 06/23/2018 - 20:57:23: [umc-core.smx] 7: Spyer (9)
L 06/23/2018 - 20:57:23: [umc-core.smx] 8: ScardyBob (10)
L 06/23/2018 - 20:57:23: [umc-core.smx] 9: Mikleo (11)
L 06/23/2018 - 20:57:23: [umc-core.smx] 10: VV (12)
L 06/23/2018 - 20:57:23: [umc-core.smx] VOTE MENU:
L 06/23/2018 - 20:57:23: [umc-core.smx] 2: emp_beachfront (0)
L 06/23/2018 - 20:57:23: [umc-core.smx] 3: con_fogtown (1)
L 06/23/2018 - 20:57:23: [umc-core.smx] 4: emp_crossroads (2)
L 06/23/2018 - 20:57:23: [umc-core.smx] 5: emp_drygulch (3)
L 06/23/2018 - 20:57:27: [umc-core.smx] ScardyBob<24><[U:1:21571057]><> selected menu item 3
L 06/23/2018 - 20:57:28: [umc-core.smx] Spyer<27><[U:1:34143605]><> selected menu item 2
L 06/23/2018 - 20:57:30: [umc-core.smx] Change_is_power<21><[U:1:195361629]><> selected menu item 4
L 06/23/2018 - 20:57:41: [umc-core.smx] Mikleo<25><[U:1:376259319]><> selected menu item 4
L 06/23/2018 - 20:57:49: [umc-core.smx] Nowaf8037<18><[U:1:309341142]><> selected menu item 2
L 06/23/2018 - 20:57:53: [umc-core.smx] RUNOFF MENU: (Verbose) Building runoff vote menu.
L 06/23/2018 - 20:57:53: [umc-core.smx] RUNOFF MENU: (Verbose) 'emp_crossroads' was removed from the vote. It had 1 votes (20 of total)
L 06/23/2018 - 20:57:53: [umc-core.smx] RUNOFF MENU: (Verbose) Stopped removing options from the vote. Maximum possible winning vote percentage is 60%
L 06/23/2018 - 20:57:53: [umc-core.smx] Vote has concluded.
L 06/23/2018 - 20:58:01: [umc-core.smx] RUNOFF: Starting runoff vote.
L 06/23/2018 - 20:58:01: [umc-core.smx] Initiating Vote Type: Map
L 06/23/2018 - 20:58:01: [umc-core.smx] Adding Clients to Vote:
L 06/23/2018 - 20:58:01: [umc-core.smx] 0: Mr. X. (2)
L 06/23/2018 - 20:58:01: [umc-core.smx] 1: Oktay (3)
L 06/23/2018 - 20:58:01: [umc-core.smx] 2: Terminal_Mischief (4)
L 06/23/2018 - 20:58:01: [umc-core.smx] 3: Grave (5)
L 06/23/2018 - 20:58:01: [umc-core.smx] 4: Skalk (6)
L 06/23/2018 - 20:58:01: [umc-core.smx] 5: Nowaf8037 (7)
L 06/23/2018 - 20:58:01: [umc-core.smx] 6: Change_is_power (8)
L 06/23/2018 - 20:58:01: [umc-core.smx] 7: Spyer (9)
L 06/23/2018 - 20:58:01: [umc-core.smx] 8: ScardyBob (10)
L 06/23/2018 - 20:58:01: [umc-core.smx] 9: Mikleo (11)
L 06/23/2018 - 20:58:01: [umc-core.smx] 10: VV (12)
L 06/23/2018 - 20:58:01: [umc-core.smx] VOTE MENU:
L 06/23/2018 - 20:58:01: [umc-core.smx] 2: con_fogtown (1)
L 06/23/2018 - 20:58:01: [umc-core.smx] 3: emp_drygulch (3)
L 06/23/2018 - 20:58:03: [umc-core.smx] Spyer<27><[U:1:34143605]><> selected menu item 1
L 06/23/2018 - 20:58:03: [umc-core.smx] Nowaf8037<18><[U:1:309341142]><> selected menu item 1
L 06/23/2018 - 20:58:11: [umc-core.smx] Mr. X.<16><[U:1:27106968]><> selected menu item 2
L 06/23/2018 - 20:58:14: [umc-core.smx] ScardyBob<24><[U:1:21571057]><> selected menu item 2
L 06/23/2018 - 20:58:15: [umc-core.smx] Grave<9><[U:1:34977414]><> selected menu item 2
L 06/23/2018 - 20:58:28: [umc-core.smx] Change_is_power<21><[U:1:195361629]><> selected menu item 1
L 06/23/2018 - 20:58:32: [umc-core.smx] Setting nextmap to: emp_fogtown_cl2_fix
L 06/23/2018 - 20:58:32: [umc-randomcycle.smx] Disabling random nextmap selection.
L 06/23/2018 - 20:58:32: [umc-core.smx] umc-emp-mapvote.smx: Changing map to 'emp_fogtown_cl2_fix' in 5 seconds.
L 06/23/2018 - 20:58:32: [umc-core.smx] MAPVOTE: Players voted for map 'emp_fogtown_cl2_fix' from group 'Infantry Maps'
L 06/23/2018 - 20:58:32: [umc-core.smx] Vote has concluded.
L 06/23/2018 - 20:58:38: [umc-core.smx] ---------------------MAP CHANGE: emp_fogtown_cl2_fix---------------------
L 06/23/2018 - 20:58:38: [umc-endvote-warnings.smx] Successfully parsed and set up 11 vote warnings.
L 06/23/2018 - 20:58:38: [umc-rockthevote.smx] RTV will be made available in 60 seconds.
L 06/23/2018 - 20:59:39: [umc-rockthevote.smx] RTV is now available.
L 06/23/2018 - 21:03:49: [umc-nominate.smx] CrazyMRANZ wants to nominate a map.
L 06/23/2018 - 21:03:52: [umc-nominate.smx] CrazyMRANZ has nominated 'emp_crossroads_towerless_hce' from group 'Commander Maps'
L 06/23/2018 - 21:27:02: [umc-emp-mapvote.smx] Map vote will appear in 30 seconds.
L 06/23/2018 - 21:27:32: [umc-emp-mapvote.smx] Starting a map vote.
L 06/23/2018 - 21:27:32: [umc-core.smx] VOTE MENU: (Verbose) Fetching 7 maps from group 'Commander Maps'
L 06/23/2018 - 21:27:32: [umc-core.smx] VOTE MENU: (Verbose) Nominated map 'emp_crossroads_towerless_hce' from group 'Commander Maps' was added to the vote.
L 06/23/2018 - 21:27:32: [umc-core.smx] VOTE MENU: (Verbose) Finished parsing nominations for map group 'Commander Maps'
L 06/23/2018 - 21:27:32: [umc-core.smx] VOTE MENU: (Verbose) Still need to fetch 6 maps from the group.
L 06/23/2018 - 21:27:32: [umc-core.smx] VOTE MENU: (Verbose) Selected map 'emp_canyon' from group 'Commander Maps' was added to the vote.
L 06/23/2018 - 21:27:32: [umc-core.smx] VOTE MENU: (Verbose) Selected map 'emp_homeland_b9_hce' from group 'Commander Maps' was added to the vote.
L 06/23/2018 - 21:27:32: [umc-core.smx] VOTE MENU: (Verbose) Selected map 'emp_blah4_hce' from group 'Commander Maps' was added to the vote.
L 06/23/2018 - 21:27:32: [umc-core.smx] VOTE MENU: (Verbose) Selected map 'emp_drygulch_a7' from group 'Commander Maps' was added to the vote.
L 06/23/2018 - 21:27:32: [umc-core.smx] VOTE MENU: (Verbose) Selected map 'emp_hazard_rc6' from group 'Commander Maps' was added to the vote.
L 06/23/2018 - 21:27:32: [umc-core.smx] VOTE MENU: (Verbose) Selected map 'emp_snowstorm_rc6' from group 'Commander Maps' was added to the vote.
L 06/23/2018 - 21:27:32: [umc-core.smx] VOTE MENU: (Verbose) Fetching 1 maps from group 'Infantry Maps'
L 06/23/2018 - 21:27:32: [umc-core.smx] VOTE MENU: (Verbose) Finished parsing nominations for map group 'Infantry Maps'
L 06/23/2018 - 21:27:32: [umc-core.smx] VOTE MENU: (Verbose) Still need to fetch 1 maps from the group.
L 06/23/2018 - 21:27:32: [umc-core.smx] VOTE MENU: (Verbose) Selected map 'con_glycencity' from group 'Infantry Maps' was added to the vote.
L 06/23/2018 - 21:27:32: [umc-core.smx] VOTE MENU: (Verbose) Fetching 0 maps from group 'Cooldown Maps'
L 06/23/2018 - 21:27:32: [umc-core.smx] VOTE MENU: (Verbose) Finished parsing nominations for map group 'Cooldown Maps'
L 06/23/2018 - 21:27:32: [umc-core.smx] Initiating Vote Type: Map
L 06/23/2018 - 21:27:32: [umc-core.smx] Adding Clients to Vote:
L 06/23/2018 - 21:27:32: [umc-core.smx] 0: Mr. X. (2)
L 06/23/2018 - 21:27:32: [umc-core.smx] 1: Oktay (3)
L 06/23/2018 - 21:27:32: [umc-core.smx] 2: Terminal_Mischief (4)
L 06/23/2018 - 21:27:32: [umc-core.smx] 3: Grave (5)
L 06/23/2018 - 21:27:32: [umc-core.smx] 4: Skalk (6)
L 06/23/2018 - 21:27:32: [umc-core.smx] 5: Nowaf8037 (7)
L 06/23/2018 - 21:27:32: [umc-core.smx] 6: Change_is_power (8)
L 06/23/2018 - 21:27:32: [umc-core.smx] 7: Spyer (9)
L 06/23/2018 - 21:27:32: [umc-core.smx] 8: ScardyBob (10)
L 06/23/2018 - 21:27:32: [umc-core.smx] 9: Mikleo (11)
L 06/23/2018 - 21:27:32: [umc-core.smx] 10: VV (12)
L 06/23/2018 - 21:27:32: [umc-core.smx] 11: Decisively (13)
L 06/23/2018 - 21:27:32: [umc-core.smx] 12: Justkidding (FutureFunk) (14)
L 06/23/2018 - 21:27:32: [umc-core.smx] 13: CrazyMRANZ (15)
L 06/23/2018 - 21:27:32: [umc-core.smx] 14: JustGoFly (16)
L 06/23/2018 - 21:27:32: [umc-core.smx] 15: -=[Combine Soldier #43]=- (17)
L 06/23/2018 - 21:27:32: [umc-core.smx] 16: ARCHEOPTERYX (18)
L 06/23/2018 - 21:27:32: [umc-core.smx] 17: ☣ Joy (19)
L 06/23/2018 - 21:27:32: [umc-core.smx] VOTE MENU:
L 06/23/2018 - 21:27:32: [umc-core.smx] 2: emp_homeland (0)
L 06/23/2018 - 21:27:32: [umc-core.smx] 3: emp_hazard (1)
L 06/23/2018 - 21:27:32: [umc-core.smx] 4: emp_drygulch (2)
L 06/23/2018 - 21:27:32: [umc-core.smx] 5: con_glycencity (3)
L 06/23/2018 - 21:27:32: [umc-core.smx] 6: emp_snowstorm (4)
L 06/23/2018 - 21:27:32: [umc-core.smx] 7: emp_crossroads (5)
L 06/23/2018 - 21:27:32: [umc-core.smx] 8: emp_blah4 (6)
L 06/23/2018 - 21:27:32: [umc-core.smx] 9: emp_canyon (7)
L 06/23/2018 - 21:27:35: [umc-core.smx] CrazyMRANZ<30><[U:1:42657167]><> selected menu item 6
L 06/23/2018 - 21:27:36: [umc-core.smx] Decisively<28><[U:1:108425588]><> selected menu item 4
L 06/23/2018 - 21:27:37: [umc-core.smx] Change_is_power<21><[U:1:195361629]><> selected menu item 2
L 06/23/2018 - 21:27:38: [umc-core.smx] Terminal_Mischief<14><[U:1:326491895]><> selected menu item 6
L 06/23/2018 - 21:27:38: [umc-core.smx] ARCHEOPTERYX<33><[U:1:192512264]><> selected menu item 6
L 06/23/2018 - 21:27:40: [umc-core.smx] ScardyBob<24><[U:1:21571057]><> selected menu item 2
L 06/23/2018 - 21:27:42: [umc-core.smx] ☣ Joy<34><[U:1:14391461]><> selected menu item 6
L 06/23/2018 - 21:27:46: [umc-core.smx] VV<26><[U:1:5870260]><> selected menu item 3
L 06/23/2018 - 21:27:50: [umc-core.smx] Nowaf8037<18><[U:1:309341142]><> selected menu item 4
L 06/23/2018 - 21:27:52: [umc-core.smx] JustGoFly<31><[U:1:44099803]><> selected menu item 4
L 06/23/2018 - 21:27:54: [umc-core.smx] Grave<9><[U:1:34977414]><> selected menu item 5
L 06/23/2018 - 21:28:03: [umc-core.smx] RUNOFF MENU: (Verbose) Building runoff vote menu.
L 06/23/2018 - 21:28:03: [umc-core.smx] RUNOFF MENU: (Verbose) 'emp_snowstorm' was removed from the vote. It had 1 votes (9 of total)
L 06/23/2018 - 21:28:03: [umc-core.smx] RUNOFF MENU: (Verbose) 'emp_drygulch' was removed from the vote. It had 1 votes (9 of total)
L 06/23/2018 - 21:28:03: [umc-core.smx] RUNOFF MENU: (Verbose) 'emp_hazard' was removed from the vote. It had 2 votes (18 of total)
L 06/23/2018 - 21:28:03: [umc-core.smx] RUNOFF MENU: (Verbose) Stopped removing options from the vote. Maximum possible winning vote percentage is 72%
L 06/23/2018 - 21:28:03: [umc-core.smx] Vote has concluded.
L 06/23/2018 - 21:28:11: [umc-core.smx] RUNOFF: Starting runoff vote.
L 06/23/2018 - 21:28:11: [umc-core.smx] Initiating Vote Type: Map
L 06/23/2018 - 21:28:11: [umc-core.smx] Adding Clients to Vote:
L 06/23/2018 - 21:28:11: [umc-core.smx] 0: Mr. X. (2)
L 06/23/2018 - 21:28:11: [umc-core.smx] 1: Oktay (3)
L 06/23/2018 - 21:28:11: [umc-core.smx] 2: Terminal_Mischief (4)
L 06/23/2018 - 21:28:11: [umc-core.smx] 3: Grave (5)
L 06/23/2018 - 21:28:11: [umc-core.smx] 4: Skalk (6)
L 06/23/2018 - 21:28:11: [umc-core.smx] 5: Nowaf8037 (7)
L 06/23/2018 - 21:28:11: [umc-core.smx] 6: Change_is_power (8)
L 06/23/2018 - 21:28:11: [umc-core.smx] 7: Spyer (9)
L 06/23/2018 - 21:28:11: [umc-core.smx] 8: ScardyBob (10)
L 06/23/2018 - 21:28:11: [umc-core.smx] 9: Mikleo (11)
L 06/23/2018 - 21:28:11: [umc-core.smx] 10: VV (12)
L 06/23/2018 - 21:28:11: [umc-core.smx] 11: Decisively (13)
L 06/23/2018 - 21:28:11: [umc-core.smx] 12: Justkidding (FutureFunk) (14)
L 06/23/2018 - 21:28:11: [umc-core.smx] 13: CrazyMRANZ (15)
L 06/23/2018 - 21:28:11: [umc-core.smx] 14: JustGoFly (16)
L 06/23/2018 - 21:28:11: [umc-core.smx] 15: -=[Combine Soldier #43]=- (17)
L 06/23/2018 - 21:28:11: [umc-core.smx] 16: ARCHEOPTERYX (18)
L 06/23/2018 - 21:28:11: [umc-core.smx] 17: ☣ Joy (19)
L 06/23/2018 - 21:28:11: [umc-core.smx] VOTE MENU:
L 06/23/2018 - 21:28:11: [umc-core.smx] 2: emp_crossroads (5)
L 06/23/2018 - 21:28:11: [umc-core.smx] 3: con_glycencity (3)
L 06/23/2018 - 21:28:12: [umc-core.smx] CrazyMRANZ<30><[U:1:42657167]><> selected menu item 1
L 06/23/2018 - 21:28:13: [umc-core.smx] Mr. X.<16><[U:1:27106968]><> selected menu item 1
L 06/23/2018 - 21:28:13: [umc-core.smx] ☣ Joy<34><[U:1:14391461]><> selected menu item 1
L 06/23/2018 - 21:28:13: [umc-core.smx] Decisively<28><[U:1:108425588]><> selected menu item 2
L 06/23/2018 - 21:28:14: [umc-core.smx] ScardyBob<24><[U:1:21571057]><> selected menu item 1
L 06/23/2018 - 21:28:14: [umc-core.smx] ARCHEOPTERYX<33><[U:1:192512264]><> selected menu item 1
L 06/23/2018 - 21:28:15: [umc-core.smx] VV<26><[U:1:5870260]><> selected menu item 1
L 06/23/2018 - 21:28:15: [umc-core.smx] Nowaf8037<18><[U:1:309341142]><> selected menu item 1
L 06/23/2018 - 21:28:16: [umc-core.smx] Grave<9><[U:1:34977414]><> selected menu item 1
L 06/23/2018 - 21:28:19: [umc-core.smx] JustGoFly<31><[U:1:44099803]><> selected menu item 2
L 06/23/2018 - 21:28:20: [umc-core.smx] Spyer<27><[U:1:34143605]><> selected menu item 1
L 06/23/2018 - 21:28:22: [umc-core.smx] Terminal_Mischief<14><[U:1:326491895]><> selected menu item 2
L 06/23/2018 - 21:28:38: [umc-core.smx] Justkidding (FutureFunk)<29><[U:1:2788022]><> selected menu item 1
L 06/23/2018 - 21:28:41: [umc-core.smx] Change_is_power<21><[U:1:195361629]><> selected menu item 1
L 06/23/2018 - 21:28:42: [umc-core.smx] Setting nextmap to: emp_crossroads_towerless_hce
L 06/23/2018 - 21:28:42: [umc-randomcycle.smx] Disabling random nextmap selection.
L 06/23/2018 - 21:28:42: [umc-core.smx] umc-emp-mapvote.smx: Changing map to 'emp_crossroads_towerless_hce' in 5 seconds.
L 06/23/2018 - 21:28:42: [umc-core.smx] MAPVOTE: Players voted for map 'emp_crossroads_towerless_hce' from group 'Commander Maps'
L 06/23/2018 - 21:28:42: [umc-core.smx] Vote has concluded.
L 06/23/2018 - 21:28:48: [umc-core.smx] ---------------------MAP CHANGE: emp_crossroads_towerless_hce---------------------
L 06/23/2018 - 21:28:48: [umc-endvote-warnings.smx] Successfully parsed and set up 11 vote warnings.
L 06/23/2018 - 21:28:48: [umc-rockthevote.smx] RTV will be made available in 60 seconds.
L 06/23/2018 - 21:29:49: [umc-rockthevote.smx] RTV is now available.
L 06/23/2018 - 21:46:08: [umc-nominate.smx] Grave wants to nominate a map.
L 06/23/2018 - 22:02:29: [umc-nominate.smx] JK wants to nominate a map.
L 06/23/2018 - 22:02:41: [umc-nominate.smx] JK has nominated 'emp_flat_hce' from group 'Commander Maps'
L 06/23/2018 - 22:23:08: [umc-emp-mapvote.smx] Map vote will appear in 30 seconds.
L 06/23/2018 - 22:23:38: [umc-emp-mapvote.smx] Starting a map vote.
L 06/23/2018 - 22:23:38: [umc-core.smx] VOTE MENU: (Verbose) Fetching 7 maps from group 'Commander Maps'
L 06/23/2018 - 22:23:38: [umc-core.smx] VOTE MENU: (Verbose) Finished parsing nominations for map group 'Commander Maps'
L 06/23/2018 - 22:23:38: [umc-core.smx] VOTE MENU: (Verbose) Still need to fetch 7 maps from the group.
L 06/23/2018 - 22:23:38: [umc-core.smx] VOTE MENU: (Verbose) Selected map 'emp_streetsoffire_fix' from group 'Commander Maps' was added to the vote.
L 06/23/2018 - 22:23:38: [umc-core.smx] VOTE MENU: (Verbose) Selected map 'emp_bush' from group 'Commander Maps' was added to the vote.
L 06/23/2018 - 22:23:38: [umc-core.smx] VOTE MENU: (Verbose) Selected map 'emp_palmbay_fix' from group 'Commander Maps' was added to the vote.
L 06/23/2018 - 22:23:38: [umc-core.smx] VOTE MENU: (Verbose) Selected map 'emp_flat_hce' from group 'Commander Maps' was added to the vote.
L 06/23/2018 - 22:23:38: [umc-core.smx] VOTE MENU: (Verbose) Selected map 'emp_research_1_2_2013' from group 'Commander Maps' was added to the vote.
L 06/23/2018 - 22:23:38: [umc-core.smx] VOTE MENU: (Verbose) Selected map 'emp_traders_a8' from group 'Commander Maps' was added to the vote.
L 06/23/2018 - 22:23:38: [umc-core.smx] VOTE MENU: (Verbose) Selected map 'emp_glacial_b2' from group 'Commander Maps' was added to the vote.
L 06/23/2018 - 22:23:38: [umc-core.smx] VOTE MENU: (Verbose) Fetching 1 maps from group 'Infantry Maps'
L 06/23/2018 - 22:23:38: [umc-core.smx] VOTE MENU: (Verbose) Finished parsing nominations for map group 'Infantry Maps'
L 06/23/2018 - 22:23:38: [umc-core.smx] VOTE MENU: (Verbose) Still need to fetch 1 maps from the group.
L 06/23/2018 - 22:23:38: [umc-core.smx] VOTE MENU: (Verbose) No more maps in map group 'Infantry Maps'
L 06/23/2018 - 22:23:38: [umc-core.smx] VOTE MENU: (Verbose) Fetching 0 maps from group 'Cooldown Maps'
L 06/23/2018 - 22:23:38: [umc-core.smx] VOTE MENU: (Verbose) Finished parsing nominations for map group 'Cooldown Maps'
L 06/23/2018 - 22:23:38: [umc-core.smx] Initiating Vote Type: Map
L 06/23/2018 - 22:23:38: [umc-core.smx] Adding Clients to Vote:
L 06/23/2018 - 22:23:38: [umc-core.smx] 0: Mr. X. (2)
L 06/23/2018 - 22:23:38: [umc-core.smx] 1: Oktay (3)
L 06/23/2018 - 22:23:38: [umc-core.smx] 2: Terminal_Mischief (4)
L 06/23/2018 - 22:23:38: [umc-core.smx] 3: Grave (5)
L 06/23/2018 - 22:23:38: [umc-core.smx] 4: Skalk (6)
L 06/23/2018 - 22:23:38: [umc-core.smx] 5: Nowaf8037 (7)
L 06/23/2018 - 22:23:38: [umc-core.smx] 6: CrazyMRANZ (8)
L 06/23/2018 - 22:23:38: [umc-core.smx] 7: Spyer (9)
L 06/23/2018 - 22:23:38: [umc-core.smx] 8: ScardyBob (10)
L 06/23/2018 - 22:23:38: [umc-core.smx] 9: Mikleo (11)
L 06/23/2018 - 22:23:38: [umc-core.smx] 10: VV (12)
L 06/23/2018 - 22:23:38: [umc-core.smx] 11: Quigon (13)
L 06/23/2018 - 22:23:38: [umc-core.smx] 12: Justkidding (FutureFunk) (14)
L 06/23/2018 - 22:23:38: [umc-core.smx] 13: c-137 Medicine (15)
L 06/23/2018 - 22:23:38: [umc-core.smx] 14: Solace (16)
L 06/23/2018 - 22:23:38: [umc-core.smx] 15: -=[Combine Soldier #43]=- (17)
L 06/23/2018 - 22:23:38: [umc-core.smx] 16: ARCHEOPTERYX (18)
L 06/23/2018 - 22:23:38: [umc-core.smx] 17: ☣ Joy (19)
L 06/23/2018 - 22:23:38: [umc-core.smx] 18: Redttra (20)
L 06/23/2018 - 22:23:38: [umc-core.smx] 19: =F= MrBlueSky (21)
L 06/23/2018 - 22:23:38: [umc-core.smx] 20: object™ (22)
L 06/23/2018 - 22:23:38: [umc-core.smx] 21: Lanskii (23)
L 06/23/2018 - 22:23:38: [umc-core.smx] 22: YouzY (25)
L 06/23/2018 - 22:23:38: [umc-core.smx] 23: Steve_[UK] (26)
L 06/23/2018 - 22:23:38: [umc-core.smx] 24: Ozi (27)
L 06/23/2018 - 22:23:38: [umc-core.smx] 25: Change_is_power (28)
L 06/23/2018 - 22:23:38: [umc-core.smx] 26: Stalin (voice-chat off) (30)
L 06/23/2018 - 22:23:38: [umc-core.smx] 27: VIPER_Vicki (31)
L 06/23/2018 - 22:23:38: [umc-core.smx] 28: .|Ϟ|. Catface (No Sound) (32)
L 06/23/2018 - 22:23:38: [umc-core.smx] 29: draklin (33)
L 06/23/2018 - 22:23:38: [umc-core.smx] VOTE MENU:
L 06/23/2018 - 22:23:38: [umc-core.smx] 2: emp_bush (0)
L 06/23/2018 - 22:23:38: [umc-core.smx] 3: emp_streetsoffire (1)
L 06/23/2018 - 22:23:38: [umc-core.smx] 4: emp_research (2)
L 06/23/2018 - 22:23:38: [umc-core.smx] 5: emp_traders (3)
L 06/23/2018 - 22:23:38: [umc-core.smx] 6: emp_glacial (4)
L 06/23/2018 - 22:23:38: [umc-core.smx] 7: emp_flat (5)
L 06/23/2018 - 22:23:38: [umc-core.smx] 8: emp_palmbay (6)
L 06/23/2018 - 22:23:39: [umc-nominate.smx] Quigon wants to nominate a map.
L 06/23/2018 - 22:23:42: [umc-core.smx] Mikleo<25><[U:1:376259319]><> selected menu item 1
L 06/23/2018 - 22:23:42: [umc-core.smx] VIPER_Vicki<50><[U:1:12227238]><> selected menu item 2
L 06/23/2018 - 22:23:42: [umc-core.smx] Ozi<42><[U:1:24496363]><> selected menu item 1
L 06/23/2018 - 22:23:42: [umc-core.smx] c-137 Medicine<55><[U:1:33445435]><> selected menu item 7
L 06/23/2018 - 22:23:43: [umc-core.smx] ScardyBob<24><[U:1:21571057]><> selected menu item 1
L 06/23/2018 - 22:23:43: [umc-core.smx] Steve_[UK]<41><[U:1:7600510]><> selected menu item 2
L 06/23/2018 - 22:23:44: [umc-core.smx] VV<26><[U:1:5870260]><> selected menu item 2
L 06/23/2018 - 22:23:44: [umc-nominate.smx] Quigon has nominated 'emp_canyon' from group 'Commander Maps'
L 06/23/2018 - 22:23:44: [umc-core.smx] ARCHEOPTERYX<33><[U:1:192512264]><> selected menu item 4
L 06/23/2018 - 22:23:44: [umc-core.smx] ☣ Joy<34><[U:1:14391461]><> selected menu item 2
L 06/23/2018 - 22:23:45: [umc-core.smx] .|Ϟ|. Catface (No Sound)<51><[U:1:41745247]><> selected menu item 1
L 06/23/2018 - 22:23:45: [umc-core.smx] Change_is_power<46><[U:1:195361629]><> selected menu item 1
L 06/23/2018 - 22:23:48: [umc-core.smx] Grave<9><[U:1:34977414]><> selected menu item 1
L 06/23/2018 - 22:23:48: [umc-core.smx] =F= MrBlueSky<47><[U:1:7486994]><> selected menu item 2
L 06/23/2018 - 22:23:49: [umc-core.smx] .|Ϟ|. Catface (No Sound)<51><[U:1:41745247]><> selected menu item 1
L 06/23/2018 - 22:23:49: [umc-core.smx] object™<37><[U:1:1221009]><> selected menu item 7
L 06/23/2018 - 22:23:51: [umc-core.smx] Lanskii<38><[U:1:29248374]><> selected menu item 2
L 06/23/2018 - 22:23:54: [umc-core.smx] Quigon<57><[U:1:5653485]><> selected menu item 7
L 06/23/2018 - 22:23:55: [umc-core.smx] Redttra<45><[U:1:195289525]><> selected menu item 2
L 06/23/2018 - 22:24:07: [umc-core.smx] Skalk<15><[U:1:20539185]><> selected menu item 3
L 06/23/2018 - 22:24:08: [umc-core.smx] RUNOFF MENU: (Verbose) Building runoff vote menu.
L 06/23/2018 - 22:24:08: [umc-core.smx] RUNOFF MENU: (Verbose) 'emp_traders' was removed from the vote. It had 1 votes (5 of total)
L 06/23/2018 - 22:24:08: [umc-core.smx] RUNOFF MENU: (Verbose) 'emp_research' was removed from the vote. It had 1 votes (5 of total)
L 06/23/2018 - 22:24:08: [umc-core.smx] RUNOFF MENU: (Verbose) 'emp_palmbay' was removed from the vote. It had 3 votes (16 of total)
L 06/23/2018 - 22:24:08: [umc-core.smx] RUNOFF MENU: (Verbose) Stopped removing options from the vote. Maximum possible winning vote percentage is 66%
L 06/23/2018 - 22:24:08: [umc-core.smx] Vote has concluded.
L 06/23/2018 - 22:24:16: [umc-core.smx] RUNOFF: Starting runoff vote.
L 06/23/2018 - 22:24:16: [umc-core.smx] Initiating Vote Type: Map
L 06/23/2018 - 22:24:16: [umc-core.smx] Adding Clients to Vote:
L 06/23/2018 - 22:24:16: [umc-core.smx] 0: Mr. X. (2)
L 06/23/2018 - 22:24:16: [umc-core.smx] 1: Oktay (3)
L 06/23/2018 - 22:24:16: [umc-core.smx] 2: Terminal_Mischief (4)
L 06/23/2018 - 22:24:16: [umc-core.smx] 3: Grave (5)
L 06/23/2018 - 22:24:16: [umc-core.smx] 4: Skalk (6)
L 06/23/2018 - 22:24:16: [umc-core.smx] 5: Nowaf8037 (7)
L 06/23/2018 - 22:24:16: [umc-core.smx] 6: CrazyMRANZ (8)
L 06/23/2018 - 22:24:16: [umc-core.smx] 7: Spyer (9)
L 06/23/2018 - 22:24:16: [umc-core.smx] 8: ScardyBob (10)
L 06/23/2018 - 22:24:16: [umc-core.smx] 9: Mikleo (11)
L 06/23/2018 - 22:24:16: [umc-core.smx] 10: VV (12)
L 06/23/2018 - 22:24:16: [umc-core.smx] 11: Quigon (13)
L 06/23/2018 - 22:24:16: [umc-core.smx] 12: Justkidding (FutureFunk) (14)
L 06/23/2018 - 22:24:16: [umc-core.smx] 13: c-137 Medicine (15)
L 06/23/2018 - 22:24:16: [umc-core.smx] 14: Solace (16)
L 06/23/2018 - 22:24:16: [umc-core.smx] 15: -=[Combine Soldier #43]=- (17)
L 06/23/2018 - 22:24:16: [umc-core.smx] 16: ARCHEOPTERYX (18)
L 06/23/2018 - 22:24:16: [umc-core.smx] 17: ☣ Joy (19)
L 06/23/2018 - 22:24:16: [umc-core.smx] 18: Redttra (20)
L 06/23/2018 - 22:24:16: [umc-core.smx] 19: =F= MrBlueSky (21)
L 06/23/2018 - 22:24:16: [umc-core.smx] 20: object™ (22)
L 06/23/2018 - 22:24:16: [umc-core.smx] 21: Lanskii (23)
L 06/23/2018 - 22:24:16: [umc-core.smx] 22: YouzY (25)
L 06/23/2018 - 22:24:16: [umc-core.smx] 23: Steve_[UK] (26)
L 06/23/2018 - 22:24:16: [umc-core.smx] 24: Ozi (27)
L 06/23/2018 - 22:24:16: [umc-core.smx] 25: Change_is_power (28)
L 06/23/2018 - 22:24:16: [umc-core.smx] 26: Stalin (voice-chat off) (30)
L 06/23/2018 - 22:24:16: [umc-core.smx] 27: VIPER_Vicki (31)
L 06/23/2018 - 22:24:16: [umc-core.smx] 28: .|Ϟ|. Catface (No Sound) (32)
L 06/23/2018 - 22:24:16: [umc-core.smx] 29: draklin (33)
L 06/23/2018 - 22:24:16: [umc-core.smx] VOTE MENU:
L 06/23/2018 - 22:24:16: [umc-core.smx] 2: emp_streetsoffire (1)
L 06/23/2018 - 22:24:16: [umc-core.smx] 3: emp_bush (0)
L 06/23/2018 - 22:24:18: [umc-core.smx] Redttra<45><[U:1:195289525]><> selected menu item 1
L 06/23/2018 - 22:24:18: [umc-core.smx] .|Ϟ|. Catface (No Sound)<51><[U:1:41745247]><> selected menu item 1
L 06/23/2018 - 22:24:19: [umc-core.smx] Steve_[UK]<41><[U:1:7600510]><> selected menu item 1
L 06/23/2018 - 22:24:19: [umc-core.smx] ScardyBob<24><[U:1:21571057]><> selected menu item 2
L 06/23/2018 - 22:24:19: [umc-core.smx] VIPER_Vicki<50><[U:1:12227238]><> selected menu item 1
L 06/23/2018 - 22:24:19: [umc-core.smx] ARCHEOPTERYX<33><[U:1:192512264]><> selected menu item 2
L 06/23/2018 - 22:24:19: [umc-core.smx] Ozi<42><[U:1:24496363]><> selected menu item 2
L 06/23/2018 - 22:24:20: [umc-core.smx] Quigon<57><[U:1:5653485]><> selected menu item 1
L 06/23/2018 - 22:24:21: [umc-core.smx] Grave<9><[U:1:34977414]><> selected menu item 2
L 06/23/2018 - 22:24:22: [umc-core.smx] Oktay<4><[U:1:116496292]><> selected menu item 2
L 06/23/2018 - 22:24:24: [umc-core.smx] c-137 Medicine<55><[U:1:33445435]><> selected menu item 2
L 06/23/2018 - 22:24:24: [umc-core.smx] draklin<53><[U:1:850151960]><> selected menu item 2
L 06/23/2018 - 22:24:25: [umc-core.smx] Mikleo<25><[U:1:376259319]><> selected menu item 2
L 06/23/2018 - 22:24:25: [umc-core.smx] ☣ Joy<34><[U:1:14391461]><> selected menu item 1
L 06/23/2018 - 22:24:27: [umc-core.smx] .|Ϟ|. Catface (No Sound)<51><[U:1:41745247]><> selected menu item 1
L 06/23/2018 - 22:24:29: [umc-core.smx] .|Ϟ|. Catface (No Sound)<51><[U:1:41745247]><> selected menu item 2
L 06/23/2018 - 22:24:30: [umc-core.smx] object™<37><[U:1:1221009]><> selected menu item 1
L 06/23/2018 - 22:24:33: [umc-core.smx] Quigon<57><[U:1:5653485]><> selected menu item 2
L 06/23/2018 - 22:24:33: [umc-core.smx] Terminal_Mischief<14><[U:1:326491895]><> selected menu item 1
L 06/23/2018 - 22:24:33: [umc-core.smx] Mr. X.<16><[U:1:27106968]><> selected menu item 2
L 06/23/2018 - 22:24:35: [umc-core.smx] Lanskii<38><[U:1:29248374]><> selected menu item 1
L 06/23/2018 - 22:24:38: [umc-core.smx] Change_is_power<46><[U:1:195361629]><> selected menu item 2
L 06/23/2018 - 22:24:47: [umc-core.smx] Setting nextmap to: emp_bush
L 06/23/2018 - 22:24:47: [umc-randomcycle.smx] Disabling random nextmap selection.
L 06/23/2018 - 22:24:47: [umc-core.smx] umc-emp-mapvote.smx: Changing map to 'emp_bush' in 5 seconds.
L 06/23/2018 - 22:24:47: [umc-core.smx] MAPVOTE: Players voted for map 'emp_bush' from group 'Commander Maps'
L 06/23/2018 - 22:24:47: [umc-core.smx] Vote has concluded.
L 06/23/2018 - 22:24:53: [umc-core.smx] ---------------------MAP CHANGE: emp_bush---------------------
L 06/23/2018 - 22:24:53: [umc-endvote-warnings.smx] Successfully parsed and set up 11 vote warnings.
L 06/23/2018 - 22:24:53: [umc-rockthevote.smx] RTV will be made available in 60 seconds.
L 06/23/2018 - 22:25:54: [umc-rockthevote.smx] RTV is now available.
L 06/23/2018 - 22:36:22: [umc-nominate.smx] Oktay wants to nominate a map.
L 06/23/2018 - 22:36:51: [umc-nominate.smx] Oktay wants to nominate a map.
L 06/23/2018 - 22:36:57: [umc-nominate.smx] Oktay has nominated 'emp_dune_ob1' from group 'Commander Maps'
L 06/23/2018 - 22:44:35: [umc-nominate.smx] ScardyBob wants to nominate a map.
L 06/23/2018 - 22:44:41: [umc-nominate.smx] ScardyBob wants to nominate a map.
L 06/23/2018 - 22:44:47: [umc-nominate.smx] ScardyBob has nominated 'emp_smokies_rc2_hce' from group 'Commander Maps'
L 06/23/2018 - 22:45:49: [umc-emp-mapvote.smx] Map vote will appear in 30 seconds.
L 06/23/2018 - 22:46:10: [umc-nominate.smx] c-137 Medicine wants to nominate a map.
L 06/23/2018 - 22:46:19: [umc-emp-mapvote.smx] Starting a map vote.
L 06/23/2018 - 22:46:19: [umc-core.smx] VOTE MENU: (Verbose) Fetching 7 maps from group 'Commander Maps'
L 06/23/2018 - 22:46:19: [umc-core.smx] VOTE MENU: (Verbose) Nominated map 'emp_dune_ob1' from group 'Commander Maps' was added to the vote.
L 06/23/2018 - 22:46:19: [umc-core.smx] VOTE MENU: (Verbose) Nominated map 'emp_smokies_rc2_hce' from group 'Commander Maps' was added to the vote.
L 06/23/2018 - 22:46:19: [umc-core.smx] VOTE MENU: (Verbose) Finished parsing nominations for map group 'Commander Maps'
L 06/23/2018 - 22:46:19: [umc-core.smx] VOTE MENU: (Verbose) Still need to fetch 5 maps from the group.
L 06/23/2018 - 22:46:19: [umc-core.smx] VOTE MENU: (Verbose) Selected map 'emp_frozensummit_b2_2013_fix2' from group 'Commander Maps' was added to the vote.
L 06/23/2018 - 22:46:19: [umc-core.smx] VOTE MENU: (Verbose) Selected map 'emp_arid_hce' from group 'Commander Maps' was added to the vote.
L 06/23/2018 - 22:46:19: [umc-core.smx] VOTE MENU: (Verbose) Selected map 'emp_forest_ob_2013_hce' from group 'Commander Maps' was added to the vote.
L 06/23/2018 - 22:46:19: [umc-core.smx] VOTE MENU: (Verbose) Selected map 'emp_fuel_a3_2013_hce' from group 'Commander Maps' was added to the vote.
L 06/23/2018 - 22:46:19: [umc-core.smx] VOTE MENU: (Verbose) Selected map 'emp_coast' from group 'Commander Maps' was added to the vote.
L 06/23/2018 - 22:46:19: [umc-core.smx] VOTE MENU: (Verbose) Fetching 1 maps from group 'Infantry Maps'
L 06/23/2018 - 22:46:19: [umc-core.smx] VOTE MENU: (Verbose) Finished parsing nominations for map group 'Infantry Maps'
L 06/23/2018 - 22:46:19: [umc-core.smx] VOTE MENU: (Verbose) Still need to fetch 1 maps from the group.
L 06/23/2018 - 22:46:19: [umc-core.smx] VOTE MENU: (Verbose) No more maps in map group 'Infantry Maps'
L 06/23/2018 - 22:46:19: [umc-core.smx] VOTE MENU: (Verbose) Fetching 0 maps from group 'Cooldown Maps'
L 06/23/2018 - 22:46:19: [umc-core.smx] VOTE MENU: (Verbose) Finished parsing nominations for map group 'Cooldown Maps'
L 06/23/2018 - 22:46:19: [umc-core.smx] Initiating Vote Type: Map
L 06/23/2018 - 22:46:19: [umc-core.smx] Adding Clients to Vote:
L 06/23/2018 - 22:46:19: [umc-core.smx] 0: Mr. X. (2)
L 06/23/2018 - 22:46:19: [umc-core.smx] 1: Oktay (3)
L 06/23/2018 - 22:46:19: [umc-core.smx] 2: Terminal_Mischief (4)
L 06/23/2018 - 22:46:19: [umc-core.smx] 3: Grave (5)
L 06/23/2018 - 22:46:19: [umc-core.smx] 4: Skalk (6)
L 06/23/2018 - 22:46:19: [umc-core.smx] 5: Nowaf8037 (7)
L 06/23/2018 - 22:46:19: [umc-core.smx] 6: CrazyMRANZ (8)
L 06/23/2018 - 22:46:19: [umc-core.smx] 7: Spyer (9)
L 06/23/2018 - 22:46:19: [umc-core.smx] 8: ScardyBob (10)
L 06/23/2018 - 22:46:19: [umc-core.smx] 9: Mikleo (11)
L 06/23/2018 - 22:46:19: [umc-core.smx] 10: VV (12)
L 06/23/2018 - 22:46:19: [umc-core.smx] 11: Quigon (13)
L 06/23/2018 - 22:46:19: [umc-core.smx] 12: Justkidding (FutureFunk) (14)
L 06/23/2018 - 22:46:19: [umc-core.smx] 13: c-137 Medicine (15)
L 06/23/2018 - 22:46:19: [umc-core.smx] 14: Solace (16)
L 06/23/2018 - 22:46:19: [umc-core.smx] 15: -=[Combine Soldier #43]=- (17)
L 06/23/2018 - 22:46:19: [umc-core.smx] 16: ☣ Joy (19)
L 06/23/2018 - 22:46:19: [umc-core.smx] 17: Redttra (20)
L 06/23/2018 - 22:46:19: [umc-core.smx] 18: =F= MrBlueSky (21)
L 06/23/2018 - 22:46:19: [umc-core.smx] 19: object™ (22)
L 06/23/2018 - 22:46:19: [umc-core.smx] 20: Lanskii (23)
L 06/23/2018 - 22:46:19: [umc-core.smx] 21: Ozi (24)
L 06/23/2018 - 22:46:19: [umc-core.smx] 22: YouzY (25)
L 06/23/2018 - 22:46:19: [umc-core.smx] 23: Steve_[UK] (26)
L 06/23/2018 - 22:46:19: [umc-core.smx] 24: Change_is_power (28)
L 06/23/2018 - 22:46:19: [umc-core.smx] 25: Stalin (voice-chat off) (30)
L 06/23/2018 - 22:46:19: [umc-core.smx] 26: .|Ϟ|. Catface (No Sound) (32)
L 06/23/2018 - 22:46:19: [umc-core.smx] 27: draklin (33)
L 06/23/2018 - 22:46:19: [umc-core.smx] VOTE MENU:
L 06/23/2018 - 22:46:19: [umc-core.smx] 2: emp_smokies (0)
L 06/23/2018 - 22:46:19: [umc-core.smx] 3: emp_forest (1)
L 06/23/2018 - 22:46:19: [umc-core.smx] 4: emp_frozensummit (2)
L 06/23/2018 - 22:46:19: [umc-core.smx] 5: emp_arid (3)
L 06/23/2018 - 22:46:19: [umc-core.smx] 6: emp_coast (4)
L 06/23/2018 - 22:46:19: [umc-core.smx] 7: emp_fuel (5)
L 06/23/2018 - 22:46:19: [umc-core.smx] 8: emp_dune (6)
L 06/23/2018 - 22:46:19: [umc-core.smx] c-137 Medicine<55><[U:1:33445435]><> selected menu item 6
L 06/23/2018 - 22:46:21: [umc-core.smx] .|Ϟ|. Catface (No Sound)<51><[U:1:41745247]><> selected menu item 1
L 06/23/2018 - 22:46:22: [umc-core.smx] Change_is_power<46><[U:1:195361629]><> selected menu item 2
L 06/23/2018 - 22:46:24: [umc-core.smx] Redttra<45><[U:1:195289525]><> selected menu item 3
L 06/23/2018 - 22:46:24: [umc-core.smx] Grave<9><[U:1:34977414]><> selected menu item 2
L 06/23/2018 - 22:46:25: [umc-core.smx] ScardyBob<24><[U:1:21571057]><> selected menu item 1
L 06/23/2018 - 22:46:26: [umc-core.smx] draklin<53><[U:1:850151960]><> selected menu item 6
L 06/23/2018 - 22:46:28: [umc-core.smx] Steve_[UK]<41><[U:1:7600510]><> selected menu item 5
L 06/23/2018 - 22:46:31: [umc-core.smx] CrazyMRANZ<58><[U:1:42657167]><> selected menu item 5
L 06/23/2018 - 22:46:34: [umc-core.smx] Mikleo<25><[U:1:376259319]><> selected menu item 5
L 06/23/2018 - 22:46:35: [umc-core.smx] VV<26><[U:1:5870260]><> selected menu item 7
L 06/23/2018 - 22:46:37: [umc-core.smx] object™<37><[U:1:1221009]><> selected menu item 4
L 06/23/2018 - 22:46:39: [umc-core.smx] Mr. X.<16><[U:1:27106968]><> selected menu item 7
L 06/23/2018 - 22:46:40: [umc-core.smx] Spyer<27><[U:1:34143605]><> selected menu item 5
L 06/23/2018 - 22:46:44: [umc-core.smx] Grave<9><[U:1:34977414]><> selected menu item 7
L 06/23/2018 - 22:46:46: [umc-core.smx] .|Ϟ|. Catface (No Sound)<51><[U:1:41745247]><> selected menu item 7
L 06/23/2018 - 22:46:49: [umc-core.smx] Skalk<15><[U:1:20539185]><> selected menu item 2
L 06/23/2018 - 22:46:49: [umc-core.smx] RUNOFF MENU: (Verbose) Building runoff vote menu.
L 06/23/2018 - 22:46:49: [umc-core.smx] RUNOFF MENU: (Verbose) 'emp_arid' was removed from the vote. It had 1 votes (6 of total)
L 06/23/2018 - 22:46:49: [umc-core.smx] RUNOFF MENU: (Verbose) 'emp_smokies' was removed from the vote. It had 1 votes (6 of total)
L 06/23/2018 - 22:46:49: [umc-core.smx] RUNOFF MENU: (Verbose) 'emp_frozensummit' was removed from the vote. It had 1 votes (6 of total)
L 06/23/2018 - 22:46:49: [umc-core.smx] RUNOFF MENU: (Verbose) 'emp_fuel' was removed from the vote. It had 2 votes (13 of total)
L 06/23/2018 - 22:46:49: [umc-core.smx] RUNOFF MENU: (Verbose) 'emp_forest' was removed from the vote. It had 2 votes (13 of total)
L 06/23/2018 - 22:46:49: [umc-core.smx] RUNOFF MENU: (Verbose) Stopped removing options from the vote. Maximum possible winning vote percentage is 73%
L 06/23/2018 - 22:46:49: [umc-core.smx] Vote has concluded.
L 06/23/2018 - 22:46:57: [umc-core.smx] RUNOFF: Starting runoff vote.
L 06/23/2018 - 22:46:57: [umc-core.smx] Initiating Vote Type: Map
L 06/23/2018 - 22:46:57: [umc-core.smx] Adding Clients to Vote:
L 06/23/2018 - 22:46:57: [umc-core.smx] 0: Mr. X. (2)
L 06/23/2018 - 22:46:57: [umc-core.smx] 1: Oktay (3)
L 06/23/2018 - 22:46:57: [umc-core.smx] 2: Terminal_Mischief (4)
L 06/23/2018 - 22:46:57: [umc-core.smx] 3: Grave (5)
L 06/23/2018 - 22:46:57: [umc-core.smx] 4: Skalk (6)
L 06/23/2018 - 22:46:57: [umc-core.smx] 5: Nowaf8037 (7)
L 06/23/2018 - 22:46:57: [umc-core.smx] 6: CrazyMRANZ (8)
L 06/23/2018 - 22:46:57: [umc-core.smx] 7: Spyer (9)
L 06/23/2018 - 22:46:57: [umc-core.smx] 8: ScardyBob (10)
L 06/23/2018 - 22:46:57: [umc-core.smx] 9: Mikleo (11)
L 06/23/2018 - 22:46:57: [umc-core.smx] 10: VV (12)
L 06/23/2018 - 22:46:57: [umc-core.smx] 11: Quigon (13)
L 06/23/2018 - 22:46:57: [umc-core.smx] 12: Justkidding (FutureFunk) (14)
L 06/23/2018 - 22:46:57: [umc-core.smx] 13: c-137 Medicine (15)
L 06/23/2018 - 22:46:57: [umc-core.smx] 14: Solace (16)
L 06/23/2018 - 22:46:57: [umc-core.smx] 15: -=[Combine Soldier #43]=- (17)
L 06/23/2018 - 22:46:57: [umc-core.smx] 16: ☣ Joy (19)
L 06/23/2018 - 22:46:57: [umc-core.smx] 17: Redttra (20)
L 06/23/2018 - 22:46:57: [umc-core.smx] 18: =F= MrBlueSky (21)
L 06/23/2018 - 22:46:57: [umc-core.smx] 19: object™ (22)
L 06/23/2018 - 22:46:57: [umc-core.smx] 20: Lanskii (23)
L 06/23/2018 - 22:46:57: [umc-core.smx] 21: Ozi (24)
L 06/23/2018 - 22:46:57: [umc-core.smx] 22: YouzY (25)
L 06/23/2018 - 22:46:57: [umc-core.smx] 23: Steve_[UK] (26)
L 06/23/2018 - 22:46:57: [umc-core.smx] 24: Change_is_power (28)
L 06/23/2018 - 22:46:57: [umc-core.smx] 25: Stalin (voice-chat off) (30)
L 06/23/2018 - 22:46:57: [umc-core.smx] 26: .|Ϟ|. Catface (No Sound) (32)
L 06/23/2018 - 22:46:57: [umc-core.smx] 27: draklin (33)
L 06/23/2018 - 22:46:57: [umc-core.smx] VOTE MENU:
L 06/23/2018 - 22:46:57: [umc-core.smx] 2: emp_dune (6)
L 06/23/2018 - 22:46:57: [umc-core.smx] 3: emp_coast (4)
L 06/23/2018 - 22:46:58: [umc-core.smx] .|Ϟ|. Catface (No Sound)<51><[U:1:41745247]><> selected menu item 1
L 06/23/2018 - 22:47:00: [umc-core.smx] ☣ Joy<34><[U:1:14391461]><> selected menu item 2
L 06/23/2018 - 22:47:01: [umc-core.smx] Mr. X.<16><[U:1:27106968]><> selected menu item 1
L 06/23/2018 - 22:47:01: [umc-core.smx] VV<26><[U:1:5870260]><> selected menu item 1
L 06/23/2018 - 22:47:01: [umc-core.smx] ScardyBob<24><[U:1:21571057]><> selected menu item 1
L 06/23/2018 - 22:47:01: [umc-core.smx] Mikleo<25><[U:1:376259319]><> selected menu item 2
L 06/23/2018 - 22:47:02: [umc-core.smx] Change_is_power<46><[U:1:195361629]><> selected menu item 1
L 06/23/2018 - 22:47:02: [umc-core.smx] c-137 Medicine<55><[U:1:33445435]><> selected menu item 1
L 06/23/2018 - 22:47:03: [umc-core.smx] Justkidding (FutureFunk)<29><[U:1:2788022]><> selected menu item 2
L 06/23/2018 - 22:47:03: [umc-core.smx] CrazyMRANZ<58><[U:1:42657167]><> selected menu item 1
L 06/23/2018 - 22:47:04: [umc-core.smx] Spyer<27><[U:1:34143605]><> selected menu item 1
L 06/23/2018 - 22:47:05: [umc-core.smx] Redttra<45><[U:1:195289525]><> selected menu item 1
L 06/23/2018 - 22:47:06: [umc-core.smx] YouzY<52><[U:1:23994419]><> selected menu item 1
L 06/23/2018 - 22:47:07: [umc-core.smx] Steve_[UK]<41><[U:1:7600510]><> selected menu item 2
L 06/23/2018 - 22:47:08: [umc-core.smx] draklin<53><[U:1:850151960]><> selected menu item 1
L 06/23/2018 - 22:47:19: [umc-core.smx] Grave<9><[U:1:34977414]><> selected menu item 1
L 06/23/2018 - 22:47:28: [umc-core.smx] Setting nextmap to: emp_dune_ob1
L 06/23/2018 - 22:47:28: [umc-randomcycle.smx] Disabling random nextmap selection.
L 06/23/2018 - 22:47:28: [umc-core.smx] umc-emp-mapvote.smx: Changing map to 'emp_dune_ob1' in 5 seconds.
L 06/23/2018 - 22:47:28: [umc-core.smx] MAPVOTE: Players voted for map 'emp_dune_ob1' from group 'Commander Maps'
L 06/23/2018 - 22:47:28: [umc-core.smx] Vote has concluded.
L 06/23/2018 - 22:47:34: [umc-core.smx] ---------------------MAP CHANGE: emp_dune_ob1---------------------
L 06/23/2018 - 22:47:34: [umc-endvote-warnings.smx] Successfully parsed and set up 11 vote warnings.
L 06/23/2018 - 22:47:34: [umc-rockthevote.smx] RTV will be made available in 60 seconds.
L 06/23/2018 - 22:48:35: [umc-rockthevote.smx] RTV is now available.
L 06/23/2018 - 23:20:52: [umc-nominate.smx] ScardyBob wants to nominate a map.
L 06/23/2018 - 23:20:56: [umc-nominate.smx] ScardyBob has nominated 'emp_massacred_rc1_hce' from group 'Commander Maps'
L 06/23/2018 - 23:25:25: [umc-emp-mapvote.smx] Map vote will appear in 30 seconds.
L 06/23/2018 - 23:25:55: [umc-emp-mapvote.smx] Starting a map vote.
L 06/23/2018 - 23:25:55: [umc-core.smx] VOTE MENU: (Verbose) Fetching 7 maps from group 'Commander Maps'
L 06/23/2018 - 23:25:55: [umc-core.smx] VOTE MENU: (Verbose) Nominated map 'emp_massacred_rc1_hce' from group 'Commander Maps' was added to the vote.
L 06/23/2018 - 23:25:55: [umc-core.smx] VOTE MENU: (Verbose) Finished parsing nominations for map group 'Commander Maps'
L 06/23/2018 - 23:25:55: [umc-core.smx] VOTE MENU: (Verbose) Still need to fetch 6 maps from the group.
L 06/23/2018 - 23:25:55: [umc-core.smx] VOTE MENU: (Verbose) Selected map 'emp_plunge_ob2_2013_hce2' from group 'Commander Maps' was added to the vote.
L 06/23/2018 - 23:25:55: [umc-core.smx] VOTE MENU: (Verbose) Selected map 'emp_homeland_b9_hce' from group 'Commander Maps' was added to the vote.
L 06/23/2018 - 23:25:55: [umc-core.smx] VOTE MENU: (Verbose) Selected map 'emp_temple_b3f' from group 'Commander Maps' was added to the vote.
L 06/23/2018 - 23:25:55: [umc-core.smx] VOTE MENU: (Verbose) Selected map 'emp_mvalley_fix' from group 'Commander Maps' was added to the vote.
L 06/23/2018 - 23:25:55: [umc-core.smx] VOTE MENU: (Verbose) Selected map 'emp_research_1_2_2013' from group 'Commander Maps' was added to the vote.
L 06/23/2018 - 23:25:55: [umc-core.smx] VOTE MENU: (Verbose) Selected map 'emp_duststorm_fix2' from group 'Commander Maps' was added to the vote.
L 06/23/2018 - 23:25:55: [umc-core.smx] VOTE MENU: (Verbose) Fetching 1 maps from group 'Infantry Maps'
L 06/23/2018 - 23:25:55: [umc-core.smx] VOTE MENU: (Verbose) Finished parsing nominations for map group 'Infantry Maps'
L 06/23/2018 - 23:25:55: [umc-core.smx] VOTE MENU: (Verbose) Still need to fetch 1 maps from the group.
L 06/23/2018 - 23:25:55: [umc-core.smx] VOTE MENU: (Verbose) No more maps in map group 'Infantry Maps'
L 06/23/2018 - 23:25:55: [umc-core.smx] VOTE MENU: (Verbose) Fetching 0 maps from group 'Cooldown Maps'
L 06/23/2018 - 23:25:55: [umc-core.smx] VOTE MENU: (Verbose) Finished parsing nominations for map group 'Cooldown Maps'
L 06/23/2018 - 23:25:55: [umc-core.smx] Initiating Vote Type: Map
L 06/23/2018 - 23:25:55: [umc-core.smx] Adding Clients to Vote:
L 06/23/2018 - 23:25:55: [umc-core.smx] 0: Mr. X. (2)
L 06/23/2018 - 23:25:55: [umc-core.smx] 1: Oktay (3)
L 06/23/2018 - 23:25:55: [umc-core.smx] 2: Terminal_Mischief (4)
L 06/23/2018 - 23:25:55: [umc-core.smx] 3: Grave (5)
L 06/23/2018 - 23:25:55: [umc-core.smx] 4: Skalk (6)
L 06/23/2018 - 23:25:55: [umc-core.smx] 5: Nowaf8037 (7)
L 06/23/2018 - 23:25:55: [umc-core.smx] 6: CrazyMRANZ (8)
L 06/23/2018 - 23:25:55: [umc-core.smx] 7: Spyer (9)
L 06/23/2018 - 23:25:55: [umc-core.smx] 8: ScardyBob (10)
L 06/23/2018 - 23:25:55: [umc-core.smx] 9: -W3E- aaacowsad (11)
L 06/23/2018 - 23:25:55: [umc-core.smx] 10: Quigon (13)
L 06/23/2018 - 23:25:55: [umc-core.smx] 11: Justkidding (FutureFunk) (14)
L 06/23/2018 - 23:25:55: [umc-core.smx] 12: Solace (16)
L 06/23/2018 - 23:25:55: [umc-core.smx] 13: -=[Combine Soldier #43]=- (17)
L 06/23/2018 - 23:25:55: [umc-core.smx] 14: POOTISMAN (18)
L 06/23/2018 - 23:25:55: [umc-core.smx] 15: ☣ Joy (19)
L 06/23/2018 - 23:25:55: [umc-core.smx] 16: Redttra (20)
L 06/23/2018 - 23:25:55: [umc-core.smx] 17: =F= MrBlueSky (21)
L 06/23/2018 - 23:25:55: [umc-core.smx] 18: object™ (22)
L 06/23/2018 - 23:25:55: [umc-core.smx] 19: Lanskii (23)
L 06/23/2018 - 23:25:55: [umc-core.smx] 20: Ozi (24)
L 06/23/2018 - 23:25:55: [umc-core.smx] 21: YouzY (25)
L 06/23/2018 - 23:25:55: [umc-core.smx] 22: Steve_[UK] (26)
L 06/23/2018 - 23:25:55: [umc-core.smx] 23: Decisively (27)
L 06/23/2018 - 23:25:55: [umc-core.smx] 24: Change_is_power (28)
L 06/23/2018 - 23:25:55: [umc-core.smx] 25: Uninspired (29)
L 06/23/2018 - 23:25:55: [umc-core.smx] 26: Stalin (voice-chat off) (30)
L 06/23/2018 - 23:25:55: [umc-core.smx] 27: .|Ϟ|. Spike (31)
L 06/23/2018 - 23:25:55: [umc-core.smx] 28: draklin (33)
L 06/23/2018 - 23:25:55: [umc-core.smx] VOTE MENU:
L 06/23/2018 - 23:25:55: [umc-core.smx] 2: emp_plunge (0)
L 06/23/2018 - 23:25:55: [umc-core.smx] 3: emp_temple (1)
L 06/23/2018 - 23:25:55: [umc-core.smx] 4: emp_massacred (2)
L 06/23/2018 - 23:25:55: [umc-core.smx] 5: emp_homeland (3)
L 06/23/2018 - 23:25:55: [umc-core.smx] 6: emp_mvalley (4)
L 06/23/2018 - 23:25:55: [umc-core.smx] 7: emp_duststorm (5)
L 06/23/2018 - 23:25:55: [umc-core.smx] 8: emp_research (6)
L 06/23/2018 - 23:25:59: [umc-core.smx] ScardyBob<24><[U:1:21571057]><> selected menu item 3
L 06/23/2018 - 23:25:59: [umc-core.smx] Decisively<63><[U:1:108425588]><> selected menu item 3
L 06/23/2018 - 23:26:00: [umc-core.smx] Redttra<45><[U:1:195289525]><> selected menu item 7
L 06/23/2018 - 23:26:01: [umc-core.smx] =F= MrBlueSky<47><[U:1:7486994]><> selected menu item 4
L 06/23/2018 - 23:26:02: [umc-core.smx] object™<37><[U:1:1221009]><> selected menu item 3
L 06/23/2018 - 23:26:02: [umc-core.smx] POOTISMAN<68><[U:1:26527408]><> selected menu item 3
L 06/23/2018 - 23:26:03: [umc-core.smx] Quigon<57><[U:1:5653485]><> selected menu item 4
L 06/23/2018 - 23:26:10: [umc-core.smx] CrazyMRANZ<58><[U:1:42657167]><> selected menu item 3
L 06/23/2018 - 23:26:17: [umc-core.smx] Uninspired<64><[U:1:29103880]><> selected menu item 7
L 06/23/2018 - 23:26:17: [umc-core.smx] Mr. X.<16><[U:1:27106968]><> selected menu item 3
L 06/23/2018 - 23:26:23: [umc-core.smx] draklin<53><[U:1:850151960]><> selected menu item 3
L 06/23/2018 - 23:26:23: [umc-core.smx] Steve_[UK]<41><[U:1:7600510]><> selected menu item 4
L 06/23/2018 - 23:26:26: [umc-core.smx] Setting nextmap to: emp_massacred_rc1_hce
L 06/23/2018 - 23:26:26: [umc-randomcycle.smx] Disabling random nextmap selection.
L 06/23/2018 - 23:26:26: [umc-core.smx] umc-emp-mapvote.smx: Changing map to 'emp_massacred_rc1_hce' in 5 seconds.
L 06/23/2018 - 23:26:26: [umc-core.smx] MAPVOTE: Players voted for map 'emp_massacred_rc1_hce' from group 'Commander Maps'
L 06/23/2018 - 23:26:26: [umc-core.smx] Vote has concluded.
L 06/23/2018 - 23:26:34: [umc-core.smx] ---------------------MAP CHANGE: emp_massacred_rc1_hce---------------------
L 06/23/2018 - 23:26:34: [umc-endvote-warnings.smx] Successfully parsed and set up 11 vote warnings.
L 06/23/2018 - 23:26:34: [umc-rockthevote.smx] RTV will be made available in 60 seconds.
L 06/23/2018 - 23:27:35: [umc-rockthevote.smx] RTV is now available.
L 06/23/2018 - 23:48:21: [umc-emp-mapvote.smx] Map vote will appear in 30 seconds.
L 06/23/2018 - 23:48:51: [umc-emp-mapvote.smx] Starting a map vote.
L 06/23/2018 - 23:48:51: [umc-core.smx] VOTE MENU: (Verbose) Fetching 7 maps from group 'Commander Maps'
L 06/23/2018 - 23:48:51: [umc-core.smx] VOTE MENU: (Verbose) Finished parsing nominations for map group 'Commander Maps'
L 06/23/2018 - 23:48:51: [umc-core.smx] VOTE MENU: (Verbose) Still need to fetch 7 maps from the group.
L 06/23/2018 - 23:48:51: [umc-core.smx] VOTE MENU: (Verbose) Selected map 'emp_homeland_b9_hce' from group 'Commander Maps' was added to the vote.
L 06/23/2018 - 23:48:51: [umc-core.smx] VOTE MENU: (Verbose) Selected map 'emp_plunge_ob2_2013_hce2' from group 'Commander Maps' was added to the vote.
L 06/23/2018 - 23:48:51: [umc-core.smx] VOTE MENU: (Verbose) Selected map 'emp_temple_b3f' from group 'Commander Maps' was added to the vote.
L 06/23/2018 - 23:48:51: [umc-core.smx] VOTE MENU: (Verbose) Selected map 'emp_palmbay_fix' from group 'Commander Maps' was added to the vote.
L 06/23/2018 - 23:48:51: [umc-core.smx] VOTE MENU: (Verbose) Selected map 'emp_coast' from group 'Commander Maps' was added to the vote.
L 06/23/2018 - 23:48:51: [umc-core.smx] VOTE MENU: (Verbose) Selected map 'emp_traders_a8' from group 'Commander Maps' was added to the vote.
L 06/23/2018 - 23:48:51: [umc-core.smx] VOTE MENU: (Verbose) Selected map 'emp_mesa_d6_hce' from group 'Commander Maps' was added to the vote.
L 06/23/2018 - 23:48:51: [umc-core.smx] VOTE MENU: (Verbose) Fetching 1 maps from group 'Infantry Maps'
L 06/23/2018 - 23:48:51: [umc-core.smx] VOTE MENU: (Verbose) Finished parsing nominations for map group 'Infantry Maps'
L 06/23/2018 - 23:48:51: [umc-core.smx] VOTE MENU: (Verbose) Still need to fetch 1 maps from the group.
L 06/23/2018 - 23:48:51: [umc-core.smx] VOTE MENU: (Verbose) No more maps in map group 'Infantry Maps'
L 06/23/2018 - 23:48:51: [umc-core.smx] VOTE MENU: (Verbose) Fetching 0 maps from group 'Cooldown Maps'
L 06/23/2018 - 23:48:51: [umc-core.smx] VOTE MENU: (Verbose) Finished parsing nominations for map group 'Cooldown Maps'
L 06/23/2018 - 23:48:51: [umc-core.smx] Initiating Vote Type: Map
L 06/23/2018 - 23:48:51: [umc-core.smx] Adding Clients to Vote:
L 06/23/2018 - 23:48:51: [umc-core.smx] 0: Mr. X. (2)
L 06/23/2018 - 23:48:51: [umc-core.smx] 1: Oktay (3)
L 06/23/2018 - 23:48:51: [umc-core.smx] 2: Solace (4)
L 06/23/2018 - 23:48:51: [umc-core.smx] 3: Skalk (6)
L 06/23/2018 - 23:48:51: [umc-core.smx] 4: Nowaf8037 (7)
L 06/23/2018 - 23:48:51: [umc-core.smx] 5: CrazyMRANZ (8)
L 06/23/2018 - 23:48:51: [umc-core.smx] 6: Spyer (9)
L 06/23/2018 - 23:48:51: [umc-core.smx] 7: ScardyBob (10)
L 06/23/2018 - 23:48:51: [umc-core.smx] 8: V1RU58E9 (11)
L 06/23/2018 - 23:48:51: [umc-core.smx] 9: Rhymes (12)
L 06/23/2018 - 23:48:51: [umc-core.smx] 10: Quigon (13)
L 06/23/2018 - 23:48:51: [umc-core.smx] 11: POOTISMAN (18)
L 06/23/2018 - 23:48:51: [umc-core.smx] 12: ☣ Joy (19)
L 06/23/2018 - 23:48:51: [umc-core.smx] 13: =F= MrBlueSky (21)
L 06/23/2018 - 23:48:51: [umc-core.smx] 14: object™ (22)
L 06/23/2018 - 23:48:51: [umc-core.smx] 15: YouzY (25)
L 06/23/2018 - 23:48:51: [umc-core.smx] 16: Steve_[UK] (26)
L 06/23/2018 - 23:48:51: [umc-core.smx] 17: Uninspired (29)
L 06/23/2018 - 23:48:51: [umc-core.smx] 18: Stalin (voice-chat off) (30)
L 06/23/2018 - 23:48:51: [umc-core.smx] 19: .|Ϟ|. Spike (31)
L 06/23/2018 - 23:48:51: [umc-core.smx] 20: draklin (33)
L 06/23/2018 - 23:48:51: [umc-core.smx] VOTE MENU:
L 06/23/2018 - 23:48:51: [umc-core.smx] 2: emp_palmbay (0)
L 06/23/2018 - 23:48:51: [umc-core.smx] 3: emp_traders (1)
L 06/23/2018 - 23:48:51: [umc-core.smx] 4: emp_homeland (2)
L 06/23/2018 - 23:48:51: [umc-core.smx] 5: emp_temple (3)
L 06/23/2018 - 23:48:51: [umc-core.smx] 6: emp_coast (4)
L 06/23/2018 - 23:48:51: [umc-core.smx] 7: emp_plunge (5)
L 06/23/2018 - 23:48:51: [umc-core.smx] 8: emp_mesa (6)
L 06/23/2018 - 23:48:51: [umc-nominate.smx] Quigon wants to nominate a map.
L 06/23/2018 - 23:48:54: [umc-core.smx] Steve_[UK]<41><[U:1:7600510]><> selected menu item 3
L 06/23/2018 - 23:48:58: [umc-core.smx] object™<37><[U:1:1221009]><> selected menu item 1
L 06/23/2018 - 23:48:58: [umc-core.smx] ScardyBob<24><[U:1:21571057]><> selected menu item 1
L 06/23/2018 - 23:48:58: [umc-core.smx] =F= MrBlueSky<47><[U:1:7486994]><> selected menu item 3
L 06/23/2018 - 23:48:58: [umc-nominate.smx] Quigon has nominated 'emp_coast' from group 'Commander Maps'
L 06/23/2018 - 23:48:59: [umc-core.smx] CrazyMRANZ<58><[U:1:42657167]><> selected menu item 3
L 06/23/2018 - 23:48:59: [umc-core.smx] .|Ϟ|. Spike<65><[U:1:39029790]><> selected menu item 1
L 06/23/2018 - 23:49:00: [umc-core.smx] V1RU58E9<73><[U:1:247428675]><> selected menu item 1
L 06/23/2018 - 23:49:07: [umc-core.smx] Mr. X.<16><[U:1:27106968]><> selected menu item 4
L 06/23/2018 - 23:49:07: [umc-core.smx] POOTISMAN<68><[U:1:26527408]><> selected menu item 1
L 06/23/2018 - 23:49:08: [umc-core.smx] Uninspired<64><[U:1:29103880]><> selected menu item 2
L 06/23/2018 - 23:49:11: [umc-core.smx] ☣ Joy<34><[U:1:14391461]><> selected menu item 1
L 06/23/2018 - 23:49:21: [umc-core.smx] Setting nextmap to: emp_palmbay_fix
L 06/23/2018 - 23:49:21: [umc-randomcycle.smx] Disabling random nextmap selection.
L 06/23/2018 - 23:49:21: [umc-core.smx] umc-emp-mapvote.smx: Changing map to 'emp_palmbay_fix' in 5 seconds.
L 06/23/2018 - 23:49:21: [umc-core.smx] MAPVOTE: Players voted for map 'emp_palmbay_fix' from group 'Commander Maps'
L 06/23/2018 - 23:49:21: [umc-core.smx] Vote has concluded.
L 06/23/2018 - 23:49:27: [umc-core.smx] ---------------------MAP CHANGE: emp_palmbay_fix---------------------
L 06/23/2018 - 23:49:27: [umc-endvote-warnings.smx] Successfully parsed and set up 11 vote warnings.
L 06/23/2018 - 23:49:27: [umc-rockthevote.smx] RTV will be made available in 60 seconds.
L 06/23/2018 - 23:50:28: [umc-rockthevote.smx] RTV is now available.
