L 04/17/2017 - 18:32:19: [umc-core.smx] ---------------------MAP CHANGE: emp_district402---------------------
L 04/17/2017 - 18:32:19: [umc-endvote-warnings.smx] Successfully parsed and set up 11 vote warnings.
L 04/17/2017 - 18:32:19: [umc-playercountmonitor.smx] Min Players: 0, Max Players: 13
L 04/17/2017 - 18:32:19: [umc-playercountmonitor.smx] Server will begin watching for inproper number of players in 240 seconds.
L 04/17/2017 - 18:32:19: [umc-rockthevote.smx] RTV is now available.
L 04/17/2017 - 18:36:19: [umc-playercountmonitor.smx] Server is now watching for inproper number of players.
L 04/17/2017 - 18:37:42: [umc-core.smx] ---------------------MAP CHANGE: emp_mvalley---------------------
L 04/17/2017 - 18:37:42: [umc-endvote-warnings.smx] Successfully parsed and set up 11 vote warnings.
L 04/17/2017 - 18:37:42: [umc-playercountmonitor.smx] Min Players: 20, Max Players: 64
L 04/17/2017 - 18:37:42: [umc-playercountmonitor.smx] Server will begin watching for inproper number of players in 240 seconds.
L 04/17/2017 - 18:37:42: [umc-rockthevote.smx] RTV is now available.
L 04/17/2017 - 18:41:42: [umc-playercountmonitor.smx] Server is now watching for inproper number of players.
L 04/17/2017 - 18:47:19: [umc-core.smx] ---------------------MAP CHANGE: emp_district402---------------------
L 04/17/2017 - 18:47:19: [umc-endvote-warnings.smx] Successfully parsed and set up 11 vote warnings.
L 04/17/2017 - 18:47:19: [umc-playercountmonitor.smx] Min Players: 0, Max Players: 13
L 04/17/2017 - 18:47:19: [umc-playercountmonitor.smx] Server will begin watching for inproper number of players in 240 seconds.
L 04/17/2017 - 18:47:19: [umc-rockthevote.smx] RTV is now available.
L 04/17/2017 - 18:51:19: [umc-playercountmonitor.smx] Server is now watching for inproper number of players.
L 04/17/2017 - 18:52:18: [umc-core.smx] ---------------------MAP CHANGE: emp_district402---------------------
L 04/17/2017 - 18:52:18: [umc-endvote-warnings.smx] Successfully parsed and set up 11 vote warnings.
L 04/17/2017 - 18:52:18: [umc-playercountmonitor.smx] Min Players: 0, Max Players: 13
L 04/17/2017 - 18:52:18: [umc-playercountmonitor.smx] Server will begin watching for inproper number of players in 240 seconds.
L 04/17/2017 - 18:52:18: [umc-rockthevote.smx] RTV is now available.
L 04/17/2017 - 18:56:18: [umc-playercountmonitor.smx] Server is now watching for inproper number of players.
L 04/17/2017 - 19:25:33: [umc-emp-mapvote.smx] Map vote will appear in 1 seconds.
L 04/17/2017 - 19:25:34: [umc-emp-mapvote.smx] Starting a map vote.
L 04/17/2017 - 19:25:34: [umc-core.smx] Initiating Vote Type: Map
L 04/17/2017 - 19:26:05: [umc-core.smx] Setting nextmap to: emp_beachfront_b2
L 04/17/2017 - 19:26:05: [umc-randomcycle.smx] Disabling random nextmap selection.
L 04/17/2017 - 19:26:05: [umc-core.smx] umc-emp-mapvote.smx: Changing map to 'emp_beachfront_b2' in 5 seconds.
L 04/17/2017 - 19:26:05: [umc-core.smx] MAPVOTE: Players voted for map 'emp_beachfront_b2' from group 'Commander Maps'
L 04/17/2017 - 19:26:11: [umc-core.smx] ---------------------MAP CHANGE: emp_beachfront_b2---------------------
L 04/17/2017 - 19:26:11: [umc-endvote-warnings.smx] Successfully parsed and set up 11 vote warnings.
L 04/17/2017 - 19:26:11: [umc-playercountmonitor.smx] Min Players: 0, Max Players: 22
L 04/17/2017 - 19:26:11: [umc-playercountmonitor.smx] Server will begin watching for inproper number of players in 240 seconds.
L 04/17/2017 - 19:26:11: [umc-rockthevote.smx] RTV is now available.
L 04/17/2017 - 19:30:11: [umc-playercountmonitor.smx] Server is now watching for inproper number of players.
L 04/17/2017 - 20:21:57: [umc-emp-mapvote.smx] Map vote will appear in 1 seconds.
L 04/17/2017 - 20:21:58: [umc-emp-mapvote.smx] Starting a map vote.
L 04/17/2017 - 20:21:58: [umc-core.smx] Initiating Vote Type: Map
L 04/17/2017 - 20:22:36: [umc-core.smx] RUNOFF: Starting runoff vote.
L 04/17/2017 - 20:22:36: [umc-core.smx] Initiating Vote Type: Map
L 04/17/2017 - 20:23:07: [umc-core.smx] Setting nextmap to: emp_crossroads
L 04/17/2017 - 20:23:07: [umc-randomcycle.smx] Disabling random nextmap selection.
L 04/17/2017 - 20:23:07: [umc-core.smx] umc-emp-mapvote.smx: Changing map to 'emp_crossroads' in 5 seconds.
L 04/17/2017 - 20:23:07: [umc-core.smx] MAPVOTE: Players voted for map 'emp_crossroads' from group 'Commander Maps'
L 04/17/2017 - 20:23:13: [umc-core.smx] ---------------------MAP CHANGE: emp_crossroads---------------------
L 04/17/2017 - 20:23:13: [umc-endvote-warnings.smx] Successfully parsed and set up 11 vote warnings.
L 04/17/2017 - 20:23:13: [umc-playercountmonitor.smx] Min Players: 0, Max Players: 22
L 04/17/2017 - 20:23:13: [umc-playercountmonitor.smx] Server will begin watching for inproper number of players in 240 seconds.
L 04/17/2017 - 20:23:13: [umc-rockthevote.smx] RTV is now available.
L 04/17/2017 - 20:27:13: [umc-playercountmonitor.smx] Server is now watching for inproper number of players.
L 04/17/2017 - 20:51:55: [umc-emp-mapvote.smx] Map vote will appear in 1 seconds.
L 04/17/2017 - 20:51:56: [umc-emp-mapvote.smx] Starting a map vote.
L 04/17/2017 - 20:51:56: [umc-core.smx] Initiating Vote Type: Map
L 04/17/2017 - 20:52:35: [umc-core.smx] RUNOFF: Starting runoff vote.
L 04/17/2017 - 20:52:35: [umc-core.smx] Initiating Vote Type: Map
L 04/17/2017 - 20:53:06: [umc-core.smx] Setting nextmap to: emp_downfall
L 04/17/2017 - 20:53:06: [umc-randomcycle.smx] Disabling random nextmap selection.
L 04/17/2017 - 20:53:06: [umc-core.smx] umc-emp-mapvote.smx: Changing map to 'emp_downfall' in 5 seconds.
L 04/17/2017 - 20:53:06: [umc-core.smx] MAPVOTE: Players voted for map 'emp_downfall' from group 'Commander Maps'
L 04/17/2017 - 20:53:12: [umc-core.smx] ---------------------MAP CHANGE: emp_downfall---------------------
L 04/17/2017 - 20:53:12: [umc-endvote-warnings.smx] Successfully parsed and set up 11 vote warnings.
L 04/17/2017 - 20:53:12: [umc-playercountmonitor.smx] Min Players: 10, Max Players: 32
L 04/17/2017 - 20:53:12: [umc-playercountmonitor.smx] Server will begin watching for inproper number of players in 240 seconds.
L 04/17/2017 - 20:53:12: [umc-rockthevote.smx] RTV is now available.
L 04/17/2017 - 20:54:21: [umc-nominate.smx] Spyer wants to nominate a map.
L 04/17/2017 - 20:54:25: [umc-nominate.smx] Spyer has nominated 'emp_urbanchaos' from group 'Infantry Maps'
L 04/17/2017 - 20:54:39: [umc-nominate.smx] Justkidding wants to nominate a map.
L 04/17/2017 - 20:54:43: [umc-nominate.smx] Justkidding has nominated 'emp_glycencity' from group 'Infantry Maps'
L 04/17/2017 - 20:54:53: [umc-nominate.smx] Icon wants to nominate a map.
L 04/17/2017 - 20:55:21: [umc-nominate.smx] Icon wants to nominate a map.
L 04/17/2017 - 20:55:25: [umc-nominate.smx] Icon wants to nominate a map.
L 04/17/2017 - 20:57:12: [umc-playercountmonitor.smx] Server is now watching for inproper number of players.
L 04/17/2017 - 20:58:57: [umc-nominate.smx] Ranger|.\\ wants to nominate a map.
L 04/17/2017 - 20:59:15: [umc-nominate.smx] Ranger|.\\ has nominated 'emp_drygulch_a6' from group 'Commander Maps'
L 04/17/2017 - 20:59:28: [umc-nominate.smx] CAT-ASTROPHE wants to nominate a map.
L 04/17/2017 - 21:12:04: [umc-emp-mapvote.smx] Map vote will appear in 1 seconds.
L 04/17/2017 - 21:12:05: [umc-emp-mapvote.smx] Starting a map vote.
L 04/17/2017 - 21:12:05: [umc-core.smx] Initiating Vote Type: Map
L 04/17/2017 - 21:12:44: [umc-core.smx] RUNOFF: Starting runoff vote.
L 04/17/2017 - 21:12:44: [umc-core.smx] Initiating Vote Type: Map
L 04/17/2017 - 21:13:14: [umc-core.smx] Setting nextmap to: emp_urbanchaos
L 04/17/2017 - 21:13:14: [umc-randomcycle.smx] Disabling random nextmap selection.
L 04/17/2017 - 21:13:14: [umc-core.smx] umc-emp-mapvote.smx: Changing map to 'emp_urbanchaos' in 5 seconds.
L 04/17/2017 - 21:13:14: [umc-core.smx] MAPVOTE: Players voted for map 'emp_urbanchaos' from group 'Infantry Maps'
L 04/17/2017 - 21:13:21: [umc-core.smx] ---------------------MAP CHANGE: emp_urbanchaos---------------------
L 04/17/2017 - 21:13:21: [umc-endvote-warnings.smx] Successfully parsed and set up 11 vote warnings.
L 04/17/2017 - 21:13:21: [umc-playercountmonitor.smx] Min Players: 0, Max Players: 13
L 04/17/2017 - 21:13:21: [umc-playercountmonitor.smx] Server will begin watching for inproper number of players in 240 seconds.
L 04/17/2017 - 21:13:21: [umc-rockthevote.smx] RTV is now available.
L 04/17/2017 - 21:17:21: [umc-playercountmonitor.smx] Server is now watching for inproper number of players.
L 04/17/2017 - 21:26:52: [umc-emp-mapvote.smx] Map vote will appear in 1 seconds.
L 04/17/2017 - 21:26:53: [umc-emp-mapvote.smx] Starting a map vote.
L 04/17/2017 - 21:26:53: [umc-core.smx] Initiating Vote Type: Map
L 04/17/2017 - 21:27:24: [umc-core.smx] Setting nextmap to: emp_glycencity
L 04/17/2017 - 21:27:24: [umc-randomcycle.smx] Disabling random nextmap selection.
L 04/17/2017 - 21:27:24: [umc-core.smx] umc-emp-mapvote.smx: Changing map to 'emp_glycencity' in 5 seconds.
L 04/17/2017 - 21:27:24: [umc-core.smx] MAPVOTE: Players voted for map 'emp_glycencity' from group 'Infantry Maps'
L 04/17/2017 - 21:27:31: [umc-core.smx] ---------------------MAP CHANGE: emp_glycencity---------------------
L 04/17/2017 - 21:27:31: [umc-endvote-warnings.smx] Successfully parsed and set up 11 vote warnings.
L 04/17/2017 - 21:27:31: [umc-playercountmonitor.smx] Min Players: 0, Max Players: 13
L 04/17/2017 - 21:27:31: [umc-playercountmonitor.smx] Server will begin watching for inproper number of players in 240 seconds.
L 04/17/2017 - 21:27:31: [umc-rockthevote.smx] RTV is now available.
L 04/17/2017 - 21:31:31: [umc-playercountmonitor.smx] Server is now watching for inproper number of players.
L 04/17/2017 - 21:32:32: [umc-nominate.smx] Oktay wants to nominate a map.
L 04/17/2017 - 21:32:39: [umc-nominate.smx] Oktay has nominated 'emp_temple_b3a' from group 'Commander Maps'
L 04/17/2017 - 21:36:52: [umc-nominate.smx] Ranger|.\\ wants to nominate a map.
L 04/17/2017 - 21:36:56: [umc-nominate.smx] Ranger|.\\ has nominated 'emp_drygulch_a6' from group 'Commander Maps'
L 04/17/2017 - 21:38:40: [umc-nominate.smx] Ranger|.\\ wants to nominate a map.
L 04/17/2017 - 21:38:42: [umc-nominate.smx] Ranger|.\\ has nominated 'emp_massacred_rc1' from group 'Commander Maps'
L 04/17/2017 - 21:45:20: [umc-rockthevote.smx] Starting RTV.
L 04/17/2017 - 21:45:20: [umc-core.smx] Initiating Vote Type: Map
L 04/17/2017 - 21:46:28: [umc-core.smx] RUNOFF: Starting runoff vote.
L 04/17/2017 - 21:46:28: [umc-core.smx] Initiating Vote Type: Map
L 04/17/2017 - 21:47:28: [umc-core.smx] Setting nextmap to: emp_massacred_rc1
L 04/17/2017 - 21:47:29: [umc-randomcycle.smx] Disabling random nextmap selection.
L 04/17/2017 - 21:47:29: [umc-core.smx] umc-rockthevote.smx: Changing map to 'emp_massacred_rc1' in 5 seconds.
L 04/17/2017 - 21:47:29: [umc-core.smx] MAPVOTE: Players voted for map 'emp_massacred_rc1' from group 'Commander Maps'
L 04/17/2017 - 21:47:37: [umc-core.smx] ---------------------MAP CHANGE: emp_massacred_rc1---------------------
L 04/17/2017 - 21:47:37: [umc-endvote-warnings.smx] Successfully parsed and set up 11 vote warnings.
L 04/17/2017 - 21:47:37: [umc-playercountmonitor.smx] Min Players: 12, Max Players: 42
L 04/17/2017 - 21:47:37: [umc-playercountmonitor.smx] Server will begin watching for inproper number of players in 240 seconds.
L 04/17/2017 - 21:47:37: [umc-rockthevote.smx] RTV is now available.
L 04/17/2017 - 21:51:37: [umc-playercountmonitor.smx] Server is now watching for inproper number of players.
L 04/17/2017 - 22:38:13: [umc-nominate.smx] ava wants to nominate a map.
L 04/17/2017 - 22:38:16: [umc-nominate.smx] ava has nominated 'emp_beachfront_b2' from group 'Commander Maps'
L 04/17/2017 - 22:40:08: [umc-emp-mapvote.smx] Map vote will appear in 1 seconds.
L 04/17/2017 - 22:40:09: [umc-emp-mapvote.smx] Starting a map vote.
L 04/17/2017 - 22:40:09: [umc-core.smx] Initiating Vote Type: Map
L 04/17/2017 - 22:40:48: [umc-core.smx] RUNOFF: Starting runoff vote.
L 04/17/2017 - 22:40:48: [umc-core.smx] Initiating Vote Type: Map
L 04/17/2017 - 22:41:19: [umc-core.smx] Setting nextmap to: emp_beachfront_b2
L 04/17/2017 - 22:41:19: [umc-randomcycle.smx] Disabling random nextmap selection.
L 04/17/2017 - 22:41:19: [umc-core.smx] umc-emp-mapvote.smx: Changing map to 'emp_beachfront_b2' in 5 seconds.
L 04/17/2017 - 22:41:19: [umc-core.smx] MAPVOTE: Players voted for map 'emp_beachfront_b2' from group 'Commander Maps'
L 04/17/2017 - 22:41:24: [umc-core.smx] ---------------------MAP CHANGE: emp_beachfront_b2---------------------
L 04/17/2017 - 22:41:24: [umc-endvote-warnings.smx] Successfully parsed and set up 11 vote warnings.
L 04/17/2017 - 22:41:24: [umc-playercountmonitor.smx] Min Players: 0, Max Players: 22
L 04/17/2017 - 22:41:24: [umc-playercountmonitor.smx] Server will begin watching for inproper number of players in 240 seconds.
L 04/17/2017 - 22:41:24: [umc-rockthevote.smx] RTV is now available.
L 04/17/2017 - 22:45:24: [umc-playercountmonitor.smx] Server is now watching for inproper number of players.
L 04/17/2017 - 22:59:57: [umc-emp-mapvote.smx] Map vote will appear in 1 seconds.
L 04/17/2017 - 22:59:58: [umc-emp-mapvote.smx] Starting a map vote.
L 04/17/2017 - 22:59:58: [umc-core.smx] Initiating Vote Type: Map
L 04/17/2017 - 23:00:37: [umc-core.smx] RUNOFF: Starting runoff vote.
L 04/17/2017 - 23:00:37: [umc-core.smx] Initiating Vote Type: Map
L 04/17/2017 - 23:01:07: [umc-core.smx] Setting nextmap to: emp_canyon
L 04/17/2017 - 23:01:07: [umc-randomcycle.smx] Disabling random nextmap selection.
L 04/17/2017 - 23:01:07: [umc-core.smx] umc-emp-mapvote.smx: Changing map to 'emp_canyon' in 5 seconds.
L 04/17/2017 - 23:01:07: [umc-core.smx] MAPVOTE: Players voted for map 'emp_canyon' from group 'Commander Maps'
L 04/17/2017 - 23:01:13: [umc-core.smx] ---------------------MAP CHANGE: emp_canyon---------------------
L 04/17/2017 - 23:01:13: [umc-endvote-warnings.smx] Successfully parsed and set up 11 vote warnings.
L 04/17/2017 - 23:01:13: [umc-playercountmonitor.smx] Min Players: 14, Max Players: 32
L 04/17/2017 - 23:01:13: [umc-playercountmonitor.smx] Server will begin watching for inproper number of players in 240 seconds.
L 04/17/2017 - 23:01:13: [umc-rockthevote.smx] RTV is now available.
L 04/17/2017 - 23:05:13: [umc-playercountmonitor.smx] Server is now watching for inproper number of players.
