L 08/12/2017 - 00:13:01: [umc-nominate.smx] Blood-Wiper wants to nominate a map.
L 08/12/2017 - 00:13:05: [umc-nominate.smx] Blood-Wiper has nominated 'emp_coast_fix' from group 'Commander Maps'
L 08/12/2017 - 00:13:08: [umc-emp-mapvote.smx] Map vote will appear in 30 seconds.
L 08/12/2017 - 00:13:38: [umc-emp-mapvote.smx] Starting a map vote.
L 08/12/2017 - 00:13:38: [umc-core.smx] Initiating Vote Type: Map
L 08/12/2017 - 00:14:17: [umc-core.smx] RUNOFF: Starting runoff vote.
L 08/12/2017 - 00:14:17: [umc-core.smx] Initiating Vote Type: Map
L 08/12/2017 - 00:14:48: [umc-core.smx] Setting nextmap to: emp_duststorm
L 08/12/2017 - 00:14:48: [umc-randomcycle.smx] Disabling random nextmap selection.
L 08/12/2017 - 00:14:48: [umc-core.smx] umc-emp-mapvote.smx: Changing map to 'emp_duststorm' in 5 seconds.
L 08/12/2017 - 00:14:48: [umc-core.smx] MAPVOTE: Players voted for map 'emp_duststorm' from group 'Commander Maps'
L 08/12/2017 - 00:14:59: [umc-core.smx] ---------------------MAP CHANGE: emp_duststorm---------------------
L 08/12/2017 - 00:14:59: [umc-endvote-warnings.smx] Successfully parsed and set up 11 vote warnings.
L 08/12/2017 - 00:14:59: [umc-playercountmonitor.smx] Min Players: 20, Max Players: 52
L 08/12/2017 - 00:14:59: [umc-playercountmonitor.smx] Server will begin watching for inproper number of players in 240 seconds.
L 08/12/2017 - 00:14:59: [umc-rockthevote.smx] RTV will be made available in 60 seconds.
L 08/12/2017 - 00:16:00: [umc-rockthevote.smx] RTV is now available.
L 08/12/2017 - 00:18:59: [umc-playercountmonitor.smx] Server is now watching for inproper number of players.
L 08/12/2017 - 00:31:52: [umc-emp-mapvote.smx] Map vote will appear in 30 seconds.
L 08/12/2017 - 00:32:22: [umc-emp-mapvote.smx] Starting a map vote.
L 08/12/2017 - 00:32:22: [umc-core.smx] Initiating Vote Type: Map
L 08/12/2017 - 00:32:52: [umc-core.smx] Setting nextmap to: emp_beachfront_b2
L 08/12/2017 - 00:32:52: [umc-randomcycle.smx] Disabling random nextmap selection.
L 08/12/2017 - 00:32:52: [umc-core.smx] umc-emp-mapvote.smx: Changing map to 'emp_beachfront_b2' in 5 seconds.
L 08/12/2017 - 00:32:52: [umc-core.smx] MAPVOTE: Players voted for map 'emp_beachfront_b2' from group 'Commander Maps'
L 08/12/2017 - 00:33:03: [umc-core.smx] ---------------------MAP CHANGE: emp_beachfront_b2---------------------
L 08/12/2017 - 00:33:03: [umc-endvote-warnings.smx] Successfully parsed and set up 11 vote warnings.
L 08/12/2017 - 00:33:03: [umc-playercountmonitor.smx] Min Players: 0, Max Players: 22
L 08/12/2017 - 00:33:03: [umc-playercountmonitor.smx] Server will begin watching for inproper number of players in 240 seconds.
L 08/12/2017 - 00:33:03: [umc-rockthevote.smx] RTV will be made available in 60 seconds.
L 08/12/2017 - 00:34:04: [umc-rockthevote.smx] RTV is now available.
L 08/12/2017 - 00:35:27: [umc-nominate.smx] Zeke 🐙 wants to nominate a map.
L 08/12/2017 - 00:37:03: [umc-playercountmonitor.smx] Server is now watching for inproper number of players.
L 08/12/2017 - 00:40:06: [umc-nominate.smx] Spyer wants to nominate a map.
L 08/12/2017 - 00:40:12: [umc-nominate.smx] Spyer has nominated 'con_urbanchaos_fix' from group 'Infantry Maps'
L 08/12/2017 - 00:43:28: [umc-emp-mapvote.smx] Map vote will appear in 30 seconds.
L 08/12/2017 - 00:43:58: [umc-emp-mapvote.smx] Starting a map vote.
L 08/12/2017 - 00:43:58: [umc-core.smx] Initiating Vote Type: Map
L 08/12/2017 - 00:44:36: [umc-core.smx] RUNOFF: Starting runoff vote.
L 08/12/2017 - 00:44:36: [umc-core.smx] Initiating Vote Type: Map
L 08/12/2017 - 00:45:07: [umc-core.smx] Setting nextmap to: con_urbanchaos_fix
L 08/12/2017 - 00:45:07: [umc-randomcycle.smx] Disabling random nextmap selection.
L 08/12/2017 - 00:45:07: [umc-core.smx] umc-emp-mapvote.smx: Changing map to 'con_urbanchaos_fix' in 5 seconds.
L 08/12/2017 - 00:45:07: [umc-core.smx] MAPVOTE: Players voted for map 'con_urbanchaos_fix' from group 'Infantry Maps'
L 08/12/2017 - 00:45:12: [umc-rockthevote.smx] Starting RTV.
L 08/12/2017 - 00:45:16: [umc-core.smx] ---------------------MAP CHANGE: con_urbanchaos_fix---------------------
L 08/12/2017 - 00:45:16: [umc-endvote-warnings.smx] Successfully parsed and set up 11 vote warnings.
L 08/12/2017 - 00:45:16: [umc-playercountmonitor.smx] Min Players: 0, Max Players: 20
L 08/12/2017 - 00:45:16: [umc-playercountmonitor.smx] Server will begin watching for inproper number of players in 240 seconds.
L 08/12/2017 - 00:45:16: [umc-rockthevote.smx] RTV will be made available in 60 seconds.
L 08/12/2017 - 00:46:17: [umc-rockthevote.smx] RTV is now available.
L 08/12/2017 - 00:49:16: [umc-playercountmonitor.smx] Server is now watching for inproper number of players.
L 08/12/2017 - 01:07:09: [umc-nominate.smx] Spyer wants to nominate a map.
L 08/12/2017 - 01:07:15: [umc-nominate.smx] Spyer has nominated 'emp_vehicletraining_2013' from group 'Infantry Maps'
L 08/12/2017 - 01:17:56: [umc-emp-mapvote.smx] Map vote will appear in 30 seconds.
L 08/12/2017 - 01:18:26: [umc-emp-mapvote.smx] Starting a map vote.
L 08/12/2017 - 01:18:26: [umc-core.smx] Initiating Vote Type: Map
L 08/12/2017 - 01:18:57: [umc-core.smx] Setting nextmap to: emp_crossroads
L 08/12/2017 - 01:18:57: [umc-randomcycle.smx] Disabling random nextmap selection.
L 08/12/2017 - 01:18:57: [umc-core.smx] umc-emp-mapvote.smx: Changing map to 'emp_crossroads' in 5 seconds.
L 08/12/2017 - 01:18:57: [umc-core.smx] MAPVOTE: Players voted for map 'emp_crossroads' from group 'Commander Maps'
L 08/12/2017 - 01:19:07: [umc-core.smx] ---------------------MAP CHANGE: emp_crossroads---------------------
L 08/12/2017 - 01:19:07: [umc-endvote-warnings.smx] Successfully parsed and set up 11 vote warnings.
L 08/12/2017 - 01:19:07: [umc-playercountmonitor.smx] Min Players: 0, Max Players: 22
L 08/12/2017 - 01:19:07: [umc-playercountmonitor.smx] Server will begin watching for inproper number of players in 240 seconds.
L 08/12/2017 - 01:19:07: [umc-rockthevote.smx] RTV will be made available in 60 seconds.
L 08/12/2017 - 01:20:08: [umc-rockthevote.smx] RTV is now available.
L 08/12/2017 - 01:23:07: [umc-playercountmonitor.smx] Server is now watching for inproper number of players.
L 08/12/2017 - 01:26:44: [umc-nominate.smx] LT wants to nominate a map.
L 08/12/2017 - 01:26:59: [umc-nominate.smx] LT has nominated 'emp_fogtown_cl2_fix' from group 'Infantry Maps'
L 08/12/2017 - 01:29:32: [umc-nominate.smx] Cernobylsky wants to nominate a map.
L 08/12/2017 - 01:29:45: [umc-nominate.smx] Cernobylsky has nominated 'emp_downfall' from group 'Commander Maps'
L 08/12/2017 - 01:32:32: [umc-nominate.smx] LT wants to nominate a map.
L 08/12/2017 - 01:32:39: [umc-nominate.smx] LT wants to nominate a map.
L 08/12/2017 - 01:35:10: [umc-emp-mapvote.smx] Map vote will appear in 30 seconds.
L 08/12/2017 - 01:35:26: [umc-nominate.smx] object™ wants to nominate a map.
L 08/12/2017 - 01:35:40: [umc-emp-mapvote.smx] Starting a map vote.
L 08/12/2017 - 01:35:40: [umc-core.smx] Initiating Vote Type: Map
L 08/12/2017 - 01:36:18: [umc-core.smx] RUNOFF: Starting runoff vote.
L 08/12/2017 - 01:36:18: [umc-core.smx] Initiating Vote Type: Map
L 08/12/2017 - 01:36:49: [umc-core.smx] Setting nextmap to: emp_downfall
L 08/12/2017 - 01:36:49: [umc-randomcycle.smx] Disabling random nextmap selection.
L 08/12/2017 - 01:36:49: [umc-core.smx] umc-emp-mapvote.smx: Changing map to 'emp_downfall' in 5 seconds.
L 08/12/2017 - 01:36:49: [umc-core.smx] MAPVOTE: Players voted for map 'emp_downfall' from group 'Commander Maps'
L 08/12/2017 - 01:36:54: [umc-rockthevote.smx] Starting RTV.
L 08/12/2017 - 01:36:57: [umc-core.smx] ---------------------MAP CHANGE: emp_downfall---------------------
L 08/12/2017 - 01:36:57: [umc-endvote-warnings.smx] Successfully parsed and set up 11 vote warnings.
L 08/12/2017 - 01:36:57: [umc-playercountmonitor.smx] Min Players: 0, Max Players: 22
L 08/12/2017 - 01:36:57: [umc-playercountmonitor.smx] Server will begin watching for inproper number of players in 240 seconds.
L 08/12/2017 - 01:36:57: [umc-rockthevote.smx] RTV will be made available in 60 seconds.
L 08/12/2017 - 01:37:58: [umc-rockthevote.smx] RTV is now available.
L 08/12/2017 - 01:40:57: [umc-playercountmonitor.smx] Server is now watching for inproper number of players.
L 08/12/2017 - 02:25:48: [umc-emp-mapvote.smx] Map vote will appear in 30 seconds.
L 08/12/2017 - 02:26:18: [umc-emp-mapvote.smx] Starting a map vote.
L 08/12/2017 - 02:26:18: [umc-core.smx] Initiating Vote Type: Map
L 08/12/2017 - 02:26:57: [umc-core.smx] RUNOFF: Starting runoff vote.
L 08/12/2017 - 02:26:57: [umc-core.smx] Initiating Vote Type: Map
L 08/12/2017 - 02:27:28: [umc-core.smx] Setting nextmap to: emp_canyon
L 08/12/2017 - 02:27:28: [umc-randomcycle.smx] Disabling random nextmap selection.
L 08/12/2017 - 02:27:28: [umc-core.smx] umc-emp-mapvote.smx: Changing map to 'emp_canyon' in 5 seconds.
L 08/12/2017 - 02:27:28: [umc-core.smx] MAPVOTE: Players voted for map 'emp_canyon' from group 'Commander Maps'
L 08/12/2017 - 02:27:37: [umc-core.smx] ---------------------MAP CHANGE: emp_canyon---------------------
L 08/12/2017 - 02:27:37: [umc-endvote-warnings.smx] Successfully parsed and set up 11 vote warnings.
L 08/12/2017 - 02:27:37: [umc-playercountmonitor.smx] Min Players: 14, Max Players: 32
L 08/12/2017 - 02:27:37: [umc-playercountmonitor.smx] Server will begin watching for inproper number of players in 240 seconds.
L 08/12/2017 - 02:27:37: [umc-rockthevote.smx] RTV will be made available in 60 seconds.
L 08/12/2017 - 02:28:38: [umc-rockthevote.smx] RTV is now available.
L 08/12/2017 - 02:31:37: [umc-playercountmonitor.smx] Server is now watching for inproper number of players.
L 08/12/2017 - 03:13:05: [umc-emp-mapvote.smx] Map vote will appear in 30 seconds.
L 08/12/2017 - 03:13:35: [umc-emp-mapvote.smx] Starting a map vote.
L 08/12/2017 - 03:13:35: [umc-core.smx] Initiating Vote Type: Map
L 08/12/2017 - 03:14:14: [umc-core.smx] RUNOFF: Starting runoff vote.
L 08/12/2017 - 03:14:14: [umc-core.smx] Initiating Vote Type: Map
L 08/12/2017 - 03:14:45: [umc-core.smx] Setting nextmap to: emp_blah4
L 08/12/2017 - 03:14:45: [umc-randomcycle.smx] Disabling random nextmap selection.
L 08/12/2017 - 03:14:45: [umc-core.smx] umc-emp-mapvote.smx: Changing map to 'emp_blah4' in 5 seconds.
L 08/12/2017 - 03:14:45: [umc-core.smx] MAPVOTE: Players voted for map 'emp_blah4' from group 'Commander Maps'
L 08/12/2017 - 03:14:54: [umc-core.smx] ---------------------MAP CHANGE: emp_blah4---------------------
L 08/12/2017 - 03:14:54: [umc-endvote-warnings.smx] Successfully parsed and set up 11 vote warnings.
L 08/12/2017 - 03:14:54: [umc-playercountmonitor.smx] Min Players: 14, Max Players: 32
L 08/12/2017 - 03:14:54: [umc-playercountmonitor.smx] Server will begin watching for inproper number of players in 240 seconds.
L 08/12/2017 - 03:14:54: [umc-rockthevote.smx] RTV will be made available in 60 seconds.
L 08/12/2017 - 03:15:55: [umc-rockthevote.smx] RTV is now available.
L 08/12/2017 - 03:18:54: [umc-playercountmonitor.smx] Server is now watching for inproper number of players.
L 08/12/2017 - 04:28:18: [umc-nominate.smx] .|Ϟ|. Quigon wants to nominate a map.
L 08/12/2017 - 04:28:32: [umc-nominate.smx] .|Ϟ|. Quigon has nominated 'emp_snowstorm_rc6' from group 'Commander Maps'
L 08/12/2017 - 04:54:39: [umc-emp-mapvote.smx] Map vote will appear in 30 seconds.
L 08/12/2017 - 04:55:09: [umc-emp-mapvote.smx] Starting a map vote.
L 08/12/2017 - 04:55:09: [umc-core.smx] Initiating Vote Type: Map
L 08/12/2017 - 04:55:09: [umc-emp-mapvote.smx] Could not start UMC vote.
L 08/12/2017 - 04:55:09: [umc-emp-mapvote.smx] WARNING: Map Voting failure. Initiating random map fail-safe.
L 08/12/2017 - 04:55:09: [umc-core.smx] Setting nextmap to: emp_shadows_attacks_fix
L 08/12/2017 - 04:55:09: [umc-randomcycle.smx] Disabling random nextmap selection.
L 08/12/2017 - 04:55:09: [umc-core.smx] umc-emp-mapvote.smx: Changing map to 'emp_shadows_attacks_fix' in 5 seconds.
L 08/12/2017 - 04:55:19: [umc-core.smx] ---------------------MAP CHANGE: emp_shadows_attacks_fix---------------------
L 08/12/2017 - 04:55:19: [umc-endvote-warnings.smx] Successfully parsed and set up 11 vote warnings.
L 08/12/2017 - 04:55:19: [umc-playercountmonitor.smx] Min Players: 0, Max Players: 20
L 08/12/2017 - 04:55:19: [umc-playercountmonitor.smx] Server will begin watching for inproper number of players in 240 seconds.
L 08/12/2017 - 04:55:19: [umc-rockthevote.smx] RTV will be made available in 60 seconds.
L 08/12/2017 - 04:56:20: [umc-rockthevote.smx] RTV is now available.
L 08/12/2017 - 04:59:19: [umc-playercountmonitor.smx] Server is now watching for inproper number of players.
L 08/12/2017 - 05:01:56: [umc-nominate.smx] Charlie (voice-chat off) wants to nominate a map.
L 08/12/2017 - 05:01:59: [umc-nominate.smx] Charlie (voice-chat off) has nominated 'emp_vehicletraining_2013' from group 'Infantry Maps'
L 08/12/2017 - 05:12:26: [umc-emp-mapvote.smx] Map vote will appear in 30 seconds.
L 08/12/2017 - 05:12:56: [umc-emp-mapvote.smx] Starting a map vote.
L 08/12/2017 - 05:12:56: [umc-core.smx] Initiating Vote Type: Map
L 08/12/2017 - 05:13:27: [umc-emp-mapvote.smx] WARNING: Map Voting failure. Initiating random map fail-safe.
L 08/12/2017 - 05:13:27: [umc-core.smx] Setting nextmap to: con_glycencity
L 08/12/2017 - 05:13:27: [umc-randomcycle.smx] Disabling random nextmap selection.
L 08/12/2017 - 05:13:27: [umc-core.smx] umc-emp-mapvote.smx: Changing map to 'con_glycencity' in 5 seconds.
L 08/12/2017 - 05:13:34: [umc-core.smx] ---------------------MAP CHANGE: con_glycencity---------------------
L 08/12/2017 - 05:13:34: [umc-endvote-warnings.smx] Successfully parsed and set up 11 vote warnings.
L 08/12/2017 - 05:13:34: [umc-playercountmonitor.smx] Min Players: 0, Max Players: 20
L 08/12/2017 - 05:13:34: [umc-playercountmonitor.smx] Server will begin watching for inproper number of players in 240 seconds.
L 08/12/2017 - 05:13:34: [umc-rockthevote.smx] RTV will be made available in 60 seconds.
L 08/12/2017 - 05:14:35: [umc-rockthevote.smx] RTV is now available.
L 08/12/2017 - 05:17:34: [umc-playercountmonitor.smx] Server is now watching for inproper number of players.
L 08/12/2017 - 05:47:35: [umc-emp-mapvote.smx] Map vote will appear in 30 seconds.
L 08/12/2017 - 05:48:06: [umc-emp-mapvote.smx] Starting a map vote.
L 08/12/2017 - 05:48:06: [umc-core.smx] Initiating Vote Type: Map
L 08/12/2017 - 05:48:36: [umc-emp-mapvote.smx] WARNING: Map Voting failure. Initiating random map fail-safe.
L 08/12/2017 - 05:48:36: [umc-core.smx] Setting nextmap to: emp_blast_ob1
L 08/12/2017 - 05:48:36: [umc-randomcycle.smx] Disabling random nextmap selection.
L 08/12/2017 - 05:48:36: [umc-core.smx] umc-emp-mapvote.smx: Changing map to 'emp_blast_ob1' in 5 seconds.
L 08/12/2017 - 05:48:42: [umc-core.smx] ---------------------MAP CHANGE: emp_blast_ob1---------------------
L 08/12/2017 - 05:48:42: [umc-endvote-warnings.smx] Successfully parsed and set up 11 vote warnings.
L 08/12/2017 - 05:48:42: [umc-playercountmonitor.smx] Min Players: 0, Max Players: 20
L 08/12/2017 - 05:48:42: [umc-playercountmonitor.smx] Server will begin watching for inproper number of players in 240 seconds.
L 08/12/2017 - 05:48:42: [umc-rockthevote.smx] RTV will be made available in 60 seconds.
L 08/12/2017 - 05:49:43: [umc-rockthevote.smx] RTV is now available.
L 08/12/2017 - 05:52:42: [umc-playercountmonitor.smx] Server is now watching for inproper number of players.
L 08/12/2017 - 10:22:07: [umc-emp-mapvote.smx] Map vote will appear in 30 seconds.
L 08/12/2017 - 10:22:37: [umc-emp-mapvote.smx] Starting a map vote.
L 08/12/2017 - 10:22:37: [umc-core.smx] Initiating Vote Type: Map
L 08/12/2017 - 10:22:37: [umc-core.smx] Could not start core vote, no players to display vote to!
L 08/12/2017 - 10:22:37: [umc-emp-mapvote.smx] Could not start UMC vote.
L 08/12/2017 - 10:22:37: [umc-emp-mapvote.smx] WARNING: Map Voting failure. Initiating random map fail-safe.
L 08/12/2017 - 10:22:37: [umc-core.smx] Setting nextmap to: emp_drygulch_a6
L 08/12/2017 - 10:22:37: [umc-randomcycle.smx] Disabling random nextmap selection.
L 08/12/2017 - 10:22:37: [umc-core.smx] umc-emp-mapvote.smx: Changing map to 'emp_drygulch_a6' in 5 seconds.
L 08/12/2017 - 10:22:44: [umc-core.smx] ---------------------MAP CHANGE: emp_drygulch_a6---------------------
L 08/12/2017 - 10:22:44: [umc-endvote-warnings.smx] Successfully parsed and set up 11 vote warnings.
L 08/12/2017 - 10:22:44: [umc-playercountmonitor.smx] Min Players: 0, Max Players: 22
L 08/12/2017 - 10:22:44: [umc-playercountmonitor.smx] Server will begin watching for inproper number of players in 240 seconds.
L 08/12/2017 - 10:22:44: [umc-rockthevote.smx] RTV will be made available in 60 seconds.
L 08/12/2017 - 10:23:45: [umc-rockthevote.smx] RTV is now available.
L 08/12/2017 - 10:26:44: [umc-playercountmonitor.smx] Server is now watching for inproper number of players.
L 08/12/2017 - 10:47:34: [umc-emp-mapvote.smx] Map vote will appear in 30 seconds.
L 08/12/2017 - 10:48:04: [umc-emp-mapvote.smx] Starting a map vote.
L 08/12/2017 - 10:48:04: [umc-core.smx] Initiating Vote Type: Map
L 08/12/2017 - 10:48:08: [umc-core.smx] Setting nextmap to: emp_downfall
L 08/12/2017 - 10:48:08: [umc-randomcycle.smx] Disabling random nextmap selection.
L 08/12/2017 - 10:48:08: [umc-core.smx] umc-emp-mapvote.smx: Changing map to 'emp_downfall' in 5 seconds.
L 08/12/2017 - 10:48:08: [umc-core.smx] MAPVOTE: Players voted for map 'emp_downfall' from group 'Commander Maps'
L 08/12/2017 - 10:48:14: [umc-core.smx] ---------------------MAP CHANGE: emp_downfall---------------------
L 08/12/2017 - 10:48:14: [umc-endvote-warnings.smx] Successfully parsed and set up 11 vote warnings.
L 08/12/2017 - 10:48:14: [umc-playercountmonitor.smx] Min Players: 0, Max Players: 22
L 08/12/2017 - 10:48:14: [umc-playercountmonitor.smx] Server will begin watching for inproper number of players in 240 seconds.
L 08/12/2017 - 10:48:14: [umc-rockthevote.smx] RTV will be made available in 60 seconds.
L 08/12/2017 - 10:49:15: [umc-rockthevote.smx] RTV is now available.
L 08/12/2017 - 10:52:14: [umc-playercountmonitor.smx] Server is now watching for inproper number of players.
L 08/12/2017 - 11:47:49: [umc-core.smx] ---------------------MAP CHANGE: emp_canyon---------------------
L 08/12/2017 - 11:47:49: [umc-endvote-warnings.smx] Successfully parsed and set up 11 vote warnings.
L 08/12/2017 - 11:47:49: [umc-playercountmonitor.smx] Min Players: 14, Max Players: 32
L 08/12/2017 - 11:47:49: [umc-playercountmonitor.smx] Server will begin watching for inproper number of players in 240 seconds.
L 08/12/2017 - 11:47:49: [umc-rockthevote.smx] RTV will be made available in 60 seconds.
L 08/12/2017 - 11:48:50: [umc-rockthevote.smx] RTV is now available.
L 08/12/2017 - 11:51:49: [umc-playercountmonitor.smx] Server is now watching for inproper number of players.
L 08/12/2017 - 11:54:06: [umc-emp-mapvote.smx] Map vote will appear in 30 seconds.
L 08/12/2017 - 11:54:36: [umc-emp-mapvote.smx] Starting a map vote.
L 08/12/2017 - 11:54:36: [umc-core.smx] Initiating Vote Type: Map
L 08/12/2017 - 11:55:07: [umc-emp-mapvote.smx] WARNING: Map Voting failure. Initiating random map fail-safe.
L 08/12/2017 - 11:55:07: [umc-core.smx] Setting nextmap to: emp_beachfront_b2
L 08/12/2017 - 11:55:07: [umc-randomcycle.smx] Disabling random nextmap selection.
L 08/12/2017 - 11:55:07: [umc-core.smx] umc-emp-mapvote.smx: Changing map to 'emp_beachfront_b2' in 5 seconds.
L 08/12/2017 - 11:55:12: [umc-core.smx] ---------------------MAP CHANGE: emp_beachfront_b2---------------------
L 08/12/2017 - 11:55:12: [umc-endvote-warnings.smx] Successfully parsed and set up 11 vote warnings.
L 08/12/2017 - 11:55:12: [umc-playercountmonitor.smx] Min Players: 0, Max Players: 22
L 08/12/2017 - 11:55:12: [umc-playercountmonitor.smx] Server will begin watching for inproper number of players in 240 seconds.
L 08/12/2017 - 11:55:12: [umc-rockthevote.smx] RTV will be made available in 60 seconds.
L 08/12/2017 - 11:56:13: [umc-rockthevote.smx] RTV is now available.
L 08/12/2017 - 11:59:12: [umc-playercountmonitor.smx] Server is now watching for inproper number of players.
L 08/12/2017 - 15:30:31: [umc-core.smx] ---------------------MAP CHANGE: emp_king_r5_nosplt---------------------
L 08/12/2017 - 15:30:31: [umc-endvote-warnings.smx] Successfully parsed and set up 11 vote warnings.
L 08/12/2017 - 15:30:31: [umc-playercountmonitor.smx] Min Players: 40, Max Players: 64
L 08/12/2017 - 15:30:31: [umc-playercountmonitor.smx] Server will begin watching for inproper number of players in 240 seconds.
L 08/12/2017 - 15:30:31: [umc-rockthevote.smx] RTV will be made available in 60 seconds.
L 08/12/2017 - 15:31:32: [umc-rockthevote.smx] RTV is now available.
L 08/12/2017 - 15:31:46: [umc-nominate.smx] Mikleo wants to nominate a map.
L 08/12/2017 - 15:32:23: [umc-core.smx] ---------------------MAP CHANGE: emp_nuclear_b8u_xfix---------------------
L 08/12/2017 - 15:32:23: [umc-endvote-warnings.smx] Successfully parsed and set up 11 vote warnings.
L 08/12/2017 - 15:32:23: [umc-playercountmonitor.smx] Min Players: 4, Max Players: 20
L 08/12/2017 - 15:32:23: [umc-playercountmonitor.smx] Server will begin watching for inproper number of players in 240 seconds.
L 08/12/2017 - 15:32:23: [umc-rockthevote.smx] RTV will be made available in 60 seconds.
L 08/12/2017 - 15:33:24: [umc-rockthevote.smx] RTV is now available.
L 08/12/2017 - 15:36:23: [umc-playercountmonitor.smx] Server is now watching for inproper number of players.
L 08/12/2017 - 15:46:01: [umc-rockthevote.smx] Starting RTV.
L 08/12/2017 - 15:46:01: [umc-core.smx] Initiating Vote Type: Map
L 08/12/2017 - 15:46:06: [umc-core.smx] Setting nextmap to: emp_crossroads
L 08/12/2017 - 15:46:06: [umc-randomcycle.smx] Disabling random nextmap selection.
L 08/12/2017 - 15:46:06: [umc-core.smx] umc-rockthevote.smx: Changing map to 'emp_crossroads' in 5 seconds.
L 08/12/2017 - 15:46:06: [umc-core.smx] MAPVOTE: Players voted for map 'emp_crossroads' from group 'Commander Maps'
L 08/12/2017 - 15:46:12: [umc-core.smx] ---------------------MAP CHANGE: emp_crossroads---------------------
L 08/12/2017 - 15:46:12: [umc-endvote-warnings.smx] Successfully parsed and set up 11 vote warnings.
L 08/12/2017 - 15:46:12: [umc-playercountmonitor.smx] Min Players: 0, Max Players: 22
L 08/12/2017 - 15:46:12: [umc-playercountmonitor.smx] Server will begin watching for inproper number of players in 240 seconds.
L 08/12/2017 - 15:46:12: [umc-rockthevote.smx] RTV will be made available in 60 seconds.
L 08/12/2017 - 15:47:13: [umc-rockthevote.smx] RTV is now available.
L 08/12/2017 - 15:50:12: [umc-playercountmonitor.smx] Server is now watching for inproper number of players.
L 08/12/2017 - 15:55:53: [umc-core.smx] ---------------------MAP CHANGE: con_district402---------------------
L 08/12/2017 - 15:55:53: [umc-endvote-warnings.smx] Successfully parsed and set up 11 vote warnings.
L 08/12/2017 - 15:55:53: [umc-playercountmonitor.smx] Current Map Group could not be determined. (Non-UMC mapchange or plugin just loaded.)
L 08/12/2017 - 15:55:53: [umc-playercountmonitor.smx] Min Players: 0, Max Players: 64
L 08/12/2017 - 15:55:53: [umc-rockthevote.smx] RTV will be made available in 60 seconds.
L 08/12/2017 - 15:56:54: [umc-rockthevote.smx] RTV is now available.
L 08/12/2017 - 15:59:16: [umc-core.smx] ---------------------MAP CHANGE: emp_canyon---------------------
L 08/12/2017 - 15:59:16: [umc-endvote-warnings.smx] Successfully parsed and set up 11 vote warnings.
L 08/12/2017 - 15:59:16: [umc-playercountmonitor.smx] Min Players: 14, Max Players: 32
L 08/12/2017 - 15:59:16: [umc-playercountmonitor.smx] Server will begin watching for inproper number of players in 240 seconds.
L 08/12/2017 - 15:59:16: [umc-rockthevote.smx] RTV will be made available in 60 seconds.
L 08/12/2017 - 16:00:17: [umc-rockthevote.smx] RTV is now available.
L 08/12/2017 - 16:03:16: [umc-playercountmonitor.smx] Server is now watching for inproper number of players.
L 08/12/2017 - 16:14:48: [umc-core.smx] ---------------------MAP CHANGE: emp_canyon---------------------
L 08/12/2017 - 16:14:48: [umc-endvote-warnings.smx] Successfully parsed and set up 11 vote warnings.
L 08/12/2017 - 16:14:48: [umc-playercountmonitor.smx] Min Players: 14, Max Players: 32
L 08/12/2017 - 16:14:48: [umc-playercountmonitor.smx] Server will begin watching for inproper number of players in 240 seconds.
L 08/12/2017 - 16:14:48: [umc-rockthevote.smx] RTV will be made available in 60 seconds.
L 08/12/2017 - 16:15:49: [umc-rockthevote.smx] RTV is now available.
L 08/12/2017 - 16:16:23: [umc-core.smx] ---------------------MAP CHANGE: emp_canyon---------------------
L 08/12/2017 - 16:16:23: [umc-endvote-warnings.smx] Successfully parsed and set up 11 vote warnings.
L 08/12/2017 - 16:16:23: [umc-playercountmonitor.smx] Min Players: 14, Max Players: 32
L 08/12/2017 - 16:16:23: [umc-playercountmonitor.smx] Server will begin watching for inproper number of players in 240 seconds.
L 08/12/2017 - 16:16:23: [umc-rockthevote.smx] RTV will be made available in 60 seconds.
L 08/12/2017 - 16:17:19: [umc-emp-mapvote.smx] Map vote will appear in 30 seconds.
L 08/12/2017 - 16:17:24: [umc-rockthevote.smx] RTV is now available.
L 08/12/2017 - 16:17:49: [umc-emp-mapvote.smx] Starting a map vote.
L 08/12/2017 - 16:17:49: [umc-core.smx] Initiating Vote Type: Map
L 08/12/2017 - 16:18:19: [umc-emp-mapvote.smx] WARNING: Map Voting failure. Initiating random map fail-safe.
L 08/12/2017 - 16:18:19: [umc-core.smx] Setting nextmap to: emp_fogtown_cl2_fix
L 08/12/2017 - 16:18:19: [umc-randomcycle.smx] Disabling random nextmap selection.
L 08/12/2017 - 16:18:19: [umc-core.smx] umc-emp-mapvote.smx: Changing map to 'emp_fogtown_cl2_fix' in 5 seconds.
L 08/12/2017 - 16:18:25: [umc-core.smx] ---------------------MAP CHANGE: emp_fogtown_cl2_fix---------------------
L 08/12/2017 - 16:18:25: [umc-endvote-warnings.smx] Successfully parsed and set up 11 vote warnings.
L 08/12/2017 - 16:18:25: [umc-playercountmonitor.smx] Min Players: 0, Max Players: 20
L 08/12/2017 - 16:18:25: [umc-playercountmonitor.smx] Server will begin watching for inproper number of players in 240 seconds.
L 08/12/2017 - 16:18:25: [umc-rockthevote.smx] RTV will be made available in 60 seconds.
L 08/12/2017 - 16:19:26: [umc-rockthevote.smx] RTV is now available.
L 08/12/2017 - 16:22:25: [umc-playercountmonitor.smx] Server is now watching for inproper number of players.
L 08/12/2017 - 17:34:59: [umc-nominate.smx] Michael177 wants to nominate a map.
L 08/12/2017 - 17:35:08: [umc-nominate.smx] Michael177 has nominated 'con_glycencity' from group 'Infantry Maps'
L 08/12/2017 - 18:09:52: [umc-emp-mapvote.smx] Map vote will appear in 30 seconds.
L 08/12/2017 - 18:10:05: [umc-nominate.smx] matthewfolia wants to nominate a map.
L 08/12/2017 - 18:10:11: [umc-nominate.smx] matthewfolia has nominated 'emp_nuclear_b8u_xfix' from group 'Infantry Maps'
L 08/12/2017 - 18:10:22: [umc-emp-mapvote.smx] Starting a map vote.
L 08/12/2017 - 18:10:22: [umc-core.smx] Initiating Vote Type: Map
L 08/12/2017 - 18:10:53: [umc-core.smx] Setting nextmap to: emp_nuclear_b8u_xfix
L 08/12/2017 - 18:10:53: [umc-randomcycle.smx] Disabling random nextmap selection.
L 08/12/2017 - 18:10:53: [umc-core.smx] umc-emp-mapvote.smx: Changing map to 'emp_nuclear_b8u_xfix' in 5 seconds.
L 08/12/2017 - 18:10:53: [umc-core.smx] MAPVOTE: Players voted for map 'emp_nuclear_b8u_xfix' from group 'Infantry Maps'
L 08/12/2017 - 18:10:59: [umc-core.smx] ---------------------MAP CHANGE: emp_nuclear_b8u_xfix---------------------
L 08/12/2017 - 18:10:59: [umc-endvote-warnings.smx] Successfully parsed and set up 11 vote warnings.
L 08/12/2017 - 18:10:59: [umc-playercountmonitor.smx] Min Players: 4, Max Players: 20
L 08/12/2017 - 18:10:59: [umc-playercountmonitor.smx] Server will begin watching for inproper number of players in 240 seconds.
L 08/12/2017 - 18:10:59: [umc-rockthevote.smx] RTV will be made available in 60 seconds.
L 08/12/2017 - 18:12:00: [umc-rockthevote.smx] RTV is now available.
L 08/12/2017 - 18:14:59: [umc-playercountmonitor.smx] Server is now watching for inproper number of players.
L 08/12/2017 - 18:33:38: [umc-nominate.smx] Oktay wants to nominate a map.
L 08/12/2017 - 18:33:40: [umc-nominate.smx] Oktay has nominated 'emp_vehicletraining_2013' from group 'Infantry Maps'
L 08/12/2017 - 18:46:28: [umc-emp-mapvote.smx] Map vote will appear in 30 seconds.
L 08/12/2017 - 18:46:58: [umc-emp-mapvote.smx] Starting a map vote.
L 08/12/2017 - 18:46:58: [umc-core.smx] Initiating Vote Type: Map
L 08/12/2017 - 18:47:36: [umc-core.smx] RUNOFF: Starting runoff vote.
L 08/12/2017 - 18:47:36: [umc-core.smx] Initiating Vote Type: Map
L 08/12/2017 - 18:48:07: [umc-core.smx] Setting nextmap to: emp_vehicletraining_2013
L 08/12/2017 - 18:48:07: [umc-randomcycle.smx] Disabling random nextmap selection.
L 08/12/2017 - 18:48:07: [umc-core.smx] umc-emp-mapvote.smx: Changing map to 'emp_vehicletraining_2013' in 5 seconds.
L 08/12/2017 - 18:48:07: [umc-core.smx] MAPVOTE: Players voted for map 'emp_vehicletraining_2013' from group 'Infantry Maps'
L 08/12/2017 - 18:48:14: [umc-core.smx] ---------------------MAP CHANGE: emp_vehicletraining_2013---------------------
L 08/12/2017 - 18:48:14: [umc-endvote-warnings.smx] Successfully parsed and set up 11 vote warnings.
L 08/12/2017 - 18:48:14: [umc-playercountmonitor.smx] Min Players: 0, Max Players: 20
L 08/12/2017 - 18:48:14: [umc-playercountmonitor.smx] Server will begin watching for inproper number of players in 240 seconds.
L 08/12/2017 - 18:48:14: [umc-rockthevote.smx] RTV will be made available in 60 seconds.
L 08/12/2017 - 18:49:15: [umc-rockthevote.smx] RTV is now available.
L 08/12/2017 - 18:52:14: [umc-playercountmonitor.smx] Server is now watching for inproper number of players.
L 08/12/2017 - 19:14:35: [umc-emp-mapvote.smx] Map vote will appear in 30 seconds.
L 08/12/2017 - 19:14:49: [umc-nominate.smx] matthewfolia wants to nominate a map.
L 08/12/2017 - 19:15:00: [umc-nominate.smx] matthewfolia has nominated 'emp_crossroads' from group 'Commander Maps'
L 08/12/2017 - 19:15:05: [umc-emp-mapvote.smx] Starting a map vote.
L 08/12/2017 - 19:15:05: [umc-core.smx] Initiating Vote Type: Map
L 08/12/2017 - 19:15:44: [umc-core.smx] RUNOFF: Starting runoff vote.
L 08/12/2017 - 19:15:44: [umc-core.smx] Initiating Vote Type: Map
L 08/12/2017 - 19:16:14: [umc-core.smx] Setting nextmap to: emp_downfall
L 08/12/2017 - 19:16:14: [umc-randomcycle.smx] Disabling random nextmap selection.
L 08/12/2017 - 19:16:14: [umc-core.smx] umc-emp-mapvote.smx: Changing map to 'emp_downfall' in 5 seconds.
L 08/12/2017 - 19:16:14: [umc-core.smx] MAPVOTE: Players voted for map 'emp_downfall' from group 'Commander Maps'
L 08/12/2017 - 19:16:22: [umc-core.smx] ---------------------MAP CHANGE: emp_downfall---------------------
L 08/12/2017 - 19:16:22: [umc-endvote-warnings.smx] Successfully parsed and set up 11 vote warnings.
L 08/12/2017 - 19:16:22: [umc-playercountmonitor.smx] Min Players: 0, Max Players: 22
L 08/12/2017 - 19:16:22: [umc-playercountmonitor.smx] Server will begin watching for inproper number of players in 240 seconds.
L 08/12/2017 - 19:16:22: [umc-rockthevote.smx] RTV will be made available in 60 seconds.
L 08/12/2017 - 19:17:23: [umc-rockthevote.smx] RTV is now available.
L 08/12/2017 - 19:20:22: [umc-playercountmonitor.smx] Server is now watching for inproper number of players.
L 08/12/2017 - 19:52:00: [umc-core.smx] Setting nextmap to: emp_nuclear_b8u_xfix
L 08/12/2017 - 19:52:00: [umc-core.smx] Mapcycle handle is invalid. Map change reason: sm_setnextmap
L 08/12/2017 - 19:52:00: [umc-randomcycle.smx] Disabling random nextmap selection.
L 08/12/2017 - 19:52:00: [umc-core.smx] Mikleo<46><[U:1:376259319]><> changed nextmap to "emp_nuclear_b8u_xfix"
L 08/12/2017 - 19:52:37: [umc-emp-mapvote.smx] Map vote will appear in 30 seconds.
L 08/12/2017 - 19:53:07: [umc-emp-mapvote.smx] Starting a map vote.
L 08/12/2017 - 19:53:07: [umc-emp-mapvote.smx] ERROR: Failed to set the value of mp_chattime. The map could change before the end of map voting finishes.
L 08/12/2017 - 19:53:07: [umc-core.smx] Initiating Vote Type: Map
L 08/12/2017 - 19:53:08: [umc-emp-mapvote.smx] WARNING: Map Voting failure. Initiating random map fail-safe.
L 08/12/2017 - 19:53:08: [umc-core.smx] Setting nextmap to: emp_temple_b3a
L 08/12/2017 - 19:53:08: [umc-randomcycle.smx] Disabling random nextmap selection.
L 08/12/2017 - 19:53:08: [umc-core.smx] umc-emp-mapvote.smx: Changing map to 'emp_temple_b3a' in 5 seconds.
L 08/12/2017 - 19:53:17: [umc-core.smx] ---------------------MAP CHANGE: emp_temple_b3a---------------------
L 08/12/2017 - 19:53:17: [umc-endvote-warnings.smx] Successfully parsed and set up 11 vote warnings.
L 08/12/2017 - 19:53:17: [umc-playercountmonitor.smx] Min Players: 14, Max Players: 32
L 08/12/2017 - 19:53:17: [umc-playercountmonitor.smx] Server will begin watching for inproper number of players in 240 seconds.
L 08/12/2017 - 19:53:17: [umc-rockthevote.smx] RTV will be made available in 60 seconds.
L 08/12/2017 - 19:53:43: [umc-core.smx] ---------------------MAP CHANGE: emp_nuclear_b8u_xfix---------------------
L 08/12/2017 - 19:53:43: [umc-endvote-warnings.smx] Successfully parsed and set up 11 vote warnings.
L 08/12/2017 - 19:53:43: [umc-playercountmonitor.smx] Min Players: 4, Max Players: 20
L 08/12/2017 - 19:53:43: [umc-playercountmonitor.smx] Server will begin watching for inproper number of players in 240 seconds.
L 08/12/2017 - 19:53:43: [umc-rockthevote.smx] RTV will be made available in 60 seconds.
L 08/12/2017 - 19:54:44: [umc-rockthevote.smx] RTV is now available.
L 08/12/2017 - 19:54:49: [umc-nominate.smx] ClerkOfDerp wants to nominate a map.
L 08/12/2017 - 19:54:52: [umc-nominate.smx] ClerkOfDerp has nominated 'emp_canyon' from group 'Commander Maps'
L 08/12/2017 - 19:55:16: [umc-nominate.smx] Icon wants to nominate a map.
L 08/12/2017 - 19:55:33: [umc-nominate.smx] Icon has nominated 'emp_blah4' from group 'Commander Maps'
L 08/12/2017 - 19:55:35: [umc-rockthevote.smx] Starting RTV.
L 08/12/2017 - 19:55:35: [umc-core.smx] Initiating Vote Type: Map
L 08/12/2017 - 19:56:43: [umc-core.smx] RUNOFF: Starting runoff vote.
L 08/12/2017 - 19:56:43: [umc-core.smx] Initiating Vote Type: Map
L 08/12/2017 - 19:57:43: [umc-playercountmonitor.smx] Server is now watching for inproper number of players.
L 08/12/2017 - 19:57:44: [umc-core.smx] Setting nextmap to: emp_canyon
L 08/12/2017 - 19:57:44: [umc-randomcycle.smx] Disabling random nextmap selection.
L 08/12/2017 - 19:57:44: [umc-core.smx] umc-rockthevote.smx: Changing map to 'emp_canyon' in 5 seconds.
L 08/12/2017 - 19:57:44: [umc-core.smx] MAPVOTE: Players voted for map 'emp_canyon' from group 'Commander Maps'
L 08/12/2017 - 19:57:53: [umc-core.smx] ---------------------MAP CHANGE: emp_canyon---------------------
L 08/12/2017 - 19:57:53: [umc-endvote-warnings.smx] Successfully parsed and set up 11 vote warnings.
L 08/12/2017 - 19:57:53: [umc-playercountmonitor.smx] Min Players: 14, Max Players: 32
L 08/12/2017 - 19:57:53: [umc-playercountmonitor.smx] Server will begin watching for inproper number of players in 240 seconds.
L 08/12/2017 - 19:57:53: [umc-rockthevote.smx] RTV will be made available in 60 seconds.
L 08/12/2017 - 19:58:21: [umc-nominate.smx] CrazyMRANZ wants to nominate a map.
L 08/12/2017 - 19:58:30: [umc-nominate.smx] CrazyMRANZ has nominated 'emp_blah4' from group 'Commander Maps'
L 08/12/2017 - 19:58:35: [umc-nominate.smx] CrazyMRANZ wants to nominate a map.
L 08/12/2017 - 19:58:42: [umc-nominate.smx] CrazyMRANZ has nominated 'con_urbanchaos_fix' from group 'Infantry Maps'
L 08/12/2017 - 19:58:43: [umc-nominate.smx] Satan <3 wants to nominate a map.
L 08/12/2017 - 19:58:50: [umc-nominate.smx] Satan <3 has nominated 'emp_beachfront_b2' from group 'Commander Maps'
L 08/12/2017 - 19:58:54: [umc-rockthevote.smx] RTV is now available.
L 08/12/2017 - 19:59:05: [umc-nominate.smx] CrazyMRANZ wants to nominate a map.
L 08/12/2017 - 19:59:11: [umc-nominate.smx] CrazyMRANZ has nominated 'emp_blast_ob1' from group 'Infantry Maps'
L 08/12/2017 - 19:59:40: [umc-nominate.smx] ClerkOfDerp wants to nominate a map.
L 08/12/2017 - 19:59:59: [umc-nominate.smx] ClerkOfDerp has nominated 'con_urbanchaos_fix' from group 'Infantry Maps'
L 08/12/2017 - 20:00:04: [umc-nominate.smx] Oktay wants to nominate a map.
L 08/12/2017 - 20:00:14: [umc-nominate.smx] matthewfolia wants to nominate a map.
L 08/12/2017 - 20:00:41: [umc-nominate.smx] matthewfolia has nominated 'emp_massacred_rc1' from group 'Commander Maps'
L 08/12/2017 - 20:01:53: [umc-playercountmonitor.smx] Server is now watching for inproper number of players.
L 08/12/2017 - 21:03:00: [umc-nominate.smx] Michael177 wants to nominate a map.
L 08/12/2017 - 21:03:04: [umc-nominate.smx] Michael177 has nominated 'emp_atomic_rc6' from group 'Infantry Maps'
L 08/12/2017 - 21:05:14: [umc-emp-mapvote.smx] Map vote will appear in 30 seconds.
L 08/12/2017 - 21:05:52: [umc-core.smx] ---------------------MAP CHANGE: emp_raiders_b1---------------------
L 08/12/2017 - 21:05:52: [umc-endvote-warnings.smx] Successfully parsed and set up 11 vote warnings.
L 08/12/2017 - 21:05:52: [umc-playercountmonitor.smx] Min Players: 32, Max Players: 64
L 08/12/2017 - 21:05:52: [umc-playercountmonitor.smx] Server will begin watching for inproper number of players in 240 seconds.
L 08/12/2017 - 21:05:52: [umc-rockthevote.smx] RTV will be made available in 60 seconds.
L 08/12/2017 - 21:05:52: [umc-emp-mapvote.smx] Starting a map vote.
L 08/12/2017 - 21:05:52: [umc-core.smx] Initiating Vote Type: Map
L 08/12/2017 - 21:05:52: [umc-core.smx] Could not start core vote, no players to display vote to!
L 08/12/2017 - 21:05:52: [umc-emp-mapvote.smx] Could not start UMC vote.
L 08/12/2017 - 21:05:52: [umc-emp-mapvote.smx] WARNING: Map Voting failure. Initiating random map fail-safe.
L 08/12/2017 - 21:05:52: [umc-core.smx] Setting nextmap to: con_glycencity
L 08/12/2017 - 21:05:52: [umc-randomcycle.smx] Disabling random nextmap selection.
L 08/12/2017 - 21:05:52: [umc-core.smx] umc-emp-mapvote.smx: Changing map to 'con_glycencity' in 5 seconds.
L 08/12/2017 - 21:05:59: [umc-core.smx] ---------------------MAP CHANGE: con_glycencity---------------------
L 08/12/2017 - 21:05:59: [umc-endvote-warnings.smx] Successfully parsed and set up 11 vote warnings.
L 08/12/2017 - 21:05:59: [umc-playercountmonitor.smx] Min Players: 0, Max Players: 20
L 08/12/2017 - 21:05:59: [umc-playercountmonitor.smx] Server will begin watching for inproper number of players in 240 seconds.
L 08/12/2017 - 21:05:59: [umc-rockthevote.smx] RTV will be made available in 60 seconds.
L 08/12/2017 - 21:06:16: [umc-nominate.smx] JK wants to nominate a map.
L 08/12/2017 - 21:06:25: [umc-nominate.smx] ClerkOfDerp wants to nominate a map.
L 08/12/2017 - 21:06:32: [umc-core.smx] ---------------------MAP CHANGE: emp_raiders_b1---------------------
L 08/12/2017 - 21:06:32: [umc-endvote-warnings.smx] Successfully parsed and set up 11 vote warnings.
L 08/12/2017 - 21:06:32: [umc-playercountmonitor.smx] Min Players: 32, Max Players: 64
L 08/12/2017 - 21:06:32: [umc-playercountmonitor.smx] Server will begin watching for inproper number of players in 240 seconds.
L 08/12/2017 - 21:06:32: [umc-rockthevote.smx] RTV will be made available in 60 seconds.
L 08/12/2017 - 21:07:33: [umc-rockthevote.smx] RTV is now available.
L 08/12/2017 - 21:10:32: [umc-playercountmonitor.smx] Server is now watching for inproper number of players.
L 08/12/2017 - 21:31:33: [umc-emp-mapvote.smx] Map vote will appear in 30 seconds.
L 08/12/2017 - 21:32:03: [umc-emp-mapvote.smx] Starting a map vote.
L 08/12/2017 - 21:32:03: [umc-core.smx] Initiating Vote Type: Map
L 08/12/2017 - 21:32:22: [umc-emp-mapvote.smx] WARNING: Map Voting failure. Initiating random map fail-safe.
L 08/12/2017 - 21:32:22: [umc-core.smx] Setting nextmap to: emp_vehicletraining_2013
L 08/12/2017 - 21:32:22: [umc-randomcycle.smx] Disabling random nextmap selection.
L 08/12/2017 - 21:32:22: [umc-core.smx] umc-emp-mapvote.smx: Changing map to 'emp_vehicletraining_2013' in 5 seconds.
L 08/12/2017 - 21:32:32: [umc-core.smx] ---------------------MAP CHANGE: emp_king_r5_nosplt---------------------
L 08/12/2017 - 21:32:32: [umc-endvote-warnings.smx] Successfully parsed and set up 11 vote warnings.
L 08/12/2017 - 21:32:32: [umc-playercountmonitor.smx] Current Map Group could not be determined. (Non-UMC mapchange or plugin just loaded.)
L 08/12/2017 - 21:32:32: [umc-playercountmonitor.smx] Min Players: 0, Max Players: 65
L 08/12/2017 - 21:32:32: [umc-rockthevote.smx] RTV will be made available in 60 seconds.
L 08/12/2017 - 21:33:33: [umc-rockthevote.smx] RTV is now available.
L 08/12/2017 - 21:38:38: [umc-nominate.smx] Michael177 wants to nominate a map.
L 08/12/2017 - 21:38:40: [umc-nominate.smx] Michael177 has nominated 'emp_atomic_rc6' from group 'Infantry Maps'
L 08/12/2017 - 21:52:47: [umc-emp-mapvote.smx] Map vote will appear in 30 seconds.
L 08/12/2017 - 21:53:17: [umc-emp-mapvote.smx] Starting a map vote.
L 08/12/2017 - 21:53:17: [umc-core.smx] Initiating Vote Type: Map
L 08/12/2017 - 21:53:43: [umc-core.smx] Setting nextmap to: emp_mvalley
L 08/12/2017 - 21:53:43: [umc-randomcycle.smx] Disabling random nextmap selection.
L 08/12/2017 - 21:53:43: [umc-core.smx] umc-emp-mapvote.smx: Changing map to 'emp_mvalley' in 5 seconds.
L 08/12/2017 - 21:53:43: [umc-core.smx] MAPVOTE: Players voted for map 'emp_mvalley' from group 'Commander Maps'
L 08/12/2017 - 21:53:51: [umc-core.smx] ---------------------MAP CHANGE: emp_cyclopean---------------------
L 08/12/2017 - 21:53:51: [umc-endvote-warnings.smx] Successfully parsed and set up 11 vote warnings.
L 08/12/2017 - 21:53:51: [umc-playercountmonitor.smx] Min Players: 32, Max Players: 64
L 08/12/2017 - 21:53:51: [umc-playercountmonitor.smx] Server will begin watching for inproper number of players in 240 seconds.
L 08/12/2017 - 21:53:51: [umc-rockthevote.smx] RTV will be made available in 60 seconds.
L 08/12/2017 - 21:54:52: [umc-rockthevote.smx] RTV is now available.
L 08/12/2017 - 21:57:51: [umc-playercountmonitor.smx] Server is now watching for inproper number of players.
L 08/12/2017 - 22:55:11: [umc-emp-mapvote.smx] Map vote will appear in 30 seconds.
L 08/12/2017 - 22:55:41: [umc-emp-mapvote.smx] Starting a map vote.
L 08/12/2017 - 22:55:41: [umc-core.smx] Initiating Vote Type: Map
L 08/12/2017 - 22:56:20: [umc-core.smx] RUNOFF: Starting runoff vote.
L 08/12/2017 - 22:56:20: [umc-core.smx] Initiating Vote Type: Map
L 08/12/2017 - 22:56:50: [umc-core.smx] Setting nextmap to: emp_mvalley
L 08/12/2017 - 22:56:50: [umc-randomcycle.smx] Disabling random nextmap selection.
L 08/12/2017 - 22:56:50: [umc-core.smx] umc-emp-mapvote.smx: Changing map to 'emp_mvalley' in 5 seconds.
L 08/12/2017 - 22:56:50: [umc-core.smx] MAPVOTE: Players voted for map 'emp_mvalley' from group 'Commander Maps'
L 08/12/2017 - 22:56:56: [umc-core.smx] ---------------------MAP CHANGE: emp_mvalley---------------------
L 08/12/2017 - 22:56:56: [umc-endvote-warnings.smx] Successfully parsed and set up 11 vote warnings.
L 08/12/2017 - 22:56:56: [umc-playercountmonitor.smx] Min Players: 20, Max Players: 64
L 08/12/2017 - 22:56:56: [umc-playercountmonitor.smx] Server will begin watching for inproper number of players in 240 seconds.
L 08/12/2017 - 22:56:56: [umc-rockthevote.smx] RTV will be made available in 60 seconds.
L 08/12/2017 - 22:57:57: [umc-rockthevote.smx] RTV is now available.
L 08/12/2017 - 23:00:56: [umc-playercountmonitor.smx] Server is now watching for inproper number of players.
L 08/12/2017 - 23:11:19: [umc-emp-mapvote.smx] Map vote will appear in 30 seconds.
L 08/12/2017 - 23:11:37: [umc-nominate.smx] .|Ϟ|. Quigon wants to nominate a map.
L 08/12/2017 - 23:11:42: [umc-nominate.smx] .|Ϟ|. Quigon has nominated 'emp_coast_fix' from group 'Commander Maps'
L 08/12/2017 - 23:11:49: [umc-emp-mapvote.smx] Starting a map vote.
L 08/12/2017 - 23:11:49: [umc-core.smx] Initiating Vote Type: Map
L 08/12/2017 - 23:12:28: [umc-core.smx] RUNOFF: Starting runoff vote.
L 08/12/2017 - 23:12:28: [umc-core.smx] Initiating Vote Type: Map
L 08/12/2017 - 23:12:59: [umc-core.smx] Setting nextmap to: emp_palmbay_fix
L 08/12/2017 - 23:12:59: [umc-randomcycle.smx] Disabling random nextmap selection.
L 08/12/2017 - 23:12:59: [umc-core.smx] umc-emp-mapvote.smx: Changing map to 'emp_palmbay_fix' in 5 seconds.
L 08/12/2017 - 23:12:59: [umc-core.smx] MAPVOTE: Players voted for map 'emp_palmbay_fix' from group 'Commander Maps'
L 08/12/2017 - 23:13:05: [umc-core.smx] ---------------------MAP CHANGE: emp_palmbay_fix---------------------
L 08/12/2017 - 23:13:05: [umc-endvote-warnings.smx] Successfully parsed and set up 11 vote warnings.
L 08/12/2017 - 23:13:05: [umc-playercountmonitor.smx] Min Players: 20, Max Players: 32
L 08/12/2017 - 23:13:05: [umc-playercountmonitor.smx] Server will begin watching for inproper number of players in 240 seconds.
L 08/12/2017 - 23:13:05: [umc-rockthevote.smx] RTV will be made available in 60 seconds.
L 08/12/2017 - 23:14:06: [umc-rockthevote.smx] RTV is now available.
L 08/12/2017 - 23:17:05: [umc-playercountmonitor.smx] Server is now watching for inproper number of players.
L 08/12/2017 - 23:25:17: [umc-emp-mapvote.smx] Map vote will appear in 30 seconds.
L 08/12/2017 - 23:25:47: [umc-emp-mapvote.smx] Starting a map vote.
L 08/12/2017 - 23:25:47: [umc-core.smx] Initiating Vote Type: Map
L 08/12/2017 - 23:26:26: [umc-core.smx] RUNOFF: Starting runoff vote.
L 08/12/2017 - 23:26:26: [umc-core.smx] Initiating Vote Type: Map
L 08/12/2017 - 23:26:56: [umc-core.smx] Setting nextmap to: emp_downfall
L 08/12/2017 - 23:26:56: [umc-randomcycle.smx] Disabling random nextmap selection.
L 08/12/2017 - 23:26:56: [umc-core.smx] umc-emp-mapvote.smx: Changing map to 'emp_downfall' in 5 seconds.
L 08/12/2017 - 23:26:56: [umc-core.smx] MAPVOTE: Players voted for map 'emp_downfall' from group 'Commander Maps'
L 08/12/2017 - 23:27:02: [umc-core.smx] ---------------------MAP CHANGE: emp_downfall---------------------
L 08/12/2017 - 23:27:02: [umc-endvote-warnings.smx] Successfully parsed and set up 11 vote warnings.
L 08/12/2017 - 23:27:02: [umc-playercountmonitor.smx] Min Players: 0, Max Players: 22
L 08/12/2017 - 23:27:02: [umc-playercountmonitor.smx] Server will begin watching for inproper number of players in 240 seconds.
L 08/12/2017 - 23:27:02: [umc-rockthevote.smx] RTV will be made available in 60 seconds.
L 08/12/2017 - 23:27:40: [umc-nominate.smx] ClerkOfDerp wants to nominate a map.
L 08/12/2017 - 23:27:53: [umc-nominate.smx] ClerkOfDerp has nominated 'con_urbanchaos_fix' from group 'Infantry Maps'
L 08/12/2017 - 23:28:03: [umc-rockthevote.smx] RTV is now available.
L 08/12/2017 - 23:31:02: [umc-playercountmonitor.smx] Server is now watching for inproper number of players.
L 08/12/2017 - 23:39:49: [umc-emp-mapvote.smx] Map vote will appear in 30 seconds.
L 08/12/2017 - 23:39:57: [umc-nominate.smx] Sir.KillALot wants to nominate a map.
L 08/12/2017 - 23:40:12: [umc-nominate.smx] Sir.KillALot has nominated 'emp_crossroads' from group 'Commander Maps'
L 08/12/2017 - 23:40:19: [umc-emp-mapvote.smx] Starting a map vote.
L 08/12/2017 - 23:40:19: [umc-core.smx] Initiating Vote Type: Map
L 08/12/2017 - 23:40:49: [umc-core.smx] Setting nextmap to: emp_fogtown_cl2_fix
L 08/12/2017 - 23:40:49: [umc-randomcycle.smx] Disabling random nextmap selection.
L 08/12/2017 - 23:40:49: [umc-core.smx] umc-emp-mapvote.smx: Changing map to 'emp_fogtown_cl2_fix' in 5 seconds.
L 08/12/2017 - 23:40:49: [umc-core.smx] MAPVOTE: Players voted for map 'emp_fogtown_cl2_fix' from group 'Infantry Maps'
L 08/12/2017 - 23:40:55: [umc-core.smx] ---------------------MAP CHANGE: emp_fogtown_cl2_fix---------------------
L 08/12/2017 - 23:40:56: [umc-endvote-warnings.smx] Successfully parsed and set up 11 vote warnings.
L 08/12/2017 - 23:40:56: [umc-playercountmonitor.smx] Min Players: 0, Max Players: 20
L 08/12/2017 - 23:40:56: [umc-playercountmonitor.smx] Server will begin watching for inproper number of players in 240 seconds.
L 08/12/2017 - 23:40:56: [umc-rockthevote.smx] RTV will be made available in 60 seconds.
L 08/12/2017 - 23:41:57: [umc-rockthevote.smx] RTV is now available.
L 08/12/2017 - 23:44:56: [umc-playercountmonitor.smx] Server is now watching for inproper number of players.
