L 10/01/2017 - 00:01:11: [umc-nominate.smx] Neoony wants to nominate a map.
L 10/01/2017 - 00:01:21: [umc-nominate.smx] Neoony has nominated 'emp_coast' from group 'Commander Maps'
L 10/01/2017 - 00:05:21: [umc-emp-mapvote.smx] Map vote will appear in 30 seconds.
L 10/01/2017 - 00:05:51: [umc-emp-mapvote.smx] Starting a map vote.
L 10/01/2017 - 00:05:51: [umc-core.smx] Initiating Vote Type: Map
L 10/01/2017 - 00:06:22: [umc-core.smx] Setting nextmap to: emp_coast
L 10/01/2017 - 00:06:22: [umc-randomcycle.smx] Disabling random nextmap selection.
L 10/01/2017 - 00:06:22: [umc-core.smx] umc-emp-mapvote.smx: Changing map to 'emp_coast' in 5 seconds.
L 10/01/2017 - 00:06:22: [umc-core.smx] MAPVOTE: Players voted for map 'emp_coast' from group 'Commander Maps'
L 10/01/2017 - 00:06:28: [umc-core.smx] ---------------------MAP CHANGE: emp_coast---------------------
L 10/01/2017 - 00:06:28: [umc-endvote-warnings.smx] Successfully parsed and set up 11 vote warnings.
L 10/01/2017 - 00:06:28: [umc-playercountmonitor.smx] Min Players: 20, Max Players: 42
L 10/01/2017 - 00:06:28: [umc-playercountmonitor.smx] Server will begin watching for inproper number of players in 240 seconds.
L 10/01/2017 - 00:06:28: [umc-rockthevote.smx] RTV will be made available in 60 seconds.
L 10/01/2017 - 00:07:29: [umc-rockthevote.smx] RTV is now available.
L 10/01/2017 - 00:10:28: [umc-playercountmonitor.smx] Server is now watching for inproper number of players.
L 10/01/2017 - 00:20:36: [umc-emp-mapvote.smx] Map vote will appear in 30 seconds.
L 10/01/2017 - 00:20:39: [umc-nominate.smx] Blood-Wiper wants to nominate a map.
L 10/01/2017 - 00:21:06: [umc-emp-mapvote.smx] Starting a map vote.
L 10/01/2017 - 00:21:06: [umc-core.smx] Initiating Vote Type: Map
L 10/01/2017 - 00:21:45: [umc-core.smx] RUNOFF: Starting runoff vote.
L 10/01/2017 - 00:21:45: [umc-core.smx] Initiating Vote Type: Map
L 10/01/2017 - 00:22:15: [umc-core.smx] Setting nextmap to: emp_snowbound_cl6
L 10/01/2017 - 00:22:15: [umc-randomcycle.smx] Disabling random nextmap selection.
L 10/01/2017 - 00:22:15: [umc-core.smx] umc-emp-mapvote.smx: Changing map to 'emp_snowbound_cl6' in 5 seconds.
L 10/01/2017 - 00:22:15: [umc-core.smx] MAPVOTE: Players voted for map 'emp_snowbound_cl6' from group 'Commander Maps'
L 10/01/2017 - 00:22:21: [umc-core.smx] ---------------------MAP CHANGE: emp_snowbound_cl6---------------------
L 10/01/2017 - 00:22:21: [umc-endvote-warnings.smx] Successfully parsed and set up 11 vote warnings.
L 10/01/2017 - 00:22:21: [umc-playercountmonitor.smx] Min Players: 20, Max Players: 42
L 10/01/2017 - 00:22:21: [umc-playercountmonitor.smx] Server will begin watching for inproper number of players in 240 seconds.
L 10/01/2017 - 00:22:21: [umc-rockthevote.smx] RTV will be made available in 60 seconds.
L 10/01/2017 - 00:23:22: [umc-rockthevote.smx] RTV is now available.
L 10/01/2017 - 00:23:47: [umc-core.smx] Initiating Vote Type: Map
L 10/01/2017 - 00:24:40: [umc-core.smx] RUNOFF: Starting runoff vote.
L 10/01/2017 - 00:24:40: [umc-core.smx] Initiating Vote Type: Map
L 10/01/2017 - 00:25:18: [umc-nominate.smx] ‡|JPL|‡ complete_lamer wants to nominate a map.
L 10/01/2017 - 00:25:26: [umc-core.smx] Setting nextmap to: emp_mesa_d6
L 10/01/2017 - 00:25:26: [umc-randomcycle.smx] Disabling random nextmap selection.
L 10/01/2017 - 00:25:26: [umc-core.smx] umc-votecommand.smx: Changing map to 'emp_mesa_d6' in 5 seconds.
L 10/01/2017 - 00:25:26: [umc-core.smx] MAPVOTE: Players voted for map 'emp_mesa_d6' from group 'Commander Maps'
L 10/01/2017 - 00:25:31: [umc-rockthevote.smx] Starting RTV.
L 10/01/2017 - 00:25:32: [umc-core.smx] ---------------------MAP CHANGE: emp_mesa_d6---------------------
L 10/01/2017 - 00:25:32: [umc-endvote-warnings.smx] Successfully parsed and set up 11 vote warnings.
L 10/01/2017 - 00:25:32: [umc-playercountmonitor.smx] Min Players: 20, Max Players: 42
L 10/01/2017 - 00:25:32: [umc-playercountmonitor.smx] Server will begin watching for inproper number of players in 240 seconds.
L 10/01/2017 - 00:25:32: [umc-rockthevote.smx] RTV will be made available in 60 seconds.
L 10/01/2017 - 00:25:49: [umc-nominate.smx] ‡|JPL|‡ complete_lamer wants to nominate a map.
L 10/01/2017 - 00:26:33: [umc-rockthevote.smx] RTV is now available.
L 10/01/2017 - 00:26:46: [umc-nominate.smx] xsEgo wants to nominate a map.
L 10/01/2017 - 00:27:09: [umc-nominate.smx] xsEgo has nominated 'emp_blah4' from group 'Commander Maps'
L 10/01/2017 - 00:27:59: [umc-nominate.smx] Preacher Deacon Elitist wants to nominate a map.
L 10/01/2017 - 00:28:16: [umc-nominate.smx] Oktay wants to nominate a map.
L 10/01/2017 - 00:28:27: [umc-nominate.smx] Oktay has nominated 'emp_silo_rc5' from group 'Commander Maps'
L 10/01/2017 - 00:29:32: [umc-playercountmonitor.smx] Server is now watching for inproper number of players.
L 10/01/2017 - 01:13:31: [umc-nominate.smx] Neoony wants to nominate a map.
L 10/01/2017 - 01:13:38: [umc-nominate.smx] Neoony has nominated 'emp_canyon' from group 'Commander Maps'
L 10/01/2017 - 01:25:35: [umc-emp-mapvote.smx] Map vote will appear in 30 seconds.
L 10/01/2017 - 01:25:38: [umc-nominate.smx] Blood-Wiper wants to nominate a map.
L 10/01/2017 - 01:25:42: [umc-nominate.smx] Blood-Wiper has nominated 'emp_homeland_b9' from group 'Commander Maps'
L 10/01/2017 - 01:26:05: [umc-emp-mapvote.smx] Starting a map vote.
L 10/01/2017 - 01:26:05: [umc-core.smx] Initiating Vote Type: Map
L 10/01/2017 - 01:26:35: [umc-core.smx] Setting nextmap to: emp_canyon
L 10/01/2017 - 01:26:35: [umc-randomcycle.smx] Disabling random nextmap selection.
L 10/01/2017 - 01:26:35: [umc-core.smx] umc-emp-mapvote.smx: Changing map to 'emp_canyon' in 5 seconds.
L 10/01/2017 - 01:26:35: [umc-core.smx] MAPVOTE: Players voted for map 'emp_canyon' from group 'Commander Maps'
L 10/01/2017 - 01:26:41: [umc-core.smx] ---------------------MAP CHANGE: emp_canyon---------------------
L 10/01/2017 - 01:26:41: [umc-endvote-warnings.smx] Successfully parsed and set up 11 vote warnings.
L 10/01/2017 - 01:26:41: [umc-playercountmonitor.smx] Min Players: 14, Max Players: 32
L 10/01/2017 - 01:26:41: [umc-playercountmonitor.smx] Server will begin watching for inproper number of players in 240 seconds.
L 10/01/2017 - 01:26:41: [umc-rockthevote.smx] RTV will be made available in 60 seconds.
L 10/01/2017 - 01:27:42: [umc-rockthevote.smx] RTV is now available.
L 10/01/2017 - 01:30:41: [umc-playercountmonitor.smx] Server is now watching for inproper number of players.
L 10/01/2017 - 01:51:21: [umc-nominate.smx] Blood-Wiper wants to nominate a map.
L 10/01/2017 - 01:51:29: [umc-nominate.smx] Blood-Wiper has nominated 'emp_crossroads' from group 'Commander Maps'
L 10/01/2017 - 01:59:35: [umc-emp-mapvote.smx] Map vote will appear in 30 seconds.
L 10/01/2017 - 02:00:05: [umc-emp-mapvote.smx] Starting a map vote.
L 10/01/2017 - 02:00:05: [umc-core.smx] Initiating Vote Type: Map
L 10/01/2017 - 02:00:44: [umc-core.smx] RUNOFF: Starting runoff vote.
L 10/01/2017 - 02:00:44: [umc-core.smx] Initiating Vote Type: Map
L 10/01/2017 - 02:01:14: [umc-core.smx] Setting nextmap to: emp_crossroads
L 10/01/2017 - 02:01:14: [umc-randomcycle.smx] Disabling random nextmap selection.
L 10/01/2017 - 02:01:14: [umc-core.smx] umc-emp-mapvote.smx: Changing map to 'emp_crossroads' in 5 seconds.
L 10/01/2017 - 02:01:14: [umc-core.smx] MAPVOTE: Players voted for map 'emp_crossroads' from group 'Commander Maps'
L 10/01/2017 - 02:01:27: [umc-core.smx] ---------------------MAP CHANGE: emp_crossroads---------------------
L 10/01/2017 - 02:01:27: [umc-endvote-warnings.smx] Successfully parsed and set up 11 vote warnings.
L 10/01/2017 - 02:01:27: [umc-playercountmonitor.smx] Min Players: 0, Max Players: 22
L 10/01/2017 - 02:01:27: [umc-playercountmonitor.smx] Server will begin watching for inproper number of players in 240 seconds.
L 10/01/2017 - 02:01:27: [umc-rockthevote.smx] RTV will be made available in 60 seconds.
L 10/01/2017 - 02:02:28: [umc-rockthevote.smx] RTV is now available.
L 10/01/2017 - 02:05:27: [umc-playercountmonitor.smx] Server is now watching for inproper number of players.
L 10/01/2017 - 02:38:52: [umc-nominate.smx] Blood-Wiper wants to nominate a map.
L 10/01/2017 - 02:47:28: [umc-emp-mapvote.smx] Map vote will appear in 30 seconds.
L 10/01/2017 - 02:47:58: [umc-emp-mapvote.smx] Starting a map vote.
L 10/01/2017 - 02:47:59: [umc-core.smx] Initiating Vote Type: Map
L 10/01/2017 - 02:48:29: [umc-core.smx] Setting nextmap to: emp_drygulch_a6
L 10/01/2017 - 02:48:29: [umc-randomcycle.smx] Disabling random nextmap selection.
L 10/01/2017 - 02:48:29: [umc-core.smx] umc-emp-mapvote.smx: Changing map to 'emp_drygulch_a6' in 5 seconds.
L 10/01/2017 - 02:48:29: [umc-core.smx] MAPVOTE: Players voted for map 'emp_drygulch_a6' from group 'Commander Maps'
L 10/01/2017 - 02:48:35: [umc-core.smx] ---------------------MAP CHANGE: emp_drygulch_a6---------------------
L 10/01/2017 - 02:48:35: [umc-endvote-warnings.smx] Successfully parsed and set up 11 vote warnings.
L 10/01/2017 - 02:48:35: [umc-playercountmonitor.smx] Min Players: 0, Max Players: 22
L 10/01/2017 - 02:48:35: [umc-playercountmonitor.smx] Server will begin watching for inproper number of players in 240 seconds.
L 10/01/2017 - 02:48:35: [umc-rockthevote.smx] RTV will be made available in 60 seconds.
L 10/01/2017 - 02:49:36: [umc-rockthevote.smx] RTV is now available.
L 10/01/2017 - 02:52:35: [umc-playercountmonitor.smx] Server is now watching for inproper number of players.
L 10/01/2017 - 03:58:29: [umc-emp-mapvote.smx] Map vote will appear in 30 seconds.
L 10/01/2017 - 03:58:59: [umc-emp-mapvote.smx] Starting a map vote.
L 10/01/2017 - 03:58:59: [umc-core.smx] Initiating Vote Type: Map
L 10/01/2017 - 03:59:30: [umc-core.smx] Setting nextmap to: emp_vehicletraining_2013
L 10/01/2017 - 03:59:30: [umc-randomcycle.smx] Disabling random nextmap selection.
L 10/01/2017 - 03:59:30: [umc-core.smx] umc-emp-mapvote.smx: Changing map to 'emp_vehicletraining_2013' in 5 seconds.
L 10/01/2017 - 03:59:30: [umc-core.smx] MAPVOTE: Players voted for map 'emp_vehicletraining_2013' from group 'Infantry Maps'
L 10/01/2017 - 03:59:36: [umc-core.smx] ---------------------MAP CHANGE: emp_vehicletraining_2013---------------------
L 10/01/2017 - 03:59:36: [umc-endvote-warnings.smx] Successfully parsed and set up 11 vote warnings.
L 10/01/2017 - 03:59:36: [umc-playercountmonitor.smx] Min Players: 0, Max Players: 20
L 10/01/2017 - 03:59:36: [umc-playercountmonitor.smx] Server will begin watching for inproper number of players in 240 seconds.
L 10/01/2017 - 03:59:36: [umc-rockthevote.smx] RTV will be made available in 60 seconds.
L 10/01/2017 - 04:00:37: [umc-rockthevote.smx] RTV is now available.
L 10/01/2017 - 04:03:36: [umc-playercountmonitor.smx] Server is now watching for inproper number of players.
L 10/01/2017 - 04:34:14: [umc-emp-mapvote.smx] Map vote will appear in 30 seconds.
L 10/01/2017 - 04:34:44: [umc-emp-mapvote.smx] Starting a map vote.
L 10/01/2017 - 04:34:44: [umc-core.smx] Initiating Vote Type: Map
L 10/01/2017 - 04:34:44: [umc-core.smx] Could not start core vote, no players to display vote to!
L 10/01/2017 - 04:34:44: [umc-emp-mapvote.smx] Could not start UMC vote.
L 10/01/2017 - 04:34:44: [umc-emp-mapvote.smx] WARNING: Map Voting failure. Initiating random map fail-safe.
L 10/01/2017 - 04:34:45: [umc-core.smx] Setting nextmap to: con_district402
L 10/01/2017 - 04:34:45: [umc-randomcycle.smx] Disabling random nextmap selection.
L 10/01/2017 - 04:34:45: [umc-core.smx] umc-emp-mapvote.smx: Changing map to 'con_district402' in 5 seconds.
L 10/01/2017 - 04:34:50: [umc-core.smx] ---------------------MAP CHANGE: con_district402---------------------
L 10/01/2017 - 04:34:51: [umc-endvote-warnings.smx] Successfully parsed and set up 11 vote warnings.
L 10/01/2017 - 04:34:51: [umc-playercountmonitor.smx] Min Players: 0, Max Players: 20
L 10/01/2017 - 04:34:51: [umc-playercountmonitor.smx] Server will begin watching for inproper number of players in 240 seconds.
L 10/01/2017 - 04:34:51: [umc-rockthevote.smx] RTV will be made available in 60 seconds.
L 10/01/2017 - 04:35:51: [umc-rockthevote.smx] RTV is now available.
L 10/01/2017 - 04:38:50: [umc-playercountmonitor.smx] Server is now watching for inproper number of players.
L 10/01/2017 - 11:57:12: [umc-emp-mapvote.smx] Map vote will appear in 30 seconds.
L 10/01/2017 - 11:57:42: [umc-emp-mapvote.smx] Starting a map vote.
L 10/01/2017 - 11:57:42: [umc-core.smx] Initiating Vote Type: Map
L 10/01/2017 - 11:57:42: [umc-core.smx] Could not start core vote, no players to display vote to!
L 10/01/2017 - 11:57:42: [umc-emp-mapvote.smx] Could not start UMC vote.
L 10/01/2017 - 11:57:42: [umc-emp-mapvote.smx] WARNING: Map Voting failure. Initiating random map fail-safe.
L 10/01/2017 - 11:57:42: [umc-core.smx] Setting nextmap to: emp_beachfront_b2
L 10/01/2017 - 11:57:42: [umc-randomcycle.smx] Disabling random nextmap selection.
L 10/01/2017 - 11:57:42: [umc-core.smx] umc-emp-mapvote.smx: Changing map to 'emp_beachfront_b2' in 5 seconds.
L 10/01/2017 - 11:57:48: [umc-core.smx] ---------------------MAP CHANGE: emp_beachfront_b2---------------------
L 10/01/2017 - 11:57:48: [umc-endvote-warnings.smx] Successfully parsed and set up 11 vote warnings.
L 10/01/2017 - 11:57:48: [umc-playercountmonitor.smx] Min Players: 0, Max Players: 22
L 10/01/2017 - 11:57:48: [umc-playercountmonitor.smx] Server will begin watching for inproper number of players in 240 seconds.
L 10/01/2017 - 11:57:48: [umc-rockthevote.smx] RTV will be made available in 60 seconds.
L 10/01/2017 - 11:58:49: [umc-rockthevote.smx] RTV is now available.
L 10/01/2017 - 12:01:48: [umc-playercountmonitor.smx] Server is now watching for inproper number of players.
L 10/01/2017 - 13:41:58: [umc-core.smx] Setting nextmap to: emp_duststorm
L 10/01/2017 - 13:41:58: [umc-randomcycle.smx] Disabling random nextmap selection.
L 10/01/2017 - 13:41:58: [umc-core.smx] umc-adminmenu.smx: Changing map to 'emp_duststorm' in 5 seconds.
L 10/01/2017 - 13:41:58: [umc-adminmenu.smx] Oktay<134><[U:1:116496292]><> set the next map to emp_duststorm from group Commander Maps.
L 10/01/2017 - 13:42:04: [umc-core.smx] ---------------------MAP CHANGE: emp_duststorm---------------------
L 10/01/2017 - 13:42:04: [umc-endvote-warnings.smx] Successfully parsed and set up 11 vote warnings.
L 10/01/2017 - 13:42:04: [umc-playercountmonitor.smx] Min Players: 20, Max Players: 52
L 10/01/2017 - 13:42:04: [umc-playercountmonitor.smx] Server will begin watching for inproper number of players in 240 seconds.
L 10/01/2017 - 13:42:04: [umc-rockthevote.smx] RTV will be made available in 60 seconds.
L 10/01/2017 - 13:43:05: [umc-rockthevote.smx] RTV is now available.
L 10/01/2017 - 13:46:04: [umc-playercountmonitor.smx] Server is now watching for inproper number of players.
L 10/01/2017 - 14:10:32: [umc-emp-mapvote.smx] Map vote will appear in 30 seconds.
L 10/01/2017 - 14:11:02: [umc-emp-mapvote.smx] Starting a map vote.
L 10/01/2017 - 14:11:02: [umc-core.smx] Initiating Vote Type: Map
L 10/01/2017 - 14:11:07: [umc-emp-mapvote.smx] WARNING: Map Voting failure. Initiating random map fail-safe.
L 10/01/2017 - 14:11:07: [umc-core.smx] Setting nextmap to: emp_downfall
L 10/01/2017 - 14:11:07: [umc-randomcycle.smx] Disabling random nextmap selection.
L 10/01/2017 - 14:11:07: [umc-core.smx] umc-emp-mapvote.smx: Changing map to 'emp_downfall' in 5 seconds.
L 10/01/2017 - 14:11:12: [umc-core.smx] ---------------------MAP CHANGE: emp_downfall---------------------
L 10/01/2017 - 14:11:12: [umc-endvote-warnings.smx] Successfully parsed and set up 11 vote warnings.
L 10/01/2017 - 14:11:12: [umc-playercountmonitor.smx] Min Players: 0, Max Players: 22
L 10/01/2017 - 14:11:12: [umc-playercountmonitor.smx] Server will begin watching for inproper number of players in 240 seconds.
L 10/01/2017 - 14:11:12: [umc-rockthevote.smx] RTV will be made available in 60 seconds.
L 10/01/2017 - 14:11:57: [umc-core.smx] Setting nextmap to: emp_duststorm
L 10/01/2017 - 14:11:57: [umc-randomcycle.smx] Disabling random nextmap selection.
L 10/01/2017 - 14:11:57: [umc-core.smx] umc-adminmenu.smx: Changing map to 'emp_duststorm' in 5 seconds.
L 10/01/2017 - 14:11:57: [umc-adminmenu.smx] Oktay<134><[U:1:116496292]><> set the next map to emp_duststorm from group Commander Maps.
L 10/01/2017 - 14:12:02: [umc-core.smx] ---------------------MAP CHANGE: emp_duststorm---------------------
L 10/01/2017 - 14:12:02: [umc-endvote-warnings.smx] Successfully parsed and set up 11 vote warnings.
L 10/01/2017 - 14:12:03: [umc-playercountmonitor.smx] Min Players: 20, Max Players: 52
L 10/01/2017 - 14:12:03: [umc-playercountmonitor.smx] Server will begin watching for inproper number of players in 240 seconds.
L 10/01/2017 - 14:12:03: [umc-rockthevote.smx] RTV will be made available in 60 seconds.
L 10/01/2017 - 14:13:04: [umc-rockthevote.smx] RTV is now available.
L 10/01/2017 - 14:16:03: [umc-playercountmonitor.smx] Server is now watching for inproper number of players.
L 10/01/2017 - 14:36:15: [umc-emp-mapvote.smx] Map vote will appear in 30 seconds.
L 10/01/2017 - 14:36:45: [umc-emp-mapvote.smx] Starting a map vote.
L 10/01/2017 - 14:36:45: [umc-core.smx] Initiating Vote Type: Map
L 10/01/2017 - 14:36:45: [umc-emp-mapvote.smx] Could not start UMC vote.
L 10/01/2017 - 14:36:45: [umc-emp-mapvote.smx] WARNING: Map Voting failure. Initiating random map fail-safe.
L 10/01/2017 - 14:36:45: [umc-core.smx] Setting nextmap to: con_urbanchaos_fix
L 10/01/2017 - 14:36:45: [umc-randomcycle.smx] Disabling random nextmap selection.
L 10/01/2017 - 14:36:45: [umc-core.smx] umc-emp-mapvote.smx: Changing map to 'con_urbanchaos_fix' in 5 seconds.
L 10/01/2017 - 14:36:52: [umc-core.smx] ---------------------MAP CHANGE: con_urbanchaos_fix---------------------
L 10/01/2017 - 14:36:52: [umc-endvote-warnings.smx] Successfully parsed and set up 11 vote warnings.
L 10/01/2017 - 14:36:52: [umc-playercountmonitor.smx] Min Players: 0, Max Players: 20
L 10/01/2017 - 14:36:52: [umc-playercountmonitor.smx] Server will begin watching for inproper number of players in 240 seconds.
L 10/01/2017 - 14:36:52: [umc-rockthevote.smx] RTV will be made available in 60 seconds.
L 10/01/2017 - 14:37:53: [umc-rockthevote.smx] RTV is now available.
L 10/01/2017 - 14:40:52: [umc-playercountmonitor.smx] Server is now watching for inproper number of players.
L 10/01/2017 - 16:31:40: [umc-emp-mapvote.smx] Map vote will appear in 30 seconds.
L 10/01/2017 - 16:32:10: [umc-emp-mapvote.smx] Starting a map vote.
L 10/01/2017 - 16:32:10: [umc-core.smx] Initiating Vote Type: Map
L 10/01/2017 - 16:32:10: [umc-core.smx] Could not start core vote, no players to display vote to!
L 10/01/2017 - 16:32:10: [umc-emp-mapvote.smx] Could not start UMC vote.
L 10/01/2017 - 16:32:10: [umc-emp-mapvote.smx] WARNING: Map Voting failure. Initiating random map fail-safe.
L 10/01/2017 - 16:32:10: [umc-core.smx] Setting nextmap to: emp_shadows_attacks_fix
L 10/01/2017 - 16:32:10: [umc-randomcycle.smx] Disabling random nextmap selection.
L 10/01/2017 - 16:32:10: [umc-core.smx] umc-emp-mapvote.smx: Changing map to 'emp_shadows_attacks_fix' in 5 seconds.
L 10/01/2017 - 16:32:17: [umc-core.smx] ---------------------MAP CHANGE: emp_shadows_attacks_fix---------------------
L 10/01/2017 - 16:32:17: [umc-endvote-warnings.smx] Successfully parsed and set up 11 vote warnings.
L 10/01/2017 - 16:32:17: [umc-playercountmonitor.smx] Min Players: 0, Max Players: 20
L 10/01/2017 - 16:32:17: [umc-playercountmonitor.smx] Server will begin watching for inproper number of players in 240 seconds.
L 10/01/2017 - 16:32:17: [umc-rockthevote.smx] RTV will be made available in 60 seconds.
L 10/01/2017 - 16:33:18: [umc-rockthevote.smx] RTV is now available.
L 10/01/2017 - 16:36:17: [umc-playercountmonitor.smx] Server is now watching for inproper number of players.
L 10/01/2017 - 17:48:00: [umc-emp-mapvote.smx] Map vote will appear in 30 seconds.
L 10/01/2017 - 17:48:30: [umc-emp-mapvote.smx] Starting a map vote.
L 10/01/2017 - 17:48:30: [umc-core.smx] Initiating Vote Type: Map
L 10/01/2017 - 17:48:30: [umc-core.smx] Could not start core vote, no players to display vote to!
L 10/01/2017 - 17:48:30: [umc-emp-mapvote.smx] Could not start UMC vote.
L 10/01/2017 - 17:48:30: [umc-emp-mapvote.smx] WARNING: Map Voting failure. Initiating random map fail-safe.
L 10/01/2017 - 17:48:30: [umc-core.smx] Setting nextmap to: emp_crossroads
L 10/01/2017 - 17:48:30: [umc-randomcycle.smx] Disabling random nextmap selection.
L 10/01/2017 - 17:48:30: [umc-core.smx] umc-emp-mapvote.smx: Changing map to 'emp_crossroads' in 5 seconds.
L 10/01/2017 - 17:48:36: [umc-core.smx] ---------------------MAP CHANGE: emp_crossroads---------------------
L 10/01/2017 - 17:48:36: [umc-endvote-warnings.smx] Successfully parsed and set up 11 vote warnings.
L 10/01/2017 - 17:48:36: [umc-playercountmonitor.smx] Min Players: 0, Max Players: 22
L 10/01/2017 - 17:48:36: [umc-playercountmonitor.smx] Server will begin watching for inproper number of players in 240 seconds.
L 10/01/2017 - 17:48:36: [umc-rockthevote.smx] RTV will be made available in 60 seconds.
L 10/01/2017 - 17:49:37: [umc-rockthevote.smx] RTV is now available.
L 10/01/2017 - 17:52:36: [umc-playercountmonitor.smx] Server is now watching for inproper number of players.
L 10/01/2017 - 19:16:55: [umc-emp-mapvote.smx] Map vote will appear in 30 seconds.
L 10/01/2017 - 19:17:26: [umc-emp-mapvote.smx] Starting a map vote.
L 10/01/2017 - 19:17:26: [umc-core.smx] Initiating Vote Type: Map
L 10/01/2017 - 19:18:04: [umc-core.smx] RUNOFF: Starting runoff vote.
L 10/01/2017 - 19:18:04: [umc-core.smx] Initiating Vote Type: Map
L 10/01/2017 - 19:18:35: [umc-core.smx] Setting nextmap to: emp_drygulch_a6
L 10/01/2017 - 19:18:35: [umc-randomcycle.smx] Disabling random nextmap selection.
L 10/01/2017 - 19:18:35: [umc-core.smx] umc-emp-mapvote.smx: Changing map to 'emp_drygulch_a6' in 5 seconds.
L 10/01/2017 - 19:18:35: [umc-core.smx] MAPVOTE: Players voted for map 'emp_drygulch_a6' from group 'Commander Maps'
L 10/01/2017 - 19:18:40: [umc-core.smx] ---------------------MAP CHANGE: emp_drygulch_a6---------------------
L 10/01/2017 - 19:18:40: [umc-endvote-warnings.smx] Successfully parsed and set up 11 vote warnings.
L 10/01/2017 - 19:18:40: [umc-playercountmonitor.smx] Min Players: 0, Max Players: 22
L 10/01/2017 - 19:18:40: [umc-playercountmonitor.smx] Server will begin watching for inproper number of players in 240 seconds.
L 10/01/2017 - 19:18:40: [umc-rockthevote.smx] RTV will be made available in 60 seconds.
L 10/01/2017 - 19:19:41: [umc-rockthevote.smx] RTV is now available.
L 10/01/2017 - 19:22:40: [umc-playercountmonitor.smx] Server is now watching for inproper number of players.
L 10/01/2017 - 21:13:48: [umc-emp-mapvote.smx] Map vote will appear in 30 seconds.
L 10/01/2017 - 21:13:53: [umc-nominate.smx] Blood-Wiper wants to nominate a map.
L 10/01/2017 - 21:13:56: [umc-nominate.smx] Blood-Wiper has nominated 'emp_canyon' from group 'Commander Maps'
L 10/01/2017 - 21:14:18: [umc-emp-mapvote.smx] Starting a map vote.
L 10/01/2017 - 21:14:18: [umc-core.smx] Initiating Vote Type: Map
L 10/01/2017 - 21:14:48: [umc-core.smx] Setting nextmap to: emp_canyon
L 10/01/2017 - 21:14:48: [umc-randomcycle.smx] Disabling random nextmap selection.
L 10/01/2017 - 21:14:48: [umc-core.smx] umc-emp-mapvote.smx: Changing map to 'emp_canyon' in 5 seconds.
L 10/01/2017 - 21:14:48: [umc-core.smx] MAPVOTE: Players voted for map 'emp_canyon' from group 'Commander Maps'
L 10/01/2017 - 21:14:54: [umc-core.smx] ---------------------MAP CHANGE: emp_canyon---------------------
L 10/01/2017 - 21:14:54: [umc-endvote-warnings.smx] Successfully parsed and set up 11 vote warnings.
L 10/01/2017 - 21:14:54: [umc-playercountmonitor.smx] Min Players: 14, Max Players: 32
L 10/01/2017 - 21:14:54: [umc-playercountmonitor.smx] Server will begin watching for inproper number of players in 240 seconds.
L 10/01/2017 - 21:14:54: [umc-rockthevote.smx] RTV will be made available in 60 seconds.
L 10/01/2017 - 21:15:31: [umc-nominate.smx] Blood-Wiper wants to nominate a map.
L 10/01/2017 - 21:15:53: [umc-nominate.smx] Blood-Wiper wants to nominate a map.
L 10/01/2017 - 21:15:55: [umc-rockthevote.smx] RTV is now available.
L 10/01/2017 - 21:18:40: [umc-core.smx] ---------------------MAP CHANGE: fun_ricochet_a1---------------------
L 10/01/2017 - 21:18:40: [umc-endvote-warnings.smx] Successfully parsed and set up 11 vote warnings.
L 10/01/2017 - 21:18:40: [umc-playercountmonitor.smx] Current Map Group could not be determined. (Non-UMC mapchange or plugin just loaded.)
L 10/01/2017 - 21:18:40: [umc-playercountmonitor.smx] Min Players: 0, Max Players: 64
L 10/01/2017 - 21:18:40: [umc-rockthevote.smx] RTV will be made available in 60 seconds.
L 10/01/2017 - 21:19:41: [umc-rockthevote.smx] RTV is now available.
L 10/01/2017 - 21:21:27: [umc-nominate.smx] Blood-Wiper wants to nominate a map.
L 10/01/2017 - 21:21:49: [umc-nominate.smx] Blood-Wiper has nominated 'emp_nuclear_b8u_xfix' from group 'Infantry Maps'
L 10/01/2017 - 21:23:51: [umc-emp-mapvote.smx] Map vote will appear in 30 seconds.
L 10/01/2017 - 21:24:21: [umc-emp-mapvote.smx] Starting a map vote.
L 10/01/2017 - 21:24:21: [umc-core.smx] Initiating Vote Type: Map
L 10/01/2017 - 21:25:00: [umc-core.smx] RUNOFF: Starting runoff vote.
L 10/01/2017 - 21:25:00: [umc-core.smx] Initiating Vote Type: Map
L 10/01/2017 - 21:25:30: [umc-core.smx] Setting nextmap to: emp_nuclear_b8u_xfix
L 10/01/2017 - 21:25:30: [umc-randomcycle.smx] Disabling random nextmap selection.
L 10/01/2017 - 21:25:30: [umc-core.smx] umc-emp-mapvote.smx: Changing map to 'emp_nuclear_b8u_xfix' in 5 seconds.
L 10/01/2017 - 21:25:30: [umc-core.smx] MAPVOTE: Players voted for map 'emp_nuclear_b8u_xfix' from group 'Infantry Maps'
L 10/01/2017 - 21:25:36: [umc-core.smx] ---------------------MAP CHANGE: emp_nuclear_b8u_xfix---------------------
L 10/01/2017 - 21:25:36: [umc-endvote-warnings.smx] Successfully parsed and set up 11 vote warnings.
L 10/01/2017 - 21:25:36: [umc-playercountmonitor.smx] Min Players: 4, Max Players: 20
L 10/01/2017 - 21:25:36: [umc-playercountmonitor.smx] Server will begin watching for inproper number of players in 240 seconds.
L 10/01/2017 - 21:25:36: [umc-rockthevote.smx] RTV will be made available in 60 seconds.
L 10/01/2017 - 21:26:37: [umc-rockthevote.smx] RTV is now available.
L 10/01/2017 - 21:29:09: [umc-nominate.smx] Blood-Wiper wants to nominate a map.
L 10/01/2017 - 21:29:36: [umc-playercountmonitor.smx] Server is now watching for inproper number of players.
L 10/01/2017 - 21:33:35: [umc-nominate.smx] Blood-Wiper wants to nominate a map.
L 10/01/2017 - 21:33:38: [umc-nominate.smx] Blood-Wiper has nominated 'emp_coast' from group 'Commander Maps'
L 10/01/2017 - 21:47:26: [umc-nominate.smx] Oktay wants to nominate a map.
L 10/01/2017 - 21:47:32: [umc-nominate.smx] Oktay has nominated 'emp_duststorm' from group 'Commander Maps'
L 10/01/2017 - 21:47:35: [umc-nominate.smx] PYA wants to nominate a map.
L 10/01/2017 - 21:47:51: [umc-nominate.smx] PYA has nominated 'emp_homeland_b9' from group 'Commander Maps'
L 10/01/2017 - 21:55:15: [umc-emp-mapvote.smx] Map vote will appear in 30 seconds.
L 10/01/2017 - 21:55:45: [umc-emp-mapvote.smx] Starting a map vote.
L 10/01/2017 - 21:55:46: [umc-core.smx] Initiating Vote Type: Map
L 10/01/2017 - 21:56:24: [umc-core.smx] RUNOFF: Starting runoff vote.
L 10/01/2017 - 21:56:24: [umc-core.smx] Initiating Vote Type: Map
L 10/01/2017 - 21:56:55: [umc-core.smx] Setting nextmap to: emp_duststorm
L 10/01/2017 - 21:56:55: [umc-randomcycle.smx] Disabling random nextmap selection.
L 10/01/2017 - 21:56:55: [umc-core.smx] umc-emp-mapvote.smx: Changing map to 'emp_duststorm' in 5 seconds.
L 10/01/2017 - 21:56:55: [umc-core.smx] MAPVOTE: Players voted for map 'emp_duststorm' from group 'Commander Maps'
L 10/01/2017 - 21:57:01: [umc-core.smx] ---------------------MAP CHANGE: emp_duststorm---------------------
L 10/01/2017 - 21:57:01: [umc-endvote-warnings.smx] Successfully parsed and set up 11 vote warnings.
L 10/01/2017 - 21:57:01: [umc-playercountmonitor.smx] Min Players: 20, Max Players: 52
L 10/01/2017 - 21:57:01: [umc-playercountmonitor.smx] Server will begin watching for inproper number of players in 240 seconds.
L 10/01/2017 - 21:57:01: [umc-rockthevote.smx] RTV will be made available in 60 seconds.
L 10/01/2017 - 21:58:02: [umc-rockthevote.smx] RTV is now available.
L 10/01/2017 - 22:00:56: [umc-nominate.smx] Blood-Wiper wants to nominate a map.
L 10/01/2017 - 22:00:59: [umc-nominate.smx] Blood-Wiper has nominated 'emp_coast' from group 'Commander Maps'
L 10/01/2017 - 22:01:01: [umc-playercountmonitor.smx] Server is now watching for inproper number of players.
L 10/01/2017 - 22:53:02: [umc-nominate.smx] Blood-Wiper wants to nominate a map.
L 10/01/2017 - 22:53:07: [umc-emp-mapvote.smx] Map vote will appear in 30 seconds.
L 10/01/2017 - 22:53:37: [umc-emp-mapvote.smx] Starting a map vote.
L 10/01/2017 - 22:53:37: [umc-core.smx] Initiating Vote Type: Map
L 10/01/2017 - 22:54:08: [umc-core.smx] Setting nextmap to: emp_coast
L 10/01/2017 - 22:54:08: [umc-randomcycle.smx] Disabling random nextmap selection.
L 10/01/2017 - 22:54:08: [umc-core.smx] umc-emp-mapvote.smx: Changing map to 'emp_coast' in 5 seconds.
L 10/01/2017 - 22:54:08: [umc-core.smx] MAPVOTE: Players voted for map 'emp_coast' from group 'Commander Maps'
L 10/01/2017 - 22:54:14: [umc-core.smx] ---------------------MAP CHANGE: emp_coast---------------------
L 10/01/2017 - 22:54:14: [umc-endvote-warnings.smx] Successfully parsed and set up 11 vote warnings.
L 10/01/2017 - 22:54:14: [umc-playercountmonitor.smx] Min Players: 20, Max Players: 42
L 10/01/2017 - 22:54:14: [umc-playercountmonitor.smx] Server will begin watching for inproper number of players in 240 seconds.
L 10/01/2017 - 22:54:14: [umc-rockthevote.smx] RTV will be made available in 60 seconds.
L 10/01/2017 - 22:54:40: [umc-nominate.smx] xsEgo wants to nominate a map.
L 10/01/2017 - 22:54:55: [umc-nominate.smx] Oktay wants to nominate a map.
L 10/01/2017 - 22:55:03: [umc-nominate.smx] xsEgo has nominated 'emp_flat_fix' from group 'Commander Maps'
L 10/01/2017 - 22:55:15: [umc-rockthevote.smx] RTV is now available.
L 10/01/2017 - 22:58:14: [umc-playercountmonitor.smx] Server is now watching for inproper number of players.
L 10/01/2017 - 23:25:14: [umc-emp-mapvote.smx] Map vote will appear in 30 seconds.
L 10/01/2017 - 23:25:44: [umc-emp-mapvote.smx] Starting a map vote.
L 10/01/2017 - 23:25:44: [umc-core.smx] Initiating Vote Type: Map
L 10/01/2017 - 23:26:23: [umc-core.smx] RUNOFF: Starting runoff vote.
L 10/01/2017 - 23:26:23: [umc-core.smx] Initiating Vote Type: Map
L 10/01/2017 - 23:26:54: [umc-core.smx] Setting nextmap to: emp_beachfront_b2
L 10/01/2017 - 23:26:54: [umc-randomcycle.smx] Disabling random nextmap selection.
L 10/01/2017 - 23:26:54: [umc-core.smx] umc-emp-mapvote.smx: Changing map to 'emp_beachfront_b2' in 5 seconds.
L 10/01/2017 - 23:26:54: [umc-core.smx] MAPVOTE: Players voted for map 'emp_beachfront_b2' from group 'Commander Maps'
L 10/01/2017 - 23:26:59: [umc-core.smx] ---------------------MAP CHANGE: emp_beachfront_b2---------------------
L 10/01/2017 - 23:26:59: [umc-endvote-warnings.smx] Successfully parsed and set up 11 vote warnings.
L 10/01/2017 - 23:26:59: [umc-playercountmonitor.smx] Min Players: 0, Max Players: 22
L 10/01/2017 - 23:26:59: [umc-playercountmonitor.smx] Server will begin watching for inproper number of players in 240 seconds.
L 10/01/2017 - 23:26:59: [umc-rockthevote.smx] RTV will be made available in 60 seconds.
L 10/01/2017 - 23:28:00: [umc-rockthevote.smx] RTV is now available.
L 10/01/2017 - 23:30:59: [umc-playercountmonitor.smx] Server is now watching for inproper number of players.
L 10/01/2017 - 23:36:02: [umc-emp-mapvote.smx] Map vote will appear in 30 seconds.
L 10/01/2017 - 23:36:32: [umc-emp-mapvote.smx] Starting a map vote.
L 10/01/2017 - 23:36:32: [umc-core.smx] Initiating Vote Type: Map
L 10/01/2017 - 23:37:03: [umc-core.smx] Setting nextmap to: emp_crossroads
L 10/01/2017 - 23:37:03: [umc-randomcycle.smx] Disabling random nextmap selection.
L 10/01/2017 - 23:37:03: [umc-core.smx] umc-emp-mapvote.smx: Changing map to 'emp_crossroads' in 5 seconds.
L 10/01/2017 - 23:37:03: [umc-core.smx] MAPVOTE: Players voted for map 'emp_crossroads' from group 'Commander Maps'
L 10/01/2017 - 23:37:09: [umc-core.smx] ---------------------MAP CHANGE: emp_crossroads---------------------
L 10/01/2017 - 23:37:09: [umc-endvote-warnings.smx] Successfully parsed and set up 11 vote warnings.
L 10/01/2017 - 23:37:09: [umc-playercountmonitor.smx] Min Players: 0, Max Players: 22
L 10/01/2017 - 23:37:09: [umc-playercountmonitor.smx] Server will begin watching for inproper number of players in 240 seconds.
L 10/01/2017 - 23:37:09: [umc-rockthevote.smx] RTV will be made available in 60 seconds.
L 10/01/2017 - 23:38:10: [umc-rockthevote.smx] RTV is now available.
L 10/01/2017 - 23:41:09: [umc-playercountmonitor.smx] Server is now watching for inproper number of players.
