L 10/04/2017 - 17:56:34: [umc-core.smx] ---------------------MAP CHANGE: con_district402---------------------
L 10/04/2017 - 17:56:34: [umc-endvote-warnings.smx] Successfully parsed and set up 11 vote warnings.
L 10/04/2017 - 17:56:34: [umc-playercountmonitor.smx] Min Players: 0, Max Players: 20
L 10/04/2017 - 17:56:34: [umc-playercountmonitor.smx] Server will begin watching for inproper number of players in 240 seconds.
L 10/04/2017 - 17:56:34: [umc-rockthevote.smx] RTV will be made available in 60 seconds.
L 10/04/2017 - 17:57:35: [umc-rockthevote.smx] RTV is now available.
L 10/04/2017 - 18:00:34: [umc-playercountmonitor.smx] Server is now watching for inproper number of players.
L 10/04/2017 - 21:57:54: [umc-emp-mapvote.smx] Map vote will appear in 30 seconds.
L 10/04/2017 - 21:58:24: [umc-emp-mapvote.smx] Starting a map vote.
L 10/04/2017 - 21:58:24: [umc-core.smx] Initiating Vote Type: Map
L 10/04/2017 - 21:58:24: [umc-core.smx] Could not start core vote, no players to display vote to!
L 10/04/2017 - 21:58:24: [umc-emp-mapvote.smx] Could not start UMC vote.
L 10/04/2017 - 21:58:24: [umc-emp-mapvote.smx] WARNING: Map Voting failure. Initiating random map fail-safe.
L 10/04/2017 - 21:58:24: [umc-core.smx] Setting nextmap to: emp_shadows_attacks_fix
L 10/04/2017 - 21:58:24: [umc-randomcycle.smx] Disabling random nextmap selection.
L 10/04/2017 - 21:58:24: [umc-core.smx] umc-emp-mapvote.smx: Changing map to 'emp_shadows_attacks_fix' in 5 seconds.
L 10/04/2017 - 21:58:31: [umc-core.smx] ---------------------MAP CHANGE: emp_shadows_attacks_fix---------------------
L 10/04/2017 - 21:58:31: [umc-endvote-warnings.smx] Successfully parsed and set up 11 vote warnings.
L 10/04/2017 - 21:58:31: [umc-playercountmonitor.smx] Min Players: 0, Max Players: 20
L 10/04/2017 - 21:58:31: [umc-playercountmonitor.smx] Server will begin watching for inproper number of players in 240 seconds.
L 10/04/2017 - 21:58:31: [umc-rockthevote.smx] RTV will be made available in 60 seconds.
L 10/04/2017 - 21:59:32: [umc-rockthevote.smx] RTV is now available.
L 10/04/2017 - 22:02:31: [umc-playercountmonitor.smx] Server is now watching for inproper number of players.
L 10/04/2017 - 23:22:43: [umc-emp-mapvote.smx] Map vote will appear in 30 seconds.
L 10/04/2017 - 23:23:13: [umc-emp-mapvote.smx] Starting a map vote.
L 10/04/2017 - 23:23:13: [umc-core.smx] WARNING: Map "emp_duststorm_fix" does not exist on the server. (Group: "Commander Maps")
L 10/04/2017 - 23:23:13: [umc-core.smx] Initiating Vote Type: Map
L 10/04/2017 - 23:23:13: [umc-core.smx] Could not start core vote, no players to display vote to!
L 10/04/2017 - 23:23:13: [umc-emp-mapvote.smx] Could not start UMC vote.
L 10/04/2017 - 23:23:13: [umc-emp-mapvote.smx] WARNING: Map Voting failure. Initiating random map fail-safe.
L 10/04/2017 - 23:23:13: [umc-core.smx] WARNING: Map "emp_duststorm_fix" does not exist on the server. (Group: "Commander Maps")
L 10/04/2017 - 23:23:13: [umc-core.smx] Setting nextmap to: emp_beachfront_b2
L 10/04/2017 - 23:23:13: [umc-randomcycle.smx] Disabling random nextmap selection.
L 10/04/2017 - 23:23:13: [umc-core.smx] umc-emp-mapvote.smx: Changing map to 'emp_beachfront_b2' in 5 seconds.
L 10/04/2017 - 23:23:18: [umc-core.smx] ---------------------MAP CHANGE: emp_beachfront_b2---------------------
L 10/04/2017 - 23:23:18: [umc-endvote-warnings.smx] Successfully parsed and set up 11 vote warnings.
L 10/04/2017 - 23:23:18: [umc-playercountmonitor.smx] Min Players: 0, Max Players: 22
L 10/04/2017 - 23:23:18: [umc-playercountmonitor.smx] Server will begin watching for inproper number of players in 240 seconds.
L 10/04/2017 - 23:23:18: [umc-rockthevote.smx] RTV will be made available in 60 seconds.
L 10/04/2017 - 23:24:19: [umc-rockthevote.smx] RTV is now available.
L 10/04/2017 - 23:27:18: [umc-playercountmonitor.smx] Server is now watching for inproper number of players.
