L 07/13/2017 - 00:04:42: [umc-emp-mapvote.smx] Map vote will appear in 30 seconds.
L 07/13/2017 - 00:05:12: [umc-emp-mapvote.smx] Starting a map vote.
L 07/13/2017 - 00:05:12: [umc-core.smx] Initiating Vote Type: Map
L 07/13/2017 - 00:05:36: [umc-core.smx] RUNOFF: Starting runoff vote.
L 07/13/2017 - 00:05:36: [umc-core.smx] Initiating Vote Type: Map
L 07/13/2017 - 00:06:07: [umc-emp-mapvote.smx] WARNING: Map Voting failure. Initiating random map fail-safe.
L 07/13/2017 - 00:06:07: [umc-core.smx] Setting nextmap to: emp_blast_ob1
L 07/13/2017 - 00:06:07: [umc-randomcycle.smx] Disabling random nextmap selection.
L 07/13/2017 - 00:06:07: [umc-core.smx] umc-emp-mapvote.smx: Changing map to 'emp_blast_ob1' in 5 seconds.
L 07/13/2017 - 00:06:15: [umc-core.smx] ---------------------MAP CHANGE: emp_blast_ob1---------------------
L 07/13/2017 - 00:06:15: [umc-endvote-warnings.smx] Successfully parsed and set up 11 vote warnings.
L 07/13/2017 - 00:06:15: [umc-playercountmonitor.smx] Min Players: 0, Max Players: 20
L 07/13/2017 - 00:06:15: [umc-playercountmonitor.smx] Server will begin watching for inproper number of players in 240 seconds.
L 07/13/2017 - 00:06:15: [umc-rockthevote.smx] RTV will be made available in 60 seconds.
L 07/13/2017 - 00:07:16: [umc-rockthevote.smx] RTV is now available.
L 07/13/2017 - 00:10:15: [umc-playercountmonitor.smx] Server is now watching for inproper number of players.
L 07/13/2017 - 15:28:08: [umc-core.smx] ---------------------MAP CHANGE: con_district402---------------------
L 07/13/2017 - 15:28:08: [umc-endvote-warnings.smx] Successfully parsed and set up 11 vote warnings.
L 07/13/2017 - 15:28:08: [umc-playercountmonitor.smx] Current Map Group could not be determined. (Non-UMC mapchange or plugin just loaded.)
L 07/13/2017 - 15:28:08: [umc-playercountmonitor.smx] Min Players: 0, Max Players: 64
L 07/13/2017 - 15:28:08: [umc-rockthevote.smx] RTV will be made available in 60 seconds.
L 07/13/2017 - 15:29:09: [umc-rockthevote.smx] RTV is now available.
L 07/13/2017 - 16:24:08: [umc-emp-mapvote.smx] Map vote will appear in 30 seconds.
L 07/13/2017 - 16:24:38: [umc-emp-mapvote.smx] Starting a map vote.
L 07/13/2017 - 16:24:38: [umc-core.smx] Initiating Vote Type: Map
L 07/13/2017 - 16:24:48: [umc-core.smx] Setting nextmap to: emp_beachfront_b2
L 07/13/2017 - 16:24:48: [umc-randomcycle.smx] Disabling random nextmap selection.
L 07/13/2017 - 16:24:48: [umc-core.smx] umc-emp-mapvote.smx: Changing map to 'emp_beachfront_b2' in 5 seconds.
L 07/13/2017 - 16:24:48: [umc-core.smx] MAPVOTE: Players voted for map 'emp_beachfront_b2' from group 'Commander Maps'
L 07/13/2017 - 16:24:56: [umc-core.smx] ---------------------MAP CHANGE: emp_beachfront_b2---------------------
L 07/13/2017 - 16:24:56: [umc-endvote-warnings.smx] Successfully parsed and set up 11 vote warnings.
L 07/13/2017 - 16:24:56: [umc-playercountmonitor.smx] Min Players: 0, Max Players: 22
L 07/13/2017 - 16:24:56: [umc-playercountmonitor.smx] Server will begin watching for inproper number of players in 240 seconds.
L 07/13/2017 - 16:24:56: [umc-rockthevote.smx] RTV will be made available in 60 seconds.
L 07/13/2017 - 16:25:57: [umc-rockthevote.smx] RTV is now available.
L 07/13/2017 - 16:28:56: [umc-playercountmonitor.smx] Server is now watching for inproper number of players.
L 07/13/2017 - 16:40:59: [umc-emp-mapvote.smx] Map vote will appear in 30 seconds.
L 07/13/2017 - 16:41:29: [umc-emp-mapvote.smx] Starting a map vote.
L 07/13/2017 - 16:41:29: [umc-core.smx] Initiating Vote Type: Map
L 07/13/2017 - 16:42:07: [umc-core.smx] RUNOFF: Starting runoff vote.
L 07/13/2017 - 16:42:07: [umc-core.smx] Initiating Vote Type: Map
L 07/13/2017 - 16:42:38: [umc-core.smx] Setting nextmap to: emp_crossroads
L 07/13/2017 - 16:42:38: [umc-randomcycle.smx] Disabling random nextmap selection.
L 07/13/2017 - 16:42:38: [umc-core.smx] umc-emp-mapvote.smx: Changing map to 'emp_crossroads' in 5 seconds.
L 07/13/2017 - 16:42:38: [umc-core.smx] MAPVOTE: Players voted for map 'emp_crossroads' from group 'Commander Maps'
L 07/13/2017 - 16:42:46: [umc-core.smx] ---------------------MAP CHANGE: emp_crossroads---------------------
L 07/13/2017 - 16:42:46: [umc-endvote-warnings.smx] Successfully parsed and set up 11 vote warnings.
L 07/13/2017 - 16:42:46: [umc-playercountmonitor.smx] Min Players: 0, Max Players: 22
L 07/13/2017 - 16:42:46: [umc-playercountmonitor.smx] Server will begin watching for inproper number of players in 240 seconds.
L 07/13/2017 - 16:42:46: [umc-rockthevote.smx] RTV will be made available in 60 seconds.
L 07/13/2017 - 16:43:47: [umc-rockthevote.smx] RTV is now available.
L 07/13/2017 - 16:46:46: [umc-playercountmonitor.smx] Server is now watching for inproper number of players.
L 07/13/2017 - 17:21:55: [umc-nominate.smx] nowaf8037 wants to nominate a map.
L 07/13/2017 - 17:22:08: [umc-nominate.smx] nowaf8037 has nominated 'emp_homeland_b9' from group 'Commander Maps'
L 07/13/2017 - 17:22:47: [umc-emp-mapvote.smx] Map vote will appear in 30 seconds.
L 07/13/2017 - 17:23:17: [umc-emp-mapvote.smx] Starting a map vote.
L 07/13/2017 - 17:23:17: [umc-core.smx] Initiating Vote Type: Map
L 07/13/2017 - 17:23:47: [umc-core.smx] Setting nextmap to: emp_dune_ob1
L 07/13/2017 - 17:23:47: [umc-randomcycle.smx] Disabling random nextmap selection.
L 07/13/2017 - 17:23:47: [umc-core.smx] umc-emp-mapvote.smx: Changing map to 'emp_dune_ob1' in 5 seconds.
L 07/13/2017 - 17:23:47: [umc-core.smx] MAPVOTE: Players voted for map 'emp_dune_ob1' from group 'Commander Maps'
L 07/13/2017 - 17:23:59: [umc-core.smx] ---------------------MAP CHANGE: emp_dune_ob1---------------------
L 07/13/2017 - 17:23:59: [umc-endvote-warnings.smx] Successfully parsed and set up 11 vote warnings.
L 07/13/2017 - 17:23:59: [umc-playercountmonitor.smx] Min Players: 20, Max Players: 52
L 07/13/2017 - 17:23:59: [umc-playercountmonitor.smx] Server will begin watching for inproper number of players in 240 seconds.
L 07/13/2017 - 17:23:59: [umc-rockthevote.smx] RTV will be made available in 60 seconds.
L 07/13/2017 - 17:25:00: [umc-rockthevote.smx] RTV is now available.
L 07/13/2017 - 17:27:59: [umc-playercountmonitor.smx] Server is now watching for inproper number of players.
L 07/13/2017 - 17:34:40: [umc-nominate.smx] nowaf8037 wants to nominate a map.
L 07/13/2017 - 17:34:44: [umc-nominate.smx] nowaf8037 has nominated 'con_glycencity' from group 'Infantry Maps'
L 07/13/2017 - 17:34:50: [umc-emp-mapvote.smx] Map vote will appear in 30 seconds.
L 07/13/2017 - 17:35:20: [umc-emp-mapvote.smx] Starting a map vote.
L 07/13/2017 - 17:35:20: [umc-core.smx] Initiating Vote Type: Map
L 07/13/2017 - 17:35:51: [umc-core.smx] Setting nextmap to: emp_canyon
L 07/13/2017 - 17:35:51: [umc-randomcycle.smx] Disabling random nextmap selection.
L 07/13/2017 - 17:35:51: [umc-core.smx] umc-emp-mapvote.smx: Changing map to 'emp_canyon' in 5 seconds.
L 07/13/2017 - 17:35:51: [umc-core.smx] MAPVOTE: Players voted for map 'emp_canyon' from group 'Commander Maps'
L 07/13/2017 - 17:37:23: [umc-core.smx] ---------------------MAP CHANGE: emp_canyon---------------------
L 07/13/2017 - 17:37:23: [umc-endvote-warnings.smx] Successfully parsed and set up 11 vote warnings.
L 07/13/2017 - 17:37:23: [umc-playercountmonitor.smx] Min Players: 14, Max Players: 32
L 07/13/2017 - 17:37:23: [umc-playercountmonitor.smx] Server will begin watching for inproper number of players in 240 seconds.
L 07/13/2017 - 17:37:23: [umc-rockthevote.smx] RTV will be made available in 60 seconds.
L 07/13/2017 - 17:38:24: [umc-rockthevote.smx] RTV is now available.
L 07/13/2017 - 17:41:23: [umc-playercountmonitor.smx] Server is now watching for inproper number of players.
L 07/13/2017 - 17:41:51: [umc-nominate.smx] nowaf8037 wants to nominate a map.
L 07/13/2017 - 17:41:56: [umc-nominate.smx] nowaf8037 has nominated 'con_glycencity' from group 'Infantry Maps'
L 07/13/2017 - 18:10:01: [umc-emp-mapvote.smx] Map vote will appear in 30 seconds.
L 07/13/2017 - 18:10:31: [umc-emp-mapvote.smx] Starting a map vote.
L 07/13/2017 - 18:10:31: [umc-core.smx] Initiating Vote Type: Map
L 07/13/2017 - 18:11:02: [umc-core.smx] Setting nextmap to: emp_downfall
L 07/13/2017 - 18:11:02: [umc-randomcycle.smx] Disabling random nextmap selection.
L 07/13/2017 - 18:11:02: [umc-core.smx] umc-emp-mapvote.smx: Changing map to 'emp_downfall' in 5 seconds.
L 07/13/2017 - 18:11:02: [umc-core.smx] MAPVOTE: Players voted for map 'emp_downfall' from group 'Commander Maps'
L 07/13/2017 - 18:11:12: [umc-core.smx] ---------------------MAP CHANGE: emp_downfall---------------------
L 07/13/2017 - 18:11:12: [umc-endvote-warnings.smx] Successfully parsed and set up 11 vote warnings.
L 07/13/2017 - 18:11:12: [umc-playercountmonitor.smx] Min Players: 0, Max Players: 22
L 07/13/2017 - 18:11:12: [umc-playercountmonitor.smx] Server will begin watching for inproper number of players in 240 seconds.
L 07/13/2017 - 18:11:12: [umc-rockthevote.smx] RTV will be made available in 60 seconds.
L 07/13/2017 - 18:12:13: [umc-rockthevote.smx] RTV is now available.
L 07/13/2017 - 18:15:12: [umc-playercountmonitor.smx] Server is now watching for inproper number of players.
L 07/13/2017 - 18:24:07: [umc-emp-mapvote.smx] Map vote will appear in 30 seconds.
L 07/13/2017 - 18:24:38: [umc-emp-mapvote.smx] Starting a map vote.
L 07/13/2017 - 18:24:38: [umc-core.smx] Initiating Vote Type: Map
L 07/13/2017 - 18:25:08: [umc-core.smx] Setting nextmap to: emp_vehicletraining_2013
L 07/13/2017 - 18:25:08: [umc-randomcycle.smx] Disabling random nextmap selection.
L 07/13/2017 - 18:25:08: [umc-core.smx] umc-emp-mapvote.smx: Changing map to 'emp_vehicletraining_2013' in 5 seconds.
L 07/13/2017 - 18:25:08: [umc-core.smx] MAPVOTE: Players voted for map 'emp_vehicletraining_2013' from group 'Infantry Maps'
L 07/13/2017 - 18:25:16: [umc-core.smx] ---------------------MAP CHANGE: emp_vehicletraining_2013---------------------
L 07/13/2017 - 18:25:16: [umc-endvote-warnings.smx] Successfully parsed and set up 11 vote warnings.
L 07/13/2017 - 18:25:16: [umc-playercountmonitor.smx] Min Players: 0, Max Players: 20
L 07/13/2017 - 18:25:16: [umc-playercountmonitor.smx] Server will begin watching for inproper number of players in 240 seconds.
L 07/13/2017 - 18:25:16: [umc-rockthevote.smx] RTV will be made available in 60 seconds.
L 07/13/2017 - 18:26:17: [umc-rockthevote.smx] RTV is now available.
L 07/13/2017 - 18:29:16: [umc-playercountmonitor.smx] Server is now watching for inproper number of players.
L 07/13/2017 - 19:03:04: [umc-emp-mapvote.smx] Map vote will appear in 30 seconds.
L 07/13/2017 - 19:03:34: [umc-emp-mapvote.smx] Starting a map vote.
L 07/13/2017 - 19:03:34: [umc-core.smx] Initiating Vote Type: Map
L 07/13/2017 - 19:04:05: [umc-core.smx] Setting nextmap to: emp_crossroads
L 07/13/2017 - 19:04:05: [umc-randomcycle.smx] Disabling random nextmap selection.
L 07/13/2017 - 19:04:05: [umc-core.smx] umc-emp-mapvote.smx: Changing map to 'emp_crossroads' in 5 seconds.
L 07/13/2017 - 19:04:05: [umc-core.smx] MAPVOTE: Players voted for map 'emp_crossroads' from group 'Commander Maps'
L 07/13/2017 - 19:04:14: [umc-core.smx] ---------------------MAP CHANGE: emp_crossroads---------------------
L 07/13/2017 - 19:04:14: [umc-endvote-warnings.smx] Successfully parsed and set up 11 vote warnings.
L 07/13/2017 - 19:04:14: [umc-playercountmonitor.smx] Min Players: 0, Max Players: 22
L 07/13/2017 - 19:04:14: [umc-playercountmonitor.smx] Server will begin watching for inproper number of players in 240 seconds.
L 07/13/2017 - 19:04:14: [umc-rockthevote.smx] RTV will be made available in 60 seconds.
L 07/13/2017 - 19:05:15: [umc-rockthevote.smx] RTV is now available.
L 07/13/2017 - 19:08:14: [umc-playercountmonitor.smx] Server is now watching for inproper number of players.
L 07/13/2017 - 19:21:18: [umc-emp-mapvote.smx] Map vote will appear in 30 seconds.
L 07/13/2017 - 19:21:48: [umc-emp-mapvote.smx] Starting a map vote.
L 07/13/2017 - 19:21:48: [umc-core.smx] Initiating Vote Type: Map
L 07/13/2017 - 19:22:18: [umc-core.smx] Setting nextmap to: emp_beachfront_b2
L 07/13/2017 - 19:22:18: [umc-randomcycle.smx] Disabling random nextmap selection.
L 07/13/2017 - 19:22:18: [umc-core.smx] umc-emp-mapvote.smx: Changing map to 'emp_beachfront_b2' in 5 seconds.
L 07/13/2017 - 19:22:18: [umc-core.smx] MAPVOTE: Players voted for map 'emp_beachfront_b2' from group 'Commander Maps'
L 07/13/2017 - 19:22:25: [umc-core.smx] ---------------------MAP CHANGE: emp_beachfront_b2---------------------
L 07/13/2017 - 19:22:26: [umc-endvote-warnings.smx] Successfully parsed and set up 11 vote warnings.
L 07/13/2017 - 19:22:26: [umc-playercountmonitor.smx] Min Players: 0, Max Players: 22
L 07/13/2017 - 19:22:26: [umc-playercountmonitor.smx] Server will begin watching for inproper number of players in 240 seconds.
L 07/13/2017 - 19:22:26: [umc-rockthevote.smx] RTV will be made available in 60 seconds.
L 07/13/2017 - 19:23:27: [umc-rockthevote.smx] RTV is now available.
L 07/13/2017 - 19:26:25: [umc-playercountmonitor.smx] Server is now watching for inproper number of players.
L 07/13/2017 - 19:43:28: [umc-emp-mapvote.smx] Map vote will appear in 30 seconds.
L 07/13/2017 - 19:43:58: [umc-emp-mapvote.smx] Starting a map vote.
L 07/13/2017 - 19:43:58: [umc-core.smx] Initiating Vote Type: Map
L 07/13/2017 - 19:44:05: [umc-core.smx] Setting nextmap to: emp_drygulch_a6
L 07/13/2017 - 19:44:05: [umc-randomcycle.smx] Disabling random nextmap selection.
L 07/13/2017 - 19:44:05: [umc-core.smx] umc-emp-mapvote.smx: Changing map to 'emp_drygulch_a6' in 5 seconds.
L 07/13/2017 - 19:44:05: [umc-core.smx] MAPVOTE: Players voted for map 'emp_drygulch_a6' from group 'Commander Maps'
L 07/13/2017 - 19:44:11: [umc-core.smx] ---------------------MAP CHANGE: emp_drygulch_a6---------------------
L 07/13/2017 - 19:44:12: [umc-endvote-warnings.smx] Successfully parsed and set up 11 vote warnings.
L 07/13/2017 - 19:44:12: [umc-playercountmonitor.smx] Min Players: 0, Max Players: 22
L 07/13/2017 - 19:44:12: [umc-playercountmonitor.smx] Server will begin watching for inproper number of players in 240 seconds.
L 07/13/2017 - 19:44:12: [umc-rockthevote.smx] RTV will be made available in 60 seconds.
L 07/13/2017 - 19:45:13: [umc-rockthevote.smx] RTV is now available.
L 07/13/2017 - 19:48:12: [umc-playercountmonitor.smx] Server is now watching for inproper number of players.
L 07/13/2017 - 22:04:39: [umc-emp-mapvote.smx] Map vote will appear in 30 seconds.
L 07/13/2017 - 22:05:09: [umc-emp-mapvote.smx] Starting a map vote.
L 07/13/2017 - 22:05:09: [umc-core.smx] Initiating Vote Type: Map
L 07/13/2017 - 22:05:09: [umc-emp-mapvote.smx] Could not start UMC vote.
L 07/13/2017 - 22:05:09: [umc-emp-mapvote.smx] WARNING: Map Voting failure. Initiating random map fail-safe.
L 07/13/2017 - 22:05:09: [umc-core.smx] Setting nextmap to: con_glycencity
L 07/13/2017 - 22:05:09: [umc-randomcycle.smx] Disabling random nextmap selection.
L 07/13/2017 - 22:05:09: [umc-core.smx] umc-emp-mapvote.smx: Changing map to 'con_glycencity' in 5 seconds.
L 07/13/2017 - 22:05:16: [umc-core.smx] ---------------------MAP CHANGE: con_glycencity---------------------
L 07/13/2017 - 22:05:16: [umc-endvote-warnings.smx] Successfully parsed and set up 11 vote warnings.
L 07/13/2017 - 22:05:16: [umc-playercountmonitor.smx] Min Players: 0, Max Players: 20
L 07/13/2017 - 22:05:16: [umc-playercountmonitor.smx] Server will begin watching for inproper number of players in 240 seconds.
L 07/13/2017 - 22:05:16: [umc-rockthevote.smx] RTV will be made available in 60 seconds.
L 07/13/2017 - 22:06:17: [umc-rockthevote.smx] RTV is now available.
L 07/13/2017 - 22:09:16: [umc-playercountmonitor.smx] Server is now watching for inproper number of players.
L 07/13/2017 - 22:28:56: [umc-emp-mapvote.smx] Map vote will appear in 30 seconds.
L 07/13/2017 - 22:29:26: [umc-emp-mapvote.smx] Starting a map vote.
L 07/13/2017 - 22:29:26: [umc-core.smx] Initiating Vote Type: Map
L 07/13/2017 - 22:29:56: [umc-emp-mapvote.smx] WARNING: Map Voting failure. Initiating random map fail-safe.
L 07/13/2017 - 22:29:56: [umc-core.smx] Setting nextmap to: emp_downfall
L 07/13/2017 - 22:29:56: [umc-randomcycle.smx] Disabling random nextmap selection.
L 07/13/2017 - 22:29:56: [umc-core.smx] umc-emp-mapvote.smx: Changing map to 'emp_downfall' in 5 seconds.
L 07/13/2017 - 22:30:02: [umc-core.smx] ---------------------MAP CHANGE: emp_downfall---------------------
L 07/13/2017 - 22:30:02: [umc-endvote-warnings.smx] Successfully parsed and set up 11 vote warnings.
L 07/13/2017 - 22:30:02: [umc-playercountmonitor.smx] Min Players: 0, Max Players: 22
L 07/13/2017 - 22:30:02: [umc-playercountmonitor.smx] Server will begin watching for inproper number of players in 240 seconds.
L 07/13/2017 - 22:30:02: [umc-rockthevote.smx] RTV will be made available in 60 seconds.
L 07/13/2017 - 22:31:03: [umc-rockthevote.smx] RTV is now available.
L 07/13/2017 - 22:34:02: [umc-playercountmonitor.smx] Server is now watching for inproper number of players.
