L 05/12/2018 - 17:04:56: [umc-nominate.smx] Hyperbolic Hubris wants to nominate a map.
L 05/12/2018 - 17:04:58: [umc-nominate.smx] Hyperbolic Hubris has nominated 'con_urbanchaos_comm_b2' from group 'Infantry Maps'
L 05/12/2018 - 17:05:14: [umc-nominate.smx] Hyperbolic Hubris wants to nominate a map.
L 05/12/2018 - 17:05:17: [umc-nominate.smx] Hyperbolic Hubris has nominated 'emp_crossroads_towerless_hce' from group 'Commander Maps'
L 05/12/2018 - 17:08:14: [umc-emp-mapvote.smx] Map vote will appear in 30 seconds.
L 05/12/2018 - 17:08:44: [umc-emp-mapvote.smx] Starting a map vote.
L 05/12/2018 - 17:08:44: [umc-core.smx] VOTE MENU: (Verbose) Fetching 6 maps from group 'Commander Maps'
L 05/12/2018 - 17:08:44: [umc-core.smx] VOTE MENU: (Verbose) Nominated map 'emp_crossroads_towerless_hce' from group 'Commander Maps' was added to the vote.
L 05/12/2018 - 17:08:44: [umc-core.smx] VOTE MENU: (Verbose) Finished parsing nominations for map group 'Commander Maps'
L 05/12/2018 - 17:08:44: [umc-core.smx] VOTE MENU: (Verbose) Still need to fetch 5 maps from the group.
L 05/12/2018 - 17:08:44: [umc-core.smx] VOTE MENU: (Verbose) Selected map 'emp_drygulch_a6' from group 'Commander Maps' was added to the vote.
L 05/12/2018 - 17:08:44: [umc-core.smx] VOTE MENU: (Verbose) Selected map 'emp_beachfront_b2_hce' from group 'Commander Maps' was added to the vote.
L 05/12/2018 - 17:08:44: [umc-core.smx] VOTE MENU: (Verbose) No more maps in map group 'Commander Maps'
L 05/12/2018 - 17:08:44: [umc-core.smx] VOTE MENU: (Verbose) Fetching 1 maps from group 'Infantry Maps'
L 05/12/2018 - 17:08:44: [umc-core.smx] VOTE MENU: (Verbose) Finished parsing nominations for map group 'Infantry Maps'
L 05/12/2018 - 17:08:44: [umc-core.smx] VOTE MENU: (Verbose) Still need to fetch 1 maps from the group.
L 05/12/2018 - 17:08:44: [umc-core.smx] VOTE MENU: (Verbose) Selected map 'emp_vehicletraining_2013' from group 'Infantry Maps' was added to the vote.
L 05/12/2018 - 17:08:44: [umc-core.smx] VOTE MENU: (Verbose) Fetching 1 maps from group 'Cooldown Maps'
L 05/12/2018 - 17:08:44: [umc-core.smx] VOTE MENU: (Verbose) Finished parsing nominations for map group 'Cooldown Maps'
L 05/12/2018 - 17:08:44: [umc-core.smx] VOTE MENU: (Verbose) Still need to fetch 1 maps from the group.
L 05/12/2018 - 17:08:44: [umc-core.smx] VOTE MENU: (Verbose) Selected map 'fun_ricochet_a4' from group 'Cooldown Maps' was added to the vote.
L 05/12/2018 - 17:08:44: [umc-core.smx] Initiating Vote Type: Map
L 05/12/2018 - 17:08:44: [umc-core.smx] Adding Clients to Vote:
L 05/12/2018 - 17:08:44: [umc-core.smx] 0: rauer (2)
L 05/12/2018 - 17:08:44: [umc-core.smx] 1: Xgaming112 (3)
L 05/12/2018 - 17:08:44: [umc-core.smx] 2: Hyperbolic Hubris (4)
L 05/12/2018 - 17:08:44: [umc-core.smx] VOTE MENU:
L 05/12/2018 - 17:08:44: [umc-core.smx] 2: emp_crossroads (0)
L 05/12/2018 - 17:08:44: [umc-core.smx] 3: emp_drygulch (1)
L 05/12/2018 - 17:08:44: [umc-core.smx] 4: fun_ricochet_a4 (2)
L 05/12/2018 - 17:08:44: [umc-core.smx] 5: con_vehicletraining (3)
L 05/12/2018 - 17:08:44: [umc-core.smx] 6: emp_beachfront (4)
L 05/12/2018 - 17:08:52: [umc-core.smx] Xgaming112<77><[U:1:313949428]><> selected menu item 5
L 05/12/2018 - 17:09:14: [umc-core.smx] Setting nextmap to: emp_beachfront_b2_hce
L 05/12/2018 - 17:09:14: [umc-randomcycle.smx] Disabling random nextmap selection.
L 05/12/2018 - 17:09:14: [umc-core.smx] umc-emp-mapvote.smx: Changing map to 'emp_beachfront_b2_hce' in 5 seconds.
L 05/12/2018 - 17:09:14: [umc-core.smx] MAPVOTE: Players voted for map 'emp_beachfront_b2_hce' from group 'Commander Maps'
L 05/12/2018 - 17:09:14: [umc-core.smx] Vote has concluded.
L 05/12/2018 - 17:09:20: [umc-core.smx] ---------------------MAP CHANGE: emp_beachfront_b2_hce---------------------
L 05/12/2018 - 17:09:20: [umc-endvote-warnings.smx] Successfully parsed and set up 11 vote warnings.
L 05/12/2018 - 17:09:20: [umc-rockthevote.smx] RTV will be made available in 60 seconds.
L 05/12/2018 - 17:10:21: [umc-rockthevote.smx] RTV is now available.
L 05/12/2018 - 17:35:43: [umc-emp-mapvote.smx] Map vote will appear in 30 seconds.
L 05/12/2018 - 17:36:13: [umc-emp-mapvote.smx] Starting a map vote.
L 05/12/2018 - 17:36:13: [umc-core.smx] VOTE MENU: (Verbose) Fetching 6 maps from group 'Commander Maps'
L 05/12/2018 - 17:36:13: [umc-core.smx] VOTE MENU: (Verbose) Finished parsing nominations for map group 'Commander Maps'
L 05/12/2018 - 17:36:13: [umc-core.smx] VOTE MENU: (Verbose) Still need to fetch 6 maps from the group.
L 05/12/2018 - 17:36:13: [umc-core.smx] VOTE MENU: (Verbose) Selected map 'emp_crossroads_towerless_hce' from group 'Commander Maps' was added to the vote.
L 05/12/2018 - 17:36:13: [umc-core.smx] VOTE MENU: (Verbose) Selected map 'emp_drygulch_a6' from group 'Commander Maps' was added to the vote.
L 05/12/2018 - 17:36:13: [umc-core.smx] VOTE MENU: (Verbose) No more maps in map group 'Commander Maps'
L 05/12/2018 - 17:36:13: [umc-core.smx] VOTE MENU: (Verbose) Fetching 1 maps from group 'Infantry Maps'
L 05/12/2018 - 17:36:13: [umc-core.smx] VOTE MENU: (Verbose) Finished parsing nominations for map group 'Infantry Maps'
L 05/12/2018 - 17:36:13: [umc-core.smx] VOTE MENU: (Verbose) Still need to fetch 1 maps from the group.
L 05/12/2018 - 17:36:13: [umc-core.smx] VOTE MENU: (Verbose) Selected map 'con_urbanchaos_comm_b2' from group 'Infantry Maps' was added to the vote.
L 05/12/2018 - 17:36:13: [umc-core.smx] VOTE MENU: (Verbose) Fetching 1 maps from group 'Cooldown Maps'
L 05/12/2018 - 17:36:13: [umc-core.smx] VOTE MENU: (Verbose) Finished parsing nominations for map group 'Cooldown Maps'
L 05/12/2018 - 17:36:13: [umc-core.smx] VOTE MENU: (Verbose) Still need to fetch 1 maps from the group.
L 05/12/2018 - 17:36:13: [umc-core.smx] VOTE MENU: (Verbose) Selected map 'fun_ricochet_a4' from group 'Cooldown Maps' was added to the vote.
L 05/12/2018 - 17:36:13: [umc-core.smx] Initiating Vote Type: Map
L 05/12/2018 - 17:36:13: [umc-core.smx] Adding Clients to Vote:
L 05/12/2018 - 17:36:13: [umc-core.smx] 0: Spyer (2)
L 05/12/2018 - 17:36:13: [umc-core.smx] 1: Xgaming112 (3)
L 05/12/2018 - 17:36:13: [umc-core.smx] 2: Hyperbolic Hubris (4)
L 05/12/2018 - 17:36:13: [umc-core.smx] 3: Z' (5)
L 05/12/2018 - 17:36:13: [umc-core.smx] 4: rauer (6)
L 05/12/2018 - 17:36:13: [umc-core.smx] 5: Sarun (7)
L 05/12/2018 - 17:36:13: [umc-core.smx] 6: gade/N (8)
L 05/12/2018 - 17:36:13: [umc-core.smx] 7: xsEgo (9)
L 05/12/2018 - 17:36:13: [umc-core.smx] VOTE MENU:
L 05/12/2018 - 17:36:13: [umc-core.smx] 2: fun_ricochet_a4 (0)
L 05/12/2018 - 17:36:13: [umc-core.smx] 3: emp_drygulch (1)
L 05/12/2018 - 17:36:13: [umc-core.smx] 4: emp_crossroads (2)
L 05/12/2018 - 17:36:13: [umc-core.smx] 5: con_urbanchaos (3)
L 05/12/2018 - 17:36:16: [umc-core.smx] gade/N<83><[U:1:387725871]><> selected menu item 1
L 05/12/2018 - 17:36:16: [umc-core.smx] Spyer<79><[U:1:34143605]><> selected menu item 4
L 05/12/2018 - 17:36:17: [umc-core.smx] rauer<81><[U:1:2546402]><> selected menu item 4
L 05/12/2018 - 17:36:21: [umc-core.smx] Xgaming112<77><[U:1:313949428]><> selected menu item 2
L 05/12/2018 - 17:36:22: [umc-core.smx] xsEgo<84><[U:1:72025437]><> selected menu item 1
L 05/12/2018 - 17:36:22: [umc-core.smx] Z'<80><[U:1:160908823]><> selected menu item 1
L 05/12/2018 - 17:36:24: [umc-core.smx] Hyperbolic Hubris<78><[U:1:15813678]><> selected menu item 3
L 05/12/2018 - 17:36:29: [umc-core.smx] Hyperbolic Hubris<78><[U:1:15813678]><> selected menu item 4
L 05/12/2018 - 17:36:30: [umc-core.smx] Sarun<82><[U:1:58888595]><> selected menu item 1
L 05/12/2018 - 17:36:31: [umc-core.smx] RUNOFF MENU: (Verbose) Building runoff vote menu.
L 05/12/2018 - 17:36:31: [umc-core.smx] RUNOFF MENU: (Verbose) 'emp_drygulch' was removed from the vote. It had 1 votes (12 of total)
L 05/12/2018 - 17:36:31: [umc-core.smx] RUNOFF MENU: (Verbose) Stopped removing options from the vote. Maximum possible winning vote percentage is 62%
L 05/12/2018 - 17:36:31: [umc-core.smx] Vote has concluded.
L 05/12/2018 - 17:36:38: [umc-core.smx] RUNOFF: Starting runoff vote.
L 05/12/2018 - 17:36:38: [umc-core.smx] Initiating Vote Type: Map
L 05/12/2018 - 17:36:38: [umc-core.smx] Adding Clients to Vote:
L 05/12/2018 - 17:36:38: [umc-core.smx] 0: Spyer (2)
L 05/12/2018 - 17:36:38: [umc-core.smx] 1: Xgaming112 (3)
L 05/12/2018 - 17:36:38: [umc-core.smx] 2: Hyperbolic Hubris (4)
L 05/12/2018 - 17:36:38: [umc-core.smx] 3: Z' (5)
L 05/12/2018 - 17:36:38: [umc-core.smx] 4: rauer (6)
L 05/12/2018 - 17:36:38: [umc-core.smx] 5: Sarun (7)
L 05/12/2018 - 17:36:38: [umc-core.smx] 6: gade/N (8)
L 05/12/2018 - 17:36:38: [umc-core.smx] 7: xsEgo (9)
L 05/12/2018 - 17:36:38: [umc-core.smx] VOTE MENU:
L 05/12/2018 - 17:36:38: [umc-core.smx] 2: fun_ricochet_a4 (0)
L 05/12/2018 - 17:36:38: [umc-core.smx] 3: con_urbanchaos (3)
L 05/12/2018 - 17:36:39: [umc-core.smx] Spyer<79><[U:1:34143605]><> selected menu item 2
L 05/12/2018 - 17:36:40: [umc-core.smx] Hyperbolic Hubris<78><[U:1:15813678]><> selected menu item 2
L 05/12/2018 - 17:36:42: [umc-core.smx] Sarun<82><[U:1:58888595]><> selected menu item 1
L 05/12/2018 - 17:36:42: [umc-core.smx] gade/N<83><[U:1:387725871]><> selected menu item 2
L 05/12/2018 - 17:36:44: [umc-core.smx] xsEgo<84><[U:1:72025437]><> selected menu item 1
L 05/12/2018 - 17:36:45: [umc-core.smx] Z'<80><[U:1:160908823]><> selected menu item 1
L 05/12/2018 - 17:36:47: [umc-core.smx] Xgaming112<77><[U:1:313949428]><> selected menu item 1
L 05/12/2018 - 17:37:09: [umc-core.smx] Setting nextmap to: fun_ricochet_a4
L 05/12/2018 - 17:37:09: [umc-randomcycle.smx] Disabling random nextmap selection.
L 05/12/2018 - 17:37:09: [umc-core.smx] umc-emp-mapvote.smx: Changing map to 'fun_ricochet_a4' in 5 seconds.
L 05/12/2018 - 17:37:09: [umc-core.smx] MAPVOTE: Players voted for map 'fun_ricochet_a4' from group 'Cooldown Maps'
L 05/12/2018 - 17:37:09: [umc-core.smx] Vote has concluded.
L 05/12/2018 - 17:37:14: [umc-core.smx] ---------------------MAP CHANGE: fun_ricochet_a4---------------------
L 05/12/2018 - 17:37:14: [umc-endvote-warnings.smx] Successfully parsed and set up 11 vote warnings.
L 05/12/2018 - 17:37:14: [umc-rockthevote.smx] RTV will be made available in 60 seconds.
L 05/12/2018 - 17:38:15: [umc-rockthevote.smx] RTV is now available.
L 05/12/2018 - 17:41:17: [umc-nominate.smx] Spyer wants to nominate a map.
L 05/12/2018 - 17:41:20: [umc-nominate.smx] Spyer has nominated 'con_urbanchaos_comm_b2' from group 'Infantry Maps'
L 05/12/2018 - 17:41:43: [umc-rockthevote.smx] Starting RTV.
L 05/12/2018 - 17:41:44: [umc-core.smx] VOTE MENU: (Verbose) Fetching 6 maps from group 'Commander Maps'
L 05/12/2018 - 17:41:44: [umc-core.smx] VOTE MENU: (Verbose) Finished parsing nominations for map group 'Commander Maps'
L 05/12/2018 - 17:41:44: [umc-core.smx] VOTE MENU: (Verbose) Still need to fetch 6 maps from the group.
L 05/12/2018 - 17:41:44: [umc-core.smx] VOTE MENU: (Verbose) Selected map 'emp_crossroads_towerless_hce' from group 'Commander Maps' was added to the vote.
L 05/12/2018 - 17:41:44: [umc-core.smx] VOTE MENU: (Verbose) Selected map 'emp_drygulch_a6' from group 'Commander Maps' was added to the vote.
L 05/12/2018 - 17:41:44: [umc-core.smx] VOTE MENU: (Verbose) No more maps in map group 'Commander Maps'
L 05/12/2018 - 17:41:44: [umc-core.smx] VOTE MENU: (Verbose) Fetching 1 maps from group 'Infantry Maps'
L 05/12/2018 - 17:41:44: [umc-core.smx] VOTE MENU: (Verbose) Nominated map 'con_urbanchaos_comm_b2' from group 'Infantry Maps' was added to the vote.
L 05/12/2018 - 17:41:44: [umc-core.smx] VOTE MENU: (Verbose) Finished parsing nominations for map group 'Infantry Maps'
L 05/12/2018 - 17:41:44: [umc-core.smx] VOTE MENU: (Verbose) Fetching 1 maps from group 'Cooldown Maps'
L 05/12/2018 - 17:41:44: [umc-core.smx] VOTE MENU: (Verbose) Finished parsing nominations for map group 'Cooldown Maps'
L 05/12/2018 - 17:41:44: [umc-core.smx] VOTE MENU: (Verbose) Still need to fetch 1 maps from the group.
L 05/12/2018 - 17:41:44: [umc-core.smx] VOTE MENU: (Verbose) No more maps in map group 'Cooldown Maps'
L 05/12/2018 - 17:41:44: [umc-core.smx] Initiating Vote Type: Map
L 05/12/2018 - 17:41:44: [umc-core.smx] Adding Clients to Vote:
L 05/12/2018 - 17:41:44: [umc-core.smx] 0: Spyer (2)
L 05/12/2018 - 17:41:44: [umc-core.smx] 1: Xgaming112 (3)
L 05/12/2018 - 17:41:44: [umc-core.smx] 2: Hyperbolic Hubris (4)
L 05/12/2018 - 17:41:44: [umc-core.smx] 3: Sarun (5)
L 05/12/2018 - 17:41:44: [umc-core.smx] 4: Grave (6)
L 05/12/2018 - 17:41:44: [umc-core.smx] 5: gade/N (8)
L 05/12/2018 - 17:41:44: [umc-core.smx] 6: xsEgo (9)
L 05/12/2018 - 17:41:44: [umc-core.smx] VOTE MENU:
L 05/12/2018 - 17:41:44: [umc-core.smx] 2: con_urbanchaos (0)
L 05/12/2018 - 17:41:44: [umc-core.smx] 3: emp_drygulch (1)
L 05/12/2018 - 17:41:44: [umc-core.smx] 4: emp_crossroads (2)
L 05/12/2018 - 17:41:46: [umc-core.smx] gade/N<83><[U:1:387725871]><> selected menu item 1
L 05/12/2018 - 17:41:46: [umc-core.smx] Grave<86><[U:1:34977414]><> selected menu item 1
L 05/12/2018 - 17:41:47: [umc-core.smx] Spyer<79><[U:1:34143605]><> selected menu item 1
L 05/12/2018 - 17:41:47: [umc-core.smx] Xgaming112<77><[U:1:313949428]><> selected menu item 3
L 05/12/2018 - 17:41:50: [umc-core.smx] xsEgo<84><[U:1:72025437]><> selected menu item 1
L 05/12/2018 - 17:41:51: [umc-core.smx] Sarun<87><[U:1:58888595]><> selected menu item 1
L 05/12/2018 - 17:42:44: [umc-core.smx] Setting nextmap to: con_urbanchaos_comm_b2
L 05/12/2018 - 17:42:44: [umc-randomcycle.smx] Disabling random nextmap selection.
L 05/12/2018 - 17:42:44: [umc-core.smx] umc-rockthevote.smx: Changing map to 'con_urbanchaos_comm_b2' in 5 seconds.
L 05/12/2018 - 17:42:44: [umc-core.smx] MAPVOTE: Players voted for map 'con_urbanchaos_comm_b2' from group 'Infantry Maps'
L 05/12/2018 - 17:42:44: [umc-core.smx] Vote has concluded.
L 05/12/2018 - 17:42:50: [umc-core.smx] ---------------------MAP CHANGE: con_urbanchaos_comm_b2---------------------
L 05/12/2018 - 17:42:50: [umc-endvote-warnings.smx] Successfully parsed and set up 11 vote warnings.
L 05/12/2018 - 17:42:50: [umc-rockthevote.smx] RTV will be made available in 60 seconds.
L 05/12/2018 - 17:43:51: [umc-rockthevote.smx] RTV is now available.
L 05/12/2018 - 17:57:46: [umc-emp-mapvote.smx] Map vote will appear in 30 seconds.
L 05/12/2018 - 17:58:16: [umc-emp-mapvote.smx] Starting a map vote.
L 05/12/2018 - 17:58:16: [umc-core.smx] VOTE MENU: (Verbose) Fetching 6 maps from group 'Commander Maps'
L 05/12/2018 - 17:58:16: [umc-core.smx] VOTE MENU: (Verbose) Finished parsing nominations for map group 'Commander Maps'
L 05/12/2018 - 17:58:16: [umc-core.smx] VOTE MENU: (Verbose) Still need to fetch 6 maps from the group.
L 05/12/2018 - 17:58:16: [umc-core.smx] VOTE MENU: (Verbose) Selected map 'emp_crossroads_towerless_hce' from group 'Commander Maps' was added to the vote.
L 05/12/2018 - 17:58:16: [umc-core.smx] VOTE MENU: (Verbose) Selected map 'emp_drygulch_a6' from group 'Commander Maps' was added to the vote.
L 05/12/2018 - 17:58:16: [umc-core.smx] VOTE MENU: (Verbose) No more maps in map group 'Commander Maps'
L 05/12/2018 - 17:58:16: [umc-core.smx] VOTE MENU: (Verbose) Fetching 1 maps from group 'Infantry Maps'
L 05/12/2018 - 17:58:16: [umc-core.smx] VOTE MENU: (Verbose) Finished parsing nominations for map group 'Infantry Maps'
L 05/12/2018 - 17:58:16: [umc-core.smx] VOTE MENU: (Verbose) Still need to fetch 1 maps from the group.
L 05/12/2018 - 17:58:16: [umc-core.smx] VOTE MENU: (Verbose) Selected map 'con_glycencity' from group 'Infantry Maps' was added to the vote.
L 05/12/2018 - 17:58:16: [umc-core.smx] VOTE MENU: (Verbose) Fetching 1 maps from group 'Cooldown Maps'
L 05/12/2018 - 17:58:16: [umc-core.smx] VOTE MENU: (Verbose) Finished parsing nominations for map group 'Cooldown Maps'
L 05/12/2018 - 17:58:16: [umc-core.smx] VOTE MENU: (Verbose) Still need to fetch 1 maps from the group.
L 05/12/2018 - 17:58:16: [umc-core.smx] VOTE MENU: (Verbose) No more maps in map group 'Cooldown Maps'
L 05/12/2018 - 17:58:16: [umc-core.smx] Initiating Vote Type: Map
L 05/12/2018 - 17:58:16: [umc-core.smx] Adding Clients to Vote:
L 05/12/2018 - 17:58:16: [umc-core.smx] 0: Spyer (2)
L 05/12/2018 - 17:58:16: [umc-core.smx] 1: Xgaming112 (3)
L 05/12/2018 - 17:58:16: [umc-core.smx] 2: Hyperbolic Hubris (4)
L 05/12/2018 - 17:58:16: [umc-core.smx] 3: Sarun (5)
L 05/12/2018 - 17:58:16: [umc-core.smx] 4: Grave (6)
L 05/12/2018 - 17:58:16: [umc-core.smx] 5: gade/N (8)
L 05/12/2018 - 17:58:16: [umc-core.smx] 6: xsEgo (9)
L 05/12/2018 - 17:58:16: [umc-core.smx] 7: iXavi (10)
L 05/12/2018 - 17:58:16: [umc-core.smx] VOTE MENU:
L 05/12/2018 - 17:58:16: [umc-core.smx] 2: emp_drygulch (0)
L 05/12/2018 - 17:58:16: [umc-core.smx] 3: emp_crossroads (1)
L 05/12/2018 - 17:58:16: [umc-core.smx] 4: con_glycencity (2)
L 05/12/2018 - 17:58:18: [umc-core.smx] Spyer<92><[U:1:34143605]><> selected menu item 2
L 05/12/2018 - 17:58:21: [umc-core.smx] Xgaming112<77><[U:1:313949428]><> selected menu item 2
L 05/12/2018 - 17:58:21: [umc-core.smx] Hyperbolic Hubris<85><[U:1:15813678]><> selected menu item 2
L 05/12/2018 - 17:58:23: [umc-core.smx] Grave<86><[U:1:34977414]><> selected menu item 1
L 05/12/2018 - 17:58:24: [umc-core.smx] gade/N<83><[U:1:387725871]><> selected menu item 2
L 05/12/2018 - 17:58:25: [umc-core.smx] iXavi<91><[U:1:318547674]><> selected menu item 1
L 05/12/2018 - 17:58:31: [umc-core.smx] xsEgo<84><[U:1:72025437]><> selected menu item 1
L 05/12/2018 - 17:58:47: [umc-core.smx] Setting nextmap to: emp_crossroads_towerless_hce
L 05/12/2018 - 17:58:47: [umc-randomcycle.smx] Disabling random nextmap selection.
L 05/12/2018 - 17:58:47: [umc-core.smx] umc-emp-mapvote.smx: Changing map to 'emp_crossroads_towerless_hce' in 5 seconds.
L 05/12/2018 - 17:58:47: [umc-core.smx] MAPVOTE: Players voted for map 'emp_crossroads_towerless_hce' from group 'Commander Maps'
L 05/12/2018 - 17:58:47: [umc-core.smx] Vote has concluded.
L 05/12/2018 - 17:58:53: [umc-core.smx] ---------------------MAP CHANGE: emp_crossroads_towerless_hce---------------------
L 05/12/2018 - 17:58:53: [umc-endvote-warnings.smx] Successfully parsed and set up 11 vote warnings.
L 05/12/2018 - 17:58:53: [umc-rockthevote.smx] RTV will be made available in 60 seconds.
L 05/12/2018 - 17:59:54: [umc-rockthevote.smx] RTV is now available.
L 05/12/2018 - 18:14:02: [umc-nominate.smx] Hyperbolic Hubris wants to nominate a map.
L 05/12/2018 - 18:14:04: [umc-nominate.smx] Hyperbolic Hubris has nominated 'emp_drygulch_a6' from group 'Commander Maps'
L 05/12/2018 - 18:18:33: [umc-emp-mapvote.smx] Map vote will appear in 30 seconds.
L 05/12/2018 - 18:18:53: [umc-nominate.smx] Oktay wants to nominate a map.
L 05/12/2018 - 18:18:54: [umc-nominate.smx] Oktay has nominated 'con_district402' from group 'Infantry Maps'
L 05/12/2018 - 18:19:03: [umc-emp-mapvote.smx] Starting a map vote.
L 05/12/2018 - 18:19:03: [umc-core.smx] VOTE MENU: (Verbose) Fetching 6 maps from group 'Commander Maps'
L 05/12/2018 - 18:19:03: [umc-core.smx] VOTE MENU: (Verbose) Nominated map 'emp_drygulch_a6' from group 'Commander Maps' was added to the vote.
L 05/12/2018 - 18:19:03: [umc-core.smx] VOTE MENU: (Verbose) Finished parsing nominations for map group 'Commander Maps'
L 05/12/2018 - 18:19:03: [umc-core.smx] VOTE MENU: (Verbose) Still need to fetch 5 maps from the group.
L 05/12/2018 - 18:19:03: [umc-core.smx] VOTE MENU: (Verbose) No more maps in map group 'Commander Maps'
L 05/12/2018 - 18:19:03: [umc-core.smx] VOTE MENU: (Verbose) Fetching 1 maps from group 'Infantry Maps'
L 05/12/2018 - 18:19:03: [umc-core.smx] VOTE MENU: (Verbose) Nominated map 'con_district402' from group 'Infantry Maps' was added to the vote.
L 05/12/2018 - 18:19:03: [umc-core.smx] VOTE MENU: (Verbose) Finished parsing nominations for map group 'Infantry Maps'
L 05/12/2018 - 18:19:03: [umc-core.smx] VOTE MENU: (Verbose) Fetching 1 maps from group 'Cooldown Maps'
L 05/12/2018 - 18:19:03: [umc-core.smx] VOTE MENU: (Verbose) Finished parsing nominations for map group 'Cooldown Maps'
L 05/12/2018 - 18:19:03: [umc-core.smx] VOTE MENU: (Verbose) Still need to fetch 1 maps from the group.
L 05/12/2018 - 18:19:03: [umc-core.smx] VOTE MENU: (Verbose) No more maps in map group 'Cooldown Maps'
L 05/12/2018 - 18:19:03: [umc-core.smx] Initiating Vote Type: Map
L 05/12/2018 - 18:19:03: [umc-core.smx] Adding Clients to Vote:
L 05/12/2018 - 18:19:03: [umc-core.smx] 0: Spyer (2)
L 05/12/2018 - 18:19:03: [umc-core.smx] 1: Xgaming112 (3)
L 05/12/2018 - 18:19:03: [umc-core.smx] 2: Hyperbolic Hubris (4)
L 05/12/2018 - 18:19:03: [umc-core.smx] 3: Sarun (5)
L 05/12/2018 - 18:19:03: [umc-core.smx] 4: Grave (6)
L 05/12/2018 - 18:19:03: [umc-core.smx] 5: Oktay (7)
L 05/12/2018 - 18:19:03: [umc-core.smx] 6: gade/N (8)
L 05/12/2018 - 18:19:03: [umc-core.smx] 7: xsEgo (9)
L 05/12/2018 - 18:19:03: [umc-core.smx] 8: iXavi (10)
L 05/12/2018 - 18:19:03: [umc-core.smx] 9: maxic5165 (11)
L 05/12/2018 - 18:19:03: [umc-core.smx] VOTE MENU:
L 05/12/2018 - 18:19:03: [umc-core.smx] 2: con_district402 (0)
L 05/12/2018 - 18:19:03: [umc-core.smx] 3: emp_drygulch (1)
L 05/12/2018 - 18:19:05: [umc-core.smx] Oktay<94><[U:1:116496292]><> selected menu item 1
L 05/12/2018 - 18:19:05: [umc-core.smx] Hyperbolic Hubris<85><[U:1:15813678]><> selected menu item 2
L 05/12/2018 - 18:19:06: [umc-core.smx] gade/N<83><[U:1:387725871]><> selected menu item 1
L 05/12/2018 - 18:19:07: [umc-core.smx] Spyer<92><[U:1:34143605]><> selected menu item 1
L 05/12/2018 - 18:19:08: [umc-core.smx] xsEgo<84><[U:1:72025437]><> selected menu item 1
L 05/12/2018 - 18:19:08: [umc-core.smx] Xgaming112<77><[U:1:313949428]><> selected menu item 1
L 05/12/2018 - 18:19:10: [umc-core.smx] maxic5165<95><[U:1:858773218]><> selected menu item 1
L 05/12/2018 - 18:19:12: [umc-core.smx] Grave<86><[U:1:34977414]><> selected menu item 1
L 05/12/2018 - 18:19:13: [umc-core.smx] Sarun<87><[U:1:58888595]><> selected menu item 1
L 05/12/2018 - 18:19:16: [umc-core.smx] iXavi<91><[U:1:318547674]><> selected menu item 1
L 05/12/2018 - 18:19:16: [umc-core.smx] Setting nextmap to: con_district402
L 05/12/2018 - 18:19:16: [umc-randomcycle.smx] Disabling random nextmap selection.
L 05/12/2018 - 18:19:16: [umc-core.smx] umc-emp-mapvote.smx: Changing map to 'con_district402' in 5 seconds.
L 05/12/2018 - 18:19:16: [umc-core.smx] MAPVOTE: Players voted for map 'con_district402' from group 'Infantry Maps'
L 05/12/2018 - 18:19:16: [umc-core.smx] Vote has concluded.
L 05/12/2018 - 18:19:22: [umc-core.smx] ---------------------MAP CHANGE: con_district402---------------------
L 05/12/2018 - 18:19:22: [umc-endvote-warnings.smx] Successfully parsed and set up 11 vote warnings.
L 05/12/2018 - 18:19:22: [umc-rockthevote.smx] RTV will be made available in 60 seconds.
L 05/12/2018 - 18:20:23: [umc-rockthevote.smx] RTV is now available.
L 05/12/2018 - 18:59:14: [umc-emp-mapvote.smx] Map vote will appear in 30 seconds.
L 05/12/2018 - 18:59:44: [umc-emp-mapvote.smx] Starting a map vote.
L 05/12/2018 - 18:59:44: [umc-core.smx] VOTE MENU: (Verbose) Fetching 6 maps from group 'Commander Maps'
L 05/12/2018 - 18:59:44: [umc-core.smx] VOTE MENU: (Verbose) Finished parsing nominations for map group 'Commander Maps'
L 05/12/2018 - 18:59:44: [umc-core.smx] VOTE MENU: (Verbose) Still need to fetch 6 maps from the group.
L 05/12/2018 - 18:59:44: [umc-core.smx] VOTE MENU: (Verbose) Selected map 'emp_drygulch_a6' from group 'Commander Maps' was added to the vote.
L 05/12/2018 - 18:59:44: [umc-core.smx] VOTE MENU: (Verbose) Selected map 'emp_beachfront_b2_hce' from group 'Commander Maps' was added to the vote.
L 05/12/2018 - 18:59:44: [umc-core.smx] VOTE MENU: (Verbose) Selected map 'emp_downfall_hce' from group 'Commander Maps' was added to the vote.
L 05/12/2018 - 18:59:44: [umc-core.smx] VOTE MENU: (Verbose) No more maps in map group 'Commander Maps'
L 05/12/2018 - 18:59:44: [umc-core.smx] VOTE MENU: (Verbose) Fetching 1 maps from group 'Infantry Maps'
L 05/12/2018 - 18:59:44: [umc-core.smx] VOTE MENU: (Verbose) Finished parsing nominations for map group 'Infantry Maps'
L 05/12/2018 - 18:59:44: [umc-core.smx] VOTE MENU: (Verbose) Still need to fetch 1 maps from the group.
L 05/12/2018 - 18:59:44: [umc-core.smx] VOTE MENU: (Verbose) Selected map 'emp_shadows_attacks_fix' from group 'Infantry Maps' was added to the vote.
L 05/12/2018 - 18:59:44: [umc-core.smx] VOTE MENU: (Verbose) Fetching 1 maps from group 'Cooldown Maps'
L 05/12/2018 - 18:59:44: [umc-core.smx] VOTE MENU: (Verbose) Finished parsing nominations for map group 'Cooldown Maps'
L 05/12/2018 - 18:59:44: [umc-core.smx] VOTE MENU: (Verbose) Still need to fetch 1 maps from the group.
L 05/12/2018 - 18:59:44: [umc-core.smx] VOTE MENU: (Verbose) No more maps in map group 'Cooldown Maps'
L 05/12/2018 - 18:59:44: [umc-core.smx] Initiating Vote Type: Map
L 05/12/2018 - 18:59:44: [umc-core.smx] Adding Clients to Vote:
L 05/12/2018 - 18:59:44: [umc-core.smx] 0: Spyer (2)
L 05/12/2018 - 18:59:44: [umc-core.smx] 1: Xgaming112 (3)
L 05/12/2018 - 18:59:44: [umc-core.smx] 2: Hyperbolic Hubris (4)
L 05/12/2018 - 18:59:44: [umc-core.smx] 3: Sarun (5)
L 05/12/2018 - 18:59:44: [umc-core.smx] 4: Grave (6)
L 05/12/2018 - 18:59:44: [umc-core.smx] 5: Oktay (7)
L 05/12/2018 - 18:59:44: [umc-core.smx] 6: xsEgo (9)
L 05/12/2018 - 18:59:44: [umc-core.smx] VOTE MENU:
L 05/12/2018 - 18:59:44: [umc-core.smx] 2: emp_beachfront (0)
L 05/12/2018 - 18:59:44: [umc-core.smx] 3: con_shadows_attacks (1)
L 05/12/2018 - 18:59:44: [umc-core.smx] 4: emp_downfall (2)
L 05/12/2018 - 18:59:44: [umc-core.smx] 5: emp_drygulch (3)
L 05/12/2018 - 18:59:47: [umc-core.smx] Spyer<92><[U:1:34143605]><> selected menu item 4
L 05/12/2018 - 18:59:49: [umc-core.smx] Xgaming112<77><[U:1:313949428]><> selected menu item 1
L 05/12/2018 - 18:59:50: [umc-core.smx] xsEgo<84><[U:1:72025437]><> selected menu item 4
L 05/12/2018 - 18:59:54: [umc-core.smx] Grave<86><[U:1:34977414]><> selected menu item 3
L 05/12/2018 - 19:00:15: [umc-core.smx] RUNOFF MENU: (Verbose) Building runoff vote menu.
L 05/12/2018 - 19:00:15: [umc-core.smx] RUNOFF MENU: (Verbose) 'emp_downfall' was removed from the vote. It had 1 votes (25 of total)
L 05/12/2018 - 19:00:15: [umc-core.smx] RUNOFF MENU: (Verbose) Stopped removing options from the vote. Maximum possible winning vote percentage is 75%
L 05/12/2018 - 19:00:15: [umc-core.smx] Vote has concluded.
L 05/12/2018 - 19:00:23: [umc-core.smx] RUNOFF: Starting runoff vote.
L 05/12/2018 - 19:00:23: [umc-core.smx] Initiating Vote Type: Map
L 05/12/2018 - 19:00:23: [umc-core.smx] Adding Clients to Vote:
L 05/12/2018 - 19:00:23: [umc-core.smx] 0: Spyer (2)
L 05/12/2018 - 19:00:23: [umc-core.smx] 1: Xgaming112 (3)
L 05/12/2018 - 19:00:23: [umc-core.smx] 2: Hyperbolic Hubris (4)
L 05/12/2018 - 19:00:23: [umc-core.smx] 3: Sarun (5)
L 05/12/2018 - 19:00:23: [umc-core.smx] 4: Grave (6)
L 05/12/2018 - 19:00:23: [umc-core.smx] 5: Oktay (7)
L 05/12/2018 - 19:00:23: [umc-core.smx] 6: xsEgo (9)
L 05/12/2018 - 19:00:23: [umc-core.smx] VOTE MENU:
L 05/12/2018 - 19:00:23: [umc-core.smx] 2: emp_drygulch (3)
L 05/12/2018 - 19:00:23: [umc-core.smx] 3: emp_beachfront (0)
L 05/12/2018 - 19:00:25: [umc-core.smx] Spyer<92><[U:1:34143605]><> selected menu item 1
L 05/12/2018 - 19:00:26: [umc-core.smx] Sarun<87><[U:1:58888595]><> selected menu item 2
L 05/12/2018 - 19:00:33: [umc-core.smx] xsEgo<84><[U:1:72025437]><> selected menu item 1
L 05/12/2018 - 19:00:34: [umc-core.smx] Xgaming112<77><[U:1:313949428]><> selected menu item 2
L 05/12/2018 - 19:00:54: [umc-core.smx] Setting nextmap to: emp_beachfront_b2_hce
L 05/12/2018 - 19:00:54: [umc-randomcycle.smx] Disabling random nextmap selection.
L 05/12/2018 - 19:00:54: [umc-core.smx] umc-emp-mapvote.smx: Changing map to 'emp_beachfront_b2_hce' in 5 seconds.
L 05/12/2018 - 19:00:54: [umc-core.smx] MAPVOTE: Players voted for map 'emp_beachfront_b2_hce' from group 'Commander Maps'
L 05/12/2018 - 19:00:54: [umc-core.smx] Vote has concluded.
L 05/12/2018 - 19:01:00: [umc-core.smx] ---------------------MAP CHANGE: emp_beachfront_b2_hce---------------------
L 05/12/2018 - 19:01:00: [umc-endvote-warnings.smx] Successfully parsed and set up 11 vote warnings.
L 05/12/2018 - 19:01:00: [umc-rockthevote.smx] RTV will be made available in 60 seconds.
L 05/12/2018 - 19:02:01: [umc-rockthevote.smx] RTV is now available.
L 05/12/2018 - 19:44:38: [umc-emp-mapvote.smx] Map vote will appear in 30 seconds.
L 05/12/2018 - 19:45:08: [umc-emp-mapvote.smx] Starting a map vote.
L 05/12/2018 - 19:45:08: [umc-core.smx] VOTE MENU: (Verbose) Fetching 6 maps from group 'Commander Maps'
L 05/12/2018 - 19:45:08: [umc-core.smx] VOTE MENU: (Verbose) Finished parsing nominations for map group 'Commander Maps'
L 05/12/2018 - 19:45:08: [umc-core.smx] VOTE MENU: (Verbose) Still need to fetch 6 maps from the group.
L 05/12/2018 - 19:45:08: [umc-core.smx] VOTE MENU: (Verbose) Selected map 'emp_canyon' from group 'Commander Maps' was added to the vote.
L 05/12/2018 - 19:45:08: [umc-core.smx] VOTE MENU: (Verbose) Selected map 'emp_drygulch_a6' from group 'Commander Maps' was added to the vote.
L 05/12/2018 - 19:45:08: [umc-core.smx] VOTE MENU: (Verbose) Selected map 'emp_isle' from group 'Commander Maps' was added to the vote.
L 05/12/2018 - 19:45:08: [umc-core.smx] VOTE MENU: (Verbose) Selected map 'emp_temple_b3f' from group 'Commander Maps' was added to the vote.
L 05/12/2018 - 19:45:08: [umc-core.smx] VOTE MENU: (Verbose) Selected map 'emp_palmbay_fix' from group 'Commander Maps' was added to the vote.
L 05/12/2018 - 19:45:08: [umc-core.smx] VOTE MENU: (Verbose) Selected map 'emp_snowstorm_rc6_hce' from group 'Commander Maps' was added to the vote.
L 05/12/2018 - 19:45:08: [umc-core.smx] VOTE MENU: (Verbose) Fetching 1 maps from group 'Infantry Maps'
L 05/12/2018 - 19:45:08: [umc-core.smx] VOTE MENU: (Verbose) Finished parsing nominations for map group 'Infantry Maps'
L 05/12/2018 - 19:45:08: [umc-core.smx] VOTE MENU: (Verbose) Still need to fetch 1 maps from the group.
L 05/12/2018 - 19:45:08: [umc-core.smx] VOTE MENU: (Verbose) Selected map 'con_glycencity' from group 'Infantry Maps' was added to the vote.
L 05/12/2018 - 19:45:08: [umc-core.smx] VOTE MENU: (Verbose) Fetching 1 maps from group 'Cooldown Maps'
L 05/12/2018 - 19:45:08: [umc-core.smx] VOTE MENU: (Verbose) Finished parsing nominations for map group 'Cooldown Maps'
L 05/12/2018 - 19:45:08: [umc-core.smx] VOTE MENU: (Verbose) Still need to fetch 1 maps from the group.
L 05/12/2018 - 19:45:08: [umc-core.smx] VOTE MENU: (Verbose) No more maps in map group 'Cooldown Maps'
L 05/12/2018 - 19:45:08: [umc-core.smx] Initiating Vote Type: Map
L 05/12/2018 - 19:45:08: [umc-core.smx] Adding Clients to Vote:
L 05/12/2018 - 19:45:08: [umc-core.smx] 0: Spyer (2)
L 05/12/2018 - 19:45:08: [umc-core.smx] 1: Xgaming112 (3)
L 05/12/2018 - 19:45:08: [umc-core.smx] 2: Hyperbolic Hubris (4)
L 05/12/2018 - 19:45:08: [umc-core.smx] 3: Sarun (5)
L 05/12/2018 - 19:45:08: [umc-core.smx] 4: Grave (6)
L 05/12/2018 - 19:45:08: [umc-core.smx] 5: Oktay (7)
L 05/12/2018 - 19:45:08: [umc-core.smx] 6: ARCHEOPTERYX (8)
L 05/12/2018 - 19:45:08: [umc-core.smx] 7: xsEgo (9)
L 05/12/2018 - 19:45:08: [umc-core.smx] 8: Wrecktum (10)
L 05/12/2018 - 19:45:08: [umc-core.smx] 9: Rightwing Extremist (11)
L 05/12/2018 - 19:45:08: [umc-core.smx] 10: Unlimited (12)
L 05/12/2018 - 19:45:08: [umc-core.smx] 11: Ozi (13)
L 05/12/2018 - 19:45:08: [umc-core.smx] 12: JK (14)
L 05/12/2018 - 19:45:08: [umc-core.smx] 13: Mikleo (15)
L 05/12/2018 - 19:45:08: [umc-core.smx] VOTE MENU:
L 05/12/2018 - 19:45:08: [umc-core.smx] 2: con_glycencity (0)
L 05/12/2018 - 19:45:08: [umc-core.smx] 3: emp_isle (1)
L 05/12/2018 - 19:45:08: [umc-core.smx] 4: emp_temple (2)
L 05/12/2018 - 19:45:08: [umc-core.smx] 5: emp_canyon (3)
L 05/12/2018 - 19:45:08: [umc-core.smx] 6: emp_snowstorm (4)
L 05/12/2018 - 19:45:08: [umc-core.smx] 7: emp_drygulch (5)
L 05/12/2018 - 19:45:08: [umc-core.smx] 8: emp_palmbay (6)
L 05/12/2018 - 19:45:12: [umc-core.smx] Xgaming112<77><[U:1:313949428]><> selected menu item 4
L 05/12/2018 - 19:45:14: [umc-core.smx] Unlimited<103><[U:1:17130094]><> selected menu item 6
L 05/12/2018 - 19:45:19: [umc-core.smx] xsEgo<84><[U:1:72025437]><> selected menu item 6
L 05/12/2018 - 19:45:19: [umc-core.smx] Spyer<92><[U:1:34143605]><> selected menu item 6
L 05/12/2018 - 19:45:19: [umc-core.smx] Hyperbolic Hubris<85><[U:1:15813678]><> selected menu item 4
L 05/12/2018 - 19:45:20: [umc-core.smx] Mikleo<106><[U:1:376259319]><> selected menu item 6
L 05/12/2018 - 19:45:23: [umc-core.smx] Grave<86><[U:1:34977414]><> selected menu item 6
L 05/12/2018 - 19:45:26: [umc-core.smx] Sarun<87><[U:1:58888595]><> selected menu item 5
L 05/12/2018 - 19:45:26: [umc-core.smx] Oktay<94><[U:1:116496292]><> selected menu item 3
L 05/12/2018 - 19:45:27: [umc-core.smx] JK<105><[U:1:17292082]><> selected menu item 6
L 05/12/2018 - 19:45:28: [umc-core.smx] ARCHEOPTERYX<98><[U:1:192512264]><> selected menu item 4
L 05/12/2018 - 19:45:30: [umc-core.smx] Ozi<104><[U:1:24496363]><> selected menu item 1
L 05/12/2018 - 19:45:38: [umc-core.smx] RUNOFF MENU: (Verbose) Building runoff vote menu.
L 05/12/2018 - 19:45:38: [umc-core.smx] RUNOFF MENU: (Verbose) 'emp_snowstorm' was removed from the vote. It had 1 votes (8 of total)
L 05/12/2018 - 19:45:38: [umc-core.smx] RUNOFF MENU: (Verbose) 'con_glycencity' was removed from the vote. It had 1 votes (8 of total)
L 05/12/2018 - 19:45:38: [umc-core.smx] RUNOFF MENU: (Verbose) 'emp_temple' was removed from the vote. It had 1 votes (8 of total)
L 05/12/2018 - 19:45:38: [umc-core.smx] RUNOFF MENU: (Verbose) Stopped removing options from the vote. Maximum possible winning vote percentage is 75%
L 05/12/2018 - 19:45:38: [umc-core.smx] Vote has concluded.
L 05/12/2018 - 19:45:46: [umc-core.smx] RUNOFF: Starting runoff vote.
L 05/12/2018 - 19:45:46: [umc-core.smx] Initiating Vote Type: Map
L 05/12/2018 - 19:45:46: [umc-core.smx] Adding Clients to Vote:
L 05/12/2018 - 19:45:46: [umc-core.smx] 0: Spyer (2)
L 05/12/2018 - 19:45:46: [umc-core.smx] 1: Xgaming112 (3)
L 05/12/2018 - 19:45:46: [umc-core.smx] 2: Hyperbolic Hubris (4)
L 05/12/2018 - 19:45:46: [umc-core.smx] 3: Sarun (5)
L 05/12/2018 - 19:45:46: [umc-core.smx] 4: Grave (6)
L 05/12/2018 - 19:45:46: [umc-core.smx] 5: Oktay (7)
L 05/12/2018 - 19:45:46: [umc-core.smx] 6: ARCHEOPTERYX (8)
L 05/12/2018 - 19:45:46: [umc-core.smx] 7: xsEgo (9)
L 05/12/2018 - 19:45:46: [umc-core.smx] 8: Wrecktum (10)
L 05/12/2018 - 19:45:46: [umc-core.smx] 9: Rightwing Extremist (11)
L 05/12/2018 - 19:45:46: [umc-core.smx] 10: Unlimited (12)
L 05/12/2018 - 19:45:46: [umc-core.smx] 11: Ozi (13)
L 05/12/2018 - 19:45:46: [umc-core.smx] 12: JK (14)
L 05/12/2018 - 19:45:46: [umc-core.smx] 13: Mikleo (15)
L 05/12/2018 - 19:45:46: [umc-core.smx] VOTE MENU:
L 05/12/2018 - 19:45:46: [umc-core.smx] 2: emp_drygulch (5)
L 05/12/2018 - 19:45:46: [umc-core.smx] 3: emp_canyon (3)
L 05/12/2018 - 19:45:48: [umc-core.smx] Spyer<92><[U:1:34143605]><> selected menu item 1
L 05/12/2018 - 19:45:49: [umc-core.smx] Xgaming112<77><[U:1:313949428]><> selected menu item 2
L 05/12/2018 - 19:45:49: [umc-core.smx] Oktay<94><[U:1:116496292]><> selected menu item 2
L 05/12/2018 - 19:45:49: [umc-core.smx] Mikleo<106><[U:1:376259319]><> selected menu item 2
L 05/12/2018 - 19:45:50: [umc-core.smx] ARCHEOPTERYX<98><[U:1:192512264]><> selected menu item 2
L 05/12/2018 - 19:45:50: [umc-core.smx] Ozi<104><[U:1:24496363]><> selected menu item 1
L 05/12/2018 - 19:45:51: [umc-core.smx] Sarun<87><[U:1:58888595]><> selected menu item 2
L 05/12/2018 - 19:45:51: [umc-core.smx] Unlimited<103><[U:1:17130094]><> selected menu item 1
L 05/12/2018 - 19:45:53: [umc-core.smx] Grave<86><[U:1:34977414]><> selected menu item 1
L 05/12/2018 - 19:45:53: [umc-core.smx] Wrecktum<99><[U:1:44099803]><> selected menu item 2
L 05/12/2018 - 19:45:54: [umc-core.smx] xsEgo<84><[U:1:72025437]><> selected menu item 2
L 05/12/2018 - 19:45:56: [umc-core.smx] JK<105><[U:1:17292082]><> selected menu item 2
L 05/12/2018 - 19:46:17: [umc-core.smx] Setting nextmap to: emp_canyon
L 05/12/2018 - 19:46:17: [umc-randomcycle.smx] Disabling random nextmap selection.
L 05/12/2018 - 19:46:17: [umc-core.smx] umc-emp-mapvote.smx: Changing map to 'emp_canyon' in 5 seconds.
L 05/12/2018 - 19:46:17: [umc-core.smx] MAPVOTE: Players voted for map 'emp_canyon' from group 'Commander Maps'
L 05/12/2018 - 19:46:17: [umc-core.smx] Vote has concluded.
L 05/12/2018 - 19:46:23: [umc-core.smx] ---------------------MAP CHANGE: emp_canyon---------------------
L 05/12/2018 - 19:46:23: [umc-endvote-warnings.smx] Successfully parsed and set up 11 vote warnings.
L 05/12/2018 - 19:46:23: [umc-rockthevote.smx] RTV will be made available in 60 seconds.
L 05/12/2018 - 19:47:24: [umc-rockthevote.smx] RTV is now available.
L 05/12/2018 - 20:26:53: [umc-nominate.smx] Oktay wants to nominate a map.
L 05/12/2018 - 20:27:06: [umc-nominate.smx] Oktay has nominated 'emp_plunge_ob2_2013_hce' from group 'Commander Maps'
L 05/12/2018 - 21:04:25: [umc-nominate.smx] Axeman wants to nominate a map.
L 05/12/2018 - 21:04:31: [umc-nominate.smx] Justkidding wants to nominate a map.
L 05/12/2018 - 21:04:32: [umc-nominate.smx] Axeman wants to nominate a map.
L 05/12/2018 - 21:04:37: [umc-nominate.smx] Axeman has nominated 'emp_homeland_b9' from group 'Commander Maps'
L 05/12/2018 - 21:06:02: [umc-nominate.smx] Oktay wants to nominate a map.
L 05/12/2018 - 21:06:32: [umc-nominate.smx] Oktay wants to nominate a map.
L 05/12/2018 - 21:06:41: [umc-nominate.smx] Oktay has nominated 'emp_silo_rc5_fix' from group 'Commander Maps'
L 05/12/2018 - 21:21:39: [umc-nominate.smx] ‡|JPL|‡ Momo wants to nominate a map.
L 05/12/2018 - 21:21:44: [umc-nominate.smx] ‡|JPL|‡ Momo has nominated 'emp_dune_ob1' from group 'Commander Maps'
L 05/12/2018 - 21:40:08: [umc-nominate.smx] Spyer wants to nominate a map.
L 05/12/2018 - 21:50:25: [umc-nominate.smx] Blood-Wiper wants to nominate a map.
L 05/12/2018 - 21:50:29: [umc-nominate.smx] Blood-Wiper has nominated 'emp_coast' from group 'Commander Maps'
L 05/12/2018 - 21:51:43: [umc-nominate.smx] ScardyBob wants to nominate a map.
L 05/12/2018 - 21:51:48: [umc-nominate.smx] ScardyBob has nominated 'emp_isle' from group 'Commander Maps'
L 05/12/2018 - 21:52:07: [umc-emp-mapvote.smx] Map vote will appear in 30 seconds.
L 05/12/2018 - 21:52:37: [umc-emp-mapvote.smx] Starting a map vote.
L 05/12/2018 - 21:52:37: [umc-core.smx] VOTE MENU: (Verbose) Fetching 6 maps from group 'Commander Maps'
L 05/12/2018 - 21:52:37: [umc-core.smx] VOTE MENU: (Verbose) Nominated map 'emp_homeland_b9' from group 'Commander Maps' was added to the vote.
L 05/12/2018 - 21:52:37: [umc-core.smx] VOTE MENU: (Verbose) Nominated map 'emp_silo_rc5_fix' from group 'Commander Maps' was added to the vote.
L 05/12/2018 - 21:52:37: [umc-core.smx] VOTE MENU: (Verbose) Nominated map 'emp_dune_ob1' from group 'Commander Maps' was added to the vote.
L 05/12/2018 - 21:52:37: [umc-core.smx] VOTE MENU: (Verbose) Nominated map 'emp_coast' from group 'Commander Maps' was added to the vote.
L 05/12/2018 - 21:52:37: [umc-core.smx] VOTE MENU: (Verbose) Nominated map 'emp_isle' from group 'Commander Maps' was added to the vote.
L 05/12/2018 - 21:52:37: [umc-core.smx] VOTE MENU: (Verbose) Finished parsing nominations for map group 'Commander Maps'
L 05/12/2018 - 21:52:37: [umc-core.smx] VOTE MENU: (Verbose) Still need to fetch 1 maps from the group.
L 05/12/2018 - 21:52:37: [umc-core.smx] VOTE MENU: (Verbose) Selected map 'emp_mesa_d6_hce' from group 'Commander Maps' was added to the vote.
L 05/12/2018 - 21:52:37: [umc-core.smx] VOTE MENU: (Verbose) Fetching 1 maps from group 'Infantry Maps'
L 05/12/2018 - 21:52:37: [umc-core.smx] VOTE MENU: (Verbose) Finished parsing nominations for map group 'Infantry Maps'
L 05/12/2018 - 21:52:37: [umc-core.smx] VOTE MENU: (Verbose) Still need to fetch 1 maps from the group.
L 05/12/2018 - 21:52:37: [umc-core.smx] VOTE MENU: (Verbose) No more maps in map group 'Infantry Maps'
L 05/12/2018 - 21:52:37: [umc-core.smx] VOTE MENU: (Verbose) Fetching 1 maps from group 'Cooldown Maps'
L 05/12/2018 - 21:52:37: [umc-core.smx] VOTE MENU: (Verbose) Finished parsing nominations for map group 'Cooldown Maps'
L 05/12/2018 - 21:52:37: [umc-core.smx] VOTE MENU: (Verbose) Still need to fetch 1 maps from the group.
L 05/12/2018 - 21:52:37: [umc-core.smx] VOTE MENU: (Verbose) No more maps in map group 'Cooldown Maps'
L 05/12/2018 - 21:52:37: [umc-core.smx] Initiating Vote Type: Map
L 05/12/2018 - 21:52:37: [umc-core.smx] Adding Clients to Vote:
L 05/12/2018 - 21:52:37: [umc-core.smx] 0: Spyer (2)
L 05/12/2018 - 21:52:37: [umc-core.smx] 1: Xgaming112 (3)
L 05/12/2018 - 21:52:37: [umc-core.smx] 2: Hyperbolic Hubris (4)
L 05/12/2018 - 21:52:37: [umc-core.smx] 3: Sarun (5)
L 05/12/2018 - 21:52:37: [umc-core.smx] 4: Grave (6)
L 05/12/2018 - 21:52:37: [umc-core.smx] 5: Oktay (7)
L 05/12/2018 - 21:52:37: [umc-core.smx] 6: ARCHEOPTERYX (8)
L 05/12/2018 - 21:52:37: [umc-core.smx] 7: xsEgo (9)
L 05/12/2018 - 21:52:37: [umc-core.smx] 8: Wrecktum (10)
L 05/12/2018 - 21:52:37: [umc-core.smx] 9: Rightwing Extremist (11)
L 05/12/2018 - 21:52:37: [umc-core.smx] 10: BLOODPICKLE (12)
L 05/12/2018 - 21:52:37: [umc-core.smx] 11: Ozi (13)
L 05/12/2018 - 21:52:37: [umc-core.smx] 12: JK (14)
L 05/12/2018 - 21:52:37: [umc-core.smx] 13: Mikleo (15)
L 05/12/2018 - 21:52:37: [umc-core.smx] 14: ‡|JPL|‡ Momo (16)
L 05/12/2018 - 21:52:37: [umc-core.smx] 15: VV (17)
L 05/12/2018 - 21:52:37: [umc-core.smx] 16: Justkidding (18)
L 05/12/2018 - 21:52:37: [umc-core.smx] 17: .|Ϟ|. Spike (19)
L 05/12/2018 - 21:52:37: [umc-core.smx] 18: ScardyBob (20)
L 05/12/2018 - 21:52:37: [umc-core.smx] 19: Beneves (21)
L 05/12/2018 - 21:52:37: [umc-core.smx] 20: CrazyMRANZ (22)
L 05/12/2018 - 21:52:37: [umc-core.smx] 21: Sosomike (23)
L 05/12/2018 - 21:52:37: [umc-core.smx] 22: Blood-Wiper (24)
L 05/12/2018 - 21:52:37: [umc-core.smx] 23: Skalk (25)
L 05/12/2018 - 21:52:37: [umc-core.smx] 24: LT (26)
L 05/12/2018 - 21:52:37: [umc-core.smx] 25: Axeman (27)
L 05/12/2018 - 21:52:37: [umc-core.smx] 26: Hungamer181 (28)
L 05/12/2018 - 21:52:37: [umc-core.smx] 27: POOTISMAN (29)
L 05/12/2018 - 21:52:37: [umc-core.smx] 28: =F= MrBlueSky (30)
L 05/12/2018 - 21:52:37: [umc-core.smx] 29: Wilko (31)
L 05/12/2018 - 21:52:37: [umc-core.smx] 30: Solace (32)
L 05/12/2018 - 21:52:37: [umc-core.smx] VOTE MENU:
L 05/12/2018 - 21:52:37: [umc-core.smx] 2: emp_dune (0)
L 05/12/2018 - 21:52:37: [umc-core.smx] 3: emp_silo (1)
L 05/12/2018 - 21:52:37: [umc-core.smx] 4: emp_homeland (2)
L 05/12/2018 - 21:52:37: [umc-core.smx] 5: emp_isle (3)
L 05/12/2018 - 21:52:37: [umc-core.smx] 6: emp_coast (4)
L 05/12/2018 - 21:52:37: [umc-core.smx] 7: emp_mesa (5)
L 05/12/2018 - 21:52:40: [umc-core.smx] ScardyBob<114><[U:1:21571057]><> selected menu item 4
L 05/12/2018 - 21:52:41: [umc-core.smx] Blood-Wiper<135><[U:1:36056234]><> selected menu item 5
L 05/12/2018 - 21:52:42: [umc-core.smx] Sosomike<138><[U:1:125850371]><> selected menu item 4
L 05/12/2018 - 21:52:42: [umc-core.smx] ARCHEOPTERYX<98><[U:1:192512264]><> selected menu item 6
L 05/12/2018 - 21:52:43: [umc-core.smx] Xgaming112<77><[U:1:313949428]><> selected menu item 5
L 05/12/2018 - 21:52:43: [umc-core.smx] Ozi<104><[U:1:24496363]><> selected menu item 3
L 05/12/2018 - 21:52:44: [umc-core.smx] VV<117><[U:1:5870260]><> selected menu item 3
L 05/12/2018 - 21:52:44: [umc-core.smx] Oktay<94><[U:1:116496292]><> selected menu item 2
L 05/12/2018 - 21:52:44: [umc-core.smx] Axeman<125><[U:1:34903667]><> selected menu item 3
L 05/12/2018 - 21:52:44: [umc-core.smx] Wilko<136><[U:1:1704795]><> selected menu item 6
L 05/12/2018 - 21:52:47: [umc-core.smx] Hungamer181<128><[U:1:269573544]><> selected menu item 1
L 05/12/2018 - 21:52:49: [umc-core.smx] Grave<86><[U:1:34977414]><> selected menu item 1
L 05/12/2018 - 21:52:49: [umc-core.smx] Spyer<92><[U:1:34143605]><> selected menu item 3
L 05/12/2018 - 21:52:50: [umc-core.smx] POOTISMAN<129><[U:1:26527408]><> selected menu item 1
L 05/12/2018 - 21:52:51: [umc-core.smx] CrazyMRANZ<126><[U:1:42657167]><> selected menu item 1
L 05/12/2018 - 21:52:55: [umc-core.smx] Sarun<87><[U:1:58888595]><> selected menu item 2
L 05/12/2018 - 21:52:56: [umc-core.smx] Blood-Wiper<135><[U:1:36056234]><> selected menu item 3
L 05/12/2018 - 21:52:57: [umc-core.smx] .|Ϟ|. Spike<111><[U:1:39029790]><> selected menu item 3
L 05/12/2018 - 21:53:03: [umc-core.smx] Beneves<119><[U:1:76333405]><> selected menu item 3
L 05/12/2018 - 21:53:08: [umc-core.smx] RUNOFF MENU: (Verbose) Building runoff vote menu.
L 05/12/2018 - 21:53:08: [umc-core.smx] RUNOFF MENU: (Verbose) 'emp_coast' was removed from the vote. It had 1 votes (5 of total)
L 05/12/2018 - 21:53:08: [umc-core.smx] RUNOFF MENU: (Verbose) 'emp_isle' was removed from the vote. It had 2 votes (11 of total)
L 05/12/2018 - 21:53:08: [umc-core.smx] RUNOFF MENU: (Verbose) 'emp_silo' was removed from the vote. It had 2 votes (11 of total)
L 05/12/2018 - 21:53:08: [umc-core.smx] RUNOFF MENU: (Verbose) 'emp_mesa' was removed from the vote. It had 2 votes (11 of total)
L 05/12/2018 - 21:53:08: [umc-core.smx] RUNOFF MENU: (Verbose) Stopped removing options from the vote. Maximum possible winning vote percentage is 77%
L 05/12/2018 - 21:53:08: [umc-core.smx] Vote has concluded.
L 05/12/2018 - 21:53:16: [umc-core.smx] RUNOFF: Starting runoff vote.
L 05/12/2018 - 21:53:16: [umc-core.smx] Initiating Vote Type: Map
L 05/12/2018 - 21:53:16: [umc-core.smx] Adding Clients to Vote:
L 05/12/2018 - 21:53:16: [umc-core.smx] 0: Spyer (2)
L 05/12/2018 - 21:53:16: [umc-core.smx] 1: Xgaming112 (3)
L 05/12/2018 - 21:53:16: [umc-core.smx] 2: Hyperbolic Hubris (4)
L 05/12/2018 - 21:53:16: [umc-core.smx] 3: Sarun (5)
L 05/12/2018 - 21:53:16: [umc-core.smx] 4: Grave (6)
L 05/12/2018 - 21:53:16: [umc-core.smx] 5: Oktay (7)
L 05/12/2018 - 21:53:16: [umc-core.smx] 6: ARCHEOPTERYX (8)
L 05/12/2018 - 21:53:16: [umc-core.smx] 7: xsEgo (9)
L 05/12/2018 - 21:53:16: [umc-core.smx] 8: Wrecktum (10)
L 05/12/2018 - 21:53:16: [umc-core.smx] 9: Rightwing Extremist (11)
L 05/12/2018 - 21:53:16: [umc-core.smx] 10: BLOODPICKLE (12)
L 05/12/2018 - 21:53:16: [umc-core.smx] 11: Ozi (13)
L 05/12/2018 - 21:53:16: [umc-core.smx] 12: JK (14)
L 05/12/2018 - 21:53:16: [umc-core.smx] 13: Mikleo (15)
L 05/12/2018 - 21:53:16: [umc-core.smx] 14: ‡|JPL|‡ Momo (16)
L 05/12/2018 - 21:53:16: [umc-core.smx] 15: VV (17)
L 05/12/2018 - 21:53:16: [umc-core.smx] 16: Justkidding (18)
L 05/12/2018 - 21:53:16: [umc-core.smx] 17: .|Ϟ|. Spike (19)
L 05/12/2018 - 21:53:16: [umc-core.smx] 18: ScardyBob (20)
L 05/12/2018 - 21:53:16: [umc-core.smx] 19: Beneves (21)
L 05/12/2018 - 21:53:16: [umc-core.smx] 20: CrazyMRANZ (22)
L 05/12/2018 - 21:53:16: [umc-core.smx] 21: Sosomike (23)
L 05/12/2018 - 21:53:16: [umc-core.smx] 22: Blood-Wiper (24)
L 05/12/2018 - 21:53:16: [umc-core.smx] 23: Skalk (25)
L 05/12/2018 - 21:53:16: [umc-core.smx] 24: LT (26)
L 05/12/2018 - 21:53:16: [umc-core.smx] 25: Axeman (27)
L 05/12/2018 - 21:53:16: [umc-core.smx] 26: Hungamer181 (28)
L 05/12/2018 - 21:53:16: [umc-core.smx] 27: POOTISMAN (29)
L 05/12/2018 - 21:53:16: [umc-core.smx] 28: =F= MrBlueSky (30)
L 05/12/2018 - 21:53:16: [umc-core.smx] 29: Wilko (31)
L 05/12/2018 - 21:53:16: [umc-core.smx] 30: Solace (32)
L 05/12/2018 - 21:53:16: [umc-core.smx] VOTE MENU:
L 05/12/2018 - 21:53:16: [umc-core.smx] 2: emp_homeland (2)
L 05/12/2018 - 21:53:16: [umc-core.smx] 3: emp_dune (0)
L 05/12/2018 - 21:53:17: [umc-core.smx] Spyer<92><[U:1:34143605]><> selected menu item 1
L 05/12/2018 - 21:53:18: [umc-core.smx] .|Ϟ|. Spike<111><[U:1:39029790]><> selected menu item 1
L 05/12/2018 - 21:53:18: [umc-core.smx] Blood-Wiper<135><[U:1:36056234]><> selected menu item 1
L 05/12/2018 - 21:53:18: [umc-core.smx] VV<117><[U:1:5870260]><> selected menu item 2
L 05/12/2018 - 21:53:18: [umc-core.smx] CrazyMRANZ<126><[U:1:42657167]><> selected menu item 2
L 05/12/2018 - 21:53:18: [umc-core.smx] Hyperbolic Hubris<85><[U:1:15813678]><> selected menu item 2
L 05/12/2018 - 21:53:18: [umc-core.smx] Mikleo<106><[U:1:376259319]><> selected menu item 1
L 05/12/2018 - 21:53:18: [umc-core.smx] Hungamer181<128><[U:1:269573544]><> selected menu item 2
L 05/12/2018 - 21:53:19: [umc-core.smx] Xgaming112<77><[U:1:313949428]><> selected menu item 1
L 05/12/2018 - 21:53:19: [umc-core.smx] Axeman<125><[U:1:34903667]><> selected menu item 1
L 05/12/2018 - 21:53:19: [umc-core.smx] Wilko<136><[U:1:1704795]><> selected menu item 2
L 05/12/2018 - 21:53:20: [umc-core.smx] Wrecktum<99><[U:1:44099803]><> selected menu item 1
L 05/12/2018 - 21:53:20: [umc-core.smx] Ozi<104><[U:1:24496363]><> selected menu item 1
L 05/12/2018 - 21:53:21: [umc-core.smx] Sarun<87><[U:1:58888595]><> selected menu item 1
L 05/12/2018 - 21:53:21: [umc-core.smx] ARCHEOPTERYX<98><[U:1:192512264]><> selected menu item 2
L 05/12/2018 - 21:53:22: [umc-core.smx] POOTISMAN<129><[U:1:26527408]><> selected menu item 2
L 05/12/2018 - 21:53:22: [umc-core.smx] Grave<86><[U:1:34977414]><> selected menu item 2
L 05/12/2018 - 21:53:25: [umc-core.smx] Justkidding<113><[U:1:2788022]><> selected menu item 1
L 05/12/2018 - 21:53:27: [umc-core.smx] Sosomike<138><[U:1:125850371]><> selected menu item 1
L 05/12/2018 - 21:53:33: [umc-core.smx] Beneves<119><[U:1:76333405]><> selected menu item 1
L 05/12/2018 - 21:53:40: [umc-core.smx] ‡|JPL|‡ Momo<108><[U:1:18917575]><> selected menu item 2
L 05/12/2018 - 21:53:43: [umc-core.smx] LT<124><[U:1:36129206]><> selected menu item 1
L 05/12/2018 - 21:53:44: [umc-core.smx] ScardyBob<114><[U:1:21571057]><> selected menu item 1
L 05/12/2018 - 21:53:44: [umc-core.smx] =F= MrBlueSky<134><[U:1:7486994]><> selected menu item 1
L 05/12/2018 - 21:53:47: [umc-core.smx] Setting nextmap to: emp_homeland_b9
L 05/12/2018 - 21:53:47: [umc-randomcycle.smx] Disabling random nextmap selection.
L 05/12/2018 - 21:53:47: [umc-core.smx] umc-emp-mapvote.smx: Changing map to 'emp_homeland_b9' in 5 seconds.
L 05/12/2018 - 21:53:47: [umc-core.smx] MAPVOTE: Players voted for map 'emp_homeland_b9' from group 'Commander Maps'
L 05/12/2018 - 21:53:47: [umc-core.smx] Vote has concluded.
L 05/12/2018 - 21:53:53: [umc-core.smx] ---------------------MAP CHANGE: emp_homeland_b9---------------------
L 05/12/2018 - 21:53:53: [umc-endvote-warnings.smx] Successfully parsed and set up 11 vote warnings.
L 05/12/2018 - 21:53:53: [umc-rockthevote.smx] RTV will be made available in 60 seconds.
L 05/12/2018 - 21:54:55: [umc-rockthevote.smx] RTV is now available.
L 05/12/2018 - 22:16:10: [umc-emp-mapvote.smx] Map vote will appear in 30 seconds.
L 05/12/2018 - 22:16:20: [umc-nominate.smx] ScardyBob wants to nominate a map.
L 05/12/2018 - 22:16:24: [umc-nominate.smx] ScardyBob has nominated 'emp_cyclopean' from group 'Commander Maps'
L 05/12/2018 - 22:16:40: [umc-emp-mapvote.smx] Starting a map vote.
L 05/12/2018 - 22:16:40: [umc-core.smx] VOTE MENU: (Verbose) Fetching 6 maps from group 'Commander Maps'
L 05/12/2018 - 22:16:40: [umc-core.smx] VOTE MENU: (Verbose) Nominated map 'emp_cyclopean' from group 'Commander Maps' was added to the vote.
L 05/12/2018 - 22:16:40: [umc-core.smx] VOTE MENU: (Verbose) Finished parsing nominations for map group 'Commander Maps'
L 05/12/2018 - 22:16:40: [umc-core.smx] VOTE MENU: (Verbose) Still need to fetch 5 maps from the group.
L 05/12/2018 - 22:16:40: [umc-core.smx] VOTE MENU: (Verbose) Selected map 'emp_midbridge' from group 'Commander Maps' was added to the vote.
L 05/12/2018 - 22:16:40: [umc-core.smx] VOTE MENU: (Verbose) Selected map 'emp_dune_ob1' from group 'Commander Maps' was added to the vote.
L 05/12/2018 - 22:16:40: [umc-core.smx] VOTE MENU: (Verbose) Selected map 'emp_frozensummit_b2_2013_fix2' from group 'Commander Maps' was added to the vote.
L 05/12/2018 - 22:16:40: [umc-core.smx] VOTE MENU: (Verbose) Selected map 'emp_mvalley_fix' from group 'Commander Maps' was added to the vote.
L 05/12/2018 - 22:16:40: [umc-core.smx] VOTE MENU: (Verbose) Selected map 'emp_duststorm_fix2' from group 'Commander Maps' was added to the vote.
L 05/12/2018 - 22:16:40: [umc-core.smx] VOTE MENU: (Verbose) Fetching 1 maps from group 'Infantry Maps'
L 05/12/2018 - 22:16:40: [umc-core.smx] VOTE MENU: (Verbose) Finished parsing nominations for map group 'Infantry Maps'
L 05/12/2018 - 22:16:40: [umc-core.smx] VOTE MENU: (Verbose) Still need to fetch 1 maps from the group.
L 05/12/2018 - 22:16:40: [umc-core.smx] VOTE MENU: (Verbose) Selected map 'con_atomic_rc6_fix' from group 'Infantry Maps' was added to the vote.
L 05/12/2018 - 22:16:40: [umc-core.smx] VOTE MENU: (Verbose) Fetching 1 maps from group 'Cooldown Maps'
L 05/12/2018 - 22:16:40: [umc-core.smx] VOTE MENU: (Verbose) Finished parsing nominations for map group 'Cooldown Maps'
L 05/12/2018 - 22:16:40: [umc-core.smx] VOTE MENU: (Verbose) Still need to fetch 1 maps from the group.
L 05/12/2018 - 22:16:40: [umc-core.smx] VOTE MENU: (Verbose) Selected map 'fun_ricochet_a4' from group 'Cooldown Maps' was added to the vote.
L 05/12/2018 - 22:16:40: [umc-core.smx] Initiating Vote Type: Map
L 05/12/2018 - 22:16:40: [umc-core.smx] Adding Clients to Vote:
L 05/12/2018 - 22:16:40: [umc-core.smx] 0: Spyer (2)
L 05/12/2018 - 22:16:40: [umc-core.smx] 1: Xgaming112 (3)
L 05/12/2018 - 22:16:40: [umc-core.smx] 2: Hyperbolic Hubris (4)
L 05/12/2018 - 22:16:40: [umc-core.smx] 3: Sarun (5)
L 05/12/2018 - 22:16:40: [umc-core.smx] 4: Grave (6)
L 05/12/2018 - 22:16:40: [umc-core.smx] 5: Oktay (7)
L 05/12/2018 - 22:16:40: [umc-core.smx] 6: ARCHEOPTERYX (8)
L 05/12/2018 - 22:16:40: [umc-core.smx] 7: xsEgo (9)
L 05/12/2018 - 22:16:40: [umc-core.smx] 8: Wrecktum (10)
L 05/12/2018 - 22:16:40: [umc-core.smx] 9: Rightwing Extremist (11)
L 05/12/2018 - 22:16:40: [umc-core.smx] 10: Diggus Longus (12)
L 05/12/2018 - 22:16:40: [umc-core.smx] 11: Ozi (13)
L 05/12/2018 - 22:16:40: [umc-core.smx] 12: JK (14)
L 05/12/2018 - 22:16:40: [umc-core.smx] 13: Mikleo (15)
L 05/12/2018 - 22:16:40: [umc-core.smx] 14: ‡|JPL|‡ Momo (16)
L 05/12/2018 - 22:16:40: [umc-core.smx] 15: VV (17)
L 05/12/2018 - 22:16:40: [umc-core.smx] 16: Justkidding (18)
L 05/12/2018 - 22:16:40: [umc-core.smx] 17: Quigon (19)
L 05/12/2018 - 22:16:40: [umc-core.smx] 18: ScardyBob (20)
L 05/12/2018 - 22:16:40: [umc-core.smx] 19: Beneves (21)
L 05/12/2018 - 22:16:40: [umc-core.smx] 20: CrazyMRANZ (22)
L 05/12/2018 - 22:16:40: [umc-core.smx] 21: Sosomike (23)
L 05/12/2018 - 22:16:40: [umc-core.smx] 22: Blood-Wiper (24)
L 05/12/2018 - 22:16:40: [umc-core.smx] 23: Skalk (25)
L 05/12/2018 - 22:16:40: [umc-core.smx] 24: LT (26)
L 05/12/2018 - 22:16:40: [umc-core.smx] 25: Axeman (27)
L 05/12/2018 - 22:16:40: [umc-core.smx] 26: Hungamer181 (28)
L 05/12/2018 - 22:16:40: [umc-core.smx] 27: POOTISMAN (29)
L 05/12/2018 - 22:16:40: [umc-core.smx] 28: =F= MrBlueSky (30)
L 05/12/2018 - 22:16:40: [umc-core.smx] 29: Wilko (31)
L 05/12/2018 - 22:16:40: [umc-core.smx] 30: Solace (32)
L 05/12/2018 - 22:16:40: [umc-core.smx] 31: Rainbowkill (33)
L 05/12/2018 - 22:16:40: [umc-core.smx] 32: Schwarz (34)
L 05/12/2018 - 22:16:40: [umc-core.smx] 33: Daddy Fat Stax (35)
L 05/12/2018 - 22:16:40: [umc-core.smx] 34: -NOZOMI- Ryan (36)
L 05/12/2018 - 22:16:40: [umc-core.smx] 35: gunguy (37)
L 05/12/2018 - 22:16:40: [umc-core.smx] VOTE MENU:
L 05/12/2018 - 22:16:40: [umc-core.smx] 2: emp_frozensummit (0)
L 05/12/2018 - 22:16:40: [umc-core.smx] 3: emp_cyclopean (1)
L 05/12/2018 - 22:16:40: [umc-core.smx] 4: fun_ricochet_a4 (2)
L 05/12/2018 - 22:16:40: [umc-core.smx] 5: emp_dune (3)
L 05/12/2018 - 22:16:40: [umc-core.smx] 6: emp_duststorm (4)
L 05/12/2018 - 22:16:40: [umc-core.smx] 7: emp_mvalley (5)
L 05/12/2018 - 22:16:40: [umc-core.smx] 8: emp_midbridge (6)
L 05/12/2018 - 22:16:40: [umc-core.smx] 9: con_atomic (7)
L 05/12/2018 - 22:16:42: [umc-core.smx] ‡|JPL|‡ Momo<108><[U:1:18917575]><> selected menu item 1
L 05/12/2018 - 22:16:43: [umc-core.smx] Xgaming112<77><[U:1:313949428]><> selected menu item 5
L 05/12/2018 - 22:16:44: [umc-core.smx] Oktay<94><[U:1:116496292]><> selected menu item 7
L 05/12/2018 - 22:16:46: [umc-core.smx] Blood-Wiper<135><[U:1:36056234]><> selected menu item 6
L 05/12/2018 - 22:16:46: [umc-core.smx] CrazyMRANZ<126><[U:1:42657167]><> selected menu item 2
L 05/12/2018 - 22:16:47: [umc-core.smx] POOTISMAN<129><[U:1:26527408]><> selected menu item 7
L 05/12/2018 - 22:16:47: [umc-core.smx] Sarun<87><[U:1:58888595]><> selected menu item 1
L 05/12/2018 - 22:16:48: [umc-core.smx] Grave<86><[U:1:34977414]><> selected menu item 1
L 05/12/2018 - 22:16:48: [umc-core.smx] Beneves<119><[U:1:76333405]><> selected menu item 7
L 05/12/2018 - 22:16:49: [umc-core.smx] Daddy Fat Stax<143><[U:1:36574306]><> selected menu item 6
L 05/12/2018 - 22:16:50: [umc-core.smx] JK<105><[U:1:17292082]><> selected menu item 2
L 05/12/2018 - 22:16:50: [umc-nominate.smx] ‡|JPL|‡ Momo wants to nominate a map.
L 05/12/2018 - 22:16:51: [umc-core.smx] Hungamer181<128><[U:1:269573544]><> selected menu item 4
L 05/12/2018 - 22:16:52: [umc-core.smx] Axeman<125><[U:1:34903667]><> selected menu item 2
L 05/12/2018 - 22:16:53: [umc-core.smx] Schwarz<142><[U:1:31891768]><> selected menu item 4
L 05/12/2018 - 22:16:53: [umc-core.smx] Ozi<104><[U:1:24496363]><> selected menu item 7
L 05/12/2018 - 22:16:54: [umc-core.smx] -NOZOMI- Ryan<144><[U:1:25012379]><> selected menu item 6
L 05/12/2018 - 22:16:54: [umc-core.smx] ScardyBob<114><[U:1:21571057]><> selected menu item 2
L 05/12/2018 - 22:16:57: [umc-core.smx] VV<117><[U:1:5870260]><> selected menu item 7
L 05/12/2018 - 22:16:58: [umc-core.smx] Quigon<146><[U:1:5653485]><> selected menu item 2
L 05/12/2018 - 22:16:58: [umc-core.smx] Justkidding<113><[U:1:2788022]><> selected menu item 2
L 05/12/2018 - 22:16:59: [umc-core.smx] ARCHEOPTERYX<98><[U:1:192512264]><> selected menu item 8
L 05/12/2018 - 22:17:00: [umc-core.smx] Grave<86><[U:1:34977414]><> selected menu item 7
L 05/12/2018 - 22:17:03: [umc-core.smx] =F= MrBlueSky<134><[U:1:7486994]><> selected menu item 2
L 05/12/2018 - 22:17:05: [umc-core.smx] Sosomike<138><[U:1:125850371]><> selected menu item 7
L 05/12/2018 - 22:17:09: [umc-core.smx] Wilko<136><[U:1:1704795]><> selected menu item 4
L 05/12/2018 - 22:17:09: [umc-core.smx] Mikleo<106><[U:1:376259319]><> selected menu item 7
L 05/12/2018 - 22:17:10: [umc-core.smx] RUNOFF MENU: (Verbose) Building runoff vote menu.
L 05/12/2018 - 22:17:10: [umc-core.smx] RUNOFF MENU: (Verbose) 'con_atomic' was removed from the vote. It had 1 votes (4 of total)
L 05/12/2018 - 22:17:10: [umc-core.smx] RUNOFF MENU: (Verbose) 'emp_duststorm' was removed from the vote. It had 1 votes (4 of total)
L 05/12/2018 - 22:17:10: [umc-core.smx] RUNOFF MENU: (Verbose) 'emp_frozensummit' was removed from the vote. It had 2 votes (8 of total)
L 05/12/2018 - 22:17:10: [umc-core.smx] RUNOFF MENU: (Verbose) 'emp_dune' was removed from the vote. It had 3 votes (12 of total)
L 05/12/2018 - 22:17:10: [umc-core.smx] RUNOFF MENU: (Verbose) 'emp_mvalley' was removed from the vote. It had 3 votes (12 of total)
L 05/12/2018 - 22:17:10: [umc-core.smx] RUNOFF MENU: (Verbose) Stopped removing options from the vote. Maximum possible winning vote percentage is 72%
L 05/12/2018 - 22:17:10: [umc-core.smx] Vote has concluded.
L 05/12/2018 - 22:17:18: [umc-core.smx] RUNOFF: Starting runoff vote.
L 05/12/2018 - 22:17:18: [umc-core.smx] Initiating Vote Type: Map
L 05/12/2018 - 22:17:18: [umc-core.smx] Adding Clients to Vote:
L 05/12/2018 - 22:17:18: [umc-core.smx] 0: Spyer (2)
L 05/12/2018 - 22:17:18: [umc-core.smx] 1: Xgaming112 (3)
L 05/12/2018 - 22:17:18: [umc-core.smx] 2: Hyperbolic Hubris (4)
L 05/12/2018 - 22:17:18: [umc-core.smx] 3: Sarun (5)
L 05/12/2018 - 22:17:18: [umc-core.smx] 4: Grave (6)
L 05/12/2018 - 22:17:18: [umc-core.smx] 5: Oktay (7)
L 05/12/2018 - 22:17:18: [umc-core.smx] 6: ARCHEOPTERYX (8)
L 05/12/2018 - 22:17:18: [umc-core.smx] 7: xsEgo (9)
L 05/12/2018 - 22:17:18: [umc-core.smx] 8: Wrecktum (10)
L 05/12/2018 - 22:17:18: [umc-core.smx] 9: Rightwing Extremist (11)
L 05/12/2018 - 22:17:18: [umc-core.smx] 10: Diggus Longus (12)
L 05/12/2018 - 22:17:18: [umc-core.smx] 11: Ozi (13)
L 05/12/2018 - 22:17:18: [umc-core.smx] 12: JK (14)
L 05/12/2018 - 22:17:18: [umc-core.smx] 13: Mikleo (15)
L 05/12/2018 - 22:17:18: [umc-core.smx] 14: ‡|JPL|‡ Momo (16)
L 05/12/2018 - 22:17:18: [umc-core.smx] 15: VV (17)
L 05/12/2018 - 22:17:18: [umc-core.smx] 16: Justkidding (18)
L 05/12/2018 - 22:17:18: [umc-core.smx] 17: Quigon (19)
L 05/12/2018 - 22:17:18: [umc-core.smx] 18: ScardyBob (20)
L 05/12/2018 - 22:17:18: [umc-core.smx] 19: Beneves (21)
L 05/12/2018 - 22:17:18: [umc-core.smx] 20: CrazyMRANZ (22)
L 05/12/2018 - 22:17:18: [umc-core.smx] 21: Sosomike (23)
L 05/12/2018 - 22:17:18: [umc-core.smx] 22: Blood-Wiper (24)
L 05/12/2018 - 22:17:18: [umc-core.smx] 23: Skalk (25)
L 05/12/2018 - 22:17:18: [umc-core.smx] 24: LT (26)
L 05/12/2018 - 22:17:18: [umc-core.smx] 25: Axeman (27)
L 05/12/2018 - 22:17:18: [umc-core.smx] 27: POOTISMAN (29)
L 05/12/2018 - 22:17:18: [umc-core.smx] 28: =F= MrBlueSky (30)
L 05/12/2018 - 22:17:18: [umc-core.smx] 29: Wilko (31)
L 05/12/2018 - 22:17:18: [umc-core.smx] 30: Solace (32)
L 05/12/2018 - 22:17:18: [umc-core.smx] 31: Rainbowkill (33)
L 05/12/2018 - 22:17:18: [umc-core.smx] 32: Schwarz (34)
L 05/12/2018 - 22:17:18: [umc-core.smx] 33: Daddy Fat Stax (35)
L 05/12/2018 - 22:17:18: [umc-core.smx] 34: -NOZOMI- Ryan (36)
L 05/12/2018 - 22:17:18: [umc-core.smx] VOTE MENU:
L 05/12/2018 - 22:17:18: [umc-core.smx] 2: emp_midbridge (6)
L 05/12/2018 - 22:17:18: [umc-core.smx] 3: emp_cyclopean (1)
L 05/12/2018 - 22:17:20: [umc-core.smx] Mikleo<106><[U:1:376259319]><> selected menu item 1
L 05/12/2018 - 22:17:20: [umc-core.smx] Spyer<92><[U:1:34143605]><> selected menu item 1
L 05/12/2018 - 22:17:20: [umc-core.smx] JK<105><[U:1:17292082]><> selected menu item 2
L 05/12/2018 - 22:17:20: [umc-core.smx] Oktay<94><[U:1:116496292]><> selected menu item 1
L 05/12/2018 - 22:17:21: [umc-core.smx] ScardyBob<114><[U:1:21571057]><> selected menu item 2
L 05/12/2018 - 22:17:21: [umc-core.smx] Axeman<125><[U:1:34903667]><> selected menu item 1
L 05/12/2018 - 22:17:21: [umc-core.smx] Ozi<104><[U:1:24496363]><> selected menu item 1
L 05/12/2018 - 22:17:22: [umc-core.smx] Rainbowkill<139><[U:1:303495382]><> selected menu item 1
L 05/12/2018 - 22:17:22: [umc-core.smx] Daddy Fat Stax<143><[U:1:36574306]><> selected menu item 1
L 05/12/2018 - 22:17:22: [umc-core.smx] -NOZOMI- Ryan<144><[U:1:25012379]><> selected menu item 2
L 05/12/2018 - 22:17:22: [umc-core.smx] Grave<86><[U:1:34977414]><> selected menu item 1
L 05/12/2018 - 22:17:22: [umc-core.smx] Wilko<136><[U:1:1704795]><> selected menu item 1
L 05/12/2018 - 22:17:23: [umc-core.smx] Beneves<119><[U:1:76333405]><> selected menu item 1
L 05/12/2018 - 22:17:23: [umc-core.smx] POOTISMAN<129><[U:1:26527408]><> selected menu item 1
L 05/12/2018 - 22:17:24: [umc-core.smx] ARCHEOPTERYX<98><[U:1:192512264]><> selected menu item 1
L 05/12/2018 - 22:17:25: [umc-core.smx] Sosomike<138><[U:1:125850371]><> selected menu item 1
L 05/12/2018 - 22:17:27: [umc-core.smx] Sarun<87><[U:1:58888595]><> selected menu item 2
L 05/12/2018 - 22:17:29: [umc-core.smx] CrazyMRANZ<126><[U:1:42657167]><> selected menu item 1
L 05/12/2018 - 22:17:29: [umc-core.smx] Schwarz<142><[U:1:31891768]><> selected menu item 1
L 05/12/2018 - 22:17:29: [umc-core.smx] VV<117><[U:1:5870260]><> selected menu item 1
L 05/12/2018 - 22:17:29: [umc-core.smx] Diggus Longus<141><[U:1:2024339]><> selected menu item 2
L 05/12/2018 - 22:17:31: [umc-core.smx] Hyperbolic Hubris<140><[U:1:15813678]><> selected menu item 1
L 05/12/2018 - 22:17:36: [umc-core.smx] xsEgo<84><[U:1:72025437]><> selected menu item 2
L 05/12/2018 - 22:17:49: [umc-core.smx] Setting nextmap to: emp_midbridge
L 05/12/2018 - 22:17:49: [umc-randomcycle.smx] Disabling random nextmap selection.
L 05/12/2018 - 22:17:49: [umc-core.smx] umc-emp-mapvote.smx: Changing map to 'emp_midbridge' in 5 seconds.
L 05/12/2018 - 22:17:49: [umc-core.smx] MAPVOTE: Players voted for map 'emp_midbridge' from group 'Commander Maps'
L 05/12/2018 - 22:17:49: [umc-core.smx] Vote has concluded.
L 05/12/2018 - 22:17:55: [umc-core.smx] ---------------------MAP CHANGE: emp_midbridge---------------------
L 05/12/2018 - 22:17:55: [umc-endvote-warnings.smx] Successfully parsed and set up 11 vote warnings.
L 05/12/2018 - 22:17:55: [umc-rockthevote.smx] RTV will be made available in 60 seconds.
L 05/12/2018 - 22:18:56: [umc-rockthevote.smx] RTV is now available.
L 05/12/2018 - 23:13:14: [umc-emp-mapvote.smx] Map vote will appear in 30 seconds.
L 05/12/2018 - 23:13:25: [umc-nominate.smx] Oktay wants to nominate a map.
L 05/12/2018 - 23:13:36: [umc-nominate.smx] Oktay has nominated 'emp_silo_rc5_fix' from group 'Commander Maps'
L 05/12/2018 - 23:13:40: [umc-nominate.smx] Oktay wants to nominate a map.
L 05/12/2018 - 23:13:44: [umc-emp-mapvote.smx] Starting a map vote.
L 05/12/2018 - 23:13:44: [umc-core.smx] VOTE MENU: (Verbose) Fetching 6 maps from group 'Commander Maps'
L 05/12/2018 - 23:13:44: [umc-core.smx] VOTE MENU: (Verbose) Nominated map 'emp_silo_rc5_fix' from group 'Commander Maps' was added to the vote.
L 05/12/2018 - 23:13:44: [umc-core.smx] VOTE MENU: (Verbose) Finished parsing nominations for map group 'Commander Maps'
L 05/12/2018 - 23:13:44: [umc-core.smx] VOTE MENU: (Verbose) Still need to fetch 5 maps from the group.
L 05/12/2018 - 23:13:44: [umc-core.smx] VOTE MENU: (Verbose) Selected map 'emp_mesa_d6_hce' from group 'Commander Maps' was added to the vote.
L 05/12/2018 - 23:13:44: [umc-core.smx] VOTE MENU: (Verbose) Selected map 'emp_glacial_b2' from group 'Commander Maps' was added to the vote.
L 05/12/2018 - 23:13:44: [umc-core.smx] VOTE MENU: (Verbose) Selected map 'emp_duststorm_fix2' from group 'Commander Maps' was added to the vote.
L 05/12/2018 - 23:13:44: [umc-core.smx] VOTE MENU: (Verbose) Selected map 'emp_arid_hce' from group 'Commander Maps' was added to the vote.
L 05/12/2018 - 23:13:44: [umc-core.smx] VOTE MENU: (Verbose) Selected map 'emp_insurrection_rc4' from group 'Commander Maps' was added to the vote.
L 05/12/2018 - 23:13:44: [umc-core.smx] VOTE MENU: (Verbose) Fetching 1 maps from group 'Infantry Maps'
L 05/12/2018 - 23:13:44: [umc-core.smx] VOTE MENU: (Verbose) Finished parsing nominations for map group 'Infantry Maps'
L 05/12/2018 - 23:13:44: [umc-core.smx] VOTE MENU: (Verbose) Still need to fetch 1 maps from the group.
L 05/12/2018 - 23:13:44: [umc-core.smx] VOTE MENU: (Verbose) Selected map 'con_atomic_rc6_fix' from group 'Infantry Maps' was added to the vote.
L 05/12/2018 - 23:13:44: [umc-core.smx] VOTE MENU: (Verbose) Fetching 1 maps from group 'Cooldown Maps'
L 05/12/2018 - 23:13:44: [umc-core.smx] VOTE MENU: (Verbose) Finished parsing nominations for map group 'Cooldown Maps'
L 05/12/2018 - 23:13:44: [umc-core.smx] VOTE MENU: (Verbose) Still need to fetch 1 maps from the group.
L 05/12/2018 - 23:13:44: [umc-core.smx] VOTE MENU: (Verbose) Selected map 'fun_ricochet_a4' from group 'Cooldown Maps' was added to the vote.
L 05/12/2018 - 23:13:44: [umc-core.smx] Initiating Vote Type: Map
L 05/12/2018 - 23:13:44: [umc-core.smx] Adding Clients to Vote:
L 05/12/2018 - 23:13:44: [umc-core.smx] 0: Spyer (2)
L 05/12/2018 - 23:13:44: [umc-core.smx] 1: Xgaming112 (3)
L 05/12/2018 - 23:13:44: [umc-core.smx] 2: Hyperbolic Hubris (4)
L 05/12/2018 - 23:13:44: [umc-core.smx] 3: Sarun (5)
L 05/12/2018 - 23:13:44: [umc-core.smx] 4: Grave (6)
L 05/12/2018 - 23:13:44: [umc-core.smx] 5: Oktay (7)
L 05/12/2018 - 23:13:44: [umc-core.smx] 6: Sahin32 (8)
L 05/12/2018 - 23:13:44: [umc-core.smx] 7: xsEgo (9)
L 05/12/2018 - 23:13:44: [umc-core.smx] 8: Wrecktum (10)
L 05/12/2018 - 23:13:44: [umc-core.smx] 9: Rightwing Extremist (11)
L 05/12/2018 - 23:13:44: [umc-core.smx] 10: Diggus Longus (12)
L 05/12/2018 - 23:13:44: [umc-core.smx] 11: Ozi (13)
L 05/12/2018 - 23:13:44: [umc-core.smx] 12: JK (14)
L 05/12/2018 - 23:13:44: [umc-core.smx] 13: Mikleo (15)
L 05/12/2018 - 23:13:44: [umc-core.smx] 14: CrazyMRANZ (16)
L 05/12/2018 - 23:13:44: [umc-core.smx] 15: VV (17)
L 05/12/2018 - 23:13:44: [umc-core.smx] 16: Justkidding (18)
L 05/12/2018 - 23:13:44: [umc-core.smx] 17: Quigon (19)
L 05/12/2018 - 23:13:44: [umc-core.smx] 18: ScardyBob (20)
L 05/12/2018 - 23:13:44: [umc-core.smx] 19: Sosomike (23)
L 05/12/2018 - 23:13:44: [umc-core.smx] 20: ᵀᴴᴱ DarkHunt3r (24)
L 05/12/2018 - 23:13:44: [umc-core.smx] 21: LT (26)
L 05/12/2018 - 23:13:44: [umc-core.smx] 22: Axeman (27)
L 05/12/2018 - 23:13:44: [umc-core.smx] 23: gunguy (28)
L 05/12/2018 - 23:13:44: [umc-core.smx] 24: POOTISMAN (29)
L 05/12/2018 - 23:13:44: [umc-core.smx] 25: =F= MrBlueSky (30)
L 05/12/2018 - 23:13:44: [umc-core.smx] 26: Wilko (31)
L 05/12/2018 - 23:13:44: [umc-core.smx] 27: Solace (32)
L 05/12/2018 - 23:13:44: [umc-core.smx] 28: Rainbowkill (33)
L 05/12/2018 - 23:13:44: [umc-core.smx] 29: Schwarz (34)
L 05/12/2018 - 23:13:44: [umc-core.smx] 30: Daddy Fat Stax (35)
L 05/12/2018 - 23:13:44: [umc-core.smx] 31: -NOZOMI- Ryan (36)
L 05/12/2018 - 23:13:44: [umc-core.smx] 32: meridois (37)
L 05/12/2018 - 23:13:44: [umc-core.smx] 33: Dagron (38)
L 05/12/2018 - 23:13:44: [umc-core.smx] VOTE MENU:
L 05/12/2018 - 23:13:44: [umc-core.smx] 2: emp_silo (0)
L 05/12/2018 - 23:13:44: [umc-core.smx] 3: emp_mesa (1)
L 05/12/2018 - 23:13:44: [umc-core.smx] 4: emp_glacial (2)
L 05/12/2018 - 23:13:44: [umc-core.smx] 5: emp_arid (3)
L 05/12/2018 - 23:13:44: [umc-core.smx] 6: fun_ricochet_a4 (4)
L 05/12/2018 - 23:13:44: [umc-core.smx] 7: con_atomic (5)
L 05/12/2018 - 23:13:44: [umc-core.smx] 8: emp_insurrection (6)
L 05/12/2018 - 23:13:44: [umc-core.smx] 9: emp_duststorm (7)
L 05/12/2018 - 23:13:44: [umc-core.smx] Oktay<94><[U:1:116496292]><> selected menu item 1
L 05/12/2018 - 23:13:47: [umc-core.smx] Ozi<104><[U:1:24496363]><> selected menu item 1
L 05/12/2018 - 23:13:48: [umc-core.smx] Grave<86><[U:1:34977414]><> selected menu item 7
L 05/12/2018 - 23:13:49: [umc-core.smx] Quigon<146><[U:1:5653485]><> selected menu item 7
L 05/12/2018 - 23:13:50: [umc-core.smx] Daddy Fat Stax<143><[U:1:36574306]><> selected menu item 8
L 05/12/2018 - 23:13:50: [umc-core.smx] Dagron<149><[U:1:86517307]><> selected menu item 1
L 05/12/2018 - 23:13:51: [umc-core.smx] POOTISMAN<129><[U:1:26527408]><> selected menu item 1
L 05/12/2018 - 23:13:54: [umc-core.smx] -NOZOMI- Ryan<144><[U:1:25012379]><> selected menu item 8
L 05/12/2018 - 23:13:56: [umc-core.smx] ScardyBob<114><[U:1:21571057]><> selected menu item 7
L 05/12/2018 - 23:13:57: [umc-core.smx] ᵀᴴᴱ DarkHunt3r<154><[U:1:99796655]><> selected menu item 1
L 05/12/2018 - 23:13:57: [umc-core.smx] Axeman<125><[U:1:34903667]><> selected menu item 1
L 05/12/2018 - 23:13:57: [umc-core.smx] CrazyMRANZ<159><[U:1:42657167]><> selected menu item 8
L 05/12/2018 - 23:13:59: [umc-core.smx] Diggus Longus<158><[U:1:2024339]><> selected menu item 8
L 05/12/2018 - 23:13:59: [umc-core.smx] =F= MrBlueSky<134><[U:1:7486994]><> selected menu item 8
L 05/12/2018 - 23:13:59: [umc-core.smx] Xgaming112<77><[U:1:313949428]><> selected menu item 1
L 05/12/2018 - 23:13:59: [umc-core.smx] Schwarz<142><[U:1:31891768]><> selected menu item 8
L 05/12/2018 - 23:14:04: [umc-core.smx] JK<105><[U:1:17292082]><> selected menu item 8
L 05/12/2018 - 23:14:05: [umc-core.smx] Grave<86><[U:1:34977414]><> selected menu item 8
L 05/12/2018 - 23:14:14: [umc-core.smx] Wrecktum<99><[U:1:44099803]><> selected menu item 5
L 05/12/2018 - 23:14:14: [umc-core.smx] RUNOFF MENU: (Verbose) Building runoff vote menu.
L 05/12/2018 - 23:14:14: [umc-core.smx] RUNOFF MENU: (Verbose) 'fun_ricochet_a4' was removed from the vote. It had 1 votes (5 of total)
L 05/12/2018 - 23:14:14: [umc-core.smx] RUNOFF MENU: (Verbose) 'emp_insurrection' was removed from the vote. It had 2 votes (11 of total)
L 05/12/2018 - 23:14:14: [umc-core.smx] RUNOFF MENU: (Verbose) Stopped removing options from the vote. Maximum possible winning vote percentage is 61%
L 05/12/2018 - 23:14:14: [umc-core.smx] Vote has concluded.
L 05/12/2018 - 23:14:22: [umc-core.smx] RUNOFF: Starting runoff vote.
L 05/12/2018 - 23:14:22: [umc-core.smx] Initiating Vote Type: Map
L 05/12/2018 - 23:14:22: [umc-core.smx] Adding Clients to Vote:
L 05/12/2018 - 23:14:22: [umc-core.smx] 0: Spyer (2)
L 05/12/2018 - 23:14:22: [umc-core.smx] 1: Xgaming112 (3)
L 05/12/2018 - 23:14:22: [umc-core.smx] 2: Hyperbolic Hubris (4)
L 05/12/2018 - 23:14:22: [umc-core.smx] 3: Sarun (5)
L 05/12/2018 - 23:14:22: [umc-core.smx] 4: Grave (6)
L 05/12/2018 - 23:14:22: [umc-core.smx] 5: Oktay (7)
L 05/12/2018 - 23:14:22: [umc-core.smx] 6: Sahin32 (8)
L 05/12/2018 - 23:14:22: [umc-core.smx] 7: xsEgo (9)
L 05/12/2018 - 23:14:22: [umc-core.smx] 8: Wrecktum (10)
L 05/12/2018 - 23:14:22: [umc-core.smx] 9: Rightwing Extremist (11)
L 05/12/2018 - 23:14:22: [umc-core.smx] 10: Diggus Longus (12)
L 05/12/2018 - 23:14:22: [umc-core.smx] 11: Ozi (13)
L 05/12/2018 - 23:14:22: [umc-core.smx] 12: JK (14)
L 05/12/2018 - 23:14:22: [umc-core.smx] 13: Mikleo (15)
L 05/12/2018 - 23:14:22: [umc-core.smx] 14: CrazyMRANZ (16)
L 05/12/2018 - 23:14:22: [umc-core.smx] 16: Justkidding (18)
L 05/12/2018 - 23:14:22: [umc-core.smx] 17: Quigon (19)
L 05/12/2018 - 23:14:22: [umc-core.smx] 18: ScardyBob (20)
L 05/12/2018 - 23:14:22: [umc-core.smx] 19: Sosomike (23)
L 05/12/2018 - 23:14:22: [umc-core.smx] 20: ᵀᴴᴱ DarkHunt3r (24)
L 05/12/2018 - 23:14:22: [umc-core.smx] 21: LT (26)
L 05/12/2018 - 23:14:22: [umc-core.smx] 22: Axeman (27)
L 05/12/2018 - 23:14:22: [umc-core.smx] 24: POOTISMAN (29)
L 05/12/2018 - 23:14:22: [umc-core.smx] 25: =F= MrBlueSky (30)
L 05/12/2018 - 23:14:22: [umc-core.smx] 26: Wilko (31)
L 05/12/2018 - 23:14:22: [umc-core.smx] 27: Solace (32)
L 05/12/2018 - 23:14:22: [umc-core.smx] 29: Schwarz (34)
L 05/12/2018 - 23:14:22: [umc-core.smx] 30: Daddy Fat Stax (35)
L 05/12/2018 - 23:14:22: [umc-core.smx] 31: -NOZOMI- Ryan (36)
L 05/12/2018 - 23:14:22: [umc-core.smx] 32: meridois (37)
L 05/12/2018 - 23:14:22: [umc-core.smx] 33: Dagron (38)
L 05/12/2018 - 23:14:22: [umc-core.smx] VOTE MENU:
L 05/12/2018 - 23:14:22: [umc-core.smx] 2: emp_duststorm (7)
L 05/12/2018 - 23:14:22: [umc-core.smx] 3: emp_silo (0)
L 05/12/2018 - 23:14:24: [umc-core.smx] Spyer<92><[U:1:34143605]><> selected menu item 1
L 05/12/2018 - 23:14:25: [umc-core.smx] Xgaming112<77><[U:1:313949428]><> selected menu item 1
L 05/12/2018 - 23:14:25: [umc-core.smx] xsEgo<84><[U:1:72025437]><> selected menu item 1
L 05/12/2018 - 23:14:25: [umc-core.smx] Axeman<125><[U:1:34903667]><> selected menu item 1
L 05/12/2018 - 23:14:25: [umc-core.smx] POOTISMAN<129><[U:1:26527408]><> selected menu item 2
L 05/12/2018 - 23:14:25: [umc-core.smx] Quigon<146><[U:1:5653485]><> selected menu item 1
L 05/12/2018 - 23:14:26: [umc-core.smx] Daddy Fat Stax<143><[U:1:36574306]><> selected menu item 1
L 05/12/2018 - 23:14:26: [umc-core.smx] CrazyMRANZ<159><[U:1:42657167]><> selected menu item 1
L 05/12/2018 - 23:14:27: [umc-core.smx] Grave<86><[U:1:34977414]><> selected menu item 1
L 05/12/2018 - 23:14:28: [umc-core.smx] Sahin32<152><[U:1:105311035]><> selected menu item 1
L 05/12/2018 - 23:14:28: [umc-core.smx] ᵀᴴᴱ DarkHunt3r<154><[U:1:99796655]><> selected menu item 1
L 05/12/2018 - 23:14:31: [umc-core.smx] ScardyBob<114><[U:1:21571057]><> selected menu item 1
L 05/12/2018 - 23:14:31: [umc-core.smx] Sarun<87><[U:1:58888595]><> selected menu item 1
L 05/12/2018 - 23:14:35: [umc-core.smx] JK<105><[U:1:17292082]><> selected menu item 1
L 05/12/2018 - 23:14:36: [umc-core.smx] Oktay<94><[U:1:116496292]><> selected menu item 2
L 05/12/2018 - 23:14:38: [umc-core.smx] Schwarz<142><[U:1:31891768]><> selected menu item 1
L 05/12/2018 - 23:14:49: [umc-core.smx] Mikleo<106><[U:1:376259319]><> selected menu item 2
L 05/12/2018 - 23:14:52: [umc-core.smx] ScardyBob<114><[U:1:21571057]><> selected menu item 2
L 05/12/2018 - 23:14:53: [umc-core.smx] Setting nextmap to: emp_duststorm_fix2
L 05/12/2018 - 23:14:53: [umc-randomcycle.smx] Disabling random nextmap selection.
L 05/12/2018 - 23:14:53: [umc-core.smx] umc-emp-mapvote.smx: Changing map to 'emp_duststorm_fix2' in 5 seconds.
L 05/12/2018 - 23:14:53: [umc-core.smx] MAPVOTE: Players voted for map 'emp_duststorm_fix2' from group 'Commander Maps'
L 05/12/2018 - 23:14:53: [umc-core.smx] Vote has concluded.
L 05/12/2018 - 23:14:59: [umc-core.smx] ---------------------MAP CHANGE: emp_duststorm_fix2---------------------
L 05/12/2018 - 23:14:59: [umc-endvote-warnings.smx] Successfully parsed and set up 11 vote warnings.
L 05/12/2018 - 23:14:59: [umc-rockthevote.smx] RTV will be made available in 60 seconds.
L 05/12/2018 - 23:16:00: [umc-rockthevote.smx] RTV is now available.
L 05/12/2018 - 23:18:06: [umc-nominate.smx] Hyperbolic Hubris wants to nominate a map.
L 05/12/2018 - 23:18:08: [umc-nominate.smx] Hyperbolic Hubris has nominated 'fun_ricochet_a4' from group 'Cooldown Maps'
L 05/12/2018 - 23:57:27: [umc-emp-mapvote.smx] Map vote will appear in 30 seconds.
L 05/12/2018 - 23:57:38: [umc-nominate.smx] ScardyBob wants to nominate a map.
L 05/12/2018 - 23:57:43: [umc-nominate.smx] ScardyBob has nominated 'emp_frozensummit_b2_2013_fix2' from group 'Commander Maps'
L 05/12/2018 - 23:57:57: [umc-emp-mapvote.smx] Starting a map vote.
L 05/12/2018 - 23:57:57: [umc-core.smx] VOTE MENU: (Verbose) Fetching 6 maps from group 'Commander Maps'
L 05/12/2018 - 23:57:57: [umc-core.smx] VOTE MENU: (Verbose) Nominated map 'emp_frozensummit_b2_2013_fix2' from group 'Commander Maps' was added to the vote.
L 05/12/2018 - 23:57:57: [umc-core.smx] VOTE MENU: (Verbose) Finished parsing nominations for map group 'Commander Maps'
L 05/12/2018 - 23:57:57: [umc-core.smx] VOTE MENU: (Verbose) Still need to fetch 5 maps from the group.
L 05/12/2018 - 23:57:57: [umc-core.smx] VOTE MENU: (Verbose) Selected map 'emp_fuel_a3_2013_fix' from group 'Commander Maps' was added to the vote.
L 05/12/2018 - 23:57:57: [umc-core.smx] VOTE MENU: (Verbose) Selected map 'emp_arid_hce' from group 'Commander Maps' was added to the vote.
L 05/12/2018 - 23:57:57: [umc-core.smx] VOTE MENU: (Verbose) Selected map 'emp_forest_ob_2013_fix' from group 'Commander Maps' was added to the vote.
L 05/12/2018 - 23:57:57: [umc-core.smx] VOTE MENU: (Verbose) Selected map 'emp_raiders_b1' from group 'Commander Maps' was added to the vote.
L 05/12/2018 - 23:57:57: [umc-core.smx] VOTE MENU: (Verbose) Selected map 'emp_streetsoffire_fix' from group 'Commander Maps' was added to the vote.
L 05/12/2018 - 23:57:57: [umc-core.smx] VOTE MENU: (Verbose) Fetching 1 maps from group 'Infantry Maps'
L 05/12/2018 - 23:57:57: [umc-core.smx] VOTE MENU: (Verbose) Finished parsing nominations for map group 'Infantry Maps'
L 05/12/2018 - 23:57:57: [umc-core.smx] VOTE MENU: (Verbose) Still need to fetch 1 maps from the group.
L 05/12/2018 - 23:57:57: [umc-core.smx] VOTE MENU: (Verbose) Selected map 'con_atomic_rc6_fix' from group 'Infantry Maps' was added to the vote.
L 05/12/2018 - 23:57:57: [umc-core.smx] VOTE MENU: (Verbose) Fetching 1 maps from group 'Cooldown Maps'
L 05/12/2018 - 23:57:57: [umc-core.smx] VOTE MENU: (Verbose) Nominated map 'fun_ricochet_a4' from group 'Cooldown Maps' was added to the vote.
L 05/12/2018 - 23:57:57: [umc-core.smx] VOTE MENU: (Verbose) Finished parsing nominations for map group 'Cooldown Maps'
L 05/12/2018 - 23:57:57: [umc-core.smx] Initiating Vote Type: Map
L 05/12/2018 - 23:57:57: [umc-core.smx] Adding Clients to Vote:
L 05/12/2018 - 23:57:57: [umc-core.smx] 0: Spyer (2)
L 05/12/2018 - 23:57:57: [umc-core.smx] 1: Xgaming112 (3)
L 05/12/2018 - 23:57:57: [umc-core.smx] 2: Hyperbolic Hubris (4)
L 05/12/2018 - 23:57:57: [umc-core.smx] 3: Sarun (5)
L 05/12/2018 - 23:57:57: [umc-core.smx] 4: Grave (6)
L 05/12/2018 - 23:57:57: [umc-core.smx] 5: Oktay (7)
L 05/12/2018 - 23:57:57: [umc-core.smx] 6: Sahin32 (8)
L 05/12/2018 - 23:57:57: [umc-core.smx] 7: xsEgo (9)
L 05/12/2018 - 23:57:57: [umc-core.smx] 8: Wrecktum (10)
L 05/12/2018 - 23:57:57: [umc-core.smx] 9: Rightwing Extremist (11)
L 05/12/2018 - 23:57:57: [umc-core.smx] 10: Diggus Longus (12)
L 05/12/2018 - 23:57:57: [umc-core.smx] 11: Ozi (13)
L 05/12/2018 - 23:57:57: [umc-core.smx] 12: JK (14)
L 05/12/2018 - 23:57:57: [umc-core.smx] 13: Mikleo (15)
L 05/12/2018 - 23:57:57: [umc-core.smx] 14: Dr. Baron von Evil-Satan (16)
L 05/12/2018 - 23:57:57: [umc-core.smx] 15: PYA (17)
L 05/12/2018 - 23:57:57: [umc-core.smx] 16: Justkidding (18)
L 05/12/2018 - 23:57:57: [umc-core.smx] 17: Quigon (19)
L 05/12/2018 - 23:57:57: [umc-core.smx] 18: ScardyBob (20)
L 05/12/2018 - 23:57:57: [umc-core.smx] 19: CrazyMRANZ (21)
L 05/12/2018 - 23:57:57: [umc-core.smx] 20: .|Ϟ|. Spike (22)
L 05/12/2018 - 23:57:57: [umc-core.smx] 21: Sosomike (23)
L 05/12/2018 - 23:57:57: [umc-core.smx] 22: ᵀᴴᴱ DarkHunt3r (24)
L 05/12/2018 - 23:57:57: [umc-core.smx] 23: -NOZOMI- Ryan (25)
L 05/12/2018 - 23:57:57: [umc-core.smx] 24: LT (26)
L 05/12/2018 - 23:57:57: [umc-core.smx] 25: Axeman (27)
L 05/12/2018 - 23:57:57: [umc-core.smx] 26: POOTISMAN (29)
L 05/12/2018 - 23:57:57: [umc-core.smx] 27: =F= MrBlueSky (30)
L 05/12/2018 - 23:57:57: [umc-core.smx] 28: Solace (32)
L 05/12/2018 - 23:57:57: [umc-core.smx] 29: Schwarz (34)
L 05/12/2018 - 23:57:57: [umc-core.smx] 30: Daddy Fat Stax (35)
L 05/12/2018 - 23:57:57: [umc-core.smx] 31: meridois (37)
L 05/12/2018 - 23:57:57: [umc-core.smx] VOTE MENU:
L 05/12/2018 - 23:57:57: [umc-core.smx] 2: emp_raiders (0)
L 05/12/2018 - 23:57:57: [umc-core.smx] 3: emp_frozensummit (1)
L 05/12/2018 - 23:57:57: [umc-core.smx] 4: fun_ricochet_a4 (2)
L 05/12/2018 - 23:57:57: [umc-core.smx] 5: emp_forest (3)
L 05/12/2018 - 23:57:57: [umc-core.smx] 6: con_atomic (4)
L 05/12/2018 - 23:57:57: [umc-core.smx] 7: emp_fuel (5)
L 05/12/2018 - 23:57:57: [umc-core.smx] 8: emp_streetsoffire (6)
L 05/12/2018 - 23:57:57: [umc-core.smx] 9: emp_arid (7)
L 05/12/2018 - 23:58:01: [umc-core.smx] xsEgo<84><[U:1:72025437]><> selected menu item 7
L 05/12/2018 - 23:58:01: [umc-core.smx] POOTISMAN<129><[U:1:26527408]><> selected menu item 1
L 05/12/2018 - 23:58:02: [umc-core.smx] -NOZOMI- Ryan<168><[U:1:25012379]><> selected menu item 7
L 05/12/2018 - 23:58:02: [umc-core.smx] Daddy Fat Stax<143><[U:1:36574306]><> selected menu item 6
L 05/12/2018 - 23:58:05: [umc-core.smx] Ozi<104><[U:1:24496363]><> selected menu item 7
L 05/12/2018 - 23:58:05: [umc-core.smx] JK<105><[U:1:17292082]><> selected menu item 7
L 05/12/2018 - 23:58:05: [umc-core.smx] PYA<163><[U:1:35045005]><> selected menu item 7
L 05/12/2018 - 23:58:06: [umc-core.smx] Wrecktum<99><[U:1:44099803]><> selected menu item 3
L 05/12/2018 - 23:58:07: [umc-core.smx] ScardyBob<114><[U:1:21571057]><> selected menu item 2
L 05/12/2018 - 23:58:08: [umc-core.smx] CrazyMRANZ<165><[U:1:42657167]><> selected menu item 7
L 05/12/2018 - 23:58:11: [umc-core.smx] Mikleo<162><[U:1:376259319]><> selected menu item 7
L 05/12/2018 - 23:58:11: [umc-core.smx] Quigon<146><[U:1:5653485]><> selected menu item 7
L 05/12/2018 - 23:58:13: [umc-core.smx] Axeman<125><[U:1:34903667]><> selected menu item 1
L 05/12/2018 - 23:58:13: [umc-core.smx] Sarun<87><[U:1:58888595]><> selected menu item 1
L 05/12/2018 - 23:58:20: [umc-core.smx] .|Ϟ|. Spike<167><[U:1:39029790]><> selected menu item 4
L 05/12/2018 - 23:58:28: [umc-core.smx] Setting nextmap to: emp_streetsoffire_fix
L 05/12/2018 - 23:58:28: [umc-randomcycle.smx] Disabling random nextmap selection.
L 05/12/2018 - 23:58:28: [umc-core.smx] umc-emp-mapvote.smx: Changing map to 'emp_streetsoffire_fix' in 5 seconds.
L 05/12/2018 - 23:58:28: [umc-core.smx] MAPVOTE: Players voted for map 'emp_streetsoffire_fix' from group 'Commander Maps'
L 05/12/2018 - 23:58:28: [umc-core.smx] Vote has concluded.
L 05/12/2018 - 23:58:34: [umc-core.smx] ---------------------MAP CHANGE: emp_streetsoffire_fix---------------------
L 05/12/2018 - 23:58:34: [umc-endvote-warnings.smx] Successfully parsed and set up 11 vote warnings.
L 05/12/2018 - 23:58:34: [umc-rockthevote.smx] RTV will be made available in 60 seconds.
L 05/12/2018 - 23:59:35: [umc-rockthevote.smx] RTV is now available.
