L 04/13/2017 - 00:29:26: [umc-core.smx] ---------------------MAP CHANGE: emp_palmbay_fix---------------------
L 04/13/2017 - 00:29:26: [umc-endvote-warnings.smx] Successfully parsed and set up 11 vote warnings.
L 04/13/2017 - 00:29:26: [umc-playercountmonitor.smx] Min Players: 14, Max Players: 32
L 04/13/2017 - 00:29:26: [umc-playercountmonitor.smx] Server will begin watching for inproper number of players in 240 seconds.
L 04/13/2017 - 00:29:26: [umc-rockthevote.smx] RTV is now available.
L 04/13/2017 - 00:33:26: [umc-playercountmonitor.smx] Server is now watching for inproper number of players.
L 04/13/2017 - 14:37:52: [umc-core.smx] ---------------------MAP CHANGE: emp_district402---------------------
L 04/13/2017 - 14:37:52: [umc-endvote-warnings.smx] Successfully parsed and set up 11 vote warnings.
L 04/13/2017 - 14:37:52: [umc-playercountmonitor.smx] Min Players: 0, Max Players: 13
L 04/13/2017 - 14:37:52: [umc-playercountmonitor.smx] Server will begin watching for inproper number of players in 240 seconds.
L 04/13/2017 - 14:37:52: [umc-rockthevote.smx] RTV is now available.
L 04/13/2017 - 14:41:52: [umc-playercountmonitor.smx] Server is now watching for inproper number of players.
L 04/13/2017 - 14:47:26: [umc-core.smx] ---------------------MAP CHANGE: emp_blah4---------------------
L 04/13/2017 - 14:47:26: [umc-endvote-warnings.smx] Successfully parsed and set up 11 vote warnings.
L 04/13/2017 - 14:47:26: [umc-playercountmonitor.smx] Min Players: 14, Max Players: 32
L 04/13/2017 - 14:47:26: [umc-playercountmonitor.smx] Server will begin watching for inproper number of players in 240 seconds.
L 04/13/2017 - 14:47:26: [umc-rockthevote.smx] RTV is now available.
L 04/13/2017 - 14:51:26: [umc-playercountmonitor.smx] Server is now watching for inproper number of players.
L 04/13/2017 - 14:56:01: [umc-core.smx] ---------------------MAP CHANGE: emp_district402---------------------
L 04/13/2017 - 14:56:01: [umc-endvote-warnings.smx] Successfully parsed and set up 11 vote warnings.
L 04/13/2017 - 14:56:01: [umc-playercountmonitor.smx] Min Players: 0, Max Players: 13
L 04/13/2017 - 14:56:01: [umc-playercountmonitor.smx] Server will begin watching for inproper number of players in 240 seconds.
L 04/13/2017 - 14:56:01: [umc-rockthevote.smx] RTV is now available.
L 04/13/2017 - 14:58:16: [umc-core.smx] ---------------------MAP CHANGE: emp_district402---------------------
L 04/13/2017 - 14:58:16: [umc-endvote-warnings.smx] Successfully parsed and set up 11 vote warnings.
L 04/13/2017 - 14:58:16: [umc-playercountmonitor.smx] Min Players: 0, Max Players: 13
L 04/13/2017 - 14:58:16: [umc-playercountmonitor.smx] Server will begin watching for inproper number of players in 240 seconds.
L 04/13/2017 - 14:58:16: [umc-rockthevote.smx] RTV is now available.
L 04/13/2017 - 15:02:16: [umc-playercountmonitor.smx] Server is now watching for inproper number of players.
L 04/13/2017 - 15:20:26: [umc-core.smx] ---------------------MAP CHANGE: emp_district402---------------------
L 04/13/2017 - 15:20:26: [umc-endvote-warnings.smx] Successfully parsed and set up 11 vote warnings.
L 04/13/2017 - 15:20:26: [umc-playercountmonitor.smx] Min Players: 0, Max Players: 13
L 04/13/2017 - 15:20:26: [umc-playercountmonitor.smx] Server will begin watching for inproper number of players in 240 seconds.
L 04/13/2017 - 15:20:26: [umc-rockthevote.smx] RTV is now available.
L 04/13/2017 - 15:24:26: [umc-playercountmonitor.smx] Server is now watching for inproper number of players.
L 04/13/2017 - 15:47:26: [umc-emp-mapvote.smx] Map vote will appear in 1 seconds.
L 04/13/2017 - 15:47:27: [umc-emp-mapvote.smx] Starting a map vote.
L 04/13/2017 - 15:47:27: [umc-core.smx] Initiating Vote Type: Map
L 04/13/2017 - 15:47:58: [umc-emp-mapvote.smx] WARNING: Map Voting failure. Initiating random map fail-safe.
L 04/13/2017 - 15:47:58: [umc-core.smx] Setting nextmap to: emp_drygulch_a6
L 04/13/2017 - 15:47:58: [umc-randomcycle.smx] Disabling random nextmap selection.
L 04/13/2017 - 15:47:58: [umc-core.smx] umc-emp-mapvote.smx: Changing map to 'emp_drygulch_a6' in 5 seconds.
L 04/13/2017 - 15:48:04: [umc-core.smx] ---------------------MAP CHANGE: emp_drygulch_a6---------------------
L 04/13/2017 - 15:48:04: [umc-endvote-warnings.smx] Successfully parsed and set up 11 vote warnings.
L 04/13/2017 - 15:48:04: [umc-playercountmonitor.smx] Min Players: 0, Max Players: 22
L 04/13/2017 - 15:48:04: [umc-playercountmonitor.smx] Server will begin watching for inproper number of players in 240 seconds.
L 04/13/2017 - 15:48:04: [umc-rockthevote.smx] RTV is now available.
L 04/13/2017 - 15:52:04: [umc-playercountmonitor.smx] Server is now watching for inproper number of players.
L 04/13/2017 - 16:19:29: [umc-core.smx] ---------------------MAP CHANGE: emp_frozensummit_b2_2013---------------------
L 04/13/2017 - 16:19:29: [umc-endvote-warnings.smx] Successfully parsed and set up 11 vote warnings.
L 04/13/2017 - 16:19:29: [umc-playercountmonitor.smx] Min Players: 32, Max Players: 52
L 04/13/2017 - 16:19:29: [umc-playercountmonitor.smx] Server will begin watching for inproper number of players in 240 seconds.
L 04/13/2017 - 16:19:29: [umc-rockthevote.smx] RTV is now available.
L 04/13/2017 - 16:22:32: [umc-core.smx] ---------------------MAP CHANGE: emp_palmbay_fix---------------------
L 04/13/2017 - 16:22:32: [umc-endvote-warnings.smx] Successfully parsed and set up 11 vote warnings.
L 04/13/2017 - 16:22:32: [umc-playercountmonitor.smx] Min Players: 14, Max Players: 32
L 04/13/2017 - 16:22:32: [umc-playercountmonitor.smx] Server will begin watching for inproper number of players in 240 seconds.
L 04/13/2017 - 16:22:32: [umc-rockthevote.smx] RTV is now available.
L 04/13/2017 - 16:26:32: [umc-playercountmonitor.smx] Server is now watching for inproper number of players.
L 04/13/2017 - 19:32:50: [umc-emp-mapvote.smx] Map vote will appear in 1 seconds.
L 04/13/2017 - 19:32:51: [umc-emp-mapvote.smx] Starting a map vote.
L 04/13/2017 - 19:32:51: [umc-core.smx] Initiating Vote Type: Map
L 04/13/2017 - 19:33:22: [umc-core.smx] Setting nextmap to: emp_crossroads
L 04/13/2017 - 19:33:22: [umc-randomcycle.smx] Disabling random nextmap selection.
L 04/13/2017 - 19:33:22: [umc-core.smx] umc-emp-mapvote.smx: Changing map to 'emp_crossroads' in 5 seconds.
L 04/13/2017 - 19:33:22: [umc-core.smx] MAPVOTE: Players voted for map 'emp_crossroads' from group 'Commander Maps'
L 04/13/2017 - 19:33:28: [umc-core.smx] ---------------------MAP CHANGE: emp_crossroads---------------------
L 04/13/2017 - 19:33:28: [umc-endvote-warnings.smx] Successfully parsed and set up 11 vote warnings.
L 04/13/2017 - 19:33:28: [umc-playercountmonitor.smx] Min Players: 0, Max Players: 22
L 04/13/2017 - 19:33:28: [umc-playercountmonitor.smx] Server will begin watching for inproper number of players in 240 seconds.
L 04/13/2017 - 19:33:28: [umc-rockthevote.smx] RTV is now available.
L 04/13/2017 - 19:37:28: [umc-playercountmonitor.smx] Server is now watching for inproper number of players.
L 04/13/2017 - 19:57:42: [umc-core.smx] ---------------------MAP CHANGE: emp_crossroads---------------------
L 04/13/2017 - 19:57:42: [umc-endvote-warnings.smx] Successfully parsed and set up 11 vote warnings.
L 04/13/2017 - 19:57:42: [umc-playercountmonitor.smx] Min Players: 0, Max Players: 22
L 04/13/2017 - 19:57:42: [umc-playercountmonitor.smx] Server will begin watching for inproper number of players in 240 seconds.
L 04/13/2017 - 19:57:42: [umc-rockthevote.smx] RTV is now available.
L 04/13/2017 - 20:01:42: [umc-playercountmonitor.smx] Server is now watching for inproper number of players.
L 04/13/2017 - 20:24:48: [umc-emp-mapvote.smx] Map vote will appear in 1 seconds.
L 04/13/2017 - 20:24:50: [umc-emp-mapvote.smx] Starting a map vote.
L 04/13/2017 - 20:24:50: [umc-core.smx] Initiating Vote Type: Map
L 04/13/2017 - 20:25:20: [umc-core.smx] Setting nextmap to: emp_flat_fix
L 04/13/2017 - 20:25:20: [umc-randomcycle.smx] Disabling random nextmap selection.
L 04/13/2017 - 20:25:20: [umc-core.smx] umc-emp-mapvote.smx: Changing map to 'emp_flat_fix' in 5 seconds.
L 04/13/2017 - 20:25:20: [umc-core.smx] MAPVOTE: Players voted for map 'emp_flat_fix' from group 'Commander Maps'
L 04/13/2017 - 20:25:25: [umc-core.smx] ---------------------MAP CHANGE: emp_flat_fix---------------------
L 04/13/2017 - 20:25:25: [umc-endvote-warnings.smx] Successfully parsed and set up 11 vote warnings.
L 04/13/2017 - 20:25:25: [umc-playercountmonitor.smx] Min Players: 0, Max Players: 22
L 04/13/2017 - 20:25:25: [umc-playercountmonitor.smx] Server will begin watching for inproper number of players in 240 seconds.
L 04/13/2017 - 20:25:25: [umc-rockthevote.smx] RTV is now available.
L 04/13/2017 - 20:29:25: [umc-playercountmonitor.smx] Server is now watching for inproper number of players.
L 04/13/2017 - 21:07:30: [umc-core.smx] ---------------------MAP CHANGE: emp_frozensummit_b2_2013_fix---------------------
L 04/13/2017 - 21:07:30: [umc-endvote-warnings.smx] Successfully parsed and set up 11 vote warnings.
L 04/13/2017 - 21:07:30: [umc-playercountmonitor.smx] Current Map Group could not be determined. (Non-UMC mapchange or plugin just loaded.)
L 04/13/2017 - 21:07:30: [umc-playercountmonitor.smx] Min Players: 0, Max Players: 64
L 04/13/2017 - 21:07:30: [umc-rockthevote.smx] RTV is now available.
L 04/13/2017 - 21:08:48: [umc-core.smx] ---------------------MAP CHANGE: emp_flat_fix---------------------
L 04/13/2017 - 21:08:48: [umc-endvote-warnings.smx] Successfully parsed and set up 11 vote warnings.
L 04/13/2017 - 21:08:48: [umc-playercountmonitor.smx] Min Players: 0, Max Players: 22
L 04/13/2017 - 21:08:48: [umc-playercountmonitor.smx] Server will begin watching for inproper number of players in 240 seconds.
L 04/13/2017 - 21:08:48: [umc-rockthevote.smx] RTV is now available.
L 04/13/2017 - 21:11:57: [umc-nominate.smx] Imperialistic - Furry wants to nominate a map.
L 04/13/2017 - 21:12:01: [umc-nominate.smx] Imperialistic - Furry has nominated 'emp_district402' from group 'Infantry Maps'
L 04/13/2017 - 21:12:48: [umc-playercountmonitor.smx] Server is now watching for inproper number of players.
L 04/13/2017 - 21:38:56: [umc-emp-mapvote.smx] Map vote will appear in 1 seconds.
L 04/13/2017 - 21:38:57: [umc-emp-mapvote.smx] Starting a map vote.
L 04/13/2017 - 21:38:57: [umc-core.smx] Initiating Vote Type: Map
L 04/13/2017 - 21:39:27: [umc-core.smx] Setting nextmap to: emp_district402
L 04/13/2017 - 21:39:27: [umc-randomcycle.smx] Disabling random nextmap selection.
L 04/13/2017 - 21:39:27: [umc-core.smx] umc-emp-mapvote.smx: Changing map to 'emp_district402' in 5 seconds.
L 04/13/2017 - 21:39:27: [umc-core.smx] MAPVOTE: Players voted for map 'emp_district402' from group 'Infantry Maps'
L 04/13/2017 - 21:39:33: [umc-core.smx] ---------------------MAP CHANGE: emp_district402---------------------
L 04/13/2017 - 21:39:33: [umc-endvote-warnings.smx] Successfully parsed and set up 11 vote warnings.
L 04/13/2017 - 21:39:33: [umc-playercountmonitor.smx] Min Players: 0, Max Players: 13
L 04/13/2017 - 21:39:33: [umc-playercountmonitor.smx] Server will begin watching for inproper number of players in 240 seconds.
L 04/13/2017 - 21:39:33: [umc-rockthevote.smx] RTV is now available.
L 04/13/2017 - 21:43:33: [umc-playercountmonitor.smx] Server is now watching for inproper number of players.
L 04/13/2017 - 21:53:14: [umc-emp-mapvote.smx] Map vote will appear in 1 seconds.
L 04/13/2017 - 21:53:15: [umc-emp-mapvote.smx] Starting a map vote.
L 04/13/2017 - 21:53:15: [umc-core.smx] Initiating Vote Type: Map
L 04/13/2017 - 21:53:54: [umc-core.smx] RUNOFF: Starting runoff vote.
L 04/13/2017 - 21:53:54: [umc-core.smx] Initiating Vote Type: Map
L 04/13/2017 - 21:54:25: [umc-core.smx] Setting nextmap to: emp_glycencity
L 04/13/2017 - 21:54:25: [umc-randomcycle.smx] Disabling random nextmap selection.
L 04/13/2017 - 21:54:25: [umc-core.smx] umc-emp-mapvote.smx: Changing map to 'emp_glycencity' in 5 seconds.
L 04/13/2017 - 21:54:25: [umc-core.smx] MAPVOTE: Players voted for map 'emp_glycencity' from group 'Infantry Maps'
L 04/13/2017 - 21:54:32: [umc-core.smx] ---------------------MAP CHANGE: emp_glycencity---------------------
L 04/13/2017 - 21:54:32: [umc-endvote-warnings.smx] Successfully parsed and set up 11 vote warnings.
L 04/13/2017 - 21:54:32: [umc-playercountmonitor.smx] Min Players: 0, Max Players: 13
L 04/13/2017 - 21:54:32: [umc-playercountmonitor.smx] Server will begin watching for inproper number of players in 240 seconds.
L 04/13/2017 - 21:54:32: [umc-rockthevote.smx] RTV is now available.
L 04/13/2017 - 21:58:32: [umc-playercountmonitor.smx] Server is now watching for inproper number of players.
L 04/13/2017 - 22:10:10: [umc-nominate.smx] Oktay wants to nominate a map.
L 04/13/2017 - 22:10:16: [umc-nominate.smx] Mr. X. wants to nominate a map.
L 04/13/2017 - 22:10:19: [umc-nominate.smx] Oktay has nominated 'emp_drygulch_a6' from group 'Commander Maps'
L 04/13/2017 - 22:20:54: [umc-emp-mapvote.smx] Map vote will appear in 1 seconds.
L 04/13/2017 - 22:20:56: [umc-emp-mapvote.smx] Starting a map vote.
L 04/13/2017 - 22:20:56: [umc-core.smx] Initiating Vote Type: Map
L 04/13/2017 - 22:21:26: [umc-core.smx] Setting nextmap to: emp_crossroads
L 04/13/2017 - 22:21:26: [umc-randomcycle.smx] Disabling random nextmap selection.
L 04/13/2017 - 22:21:26: [umc-core.smx] umc-emp-mapvote.smx: Changing map to 'emp_crossroads' in 5 seconds.
L 04/13/2017 - 22:21:26: [umc-core.smx] MAPVOTE: Players voted for map 'emp_crossroads' from group 'Commander Maps'
L 04/13/2017 - 22:21:31: [umc-core.smx] ---------------------MAP CHANGE: emp_crossroads---------------------
L 04/13/2017 - 22:21:32: [umc-endvote-warnings.smx] Successfully parsed and set up 11 vote warnings.
L 04/13/2017 - 22:21:32: [umc-playercountmonitor.smx] Min Players: 0, Max Players: 22
L 04/13/2017 - 22:21:32: [umc-playercountmonitor.smx] Server will begin watching for inproper number of players in 240 seconds.
L 04/13/2017 - 22:21:32: [umc-rockthevote.smx] RTV is now available.
L 04/13/2017 - 22:25:32: [umc-playercountmonitor.smx] Server is now watching for inproper number of players.
L 04/13/2017 - 22:32:25: [umc-emp-mapvote.smx] Map vote will appear in 1 seconds.
L 04/13/2017 - 22:32:26: [umc-emp-mapvote.smx] Starting a map vote.
L 04/13/2017 - 22:32:26: [umc-core.smx] Initiating Vote Type: Map
L 04/13/2017 - 22:32:57: [umc-core.smx] Setting nextmap to: emp_urbanchaos
L 04/13/2017 - 22:32:57: [umc-randomcycle.smx] Disabling random nextmap selection.
L 04/13/2017 - 22:32:57: [umc-core.smx] umc-emp-mapvote.smx: Changing map to 'emp_urbanchaos' in 5 seconds.
L 04/13/2017 - 22:32:57: [umc-core.smx] MAPVOTE: Players voted for map 'emp_urbanchaos' from group 'Infantry Maps'
L 04/13/2017 - 22:33:03: [umc-core.smx] ---------------------MAP CHANGE: emp_urbanchaos---------------------
L 04/13/2017 - 22:33:03: [umc-endvote-warnings.smx] Successfully parsed and set up 11 vote warnings.
L 04/13/2017 - 22:33:03: [umc-playercountmonitor.smx] Min Players: 0, Max Players: 13
L 04/13/2017 - 22:33:03: [umc-playercountmonitor.smx] Server will begin watching for inproper number of players in 240 seconds.
L 04/13/2017 - 22:33:03: [umc-rockthevote.smx] RTV is now available.
L 04/13/2017 - 22:37:04: [umc-playercountmonitor.smx] Server is now watching for inproper number of players.
L 04/13/2017 - 22:49:44: [umc-emp-mapvote.smx] Map vote will appear in 1 seconds.
L 04/13/2017 - 22:49:45: [umc-emp-mapvote.smx] Starting a map vote.
L 04/13/2017 - 22:49:45: [umc-core.smx] Initiating Vote Type: Map
L 04/13/2017 - 22:50:15: [umc-emp-mapvote.smx] WARNING: Map Voting failure. Initiating random map fail-safe.
L 04/13/2017 - 22:50:15: [umc-core.smx] Setting nextmap to: emp_beachfront_b2
L 04/13/2017 - 22:50:15: [umc-randomcycle.smx] Disabling random nextmap selection.
L 04/13/2017 - 22:50:15: [umc-core.smx] umc-emp-mapvote.smx: Changing map to 'emp_beachfront_b2' in 5 seconds.
L 04/13/2017 - 22:50:20: [umc-core.smx] ---------------------MAP CHANGE: emp_beachfront_b2---------------------
L 04/13/2017 - 22:50:20: [umc-endvote-warnings.smx] Successfully parsed and set up 11 vote warnings.
L 04/13/2017 - 22:50:20: [umc-playercountmonitor.smx] Min Players: 0, Max Players: 22
L 04/13/2017 - 22:50:20: [umc-playercountmonitor.smx] Server will begin watching for inproper number of players in 240 seconds.
L 04/13/2017 - 22:50:20: [umc-rockthevote.smx] RTV is now available.
L 04/13/2017 - 22:54:21: [umc-playercountmonitor.smx] Server is now watching for inproper number of players.
L 04/13/2017 - 23:34:10: [umc-emp-mapvote.smx] Map vote will appear in 1 seconds.
L 04/13/2017 - 23:34:11: [umc-emp-mapvote.smx] Starting a map vote.
L 04/13/2017 - 23:34:11: [umc-core.smx] Initiating Vote Type: Map
L 04/13/2017 - 23:34:42: [umc-emp-mapvote.smx] WARNING: Map Voting failure. Initiating random map fail-safe.
L 04/13/2017 - 23:34:42: [umc-core.smx] Setting nextmap to: emp_drygulch_a6
L 04/13/2017 - 23:34:42: [umc-randomcycle.smx] Disabling random nextmap selection.
L 04/13/2017 - 23:34:42: [umc-core.smx] umc-emp-mapvote.smx: Changing map to 'emp_drygulch_a6' in 5 seconds.
L 04/13/2017 - 23:34:48: [umc-core.smx] ---------------------MAP CHANGE: emp_drygulch_a6---------------------
L 04/13/2017 - 23:34:48: [umc-endvote-warnings.smx] Successfully parsed and set up 11 vote warnings.
L 04/13/2017 - 23:34:48: [umc-playercountmonitor.smx] Min Players: 0, Max Players: 22
L 04/13/2017 - 23:34:48: [umc-playercountmonitor.smx] Server will begin watching for inproper number of players in 240 seconds.
L 04/13/2017 - 23:34:48: [umc-rockthevote.smx] RTV is now available.
L 04/13/2017 - 23:38:48: [umc-playercountmonitor.smx] Server is now watching for inproper number of players.
