L 05/14/2017 - 00:00:35: [umc-emp-mapvote.smx] Map vote will appear in 20 seconds.
L 05/14/2017 - 00:00:55: [umc-emp-mapvote.smx] Starting a map vote.
L 05/14/2017 - 00:00:55: [umc-core.smx] Initiating Vote Type: Map
L 05/14/2017 - 00:01:34: [umc-core.smx] RUNOFF: Starting runoff vote.
L 05/14/2017 - 00:01:34: [umc-core.smx] Initiating Vote Type: Map
L 05/14/2017 - 00:02:05: [umc-core.smx] Setting nextmap to: emp_isle
L 05/14/2017 - 00:02:05: [umc-randomcycle.smx] Disabling random nextmap selection.
L 05/14/2017 - 00:02:05: [umc-core.smx] umc-emp-mapvote.smx: Changing map to 'emp_isle' in 5 seconds.
L 05/14/2017 - 00:02:05: [umc-core.smx] MAPVOTE: Players voted for map 'emp_isle' from group 'Commander Maps'
L 05/14/2017 - 00:02:11: [umc-core.smx] ---------------------MAP CHANGE: emp_isle---------------------
L 05/14/2017 - 00:02:11: [umc-endvote-warnings.smx] Successfully parsed and set up 11 vote warnings.
L 05/14/2017 - 00:02:11: [umc-playercountmonitor.smx] Min Players: 26, Max Players: 64
L 05/14/2017 - 00:02:11: [umc-playercountmonitor.smx] Server will begin watching for inproper number of players in 240 seconds.
L 05/14/2017 - 00:02:11: [umc-rockthevote.smx] RTV is now available.
L 05/14/2017 - 00:06:11: [umc-playercountmonitor.smx] Server is now watching for inproper number of players.
L 05/14/2017 - 00:32:15: [umc-nominate.smx] ScardyBob wants to nominate a map.
L 05/14/2017 - 00:32:22: [umc-nominate.smx] ScardyBob has nominated 'emp_snowbound_cl6' from group 'Commander Maps'
L 05/14/2017 - 00:45:15: [umc-nominate.smx] .|Ϟ|. Quigon wants to nominate a map.
L 05/14/2017 - 00:45:22: [umc-nominate.smx] .|Ϟ|. Quigon has nominated 'emp_coast' from group 'Commander Maps'
L 05/14/2017 - 00:54:41: [umc-emp-mapvote.smx] Map vote will appear in 20 seconds.
L 05/14/2017 - 00:55:01: [umc-emp-mapvote.smx] Starting a map vote.
L 05/14/2017 - 00:55:01: [umc-core.smx] Initiating Vote Type: Map
L 05/14/2017 - 00:55:39: [umc-core.smx] RUNOFF: Starting runoff vote.
L 05/14/2017 - 00:55:39: [umc-core.smx] Initiating Vote Type: Map
L 05/14/2017 - 00:56:10: [umc-core.smx] Setting nextmap to: emp_duststorm
L 05/14/2017 - 00:56:10: [umc-randomcycle.smx] Disabling random nextmap selection.
L 05/14/2017 - 00:56:10: [umc-core.smx] umc-emp-mapvote.smx: Changing map to 'emp_duststorm' in 5 seconds.
L 05/14/2017 - 00:56:10: [umc-core.smx] MAPVOTE: Players voted for map 'emp_duststorm' from group 'Commander Maps'
L 05/14/2017 - 00:56:16: [umc-core.smx] ---------------------MAP CHANGE: emp_duststorm---------------------
L 05/14/2017 - 00:56:16: [umc-endvote-warnings.smx] Successfully parsed and set up 11 vote warnings.
L 05/14/2017 - 00:56:16: [umc-playercountmonitor.smx] Min Players: 20, Max Players: 52
L 05/14/2017 - 00:56:16: [umc-playercountmonitor.smx] Server will begin watching for inproper number of players in 240 seconds.
L 05/14/2017 - 00:56:16: [umc-rockthevote.smx] RTV is now available.
L 05/14/2017 - 01:00:07: [umc-playercountmonitor.smx] Server is now watching for inproper number of players.
L 05/14/2017 - 01:17:57: [umc-nominate.smx] Oktay wants to nominate a map.
L 05/14/2017 - 01:18:18: [umc-nominate.smx] Oktay has nominated 'emp_raiders_b1' from group 'Commander Maps'
L 05/14/2017 - 01:29:44: [umc-nominate.smx] .|Ϟ|. Quigon wants to nominate a map.
L 05/14/2017 - 01:29:49: [umc-nominate.smx] .|Ϟ|. Quigon has nominated 'emp_canyon' from group 'Commander Maps'
L 05/14/2017 - 01:30:31: [umc-emp-mapvote.smx] Map vote will appear in 20 seconds.
L 05/14/2017 - 01:30:51: [umc-emp-mapvote.smx] Starting a map vote.
L 05/14/2017 - 01:30:51: [umc-core.smx] Initiating Vote Type: Map
L 05/14/2017 - 01:31:30: [umc-core.smx] RUNOFF: Starting runoff vote.
L 05/14/2017 - 01:31:30: [umc-core.smx] Initiating Vote Type: Map
L 05/14/2017 - 01:32:01: [umc-core.smx] Setting nextmap to: emp_canyon
L 05/14/2017 - 01:32:01: [umc-randomcycle.smx] Disabling random nextmap selection.
L 05/14/2017 - 01:32:01: [umc-core.smx] umc-emp-mapvote.smx: Changing map to 'emp_canyon' in 5 seconds.
L 05/14/2017 - 01:32:01: [umc-core.smx] MAPVOTE: Players voted for map 'emp_canyon' from group 'Commander Maps'
L 05/14/2017 - 01:32:07: [umc-core.smx] ---------------------MAP CHANGE: emp_canyon---------------------
L 05/14/2017 - 01:32:07: [umc-endvote-warnings.smx] Successfully parsed and set up 11 vote warnings.
L 05/14/2017 - 01:32:07: [umc-playercountmonitor.smx] Min Players: 14, Max Players: 32
L 05/14/2017 - 01:32:07: [umc-playercountmonitor.smx] Server will begin watching for inproper number of players in 240 seconds.
L 05/14/2017 - 01:32:07: [umc-rockthevote.smx] RTV is now available.
L 05/14/2017 - 01:36:07: [umc-playercountmonitor.smx] Server is now watching for inproper number of players.
L 05/14/2017 - 02:08:10: [umc-emp-mapvote.smx] Map vote will appear in 20 seconds.
L 05/14/2017 - 02:08:30: [umc-emp-mapvote.smx] Starting a map vote.
L 05/14/2017 - 02:08:30: [umc-core.smx] Initiating Vote Type: Map
L 05/14/2017 - 02:09:00: [umc-core.smx] Setting nextmap to: emp_palmbay_fix
L 05/14/2017 - 02:09:00: [umc-randomcycle.smx] Disabling random nextmap selection.
L 05/14/2017 - 02:09:00: [umc-core.smx] umc-emp-mapvote.smx: Changing map to 'emp_palmbay_fix' in 5 seconds.
L 05/14/2017 - 02:09:00: [umc-core.smx] MAPVOTE: Players voted for map 'emp_palmbay_fix' from group 'Commander Maps'
L 05/14/2017 - 02:09:06: [umc-core.smx] ---------------------MAP CHANGE: emp_palmbay_fix---------------------
L 05/14/2017 - 02:09:06: [umc-endvote-warnings.smx] Successfully parsed and set up 11 vote warnings.
L 05/14/2017 - 02:09:06: [umc-playercountmonitor.smx] Min Players: 14, Max Players: 32
L 05/14/2017 - 02:09:06: [umc-playercountmonitor.smx] Server will begin watching for inproper number of players in 240 seconds.
L 05/14/2017 - 02:09:06: [umc-rockthevote.smx] RTV is now available.
L 05/14/2017 - 02:13:06: [umc-playercountmonitor.smx] Server is now watching for inproper number of players.
L 05/14/2017 - 02:31:16: [umc-emp-mapvote.smx] Map vote will appear in 20 seconds.
L 05/14/2017 - 02:31:36: [umc-emp-mapvote.smx] Starting a map vote.
L 05/14/2017 - 02:31:36: [umc-core.smx] Initiating Vote Type: Map
L 05/14/2017 - 02:32:06: [umc-core.smx] Setting nextmap to: con_district402
L 05/14/2017 - 02:32:06: [umc-randomcycle.smx] Disabling random nextmap selection.
L 05/14/2017 - 02:32:06: [umc-core.smx] umc-emp-mapvote.smx: Changing map to 'con_district402' in 5 seconds.
L 05/14/2017 - 02:32:06: [umc-core.smx] MAPVOTE: Players voted for map 'con_district402' from group 'Infantry Maps'
L 05/14/2017 - 02:32:12: [umc-core.smx] ---------------------MAP CHANGE: con_district402---------------------
L 05/14/2017 - 02:32:12: [umc-endvote-warnings.smx] Successfully parsed and set up 11 vote warnings.
L 05/14/2017 - 02:32:12: [umc-playercountmonitor.smx] Min Players: 0, Max Players: 20
L 05/14/2017 - 02:32:12: [umc-playercountmonitor.smx] Server will begin watching for inproper number of players in 240 seconds.
L 05/14/2017 - 02:32:12: [umc-rockthevote.smx] RTV is now available.
L 05/14/2017 - 02:36:12: [umc-playercountmonitor.smx] Server is now watching for inproper number of players.
L 05/14/2017 - 02:48:14: [umc-emp-mapvote.smx] Map vote will appear in 20 seconds.
L 05/14/2017 - 02:48:34: [umc-emp-mapvote.smx] Starting a map vote.
L 05/14/2017 - 02:48:34: [umc-core.smx] Initiating Vote Type: Map
L 05/14/2017 - 02:49:04: [umc-core.smx] Setting nextmap to: emp_drygulch_a6
L 05/14/2017 - 02:49:04: [umc-randomcycle.smx] Disabling random nextmap selection.
L 05/14/2017 - 02:49:04: [umc-core.smx] umc-emp-mapvote.smx: Changing map to 'emp_drygulch_a6' in 5 seconds.
L 05/14/2017 - 02:49:04: [umc-core.smx] MAPVOTE: Players voted for map 'emp_drygulch_a6' from group 'Commander Maps'
L 05/14/2017 - 02:49:11: [umc-core.smx] ---------------------MAP CHANGE: emp_drygulch_a6---------------------
L 05/14/2017 - 02:49:11: [umc-endvote-warnings.smx] Successfully parsed and set up 11 vote warnings.
L 05/14/2017 - 02:49:11: [umc-playercountmonitor.smx] Min Players: 0, Max Players: 22
L 05/14/2017 - 02:49:11: [umc-playercountmonitor.smx] Server will begin watching for inproper number of players in 240 seconds.
L 05/14/2017 - 02:49:11: [umc-rockthevote.smx] RTV is now available.
L 05/14/2017 - 02:53:11: [umc-playercountmonitor.smx] Server is now watching for inproper number of players.
L 05/14/2017 - 04:23:33: [umc-emp-mapvote.smx] Map vote will appear in 20 seconds.
L 05/14/2017 - 04:23:53: [umc-emp-mapvote.smx] Starting a map vote.
L 05/14/2017 - 04:23:53: [umc-core.smx] Initiating Vote Type: Map
L 05/14/2017 - 04:23:53: [umc-core.smx] Could not start core vote, no players to display vote to!
L 05/14/2017 - 04:23:53: [umc-emp-mapvote.smx] Could not start UMC vote.
L 05/14/2017 - 04:23:53: [umc-emp-mapvote.smx] WARNING: Map Voting failure. Initiating random map fail-safe.
L 05/14/2017 - 04:23:53: [umc-core.smx] Setting nextmap to: con_urbanchaos
L 05/14/2017 - 04:23:53: [umc-randomcycle.smx] Disabling random nextmap selection.
L 05/14/2017 - 04:23:53: [umc-core.smx] umc-emp-mapvote.smx: Changing map to 'con_urbanchaos' in 5 seconds.
L 05/14/2017 - 04:24:00: [umc-core.smx] ---------------------MAP CHANGE: con_urbanchaos---------------------
L 05/14/2017 - 04:24:00: [umc-endvote-warnings.smx] Successfully parsed and set up 11 vote warnings.
L 05/14/2017 - 04:24:00: [umc-playercountmonitor.smx] Min Players: 0, Max Players: 20
L 05/14/2017 - 04:24:00: [umc-playercountmonitor.smx] Server will begin watching for inproper number of players in 240 seconds.
L 05/14/2017 - 04:24:00: [umc-rockthevote.smx] RTV is now available.
L 05/14/2017 - 04:28:00: [umc-playercountmonitor.smx] Server is now watching for inproper number of players.
L 05/14/2017 - 10:17:16: [umc-emp-mapvote.smx] Map vote will appear in 20 seconds.
L 05/14/2017 - 10:17:36: [umc-emp-mapvote.smx] Starting a map vote.
L 05/14/2017 - 10:17:36: [umc-core.smx] Initiating Vote Type: Map
L 05/14/2017 - 10:17:42: [umc-core.smx] Setting nextmap to: emp_crossroads
L 05/14/2017 - 10:17:42: [umc-randomcycle.smx] Disabling random nextmap selection.
L 05/14/2017 - 10:17:42: [umc-core.smx] umc-emp-mapvote.smx: Changing map to 'emp_crossroads' in 5 seconds.
L 05/14/2017 - 10:17:42: [umc-core.smx] MAPVOTE: Players voted for map 'emp_crossroads' from group 'Commander Maps'
L 05/14/2017 - 10:17:48: [umc-core.smx] ---------------------MAP CHANGE: emp_crossroads---------------------
L 05/14/2017 - 10:17:48: [umc-endvote-warnings.smx] Successfully parsed and set up 11 vote warnings.
L 05/14/2017 - 10:17:48: [umc-playercountmonitor.smx] Min Players: 0, Max Players: 22
L 05/14/2017 - 10:17:48: [umc-playercountmonitor.smx] Server will begin watching for inproper number of players in 240 seconds.
L 05/14/2017 - 10:17:48: [umc-rockthevote.smx] RTV is now available.
L 05/14/2017 - 10:21:48: [umc-playercountmonitor.smx] Server is now watching for inproper number of players.
L 05/14/2017 - 17:30:41: [umc-core.smx] ---------------------MAP CHANGE: con_district402---------------------
L 05/14/2017 - 17:30:41: [umc-endvote-warnings.smx] Successfully parsed and set up 11 vote warnings.
L 05/14/2017 - 17:30:41: [umc-playercountmonitor.smx] Min Players: 0, Max Players: 20
L 05/14/2017 - 17:30:41: [umc-playercountmonitor.smx] Server will begin watching for inproper number of players in 240 seconds.
L 05/14/2017 - 17:30:41: [umc-rockthevote.smx] RTV is now available.
L 05/14/2017 - 17:34:41: [umc-playercountmonitor.smx] Server is now watching for inproper number of players.
L 05/14/2017 - 18:00:04: [umc-core.smx] ---------------------MAP CHANGE: con_district402---------------------
L 05/14/2017 - 18:00:04: [umc-endvote-warnings.smx] Successfully parsed and set up 11 vote warnings.
L 05/14/2017 - 18:00:04: [umc-playercountmonitor.smx] Min Players: 0, Max Players: 20
L 05/14/2017 - 18:00:04: [umc-playercountmonitor.smx] Server will begin watching for inproper number of players in 240 seconds.
L 05/14/2017 - 18:00:04: [umc-rockthevote.smx] RTV is now available.
L 05/14/2017 - 18:01:50: [umc-core.smx] ---------------------MAP CHANGE: con_district402---------------------
L 05/14/2017 - 18:01:50: [umc-endvote-warnings.smx] Successfully parsed and set up 11 vote warnings.
L 05/14/2017 - 18:01:50: [umc-playercountmonitor.smx] Min Players: 0, Max Players: 20
L 05/14/2017 - 18:01:50: [umc-playercountmonitor.smx] Server will begin watching for inproper number of players in 240 seconds.
L 05/14/2017 - 18:01:50: [umc-rockthevote.smx] RTV is now available.
L 05/14/2017 - 18:05:50: [umc-playercountmonitor.smx] Server is now watching for inproper number of players.
L 05/14/2017 - 18:31:39: [umc-core.smx] ---------------------MAP CHANGE: emp_vehicletraining_2013---------------------
L 05/14/2017 - 18:31:39: [umc-endvote-warnings.smx] Successfully parsed and set up 11 vote warnings.
L 05/14/2017 - 18:31:39: [umc-playercountmonitor.smx] Min Players: 0, Max Players: 20
L 05/14/2017 - 18:31:39: [umc-playercountmonitor.smx] Server will begin watching for inproper number of players in 240 seconds.
L 05/14/2017 - 18:31:39: [umc-rockthevote.smx] RTV is now available.
L 05/14/2017 - 18:32:18: [umc-core.smx] ---------------------MAP CHANGE: emp_shadows_attacks---------------------
L 05/14/2017 - 18:32:18: [umc-endvote-warnings.smx] Successfully parsed and set up 11 vote warnings.
L 05/14/2017 - 18:32:18: [umc-playercountmonitor.smx] Min Players: 0, Max Players: 20
L 05/14/2017 - 18:32:18: [umc-playercountmonitor.smx] Server will begin watching for inproper number of players in 240 seconds.
L 05/14/2017 - 18:32:18: [umc-rockthevote.smx] RTV is now available.
L 05/14/2017 - 18:36:08: [umc-core.smx] ---------------------MAP CHANGE: emp_shadows_attacks---------------------
L 05/14/2017 - 18:36:08: [umc-endvote-warnings.smx] Successfully parsed and set up 11 vote warnings.
L 05/14/2017 - 18:36:08: [umc-playercountmonitor.smx] Min Players: 0, Max Players: 20
L 05/14/2017 - 18:36:08: [umc-playercountmonitor.smx] Server will begin watching for inproper number of players in 240 seconds.
L 05/14/2017 - 18:36:08: [umc-rockthevote.smx] RTV is now available.
L 05/14/2017 - 18:39:36: [umc-core.smx] ---------------------MAP CHANGE: emp_shadows_attacks---------------------
L 05/14/2017 - 18:39:36: [umc-endvote-warnings.smx] Successfully parsed and set up 11 vote warnings.
L 05/14/2017 - 18:39:36: [umc-playercountmonitor.smx] Min Players: 0, Max Players: 20
L 05/14/2017 - 18:39:36: [umc-playercountmonitor.smx] Server will begin watching for inproper number of players in 240 seconds.
L 05/14/2017 - 18:39:36: [umc-rockthevote.smx] RTV is now available.
L 05/14/2017 - 18:43:36: [umc-playercountmonitor.smx] Server is now watching for inproper number of players.
L 05/14/2017 - 19:02:19: [umc-nominate.smx] Oktay wants to nominate a map.
L 05/14/2017 - 19:20:28: [umc-emp-mapvote.smx] Map vote will appear in 20 seconds.
L 05/14/2017 - 19:20:48: [umc-emp-mapvote.smx] Starting a map vote.
L 05/14/2017 - 19:20:48: [umc-core.smx] Initiating Vote Type: Map
L 05/14/2017 - 19:21:10: [umc-core.smx] RUNOFF: Starting runoff vote.
L 05/14/2017 - 19:21:10: [umc-core.smx] Initiating Vote Type: Map
L 05/14/2017 - 19:21:37: [umc-core.smx] Setting nextmap to: emp_beachfront_b2
L 05/14/2017 - 19:21:37: [umc-randomcycle.smx] Disabling random nextmap selection.
L 05/14/2017 - 19:21:37: [umc-core.smx] umc-emp-mapvote.smx: Changing map to 'emp_beachfront_b2' in 5 seconds.
L 05/14/2017 - 19:21:37: [umc-core.smx] MAPVOTE: Players voted for map 'emp_beachfront_b2' from group 'Commander Maps'
L 05/14/2017 - 19:21:42: [umc-core.smx] ---------------------MAP CHANGE: emp_beachfront_b2---------------------
L 05/14/2017 - 19:21:42: [umc-endvote-warnings.smx] Successfully parsed and set up 11 vote warnings.
L 05/14/2017 - 19:21:42: [umc-playercountmonitor.smx] Min Players: 0, Max Players: 22
L 05/14/2017 - 19:21:42: [umc-playercountmonitor.smx] Server will begin watching for inproper number of players in 240 seconds.
L 05/14/2017 - 19:21:42: [umc-rockthevote.smx] RTV is now available.
L 05/14/2017 - 19:22:37: [umc-core.smx] ---------------------MAP CHANGE: con_district402---------------------
L 05/14/2017 - 19:22:37: [umc-endvote-warnings.smx] Successfully parsed and set up 11 vote warnings.
L 05/14/2017 - 19:22:37: [umc-playercountmonitor.smx] Min Players: 0, Max Players: 20
L 05/14/2017 - 19:22:37: [umc-playercountmonitor.smx] Server will begin watching for inproper number of players in 240 seconds.
L 05/14/2017 - 19:22:37: [umc-rockthevote.smx] RTV is now available.
L 05/14/2017 - 19:22:46: [umc-core.smx] ---------------------MAP CHANGE: emp_beachfront_b2---------------------
L 05/14/2017 - 19:22:46: [umc-endvote-warnings.smx] Successfully parsed and set up 11 vote warnings.
L 05/14/2017 - 19:22:46: [umc-playercountmonitor.smx] Min Players: 0, Max Players: 22
L 05/14/2017 - 19:22:46: [umc-playercountmonitor.smx] Server will begin watching for inproper number of players in 240 seconds.
L 05/14/2017 - 19:22:46: [umc-rockthevote.smx] RTV is now available.
L 05/14/2017 - 19:26:46: [umc-playercountmonitor.smx] Server is now watching for inproper number of players.
L 05/14/2017 - 19:27:01: [umc-nominate.smx] Mr. X. wants to nominate a map.
L 05/14/2017 - 20:11:22: [umc-emp-mapvote.smx] Map vote will appear in 20 seconds.
L 05/14/2017 - 20:11:42: [umc-emp-mapvote.smx] Starting a map vote.
L 05/14/2017 - 20:11:42: [umc-core.smx] Initiating Vote Type: Map
L 05/14/2017 - 20:12:12: [umc-core.smx] Setting nextmap to: con_glycencity
L 05/14/2017 - 20:12:12: [umc-randomcycle.smx] Disabling random nextmap selection.
L 05/14/2017 - 20:12:12: [umc-core.smx] umc-emp-mapvote.smx: Changing map to 'con_glycencity' in 5 seconds.
L 05/14/2017 - 20:12:12: [umc-core.smx] MAPVOTE: Players voted for map 'con_glycencity' from group 'Infantry Maps'
L 05/14/2017 - 20:12:19: [umc-core.smx] ---------------------MAP CHANGE: con_glycencity---------------------
L 05/14/2017 - 20:12:19: [umc-endvote-warnings.smx] Successfully parsed and set up 11 vote warnings.
L 05/14/2017 - 20:12:19: [umc-playercountmonitor.smx] Min Players: 0, Max Players: 20
L 05/14/2017 - 20:12:19: [umc-playercountmonitor.smx] Server will begin watching for inproper number of players in 240 seconds.
L 05/14/2017 - 20:12:19: [umc-rockthevote.smx] RTV is now available.
L 05/14/2017 - 20:13:44: [umc-nominate.smx] Ben-142 (no mic) wants to nominate a map.
L 05/14/2017 - 20:13:53: [umc-nominate.smx] Ben-142 (no mic) has nominated 'con_urbanchaos' from group 'Infantry Maps'
L 05/14/2017 - 20:16:19: [umc-playercountmonitor.smx] Server is now watching for inproper number of players.
L 05/14/2017 - 20:23:37: [umc-emp-mapvote.smx] Map vote will appear in 20 seconds.
L 05/14/2017 - 20:23:57: [umc-emp-mapvote.smx] Starting a map vote.
L 05/14/2017 - 20:23:57: [umc-core.smx] Initiating Vote Type: Map
L 05/14/2017 - 20:24:27: [umc-core.smx] Setting nextmap to: emp_drygulch_a6
L 05/14/2017 - 20:24:27: [umc-randomcycle.smx] Disabling random nextmap selection.
L 05/14/2017 - 20:24:27: [umc-core.smx] umc-emp-mapvote.smx: Changing map to 'emp_drygulch_a6' in 5 seconds.
L 05/14/2017 - 20:24:27: [umc-core.smx] MAPVOTE: Players voted for map 'emp_drygulch_a6' from group 'Commander Maps'
L 05/14/2017 - 20:24:32: [umc-rockthevote.smx] Starting RTV.
L 05/14/2017 - 20:24:32: [umc-rockthevote.smx] End of map vote has already been completed, changing map.
L 05/14/2017 - 20:24:32: [umc-rockthevote.smx] RTV: Changing map to 'emp_drygulch_a6' in 5 seconds.
L 05/14/2017 - 20:24:33: [umc-core.smx] ---------------------MAP CHANGE: emp_drygulch_a6---------------------
L 05/14/2017 - 20:24:33: [umc-endvote-warnings.smx] Successfully parsed and set up 11 vote warnings.
L 05/14/2017 - 20:24:33: [umc-playercountmonitor.smx] Min Players: 0, Max Players: 22
L 05/14/2017 - 20:24:33: [umc-playercountmonitor.smx] Server will begin watching for inproper number of players in 240 seconds.
L 05/14/2017 - 20:24:33: [umc-rockthevote.smx] RTV is now available.
L 05/14/2017 - 20:28:33: [umc-playercountmonitor.smx] Server is now watching for inproper number of players.
L 05/14/2017 - 21:30:48: [umc-nominate.smx] ScardyBob wants to nominate a map.
L 05/14/2017 - 22:03:22: [umc-nominate.smx] Mr. X. wants to nominate a map.
L 05/14/2017 - 22:24:17: [umc-nominate.smx] Mr. X. wants to nominate a map.
L 05/14/2017 - 22:24:27: [umc-nominate.smx] Mr. X. has nominated 'emp_palmbay_fix' from group 'Commander Maps'
L 05/14/2017 - 22:24:35: [umc-nominate.smx] ScardyBob wants to nominate a map.
L 05/14/2017 - 22:24:52: [umc-nominate.smx] ScardyBob has nominated 'emp_homeland_b9' from group 'Commander Maps'
L 05/14/2017 - 22:40:16: [umc-nominate.smx] nowaf8037 wants to nominate a map.
L 05/14/2017 - 22:40:32: [umc-nominate.smx] nowaf8037 has nominated 'emp_temple_b3a' from group 'Commander Maps'
L 05/14/2017 - 22:41:07: [umc-nominate.smx] Uninspired wants to nominate a map.
L 05/14/2017 - 22:41:13: [umc-nominate.smx] Uninspired has nominated 'emp_duststorm' from group 'Commander Maps'
L 05/14/2017 - 22:43:08: [umc-emp-mapvote.smx] Map vote will appear in 20 seconds.
L 05/14/2017 - 22:43:28: [umc-emp-mapvote.smx] Starting a map vote.
L 05/14/2017 - 22:43:28: [umc-core.smx] Initiating Vote Type: Map
L 05/14/2017 - 22:44:06: [umc-core.smx] RUNOFF: Starting runoff vote.
L 05/14/2017 - 22:44:06: [umc-core.smx] Initiating Vote Type: Map
L 05/14/2017 - 22:44:37: [umc-core.smx] Setting nextmap to: emp_duststorm
L 05/14/2017 - 22:44:37: [umc-randomcycle.smx] Disabling random nextmap selection.
L 05/14/2017 - 22:44:37: [umc-core.smx] umc-emp-mapvote.smx: Changing map to 'emp_duststorm' in 5 seconds.
L 05/14/2017 - 22:44:37: [umc-core.smx] MAPVOTE: Players voted for map 'emp_duststorm' from group 'Commander Maps'
L 05/14/2017 - 22:44:43: [umc-core.smx] ---------------------MAP CHANGE: emp_duststorm---------------------
L 05/14/2017 - 22:44:43: [umc-endvote-warnings.smx] Successfully parsed and set up 11 vote warnings.
L 05/14/2017 - 22:44:43: [umc-playercountmonitor.smx] Min Players: 20, Max Players: 52
L 05/14/2017 - 22:44:43: [umc-playercountmonitor.smx] Server will begin watching for inproper number of players in 240 seconds.
L 05/14/2017 - 22:44:43: [umc-rockthevote.smx] RTV is now available.
L 05/14/2017 - 22:48:43: [umc-playercountmonitor.smx] Server is now watching for inproper number of players.
L 05/14/2017 - 23:11:12: [umc-emp-mapvote.smx] Map vote will appear in 20 seconds.
L 05/14/2017 - 23:11:33: [umc-emp-mapvote.smx] Starting a map vote.
L 05/14/2017 - 23:11:33: [umc-core.smx] Initiating Vote Type: Map
L 05/14/2017 - 23:12:03: [umc-core.smx] Setting nextmap to: emp_palmbay_fix
L 05/14/2017 - 23:12:03: [umc-randomcycle.smx] Disabling random nextmap selection.
L 05/14/2017 - 23:12:03: [umc-core.smx] umc-emp-mapvote.smx: Changing map to 'emp_palmbay_fix' in 5 seconds.
L 05/14/2017 - 23:12:03: [umc-core.smx] MAPVOTE: Players voted for map 'emp_palmbay_fix' from group 'Commander Maps'
L 05/14/2017 - 23:12:09: [umc-core.smx] ---------------------MAP CHANGE: emp_palmbay_fix---------------------
L 05/14/2017 - 23:12:09: [umc-endvote-warnings.smx] Successfully parsed and set up 11 vote warnings.
L 05/14/2017 - 23:12:09: [umc-playercountmonitor.smx] Min Players: 20, Max Players: 32
L 05/14/2017 - 23:12:09: [umc-playercountmonitor.smx] Server will begin watching for inproper number of players in 240 seconds.
L 05/14/2017 - 23:12:09: [umc-rockthevote.smx] RTV is now available.
L 05/14/2017 - 23:13:13: [umc-nominate.smx] Uninspired wants to nominate a map.
L 05/14/2017 - 23:13:23: [umc-nominate.smx] Uninspired has nominated 'emp_crossroads' from group 'Commander Maps'
L 05/14/2017 - 23:13:59: [umc-nominate.smx] ScardyBob wants to nominate a map.
L 05/14/2017 - 23:14:05: [umc-nominate.smx] nowaf8037 wants to nominate a map.
L 05/14/2017 - 23:14:12: [umc-nominate.smx] ScardyBob has nominated 'emp_blah4' from group 'Commander Maps'
L 05/14/2017 - 23:14:16: [umc-nominate.smx] nowaf8037 has nominated 'emp_nuclear_b8u_xfix' from group 'Infantry Maps'
L 05/14/2017 - 23:16:09: [umc-playercountmonitor.smx] Server is now watching for inproper number of players.
L 05/14/2017 - 23:32:03: [umc-emp-mapvote.smx] Map vote will appear in 20 seconds.
L 05/14/2017 - 23:32:23: [umc-emp-mapvote.smx] Starting a map vote.
L 05/14/2017 - 23:32:23: [umc-core.smx] Initiating Vote Type: Map
L 05/14/2017 - 23:32:53: [umc-core.smx] Setting nextmap to: emp_canyon
L 05/14/2017 - 23:32:53: [umc-randomcycle.smx] Disabling random nextmap selection.
L 05/14/2017 - 23:32:53: [umc-core.smx] umc-emp-mapvote.smx: Changing map to 'emp_canyon' in 5 seconds.
L 05/14/2017 - 23:32:53: [umc-core.smx] MAPVOTE: Players voted for map 'emp_canyon' from group 'Commander Maps'
L 05/14/2017 - 23:32:59: [umc-core.smx] ---------------------MAP CHANGE: emp_canyon---------------------
L 05/14/2017 - 23:32:59: [umc-endvote-warnings.smx] Successfully parsed and set up 11 vote warnings.
L 05/14/2017 - 23:32:59: [umc-playercountmonitor.smx] Min Players: 14, Max Players: 32
L 05/14/2017 - 23:32:59: [umc-playercountmonitor.smx] Server will begin watching for inproper number of players in 240 seconds.
L 05/14/2017 - 23:32:59: [umc-rockthevote.smx] RTV is now available.
L 05/14/2017 - 23:35:33: [umc-nominate.smx] nowaf8037 wants to nominate a map.
L 05/14/2017 - 23:35:38: [umc-nominate.smx] nowaf8037 has nominated 'con_urbanchaos' from group 'Infantry Maps'
L 05/14/2017 - 23:36:59: [umc-playercountmonitor.smx] Server is now watching for inproper number of players.
