L 07/14/2017 - 13:37:19: [umc-core.smx] ---------------------MAP CHANGE: con_district402---------------------
L 07/14/2017 - 13:37:19: [umc-endvote-warnings.smx] Successfully parsed and set up 11 vote warnings.
L 07/14/2017 - 13:37:19: [umc-playercountmonitor.smx] Current Map Group could not be determined. (Non-UMC mapchange or plugin just loaded.)
L 07/14/2017 - 13:37:19: [umc-playercountmonitor.smx] Min Players: 0, Max Players: 64
L 07/14/2017 - 13:37:19: [umc-rockthevote.smx] RTV will be made available in 60 seconds.
L 07/14/2017 - 13:38:20: [umc-rockthevote.smx] RTV is now available.
L 07/14/2017 - 15:17:56: [umc-emp-mapvote.smx] Map vote will appear in 30 seconds.
L 07/14/2017 - 15:18:26: [umc-emp-mapvote.smx] Starting a map vote.
L 07/14/2017 - 15:18:26: [umc-core.smx] Initiating Vote Type: Map
L 07/14/2017 - 15:18:57: [umc-core.smx] Setting nextmap to: emp_drygulch_a6
L 07/14/2017 - 15:18:57: [umc-randomcycle.smx] Disabling random nextmap selection.
L 07/14/2017 - 15:18:57: [umc-core.smx] umc-emp-mapvote.smx: Changing map to 'emp_drygulch_a6' in 5 seconds.
L 07/14/2017 - 15:18:57: [umc-core.smx] MAPVOTE: Players voted for map 'emp_drygulch_a6' from group 'Commander Maps'
L 07/14/2017 - 15:19:03: [umc-core.smx] ---------------------MAP CHANGE: emp_drygulch_a6---------------------
L 07/14/2017 - 15:19:03: [umc-endvote-warnings.smx] Successfully parsed and set up 11 vote warnings.
L 07/14/2017 - 15:19:03: [umc-playercountmonitor.smx] Min Players: 0, Max Players: 22
L 07/14/2017 - 15:19:03: [umc-playercountmonitor.smx] Server will begin watching for inproper number of players in 240 seconds.
L 07/14/2017 - 15:19:03: [umc-rockthevote.smx] RTV will be made available in 60 seconds.
L 07/14/2017 - 15:20:04: [umc-rockthevote.smx] RTV is now available.
L 07/14/2017 - 15:20:36: [umc-nominate.smx] Mr. X. wants to nominate a map.
L 07/14/2017 - 15:23:03: [umc-playercountmonitor.smx] Server is now watching for inproper number of players.
L 07/14/2017 - 15:33:33: [umc-emp-mapvote.smx] Map vote will appear in 30 seconds.
L 07/14/2017 - 15:34:03: [umc-emp-mapvote.smx] Starting a map vote.
L 07/14/2017 - 15:34:03: [umc-core.smx] Initiating Vote Type: Map
L 07/14/2017 - 15:34:33: [umc-core.smx] Setting nextmap to: con_glycencity
L 07/14/2017 - 15:34:33: [umc-randomcycle.smx] Disabling random nextmap selection.
L 07/14/2017 - 15:34:33: [umc-core.smx] umc-emp-mapvote.smx: Changing map to 'con_glycencity' in 5 seconds.
L 07/14/2017 - 15:34:33: [umc-core.smx] MAPVOTE: Players voted for map 'con_glycencity' from group 'Infantry Maps'
L 07/14/2017 - 15:34:41: [umc-core.smx] ---------------------MAP CHANGE: con_glycencity---------------------
L 07/14/2017 - 15:34:41: [umc-endvote-warnings.smx] Successfully parsed and set up 11 vote warnings.
L 07/14/2017 - 15:34:41: [umc-playercountmonitor.smx] Min Players: 0, Max Players: 20
L 07/14/2017 - 15:34:41: [umc-playercountmonitor.smx] Server will begin watching for inproper number of players in 240 seconds.
L 07/14/2017 - 15:34:41: [umc-rockthevote.smx] RTV will be made available in 60 seconds.
L 07/14/2017 - 15:35:42: [umc-rockthevote.smx] RTV is now available.
L 07/14/2017 - 15:38:41: [umc-playercountmonitor.smx] Server is now watching for inproper number of players.
L 07/14/2017 - 16:03:38: [umc-emp-mapvote.smx] Map vote will appear in 30 seconds.
L 07/14/2017 - 16:04:08: [umc-emp-mapvote.smx] Starting a map vote.
L 07/14/2017 - 16:04:08: [umc-core.smx] Initiating Vote Type: Map
L 07/14/2017 - 16:04:39: [umc-emp-mapvote.smx] WARNING: Map Voting failure. Initiating random map fail-safe.
L 07/14/2017 - 16:04:39: [umc-core.smx] Setting nextmap to: emp_fogtown_cl2_fix
L 07/14/2017 - 16:04:39: [umc-randomcycle.smx] Disabling random nextmap selection.
L 07/14/2017 - 16:04:39: [umc-core.smx] umc-emp-mapvote.smx: Changing map to 'emp_fogtown_cl2_fix' in 5 seconds.
L 07/14/2017 - 16:04:45: [umc-core.smx] ---------------------MAP CHANGE: emp_fogtown_cl2_fix---------------------
L 07/14/2017 - 16:04:45: [umc-endvote-warnings.smx] Successfully parsed and set up 11 vote warnings.
L 07/14/2017 - 16:04:45: [umc-playercountmonitor.smx] Min Players: 0, Max Players: 20
L 07/14/2017 - 16:04:45: [umc-playercountmonitor.smx] Server will begin watching for inproper number of players in 240 seconds.
L 07/14/2017 - 16:04:45: [umc-rockthevote.smx] RTV will be made available in 60 seconds.
L 07/14/2017 - 16:05:46: [umc-rockthevote.smx] RTV is now available.
L 07/14/2017 - 16:08:45: [umc-playercountmonitor.smx] Server is now watching for inproper number of players.
L 07/14/2017 - 17:21:36: [umc-emp-mapvote.smx] Map vote will appear in 30 seconds.
L 07/14/2017 - 17:22:06: [umc-emp-mapvote.smx] Starting a map vote.
L 07/14/2017 - 17:22:06: [umc-core.smx] Initiating Vote Type: Map
L 07/14/2017 - 17:22:45: [umc-core.smx] RUNOFF: Starting runoff vote.
L 07/14/2017 - 17:22:45: [umc-core.smx] Initiating Vote Type: Map
L 07/14/2017 - 17:23:16: [umc-emp-mapvote.smx] WARNING: Map Voting failure. Initiating random map fail-safe.
L 07/14/2017 - 17:23:16: [umc-core.smx] Setting nextmap to: emp_crossroads
L 07/14/2017 - 17:23:16: [umc-randomcycle.smx] Disabling random nextmap selection.
L 07/14/2017 - 17:23:16: [umc-core.smx] umc-emp-mapvote.smx: Changing map to 'emp_crossroads' in 5 seconds.
L 07/14/2017 - 17:23:26: [umc-core.smx] ---------------------MAP CHANGE: emp_crossroads---------------------
L 07/14/2017 - 17:23:26: [umc-endvote-warnings.smx] Successfully parsed and set up 11 vote warnings.
L 07/14/2017 - 17:23:26: [umc-playercountmonitor.smx] Min Players: 0, Max Players: 22
L 07/14/2017 - 17:23:26: [umc-playercountmonitor.smx] Server will begin watching for inproper number of players in 240 seconds.
L 07/14/2017 - 17:23:26: [umc-rockthevote.smx] RTV will be made available in 60 seconds.
L 07/14/2017 - 17:24:27: [umc-rockthevote.smx] RTV is now available.
L 07/14/2017 - 17:27:26: [umc-playercountmonitor.smx] Server is now watching for inproper number of players.
L 07/14/2017 - 18:02:41: [umc-emp-mapvote.smx] Map vote will appear in 30 seconds.
L 07/14/2017 - 18:03:11: [umc-emp-mapvote.smx] Starting a map vote.
L 07/14/2017 - 18:03:11: [umc-core.smx] Initiating Vote Type: Map
L 07/14/2017 - 18:03:50: [umc-core.smx] RUNOFF: Starting runoff vote.
L 07/14/2017 - 18:03:50: [umc-core.smx] Initiating Vote Type: Map
L 07/14/2017 - 18:04:20: [umc-core.smx] Setting nextmap to: emp_downfall
L 07/14/2017 - 18:04:20: [umc-randomcycle.smx] Disabling random nextmap selection.
L 07/14/2017 - 18:04:20: [umc-core.smx] umc-emp-mapvote.smx: Changing map to 'emp_downfall' in 5 seconds.
L 07/14/2017 - 18:04:20: [umc-core.smx] MAPVOTE: Players voted for map 'emp_downfall' from group 'Commander Maps'
L 07/14/2017 - 18:04:28: [umc-core.smx] ---------------------MAP CHANGE: emp_downfall---------------------
L 07/14/2017 - 18:04:28: [umc-endvote-warnings.smx] Successfully parsed and set up 11 vote warnings.
L 07/14/2017 - 18:04:28: [umc-playercountmonitor.smx] Min Players: 0, Max Players: 22
L 07/14/2017 - 18:04:28: [umc-playercountmonitor.smx] Server will begin watching for inproper number of players in 240 seconds.
L 07/14/2017 - 18:04:28: [umc-rockthevote.smx] RTV will be made available in 60 seconds.
L 07/14/2017 - 18:05:29: [umc-rockthevote.smx] RTV is now available.
L 07/14/2017 - 18:08:28: [umc-playercountmonitor.smx] Server is now watching for inproper number of players.
L 07/14/2017 - 18:38:36: [umc-emp-mapvote.smx] Map vote will appear in 30 seconds.
L 07/14/2017 - 18:39:06: [umc-emp-mapvote.smx] Starting a map vote.
L 07/14/2017 - 18:39:06: [umc-core.smx] Initiating Vote Type: Map
L 07/14/2017 - 18:39:37: [umc-core.smx] Setting nextmap to: emp_nuclear_b8u_xfix
L 07/14/2017 - 18:39:37: [umc-randomcycle.smx] Disabling random nextmap selection.
L 07/14/2017 - 18:39:37: [umc-core.smx] umc-emp-mapvote.smx: Changing map to 'emp_nuclear_b8u_xfix' in 5 seconds.
L 07/14/2017 - 18:39:37: [umc-core.smx] MAPVOTE: Players voted for map 'emp_nuclear_b8u_xfix' from group 'Infantry Maps'
L 07/14/2017 - 18:39:44: [umc-core.smx] ---------------------MAP CHANGE: emp_nuclear_b8u_xfix---------------------
L 07/14/2017 - 18:39:44: [umc-endvote-warnings.smx] Successfully parsed and set up 11 vote warnings.
L 07/14/2017 - 18:39:44: [umc-playercountmonitor.smx] Min Players: 4, Max Players: 20
L 07/14/2017 - 18:39:44: [umc-playercountmonitor.smx] Server will begin watching for inproper number of players in 240 seconds.
L 07/14/2017 - 18:39:44: [umc-rockthevote.smx] RTV will be made available in 60 seconds.
L 07/14/2017 - 18:40:45: [umc-rockthevote.smx] RTV is now available.
L 07/14/2017 - 18:43:44: [umc-playercountmonitor.smx] Server is now watching for inproper number of players.
L 07/14/2017 - 19:18:23: [umc-emp-mapvote.smx] Map vote will appear in 30 seconds.
L 07/14/2017 - 19:18:53: [umc-emp-mapvote.smx] Starting a map vote.
L 07/14/2017 - 19:18:53: [umc-core.smx] Initiating Vote Type: Map
L 07/14/2017 - 19:19:31: [umc-core.smx] RUNOFF: Starting runoff vote.
L 07/14/2017 - 19:19:31: [umc-core.smx] Initiating Vote Type: Map
L 07/14/2017 - 19:20:02: [umc-core.smx] Setting nextmap to: emp_beachfront_b2
L 07/14/2017 - 19:20:02: [umc-randomcycle.smx] Disabling random nextmap selection.
L 07/14/2017 - 19:20:02: [umc-core.smx] umc-emp-mapvote.smx: Changing map to 'emp_beachfront_b2' in 5 seconds.
L 07/14/2017 - 19:20:02: [umc-core.smx] MAPVOTE: Players voted for map 'emp_beachfront_b2' from group 'Commander Maps'
L 07/14/2017 - 19:20:10: [umc-core.smx] ---------------------MAP CHANGE: emp_beachfront_b2---------------------
L 07/14/2017 - 19:20:10: [umc-endvote-warnings.smx] Successfully parsed and set up 11 vote warnings.
L 07/14/2017 - 19:20:10: [umc-playercountmonitor.smx] Min Players: 0, Max Players: 22
L 07/14/2017 - 19:20:10: [umc-playercountmonitor.smx] Server will begin watching for inproper number of players in 240 seconds.
L 07/14/2017 - 19:20:10: [umc-rockthevote.smx] RTV will be made available in 60 seconds.
L 07/14/2017 - 19:21:11: [umc-rockthevote.smx] RTV is now available.
L 07/14/2017 - 19:24:10: [umc-playercountmonitor.smx] Server is now watching for inproper number of players.
L 07/14/2017 - 19:30:53: [umc-emp-mapvote.smx] Map vote will appear in 30 seconds.
L 07/14/2017 - 19:31:23: [umc-emp-mapvote.smx] Starting a map vote.
L 07/14/2017 - 19:31:23: [umc-core.smx] Initiating Vote Type: Map
L 07/14/2017 - 19:31:54: [umc-emp-mapvote.smx] WARNING: Map Voting failure. Initiating random map fail-safe.
L 07/14/2017 - 19:31:54: [umc-core.smx] Setting nextmap to: emp_shadows_attacks_fix
L 07/14/2017 - 19:31:54: [umc-randomcycle.smx] Disabling random nextmap selection.
L 07/14/2017 - 19:31:54: [umc-core.smx] umc-emp-mapvote.smx: Changing map to 'emp_shadows_attacks_fix' in 5 seconds.
L 07/14/2017 - 19:32:01: [umc-core.smx] ---------------------MAP CHANGE: emp_shadows_attacks_fix---------------------
L 07/14/2017 - 19:32:01: [umc-endvote-warnings.smx] Successfully parsed and set up 11 vote warnings.
L 07/14/2017 - 19:32:01: [umc-playercountmonitor.smx] Min Players: 0, Max Players: 20
L 07/14/2017 - 19:32:01: [umc-playercountmonitor.smx] Server will begin watching for inproper number of players in 240 seconds.
L 07/14/2017 - 19:32:01: [umc-rockthevote.smx] RTV will be made available in 60 seconds.
L 07/14/2017 - 19:33:02: [umc-rockthevote.smx] RTV is now available.
L 07/14/2017 - 19:36:01: [umc-playercountmonitor.smx] Server is now watching for inproper number of players.
L 07/14/2017 - 19:46:29: [umc-emp-mapvote.smx] Map vote will appear in 30 seconds.
L 07/14/2017 - 19:46:59: [umc-emp-mapvote.smx] Starting a map vote.
L 07/14/2017 - 19:46:59: [umc-core.smx] Initiating Vote Type: Map
L 07/14/2017 - 19:47:29: [umc-emp-mapvote.smx] WARNING: Map Voting failure. Initiating random map fail-safe.
L 07/14/2017 - 19:47:29: [umc-core.smx] Setting nextmap to: emp_drygulch_a6
L 07/14/2017 - 19:47:29: [umc-randomcycle.smx] Disabling random nextmap selection.
L 07/14/2017 - 19:47:29: [umc-core.smx] umc-emp-mapvote.smx: Changing map to 'emp_drygulch_a6' in 5 seconds.
L 07/14/2017 - 19:48:27: [umc-core.smx] ---------------------MAP CHANGE: emp_drygulch_a6---------------------
L 07/14/2017 - 19:48:27: [umc-endvote-warnings.smx] Successfully parsed and set up 11 vote warnings.
L 07/14/2017 - 19:48:27: [umc-playercountmonitor.smx] Min Players: 0, Max Players: 22
L 07/14/2017 - 19:48:27: [umc-playercountmonitor.smx] Server will begin watching for inproper number of players in 240 seconds.
L 07/14/2017 - 19:48:27: [umc-rockthevote.smx] RTV will be made available in 60 seconds.
L 07/14/2017 - 19:49:28: [umc-rockthevote.smx] RTV is now available.
L 07/14/2017 - 19:52:27: [umc-playercountmonitor.smx] Server is now watching for inproper number of players.
L 07/14/2017 - 20:22:32: [umc-emp-mapvote.smx] Map vote will appear in 30 seconds.
L 07/14/2017 - 20:23:02: [umc-emp-mapvote.smx] Starting a map vote.
L 07/14/2017 - 20:23:02: [umc-core.smx] Initiating Vote Type: Map
L 07/14/2017 - 20:23:02: [umc-emp-mapvote.smx] Could not start UMC vote.
L 07/14/2017 - 20:23:02: [umc-emp-mapvote.smx] WARNING: Map Voting failure. Initiating random map fail-safe.
L 07/14/2017 - 20:23:02: [umc-core.smx] Setting nextmap to: con_glycencity
L 07/14/2017 - 20:23:02: [umc-randomcycle.smx] Disabling random nextmap selection.
L 07/14/2017 - 20:23:02: [umc-core.smx] umc-emp-mapvote.smx: Changing map to 'con_glycencity' in 5 seconds.
L 07/14/2017 - 20:23:09: [umc-core.smx] ---------------------MAP CHANGE: con_glycencity---------------------
L 07/14/2017 - 20:23:09: [umc-endvote-warnings.smx] Successfully parsed and set up 11 vote warnings.
L 07/14/2017 - 20:23:09: [umc-playercountmonitor.smx] Min Players: 0, Max Players: 20
L 07/14/2017 - 20:23:09: [umc-playercountmonitor.smx] Server will begin watching for inproper number of players in 240 seconds.
L 07/14/2017 - 20:23:09: [umc-rockthevote.smx] RTV will be made available in 60 seconds.
L 07/14/2017 - 20:24:10: [umc-rockthevote.smx] RTV is now available.
L 07/14/2017 - 20:27:09: [umc-playercountmonitor.smx] Server is now watching for inproper number of players.
L 07/14/2017 - 20:28:54: [umc-emp-mapvote.smx] Map vote will appear in 30 seconds.
L 07/14/2017 - 20:29:24: [umc-emp-mapvote.smx] Starting a map vote.
L 07/14/2017 - 20:29:24: [umc-core.smx] Initiating Vote Type: Map
L 07/14/2017 - 20:29:55: [umc-core.smx] Setting nextmap to: emp_downfall
L 07/14/2017 - 20:29:55: [umc-randomcycle.smx] Disabling random nextmap selection.
L 07/14/2017 - 20:29:55: [umc-core.smx] umc-emp-mapvote.smx: Changing map to 'emp_downfall' in 5 seconds.
L 07/14/2017 - 20:29:55: [umc-core.smx] MAPVOTE: Players voted for map 'emp_downfall' from group 'Commander Maps'
L 07/14/2017 - 20:30:00: [umc-core.smx] ---------------------MAP CHANGE: emp_downfall---------------------
L 07/14/2017 - 20:30:00: [umc-endvote-warnings.smx] Successfully parsed and set up 11 vote warnings.
L 07/14/2017 - 20:30:00: [umc-playercountmonitor.smx] Min Players: 0, Max Players: 22
L 07/14/2017 - 20:30:00: [umc-playercountmonitor.smx] Server will begin watching for inproper number of players in 240 seconds.
L 07/14/2017 - 20:30:00: [umc-rockthevote.smx] RTV will be made available in 60 seconds.
L 07/14/2017 - 20:31:01: [umc-rockthevote.smx] RTV is now available.
L 07/14/2017 - 20:34:00: [umc-playercountmonitor.smx] Server is now watching for inproper number of players.
L 07/14/2017 - 21:12:02: [umc-emp-mapvote.smx] Map vote will appear in 30 seconds.
L 07/14/2017 - 21:12:33: [umc-emp-mapvote.smx] Starting a map vote.
L 07/14/2017 - 21:12:33: [umc-core.smx] Initiating Vote Type: Map
L 07/14/2017 - 21:13:03: [umc-emp-mapvote.smx] WARNING: Map Voting failure. Initiating random map fail-safe.
L 07/14/2017 - 21:13:03: [umc-core.smx] Setting nextmap to: emp_blast_ob1
L 07/14/2017 - 21:13:03: [umc-randomcycle.smx] Disabling random nextmap selection.
L 07/14/2017 - 21:13:03: [umc-core.smx] umc-emp-mapvote.smx: Changing map to 'emp_blast_ob1' in 5 seconds.
L 07/14/2017 - 21:13:10: [umc-core.smx] ---------------------MAP CHANGE: emp_blast_ob1---------------------
L 07/14/2017 - 21:13:10: [umc-endvote-warnings.smx] Successfully parsed and set up 11 vote warnings.
L 07/14/2017 - 21:13:10: [umc-playercountmonitor.smx] Min Players: 0, Max Players: 20
L 07/14/2017 - 21:13:10: [umc-playercountmonitor.smx] Server will begin watching for inproper number of players in 240 seconds.
L 07/14/2017 - 21:13:10: [umc-rockthevote.smx] RTV will be made available in 60 seconds.
L 07/14/2017 - 21:14:11: [umc-rockthevote.smx] RTV is now available.
L 07/14/2017 - 21:17:10: [umc-playercountmonitor.smx] Server is now watching for inproper number of players.
L 07/14/2017 - 21:35:17: [umc-rockthevote.smx] Starting RTV.
L 07/14/2017 - 21:35:17: [umc-core.smx] Initiating Vote Type: Map
L 07/14/2017 - 21:36:17: [umc-core.smx] Setting nextmap to: emp_shadows_attacks_fix
L 07/14/2017 - 21:36:17: [umc-randomcycle.smx] Disabling random nextmap selection.
L 07/14/2017 - 21:36:17: [umc-core.smx] umc-rockthevote.smx: Changing map to 'emp_shadows_attacks_fix' in 5 seconds.
L 07/14/2017 - 21:36:17: [umc-core.smx] MAPVOTE: Players voted for map 'emp_shadows_attacks_fix' from group 'Infantry Maps'
L 07/14/2017 - 21:36:25: [umc-core.smx] ---------------------MAP CHANGE: emp_shadows_attacks_fix---------------------
L 07/14/2017 - 21:36:25: [umc-endvote-warnings.smx] Successfully parsed and set up 11 vote warnings.
L 07/14/2017 - 21:36:25: [umc-playercountmonitor.smx] Min Players: 0, Max Players: 20
L 07/14/2017 - 21:36:25: [umc-playercountmonitor.smx] Server will begin watching for inproper number of players in 240 seconds.
L 07/14/2017 - 21:36:25: [umc-rockthevote.smx] RTV will be made available in 60 seconds.
L 07/14/2017 - 21:37:26: [umc-rockthevote.smx] RTV is now available.
L 07/14/2017 - 21:40:25: [umc-playercountmonitor.smx] Server is now watching for inproper number of players.
L 07/14/2017 - 21:53:49: [umc-emp-mapvote.smx] Map vote will appear in 30 seconds.
L 07/14/2017 - 21:54:19: [umc-emp-mapvote.smx] Starting a map vote.
L 07/14/2017 - 21:54:19: [umc-core.smx] Initiating Vote Type: Map
L 07/14/2017 - 21:54:49: [umc-core.smx] Setting nextmap to: emp_crossroads
L 07/14/2017 - 21:54:49: [umc-randomcycle.smx] Disabling random nextmap selection.
L 07/14/2017 - 21:54:49: [umc-core.smx] umc-emp-mapvote.smx: Changing map to 'emp_crossroads' in 5 seconds.
L 07/14/2017 - 21:54:49: [umc-core.smx] MAPVOTE: Players voted for map 'emp_crossroads' from group 'Commander Maps'
L 07/14/2017 - 21:54:56: [umc-core.smx] ---------------------MAP CHANGE: emp_crossroads---------------------
L 07/14/2017 - 21:54:56: [umc-endvote-warnings.smx] Successfully parsed and set up 11 vote warnings.
L 07/14/2017 - 21:54:56: [umc-playercountmonitor.smx] Min Players: 0, Max Players: 22
L 07/14/2017 - 21:54:56: [umc-playercountmonitor.smx] Server will begin watching for inproper number of players in 240 seconds.
L 07/14/2017 - 21:54:56: [umc-rockthevote.smx] RTV will be made available in 60 seconds.
L 07/14/2017 - 21:55:57: [umc-rockthevote.smx] RTV is now available.
L 07/14/2017 - 21:58:56: [umc-playercountmonitor.smx] Server is now watching for inproper number of players.
L 07/14/2017 - 22:30:24: [umc-emp-mapvote.smx] Map vote will appear in 30 seconds.
L 07/14/2017 - 22:30:54: [umc-emp-mapvote.smx] Starting a map vote.
L 07/14/2017 - 22:30:54: [umc-core.smx] Initiating Vote Type: Map
L 07/14/2017 - 22:31:24: [umc-core.smx] Setting nextmap to: emp_beachfront_b2
L 07/14/2017 - 22:31:24: [umc-randomcycle.smx] Disabling random nextmap selection.
L 07/14/2017 - 22:31:24: [umc-core.smx] umc-emp-mapvote.smx: Changing map to 'emp_beachfront_b2' in 5 seconds.
L 07/14/2017 - 22:31:24: [umc-core.smx] MAPVOTE: Players voted for map 'emp_beachfront_b2' from group 'Commander Maps'
L 07/14/2017 - 22:31:31: [umc-core.smx] ---------------------MAP CHANGE: emp_beachfront_b2---------------------
L 07/14/2017 - 22:31:31: [umc-endvote-warnings.smx] Successfully parsed and set up 11 vote warnings.
L 07/14/2017 - 22:31:31: [umc-playercountmonitor.smx] Min Players: 0, Max Players: 22
L 07/14/2017 - 22:31:31: [umc-playercountmonitor.smx] Server will begin watching for inproper number of players in 240 seconds.
L 07/14/2017 - 22:31:31: [umc-rockthevote.smx] RTV will be made available in 60 seconds.
L 07/14/2017 - 22:32:32: [umc-rockthevote.smx] RTV is now available.
L 07/14/2017 - 22:35:31: [umc-playercountmonitor.smx] Server is now watching for inproper number of players.
L 07/14/2017 - 23:00:53: [umc-emp-mapvote.smx] Map vote will appear in 30 seconds.
L 07/14/2017 - 23:01:23: [umc-emp-mapvote.smx] Starting a map vote.
L 07/14/2017 - 23:01:23: [umc-core.smx] Initiating Vote Type: Map
L 07/14/2017 - 23:01:54: [umc-core.smx] Setting nextmap to: emp_drygulch_a6
L 07/14/2017 - 23:01:54: [umc-randomcycle.smx] Disabling random nextmap selection.
L 07/14/2017 - 23:01:54: [umc-core.smx] umc-emp-mapvote.smx: Changing map to 'emp_drygulch_a6' in 5 seconds.
L 07/14/2017 - 23:01:54: [umc-core.smx] MAPVOTE: Players voted for map 'emp_drygulch_a6' from group 'Commander Maps'
L 07/14/2017 - 23:02:02: [umc-core.smx] ---------------------MAP CHANGE: emp_drygulch_a6---------------------
L 07/14/2017 - 23:02:02: [umc-endvote-warnings.smx] Successfully parsed and set up 11 vote warnings.
L 07/14/2017 - 23:02:02: [umc-playercountmonitor.smx] Min Players: 0, Max Players: 22
L 07/14/2017 - 23:02:02: [umc-playercountmonitor.smx] Server will begin watching for inproper number of players in 240 seconds.
L 07/14/2017 - 23:02:02: [umc-rockthevote.smx] RTV will be made available in 60 seconds.
L 07/14/2017 - 23:03:03: [umc-rockthevote.smx] RTV is now available.
L 07/14/2017 - 23:06:02: [umc-playercountmonitor.smx] Server is now watching for inproper number of players.
