L 07/26/2017 - 00:52:30: [umc-emp-mapvote.smx] Map vote will appear in 30 seconds.
L 07/26/2017 - 00:53:00: [umc-emp-mapvote.smx] Starting a map vote.
L 07/26/2017 - 00:53:00: [umc-core.smx] Initiating Vote Type: Map
L 07/26/2017 - 00:53:31: [umc-core.smx] Setting nextmap to: emp_drygulch_a6
L 07/26/2017 - 00:53:31: [umc-randomcycle.smx] Disabling random nextmap selection.
L 07/26/2017 - 00:53:31: [umc-core.smx] umc-emp-mapvote.smx: Changing map to 'emp_drygulch_a6' in 5 seconds.
L 07/26/2017 - 00:53:31: [umc-core.smx] MAPVOTE: Players voted for map 'emp_drygulch_a6' from group 'Commander Maps'
L 07/26/2017 - 00:53:38: [umc-core.smx] ---------------------MAP CHANGE: emp_drygulch_a6---------------------
L 07/26/2017 - 00:53:38: [umc-endvote-warnings.smx] Successfully parsed and set up 11 vote warnings.
L 07/26/2017 - 00:53:38: [umc-playercountmonitor.smx] Min Players: 0, Max Players: 22
L 07/26/2017 - 00:53:38: [umc-playercountmonitor.smx] Server will begin watching for inproper number of players in 240 seconds.
L 07/26/2017 - 00:53:38: [umc-rockthevote.smx] RTV will be made available in 60 seconds.
L 07/26/2017 - 00:54:39: [umc-rockthevote.smx] RTV is now available.
L 07/26/2017 - 00:57:38: [umc-playercountmonitor.smx] Server is now watching for inproper number of players.
L 07/26/2017 - 01:29:57: [umc-emp-mapvote.smx] Map vote will appear in 30 seconds.
L 07/26/2017 - 01:30:27: [umc-emp-mapvote.smx] Starting a map vote.
L 07/26/2017 - 01:30:27: [umc-core.smx] Initiating Vote Type: Map
L 07/26/2017 - 01:30:27: [umc-emp-mapvote.smx] Could not start UMC vote.
L 07/26/2017 - 01:30:27: [umc-emp-mapvote.smx] WARNING: Map Voting failure. Initiating random map fail-safe.
L 07/26/2017 - 01:30:27: [umc-core.smx] Setting nextmap to: emp_vehicletraining_2013
L 07/26/2017 - 01:30:27: [umc-randomcycle.smx] Disabling random nextmap selection.
L 07/26/2017 - 01:30:27: [umc-core.smx] umc-emp-mapvote.smx: Changing map to 'emp_vehicletraining_2013' in 5 seconds.
L 07/26/2017 - 01:30:35: [umc-core.smx] ---------------------MAP CHANGE: emp_vehicletraining_2013---------------------
L 07/26/2017 - 01:30:35: [umc-endvote-warnings.smx] Successfully parsed and set up 11 vote warnings.
L 07/26/2017 - 01:30:35: [umc-playercountmonitor.smx] Min Players: 0, Max Players: 20
L 07/26/2017 - 01:30:35: [umc-playercountmonitor.smx] Server will begin watching for inproper number of players in 240 seconds.
L 07/26/2017 - 01:30:35: [umc-rockthevote.smx] RTV will be made available in 60 seconds.
L 07/26/2017 - 01:31:07: [umc-nominate.smx] Sir.DieALot wants to nominate a map.
L 07/26/2017 - 01:31:36: [umc-rockthevote.smx] RTV is now available.
L 07/26/2017 - 01:34:35: [umc-playercountmonitor.smx] Server is now watching for inproper number of players.
L 07/26/2017 - 01:56:57: [umc-emp-mapvote.smx] Map vote will appear in 30 seconds.
L 07/26/2017 - 01:57:27: [umc-emp-mapvote.smx] Starting a map vote.
L 07/26/2017 - 01:57:27: [umc-core.smx] Initiating Vote Type: Map
L 07/26/2017 - 01:57:58: [umc-core.smx] Setting nextmap to: emp_beachfront_b2
L 07/26/2017 - 01:57:58: [umc-randomcycle.smx] Disabling random nextmap selection.
L 07/26/2017 - 01:57:58: [umc-core.smx] umc-emp-mapvote.smx: Changing map to 'emp_beachfront_b2' in 5 seconds.
L 07/26/2017 - 01:57:58: [umc-core.smx] MAPVOTE: Players voted for map 'emp_beachfront_b2' from group 'Commander Maps'
L 07/26/2017 - 01:58:05: [umc-core.smx] ---------------------MAP CHANGE: emp_beachfront_b2---------------------
L 07/26/2017 - 01:58:05: [umc-endvote-warnings.smx] Successfully parsed and set up 11 vote warnings.
L 07/26/2017 - 01:58:05: [umc-playercountmonitor.smx] Min Players: 0, Max Players: 22
L 07/26/2017 - 01:58:05: [umc-playercountmonitor.smx] Server will begin watching for inproper number of players in 240 seconds.
L 07/26/2017 - 01:58:05: [umc-rockthevote.smx] RTV will be made available in 60 seconds.
L 07/26/2017 - 01:59:07: [umc-rockthevote.smx] RTV is now available.
L 07/26/2017 - 02:02:06: [umc-playercountmonitor.smx] Server is now watching for inproper number of players.
L 07/26/2017 - 02:56:47: [umc-emp-mapvote.smx] Map vote will appear in 30 seconds.
L 07/26/2017 - 02:57:17: [umc-emp-mapvote.smx] Starting a map vote.
L 07/26/2017 - 02:57:17: [umc-core.smx] Initiating Vote Type: Map
L 07/26/2017 - 02:57:48: [umc-core.smx] Setting nextmap to: emp_crossroads
L 07/26/2017 - 02:57:48: [umc-randomcycle.smx] Disabling random nextmap selection.
L 07/26/2017 - 02:57:48: [umc-core.smx] umc-emp-mapvote.smx: Changing map to 'emp_crossroads' in 5 seconds.
L 07/26/2017 - 02:57:48: [umc-core.smx] MAPVOTE: Players voted for map 'emp_crossroads' from group 'Commander Maps'
L 07/26/2017 - 02:57:55: [umc-core.smx] ---------------------MAP CHANGE: emp_crossroads---------------------
L 07/26/2017 - 02:57:55: [umc-endvote-warnings.smx] Successfully parsed and set up 11 vote warnings.
L 07/26/2017 - 02:57:55: [umc-playercountmonitor.smx] Min Players: 0, Max Players: 22
L 07/26/2017 - 02:57:55: [umc-playercountmonitor.smx] Server will begin watching for inproper number of players in 240 seconds.
L 07/26/2017 - 02:57:55: [umc-rockthevote.smx] RTV will be made available in 60 seconds.
L 07/26/2017 - 02:58:56: [umc-rockthevote.smx] RTV is now available.
L 07/26/2017 - 03:01:55: [umc-playercountmonitor.smx] Server is now watching for inproper number of players.
L 07/26/2017 - 03:12:35: [umc-emp-mapvote.smx] Map vote will appear in 30 seconds.
L 07/26/2017 - 03:13:05: [umc-emp-mapvote.smx] Starting a map vote.
L 07/26/2017 - 03:13:05: [umc-core.smx] Initiating Vote Type: Map
L 07/26/2017 - 03:13:05: [umc-emp-mapvote.smx] Could not start UMC vote.
L 07/26/2017 - 03:13:05: [umc-emp-mapvote.smx] WARNING: Map Voting failure. Initiating random map fail-safe.
L 07/26/2017 - 03:13:05: [umc-core.smx] Setting nextmap to: emp_fogtown_cl2_fix
L 07/26/2017 - 03:13:05: [umc-randomcycle.smx] Disabling random nextmap selection.
L 07/26/2017 - 03:13:05: [umc-core.smx] umc-emp-mapvote.smx: Changing map to 'emp_fogtown_cl2_fix' in 5 seconds.
L 07/26/2017 - 03:13:12: [umc-core.smx] ---------------------MAP CHANGE: emp_fogtown_cl2_fix---------------------
L 07/26/2017 - 03:13:12: [umc-endvote-warnings.smx] Successfully parsed and set up 11 vote warnings.
L 07/26/2017 - 03:13:12: [umc-playercountmonitor.smx] Min Players: 0, Max Players: 20
L 07/26/2017 - 03:13:12: [umc-playercountmonitor.smx] Server will begin watching for inproper number of players in 240 seconds.
L 07/26/2017 - 03:13:12: [umc-rockthevote.smx] RTV will be made available in 60 seconds.
L 07/26/2017 - 03:14:13: [umc-rockthevote.smx] RTV is now available.
L 07/26/2017 - 03:17:12: [umc-playercountmonitor.smx] Server is now watching for inproper number of players.
L 07/26/2017 - 03:44:14: [umc-emp-mapvote.smx] Map vote will appear in 30 seconds.
L 07/26/2017 - 03:44:44: [umc-emp-mapvote.smx] Starting a map vote.
L 07/26/2017 - 03:44:44: [umc-core.smx] Initiating Vote Type: Map
L 07/26/2017 - 03:44:44: [umc-emp-mapvote.smx] Could not start UMC vote.
L 07/26/2017 - 03:44:44: [umc-emp-mapvote.smx] WARNING: Map Voting failure. Initiating random map fail-safe.
L 07/26/2017 - 03:44:44: [umc-core.smx] Setting nextmap to: emp_shadows_attacks_fix
L 07/26/2017 - 03:44:44: [umc-randomcycle.smx] Disabling random nextmap selection.
L 07/26/2017 - 03:44:44: [umc-core.smx] umc-emp-mapvote.smx: Changing map to 'emp_shadows_attacks_fix' in 5 seconds.
L 07/26/2017 - 03:44:51: [umc-core.smx] ---------------------MAP CHANGE: emp_shadows_attacks_fix---------------------
L 07/26/2017 - 03:44:51: [umc-endvote-warnings.smx] Successfully parsed and set up 11 vote warnings.
L 07/26/2017 - 03:44:51: [umc-playercountmonitor.smx] Min Players: 0, Max Players: 20
L 07/26/2017 - 03:44:51: [umc-playercountmonitor.smx] Server will begin watching for inproper number of players in 240 seconds.
L 07/26/2017 - 03:44:51: [umc-rockthevote.smx] RTV will be made available in 60 seconds.
L 07/26/2017 - 03:45:52: [umc-rockthevote.smx] RTV is now available.
L 07/26/2017 - 03:48:51: [umc-playercountmonitor.smx] Server is now watching for inproper number of players.
L 07/26/2017 - 04:02:50: [umc-emp-mapvote.smx] Map vote will appear in 30 seconds.
L 07/26/2017 - 04:03:20: [umc-emp-mapvote.smx] Starting a map vote.
L 07/26/2017 - 04:03:20: [umc-core.smx] Initiating Vote Type: Map
L 07/26/2017 - 04:03:50: [umc-emp-mapvote.smx] WARNING: Map Voting failure. Initiating random map fail-safe.
L 07/26/2017 - 04:03:50: [umc-core.smx] Setting nextmap to: con_urbanchaos_fix
L 07/26/2017 - 04:03:50: [umc-randomcycle.smx] Disabling random nextmap selection.
L 07/26/2017 - 04:03:50: [umc-core.smx] umc-emp-mapvote.smx: Changing map to 'con_urbanchaos_fix' in 5 seconds.
L 07/26/2017 - 04:03:56: [umc-core.smx] ---------------------MAP CHANGE: con_urbanchaos_fix---------------------
L 07/26/2017 - 04:03:56: [umc-endvote-warnings.smx] Successfully parsed and set up 11 vote warnings.
L 07/26/2017 - 04:03:56: [umc-playercountmonitor.smx] Min Players: 0, Max Players: 20
L 07/26/2017 - 04:03:56: [umc-playercountmonitor.smx] Server will begin watching for inproper number of players in 240 seconds.
L 07/26/2017 - 04:03:56: [umc-rockthevote.smx] RTV will be made available in 60 seconds.
L 07/26/2017 - 04:04:57: [umc-rockthevote.smx] RTV is now available.
L 07/26/2017 - 04:07:56: [umc-playercountmonitor.smx] Server is now watching for inproper number of players.
L 07/26/2017 - 04:11:26: [umc-emp-mapvote.smx] Map vote will appear in 30 seconds.
L 07/26/2017 - 04:11:57: [umc-emp-mapvote.smx] Starting a map vote.
L 07/26/2017 - 04:11:57: [umc-core.smx] Initiating Vote Type: Map
L 07/26/2017 - 04:12:27: [umc-core.smx] Setting nextmap to: emp_drygulch_a6
L 07/26/2017 - 04:12:27: [umc-randomcycle.smx] Disabling random nextmap selection.
L 07/26/2017 - 04:12:27: [umc-core.smx] umc-emp-mapvote.smx: Changing map to 'emp_drygulch_a6' in 5 seconds.
L 07/26/2017 - 04:12:27: [umc-core.smx] MAPVOTE: Players voted for map 'emp_drygulch_a6' from group 'Commander Maps'
L 07/26/2017 - 04:12:33: [umc-core.smx] ---------------------MAP CHANGE: emp_drygulch_a6---------------------
L 07/26/2017 - 04:12:33: [umc-endvote-warnings.smx] Successfully parsed and set up 11 vote warnings.
L 07/26/2017 - 04:12:33: [umc-playercountmonitor.smx] Min Players: 0, Max Players: 22
L 07/26/2017 - 04:12:33: [umc-playercountmonitor.smx] Server will begin watching for inproper number of players in 240 seconds.
L 07/26/2017 - 04:12:33: [umc-rockthevote.smx] RTV will be made available in 60 seconds.
L 07/26/2017 - 04:13:34: [umc-rockthevote.smx] RTV is now available.
L 07/26/2017 - 04:16:33: [umc-playercountmonitor.smx] Server is now watching for inproper number of players.
L 07/26/2017 - 06:14:08: [umc-emp-mapvote.smx] Map vote will appear in 30 seconds.
L 07/26/2017 - 06:14:38: [umc-emp-mapvote.smx] Starting a map vote.
L 07/26/2017 - 06:14:38: [umc-core.smx] Initiating Vote Type: Map
L 07/26/2017 - 06:14:38: [umc-core.smx] Could not start core vote, no players to display vote to!
L 07/26/2017 - 06:14:38: [umc-emp-mapvote.smx] Could not start UMC vote.
L 07/26/2017 - 06:14:38: [umc-emp-mapvote.smx] WARNING: Map Voting failure. Initiating random map fail-safe.
L 07/26/2017 - 06:14:38: [umc-core.smx] Setting nextmap to: emp_blast_ob1
L 07/26/2017 - 06:14:38: [umc-randomcycle.smx] Disabling random nextmap selection.
L 07/26/2017 - 06:14:38: [umc-core.smx] umc-emp-mapvote.smx: Changing map to 'emp_blast_ob1' in 5 seconds.
L 07/26/2017 - 06:14:44: [umc-core.smx] ---------------------MAP CHANGE: emp_blast_ob1---------------------
L 07/26/2017 - 06:14:44: [umc-endvote-warnings.smx] Successfully parsed and set up 11 vote warnings.
L 07/26/2017 - 06:14:44: [umc-playercountmonitor.smx] Min Players: 0, Max Players: 20
L 07/26/2017 - 06:14:44: [umc-playercountmonitor.smx] Server will begin watching for inproper number of players in 240 seconds.
L 07/26/2017 - 06:14:44: [umc-rockthevote.smx] RTV will be made available in 60 seconds.
L 07/26/2017 - 06:15:45: [umc-rockthevote.smx] RTV is now available.
L 07/26/2017 - 06:18:44: [umc-playercountmonitor.smx] Server is now watching for inproper number of players.
L 07/26/2017 - 16:40:08: [umc-emp-mapvote.smx] Map vote will appear in 30 seconds.
L 07/26/2017 - 16:40:38: [umc-emp-mapvote.smx] Starting a map vote.
L 07/26/2017 - 16:40:38: [umc-core.smx] Initiating Vote Type: Map
L 07/26/2017 - 16:40:52: [umc-core.smx] Setting nextmap to: emp_beachfront_b2
L 07/26/2017 - 16:40:52: [umc-randomcycle.smx] Disabling random nextmap selection.
L 07/26/2017 - 16:40:52: [umc-core.smx] umc-emp-mapvote.smx: Changing map to 'emp_beachfront_b2' in 5 seconds.
L 07/26/2017 - 16:40:52: [umc-core.smx] MAPVOTE: Players voted for map 'emp_beachfront_b2' from group 'Commander Maps'
L 07/26/2017 - 16:40:59: [umc-core.smx] ---------------------MAP CHANGE: emp_beachfront_b2---------------------
L 07/26/2017 - 16:40:59: [umc-endvote-warnings.smx] Successfully parsed and set up 11 vote warnings.
L 07/26/2017 - 16:40:59: [umc-playercountmonitor.smx] Min Players: 0, Max Players: 22
L 07/26/2017 - 16:40:59: [umc-playercountmonitor.smx] Server will begin watching for inproper number of players in 240 seconds.
L 07/26/2017 - 16:40:59: [umc-rockthevote.smx] RTV will be made available in 60 seconds.
L 07/26/2017 - 16:42:00: [umc-rockthevote.smx] RTV is now available.
L 07/26/2017 - 16:44:59: [umc-playercountmonitor.smx] Server is now watching for inproper number of players.
L 07/26/2017 - 17:03:39: [umc-emp-mapvote.smx] Map vote will appear in 30 seconds.
L 07/26/2017 - 17:04:10: [umc-emp-mapvote.smx] Starting a map vote.
L 07/26/2017 - 17:04:10: [umc-core.smx] Initiating Vote Type: Map
L 07/26/2017 - 17:04:40: [umc-core.smx] Setting nextmap to: emp_crossroads
L 07/26/2017 - 17:04:40: [umc-randomcycle.smx] Disabling random nextmap selection.
L 07/26/2017 - 17:04:40: [umc-core.smx] umc-emp-mapvote.smx: Changing map to 'emp_crossroads' in 5 seconds.
L 07/26/2017 - 17:04:40: [umc-core.smx] MAPVOTE: Players voted for map 'emp_crossroads' from group 'Commander Maps'
L 07/26/2017 - 17:04:47: [umc-core.smx] ---------------------MAP CHANGE: emp_crossroads---------------------
L 07/26/2017 - 17:04:47: [umc-endvote-warnings.smx] Successfully parsed and set up 11 vote warnings.
L 07/26/2017 - 17:04:47: [umc-playercountmonitor.smx] Min Players: 0, Max Players: 22
L 07/26/2017 - 17:04:47: [umc-playercountmonitor.smx] Server will begin watching for inproper number of players in 240 seconds.
L 07/26/2017 - 17:04:47: [umc-rockthevote.smx] RTV will be made available in 60 seconds.
L 07/26/2017 - 17:05:48: [umc-rockthevote.smx] RTV is now available.
L 07/26/2017 - 17:08:47: [umc-playercountmonitor.smx] Server is now watching for inproper number of players.
L 07/26/2017 - 18:08:11: [umc-nominate.smx] D.D.D. Destroyer wants to nominate a map.
L 07/26/2017 - 18:08:13: [umc-nominate.smx] D.D.D. Destroyer has nominated 'emp_nuclear_b8u_xfix' from group 'Infantry Maps'
L 07/26/2017 - 18:08:19: [umc-nominate.smx] –û –±–æ–∂–µ –º–æ–π,–¥–∞ –≤—Å–µ– wants to nominate a map.
L 07/26/2017 - 18:13:07: [umc-emp-mapvote.smx] Map vote will appear in 30 seconds.
L 07/26/2017 - 18:13:37: [umc-emp-mapvote.smx] Starting a map vote.
L 07/26/2017 - 18:13:37: [umc-core.smx] Initiating Vote Type: Map
L 07/26/2017 - 18:14:07: [umc-core.smx] Setting nextmap to: emp_nuclear_b8u_xfix
L 07/26/2017 - 18:14:07: [umc-randomcycle.smx] Disabling random nextmap selection.
L 07/26/2017 - 18:14:07: [umc-core.smx] umc-emp-mapvote.smx: Changing map to 'emp_nuclear_b8u_xfix' in 5 seconds.
L 07/26/2017 - 18:14:07: [umc-core.smx] MAPVOTE: Players voted for map 'emp_nuclear_b8u_xfix' from group 'Infantry Maps'
L 07/26/2017 - 18:14:12: [umc-rockthevote.smx] Starting RTV.
L 07/26/2017 - 18:14:15: [umc-core.smx] ---------------------MAP CHANGE: emp_nuclear_b8u_xfix---------------------
L 07/26/2017 - 18:14:15: [umc-endvote-warnings.smx] Successfully parsed and set up 11 vote warnings.
L 07/26/2017 - 18:14:15: [umc-playercountmonitor.smx] Min Players: 4, Max Players: 20
L 07/26/2017 - 18:14:15: [umc-playercountmonitor.smx] Server will begin watching for inproper number of players in 240 seconds.
L 07/26/2017 - 18:14:15: [umc-rockthevote.smx] RTV will be made available in 60 seconds.
L 07/26/2017 - 18:15:16: [umc-rockthevote.smx] RTV is now available.
L 07/26/2017 - 18:18:15: [umc-playercountmonitor.smx] Server is now watching for inproper number of players.
L 07/26/2017 - 18:49:49: [umc-emp-mapvote.smx] Map vote will appear in 30 seconds.
L 07/26/2017 - 18:50:19: [umc-emp-mapvote.smx] Starting a map vote.
L 07/26/2017 - 18:50:19: [umc-core.smx] Initiating Vote Type: Map
L 07/26/2017 - 18:50:50: [umc-core.smx] Setting nextmap to: emp_downfall
L 07/26/2017 - 18:50:50: [umc-randomcycle.smx] Disabling random nextmap selection.
L 07/26/2017 - 18:50:50: [umc-core.smx] umc-emp-mapvote.smx: Changing map to 'emp_downfall' in 5 seconds.
L 07/26/2017 - 18:50:50: [umc-core.smx] MAPVOTE: Players voted for map 'emp_downfall' from group 'Commander Maps'
L 07/26/2017 - 18:50:58: [umc-core.smx] ---------------------MAP CHANGE: emp_downfall---------------------
L 07/26/2017 - 18:50:58: [umc-endvote-warnings.smx] Successfully parsed and set up 11 vote warnings.
L 07/26/2017 - 18:50:58: [umc-playercountmonitor.smx] Min Players: 0, Max Players: 22
L 07/26/2017 - 18:50:58: [umc-playercountmonitor.smx] Server will begin watching for inproper number of players in 240 seconds.
L 07/26/2017 - 18:50:58: [umc-rockthevote.smx] RTV will be made available in 60 seconds.
L 07/26/2017 - 18:51:59: [umc-rockthevote.smx] RTV is now available.
L 07/26/2017 - 18:54:58: [umc-playercountmonitor.smx] Server is now watching for inproper number of players.
L 07/26/2017 - 19:13:20: [umc-nominate.smx] Oktay wants to nominate a map.
L 07/26/2017 - 19:13:23: [umc-nominate.smx] Oktay has nominated 'emp_vehicletraining_2013' from group 'Infantry Maps'
L 07/26/2017 - 19:17:06: [umc-emp-mapvote.smx] Map vote will appear in 30 seconds.
L 07/26/2017 - 19:17:36: [umc-emp-mapvote.smx] Starting a map vote.
L 07/26/2017 - 19:17:36: [umc-core.smx] Initiating Vote Type: Map
L 07/26/2017 - 19:17:36: [umc-emp-mapvote.smx] Could not start UMC vote.
L 07/26/2017 - 19:17:36: [umc-emp-mapvote.smx] WARNING: Map Voting failure. Initiating random map fail-safe.
L 07/26/2017 - 19:17:36: [umc-core.smx] Setting nextmap to: emp_fogtown_cl2_fix
L 07/26/2017 - 19:17:36: [umc-randomcycle.smx] Disabling random nextmap selection.
L 07/26/2017 - 19:17:36: [umc-core.smx] umc-emp-mapvote.smx: Changing map to 'emp_fogtown_cl2_fix' in 5 seconds.
L 07/26/2017 - 19:17:44: [umc-core.smx] ---------------------MAP CHANGE: emp_fogtown_cl2_fix---------------------
L 07/26/2017 - 19:17:44: [umc-endvote-warnings.smx] Successfully parsed and set up 11 vote warnings.
L 07/26/2017 - 19:17:44: [umc-playercountmonitor.smx] Min Players: 0, Max Players: 20
L 07/26/2017 - 19:17:44: [umc-playercountmonitor.smx] Server will begin watching for inproper number of players in 240 seconds.
L 07/26/2017 - 19:17:44: [umc-rockthevote.smx] RTV will be made available in 60 seconds.
L 07/26/2017 - 19:18:45: [umc-rockthevote.smx] RTV is now available.
L 07/26/2017 - 19:19:21: [umc-nominate.smx] Oktay wants to nominate a map.
L 07/26/2017 - 19:19:24: [umc-nominate.smx] Oktay has nominated 'emp_vehicletraining_2013' from group 'Infantry Maps'
L 07/26/2017 - 19:19:33: [umc-nominate.smx] Michael177 wants to nominate a map.
L 07/26/2017 - 19:19:39: [umc-nominate.smx] Michael177 has nominated 'con_glycencity' from group 'Infantry Maps'
L 07/26/2017 - 19:19:46: [umc-nominate.smx] aaacowdas wants to nominate a map.
L 07/26/2017 - 19:19:52: [umc-nominate.smx] aaacowdas has nominated 'emp_drygulch_a6' from group 'Commander Maps'
L 07/26/2017 - 19:21:44: [umc-playercountmonitor.smx] Server is now watching for inproper number of players.
L 07/26/2017 - 19:34:32: [umc-rockthevote.smx] Starting RTV.
L 07/26/2017 - 19:34:32: [umc-core.smx] Initiating Vote Type: Map
L 07/26/2017 - 19:35:41: [umc-core.smx] RUNOFF: Starting runoff vote.
L 07/26/2017 - 19:35:41: [umc-core.smx] Initiating Vote Type: Map
L 07/26/2017 - 19:36:41: [umc-core.smx] Setting nextmap to: emp_drygulch_a6
L 07/26/2017 - 19:36:41: [umc-randomcycle.smx] Disabling random nextmap selection.
L 07/26/2017 - 19:36:41: [umc-core.smx] umc-rockthevote.smx: Changing map to 'emp_drygulch_a6' in 5 seconds.
L 07/26/2017 - 19:36:41: [umc-core.smx] MAPVOTE: Players voted for map 'emp_drygulch_a6' from group 'Commander Maps'
L 07/26/2017 - 19:36:49: [umc-core.smx] ---------------------MAP CHANGE: emp_drygulch_a6---------------------
L 07/26/2017 - 19:36:50: [umc-endvote-warnings.smx] Successfully parsed and set up 11 vote warnings.
L 07/26/2017 - 19:36:50: [umc-playercountmonitor.smx] Min Players: 0, Max Players: 22
L 07/26/2017 - 19:36:50: [umc-playercountmonitor.smx] Server will begin watching for inproper number of players in 240 seconds.
L 07/26/2017 - 19:36:50: [umc-rockthevote.smx] RTV will be made available in 60 seconds.
L 07/26/2017 - 19:37:51: [umc-rockthevote.smx] RTV is now available.
L 07/26/2017 - 19:40:50: [umc-playercountmonitor.smx] Server is now watching for inproper number of players.
L 07/26/2017 - 20:41:49: [umc-emp-mapvote.smx] Map vote will appear in 30 seconds.
L 07/26/2017 - 20:42:19: [umc-emp-mapvote.smx] Starting a map vote.
L 07/26/2017 - 20:42:19: [umc-core.smx] Initiating Vote Type: Map
L 07/26/2017 - 20:42:19: [umc-emp-mapvote.smx] Could not start UMC vote.
L 07/26/2017 - 20:42:19: [umc-emp-mapvote.smx] WARNING: Map Voting failure. Initiating random map fail-safe.
L 07/26/2017 - 20:42:19: [umc-core.smx] Setting nextmap to: con_glycencity
L 07/26/2017 - 20:42:19: [umc-randomcycle.smx] Disabling random nextmap selection.
L 07/26/2017 - 20:42:19: [umc-core.smx] umc-emp-mapvote.smx: Changing map to 'con_glycencity' in 5 seconds.
L 07/26/2017 - 20:42:28: [umc-core.smx] ---------------------MAP CHANGE: con_glycencity---------------------
L 07/26/2017 - 20:42:28: [umc-endvote-warnings.smx] Successfully parsed and set up 11 vote warnings.
L 07/26/2017 - 20:42:28: [umc-playercountmonitor.smx] Min Players: 0, Max Players: 20
L 07/26/2017 - 20:42:28: [umc-playercountmonitor.smx] Server will begin watching for inproper number of players in 240 seconds.
L 07/26/2017 - 20:42:28: [umc-rockthevote.smx] RTV will be made available in 60 seconds.
L 07/26/2017 - 20:43:29: [umc-rockthevote.smx] RTV is now available.
L 07/26/2017 - 20:46:28: [umc-playercountmonitor.smx] Server is now watching for inproper number of players.
L 07/26/2017 - 20:50:30: [umc-emp-mapvote.smx] Map vote will appear in 30 seconds.
L 07/26/2017 - 20:51:00: [umc-emp-mapvote.smx] Starting a map vote.
L 07/26/2017 - 20:51:00: [umc-core.smx] Initiating Vote Type: Map
L 07/26/2017 - 20:51:31: [umc-core.smx] Setting nextmap to: emp_beachfront_b2
L 07/26/2017 - 20:51:31: [umc-randomcycle.smx] Disabling random nextmap selection.
L 07/26/2017 - 20:51:31: [umc-core.smx] umc-emp-mapvote.smx: Changing map to 'emp_beachfront_b2' in 5 seconds.
L 07/26/2017 - 20:51:31: [umc-core.smx] MAPVOTE: Players voted for map 'emp_beachfront_b2' from group 'Commander Maps'
L 07/26/2017 - 20:51:39: [umc-core.smx] ---------------------MAP CHANGE: emp_beachfront_b2---------------------
L 07/26/2017 - 20:51:39: [umc-endvote-warnings.smx] Successfully parsed and set up 11 vote warnings.
L 07/26/2017 - 20:51:39: [umc-playercountmonitor.smx] Min Players: 0, Max Players: 22
L 07/26/2017 - 20:51:39: [umc-playercountmonitor.smx] Server will begin watching for inproper number of players in 240 seconds.
L 07/26/2017 - 20:51:39: [umc-rockthevote.smx] RTV will be made available in 60 seconds.
L 07/26/2017 - 20:52:40: [umc-rockthevote.smx] RTV is now available.
L 07/26/2017 - 20:55:39: [umc-playercountmonitor.smx] Server is now watching for inproper number of players.
L 07/26/2017 - 21:07:27: [umc-emp-mapvote.smx] Map vote will appear in 30 seconds.
L 07/26/2017 - 21:07:57: [umc-emp-mapvote.smx] Starting a map vote.
L 07/26/2017 - 21:07:57: [umc-core.smx] Initiating Vote Type: Map
L 07/26/2017 - 21:08:28: [umc-core.smx] Setting nextmap to: emp_vehicletraining_2013
L 07/26/2017 - 21:08:28: [umc-randomcycle.smx] Disabling random nextmap selection.
L 07/26/2017 - 21:08:28: [umc-core.smx] umc-emp-mapvote.smx: Changing map to 'emp_vehicletraining_2013' in 5 seconds.
L 07/26/2017 - 21:08:28: [umc-core.smx] MAPVOTE: Players voted for map 'emp_vehicletraining_2013' from group 'Infantry Maps'
L 07/26/2017 - 21:08:34: [umc-core.smx] ---------------------MAP CHANGE: emp_vehicletraining_2013---------------------
L 07/26/2017 - 21:08:35: [umc-endvote-warnings.smx] Successfully parsed and set up 11 vote warnings.
L 07/26/2017 - 21:08:35: [umc-playercountmonitor.smx] Min Players: 0, Max Players: 20
L 07/26/2017 - 21:08:35: [umc-playercountmonitor.smx] Server will begin watching for inproper number of players in 240 seconds.
L 07/26/2017 - 21:08:35: [umc-rockthevote.smx] RTV will be made available in 60 seconds.
L 07/26/2017 - 21:09:36: [umc-rockthevote.smx] RTV is now available.
L 07/26/2017 - 21:12:35: [umc-playercountmonitor.smx] Server is now watching for inproper number of players.
L 07/26/2017 - 21:26:06: [umc-emp-mapvote.smx] Map vote will appear in 30 seconds.
L 07/26/2017 - 21:26:31: [umc-nominate.smx] rauer wants to nominate a map.
L 07/26/2017 - 21:26:36: [umc-nominate.smx] rauer has nominated 'con_urbanchaos_fix' from group 'Infantry Maps'
L 07/26/2017 - 21:26:36: [umc-emp-mapvote.smx] Starting a map vote.
L 07/26/2017 - 21:26:36: [umc-core.smx] Initiating Vote Type: Map
L 07/26/2017 - 21:27:06: [umc-core.smx] Setting nextmap to: emp_downfall
L 07/26/2017 - 21:27:06: [umc-randomcycle.smx] Disabling random nextmap selection.
L 07/26/2017 - 21:27:06: [umc-core.smx] umc-emp-mapvote.smx: Changing map to 'emp_downfall' in 5 seconds.
L 07/26/2017 - 21:27:06: [umc-core.smx] MAPVOTE: Players voted for map 'emp_downfall' from group 'Commander Maps'
L 07/26/2017 - 21:27:13: [umc-core.smx] ---------------------MAP CHANGE: emp_downfall---------------------
L 07/26/2017 - 21:27:13: [umc-endvote-warnings.smx] Successfully parsed and set up 11 vote warnings.
L 07/26/2017 - 21:27:13: [umc-playercountmonitor.smx] Min Players: 0, Max Players: 22
L 07/26/2017 - 21:27:13: [umc-playercountmonitor.smx] Server will begin watching for inproper number of players in 240 seconds.
L 07/26/2017 - 21:27:13: [umc-rockthevote.smx] RTV will be made available in 60 seconds.
L 07/26/2017 - 21:28:14: [umc-rockthevote.smx] RTV is now available.
L 07/26/2017 - 21:29:37: [umc-nominate.smx] rauer wants to nominate a map.
L 07/26/2017 - 21:29:42: [umc-nominate.smx] rauer has nominated 'con_urbanchaos_fix' from group 'Infantry Maps'
L 07/26/2017 - 21:31:13: [umc-playercountmonitor.smx] Server is now watching for inproper number of players.
L 07/26/2017 - 21:37:35: [umc-nominate.smx] NosVemoEnDisney wants to nominate a map.
L 07/26/2017 - 21:37:43: [umc-nominate.smx] NosVemoEnDisney has nominated 'emp_fogtown_cl2_fix' from group 'Infantry Maps'
L 07/26/2017 - 21:46:26: [umc-nominate.smx] NosVemoEnDisney wants to nominate a map.
L 07/26/2017 - 21:46:29: [umc-nominate.smx] NosVemoEnDisney has nominated 'emp_blast_ob1' from group 'Infantry Maps'
L 07/26/2017 - 21:46:57: [umc-rockthevote.smx] Starting RTV.
L 07/26/2017 - 21:46:57: [umc-core.smx] Initiating Vote Type: Map
L 07/26/2017 - 21:47:23: [umc-core.smx] Setting nextmap to: emp_blast_ob1
L 07/26/2017 - 21:47:23: [umc-randomcycle.smx] Disabling random nextmap selection.
L 07/26/2017 - 21:47:23: [umc-core.smx] umc-rockthevote.smx: Changing map to 'emp_blast_ob1' in 5 seconds.
L 07/26/2017 - 21:47:23: [umc-core.smx] MAPVOTE: Players voted for map 'emp_blast_ob1' from group 'Infantry Maps'
L 07/26/2017 - 21:47:31: [umc-core.smx] ---------------------MAP CHANGE: emp_blast_ob1---------------------
L 07/26/2017 - 21:47:31: [umc-endvote-warnings.smx] Successfully parsed and set up 11 vote warnings.
L 07/26/2017 - 21:47:31: [umc-playercountmonitor.smx] Min Players: 0, Max Players: 20
L 07/26/2017 - 21:47:31: [umc-playercountmonitor.smx] Server will begin watching for inproper number of players in 240 seconds.
L 07/26/2017 - 21:47:31: [umc-rockthevote.smx] RTV will be made available in 60 seconds.
L 07/26/2017 - 21:48:32: [umc-rockthevote.smx] RTV is now available.
L 07/26/2017 - 21:51:31: [umc-playercountmonitor.smx] Server is now watching for inproper number of players.
L 07/26/2017 - 21:55:09: [umc-nominate.smx] NosVemoEnDisney wants to nominate a map.
L 07/26/2017 - 21:55:14: [umc-nominate.smx] NosVemoEnDisney has nominated 'con_urbanchaos_fix' from group 'Infantry Maps'
L 07/26/2017 - 22:00:28: [umc-emp-mapvote.smx] Map vote will appear in 30 seconds.
L 07/26/2017 - 22:00:53: [umc-nominate.smx] NosVemoEnDisney wants to nominate a map.
L 07/26/2017 - 22:00:58: [umc-nominate.smx] NosVemoEnDisney has nominated 'emp_shadows_attacks_fix' from group 'Infantry Maps'
L 07/26/2017 - 22:00:58: [umc-emp-mapvote.smx] Starting a map vote.
L 07/26/2017 - 22:00:58: [umc-core.smx] Initiating Vote Type: Map
L 07/26/2017 - 22:01:10: [umc-core.smx] Setting nextmap to: emp_shadows_attacks_fix
L 07/26/2017 - 22:01:10: [umc-randomcycle.smx] Disabling random nextmap selection.
L 07/26/2017 - 22:01:10: [umc-core.smx] umc-emp-mapvote.smx: Changing map to 'emp_shadows_attacks_fix' in 5 seconds.
L 07/26/2017 - 22:01:10: [umc-core.smx] MAPVOTE: Players voted for map 'emp_shadows_attacks_fix' from group 'Infantry Maps'
L 07/26/2017 - 22:01:16: [umc-core.smx] ---------------------MAP CHANGE: emp_shadows_attacks_fix---------------------
L 07/26/2017 - 22:01:16: [umc-endvote-warnings.smx] Successfully parsed and set up 11 vote warnings.
L 07/26/2017 - 22:01:16: [umc-playercountmonitor.smx] Min Players: 0, Max Players: 20
L 07/26/2017 - 22:01:16: [umc-playercountmonitor.smx] Server will begin watching for inproper number of players in 240 seconds.
L 07/26/2017 - 22:01:16: [umc-rockthevote.smx] RTV will be made available in 60 seconds.
L 07/26/2017 - 22:02:17: [umc-rockthevote.smx] RTV is now available.
L 07/26/2017 - 22:05:16: [umc-playercountmonitor.smx] Server is now watching for inproper number of players.
L 07/26/2017 - 22:33:37: [umc-emp-mapvote.smx] Map vote will appear in 30 seconds.
L 07/26/2017 - 22:34:07: [umc-emp-mapvote.smx] Starting a map vote.
L 07/26/2017 - 22:34:07: [umc-core.smx] Initiating Vote Type: Map
L 07/26/2017 - 22:34:38: [umc-emp-mapvote.smx] WARNING: Map Voting failure. Initiating random map fail-safe.
L 07/26/2017 - 22:34:38: [umc-core.smx] Setting nextmap to: con_urbanchaos_fix
L 07/26/2017 - 22:34:38: [umc-randomcycle.smx] Disabling random nextmap selection.
L 07/26/2017 - 22:34:38: [umc-core.smx] umc-emp-mapvote.smx: Changing map to 'con_urbanchaos_fix' in 5 seconds.
L 07/26/2017 - 22:34:44: [umc-core.smx] ---------------------MAP CHANGE: con_urbanchaos_fix---------------------
L 07/26/2017 - 22:34:44: [umc-endvote-warnings.smx] Successfully parsed and set up 11 vote warnings.
L 07/26/2017 - 22:34:44: [umc-playercountmonitor.smx] Min Players: 0, Max Players: 20
L 07/26/2017 - 22:34:44: [umc-playercountmonitor.smx] Server will begin watching for inproper number of players in 240 seconds.
L 07/26/2017 - 22:34:44: [umc-rockthevote.smx] RTV will be made available in 60 seconds.
L 07/26/2017 - 22:35:45: [umc-rockthevote.smx] RTV is now available.
L 07/26/2017 - 22:38:44: [umc-playercountmonitor.smx] Server is now watching for inproper number of players.
L 07/26/2017 - 22:39:41: [umc-nominate.smx] Sir.DieALot wants to nominate a map.
L 07/26/2017 - 22:39:54: [umc-nominate.smx] Sir.DieALot has nominated 'emp_crossroads' from group 'Commander Maps'
L 07/26/2017 - 23:10:59: [umc-emp-mapvote.smx] Map vote will appear in 30 seconds.
L 07/26/2017 - 23:11:29: [umc-emp-mapvote.smx] Starting a map vote.
L 07/26/2017 - 23:11:29: [umc-core.smx] Initiating Vote Type: Map
L 07/26/2017 - 23:11:59: [umc-core.smx] Setting nextmap to: emp_nuclear_b8u_xfix
L 07/26/2017 - 23:11:59: [umc-randomcycle.smx] Disabling random nextmap selection.
L 07/26/2017 - 23:11:59: [umc-core.smx] umc-emp-mapvote.smx: Changing map to 'emp_nuclear_b8u_xfix' in 5 seconds.
L 07/26/2017 - 23:11:59: [umc-core.smx] MAPVOTE: Players voted for map 'emp_nuclear_b8u_xfix' from group 'Infantry Maps'
L 07/26/2017 - 23:12:06: [umc-core.smx] ---------------------MAP CHANGE: emp_nuclear_b8u_xfix---------------------
L 07/26/2017 - 23:12:06: [umc-endvote-warnings.smx] Successfully parsed and set up 11 vote warnings.
L 07/26/2017 - 23:12:06: [umc-playercountmonitor.smx] Min Players: 4, Max Players: 20
L 07/26/2017 - 23:12:06: [umc-playercountmonitor.smx] Server will begin watching for inproper number of players in 240 seconds.
L 07/26/2017 - 23:12:06: [umc-rockthevote.smx] RTV will be made available in 60 seconds.
L 07/26/2017 - 23:13:07: [umc-rockthevote.smx] RTV is now available.
L 07/26/2017 - 23:16:06: [umc-playercountmonitor.smx] Server is now watching for inproper number of players.
L 07/26/2017 - 23:39:37: [umc-emp-mapvote.smx] Map vote will appear in 30 seconds.
L 07/26/2017 - 23:40:07: [umc-emp-mapvote.smx] Starting a map vote.
L 07/26/2017 - 23:40:07: [umc-core.smx] Initiating Vote Type: Map
L 07/26/2017 - 23:40:37: [umc-core.smx] Setting nextmap to: emp_crossroads
L 07/26/2017 - 23:40:37: [umc-randomcycle.smx] Disabling random nextmap selection.
L 07/26/2017 - 23:40:37: [umc-core.smx] umc-emp-mapvote.smx: Changing map to 'emp_crossroads' in 5 seconds.
L 07/26/2017 - 23:40:37: [umc-core.smx] MAPVOTE: Players voted for map 'emp_crossroads' from group 'Commander Maps'
L 07/26/2017 - 23:40:44: [umc-core.smx] ---------------------MAP CHANGE: emp_crossroads---------------------
L 07/26/2017 - 23:40:44: [umc-endvote-warnings.smx] Successfully parsed and set up 11 vote warnings.
L 07/26/2017 - 23:40:44: [umc-playercountmonitor.smx] Min Players: 0, Max Players: 22
L 07/26/2017 - 23:40:44: [umc-playercountmonitor.smx] Server will begin watching for inproper number of players in 240 seconds.
L 07/26/2017 - 23:40:44: [umc-rockthevote.smx] RTV will be made available in 60 seconds.
L 07/26/2017 - 23:41:45: [umc-rockthevote.smx] RTV is now available.
L 07/26/2017 - 23:44:44: [umc-playercountmonitor.smx] Server is now watching for inproper number of players.
