L 12/29/2017 - 00:55:14: [umc-core.smx] ---------------------MAP CHANGE: con_district402---------------------
L 12/29/2017 - 00:55:14: [umc-endvote-warnings.smx] Successfully parsed and set up 11 vote warnings.
L 12/29/2017 - 00:55:14: [umc-rockthevote.smx] RTV will be made available in 60 seconds.
L 12/29/2017 - 00:56:15: [umc-rockthevote.smx] RTV is now available.
L 12/29/2017 - 01:32:17: [umc-emp-mapvote.smx] Map vote will appear in 30 seconds.
L 12/29/2017 - 01:32:47: [umc-emp-mapvote.smx] Starting a map vote.
L 12/29/2017 - 01:32:47: [umc-core.smx] Initiating Vote Type: Map
L 12/29/2017 - 01:32:54: [umc-core.smx] Setting nextmap to: emp_downfall
L 12/29/2017 - 01:32:54: [umc-randomcycle.smx] Disabling random nextmap selection.
L 12/29/2017 - 01:32:54: [umc-core.smx] umc-emp-mapvote.smx: Changing map to 'emp_downfall' in 5 seconds.
L 12/29/2017 - 01:32:54: [umc-core.smx] MAPVOTE: Players voted for map 'emp_downfall' from group 'Commander Maps'
L 12/29/2017 - 01:33:00: [umc-core.smx] ---------------------MAP CHANGE: emp_downfall---------------------
L 12/29/2017 - 01:33:00: [umc-endvote-warnings.smx] Successfully parsed and set up 11 vote warnings.
L 12/29/2017 - 01:33:00: [umc-rockthevote.smx] RTV will be made available in 60 seconds.
L 12/29/2017 - 01:34:01: [umc-rockthevote.smx] RTV is now available.
L 12/29/2017 - 02:24:08: [umc-core.smx] Setting nextmap to: con_district402
L 12/29/2017 - 02:24:08: [umc-randomcycle.smx] Disabling random nextmap selection.
L 12/29/2017 - 02:24:08: [umc-core.smx] umc-adminmenu.smx: Changing map to 'con_district402' in 5 seconds.
L 12/29/2017 - 02:24:08: [umc-adminmenu.smx] Oktay<5><[U:1:116496292]><> set the next map to con_district402 from group Infantry Maps.
L 12/29/2017 - 02:24:14: [umc-core.smx] ---------------------MAP CHANGE: con_district402---------------------
L 12/29/2017 - 02:24:14: [umc-endvote-warnings.smx] Successfully parsed and set up 11 vote warnings.
L 12/29/2017 - 02:24:14: [umc-rockthevote.smx] RTV will be made available in 60 seconds.
L 12/29/2017 - 02:25:15: [umc-rockthevote.smx] RTV is now available.
L 12/29/2017 - 02:48:44: [umc-core.smx] Setting nextmap to: fun_ricochet_a3
L 12/29/2017 - 02:48:44: [umc-randomcycle.smx] Disabling random nextmap selection.
L 12/29/2017 - 02:48:44: [umc-adminmenu.smx] Oktay<5><[U:1:116496292]><> set the next map to fun_ricochet_a3 from group Cooldown Maps.
L 12/29/2017 - 02:49:05: [umc-emp-mapvote.smx] Map vote will appear in 30 seconds.
L 12/29/2017 - 02:49:35: [umc-emp-mapvote.smx] Starting a map vote.
L 12/29/2017 - 02:49:35: [umc-emp-mapvote.smx] ERROR: Failed to set the value of mp_chattime. The map could change before the end of map voting finishes.
L 12/29/2017 - 02:49:35: [umc-core.smx] Initiating Vote Type: Map
L 12/29/2017 - 02:50:05: [umc-emp-mapvote.smx] WARNING: Map Voting failure. Initiating random map fail-safe.
L 12/29/2017 - 02:50:05: [umc-core.smx] Setting nextmap to: emp_flat_fix
L 12/29/2017 - 02:50:05: [umc-randomcycle.smx] Disabling random nextmap selection.
L 12/29/2017 - 02:50:05: [umc-core.smx] umc-emp-mapvote.smx: Changing map to 'emp_flat_fix' in 5 seconds.
L 12/29/2017 - 02:50:06: [umc-core.smx] ---------------------MAP CHANGE: fun_ricochet_a3---------------------
L 12/29/2017 - 02:50:06: [umc-endvote-warnings.smx] Successfully parsed and set up 11 vote warnings.
L 12/29/2017 - 02:50:06: [umc-rockthevote.smx] RTV will be made available in 60 seconds.
L 12/29/2017 - 02:51:07: [umc-rockthevote.smx] RTV is now available.
L 12/29/2017 - 02:56:45: [umc-emp-mapvote.smx] Map vote will appear in 30 seconds.
L 12/29/2017 - 02:57:15: [umc-emp-mapvote.smx] Starting a map vote.
L 12/29/2017 - 02:57:15: [umc-core.smx] Initiating Vote Type: Map
L 12/29/2017 - 02:57:45: [umc-core.smx] Setting nextmap to: fun_ricochet_a3
L 12/29/2017 - 02:57:45: [umc-randomcycle.smx] Disabling random nextmap selection.
L 12/29/2017 - 02:57:45: [umc-core.smx] umc-emp-mapvote.smx: Changing map to 'fun_ricochet_a3' in 5 seconds.
L 12/29/2017 - 02:57:45: [umc-core.smx] MAPVOTE: Players voted for map 'fun_ricochet_a3' from group 'Cooldown Maps'
L 12/29/2017 - 02:57:50: [umc-core.smx] ---------------------MAP CHANGE: fun_ricochet_a3---------------------
L 12/29/2017 - 02:57:51: [umc-endvote-warnings.smx] Successfully parsed and set up 11 vote warnings.
L 12/29/2017 - 02:57:51: [umc-rockthevote.smx] RTV will be made available in 60 seconds.
L 12/29/2017 - 02:58:52: [umc-rockthevote.smx] RTV is now available.
L 12/29/2017 - 02:59:34: [umc-emp-mapvote.smx] Map vote will appear in 30 seconds.
L 12/29/2017 - 03:00:05: [umc-emp-mapvote.smx] Starting a map vote.
L 12/29/2017 - 03:00:05: [umc-core.smx] Initiating Vote Type: Map
L 12/29/2017 - 03:00:35: [umc-core.smx] Setting nextmap to: emp_vehicletraining_2013
L 12/29/2017 - 03:00:35: [umc-randomcycle.smx] Disabling random nextmap selection.
L 12/29/2017 - 03:00:35: [umc-core.smx] umc-emp-mapvote.smx: Changing map to 'emp_vehicletraining_2013' in 5 seconds.
L 12/29/2017 - 03:00:35: [umc-core.smx] MAPVOTE: Players voted for map 'emp_vehicletraining_2013' from group 'Infantry Maps'
L 12/29/2017 - 03:00:40: [umc-core.smx] ---------------------MAP CHANGE: emp_vehicletraining_2013---------------------
L 12/29/2017 - 03:00:40: [umc-endvote-warnings.smx] Successfully parsed and set up 11 vote warnings.
L 12/29/2017 - 03:00:40: [umc-rockthevote.smx] RTV will be made available in 60 seconds.
L 12/29/2017 - 03:01:41: [umc-rockthevote.smx] RTV is now available.
L 12/29/2017 - 03:36:24: [umc-emp-mapvote.smx] Map vote will appear in 30 seconds.
L 12/29/2017 - 03:36:54: [umc-emp-mapvote.smx] Starting a map vote.
L 12/29/2017 - 03:36:54: [umc-core.smx] Initiating Vote Type: Map
L 12/29/2017 - 03:37:25: [umc-emp-mapvote.smx] WARNING: Map Voting failure. Initiating random map fail-safe.
L 12/29/2017 - 03:37:25: [umc-core.smx] Setting nextmap to: emp_drygulch_a6
L 12/29/2017 - 03:37:25: [umc-randomcycle.smx] Disabling random nextmap selection.
L 12/29/2017 - 03:37:25: [umc-core.smx] umc-emp-mapvote.smx: Changing map to 'emp_drygulch_a6' in 5 seconds.
L 12/29/2017 - 03:37:31: [umc-core.smx] ---------------------MAP CHANGE: emp_drygulch_a6---------------------
L 12/29/2017 - 03:37:31: [umc-endvote-warnings.smx] Successfully parsed and set up 11 vote warnings.
L 12/29/2017 - 03:37:31: [umc-rockthevote.smx] RTV will be made available in 60 seconds.
L 12/29/2017 - 03:38:32: [umc-rockthevote.smx] RTV is now available.
L 12/29/2017 - 04:26:26: [umc-emp-mapvote.smx] Map vote will appear in 30 seconds.
L 12/29/2017 - 04:26:56: [umc-emp-mapvote.smx] Starting a map vote.
L 12/29/2017 - 04:26:56: [umc-core.smx] Initiating Vote Type: Map
L 12/29/2017 - 04:27:27: [umc-emp-mapvote.smx] WARNING: Map Voting failure. Initiating random map fail-safe.
L 12/29/2017 - 04:27:27: [umc-core.smx] Setting nextmap to: emp_havoc_b1_fix
L 12/29/2017 - 04:27:27: [umc-randomcycle.smx] Disabling random nextmap selection.
L 12/29/2017 - 04:27:27: [umc-core.smx] umc-emp-mapvote.smx: Changing map to 'emp_havoc_b1_fix' in 5 seconds.
L 12/29/2017 - 04:27:32: [umc-core.smx] ---------------------MAP CHANGE: emp_havoc_b1_fix---------------------
L 12/29/2017 - 04:27:32: [umc-endvote-warnings.smx] Successfully parsed and set up 11 vote warnings.
L 12/29/2017 - 04:27:32: [umc-rockthevote.smx] RTV will be made available in 60 seconds.
L 12/29/2017 - 04:28:34: [umc-rockthevote.smx] RTV is now available.
L 12/29/2017 - 19:47:38: [umc-nominate.smx] -=[Combine Soldier #43]=- wants to nominate a map.
L 12/29/2017 - 19:47:47: [umc-nominate.smx] -=[Combine Soldier #43]=- has nominated 'con_glycencity' from group 'Infantry Maps'
L 12/29/2017 - 19:52:23: [umc-nominate.smx] ¤Griegtandert¤ wants to nominate a map.
L 12/29/2017 - 19:53:04: [umc-nominate.smx] ¤Griegtandert¤ wants to nominate a map.
L 12/29/2017 - 19:53:10: [umc-nominate.smx] ¤Griegtandert¤ has nominated 'emp_fogtown_cl2_fix' from group 'Infantry Maps'
L 12/29/2017 - 19:53:56: [umc-emp-mapvote.smx] Map vote will appear in 30 seconds.
L 12/29/2017 - 19:53:57: [umc-nominate.smx] ¤Griegtandert¤ wants to nominate a map.
L 12/29/2017 - 19:54:01: [umc-nominate.smx] ¤Griegtandert¤ has nominated 'con_glycencity' from group 'Infantry Maps'
L 12/29/2017 - 19:54:26: [umc-emp-mapvote.smx] Starting a map vote.
L 12/29/2017 - 19:54:26: [umc-core.smx] Initiating Vote Type: Map
L 12/29/2017 - 19:55:04: [umc-core.smx] RUNOFF: Starting runoff vote.
L 12/29/2017 - 19:55:04: [umc-core.smx] Initiating Vote Type: Map
L 12/29/2017 - 19:55:35: [umc-core.smx] Setting nextmap to: emp_flat_fix
L 12/29/2017 - 19:55:35: [umc-randomcycle.smx] Disabling random nextmap selection.
L 12/29/2017 - 19:55:35: [umc-core.smx] umc-emp-mapvote.smx: Changing map to 'emp_flat_fix' in 5 seconds.
L 12/29/2017 - 19:55:35: [umc-core.smx] MAPVOTE: Players voted for map 'emp_flat_fix' from group 'Commander Maps'
L 12/29/2017 - 19:55:40: [umc-core.smx] ---------------------MAP CHANGE: emp_flat_fix---------------------
L 12/29/2017 - 19:55:40: [umc-endvote-warnings.smx] Successfully parsed and set up 11 vote warnings.
L 12/29/2017 - 19:55:40: [umc-rockthevote.smx] RTV will be made available in 60 seconds.
L 12/29/2017 - 19:56:41: [umc-rockthevote.smx] RTV is now available.
L 12/29/2017 - 20:04:08: [umc-nominate.smx] -=[Combine Soldier #43]=- wants to nominate a map.
L 12/29/2017 - 20:04:11: [umc-nominate.smx] -=[Combine Soldier #43]=- has nominated 'con_district402' from group 'Infantry Maps'
L 12/29/2017 - 20:16:22: [umc-emp-mapvote.smx] Map vote will appear in 30 seconds.
L 12/29/2017 - 20:16:52: [umc-emp-mapvote.smx] Starting a map vote.
L 12/29/2017 - 20:16:52: [umc-core.smx] Initiating Vote Type: Map
L 12/29/2017 - 20:17:23: [umc-core.smx] Setting nextmap to: emp_crossroads_towerless
L 12/29/2017 - 20:17:23: [umc-randomcycle.smx] Disabling random nextmap selection.
L 12/29/2017 - 20:17:23: [umc-core.smx] umc-emp-mapvote.smx: Changing map to 'emp_crossroads_towerless' in 5 seconds.
L 12/29/2017 - 20:17:23: [umc-core.smx] MAPVOTE: Players voted for map 'emp_crossroads_towerless' from group 'Commander Maps'
L 12/29/2017 - 20:17:29: [umc-core.smx] ---------------------MAP CHANGE: emp_crossroads_towerless---------------------
L 12/29/2017 - 20:17:29: [umc-endvote-warnings.smx] Successfully parsed and set up 11 vote warnings.
L 12/29/2017 - 20:17:29: [umc-rockthevote.smx] RTV will be made available in 60 seconds.
L 12/29/2017 - 20:18:30: [umc-rockthevote.smx] RTV is now available.
L 12/29/2017 - 20:55:53: [umc-nominate.smx] Oktay wants to nominate a map.
L 12/29/2017 - 20:56:04: [umc-nominate.smx] Oktay has nominated 'emp_duststorm_fix2' from group 'Commander Maps'
L 12/29/2017 - 21:04:12: [umc-emp-mapvote.smx] Map vote will appear in 30 seconds.
L 12/29/2017 - 21:04:43: [umc-emp-mapvote.smx] Starting a map vote.
L 12/29/2017 - 21:04:43: [umc-core.smx] Initiating Vote Type: Map
L 12/29/2017 - 21:05:21: [umc-core.smx] RUNOFF: Starting runoff vote.
L 12/29/2017 - 21:05:21: [umc-core.smx] Initiating Vote Type: Map
L 12/29/2017 - 21:05:52: [umc-core.smx] Setting nextmap to: emp_canyon
L 12/29/2017 - 21:05:52: [umc-randomcycle.smx] Disabling random nextmap selection.
L 12/29/2017 - 21:05:52: [umc-core.smx] umc-emp-mapvote.smx: Changing map to 'emp_canyon' in 5 seconds.
L 12/29/2017 - 21:05:52: [umc-core.smx] MAPVOTE: Players voted for map 'emp_canyon' from group 'Commander Maps'
L 12/29/2017 - 21:05:58: [umc-core.smx] ---------------------MAP CHANGE: emp_canyon---------------------
L 12/29/2017 - 21:05:58: [umc-endvote-warnings.smx] Successfully parsed and set up 11 vote warnings.
L 12/29/2017 - 21:05:58: [umc-rockthevote.smx] RTV will be made available in 60 seconds.
L 12/29/2017 - 21:06:59: [umc-rockthevote.smx] RTV is now available.
L 12/29/2017 - 21:11:34: [umc-nominate.smx] Joy wants to nominate a map.
L 12/29/2017 - 21:13:16: [umc-core.smx] Initiating Vote Type: Map
L 12/29/2017 - 21:14:01: [umc-core.smx] Setting nextmap to: fun_ricochet_a3
L 12/29/2017 - 21:14:01: [umc-randomcycle.smx] Disabling random nextmap selection.
L 12/29/2017 - 21:14:01: [umc-core.smx] umc-votecommand.smx: Changing map to 'fun_ricochet_a3' in 5 seconds.
L 12/29/2017 - 21:14:01: [umc-core.smx] MAPVOTE: Players voted for map 'fun_ricochet_a3' from group 'Cooldown Maps'
L 12/29/2017 - 21:14:06: [umc-core.smx] ---------------------MAP CHANGE: fun_ricochet_a3---------------------
L 12/29/2017 - 21:14:07: [umc-endvote-warnings.smx] Successfully parsed and set up 11 vote warnings.
L 12/29/2017 - 21:14:07: [umc-rockthevote.smx] RTV will be made available in 60 seconds.
L 12/29/2017 - 21:15:08: [umc-rockthevote.smx] RTV is now available.
L 12/29/2017 - 21:20:33: [umc-emp-mapvote.smx] Map vote will appear in 30 seconds.
L 12/29/2017 - 21:21:03: [umc-emp-mapvote.smx] Starting a map vote.
L 12/29/2017 - 21:21:03: [umc-core.smx] Initiating Vote Type: Map
L 12/29/2017 - 21:21:33: [umc-core.smx] Setting nextmap to: emp_beachfront_b2
L 12/29/2017 - 21:21:33: [umc-randomcycle.smx] Disabling random nextmap selection.
L 12/29/2017 - 21:21:33: [umc-core.smx] umc-emp-mapvote.smx: Changing map to 'emp_beachfront_b2' in 5 seconds.
L 12/29/2017 - 21:21:33: [umc-core.smx] MAPVOTE: Players voted for map 'emp_beachfront_b2' from group 'Commander Maps'
L 12/29/2017 - 21:21:39: [umc-core.smx] ---------------------MAP CHANGE: emp_beachfront_b2---------------------
L 12/29/2017 - 21:21:39: [umc-endvote-warnings.smx] Successfully parsed and set up 11 vote warnings.
L 12/29/2017 - 21:21:39: [umc-rockthevote.smx] RTV will be made available in 60 seconds.
L 12/29/2017 - 21:22:40: [umc-rockthevote.smx] RTV is now available.
L 12/29/2017 - 21:34:20: [umc-nominate.smx] Oktay wants to nominate a map.
L 12/29/2017 - 21:34:26: [umc-nominate.smx] Oktay has nominated 'emp_downfall' from group 'Commander Maps'
L 12/29/2017 - 21:37:28: [umc-nominate.smx] Neoony wants to nominate a map.
L 12/29/2017 - 21:37:31: [umc-nominate.smx] Neoony has nominated 'con_district402' from group 'Infantry Maps'
L 12/29/2017 - 21:38:06: [umc-emp-mapvote.smx] Map vote will appear in 30 seconds.
L 12/29/2017 - 21:38:36: [umc-emp-mapvote.smx] Starting a map vote.
L 12/29/2017 - 21:38:36: [umc-core.smx] Initiating Vote Type: Map
L 12/29/2017 - 21:39:07: [umc-core.smx] Setting nextmap to: con_district402
L 12/29/2017 - 21:39:07: [umc-randomcycle.smx] Disabling random nextmap selection.
L 12/29/2017 - 21:39:07: [umc-core.smx] umc-emp-mapvote.smx: Changing map to 'con_district402' in 5 seconds.
L 12/29/2017 - 21:39:07: [umc-core.smx] MAPVOTE: Players voted for map 'con_district402' from group 'Infantry Maps'
L 12/29/2017 - 21:39:12: [umc-core.smx] ---------------------MAP CHANGE: con_district402---------------------
L 12/29/2017 - 21:39:12: [umc-endvote-warnings.smx] Successfully parsed and set up 11 vote warnings.
L 12/29/2017 - 21:39:12: [umc-rockthevote.smx] RTV will be made available in 60 seconds.
L 12/29/2017 - 21:40:13: [umc-rockthevote.smx] RTV is now available.
L 12/29/2017 - 21:56:08: [umc-nominate.smx] Oktay wants to nominate a map.
L 12/29/2017 - 21:56:12: [umc-nominate.smx] Oktay has nominated 'emp_crossroads_towerless' from group 'Commander Maps'
L 12/29/2017 - 22:12:06: [umc-emp-mapvote.smx] Map vote will appear in 30 seconds.
L 12/29/2017 - 22:12:36: [umc-emp-mapvote.smx] Starting a map vote.
L 12/29/2017 - 22:12:36: [umc-core.smx] Initiating Vote Type: Map
L 12/29/2017 - 22:13:06: [umc-core.smx] Setting nextmap to: con_glycencity
L 12/29/2017 - 22:13:06: [umc-randomcycle.smx] Disabling random nextmap selection.
L 12/29/2017 - 22:13:06: [umc-core.smx] umc-emp-mapvote.smx: Changing map to 'con_glycencity' in 5 seconds.
L 12/29/2017 - 22:13:06: [umc-core.smx] MAPVOTE: Players voted for map 'con_glycencity' from group 'Infantry Maps'
L 12/29/2017 - 22:13:13: [umc-core.smx] ---------------------MAP CHANGE: con_glycencity---------------------
L 12/29/2017 - 22:13:13: [umc-endvote-warnings.smx] Successfully parsed and set up 11 vote warnings.
L 12/29/2017 - 22:13:13: [umc-rockthevote.smx] RTV will be made available in 60 seconds.
L 12/29/2017 - 22:14:14: [umc-rockthevote.smx] RTV is now available.
L 12/29/2017 - 22:16:29: [umc-nominate.smx] Oktay wants to nominate a map.
L 12/29/2017 - 22:16:34: [umc-nominate.smx] Oktay has nominated 'emp_crossroads_towerless' from group 'Commander Maps'
L 12/29/2017 - 22:39:19: [umc-nominate.smx] Oktay wants to nominate a map.
L 12/29/2017 - 22:39:28: [umc-nominate.smx] Oktay has nominated 'emp_flat_fix' from group 'Commander Maps'
L 12/29/2017 - 22:43:37: [umc-emp-mapvote.smx] Map vote will appear in 30 seconds.
L 12/29/2017 - 22:44:07: [umc-emp-mapvote.smx] Starting a map vote.
L 12/29/2017 - 22:44:07: [umc-core.smx] Initiating Vote Type: Map
L 12/29/2017 - 22:44:37: [umc-core.smx] Setting nextmap to: emp_crossroads_towerless
L 12/29/2017 - 22:44:37: [umc-randomcycle.smx] Disabling random nextmap selection.
L 12/29/2017 - 22:44:37: [umc-core.smx] umc-emp-mapvote.smx: Changing map to 'emp_crossroads_towerless' in 5 seconds.
L 12/29/2017 - 22:44:37: [umc-core.smx] MAPVOTE: Players voted for map 'emp_crossroads_towerless' from group 'Commander Maps'
L 12/29/2017 - 22:44:43: [umc-rockthevote.smx] Starting RTV.
L 12/29/2017 - 22:44:44: [umc-core.smx] ---------------------MAP CHANGE: emp_crossroads_towerless---------------------
L 12/29/2017 - 22:44:44: [umc-endvote-warnings.smx] Successfully parsed and set up 11 vote warnings.
L 12/29/2017 - 22:44:44: [umc-rockthevote.smx] RTV will be made available in 60 seconds.
L 12/29/2017 - 22:45:45: [umc-rockthevote.smx] RTV is now available.
L 12/29/2017 - 22:46:13: [umc-nominate.smx] Spyer wants to nominate a map.
L 12/29/2017 - 22:46:41: [umc-nominate.smx] Spyer wants to nominate a map.
L 12/29/2017 - 22:46:48: [umc-nominate.smx] Spyer has nominated 'con_urbanchaos_fix' from group 'Infantry Maps'
L 12/29/2017 - 22:53:10: [umc-core.smx] ---------------------MAP CHANGE: as_crackdown_a6---------------------
L 12/29/2017 - 22:53:10: [umc-endvote-warnings.smx] Successfully parsed and set up 11 vote warnings.
L 12/29/2017 - 22:53:10: [umc-rockthevote.smx] RTV will be made available in 60 seconds.
L 12/29/2017 - 22:54:11: [umc-rockthevote.smx] RTV is now available.
L 12/29/2017 - 23:00:45: [umc-emp-mapvote.smx] Map vote will appear in 30 seconds.
L 12/29/2017 - 23:01:15: [umc-emp-mapvote.smx] Starting a map vote.
L 12/29/2017 - 23:01:15: [umc-core.smx] Initiating Vote Type: Map
L 12/29/2017 - 23:01:53: [umc-core.smx] RUNOFF: Starting runoff vote.
L 12/29/2017 - 23:01:53: [umc-core.smx] Initiating Vote Type: Map
L 12/29/2017 - 23:02:24: [umc-core.smx] Setting nextmap to: emp_downfall
L 12/29/2017 - 23:02:24: [umc-randomcycle.smx] Disabling random nextmap selection.
L 12/29/2017 - 23:02:24: [umc-core.smx] umc-emp-mapvote.smx: Changing map to 'emp_downfall' in 5 seconds.
L 12/29/2017 - 23:02:24: [umc-core.smx] MAPVOTE: Players voted for map 'emp_downfall' from group 'Commander Maps'
L 12/29/2017 - 23:02:28: [umc-core.smx] ---------------------MAP CHANGE: as_crackdown_a6---------------------
L 12/29/2017 - 23:02:28: [umc-endvote-warnings.smx] Successfully parsed and set up 11 vote warnings.
L 12/29/2017 - 23:02:28: [umc-rockthevote.smx] RTV will be made available in 60 seconds.
L 12/29/2017 - 23:03:29: [umc-rockthevote.smx] RTV is now available.
L 12/29/2017 - 23:12:12: [umc-nominate.smx] Oktay wants to nominate a map.
L 12/29/2017 - 23:12:17: [umc-nominate.smx] D.D.D. Destroyer wants to nominate a map.
L 12/29/2017 - 23:12:18: [umc-nominate.smx] D.D.D. Destroyer has nominated 'fun_ricochet_a3' from group 'Cooldown Maps'
L 12/29/2017 - 23:12:23: [umc-nominate.smx] Oktay has nominated 'emp_flat_fix' from group 'Commander Maps'
L 12/29/2017 - 23:12:40: [umc-emp-mapvote.smx] Map vote will appear in 30 seconds.
L 12/29/2017 - 23:13:10: [umc-emp-mapvote.smx] Starting a map vote.
L 12/29/2017 - 23:13:10: [umc-core.smx] Initiating Vote Type: Map
L 12/29/2017 - 23:13:40: [umc-core.smx] Setting nextmap to: fun_ricochet_a3
L 12/29/2017 - 23:13:40: [umc-randomcycle.smx] Disabling random nextmap selection.
L 12/29/2017 - 23:13:40: [umc-core.smx] umc-emp-mapvote.smx: Changing map to 'fun_ricochet_a3' in 5 seconds.
L 12/29/2017 - 23:13:40: [umc-core.smx] MAPVOTE: Players voted for map 'fun_ricochet_a3' from group 'Cooldown Maps'
L 12/29/2017 - 23:13:45: [umc-core.smx] ---------------------MAP CHANGE: fun_ricochet_a3---------------------
L 12/29/2017 - 23:13:46: [umc-endvote-warnings.smx] Successfully parsed and set up 11 vote warnings.
L 12/29/2017 - 23:13:46: [umc-rockthevote.smx] RTV will be made available in 60 seconds.
L 12/29/2017 - 23:14:47: [umc-rockthevote.smx] RTV is now available.
L 12/29/2017 - 23:19:47: [umc-emp-mapvote.smx] Map vote will appear in 30 seconds.
L 12/29/2017 - 23:20:17: [umc-nominate.smx] D.D.D. Destroyer wants to nominate a map.
L 12/29/2017 - 23:20:17: [umc-emp-mapvote.smx] Starting a map vote.
L 12/29/2017 - 23:20:17: [umc-core.smx] Initiating Vote Type: Map
L 12/29/2017 - 23:20:48: [umc-core.smx] Setting nextmap to: emp_drygulch_a6
L 12/29/2017 - 23:20:48: [umc-randomcycle.smx] Disabling random nextmap selection.
L 12/29/2017 - 23:20:48: [umc-core.smx] umc-emp-mapvote.smx: Changing map to 'emp_drygulch_a6' in 5 seconds.
L 12/29/2017 - 23:20:48: [umc-core.smx] MAPVOTE: Players voted for map 'emp_drygulch_a6' from group 'Commander Maps'
L 12/29/2017 - 23:20:54: [umc-core.smx] ---------------------MAP CHANGE: emp_drygulch_a6---------------------
L 12/29/2017 - 23:20:54: [umc-endvote-warnings.smx] Successfully parsed and set up 11 vote warnings.
L 12/29/2017 - 23:20:54: [umc-rockthevote.smx] RTV will be made available in 60 seconds.
L 12/29/2017 - 23:21:55: [umc-rockthevote.smx] RTV is now available.
