L 05/28/2017 - 00:05:16: [umc-nominate.smx] Oktay wants to nominate a map.
L 05/28/2017 - 00:05:25: [umc-nominate.smx] Oktay has nominated 'emp_king_r5_nosplt' from group 'Commander Maps'
L 05/28/2017 - 00:05:30: [umc-nominate.smx] Odinjr (The Defense) wants to nominate a map.
L 05/28/2017 - 00:05:33: [umc-nominate.smx] Odinjr (The Defense) has nominated 'emp_blackmountain' from group 'Commander Maps'
L 05/28/2017 - 00:30:50: [umc-nominate.smx] Paradox wants to nominate a map.
L 05/28/2017 - 00:30:54: [umc-nominate.smx] Paradox has nominated 'emp_frozensummit_b2_2013_fix' from group 'Commander Maps'
L 05/28/2017 - 00:35:12: [umc-emp-mapvote.smx] Map vote will appear in 20 seconds.
L 05/28/2017 - 00:35:18: [umc-nominate.smx] Paradox wants to nominate a map.
L 05/28/2017 - 00:35:32: [umc-emp-mapvote.smx] Starting a map vote.
L 05/28/2017 - 00:35:32: [umc-core.smx] Initiating Vote Type: Map
L 05/28/2017 - 00:36:10: [umc-core.smx] RUNOFF: Starting runoff vote.
L 05/28/2017 - 00:36:10: [umc-core.smx] Initiating Vote Type: Map
L 05/28/2017 - 00:36:41: [umc-core.smx] Setting nextmap to: emp_frozensummit_b2_2013_fix
L 05/28/2017 - 00:36:41: [umc-randomcycle.smx] Disabling random nextmap selection.
L 05/28/2017 - 00:36:41: [umc-core.smx] umc-emp-mapvote.smx: Changing map to 'emp_frozensummit_b2_2013_fix' in 5 seconds.
L 05/28/2017 - 00:36:41: [umc-core.smx] MAPVOTE: Players voted for map 'emp_frozensummit_b2_2013_fix' from group 'Commander Maps'
L 05/28/2017 - 00:36:51: [umc-core.smx] ---------------------MAP CHANGE: emp_frozensummit_b2_2013_fix---------------------
L 05/28/2017 - 00:36:51: [umc-endvote-warnings.smx] Successfully parsed and set up 11 vote warnings.
L 05/28/2017 - 00:36:51: [umc-playercountmonitor.smx] Min Players: 32, Max Players: 64
L 05/28/2017 - 00:36:51: [umc-playercountmonitor.smx] Server will begin watching for inproper number of players in 240 seconds.
L 05/28/2017 - 00:36:51: [umc-rockthevote.smx] RTV will be made available in 60 seconds.
L 05/28/2017 - 00:37:52: [umc-rockthevote.smx] RTV is now available.
L 05/28/2017 - 00:40:51: [umc-playercountmonitor.smx] Server is now watching for inproper number of players.
L 05/28/2017 - 01:05:31: [umc-emp-mapvote.smx] Map vote will appear in 20 seconds.
L 05/28/2017 - 01:05:51: [umc-emp-mapvote.smx] Starting a map vote.
L 05/28/2017 - 01:05:51: [umc-core.smx] Initiating Vote Type: Map
L 05/28/2017 - 01:05:51: [umc-nominate.smx] Oktay wants to nominate a map.
L 05/28/2017 - 01:06:30: [umc-core.smx] RUNOFF: Starting runoff vote.
L 05/28/2017 - 01:06:30: [umc-core.smx] Initiating Vote Type: Map
L 05/28/2017 - 01:07:00: [umc-core.smx] Setting nextmap to: emp_isle
L 05/28/2017 - 01:07:00: [umc-randomcycle.smx] Disabling random nextmap selection.
L 05/28/2017 - 01:07:00: [umc-core.smx] umc-emp-mapvote.smx: Changing map to 'emp_isle' in 5 seconds.
L 05/28/2017 - 01:07:00: [umc-core.smx] MAPVOTE: Players voted for map 'emp_isle' from group 'Commander Maps'
L 05/28/2017 - 01:07:06: [umc-core.smx] ---------------------MAP CHANGE: emp_isle---------------------
L 05/28/2017 - 01:07:06: [umc-endvote-warnings.smx] Successfully parsed and set up 11 vote warnings.
L 05/28/2017 - 01:07:06: [umc-playercountmonitor.smx] Min Players: 26, Max Players: 64
L 05/28/2017 - 01:07:06: [umc-playercountmonitor.smx] Server will begin watching for inproper number of players in 240 seconds.
L 05/28/2017 - 01:07:06: [umc-rockthevote.smx] RTV will be made available in 60 seconds.
L 05/28/2017 - 01:08:07: [umc-rockthevote.smx] RTV is now available.
L 05/28/2017 - 01:11:06: [umc-playercountmonitor.smx] Server is now watching for inproper number of players.
L 05/28/2017 - 01:28:11: [umc-nominate.smx] Paradox wants to nominate a map.
L 05/28/2017 - 01:28:15: [umc-nominate.smx] Paradox has nominated 'emp_chain' from group 'Commander Maps'
L 05/28/2017 - 01:31:39: [umc-nominate.smx] Mr. X. wants to nominate a map.
L 05/28/2017 - 01:31:44: [umc-nominate.smx] Mr. X. has nominated 'emp_king_r5_nosplt' from group 'Commander Maps'
L 05/28/2017 - 01:38:55: [umc-nominate.smx] Oktay wants to nominate a map.
L 05/28/2017 - 01:40:08: [umc-emp-mapvote.smx] Map vote will appear in 20 seconds.
L 05/28/2017 - 01:40:28: [umc-emp-mapvote.smx] Starting a map vote.
L 05/28/2017 - 01:40:28: [umc-core.smx] Initiating Vote Type: Map
L 05/28/2017 - 01:40:39: [umc-emp-mapvote.smx] WARNING: Map Voting failure. Initiating random map fail-safe.
L 05/28/2017 - 01:40:39: [umc-core.smx] Setting nextmap to: emp_downfall
L 05/28/2017 - 01:40:39: [umc-randomcycle.smx] Disabling random nextmap selection.
L 05/28/2017 - 01:40:39: [umc-core.smx] umc-emp-mapvote.smx: Changing map to 'emp_downfall' in 5 seconds.
L 05/28/2017 - 01:40:40: [umc-core.smx] ---------------------MAP CHANGE: emp_king_r5_nosplt---------------------
L 05/28/2017 - 01:40:40: [umc-endvote-warnings.smx] Successfully parsed and set up 11 vote warnings.
L 05/28/2017 - 01:40:40: [umc-playercountmonitor.smx] Min Players: 40, Max Players: 64
L 05/28/2017 - 01:40:40: [umc-playercountmonitor.smx] Server will begin watching for inproper number of players in 240 seconds.
L 05/28/2017 - 01:40:40: [umc-rockthevote.smx] RTV will be made available in 60 seconds.
L 05/28/2017 - 01:41:41: [umc-rockthevote.smx] RTV is now available.
L 05/28/2017 - 01:44:40: [umc-playercountmonitor.smx] Server is now watching for inproper number of players.
L 05/28/2017 - 02:33:03: [umc-emp-mapvote.smx] Map vote will appear in 20 seconds.
L 05/28/2017 - 02:33:23: [umc-emp-mapvote.smx] Starting a map vote.
L 05/28/2017 - 02:33:23: [umc-core.smx] Initiating Vote Type: Map
L 05/28/2017 - 02:34:01: [umc-core.smx] RUNOFF: Starting runoff vote.
L 05/28/2017 - 02:34:01: [umc-core.smx] Initiating Vote Type: Map
L 05/28/2017 - 02:34:32: [umc-core.smx] Setting nextmap to: emp_canyon
L 05/28/2017 - 02:34:32: [umc-randomcycle.smx] Disabling random nextmap selection.
L 05/28/2017 - 02:34:32: [umc-core.smx] umc-emp-mapvote.smx: Changing map to 'emp_canyon' in 5 seconds.
L 05/28/2017 - 02:34:32: [umc-core.smx] MAPVOTE: Players voted for map 'emp_canyon' from group 'Commander Maps'
L 05/28/2017 - 02:34:38: [umc-core.smx] ---------------------MAP CHANGE: emp_canyon---------------------
L 05/28/2017 - 02:34:38: [umc-endvote-warnings.smx] Successfully parsed and set up 11 vote warnings.
L 05/28/2017 - 02:34:38: [umc-playercountmonitor.smx] Min Players: 14, Max Players: 32
L 05/28/2017 - 02:34:38: [umc-playercountmonitor.smx] Server will begin watching for inproper number of players in 240 seconds.
L 05/28/2017 - 02:34:38: [umc-rockthevote.smx] RTV will be made available in 60 seconds.
L 05/28/2017 - 02:35:39: [umc-rockthevote.smx] RTV is now available.
L 05/28/2017 - 02:38:38: [umc-playercountmonitor.smx] Server is now watching for inproper number of players.
L 05/28/2017 - 02:46:11: [umc-nominate.smx] Sgt.AssDisaster wants to nominate a map.
L 05/28/2017 - 02:46:30: [umc-nominate.smx] Sgt.AssDisaster has nominated 'emp_snowstorm_rc6' from group 'Commander Maps'
L 05/28/2017 - 02:47:27: [umc-nominate.smx] Linko wants to nominate a map.
L 05/28/2017 - 02:47:39: [umc-nominate.smx] Linko has nominated 'emp_drygulch_a6' from group 'Commander Maps'
L 05/28/2017 - 02:48:16: [umc-emp-mapvote.smx] Map vote will appear in 20 seconds.
L 05/28/2017 - 02:48:36: [umc-emp-mapvote.smx] Starting a map vote.
L 05/28/2017 - 02:48:36: [umc-core.smx] Initiating Vote Type: Map
L 05/28/2017 - 02:49:15: [umc-core.smx] RUNOFF: Starting runoff vote.
L 05/28/2017 - 02:49:15: [umc-core.smx] Initiating Vote Type: Map
L 05/28/2017 - 02:49:46: [umc-core.smx] Setting nextmap to: emp_drygulch_a6
L 05/28/2017 - 02:49:46: [umc-randomcycle.smx] Disabling random nextmap selection.
L 05/28/2017 - 02:49:46: [umc-core.smx] umc-emp-mapvote.smx: Changing map to 'emp_drygulch_a6' in 5 seconds.
L 05/28/2017 - 02:49:46: [umc-core.smx] MAPVOTE: Players voted for map 'emp_drygulch_a6' from group 'Commander Maps'
L 05/28/2017 - 02:49:52: [umc-core.smx] ---------------------MAP CHANGE: emp_drygulch_a6---------------------
L 05/28/2017 - 02:49:52: [umc-endvote-warnings.smx] Successfully parsed and set up 11 vote warnings.
L 05/28/2017 - 02:49:52: [umc-playercountmonitor.smx] Min Players: 0, Max Players: 22
L 05/28/2017 - 02:49:52: [umc-playercountmonitor.smx] Server will begin watching for inproper number of players in 240 seconds.
L 05/28/2017 - 02:49:52: [umc-rockthevote.smx] RTV will be made available in 60 seconds.
L 05/28/2017 - 02:50:53: [umc-rockthevote.smx] RTV is now available.
L 05/28/2017 - 02:53:52: [umc-playercountmonitor.smx] Server is now watching for inproper number of players.
L 05/28/2017 - 03:12:03: [umc-core.smx] ---------------------MAP CHANGE: con_district402---------------------
L 05/28/2017 - 03:12:03: [umc-endvote-warnings.smx] Successfully parsed and set up 11 vote warnings.
L 05/28/2017 - 03:12:03: [umc-playercountmonitor.smx] Min Players: 0, Max Players: 20
L 05/28/2017 - 03:12:03: [umc-playercountmonitor.smx] Server will begin watching for inproper number of players in 240 seconds.
L 05/28/2017 - 03:12:03: [umc-rockthevote.smx] RTV will be made available in 60 seconds.
L 05/28/2017 - 03:13:04: [umc-rockthevote.smx] RTV is now available.
L 05/28/2017 - 03:16:03: [umc-playercountmonitor.smx] Server is now watching for inproper number of players.
L 05/28/2017 - 03:18:53: [umc-emp-mapvote.smx] Map vote will appear in 20 seconds.
L 05/28/2017 - 03:19:13: [umc-emp-mapvote.smx] Starting a map vote.
L 05/28/2017 - 03:19:13: [umc-core.smx] Initiating Vote Type: Map
L 05/28/2017 - 03:19:43: [umc-core.smx] Setting nextmap to: emp_crossroads
L 05/28/2017 - 03:19:43: [umc-randomcycle.smx] Disabling random nextmap selection.
L 05/28/2017 - 03:19:43: [umc-core.smx] umc-emp-mapvote.smx: Changing map to 'emp_crossroads' in 5 seconds.
L 05/28/2017 - 03:19:43: [umc-core.smx] MAPVOTE: Players voted for map 'emp_crossroads' from group 'Commander Maps'
L 05/28/2017 - 03:19:50: [umc-core.smx] ---------------------MAP CHANGE: emp_crossroads---------------------
L 05/28/2017 - 03:19:50: [umc-endvote-warnings.smx] Successfully parsed and set up 11 vote warnings.
L 05/28/2017 - 03:19:50: [umc-playercountmonitor.smx] Min Players: 0, Max Players: 22
L 05/28/2017 - 03:19:50: [umc-playercountmonitor.smx] Server will begin watching for inproper number of players in 240 seconds.
L 05/28/2017 - 03:19:50: [umc-rockthevote.smx] RTV will be made available in 60 seconds.
L 05/28/2017 - 03:20:51: [umc-rockthevote.smx] RTV is now available.
L 05/28/2017 - 03:23:50: [umc-playercountmonitor.smx] Server is now watching for inproper number of players.
L 05/28/2017 - 07:29:00: [umc-emp-mapvote.smx] Map vote will appear in 20 seconds.
L 05/28/2017 - 07:29:20: [umc-emp-mapvote.smx] Starting a map vote.
L 05/28/2017 - 07:29:21: [umc-core.smx] Initiating Vote Type: Map
L 05/28/2017 - 07:29:51: [umc-emp-mapvote.smx] WARNING: Map Voting failure. Initiating random map fail-safe.
L 05/28/2017 - 07:29:51: [umc-core.smx] Setting nextmap to: con_urbanchaos_fix
L 05/28/2017 - 07:29:51: [umc-randomcycle.smx] Disabling random nextmap selection.
L 05/28/2017 - 07:29:51: [umc-core.smx] umc-emp-mapvote.smx: Changing map to 'con_urbanchaos_fix' in 5 seconds.
L 05/28/2017 - 07:29:57: [umc-core.smx] ---------------------MAP CHANGE: con_urbanchaos_fix---------------------
L 05/28/2017 - 07:29:57: [umc-endvote-warnings.smx] Successfully parsed and set up 11 vote warnings.
L 05/28/2017 - 07:29:57: [umc-playercountmonitor.smx] Min Players: 0, Max Players: 20
L 05/28/2017 - 07:29:57: [umc-playercountmonitor.smx] Server will begin watching for inproper number of players in 240 seconds.
L 05/28/2017 - 07:29:57: [umc-rockthevote.smx] RTV will be made available in 60 seconds.
L 05/28/2017 - 07:30:58: [umc-rockthevote.smx] RTV is now available.
L 05/28/2017 - 07:33:57: [umc-playercountmonitor.smx] Server is now watching for inproper number of players.
L 05/28/2017 - 21:14:32: [umc-core.smx] ---------------------MAP CHANGE: con_urbanchaos---------------------
L 05/28/2017 - 21:14:32: [umc-endvote-warnings.smx] Successfully parsed and set up 11 vote warnings.
L 05/28/2017 - 21:14:32: [umc-playercountmonitor.smx] Current Map Group could not be determined. (Non-UMC mapchange or plugin just loaded.)
L 05/28/2017 - 21:14:32: [umc-playercountmonitor.smx] Min Players: 0, Max Players: 65
L 05/28/2017 - 21:14:32: [umc-rockthevote.smx] RTV will be made available in 60 seconds.
L 05/28/2017 - 21:15:33: [umc-rockthevote.smx] RTV is now available.
L 05/28/2017 - 22:17:55: [umc-emp-mapvote.smx] Map vote will appear in 20 seconds.
L 05/28/2017 - 22:18:15: [umc-emp-mapvote.smx] Starting a map vote.
L 05/28/2017 - 22:18:15: [umc-core.smx] Initiating Vote Type: Map
L 05/28/2017 - 22:18:15: [umc-core.smx] Could not start core vote, no players to display vote to!
L 05/28/2017 - 22:18:15: [umc-emp-mapvote.smx] Could not start UMC vote.
L 05/28/2017 - 22:18:15: [umc-emp-mapvote.smx] WARNING: Map Voting failure. Initiating random map fail-safe.
L 05/28/2017 - 22:18:15: [umc-core.smx] Setting nextmap to: emp_shadows_attacks_fix
L 05/28/2017 - 22:18:15: [umc-randomcycle.smx] Disabling random nextmap selection.
L 05/28/2017 - 22:18:15: [umc-core.smx] umc-emp-mapvote.smx: Changing map to 'emp_shadows_attacks_fix' in 5 seconds.
L 05/28/2017 - 22:18:22: [umc-core.smx] ---------------------MAP CHANGE: emp_shadows_attacks_fix---------------------
L 05/28/2017 - 22:18:22: [umc-endvote-warnings.smx] Successfully parsed and set up 11 vote warnings.
L 05/28/2017 - 22:18:22: [umc-playercountmonitor.smx] Min Players: 0, Max Players: 20
L 05/28/2017 - 22:18:22: [umc-playercountmonitor.smx] Server will begin watching for inproper number of players in 240 seconds.
L 05/28/2017 - 22:18:22: [umc-rockthevote.smx] RTV will be made available in 60 seconds.
L 05/28/2017 - 22:19:23: [umc-rockthevote.smx] RTV is now available.
L 05/28/2017 - 22:22:22: [umc-playercountmonitor.smx] Server is now watching for inproper number of players.
L 05/28/2017 - 23:42:34: [umc-emp-mapvote.smx] Map vote will appear in 20 seconds.
L 05/28/2017 - 23:42:54: [umc-emp-mapvote.smx] Starting a map vote.
L 05/28/2017 - 23:42:54: [umc-core.smx] Initiating Vote Type: Map
L 05/28/2017 - 23:42:54: [umc-core.smx] Could not start core vote, no players to display vote to!
L 05/28/2017 - 23:42:54: [umc-emp-mapvote.smx] Could not start UMC vote.
L 05/28/2017 - 23:42:54: [umc-emp-mapvote.smx] WARNING: Map Voting failure. Initiating random map fail-safe.
L 05/28/2017 - 23:42:54: [umc-core.smx] Setting nextmap to: emp_downfall
L 05/28/2017 - 23:42:54: [umc-randomcycle.smx] Disabling random nextmap selection.
L 05/28/2017 - 23:42:54: [umc-core.smx] umc-emp-mapvote.smx: Changing map to 'emp_downfall' in 5 seconds.
L 05/28/2017 - 23:42:59: [umc-core.smx] ---------------------MAP CHANGE: emp_downfall---------------------
L 05/28/2017 - 23:42:59: [umc-endvote-warnings.smx] Successfully parsed and set up 11 vote warnings.
L 05/28/2017 - 23:42:59: [umc-playercountmonitor.smx] Min Players: 0, Max Players: 22
L 05/28/2017 - 23:42:59: [umc-playercountmonitor.smx] Server will begin watching for inproper number of players in 240 seconds.
L 05/28/2017 - 23:42:59: [umc-rockthevote.smx] RTV will be made available in 60 seconds.
L 05/28/2017 - 23:44:00: [umc-rockthevote.smx] RTV is now available.
L 05/28/2017 - 23:46:59: [umc-playercountmonitor.smx] Server is now watching for inproper number of players.
