L 06/08/2017 - 00:00:55: [umc-rockthevote.smx] RTV is now available.
L 06/08/2017 - 00:03:54: [umc-playercountmonitor.smx] Server is now watching for inproper number of players.
L 06/08/2017 - 00:09:49: [umc-emp-mapvote.smx] Map vote will appear in 30 seconds.
L 06/08/2017 - 00:10:19: [umc-emp-mapvote.smx] Starting a map vote.
L 06/08/2017 - 00:10:19: [umc-core.smx] Initiating Vote Type: Map
L 06/08/2017 - 00:10:58: [umc-core.smx] RUNOFF: Starting runoff vote.
L 06/08/2017 - 00:10:58: [umc-core.smx] Initiating Vote Type: Map
L 06/08/2017 - 00:11:28: [umc-core.smx] Setting nextmap to: emp_fogtown_cl2_fix
L 06/08/2017 - 00:11:28: [umc-randomcycle.smx] Disabling random nextmap selection.
L 06/08/2017 - 00:11:28: [umc-core.smx] umc-emp-mapvote.smx: Changing map to 'emp_fogtown_cl2_fix' in 5 seconds.
L 06/08/2017 - 00:11:28: [umc-core.smx] MAPVOTE: Players voted for map 'emp_fogtown_cl2_fix' from group 'Infantry Maps'
L 06/08/2017 - 00:11:34: [umc-core.smx] ---------------------MAP CHANGE: emp_fogtown_cl2_fix---------------------
L 06/08/2017 - 00:11:35: [umc-endvote-warnings.smx] Successfully parsed and set up 11 vote warnings.
L 06/08/2017 - 00:11:35: [umc-playercountmonitor.smx] Min Players: 0, Max Players: 20
L 06/08/2017 - 00:11:35: [umc-playercountmonitor.smx] Server will begin watching for inproper number of players in 240 seconds.
L 06/08/2017 - 00:11:35: [umc-rockthevote.smx] RTV will be made available in 60 seconds.
L 06/08/2017 - 00:12:36: [umc-rockthevote.smx] RTV is now available.
L 06/08/2017 - 00:15:35: [umc-playercountmonitor.smx] Server is now watching for inproper number of players.
L 06/08/2017 - 00:45:32: [umc-nominate.smx] jules0101 wants to nominate a map.
L 06/08/2017 - 00:45:42: [umc-nominate.smx] jules0101 has nominated 'emp_drygulch_a6' from group 'Commander Maps'
L 06/08/2017 - 00:46:02: [umc-emp-mapvote.smx] Map vote will appear in 30 seconds.
L 06/08/2017 - 00:46:32: [umc-emp-mapvote.smx] Starting a map vote.
L 06/08/2017 - 00:46:32: [umc-core.smx] Initiating Vote Type: Map
L 06/08/2017 - 00:47:03: [umc-core.smx] Setting nextmap to: emp_drygulch_a6
L 06/08/2017 - 00:47:03: [umc-randomcycle.smx] Disabling random nextmap selection.
L 06/08/2017 - 00:47:03: [umc-core.smx] umc-emp-mapvote.smx: Changing map to 'emp_drygulch_a6' in 5 seconds.
L 06/08/2017 - 00:47:03: [umc-core.smx] MAPVOTE: Players voted for map 'emp_drygulch_a6' from group 'Commander Maps'
L 06/08/2017 - 00:47:09: [umc-core.smx] ---------------------MAP CHANGE: emp_drygulch_a6---------------------
L 06/08/2017 - 00:47:09: [umc-endvote-warnings.smx] Successfully parsed and set up 11 vote warnings.
L 06/08/2017 - 00:47:09: [umc-playercountmonitor.smx] Min Players: 0, Max Players: 22
L 06/08/2017 - 00:47:09: [umc-playercountmonitor.smx] Server will begin watching for inproper number of players in 240 seconds.
L 06/08/2017 - 00:47:09: [umc-rockthevote.smx] RTV will be made available in 60 seconds.
L 06/08/2017 - 00:48:10: [umc-rockthevote.smx] RTV is now available.
L 06/08/2017 - 00:48:12: [umc-nominate.smx] JustGoFly wants to nominate a map.
L 06/08/2017 - 00:48:27: [umc-nominate.smx] JustGoFly has nominated 'emp_crossroads' from group 'Commander Maps'
L 06/08/2017 - 00:51:09: [umc-playercountmonitor.smx] Server is now watching for inproper number of players.
L 06/08/2017 - 00:53:02: [umc-rockthevote.smx] Starting RTV.
L 06/08/2017 - 00:53:02: [umc-core.smx] Initiating Vote Type: Map
L 06/08/2017 - 00:54:02: [umc-core.smx] Setting nextmap to: emp_crossroads
L 06/08/2017 - 00:54:02: [umc-randomcycle.smx] Disabling random nextmap selection.
L 06/08/2017 - 00:54:02: [umc-core.smx] umc-rockthevote.smx: Changing map to 'emp_crossroads' in 5 seconds.
L 06/08/2017 - 00:54:02: [umc-core.smx] MAPVOTE: Players voted for map 'emp_crossroads' from group 'Commander Maps'
L 06/08/2017 - 00:54:08: [umc-core.smx] ---------------------MAP CHANGE: emp_crossroads---------------------
L 06/08/2017 - 00:54:08: [umc-endvote-warnings.smx] Successfully parsed and set up 11 vote warnings.
L 06/08/2017 - 00:54:08: [umc-playercountmonitor.smx] Min Players: 0, Max Players: 22
L 06/08/2017 - 00:54:08: [umc-playercountmonitor.smx] Server will begin watching for inproper number of players in 240 seconds.
L 06/08/2017 - 00:54:08: [umc-rockthevote.smx] RTV will be made available in 60 seconds.
L 06/08/2017 - 00:55:09: [umc-rockthevote.smx] RTV is now available.
L 06/08/2017 - 00:58:08: [umc-playercountmonitor.smx] Server is now watching for inproper number of players.
L 06/08/2017 - 01:27:49: [umc-emp-mapvote.smx] Map vote will appear in 30 seconds.
L 06/08/2017 - 01:28:19: [umc-emp-mapvote.smx] Starting a map vote.
L 06/08/2017 - 01:28:19: [umc-core.smx] Initiating Vote Type: Map
L 06/08/2017 - 01:28:50: [umc-core.smx] Setting nextmap to: emp_downfall
L 06/08/2017 - 01:28:50: [umc-randomcycle.smx] Disabling random nextmap selection.
L 06/08/2017 - 01:28:50: [umc-core.smx] umc-emp-mapvote.smx: Changing map to 'emp_downfall' in 5 seconds.
L 06/08/2017 - 01:28:50: [umc-core.smx] MAPVOTE: Players voted for map 'emp_downfall' from group 'Commander Maps'
L 06/08/2017 - 01:28:56: [umc-core.smx] ---------------------MAP CHANGE: emp_downfall---------------------
L 06/08/2017 - 01:28:56: [umc-endvote-warnings.smx] Successfully parsed and set up 11 vote warnings.
L 06/08/2017 - 01:28:56: [umc-playercountmonitor.smx] Min Players: 0, Max Players: 22
L 06/08/2017 - 01:28:56: [umc-playercountmonitor.smx] Server will begin watching for inproper number of players in 240 seconds.
L 06/08/2017 - 01:28:56: [umc-rockthevote.smx] RTV will be made available in 60 seconds.
L 06/08/2017 - 01:29:57: [umc-rockthevote.smx] RTV is now available.
L 06/08/2017 - 01:32:56: [umc-playercountmonitor.smx] Server is now watching for inproper number of players.
L 06/08/2017 - 05:11:04: [umc-nominate.smx] Candles wants to nominate a map.
L 06/08/2017 - 05:11:12: [umc-nominate.smx] Candles wants to nominate a map.
L 06/08/2017 - 05:11:17: [umc-rockthevote.smx] Starting RTV.
L 06/08/2017 - 05:11:17: [umc-core.smx] Initiating Vote Type: Map
L 06/08/2017 - 05:11:41: [umc-core.smx] Setting nextmap to: con_urbanchaos_fix
L 06/08/2017 - 05:11:41: [umc-randomcycle.smx] Disabling random nextmap selection.
L 06/08/2017 - 05:11:41: [umc-core.smx] umc-rockthevote.smx: Changing map to 'con_urbanchaos_fix' in 5 seconds.
L 06/08/2017 - 05:11:41: [umc-core.smx] MAPVOTE: Players voted for map 'con_urbanchaos_fix' from group 'Infantry Maps'
L 06/08/2017 - 05:11:47: [umc-core.smx] ---------------------MAP CHANGE: con_urbanchaos_fix---------------------
L 06/08/2017 - 05:11:47: [umc-endvote-warnings.smx] Successfully parsed and set up 11 vote warnings.
L 06/08/2017 - 05:11:47: [umc-playercountmonitor.smx] Min Players: 0, Max Players: 20
L 06/08/2017 - 05:11:47: [umc-playercountmonitor.smx] Server will begin watching for inproper number of players in 240 seconds.
L 06/08/2017 - 05:11:47: [umc-rockthevote.smx] RTV will be made available in 60 seconds.
L 06/08/2017 - 05:12:48: [umc-rockthevote.smx] RTV is now available.
L 06/08/2017 - 05:14:35: [umc-nominate.smx] Candles wants to nominate a map.
L 06/08/2017 - 05:14:39: [umc-nominate.smx] Candles has nominated 'emp_beachfront_b2' from group 'Commander Maps'
L 06/08/2017 - 05:14:41: [umc-rockthevote.smx] Starting RTV.
L 06/08/2017 - 05:14:41: [umc-core.smx] Initiating Vote Type: Map
L 06/08/2017 - 05:14:44: [umc-core.smx] Setting nextmap to: emp_beachfront_b2
L 06/08/2017 - 05:14:44: [umc-randomcycle.smx] Disabling random nextmap selection.
L 06/08/2017 - 05:14:44: [umc-core.smx] umc-rockthevote.smx: Changing map to 'emp_beachfront_b2' in 5 seconds.
L 06/08/2017 - 05:14:44: [umc-core.smx] MAPVOTE: Players voted for map 'emp_beachfront_b2' from group 'Commander Maps'
L 06/08/2017 - 05:14:49: [umc-core.smx] ---------------------MAP CHANGE: emp_beachfront_b2---------------------
L 06/08/2017 - 05:14:49: [umc-endvote-warnings.smx] Successfully parsed and set up 11 vote warnings.
L 06/08/2017 - 05:14:49: [umc-playercountmonitor.smx] Min Players: 0, Max Players: 22
L 06/08/2017 - 05:14:49: [umc-playercountmonitor.smx] Server will begin watching for inproper number of players in 240 seconds.
L 06/08/2017 - 05:14:49: [umc-rockthevote.smx] RTV will be made available in 60 seconds.
L 06/08/2017 - 05:15:50: [umc-rockthevote.smx] RTV is now available.
L 06/08/2017 - 05:18:49: [umc-playercountmonitor.smx] Server is now watching for inproper number of players.
L 06/08/2017 - 17:25:31: [umc-core.smx] Setting nextmap to: emp_canyon
L 06/08/2017 - 17:25:31: [umc-randomcycle.smx] Disabling random nextmap selection.
L 06/08/2017 - 17:25:31: [umc-core.smx] umc-adminmenu.smx: Changing map to 'emp_canyon' in 5 seconds.
L 06/08/2017 - 17:25:31: [umc-adminmenu.smx] Oktay<120><[U:1:116496292]><> set the next map to emp_canyon from group Commander Maps.
L 06/08/2017 - 17:25:36: [umc-core.smx] ---------------------MAP CHANGE: emp_canyon---------------------
L 06/08/2017 - 17:25:37: [umc-endvote-warnings.smx] Successfully parsed and set up 11 vote warnings.
L 06/08/2017 - 17:25:37: [umc-playercountmonitor.smx] Min Players: 14, Max Players: 32
L 06/08/2017 - 17:25:37: [umc-playercountmonitor.smx] Server will begin watching for inproper number of players in 240 seconds.
L 06/08/2017 - 17:25:37: [umc-rockthevote.smx] RTV will be made available in 60 seconds.
L 06/08/2017 - 17:26:38: [umc-rockthevote.smx] RTV is now available.
L 06/08/2017 - 17:29:37: [umc-playercountmonitor.smx] Server is now watching for inproper number of players.
L 06/08/2017 - 19:46:18: [umc-nominate.smx] Oktay wants to nominate a map.
L 06/08/2017 - 19:46:55: [umc-nominate.smx] Oktay wants to nominate a map.
L 06/08/2017 - 20:26:24: [umc-nominate.smx] Oktay wants to nominate a map.
L 06/08/2017 - 20:26:29: [umc-nominate.smx] Oktay has nominated 'emp_temple_b3a' from group 'Commander Maps'
L 06/08/2017 - 20:43:36: [umc-rockthevote.smx] Starting RTV.
L 06/08/2017 - 20:43:36: [umc-core.smx] Initiating Vote Type: Map
L 06/08/2017 - 20:44:37: [umc-core.smx] Setting nextmap to: emp_blast_ob1
L 06/08/2017 - 20:44:37: [umc-randomcycle.smx] Disabling random nextmap selection.
L 06/08/2017 - 20:44:37: [umc-core.smx] umc-rockthevote.smx: Changing map to 'emp_blast_ob1' in 5 seconds.
L 06/08/2017 - 20:44:37: [umc-core.smx] MAPVOTE: Players voted for map 'emp_blast_ob1' from group 'Infantry Maps'
L 06/08/2017 - 20:44:43: [umc-core.smx] ---------------------MAP CHANGE: emp_blast_ob1---------------------
L 06/08/2017 - 20:44:43: [umc-endvote-warnings.smx] Successfully parsed and set up 11 vote warnings.
L 06/08/2017 - 20:44:43: [umc-playercountmonitor.smx] Min Players: 0, Max Players: 20
L 06/08/2017 - 20:44:43: [umc-playercountmonitor.smx] Server will begin watching for inproper number of players in 240 seconds.
L 06/08/2017 - 20:44:43: [umc-rockthevote.smx] RTV will be made available in 60 seconds.
L 06/08/2017 - 20:45:44: [umc-rockthevote.smx] RTV is now available.
L 06/08/2017 - 20:48:43: [umc-playercountmonitor.smx] Server is now watching for inproper number of players.
L 06/08/2017 - 20:59:26: [umc-emp-mapvote.smx] Map vote will appear in 30 seconds.
L 06/08/2017 - 20:59:56: [umc-emp-mapvote.smx] Starting a map vote.
L 06/08/2017 - 20:59:56: [umc-core.smx] Initiating Vote Type: Map
L 06/08/2017 - 21:00:26: [umc-core.smx] Setting nextmap to: emp_crossroads
L 06/08/2017 - 21:00:26: [umc-randomcycle.smx] Disabling random nextmap selection.
L 06/08/2017 - 21:00:26: [umc-core.smx] umc-emp-mapvote.smx: Changing map to 'emp_crossroads' in 5 seconds.
L 06/08/2017 - 21:00:26: [umc-core.smx] MAPVOTE: Players voted for map 'emp_crossroads' from group 'Commander Maps'
L 06/08/2017 - 21:00:33: [umc-core.smx] ---------------------MAP CHANGE: emp_crossroads---------------------
L 06/08/2017 - 21:00:33: [umc-endvote-warnings.smx] Successfully parsed and set up 11 vote warnings.
L 06/08/2017 - 21:00:33: [umc-playercountmonitor.smx] Min Players: 0, Max Players: 22
L 06/08/2017 - 21:00:33: [umc-playercountmonitor.smx] Server will begin watching for inproper number of players in 240 seconds.
L 06/08/2017 - 21:00:33: [umc-rockthevote.smx] RTV will be made available in 60 seconds.
L 06/08/2017 - 21:01:11: [umc-nominate.smx] Oktay wants to nominate a map.
L 06/08/2017 - 21:01:18: [umc-nominate.smx] Oktay has nominated 'emp_downfall' from group 'Commander Maps'
L 06/08/2017 - 21:01:34: [umc-rockthevote.smx] RTV is now available.
L 06/08/2017 - 21:04:33: [umc-playercountmonitor.smx] Server is now watching for inproper number of players.
L 06/08/2017 - 21:11:45: [umc-emp-mapvote.smx] Map vote will appear in 30 seconds.
L 06/08/2017 - 21:12:16: [umc-emp-mapvote.smx] Starting a map vote.
L 06/08/2017 - 21:12:16: [umc-core.smx] Initiating Vote Type: Map
L 06/08/2017 - 21:12:46: [umc-core.smx] Setting nextmap to: con_glycencity
L 06/08/2017 - 21:12:46: [umc-randomcycle.smx] Disabling random nextmap selection.
L 06/08/2017 - 21:12:46: [umc-core.smx] umc-emp-mapvote.smx: Changing map to 'con_glycencity' in 5 seconds.
L 06/08/2017 - 21:12:46: [umc-core.smx] MAPVOTE: Players voted for map 'con_glycencity' from group 'Infantry Maps'
L 06/08/2017 - 21:12:54: [umc-core.smx] ---------------------MAP CHANGE: con_glycencity---------------------
L 06/08/2017 - 21:12:54: [umc-endvote-warnings.smx] Successfully parsed and set up 11 vote warnings.
L 06/08/2017 - 21:12:54: [umc-playercountmonitor.smx] Min Players: 0, Max Players: 20
L 06/08/2017 - 21:12:54: [umc-playercountmonitor.smx] Server will begin watching for inproper number of players in 240 seconds.
L 06/08/2017 - 21:12:54: [umc-rockthevote.smx] RTV will be made available in 60 seconds.
L 06/08/2017 - 21:13:25: [umc-nominate.smx] Oktay wants to nominate a map.
L 06/08/2017 - 21:13:35: [umc-nominate.smx] Oktay has nominated 'emp_drygulch_a6' from group 'Commander Maps'
L 06/08/2017 - 21:13:55: [umc-rockthevote.smx] RTV is now available.
L 06/08/2017 - 21:16:54: [umc-playercountmonitor.smx] Server is now watching for inproper number of players.
L 06/08/2017 - 21:24:12: [umc-emp-mapvote.smx] Map vote will appear in 30 seconds.
L 06/08/2017 - 21:24:42: [umc-emp-mapvote.smx] Starting a map vote.
L 06/08/2017 - 21:24:42: [umc-core.smx] Initiating Vote Type: Map
L 06/08/2017 - 21:25:21: [umc-core.smx] RUNOFF: Starting runoff vote.
L 06/08/2017 - 21:25:21: [umc-core.smx] Initiating Vote Type: Map
L 06/08/2017 - 21:25:51: [umc-core.smx] Setting nextmap to: emp_drygulch_a6
L 06/08/2017 - 21:25:51: [umc-randomcycle.smx] Disabling random nextmap selection.
L 06/08/2017 - 21:25:51: [umc-core.smx] umc-emp-mapvote.smx: Changing map to 'emp_drygulch_a6' in 5 seconds.
L 06/08/2017 - 21:25:51: [umc-core.smx] MAPVOTE: Players voted for map 'emp_drygulch_a6' from group 'Commander Maps'
L 06/08/2017 - 21:25:57: [umc-core.smx] ---------------------MAP CHANGE: emp_drygulch_a6---------------------
L 06/08/2017 - 21:25:57: [umc-endvote-warnings.smx] Successfully parsed and set up 11 vote warnings.
L 06/08/2017 - 21:25:57: [umc-playercountmonitor.smx] Min Players: 0, Max Players: 22
L 06/08/2017 - 21:25:57: [umc-playercountmonitor.smx] Server will begin watching for inproper number of players in 240 seconds.
L 06/08/2017 - 21:25:57: [umc-rockthevote.smx] RTV will be made available in 60 seconds.
L 06/08/2017 - 21:26:58: [umc-rockthevote.smx] RTV is now available.
L 06/08/2017 - 21:29:57: [umc-playercountmonitor.smx] Server is now watching for inproper number of players.
L 06/08/2017 - 22:34:33: [umc-emp-mapvote.smx] Map vote will appear in 30 seconds.
L 06/08/2017 - 22:35:03: [umc-emp-mapvote.smx] Starting a map vote.
L 06/08/2017 - 22:35:03: [umc-core.smx] Initiating Vote Type: Map
L 06/08/2017 - 22:35:33: [umc-emp-mapvote.smx] WARNING: Map Voting failure. Initiating random map fail-safe.
L 06/08/2017 - 22:35:33: [umc-core.smx] Setting nextmap to: emp_beachfront_b2
L 06/08/2017 - 22:35:33: [umc-randomcycle.smx] Disabling random nextmap selection.
L 06/08/2017 - 22:35:33: [umc-core.smx] umc-emp-mapvote.smx: Changing map to 'emp_beachfront_b2' in 5 seconds.
L 06/08/2017 - 22:35:39: [umc-core.smx] ---------------------MAP CHANGE: emp_beachfront_b2---------------------
L 06/08/2017 - 22:35:39: [umc-endvote-warnings.smx] Successfully parsed and set up 11 vote warnings.
L 06/08/2017 - 22:35:39: [umc-playercountmonitor.smx] Min Players: 0, Max Players: 22
L 06/08/2017 - 22:35:39: [umc-playercountmonitor.smx] Server will begin watching for inproper number of players in 240 seconds.
L 06/08/2017 - 22:35:39: [umc-rockthevote.smx] RTV will be made available in 60 seconds.
L 06/08/2017 - 22:36:40: [umc-rockthevote.smx] RTV is now available.
L 06/08/2017 - 22:39:39: [umc-playercountmonitor.smx] Server is now watching for inproper number of players.
