L 05/12/2017 - 00:00:10: [umc-playercountmonitor.smx] Server is now watching for inproper number of players.
L 05/12/2017 - 00:06:33: [umc-emp-mapvote.smx] Map vote will appear in 1 seconds.
L 05/12/2017 - 00:06:34: [umc-emp-mapvote.smx] Starting a map vote.
L 05/12/2017 - 00:06:34: [umc-core.smx] Initiating Vote Type: Map
L 05/12/2017 - 00:07:04: [umc-core.smx] Setting nextmap to: emp_drygulch_a6
L 05/12/2017 - 00:07:04: [umc-randomcycle.smx] Disabling random nextmap selection.
L 05/12/2017 - 00:07:04: [umc-core.smx] umc-emp-mapvote.smx: Changing map to 'emp_drygulch_a6' in 5 seconds.
L 05/12/2017 - 00:07:04: [umc-core.smx] MAPVOTE: Players voted for map 'emp_drygulch_a6' from group 'Commander Maps'
L 05/12/2017 - 00:07:10: [umc-core.smx] ---------------------MAP CHANGE: emp_drygulch_a6---------------------
L 05/12/2017 - 00:07:10: [umc-endvote-warnings.smx] Successfully parsed and set up 11 vote warnings.
L 05/12/2017 - 00:07:10: [umc-playercountmonitor.smx] Min Players: 0, Max Players: 22
L 05/12/2017 - 00:07:10: [umc-playercountmonitor.smx] Server will begin watching for inproper number of players in 240 seconds.
L 05/12/2017 - 00:07:10: [umc-rockthevote.smx] RTV is now available.
L 05/12/2017 - 00:11:10: [umc-playercountmonitor.smx] Server is now watching for inproper number of players.
L 05/12/2017 - 01:02:02: [umc-emp-mapvote.smx] Map vote will appear in 1 seconds.
L 05/12/2017 - 01:02:03: [umc-emp-mapvote.smx] Starting a map vote.
L 05/12/2017 - 01:02:03: [umc-core.smx] Initiating Vote Type: Map
L 05/12/2017 - 01:02:34: [umc-core.smx] Setting nextmap to: emp_blast_ob1
L 05/12/2017 - 01:02:34: [umc-randomcycle.smx] Disabling random nextmap selection.
L 05/12/2017 - 01:02:34: [umc-core.smx] umc-emp-mapvote.smx: Changing map to 'emp_blast_ob1' in 5 seconds.
L 05/12/2017 - 01:02:34: [umc-core.smx] MAPVOTE: Players voted for map 'emp_blast_ob1' from group 'Infantry Maps'
L 05/12/2017 - 01:02:39: [umc-core.smx] ---------------------MAP CHANGE: emp_blast_ob1---------------------
L 05/12/2017 - 01:02:39: [umc-endvote-warnings.smx] Successfully parsed and set up 11 vote warnings.
L 05/12/2017 - 01:02:39: [umc-playercountmonitor.smx] Min Players: 0, Max Players: 20
L 05/12/2017 - 01:02:39: [umc-playercountmonitor.smx] Server will begin watching for inproper number of players in 240 seconds.
L 05/12/2017 - 01:02:39: [umc-rockthevote.smx] RTV is now available.
L 05/12/2017 - 01:06:39: [umc-playercountmonitor.smx] Server is now watching for inproper number of players.
L 05/12/2017 - 04:26:24: [umc-emp-mapvote.smx] Map vote will appear in 1 seconds.
L 05/12/2017 - 04:26:25: [umc-emp-mapvote.smx] Starting a map vote.
L 05/12/2017 - 04:26:25: [umc-core.smx] Initiating Vote Type: Map
L 05/12/2017 - 04:26:25: [umc-core.smx] Could not start core vote, no players to display vote to!
L 05/12/2017 - 04:26:25: [umc-emp-mapvote.smx] Could not start UMC vote.
L 05/12/2017 - 04:26:25: [umc-emp-mapvote.smx] WARNING: Map Voting failure. Initiating random map fail-safe.
L 05/12/2017 - 04:26:25: [umc-core.smx] Setting nextmap to: emp_crossroads
L 05/12/2017 - 04:26:25: [umc-randomcycle.smx] Disabling random nextmap selection.
L 05/12/2017 - 04:26:25: [umc-core.smx] umc-emp-mapvote.smx: Changing map to 'emp_crossroads' in 5 seconds.
L 05/12/2017 - 04:26:31: [umc-core.smx] ---------------------MAP CHANGE: emp_crossroads---------------------
L 05/12/2017 - 04:26:31: [umc-endvote-warnings.smx] Successfully parsed and set up 11 vote warnings.
L 05/12/2017 - 04:26:31: [umc-playercountmonitor.smx] Min Players: 0, Max Players: 22
L 05/12/2017 - 04:26:31: [umc-playercountmonitor.smx] Server will begin watching for inproper number of players in 240 seconds.
L 05/12/2017 - 04:26:31: [umc-rockthevote.smx] RTV is now available.
L 05/12/2017 - 04:30:31: [umc-playercountmonitor.smx] Server is now watching for inproper number of players.
L 05/12/2017 - 07:30:18: [umc-nominate.smx] estratoscopia wants to nominate a map.
L 05/12/2017 - 07:30:22: [umc-nominate.smx] estratoscopia has nominated 'con_district402' from group 'Infantry Maps'
L 05/12/2017 - 07:30:25: [umc-rockthevote.smx] Starting RTV.
L 05/12/2017 - 07:30:25: [umc-core.smx] Initiating Vote Type: Map
L 05/12/2017 - 07:30:25: [umc-rockthevote.smx] Could not start UMC vote.
L 05/12/2017 - 17:49:19: [umc-emp-mapvote.smx] Map vote will appear in 1 seconds.
L 05/12/2017 - 17:49:20: [umc-emp-mapvote.smx] Starting a map vote.
L 05/12/2017 - 17:49:20: [umc-core.smx] Initiating Vote Type: Map
L 05/12/2017 - 17:49:20: [umc-emp-mapvote.smx] Could not start UMC vote.
L 05/12/2017 - 17:49:20: [umc-emp-mapvote.smx] WARNING: Map Voting failure. Initiating random map fail-safe.
L 05/12/2017 - 17:49:20: [umc-core.smx] Setting nextmap to: emp_vehicletraining_2013
L 05/12/2017 - 17:49:20: [umc-randomcycle.smx] Disabling random nextmap selection.
L 05/12/2017 - 17:49:20: [umc-core.smx] umc-emp-mapvote.smx: Changing map to 'emp_vehicletraining_2013' in 5 seconds.
L 05/12/2017 - 17:49:26: [umc-core.smx] ---------------------MAP CHANGE: emp_vehicletraining_2013---------------------
L 05/12/2017 - 17:49:26: [umc-endvote-warnings.smx] Successfully parsed and set up 11 vote warnings.
L 05/12/2017 - 17:49:26: [umc-playercountmonitor.smx] Min Players: 0, Max Players: 20
L 05/12/2017 - 17:49:26: [umc-playercountmonitor.smx] Server will begin watching for inproper number of players in 240 seconds.
L 05/12/2017 - 17:49:26: [umc-rockthevote.smx] RTV is now available.
L 05/12/2017 - 17:53:26: [umc-playercountmonitor.smx] Server is now watching for inproper number of players.
L 05/12/2017 - 18:20:49: [umc-nominate.smx] Women's Justice Judge has nominated 'emp_mvalley' from group 'Commander Maps'
L 05/12/2017 - 18:21:10: [umc-emp-mapvote.smx] Map vote will appear in 1 seconds.
L 05/12/2017 - 18:21:11: [umc-emp-mapvote.smx] Starting a map vote.
L 05/12/2017 - 18:21:11: [umc-core.smx] Initiating Vote Type: Map
L 05/12/2017 - 18:21:42: [umc-emp-mapvote.smx] WARNING: Map Voting failure. Initiating random map fail-safe.
L 05/12/2017 - 18:21:42: [umc-core.smx] Setting nextmap to: emp_beachfront_b2
L 05/12/2017 - 18:21:42: [umc-randomcycle.smx] Disabling random nextmap selection.
L 05/12/2017 - 18:21:42: [umc-core.smx] umc-emp-mapvote.smx: Changing map to 'emp_beachfront_b2' in 5 seconds.
L 05/12/2017 - 18:21:48: [umc-core.smx] ---------------------MAP CHANGE: emp_beachfront_b2---------------------
L 05/12/2017 - 18:21:48: [umc-endvote-warnings.smx] Successfully parsed and set up 11 vote warnings.
L 05/12/2017 - 18:21:48: [umc-playercountmonitor.smx] Min Players: 0, Max Players: 22
L 05/12/2017 - 18:21:48: [umc-playercountmonitor.smx] Server will begin watching for inproper number of players in 240 seconds.
L 05/12/2017 - 18:21:48: [umc-rockthevote.smx] RTV is now available.
L 05/12/2017 - 18:25:48: [umc-playercountmonitor.smx] Server is now watching for inproper number of players.
L 05/12/2017 - 18:33:42: [umc-emp-mapvote.smx] Map vote will appear in 1 seconds.
L 05/12/2017 - 18:33:43: [umc-emp-mapvote.smx] Starting a map vote.
L 05/12/2017 - 18:33:43: [umc-core.smx] Initiating Vote Type: Map
L 05/12/2017 - 18:33:55: [umc-core.smx] Setting nextmap to: emp_shadows_attacks
L 05/12/2017 - 18:33:55: [umc-randomcycle.smx] Disabling random nextmap selection.
L 05/12/2017 - 18:33:55: [umc-core.smx] umc-emp-mapvote.smx: Changing map to 'emp_shadows_attacks' in 5 seconds.
L 05/12/2017 - 18:33:55: [umc-core.smx] MAPVOTE: Players voted for map 'emp_shadows_attacks' from group 'Infantry Maps'
L 05/12/2017 - 18:34:01: [umc-core.smx] ---------------------MAP CHANGE: emp_shadows_attacks---------------------
L 05/12/2017 - 18:34:01: [umc-endvote-warnings.smx] Successfully parsed and set up 11 vote warnings.
L 05/12/2017 - 18:34:01: [umc-playercountmonitor.smx] Min Players: 0, Max Players: 20
L 05/12/2017 - 18:34:01: [umc-playercountmonitor.smx] Server will begin watching for inproper number of players in 240 seconds.
L 05/12/2017 - 18:34:01: [umc-rockthevote.smx] RTV is now available.
L 05/12/2017 - 18:38:01: [umc-playercountmonitor.smx] Server is now watching for inproper number of players.
L 05/12/2017 - 19:30:06: [umc-rockthevote.smx] Starting RTV.
L 05/12/2017 - 19:30:06: [umc-core.smx] Initiating Vote Type: Map
L 05/12/2017 - 19:31:07: [umc-core.smx] Setting nextmap to: con_district402
L 05/12/2017 - 19:31:07: [umc-randomcycle.smx] Disabling random nextmap selection.
L 05/12/2017 - 19:31:07: [umc-core.smx] umc-rockthevote.smx: Changing map to 'con_district402' in 5 seconds.
L 05/12/2017 - 19:31:07: [umc-core.smx] MAPVOTE: Players voted for map 'con_district402' from group 'Infantry Maps'
L 05/12/2017 - 19:31:13: [umc-core.smx] ---------------------MAP CHANGE: con_district402---------------------
L 05/12/2017 - 19:31:13: [umc-endvote-warnings.smx] Successfully parsed and set up 11 vote warnings.
L 05/12/2017 - 19:31:13: [umc-playercountmonitor.smx] Min Players: 0, Max Players: 20
L 05/12/2017 - 19:31:13: [umc-playercountmonitor.smx] Server will begin watching for inproper number of players in 240 seconds.
L 05/12/2017 - 19:31:13: [umc-rockthevote.smx] RTV is now available.
L 05/12/2017 - 19:35:13: [umc-playercountmonitor.smx] Server is now watching for inproper number of players.
L 05/12/2017 - 19:56:58: [umc-emp-mapvote.smx] Map vote will appear in 1 seconds.
L 05/12/2017 - 19:56:59: [umc-emp-mapvote.smx] Starting a map vote.
L 05/12/2017 - 19:56:59: [umc-core.smx] Initiating Vote Type: Map
L 05/12/2017 - 19:57:29: [umc-core.smx] Setting nextmap to: emp_drygulch_a6
L 05/12/2017 - 19:57:29: [umc-randomcycle.smx] Disabling random nextmap selection.
L 05/12/2017 - 19:57:29: [umc-core.smx] umc-emp-mapvote.smx: Changing map to 'emp_drygulch_a6' in 5 seconds.
L 05/12/2017 - 19:57:29: [umc-core.smx] MAPVOTE: Players voted for map 'emp_drygulch_a6' from group 'Commander Maps'
L 05/12/2017 - 19:57:35: [umc-core.smx] ---------------------MAP CHANGE: emp_drygulch_a6---------------------
L 05/12/2017 - 19:57:35: [umc-endvote-warnings.smx] Successfully parsed and set up 11 vote warnings.
L 05/12/2017 - 19:57:35: [umc-playercountmonitor.smx] Min Players: 0, Max Players: 22
L 05/12/2017 - 19:57:35: [umc-playercountmonitor.smx] Server will begin watching for inproper number of players in 240 seconds.
L 05/12/2017 - 19:57:35: [umc-rockthevote.smx] RTV is now available.
L 05/12/2017 - 20:01:35: [umc-playercountmonitor.smx] Server is now watching for inproper number of players.
L 05/12/2017 - 20:14:16: [umc-nominate.smx] Mr. X. wants to nominate a map.
L 05/12/2017 - 20:27:44: [umc-emp-mapvote.smx] Map vote will appear in 1 seconds.
L 05/12/2017 - 20:27:45: [umc-emp-mapvote.smx] Starting a map vote.
L 05/12/2017 - 20:27:45: [umc-core.smx] Initiating Vote Type: Map
L 05/12/2017 - 20:28:15: [umc-core.smx] Setting nextmap to: con_urbanchaos
L 05/12/2017 - 20:28:15: [umc-randomcycle.smx] Disabling random nextmap selection.
L 05/12/2017 - 20:28:15: [umc-core.smx] umc-emp-mapvote.smx: Changing map to 'con_urbanchaos' in 5 seconds.
L 05/12/2017 - 20:28:15: [umc-core.smx] MAPVOTE: Players voted for map 'con_urbanchaos' from group 'Infantry Maps'
L 05/12/2017 - 20:28:22: [umc-core.smx] ---------------------MAP CHANGE: con_urbanchaos---------------------
L 05/12/2017 - 20:28:22: [umc-endvote-warnings.smx] Successfully parsed and set up 11 vote warnings.
L 05/12/2017 - 20:28:22: [umc-playercountmonitor.smx] Min Players: 0, Max Players: 20
L 05/12/2017 - 20:28:22: [umc-playercountmonitor.smx] Server will begin watching for inproper number of players in 240 seconds.
L 05/12/2017 - 20:28:22: [umc-rockthevote.smx] RTV is now available.
L 05/12/2017 - 20:32:22: [umc-playercountmonitor.smx] Server is now watching for inproper number of players.
L 05/12/2017 - 20:51:39: [umc-emp-mapvote.smx] Map vote will appear in 1 seconds.
L 05/12/2017 - 20:51:40: [umc-emp-mapvote.smx] Starting a map vote.
L 05/12/2017 - 20:51:40: [umc-core.smx] Initiating Vote Type: Map
L 05/12/2017 - 20:52:18: [umc-core.smx] RUNOFF: Starting runoff vote.
L 05/12/2017 - 20:52:18: [umc-core.smx] Initiating Vote Type: Map
L 05/12/2017 - 20:52:49: [umc-core.smx] Setting nextmap to: emp_blast_ob1
L 05/12/2017 - 20:52:49: [umc-randomcycle.smx] Disabling random nextmap selection.
L 05/12/2017 - 20:52:49: [umc-core.smx] umc-emp-mapvote.smx: Changing map to 'emp_blast_ob1' in 5 seconds.
L 05/12/2017 - 20:52:49: [umc-core.smx] MAPVOTE: Players voted for map 'emp_blast_ob1' from group 'Infantry Maps'
L 05/12/2017 - 20:52:55: [umc-core.smx] ---------------------MAP CHANGE: emp_blast_ob1---------------------
L 05/12/2017 - 20:52:55: [umc-endvote-warnings.smx] Successfully parsed and set up 11 vote warnings.
L 05/12/2017 - 20:52:55: [umc-playercountmonitor.smx] Min Players: 0, Max Players: 20
L 05/12/2017 - 20:52:55: [umc-playercountmonitor.smx] Server will begin watching for inproper number of players in 240 seconds.
L 05/12/2017 - 20:52:55: [umc-rockthevote.smx] RTV is now available.
L 05/12/2017 - 20:56:55: [umc-playercountmonitor.smx] Server is now watching for inproper number of players.
L 05/12/2017 - 21:09:47: [umc-emp-mapvote.smx] Map vote will appear in 1 seconds.
L 05/12/2017 - 21:09:48: [umc-emp-mapvote.smx] Starting a map vote.
L 05/12/2017 - 21:09:48: [umc-core.smx] Initiating Vote Type: Map
L 05/12/2017 - 21:10:27: [umc-core.smx] RUNOFF: Starting runoff vote.
L 05/12/2017 - 21:10:27: [umc-core.smx] Initiating Vote Type: Map
L 05/12/2017 - 21:10:58: [umc-core.smx] Setting nextmap to: emp_vehicletraining_2013
L 05/12/2017 - 21:10:58: [umc-randomcycle.smx] Disabling random nextmap selection.
L 05/12/2017 - 21:10:58: [umc-core.smx] umc-emp-mapvote.smx: Changing map to 'emp_vehicletraining_2013' in 5 seconds.
L 05/12/2017 - 21:10:58: [umc-core.smx] MAPVOTE: Players voted for map 'emp_vehicletraining_2013' from group 'Infantry Maps'
L 05/12/2017 - 21:11:04: [umc-core.smx] ---------------------MAP CHANGE: emp_vehicletraining_2013---------------------
L 05/12/2017 - 21:11:04: [umc-endvote-warnings.smx] Successfully parsed and set up 11 vote warnings.
L 05/12/2017 - 21:11:04: [umc-playercountmonitor.smx] Min Players: 0, Max Players: 20
L 05/12/2017 - 21:11:04: [umc-playercountmonitor.smx] Server will begin watching for inproper number of players in 240 seconds.
L 05/12/2017 - 21:11:04: [umc-rockthevote.smx] RTV is now available.
L 05/12/2017 - 21:15:04: [umc-playercountmonitor.smx] Server is now watching for inproper number of players.
L 05/12/2017 - 21:37:21: [umc-nominate.smx] Maj 5150 24thBattalionCommander wants to nominate a map.
L 05/12/2017 - 21:37:30: [umc-nominate.smx] Maj 5150 24thBattalionCommander has nominated 'con_district402' from group 'Infantry Maps'
L 05/12/2017 - 21:50:00: [umc-emp-mapvote.smx] Map vote will appear in 1 seconds.
L 05/12/2017 - 21:50:01: [umc-emp-mapvote.smx] Starting a map vote.
L 05/12/2017 - 21:50:01: [umc-core.smx] Initiating Vote Type: Map
L 05/12/2017 - 21:50:31: [umc-core.smx] Setting nextmap to: con_district402
L 05/12/2017 - 21:50:31: [umc-randomcycle.smx] Disabling random nextmap selection.
L 05/12/2017 - 21:50:31: [umc-core.smx] umc-emp-mapvote.smx: Changing map to 'con_district402' in 5 seconds.
L 05/12/2017 - 21:50:31: [umc-core.smx] MAPVOTE: Players voted for map 'con_district402' from group 'Infantry Maps'
L 05/12/2017 - 21:50:37: [umc-core.smx] ---------------------MAP CHANGE: con_district402---------------------
L 05/12/2017 - 21:50:37: [umc-endvote-warnings.smx] Successfully parsed and set up 11 vote warnings.
L 05/12/2017 - 21:50:37: [umc-playercountmonitor.smx] Min Players: 0, Max Players: 20
L 05/12/2017 - 21:50:37: [umc-playercountmonitor.smx] Server will begin watching for inproper number of players in 240 seconds.
L 05/12/2017 - 21:50:37: [umc-rockthevote.smx] RTV is now available.
L 05/12/2017 - 21:54:37: [umc-playercountmonitor.smx] Server is now watching for inproper number of players.
L 05/12/2017 - 22:18:48: [umc-nominate.smx] Sir.DieALot wants to nominate a map.
L 05/12/2017 - 22:18:52: [umc-nominate.smx] Sir.DieALot has nominated 'emp_nuclear_b8u_xfix' from group 'Infantry Maps'
L 05/12/2017 - 22:19:01: [umc-emp-mapvote.smx] Map vote will appear in 1 seconds.
L 05/12/2017 - 22:19:02: [umc-emp-mapvote.smx] Starting a map vote.
L 05/12/2017 - 22:19:02: [umc-core.smx] Initiating Vote Type: Map
L 05/12/2017 - 22:19:40: [umc-core.smx] RUNOFF: Starting runoff vote.
L 05/12/2017 - 22:19:40: [umc-core.smx] Initiating Vote Type: Map
L 05/12/2017 - 22:20:11: [umc-core.smx] Setting nextmap to: emp_beachfront_b2
L 05/12/2017 - 22:20:11: [umc-randomcycle.smx] Disabling random nextmap selection.
L 05/12/2017 - 22:20:11: [umc-core.smx] umc-emp-mapvote.smx: Changing map to 'emp_beachfront_b2' in 5 seconds.
L 05/12/2017 - 22:20:11: [umc-core.smx] MAPVOTE: Players voted for map 'emp_beachfront_b2' from group 'Commander Maps'
L 05/12/2017 - 22:20:17: [umc-core.smx] ---------------------MAP CHANGE: emp_beachfront_b2---------------------
L 05/12/2017 - 22:20:17: [umc-endvote-warnings.smx] Successfully parsed and set up 11 vote warnings.
L 05/12/2017 - 22:20:17: [umc-playercountmonitor.smx] Min Players: 0, Max Players: 22
L 05/12/2017 - 22:20:17: [umc-playercountmonitor.smx] Server will begin watching for inproper number of players in 240 seconds.
L 05/12/2017 - 22:20:17: [umc-rockthevote.smx] RTV is now available.
L 05/12/2017 - 22:24:17: [umc-playercountmonitor.smx] Server is now watching for inproper number of players.
L 05/12/2017 - 23:19:56: [umc-nominate.smx] Mr. X. wants to nominate a map.
L 05/12/2017 - 23:24:26: [umc-emp-mapvote.smx] Map vote will appear in 1 seconds.
L 05/12/2017 - 23:24:27: [umc-emp-mapvote.smx] Starting a map vote.
L 05/12/2017 - 23:24:27: [umc-core.smx] Initiating Vote Type: Map
L 05/12/2017 - 23:25:05: [umc-core.smx] RUNOFF: Starting runoff vote.
L 05/12/2017 - 23:25:05: [umc-core.smx] Initiating Vote Type: Map
L 05/12/2017 - 23:25:36: [umc-core.smx] Setting nextmap to: emp_palmbay_fix
L 05/12/2017 - 23:25:36: [umc-randomcycle.smx] Disabling random nextmap selection.
L 05/12/2017 - 23:25:36: [umc-core.smx] umc-emp-mapvote.smx: Changing map to 'emp_palmbay_fix' in 5 seconds.
L 05/12/2017 - 23:25:36: [umc-core.smx] MAPVOTE: Players voted for map 'emp_palmbay_fix' from group 'Commander Maps'
L 05/12/2017 - 23:25:42: [umc-core.smx] ---------------------MAP CHANGE: emp_palmbay_fix---------------------
L 05/12/2017 - 23:25:42: [umc-endvote-warnings.smx] Successfully parsed and set up 11 vote warnings.
L 05/12/2017 - 23:25:42: [umc-playercountmonitor.smx] Min Players: 14, Max Players: 32
L 05/12/2017 - 23:25:42: [umc-playercountmonitor.smx] Server will begin watching for inproper number of players in 240 seconds.
L 05/12/2017 - 23:25:42: [umc-rockthevote.smx] RTV is now available.
L 05/12/2017 - 23:29:42: [umc-playercountmonitor.smx] Server is now watching for inproper number of players.
L 05/12/2017 - 23:45:15: [umc-emp-mapvote.smx] Map vote will appear in 1 seconds.
L 05/12/2017 - 23:45:16: [umc-emp-mapvote.smx] Starting a map vote.
L 05/12/2017 - 23:45:16: [umc-core.smx] Initiating Vote Type: Map
L 05/12/2017 - 23:45:55: [umc-core.smx] RUNOFF: Starting runoff vote.
L 05/12/2017 - 23:45:55: [umc-core.smx] Initiating Vote Type: Map
L 05/12/2017 - 23:46:25: [umc-core.smx] Setting nextmap to: emp_crossroads
L 05/12/2017 - 23:46:25: [umc-randomcycle.smx] Disabling random nextmap selection.
L 05/12/2017 - 23:46:25: [umc-core.smx] umc-emp-mapvote.smx: Changing map to 'emp_crossroads' in 5 seconds.
L 05/12/2017 - 23:46:25: [umc-core.smx] MAPVOTE: Players voted for map 'emp_crossroads' from group 'Commander Maps'
L 05/12/2017 - 23:46:31: [umc-core.smx] ---------------------MAP CHANGE: emp_crossroads---------------------
L 05/12/2017 - 23:46:31: [umc-endvote-warnings.smx] Successfully parsed and set up 11 vote warnings.
L 05/12/2017 - 23:46:31: [umc-playercountmonitor.smx] Min Players: 0, Max Players: 22
L 05/12/2017 - 23:46:31: [umc-playercountmonitor.smx] Server will begin watching for inproper number of players in 240 seconds.
L 05/12/2017 - 23:46:31: [umc-rockthevote.smx] RTV is now available.
L 05/12/2017 - 23:50:31: [umc-playercountmonitor.smx] Server is now watching for inproper number of players.
