L 04/20/2017 - 00:21:00: [umc-emp-mapvote.smx] Map vote will appear in 1 seconds.
L 04/20/2017 - 00:21:01: [umc-emp-mapvote.smx] Starting a map vote.
L 04/20/2017 - 00:21:01: [umc-core.smx] Initiating Vote Type: Map
L 04/20/2017 - 00:21:31: [umc-core.smx] Setting nextmap to: emp_palmbay_fix
L 04/20/2017 - 00:21:31: [umc-randomcycle.smx] Disabling random nextmap selection.
L 04/20/2017 - 00:21:31: [umc-core.smx] umc-emp-mapvote.smx: Changing map to 'emp_palmbay_fix' in 5 seconds.
L 04/20/2017 - 00:21:31: [umc-core.smx] MAPVOTE: Players voted for map 'emp_palmbay_fix' from group 'Commander Maps'
L 04/20/2017 - 00:21:37: [umc-core.smx] ---------------------MAP CHANGE: emp_palmbay_fix---------------------
L 04/20/2017 - 00:21:37: [umc-endvote-warnings.smx] Successfully parsed and set up 11 vote warnings.
L 04/20/2017 - 00:21:37: [umc-playercountmonitor.smx] Min Players: 14, Max Players: 32
L 04/20/2017 - 00:21:37: [umc-playercountmonitor.smx] Server will begin watching for inproper number of players in 240 seconds.
L 04/20/2017 - 00:21:37: [umc-rockthevote.smx] RTV is now available.
L 04/20/2017 - 00:25:37: [umc-playercountmonitor.smx] Server is now watching for inproper number of players.
L 04/20/2017 - 00:31:37: [umc-emp-mapvote.smx] Map vote will appear in 1 seconds.
L 04/20/2017 - 00:31:38: [umc-emp-mapvote.smx] Starting a map vote.
L 04/20/2017 - 00:31:38: [umc-core.smx] Initiating Vote Type: Map
L 04/20/2017 - 00:32:09: [umc-emp-mapvote.smx] WARNING: Map Voting failure. Initiating random map fail-safe.
L 04/20/2017 - 00:32:09: [umc-core.smx] Setting nextmap to: emp_glycencity
L 04/20/2017 - 00:32:09: [umc-randomcycle.smx] Disabling random nextmap selection.
L 04/20/2017 - 00:32:09: [umc-core.smx] umc-emp-mapvote.smx: Changing map to 'emp_glycencity' in 5 seconds.
L 04/20/2017 - 00:32:16: [umc-core.smx] ---------------------MAP CHANGE: emp_glycencity---------------------
L 04/20/2017 - 00:32:16: [umc-endvote-warnings.smx] Successfully parsed and set up 11 vote warnings.
L 04/20/2017 - 00:32:16: [umc-playercountmonitor.smx] Min Players: 0, Max Players: 20
L 04/20/2017 - 00:32:16: [umc-playercountmonitor.smx] Server will begin watching for inproper number of players in 240 seconds.
L 04/20/2017 - 00:32:16: [umc-rockthevote.smx] RTV is now available.
L 04/20/2017 - 00:36:16: [umc-playercountmonitor.smx] Server is now watching for inproper number of players.
L 04/20/2017 - 16:12:22: [umc-core.smx] ---------------------MAP CHANGE: emp_iceberg_a4---------------------
L 04/20/2017 - 16:12:22: [umc-endvote-warnings.smx] Successfully parsed and set up 11 vote warnings.
L 04/20/2017 - 16:12:22: [umc-playercountmonitor.smx] Current Map Group could not be determined. (Non-UMC mapchange or plugin just loaded.)
L 04/20/2017 - 16:12:22: [umc-playercountmonitor.smx] Min Players: 0, Max Players: 64
L 04/20/2017 - 16:12:22: [umc-rockthevote.smx] RTV is now available.
L 04/20/2017 - 16:16:23: [umc-core.smx] ---------------------MAP CHANGE: emp_district402---------------------
L 04/20/2017 - 16:16:23: [umc-endvote-warnings.smx] Successfully parsed and set up 11 vote warnings.
L 04/20/2017 - 16:16:23: [umc-playercountmonitor.smx] Min Players: 0, Max Players: 20
L 04/20/2017 - 16:16:23: [umc-playercountmonitor.smx] Server will begin watching for inproper number of players in 240 seconds.
L 04/20/2017 - 16:16:23: [umc-rockthevote.smx] RTV is now available.
L 04/20/2017 - 16:20:24: [umc-playercountmonitor.smx] Server is now watching for inproper number of players.
L 04/20/2017 - 16:26:45: [umc-nominate.smx] Mr. X. wants to nominate a map.
L 04/20/2017 - 16:26:47: [umc-nominate.smx] Mr. X. has nominated 'emp_nuclear_b8u' from group 'Infantry Maps'
L 04/20/2017 - 16:26:59: [umc-core.smx] ---------------------MAP CHANGE: emp_nuclear_b8u---------------------
L 04/20/2017 - 16:26:59: [umc-endvote-warnings.smx] Successfully parsed and set up 11 vote warnings.
L 04/20/2017 - 16:26:59: [umc-playercountmonitor.smx] Min Players: 0, Max Players: 20
L 04/20/2017 - 16:26:59: [umc-playercountmonitor.smx] Server will begin watching for inproper number of players in 240 seconds.
L 04/20/2017 - 16:26:59: [umc-rockthevote.smx] RTV is now available.
L 04/20/2017 - 16:30:30: [umc-core.smx] ---------------------MAP CHANGE: emp_district402---------------------
L 04/20/2017 - 16:30:30: [umc-endvote-warnings.smx] Successfully parsed and set up 11 vote warnings.
L 04/20/2017 - 16:30:30: [umc-playercountmonitor.smx] Min Players: 0, Max Players: 20
L 04/20/2017 - 16:30:30: [umc-playercountmonitor.smx] Server will begin watching for inproper number of players in 240 seconds.
L 04/20/2017 - 16:30:30: [umc-rockthevote.smx] RTV is now available.
L 04/20/2017 - 16:30:52: [umc-core.smx] ---------------------MAP CHANGE: emp_nuclear_b8u---------------------
L 04/20/2017 - 16:30:52: [umc-endvote-warnings.smx] Successfully parsed and set up 11 vote warnings.
L 04/20/2017 - 16:30:52: [umc-playercountmonitor.smx] Min Players: 0, Max Players: 20
L 04/20/2017 - 16:30:52: [umc-playercountmonitor.smx] Server will begin watching for inproper number of players in 240 seconds.
L 04/20/2017 - 16:30:52: [umc-rockthevote.smx] RTV is now available.
L 04/20/2017 - 16:34:52: [umc-playercountmonitor.smx] Server is now watching for inproper number of players.
L 04/20/2017 - 19:08:32: [umc-core.smx] ---------------------MAP CHANGE: emp_district402---------------------
L 04/20/2017 - 19:08:32: [umc-endvote-warnings.smx] Successfully parsed and set up 11 vote warnings.
L 04/20/2017 - 19:08:32: [umc-playercountmonitor.smx] Min Players: 0, Max Players: 20
L 04/20/2017 - 19:08:32: [umc-playercountmonitor.smx] Server will begin watching for inproper number of players in 240 seconds.
L 04/20/2017 - 19:08:32: [umc-rockthevote.smx] RTV is now available.
L 04/20/2017 - 19:12:33: [umc-playercountmonitor.smx] Server is now watching for inproper number of players.
L 04/20/2017 - 19:54:38: [umc-emp-mapvote.smx] Map vote will appear in 1 seconds.
L 04/20/2017 - 19:54:39: [umc-emp-mapvote.smx] Starting a map vote.
L 04/20/2017 - 19:54:39: [umc-core.smx] Initiating Vote Type: Map
L 04/20/2017 - 19:55:10: [umc-core.smx] Setting nextmap to: emp_urbanchaos
L 04/20/2017 - 19:55:10: [umc-randomcycle.smx] Disabling random nextmap selection.
L 04/20/2017 - 19:55:10: [umc-core.smx] umc-emp-mapvote.smx: Changing map to 'emp_urbanchaos' in 5 seconds.
L 04/20/2017 - 19:55:10: [umc-core.smx] MAPVOTE: Players voted for map 'emp_urbanchaos' from group 'Infantry Maps'
L 04/20/2017 - 19:55:17: [umc-core.smx] ---------------------MAP CHANGE: emp_urbanchaos---------------------
L 04/20/2017 - 19:55:17: [umc-endvote-warnings.smx] Successfully parsed and set up 11 vote warnings.
L 04/20/2017 - 19:55:17: [umc-playercountmonitor.smx] Min Players: 0, Max Players: 20
L 04/20/2017 - 19:55:17: [umc-playercountmonitor.smx] Server will begin watching for inproper number of players in 240 seconds.
L 04/20/2017 - 19:55:17: [umc-rockthevote.smx] RTV is now available.
L 04/20/2017 - 19:59:17: [umc-playercountmonitor.smx] Server is now watching for inproper number of players.
L 04/20/2017 - 22:17:52: [umc-rockthevote.smx] Starting RTV.
L 04/20/2017 - 22:17:53: [umc-core.smx] Initiating Vote Type: Map
L 04/20/2017 - 22:18:53: [umc-core.smx] Setting nextmap to: emp_break_poc
L 04/20/2017 - 22:18:53: [umc-randomcycle.smx] Disabling random nextmap selection.
L 04/20/2017 - 22:18:53: [umc-core.smx] umc-rockthevote.smx: Changing map to 'emp_break_poc' in 5 seconds.
L 04/20/2017 - 22:18:53: [umc-core.smx] MAPVOTE: Players voted for map 'emp_break_poc' from group 'Infantry Maps'
L 04/20/2017 - 22:18:58: [umc-core.smx] ---------------------MAP CHANGE: emp_break_poc---------------------
L 04/20/2017 - 22:18:58: [umc-endvote-warnings.smx] Successfully parsed and set up 11 vote warnings.
L 04/20/2017 - 22:18:58: [umc-playercountmonitor.smx] Min Players: 0, Max Players: 20
L 04/20/2017 - 22:18:58: [umc-playercountmonitor.smx] Server will begin watching for inproper number of players in 240 seconds.
L 04/20/2017 - 22:18:58: [umc-rockthevote.smx] RTV is now available.
L 04/20/2017 - 22:22:58: [umc-playercountmonitor.smx] Server is now watching for inproper number of players.
L 04/20/2017 - 22:41:33: [umc-core.smx] ---------------------MAP CHANGE: con_forestattack_a2---------------------
L 04/20/2017 - 22:41:33: [umc-endvote-warnings.smx] Successfully parsed and set up 11 vote warnings.
L 04/20/2017 - 22:41:33: [umc-playercountmonitor.smx] Min Players: 0, Max Players: 20
L 04/20/2017 - 22:41:33: [umc-playercountmonitor.smx] Server will begin watching for inproper number of players in 240 seconds.
L 04/20/2017 - 22:41:33: [umc-rockthevote.smx] RTV is now available.
L 04/20/2017 - 22:45:33: [umc-playercountmonitor.smx] Server is now watching for inproper number of players.
L 04/20/2017 - 23:12:31: [umc-nominate.smx] .|Ϟ|. Manu wants to nominate a map.
L 04/20/2017 - 23:12:47: [umc-nominate.smx] .|Ϟ|. Manu has nominated 'emp_vehicletraining_2013' from group 'Infantry Maps'
L 04/20/2017 - 23:33:40: [umc-emp-mapvote.smx] Map vote will appear in 1 seconds.
L 04/20/2017 - 23:33:41: [umc-emp-mapvote.smx] Starting a map vote.
L 04/20/2017 - 23:33:41: [umc-core.smx] Initiating Vote Type: Map
L 04/20/2017 - 23:34:20: [umc-core.smx] RUNOFF: Starting runoff vote.
L 04/20/2017 - 23:34:20: [umc-core.smx] Initiating Vote Type: Map
L 04/20/2017 - 23:34:51: [umc-core.smx] Setting nextmap to: emp_vehicletraining_2013
L 04/20/2017 - 23:34:51: [umc-randomcycle.smx] Disabling random nextmap selection.
L 04/20/2017 - 23:34:51: [umc-core.smx] umc-emp-mapvote.smx: Changing map to 'emp_vehicletraining_2013' in 5 seconds.
L 04/20/2017 - 23:34:51: [umc-core.smx] MAPVOTE: Players voted for map 'emp_vehicletraining_2013' from group 'Infantry Maps'
L 04/20/2017 - 23:34:57: [umc-core.smx] ---------------------MAP CHANGE: emp_vehicletraining_2013---------------------
L 04/20/2017 - 23:34:57: [umc-endvote-warnings.smx] Successfully parsed and set up 11 vote warnings.
L 04/20/2017 - 23:34:57: [umc-playercountmonitor.smx] Min Players: 0, Max Players: 20
L 04/20/2017 - 23:34:57: [umc-playercountmonitor.smx] Server will begin watching for inproper number of players in 240 seconds.
L 04/20/2017 - 23:34:57: [umc-rockthevote.smx] RTV is now available.
L 04/20/2017 - 23:38:57: [umc-playercountmonitor.smx] Server is now watching for inproper number of players.
