L 02/09/2018 - 17:19:49: [umc-core.smx] ---------------------MAP CHANGE: con_district402---------------------
L 02/09/2018 - 17:19:49: [umc-endvote-warnings.smx] Successfully parsed and set up 11 vote warnings.
L 02/09/2018 - 17:19:49: [umc-rockthevote.smx] RTV will be made available in 60 seconds.
L 02/09/2018 - 17:20:50: [umc-rockthevote.smx] RTV is now available.
L 02/09/2018 - 17:28:15: [umc-core.smx] ---------------------MAP CHANGE: con_district402---------------------
L 02/09/2018 - 17:28:15: [umc-endvote-warnings.smx] Successfully parsed and set up 11 vote warnings.
L 02/09/2018 - 17:28:15: [umc-rockthevote.smx] RTV will be made available in 60 seconds.
L 02/09/2018 - 17:29:16: [umc-rockthevote.smx] RTV is now available.
L 02/09/2018 - 17:37:14: [umc-core.smx] ---------------------MAP CHANGE: emp_canyon---------------------
L 02/09/2018 - 17:37:14: [umc-endvote-warnings.smx] Successfully parsed and set up 11 vote warnings.
L 02/09/2018 - 17:37:14: [umc-rockthevote.smx] RTV will be made available in 60 seconds.
L 02/09/2018 - 17:38:15: [umc-rockthevote.smx] RTV is now available.
L 02/09/2018 - 17:39:02: [umc-core.smx] ---------------------MAP CHANGE: emp_canyon---------------------
L 02/09/2018 - 17:39:02: [umc-endvote-warnings.smx] Successfully parsed and set up 11 vote warnings.
L 02/09/2018 - 17:39:02: [umc-rockthevote.smx] RTV will be made available in 60 seconds.
L 02/09/2018 - 17:40:03: [umc-rockthevote.smx] RTV is now available.
L 02/09/2018 - 19:33:27: [umc-nominate.smx] Oktay wants to nominate a map.
L 02/09/2018 - 19:33:41: [umc-nominate.smx] Oktay has nominated 'emp_temple_b3f' from group 'Commander Maps'
L 02/09/2018 - 20:00:44: [umc-nominate.smx] Nima wants to nominate a map.
L 02/09/2018 - 20:00:54: [umc-nominate.smx] Nima has nominated 'con_glycencity' from group 'Infantry Maps'
L 02/09/2018 - 20:01:08: [umc-nominate.smx] Mr. X. wants to nominate a map.
L 02/09/2018 - 20:01:16: [umc-nominate.smx] Mr. X. has nominated 'emp_beachfront_b2' from group 'Commander Maps'
L 02/09/2018 - 20:03:26: [umc-emp-mapvote.smx] Map vote will appear in 30 seconds.
L 02/09/2018 - 20:03:56: [umc-emp-mapvote.smx] Starting a map vote.
L 02/09/2018 - 20:03:56: [umc-core.smx] Initiating Vote Type: Map
L 02/09/2018 - 20:04:35: [umc-core.smx] RUNOFF: Starting runoff vote.
L 02/09/2018 - 20:04:35: [umc-core.smx] Initiating Vote Type: Map
L 02/09/2018 - 20:05:05: [umc-core.smx] Setting nextmap to: emp_beachfront_b2
L 02/09/2018 - 20:05:05: [umc-randomcycle.smx] Disabling random nextmap selection.
L 02/09/2018 - 20:05:05: [umc-core.smx] umc-emp-mapvote.smx: Changing map to 'emp_beachfront_b2' in 5 seconds.
L 02/09/2018 - 20:05:05: [umc-core.smx] MAPVOTE: Players voted for map 'emp_beachfront_b2' from group 'Commander Maps'
L 02/09/2018 - 20:05:11: [umc-core.smx] ---------------------MAP CHANGE: emp_beachfront_b2---------------------
L 02/09/2018 - 20:05:11: [umc-endvote-warnings.smx] Successfully parsed and set up 11 vote warnings.
L 02/09/2018 - 20:05:11: [umc-rockthevote.smx] RTV will be made available in 60 seconds.
L 02/09/2018 - 20:05:20: [umc-core.smx] ---------------------MAP CHANGE: con_district402---------------------
L 02/09/2018 - 20:05:20: [umc-endvote-warnings.smx] Successfully parsed and set up 11 vote warnings.
L 02/09/2018 - 20:05:20: [umc-rockthevote.smx] RTV will be made available in 60 seconds.
L 02/09/2018 - 20:05:35: [umc-core.smx] ---------------------MAP CHANGE: emp_beachfront_b2---------------------
L 02/09/2018 - 20:05:35: [umc-endvote-warnings.smx] Successfully parsed and set up 11 vote warnings.
L 02/09/2018 - 20:05:35: [umc-rockthevote.smx] RTV will be made available in 60 seconds.
L 02/09/2018 - 20:06:36: [umc-rockthevote.smx] RTV is now available.
L 02/09/2018 - 20:23:11: [umc-emp-mapvote.smx] Map vote will appear in 30 seconds.
L 02/09/2018 - 20:23:17: [umc-nominate.smx] Mr. X. wants to nominate a map.
L 02/09/2018 - 20:23:18: [umc-nominate.smx] Oktay wants to nominate a map.
L 02/09/2018 - 20:23:22: [umc-nominate.smx] Mr. X. has nominated 'emp_drygulch_a6' from group 'Commander Maps'
L 02/09/2018 - 20:23:32: [umc-nominate.smx] ;-; wants to nominate a map.
L 02/09/2018 - 20:23:38: [umc-nominate.smx] ;-; has nominated 'con_glycencity' from group 'Infantry Maps'
L 02/09/2018 - 20:23:41: [umc-emp-mapvote.smx] Starting a map vote.
L 02/09/2018 - 20:23:41: [umc-core.smx] Initiating Vote Type: Map
L 02/09/2018 - 20:24:20: [umc-core.smx] RUNOFF: Starting runoff vote.
L 02/09/2018 - 20:24:20: [umc-core.smx] Initiating Vote Type: Map
L 02/09/2018 - 20:24:50: [umc-core.smx] Setting nextmap to: emp_downfall
L 02/09/2018 - 20:24:50: [umc-randomcycle.smx] Disabling random nextmap selection.
L 02/09/2018 - 20:24:50: [umc-core.smx] umc-emp-mapvote.smx: Changing map to 'emp_downfall' in 5 seconds.
L 02/09/2018 - 20:24:50: [umc-core.smx] MAPVOTE: Players voted for map 'emp_downfall' from group 'Commander Maps'
L 02/09/2018 - 20:24:56: [umc-core.smx] ---------------------MAP CHANGE: emp_downfall---------------------
L 02/09/2018 - 20:24:56: [umc-endvote-warnings.smx] Successfully parsed and set up 11 vote warnings.
L 02/09/2018 - 20:24:56: [umc-rockthevote.smx] RTV will be made available in 60 seconds.
L 02/09/2018 - 20:25:57: [umc-rockthevote.smx] RTV is now available.
L 02/09/2018 - 20:45:49: [umc-nominate.smx] Oktay wants to nominate a map.
L 02/09/2018 - 20:46:00: [umc-nominate.smx] Oktay has nominated 'emp_drygulch_a6' from group 'Commander Maps'
L 02/09/2018 - 20:55:33: [umc-emp-mapvote.smx] Map vote will appear in 30 seconds.
L 02/09/2018 - 20:55:45: [umc-nominate.smx] Hyperbolic Hubris wants to nominate a map.
L 02/09/2018 - 20:55:48: [umc-nominate.smx] Hyperbolic Hubris has nominated 'emp_crossroads_towerless' from group 'Commander Maps'
L 02/09/2018 - 20:56:03: [umc-emp-mapvote.smx] Starting a map vote.
L 02/09/2018 - 20:56:03: [umc-core.smx] Initiating Vote Type: Map
L 02/09/2018 - 20:56:41: [umc-core.smx] RUNOFF: Starting runoff vote.
L 02/09/2018 - 20:56:41: [umc-core.smx] Initiating Vote Type: Map
L 02/09/2018 - 20:57:12: [umc-core.smx] Setting nextmap to: emp_fogtown_cl2_fix
L 02/09/2018 - 20:57:12: [umc-randomcycle.smx] Disabling random nextmap selection.
L 02/09/2018 - 20:57:12: [umc-core.smx] umc-emp-mapvote.smx: Changing map to 'emp_fogtown_cl2_fix' in 5 seconds.
L 02/09/2018 - 20:57:12: [umc-core.smx] MAPVOTE: Players voted for map 'emp_fogtown_cl2_fix' from group 'Infantry Maps'
L 02/09/2018 - 20:57:19: [umc-core.smx] ---------------------MAP CHANGE: emp_fogtown_cl2_fix---------------------
L 02/09/2018 - 20:57:19: [umc-endvote-warnings.smx] Successfully parsed and set up 11 vote warnings.
L 02/09/2018 - 20:57:19: [umc-rockthevote.smx] RTV will be made available in 60 seconds.
L 02/09/2018 - 20:58:20: [umc-rockthevote.smx] RTV is now available.
L 02/09/2018 - 21:22:34: [umc-emp-mapvote.smx] Map vote will appear in 30 seconds.
L 02/09/2018 - 21:23:04: [umc-emp-mapvote.smx] Starting a map vote.
L 02/09/2018 - 21:23:04: [umc-core.smx] Initiating Vote Type: Map
L 02/09/2018 - 21:23:43: [umc-core.smx] RUNOFF: Starting runoff vote.
L 02/09/2018 - 21:23:43: [umc-core.smx] Initiating Vote Type: Map
L 02/09/2018 - 21:24:13: [umc-core.smx] Setting nextmap to: con_glycencity
L 02/09/2018 - 21:24:13: [umc-randomcycle.smx] Disabling random nextmap selection.
L 02/09/2018 - 21:24:13: [umc-core.smx] umc-emp-mapvote.smx: Changing map to 'con_glycencity' in 5 seconds.
L 02/09/2018 - 21:24:13: [umc-core.smx] MAPVOTE: Players voted for map 'con_glycencity' from group 'Infantry Maps'
L 02/09/2018 - 21:24:21: [umc-core.smx] ---------------------MAP CHANGE: con_glycencity---------------------
L 02/09/2018 - 21:24:21: [umc-endvote-warnings.smx] Successfully parsed and set up 11 vote warnings.
L 02/09/2018 - 21:24:21: [umc-rockthevote.smx] RTV will be made available in 60 seconds.
L 02/09/2018 - 21:25:22: [umc-rockthevote.smx] RTV is now available.
L 02/09/2018 - 21:38:33: [umc-emp-mapvote.smx] Map vote will appear in 30 seconds.
L 02/09/2018 - 21:39:03: [umc-emp-mapvote.smx] Starting a map vote.
L 02/09/2018 - 21:39:03: [umc-core.smx] Initiating Vote Type: Map
L 02/09/2018 - 21:39:41: [umc-core.smx] RUNOFF: Starting runoff vote.
L 02/09/2018 - 21:39:41: [umc-core.smx] Initiating Vote Type: Map
L 02/09/2018 - 21:40:12: [umc-core.smx] Setting nextmap to: con_urbanchaos_comm_b2
L 02/09/2018 - 21:40:12: [umc-randomcycle.smx] Disabling random nextmap selection.
L 02/09/2018 - 21:40:12: [umc-core.smx] umc-emp-mapvote.smx: Changing map to 'con_urbanchaos_comm_b2' in 5 seconds.
L 02/09/2018 - 21:40:12: [umc-core.smx] MAPVOTE: Players voted for map 'con_urbanchaos_comm_b2' from group 'Infantry Maps'
L 02/09/2018 - 21:40:19: [umc-core.smx] ---------------------MAP CHANGE: con_urbanchaos_comm_b2---------------------
L 02/09/2018 - 21:40:19: [umc-endvote-warnings.smx] Successfully parsed and set up 11 vote warnings.
L 02/09/2018 - 21:40:19: [umc-rockthevote.smx] RTV will be made available in 60 seconds.
L 02/09/2018 - 21:41:20: [umc-rockthevote.smx] RTV is now available.
L 02/09/2018 - 21:45:42: [umc-nominate.smx] Oktay wants to nominate a map.
L 02/09/2018 - 21:45:48: [umc-nominate.smx] Oktay has nominated 'emp_drygulch_a6' from group 'Commander Maps'
L 02/09/2018 - 21:45:52: [umc-nominate.smx] Oktay wants to nominate a map.
L 02/09/2018 - 21:45:53: [umc-nominate.smx] Oktay has nominated 'fun_ricochet_a4' from group 'Cooldown Maps'
L 02/09/2018 - 22:13:55: [umc-emp-mapvote.smx] Map vote will appear in 30 seconds.
L 02/09/2018 - 22:14:25: [umc-emp-mapvote.smx] Starting a map vote.
L 02/09/2018 - 22:14:25: [umc-core.smx] Initiating Vote Type: Map
L 02/09/2018 - 22:14:56: [umc-core.smx] Setting nextmap to: emp_shadows_attacks_fix
L 02/09/2018 - 22:14:56: [umc-randomcycle.smx] Disabling random nextmap selection.
L 02/09/2018 - 22:14:56: [umc-core.smx] umc-emp-mapvote.smx: Changing map to 'emp_shadows_attacks_fix' in 5 seconds.
L 02/09/2018 - 22:14:56: [umc-core.smx] MAPVOTE: Players voted for map 'emp_shadows_attacks_fix' from group 'Infantry Maps'
L 02/09/2018 - 22:15:02: [umc-core.smx] ---------------------MAP CHANGE: emp_shadows_attacks_fix---------------------
L 02/09/2018 - 22:15:02: [umc-endvote-warnings.smx] Successfully parsed and set up 11 vote warnings.
L 02/09/2018 - 22:15:02: [umc-rockthevote.smx] RTV will be made available in 60 seconds.
L 02/09/2018 - 22:16:03: [umc-rockthevote.smx] RTV is now available.
L 02/09/2018 - 22:18:14: [umc-nominate.smx] Hyperbolic Hubris wants to nominate a map.
L 02/09/2018 - 22:18:23: [umc-nominate.smx] Hyperbolic Hubris has nominated 'emp_vehicletraining_2013' from group 'Infantry Maps'
L 02/09/2018 - 22:29:16: [umc-emp-mapvote.smx] Map vote will appear in 30 seconds.
L 02/09/2018 - 22:29:46: [umc-emp-mapvote.smx] Starting a map vote.
L 02/09/2018 - 22:29:46: [umc-core.smx] Initiating Vote Type: Map
L 02/09/2018 - 22:30:24: [umc-core.smx] RUNOFF: Starting runoff vote.
L 02/09/2018 - 22:30:24: [umc-core.smx] Initiating Vote Type: Map
L 02/09/2018 - 22:30:55: [umc-core.smx] Setting nextmap to: fun_ricochet_a4
L 02/09/2018 - 22:30:55: [umc-randomcycle.smx] Disabling random nextmap selection.
L 02/09/2018 - 22:30:55: [umc-core.smx] umc-emp-mapvote.smx: Changing map to 'fun_ricochet_a4' in 5 seconds.
L 02/09/2018 - 22:30:55: [umc-core.smx] MAPVOTE: Players voted for map 'fun_ricochet_a4' from group 'Cooldown Maps'
L 02/09/2018 - 22:31:00: [umc-core.smx] ---------------------MAP CHANGE: fun_ricochet_a4---------------------
L 02/09/2018 - 22:31:00: [umc-endvote-warnings.smx] Successfully parsed and set up 11 vote warnings.
L 02/09/2018 - 22:31:00: [umc-rockthevote.smx] RTV will be made available in 60 seconds.
L 02/09/2018 - 22:32:01: [umc-rockthevote.smx] RTV is now available.
L 02/09/2018 - 22:37:32: [umc-emp-mapvote.smx] Map vote will appear in 30 seconds.
L 02/09/2018 - 22:38:02: [umc-emp-mapvote.smx] Starting a map vote.
L 02/09/2018 - 22:38:02: [umc-core.smx] Initiating Vote Type: Map
L 02/09/2018 - 22:38:33: [umc-core.smx] Setting nextmap to: emp_vehicletraining_2013
L 02/09/2018 - 22:38:33: [umc-randomcycle.smx] Disabling random nextmap selection.
L 02/09/2018 - 22:38:33: [umc-core.smx] umc-emp-mapvote.smx: Changing map to 'emp_vehicletraining_2013' in 5 seconds.
L 02/09/2018 - 22:38:33: [umc-core.smx] MAPVOTE: Players voted for map 'emp_vehicletraining_2013' from group 'Infantry Maps'
L 02/09/2018 - 22:38:39: [umc-core.smx] ---------------------MAP CHANGE: emp_vehicletraining_2013---------------------
L 02/09/2018 - 22:38:39: [umc-endvote-warnings.smx] Successfully parsed and set up 11 vote warnings.
L 02/09/2018 - 22:38:39: [umc-rockthevote.smx] RTV will be made available in 60 seconds.
L 02/09/2018 - 22:39:40: [umc-rockthevote.smx] RTV is now available.
L 02/09/2018 - 22:54:45: [umc-emp-mapvote.smx] Map vote will appear in 30 seconds.
L 02/09/2018 - 22:55:16: [umc-emp-mapvote.smx] Starting a map vote.
L 02/09/2018 - 22:55:16: [umc-core.smx] Initiating Vote Type: Map
L 02/09/2018 - 22:55:46: [umc-core.smx] Setting nextmap to: emp_drygulch_a6
L 02/09/2018 - 22:55:46: [umc-randomcycle.smx] Disabling random nextmap selection.
L 02/09/2018 - 22:55:46: [umc-core.smx] umc-emp-mapvote.smx: Changing map to 'emp_drygulch_a6' in 5 seconds.
L 02/09/2018 - 22:55:46: [umc-core.smx] MAPVOTE: Players voted for map 'emp_drygulch_a6' from group 'Commander Maps'
L 02/09/2018 - 22:55:52: [umc-core.smx] ---------------------MAP CHANGE: emp_drygulch_a6---------------------
L 02/09/2018 - 22:55:52: [umc-endvote-warnings.smx] Successfully parsed and set up 11 vote warnings.
L 02/09/2018 - 22:55:52: [umc-rockthevote.smx] RTV will be made available in 60 seconds.
L 02/09/2018 - 22:56:53: [umc-rockthevote.smx] RTV is now available.
L 02/09/2018 - 23:16:12: [umc-emp-mapvote.smx] Map vote will appear in 30 seconds.
L 02/09/2018 - 23:16:42: [umc-emp-mapvote.smx] Starting a map vote.
L 02/09/2018 - 23:16:42: [umc-core.smx] Initiating Vote Type: Map
L 02/09/2018 - 23:17:13: [umc-core.smx] Setting nextmap to: emp_crossroads_towerless
L 02/09/2018 - 23:17:13: [umc-randomcycle.smx] Disabling random nextmap selection.
L 02/09/2018 - 23:17:13: [umc-core.smx] umc-emp-mapvote.smx: Changing map to 'emp_crossroads_towerless' in 5 seconds.
L 02/09/2018 - 23:17:13: [umc-core.smx] MAPVOTE: Players voted for map 'emp_crossroads_towerless' from group 'Commander Maps'
L 02/09/2018 - 23:17:19: [umc-core.smx] ---------------------MAP CHANGE: emp_crossroads_towerless---------------------
L 02/09/2018 - 23:17:19: [umc-endvote-warnings.smx] Successfully parsed and set up 11 vote warnings.
L 02/09/2018 - 23:17:19: [umc-rockthevote.smx] RTV will be made available in 60 seconds.
L 02/09/2018 - 23:18:20: [umc-rockthevote.smx] RTV is now available.
L 02/09/2018 - 23:51:28: [umc-emp-mapvote.smx] Map vote will appear in 30 seconds.
L 02/09/2018 - 23:51:58: [umc-emp-mapvote.smx] Starting a map vote.
L 02/09/2018 - 23:51:58: [umc-core.smx] Initiating Vote Type: Map
L 02/09/2018 - 23:52:29: [umc-core.smx] Setting nextmap to: emp_beachfront_b2
L 02/09/2018 - 23:52:29: [umc-randomcycle.smx] Disabling random nextmap selection.
L 02/09/2018 - 23:52:29: [umc-core.smx] umc-emp-mapvote.smx: Changing map to 'emp_beachfront_b2' in 5 seconds.
L 02/09/2018 - 23:52:29: [umc-core.smx] MAPVOTE: Players voted for map 'emp_beachfront_b2' from group 'Commander Maps'
L 02/09/2018 - 23:52:34: [umc-core.smx] ---------------------MAP CHANGE: emp_beachfront_b2---------------------
L 02/09/2018 - 23:52:34: [umc-endvote-warnings.smx] Successfully parsed and set up 11 vote warnings.
L 02/09/2018 - 23:52:34: [umc-rockthevote.smx] RTV will be made available in 60 seconds.
L 02/09/2018 - 23:53:35: [umc-rockthevote.smx] RTV is now available.
