L 08/25/2018 - 17:25:10: [umc-core.smx] ---------------------MAP CHANGE: con_district402---------------------
L 08/25/2018 - 17:25:10: [umc-endvote-warnings.smx] Successfully parsed and set up 11 vote warnings.
L 08/25/2018 - 17:25:10: [umc-rockthevote.smx] RTV will be made available in 60 seconds.
L 08/25/2018 - 17:26:11: [umc-rockthevote.smx] RTV is now available.
L 08/25/2018 - 18:24:18: [umc-nominate.smx] Oktay wants to nominate a map.
L 08/25/2018 - 18:24:24: [umc-nominate.smx] Oktay has nominated 'emp_vehicletraining_2013' from group 'Infantry Maps'
L 08/25/2018 - 18:33:46: [umc-emp-mapvote.smx] Map vote will appear in 30 seconds.
L 08/25/2018 - 18:34:16: [umc-emp-mapvote.smx] Starting a map vote.
L 08/25/2018 - 18:34:16: [umc-core.smx] VOTE MENU: (Verbose) Fetching 7 maps from group 'Commander Maps'
L 08/25/2018 - 18:34:16: [umc-core.smx] VOTE MENU: (Verbose) Finished parsing nominations for map group 'Commander Maps'
L 08/25/2018 - 18:34:16: [umc-core.smx] VOTE MENU: (Verbose) Still need to fetch 7 maps from the group.
L 08/25/2018 - 18:34:16: [umc-core.smx] VOTE MENU: (Verbose) Selected map 'emp_crossroads_towerless_hce' from group 'Commander Maps' was added to the vote.
L 08/25/2018 - 18:34:16: [umc-core.smx] VOTE MENU: (Verbose) Selected map 'emp_downfall_hce' from group 'Commander Maps' was added to the vote.
L 08/25/2018 - 18:34:16: [umc-core.smx] VOTE MENU: (Verbose) Selected map 'emp_drygulch_a7' from group 'Commander Maps' was added to the vote.
L 08/25/2018 - 18:34:16: [umc-core.smx] VOTE MENU: (Verbose) Selected map 'emp_beachfront_b2_hce' from group 'Commander Maps' was added to the vote.
L 08/25/2018 - 18:34:16: [umc-core.smx] VOTE MENU: (Verbose) No more maps in map group 'Commander Maps'
L 08/25/2018 - 18:34:16: [umc-core.smx] VOTE MENU: (Verbose) Fetching 1 maps from group 'Infantry Maps'
L 08/25/2018 - 18:34:16: [umc-core.smx] VOTE MENU: (Verbose) Nominated map 'emp_vehicletraining_2013' from group 'Infantry Maps' was added to the vote.
L 08/25/2018 - 18:34:16: [umc-core.smx] VOTE MENU: (Verbose) Finished parsing nominations for map group 'Infantry Maps'
L 08/25/2018 - 18:34:16: [umc-core.smx] VOTE MENU: (Verbose) Fetching 0 maps from group 'Cooldown Maps'
L 08/25/2018 - 18:34:16: [umc-core.smx] VOTE MENU: (Verbose) Finished parsing nominations for map group 'Cooldown Maps'
L 08/25/2018 - 18:34:16: [umc-core.smx] Initiating Vote Type: Map
L 08/25/2018 - 18:34:16: [umc-core.smx] Adding Clients to Vote:
L 08/25/2018 - 18:34:16: [umc-core.smx] 0: Oktay (2)
L 08/25/2018 - 18:34:16: [umc-core.smx] 1: Dufos (3)
L 08/25/2018 - 18:34:16: [umc-core.smx] 2: Candles (5)
L 08/25/2018 - 18:34:16: [umc-core.smx] 3: Wilko (6)
L 08/25/2018 - 18:34:16: [umc-core.smx] 4: Spyer (7)
L 08/25/2018 - 18:34:16: [umc-core.smx] 5: Brentor (8)
L 08/25/2018 - 18:34:16: [umc-core.smx] VOTE MENU:
L 08/25/2018 - 18:34:16: [umc-core.smx] 2: emp_crossroads (0)
L 08/25/2018 - 18:34:16: [umc-core.smx] 3: emp_downfall (1)
L 08/25/2018 - 18:34:16: [umc-core.smx] 4: emp_drygulch (2)
L 08/25/2018 - 18:34:16: [umc-core.smx] 5: con_vehicletraining (3)
L 08/25/2018 - 18:34:16: [umc-core.smx] 6: emp_beachfront (4)
L 08/25/2018 - 18:34:22: [umc-core.smx] Dufos<5><[U:1:2486135]><> selected menu item 4
L 08/25/2018 - 18:34:26: [umc-core.smx] Oktay<4><[U:1:116496292]><> selected menu item 4
L 08/25/2018 - 18:34:30: [umc-core.smx] Spyer<9><[U:1:34143605]><> selected menu item 4
L 08/25/2018 - 18:34:46: [umc-core.smx] Setting nextmap to: emp_vehicletraining_2013
L 08/25/2018 - 18:34:46: [umc-randomcycle.smx] Disabling random nextmap selection.
L 08/25/2018 - 18:34:46: [umc-core.smx] umc-emp-mapvote.smx: Changing map to 'emp_vehicletraining_2013' in 5 seconds.
L 08/25/2018 - 18:34:46: [umc-core.smx] MAPVOTE: Players voted for map 'emp_vehicletraining_2013' from group 'Infantry Maps'
L 08/25/2018 - 18:34:46: [umc-core.smx] Vote has concluded.
L 08/25/2018 - 18:34:52: [umc-core.smx] ---------------------MAP CHANGE: emp_vehicletraining_2013---------------------
L 08/25/2018 - 18:34:52: [umc-endvote-warnings.smx] Successfully parsed and set up 11 vote warnings.
L 08/25/2018 - 18:34:52: [umc-rockthevote.smx] RTV will be made available in 60 seconds.
L 08/25/2018 - 18:35:53: [umc-rockthevote.smx] RTV is now available.
L 08/25/2018 - 18:57:09: [umc-emp-mapvote.smx] Map vote will appear in 30 seconds.
L 08/25/2018 - 18:57:39: [umc-emp-mapvote.smx] Starting a map vote.
L 08/25/2018 - 18:57:39: [umc-core.smx] VOTE MENU: (Verbose) Fetching 7 maps from group 'Commander Maps'
L 08/25/2018 - 18:57:39: [umc-core.smx] VOTE MENU: (Verbose) Finished parsing nominations for map group 'Commander Maps'
L 08/25/2018 - 18:57:39: [umc-core.smx] VOTE MENU: (Verbose) Still need to fetch 7 maps from the group.
L 08/25/2018 - 18:57:39: [umc-core.smx] VOTE MENU: (Verbose) Selected map 'emp_downfall_hce' from group 'Commander Maps' was added to the vote.
L 08/25/2018 - 18:57:39: [umc-core.smx] VOTE MENU: (Verbose) Selected map 'emp_beachfront_b2_hce' from group 'Commander Maps' was added to the vote.
L 08/25/2018 - 18:57:39: [umc-core.smx] VOTE MENU: (Verbose) Selected map 'emp_crossroads_towerless_hce' from group 'Commander Maps' was added to the vote.
L 08/25/2018 - 18:57:39: [umc-core.smx] VOTE MENU: (Verbose) Selected map 'emp_drygulch_a7' from group 'Commander Maps' was added to the vote.
L 08/25/2018 - 18:57:39: [umc-core.smx] VOTE MENU: (Verbose) No more maps in map group 'Commander Maps'
L 08/25/2018 - 18:57:39: [umc-core.smx] VOTE MENU: (Verbose) Fetching 1 maps from group 'Infantry Maps'
L 08/25/2018 - 18:57:39: [umc-core.smx] VOTE MENU: (Verbose) Finished parsing nominations for map group 'Infantry Maps'
L 08/25/2018 - 18:57:39: [umc-core.smx] VOTE MENU: (Verbose) Still need to fetch 1 maps from the group.
L 08/25/2018 - 18:57:39: [umc-core.smx] VOTE MENU: (Verbose) Selected map 'con_blast_ob2' from group 'Infantry Maps' was added to the vote.
L 08/25/2018 - 18:57:39: [umc-core.smx] VOTE MENU: (Verbose) Fetching 0 maps from group 'Cooldown Maps'
L 08/25/2018 - 18:57:39: [umc-core.smx] VOTE MENU: (Verbose) Finished parsing nominations for map group 'Cooldown Maps'
L 08/25/2018 - 18:57:39: [umc-core.smx] Initiating Vote Type: Map
L 08/25/2018 - 18:57:39: [umc-core.smx] Adding Clients to Vote:
L 08/25/2018 - 18:57:39: [umc-core.smx] 0: Candles (5)
L 08/25/2018 - 18:57:39: [umc-core.smx] 1: Wilko (6)
L 08/25/2018 - 18:57:39: [umc-core.smx] VOTE MENU:
L 08/25/2018 - 18:57:39: [umc-core.smx] 2: con_blast (0)
L 08/25/2018 - 18:57:39: [umc-core.smx] 3: emp_beachfront (1)
L 08/25/2018 - 18:57:39: [umc-core.smx] 4: emp_crossroads (2)
L 08/25/2018 - 18:57:39: [umc-core.smx] 5: emp_drygulch (3)
L 08/25/2018 - 18:57:39: [umc-core.smx] 6: emp_downfall (4)
L 08/25/2018 - 18:58:09: [umc-emp-mapvote.smx] WARNING: Map Voting failure. Initiating random map fail-safe.
L 08/25/2018 - 18:58:09: [umc-core.smx] Setting nextmap to: con_blast_ob2
L 08/25/2018 - 18:58:09: [umc-randomcycle.smx] Disabling random nextmap selection.
L 08/25/2018 - 18:58:09: [umc-core.smx] umc-emp-mapvote.smx: Changing map to 'con_blast_ob2' in 5 seconds.
L 08/25/2018 - 18:58:09: [umc-core.smx] Vote has concluded.
L 08/25/2018 - 18:58:15: [umc-core.smx] ---------------------MAP CHANGE: con_blast_ob2---------------------
L 08/25/2018 - 18:58:15: [umc-endvote-warnings.smx] Successfully parsed and set up 11 vote warnings.
L 08/25/2018 - 18:58:15: [umc-rockthevote.smx] RTV will be made available in 60 seconds.
L 08/25/2018 - 18:59:16: [umc-rockthevote.smx] RTV is now available.
L 08/25/2018 - 19:12:15: [umc-emp-mapvote.smx] Map vote will appear in 30 seconds.
L 08/25/2018 - 19:12:45: [umc-emp-mapvote.smx] Starting a map vote.
L 08/25/2018 - 19:12:45: [umc-core.smx] VOTE MENU: (Verbose) Fetching 7 maps from group 'Commander Maps'
L 08/25/2018 - 19:12:45: [umc-core.smx] VOTE MENU: (Verbose) Finished parsing nominations for map group 'Commander Maps'
L 08/25/2018 - 19:12:45: [umc-core.smx] VOTE MENU: (Verbose) Still need to fetch 7 maps from the group.
L 08/25/2018 - 19:12:45: [umc-core.smx] VOTE MENU: (Verbose) Selected map 'emp_drygulch_a7' from group 'Commander Maps' was added to the vote.
L 08/25/2018 - 19:12:45: [umc-core.smx] VOTE MENU: (Verbose) Selected map 'emp_downfall_hce' from group 'Commander Maps' was added to the vote.
L 08/25/2018 - 19:12:45: [umc-core.smx] VOTE MENU: (Verbose) Selected map 'emp_beachfront_b2_hce' from group 'Commander Maps' was added to the vote.
L 08/25/2018 - 19:12:45: [umc-core.smx] VOTE MENU: (Verbose) Selected map 'emp_crossroads_towerless_hce' from group 'Commander Maps' was added to the vote.
L 08/25/2018 - 19:12:45: [umc-core.smx] VOTE MENU: (Verbose) No more maps in map group 'Commander Maps'
L 08/25/2018 - 19:12:45: [umc-core.smx] VOTE MENU: (Verbose) Fetching 1 maps from group 'Infantry Maps'
L 08/25/2018 - 19:12:45: [umc-core.smx] VOTE MENU: (Verbose) Finished parsing nominations for map group 'Infantry Maps'
L 08/25/2018 - 19:12:45: [umc-core.smx] VOTE MENU: (Verbose) Still need to fetch 1 maps from the group.
L 08/25/2018 - 19:12:45: [umc-core.smx] VOTE MENU: (Verbose) No more maps in map group 'Infantry Maps'
L 08/25/2018 - 19:12:45: [umc-core.smx] VOTE MENU: (Verbose) Fetching 0 maps from group 'Cooldown Maps'
L 08/25/2018 - 19:12:45: [umc-core.smx] VOTE MENU: (Verbose) Finished parsing nominations for map group 'Cooldown Maps'
L 08/25/2018 - 19:12:45: [umc-core.smx] Initiating Vote Type: Map
L 08/25/2018 - 19:12:45: [umc-core.smx] Adding Clients to Vote:
L 08/25/2018 - 19:12:45: [umc-core.smx] 0: Nowaf8037 (2)
L 08/25/2018 - 19:12:45: [umc-core.smx] 1: Wilko (6)
L 08/25/2018 - 19:12:45: [umc-core.smx] VOTE MENU:
L 08/25/2018 - 19:12:45: [umc-core.smx] 2: emp_beachfront (0)
L 08/25/2018 - 19:12:45: [umc-core.smx] 3: emp_downfall (1)
L 08/25/2018 - 19:12:45: [umc-core.smx] 4: emp_drygulch (2)
L 08/25/2018 - 19:12:45: [umc-core.smx] 5: emp_crossroads (3)
L 08/25/2018 - 19:12:59: [umc-core.smx] Nowaf8037<14><[U:1:309341142]><> selected menu item 1
L 08/25/2018 - 19:13:16: [umc-core.smx] Setting nextmap to: emp_beachfront_b2_hce
L 08/25/2018 - 19:13:16: [umc-randomcycle.smx] Disabling random nextmap selection.
L 08/25/2018 - 19:13:16: [umc-core.smx] umc-emp-mapvote.smx: Changing map to 'emp_beachfront_b2_hce' in 5 seconds.
L 08/25/2018 - 19:13:16: [umc-core.smx] MAPVOTE: Players voted for map 'emp_beachfront_b2_hce' from group 'Commander Maps'
L 08/25/2018 - 19:13:16: [umc-core.smx] Vote has concluded.
L 08/25/2018 - 19:13:22: [umc-core.smx] ---------------------MAP CHANGE: emp_beachfront_b2_hce---------------------
L 08/25/2018 - 19:13:22: [umc-endvote-warnings.smx] Successfully parsed and set up 11 vote warnings.
L 08/25/2018 - 19:13:22: [umc-rockthevote.smx] RTV will be made available in 60 seconds.
L 08/25/2018 - 19:14:23: [umc-rockthevote.smx] RTV is now available.
L 08/25/2018 - 19:52:46: [umc-emp-mapvote.smx] Map vote will appear in 30 seconds.
L 08/25/2018 - 19:53:16: [umc-emp-mapvote.smx] Starting a map vote.
L 08/25/2018 - 19:53:16: [umc-core.smx] VOTE MENU: (Verbose) Fetching 7 maps from group 'Commander Maps'
L 08/25/2018 - 19:53:16: [umc-core.smx] VOTE MENU: (Verbose) Finished parsing nominations for map group 'Commander Maps'
L 08/25/2018 - 19:53:16: [umc-core.smx] VOTE MENU: (Verbose) Still need to fetch 7 maps from the group.
L 08/25/2018 - 19:53:16: [umc-core.smx] VOTE MENU: (Verbose) Selected map 'emp_downfall_hce' from group 'Commander Maps' was added to the vote.
L 08/25/2018 - 19:53:16: [umc-core.smx] VOTE MENU: (Verbose) Selected map 'emp_crossroads_towerless_hce' from group 'Commander Maps' was added to the vote.
L 08/25/2018 - 19:53:16: [umc-core.smx] VOTE MENU: (Verbose) Selected map 'emp_drygulch_a7' from group 'Commander Maps' was added to the vote.
L 08/25/2018 - 19:53:16: [umc-core.smx] VOTE MENU: (Verbose) No more maps in map group 'Commander Maps'
L 08/25/2018 - 19:53:16: [umc-core.smx] VOTE MENU: (Verbose) Fetching 1 maps from group 'Infantry Maps'
L 08/25/2018 - 19:53:16: [umc-core.smx] VOTE MENU: (Verbose) Finished parsing nominations for map group 'Infantry Maps'
L 08/25/2018 - 19:53:16: [umc-core.smx] VOTE MENU: (Verbose) Still need to fetch 1 maps from the group.
L 08/25/2018 - 19:53:16: [umc-core.smx] VOTE MENU: (Verbose) Selected map 'emp_nuclear_b8u_xfix' from group 'Infantry Maps' was added to the vote.
L 08/25/2018 - 19:53:16: [umc-core.smx] VOTE MENU: (Verbose) Fetching 0 maps from group 'Cooldown Maps'
L 08/25/2018 - 19:53:16: [umc-core.smx] VOTE MENU: (Verbose) Finished parsing nominations for map group 'Cooldown Maps'
L 08/25/2018 - 19:53:16: [umc-core.smx] Initiating Vote Type: Map
L 08/25/2018 - 19:53:16: [umc-core.smx] Adding Clients to Vote:
L 08/25/2018 - 19:53:16: [umc-core.smx] 0: Nowaf8037 (2)
L 08/25/2018 - 19:53:16: [umc-core.smx] 1: Oktay (3)
L 08/25/2018 - 19:53:16: [umc-core.smx] 2: Ozi (4)
L 08/25/2018 - 19:53:16: [umc-core.smx] 3: unknowplayer (5)
L 08/25/2018 - 19:53:16: [umc-core.smx] 4: Wilko (6)
L 08/25/2018 - 19:53:16: [umc-core.smx] 5: Marcuss2 (7)
L 08/25/2018 - 19:53:16: [umc-core.smx] VOTE MENU:
L 08/25/2018 - 19:53:16: [umc-core.smx] 2: as_nuclear (0)
L 08/25/2018 - 19:53:16: [umc-core.smx] 3: emp_downfall (1)
L 08/25/2018 - 19:53:16: [umc-core.smx] 4: emp_drygulch (2)
L 08/25/2018 - 19:53:16: [umc-core.smx] 5: emp_crossroads (3)
L 08/25/2018 - 19:53:20: [umc-core.smx] Wilko<8><[U:1:1704795]><> selected menu item 4
L 08/25/2018 - 19:53:27: [umc-core.smx] Marcuss2<18><[U:1:52407423]><> selected menu item 2
L 08/25/2018 - 19:53:28: [umc-core.smx] Nowaf8037<14><[U:1:309341142]><> selected menu item 1
L 08/25/2018 - 19:53:28: [umc-core.smx] unknowplayer<17><[U:1:217719239]><> selected menu item 1
L 08/25/2018 - 19:53:46: [umc-core.smx] RUNOFF MENU: (Verbose) Building runoff vote menu.
L 08/25/2018 - 19:53:46: [umc-core.smx] RUNOFF MENU: (Verbose) 'emp_crossroads' was removed from the vote. It had 1 votes (25 of total)
L 08/25/2018 - 19:53:46: [umc-core.smx] RUNOFF MENU: (Verbose) Stopped removing options from the vote. Maximum possible winning vote percentage is 75%
L 08/25/2018 - 19:53:46: [umc-core.smx] Vote has concluded.
L 08/25/2018 - 19:53:54: [umc-core.smx] RUNOFF: Starting runoff vote.
L 08/25/2018 - 19:53:54: [umc-core.smx] Initiating Vote Type: Map
L 08/25/2018 - 19:53:54: [umc-core.smx] Adding Clients to Vote:
L 08/25/2018 - 19:53:54: [umc-core.smx] 0: Nowaf8037 (2)
L 08/25/2018 - 19:53:54: [umc-core.smx] 1: Oktay (3)
L 08/25/2018 - 19:53:54: [umc-core.smx] 2: Ozi (4)
L 08/25/2018 - 19:53:54: [umc-core.smx] 3: unknowplayer (5)
L 08/25/2018 - 19:53:54: [umc-core.smx] 4: Wilko (6)
L 08/25/2018 - 19:53:54: [umc-core.smx] 5: Marcuss2 (7)
L 08/25/2018 - 19:53:54: [umc-core.smx] VOTE MENU:
L 08/25/2018 - 19:53:54: [umc-core.smx] 2: as_nuclear (0)
L 08/25/2018 - 19:53:54: [umc-core.smx] 3: emp_downfall (1)
L 08/25/2018 - 19:53:56: [umc-core.smx] Wilko<8><[U:1:1704795]><> selected menu item 2
L 08/25/2018 - 19:53:58: [umc-core.smx] unknowplayer<17><[U:1:217719239]><> selected menu item 2
L 08/25/2018 - 19:53:59: [umc-core.smx] Marcuss2<18><[U:1:52407423]><> selected menu item 2
L 08/25/2018 - 19:54:25: [umc-core.smx] Setting nextmap to: emp_downfall_hce
L 08/25/2018 - 19:54:25: [umc-randomcycle.smx] Disabling random nextmap selection.
L 08/25/2018 - 19:54:25: [umc-core.smx] umc-emp-mapvote.smx: Changing map to 'emp_downfall_hce' in 5 seconds.
L 08/25/2018 - 19:54:25: [umc-core.smx] MAPVOTE: Players voted for map 'emp_downfall_hce' from group 'Commander Maps'
L 08/25/2018 - 19:54:25: [umc-core.smx] Vote has concluded.
L 08/25/2018 - 19:54:31: [umc-core.smx] ---------------------MAP CHANGE: emp_downfall_hce---------------------
L 08/25/2018 - 19:54:31: [umc-endvote-warnings.smx] Successfully parsed and set up 11 vote warnings.
L 08/25/2018 - 19:54:31: [umc-rockthevote.smx] RTV will be made available in 60 seconds.
L 08/25/2018 - 19:55:32: [umc-rockthevote.smx] RTV is now available.
L 08/25/2018 - 20:24:36: [umc-nominate.smx] Nowaf8037 wants to nominate a map.
L 08/25/2018 - 20:24:40: [umc-nominate.smx] Nowaf8037 has nominated 'emp_nuclear_b8u_xfix' from group 'Infantry Maps'
L 08/25/2018 - 21:43:41: [umc-emp-mapvote.smx] Map vote will appear in 30 seconds.
L 08/25/2018 - 21:43:55: [umc-nominate.smx] Grave wants to nominate a map.
L 08/25/2018 - 21:44:11: [umc-emp-mapvote.smx] Starting a map vote.
L 08/25/2018 - 21:44:11: [umc-core.smx] VOTE MENU: (Verbose) Fetching 7 maps from group 'Commander Maps'
L 08/25/2018 - 21:44:11: [umc-core.smx] VOTE MENU: (Verbose) Finished parsing nominations for map group 'Commander Maps'
L 08/25/2018 - 21:44:11: [umc-core.smx] VOTE MENU: (Verbose) Still need to fetch 7 maps from the group.
L 08/25/2018 - 21:44:11: [umc-core.smx] VOTE MENU: (Verbose) Selected map 'emp_mvalley_fix' from group 'Commander Maps' was added to the vote.
L 08/25/2018 - 21:44:11: [umc-core.smx] VOTE MENU: (Verbose) Selected map 'emp_coast' from group 'Commander Maps' was added to the vote.
L 08/25/2018 - 21:44:11: [umc-core.smx] VOTE MENU: (Verbose) Selected map 'emp_homeland_b9_hce' from group 'Commander Maps' was added to the vote.
L 08/25/2018 - 21:44:11: [umc-core.smx] VOTE MENU: (Verbose) Selected map 'emp_raiders_b1' from group 'Commander Maps' was added to the vote.
L 08/25/2018 - 21:44:11: [umc-core.smx] VOTE MENU: (Verbose) Selected map 'emp_temple_b3f' from group 'Commander Maps' was added to the vote.
L 08/25/2018 - 21:44:11: [umc-core.smx] VOTE MENU: (Verbose) Selected map 'emp_silo_rc5_hce' from group 'Commander Maps' was added to the vote.
L 08/25/2018 - 21:44:11: [umc-core.smx] VOTE MENU: (Verbose) Selected map 'emp_massacred_rc1_hce' from group 'Commander Maps' was added to the vote.
L 08/25/2018 - 21:44:11: [umc-core.smx] VOTE MENU: (Verbose) Fetching 1 maps from group 'Infantry Maps'
L 08/25/2018 - 21:44:11: [umc-core.smx] VOTE MENU: (Verbose) Finished parsing nominations for map group 'Infantry Maps'
L 08/25/2018 - 21:44:11: [umc-core.smx] VOTE MENU: (Verbose) Still need to fetch 1 maps from the group.
L 08/25/2018 - 21:44:11: [umc-core.smx] VOTE MENU: (Verbose) No more maps in map group 'Infantry Maps'
L 08/25/2018 - 21:44:11: [umc-core.smx] VOTE MENU: (Verbose) Fetching 0 maps from group 'Cooldown Maps'
L 08/25/2018 - 21:44:11: [umc-core.smx] VOTE MENU: (Verbose) Finished parsing nominations for map group 'Cooldown Maps'
L 08/25/2018 - 21:44:11: [umc-core.smx] Initiating Vote Type: Map
L 08/25/2018 - 21:44:11: [umc-core.smx] Adding Clients to Vote:
L 08/25/2018 - 21:44:11: [umc-core.smx] 0: Nowaf8037 (2)
L 08/25/2018 - 21:44:11: [umc-core.smx] 1: Oktay (3)
L 08/25/2018 - 21:44:11: [umc-core.smx] 2: Ozi (4)
L 08/25/2018 - 21:44:11: [umc-core.smx] 3: Highlander (5)
L 08/25/2018 - 21:44:11: [umc-core.smx] 4: Wilko (6)
L 08/25/2018 - 21:44:11: [umc-core.smx] 5: object™ (7)
L 08/25/2018 - 21:44:11: [umc-core.smx] 6: Mikleo (8)
L 08/25/2018 - 21:44:11: [umc-core.smx] 7: Axeman (9)
L 08/25/2018 - 21:44:11: [umc-core.smx] 8: Candles (10)
L 08/25/2018 - 21:44:11: [umc-core.smx] 9: Justkidding (FutureFunk) (11)
L 08/25/2018 - 21:44:11: [umc-core.smx] 10: VV (12)
L 08/25/2018 - 21:44:11: [umc-core.smx] 11: ☣ Joy (13)
L 08/25/2018 - 21:44:11: [umc-core.smx] 12: POOTISMAN (14)
L 08/25/2018 - 21:44:11: [umc-core.smx] 13: Rightwing Extremist (15)
L 08/25/2018 - 21:44:11: [umc-core.smx] 14: .|Ϟ|. Tony (16)
L 08/25/2018 - 21:44:11: [umc-core.smx] 15: YouzY (17)
L 08/25/2018 - 21:44:11: [umc-core.smx] 16: Spyer (18)
L 08/25/2018 - 21:44:11: [umc-core.smx] 17: Grave (19)
L 08/25/2018 - 21:44:11: [umc-core.smx] 18: ScardyBob (20)
L 08/25/2018 - 21:44:11: [umc-core.smx] 19: Snokie Boi (21)
L 08/25/2018 - 21:44:11: [umc-core.smx] 20: ‡|JPL|‡ Razorbud (22)
L 08/25/2018 - 21:44:11: [umc-core.smx] 21: Fear (23)
L 08/25/2018 - 21:44:11: [umc-core.smx] 22: Paradox (24)
L 08/25/2018 - 21:44:11: [umc-core.smx] 23: =[KXIC]= hopfi (25)
L 08/25/2018 - 21:44:11: [umc-core.smx] 24: Uninspired (26)
L 08/25/2018 - 21:44:11: [umc-core.smx] 25: JK ✅ (27)
L 08/25/2018 - 21:44:11: [umc-core.smx] VOTE MENU:
L 08/25/2018 - 21:44:11: [umc-core.smx] 2: emp_homeland (0)
L 08/25/2018 - 21:44:11: [umc-core.smx] 3: emp_coast (1)
L 08/25/2018 - 21:44:11: [umc-core.smx] 4: emp_temple (2)
L 08/25/2018 - 21:44:11: [umc-core.smx] 5: emp_silo (3)
L 08/25/2018 - 21:44:11: [umc-core.smx] 6: emp_raiders (4)
L 08/25/2018 - 21:44:11: [umc-core.smx] 7: emp_mvalley (5)
L 08/25/2018 - 21:44:11: [umc-core.smx] 8: emp_massacred (6)
L 08/25/2018 - 21:44:14: [umc-core.smx] Candles<37><[U:1:34985984]><> selected menu item 1
L 08/25/2018 - 21:44:15: [umc-core.smx] VV<26><[U:1:5870260]><> selected menu item 3
L 08/25/2018 - 21:44:15: [umc-core.smx] Highlander<20><[U:1:313664018]><> selected menu item 1
L 08/25/2018 - 21:44:16: [umc-core.smx] POOTISMAN<35><[U:1:26527408]><> selected menu item 4
L 08/25/2018 - 21:44:16: [umc-core.smx] ScardyBob<34><[U:1:21571057]><> selected menu item 7
L 08/25/2018 - 21:44:18: [umc-core.smx] object™<21><[U:1:1221009]><> selected menu item 1
L 08/25/2018 - 21:44:18: [umc-core.smx] Axeman<23><[U:1:34903667]><> selected menu item 6
L 08/25/2018 - 21:44:19: [umc-core.smx] Mikleo<22><[U:1:376259319]><> selected menu item 1
L 08/25/2018 - 21:44:20: [umc-core.smx] ☣ Joy<27><[U:1:14391461]><> selected menu item 2
L 08/25/2018 - 21:44:22: [umc-core.smx] Grave<33><[U:1:34977414]><> selected menu item 6
L 08/25/2018 - 21:44:23: [umc-core.smx] Wilko<8><[U:1:1704795]><> selected menu item 1
L 08/25/2018 - 21:44:24: [umc-core.smx] Nowaf8037<14><[U:1:309341142]><> selected menu item 1
L 08/25/2018 - 21:44:24: [umc-core.smx] Spyer<32><[U:1:34143605]><> selected menu item 1
L 08/25/2018 - 21:44:28: [umc-core.smx] .|Ϟ|. Tony<46><[U:1:59629924]><> selected menu item 1
L 08/25/2018 - 21:44:36: [umc-core.smx] Oktay<15><[U:1:116496292]><> selected menu item 5
L 08/25/2018 - 21:44:41: [umc-core.smx] Setting nextmap to: emp_homeland_b9_hce
L 08/25/2018 - 21:44:41: [umc-randomcycle.smx] Disabling random nextmap selection.
L 08/25/2018 - 21:44:41: [umc-core.smx] umc-emp-mapvote.smx: Changing map to 'emp_homeland_b9_hce' in 5 seconds.
L 08/25/2018 - 21:44:41: [umc-core.smx] MAPVOTE: Players voted for map 'emp_homeland_b9_hce' from group 'Commander Maps'
L 08/25/2018 - 21:44:41: [umc-core.smx] Vote has concluded.
L 08/25/2018 - 21:44:48: [umc-core.smx] ---------------------MAP CHANGE: emp_homeland_b9_hce---------------------
L 08/25/2018 - 21:44:48: [umc-endvote-warnings.smx] Successfully parsed and set up 11 vote warnings.
L 08/25/2018 - 21:44:48: [umc-rockthevote.smx] RTV will be made available in 60 seconds.
L 08/25/2018 - 21:45:49: [umc-rockthevote.smx] RTV is now available.
L 08/25/2018 - 22:23:16: [umc-nominate.smx] Oktay wants to nominate a map.
L 08/25/2018 - 22:23:23: [umc-nominate.smx] Oktay has nominated 'emp_raiders_b1' from group 'Commander Maps'
L 08/25/2018 - 22:23:31: [umc-nominate.smx] rauer wants to nominate a map.
L 08/25/2018 - 22:30:20: [umc-emp-mapvote.smx] Map vote will appear in 30 seconds.
L 08/25/2018 - 22:30:50: [umc-emp-mapvote.smx] Starting a map vote.
L 08/25/2018 - 22:30:50: [umc-core.smx] VOTE MENU: (Verbose) Fetching 7 maps from group 'Commander Maps'
L 08/25/2018 - 22:30:50: [umc-core.smx] VOTE MENU: (Verbose) Nominated map 'emp_raiders_b1' from group 'Commander Maps' was added to the vote.
L 08/25/2018 - 22:30:50: [umc-core.smx] VOTE MENU: (Verbose) Finished parsing nominations for map group 'Commander Maps'
L 08/25/2018 - 22:30:50: [umc-core.smx] VOTE MENU: (Verbose) Still need to fetch 6 maps from the group.
L 08/25/2018 - 22:30:50: [umc-core.smx] VOTE MENU: (Verbose) Selected map 'emp_temple_b3f' from group 'Commander Maps' was added to the vote.
L 08/25/2018 - 22:30:50: [umc-core.smx] VOTE MENU: (Verbose) Selected map 'emp_traders_a8' from group 'Commander Maps' was added to the vote.
L 08/25/2018 - 22:30:50: [umc-core.smx] VOTE MENU: (Verbose) Selected map 'emp_mesa_d6_hce' from group 'Commander Maps' was added to the vote.
L 08/25/2018 - 22:30:50: [umc-core.smx] VOTE MENU: (Verbose) Selected map 'emp_dune_ob1' from group 'Commander Maps' was added to the vote.
L 08/25/2018 - 22:30:50: [umc-core.smx] VOTE MENU: (Verbose) Selected map 'emp_coast' from group 'Commander Maps' was added to the vote.
L 08/25/2018 - 22:30:50: [umc-core.smx] VOTE MENU: (Verbose) Selected map 'emp_duststorm_fix2' from group 'Commander Maps' was added to the vote.
L 08/25/2018 - 22:30:50: [umc-core.smx] VOTE MENU: (Verbose) Fetching 1 maps from group 'Infantry Maps'
L 08/25/2018 - 22:30:50: [umc-core.smx] VOTE MENU: (Verbose) Finished parsing nominations for map group 'Infantry Maps'
L 08/25/2018 - 22:30:50: [umc-core.smx] VOTE MENU: (Verbose) Still need to fetch 1 maps from the group.
L 08/25/2018 - 22:30:50: [umc-core.smx] VOTE MENU: (Verbose) No more maps in map group 'Infantry Maps'
L 08/25/2018 - 22:30:50: [umc-core.smx] VOTE MENU: (Verbose) Fetching 0 maps from group 'Cooldown Maps'
L 08/25/2018 - 22:30:50: [umc-core.smx] VOTE MENU: (Verbose) Finished parsing nominations for map group 'Cooldown Maps'
L 08/25/2018 - 22:30:50: [umc-core.smx] Initiating Vote Type: Map
L 08/25/2018 - 22:30:50: [umc-core.smx] Adding Clients to Vote:
L 08/25/2018 - 22:30:50: [umc-core.smx] 0: Nowaf8037 (2)
L 08/25/2018 - 22:30:50: [umc-core.smx] 1: Oktay (3)
L 08/25/2018 - 22:30:50: [umc-core.smx] 2: Ozi (4)
L 08/25/2018 - 22:30:50: [umc-core.smx] 3: Highlander (5)
L 08/25/2018 - 22:30:50: [umc-core.smx] 4: Wilko (6)
L 08/25/2018 - 22:30:50: [umc-core.smx] 5: object™ (7)
L 08/25/2018 - 22:30:50: [umc-core.smx] 6: Mikleo (8)
L 08/25/2018 - 22:30:50: [umc-core.smx] 7: Axeman (9)
L 08/25/2018 - 22:30:50: [umc-core.smx] 8: Candles (10)
L 08/25/2018 - 22:30:50: [umc-core.smx] 9: Justkidding (FutureFunk) (11)
L 08/25/2018 - 22:30:50: [umc-core.smx] 10: VV (12)
L 08/25/2018 - 22:30:50: [umc-core.smx] 11: ☣ Joy (13)
L 08/25/2018 - 22:30:50: [umc-core.smx] 12: POOTISMAN (14)
L 08/25/2018 - 22:30:50: [umc-core.smx] 13: -W3E- aaacowsad (15)
L 08/25/2018 - 22:30:50: [umc-core.smx] 14: .|Ϟ|. Tony (16)
L 08/25/2018 - 22:30:50: [umc-core.smx] 15: YouzY (17)
L 08/25/2018 - 22:30:50: [umc-core.smx] 16: Spyer (18)
L 08/25/2018 - 22:30:50: [umc-core.smx] 17: Grave (19)
L 08/25/2018 - 22:30:50: [umc-core.smx] 18: ScardyBob (20)
L 08/25/2018 - 22:30:50: [umc-core.smx] 19: Snokie Boi (21)
L 08/25/2018 - 22:30:50: [umc-core.smx] 20: rauer (22)
L 08/25/2018 - 22:30:50: [umc-core.smx] 21: Selo (23)
L 08/25/2018 - 22:30:50: [umc-core.smx] 22: Brentor (24)
L 08/25/2018 - 22:30:50: [umc-core.smx] 23: =[KXIC]= hopfi (25)
L 08/25/2018 - 22:30:50: [umc-core.smx] 24: Uninspired (26)
L 08/25/2018 - 22:30:50: [umc-core.smx] 25: JK ✅ (27)
L 08/25/2018 - 22:30:50: [umc-core.smx] 26: Quigon (28)
L 08/25/2018 - 22:30:50: [umc-core.smx] 27: Solace (29)
L 08/25/2018 - 22:30:50: [umc-core.smx] VOTE MENU:
L 08/25/2018 - 22:30:50: [umc-core.smx] 2: emp_mesa (0)
L 08/25/2018 - 22:30:50: [umc-core.smx] 3: emp_duststorm (1)
L 08/25/2018 - 22:30:50: [umc-core.smx] 4: emp_coast (2)
L 08/25/2018 - 22:30:50: [umc-core.smx] 5: emp_dune (3)
L 08/25/2018 - 22:30:50: [umc-core.smx] 6: emp_raiders (4)
L 08/25/2018 - 22:30:50: [umc-core.smx] 7: emp_temple (5)
L 08/25/2018 - 22:30:50: [umc-core.smx] 8: emp_traders (6)
L 08/25/2018 - 22:30:55: [umc-core.smx] Quigon<53><[U:1:5653485]><> selected menu item 3
L 08/25/2018 - 22:30:58: [umc-core.smx] Selo<54><[U:1:13043115]><> selected menu item 3
L 08/25/2018 - 22:30:58: [umc-core.smx] Highlander<20><[U:1:313664018]><> selected menu item 3
L 08/25/2018 - 22:30:59: [umc-core.smx] ☣ Joy<27><[U:1:14391461]><> selected menu item 2
L 08/25/2018 - 22:31:00: [umc-core.smx] Wilko<8><[U:1:1704795]><> selected menu item 6
L 08/25/2018 - 22:31:01: [umc-core.smx] object™<21><[U:1:1221009]><> selected menu item 1
L 08/25/2018 - 22:31:02: [umc-core.smx] ScardyBob<34><[U:1:21571057]><> selected menu item 5
L 08/25/2018 - 22:31:02: [umc-core.smx] Brentor<55><[U:1:40822645]><> selected menu item 3
L 08/25/2018 - 22:31:02: [umc-core.smx] -W3E- aaacowsad<51><[U:1:94199895]><> selected menu item 2
L 08/25/2018 - 22:31:09: [umc-core.smx] Spyer<32><[U:1:34143605]><> selected menu item 2
L 08/25/2018 - 22:31:10: [umc-core.smx] POOTISMAN<35><[U:1:26527408]><> selected menu item 1
L 08/25/2018 - 22:31:11: [umc-core.smx] .|Ϟ|. Tony<46><[U:1:59629924]><> selected menu item 3
L 08/25/2018 - 22:31:11: [umc-core.smx] VV<26><[U:1:5870260]><> selected menu item 6
L 08/25/2018 - 22:31:12: [umc-core.smx] JK ✅<49><[U:1:17292082]><> selected menu item 3
L 08/25/2018 - 22:31:12: [umc-core.smx] Snokie Boi<50><[U:1:120860519]><> selected menu item 3
L 08/25/2018 - 22:31:15: [umc-core.smx] Uninspired<48><[U:1:29103880]><> selected menu item 2
L 08/25/2018 - 22:31:20: [umc-core.smx] Oktay<15><[U:1:116496292]><> selected menu item 5
L 08/25/2018 - 22:31:21: [umc-core.smx] RUNOFF MENU: (Verbose) Building runoff vote menu.
L 08/25/2018 - 22:31:21: [umc-core.smx] RUNOFF MENU: (Verbose) 'emp_raiders' was removed from the vote. It had 2 votes (11 of total)
L 08/25/2018 - 22:31:21: [umc-core.smx] RUNOFF MENU: (Verbose) 'emp_mesa' was removed from the vote. It had 2 votes (11 of total)
L 08/25/2018 - 22:31:21: [umc-core.smx] RUNOFF MENU: (Verbose) 'emp_temple' was removed from the vote. It had 2 votes (11 of total)
L 08/25/2018 - 22:31:21: [umc-core.smx] RUNOFF MENU: (Verbose) Stopped removing options from the vote. Maximum possible winning vote percentage is 76%
L 08/25/2018 - 22:31:21: [umc-core.smx] Vote has concluded.
L 08/25/2018 - 22:31:29: [umc-core.smx] RUNOFF: Starting runoff vote.
L 08/25/2018 - 22:31:29: [umc-core.smx] Initiating Vote Type: Map
L 08/25/2018 - 22:31:29: [umc-core.smx] Adding Clients to Vote:
L 08/25/2018 - 22:31:29: [umc-core.smx] 0: Nowaf8037 (2)
L 08/25/2018 - 22:31:29: [umc-core.smx] 1: Oktay (3)
L 08/25/2018 - 22:31:29: [umc-core.smx] 2: Ozi (4)
L 08/25/2018 - 22:31:29: [umc-core.smx] 3: Highlander (5)
L 08/25/2018 - 22:31:29: [umc-core.smx] 4: Wilko (6)
L 08/25/2018 - 22:31:29: [umc-core.smx] 5: object™ (7)
L 08/25/2018 - 22:31:29: [umc-core.smx] 6: Mikleo (8)
L 08/25/2018 - 22:31:29: [umc-core.smx] 7: Axeman (9)
L 08/25/2018 - 22:31:29: [umc-core.smx] 8: Candles (10)
L 08/25/2018 - 22:31:29: [umc-core.smx] 9: Justkidding (FutureFunk) (11)
L 08/25/2018 - 22:31:29: [umc-core.smx] 10: VV (12)
L 08/25/2018 - 22:31:29: [umc-core.smx] 11: ☣ Joy (13)
L 08/25/2018 - 22:31:29: [umc-core.smx] 12: POOTISMAN (14)
L 08/25/2018 - 22:31:29: [umc-core.smx] 13: -W3E- aaacowsad (15)
L 08/25/2018 - 22:31:29: [umc-core.smx] 14: .|Ϟ|. Tony (16)
L 08/25/2018 - 22:31:29: [umc-core.smx] 15: YouzY (17)
L 08/25/2018 - 22:31:29: [umc-core.smx] 16: Spyer (18)
L 08/25/2018 - 22:31:29: [umc-core.smx] 17: Grave (19)
L 08/25/2018 - 22:31:29: [umc-core.smx] 18: ScardyBob (20)
L 08/25/2018 - 22:31:29: [umc-core.smx] 19: Snokie Boi (21)
L 08/25/2018 - 22:31:29: [umc-core.smx] 20: rauer (22)
L 08/25/2018 - 22:31:29: [umc-core.smx] 21: Selo (23)
L 08/25/2018 - 22:31:29: [umc-core.smx] 22: Brentor (24)
L 08/25/2018 - 22:31:29: [umc-core.smx] 23: =[KXIC]= hopfi (25)
L 08/25/2018 - 22:31:29: [umc-core.smx] 24: Uninspired (26)
L 08/25/2018 - 22:31:29: [umc-core.smx] 25: JK ✅ (27)
L 08/25/2018 - 22:31:29: [umc-core.smx] 26: Quigon (28)
L 08/25/2018 - 22:31:29: [umc-core.smx] 27: Solace (29)
L 08/25/2018 - 22:31:29: [umc-core.smx] VOTE MENU:
L 08/25/2018 - 22:31:29: [umc-core.smx] 2: emp_coast (2)
L 08/25/2018 - 22:31:29: [umc-core.smx] 3: emp_duststorm (1)
L 08/25/2018 - 22:31:30: [umc-core.smx] Spyer<32><[U:1:34143605]><> selected menu item 2
L 08/25/2018 - 22:31:31: [umc-core.smx] Brentor<55><[U:1:40822645]><> selected menu item 1
L 08/25/2018 - 22:31:31: [umc-core.smx] ScardyBob<34><[U:1:21571057]><> selected menu item 2
L 08/25/2018 - 22:31:31: [umc-core.smx] JK ✅<49><[U:1:17292082]><> selected menu item 1
L 08/25/2018 - 22:31:31: [umc-core.smx] Snokie Boi<50><[U:1:120860519]><> selected menu item 1
L 08/25/2018 - 22:31:31: [umc-core.smx] Mikleo<22><[U:1:376259319]><> selected menu item 1
L 08/25/2018 - 22:31:31: [umc-core.smx] Quigon<53><[U:1:5653485]><> selected menu item 1
L 08/25/2018 - 22:31:32: [umc-core.smx] ☣ Joy<27><[U:1:14391461]><> selected menu item 2
L 08/25/2018 - 22:31:32: [umc-core.smx] Candles<37><[U:1:34985984]><> selected menu item 1
L 08/25/2018 - 22:31:32: [umc-core.smx] .|Ϟ|. Tony<46><[U:1:59629924]><> selected menu item 1
L 08/25/2018 - 22:31:34: [umc-core.smx] Oktay<15><[U:1:116496292]><> selected menu item 1
L 08/25/2018 - 22:31:34: [umc-core.smx] Axeman<23><[U:1:34903667]><> selected menu item 1
L 08/25/2018 - 22:31:36: [umc-core.smx] Uninspired<48><[U:1:29103880]><> selected menu item 2
L 08/25/2018 - 22:31:36: [umc-core.smx] Highlander<20><[U:1:313664018]><> selected menu item 2
L 08/25/2018 - 22:31:37: [umc-core.smx] POOTISMAN<35><[U:1:26527408]><> selected menu item 1
L 08/25/2018 - 22:31:38: [umc-core.smx] Grave<33><[U:1:34977414]><> selected menu item 1
L 08/25/2018 - 22:31:40: [umc-core.smx] Justkidding (FutureFunk)<42><[U:1:2788022]><> selected menu item 2
L 08/25/2018 - 22:31:59: [umc-core.smx] Setting nextmap to: emp_coast
L 08/25/2018 - 22:31:59: [umc-randomcycle.smx] Disabling random nextmap selection.
L 08/25/2018 - 22:31:59: [umc-core.smx] umc-emp-mapvote.smx: Changing map to 'emp_coast' in 5 seconds.
L 08/25/2018 - 22:31:59: [umc-core.smx] MAPVOTE: Players voted for map 'emp_coast' from group 'Commander Maps'
L 08/25/2018 - 22:31:59: [umc-core.smx] Vote has concluded.
L 08/25/2018 - 22:32:05: [umc-core.smx] ---------------------MAP CHANGE: emp_coast---------------------
L 08/25/2018 - 22:32:05: [umc-endvote-warnings.smx] Successfully parsed and set up 11 vote warnings.
L 08/25/2018 - 22:32:05: [umc-rockthevote.smx] RTV will be made available in 60 seconds.
L 08/25/2018 - 22:33:06: [umc-rockthevote.smx] RTV is now available.
L 08/25/2018 - 22:51:18: [umc-nominate.smx] .|Ϟ|. C*tface (No Sound) wants to nominate a map.
L 08/25/2018 - 22:51:37: [umc-nominate.smx] rauer wants to nominate a map.
L 08/25/2018 - 22:51:38: [umc-nominate.smx] .|Ϟ|. C*tface (No Sound) has nominated 'emp_streetsoffire_fix' from group 'Commander Maps'
L 08/25/2018 - 22:51:43: [umc-nominate.smx] ScardyBob wants to nominate a map.
L 08/25/2018 - 22:51:49: [umc-nominate.smx] rauer has nominated 'emp_mesa_d6_hce' from group 'Commander Maps'
L 08/25/2018 - 22:51:52: [umc-nominate.smx] ScardyBob has nominated 'emp_isle_hce' from group 'Commander Maps'
L 08/25/2018 - 22:52:02: [umc-emp-mapvote.smx] Map vote will appear in 30 seconds.
L 08/25/2018 - 22:52:12: [umc-nominate.smx] Oktay wants to nominate a map.
L 08/25/2018 - 22:52:15: [umc-nominate.smx] Oktay has nominated 'emp_duststorm_fix2' from group 'Commander Maps'
L 08/25/2018 - 22:52:32: [umc-emp-mapvote.smx] Starting a map vote.
L 08/25/2018 - 22:52:32: [umc-core.smx] VOTE MENU: (Verbose) Fetching 7 maps from group 'Commander Maps'
L 08/25/2018 - 22:52:32: [umc-core.smx] VOTE MENU: (Verbose) Nominated map 'emp_streetsoffire_fix' from group 'Commander Maps' was added to the vote.
L 08/25/2018 - 22:52:32: [umc-core.smx] VOTE MENU: (Verbose) Nominated map 'emp_duststorm_fix2' from group 'Commander Maps' was added to the vote.
L 08/25/2018 - 22:52:32: [umc-core.smx] VOTE MENU: (Verbose) Finished parsing nominations for map group 'Commander Maps'
L 08/25/2018 - 22:52:32: [umc-core.smx] VOTE MENU: (Verbose) Still need to fetch 5 maps from the group.
L 08/25/2018 - 22:52:32: [umc-core.smx] VOTE MENU: (Verbose) Selected map 'emp_silo_rc5_hce' from group 'Commander Maps' was added to the vote.
L 08/25/2018 - 22:52:32: [umc-core.smx] VOTE MENU: (Verbose) Selected map 'emp_ward_rc2' from group 'Commander Maps' was added to the vote.
L 08/25/2018 - 22:52:32: [umc-core.smx] VOTE MENU: (Verbose) Selected map 'emp_temple_b3f' from group 'Commander Maps' was added to the vote.
L 08/25/2018 - 22:52:32: [umc-core.smx] VOTE MENU: (Verbose) Selected map 'emp_glacial_b2' from group 'Commander Maps' was added to the vote.
L 08/25/2018 - 22:52:32: [umc-core.smx] VOTE MENU: (Verbose) Selected map 'emp_palmbay_fix' from group 'Commander Maps' was added to the vote.
L 08/25/2018 - 22:52:32: [umc-core.smx] VOTE MENU: (Verbose) Fetching 1 maps from group 'Infantry Maps'
L 08/25/2018 - 22:52:32: [umc-core.smx] VOTE MENU: (Verbose) Finished parsing nominations for map group 'Infantry Maps'
L 08/25/2018 - 22:52:32: [umc-core.smx] VOTE MENU: (Verbose) Still need to fetch 1 maps from the group.
L 08/25/2018 - 22:52:32: [umc-core.smx] VOTE MENU: (Verbose) No more maps in map group 'Infantry Maps'
L 08/25/2018 - 22:52:32: [umc-core.smx] VOTE MENU: (Verbose) Fetching 0 maps from group 'Cooldown Maps'
L 08/25/2018 - 22:52:32: [umc-core.smx] VOTE MENU: (Verbose) Finished parsing nominations for map group 'Cooldown Maps'
L 08/25/2018 - 22:52:32: [umc-core.smx] Initiating Vote Type: Map
L 08/25/2018 - 22:52:32: [umc-core.smx] Adding Clients to Vote:
L 08/25/2018 - 22:52:32: [umc-core.smx] 0: CrazyMRANZ (2)
L 08/25/2018 - 22:52:32: [umc-core.smx] 1: Oktay (3)
L 08/25/2018 - 22:52:32: [umc-core.smx] 2: Ozi (4)
L 08/25/2018 - 22:52:32: [umc-core.smx] 3: Wilko (6)
L 08/25/2018 - 22:52:32: [umc-core.smx] 4: object™ (7)
L 08/25/2018 - 22:52:32: [umc-core.smx] 5: Mikleo (8)
L 08/25/2018 - 22:52:32: [umc-core.smx] 6: Critawakets (9)
L 08/25/2018 - 22:52:32: [umc-core.smx] 7: Candles (10)
L 08/25/2018 - 22:52:32: [umc-core.smx] 8: Justkidding (FutureFunk) (11)
L 08/25/2018 - 22:52:32: [umc-core.smx] 9: .|Ϟ|. C*tface (No Sound) (12)
L 08/25/2018 - 22:52:32: [umc-core.smx] 10: POOTISMAN (14)
L 08/25/2018 - 22:52:32: [umc-core.smx] 11: -W3E- aaacowsad (15)
L 08/25/2018 - 22:52:32: [umc-core.smx] 12: Nowaf8037 (16)
L 08/25/2018 - 22:52:32: [umc-core.smx] 13: YouzY (17)
L 08/25/2018 - 22:52:32: [umc-core.smx] 14: Spyer (18)
L 08/25/2018 - 22:52:32: [umc-core.smx] 15: ScardyBob (20)
L 08/25/2018 - 22:52:32: [umc-core.smx] 16: Selo (23)
L 08/25/2018 - 22:52:32: [umc-core.smx] 17: Brentor (24)
L 08/25/2018 - 22:52:32: [umc-core.smx] 18: =[KXIC]= hopfi (25)
L 08/25/2018 - 22:52:32: [umc-core.smx] 19: Uninspired (26)
L 08/25/2018 - 22:52:32: [umc-core.smx] 20: JK ✅ (27)
L 08/25/2018 - 22:52:32: [umc-core.smx] 21: Quigon (28)
L 08/25/2018 - 22:52:32: [umc-core.smx] 22: Solace (29)
L 08/25/2018 - 22:52:32: [umc-core.smx] VOTE MENU:
L 08/25/2018 - 22:52:32: [umc-core.smx] 2: emp_streetsoffire (0)
L 08/25/2018 - 22:52:32: [umc-core.smx] 3: emp_ward (1)
L 08/25/2018 - 22:52:32: [umc-core.smx] 4: emp_glacial (2)
L 08/25/2018 - 22:52:32: [umc-core.smx] 5: emp_duststorm (3)
L 08/25/2018 - 22:52:32: [umc-core.smx] 6: emp_silo (4)
L 08/25/2018 - 22:52:32: [umc-core.smx] 7: emp_temple (5)
L 08/25/2018 - 22:52:32: [umc-core.smx] 8: emp_palmbay (6)
L 08/25/2018 - 22:52:35: [umc-core.smx] Oktay<15><[U:1:116496292]><> selected menu item 4
L 08/25/2018 - 22:52:35: [umc-core.smx] object™<21><[U:1:1221009]><> selected menu item 7
L 08/25/2018 - 22:52:36: [umc-core.smx] ScardyBob<34><[U:1:21571057]><> selected menu item 7
L 08/25/2018 - 22:52:37: [umc-core.smx] CrazyMRANZ<59><[U:1:42657167]><> selected menu item 4
L 08/25/2018 - 22:52:38: [umc-core.smx] Critawakets<61><[U:1:100443031]><> selected menu item 4
L 08/25/2018 - 22:52:38: [umc-core.smx] POOTISMAN<35><[U:1:26527408]><> selected menu item 5
L 08/25/2018 - 22:52:42: [umc-core.smx] Spyer<32><[U:1:34143605]><> selected menu item 4
L 08/25/2018 - 22:52:43: [umc-core.smx] Wilko<8><[U:1:1704795]><> selected menu item 1
L 08/25/2018 - 22:52:43: [umc-core.smx] Candles<37><[U:1:34985984]><> selected menu item 1
L 08/25/2018 - 22:52:52: [umc-core.smx] Mikleo<22><[U:1:376259319]><> selected menu item 1
L 08/25/2018 - 22:52:55: [umc-core.smx] Brentor<55><[U:1:40822645]><> selected menu item 7
L 08/25/2018 - 22:53:02: [umc-core.smx] RUNOFF MENU: (Verbose) Building runoff vote menu.
L 08/25/2018 - 22:53:02: [umc-core.smx] RUNOFF MENU: (Verbose) 'emp_silo' was removed from the vote. It had 1 votes (10 of total)
L 08/25/2018 - 22:53:02: [umc-core.smx] RUNOFF MENU: (Verbose) 'emp_duststorm' was removed from the vote. It had 3 votes (30 of total)
L 08/25/2018 - 22:53:02: [umc-core.smx] RUNOFF MENU: (Verbose) Stopped removing options from the vote. Maximum possible winning vote percentage is 70%
L 08/25/2018 - 22:53:02: [umc-core.smx] Vote has concluded.
L 08/25/2018 - 22:53:10: [umc-core.smx] RUNOFF: Starting runoff vote.
L 08/25/2018 - 22:53:10: [umc-core.smx] Initiating Vote Type: Map
L 08/25/2018 - 22:53:10: [umc-core.smx] Adding Clients to Vote:
L 08/25/2018 - 22:53:10: [umc-core.smx] 1: Oktay (3)
L 08/25/2018 - 22:53:10: [umc-core.smx] 3: Wilko (6)
L 08/25/2018 - 22:53:10: [umc-core.smx] 4: object™ (7)
L 08/25/2018 - 22:53:10: [umc-core.smx] 5: Mikleo (8)
L 08/25/2018 - 22:53:10: [umc-core.smx] 6: Critawakets (9)
L 08/25/2018 - 22:53:10: [umc-core.smx] 7: Candles (10)
L 08/25/2018 - 22:53:10: [umc-core.smx] 8: Justkidding (FutureFunk) (11)
L 08/25/2018 - 22:53:10: [umc-core.smx] 9: .|Ϟ|. C*tface (No Sound) (12)
L 08/25/2018 - 22:53:10: [umc-core.smx] 10: POOTISMAN (14)
L 08/25/2018 - 22:53:10: [umc-core.smx] 11: -W3E- aaacowsad (15)
L 08/25/2018 - 22:53:10: [umc-core.smx] 14: Spyer (18)
L 08/25/2018 - 22:53:10: [umc-core.smx] 15: ScardyBob (20)
L 08/25/2018 - 22:53:10: [umc-core.smx] 16: Selo (23)
L 08/25/2018 - 22:53:10: [umc-core.smx] 17: Brentor (24)
L 08/25/2018 - 22:53:10: [umc-core.smx] 18: =[KXIC]= hopfi (25)
L 08/25/2018 - 22:53:10: [umc-core.smx] 19: Uninspired (26)
L 08/25/2018 - 22:53:10: [umc-core.smx] 20: JK ✅ (27)
L 08/25/2018 - 22:53:10: [umc-core.smx] 21: Quigon (28)
L 08/25/2018 - 22:53:10: [umc-core.smx] VOTE MENU:
L 08/25/2018 - 22:53:10: [umc-core.smx] 2: emp_palmbay (6)
L 08/25/2018 - 22:53:10: [umc-core.smx] 3: emp_streetsoffire (0)
L 08/25/2018 - 22:53:12: [umc-core.smx] Mikleo<22><[U:1:376259319]><> selected menu item 2
L 08/25/2018 - 22:53:12: [umc-core.smx] ScardyBob<34><[U:1:21571057]><> selected menu item 1
L 08/25/2018 - 22:53:15: [umc-core.smx] POOTISMAN<35><[U:1:26527408]><> selected menu item 1
L 08/25/2018 - 22:53:17: [umc-core.smx] Candles<37><[U:1:34985984]><> selected menu item 2
L 08/25/2018 - 22:53:19: [umc-core.smx] Brentor<55><[U:1:40822645]><> selected menu item 1
L 08/25/2018 - 22:53:32: [umc-core.smx] object™<21><[U:1:1221009]><> selected menu item 2
L 08/25/2018 - 22:53:37: [umc-core.smx] Uninspired<48><[U:1:29103880]><> selected menu item 1
L 08/25/2018 - 22:53:41: [umc-core.smx] Setting nextmap to: emp_palmbay_fix
L 08/25/2018 - 22:53:41: [umc-randomcycle.smx] Disabling random nextmap selection.
L 08/25/2018 - 22:53:41: [umc-core.smx] umc-emp-mapvote.smx: Changing map to 'emp_palmbay_fix' in 5 seconds.
L 08/25/2018 - 22:53:41: [umc-core.smx] MAPVOTE: Players voted for map 'emp_palmbay_fix' from group 'Commander Maps'
L 08/25/2018 - 22:53:41: [umc-core.smx] Vote has concluded.
L 08/25/2018 - 22:53:47: [umc-core.smx] ---------------------MAP CHANGE: emp_palmbay_fix---------------------
L 08/25/2018 - 22:53:47: [umc-endvote-warnings.smx] Successfully parsed and set up 11 vote warnings.
L 08/25/2018 - 22:53:47: [umc-rockthevote.smx] RTV will be made available in 60 seconds.
L 08/25/2018 - 22:54:09: [umc-nominate.smx] ScardyBob wants to nominate a map.
L 08/25/2018 - 22:54:12: [umc-nominate.smx] ScardyBob has nominated 'emp_nuclear_b8u_xfix' from group 'Infantry Maps'
L 08/25/2018 - 22:54:48: [umc-rockthevote.smx] RTV is now available.
L 08/25/2018 - 23:23:49: [umc-emp-mapvote.smx] Map vote will appear in 30 seconds.
L 08/25/2018 - 23:24:19: [umc-emp-mapvote.smx] Starting a map vote.
L 08/25/2018 - 23:24:19: [umc-core.smx] VOTE MENU: (Verbose) Fetching 7 maps from group 'Commander Maps'
L 08/25/2018 - 23:24:19: [umc-core.smx] VOTE MENU: (Verbose) Finished parsing nominations for map group 'Commander Maps'
L 08/25/2018 - 23:24:19: [umc-core.smx] VOTE MENU: (Verbose) Still need to fetch 7 maps from the group.
L 08/25/2018 - 23:24:19: [umc-core.smx] VOTE MENU: (Verbose) Selected map 'emp_drygulch_a7' from group 'Commander Maps' was added to the vote.
L 08/25/2018 - 23:24:19: [umc-core.smx] VOTE MENU: (Verbose) Selected map 'emp_crossroads_towerless_hce' from group 'Commander Maps' was added to the vote.
L 08/25/2018 - 23:24:19: [umc-core.smx] VOTE MENU: (Verbose) No more maps in map group 'Commander Maps'
L 08/25/2018 - 23:24:19: [umc-core.smx] VOTE MENU: (Verbose) Fetching 1 maps from group 'Infantry Maps'
L 08/25/2018 - 23:24:19: [umc-core.smx] VOTE MENU: (Verbose) Nominated map 'emp_nuclear_b8u_xfix' from group 'Infantry Maps' was added to the vote.
L 08/25/2018 - 23:24:19: [umc-core.smx] VOTE MENU: (Verbose) Finished parsing nominations for map group 'Infantry Maps'
L 08/25/2018 - 23:24:19: [umc-core.smx] VOTE MENU: (Verbose) Fetching 0 maps from group 'Cooldown Maps'
L 08/25/2018 - 23:24:19: [umc-core.smx] VOTE MENU: (Verbose) Finished parsing nominations for map group 'Cooldown Maps'
L 08/25/2018 - 23:24:19: [umc-core.smx] Initiating Vote Type: Map
L 08/25/2018 - 23:24:19: [umc-core.smx] Adding Clients to Vote:
L 08/25/2018 - 23:24:19: [umc-core.smx] 0: Maj 5150 24thBattalionCommander (2)
L 08/25/2018 - 23:24:19: [umc-core.smx] 1: .|Ϟ|. Anuku (3)
L 08/25/2018 - 23:24:19: [umc-core.smx] 2: LT (4)
L 08/25/2018 - 23:24:19: [umc-core.smx] 3: Nowaf8037 (5)
L 08/25/2018 - 23:24:19: [umc-core.smx] 4: Spyer (6)
L 08/25/2018 - 23:24:19: [umc-core.smx] 5: Mikleo (8)
L 08/25/2018 - 23:24:19: [umc-core.smx] 6: POOTISMAN (14)
L 08/25/2018 - 23:24:19: [umc-core.smx] 7: ScardyBob (20)
L 08/25/2018 - 23:24:19: [umc-core.smx] 8: Brentor (24)
L 08/25/2018 - 23:24:19: [umc-core.smx] 9: =[KXIC]= hopfi (25)
L 08/25/2018 - 23:24:19: [umc-core.smx] 10: Uninspired (26)
L 08/25/2018 - 23:24:19: [umc-core.smx] 11: JK ✅ (27)
L 08/25/2018 - 23:24:19: [umc-core.smx] 12: Quigon (28)
L 08/25/2018 - 23:24:19: [umc-core.smx] VOTE MENU:
L 08/25/2018 - 23:24:19: [umc-core.smx] 2: as_nuclear (0)
L 08/25/2018 - 23:24:19: [umc-core.smx] 3: emp_crossroads (1)
L 08/25/2018 - 23:24:19: [umc-core.smx] 4: emp_drygulch (2)
L 08/25/2018 - 23:24:20: [umc-nominate.smx] Quigon wants to nominate a map.
L 08/25/2018 - 23:24:23: [umc-nominate.smx] Quigon has nominated 'emp_crossroads_towerless_hce' from group 'Commander Maps'
L 08/25/2018 - 23:24:26: [umc-core.smx] LT<69><[U:1:36129206]><> selected menu item 3
L 08/25/2018 - 23:24:26: [umc-core.smx] ScardyBob<34><[U:1:21571057]><> selected menu item 2
L 08/25/2018 - 23:24:26: [umc-core.smx] POOTISMAN<35><[U:1:26527408]><> selected menu item 3
L 08/25/2018 - 23:24:31: [umc-core.smx] Quigon<53><[U:1:5653485]><> selected menu item 2
L 08/25/2018 - 23:24:35: [umc-core.smx] Maj 5150 24thBattalionCommander<64><[U:1:14557188]><> selected menu item 3
L 08/25/2018 - 23:24:38: [umc-core.smx] Spyer<70><[U:1:34143605]><> selected menu item 3
L 08/25/2018 - 23:24:46: [umc-core.smx] ScardyBob<34><[U:1:21571057]><> selected menu item 1
L 08/25/2018 - 23:24:47: [umc-core.smx] Mikleo<22><[U:1:376259319]><> selected menu item 1
L 08/25/2018 - 23:24:50: [umc-core.smx] Setting nextmap to: emp_drygulch_a7
L 08/25/2018 - 23:24:50: [umc-randomcycle.smx] Disabling random nextmap selection.
L 08/25/2018 - 23:24:50: [umc-core.smx] umc-emp-mapvote.smx: Changing map to 'emp_drygulch_a7' in 5 seconds.
L 08/25/2018 - 23:24:50: [umc-core.smx] MAPVOTE: Players voted for map 'emp_drygulch_a7' from group 'Commander Maps'
L 08/25/2018 - 23:24:50: [umc-core.smx] Vote has concluded.
L 08/25/2018 - 23:24:56: [umc-core.smx] ---------------------MAP CHANGE: emp_drygulch_a7---------------------
L 08/25/2018 - 23:24:56: [umc-endvote-warnings.smx] Successfully parsed and set up 11 vote warnings.
L 08/25/2018 - 23:24:56: [umc-rockthevote.smx] RTV will be made available in 60 seconds.
L 08/25/2018 - 23:25:30: [umc-nominate.smx] Quigon wants to nominate a map.
L 08/25/2018 - 23:25:34: [umc-nominate.smx] Quigon has nominated 'emp_crossroads_towerless_hce' from group 'Commander Maps'
L 08/25/2018 - 23:25:57: [umc-rockthevote.smx] RTV is now available.
L 08/25/2018 - 23:27:18: [umc-nominate.smx] ScardyBob wants to nominate a map.
L 08/25/2018 - 23:27:21: [umc-nominate.smx] ScardyBob has nominated 'emp_nuclear_b8u_xfix' from group 'Infantry Maps'
L 08/25/2018 - 23:27:27: [umc-nominate.smx] Quigon wants to nominate a map.
L 08/25/2018 - 23:27:29: [umc-rockthevote.smx] Starting RTV.
L 08/25/2018 - 23:27:29: [umc-core.smx] VOTE MENU: (Verbose) Fetching 7 maps from group 'Commander Maps'
L 08/25/2018 - 23:27:29: [umc-core.smx] VOTE MENU: (Verbose) Nominated map 'emp_crossroads_towerless_hce' from group 'Commander Maps' was added to the vote.
L 08/25/2018 - 23:27:29: [umc-core.smx] VOTE MENU: (Verbose) Finished parsing nominations for map group 'Commander Maps'
L 08/25/2018 - 23:27:29: [umc-core.smx] VOTE MENU: (Verbose) Still need to fetch 6 maps from the group.
L 08/25/2018 - 23:27:29: [umc-core.smx] VOTE MENU: (Verbose) No more maps in map group 'Commander Maps'
L 08/25/2018 - 23:27:29: [umc-core.smx] VOTE MENU: (Verbose) Fetching 1 maps from group 'Infantry Maps'
L 08/25/2018 - 23:27:29: [umc-core.smx] VOTE MENU: (Verbose) Nominated map 'emp_nuclear_b8u_xfix' from group 'Infantry Maps' was added to the vote.
L 08/25/2018 - 23:27:29: [umc-core.smx] VOTE MENU: (Verbose) Finished parsing nominations for map group 'Infantry Maps'
L 08/25/2018 - 23:27:29: [umc-core.smx] VOTE MENU: (Verbose) Fetching 0 maps from group 'Cooldown Maps'
L 08/25/2018 - 23:27:29: [umc-core.smx] VOTE MENU: (Verbose) Finished parsing nominations for map group 'Cooldown Maps'
L 08/25/2018 - 23:27:29: [umc-core.smx] Initiating Vote Type: Map
L 08/25/2018 - 23:27:29: [umc-core.smx] Adding Clients to Vote:
L 08/25/2018 - 23:27:29: [umc-core.smx] 0: Maj 5150 24thBattalionCommander (2)
L 08/25/2018 - 23:27:29: [umc-core.smx] 1: .|Ϟ|. Anuku (3)
L 08/25/2018 - 23:27:29: [umc-core.smx] 2: LT (4)
L 08/25/2018 - 23:27:29: [umc-core.smx] 3: Spyer (6)
L 08/25/2018 - 23:27:29: [umc-core.smx] 4: Noobz4Life (7)
L 08/25/2018 - 23:27:29: [umc-core.smx] 5: Mikleo (8)
L 08/25/2018 - 23:27:29: [umc-core.smx] 6: ScardyBob (20)
L 08/25/2018 - 23:27:29: [umc-core.smx] 7: Brentor (24)
L 08/25/2018 - 23:27:29: [umc-core.smx] 8: =[KXIC]= hopfi (25)
L 08/25/2018 - 23:27:29: [umc-core.smx] 9: JK ✅ (27)
L 08/25/2018 - 23:27:29: [umc-core.smx] 10: Quigon (28)
L 08/25/2018 - 23:27:29: [umc-core.smx] VOTE MENU:
L 08/25/2018 - 23:27:29: [umc-core.smx] 2: emp_crossroads (0)
L 08/25/2018 - 23:27:29: [umc-core.smx] 3: as_nuclear (1)
L 08/25/2018 - 23:27:30: [umc-core.smx] Spyer<70><[U:1:34143605]><> selected menu item 2
L 08/25/2018 - 23:27:31: [umc-nominate.smx] LT wants to nominate a map.
L 08/25/2018 - 23:27:32: [umc-core.smx] Mikleo<22><[U:1:376259319]><> selected menu item 2
L 08/25/2018 - 23:27:32: [umc-core.smx] ScardyBob<34><[U:1:21571057]><> selected menu item 2
L 08/25/2018 - 23:27:33: [umc-nominate.smx] LT has nominated 'fun_ricochet_a4' from group 'Cooldown Maps'
L 08/25/2018 - 23:27:34: [umc-core.smx] Maj 5150 24thBattalionCommander<64><[U:1:14557188]><> selected menu item 2
L 08/25/2018 - 23:27:35: [umc-core.smx] Brentor<55><[U:1:40822645]><> selected menu item 2
L 08/25/2018 - 23:28:11: [umc-core.smx] Noobz4Life<71><[U:1:74224874]><> selected menu item 2
L 08/25/2018 - 23:28:16: [umc-core.smx] Quigon<53><[U:1:5653485]><> selected menu item 2
L 08/25/2018 - 23:28:29: [umc-core.smx] Setting nextmap to: emp_nuclear_b8u_xfix
L 08/25/2018 - 23:28:29: [umc-randomcycle.smx] Disabling random nextmap selection.
L 08/25/2018 - 23:28:29: [umc-core.smx] umc-rockthevote.smx: Changing map to 'emp_nuclear_b8u_xfix' in 5 seconds.
L 08/25/2018 - 23:28:29: [umc-core.smx] MAPVOTE: Players voted for map 'emp_nuclear_b8u_xfix' from group 'Infantry Maps'
L 08/25/2018 - 23:28:29: [umc-core.smx] Vote has concluded.
L 08/25/2018 - 23:28:35: [umc-core.smx] ---------------------MAP CHANGE: emp_nuclear_b8u_xfix---------------------
L 08/25/2018 - 23:28:35: [umc-endvote-warnings.smx] Successfully parsed and set up 11 vote warnings.
L 08/25/2018 - 23:28:35: [umc-rockthevote.smx] RTV will be made available in 60 seconds.
L 08/25/2018 - 23:29:36: [umc-rockthevote.smx] RTV is now available.
L 08/25/2018 - 23:54:14: [umc-nominate.smx] Quigon wants to nominate a map.
L 08/25/2018 - 23:54:18: [umc-nominate.smx] Quigon has nominated 'emp_crossroads_towerless_hce' from group 'Commander Maps'
