L 07/06/2018 - 17:04:35: [umc-core.smx] ---------------------MAP CHANGE: con_district402---------------------
L 07/06/2018 - 17:04:35: [umc-endvote-warnings.smx] Successfully parsed and set up 11 vote warnings.
L 07/06/2018 - 17:04:35: [umc-rockthevote.smx] RTV will be made available in 60 seconds.
L 07/06/2018 - 17:05:36: [umc-rockthevote.smx] RTV is now available.
L 07/06/2018 - 19:39:21: [umc-nominate.smx] Oktay wants to nominate a map.
L 07/06/2018 - 19:39:21: [umc-core.smx] WARNING: Map "con_urbanchaos" does not exist on the server. (Group: "Infantry Maps")
L 07/06/2018 - 19:39:23: [umc-nominate.smx] Oktay has nominated 'emp_vehicletraining_2013' from group 'Infantry Maps'
L 07/06/2018 - 19:41:58: [umc-emp-mapvote.smx] Map vote will appear in 30 seconds.
L 07/06/2018 - 19:42:28: [umc-emp-mapvote.smx] Starting a map vote.
L 07/06/2018 - 19:42:28: [umc-core.smx] WARNING: Map "con_urbanchaos" does not exist on the server. (Group: "Infantry Maps")
L 07/06/2018 - 19:42:28: [umc-core.smx] VOTE MENU: (Verbose) Fetching 7 maps from group 'Commander Maps'
L 07/06/2018 - 19:42:28: [umc-core.smx] VOTE MENU: (Verbose) Finished parsing nominations for map group 'Commander Maps'
L 07/06/2018 - 19:42:28: [umc-core.smx] VOTE MENU: (Verbose) Still need to fetch 7 maps from the group.
L 07/06/2018 - 19:42:28: [umc-core.smx] VOTE MENU: (Verbose) Selected map 'emp_downfall_hce' from group 'Commander Maps' was added to the vote.
L 07/06/2018 - 19:42:28: [umc-core.smx] VOTE MENU: (Verbose) Selected map 'emp_beachfront_b2_hce' from group 'Commander Maps' was added to the vote.
L 07/06/2018 - 19:42:28: [umc-core.smx] VOTE MENU: (Verbose) Selected map 'emp_crossroads_towerless_hce' from group 'Commander Maps' was added to the vote.
L 07/06/2018 - 19:42:28: [umc-core.smx] VOTE MENU: (Verbose) Selected map 'emp_drygulch_a7' from group 'Commander Maps' was added to the vote.
L 07/06/2018 - 19:42:28: [umc-core.smx] VOTE MENU: (Verbose) No more maps in map group 'Commander Maps'
L 07/06/2018 - 19:42:28: [umc-core.smx] VOTE MENU: (Verbose) Fetching 1 maps from group 'Infantry Maps'
L 07/06/2018 - 19:42:28: [umc-core.smx] VOTE MENU: (Verbose) Nominated map 'emp_vehicletraining_2013' from group 'Infantry Maps' was added to the vote.
L 07/06/2018 - 19:42:28: [umc-core.smx] VOTE MENU: (Verbose) Finished parsing nominations for map group 'Infantry Maps'
L 07/06/2018 - 19:42:28: [umc-core.smx] VOTE MENU: (Verbose) Fetching 0 maps from group 'Cooldown Maps'
L 07/06/2018 - 19:42:28: [umc-core.smx] VOTE MENU: (Verbose) Finished parsing nominations for map group 'Cooldown Maps'
L 07/06/2018 - 19:42:28: [umc-core.smx] Initiating Vote Type: Map
L 07/06/2018 - 19:42:28: [umc-core.smx] Adding Clients to Vote:
L 07/06/2018 - 19:42:28: [umc-core.smx] 0: Mr. X. (2)
L 07/06/2018 - 19:42:28: [umc-core.smx] 1: Spyer (3)
L 07/06/2018 - 19:42:28: [umc-core.smx] 2: V1RU58E9 (5)
L 07/06/2018 - 19:42:28: [umc-core.smx] 3: Nowaf8037 (7)
L 07/06/2018 - 19:42:28: [umc-core.smx] 4: Oktay (8)
L 07/06/2018 - 19:42:28: [umc-core.smx] 5: object™ (9)
L 07/06/2018 - 19:42:28: [umc-core.smx] VOTE MENU:
L 07/06/2018 - 19:42:28: [umc-core.smx] 2: emp_drygulch (0)
L 07/06/2018 - 19:42:28: [umc-core.smx] 3: con_vehicletraining (1)
L 07/06/2018 - 19:42:28: [umc-core.smx] 4: emp_crossroads (2)
L 07/06/2018 - 19:42:28: [umc-core.smx] 5: emp_downfall (3)
L 07/06/2018 - 19:42:28: [umc-core.smx] 6: emp_beachfront (4)
L 07/06/2018 - 19:42:30: [umc-core.smx] Oktay<12><[U:1:116496292]><> selected menu item 2
L 07/06/2018 - 19:42:36: [umc-core.smx] V1RU58E9<9><[U:1:247428675]><> selected menu item 2
L 07/06/2018 - 19:42:59: [umc-core.smx] Setting nextmap to: emp_vehicletraining_2013
L 07/06/2018 - 19:42:59: [umc-randomcycle.smx] Disabling random nextmap selection.
L 07/06/2018 - 19:42:59: [umc-core.smx] umc-emp-mapvote.smx: Changing map to 'emp_vehicletraining_2013' in 5 seconds.
L 07/06/2018 - 19:42:59: [umc-core.smx] MAPVOTE: Players voted for map 'emp_vehicletraining_2013' from group 'Infantry Maps'
L 07/06/2018 - 19:42:59: [umc-core.smx] Vote has concluded.
L 07/06/2018 - 19:43:05: [umc-core.smx] ---------------------MAP CHANGE: emp_vehicletraining_2013---------------------
L 07/06/2018 - 19:43:05: [umc-endvote-warnings.smx] Successfully parsed and set up 11 vote warnings.
L 07/06/2018 - 19:43:05: [umc-rockthevote.smx] RTV will be made available in 60 seconds.
L 07/06/2018 - 19:44:06: [umc-rockthevote.smx] RTV is now available.
L 07/06/2018 - 20:20:14: [umc-emp-mapvote.smx] Map vote will appear in 30 seconds.
L 07/06/2018 - 20:20:44: [umc-emp-mapvote.smx] Starting a map vote.
L 07/06/2018 - 20:20:44: [umc-core.smx] WARNING: Map "con_urbanchaos" does not exist on the server. (Group: "Infantry Maps")
L 07/06/2018 - 20:20:44: [umc-core.smx] VOTE MENU: (Verbose) Fetching 7 maps from group 'Commander Maps'
L 07/06/2018 - 20:20:44: [umc-core.smx] VOTE MENU: (Verbose) Finished parsing nominations for map group 'Commander Maps'
L 07/06/2018 - 20:20:44: [umc-core.smx] VOTE MENU: (Verbose) Still need to fetch 7 maps from the group.
L 07/06/2018 - 20:20:44: [umc-core.smx] VOTE MENU: (Verbose) Selected map 'emp_beachfront_b2_hce' from group 'Commander Maps' was added to the vote.
L 07/06/2018 - 20:20:44: [umc-core.smx] VOTE MENU: (Verbose) Selected map 'emp_downfall_hce' from group 'Commander Maps' was added to the vote.
L 07/06/2018 - 20:20:44: [umc-core.smx] VOTE MENU: (Verbose) Selected map 'emp_crossroads_towerless_hce' from group 'Commander Maps' was added to the vote.
L 07/06/2018 - 20:20:44: [umc-core.smx] VOTE MENU: (Verbose) Selected map 'emp_drygulch_a7' from group 'Commander Maps' was added to the vote.
L 07/06/2018 - 20:20:44: [umc-core.smx] VOTE MENU: (Verbose) No more maps in map group 'Commander Maps'
L 07/06/2018 - 20:20:44: [umc-core.smx] VOTE MENU: (Verbose) Fetching 1 maps from group 'Infantry Maps'
L 07/06/2018 - 20:20:44: [umc-core.smx] VOTE MENU: (Verbose) Finished parsing nominations for map group 'Infantry Maps'
L 07/06/2018 - 20:20:44: [umc-core.smx] VOTE MENU: (Verbose) Still need to fetch 1 maps from the group.
L 07/06/2018 - 20:20:44: [umc-core.smx] VOTE MENU: (Verbose) Selected map 'con_glycencity' from group 'Infantry Maps' was added to the vote.
L 07/06/2018 - 20:20:44: [umc-core.smx] VOTE MENU: (Verbose) Fetching 0 maps from group 'Cooldown Maps'
L 07/06/2018 - 20:20:44: [umc-core.smx] VOTE MENU: (Verbose) Finished parsing nominations for map group 'Cooldown Maps'
L 07/06/2018 - 20:20:44: [umc-core.smx] Initiating Vote Type: Map
L 07/06/2018 - 20:20:44: [umc-core.smx] Adding Clients to Vote:
L 07/06/2018 - 20:20:44: [umc-core.smx] 0: Mr. X. (2)
L 07/06/2018 - 20:20:44: [umc-core.smx] 1: Spyer (3)
L 07/06/2018 - 20:20:44: [umc-core.smx] 2: Wilko (4)
L 07/06/2018 - 20:20:44: [umc-core.smx] 3: V1RU58E9 (5)
L 07/06/2018 - 20:20:44: [umc-core.smx] 4: Skalk (6)
L 07/06/2018 - 20:20:44: [umc-core.smx] 5: Nowaf8037 (7)
L 07/06/2018 - 20:20:44: [umc-core.smx] 6: object™ (9)
L 07/06/2018 - 20:20:44: [umc-core.smx] VOTE MENU:
L 07/06/2018 - 20:20:44: [umc-core.smx] 2: con_glycencity (0)
L 07/06/2018 - 20:20:44: [umc-core.smx] 3: emp_beachfront (1)
L 07/06/2018 - 20:20:44: [umc-core.smx] 4: emp_downfall (2)
L 07/06/2018 - 20:20:44: [umc-core.smx] 5: emp_drygulch (3)
L 07/06/2018 - 20:20:44: [umc-core.smx] 6: emp_crossroads (4)
L 07/06/2018 - 20:21:15: [umc-emp-mapvote.smx] WARNING: Map Voting failure. Initiating random map fail-safe.
L 07/06/2018 - 20:21:15: [umc-core.smx] WARNING: Map "con_urbanchaos" does not exist on the server. (Group: "Infantry Maps")
L 07/06/2018 - 20:21:15: [umc-core.smx] Setting nextmap to: emp_shadows_attacks_fix
L 07/06/2018 - 20:21:15: [umc-randomcycle.smx] Disabling random nextmap selection.
L 07/06/2018 - 20:21:15: [umc-core.smx] umc-emp-mapvote.smx: Changing map to 'emp_shadows_attacks_fix' in 5 seconds.
L 07/06/2018 - 20:21:15: [umc-core.smx] Vote has concluded.
L 07/06/2018 - 20:21:21: [umc-core.smx] ---------------------MAP CHANGE: emp_shadows_attacks_fix---------------------
L 07/06/2018 - 20:21:21: [umc-endvote-warnings.smx] Successfully parsed and set up 11 vote warnings.
L 07/06/2018 - 20:21:21: [umc-rockthevote.smx] RTV will be made available in 60 seconds.
L 07/06/2018 - 20:22:22: [umc-rockthevote.smx] RTV is now available.
L 07/06/2018 - 20:22:45: [umc-nominate.smx] V1RU58E9 wants to nominate a map.
L 07/06/2018 - 20:22:49: [umc-core.smx] WARNING: Map "con_urbanchaos" does not exist on the server. (Group: "Infantry Maps")
L 07/06/2018 - 20:23:08: [umc-nominate.smx] V1RU58E9 wants to nominate a map.
L 07/06/2018 - 20:24:31: [umc-nominate.smx] V1RU58E9 wants to nominate a map.
L 07/06/2018 - 20:34:26: [umc-emp-mapvote.smx] Map vote will appear in 30 seconds.
L 07/06/2018 - 20:34:56: [umc-emp-mapvote.smx] Starting a map vote.
L 07/06/2018 - 20:34:56: [umc-core.smx] WARNING: Map "con_urbanchaos" does not exist on the server. (Group: "Infantry Maps")
L 07/06/2018 - 20:34:56: [umc-core.smx] VOTE MENU: (Verbose) Fetching 7 maps from group 'Commander Maps'
L 07/06/2018 - 20:34:56: [umc-core.smx] VOTE MENU: (Verbose) Finished parsing nominations for map group 'Commander Maps'
L 07/06/2018 - 20:34:56: [umc-core.smx] VOTE MENU: (Verbose) Still need to fetch 7 maps from the group.
L 07/06/2018 - 20:34:56: [umc-core.smx] VOTE MENU: (Verbose) Selected map 'emp_beachfront_b2_hce' from group 'Commander Maps' was added to the vote.
L 07/06/2018 - 20:34:56: [umc-core.smx] VOTE MENU: (Verbose) Selected map 'emp_drygulch_a7' from group 'Commander Maps' was added to the vote.
L 07/06/2018 - 20:34:56: [umc-core.smx] VOTE MENU: (Verbose) Selected map 'emp_crossroads_towerless_hce' from group 'Commander Maps' was added to the vote.
L 07/06/2018 - 20:34:56: [umc-core.smx] VOTE MENU: (Verbose) Selected map 'emp_downfall_hce' from group 'Commander Maps' was added to the vote.
L 07/06/2018 - 20:34:56: [umc-core.smx] VOTE MENU: (Verbose) No more maps in map group 'Commander Maps'
L 07/06/2018 - 20:34:56: [umc-core.smx] VOTE MENU: (Verbose) Fetching 1 maps from group 'Infantry Maps'
L 07/06/2018 - 20:34:56: [umc-core.smx] VOTE MENU: (Verbose) Finished parsing nominations for map group 'Infantry Maps'
L 07/06/2018 - 20:34:56: [umc-core.smx] VOTE MENU: (Verbose) Still need to fetch 1 maps from the group.
L 07/06/2018 - 20:34:56: [umc-core.smx] VOTE MENU: (Verbose) Selected map 'con_blast_ob2' from group 'Infantry Maps' was added to the vote.
L 07/06/2018 - 20:34:56: [umc-core.smx] VOTE MENU: (Verbose) Fetching 0 maps from group 'Cooldown Maps'
L 07/06/2018 - 20:34:56: [umc-core.smx] VOTE MENU: (Verbose) Finished parsing nominations for map group 'Cooldown Maps'
L 07/06/2018 - 20:34:56: [umc-core.smx] Initiating Vote Type: Map
L 07/06/2018 - 20:34:56: [umc-core.smx] Adding Clients to Vote:
L 07/06/2018 - 20:34:56: [umc-core.smx] 0: Mr. X. (2)
L 07/06/2018 - 20:34:56: [umc-core.smx] 1: Spyer (3)
L 07/06/2018 - 20:34:56: [umc-core.smx] 2: Wilko (4)
L 07/06/2018 - 20:34:56: [umc-core.smx] 3: V1RU58E9 (5)
L 07/06/2018 - 20:34:56: [umc-core.smx] 4: Skalk (6)
L 07/06/2018 - 20:34:56: [umc-core.smx] VOTE MENU:
L 07/06/2018 - 20:34:56: [umc-core.smx] 2: emp_beachfront (0)
L 07/06/2018 - 20:34:56: [umc-core.smx] 3: con_blast (1)
L 07/06/2018 - 20:34:56: [umc-core.smx] 4: emp_crossroads (2)
L 07/06/2018 - 20:34:56: [umc-core.smx] 5: emp_downfall (3)
L 07/06/2018 - 20:34:56: [umc-core.smx] 6: emp_drygulch (4)
L 07/06/2018 - 20:35:26: [umc-emp-mapvote.smx] WARNING: Map Voting failure. Initiating random map fail-safe.
L 07/06/2018 - 20:35:26: [umc-core.smx] WARNING: Map "con_urbanchaos" does not exist on the server. (Group: "Infantry Maps")
L 07/06/2018 - 20:35:26: [umc-core.smx] Setting nextmap to: fun_ricochet_a4
L 07/06/2018 - 20:35:26: [umc-randomcycle.smx] Disabling random nextmap selection.
L 07/06/2018 - 20:35:26: [umc-core.smx] umc-emp-mapvote.smx: Changing map to 'fun_ricochet_a4' in 5 seconds.
L 07/06/2018 - 20:35:26: [umc-core.smx] Vote has concluded.
L 07/06/2018 - 20:35:31: [umc-core.smx] ---------------------MAP CHANGE: fun_ricochet_a4---------------------
L 07/06/2018 - 20:35:31: [umc-endvote-warnings.smx] Successfully parsed and set up 11 vote warnings.
L 07/06/2018 - 20:35:31: [umc-rockthevote.smx] RTV will be made available in 60 seconds.
L 07/06/2018 - 20:36:32: [umc-rockthevote.smx] RTV is now available.
L 07/06/2018 - 20:42:14: [umc-emp-mapvote.smx] Map vote will appear in 30 seconds.
L 07/06/2018 - 20:42:44: [umc-emp-mapvote.smx] Starting a map vote.
L 07/06/2018 - 20:42:44: [umc-core.smx] WARNING: Map "con_urbanchaos" does not exist on the server. (Group: "Infantry Maps")
L 07/06/2018 - 20:42:44: [umc-core.smx] VOTE MENU: (Verbose) Fetching 7 maps from group 'Commander Maps'
L 07/06/2018 - 20:42:44: [umc-core.smx] VOTE MENU: (Verbose) Finished parsing nominations for map group 'Commander Maps'
L 07/06/2018 - 20:42:44: [umc-core.smx] VOTE MENU: (Verbose) Still need to fetch 7 maps from the group.
L 07/06/2018 - 20:42:44: [umc-core.smx] VOTE MENU: (Verbose) Selected map 'emp_drygulch_a7' from group 'Commander Maps' was added to the vote.
L 07/06/2018 - 20:42:44: [umc-core.smx] VOTE MENU: (Verbose) Selected map 'emp_crossroads_towerless_hce' from group 'Commander Maps' was added to the vote.
L 07/06/2018 - 20:42:44: [umc-core.smx] VOTE MENU: (Verbose) Selected map 'emp_beachfront_b2_hce' from group 'Commander Maps' was added to the vote.
L 07/06/2018 - 20:42:44: [umc-core.smx] VOTE MENU: (Verbose) Selected map 'emp_downfall_hce' from group 'Commander Maps' was added to the vote.
L 07/06/2018 - 20:42:44: [umc-core.smx] VOTE MENU: (Verbose) No more maps in map group 'Commander Maps'
L 07/06/2018 - 20:42:44: [umc-core.smx] VOTE MENU: (Verbose) Fetching 1 maps from group 'Infantry Maps'
L 07/06/2018 - 20:42:44: [umc-core.smx] VOTE MENU: (Verbose) Finished parsing nominations for map group 'Infantry Maps'
L 07/06/2018 - 20:42:44: [umc-core.smx] VOTE MENU: (Verbose) Still need to fetch 1 maps from the group.
L 07/06/2018 - 20:42:44: [umc-core.smx] VOTE MENU: (Verbose) Selected map 'con_blast_ob2' from group 'Infantry Maps' was added to the vote.
L 07/06/2018 - 20:42:44: [umc-core.smx] VOTE MENU: (Verbose) Fetching 0 maps from group 'Cooldown Maps'
L 07/06/2018 - 20:42:44: [umc-core.smx] VOTE MENU: (Verbose) Finished parsing nominations for map group 'Cooldown Maps'
L 07/06/2018 - 20:42:44: [umc-core.smx] Initiating Vote Type: Map
L 07/06/2018 - 20:42:44: [umc-core.smx] Adding Clients to Vote:
L 07/06/2018 - 20:42:44: [umc-core.smx] 0: Mr. X. (2)
L 07/06/2018 - 20:42:44: [umc-core.smx] 1: Spyer (3)
L 07/06/2018 - 20:42:44: [umc-core.smx] 2: Wilko (4)
L 07/06/2018 - 20:42:44: [umc-core.smx] 3: V1RU58E9 (5)
L 07/06/2018 - 20:42:44: [umc-core.smx] 4: Skalk (6)
L 07/06/2018 - 20:42:44: [umc-core.smx] VOTE MENU:
L 07/06/2018 - 20:42:44: [umc-core.smx] 2: emp_drygulch (0)
L 07/06/2018 - 20:42:44: [umc-core.smx] 3: emp_crossroads (1)
L 07/06/2018 - 20:42:44: [umc-core.smx] 4: emp_beachfront (2)
L 07/06/2018 - 20:42:44: [umc-core.smx] 5: con_blast (3)
L 07/06/2018 - 20:42:44: [umc-core.smx] 6: emp_downfall (4)
L 07/06/2018 - 20:42:48: [umc-core.smx] Spyer<6><[U:1:34143605]><> selected menu item 1
L 07/06/2018 - 20:43:01: [umc-core.smx] V1RU58E9<18><[U:1:247428675]><> selected menu item 4
L 07/06/2018 - 20:43:14: [umc-core.smx] Setting nextmap to: emp_drygulch_a7
L 07/06/2018 - 20:43:14: [umc-randomcycle.smx] Disabling random nextmap selection.
L 07/06/2018 - 20:43:14: [umc-core.smx] umc-emp-mapvote.smx: Changing map to 'emp_drygulch_a7' in 5 seconds.
L 07/06/2018 - 20:43:14: [umc-core.smx] MAPVOTE: Players voted for map 'emp_drygulch_a7' from group 'Commander Maps'
L 07/06/2018 - 20:43:14: [umc-core.smx] Vote has concluded.
L 07/06/2018 - 20:43:20: [umc-core.smx] ---------------------MAP CHANGE: emp_drygulch_a7---------------------
L 07/06/2018 - 20:43:20: [umc-endvote-warnings.smx] Successfully parsed and set up 11 vote warnings.
L 07/06/2018 - 20:43:20: [umc-rockthevote.smx] RTV will be made available in 60 seconds.
L 07/06/2018 - 20:44:22: [umc-rockthevote.smx] RTV is now available.
L 07/06/2018 - 22:48:13: [umc-emp-mapvote.smx] Map vote will appear in 30 seconds.
L 07/06/2018 - 22:48:43: [umc-emp-mapvote.smx] Starting a map vote.
L 07/06/2018 - 22:48:43: [umc-core.smx] WARNING: Map "con_urbanchaos" does not exist on the server. (Group: "Infantry Maps")
L 07/06/2018 - 22:48:43: [umc-core.smx] VOTE MENU: (Verbose) Fetching 7 maps from group 'Commander Maps'
L 07/06/2018 - 22:48:43: [umc-core.smx] VOTE MENU: (Verbose) Finished parsing nominations for map group 'Commander Maps'
L 07/06/2018 - 22:48:43: [umc-core.smx] VOTE MENU: (Verbose) Still need to fetch 7 maps from the group.
L 07/06/2018 - 22:48:43: [umc-core.smx] VOTE MENU: (Verbose) Selected map 'emp_crossroads_towerless_hce' from group 'Commander Maps' was added to the vote.
L 07/06/2018 - 22:48:43: [umc-core.smx] VOTE MENU: (Verbose) Selected map 'emp_downfall_hce' from group 'Commander Maps' was added to the vote.
L 07/06/2018 - 22:48:43: [umc-core.smx] VOTE MENU: (Verbose) Selected map 'emp_beachfront_b2_hce' from group 'Commander Maps' was added to the vote.
L 07/06/2018 - 22:48:43: [umc-core.smx] VOTE MENU: (Verbose) No more maps in map group 'Commander Maps'
L 07/06/2018 - 22:48:43: [umc-core.smx] VOTE MENU: (Verbose) Fetching 1 maps from group 'Infantry Maps'
L 07/06/2018 - 22:48:43: [umc-core.smx] VOTE MENU: (Verbose) Finished parsing nominations for map group 'Infantry Maps'
L 07/06/2018 - 22:48:43: [umc-core.smx] VOTE MENU: (Verbose) Still need to fetch 1 maps from the group.
L 07/06/2018 - 22:48:43: [umc-core.smx] VOTE MENU: (Verbose) Selected map 'con_glycencity' from group 'Infantry Maps' was added to the vote.
L 07/06/2018 - 22:48:43: [umc-core.smx] VOTE MENU: (Verbose) Fetching 0 maps from group 'Cooldown Maps'
L 07/06/2018 - 22:48:43: [umc-core.smx] VOTE MENU: (Verbose) Finished parsing nominations for map group 'Cooldown Maps'
L 07/06/2018 - 22:48:43: [umc-core.smx] Initiating Vote Type: Map
L 07/06/2018 - 22:48:43: [umc-core.smx] Adding Clients to Vote:
L 07/06/2018 - 22:48:43: [umc-core.smx] 0: JustNOTkidding (XxXxX) (2)
L 07/06/2018 - 22:48:43: [umc-core.smx] 1: Justkidding (FutureFunk) (3)
L 07/06/2018 - 22:48:43: [umc-core.smx] 2: Alucard (5)
L 07/06/2018 - 22:48:43: [umc-core.smx] VOTE MENU:
L 07/06/2018 - 22:48:43: [umc-core.smx] 2: emp_downfall (0)
L 07/06/2018 - 22:48:43: [umc-core.smx] 3: emp_crossroads (1)
L 07/06/2018 - 22:48:43: [umc-core.smx] 4: emp_beachfront (2)
L 07/06/2018 - 22:48:43: [umc-core.smx] 5: con_glycencity (3)
L 07/06/2018 - 22:48:56: [umc-core.smx] Alucard<24><[U:1:15468617]><> selected menu item 1
L 07/06/2018 - 22:49:02: [umc-core.smx] Justkidding (FutureFunk)<23><[U:1:2788022]><> selected menu item 1
L 07/06/2018 - 22:49:14: [umc-core.smx] Setting nextmap to: emp_downfall_hce
L 07/06/2018 - 22:49:14: [umc-randomcycle.smx] Disabling random nextmap selection.
L 07/06/2018 - 22:49:14: [umc-core.smx] umc-emp-mapvote.smx: Changing map to 'emp_downfall_hce' in 5 seconds.
L 07/06/2018 - 22:49:14: [umc-core.smx] MAPVOTE: Players voted for map 'emp_downfall_hce' from group 'Commander Maps'
L 07/06/2018 - 22:49:14: [umc-core.smx] Vote has concluded.
L 07/06/2018 - 22:49:19: [umc-core.smx] ---------------------MAP CHANGE: emp_downfall_hce---------------------
L 07/06/2018 - 22:49:19: [umc-endvote-warnings.smx] Successfully parsed and set up 11 vote warnings.
L 07/06/2018 - 22:49:19: [umc-rockthevote.smx] RTV will be made available in 60 seconds.
L 07/06/2018 - 22:50:20: [umc-rockthevote.smx] RTV is now available.
L 07/06/2018 - 22:51:57: [umc-nominate.smx] Spyer wants to nominate a map.
L 07/06/2018 - 22:52:01: [umc-core.smx] WARNING: Map "con_urbanchaos" does not exist on the server. (Group: "Infantry Maps")
L 07/06/2018 - 22:52:04: [umc-nominate.smx] Spyer has nominated 'emp_nuclear_b8u_xfix' from group 'Infantry Maps'
L 07/06/2018 - 22:53:43: [umc-rockthevote.smx] Starting RTV.
L 07/06/2018 - 22:53:43: [umc-core.smx] WARNING: Map "con_urbanchaos" does not exist on the server. (Group: "Infantry Maps")
L 07/06/2018 - 22:53:43: [umc-core.smx] VOTE MENU: (Verbose) Fetching 7 maps from group 'Commander Maps'
L 07/06/2018 - 22:53:43: [umc-core.smx] VOTE MENU: (Verbose) Finished parsing nominations for map group 'Commander Maps'
L 07/06/2018 - 22:53:43: [umc-core.smx] VOTE MENU: (Verbose) Still need to fetch 7 maps from the group.
L 07/06/2018 - 22:53:43: [umc-core.smx] VOTE MENU: (Verbose) Selected map 'emp_beachfront_b2_hce' from group 'Commander Maps' was added to the vote.
L 07/06/2018 - 22:53:43: [umc-core.smx] VOTE MENU: (Verbose) Selected map 'emp_crossroads_towerless_hce' from group 'Commander Maps' was added to the vote.
L 07/06/2018 - 22:53:43: [umc-core.smx] VOTE MENU: (Verbose) No more maps in map group 'Commander Maps'
L 07/06/2018 - 22:53:43: [umc-core.smx] VOTE MENU: (Verbose) Fetching 1 maps from group 'Infantry Maps'
L 07/06/2018 - 22:53:43: [umc-core.smx] VOTE MENU: (Verbose) Nominated map 'emp_nuclear_b8u_xfix' from group 'Infantry Maps' was added to the vote.
L 07/06/2018 - 22:53:43: [umc-core.smx] VOTE MENU: (Verbose) Finished parsing nominations for map group 'Infantry Maps'
L 07/06/2018 - 22:53:43: [umc-core.smx] VOTE MENU: (Verbose) Fetching 0 maps from group 'Cooldown Maps'
L 07/06/2018 - 22:53:43: [umc-core.smx] VOTE MENU: (Verbose) Finished parsing nominations for map group 'Cooldown Maps'
L 07/06/2018 - 22:53:43: [umc-core.smx] Initiating Vote Type: Map
L 07/06/2018 - 22:53:43: [umc-core.smx] Adding Clients to Vote:
L 07/06/2018 - 22:53:43: [umc-core.smx] 0: JustNOTkidding (XxXxX) (2)
L 07/06/2018 - 22:53:43: [umc-core.smx] 1: Justkidding (FutureFunk) (3)
L 07/06/2018 - 22:53:43: [umc-core.smx] 2: Spyer (4)
L 07/06/2018 - 22:53:43: [umc-core.smx] 3: Alucard (5)
L 07/06/2018 - 22:53:43: [umc-core.smx] 4: Grave (6)
L 07/06/2018 - 22:53:43: [umc-core.smx] VOTE MENU:
L 07/06/2018 - 22:53:43: [umc-core.smx] 2: emp_beachfront (0)
L 07/06/2018 - 22:53:43: [umc-core.smx] 3: as_nuclear (1)
L 07/06/2018 - 22:53:43: [umc-core.smx] 4: emp_crossroads (2)
L 07/06/2018 - 22:53:45: [umc-core.smx] Spyer<26><[U:1:34143605]><> selected menu item 1
L 07/06/2018 - 22:53:47: [umc-core.smx] Grave<27><[U:1:34977414]><> selected menu item 2
L 07/06/2018 - 22:53:54: [umc-core.smx] Spyer<26><[U:1:34143605]><> selected menu item 2
L 07/06/2018 - 22:53:55: [umc-core.smx] Grave<27><[U:1:34977414]><> selected menu item 1
L 07/06/2018 - 22:54:03: [umc-core.smx] Grave<27><[U:1:34977414]><> selected menu item 2
L 07/06/2018 - 22:54:13: [umc-core.smx] Spyer<26><[U:1:34143605]><> selected menu item 2
L 07/06/2018 - 22:54:44: [umc-core.smx] Setting nextmap to: emp_nuclear_b8u_xfix
L 07/06/2018 - 22:54:44: [umc-randomcycle.smx] Disabling random nextmap selection.
L 07/06/2018 - 22:54:44: [umc-core.smx] umc-rockthevote.smx: Changing map to 'emp_nuclear_b8u_xfix' in 5 seconds.
L 07/06/2018 - 22:54:44: [umc-core.smx] MAPVOTE: Players voted for map 'emp_nuclear_b8u_xfix' from group 'Infantry Maps'
L 07/06/2018 - 22:54:44: [umc-core.smx] Vote has concluded.
L 07/06/2018 - 22:54:50: [umc-core.smx] ---------------------MAP CHANGE: emp_nuclear_b8u_xfix---------------------
L 07/06/2018 - 22:54:50: [umc-endvote-warnings.smx] Successfully parsed and set up 11 vote warnings.
L 07/06/2018 - 22:54:50: [umc-rockthevote.smx] RTV will be made available in 60 seconds.
L 07/06/2018 - 22:55:51: [umc-rockthevote.smx] RTV is now available.
L 07/06/2018 - 23:31:52: [umc-emp-mapvote.smx] Map vote will appear in 30 seconds.
L 07/06/2018 - 23:32:22: [umc-emp-mapvote.smx] Starting a map vote.
L 07/06/2018 - 23:32:22: [umc-core.smx] WARNING: Map "con_urbanchaos" does not exist on the server. (Group: "Infantry Maps")
L 07/06/2018 - 23:32:22: [umc-core.smx] VOTE MENU: (Verbose) Fetching 7 maps from group 'Commander Maps'
L 07/06/2018 - 23:32:22: [umc-core.smx] VOTE MENU: (Verbose) Finished parsing nominations for map group 'Commander Maps'
L 07/06/2018 - 23:32:22: [umc-core.smx] VOTE MENU: (Verbose) Still need to fetch 7 maps from the group.
L 07/06/2018 - 23:32:22: [umc-core.smx] VOTE MENU: (Verbose) Selected map 'emp_crossroads_towerless_hce' from group 'Commander Maps' was added to the vote.
L 07/06/2018 - 23:32:22: [umc-core.smx] VOTE MENU: (Verbose) Selected map 'emp_beachfront_b2_hce' from group 'Commander Maps' was added to the vote.
L 07/06/2018 - 23:32:22: [umc-core.smx] VOTE MENU: (Verbose) No more maps in map group 'Commander Maps'
L 07/06/2018 - 23:32:22: [umc-core.smx] VOTE MENU: (Verbose) Fetching 1 maps from group 'Infantry Maps'
L 07/06/2018 - 23:32:22: [umc-core.smx] VOTE MENU: (Verbose) Finished parsing nominations for map group 'Infantry Maps'
L 07/06/2018 - 23:32:22: [umc-core.smx] VOTE MENU: (Verbose) Still need to fetch 1 maps from the group.
L 07/06/2018 - 23:32:22: [umc-core.smx] VOTE MENU: (Verbose) Selected map 'emp_havoc_b1_fix' from group 'Infantry Maps' was added to the vote.
L 07/06/2018 - 23:32:22: [umc-core.smx] VOTE MENU: (Verbose) Fetching 0 maps from group 'Cooldown Maps'
L 07/06/2018 - 23:32:22: [umc-core.smx] VOTE MENU: (Verbose) Finished parsing nominations for map group 'Cooldown Maps'
L 07/06/2018 - 23:32:22: [umc-core.smx] Initiating Vote Type: Map
L 07/06/2018 - 23:32:22: [umc-core.smx] Adding Clients to Vote:
L 07/06/2018 - 23:32:22: [umc-core.smx] 0: JustNOTkidding (XxXxX) (2)
L 07/06/2018 - 23:32:22: [umc-core.smx] 1: Justkidding (FutureFunk) (3)
L 07/06/2018 - 23:32:22: [umc-core.smx] 2: Spyer (4)
L 07/06/2018 - 23:32:22: [umc-core.smx] 3: evavG (6)
L 07/06/2018 - 23:32:22: [umc-core.smx] 4: Skalk (7)
L 07/06/2018 - 23:32:22: [umc-core.smx] 5: .|Ϟ|. C*tface (No Sound) (8)
L 07/06/2018 - 23:32:22: [umc-core.smx] 6: SpikeBH (9)
L 07/06/2018 - 23:32:22: [umc-core.smx] VOTE MENU:
L 07/06/2018 - 23:32:22: [umc-core.smx] 2: con_havoc (0)
L 07/06/2018 - 23:32:22: [umc-core.smx] 3: emp_beachfront (1)
L 07/06/2018 - 23:32:22: [umc-core.smx] 4: emp_crossroads (2)
L 07/06/2018 - 23:32:24: [umc-core.smx] .|Ϟ|. C*tface (No Sound)<29><[U:1:41745247]><> selected menu item 1
L 07/06/2018 - 23:32:24: [umc-core.smx] Spyer<26><[U:1:34143605]><> selected menu item 1
L 07/06/2018 - 23:32:28: [umc-core.smx] evavG<27><[U:1:34977414]><> selected menu item 2
L 07/06/2018 - 23:32:52: [umc-core.smx] Setting nextmap to: emp_havoc_b1_fix
L 07/06/2018 - 23:32:52: [umc-randomcycle.smx] Disabling random nextmap selection.
L 07/06/2018 - 23:32:52: [umc-core.smx] umc-emp-mapvote.smx: Changing map to 'emp_havoc_b1_fix' in 5 seconds.
L 07/06/2018 - 23:32:52: [umc-core.smx] MAPVOTE: Players voted for map 'emp_havoc_b1_fix' from group 'Infantry Maps'
L 07/06/2018 - 23:32:52: [umc-core.smx] Vote has concluded.
L 07/06/2018 - 23:32:58: [umc-core.smx] ---------------------MAP CHANGE: emp_havoc_b1_fix---------------------
L 07/06/2018 - 23:32:58: [umc-endvote-warnings.smx] Successfully parsed and set up 11 vote warnings.
L 07/06/2018 - 23:32:58: [umc-rockthevote.smx] RTV will be made available in 60 seconds.
L 07/06/2018 - 23:33:59: [umc-rockthevote.smx] RTV is now available.
L 07/06/2018 - 23:48:33: [umc-nominate.smx] Spyer wants to nominate a map.
L 07/06/2018 - 23:48:34: [umc-core.smx] WARNING: Map "con_urbanchaos" does not exist on the server. (Group: "Infantry Maps")
L 07/06/2018 - 23:48:38: [umc-nominate.smx] Spyer has nominated 'con_district402' from group 'Infantry Maps'
L 07/06/2018 - 23:49:36: [umc-nominate.smx] SpikeBH wants to nominate a map.
L 07/06/2018 - 23:49:39: [umc-core.smx] WARNING: Map "con_urbanchaos" does not exist on the server. (Group: "Infantry Maps")
L 07/06/2018 - 23:50:11: [umc-nominate.smx] SpikeBH wants to nominate a map.
L 07/06/2018 - 23:50:17: [umc-core.smx] WARNING: Map "con_urbanchaos" does not exist on the server. (Group: "Infantry Maps")
