L 03/24/2018 - 00:24:50: [umc-emp-mapvote.smx] Map vote will appear in 30 seconds.
L 03/24/2018 - 00:25:20: [umc-emp-mapvote.smx] Starting a map vote.
L 03/24/2018 - 00:25:20: [umc-core.smx] VOTE MENU: (Verbose) Fetching 6 maps from group 'Commander Maps'
L 03/24/2018 - 00:25:20: [umc-core.smx] VOTE MENU: (Verbose) Finished parsing nominations for map group 'Commander Maps'
L 03/24/2018 - 00:25:20: [umc-core.smx] VOTE MENU: (Verbose) Still need to fetch 6 maps from the group.
L 03/24/2018 - 00:25:20: [umc-core.smx] VOTE MENU: (Verbose) Selected map 'emp_beachfront_b2_hce' from group 'Commander Maps' was added to the vote.
L 03/24/2018 - 00:25:20: [umc-core.smx] VOTE MENU: (Verbose) Selected map 'emp_drygulch_a6' from group 'Commander Maps' was added to the vote.
L 03/24/2018 - 00:25:20: [umc-core.smx] VOTE MENU: (Verbose) No more maps in map group 'Commander Maps'
L 03/24/2018 - 00:25:20: [umc-core.smx] VOTE MENU: (Verbose) Fetching 1 maps from group 'Infantry Maps'
L 03/24/2018 - 00:25:20: [umc-core.smx] VOTE MENU: (Verbose) Nominated map 'con_glycencity' from group 'Infantry Maps' was added to the vote.
L 03/24/2018 - 00:25:20: [umc-core.smx] VOTE MENU: (Verbose) Finished parsing nominations for map group 'Infantry Maps'
L 03/24/2018 - 00:25:20: [umc-core.smx] VOTE MENU: (Verbose) Fetching 1 maps from group 'Cooldown Maps'
L 03/24/2018 - 00:25:20: [umc-core.smx] VOTE MENU: (Verbose) Finished parsing nominations for map group 'Cooldown Maps'
L 03/24/2018 - 00:25:20: [umc-core.smx] VOTE MENU: (Verbose) Still need to fetch 1 maps from the group.
L 03/24/2018 - 00:25:20: [umc-core.smx] VOTE MENU: (Verbose) Selected map 'fun_ricochet_a4' from group 'Cooldown Maps' was added to the vote.
L 03/24/2018 - 00:25:20: [umc-core.smx] Initiating Vote Type: Map
L 03/24/2018 - 00:25:20: [umc-core.smx] Adding Clients to Vote:
L 03/24/2018 - 00:25:20: [umc-core.smx] 0: Mr. X. (2)
L 03/24/2018 - 00:25:20: [umc-core.smx] 1: Wilko (3)
L 03/24/2018 - 00:25:20: [umc-core.smx] 2: Spyer (5)
L 03/24/2018 - 00:25:20: [umc-core.smx] 3: Alucard (6)
L 03/24/2018 - 00:25:20: [umc-core.smx] 4: VV (9)
L 03/24/2018 - 00:25:20: [umc-core.smx] VOTE MENU:
L 03/24/2018 - 00:25:20: [umc-core.smx] 2: emp_drygulch (0)
L 03/24/2018 - 00:25:20: [umc-core.smx] 3: emp_beachfront (1)
L 03/24/2018 - 00:25:20: [umc-core.smx] 4: fun_ricochet_a4 (2)
L 03/24/2018 - 00:25:20: [umc-core.smx] 5: con_glycencity (3)
L 03/24/2018 - 00:25:26: [umc-core.smx] VV<26><[U:1:5870260]><> selected menu item 1
L 03/24/2018 - 00:25:51: [umc-emp-mapvote.smx] WARNING: Map Voting failure. Initiating random map fail-safe.
L 03/24/2018 - 00:25:51: [umc-core.smx] Setting nextmap to: fun_ricochet_a4
L 03/24/2018 - 00:25:51: [umc-randomcycle.smx] Disabling random nextmap selection.
L 03/24/2018 - 00:25:51: [umc-core.smx] umc-emp-mapvote.smx: Changing map to 'fun_ricochet_a4' in 5 seconds.
L 03/24/2018 - 00:25:51: [umc-core.smx] Vote has concluded.
L 03/24/2018 - 00:25:56: [umc-core.smx] ---------------------MAP CHANGE: fun_ricochet_a4---------------------
L 03/24/2018 - 00:25:56: [umc-endvote-warnings.smx] Successfully parsed and set up 11 vote warnings.
L 03/24/2018 - 00:25:56: [umc-rockthevote.smx] RTV will be made available in 60 seconds.
L 03/24/2018 - 00:26:57: [umc-rockthevote.smx] RTV is now available.
L 03/24/2018 - 13:34:48: [umc-core.smx] ---------------------MAP CHANGE: con_district402---------------------
L 03/24/2018 - 13:34:48: [umc-endvote-warnings.smx] Successfully parsed and set up 11 vote warnings.
L 03/24/2018 - 13:34:48: [umc-rockthevote.smx] RTV will be made available in 60 seconds.
L 03/24/2018 - 13:35:49: [umc-rockthevote.smx] RTV is now available.
L 03/24/2018 - 19:04:32: [umc-rockthevote.smx] Starting RTV.
L 03/24/2018 - 19:04:32: [umc-core.smx] VOTE MENU: (Verbose) Fetching 6 maps from group 'Commander Maps'
L 03/24/2018 - 19:04:32: [umc-core.smx] VOTE MENU: (Verbose) Finished parsing nominations for map group 'Commander Maps'
L 03/24/2018 - 19:04:32: [umc-core.smx] VOTE MENU: (Verbose) Still need to fetch 6 maps from the group.
L 03/24/2018 - 19:04:32: [umc-core.smx] VOTE MENU: (Verbose) Selected map 'emp_drygulch_a6' from group 'Commander Maps' was added to the vote.
L 03/24/2018 - 19:04:32: [umc-core.smx] VOTE MENU: (Verbose) Selected map 'emp_crossroads_towerless_hce' from group 'Commander Maps' was added to the vote.
L 03/24/2018 - 19:04:32: [umc-core.smx] VOTE MENU: (Verbose) Selected map 'emp_beachfront_b2_hce' from group 'Commander Maps' was added to the vote.
L 03/24/2018 - 19:04:32: [umc-core.smx] VOTE MENU: (Verbose) Selected map 'emp_downfall_hce' from group 'Commander Maps' was added to the vote.
L 03/24/2018 - 19:04:32: [umc-core.smx] VOTE MENU: (Verbose) No more maps in map group 'Commander Maps'
L 03/24/2018 - 19:04:32: [umc-core.smx] VOTE MENU: (Verbose) Fetching 1 maps from group 'Infantry Maps'
L 03/24/2018 - 19:04:32: [umc-core.smx] VOTE MENU: (Verbose) Finished parsing nominations for map group 'Infantry Maps'
L 03/24/2018 - 19:04:32: [umc-core.smx] VOTE MENU: (Verbose) Still need to fetch 1 maps from the group.
L 03/24/2018 - 19:04:32: [umc-core.smx] VOTE MENU: (Verbose) Selected map 'emp_shadows_attacks_fix' from group 'Infantry Maps' was added to the vote.
L 03/24/2018 - 19:04:32: [umc-core.smx] VOTE MENU: (Verbose) Fetching 1 maps from group 'Cooldown Maps'
L 03/24/2018 - 19:04:32: [umc-core.smx] VOTE MENU: (Verbose) Finished parsing nominations for map group 'Cooldown Maps'
L 03/24/2018 - 19:04:32: [umc-core.smx] VOTE MENU: (Verbose) Still need to fetch 1 maps from the group.
L 03/24/2018 - 19:04:32: [umc-core.smx] VOTE MENU: (Verbose) Selected map 'fun_ricochet_a4' from group 'Cooldown Maps' was added to the vote.
L 03/24/2018 - 19:04:32: [umc-core.smx] Initiating Vote Type: Map
L 03/24/2018 - 19:04:32: [umc-core.smx] Adding Clients to Vote:
L 03/24/2018 - 19:04:32: [umc-core.smx] 0: Wilko (2)
L 03/24/2018 - 19:04:32: [umc-core.smx] VOTE MENU:
L 03/24/2018 - 19:04:32: [umc-core.smx] 2: emp_beachfront (0)
L 03/24/2018 - 19:04:32: [umc-core.smx] 3: con_shadows_attacks (1)
L 03/24/2018 - 19:04:32: [umc-core.smx] 4: emp_crossroads (2)
L 03/24/2018 - 19:04:32: [umc-core.smx] 5: emp_drygulch (3)
L 03/24/2018 - 19:04:32: [umc-core.smx] 6: fun_ricochet_a4 (4)
L 03/24/2018 - 19:04:32: [umc-core.smx] 7: emp_downfall (5)
L 03/24/2018 - 19:04:37: [umc-core.smx] Wilko<3><[U:1:1704795]><> selected menu item 6
L 03/24/2018 - 19:04:37: [umc-core.smx] Setting nextmap to: emp_downfall_hce
L 03/24/2018 - 19:04:37: [umc-randomcycle.smx] Disabling random nextmap selection.
L 03/24/2018 - 19:04:37: [umc-core.smx] umc-rockthevote.smx: Changing map to 'emp_downfall_hce' in 5 seconds.
L 03/24/2018 - 19:04:37: [umc-core.smx] MAPVOTE: Players voted for map 'emp_downfall_hce' from group 'Commander Maps'
L 03/24/2018 - 19:04:37: [umc-core.smx] Vote has concluded.
L 03/24/2018 - 19:04:43: [umc-core.smx] ---------------------MAP CHANGE: emp_downfall_hce---------------------
L 03/24/2018 - 19:04:43: [umc-endvote-warnings.smx] Successfully parsed and set up 11 vote warnings.
L 03/24/2018 - 19:04:43: [umc-rockthevote.smx] RTV will be made available in 60 seconds.
L 03/24/2018 - 19:05:44: [umc-rockthevote.smx] RTV is now available.
L 03/24/2018 - 19:10:37: [umc-emp-mapvote.smx] Map vote will appear in 30 seconds.
L 03/24/2018 - 19:11:07: [umc-emp-mapvote.smx] Starting a map vote.
L 03/24/2018 - 19:11:07: [umc-core.smx] VOTE MENU: (Verbose) Fetching 6 maps from group 'Commander Maps'
L 03/24/2018 - 19:11:07: [umc-core.smx] VOTE MENU: (Verbose) Finished parsing nominations for map group 'Commander Maps'
L 03/24/2018 - 19:11:07: [umc-core.smx] VOTE MENU: (Verbose) Still need to fetch 6 maps from the group.
L 03/24/2018 - 19:11:07: [umc-core.smx] VOTE MENU: (Verbose) Selected map 'emp_crossroads_towerless_hce' from group 'Commander Maps' was added to the vote.
L 03/24/2018 - 19:11:07: [umc-core.smx] VOTE MENU: (Verbose) Selected map 'emp_drygulch_a6' from group 'Commander Maps' was added to the vote.
L 03/24/2018 - 19:11:07: [umc-core.smx] VOTE MENU: (Verbose) Selected map 'emp_beachfront_b2_hce' from group 'Commander Maps' was added to the vote.
L 03/24/2018 - 19:11:07: [umc-core.smx] VOTE MENU: (Verbose) No more maps in map group 'Commander Maps'
L 03/24/2018 - 19:11:07: [umc-core.smx] VOTE MENU: (Verbose) Fetching 1 maps from group 'Infantry Maps'
L 03/24/2018 - 19:11:07: [umc-core.smx] VOTE MENU: (Verbose) Finished parsing nominations for map group 'Infantry Maps'
L 03/24/2018 - 19:11:07: [umc-core.smx] VOTE MENU: (Verbose) Still need to fetch 1 maps from the group.
L 03/24/2018 - 19:11:07: [umc-core.smx] VOTE MENU: (Verbose) Selected map 'emp_shadows_attacks_fix' from group 'Infantry Maps' was added to the vote.
L 03/24/2018 - 19:11:07: [umc-core.smx] VOTE MENU: (Verbose) Fetching 1 maps from group 'Cooldown Maps'
L 03/24/2018 - 19:11:07: [umc-core.smx] VOTE MENU: (Verbose) Finished parsing nominations for map group 'Cooldown Maps'
L 03/24/2018 - 19:11:07: [umc-core.smx] VOTE MENU: (Verbose) Still need to fetch 1 maps from the group.
L 03/24/2018 - 19:11:07: [umc-core.smx] VOTE MENU: (Verbose) Selected map 'fun_ricochet_a4' from group 'Cooldown Maps' was added to the vote.
L 03/24/2018 - 19:11:07: [umc-core.smx] Initiating Vote Type: Map
L 03/24/2018 - 19:11:07: [umc-core.smx] Adding Clients to Vote:
L 03/24/2018 - 19:11:07: [umc-core.smx] 0: Wilko (2)
L 03/24/2018 - 19:11:07: [umc-core.smx] 1: Mr. X. (3)
L 03/24/2018 - 19:11:07: [umc-core.smx] VOTE MENU:
L 03/24/2018 - 19:11:07: [umc-core.smx] 2: emp_drygulch (0)
L 03/24/2018 - 19:11:07: [umc-core.smx] 3: emp_beachfront (1)
L 03/24/2018 - 19:11:07: [umc-core.smx] 4: con_shadows_attacks (2)
L 03/24/2018 - 19:11:07: [umc-core.smx] 5: emp_crossroads (3)
L 03/24/2018 - 19:11:07: [umc-core.smx] 6: fun_ricochet_a4 (4)
L 03/24/2018 - 19:11:16: [umc-core.smx] Wilko<3><[U:1:1704795]><> selected menu item 2
L 03/24/2018 - 19:11:38: [umc-core.smx] Setting nextmap to: emp_beachfront_b2_hce
L 03/24/2018 - 19:11:38: [umc-randomcycle.smx] Disabling random nextmap selection.
L 03/24/2018 - 19:11:38: [umc-core.smx] umc-emp-mapvote.smx: Changing map to 'emp_beachfront_b2_hce' in 5 seconds.
L 03/24/2018 - 19:11:38: [umc-core.smx] MAPVOTE: Players voted for map 'emp_beachfront_b2_hce' from group 'Commander Maps'
L 03/24/2018 - 19:11:38: [umc-core.smx] Vote has concluded.
L 03/24/2018 - 19:11:43: [umc-core.smx] ---------------------MAP CHANGE: emp_beachfront_b2_hce---------------------
L 03/24/2018 - 19:11:43: [umc-endvote-warnings.smx] Successfully parsed and set up 11 vote warnings.
L 03/24/2018 - 19:11:43: [umc-rockthevote.smx] RTV will be made available in 60 seconds.
L 03/24/2018 - 19:12:44: [umc-rockthevote.smx] RTV is now available.
L 03/24/2018 - 19:30:12: [umc-emp-mapvote.smx] Map vote will appear in 30 seconds.
L 03/24/2018 - 19:30:42: [umc-emp-mapvote.smx] Starting a map vote.
L 03/24/2018 - 19:30:42: [umc-core.smx] VOTE MENU: (Verbose) Fetching 6 maps from group 'Commander Maps'
L 03/24/2018 - 19:30:42: [umc-core.smx] VOTE MENU: (Verbose) Finished parsing nominations for map group 'Commander Maps'
L 03/24/2018 - 19:30:42: [umc-core.smx] VOTE MENU: (Verbose) Still need to fetch 6 maps from the group.
L 03/24/2018 - 19:30:42: [umc-core.smx] VOTE MENU: (Verbose) Selected map 'emp_drygulch_a6' from group 'Commander Maps' was added to the vote.
L 03/24/2018 - 19:30:42: [umc-core.smx] VOTE MENU: (Verbose) Selected map 'emp_crossroads_towerless_hce' from group 'Commander Maps' was added to the vote.
L 03/24/2018 - 19:30:42: [umc-core.smx] VOTE MENU: (Verbose) No more maps in map group 'Commander Maps'
L 03/24/2018 - 19:30:42: [umc-core.smx] VOTE MENU: (Verbose) Fetching 1 maps from group 'Infantry Maps'
L 03/24/2018 - 19:30:42: [umc-core.smx] VOTE MENU: (Verbose) Finished parsing nominations for map group 'Infantry Maps'
L 03/24/2018 - 19:30:42: [umc-core.smx] VOTE MENU: (Verbose) Still need to fetch 1 maps from the group.
L 03/24/2018 - 19:30:42: [umc-core.smx] VOTE MENU: (Verbose) Selected map 'emp_vehicletraining_2013' from group 'Infantry Maps' was added to the vote.
L 03/24/2018 - 19:30:42: [umc-core.smx] VOTE MENU: (Verbose) Fetching 1 maps from group 'Cooldown Maps'
L 03/24/2018 - 19:30:42: [umc-core.smx] VOTE MENU: (Verbose) Finished parsing nominations for map group 'Cooldown Maps'
L 03/24/2018 - 19:30:42: [umc-core.smx] VOTE MENU: (Verbose) Still need to fetch 1 maps from the group.
L 03/24/2018 - 19:30:42: [umc-core.smx] VOTE MENU: (Verbose) Selected map 'fun_ricochet_a4' from group 'Cooldown Maps' was added to the vote.
L 03/24/2018 - 19:30:42: [umc-core.smx] Initiating Vote Type: Map
L 03/24/2018 - 19:30:42: [umc-core.smx] Adding Clients to Vote:
L 03/24/2018 - 19:30:42: [umc-core.smx] 0: Wilko (2)
L 03/24/2018 - 19:30:42: [umc-core.smx] 1: Mr. X. (3)
L 03/24/2018 - 19:30:42: [umc-core.smx] VOTE MENU:
L 03/24/2018 - 19:30:42: [umc-core.smx] 2: emp_crossroads (0)
L 03/24/2018 - 19:30:42: [umc-core.smx] 3: fun_ricochet_a4 (1)
L 03/24/2018 - 19:30:42: [umc-core.smx] 4: emp_drygulch (2)
L 03/24/2018 - 19:30:42: [umc-core.smx] 5: con_vehicletraining (3)
L 03/24/2018 - 19:31:12: [umc-emp-mapvote.smx] WARNING: Map Voting failure. Initiating random map fail-safe.
L 03/24/2018 - 19:31:12: [umc-core.smx] Setting nextmap to: emp_crossroads_towerless_hce
L 03/24/2018 - 19:31:12: [umc-randomcycle.smx] Disabling random nextmap selection.
L 03/24/2018 - 19:31:12: [umc-core.smx] umc-emp-mapvote.smx: Changing map to 'emp_crossroads_towerless_hce' in 5 seconds.
L 03/24/2018 - 19:31:12: [umc-core.smx] Vote has concluded.
L 03/24/2018 - 19:31:19: [umc-core.smx] ---------------------MAP CHANGE: emp_crossroads_towerless_hce---------------------
L 03/24/2018 - 19:31:19: [umc-endvote-warnings.smx] Successfully parsed and set up 11 vote warnings.
L 03/24/2018 - 19:31:19: [umc-rockthevote.smx] RTV will be made available in 60 seconds.
L 03/24/2018 - 19:32:20: [umc-rockthevote.smx] RTV is now available.
L 03/24/2018 - 20:56:43: [umc-nominate.smx] ScardyBob wants to nominate a map.
L 03/24/2018 - 20:56:48: [umc-nominate.smx] ScardyBob has nominated 'emp_nuclear_b8u_xfix' from group 'Infantry Maps'
L 03/24/2018 - 21:15:19: [umc-nominate.smx] Mr. X. wants to nominate a map.
L 03/24/2018 - 21:15:40: [umc-nominate.smx] Mr. X. has nominated 'emp_ward_rc2' from group 'Commander Maps'
L 03/24/2018 - 21:24:53: [umc-nominate.smx] Oktay wants to nominate a map.
L 03/24/2018 - 21:24:59: [umc-nominate.smx] Oktay has nominated 'emp_temple_b3f' from group 'Commander Maps'
L 03/24/2018 - 21:30:44: [umc-nominate.smx] Soba Violence wants to nominate a map.
L 03/24/2018 - 21:31:03: [umc-nominate.smx] Soba Violence has nominated 'emp_isle' from group 'Commander Maps'
L 03/24/2018 - 21:31:07: [umc-nominate.smx] -NOZOMI- Ryan wants to nominate a map.
L 03/24/2018 - 21:34:04: [umc-emp-mapvote.smx] Map vote will appear in 30 seconds.
L 03/24/2018 - 21:34:17: [umc-nominate.smx] Mr. X. wants to nominate a map.
L 03/24/2018 - 21:34:24: [umc-nominate.smx] VV wants to nominate a map.
L 03/24/2018 - 21:34:31: [umc-nominate.smx] Quigon wants to nominate a map.
L 03/24/2018 - 21:34:34: [umc-emp-mapvote.smx] Starting a map vote.
L 03/24/2018 - 21:34:34: [umc-core.smx] VOTE MENU: (Verbose) Fetching 6 maps from group 'Commander Maps'
L 03/24/2018 - 21:34:34: [umc-core.smx] VOTE MENU: (Verbose) Nominated map 'emp_ward_rc2' from group 'Commander Maps' was added to the vote.
L 03/24/2018 - 21:34:34: [umc-core.smx] VOTE MENU: (Verbose) Nominated map 'emp_temple_b3f' from group 'Commander Maps' was added to the vote.
L 03/24/2018 - 21:34:34: [umc-core.smx] VOTE MENU: (Verbose) Nominated map 'emp_isle' from group 'Commander Maps' was added to the vote.
L 03/24/2018 - 21:34:34: [umc-core.smx] VOTE MENU: (Verbose) Finished parsing nominations for map group 'Commander Maps'
L 03/24/2018 - 21:34:34: [umc-core.smx] VOTE MENU: (Verbose) Still need to fetch 3 maps from the group.
L 03/24/2018 - 21:34:34: [umc-core.smx] VOTE MENU: (Verbose) Selected map 'emp_dune_ob1' from group 'Commander Maps' was added to the vote.
L 03/24/2018 - 21:34:34: [umc-core.smx] VOTE MENU: (Verbose) Selected map 'emp_glacial_b2' from group 'Commander Maps' was added to the vote.
L 03/24/2018 - 21:34:34: [umc-core.smx] VOTE MENU: (Verbose) Selected map 'emp_plunge_ob2_2013_hce' from group 'Commander Maps' was added to the vote.
L 03/24/2018 - 21:34:34: [umc-core.smx] VOTE MENU: (Verbose) Fetching 1 maps from group 'Infantry Maps'
L 03/24/2018 - 21:34:34: [umc-core.smx] VOTE MENU: (Verbose) Finished parsing nominations for map group 'Infantry Maps'
L 03/24/2018 - 21:34:34: [umc-core.smx] VOTE MENU: (Verbose) Still need to fetch 1 maps from the group.
L 03/24/2018 - 21:34:34: [umc-core.smx] VOTE MENU: (Verbose) No more maps in map group 'Infantry Maps'
L 03/24/2018 - 21:34:34: [umc-core.smx] VOTE MENU: (Verbose) Fetching 1 maps from group 'Cooldown Maps'
L 03/24/2018 - 21:34:34: [umc-core.smx] VOTE MENU: (Verbose) Finished parsing nominations for map group 'Cooldown Maps'
L 03/24/2018 - 21:34:34: [umc-core.smx] VOTE MENU: (Verbose) Still need to fetch 1 maps from the group.
L 03/24/2018 - 21:34:34: [umc-core.smx] VOTE MENU: (Verbose) Selected map 'fun_ricochet_a4' from group 'Cooldown Maps' was added to the vote.
L 03/24/2018 - 21:34:34: [umc-core.smx] Initiating Vote Type: Map
L 03/24/2018 - 21:34:34: [umc-core.smx] Adding Clients to Vote:
L 03/24/2018 - 21:34:34: [umc-core.smx] 0: Wilko (2)
L 03/24/2018 - 21:34:34: [umc-core.smx] 1: Mr. X. (3)
L 03/24/2018 - 21:34:34: [umc-core.smx] 2: LT (4)
L 03/24/2018 - 21:34:34: [umc-core.smx] 3: Axeman (5)
L 03/24/2018 - 21:34:34: [umc-core.smx] 4: Oktay (6)
L 03/24/2018 - 21:34:34: [umc-core.smx] 5: Soba Violence (7)
L 03/24/2018 - 21:34:34: [umc-core.smx] 6: PYA (8)
L 03/24/2018 - 21:34:34: [umc-core.smx] 7: CrazyMRANZ (9)
L 03/24/2018 - 21:34:34: [umc-core.smx] 8: VV (10)
L 03/24/2018 - 21:34:34: [umc-core.smx] 9: ScardyBob (11)
L 03/24/2018 - 21:34:34: [umc-core.smx] 10: Quigon (12)
L 03/24/2018 - 21:34:34: [umc-core.smx] 11: Grave (13)
L 03/24/2018 - 21:34:34: [umc-core.smx] 12: -NOZOMI- Ryan (14)
L 03/24/2018 - 21:34:34: [umc-core.smx] 13: Flaming Pope (15)
L 03/24/2018 - 21:34:34: [umc-core.smx] 14: Mikleo (16)
L 03/24/2018 - 21:34:34: [umc-core.smx] 15: Terminal_Mischief (17)
L 03/24/2018 - 21:34:34: [umc-core.smx] 16: Spyer (18)
L 03/24/2018 - 21:34:34: [umc-core.smx] 17: Natsert99 (19)
L 03/24/2018 - 21:34:34: [umc-core.smx] 18: nowaf8037 (20)
L 03/24/2018 - 21:34:34: [umc-core.smx] 19: YouzY (21)
L 03/24/2018 - 21:34:34: [umc-core.smx] 20: .|Ϟ|. Tony (22)
L 03/24/2018 - 21:34:34: [umc-core.smx] 21: c-137 Medicine (23)
L 03/24/2018 - 21:34:34: [umc-core.smx] 22: Alucard (24)
L 03/24/2018 - 21:34:34: [umc-core.smx] 23: =[KXIC]= hopfi (25)
L 03/24/2018 - 21:34:34: [umc-core.smx] VOTE MENU:
L 03/24/2018 - 21:34:34: [umc-core.smx] 2: fun_ricochet_a4 (0)
L 03/24/2018 - 21:34:34: [umc-core.smx] 3: emp_glacial (1)
L 03/24/2018 - 21:34:34: [umc-core.smx] 4: emp_temple (2)
L 03/24/2018 - 21:34:34: [umc-core.smx] 5: emp_isle (3)
L 03/24/2018 - 21:34:34: [umc-core.smx] 6: emp_ward (4)
L 03/24/2018 - 21:34:34: [umc-core.smx] 7: emp_plunge (5)
L 03/24/2018 - 21:34:34: [umc-core.smx] 8: emp_dune (6)
L 03/24/2018 - 21:34:35: [umc-core.smx] Quigon<14><[U:1:5653485]><> selected menu item 3
L 03/24/2018 - 21:34:38: [umc-core.smx] VV<12><[U:1:5870260]><> selected menu item 3
L 03/24/2018 - 21:34:39: [umc-core.smx] Mr. X.<4><[U:1:27106968]><> selected menu item 5
L 03/24/2018 - 21:34:42: [umc-core.smx] ScardyBob<13><[U:1:21571057]><> selected menu item 5
L 03/24/2018 - 21:34:42: [umc-core.smx] .|Ϟ|. Tony<24><[U:1:59629924]><> selected menu item 3
L 03/24/2018 - 21:34:42: [umc-core.smx] Grave<15><[U:1:34977414]><> selected menu item 3
L 03/24/2018 - 21:34:42: [umc-core.smx] Axeman<8><[U:1:34903667]><> selected menu item 4
L 03/24/2018 - 21:34:43: [umc-core.smx] Alucard<29><[U:1:15468617]><> selected menu item 1
L 03/24/2018 - 21:34:44: [umc-core.smx] Natsert99<21><[U:1:90136668]><> selected menu item 3
L 03/24/2018 - 21:34:45: [umc-core.smx] Soba Violence<9><[U:1:29103880]><> selected menu item 4
L 03/24/2018 - 21:34:45: [umc-core.smx] c-137 Medicine<28><[U:1:33445435]><> selected menu item 7
L 03/24/2018 - 21:34:46: [umc-core.smx] Spyer<20><[U:1:34143605]><> selected menu item 4
L 03/24/2018 - 21:34:46: [umc-core.smx] -NOZOMI- Ryan<16><[U:1:25012379]><> selected menu item 3
L 03/24/2018 - 21:34:46: [umc-core.smx] Oktay<7><[U:1:116496292]><> selected menu item 3
L 03/24/2018 - 21:34:48: [umc-core.smx] CrazyMRANZ<26><[U:1:42657167]><> selected menu item 6
L 03/24/2018 - 21:34:48: [umc-core.smx] Mikleo<18><[U:1:376259319]><> selected menu item 3
L 03/24/2018 - 21:34:56: [umc-core.smx] Quigon<14><[U:1:5653485]><> selected menu item 4
L 03/24/2018 - 21:35:05: [umc-core.smx] RUNOFF MENU: (Verbose) Building runoff vote menu.
L 03/24/2018 - 21:35:05: [umc-core.smx] RUNOFF MENU: (Verbose) 'emp_plunge' was removed from the vote. It had 1 votes (6 of total)
L 03/24/2018 - 21:35:05: [umc-core.smx] RUNOFF MENU: (Verbose) 'fun_ricochet_a4' was removed from the vote. It had 1 votes (6 of total)
L 03/24/2018 - 21:35:05: [umc-core.smx] RUNOFF MENU: (Verbose) 'emp_dune' was removed from the vote. It had 1 votes (6 of total)
L 03/24/2018 - 21:35:05: [umc-core.smx] RUNOFF MENU: (Verbose) 'emp_ward' was removed from the vote. It had 2 votes (12 of total)
L 03/24/2018 - 21:35:05: [umc-core.smx] RUNOFF MENU: (Verbose) Stopped removing options from the vote. Maximum possible winning vote percentage is 75%
L 03/24/2018 - 21:35:05: [umc-core.smx] Vote has concluded.
L 03/24/2018 - 21:35:13: [umc-core.smx] RUNOFF: Starting runoff vote.
L 03/24/2018 - 21:35:13: [umc-core.smx] Initiating Vote Type: Map
L 03/24/2018 - 21:35:13: [umc-core.smx] Adding Clients to Vote:
L 03/24/2018 - 21:35:13: [umc-core.smx] 0: Wilko (2)
L 03/24/2018 - 21:35:13: [umc-core.smx] 1: Mr. X. (3)
L 03/24/2018 - 21:35:13: [umc-core.smx] 2: LT (4)
L 03/24/2018 - 21:35:13: [umc-core.smx] 3: Axeman (5)
L 03/24/2018 - 21:35:13: [umc-core.smx] 4: Oktay (6)
L 03/24/2018 - 21:35:13: [umc-core.smx] 5: Soba Violence (7)
L 03/24/2018 - 21:35:13: [umc-core.smx] 6: PYA (8)
L 03/24/2018 - 21:35:13: [umc-core.smx] 7: CrazyMRANZ (9)
L 03/24/2018 - 21:35:13: [umc-core.smx] 8: VV (10)
L 03/24/2018 - 21:35:13: [umc-core.smx] 9: ScardyBob (11)
L 03/24/2018 - 21:35:13: [umc-core.smx] 10: Quigon (12)
L 03/24/2018 - 21:35:13: [umc-core.smx] 11: Grave (13)
L 03/24/2018 - 21:35:13: [umc-core.smx] 12: -NOZOMI- Ryan (14)
L 03/24/2018 - 21:35:13: [umc-core.smx] 13: Flaming Pope (15)
L 03/24/2018 - 21:35:13: [umc-core.smx] 14: Mikleo (16)
L 03/24/2018 - 21:35:13: [umc-core.smx] 15: Terminal_Mischief (17)
L 03/24/2018 - 21:35:13: [umc-core.smx] 16: Spyer (18)
L 03/24/2018 - 21:35:13: [umc-core.smx] 17: Natsert99 (19)
L 03/24/2018 - 21:35:13: [umc-core.smx] 18: nowaf8037 (20)
L 03/24/2018 - 21:35:13: [umc-core.smx] 19: YouzY (21)
L 03/24/2018 - 21:35:13: [umc-core.smx] 20: .|Ϟ|. Tony (22)
L 03/24/2018 - 21:35:13: [umc-core.smx] 21: c-137 Medicine (23)
L 03/24/2018 - 21:35:13: [umc-core.smx] 22: Alucard (24)
L 03/24/2018 - 21:35:13: [umc-core.smx] 23: =[KXIC]= hopfi (25)
L 03/24/2018 - 21:35:13: [umc-core.smx] VOTE MENU:
L 03/24/2018 - 21:35:13: [umc-core.smx] 2: emp_temple (2)
L 03/24/2018 - 21:35:13: [umc-core.smx] 3: emp_isle (3)
L 03/24/2018 - 21:35:15: [umc-core.smx] YouzY<23><[U:1:23994419]><> selected menu item 2
L 03/24/2018 - 21:35:16: [umc-core.smx] PYA<25><[U:1:35045005]><> selected menu item 2
L 03/24/2018 - 21:35:16: [umc-core.smx] VV<12><[U:1:5870260]><> selected menu item 1
L 03/24/2018 - 21:35:16: [umc-core.smx] ScardyBob<13><[U:1:21571057]><> selected menu item 2
L 03/24/2018 - 21:35:17: [umc-core.smx] -NOZOMI- Ryan<16><[U:1:25012379]><> selected menu item 1
L 03/24/2018 - 21:35:17: [umc-core.smx] Axeman<8><[U:1:34903667]><> selected menu item 2
L 03/24/2018 - 21:35:17: [umc-core.smx] Spyer<20><[U:1:34143605]><> selected menu item 2
L 03/24/2018 - 21:35:18: [umc-core.smx] Mr. X.<4><[U:1:27106968]><> selected menu item 1
L 03/24/2018 - 21:35:18: [umc-core.smx] Quigon<14><[U:1:5653485]><> selected menu item 2
L 03/24/2018 - 21:35:20: [umc-core.smx] Grave<15><[U:1:34977414]><> selected menu item 1
L 03/24/2018 - 21:35:20: [umc-core.smx] Alucard<29><[U:1:15468617]><> selected menu item 1
L 03/24/2018 - 21:35:24: [umc-core.smx] Natsert99<21><[U:1:90136668]><> selected menu item 1
L 03/24/2018 - 21:35:25: [umc-core.smx] CrazyMRANZ<26><[U:1:42657167]><> selected menu item 2
L 03/24/2018 - 21:35:32: [umc-core.smx] Soba Violence<9><[U:1:29103880]><> selected menu item 2
L 03/24/2018 - 21:35:44: [umc-core.smx] Setting nextmap to: emp_isle
L 03/24/2018 - 21:35:44: [umc-randomcycle.smx] Disabling random nextmap selection.
L 03/24/2018 - 21:35:44: [umc-core.smx] umc-emp-mapvote.smx: Changing map to 'emp_isle' in 5 seconds.
L 03/24/2018 - 21:35:44: [umc-core.smx] MAPVOTE: Players voted for map 'emp_isle' from group 'Commander Maps'
L 03/24/2018 - 21:35:44: [umc-core.smx] Vote has concluded.
L 03/24/2018 - 21:35:50: [umc-core.smx] ---------------------MAP CHANGE: emp_isle---------------------
L 03/24/2018 - 21:35:50: [umc-endvote-warnings.smx] Successfully parsed and set up 11 vote warnings.
L 03/24/2018 - 21:35:50: [umc-rockthevote.smx] RTV will be made available in 60 seconds.
L 03/24/2018 - 21:36:51: [umc-rockthevote.smx] RTV is now available.
L 03/24/2018 - 22:06:52: [umc-nominate.smx] Soba Violence wants to nominate a map.
L 03/24/2018 - 22:07:08: [umc-nominate.smx] Soba Violence has nominated 'emp_duststorm_fix2' from group 'Commander Maps'
L 03/24/2018 - 22:08:27: [umc-nominate.smx] -NOZOMI- Ryan wants to nominate a map.
L 03/24/2018 - 22:08:35: [umc-nominate.smx] -NOZOMI- Ryan has nominated 'emp_temple_b3f' from group 'Commander Maps'
L 03/24/2018 - 22:09:03: [umc-nominate.smx] Blood-Wiper wants to nominate a map.
L 03/24/2018 - 22:09:07: [umc-nominate.smx] Blood-Wiper has nominated 'emp_canyon' from group 'Commander Maps'
L 03/24/2018 - 22:09:12: [umc-nominate.smx] Oktay wants to nominate a map.
L 03/24/2018 - 22:09:16: [umc-emp-mapvote.smx] Map vote will appear in 30 seconds.
L 03/24/2018 - 22:09:18: [umc-nominate.smx] Oktay has nominated 'emp_dune_ob1' from group 'Commander Maps'
L 03/24/2018 - 22:09:25: [umc-nominate.smx] ScardyBob wants to nominate a map.
L 03/24/2018 - 22:09:28: [umc-nominate.smx] ScardyBob has nominated 'emp_forest_ob_2013_fix' from group 'Commander Maps'
L 03/24/2018 - 22:09:46: [umc-emp-mapvote.smx] Starting a map vote.
L 03/24/2018 - 22:09:46: [umc-core.smx] VOTE MENU: (Verbose) Fetching 6 maps from group 'Commander Maps'
L 03/24/2018 - 22:09:46: [umc-core.smx] VOTE MENU: (Verbose) Nominated map 'emp_duststorm_fix2' from group 'Commander Maps' was added to the vote.
L 03/24/2018 - 22:09:46: [umc-core.smx] VOTE MENU: (Verbose) Nominated map 'emp_temple_b3f' from group 'Commander Maps' was added to the vote.
L 03/24/2018 - 22:09:46: [umc-core.smx] VOTE MENU: (Verbose) Nominated map 'emp_canyon' from group 'Commander Maps' was added to the vote.
L 03/24/2018 - 22:09:46: [umc-core.smx] VOTE MENU: (Verbose) Nominated map 'emp_dune_ob1' from group 'Commander Maps' was added to the vote.
L 03/24/2018 - 22:09:46: [umc-core.smx] VOTE MENU: (Verbose) Nominated map 'emp_forest_ob_2013_fix' from group 'Commander Maps' was added to the vote.
L 03/24/2018 - 22:09:46: [umc-core.smx] VOTE MENU: (Verbose) Finished parsing nominations for map group 'Commander Maps'
L 03/24/2018 - 22:09:46: [umc-core.smx] VOTE MENU: (Verbose) Still need to fetch 1 maps from the group.
L 03/24/2018 - 22:09:46: [umc-core.smx] VOTE MENU: (Verbose) Selected map 'emp_research_1_2_2013' from group 'Commander Maps' was added to the vote.
L 03/24/2018 - 22:09:46: [umc-core.smx] VOTE MENU: (Verbose) Fetching 1 maps from group 'Infantry Maps'
L 03/24/2018 - 22:09:46: [umc-core.smx] VOTE MENU: (Verbose) Finished parsing nominations for map group 'Infantry Maps'
L 03/24/2018 - 22:09:46: [umc-core.smx] VOTE MENU: (Verbose) Still need to fetch 1 maps from the group.
L 03/24/2018 - 22:09:46: [umc-core.smx] VOTE MENU: (Verbose) No more maps in map group 'Infantry Maps'
L 03/24/2018 - 22:09:46: [umc-core.smx] VOTE MENU: (Verbose) Fetching 1 maps from group 'Cooldown Maps'
L 03/24/2018 - 22:09:46: [umc-core.smx] VOTE MENU: (Verbose) Finished parsing nominations for map group 'Cooldown Maps'
L 03/24/2018 - 22:09:46: [umc-core.smx] VOTE MENU: (Verbose) Still need to fetch 1 maps from the group.
L 03/24/2018 - 22:09:46: [umc-core.smx] VOTE MENU: (Verbose) Selected map 'fun_ricochet_a4' from group 'Cooldown Maps' was added to the vote.
L 03/24/2018 - 22:09:46: [umc-core.smx] Initiating Vote Type: Map
L 03/24/2018 - 22:09:46: [umc-core.smx] Adding Clients to Vote:
L 03/24/2018 - 22:09:46: [umc-core.smx] 0: Wilko (2)
L 03/24/2018 - 22:09:46: [umc-core.smx] 1: Mr. X. (3)
L 03/24/2018 - 22:09:46: [umc-core.smx] 2: LT (4)
L 03/24/2018 - 22:09:46: [umc-core.smx] 3: Axeman (5)
L 03/24/2018 - 22:09:46: [umc-core.smx] 4: Oktay (6)
L 03/24/2018 - 22:09:46: [umc-core.smx] 5: Soba Violence (7)
L 03/24/2018 - 22:09:46: [umc-core.smx] 6: Sir.DieALot (8)
L 03/24/2018 - 22:09:46: [umc-core.smx] 7: CrazyMRANZ (9)
L 03/24/2018 - 22:09:46: [umc-core.smx] 8: VV (10)
L 03/24/2018 - 22:09:46: [umc-core.smx] 9: ScardyBob (11)
L 03/24/2018 - 22:09:46: [umc-core.smx] 10: Quigon (12)
L 03/24/2018 - 22:09:46: [umc-core.smx] 11: Grave (13)
L 03/24/2018 - 22:09:46: [umc-core.smx] 12: -NOZOMI- Ryan (14)
L 03/24/2018 - 22:09:46: [umc-core.smx] 13: Flaming Pope (15)
L 03/24/2018 - 22:09:46: [umc-core.smx] 14: Mikleo (16)
L 03/24/2018 - 22:09:46: [umc-core.smx] 15: Spyer (18)
L 03/24/2018 - 22:09:46: [umc-core.smx] 16: Natsert99 (19)
L 03/24/2018 - 22:09:46: [umc-core.smx] 17: nowaf8037 (20)
L 03/24/2018 - 22:09:46: [umc-core.smx] 18: YouzY (21)
L 03/24/2018 - 22:09:46: [umc-core.smx] 19: .|Ϟ|. Tony (22)
L 03/24/2018 - 22:09:46: [umc-core.smx] 20: c-137 Medicine (23)
L 03/24/2018 - 22:09:46: [umc-core.smx] 21: Alucard (24)
L 03/24/2018 - 22:09:46: [umc-core.smx] 22: =[KXIC]= hopfi (25)
L 03/24/2018 - 22:09:46: [umc-core.smx] 23: Red Fang (26)
L 03/24/2018 - 22:09:46: [umc-core.smx] 24: POOTISMAN (27)
L 03/24/2018 - 22:09:46: [umc-core.smx] 25: Joy (28)
L 03/24/2018 - 22:09:46: [umc-core.smx] 26: Blood-Wiper (29)
L 03/24/2018 - 22:09:46: [umc-core.smx] 27: BlueLeader777 (30)
L 03/24/2018 - 22:09:46: [umc-core.smx] 28: =F= MrBlueSky (31)
L 03/24/2018 - 22:09:46: [umc-core.smx] 29: PYA (32)
L 03/24/2018 - 22:09:46: [umc-core.smx] VOTE MENU:
L 03/24/2018 - 22:09:46: [umc-core.smx] 2: emp_forest (0)
L 03/24/2018 - 22:09:46: [umc-core.smx] 3: fun_ricochet_a4 (1)
L 03/24/2018 - 22:09:46: [umc-core.smx] 4: emp_research (2)
L 03/24/2018 - 22:09:46: [umc-core.smx] 5: emp_canyon (3)
L 03/24/2018 - 22:09:46: [umc-core.smx] 6: emp_temple (4)
L 03/24/2018 - 22:09:46: [umc-core.smx] 7: emp_duststorm (5)
L 03/24/2018 - 22:09:46: [umc-core.smx] 8: emp_dune (6)
L 03/24/2018 - 22:09:50: [umc-core.smx] -NOZOMI- Ryan<16><[U:1:25012379]><> selected menu item 5
L 03/24/2018 - 22:09:50: [umc-core.smx] VV<12><[U:1:5870260]><> selected menu item 5
L 03/24/2018 - 22:09:51: [umc-core.smx] CrazyMRANZ<26><[U:1:42657167]><> selected menu item 4
L 03/24/2018 - 22:09:51: [umc-core.smx] Mr. X.<4><[U:1:27106968]><> selected menu item 3
L 03/24/2018 - 22:09:52: [umc-core.smx] Joy<33><[U:1:14391461]><> selected menu item 4
L 03/24/2018 - 22:09:52: [umc-core.smx] Axeman<8><[U:1:34903667]><> selected menu item 4
L 03/24/2018 - 22:09:52: [umc-core.smx] Quigon<14><[U:1:5653485]><> selected menu item 4
L 03/24/2018 - 22:09:52: [umc-core.smx] Red Fang<31><[U:1:8434852]><> selected menu item 1
L 03/24/2018 - 22:09:53: [umc-core.smx] ScardyBob<13><[U:1:21571057]><> selected menu item 2
L 03/24/2018 - 22:09:53: [umc-core.smx] c-137 Medicine<28><[U:1:33445435]><> selected menu item 6
L 03/24/2018 - 22:09:54: [umc-core.smx] Oktay<7><[U:1:116496292]><> selected menu item 7
L 03/24/2018 - 22:09:55: [umc-core.smx] PYA<38><[U:1:35045005]><> selected menu item 3
L 03/24/2018 - 22:09:57: [umc-core.smx] Alucard<29><[U:1:15468617]><> selected menu item 2
L 03/24/2018 - 22:09:57: [umc-core.smx] Mikleo<18><[U:1:376259319]><> selected menu item 4
L 03/24/2018 - 22:09:58: [umc-core.smx] Blood-Wiper<34><[U:1:36056234]><> selected menu item 4
L 03/24/2018 - 22:09:58: [umc-core.smx] Grave<15><[U:1:34977414]><> selected menu item 4
L 03/24/2018 - 22:10:00: [umc-core.smx] Soba Violence<9><[U:1:29103880]><> selected menu item 6
L 03/24/2018 - 22:10:00: [umc-core.smx] YouzY<23><[U:1:23994419]><> selected menu item 5
L 03/24/2018 - 22:10:01: [umc-core.smx] ScardyBob<13><[U:1:21571057]><> selected menu item 6
L 03/24/2018 - 22:10:06: [umc-core.smx] POOTISMAN<32><[U:1:26527408]><> selected menu item 7
L 03/24/2018 - 22:10:07: [umc-core.smx] Joy<33><[U:1:14391461]><> selected menu item 6
L 03/24/2018 - 22:10:12: [umc-core.smx] Oktay<7><[U:1:116496292]><> selected menu item 6
L 03/24/2018 - 22:10:13: [umc-core.smx] Grave<15><[U:1:34977414]><> selected menu item 5
L 03/24/2018 - 22:10:16: [umc-core.smx] Mr. X.<4><[U:1:27106968]><> selected menu item 5
L 03/24/2018 - 22:10:16: [umc-core.smx] RUNOFF MENU: (Verbose) Building runoff vote menu.
L 03/24/2018 - 22:10:16: [umc-core.smx] RUNOFF MENU: (Verbose) 'emp_research' was removed from the vote. It had 1 votes (5 of total)
L 03/24/2018 - 22:10:16: [umc-core.smx] RUNOFF MENU: (Verbose) 'emp_forest' was removed from the vote. It had 1 votes (5 of total)
L 03/24/2018 - 22:10:16: [umc-core.smx] RUNOFF MENU: (Verbose) 'emp_dune' was removed from the vote. It had 1 votes (5 of total)
L 03/24/2018 - 22:10:16: [umc-core.smx] RUNOFF MENU: (Verbose) 'fun_ricochet_a4' was removed from the vote. It had 1 votes (5 of total)
L 03/24/2018 - 22:10:16: [umc-core.smx] RUNOFF MENU: (Verbose) 'emp_temple' was removed from the vote. It had 5 votes (26 of total)
L 03/24/2018 - 22:10:16: [umc-core.smx] RUNOFF MENU: (Verbose) Stopped removing options from the vote. Maximum possible winning vote percentage is 73%
L 03/24/2018 - 22:10:16: [umc-core.smx] Vote has concluded.
L 03/24/2018 - 22:10:24: [umc-core.smx] RUNOFF: Starting runoff vote.
L 03/24/2018 - 22:10:24: [umc-core.smx] Initiating Vote Type: Map
L 03/24/2018 - 22:10:24: [umc-core.smx] Adding Clients to Vote:
L 03/24/2018 - 22:10:24: [umc-core.smx] 0: Wilko (2)
L 03/24/2018 - 22:10:24: [umc-core.smx] 1: Mr. X. (3)
L 03/24/2018 - 22:10:24: [umc-core.smx] 2: LT (4)
L 03/24/2018 - 22:10:24: [umc-core.smx] 3: Axeman (5)
L 03/24/2018 - 22:10:24: [umc-core.smx] 4: Oktay (6)
L 03/24/2018 - 22:10:24: [umc-core.smx] 5: Soba Violence (7)
L 03/24/2018 - 22:10:24: [umc-core.smx] 6: Sir.DieALot (8)
L 03/24/2018 - 22:10:24: [umc-core.smx] 7: CrazyMRANZ (9)
L 03/24/2018 - 22:10:24: [umc-core.smx] 8: VV (10)
L 03/24/2018 - 22:10:24: [umc-core.smx] 9: ScardyBob (11)
L 03/24/2018 - 22:10:24: [umc-core.smx] 10: Quigon (12)
L 03/24/2018 - 22:10:24: [umc-core.smx] 11: Grave (13)
L 03/24/2018 - 22:10:24: [umc-core.smx] 12: -NOZOMI- Ryan (14)
L 03/24/2018 - 22:10:24: [umc-core.smx] 13: Flaming Pope (15)
L 03/24/2018 - 22:10:24: [umc-core.smx] 14: Mikleo (16)
L 03/24/2018 - 22:10:24: [umc-core.smx] 15: Spyer (18)
L 03/24/2018 - 22:10:24: [umc-core.smx] 16: Natsert99 (19)
L 03/24/2018 - 22:10:24: [umc-core.smx] 18: YouzY (21)
L 03/24/2018 - 22:10:24: [umc-core.smx] 19: .|Ϟ|. Tony (22)
L 03/24/2018 - 22:10:24: [umc-core.smx] 20: c-137 Medicine (23)
L 03/24/2018 - 22:10:24: [umc-core.smx] 21: Alucard (24)
L 03/24/2018 - 22:10:24: [umc-core.smx] 22: =[KXIC]= hopfi (25)
L 03/24/2018 - 22:10:24: [umc-core.smx] 23: Red Fang (26)
L 03/24/2018 - 22:10:24: [umc-core.smx] 24: POOTISMAN (27)
L 03/24/2018 - 22:10:24: [umc-core.smx] 25: Joy (28)
L 03/24/2018 - 22:10:24: [umc-core.smx] 26: Blood-Wiper (29)
L 03/24/2018 - 22:10:24: [umc-core.smx] 27: BlueLeader777 (30)
L 03/24/2018 - 22:10:24: [umc-core.smx] 28: =F= MrBlueSky (31)
L 03/24/2018 - 22:10:24: [umc-core.smx] 29: PYA (32)
L 03/24/2018 - 22:10:24: [umc-core.smx] VOTE MENU:
L 03/24/2018 - 22:10:24: [umc-core.smx] 2: emp_canyon (3)
L 03/24/2018 - 22:10:24: [umc-core.smx] 3: emp_duststorm (5)
L 03/24/2018 - 22:10:26: [umc-core.smx] Joy<33><[U:1:14391461]><> selected menu item 2
L 03/24/2018 - 22:10:26: [umc-core.smx] Oktay<7><[U:1:116496292]><> selected menu item 2
L 03/24/2018 - 22:10:26: [umc-core.smx] Grave<15><[U:1:34977414]><> selected menu item 2
L 03/24/2018 - 22:10:27: [umc-core.smx] ScardyBob<13><[U:1:21571057]><> selected menu item 2
L 03/24/2018 - 22:10:27: [umc-core.smx] CrazyMRANZ<26><[U:1:42657167]><> selected menu item 1
L 03/24/2018 - 22:10:27: [umc-core.smx] -NOZOMI- Ryan<16><[U:1:25012379]><> selected menu item 2
L 03/24/2018 - 22:10:27: [umc-core.smx] Quigon<14><[U:1:5653485]><> selected menu item 1
L 03/24/2018 - 22:10:27: [umc-core.smx] Mikleo<18><[U:1:376259319]><> selected menu item 1
L 03/24/2018 - 22:10:27: [umc-core.smx] POOTISMAN<32><[U:1:26527408]><> selected menu item 2
L 03/24/2018 - 22:10:28: [umc-core.smx] Axeman<8><[U:1:34903667]><> selected menu item 1
L 03/24/2018 - 22:10:28: [umc-core.smx] VV<12><[U:1:5870260]><> selected menu item 2
L 03/24/2018 - 22:10:28: [umc-core.smx] BlueLeader777<35><[U:1:100534480]><> selected menu item 2
L 03/24/2018 - 22:10:28: [umc-core.smx] Soba Violence<9><[U:1:29103880]><> selected menu item 2
L 03/24/2018 - 22:10:29: [umc-core.smx] Mr. X.<4><[U:1:27106968]><> selected menu item 2
L 03/24/2018 - 22:10:29: [umc-core.smx] Red Fang<31><[U:1:8434852]><> selected menu item 2
L 03/24/2018 - 22:10:30: [umc-core.smx] Wilko<3><[U:1:1704795]><> selected menu item 2
L 03/24/2018 - 22:10:30: [umc-core.smx] =F= MrBlueSky<36><[U:1:7486994]><> selected menu item 1
L 03/24/2018 - 22:10:32: [umc-core.smx] c-137 Medicine<28><[U:1:33445435]><> selected menu item 2
L 03/24/2018 - 22:10:32: [umc-core.smx] PYA<38><[U:1:35045005]><> selected menu item 1
L 03/24/2018 - 22:10:33: [umc-core.smx] Blood-Wiper<34><[U:1:36056234]><> selected menu item 1
L 03/24/2018 - 22:10:34: [umc-core.smx] Alucard<29><[U:1:15468617]><> selected menu item 2
L 03/24/2018 - 22:10:34: [umc-core.smx] .|Ϟ|. Tony<24><[U:1:59629924]><> selected menu item 2
L 03/24/2018 - 22:10:55: [umc-core.smx] Setting nextmap to: emp_duststorm_fix2
L 03/24/2018 - 22:10:55: [umc-randomcycle.smx] Disabling random nextmap selection.
L 03/24/2018 - 22:10:55: [umc-core.smx] umc-emp-mapvote.smx: Changing map to 'emp_duststorm_fix2' in 5 seconds.
L 03/24/2018 - 22:10:55: [umc-core.smx] MAPVOTE: Players voted for map 'emp_duststorm_fix2' from group 'Commander Maps'
L 03/24/2018 - 22:10:55: [umc-core.smx] Vote has concluded.
L 03/24/2018 - 22:11:01: [umc-core.smx] ---------------------MAP CHANGE: emp_duststorm_fix2---------------------
L 03/24/2018 - 22:11:01: [umc-endvote-warnings.smx] Successfully parsed and set up 11 vote warnings.
L 03/24/2018 - 22:11:01: [umc-rockthevote.smx] RTV will be made available in 60 seconds.
L 03/24/2018 - 22:12:02: [umc-rockthevote.smx] RTV is now available.
L 03/24/2018 - 22:41:09: [umc-nominate.smx] Quigon wants to nominate a map.
L 03/24/2018 - 22:41:13: [umc-nominate.smx] Oktay wants to nominate a map.
L 03/24/2018 - 22:41:17: [umc-nominate.smx] Oktay has nominated 'emp_dune_ob1' from group 'Commander Maps'
L 03/24/2018 - 22:41:19: [umc-nominate.smx] Quigon has nominated 'emp_canyon' from group 'Commander Maps'
L 03/24/2018 - 22:43:17: [umc-emp-mapvote.smx] Map vote will appear in 30 seconds.
L 03/24/2018 - 22:43:37: [umc-nominate.smx] Blood-Wiper wants to nominate a map.
L 03/24/2018 - 22:43:41: [umc-nominate.smx] Blood-Wiper has nominated 'emp_coast' from group 'Commander Maps'
L 03/24/2018 - 22:43:47: [umc-emp-mapvote.smx] Starting a map vote.
L 03/24/2018 - 22:43:47: [umc-core.smx] VOTE MENU: (Verbose) Fetching 6 maps from group 'Commander Maps'
L 03/24/2018 - 22:43:47: [umc-core.smx] VOTE MENU: (Verbose) Nominated map 'emp_dune_ob1' from group 'Commander Maps' was added to the vote.
L 03/24/2018 - 22:43:47: [umc-core.smx] VOTE MENU: (Verbose) Nominated map 'emp_canyon' from group 'Commander Maps' was added to the vote.
L 03/24/2018 - 22:43:47: [umc-core.smx] VOTE MENU: (Verbose) Nominated map 'emp_coast' from group 'Commander Maps' was added to the vote.
L 03/24/2018 - 22:43:47: [umc-core.smx] VOTE MENU: (Verbose) Finished parsing nominations for map group 'Commander Maps'
L 03/24/2018 - 22:43:47: [umc-core.smx] VOTE MENU: (Verbose) Still need to fetch 3 maps from the group.
L 03/24/2018 - 22:43:47: [umc-core.smx] VOTE MENU: (Verbose) Selected map 'emp_snowstorm_rc6_hce' from group 'Commander Maps' was added to the vote.
L 03/24/2018 - 22:43:47: [umc-core.smx] VOTE MENU: (Verbose) Selected map 'emp_hazard_rc6' from group 'Commander Maps' was added to the vote.
L 03/24/2018 - 22:43:47: [umc-core.smx] VOTE MENU: (Verbose) Selected map 'emp_streetsoffire_fix' from group 'Commander Maps' was added to the vote.
L 03/24/2018 - 22:43:47: [umc-core.smx] VOTE MENU: (Verbose) Fetching 1 maps from group 'Infantry Maps'
L 03/24/2018 - 22:43:47: [umc-core.smx] VOTE MENU: (Verbose) Finished parsing nominations for map group 'Infantry Maps'
L 03/24/2018 - 22:43:47: [umc-core.smx] VOTE MENU: (Verbose) Still need to fetch 1 maps from the group.
L 03/24/2018 - 22:43:47: [umc-core.smx] VOTE MENU: (Verbose) No more maps in map group 'Infantry Maps'
L 03/24/2018 - 22:43:47: [umc-core.smx] VOTE MENU: (Verbose) Fetching 1 maps from group 'Cooldown Maps'
L 03/24/2018 - 22:43:47: [umc-core.smx] VOTE MENU: (Verbose) Finished parsing nominations for map group 'Cooldown Maps'
L 03/24/2018 - 22:43:47: [umc-core.smx] VOTE MENU: (Verbose) Still need to fetch 1 maps from the group.
L 03/24/2018 - 22:43:47: [umc-core.smx] VOTE MENU: (Verbose) Selected map 'fun_ricochet_a4' from group 'Cooldown Maps' was added to the vote.
L 03/24/2018 - 22:43:47: [umc-core.smx] Initiating Vote Type: Map
L 03/24/2018 - 22:43:47: [umc-core.smx] Adding Clients to Vote:
L 03/24/2018 - 22:43:47: [umc-core.smx] 0: Wilko (2)
L 03/24/2018 - 22:43:47: [umc-core.smx] 1: Mr. X. (3)
L 03/24/2018 - 22:43:47: [umc-core.smx] 2: LT (4)
L 03/24/2018 - 22:43:47: [umc-core.smx] 3: Axeman (5)
L 03/24/2018 - 22:43:47: [umc-core.smx] 4: Oktay (6)
L 03/24/2018 - 22:43:47: [umc-core.smx] 5: Soba Violence (7)
L 03/24/2018 - 22:43:47: [umc-core.smx] 6: Sir.DieALot (8)
L 03/24/2018 - 22:43:47: [umc-core.smx] 7: CrazyMRANZ (9)
L 03/24/2018 - 22:43:47: [umc-core.smx] 8: VV (10)
L 03/24/2018 - 22:43:47: [umc-core.smx] 9: ScardyBob (11)
L 03/24/2018 - 22:43:47: [umc-core.smx] 10: Quigon (12)
L 03/24/2018 - 22:43:47: [umc-core.smx] 11: Grave (13)
L 03/24/2018 - 22:43:47: [umc-core.smx] 12: -NOZOMI- Ryan (14)
L 03/24/2018 - 22:43:47: [umc-core.smx] 13: Flaming Pope (15)
L 03/24/2018 - 22:43:47: [umc-core.smx] 14: Mikleo (16)
L 03/24/2018 - 22:43:47: [umc-core.smx] 15: Justkidding (17)
L 03/24/2018 - 22:43:47: [umc-core.smx] 16: Spyer (18)
L 03/24/2018 - 22:43:47: [umc-core.smx] 17: Natsert99 (19)
L 03/24/2018 - 22:43:47: [umc-core.smx] 18: Rightwing Extremist (20)
L 03/24/2018 - 22:43:47: [umc-core.smx] 19: Steve_[UK] (21)
L 03/24/2018 - 22:43:47: [umc-core.smx] 20: .|Ϟ|. Tony (22)
L 03/24/2018 - 22:43:47: [umc-core.smx] 21: c-137 Medicine (23)
L 03/24/2018 - 22:43:47: [umc-core.smx] 22: =[KXIC]= hopfi (25)
L 03/24/2018 - 22:43:47: [umc-core.smx] 23: Joy (28)
L 03/24/2018 - 22:43:47: [umc-core.smx] 24: Blood-Wiper (29)
L 03/24/2018 - 22:43:47: [umc-core.smx] 25: BlueLeader777 (30)
L 03/24/2018 - 22:43:47: [umc-core.smx] 26: =F= MrBlueSky (31)
L 03/24/2018 - 22:43:47: [umc-core.smx] 27: PYA (32)
L 03/24/2018 - 22:43:47: [umc-core.smx] VOTE MENU:
L 03/24/2018 - 22:43:47: [umc-core.smx] 2: emp_snowstorm (0)
L 03/24/2018 - 22:43:47: [umc-core.smx] 3: emp_canyon (1)
L 03/24/2018 - 22:43:47: [umc-core.smx] 4: fun_ricochet_a4 (2)
L 03/24/2018 - 22:43:47: [umc-core.smx] 5: emp_coast (3)
L 03/24/2018 - 22:43:47: [umc-core.smx] 6: emp_hazard (4)
L 03/24/2018 - 22:43:47: [umc-core.smx] 7: emp_streetsoffire (5)
L 03/24/2018 - 22:43:47: [umc-core.smx] 8: emp_dune (6)
L 03/24/2018 - 22:43:49: [umc-core.smx] Blood-Wiper<34><[U:1:36056234]><> selected menu item 2
L 03/24/2018 - 22:43:49: [umc-core.smx] CrazyMRANZ<41><[U:1:42657167]><> selected menu item 2
L 03/24/2018 - 22:43:50: [umc-core.smx] Oktay<7><[U:1:116496292]><> selected menu item 7
L 03/24/2018 - 22:43:51: [umc-core.smx] c-137 Medicine<28><[U:1:33445435]><> selected menu item 3
L 03/24/2018 - 22:43:52: [umc-core.smx] ScardyBob<13><[U:1:21571057]><> selected menu item 5
L 03/24/2018 - 22:43:55: [umc-core.smx] Mr. X.<4><[U:1:27106968]><> selected menu item 5
L 03/24/2018 - 22:43:55: [umc-core.smx] VV<12><[U:1:5870260]><> selected menu item 6
L 03/24/2018 - 22:43:57: [umc-core.smx] Axeman<8><[U:1:34903667]><> selected menu item 5
L 03/24/2018 - 22:43:58: [umc-core.smx] =F= MrBlueSky<36><[U:1:7486994]><> selected menu item 4
L 03/24/2018 - 22:43:59: [umc-core.smx] -NOZOMI- Ryan<16><[U:1:25012379]><> selected menu item 3
L 03/24/2018 - 22:44:01: [umc-core.smx] Natsert99<21><[U:1:90136668]><> selected menu item 5
L 03/24/2018 - 22:44:02: [umc-core.smx] Joy<33><[U:1:14391461]><> selected menu item 6
L 03/24/2018 - 22:44:02: [umc-core.smx] Grave<15><[U:1:34977414]><> selected menu item 4
L 03/24/2018 - 22:44:03: [umc-core.smx] Steve_[UK]<44><[U:1:7600510]><> selected menu item 6
L 03/24/2018 - 22:44:06: [umc-core.smx] Justkidding<40><[U:1:2788022]><> selected menu item 6
L 03/24/2018 - 22:44:06: [umc-core.smx] .|Ϟ|. Tony<24><[U:1:59629924]><> selected menu item 4
L 03/24/2018 - 22:44:06: [umc-core.smx] Mikleo<18><[U:1:376259319]><> selected menu item 6
L 03/24/2018 - 22:44:12: [umc-core.smx] Soba Violence<9><[U:1:29103880]><> selected menu item 4
L 03/24/2018 - 22:44:15: [umc-core.smx] BlueLeader777<35><[U:1:100534480]><> selected menu item 4
L 03/24/2018 - 22:44:17: [umc-core.smx] RUNOFF MENU: (Verbose) Building runoff vote menu.
L 03/24/2018 - 22:44:17: [umc-core.smx] RUNOFF MENU: (Verbose) 'fun_ricochet_a4' was removed from the vote. It had 2 votes (11 of total)
L 03/24/2018 - 22:44:17: [umc-core.smx] RUNOFF MENU: (Verbose) 'emp_canyon' was removed from the vote. It had 2 votes (11 of total)
L 03/24/2018 - 22:44:17: [umc-core.smx] RUNOFF MENU: (Verbose) 'emp_hazard' was removed from the vote. It had 4 votes (22 of total)
L 03/24/2018 - 22:44:17: [umc-core.smx] RUNOFF MENU: (Verbose) Stopped removing options from the vote. Maximum possible winning vote percentage is 72%
L 03/24/2018 - 22:44:17: [umc-core.smx] Vote has concluded.
L 03/24/2018 - 22:44:25: [umc-core.smx] RUNOFF: Starting runoff vote.
L 03/24/2018 - 22:44:25: [umc-core.smx] Initiating Vote Type: Map
L 03/24/2018 - 22:44:25: [umc-core.smx] Adding Clients to Vote:
L 03/24/2018 - 22:44:25: [umc-core.smx] 0: Wilko (2)
L 03/24/2018 - 22:44:25: [umc-core.smx] 1: Mr. X. (3)
L 03/24/2018 - 22:44:25: [umc-core.smx] 2: LT (4)
L 03/24/2018 - 22:44:25: [umc-core.smx] 3: Axeman (5)
L 03/24/2018 - 22:44:25: [umc-core.smx] 4: Oktay (6)
L 03/24/2018 - 22:44:25: [umc-core.smx] 5: Soba Violence (7)
L 03/24/2018 - 22:44:25: [umc-core.smx] 6: Sir.DieALot (8)
L 03/24/2018 - 22:44:25: [umc-core.smx] 7: CrazyMRANZ (9)
L 03/24/2018 - 22:44:25: [umc-core.smx] 8: VV (10)
L 03/24/2018 - 22:44:25: [umc-core.smx] 9: ScardyBob (11)
L 03/24/2018 - 22:44:25: [umc-core.smx] 10: Quigon (12)
L 03/24/2018 - 22:44:25: [umc-core.smx] 11: Grave (13)
L 03/24/2018 - 22:44:25: [umc-core.smx] 12: -NOZOMI- Ryan (14)
L 03/24/2018 - 22:44:25: [umc-core.smx] 13: Flaming Pope (15)
L 03/24/2018 - 22:44:25: [umc-core.smx] 14: Mikleo (16)
L 03/24/2018 - 22:44:25: [umc-core.smx] 15: Justkidding (17)
L 03/24/2018 - 22:44:25: [umc-core.smx] 16: Spyer (18)
L 03/24/2018 - 22:44:25: [umc-core.smx] 17: Natsert99 (19)
L 03/24/2018 - 22:44:25: [umc-core.smx] 18: Rightwing Extremist (20)
L 03/24/2018 - 22:44:25: [umc-core.smx] 19: Steve_[UK] (21)
L 03/24/2018 - 22:44:25: [umc-core.smx] 20: .|Ϟ|. Tony (22)
L 03/24/2018 - 22:44:25: [umc-core.smx] 21: c-137 Medicine (23)
L 03/24/2018 - 22:44:25: [umc-core.smx] 22: =[KXIC]= hopfi (25)
L 03/24/2018 - 22:44:25: [umc-core.smx] 23: Joy (28)
L 03/24/2018 - 22:44:25: [umc-core.smx] 24: Blood-Wiper (29)
L 03/24/2018 - 22:44:25: [umc-core.smx] 25: BlueLeader777 (30)
L 03/24/2018 - 22:44:25: [umc-core.smx] 26: =F= MrBlueSky (31)
L 03/24/2018 - 22:44:25: [umc-core.smx] 27: PYA (32)
L 03/24/2018 - 22:44:25: [umc-core.smx] VOTE MENU:
L 03/24/2018 - 22:44:25: [umc-core.smx] 2: emp_streetsoffire (5)
L 03/24/2018 - 22:44:25: [umc-core.smx] 3: emp_coast (3)
L 03/24/2018 - 22:44:27: [umc-core.smx] Oktay<7><[U:1:116496292]><> selected menu item 1
L 03/24/2018 - 22:44:27: [umc-core.smx] Grave<15><[U:1:34977414]><> selected menu item 2
L 03/24/2018 - 22:44:27: [umc-core.smx] VV<12><[U:1:5870260]><> selected menu item 1
L 03/24/2018 - 22:44:28: [umc-core.smx] PYA<38><[U:1:35045005]><> selected menu item 1
L 03/24/2018 - 22:44:28: [umc-core.smx] CrazyMRANZ<41><[U:1:42657167]><> selected menu item 2
L 03/24/2018 - 22:44:30: [umc-core.smx] BlueLeader777<35><[U:1:100534480]><> selected menu item 2
L 03/24/2018 - 22:44:30: [umc-core.smx] Joy<33><[U:1:14391461]><> selected menu item 1
L 03/24/2018 - 22:44:30: [umc-core.smx] c-137 Medicine<28><[U:1:33445435]><> selected menu item 2
L 03/24/2018 - 22:44:31: [umc-core.smx] Mr. X.<4><[U:1:27106968]><> selected menu item 2
L 03/24/2018 - 22:44:32: [umc-core.smx] .|Ϟ|. Tony<24><[U:1:59629924]><> selected menu item 2
L 03/24/2018 - 22:44:33: [umc-core.smx] Spyer<20><[U:1:34143605]><> selected menu item 1
L 03/24/2018 - 22:44:33: [umc-core.smx] Mikleo<18><[U:1:376259319]><> selected menu item 1
L 03/24/2018 - 22:44:33: [umc-core.smx] -NOZOMI- Ryan<16><[U:1:25012379]><> selected menu item 2
L 03/24/2018 - 22:44:34: [umc-core.smx] Axeman<8><[U:1:34903667]><> selected menu item 1
L 03/24/2018 - 22:44:40: [umc-core.smx] Justkidding<40><[U:1:2788022]><> selected menu item 1
L 03/24/2018 - 22:44:44: [umc-core.smx] Steve_[UK]<44><[U:1:7600510]><> selected menu item 2
L 03/24/2018 - 22:44:54: [umc-core.smx] Soba Violence<9><[U:1:29103880]><> selected menu item 2
L 03/24/2018 - 22:44:55: [umc-core.smx] =F= MrBlueSky<36><[U:1:7486994]><> selected menu item 1
L 03/24/2018 - 22:44:56: [umc-core.smx] Setting nextmap to: emp_coast
L 03/24/2018 - 22:44:56: [umc-randomcycle.smx] Disabling random nextmap selection.
L 03/24/2018 - 22:44:56: [umc-core.smx] umc-emp-mapvote.smx: Changing map to 'emp_coast' in 5 seconds.
L 03/24/2018 - 22:44:56: [umc-core.smx] MAPVOTE: Players voted for map 'emp_coast' from group 'Commander Maps'
L 03/24/2018 - 22:44:56: [umc-core.smx] Vote has concluded.
L 03/24/2018 - 22:45:02: [umc-core.smx] ---------------------MAP CHANGE: emp_coast---------------------
L 03/24/2018 - 22:45:02: [umc-endvote-warnings.smx] Successfully parsed and set up 11 vote warnings.
L 03/24/2018 - 22:45:02: [umc-rockthevote.smx] RTV will be made available in 60 seconds.
L 03/24/2018 - 22:46:03: [umc-rockthevote.smx] RTV is now available.
L 03/24/2018 - 22:55:23: [umc-nominate.smx] Oktay wants to nominate a map.
L 03/24/2018 - 22:55:27: [umc-nominate.smx] Oktay has nominated 'emp_dune_ob1' from group 'Commander Maps'
L 03/24/2018 - 23:11:45: [umc-emp-mapvote.smx] Map vote will appear in 30 seconds.
L 03/24/2018 - 23:12:16: [umc-emp-mapvote.smx] Starting a map vote.
L 03/24/2018 - 23:12:16: [umc-core.smx] VOTE MENU: (Verbose) Fetching 6 maps from group 'Commander Maps'
L 03/24/2018 - 23:12:16: [umc-core.smx] VOTE MENU: (Verbose) Nominated map 'emp_dune_ob1' from group 'Commander Maps' was added to the vote.
L 03/24/2018 - 23:12:16: [umc-core.smx] VOTE MENU: (Verbose) Finished parsing nominations for map group 'Commander Maps'
L 03/24/2018 - 23:12:16: [umc-core.smx] VOTE MENU: (Verbose) Still need to fetch 5 maps from the group.
L 03/24/2018 - 23:12:16: [umc-core.smx] VOTE MENU: (Verbose) Selected map 'emp_fuel_a3_2013_fix' from group 'Commander Maps' was added to the vote.
L 03/24/2018 - 23:12:16: [umc-core.smx] VOTE MENU: (Verbose) Selected map 'emp_mesa_d6_hce' from group 'Commander Maps' was added to the vote.
L 03/24/2018 - 23:12:16: [umc-core.smx] VOTE MENU: (Verbose) Selected map 'emp_bush' from group 'Commander Maps' was added to the vote.
L 03/24/2018 - 23:12:16: [umc-core.smx] VOTE MENU: (Verbose) Selected map 'emp_canyon' from group 'Commander Maps' was added to the vote.
L 03/24/2018 - 23:12:16: [umc-core.smx] VOTE MENU: (Verbose) Selected map 'emp_mvalley_fix' from group 'Commander Maps' was added to the vote.
L 03/24/2018 - 23:12:16: [umc-core.smx] VOTE MENU: (Verbose) Fetching 1 maps from group 'Infantry Maps'
L 03/24/2018 - 23:12:16: [umc-core.smx] VOTE MENU: (Verbose) Finished parsing nominations for map group 'Infantry Maps'
L 03/24/2018 - 23:12:16: [umc-core.smx] VOTE MENU: (Verbose) Still need to fetch 1 maps from the group.
L 03/24/2018 - 23:12:16: [umc-core.smx] VOTE MENU: (Verbose) No more maps in map group 'Infantry Maps'
L 03/24/2018 - 23:12:16: [umc-core.smx] VOTE MENU: (Verbose) Fetching 1 maps from group 'Cooldown Maps'
L 03/24/2018 - 23:12:16: [umc-core.smx] VOTE MENU: (Verbose) Finished parsing nominations for map group 'Cooldown Maps'
L 03/24/2018 - 23:12:16: [umc-core.smx] VOTE MENU: (Verbose) Still need to fetch 1 maps from the group.
L 03/24/2018 - 23:12:16: [umc-core.smx] VOTE MENU: (Verbose) Selected map 'fun_ricochet_a4' from group 'Cooldown Maps' was added to the vote.
L 03/24/2018 - 23:12:16: [umc-core.smx] Initiating Vote Type: Map
L 03/24/2018 - 23:12:16: [umc-core.smx] Adding Clients to Vote:
L 03/24/2018 - 23:12:16: [umc-core.smx] 0: Wilko (2)
L 03/24/2018 - 23:12:16: [umc-core.smx] 1: Mr. X. (3)
L 03/24/2018 - 23:12:16: [umc-core.smx] 2: LT (4)
L 03/24/2018 - 23:12:16: [umc-core.smx] 3: Axeman (5)
L 03/24/2018 - 23:12:16: [umc-core.smx] 4: Oktay (6)
L 03/24/2018 - 23:12:16: [umc-core.smx] 5: Soba Violence (7)
L 03/24/2018 - 23:12:16: [umc-core.smx] 6: Sir.DieALot (8)
L 03/24/2018 - 23:12:16: [umc-core.smx] 7: Candles (9)
L 03/24/2018 - 23:12:16: [umc-core.smx] 8: VV (10)
L 03/24/2018 - 23:12:16: [umc-core.smx] 9: ScardyBob (11)
L 03/24/2018 - 23:12:16: [umc-core.smx] 10: Quigon (12)
L 03/24/2018 - 23:12:16: [umc-core.smx] 11: Grave (13)
L 03/24/2018 - 23:12:16: [umc-core.smx] 12: -NOZOMI- Ryan (14)
L 03/24/2018 - 23:12:16: [umc-core.smx] 13: Natsert99 (15)
L 03/24/2018 - 23:12:16: [umc-core.smx] 14: Mikleo (16)
L 03/24/2018 - 23:12:16: [umc-core.smx] 15: Justkidding (17)
L 03/24/2018 - 23:12:16: [umc-core.smx] 16: Spyer (18)
L 03/24/2018 - 23:12:16: [umc-core.smx] 17: POOTISMAN (19)
L 03/24/2018 - 23:12:16: [umc-core.smx] 18: Rightwing Extremist (20)
L 03/24/2018 - 23:12:16: [umc-core.smx] 19: Steve_[UK] (21)
L 03/24/2018 - 23:12:16: [umc-core.smx] 20: .|Ϟ|. Tony (22)
L 03/24/2018 - 23:12:16: [umc-core.smx] 21: -=[Combine Soldier #43]=- (23)
L 03/24/2018 - 23:12:16: [umc-core.smx] 22: CrazyMRANZ (24)
L 03/24/2018 - 23:12:16: [umc-core.smx] 23: =[KXIC]= hopfi (25)
L 03/24/2018 - 23:12:16: [umc-core.smx] 24: Joy (28)
L 03/24/2018 - 23:12:16: [umc-core.smx] 25: Blood-Wiper (29)
L 03/24/2018 - 23:12:16: [umc-core.smx] 26: =F= MrBlueSky (31)
L 03/24/2018 - 23:12:16: [umc-core.smx] 27: PYA (32)
L 03/24/2018 - 23:12:16: [umc-core.smx] VOTE MENU:
L 03/24/2018 - 23:12:16: [umc-core.smx] 2: emp_mvalley (0)
L 03/24/2018 - 23:12:16: [umc-core.smx] 3: emp_bush (1)
L 03/24/2018 - 23:12:16: [umc-core.smx] 4: emp_dune (2)
L 03/24/2018 - 23:12:16: [umc-core.smx] 5: emp_fuel (3)
L 03/24/2018 - 23:12:16: [umc-core.smx] 6: emp_mesa (4)
L 03/24/2018 - 23:12:16: [umc-core.smx] 7: emp_canyon (5)
L 03/24/2018 - 23:12:16: [umc-core.smx] 8: fun_ricochet_a4 (6)
L 03/24/2018 - 23:12:18: [umc-core.smx] Oktay<7><[U:1:116496292]><> selected menu item 3
L 03/24/2018 - 23:12:19: [umc-core.smx] Axeman<8><[U:1:34903667]><> selected menu item 1
L 03/24/2018 - 23:12:19: [umc-core.smx] Grave<15><[U:1:34977414]><> selected menu item 1
L 03/24/2018 - 23:12:20: [umc-core.smx] ScardyBob<13><[U:1:21571057]><> selected menu item 4
L 03/24/2018 - 23:12:22: [umc-core.smx] CrazyMRANZ<51><[U:1:42657167]><> selected menu item 1
L 03/24/2018 - 23:12:22: [umc-core.smx] Mikleo<18><[U:1:376259319]><> selected menu item 6
L 03/24/2018 - 23:12:23: [umc-core.smx] Mr. X.<4><[U:1:27106968]><> selected menu item 2
L 03/24/2018 - 23:12:23: [umc-core.smx] Natsert99<47><[U:1:90136668]><> selected menu item 1
L 03/24/2018 - 23:12:24: [umc-core.smx] Quigon<14><[U:1:5653485]><> selected menu item 1
L 03/24/2018 - 23:12:26: [umc-core.smx] Candles<49><[U:1:34985984]><> selected menu item 1
L 03/24/2018 - 23:12:27: [umc-core.smx] -NOZOMI- Ryan<16><[U:1:25012379]><> selected menu item 7
L 03/24/2018 - 23:12:27: [umc-core.smx] Joy<33><[U:1:14391461]><> selected menu item 1
L 03/24/2018 - 23:12:28: [umc-core.smx] VV<12><[U:1:5870260]><> selected menu item 1
L 03/24/2018 - 23:12:28: [umc-core.smx] POOTISMAN<46><[U:1:26527408]><> selected menu item 1
L 03/24/2018 - 23:12:28: [umc-core.smx] -=[Combine Soldier #43]=-<50><[U:1:42098337]><> selected menu item 5
L 03/24/2018 - 23:12:31: [umc-core.smx] Justkidding<40><[U:1:2788022]><> selected menu item 1
L 03/24/2018 - 23:12:32: [umc-core.smx] Blood-Wiper<34><[U:1:36056234]><> selected menu item 6
L 03/24/2018 - 23:12:34: [umc-core.smx] Steve_[UK]<44><[U:1:7600510]><> selected menu item 1
L 03/24/2018 - 23:12:34: [umc-core.smx] .|Ϟ|. Tony<24><[U:1:59629924]><> selected menu item 2
L 03/24/2018 - 23:12:41: [umc-core.smx] Soba Violence<48><[U:1:29103880]><> selected menu item 2
L 03/24/2018 - 23:12:46: [umc-core.smx] Setting nextmap to: emp_mvalley_fix
L 03/24/2018 - 23:12:46: [umc-randomcycle.smx] Disabling random nextmap selection.
L 03/24/2018 - 23:12:46: [umc-core.smx] umc-emp-mapvote.smx: Changing map to 'emp_mvalley_fix' in 5 seconds.
L 03/24/2018 - 23:12:46: [umc-core.smx] MAPVOTE: Players voted for map 'emp_mvalley_fix' from group 'Commander Maps'
L 03/24/2018 - 23:12:46: [umc-core.smx] Vote has concluded.
L 03/24/2018 - 23:12:52: [umc-core.smx] ---------------------MAP CHANGE: emp_mvalley_fix---------------------
L 03/24/2018 - 23:12:52: [umc-endvote-warnings.smx] Successfully parsed and set up 11 vote warnings.
L 03/24/2018 - 23:12:52: [umc-rockthevote.smx] RTV will be made available in 60 seconds.
L 03/24/2018 - 23:13:53: [umc-rockthevote.smx] RTV is now available.
L 03/24/2018 - 23:52:47: [umc-core.smx] ---------------------MAP CHANGE: con_district402---------------------
L 03/24/2018 - 23:52:47: [umc-endvote-warnings.smx] Successfully parsed and set up 11 vote warnings.
L 03/24/2018 - 23:52:47: [umc-rockthevote.smx] RTV will be made available in 60 seconds.
L 03/24/2018 - 23:53:39: [umc-core.smx] ---------------------MAP CHANGE: con_district402_i---------------------
L 03/24/2018 - 23:53:39: [umc-endvote-warnings.smx] Successfully parsed and set up 11 vote warnings.
L 03/24/2018 - 23:53:39: [umc-rockthevote.smx] RTV will be made available in 60 seconds.
L 03/24/2018 - 23:54:40: [umc-rockthevote.smx] RTV is now available.
L 03/24/2018 - 23:55:25: [umc-nominate.smx] ScardyBob wants to nominate a map.
L 03/24/2018 - 23:55:33: [umc-nominate.smx] ScardyBob has nominated 'emp_plunge_ob2_2013_hce' from group 'Commander Maps'
L 03/24/2018 - 23:59:58: [umc-nominate.smx] Spyer wants to nominate a map.
L 03/24/2018 - 23:59:58: [umc-nominate.smx] Axeman wants to nominate a map.
