L 06/04/2017 - 17:51:33: [umc-core.smx] ---------------------MAP CHANGE: con_district402---------------------
L 06/04/2017 - 17:51:33: [umc-endvote-warnings.smx] Successfully parsed and set up 11 vote warnings.
L 06/04/2017 - 17:51:33: [umc-playercountmonitor.smx] Min Players: 0, Max Players: 20
L 06/04/2017 - 17:51:33: [umc-playercountmonitor.smx] Server will begin watching for inproper number of players in 240 seconds.
L 06/04/2017 - 17:51:33: [umc-rockthevote.smx] RTV will be made available in 60 seconds.
L 06/04/2017 - 17:52:34: [umc-rockthevote.smx] RTV is now available.
L 06/04/2017 - 17:55:33: [umc-playercountmonitor.smx] Server is now watching for inproper number of players.
L 06/04/2017 - 18:05:52: [umc-core.smx] ---------------------MAP CHANGE: emp_canyon---------------------
L 06/04/2017 - 18:05:52: [umc-endvote-warnings.smx] Successfully parsed and set up 11 vote warnings.
L 06/04/2017 - 18:05:52: [umc-playercountmonitor.smx] Min Players: 14, Max Players: 32
L 06/04/2017 - 18:05:52: [umc-playercountmonitor.smx] Server will begin watching for inproper number of players in 240 seconds.
L 06/04/2017 - 18:05:52: [umc-rockthevote.smx] RTV will be made available in 60 seconds.
L 06/04/2017 - 18:06:53: [umc-rockthevote.smx] RTV is now available.
L 06/04/2017 - 18:09:52: [umc-playercountmonitor.smx] Server is now watching for inproper number of players.
L 06/04/2017 - 18:14:45: [umc-core.smx] ---------------------MAP CHANGE: con_district402---------------------
L 06/04/2017 - 18:14:45: [umc-endvote-warnings.smx] Successfully parsed and set up 11 vote warnings.
L 06/04/2017 - 18:14:45: [umc-playercountmonitor.smx] Min Players: 0, Max Players: 20
L 06/04/2017 - 18:14:45: [umc-playercountmonitor.smx] Server will begin watching for inproper number of players in 240 seconds.
L 06/04/2017 - 18:14:45: [umc-rockthevote.smx] RTV will be made available in 60 seconds.
L 06/04/2017 - 18:15:46: [umc-rockthevote.smx] RTV is now available.
L 06/04/2017 - 18:18:45: [umc-playercountmonitor.smx] Server is now watching for inproper number of players.
L 06/04/2017 - 18:22:29: [umc-core.smx] ---------------------MAP CHANGE: emp_canyon---------------------
L 06/04/2017 - 18:22:30: [umc-endvote-warnings.smx] Successfully parsed and set up 11 vote warnings.
L 06/04/2017 - 18:22:30: [umc-playercountmonitor.smx] Min Players: 14, Max Players: 32
L 06/04/2017 - 18:22:30: [umc-playercountmonitor.smx] Server will begin watching for inproper number of players in 240 seconds.
L 06/04/2017 - 18:22:30: [umc-rockthevote.smx] RTV will be made available in 60 seconds.
L 06/04/2017 - 18:23:31: [umc-rockthevote.smx] RTV is now available.
L 06/04/2017 - 18:26:30: [umc-playercountmonitor.smx] Server is now watching for inproper number of players.
L 06/04/2017 - 18:29:32: [umc-core.smx] ---------------------MAP CHANGE: con_district402---------------------
L 06/04/2017 - 18:29:32: [umc-endvote-warnings.smx] Successfully parsed and set up 11 vote warnings.
L 06/04/2017 - 18:29:32: [umc-playercountmonitor.smx] Min Players: 0, Max Players: 20
L 06/04/2017 - 18:29:32: [umc-playercountmonitor.smx] Server will begin watching for inproper number of players in 240 seconds.
L 06/04/2017 - 18:29:32: [umc-rockthevote.smx] RTV will be made available in 60 seconds.
L 06/04/2017 - 18:30:33: [umc-rockthevote.smx] RTV is now available.
L 06/04/2017 - 18:33:32: [umc-playercountmonitor.smx] Server is now watching for inproper number of players.
L 06/04/2017 - 18:48:42: [umc-emp-mapvote.smx] Map vote will appear in 30 seconds.
L 06/04/2017 - 18:49:12: [umc-emp-mapvote.smx] Starting a map vote.
L 06/04/2017 - 18:49:12: [umc-core.smx] Initiating Vote Type: Map
L 06/04/2017 - 18:49:42: [umc-emp-mapvote.smx] WARNING: Map Voting failure. Initiating random map fail-safe.
L 06/04/2017 - 18:49:42: [umc-core.smx] Setting nextmap to: emp_vehicletraining_2013
L 06/04/2017 - 18:49:42: [umc-randomcycle.smx] Disabling random nextmap selection.
L 06/04/2017 - 18:49:42: [umc-core.smx] umc-emp-mapvote.smx: Changing map to 'emp_vehicletraining_2013' in 5 seconds.
L 06/04/2017 - 18:49:48: [umc-core.smx] ---------------------MAP CHANGE: emp_vehicletraining_2013---------------------
L 06/04/2017 - 18:49:48: [umc-endvote-warnings.smx] Successfully parsed and set up 11 vote warnings.
L 06/04/2017 - 18:49:48: [umc-playercountmonitor.smx] Min Players: 0, Max Players: 20
L 06/04/2017 - 18:49:48: [umc-playercountmonitor.smx] Server will begin watching for inproper number of players in 240 seconds.
L 06/04/2017 - 18:49:48: [umc-rockthevote.smx] RTV will be made available in 60 seconds.
L 06/04/2017 - 18:50:49: [umc-rockthevote.smx] RTV is now available.
L 06/04/2017 - 18:53:48: [umc-playercountmonitor.smx] Server is now watching for inproper number of players.
L 06/04/2017 - 19:48:10: [umc-emp-mapvote.smx] Map vote will appear in 30 seconds.
L 06/04/2017 - 19:48:40: [umc-emp-mapvote.smx] Starting a map vote.
L 06/04/2017 - 19:48:40: [umc-core.smx] Initiating Vote Type: Map
L 06/04/2017 - 19:49:10: [umc-emp-mapvote.smx] WARNING: Map Voting failure. Initiating random map fail-safe.
L 06/04/2017 - 19:49:10: [umc-core.smx] Setting nextmap to: emp_shadows_attacks_fix
L 06/04/2017 - 19:49:10: [umc-randomcycle.smx] Disabling random nextmap selection.
L 06/04/2017 - 19:49:10: [umc-core.smx] umc-emp-mapvote.smx: Changing map to 'emp_shadows_attacks_fix' in 5 seconds.
L 06/04/2017 - 19:49:16: [umc-core.smx] ---------------------MAP CHANGE: emp_shadows_attacks_fix---------------------
L 06/04/2017 - 19:49:16: [umc-endvote-warnings.smx] Successfully parsed and set up 11 vote warnings.
L 06/04/2017 - 19:49:16: [umc-playercountmonitor.smx] Min Players: 0, Max Players: 20
L 06/04/2017 - 19:49:16: [umc-playercountmonitor.smx] Server will begin watching for inproper number of players in 240 seconds.
L 06/04/2017 - 19:49:16: [umc-rockthevote.smx] RTV will be made available in 60 seconds.
L 06/04/2017 - 19:50:17: [umc-rockthevote.smx] RTV is now available.
L 06/04/2017 - 19:53:16: [umc-playercountmonitor.smx] Server is now watching for inproper number of players.
L 06/04/2017 - 21:13:28: [umc-emp-mapvote.smx] Map vote will appear in 30 seconds.
L 06/04/2017 - 21:13:58: [umc-emp-mapvote.smx] Starting a map vote.
L 06/04/2017 - 21:13:58: [umc-core.smx] Initiating Vote Type: Map
L 06/04/2017 - 21:13:58: [umc-core.smx] Could not start core vote, no players to display vote to!
L 06/04/2017 - 21:13:58: [umc-emp-mapvote.smx] Could not start UMC vote.
L 06/04/2017 - 21:13:58: [umc-emp-mapvote.smx] WARNING: Map Voting failure. Initiating random map fail-safe.
L 06/04/2017 - 21:13:58: [umc-core.smx] Setting nextmap to: emp_crossroads
L 06/04/2017 - 21:13:58: [umc-randomcycle.smx] Disabling random nextmap selection.
L 06/04/2017 - 21:13:58: [umc-core.smx] umc-emp-mapvote.smx: Changing map to 'emp_crossroads' in 5 seconds.
L 06/04/2017 - 21:14:04: [umc-core.smx] ---------------------MAP CHANGE: emp_crossroads---------------------
L 06/04/2017 - 21:14:04: [umc-endvote-warnings.smx] Successfully parsed and set up 11 vote warnings.
L 06/04/2017 - 21:14:04: [umc-playercountmonitor.smx] Min Players: 0, Max Players: 22
L 06/04/2017 - 21:14:04: [umc-playercountmonitor.smx] Server will begin watching for inproper number of players in 240 seconds.
L 06/04/2017 - 21:14:04: [umc-rockthevote.smx] RTV will be made available in 60 seconds.
L 06/04/2017 - 21:15:05: [umc-rockthevote.smx] RTV is now available.
L 06/04/2017 - 21:18:04: [umc-playercountmonitor.smx] Server is now watching for inproper number of players.
