L 06/16/2018 - 17:57:26: [umc-nominate.smx] rauer wants to nominate a map.
L 06/16/2018 - 17:57:32: [umc-nominate.smx] rauer has nominated 'emp_crossroads_towerless_hce' from group 'Commander Maps'
L 06/16/2018 - 17:58:03: [umc-rockthevote.smx] Starting RTV.
L 06/16/2018 - 17:58:03: [umc-core.smx] VOTE MENU: (Verbose) Fetching 7 maps from group 'Commander Maps'
L 06/16/2018 - 17:58:03: [umc-core.smx] VOTE MENU: (Verbose) Nominated map 'emp_crossroads_towerless_hce' from group 'Commander Maps' was added to the vote.
L 06/16/2018 - 17:58:03: [umc-core.smx] VOTE MENU: (Verbose) Finished parsing nominations for map group 'Commander Maps'
L 06/16/2018 - 17:58:03: [umc-core.smx] VOTE MENU: (Verbose) Still need to fetch 6 maps from the group.
L 06/16/2018 - 17:58:03: [umc-core.smx] VOTE MENU: (Verbose) Selected map 'emp_beachfront_b2_hce' from group 'Commander Maps' was added to the vote.
L 06/16/2018 - 17:58:03: [umc-core.smx] VOTE MENU: (Verbose) Selected map 'emp_downfall_hce' from group 'Commander Maps' was added to the vote.
L 06/16/2018 - 17:58:03: [umc-core.smx] VOTE MENU: (Verbose) No more maps in map group 'Commander Maps'
L 06/16/2018 - 17:58:03: [umc-core.smx] VOTE MENU: (Verbose) Fetching 1 maps from group 'Infantry Maps'
L 06/16/2018 - 17:58:03: [umc-core.smx] VOTE MENU: (Verbose) Finished parsing nominations for map group 'Infantry Maps'
L 06/16/2018 - 17:58:03: [umc-core.smx] VOTE MENU: (Verbose) Still need to fetch 1 maps from the group.
L 06/16/2018 - 17:58:03: [umc-core.smx] VOTE MENU: (Verbose) Selected map 'con_district402' from group 'Infantry Maps' was added to the vote.
L 06/16/2018 - 17:58:03: [umc-core.smx] VOTE MENU: (Verbose) Fetching 0 maps from group 'Cooldown Maps'
L 06/16/2018 - 17:58:03: [umc-core.smx] VOTE MENU: (Verbose) Finished parsing nominations for map group 'Cooldown Maps'
L 06/16/2018 - 17:58:03: [umc-core.smx] Initiating Vote Type: Map
L 06/16/2018 - 17:58:03: [umc-core.smx] Adding Clients to Vote:
L 06/16/2018 - 17:58:03: [umc-core.smx] 0: rauer (2)
L 06/16/2018 - 17:58:03: [umc-core.smx] VOTE MENU:
L 06/16/2018 - 17:58:03: [umc-core.smx] 2: emp_beachfront (0)
L 06/16/2018 - 17:58:03: [umc-core.smx] 3: con_district402 (1)
L 06/16/2018 - 17:58:03: [umc-core.smx] 4: emp_crossroads (2)
L 06/16/2018 - 17:58:03: [umc-core.smx] 5: emp_downfall (3)
L 06/16/2018 - 17:58:07: [umc-core.smx] rauer<252><[U:1:2546402]><> selected menu item 3
L 06/16/2018 - 17:58:07: [umc-core.smx] Setting nextmap to: emp_crossroads_towerless_hce
L 06/16/2018 - 17:58:07: [umc-randomcycle.smx] Disabling random nextmap selection.
L 06/16/2018 - 17:58:07: [umc-core.smx] umc-rockthevote.smx: Changing map to 'emp_crossroads_towerless_hce' in 5 seconds.
L 06/16/2018 - 17:58:07: [umc-core.smx] MAPVOTE: Players voted for map 'emp_crossroads_towerless_hce' from group 'Commander Maps'
L 06/16/2018 - 17:58:07: [umc-core.smx] Vote has concluded.
L 06/16/2018 - 17:58:13: [umc-core.smx] ---------------------MAP CHANGE: emp_crossroads_towerless_hce---------------------
L 06/16/2018 - 17:58:13: [umc-endvote-warnings.smx] Successfully parsed and set up 11 vote warnings.
L 06/16/2018 - 17:58:13: [umc-rockthevote.smx] RTV will be made available in 60 seconds.
L 06/16/2018 - 17:59:14: [umc-rockthevote.smx] RTV is now available.
L 06/16/2018 - 20:19:20: [umc-nominate.smx] Oktay wants to nominate a map.
L 06/16/2018 - 20:19:31: [umc-nominate.smx] Oktay has nominated 'con_district402' from group 'Infantry Maps'
L 06/16/2018 - 20:20:13: [umc-emp-mapvote.smx] Map vote will appear in 30 seconds.
L 06/16/2018 - 20:20:43: [umc-emp-mapvote.smx] Starting a map vote.
L 06/16/2018 - 20:20:43: [umc-core.smx] VOTE MENU: (Verbose) Fetching 7 maps from group 'Commander Maps'
L 06/16/2018 - 20:20:43: [umc-core.smx] VOTE MENU: (Verbose) Finished parsing nominations for map group 'Commander Maps'
L 06/16/2018 - 20:20:43: [umc-core.smx] VOTE MENU: (Verbose) Still need to fetch 7 maps from the group.
L 06/16/2018 - 20:20:43: [umc-core.smx] VOTE MENU: (Verbose) Selected map 'emp_downfall_hce' from group 'Commander Maps' was added to the vote.
L 06/16/2018 - 20:20:43: [umc-core.smx] VOTE MENU: (Verbose) Selected map 'emp_beachfront_b2_hce' from group 'Commander Maps' was added to the vote.
L 06/16/2018 - 20:20:43: [umc-core.smx] VOTE MENU: (Verbose) No more maps in map group 'Commander Maps'
L 06/16/2018 - 20:20:43: [umc-core.smx] VOTE MENU: (Verbose) Fetching 1 maps from group 'Infantry Maps'
L 06/16/2018 - 20:20:43: [umc-core.smx] VOTE MENU: (Verbose) Nominated map 'con_district402' from group 'Infantry Maps' was added to the vote.
L 06/16/2018 - 20:20:43: [umc-core.smx] VOTE MENU: (Verbose) Finished parsing nominations for map group 'Infantry Maps'
L 06/16/2018 - 20:20:43: [umc-core.smx] VOTE MENU: (Verbose) Fetching 0 maps from group 'Cooldown Maps'
L 06/16/2018 - 20:20:43: [umc-core.smx] VOTE MENU: (Verbose) Finished parsing nominations for map group 'Cooldown Maps'
L 06/16/2018 - 20:20:43: [umc-core.smx] Initiating Vote Type: Map
L 06/16/2018 - 20:20:43: [umc-core.smx] Adding Clients to Vote:
L 06/16/2018 - 20:20:43: [umc-core.smx] 0: rauer (2)
L 06/16/2018 - 20:20:43: [umc-core.smx] 1: Justkidding (FutureFunk) (3)
L 06/16/2018 - 20:20:43: [umc-core.smx] 2: Trainzack (4)
L 06/16/2018 - 20:20:43: [umc-core.smx] 3: Oktay (5)
L 06/16/2018 - 20:20:43: [umc-core.smx] 4: Grave (6)
L 06/16/2018 - 20:20:43: [umc-core.smx] 5: Spyer (7)
L 06/16/2018 - 20:20:43: [umc-core.smx] 6: Rightwing Extremist (8)
L 06/16/2018 - 20:20:43: [umc-core.smx] 7: Skalk (9)
L 06/16/2018 - 20:20:43: [umc-core.smx] 8: Mikleo (11)
L 06/16/2018 - 20:20:43: [umc-core.smx] VOTE MENU:
L 06/16/2018 - 20:20:43: [umc-core.smx] 2: con_district402 (0)
L 06/16/2018 - 20:20:43: [umc-core.smx] 3: emp_downfall (1)
L 06/16/2018 - 20:20:43: [umc-core.smx] 4: emp_beachfront (2)
L 06/16/2018 - 20:20:45: [umc-core.smx] Spyer<262><[U:1:34143605]><> selected menu item 1
L 06/16/2018 - 20:20:45: [umc-core.smx] Oktay<267><[U:1:116496292]><> selected menu item 1
L 06/16/2018 - 20:20:45: [umc-core.smx] Mikleo<266><[U:1:376259319]><> selected menu item 1
L 06/16/2018 - 20:20:45: [umc-core.smx] Trainzack<259><[U:1:49213605]><> selected menu item 1
L 06/16/2018 - 20:20:47: [umc-core.smx] rauer<252><[U:1:2546402]><> selected menu item 1
L 06/16/2018 - 20:21:02: [umc-core.smx] Grave<261><[U:1:34977414]><> selected menu item 3
L 06/16/2018 - 20:21:14: [umc-core.smx] Setting nextmap to: con_district402
L 06/16/2018 - 20:21:14: [umc-randomcycle.smx] Disabling random nextmap selection.
L 06/16/2018 - 20:21:14: [umc-core.smx] umc-emp-mapvote.smx: Changing map to 'con_district402' in 5 seconds.
L 06/16/2018 - 20:21:14: [umc-core.smx] MAPVOTE: Players voted for map 'con_district402' from group 'Infantry Maps'
L 06/16/2018 - 20:21:14: [umc-core.smx] Vote has concluded.
L 06/16/2018 - 20:21:22: [umc-core.smx] ---------------------MAP CHANGE: con_district402---------------------
L 06/16/2018 - 20:21:22: [umc-endvote-warnings.smx] Successfully parsed and set up 11 vote warnings.
L 06/16/2018 - 20:21:22: [umc-rockthevote.smx] RTV will be made available in 60 seconds.
L 06/16/2018 - 20:22:23: [umc-rockthevote.smx] RTV is now available.
L 06/16/2018 - 20:42:23: [umc-nominate.smx] Oktay wants to nominate a map.
L 06/16/2018 - 20:42:37: [umc-nominate.smx] Oktay has nominated 'fun_ricochet_a4' from group 'Cooldown Maps'
L 06/16/2018 - 20:44:36: [umc-rockthevote.smx] Starting RTV.
L 06/16/2018 - 20:44:36: [umc-core.smx] VOTE MENU: (Verbose) Fetching 7 maps from group 'Commander Maps'
L 06/16/2018 - 20:44:36: [umc-core.smx] VOTE MENU: (Verbose) Finished parsing nominations for map group 'Commander Maps'
L 06/16/2018 - 20:44:36: [umc-core.smx] VOTE MENU: (Verbose) Still need to fetch 7 maps from the group.
L 06/16/2018 - 20:44:36: [umc-core.smx] VOTE MENU: (Verbose) Selected map 'emp_drygulch_a7' from group 'Commander Maps' was added to the vote.
L 06/16/2018 - 20:44:36: [umc-core.smx] VOTE MENU: (Verbose) Selected map 'emp_downfall_hce' from group 'Commander Maps' was added to the vote.
L 06/16/2018 - 20:44:36: [umc-core.smx] VOTE MENU: (Verbose) Selected map 'emp_beachfront_b2_hce' from group 'Commander Maps' was added to the vote.
L 06/16/2018 - 20:44:36: [umc-core.smx] VOTE MENU: (Verbose) No more maps in map group 'Commander Maps'
L 06/16/2018 - 20:44:36: [umc-core.smx] VOTE MENU: (Verbose) Fetching 1 maps from group 'Infantry Maps'
L 06/16/2018 - 20:44:36: [umc-core.smx] VOTE MENU: (Verbose) Finished parsing nominations for map group 'Infantry Maps'
L 06/16/2018 - 20:44:36: [umc-core.smx] VOTE MENU: (Verbose) Still need to fetch 1 maps from the group.
L 06/16/2018 - 20:44:36: [umc-core.smx] VOTE MENU: (Verbose) Selected map 'emp_havoc_b1_fix' from group 'Infantry Maps' was added to the vote.
L 06/16/2018 - 20:44:36: [umc-core.smx] VOTE MENU: (Verbose) Fetching 0 maps from group 'Cooldown Maps'
L 06/16/2018 - 20:44:36: [umc-core.smx] VOTE MENU: (Verbose) Number of nominations (1) exceeds allowable maps in vote for the map group 'Cooldown Maps'. Limiting nominated maps to 0. (See cvar "sm_umc_nominate_strict")
L 06/16/2018 - 20:44:36: [umc-core.smx] VOTE MENU: (Verbose) Finished parsing nominations for map group 'Cooldown Maps'
L 06/16/2018 - 20:44:36: [umc-core.smx] Initiating Vote Type: Map
L 06/16/2018 - 20:44:36: [umc-core.smx] Adding Clients to Vote:
L 06/16/2018 - 20:44:36: [umc-core.smx] 0: rauer (2)
L 06/16/2018 - 20:44:36: [umc-core.smx] 1: Justkidding (FutureFunk) (3)
L 06/16/2018 - 20:44:36: [umc-core.smx] 2: Trainzack (4)
L 06/16/2018 - 20:44:36: [umc-core.smx] 3: Oktay (5)
L 06/16/2018 - 20:44:36: [umc-core.smx] 4: Grave (6)
L 06/16/2018 - 20:44:36: [umc-core.smx] 5: Spyer (7)
L 06/16/2018 - 20:44:36: [umc-core.smx] 6: Rightwing Extremist (8)
L 06/16/2018 - 20:44:36: [umc-core.smx] 7: Skalk (9)
L 06/16/2018 - 20:44:36: [umc-core.smx] 8: Hyperbolic Hubris (10)
L 06/16/2018 - 20:44:36: [umc-core.smx] 9: Mikleo (11)
L 06/16/2018 - 20:44:36: [umc-core.smx] 10: JK (12)
L 06/16/2018 - 20:44:36: [umc-core.smx] 11: Mr. X. (13)
L 06/16/2018 - 20:44:36: [umc-core.smx] 12: ScardyBob (14)
L 06/16/2018 - 20:44:36: [umc-core.smx] VOTE MENU:
L 06/16/2018 - 20:44:36: [umc-core.smx] 2: con_havoc (0)
L 06/16/2018 - 20:44:36: [umc-core.smx] 3: emp_downfall (1)
L 06/16/2018 - 20:44:36: [umc-core.smx] 4: emp_drygulch (2)
L 06/16/2018 - 20:44:36: [umc-core.smx] 5: emp_beachfront (3)
L 06/16/2018 - 20:44:37: [umc-core.smx] ScardyBob<271><[U:1:21571057]><> selected menu item 3
L 06/16/2018 - 20:44:38: [umc-core.smx] rauer<252><[U:1:2546402]><> selected menu item 1
L 06/16/2018 - 20:44:39: [umc-core.smx] Justkidding (FutureFunk)<258><[U:1:2788022]><> selected menu item 2
L 06/16/2018 - 20:44:40: [umc-core.smx] Spyer<262><[U:1:34143605]><> selected menu item 1
L 06/16/2018 - 20:44:41: [umc-core.smx] Mr. X.<270><[U:1:27106968]><> selected menu item 3
L 06/16/2018 - 20:44:41: [umc-core.smx] Trainzack<259><[U:1:49213605]><> selected menu item 4
L 06/16/2018 - 20:44:44: [umc-core.smx] Grave<261><[U:1:34977414]><> selected menu item 2
L 06/16/2018 - 20:44:47: [umc-core.smx] Oktay<267><[U:1:116496292]><> selected menu item 2
L 06/16/2018 - 20:44:47: [umc-core.smx] ScardyBob<271><[U:1:21571057]><> selected menu item 4
L 06/16/2018 - 20:45:10: [umc-core.smx] Skalk<264><[U:1:20539185]><> selected menu item 4
L 06/16/2018 - 20:45:20: [umc-core.smx] Hyperbolic Hubris<268><[U:1:15813678]><> selected menu item 3
L 06/16/2018 - 20:45:37: [umc-core.smx] RUNOFF MENU: (Verbose) Building runoff vote menu.
L 06/16/2018 - 20:45:37: [umc-core.smx] RUNOFF MENU: (Verbose) 'emp_drygulch' was removed from the vote. It had 2 votes (20 of total)
L 06/16/2018 - 20:45:37: [umc-core.smx] RUNOFF MENU: (Verbose) 'con_havoc' was removed from the vote. It had 2 votes (20 of total)
L 06/16/2018 - 20:45:37: [umc-core.smx] RUNOFF MENU: (Verbose) Stopped removing options from the vote. Maximum possible winning vote percentage is 70%
L 06/16/2018 - 20:45:37: [umc-core.smx] Vote has concluded.
L 06/16/2018 - 20:45:45: [umc-core.smx] RUNOFF: Starting runoff vote.
L 06/16/2018 - 20:45:45: [umc-core.smx] Initiating Vote Type: Map
L 06/16/2018 - 20:45:45: [umc-core.smx] Adding Clients to Vote:
L 06/16/2018 - 20:45:45: [umc-core.smx] 0: rauer (2)
L 06/16/2018 - 20:45:45: [umc-core.smx] 1: Justkidding (FutureFunk) (3)
L 06/16/2018 - 20:45:45: [umc-core.smx] 2: Trainzack (4)
L 06/16/2018 - 20:45:45: [umc-core.smx] 3: Oktay (5)
L 06/16/2018 - 20:45:45: [umc-core.smx] 4: Grave (6)
L 06/16/2018 - 20:45:45: [umc-core.smx] 5: Spyer (7)
L 06/16/2018 - 20:45:45: [umc-core.smx] 6: Rightwing Extremist (8)
L 06/16/2018 - 20:45:45: [umc-core.smx] 7: Skalk (9)
L 06/16/2018 - 20:45:45: [umc-core.smx] 8: Hyperbolic Hubris (10)
L 06/16/2018 - 20:45:45: [umc-core.smx] 9: Mikleo (11)
L 06/16/2018 - 20:45:45: [umc-core.smx] 10: JK (12)
L 06/16/2018 - 20:45:45: [umc-core.smx] 11: Mr. X. (13)
L 06/16/2018 - 20:45:45: [umc-core.smx] 12: ScardyBob (14)
L 06/16/2018 - 20:45:45: [umc-core.smx] VOTE MENU:
L 06/16/2018 - 20:45:45: [umc-core.smx] 2: emp_beachfront (3)
L 06/16/2018 - 20:45:45: [umc-core.smx] 3: emp_downfall (1)
L 06/16/2018 - 20:45:46: [umc-core.smx] Trainzack<259><[U:1:49213605]><> selected menu item 1
L 06/16/2018 - 20:45:47: [umc-core.smx] Grave<261><[U:1:34977414]><> selected menu item 2
L 06/16/2018 - 20:45:47: [umc-core.smx] Oktay<267><[U:1:116496292]><> selected menu item 2
L 06/16/2018 - 20:45:48: [umc-core.smx] ScardyBob<271><[U:1:21571057]><> selected menu item 1
L 06/16/2018 - 20:45:49: [umc-core.smx] Mr. X.<270><[U:1:27106968]><> selected menu item 1
L 06/16/2018 - 20:45:49: [umc-core.smx] rauer<252><[U:1:2546402]><> selected menu item 2
L 06/16/2018 - 20:45:49: [umc-core.smx] Spyer<262><[U:1:34143605]><> selected menu item 2
L 06/16/2018 - 20:45:50: [umc-core.smx] Skalk<264><[U:1:20539185]><> selected menu item 1
L 06/16/2018 - 20:45:50: [umc-core.smx] Hyperbolic Hubris<268><[U:1:15813678]><> selected menu item 2
L 06/16/2018 - 20:46:00: [umc-core.smx] Justkidding (FutureFunk)<258><[U:1:2788022]><> selected menu item 1
L 06/16/2018 - 20:46:06: [umc-core.smx] Mikleo<266><[U:1:376259319]><> selected menu item 2
L 06/16/2018 - 20:46:46: [umc-core.smx] Setting nextmap to: emp_downfall_hce
L 06/16/2018 - 20:46:46: [umc-randomcycle.smx] Disabling random nextmap selection.
L 06/16/2018 - 20:46:46: [umc-core.smx] umc-rockthevote.smx: Changing map to 'emp_downfall_hce' in 5 seconds.
L 06/16/2018 - 20:46:46: [umc-core.smx] MAPVOTE: Players voted for map 'emp_downfall_hce' from group 'Commander Maps'
L 06/16/2018 - 20:46:46: [umc-core.smx] Vote has concluded.
L 06/16/2018 - 20:46:52: [umc-core.smx] ---------------------MAP CHANGE: emp_downfall_hce---------------------
L 06/16/2018 - 20:46:52: [umc-endvote-warnings.smx] Successfully parsed and set up 11 vote warnings.
L 06/16/2018 - 20:46:52: [umc-rockthevote.smx] RTV will be made available in 60 seconds.
L 06/16/2018 - 20:47:53: [umc-rockthevote.smx] RTV is now available.
L 06/16/2018 - 20:59:45: [umc-nominate.smx] Oktay wants to nominate a map.
L 06/16/2018 - 20:59:55: [umc-nominate.smx] Oktay has nominated 'emp_massacred_rc1_hce' from group 'Commander Maps'
L 06/16/2018 - 21:30:22: [umc-core.smx] ---------------------MAP CHANGE: con_district402---------------------
L 06/16/2018 - 21:30:22: [umc-endvote-warnings.smx] Successfully parsed and set up 11 vote warnings.
L 06/16/2018 - 21:30:22: [umc-rockthevote.smx] RTV will be made available in 60 seconds.
L 06/16/2018 - 21:30:55: [umc-nominate.smx] Justkidding (FutureFunk) wants to nominate a map.
L 06/16/2018 - 21:31:09: [umc-nominate.smx] Justkidding (FutureFunk) has nominated 'emp_beachfront_b2_hce' from group 'Commander Maps'
L 06/16/2018 - 21:31:23: [umc-rockthevote.smx] RTV is now available.
L 06/16/2018 - 21:31:27: [umc-nominate.smx] Oktay wants to nominate a map.
L 06/16/2018 - 21:31:43: [umc-nominate.smx] JK wants to nominate a map.
L 06/16/2018 - 21:31:49: [umc-nominate.smx] JK has nominated 'emp_downfall_hce' from group 'Commander Maps'
L 06/16/2018 - 21:31:56: [umc-nominate.smx] Justkidding (FutureFunk) wants to nominate a map.
L 06/16/2018 - 21:32:43: [umc-nominate.smx] Justkidding (FutureFunk) wants to nominate a map.
L 06/16/2018 - 21:33:56: [umc-nominate.smx] Justkidding (FutureFunk) wants to nominate a map.
L 06/16/2018 - 21:34:33: [umc-nominate.smx] Justkidding (FutureFunk) wants to nominate a map.
L 06/16/2018 - 21:35:02: [umc-nominate.smx] Justkidding (FutureFunk) wants to nominate a map.
L 06/16/2018 - 21:35:22: [umc-core.smx] VOTE MENU: (Verbose) Fetching 7 maps from group 'Commander Maps'
L 06/16/2018 - 21:35:22: [umc-core.smx] VOTE MENU: (Verbose) Nominated map 'emp_beachfront_b2_hce' from group 'Commander Maps' was added to the vote.
L 06/16/2018 - 21:35:22: [umc-core.smx] VOTE MENU: (Verbose) Nominated map 'emp_downfall_hce' from group 'Commander Maps' was added to the vote.
L 06/16/2018 - 21:35:22: [umc-core.smx] VOTE MENU: (Verbose) Finished parsing nominations for map group 'Commander Maps'
L 06/16/2018 - 21:35:22: [umc-core.smx] VOTE MENU: (Verbose) Still need to fetch 5 maps from the group.
L 06/16/2018 - 21:35:22: [umc-core.smx] VOTE MENU: (Verbose) Selected map 'emp_palmbay_fix' from group 'Commander Maps' was added to the vote.
L 06/16/2018 - 21:35:22: [umc-core.smx] VOTE MENU: (Verbose) Selected map 'emp_temple_b3f' from group 'Commander Maps' was added to the vote.
L 06/16/2018 - 21:35:22: [umc-core.smx] VOTE MENU: (Verbose) Selected map 'emp_smokies_rc2_hce' from group 'Commander Maps' was added to the vote.
L 06/16/2018 - 21:35:22: [umc-core.smx] VOTE MENU: (Verbose) Selected map 'emp_ward_rc2' from group 'Commander Maps' was added to the vote.
L 06/16/2018 - 21:35:22: [umc-core.smx] VOTE MENU: (Verbose) Selected map 'emp_homeland_b9_hce' from group 'Commander Maps' was added to the vote.
L 06/16/2018 - 21:35:22: [umc-core.smx] VOTE MENU: (Verbose) Fetching 1 maps from group 'Infantry Maps'
L 06/16/2018 - 21:35:22: [umc-core.smx] VOTE MENU: (Verbose) Finished parsing nominations for map group 'Infantry Maps'
L 06/16/2018 - 21:35:22: [umc-core.smx] VOTE MENU: (Verbose) Still need to fetch 1 maps from the group.
L 06/16/2018 - 21:35:22: [umc-core.smx] VOTE MENU: (Verbose) No more maps in map group 'Infantry Maps'
L 06/16/2018 - 21:35:22: [umc-core.smx] VOTE MENU: (Verbose) Fetching 0 maps from group 'Cooldown Maps'
L 06/16/2018 - 21:35:22: [umc-core.smx] VOTE MENU: (Verbose) Finished parsing nominations for map group 'Cooldown Maps'
L 06/16/2018 - 21:35:22: [umc-core.smx] Initiating Vote Type: Map
L 06/16/2018 - 21:35:22: [umc-core.smx] Adding Clients to Vote:
L 06/16/2018 - 21:35:22: [umc-core.smx] 0: Mr. X. (2)
L 06/16/2018 - 21:35:22: [umc-core.smx] 1: Justkidding (FutureFunk) (3)
L 06/16/2018 - 21:35:22: [umc-core.smx] 2: Hyperbolic Hubris (4)
L 06/16/2018 - 21:35:22: [umc-core.smx] 3: ScardyBob (5)
L 06/16/2018 - 21:35:22: [umc-core.smx] 4: X Acolyte 我爱你 (6)
L 06/16/2018 - 21:35:22: [umc-core.smx] 5: Nowaf8037 (7)
L 06/16/2018 - 21:35:22: [umc-core.smx] 6: VV (8)
L 06/16/2018 - 21:35:22: [umc-core.smx] 7: PYA (9)
L 06/16/2018 - 21:35:22: [umc-core.smx] 8: Oktay (10)
L 06/16/2018 - 21:35:22: [umc-core.smx] 9: Mikleo (11)
L 06/16/2018 - 21:35:22: [umc-core.smx] 10: =[KXIC]= TBB [TwinSaN=)iTy] (12)
L 06/16/2018 - 21:35:22: [umc-core.smx] 11: JK (13)
L 06/16/2018 - 21:35:22: [umc-core.smx] 12: =F= MrBlueSky (14)
L 06/16/2018 - 21:35:22: [umc-core.smx] 13: Hungamer181 (15)
L 06/16/2018 - 21:35:22: [umc-core.smx] 14: Skalk (16)
L 06/16/2018 - 21:35:22: [umc-core.smx] 15: khan (17)
L 06/16/2018 - 21:35:22: [umc-core.smx] 16: Quigon (18)
L 06/16/2018 - 21:35:22: [umc-core.smx] 17: Trainzack (19)
L 06/16/2018 - 21:35:22: [umc-core.smx] 18: Spyer (20)
L 06/16/2018 - 21:35:22: [umc-core.smx] 19: Ozi (21)
L 06/16/2018 - 21:35:22: [umc-core.smx] 20: Andy7470 (22)
L 06/16/2018 - 21:35:22: [umc-core.smx] 21: Lerk (23)
L 06/16/2018 - 21:35:22: [umc-core.smx] VOTE MENU:
L 06/16/2018 - 21:35:22: [umc-core.smx] 2: emp_downfall (0)
L 06/16/2018 - 21:35:22: [umc-core.smx] 3: emp_smokies (1)
L 06/16/2018 - 21:35:22: [umc-core.smx] 4: emp_ward (2)
L 06/16/2018 - 21:35:22: [umc-core.smx] 5: emp_palmbay (3)
L 06/16/2018 - 21:35:22: [umc-core.smx] 6: emp_beachfront (4)
L 06/16/2018 - 21:35:22: [umc-core.smx] 7: emp_temple (5)
L 06/16/2018 - 21:35:22: [umc-core.smx] 8: emp_homeland (6)
L 06/16/2018 - 21:35:23: [umc-core.smx] Justkidding (FutureFunk)<4><[U:1:2788022]><> selected menu item 4
L 06/16/2018 - 21:35:26: [umc-core.smx] khan<18><[U:1:65957845]><> selected menu item 2
L 06/16/2018 - 21:35:26: [umc-core.smx] ScardyBob<6><[U:1:21571057]><> selected menu item 4
L 06/16/2018 - 21:35:27: [umc-emp-mapvote.smx] Map vote will appear in 30 seconds.
L 06/16/2018 - 21:35:28: [umc-core.smx] VV<9><[U:1:5870260]><> selected menu item 6
L 06/16/2018 - 21:35:30: [umc-core.smx] Quigon<19><[U:1:5653485]><> selected menu item 7
L 06/16/2018 - 21:35:32: [umc-core.smx] X Acolyte 我爱你<7><[U:1:51019709]><> selected menu item 2
L 06/16/2018 - 21:35:34: [umc-core.smx] Oktay<11><[U:1:116496292]><> selected menu item 3
L 06/16/2018 - 21:35:35: [umc-core.smx] =F= MrBlueSky<15><[U:1:7486994]><> selected menu item 7
L 06/16/2018 - 21:35:37: [umc-core.smx] Lerk<24><[U:1:52053844]><> selected menu item 7
L 06/16/2018 - 21:35:40: [umc-core.smx] Spyer<21><[U:1:34143605]><> selected menu item 1
L 06/16/2018 - 21:35:42: [umc-core.smx] Hungamer181<16><[U:1:269573544]><> selected menu item 4
L 06/16/2018 - 21:35:42: [umc-core.smx] Andy7470<23><[U:1:157660343]><> selected menu item 5
L 06/16/2018 - 21:35:44: [umc-core.smx] Spyer<21><[U:1:34143605]><> selected menu item 2
L 06/16/2018 - 21:35:46: [umc-core.smx] =[KXIC]= TBB [TwinSaN=)iTy]<13><[U:1:104778967]><> selected menu item 5
L 06/16/2018 - 21:35:54: [umc-core.smx] Mr. X.<3><[U:1:27106968]><> selected menu item 6
L 06/16/2018 - 21:35:55: [umc-core.smx] PYA<10><[U:1:35045005]><> selected menu item 7
L 06/16/2018 - 21:35:57: [umc-emp-mapvote.smx] Starting a map vote.
L 06/16/2018 - 21:35:57: [umc-emp-mapvote.smx] There is a vote already in progress, cannot start a new vote.
L 06/16/2018 - 21:35:57: [umc-core.smx] Mikleo<12><[U:1:376259319]><> selected menu item 4
L 06/16/2018 - 21:36:00: [umc-core.smx] Justkidding (FutureFunk)<4><[U:1:2788022]><> selected menu item 4
L 06/16/2018 - 21:36:05: [umc-core.smx] JK<14><[U:1:17292082]><> selected menu item 1
L 06/16/2018 - 21:36:07: [umc-core.smx] RUNOFF MENU: (Verbose) Building runoff vote menu.
L 06/16/2018 - 21:36:07: [umc-core.smx] RUNOFF MENU: (Verbose) 'emp_ward' was removed from the vote. It had 1 votes (5 of total)
L 06/16/2018 - 21:36:07: [umc-core.smx] RUNOFF MENU: (Verbose) 'emp_downfall' was removed from the vote. It had 1 votes (5 of total)
L 06/16/2018 - 21:36:07: [umc-core.smx] RUNOFF MENU: (Verbose) 'emp_beachfront' was removed from the vote. It had 2 votes (11 of total)
L 06/16/2018 - 21:36:07: [umc-core.smx] RUNOFF MENU: (Verbose) 'emp_temple' was removed from the vote. It had 2 votes (11 of total)
L 06/16/2018 - 21:36:07: [umc-core.smx] RUNOFF MENU: (Verbose) 'emp_smokies' was removed from the vote. It had 3 votes (17 of total)
L 06/16/2018 - 21:36:07: [umc-core.smx] RUNOFF MENU: (Verbose) Stopped removing options from the vote. Maximum possible winning vote percentage is 76%
L 06/16/2018 - 21:36:07: [umc-core.smx] Vote has concluded.
L 06/16/2018 - 21:36:08: [umc-emp-mapvote.smx] Starting a map vote.
L 06/16/2018 - 21:36:08: [umc-emp-mapvote.smx] There is a vote already in progress, cannot start a new vote.
L 06/16/2018 - 21:36:09: [umc-emp-mapvote.smx] Starting a map vote.
L 06/16/2018 - 21:36:09: [umc-emp-mapvote.smx] There is a vote already in progress, cannot start a new vote.
L 06/16/2018 - 21:36:10: [umc-emp-mapvote.smx] Starting a map vote.
L 06/16/2018 - 21:36:10: [umc-emp-mapvote.smx] There is a vote already in progress, cannot start a new vote.
L 06/16/2018 - 21:36:11: [umc-emp-mapvote.smx] Starting a map vote.
L 06/16/2018 - 21:36:11: [umc-emp-mapvote.smx] There is a vote already in progress, cannot start a new vote.
L 06/16/2018 - 21:36:12: [umc-emp-mapvote.smx] Starting a map vote.
L 06/16/2018 - 21:36:12: [umc-emp-mapvote.smx] There is a vote already in progress, cannot start a new vote.
L 06/16/2018 - 21:36:13: [umc-emp-mapvote.smx] Starting a map vote.
L 06/16/2018 - 21:36:13: [umc-emp-mapvote.smx] There is a vote already in progress, cannot start a new vote.
L 06/16/2018 - 21:36:14: [umc-emp-mapvote.smx] Starting a map vote.
L 06/16/2018 - 21:36:14: [umc-emp-mapvote.smx] There is a vote already in progress, cannot start a new vote.
L 06/16/2018 - 21:36:15: [umc-core.smx] RUNOFF: Starting runoff vote.
L 06/16/2018 - 21:36:15: [umc-core.smx] Initiating Vote Type: Map
L 06/16/2018 - 21:36:15: [umc-core.smx] Adding Clients to Vote:
L 06/16/2018 - 21:36:15: [umc-core.smx] 0: Mr. X. (2)
L 06/16/2018 - 21:36:15: [umc-core.smx] 1: Justkidding (FutureFunk) (3)
L 06/16/2018 - 21:36:15: [umc-core.smx] 2: Hyperbolic Hubris (4)
L 06/16/2018 - 21:36:15: [umc-core.smx] 3: ScardyBob (5)
L 06/16/2018 - 21:36:15: [umc-core.smx] 4: X Acolyte 我爱你 (6)
L 06/16/2018 - 21:36:15: [umc-core.smx] 5: Nowaf8037 (7)
L 06/16/2018 - 21:36:15: [umc-core.smx] 6: VV (8)
L 06/16/2018 - 21:36:15: [umc-core.smx] 7: PYA (9)
L 06/16/2018 - 21:36:15: [umc-core.smx] 8: Oktay (10)
L 06/16/2018 - 21:36:15: [umc-core.smx] 9: Mikleo (11)
L 06/16/2018 - 21:36:15: [umc-core.smx] 10: =[KXIC]= TBB [TwinSaN=)iTy] (12)
L 06/16/2018 - 21:36:15: [umc-core.smx] 11: JK (13)
L 06/16/2018 - 21:36:15: [umc-core.smx] 12: =F= MrBlueSky (14)
L 06/16/2018 - 21:36:15: [umc-core.smx] 13: Hungamer181 (15)
L 06/16/2018 - 21:36:15: [umc-core.smx] 14: Skalk (16)
L 06/16/2018 - 21:36:15: [umc-core.smx] 15: khan (17)
L 06/16/2018 - 21:36:15: [umc-core.smx] 16: Quigon (18)
L 06/16/2018 - 21:36:15: [umc-core.smx] 17: Trainzack (19)
L 06/16/2018 - 21:36:15: [umc-core.smx] 18: Spyer (20)
L 06/16/2018 - 21:36:15: [umc-core.smx] 19: Ozi (21)
L 06/16/2018 - 21:36:15: [umc-core.smx] 20: Andy7470 (22)
L 06/16/2018 - 21:36:15: [umc-core.smx] 21: Lerk (23)
L 06/16/2018 - 21:36:15: [umc-core.smx] VOTE MENU:
L 06/16/2018 - 21:36:15: [umc-core.smx] 2: emp_homeland (6)
L 06/16/2018 - 21:36:15: [umc-core.smx] 3: emp_palmbay (3)
L 06/16/2018 - 21:36:17: [umc-core.smx] Hungamer181<16><[U:1:269573544]><> selected menu item 1
L 06/16/2018 - 21:36:18: [umc-core.smx] khan<18><[U:1:65957845]><> selected menu item 2
L 06/16/2018 - 21:36:18: [umc-core.smx] ScardyBob<6><[U:1:21571057]><> selected menu item 2
L 06/16/2018 - 21:36:18: [umc-core.smx] VV<9><[U:1:5870260]><> selected menu item 2
L 06/16/2018 - 21:36:19: [umc-core.smx] Mikleo<12><[U:1:376259319]><> selected menu item 1
L 06/16/2018 - 21:36:19: [umc-core.smx] Lerk<24><[U:1:52053844]><> selected menu item 2
L 06/16/2018 - 21:36:19: [umc-core.smx] Quigon<19><[U:1:5653485]><> selected menu item 1
L 06/16/2018 - 21:36:20: [umc-core.smx] Mr. X.<3><[U:1:27106968]><> selected menu item 2
L 06/16/2018 - 21:36:22: [umc-core.smx] Justkidding (FutureFunk)<4><[U:1:2788022]><> selected menu item 2
L 06/16/2018 - 21:36:23: [umc-core.smx] Trainzack<20><[U:1:49213605]><> selected menu item 1
L 06/16/2018 - 21:36:23: [umc-core.smx] Oktay<11><[U:1:116496292]><> selected menu item 2
L 06/16/2018 - 21:36:24: [umc-core.smx] X Acolyte 我爱你<7><[U:1:51019709]><> selected menu item 2
L 06/16/2018 - 21:36:25: [umc-core.smx] Andy7470<23><[U:1:157660343]><> selected menu item 1
L 06/16/2018 - 21:36:26: [umc-core.smx] =F= MrBlueSky<15><[U:1:7486994]><> selected menu item 1
L 06/16/2018 - 21:36:27: [umc-core.smx] JK<14><[U:1:17292082]><> selected menu item 1
L 06/16/2018 - 21:36:27: [umc-core.smx] =[KXIC]= TBB [TwinSaN=)iTy]<13><[U:1:104778967]><> selected menu item 1
L 06/16/2018 - 21:36:30: [umc-core.smx] Spyer<21><[U:1:34143605]><> selected menu item 2
L 06/16/2018 - 21:36:47: [umc-core.smx] PYA<10><[U:1:35045005]><> selected menu item 2
L 06/16/2018 - 21:37:01: [umc-core.smx] Setting nextmap to: emp_palmbay_fix
L 06/16/2018 - 21:37:01: [umc-randomcycle.smx] Disabling random nextmap selection.
L 06/16/2018 - 21:37:01: [umc-core.smx] umc-votecommand.smx: Changing map to 'emp_palmbay_fix' in 5 seconds.
L 06/16/2018 - 21:37:01: [umc-core.smx] MAPVOTE: Players voted for map 'emp_palmbay_fix' from group 'Commander Maps'
L 06/16/2018 - 21:37:01: [umc-core.smx] Vote has concluded.
L 06/16/2018 - 21:37:01: [umc-emp-mapvote.smx] Starting a map vote.
L 06/16/2018 - 21:37:01: [umc-emp-mapvote.smx] ERROR: Failed to set the value of mp_chattime. The map could change before the end of map voting finishes.
L 06/16/2018 - 21:37:01: [umc-core.smx] VOTE MENU: (Verbose) Fetching 7 maps from group 'Commander Maps'
L 06/16/2018 - 21:37:01: [umc-core.smx] VOTE MENU: (Verbose) Nominated map 'emp_beachfront_b2_hce' from group 'Commander Maps' was added to the vote.
L 06/16/2018 - 21:37:01: [umc-core.smx] VOTE MENU: (Verbose) Nominated map 'emp_downfall_hce' from group 'Commander Maps' was added to the vote.
L 06/16/2018 - 21:37:01: [umc-core.smx] VOTE MENU: (Verbose) Finished parsing nominations for map group 'Commander Maps'
L 06/16/2018 - 21:37:01: [umc-core.smx] VOTE MENU: (Verbose) Still need to fetch 5 maps from the group.
L 06/16/2018 - 21:37:01: [umc-core.smx] VOTE MENU: (Verbose) Selected map 'emp_blah4_hce' from group 'Commander Maps' was added to the vote.
L 06/16/2018 - 21:37:01: [umc-core.smx] VOTE MENU: (Verbose) Selected map 'emp_hazard_rc6' from group 'Commander Maps' was added to the vote.
L 06/16/2018 - 21:37:01: [umc-core.smx] VOTE MENU: (Verbose) Selected map 'emp_streetsoffire_fix' from group 'Commander Maps' was added to the vote.
L 06/16/2018 - 21:37:01: [umc-core.smx] VOTE MENU: (Verbose) Selected map 'emp_plunge_ob2_2013_hce2' from group 'Commander Maps' was added to the vote.
L 06/16/2018 - 21:37:01: [umc-core.smx] VOTE MENU: (Verbose) Selected map 'emp_flat_hce' from group 'Commander Maps' was added to the vote.
L 06/16/2018 - 21:37:01: [umc-core.smx] VOTE MENU: (Verbose) Fetching 1 maps from group 'Infantry Maps'
L 06/16/2018 - 21:37:01: [umc-core.smx] VOTE MENU: (Verbose) Finished parsing nominations for map group 'Infantry Maps'
L 06/16/2018 - 21:37:01: [umc-core.smx] VOTE MENU: (Verbose) Still need to fetch 1 maps from the group.
L 06/16/2018 - 21:37:01: [umc-core.smx] VOTE MENU: (Verbose) No more maps in map group 'Infantry Maps'
L 06/16/2018 - 21:37:01: [umc-core.smx] VOTE MENU: (Verbose) Fetching 0 maps from group 'Cooldown Maps'
L 06/16/2018 - 21:37:01: [umc-core.smx] VOTE MENU: (Verbose) Finished parsing nominations for map group 'Cooldown Maps'
L 06/16/2018 - 21:37:01: [umc-core.smx] Initiating Vote Type: Map
L 06/16/2018 - 21:37:01: [umc-core.smx] Adding Clients to Vote:
L 06/16/2018 - 21:37:01: [umc-core.smx] 0: Mr. X. (2)
L 06/16/2018 - 21:37:01: [umc-core.smx] 1: Justkidding (FutureFunk) (3)
L 06/16/2018 - 21:37:01: [umc-core.smx] 2: Hyperbolic Hubris (4)
L 06/16/2018 - 21:37:01: [umc-core.smx] 3: ScardyBob (5)
L 06/16/2018 - 21:37:01: [umc-core.smx] 4: X Acolyte 我爱你 (6)
L 06/16/2018 - 21:37:01: [umc-core.smx] 5: Nowaf8037 (7)
L 06/16/2018 - 21:37:01: [umc-core.smx] 6: VV (8)
L 06/16/2018 - 21:37:01: [umc-core.smx] 7: PYA (9)
L 06/16/2018 - 21:37:01: [umc-core.smx] 8: Oktay (10)
L 06/16/2018 - 21:37:01: [umc-core.smx] 9: Mikleo (11)
L 06/16/2018 - 21:37:01: [umc-core.smx] 10: =[KXIC]= TBB [TwinSaN=)iTy] (12)
L 06/16/2018 - 21:37:01: [umc-core.smx] 11: JK (13)
L 06/16/2018 - 21:37:01: [umc-core.smx] 12: =F= MrBlueSky (14)
L 06/16/2018 - 21:37:01: [umc-core.smx] 13: Hungamer181 (15)
L 06/16/2018 - 21:37:01: [umc-core.smx] 14: Skalk (16)
L 06/16/2018 - 21:37:01: [umc-core.smx] 15: khan (17)
L 06/16/2018 - 21:37:01: [umc-core.smx] 16: Quigon (18)
L 06/16/2018 - 21:37:01: [umc-core.smx] 17: Trainzack (19)
L 06/16/2018 - 21:37:01: [umc-core.smx] 18: Spyer (20)
L 06/16/2018 - 21:37:01: [umc-core.smx] 19: Ozi (21)
L 06/16/2018 - 21:37:01: [umc-core.smx] 20: Andy7470 (22)
L 06/16/2018 - 21:37:01: [umc-core.smx] 21: Lerk (23)
L 06/16/2018 - 21:37:01: [umc-core.smx] VOTE MENU:
L 06/16/2018 - 21:37:01: [umc-core.smx] 2: emp_streetsoffire (0)
L 06/16/2018 - 21:37:01: [umc-core.smx] 3: emp_plunge (1)
L 06/16/2018 - 21:37:01: [umc-core.smx] 4: emp_downfall (2)
L 06/16/2018 - 21:37:01: [umc-core.smx] 5: emp_blah4 (3)
L 06/16/2018 - 21:37:01: [umc-core.smx] 6: emp_hazard (4)
L 06/16/2018 - 21:37:01: [umc-core.smx] 7: emp_flat (5)
L 06/16/2018 - 21:37:01: [umc-core.smx] 8: emp_beachfront (6)
L 06/16/2018 - 21:37:05: [umc-core.smx] Lerk<24><[U:1:52053844]><> selected menu item 7
L 06/16/2018 - 21:37:06: [umc-core.smx] X Acolyte 我爱你<7><[U:1:51019709]><> selected menu item 1
L 06/16/2018 - 21:37:06: [umc-core.smx] Setting nextmap to: emp_beachfront_b2_hce
L 06/16/2018 - 21:37:06: [umc-randomcycle.smx] Disabling random nextmap selection.
L 06/16/2018 - 21:37:06: [umc-core.smx] umc-emp-mapvote.smx: Changing map to 'emp_beachfront_b2_hce' in 5 seconds.
L 06/16/2018 - 21:37:06: [umc-core.smx] MAPVOTE: Players voted for map 'emp_beachfront_b2_hce' from group 'Commander Maps'
L 06/16/2018 - 21:37:06: [umc-core.smx] Vote has concluded.
L 06/16/2018 - 21:37:11: [umc-core.smx] ---------------------MAP CHANGE: emp_palmbay_fix---------------------
L 06/16/2018 - 21:37:11: [umc-endvote-warnings.smx] Successfully parsed and set up 11 vote warnings.
L 06/16/2018 - 21:37:11: [umc-rockthevote.smx] RTV will be made available in 60 seconds.
L 06/16/2018 - 21:38:12: [umc-rockthevote.smx] RTV is now available.
L 06/16/2018 - 22:09:12: [umc-nominate.smx] Oktay wants to nominate a map.
L 06/16/2018 - 22:09:18: [umc-nominate.smx] Oktay has nominated 'emp_insurrection_rc4' from group 'Commander Maps'
L 06/16/2018 - 22:10:03: [umc-nominate.smx] .|Ϟ|. Catface (No Sound) has nominated 'emp_insurrection_rc4' from group 'Commander Maps'
L 06/16/2018 - 22:13:41: [umc-nominate.smx] Uninspired wants to nominate a map.
L 06/16/2018 - 22:14:02: [umc-nominate.smx] Uninspired has nominated 'emp_duststorm_fix2' from group 'Commander Maps'
L 06/16/2018 - 22:14:08: [umc-nominate.smx] c-137 Medicine wants to nominate a map.
L 06/16/2018 - 22:14:28: [umc-nominate.smx] c-137 Medicine has nominated 'emp_raiders_b1' from group 'Commander Maps'
L 06/16/2018 - 22:14:36: [umc-nominate.smx] Trainzack wants to nominate a map.
L 06/16/2018 - 22:15:23: [umc-nominate.smx] .|Ϟ|. Catface (No Sound) wants to nominate a map.
L 06/16/2018 - 22:16:13: [umc-emp-mapvote.smx] Map vote will appear in 30 seconds.
L 06/16/2018 - 22:16:43: [umc-emp-mapvote.smx] Starting a map vote.
L 06/16/2018 - 22:16:43: [umc-core.smx] VOTE MENU: (Verbose) Fetching 7 maps from group 'Commander Maps'
L 06/16/2018 - 22:16:43: [umc-core.smx] VOTE MENU: (Verbose) Nominated map 'emp_insurrection_rc4' from group 'Commander Maps' was added to the vote.
L 06/16/2018 - 22:16:43: [umc-core.smx] VOTE MENU: (Verbose) Nominated map 'emp_duststorm_fix2' from group 'Commander Maps' was added to the vote.
L 06/16/2018 - 22:16:43: [umc-core.smx] VOTE MENU: (Verbose) Nominated map 'emp_raiders_b1' from group 'Commander Maps' was added to the vote.
L 06/16/2018 - 22:16:43: [umc-core.smx] VOTE MENU: (Verbose) Finished parsing nominations for map group 'Commander Maps'
L 06/16/2018 - 22:16:43: [umc-core.smx] VOTE MENU: (Verbose) Still need to fetch 4 maps from the group.
L 06/16/2018 - 22:16:43: [umc-core.smx] VOTE MENU: (Verbose) Selected map 'emp_mesa_d6_hce' from group 'Commander Maps' was added to the vote.
L 06/16/2018 - 22:16:43: [umc-core.smx] VOTE MENU: (Verbose) Selected map 'emp_midbridge_hce' from group 'Commander Maps' was added to the vote.
L 06/16/2018 - 22:16:43: [umc-core.smx] VOTE MENU: (Verbose) Selected map 'emp_plunge_ob2_2013_hce2' from group 'Commander Maps' was added to the vote.
L 06/16/2018 - 22:16:43: [umc-core.smx] VOTE MENU: (Verbose) Selected map 'emp_coast' from group 'Commander Maps' was added to the vote.
L 06/16/2018 - 22:16:43: [umc-core.smx] VOTE MENU: (Verbose) Fetching 1 maps from group 'Infantry Maps'
L 06/16/2018 - 22:16:43: [umc-core.smx] VOTE MENU: (Verbose) Finished parsing nominations for map group 'Infantry Maps'
L 06/16/2018 - 22:16:43: [umc-core.smx] VOTE MENU: (Verbose) Still need to fetch 1 maps from the group.
L 06/16/2018 - 22:16:43: [umc-core.smx] VOTE MENU: (Verbose) Selected map 'con_atomic_rc6_fix' from group 'Infantry Maps' was added to the vote.
L 06/16/2018 - 22:16:43: [umc-core.smx] VOTE MENU: (Verbose) Fetching 0 maps from group 'Cooldown Maps'
L 06/16/2018 - 22:16:43: [umc-core.smx] VOTE MENU: (Verbose) Finished parsing nominations for map group 'Cooldown Maps'
L 06/16/2018 - 22:16:43: [umc-core.smx] Initiating Vote Type: Map
L 06/16/2018 - 22:16:43: [umc-core.smx] Adding Clients to Vote:
L 06/16/2018 - 22:16:43: [umc-core.smx] 0: Mr. X. (2)
L 06/16/2018 - 22:16:43: [umc-core.smx] 1: Justkidding (FutureFunk) (3)
L 06/16/2018 - 22:16:43: [umc-core.smx] 2: Hyperbolic Hubris (4)
L 06/16/2018 - 22:16:43: [umc-core.smx] 3: ScardyBob (5)
L 06/16/2018 - 22:16:43: [umc-core.smx] 4: X Acolyte 我爱你 (6)
L 06/16/2018 - 22:16:43: [umc-core.smx] 5: Nowaf8037 (7)
L 06/16/2018 - 22:16:43: [umc-core.smx] 6: VV (8)
L 06/16/2018 - 22:16:43: [umc-core.smx] 7: PYA (9)
L 06/16/2018 - 22:16:43: [umc-core.smx] 8: Oktay (10)
L 06/16/2018 - 22:16:43: [umc-core.smx] 9: Mikleo (11)
L 06/16/2018 - 22:16:43: [umc-core.smx] 10: YouzY (12)
L 06/16/2018 - 22:16:43: [umc-core.smx] 11: JK (13)
L 06/16/2018 - 22:16:43: [umc-core.smx] 12: =F= MrBlueSky (14)
L 06/16/2018 - 22:16:43: [umc-core.smx] 13: Hungamer181 (15)
L 06/16/2018 - 22:16:43: [umc-core.smx] 14: Skalk (16)
L 06/16/2018 - 22:16:43: [umc-core.smx] 15: khan (17)
L 06/16/2018 - 22:16:43: [umc-core.smx] 16: Quigon (18)
L 06/16/2018 - 22:16:43: [umc-core.smx] 17: Trainzack (19)
L 06/16/2018 - 22:16:43: [umc-core.smx] 18: Spyer (20)
L 06/16/2018 - 22:16:43: [umc-core.smx] 19: Ozi (21)
L 06/16/2018 - 22:16:43: [umc-core.smx] 20: Andy7470 (22)
L 06/16/2018 - 22:16:43: [umc-core.smx] 21: .|Ϟ|. Catface (No Sound) (23)
L 06/16/2018 - 22:16:43: [umc-core.smx] 22: CrazyMRANZ (24)
L 06/16/2018 - 22:16:43: [umc-core.smx] 23: JustGoFly (25)
L 06/16/2018 - 22:16:43: [umc-core.smx] 24: Rhymes (26)
L 06/16/2018 - 22:16:43: [umc-core.smx] 25: c-137 Medicine (27)
L 06/16/2018 - 22:16:43: [umc-core.smx] 26: Grave (28)
L 06/16/2018 - 22:16:43: [umc-core.smx] 27: draklin (29)
L 06/16/2018 - 22:16:43: [umc-core.smx] 28: Uninspired (30)
L 06/16/2018 - 22:16:43: [umc-core.smx] 29: Ghadon Aku Spiritus (32)
L 06/16/2018 - 22:16:43: [umc-core.smx] 30: =[KXIC]= TBB [TwinSaN=)iTy] (33)
L 06/16/2018 - 22:16:43: [umc-core.smx] 31: I'm not gay but gaben is gaben (34)
L 06/16/2018 - 22:16:43: [umc-core.smx] 32: kaydawg (35)
L 06/16/2018 - 22:16:43: [umc-core.smx] 33: Misfire! (36)
L 06/16/2018 - 22:16:43: [umc-core.smx] 34: ‡|JPL|‡ [o_O] WTFace (37)
L 06/16/2018 - 22:16:43: [umc-core.smx] 35: Lerk (38)
L 06/16/2018 - 22:16:43: [umc-core.smx] 36: Delta 62 (39)
L 06/16/2018 - 22:16:43: [umc-core.smx] VOTE MENU:
L 06/16/2018 - 22:16:43: [umc-core.smx] 2: emp_mesa (0)
L 06/16/2018 - 22:16:43: [umc-core.smx] 3: emp_raiders (1)
L 06/16/2018 - 22:16:43: [umc-core.smx] 4: emp_duststorm (2)
L 06/16/2018 - 22:16:43: [umc-core.smx] 5: emp_plunge (3)
L 06/16/2018 - 22:16:43: [umc-core.smx] 6: emp_midbridge (4)
L 06/16/2018 - 22:16:43: [umc-core.smx] 7: emp_coast (5)
L 06/16/2018 - 22:16:43: [umc-core.smx] 8: emp_insurrection (6)
L 06/16/2018 - 22:16:43: [umc-core.smx] 9: con_atomic (7)
L 06/16/2018 - 22:16:46: [umc-core.smx] Oktay<11><[U:1:116496292]><> selected menu item 7
L 06/16/2018 - 22:16:46: [umc-core.smx] khan<18><[U:1:65957845]><> selected menu item 5
L 06/16/2018 - 22:16:47: [umc-core.smx] ScardyBob<6><[U:1:21571057]><> selected menu item 7
L 06/16/2018 - 22:16:47: [umc-core.smx] Grave<29><[U:1:34977414]><> selected menu item 1
L 06/16/2018 - 22:16:47: [umc-core.smx] Quigon<19><[U:1:5653485]><> selected menu item 7
L 06/16/2018 - 22:16:47: [umc-core.smx] .|Ϟ|. Catface (No Sound)<33><[U:1:41745247]><> selected menu item 7
L 06/16/2018 - 22:16:47: [umc-core.smx] Lerk<42><[U:1:52053844]><> selected menu item 3
L 06/16/2018 - 22:16:48: [umc-core.smx] Misfire!<40><[U:1:146071390]><> selected menu item 3
L 06/16/2018 - 22:16:48: [umc-core.smx] Trainzack<20><[U:1:49213605]><> selected menu item 8
L 06/16/2018 - 22:16:51: [umc-core.smx] =[KXIC]= TBB [TwinSaN=)iTy]<37><[U:1:104778967]><> selected menu item 7
L 06/16/2018 - 22:16:53: [umc-core.smx] Hungamer181<16><[U:1:269573544]><> selected menu item 8
L 06/16/2018 - 22:16:53: [umc-core.smx] kaydawg<39><[U:1:96533371]><> selected menu item 5
L 06/16/2018 - 22:16:54: [umc-core.smx] Rhymes<27><[U:1:2866908]><> selected menu item 7
L 06/16/2018 - 22:16:54: [umc-core.smx] Grave<29><[U:1:34977414]><> selected menu item 7
L 06/16/2018 - 22:16:54: [umc-core.smx] draklin<31><[U:1:850151960]><> selected menu item 3
L 06/16/2018 - 22:16:55: [umc-core.smx] Ghadon Aku Spiritus<35><[U:1:182834004]><> selected menu item 3
L 06/16/2018 - 22:16:55: [umc-core.smx] VV<9><[U:1:5870260]><> selected menu item 3
L 06/16/2018 - 22:16:56: [umc-core.smx] CrazyMRANZ<25><[U:1:42657167]><> selected menu item 5
L 06/16/2018 - 22:16:59: [umc-core.smx] c-137 Medicine<28><[U:1:33445435]><> selected menu item 3
L 06/16/2018 - 22:17:05: [umc-core.smx] Andy7470<23><[U:1:157660343]><> selected menu item 1
L 06/16/2018 - 22:17:06: [umc-core.smx] JK<14><[U:1:17292082]><> selected menu item 6
L 06/16/2018 - 22:17:14: [umc-core.smx] Mikleo<12><[U:1:376259319]><> selected menu item 5
L 06/16/2018 - 22:17:14: [umc-core.smx] RUNOFF MENU: (Verbose) Building runoff vote menu.
L 06/16/2018 - 22:17:14: [umc-core.smx] RUNOFF MENU: (Verbose) 'emp_coast' was removed from the vote. It had 1 votes (4 of total)
L 06/16/2018 - 22:17:14: [umc-core.smx] RUNOFF MENU: (Verbose) 'emp_mesa' was removed from the vote. It had 1 votes (4 of total)
L 06/16/2018 - 22:17:14: [umc-core.smx] RUNOFF MENU: (Verbose) 'con_atomic' was removed from the vote. It had 2 votes (9 of total)
L 06/16/2018 - 22:17:14: [umc-core.smx] RUNOFF MENU: (Verbose) 'emp_midbridge' was removed from the vote. It had 4 votes (19 of total)
L 06/16/2018 - 22:17:14: [umc-core.smx] RUNOFF MENU: (Verbose) Stopped removing options from the vote. Maximum possible winning vote percentage is 71%
L 06/16/2018 - 22:17:14: [umc-core.smx] Vote has concluded.
L 06/16/2018 - 22:17:23: [umc-core.smx] RUNOFF: Starting runoff vote.
L 06/16/2018 - 22:17:23: [umc-core.smx] Initiating Vote Type: Map
L 06/16/2018 - 22:17:23: [umc-core.smx] Adding Clients to Vote:
L 06/16/2018 - 22:17:23: [umc-core.smx] 0: Mr. X. (2)
L 06/16/2018 - 22:17:23: [umc-core.smx] 1: Justkidding (FutureFunk) (3)
L 06/16/2018 - 22:17:23: [umc-core.smx] 2: Hyperbolic Hubris (4)
L 06/16/2018 - 22:17:23: [umc-core.smx] 3: ScardyBob (5)
L 06/16/2018 - 22:17:23: [umc-core.smx] 4: X Acolyte 我爱你 (6)
L 06/16/2018 - 22:17:23: [umc-core.smx] 5: Nowaf8037 (7)
L 06/16/2018 - 22:17:23: [umc-core.smx] 6: VV (8)
L 06/16/2018 - 22:17:23: [umc-core.smx] 7: PYA (9)
L 06/16/2018 - 22:17:23: [umc-core.smx] 8: Oktay (10)
L 06/16/2018 - 22:17:23: [umc-core.smx] 9: Mikleo (11)
L 06/16/2018 - 22:17:23: [umc-core.smx] 10: YouzY (12)
L 06/16/2018 - 22:17:23: [umc-core.smx] 11: JK (13)
L 06/16/2018 - 22:17:23: [umc-core.smx] 12: =F= MrBlueSky (14)
L 06/16/2018 - 22:17:23: [umc-core.smx] 13: Hungamer181 (15)
L 06/16/2018 - 22:17:23: [umc-core.smx] 14: Skalk (16)
L 06/16/2018 - 22:17:23: [umc-core.smx] 15: khan (17)
L 06/16/2018 - 22:17:23: [umc-core.smx] 16: Quigon (18)
L 06/16/2018 - 22:17:23: [umc-core.smx] 17: Trainzack (19)
L 06/16/2018 - 22:17:23: [umc-core.smx] 18: Spyer (20)
L 06/16/2018 - 22:17:23: [umc-core.smx] 19: Ozi (21)
L 06/16/2018 - 22:17:23: [umc-core.smx] 20: Andy7470 (22)
L 06/16/2018 - 22:17:23: [umc-core.smx] 21: .|Ϟ|. Catface (No Sound) (23)
L 06/16/2018 - 22:17:23: [umc-core.smx] 22: CrazyMRANZ (24)
L 06/16/2018 - 22:17:23: [umc-core.smx] 23: JustGoFly (25)
L 06/16/2018 - 22:17:23: [umc-core.smx] 24: Rhymes (26)
L 06/16/2018 - 22:17:23: [umc-core.smx] 25: c-137 Medicine (27)
L 06/16/2018 - 22:17:23: [umc-core.smx] 26: Grave (28)
L 06/16/2018 - 22:17:23: [umc-core.smx] 27: draklin (29)
L 06/16/2018 - 22:17:23: [umc-core.smx] 28: Uninspired (30)
L 06/16/2018 - 22:17:23: [umc-core.smx] 29: Ghadon Aku Spiritus (32)
L 06/16/2018 - 22:17:23: [umc-core.smx] 30: =[KXIC]= TBB [TwinSaN=)iTy] (33)
L 06/16/2018 - 22:17:23: [umc-core.smx] 31: I'm not gay but gaben is gaben (34)
L 06/16/2018 - 22:17:23: [umc-core.smx] 32: kaydawg (35)
L 06/16/2018 - 22:17:23: [umc-core.smx] 33: Misfire! (36)
L 06/16/2018 - 22:17:23: [umc-core.smx] 34: ‡|JPL|‡ [o_O] WTFace (37)
L 06/16/2018 - 22:17:23: [umc-core.smx] 35: Lerk (38)
L 06/16/2018 - 22:17:23: [umc-core.smx] 36: Delta 62 (39)
L 06/16/2018 - 22:17:23: [umc-core.smx] VOTE MENU:
L 06/16/2018 - 22:17:23: [umc-core.smx] 2: emp_insurrection (6)
L 06/16/2018 - 22:17:23: [umc-core.smx] 3: emp_duststorm (2)
L 06/16/2018 - 22:17:24: [umc-core.smx] Oktay<11><[U:1:116496292]><> selected menu item 1
L 06/16/2018 - 22:17:24: [umc-core.smx] Grave<29><[U:1:34977414]><> selected menu item 1
L 06/16/2018 - 22:17:24: [umc-core.smx] .|Ϟ|. Catface (No Sound)<33><[U:1:41745247]><> selected menu item 1
L 06/16/2018 - 22:17:25: [umc-core.smx] ScardyBob<6><[U:1:21571057]><> selected menu item 1
L 06/16/2018 - 22:17:25: [umc-core.smx] kaydawg<39><[U:1:96533371]><> selected menu item 1
L 06/16/2018 - 22:17:25: [umc-core.smx] Trainzack<20><[U:1:49213605]><> selected menu item 1
L 06/16/2018 - 22:17:25: [umc-core.smx] Ghadon Aku Spiritus<35><[U:1:182834004]><> selected menu item 2
L 06/16/2018 - 22:17:25: [umc-core.smx] Misfire!<40><[U:1:146071390]><> selected menu item 2
L 06/16/2018 - 22:17:25: [umc-core.smx] CrazyMRANZ<25><[U:1:42657167]><> selected menu item 1
L 06/16/2018 - 22:17:26: [umc-core.smx] Quigon<19><[U:1:5653485]><> selected menu item 1
L 06/16/2018 - 22:17:26: [umc-core.smx] Mikleo<12><[U:1:376259319]><> selected menu item 1
L 06/16/2018 - 22:17:26: [umc-core.smx] Rhymes<27><[U:1:2866908]><> selected menu item 1
L 06/16/2018 - 22:17:26: [umc-core.smx] JK<14><[U:1:17292082]><> selected menu item 2
L 06/16/2018 - 22:17:27: [umc-core.smx] I'm not gay but gaben is gaben<38><[U:1:105600191]><> selected menu item 2
L 06/16/2018 - 22:17:28: [umc-core.smx] JustGoFly<26><[U:1:44099803]><> selected menu item 1
L 06/16/2018 - 22:17:28: [umc-core.smx] VV<9><[U:1:5870260]><> selected menu item 1
L 06/16/2018 - 22:17:29: [umc-core.smx] c-137 Medicine<28><[U:1:33445435]><> selected menu item 1
L 06/16/2018 - 22:17:29: [umc-core.smx] PYA<10><[U:1:35045005]><> selected menu item 1
L 06/16/2018 - 22:17:30: [umc-core.smx] Lerk<42><[U:1:52053844]><> selected menu item 2
L 06/16/2018 - 22:17:32: [umc-core.smx] khan<18><[U:1:65957845]><> selected menu item 1
L 06/16/2018 - 22:17:33: [umc-core.smx] draklin<31><[U:1:850151960]><> selected menu item 2
L 06/16/2018 - 22:17:34: [umc-core.smx] Mr. X.<3><[U:1:27106968]><> selected menu item 1
L 06/16/2018 - 22:17:37: [umc-core.smx] Uninspired<32><[U:1:29103880]><> selected menu item 1
L 06/16/2018 - 22:17:41: [umc-core.smx] =[KXIC]= TBB [TwinSaN=)iTy]<37><[U:1:104778967]><> selected menu item 1
L 06/16/2018 - 22:17:50: [umc-core.smx] Andy7470<23><[U:1:157660343]><> selected menu item 2
L 06/16/2018 - 22:17:53: [umc-core.smx] Setting nextmap to: emp_insurrection_rc4
L 06/16/2018 - 22:17:53: [umc-randomcycle.smx] Disabling random nextmap selection.
L 06/16/2018 - 22:17:53: [umc-core.smx] umc-emp-mapvote.smx: Changing map to 'emp_insurrection_rc4' in 5 seconds.
L 06/16/2018 - 22:17:53: [umc-core.smx] MAPVOTE: Players voted for map 'emp_insurrection_rc4' from group 'Commander Maps'
L 06/16/2018 - 22:17:53: [umc-core.smx] Vote has concluded.
L 06/16/2018 - 22:18:01: [umc-core.smx] ---------------------MAP CHANGE: emp_insurrection_rc4---------------------
L 06/16/2018 - 22:18:01: [umc-endvote-warnings.smx] Successfully parsed and set up 11 vote warnings.
L 06/16/2018 - 22:18:01: [umc-rockthevote.smx] RTV will be made available in 60 seconds.
L 06/16/2018 - 22:19:02: [umc-rockthevote.smx] RTV is now available.
L 06/16/2018 - 22:24:13: [umc-nominate.smx] Oktay wants to nominate a map.
L 06/16/2018 - 22:24:17: [umc-nominate.smx] Oktay has nominated 'emp_midbridge_hce' from group 'Commander Maps'
L 06/16/2018 - 22:40:55: [umc-nominate.smx] Oktay wants to nominate a map.
L 06/16/2018 - 22:40:58: [umc-nominate.smx] Oktay has nominated 'emp_king_r5_nosplt' from group 'Commander Maps'
L 06/16/2018 - 22:45:21: [umc-emp-mapvote.smx] Map vote will appear in 30 seconds.
L 06/16/2018 - 22:45:39: [umc-nominate.smx] Uninspired wants to nominate a map.
L 06/16/2018 - 22:45:45: [umc-nominate.smx] Uninspired has nominated 'emp_tropicvendetta_rc4' from group 'Commander Maps'
L 06/16/2018 - 22:45:51: [umc-emp-mapvote.smx] Starting a map vote.
L 06/16/2018 - 22:45:51: [umc-core.smx] VOTE MENU: (Verbose) Fetching 7 maps from group 'Commander Maps'
L 06/16/2018 - 22:45:51: [umc-core.smx] VOTE MENU: (Verbose) Nominated map 'emp_king_r5_nosplt' from group 'Commander Maps' was added to the vote.
L 06/16/2018 - 22:45:51: [umc-core.smx] VOTE MENU: (Verbose) Nominated map 'emp_tropicvendetta_rc4' from group 'Commander Maps' was added to the vote.
L 06/16/2018 - 22:45:51: [umc-core.smx] VOTE MENU: (Verbose) Finished parsing nominations for map group 'Commander Maps'
L 06/16/2018 - 22:45:51: [umc-core.smx] VOTE MENU: (Verbose) Still need to fetch 5 maps from the group.
L 06/16/2018 - 22:45:51: [umc-core.smx] VOTE MENU: (Verbose) Selected map 'emp_fury_rc1' from group 'Commander Maps' was added to the vote.
L 06/16/2018 - 22:45:51: [umc-core.smx] VOTE MENU: (Verbose) Selected map 'emp_forest_ob_2013_hce' from group 'Commander Maps' was added to the vote.
L 06/16/2018 - 22:45:51: [umc-core.smx] VOTE MENU: (Verbose) Selected map 'emp_raiders_b1' from group 'Commander Maps' was added to the vote.
L 06/16/2018 - 22:45:51: [umc-core.smx] VOTE MENU: (Verbose) Selected map 'emp_midbridge_hce' from group 'Commander Maps' was added to the vote.
L 06/16/2018 - 22:45:51: [umc-core.smx] VOTE MENU: (Verbose) Selected map 'emp_coast' from group 'Commander Maps' was added to the vote.
L 06/16/2018 - 22:45:51: [umc-core.smx] VOTE MENU: (Verbose) Fetching 1 maps from group 'Infantry Maps'
L 06/16/2018 - 22:45:51: [umc-core.smx] VOTE MENU: (Verbose) Finished parsing nominations for map group 'Infantry Maps'
L 06/16/2018 - 22:45:51: [umc-core.smx] VOTE MENU: (Verbose) Still need to fetch 1 maps from the group.
L 06/16/2018 - 22:45:51: [umc-core.smx] VOTE MENU: (Verbose) Selected map 'con_atomic_rc6_fix' from group 'Infantry Maps' was added to the vote.
L 06/16/2018 - 22:45:51: [umc-core.smx] VOTE MENU: (Verbose) Fetching 0 maps from group 'Cooldown Maps'
L 06/16/2018 - 22:45:51: [umc-core.smx] VOTE MENU: (Verbose) Finished parsing nominations for map group 'Cooldown Maps'
L 06/16/2018 - 22:45:51: [umc-core.smx] Initiating Vote Type: Map
L 06/16/2018 - 22:45:51: [umc-core.smx] Adding Clients to Vote:
L 06/16/2018 - 22:45:51: [umc-core.smx] 0: Mr. X. (2)
L 06/16/2018 - 22:45:51: [umc-core.smx] 1: Justkidding (FutureFunk) (3)
L 06/16/2018 - 22:45:51: [umc-core.smx] 2: Hyperbolic Hubris (4)
L 06/16/2018 - 22:45:51: [umc-core.smx] 3: ScardyBob (5)
L 06/16/2018 - 22:45:51: [umc-core.smx] 4: X Acolyte 我爱你 (6)
L 06/16/2018 - 22:45:51: [umc-core.smx] 5: Nowaf8037 (7)
L 06/16/2018 - 22:45:51: [umc-core.smx] 6: VV (8)
L 06/16/2018 - 22:45:51: [umc-core.smx] 7: PYA (9)
L 06/16/2018 - 22:45:51: [umc-core.smx] 8: Oktay (10)
L 06/16/2018 - 22:45:51: [umc-core.smx] 9: Mikleo (11)
L 06/16/2018 - 22:45:51: [umc-core.smx] 10: YouzY (12)
L 06/16/2018 - 22:45:51: [umc-core.smx] 11: CrazyMRANZ (13)
L 06/16/2018 - 22:45:51: [umc-core.smx] 12: =F= MrBlueSky (14)
L 06/16/2018 - 22:45:51: [umc-core.smx] 13: Skalk (16)
L 06/16/2018 - 22:45:51: [umc-core.smx] 14: khan (17)
L 06/16/2018 - 22:45:51: [umc-core.smx] 15: Quigon (18)
L 06/16/2018 - 22:45:51: [umc-core.smx] 16: Trainzack (19)
L 06/16/2018 - 22:45:51: [umc-core.smx] 17: Spyer (20)
L 06/16/2018 - 22:45:51: [umc-core.smx] 18: Ozi (21)
L 06/16/2018 - 22:45:51: [umc-core.smx] 19: Andy7470 (22)
L 06/16/2018 - 22:45:51: [umc-core.smx] 20: .|Ϟ|. Wololo (No Sound) (23)
L 06/16/2018 - 22:45:51: [umc-core.smx] 21: Trickster (24)
L 06/16/2018 - 22:45:51: [umc-core.smx] 22: JustGoFly (25)
L 06/16/2018 - 22:45:51: [umc-core.smx] 23: Rhymes (26)
L 06/16/2018 - 22:45:51: [umc-core.smx] 24: Grave (28)
L 06/16/2018 - 22:45:51: [umc-core.smx] 25: draklin (29)
L 06/16/2018 - 22:45:51: [umc-core.smx] 26: Uninspired (30)
L 06/16/2018 - 22:45:51: [umc-core.smx] 27: Lanskii (31)
L 06/16/2018 - 22:45:51: [umc-core.smx] 28: Blizzy (32)
L 06/16/2018 - 22:45:51: [umc-core.smx] 29: =[KXIC]= TBB [TwinSaN=)iTy (33)
L 06/16/2018 - 22:45:51: [umc-core.smx] 30: kaydawg (35)
L 06/16/2018 - 22:45:51: [umc-core.smx] 31: Misfire! (36)
L 06/16/2018 - 22:45:51: [umc-core.smx] 32: ‡|JPL|‡ [o_O] WTFace (37)
L 06/16/2018 - 22:45:51: [umc-core.smx] 33: Lerk (38)
L 06/16/2018 - 22:45:51: [umc-core.smx] 34: Delta 62 (39)
L 06/16/2018 - 22:45:51: [umc-core.smx] 35: JK (40)
L 06/16/2018 - 22:45:51: [umc-core.smx] 36: raidurrr (41)
L 06/16/2018 - 22:45:51: [umc-core.smx] 37: Zeke 🐙 (42)
L 06/16/2018 - 22:45:51: [umc-core.smx] 38: -NOZOMI- Ryan (43)
L 06/16/2018 - 22:45:51: [umc-core.smx] 39: gunguy (44)
L 06/16/2018 - 22:45:51: [umc-core.smx] 40: Corsair831 (45)
L 06/16/2018 - 22:45:51: [umc-core.smx] 41: Brentor (46)
L 06/16/2018 - 22:45:51: [umc-core.smx] VOTE MENU:
L 06/16/2018 - 22:45:51: [umc-core.smx] 2: emp_tropicvendetta (0)
L 06/16/2018 - 22:45:51: [umc-core.smx] 3: emp_raiders (1)
L 06/16/2018 - 22:45:51: [umc-core.smx] 4: emp_midbridge (2)
L 06/16/2018 - 22:45:51: [umc-core.smx] 5: emp_fury (3)
L 06/16/2018 - 22:45:51: [umc-core.smx] 6: emp_king (4)
L 06/16/2018 - 22:45:51: [umc-core.smx] 7: con_atomic (5)
L 06/16/2018 - 22:45:51: [umc-core.smx] 8: emp_coast (6)
L 06/16/2018 - 22:45:51: [umc-core.smx] 9: emp_forest (7)
L 06/16/2018 - 22:45:54: [umc-core.smx] Oktay<11><[U:1:116496292]><> selected menu item 5
L 06/16/2018 - 22:45:54: [umc-core.smx] .|Ϟ|. Wololo (No Sound)<33><[U:1:41745247]><> selected menu item 5
L 06/16/2018 - 22:45:54: [umc-core.smx] Mr. X.<3><[U:1:27106968]><> selected menu item 5
L 06/16/2018 - 22:45:54: [umc-core.smx] JustGoFly<26><[U:1:44099803]><> selected menu item 8
L 06/16/2018 - 22:45:54: [umc-core.smx] Mikleo<12><[U:1:376259319]><> selected menu item 3
L 06/16/2018 - 22:45:55: [umc-core.smx] Ozi<22><[U:1:24496363]><> selected menu item 1
L 06/16/2018 - 22:45:55: [umc-core.smx] VV<9><[U:1:5870260]><> selected menu item 1
L 06/16/2018 - 22:45:55: [umc-core.smx] -NOZOMI- Ryan<51><[U:1:25012379]><> selected menu item 7
L 06/16/2018 - 22:45:55: [umc-core.smx] ScardyBob<6><[U:1:21571057]><> selected menu item 5
L 06/16/2018 - 22:45:56: [umc-core.smx] Trainzack<20><[U:1:49213605]><> selected menu item 5
L 06/16/2018 - 22:45:56: [umc-core.smx] Justkidding (FutureFunk)<4><[U:1:2788022]><> selected menu item 5
L 06/16/2018 - 22:45:56: [umc-core.smx] Spyer<21><[U:1:34143605]><> selected menu item 5
L 06/16/2018 - 22:45:57: [umc-core.smx] Quigon<19><[U:1:5653485]><> selected menu item 3
L 06/16/2018 - 22:45:58: [umc-core.smx] X Acolyte 我爱你<30><[U:1:51019709]><> selected menu item 4
L 06/16/2018 - 22:45:59: [umc-core.smx] Misfire!<40><[U:1:146071390]><> selected menu item 5
L 06/16/2018 - 22:45:59: [umc-core.smx] khan<18><[U:1:65957845]><> selected menu item 3
L 06/16/2018 - 22:46:00: [umc-core.smx] Grave<29><[U:1:34977414]><> selected menu item 3
L 06/16/2018 - 22:46:00: [umc-core.smx] Lerk<42><[U:1:52053844]><> selected menu item 5
L 06/16/2018 - 22:46:00: [umc-core.smx] PYA<10><[U:1:35045005]><> selected menu item 5
L 06/16/2018 - 22:46:01: [umc-core.smx] CrazyMRANZ<44><[U:1:42657167]><> selected menu item 5
L 06/16/2018 - 22:46:01: [umc-core.smx] draklin<31><[U:1:850151960]><> selected menu item 3
L 06/16/2018 - 22:46:01: [umc-core.smx] Trickster<46><[U:1:10827203]><> selected menu item 5
L 06/16/2018 - 22:46:02: [umc-core.smx] kaydawg<39><[U:1:96533371]><> selected menu item 7
L 06/16/2018 - 22:46:02: [umc-core.smx] Zeke 🐙<50><[U:1:5043031]><> selected menu item 1
L 06/16/2018 - 22:46:04: [umc-core.smx] Uninspired<32><[U:1:29103880]><> selected menu item 5
L 06/16/2018 - 22:46:08: [umc-core.smx] Delta 62<43><[U:1:39718778]><> selected menu item 5
L 06/16/2018 - 22:46:08: [umc-core.smx] =F= MrBlueSky<15><[U:1:7486994]><> selected menu item 5
L 06/16/2018 - 22:46:09: [umc-core.smx] JK<48><[U:1:17292082]><> selected menu item 8
L 06/16/2018 - 22:46:11: [umc-core.smx] Nowaf8037<55><[U:1:309341142]><> selected menu item 8
L 06/16/2018 - 22:46:11: [umc-core.smx] Rhymes<27><[U:1:2866908]><> selected menu item 8
L 06/16/2018 - 22:46:22: [umc-core.smx] RUNOFF MENU: (Verbose) Building runoff vote menu.
L 06/16/2018 - 22:46:22: [umc-core.smx] RUNOFF MENU: (Verbose) 'emp_fury' was removed from the vote. It had 1 votes (3 of total)
L 06/16/2018 - 22:46:22: [umc-core.smx] RUNOFF MENU: (Verbose) 'emp_coast' was removed from the vote. It had 2 votes (6 of total)
L 06/16/2018 - 22:46:22: [umc-core.smx] RUNOFF MENU: (Verbose) 'emp_tropicvendetta' was removed from the vote. It had 3 votes (10 of total)
L 06/16/2018 - 22:46:22: [umc-core.smx] RUNOFF MENU: (Verbose) 'emp_forest' was removed from the vote. It had 4 votes (13 of total)
L 06/16/2018 - 22:46:22: [umc-core.smx] RUNOFF MENU: (Verbose) Stopped removing options from the vote. Maximum possible winning vote percentage is 83%
L 06/16/2018 - 22:46:22: [umc-core.smx] Vote has concluded.
L 06/16/2018 - 22:46:30: [umc-core.smx] RUNOFF: Starting runoff vote.
L 06/16/2018 - 22:46:30: [umc-core.smx] Initiating Vote Type: Map
L 06/16/2018 - 22:46:30: [umc-core.smx] Adding Clients to Vote:
L 06/16/2018 - 22:46:30: [umc-core.smx] 0: Mr. X. (2)
L 06/16/2018 - 22:46:30: [umc-core.smx] 1: Justkidding (FutureFunk) (3)
L 06/16/2018 - 22:46:30: [umc-core.smx] 2: Hyperbolic Hubris (4)
L 06/16/2018 - 22:46:30: [umc-core.smx] 3: ScardyBob (5)
L 06/16/2018 - 22:46:30: [umc-core.smx] 4: X Acolyte 我爱你 (6)
L 06/16/2018 - 22:46:30: [umc-core.smx] 5: Nowaf8037 (7)
L 06/16/2018 - 22:46:30: [umc-core.smx] 6: VV (8)
L 06/16/2018 - 22:46:30: [umc-core.smx] 7: PYA (9)
L 06/16/2018 - 22:46:30: [umc-core.smx] 8: Oktay (10)
L 06/16/2018 - 22:46:30: [umc-core.smx] 9: Mikleo (11)
L 06/16/2018 - 22:46:30: [umc-core.smx] 10: YouzY (12)
L 06/16/2018 - 22:46:30: [umc-core.smx] 11: CrazyMRANZ (13)
L 06/16/2018 - 22:46:30: [umc-core.smx] 12: =F= MrBlueSky (14)
L 06/16/2018 - 22:46:30: [umc-core.smx] 13: Skalk (16)
L 06/16/2018 - 22:46:30: [umc-core.smx] 14: khan (17)
L 06/16/2018 - 22:46:30: [umc-core.smx] 15: Quigon (18)
L 06/16/2018 - 22:46:30: [umc-core.smx] 16: Trainzack (19)
L 06/16/2018 - 22:46:30: [umc-core.smx] 17: Spyer (20)
L 06/16/2018 - 22:46:30: [umc-core.smx] 18: Ozi (21)
L 06/16/2018 - 22:46:30: [umc-core.smx] 19: Andy7470 (22)
L 06/16/2018 - 22:46:30: [umc-core.smx] 20: .|Ϟ|. Wololo (No Sound) (23)
L 06/16/2018 - 22:46:30: [umc-core.smx] 21: Trickster (24)
L 06/16/2018 - 22:46:30: [umc-core.smx] 22: JustGoFly (25)
L 06/16/2018 - 22:46:30: [umc-core.smx] 23: Rhymes (26)
L 06/16/2018 - 22:46:30: [umc-core.smx] 24: Grave (28)
L 06/16/2018 - 22:46:30: [umc-core.smx] 25: draklin (29)
L 06/16/2018 - 22:46:30: [umc-core.smx] 26: Uninspired (30)
L 06/16/2018 - 22:46:30: [umc-core.smx] 27: Lanskii (31)
L 06/16/2018 - 22:46:30: [umc-core.smx] 28: Blizzy (32)
L 06/16/2018 - 22:46:30: [umc-core.smx] 29: =[KXIC]= TBB [TwinSaN=)iTy (33)
L 06/16/2018 - 22:46:30: [umc-core.smx] 30: kaydawg (35)
L 06/16/2018 - 22:46:30: [umc-core.smx] 31: Misfire! (36)
L 06/16/2018 - 22:46:30: [umc-core.smx] 32: ‡|JPL|‡ [o_O] WTFace (37)
L 06/16/2018 - 22:46:30: [umc-core.smx] 33: Lerk (38)
L 06/16/2018 - 22:46:30: [umc-core.smx] 34: Delta 62 (39)
L 06/16/2018 - 22:46:30: [umc-core.smx] 35: JK (40)
L 06/16/2018 - 22:46:30: [umc-core.smx] 36: raidurrr (41)
L 06/16/2018 - 22:46:30: [umc-core.smx] 37: Zeke 🐙 (42)
L 06/16/2018 - 22:46:30: [umc-core.smx] 38: -NOZOMI- Ryan (43)
L 06/16/2018 - 22:46:30: [umc-core.smx] 39: gunguy (44)
L 06/16/2018 - 22:46:30: [umc-core.smx] 40: Corsair831 (45)
L 06/16/2018 - 22:46:30: [umc-core.smx] 41: Brentor (46)
L 06/16/2018 - 22:46:30: [umc-core.smx] VOTE MENU:
L 06/16/2018 - 22:46:30: [umc-core.smx] 2: emp_king (4)
L 06/16/2018 - 22:46:30: [umc-core.smx] 3: emp_midbridge (2)
L 06/16/2018 - 22:46:31: [umc-core.smx] .|Ϟ|. Wololo (No Sound)<33><[U:1:41745247]><> selected menu item 1
L 06/16/2018 - 22:46:32: [umc-core.smx] X Acolyte 我爱你<30><[U:1:51019709]><> selected menu item 1
L 06/16/2018 - 22:46:32: [umc-core.smx] kaydawg<39><[U:1:96533371]><> selected menu item 2
L 06/16/2018 - 22:46:32: [umc-core.smx] Oktay<11><[U:1:116496292]><> selected menu item 1
L 06/16/2018 - 22:46:32: [umc-core.smx] khan<18><[U:1:65957845]><> selected menu item 2
L 06/16/2018 - 22:46:32: [umc-core.smx] Zeke 🐙<50><[U:1:5043031]><> selected menu item 1
L 06/16/2018 - 22:46:32: [umc-core.smx] CrazyMRANZ<44><[U:1:42657167]><> selected menu item 1
L 06/16/2018 - 22:46:32: [umc-core.smx] Justkidding (FutureFunk)<4><[U:1:2788022]><> selected menu item 1
L 06/16/2018 - 22:46:32: [umc-core.smx] Trainzack<20><[U:1:49213605]><> selected menu item 1
L 06/16/2018 - 22:46:32: [umc-core.smx] Uninspired<32><[U:1:29103880]><> selected menu item 1
L 06/16/2018 - 22:46:33: [umc-core.smx] VV<9><[U:1:5870260]><> selected menu item 2
L 06/16/2018 - 22:46:33: [umc-core.smx] Mikleo<12><[U:1:376259319]><> selected menu item 2
L 06/16/2018 - 22:46:33: [umc-core.smx] Ozi<22><[U:1:24496363]><> selected menu item 2
L 06/16/2018 - 22:46:34: [umc-core.smx] Spyer<21><[U:1:34143605]><> selected menu item 1
L 06/16/2018 - 22:46:34: [umc-core.smx] Lerk<42><[U:1:52053844]><> selected menu item 1
L 06/16/2018 - 22:46:35: [umc-core.smx] Mr. X.<3><[U:1:27106968]><> selected menu item 1
L 06/16/2018 - 22:46:35: [umc-core.smx] -NOZOMI- Ryan<51><[U:1:25012379]><> selected menu item 1
L 06/16/2018 - 22:46:36: [umc-core.smx] =[KXIC]= TBB [TwinSaN=)iTy<37><[U:1:104778967]><> selected menu item 1
L 06/16/2018 - 22:46:37: [umc-core.smx] draklin<31><[U:1:850151960]><> selected menu item 2
L 06/16/2018 - 22:46:38: [umc-core.smx] Nowaf8037<55><[U:1:309341142]><> selected menu item 2
L 06/16/2018 - 22:46:43: [umc-core.smx] raidurrr<49><[U:1:50823944]><> selected menu item 1
L 06/16/2018 - 22:46:43: [umc-core.smx] ScardyBob<6><[U:1:21571057]><> selected menu item 1
L 06/16/2018 - 22:46:43: [umc-core.smx] =F= MrBlueSky<15><[U:1:7486994]><> selected menu item 1
L 06/16/2018 - 22:46:45: [umc-core.smx] Rhymes<27><[U:1:2866908]><> selected menu item 2
L 06/16/2018 - 22:46:45: [umc-core.smx] Trickster<46><[U:1:10827203]><> selected menu item 1
L 06/16/2018 - 22:46:47: [umc-core.smx] Grave<29><[U:1:34977414]><> selected menu item 2
L 06/16/2018 - 22:46:52: [umc-core.smx] Andy7470<23><[U:1:157660343]><> selected menu item 1
L 06/16/2018 - 22:46:55: [umc-core.smx] PYA<10><[U:1:35045005]><> selected menu item 1
L 06/16/2018 - 22:47:00: [umc-core.smx] Blizzy<56><[U:1:1664337]><> selected menu item 2
L 06/16/2018 - 22:47:00: [umc-core.smx] Setting nextmap to: emp_king_r5_nosplt
L 06/16/2018 - 22:47:00: [umc-randomcycle.smx] Disabling random nextmap selection.
L 06/16/2018 - 22:47:00: [umc-core.smx] umc-emp-mapvote.smx: Changing map to 'emp_king_r5_nosplt' in 5 seconds.
L 06/16/2018 - 22:47:00: [umc-core.smx] MAPVOTE: Players voted for map 'emp_king_r5_nosplt' from group 'Commander Maps'
L 06/16/2018 - 22:47:00: [umc-core.smx] Vote has concluded.
L 06/16/2018 - 22:47:15: [umc-core.smx] ---------------------MAP CHANGE: emp_king_r5_nosplt---------------------
L 06/16/2018 - 22:47:15: [umc-endvote-warnings.smx] Successfully parsed and set up 11 vote warnings.
L 06/16/2018 - 22:47:15: [umc-rockthevote.smx] RTV will be made available in 60 seconds.
L 06/16/2018 - 22:48:16: [umc-rockthevote.smx] RTV is now available.
L 06/16/2018 - 23:00:06: [umc-emp-mapvote.smx] Map vote will appear in 30 seconds.
L 06/16/2018 - 23:00:36: [umc-emp-mapvote.smx] Starting a map vote.
L 06/16/2018 - 23:00:36: [umc-core.smx] VOTE MENU: (Verbose) Fetching 7 maps from group 'Commander Maps'
L 06/16/2018 - 23:00:36: [umc-core.smx] VOTE MENU: (Verbose) Finished parsing nominations for map group 'Commander Maps'
L 06/16/2018 - 23:00:36: [umc-core.smx] VOTE MENU: (Verbose) Still need to fetch 7 maps from the group.
L 06/16/2018 - 23:00:36: [umc-core.smx] VOTE MENU: (Verbose) Selected map 'emp_chain' from group 'Commander Maps' was added to the vote.
L 06/16/2018 - 23:00:36: [umc-core.smx] VOTE MENU: (Verbose) Selected map 'emp_arid_hce' from group 'Commander Maps' was added to the vote.
L 06/16/2018 - 23:00:36: [umc-core.smx] VOTE MENU: (Verbose) Selected map 'emp_smokies_rc2_hce' from group 'Commander Maps' was added to the vote.
L 06/16/2018 - 23:00:36: [umc-core.smx] VOTE MENU: (Verbose) Selected map 'emp_mvalley_fix' from group 'Commander Maps' was added to the vote.
L 06/16/2018 - 23:00:36: [umc-core.smx] VOTE MENU: (Verbose) Selected map 'emp_coast' from group 'Commander Maps' was added to the vote.
L 06/16/2018 - 23:00:36: [umc-core.smx] VOTE MENU: (Verbose) Selected map 'emp_fury_rc1' from group 'Commander Maps' was added to the vote.
L 06/16/2018 - 23:00:36: [umc-core.smx] VOTE MENU: (Verbose) Selected map 'emp_dune_ob1' from group 'Commander Maps' was added to the vote.
L 06/16/2018 - 23:00:36: [umc-core.smx] VOTE MENU: (Verbose) Fetching 1 maps from group 'Infantry Maps'
L 06/16/2018 - 23:00:36: [umc-core.smx] VOTE MENU: (Verbose) Finished parsing nominations for map group 'Infantry Maps'
L 06/16/2018 - 23:00:36: [umc-core.smx] VOTE MENU: (Verbose) Still need to fetch 1 maps from the group.
L 06/16/2018 - 23:00:36: [umc-core.smx] VOTE MENU: (Verbose) Selected map 'con_atomic_rc6_fix' from group 'Infantry Maps' was added to the vote.
L 06/16/2018 - 23:00:36: [umc-core.smx] VOTE MENU: (Verbose) Fetching 0 maps from group 'Cooldown Maps'
L 06/16/2018 - 23:00:36: [umc-core.smx] VOTE MENU: (Verbose) Finished parsing nominations for map group 'Cooldown Maps'
L 06/16/2018 - 23:00:36: [umc-core.smx] Initiating Vote Type: Map
L 06/16/2018 - 23:00:36: [umc-core.smx] Adding Clients to Vote:
L 06/16/2018 - 23:00:36: [umc-core.smx] 0: Mr. X. (2)
L 06/16/2018 - 23:00:36: [umc-core.smx] 1: Justkidding (FutureFunk) (3)
L 06/16/2018 - 23:00:36: [umc-core.smx] 2: Brentor (4)
L 06/16/2018 - 23:00:36: [umc-core.smx] 3: ScardyBob (5)
L 06/16/2018 - 23:00:36: [umc-core.smx] 4: X Acolyte 我爱你 (6)
L 06/16/2018 - 23:00:36: [umc-core.smx] 5: Nowaf8037 (7)
L 06/16/2018 - 23:00:36: [umc-core.smx] 6: VV (8)
L 06/16/2018 - 23:00:36: [umc-core.smx] 7: PYA (9)
L 06/16/2018 - 23:00:36: [umc-core.smx] 8: Oktay (10)
L 06/16/2018 - 23:00:36: [umc-core.smx] 9: Mikleo (11)
L 06/16/2018 - 23:00:36: [umc-core.smx] 10: YouzY (12)
L 06/16/2018 - 23:00:36: [umc-core.smx] 11: CrazyMRANZ (13)
L 06/16/2018 - 23:00:36: [umc-core.smx] 12: =F= MrBlueSky (14)
L 06/16/2018 - 23:00:36: [umc-core.smx] 13: -NOZOMI- Ryan (15)
L 06/16/2018 - 23:00:36: [umc-core.smx] 14: Skalk (16)
L 06/16/2018 - 23:00:36: [umc-core.smx] 15: khan (17)
L 06/16/2018 - 23:00:36: [umc-core.smx] 16: Quigon (18)
L 06/16/2018 - 23:00:36: [umc-core.smx] 17: Trainzack (19)
L 06/16/2018 - 23:00:36: [umc-core.smx] 18: Spyer (20)
L 06/16/2018 - 23:00:36: [umc-core.smx] 19: Ozi (21)
L 06/16/2018 - 23:00:36: [umc-core.smx] 20: .|Ϟ|. Catface (No Sound) (23)
L 06/16/2018 - 23:00:36: [umc-core.smx] 21: Trickster (24)
L 06/16/2018 - 23:00:36: [umc-core.smx] 22: JustGoFly (25)
L 06/16/2018 - 23:00:36: [umc-core.smx] 23: Rhymes (26)
L 06/16/2018 - 23:00:36: [umc-core.smx] 24: Tommyturbo32 (27)
L 06/16/2018 - 23:00:36: [umc-core.smx] 25: Grave (28)
L 06/16/2018 - 23:00:36: [umc-core.smx] 26: draklin (29)
L 06/16/2018 - 23:00:36: [umc-core.smx] 27: Uninspired (30)
L 06/16/2018 - 23:00:36: [umc-core.smx] 28: Lanskii (31)
L 06/16/2018 - 23:00:36: [umc-core.smx] 29: Blizzy (32)
L 06/16/2018 - 23:00:36: [umc-core.smx] 30: =[KXIC]= TBB [TwinSaN=)iTy (33)
L 06/16/2018 - 23:00:36: [umc-core.smx] 31: Delta 62 (34)
L 06/16/2018 - 23:00:36: [umc-core.smx] 32: kaydawg (35)
L 06/16/2018 - 23:00:36: [umc-core.smx] 33: Misfire! (36)
L 06/16/2018 - 23:00:36: [umc-core.smx] 34: ‡|JPL|‡ [o_O] WTFace (37)
L 06/16/2018 - 23:00:36: [umc-core.smx] 35: Lerk (38)
L 06/16/2018 - 23:00:36: [umc-core.smx] 36: Diggus Longus (39)
L 06/16/2018 - 23:00:36: [umc-core.smx] 37: JK (40)
L 06/16/2018 - 23:00:36: [umc-core.smx] 38: raidurrr (41)
L 06/16/2018 - 23:00:36: [umc-core.smx] 39: Zeke 🐙 (42)
L 06/16/2018 - 23:00:36: [umc-core.smx] 40: gunguy (44)
L 06/16/2018 - 23:00:36: [umc-core.smx] 41: Corsair831 (45)
L 06/16/2018 - 23:00:36: [umc-core.smx] VOTE MENU:
L 06/16/2018 - 23:00:36: [umc-core.smx] 2: emp_coast (0)
L 06/16/2018 - 23:00:36: [umc-core.smx] 3: emp_chain (1)
L 06/16/2018 - 23:00:36: [umc-core.smx] 4: emp_smokies (2)
L 06/16/2018 - 23:00:36: [umc-core.smx] 5: emp_dune (3)
L 06/16/2018 - 23:00:36: [umc-core.smx] 6: emp_fury (4)
L 06/16/2018 - 23:00:36: [umc-core.smx] 7: emp_arid (5)
L 06/16/2018 - 23:00:36: [umc-core.smx] 8: con_atomic (6)
L 06/16/2018 - 23:00:36: [umc-core.smx] 9: emp_mvalley (7)
L 06/16/2018 - 23:00:38: [umc-core.smx] Zeke 🐙<50><[U:1:5043031]><> selected menu item 8
L 06/16/2018 - 23:00:39: [umc-core.smx] Lerk<42><[U:1:52053844]><> selected menu item 4
L 06/16/2018 - 23:00:39: [umc-core.smx] Corsair831<57><[U:1:22424699]><> selected menu item 2
L 06/16/2018 - 23:00:40: [umc-core.smx] Trickster<46><[U:1:10827203]><> selected menu item 8
L 06/16/2018 - 23:00:40: [umc-core.smx] kaydawg<39><[U:1:96533371]><> selected menu item 8
L 06/16/2018 - 23:00:41: [umc-core.smx] ScardyBob<6><[U:1:21571057]><> selected menu item 5
L 06/16/2018 - 23:00:41: [umc-core.smx] .|Ϟ|. Catface (No Sound)<33><[U:1:41745247]><> selected menu item 2
L 06/16/2018 - 23:00:43: [umc-core.smx] Setting nextmap to: emp_chain
L 06/16/2018 - 23:00:43: [umc-randomcycle.smx] Disabling random nextmap selection.
L 06/16/2018 - 23:00:43: [umc-core.smx] umc-emp-mapvote.smx: Changing map to 'emp_chain' in 5 seconds.
L 06/16/2018 - 23:00:43: [umc-core.smx] MAPVOTE: Players voted for map 'emp_chain' from group 'Commander Maps'
L 06/16/2018 - 23:00:43: [umc-core.smx] Vote has concluded.
L 06/16/2018 - 23:00:44: [umc-core.smx] ---------------------MAP CHANGE: emp_king_r5_nosplt---------------------
L 06/16/2018 - 23:00:44: [umc-endvote-warnings.smx] Successfully parsed and set up 11 vote warnings.
L 06/16/2018 - 23:00:44: [umc-rockthevote.smx] RTV will be made available in 60 seconds.
L 06/16/2018 - 23:01:36: [umc-nominate.smx] Oktay wants to nominate a map.
L 06/16/2018 - 23:01:45: [umc-rockthevote.smx] RTV is now available.
L 06/16/2018 - 23:01:46: [umc-nominate.smx] Oktay has nominated 'emp_midbridge_hce' from group 'Commander Maps'
L 06/16/2018 - 23:01:51: [umc-nominate.smx] JK wants to nominate a map.
L 06/16/2018 - 23:01:55: [umc-nominate.smx] JK has nominated 'emp_blackmountain_fix' from group 'Commander Maps'
L 06/16/2018 - 23:02:00: [umc-nominate.smx] ScardyBob wants to nominate a map.
L 06/16/2018 - 23:02:13: [umc-nominate.smx] ScardyBob has nominated 'emp_cyclopean' from group 'Commander Maps'
L 06/16/2018 - 23:15:26: [umc-nominate.smx] .|Ϟ|. Catface (No Sound) has nominated 'emp_chain' from group 'Commander Maps'
L 06/16/2018 - 23:15:39: [umc-emp-mapvote.smx] Map vote will appear in 30 seconds.
L 06/16/2018 - 23:16:09: [umc-emp-mapvote.smx] Starting a map vote.
L 06/16/2018 - 23:16:09: [umc-core.smx] VOTE MENU: (Verbose) Fetching 7 maps from group 'Commander Maps'
L 06/16/2018 - 23:16:09: [umc-core.smx] VOTE MENU: (Verbose) Nominated map 'emp_midbridge_hce' from group 'Commander Maps' was added to the vote.
L 06/16/2018 - 23:16:09: [umc-core.smx] VOTE MENU: (Verbose) Nominated map 'emp_cyclopean' from group 'Commander Maps' was added to the vote.
L 06/16/2018 - 23:16:09: [umc-core.smx] VOTE MENU: (Verbose) Nominated map 'emp_chain' from group 'Commander Maps' was added to the vote.
L 06/16/2018 - 23:16:09: [umc-core.smx] VOTE MENU: (Verbose) Finished parsing nominations for map group 'Commander Maps'
L 06/16/2018 - 23:16:09: [umc-core.smx] VOTE MENU: (Verbose) Still need to fetch 4 maps from the group.
L 06/16/2018 - 23:16:09: [umc-core.smx] VOTE MENU: (Verbose) Selected map 'emp_mvalley_fix' from group 'Commander Maps' was added to the vote.
L 06/16/2018 - 23:16:09: [umc-core.smx] VOTE MENU: (Verbose) Selected map 'emp_fuel_a3_2013_hce' from group 'Commander Maps' was added to the vote.
L 06/16/2018 - 23:16:09: [umc-core.smx] VOTE MENU: (Verbose) Selected map 'emp_forest_ob_2013_hce' from group 'Commander Maps' was added to the vote.
L 06/16/2018 - 23:16:09: [umc-core.smx] VOTE MENU: (Verbose) Selected map 'emp_silo_rc5_hce' from group 'Commander Maps' was added to the vote.
L 06/16/2018 - 23:16:09: [umc-core.smx] VOTE MENU: (Verbose) Fetching 1 maps from group 'Infantry Maps'
L 06/16/2018 - 23:16:09: [umc-core.smx] VOTE MENU: (Verbose) Finished parsing nominations for map group 'Infantry Maps'
L 06/16/2018 - 23:16:09: [umc-core.smx] VOTE MENU: (Verbose) Still need to fetch 1 maps from the group.
L 06/16/2018 - 23:16:09: [umc-core.smx] VOTE MENU: (Verbose) Selected map 'con_atomic_rc6_fix' from group 'Infantry Maps' was added to the vote.
L 06/16/2018 - 23:16:09: [umc-core.smx] VOTE MENU: (Verbose) Fetching 0 maps from group 'Cooldown Maps'
L 06/16/2018 - 23:16:09: [umc-core.smx] VOTE MENU: (Verbose) Finished parsing nominations for map group 'Cooldown Maps'
L 06/16/2018 - 23:16:09: [umc-core.smx] Initiating Vote Type: Map
L 06/16/2018 - 23:16:09: [umc-core.smx] Adding Clients to Vote:
L 06/16/2018 - 23:16:09: [umc-core.smx] 0: Mr. X. (2)
L 06/16/2018 - 23:16:09: [umc-core.smx] 1: Justkidding (FutureFunk) (3)
L 06/16/2018 - 23:16:09: [umc-core.smx] 2: Brentor (4)
L 06/16/2018 - 23:16:09: [umc-core.smx] 3: ScardyBob (5)
L 06/16/2018 - 23:16:09: [umc-core.smx] 4: X Acolyte 我爱你 (6)
L 06/16/2018 - 23:16:09: [umc-core.smx] 5: Nowaf8037 (7)
L 06/16/2018 - 23:16:09: [umc-core.smx] 6: VV (8)
L 06/16/2018 - 23:16:09: [umc-core.smx] 7: PYA (9)
L 06/16/2018 - 23:16:09: [umc-core.smx] 8: Oktay (10)
L 06/16/2018 - 23:16:09: [umc-core.smx] 9: Mikleo (11)
L 06/16/2018 - 23:16:09: [umc-core.smx] 10: YouzY (12)
L 06/16/2018 - 23:16:09: [umc-core.smx] 11: CrazyMRANZ (13)
L 06/16/2018 - 23:16:09: [umc-core.smx] 12: =F= MrBlueSky (14)
L 06/16/2018 - 23:16:09: [umc-core.smx] 13: .|Ϟ|. Lightning (15)
L 06/16/2018 - 23:16:09: [umc-core.smx] 14: Skalk (16)
L 06/16/2018 - 23:16:09: [umc-core.smx] 15: khan (17)
L 06/16/2018 - 23:16:09: [umc-core.smx] 16: Quigon (18)
L 06/16/2018 - 23:16:09: [umc-core.smx] 17: Trainzack (19)
L 06/16/2018 - 23:16:09: [umc-core.smx] 18: Spyer (20)
L 06/16/2018 - 23:16:09: [umc-core.smx] 19: Ozi (21)
L 06/16/2018 - 23:16:09: [umc-core.smx] 20: -₪EPIC₪- Mash (22)
L 06/16/2018 - 23:16:09: [umc-core.smx] 21: .|Ϟ|. Catface (No Sound) (23)
L 06/16/2018 - 23:16:09: [umc-core.smx] 22: Trickster (24)
L 06/16/2018 - 23:16:09: [umc-core.smx] 23: JustGoFly (25)
L 06/16/2018 - 23:16:09: [umc-core.smx] 24: Solace (26)
L 06/16/2018 - 23:16:09: [umc-core.smx] 25: Tommyturbo32 (27)
L 06/16/2018 - 23:16:09: [umc-core.smx] 26: Grave (28)
L 06/16/2018 - 23:16:09: [umc-core.smx] 27: draklin (29)
L 06/16/2018 - 23:16:09: [umc-core.smx] 28: Uninspired (30)
L 06/16/2018 - 23:16:09: [umc-core.smx] 29: Lanskii (31)
L 06/16/2018 - 23:16:09: [umc-core.smx] 30: =[KXIC]= TBB [TwinSaN=)iTy (33)
L 06/16/2018 - 23:16:09: [umc-core.smx] 31: Delta 62 (34)
L 06/16/2018 - 23:16:09: [umc-core.smx] 32: NaokiP (35)
L 06/16/2018 - 23:16:09: [umc-core.smx] 33: Misfire! (36)
L 06/16/2018 - 23:16:09: [umc-core.smx] 34: ‡|JPL|‡ [o_O] WTFace (37)
L 06/16/2018 - 23:16:09: [umc-core.smx] 35: Lerk (38)
L 06/16/2018 - 23:16:09: [umc-core.smx] 36: Diggus Longus (39)
L 06/16/2018 - 23:16:09: [umc-core.smx] 37: raidurrr (41)
L 06/16/2018 - 23:16:09: [umc-core.smx] 38: Zeke 🐙 (42)
L 06/16/2018 - 23:16:09: [umc-core.smx] 39: Zandario (43)
L 06/16/2018 - 23:16:09: [umc-core.smx] 40: gunguy (44)
L 06/16/2018 - 23:16:09: [umc-core.smx] VOTE MENU:
L 06/16/2018 - 23:16:09: [umc-core.smx] 2: con_atomic (0)
L 06/16/2018 - 23:16:09: [umc-core.smx] 3: emp_cyclopean (1)
L 06/16/2018 - 23:16:09: [umc-core.smx] 4: emp_mvalley (2)
L 06/16/2018 - 23:16:09: [umc-core.smx] 5: emp_fuel (3)
L 06/16/2018 - 23:16:09: [umc-core.smx] 6: emp_chain (4)
L 06/16/2018 - 23:16:09: [umc-core.smx] 7: emp_midbridge (5)
L 06/16/2018 - 23:16:09: [umc-core.smx] 8: emp_forest (6)
L 06/16/2018 - 23:16:09: [umc-core.smx] 9: emp_silo (7)
L 06/16/2018 - 23:16:10: [umc-nominate.smx] VV wants to nominate a map.
L 06/16/2018 - 23:16:11: [umc-core.smx] JustGoFly<72><[U:1:44099803]><> selected menu item 2
L 06/16/2018 - 23:16:12: [umc-core.smx] Trickster<46><[U:1:10827203]><> selected menu item 3
L 06/16/2018 - 23:16:12: [umc-core.smx] .|Ϟ|. Catface (No Sound)<33><[U:1:41745247]><> selected menu item 5
L 06/16/2018 - 23:16:12: [umc-core.smx] Mr. X.<3><[U:1:27106968]><> selected menu item 5
L 06/16/2018 - 23:16:13: [umc-core.smx] =F= MrBlueSky<15><[U:1:7486994]><> selected menu item 2
L 06/16/2018 - 23:16:13: [umc-core.smx] ScardyBob<6><[U:1:21571057]><> selected menu item 5
L 06/16/2018 - 23:16:13: [umc-core.smx] Grave<29><[U:1:34977414]><> selected menu item 1
L 06/16/2018 - 23:16:14: [umc-core.smx] X Acolyte 我爱你<30><[U:1:51019709]><> selected menu item 5
L 06/16/2018 - 23:16:14: [umc-core.smx] Oktay<11><[U:1:116496292]><> selected menu item 6
L 06/16/2018 - 23:16:14: [umc-core.smx] Tommyturbo32<62><[U:1:209602362]><> selected menu item 4
L 06/16/2018 - 23:16:14: [umc-core.smx] ‡|JPL|‡ [o_O] WTFace<41><[U:1:954351]><> selected menu item 2
L 06/16/2018 - 23:16:15: [umc-core.smx] Delta 62<63><[U:1:39718778]><> selected menu item 2
L 06/16/2018 - 23:16:16: [umc-core.smx] Zeke 🐙<50><[U:1:5043031]><> selected menu item 3
L 06/16/2018 - 23:16:16: [umc-nominate.smx] VV has nominated 'emp_forest_ob_2013_hce' from group 'Commander Maps'
L 06/16/2018 - 23:16:18: [umc-core.smx] Trainzack<20><[U:1:49213605]><> selected menu item 8
L 06/16/2018 - 23:16:18: [umc-core.smx] khan<18><[U:1:65957845]><> selected menu item 2
L 06/16/2018 - 23:16:19: [umc-core.smx] raidurrr<49><[U:1:50823944]><> selected menu item 5
L 06/16/2018 - 23:16:19: [umc-core.smx] Grave<29><[U:1:34977414]><> selected menu item 5
L 06/16/2018 - 23:16:19: [umc-core.smx] Misfire!<40><[U:1:146071390]><> selected menu item 5
L 06/16/2018 - 23:16:20: [umc-core.smx] Mikleo<12><[U:1:376259319]><> selected menu item 3
L 06/16/2018 - 23:16:20: [umc-core.smx] .|Ϟ|. Lightning<68><[U:1:44158129]><> selected menu item 5
L 06/16/2018 - 23:16:20: [umc-core.smx] Quigon<19><[U:1:5653485]><> selected menu item 6
L 06/16/2018 - 23:16:22: [umc-core.smx] NaokiP<70><[U:1:42522970]><> selected menu item 6
L 06/16/2018 - 23:16:22: [umc-core.smx] -₪EPIC₪- Mash<66><[U:1:17020826]><> selected menu item 5
L 06/16/2018 - 23:16:23: [umc-core.smx] Justkidding (FutureFunk)<4><[U:1:2788022]><> selected menu item 5
L 06/16/2018 - 23:16:24: [umc-core.smx] Skalk<17><[U:1:20539185]><> selected menu item 3
L 06/16/2018 - 23:16:24: [umc-core.smx] CrazyMRANZ<44><[U:1:42657167]><> selected menu item 5
L 06/16/2018 - 23:16:24: [umc-core.smx] Zandario<65><[U:1:123045951]><> selected menu item 5
L 06/16/2018 - 23:16:25: [umc-core.smx] Brentor<60><[U:1:40822645]><> selected menu item 5
L 06/16/2018 - 23:16:27: [umc-core.smx] Oktay<11><[U:1:116496292]><> selected menu item 5
L 06/16/2018 - 23:16:29: [umc-core.smx] VV<9><[U:1:5870260]><> selected menu item 5
L 06/16/2018 - 23:16:29: [umc-core.smx] draklin<31><[U:1:850151960]><> selected menu item 3
L 06/16/2018 - 23:16:31: [umc-core.smx] PYA<10><[U:1:35045005]><> selected menu item 5
L 06/16/2018 - 23:16:32: [umc-core.smx] =[KXIC]= TBB [TwinSaN=)iTy<37><[U:1:104778967]><> selected menu item 3
L 06/16/2018 - 23:16:33: [umc-core.smx] Trainzack<20><[U:1:49213605]><> selected menu item 5
L 06/16/2018 - 23:16:38: [umc-core.smx] Uninspired<32><[U:1:29103880]><> selected menu item 8
L 06/16/2018 - 23:16:40: [umc-core.smx] Setting nextmap to: emp_chain
L 06/16/2018 - 23:16:40: [umc-randomcycle.smx] Disabling random nextmap selection.
L 06/16/2018 - 23:16:40: [umc-core.smx] umc-emp-mapvote.smx: Changing map to 'emp_chain' in 5 seconds.
L 06/16/2018 - 23:16:40: [umc-core.smx] MAPVOTE: Players voted for map 'emp_chain' from group 'Commander Maps'
L 06/16/2018 - 23:16:40: [umc-core.smx] Vote has concluded.
L 06/16/2018 - 23:16:46: [umc-core.smx] ---------------------MAP CHANGE: emp_chain---------------------
L 06/16/2018 - 23:16:46: [umc-endvote-warnings.smx] Successfully parsed and set up 11 vote warnings.
L 06/16/2018 - 23:16:46: [umc-rockthevote.smx] RTV will be made available in 60 seconds.
L 06/16/2018 - 23:17:48: [umc-rockthevote.smx] RTV is now available.
L 06/16/2018 - 23:18:28: [umc-nominate.smx] Oktay wants to nominate a map.
L 06/16/2018 - 23:18:43: [umc-nominate.smx] Oktay has nominated 'emp_midbridge_hce' from group 'Commander Maps'
L 06/16/2018 - 23:27:25: [umc-nominate.smx] Oktay wants to nominate a map.
L 06/16/2018 - 23:27:31: [umc-nominate.smx] Oktay has nominated 'emp_blackmountain_fix' from group 'Commander Maps'
L 06/16/2018 - 23:40:00: [umc-nominate.smx] Oktay wants to nominate a map.
L 06/16/2018 - 23:43:33: [umc-emp-mapvote.smx] Map vote will appear in 30 seconds.
L 06/16/2018 - 23:44:03: [umc-emp-mapvote.smx] Starting a map vote.
L 06/16/2018 - 23:44:03: [umc-core.smx] VOTE MENU: (Verbose) Fetching 7 maps from group 'Commander Maps'
L 06/16/2018 - 23:44:03: [umc-core.smx] VOTE MENU: (Verbose) Nominated map 'emp_blackmountain_fix' from group 'Commander Maps' was added to the vote.
L 06/16/2018 - 23:44:03: [umc-core.smx] VOTE MENU: (Verbose) Finished parsing nominations for map group 'Commander Maps'
L 06/16/2018 - 23:44:03: [umc-core.smx] VOTE MENU: (Verbose) Still need to fetch 6 maps from the group.
L 06/16/2018 - 23:44:03: [umc-core.smx] VOTE MENU: (Verbose) Selected map 'emp_fuel_a3_2013_hce' from group 'Commander Maps' was added to the vote.
L 06/16/2018 - 23:44:03: [umc-core.smx] VOTE MENU: (Verbose) Selected map 'emp_midbridge_hce' from group 'Commander Maps' was added to the vote.
L 06/16/2018 - 23:44:03: [umc-core.smx] VOTE MENU: (Verbose) Selected map 'emp_raiders_b1' from group 'Commander Maps' was added to the vote.
L 06/16/2018 - 23:44:03: [umc-core.smx] VOTE MENU: (Verbose) Selected map 'emp_tropicvendetta_rc4' from group 'Commander Maps' was added to the vote.
L 06/16/2018 - 23:44:03: [umc-core.smx] VOTE MENU: (Verbose) Selected map 'emp_frozensummit_b2_2013_fix2' from group 'Commander Maps' was added to the vote.
L 06/16/2018 - 23:44:03: [umc-core.smx] VOTE MENU: (Verbose) Selected map 'emp_fury_rc1' from group 'Commander Maps' was added to the vote.
L 06/16/2018 - 23:44:03: [umc-core.smx] VOTE MENU: (Verbose) Fetching 1 maps from group 'Infantry Maps'
L 06/16/2018 - 23:44:03: [umc-core.smx] VOTE MENU: (Verbose) Finished parsing nominations for map group 'Infantry Maps'
L 06/16/2018 - 23:44:03: [umc-core.smx] VOTE MENU: (Verbose) Still need to fetch 1 maps from the group.
L 06/16/2018 - 23:44:03: [umc-core.smx] VOTE MENU: (Verbose) Selected map 'con_atomic_rc6_fix' from group 'Infantry Maps' was added to the vote.
L 06/16/2018 - 23:44:03: [umc-core.smx] VOTE MENU: (Verbose) Fetching 0 maps from group 'Cooldown Maps'
L 06/16/2018 - 23:44:03: [umc-core.smx] VOTE MENU: (Verbose) Finished parsing nominations for map group 'Cooldown Maps'
L 06/16/2018 - 23:44:03: [umc-core.smx] Initiating Vote Type: Map
L 06/16/2018 - 23:44:03: [umc-core.smx] Adding Clients to Vote:
L 06/16/2018 - 23:44:03: [umc-core.smx] 0: Mr. X. (2)
L 06/16/2018 - 23:44:03: [umc-core.smx] 1: Justkidding (FutureFunk) (3)
L 06/16/2018 - 23:44:03: [umc-core.smx] 2: Brentor (4)
L 06/16/2018 - 23:44:03: [umc-core.smx] 3: ScardyBob (5)
L 06/16/2018 - 23:44:03: [umc-core.smx] 4: X Acolyte 我爱你 (6)
L 06/16/2018 - 23:44:03: [umc-core.smx] 5: Nowaf8037 (7)
L 06/16/2018 - 23:44:03: [umc-core.smx] 6: VV (8)
L 06/16/2018 - 23:44:03: [umc-core.smx] 7: PYA (9)
L 06/16/2018 - 23:44:03: [umc-core.smx] 8: Oktay (10)
L 06/16/2018 - 23:44:03: [umc-core.smx] 9: Mikleo (11)
L 06/16/2018 - 23:44:03: [umc-core.smx] 10: YouzY (12)
L 06/16/2018 - 23:44:03: [umc-core.smx] 11: CrazyMRANZ (13)
L 06/16/2018 - 23:44:03: [umc-core.smx] 12: =F= MrBlueSky (14)
L 06/16/2018 - 23:44:03: [umc-core.smx] 13: .|Ϟ|. Lightning (15)
L 06/16/2018 - 23:44:03: [umc-core.smx] 14: Skalk (16)
L 06/16/2018 - 23:44:03: [umc-core.smx] 15: khan (17)
L 06/16/2018 - 23:44:03: [umc-core.smx] 16: Quigon (18)
L 06/16/2018 - 23:44:03: [umc-core.smx] 17: Trainzack (19)
L 06/16/2018 - 23:44:03: [umc-core.smx] 18: Spyer (20)
L 06/16/2018 - 23:44:03: [umc-core.smx] 19: kaydawg (21)
L 06/16/2018 - 23:44:03: [umc-core.smx] 20: -₪EPIC₪- Mash (22)
L 06/16/2018 - 23:44:03: [umc-core.smx] 21: .|Ϟ|. Wololo (No Sound) (23)
L 06/16/2018 - 23:44:03: [umc-core.smx] 22: Trickster (24)
L 06/16/2018 - 23:44:03: [umc-core.smx] 23: JustGoFly (25)
L 06/16/2018 - 23:44:03: [umc-core.smx] 24: Solace (26)
L 06/16/2018 - 23:44:03: [umc-core.smx] 25: Grave (28)
L 06/16/2018 - 23:44:03: [umc-core.smx] 26: draklin (29)
L 06/16/2018 - 23:44:03: [umc-core.smx] 27: Uninspired (30)
L 06/16/2018 - 23:44:03: [umc-core.smx] 28: Lanskii (31)
L 06/16/2018 - 23:44:03: [umc-core.smx] 29: Blizzy (32)
L 06/16/2018 - 23:44:03: [umc-core.smx] 30: =[KXIC]= TBB [TwinSaN=)iTy (33)
L 06/16/2018 - 23:44:03: [umc-core.smx] 31: Delta 62 (34)
L 06/16/2018 - 23:44:03: [umc-core.smx] 32: NaokiP (35)
L 06/16/2018 - 23:44:03: [umc-core.smx] 33: Misfire! (36)
L 06/16/2018 - 23:44:03: [umc-core.smx] 34: ‡|JPL|‡ [o_O] WTFace (37)
L 06/16/2018 - 23:44:03: [umc-core.smx] 35: Bonobo Mindset (38)
L 06/16/2018 - 23:44:03: [umc-core.smx] 36: Diggus Longus (39)
L 06/16/2018 - 23:44:03: [umc-core.smx] 37: ☣ Joy (40)
L 06/16/2018 - 23:44:03: [umc-core.smx] 38: raidurrr (41)
L 06/16/2018 - 23:44:03: [umc-core.smx] 39: Zeke 🐙 (42)
L 06/16/2018 - 23:44:03: [umc-core.smx] 40: Zandario (43)
L 06/16/2018 - 23:44:03: [umc-core.smx] 41: gunguy (44)
L 06/16/2018 - 23:44:03: [umc-core.smx] 42: [S1try] Bouz (45)
L 06/16/2018 - 23:44:03: [umc-core.smx] 43: Triad (46)
L 06/16/2018 - 23:44:03: [umc-core.smx] VOTE MENU:
L 06/16/2018 - 23:44:03: [umc-core.smx] 2: emp_fuel (0)
L 06/16/2018 - 23:44:03: [umc-core.smx] 3: con_atomic (1)
L 06/16/2018 - 23:44:03: [umc-core.smx] 4: emp_blackmountain (2)
L 06/16/2018 - 23:44:03: [umc-core.smx] 5: emp_midbridge (3)
L 06/16/2018 - 23:44:03: [umc-core.smx] 6: emp_frozensummit (4)
L 06/16/2018 - 23:44:03: [umc-core.smx] 7: emp_raiders (5)
L 06/16/2018 - 23:44:03: [umc-core.smx] 8: emp_tropicvendetta (6)
L 06/16/2018 - 23:44:03: [umc-core.smx] 9: emp_fury (7)
L 06/16/2018 - 23:44:05: [umc-core.smx] Triad<82><[U:1:33877906]><> selected menu item 1
L 06/16/2018 - 23:44:05: [umc-core.smx] .|Ϟ|. Wololo (No Sound)<33><[U:1:41745247]><> selected menu item 3
L 06/16/2018 - 23:44:05: [umc-core.smx] YouzY<81><[U:1:23994419]><> selected menu item 3
L 06/16/2018 - 23:44:06: [umc-core.smx] Grave<29><[U:1:34977414]><> selected menu item 3
L 06/16/2018 - 23:44:07: [umc-core.smx] ScardyBob<6><[U:1:21571057]><> selected menu item 7
L 06/16/2018 - 23:44:07: [umc-core.smx] VV<9><[U:1:5870260]><> selected menu item 7
L 06/16/2018 - 23:44:08: [umc-core.smx] Mr. X.<3><[U:1:27106968]><> selected menu item 3
L 06/16/2018 - 23:44:08: [umc-core.smx] kaydawg<74><[U:1:96533371]><> selected menu item 3
L 06/16/2018 - 23:44:08: [umc-core.smx] .|Ϟ|. Lightning<68><[U:1:44158129]><> selected menu item 3
L 06/16/2018 - 23:44:09: [umc-core.smx] Oktay<11><[U:1:116496292]><> selected menu item 3
L 06/16/2018 - 23:44:10: [umc-core.smx] khan<18><[U:1:65957845]><> selected menu item 3
L 06/16/2018 - 23:44:11: [umc-core.smx] X Acolyte 我爱你<30><[U:1:51019709]><> selected menu item 2
L 06/16/2018 - 23:44:12: [umc-core.smx] raidurrr<49><[U:1:50823944]><> selected menu item 7
L 06/16/2018 - 23:44:12: [umc-core.smx] NaokiP<70><[U:1:42522970]><> selected menu item 3
L 06/16/2018 - 23:44:13: [umc-core.smx] Uninspired<32><[U:1:29103880]><> selected menu item 7
L 06/16/2018 - 23:44:13: [umc-core.smx] ☣ Joy<71><[U:1:14391461]><> selected menu item 4
L 06/16/2018 - 23:44:16: [umc-core.smx] Bonobo Mindset<78><[U:1:457592601]><> selected menu item 2
L 06/16/2018 - 23:44:18: [umc-core.smx] Trickster<46><[U:1:10827203]><> selected menu item 3
L 06/16/2018 - 23:44:18: [umc-core.smx] PYA<10><[U:1:35045005]><> selected menu item 3
L 06/16/2018 - 23:44:19: [umc-core.smx] draklin<31><[U:1:850151960]><> selected menu item 4
L 06/16/2018 - 23:44:20: [umc-core.smx] =F= MrBlueSky<15><[U:1:7486994]><> selected menu item 6
L 06/16/2018 - 23:44:21: [umc-core.smx] CrazyMRANZ<44><[U:1:42657167]><> selected menu item 3
L 06/16/2018 - 23:44:27: [umc-core.smx] Justkidding (FutureFunk)<4><[U:1:2788022]><> selected menu item 8
L 06/16/2018 - 23:44:27: [umc-core.smx] Bonobo Mindset<78><[U:1:457592601]><> selected menu item 2
L 06/16/2018 - 23:44:29: [umc-core.smx] Nowaf8037<55><[U:1:309341142]><> selected menu item 3
L 06/16/2018 - 23:44:30: [umc-core.smx] Bonobo Mindset<78><[U:1:457592601]><> selected menu item 3
L 06/16/2018 - 23:44:30: [umc-core.smx] Mikleo<12><[U:1:376259319]><> selected menu item 1
L 06/16/2018 - 23:44:31: [umc-core.smx] Diggus Longus<64><[U:1:2024339]><> selected menu item 1
L 06/16/2018 - 23:44:31: [umc-core.smx] Zeke 🐙<50><[U:1:5043031]><> selected menu item 6
L 06/16/2018 - 23:44:33: [umc-core.smx] Setting nextmap to: emp_blackmountain_fix
L 06/16/2018 - 23:44:33: [umc-randomcycle.smx] Disabling random nextmap selection.
L 06/16/2018 - 23:44:33: [umc-core.smx] umc-emp-mapvote.smx: Changing map to 'emp_blackmountain_fix' in 5 seconds.
L 06/16/2018 - 23:44:33: [umc-core.smx] MAPVOTE: Players voted for map 'emp_blackmountain_fix' from group 'Commander Maps'
L 06/16/2018 - 23:44:33: [umc-core.smx] Vote has concluded.
L 06/16/2018 - 23:44:51: [umc-core.smx] ---------------------MAP CHANGE: emp_blackmountain_fix---------------------
L 06/16/2018 - 23:44:51: [umc-endvote-warnings.smx] Successfully parsed and set up 11 vote warnings.
L 06/16/2018 - 23:44:51: [umc-rockthevote.smx] RTV will be made available in 60 seconds.
L 06/16/2018 - 23:45:52: [umc-rockthevote.smx] RTV is now available.
