L 10/26/2018 - 14:32:21: [umc-core.smx] ---------------------MAP CHANGE: con_district402---------------------
L 10/26/2018 - 14:32:21: [umc-endvote-warnings.smx] Successfully parsed and set up 11 vote warnings.
L 10/26/2018 - 14:32:21: [umc-rockthevote.smx] RTV will be made available in 60 seconds.
L 10/26/2018 - 14:33:22: [umc-rockthevote.smx] RTV is now available.
L 10/26/2018 - 16:53:58: [umc-core.smx] ---------------------MAP CHANGE: emp_coast---------------------
L 10/26/2018 - 16:53:58: [umc-endvote-warnings.smx] Successfully parsed and set up 11 vote warnings.
L 10/26/2018 - 16:53:58: [umc-rockthevote.smx] RTV will be made available in 60 seconds.
L 10/26/2018 - 16:54:59: [umc-rockthevote.smx] RTV is now available.
L 10/26/2018 - 16:58:56: [umc-core.smx] ---------------------MAP CHANGE: emp_midbridge---------------------
L 10/26/2018 - 16:58:56: [umc-endvote-warnings.smx] Successfully parsed and set up 11 vote warnings.
L 10/26/2018 - 16:58:56: [umc-rockthevote.smx] RTV will be made available in 60 seconds.
L 10/26/2018 - 16:59:57: [umc-rockthevote.smx] RTV is now available.
L 10/26/2018 - 17:02:24: [umc-core.smx] ---------------------MAP CHANGE: emp_duststorm_fix2---------------------
L 10/26/2018 - 17:02:24: [umc-endvote-warnings.smx] Successfully parsed and set up 11 vote warnings.
L 10/26/2018 - 17:02:24: [umc-rockthevote.smx] RTV will be made available in 60 seconds.
L 10/26/2018 - 17:03:25: [umc-rockthevote.smx] RTV is now available.
L 10/26/2018 - 17:04:17: [umc-core.smx] ---------------------MAP CHANGE: emp_duststorm---------------------
L 10/26/2018 - 17:04:17: [umc-endvote-warnings.smx] Successfully parsed and set up 11 vote warnings.
L 10/26/2018 - 17:04:17: [umc-rockthevote.smx] RTV will be made available in 60 seconds.
L 10/26/2018 - 17:05:06: [umc-core.smx] ---------------------MAP CHANGE: emp_duststorm_fix2---------------------
L 10/26/2018 - 17:05:06: [umc-endvote-warnings.smx] Successfully parsed and set up 11 vote warnings.
L 10/26/2018 - 17:05:06: [umc-rockthevote.smx] RTV will be made available in 60 seconds.
L 10/26/2018 - 17:06:08: [umc-rockthevote.smx] RTV is now available.
L 10/26/2018 - 17:07:15: [umc-core.smx] ---------------------MAP CHANGE: emp_isle_hce---------------------
L 10/26/2018 - 17:07:15: [umc-endvote-warnings.smx] Successfully parsed and set up 11 vote warnings.
L 10/26/2018 - 17:07:15: [umc-rockthevote.smx] RTV will be made available in 60 seconds.
L 10/26/2018 - 17:08:16: [umc-rockthevote.smx] RTV is now available.
L 10/26/2018 - 17:12:53: [umc-core.smx] ---------------------MAP CHANGE: emp_beachfront_b2_hce---------------------
L 10/26/2018 - 17:12:53: [umc-endvote-warnings.smx] Successfully parsed and set up 11 vote warnings.
L 10/26/2018 - 17:12:53: [umc-rockthevote.smx] RTV will be made available in 60 seconds.
L 10/26/2018 - 17:13:54: [umc-rockthevote.smx] RTV is now available.
L 10/26/2018 - 17:18:12: [umc-core.smx] ---------------------MAP CHANGE: emp_cyclopean_214---------------------
L 10/26/2018 - 17:18:12: [umc-endvote-warnings.smx] Successfully parsed and set up 11 vote warnings.
L 10/26/2018 - 17:18:12: [umc-rockthevote.smx] RTV will be made available in 60 seconds.
L 10/26/2018 - 17:19:13: [umc-rockthevote.smx] RTV is now available.
L 10/26/2018 - 17:20:07: [umc-core.smx] ---------------------MAP CHANGE: emp_arid_hce---------------------
L 10/26/2018 - 17:20:07: [umc-endvote-warnings.smx] Successfully parsed and set up 11 vote warnings.
L 10/26/2018 - 17:20:07: [umc-rockthevote.smx] RTV will be made available in 60 seconds.
L 10/26/2018 - 17:21:08: [umc-rockthevote.smx] RTV is now available.
L 10/26/2018 - 17:21:55: [umc-core.smx] ---------------------MAP CHANGE: emp_arid---------------------
L 10/26/2018 - 17:21:55: [umc-endvote-warnings.smx] Successfully parsed and set up 11 vote warnings.
L 10/26/2018 - 17:21:55: [umc-rockthevote.smx] RTV will be made available in 60 seconds.
L 10/26/2018 - 17:22:56: [umc-rockthevote.smx] RTV is now available.
L 10/26/2018 - 17:35:31: [umc-core.smx] ---------------------MAP CHANGE: emp_blah4_hce---------------------
L 10/26/2018 - 17:35:31: [umc-endvote-warnings.smx] Successfully parsed and set up 11 vote warnings.
L 10/26/2018 - 17:35:31: [umc-rockthevote.smx] RTV will be made available in 60 seconds.
L 10/26/2018 - 17:36:33: [umc-rockthevote.smx] RTV is now available.
L 10/26/2018 - 17:40:50: [umc-core.smx] ---------------------MAP CHANGE: emp_blah4_hce---------------------
L 10/26/2018 - 17:40:50: [umc-endvote-warnings.smx] Successfully parsed and set up 11 vote warnings.
L 10/26/2018 - 17:40:50: [umc-rockthevote.smx] RTV will be made available in 60 seconds.
L 10/26/2018 - 17:41:51: [umc-rockthevote.smx] RTV is now available.
L 10/26/2018 - 17:43:59: [umc-core.smx] ---------------------MAP CHANGE: emp_drygulch_a7---------------------
L 10/26/2018 - 17:43:59: [umc-endvote-warnings.smx] Successfully parsed and set up 11 vote warnings.
L 10/26/2018 - 17:43:59: [umc-rockthevote.smx] RTV will be made available in 60 seconds.
L 10/26/2018 - 17:45:00: [umc-rockthevote.smx] RTV is now available.
L 10/26/2018 - 17:49:28: [umc-core.smx] ---------------------MAP CHANGE: emp_downfall_hce---------------------
L 10/26/2018 - 17:49:28: [umc-endvote-warnings.smx] Successfully parsed and set up 11 vote warnings.
L 10/26/2018 - 17:49:28: [umc-rockthevote.smx] RTV will be made available in 60 seconds.
L 10/26/2018 - 17:50:29: [umc-rockthevote.smx] RTV is now available.
L 10/26/2018 - 17:53:47: [umc-core.smx] ---------------------MAP CHANGE: emp_canyon---------------------
L 10/26/2018 - 17:53:47: [umc-endvote-warnings.smx] Successfully parsed and set up 11 vote warnings.
L 10/26/2018 - 17:53:47: [umc-rockthevote.smx] RTV will be made available in 60 seconds.
L 10/26/2018 - 17:54:49: [umc-rockthevote.smx] RTV is now available.
L 10/26/2018 - 18:04:48: [umc-core.smx] ---------------------MAP CHANGE: emp_flat_hce---------------------
L 10/26/2018 - 18:04:48: [umc-endvote-warnings.smx] Successfully parsed and set up 11 vote warnings.
L 10/26/2018 - 18:04:48: [umc-rockthevote.smx] RTV will be made available in 60 seconds.
L 10/26/2018 - 18:05:49: [umc-rockthevote.smx] RTV is now available.
L 10/26/2018 - 18:12:48: [umc-core.smx] ---------------------MAP CHANGE: emp_hazard_rc6---------------------
L 10/26/2018 - 18:12:48: [umc-endvote-warnings.smx] Successfully parsed and set up 11 vote warnings.
L 10/26/2018 - 18:12:48: [umc-rockthevote.smx] RTV will be made available in 60 seconds.
L 10/26/2018 - 18:13:49: [umc-rockthevote.smx] RTV is now available.
L 10/26/2018 - 18:14:51: [umc-core.smx] ---------------------MAP CHANGE: emp_homeland_b9_hce2---------------------
L 10/26/2018 - 18:14:51: [umc-endvote-warnings.smx] Successfully parsed and set up 11 vote warnings.
L 10/26/2018 - 18:14:51: [umc-rockthevote.smx] RTV will be made available in 60 seconds.
L 10/26/2018 - 18:15:53: [umc-rockthevote.smx] RTV is now available.
L 10/26/2018 - 18:24:27: [umc-core.smx] ---------------------MAP CHANGE: emp_palmbay_fix---------------------
L 10/26/2018 - 18:24:27: [umc-endvote-warnings.smx] Successfully parsed and set up 11 vote warnings.
L 10/26/2018 - 18:24:27: [umc-rockthevote.smx] RTV will be made available in 60 seconds.
L 10/26/2018 - 18:25:29: [umc-rockthevote.smx] RTV is now available.
L 10/26/2018 - 18:26:56: [umc-core.smx] ---------------------MAP CHANGE: emp_palmbay_fix---------------------
L 10/26/2018 - 18:26:56: [umc-endvote-warnings.smx] Successfully parsed and set up 11 vote warnings.
L 10/26/2018 - 18:26:56: [umc-rockthevote.smx] RTV will be made available in 60 seconds.
L 10/26/2018 - 18:27:57: [umc-rockthevote.smx] RTV is now available.
L 10/26/2018 - 18:37:55: [umc-core.smx] ---------------------MAP CHANGE: emp_tropicvendetta_rc4---------------------
L 10/26/2018 - 18:37:55: [umc-endvote-warnings.smx] Successfully parsed and set up 11 vote warnings.
L 10/26/2018 - 18:37:55: [umc-rockthevote.smx] RTV will be made available in 60 seconds.
L 10/26/2018 - 18:38:56: [umc-rockthevote.smx] RTV is now available.
L 10/26/2018 - 18:41:11: [umc-core.smx] ---------------------MAP CHANGE: emp_tropicvendetta_rc4---------------------
L 10/26/2018 - 18:41:11: [umc-endvote-warnings.smx] Successfully parsed and set up 11 vote warnings.
L 10/26/2018 - 18:41:11: [umc-rockthevote.smx] RTV will be made available in 60 seconds.
L 10/26/2018 - 18:42:12: [umc-rockthevote.smx] RTV is now available.
L 10/26/2018 - 18:43:34: [umc-core.smx] ---------------------MAP CHANGE: emp_tropicvendetta_rc4---------------------
L 10/26/2018 - 18:43:34: [umc-endvote-warnings.smx] Successfully parsed and set up 11 vote warnings.
L 10/26/2018 - 18:43:34: [umc-rockthevote.smx] RTV will be made available in 60 seconds.
L 10/26/2018 - 18:44:35: [umc-rockthevote.smx] RTV is now available.
L 10/26/2018 - 18:55:42: [umc-core.smx] ---------------------MAP CHANGE: emp_raiders_b1---------------------
L 10/26/2018 - 18:55:42: [umc-endvote-warnings.smx] Successfully parsed and set up 11 vote warnings.
L 10/26/2018 - 18:55:42: [umc-rockthevote.smx] RTV will be made available in 60 seconds.
L 10/26/2018 - 18:56:43: [umc-rockthevote.smx] RTV is now available.
L 10/26/2018 - 19:05:02: [umc-core.smx] ---------------------MAP CHANGE: emp_cod_hce---------------------
L 10/26/2018 - 19:05:02: [umc-endvote-warnings.smx] Successfully parsed and set up 11 vote warnings.
L 10/26/2018 - 19:05:02: [umc-rockthevote.smx] RTV will be made available in 60 seconds.
L 10/26/2018 - 19:06:03: [umc-rockthevote.smx] RTV is now available.
L 10/26/2018 - 20:01:35: [umc-emp-mapvote.smx] Map vote will appear in 30 seconds.
L 10/26/2018 - 20:01:41: [umc-nominate.smx] .|Ϟ|. Catface wants to nominate a map.
L 10/26/2018 - 20:01:45: [umc-nominate.smx] .|Ϟ|. Catface has nominated 'con_district402' from group 'Infantry Maps'
L 10/26/2018 - 20:02:05: [umc-emp-mapvote.smx] Starting a map vote.
L 10/26/2018 - 20:02:05: [umc-core.smx] WARNING: Map "emp_temple_b3f" does not exist on the server. (Group: "Commander Maps")
L 10/26/2018 - 20:02:05: [umc-core.smx] VOTE MENU: (Verbose) Fetching 7 maps from group 'Commander Maps'
L 10/26/2018 - 20:02:05: [umc-core.smx] VOTE MENU: (Verbose) Finished parsing nominations for map group 'Commander Maps'
L 10/26/2018 - 20:02:05: [umc-core.smx] VOTE MENU: (Verbose) Still need to fetch 7 maps from the group.
L 10/26/2018 - 20:02:05: [umc-core.smx] VOTE MENU: (Verbose) Selected map 'emp_crossroads_towerless_hce2' from group 'Commander Maps' was added to the vote.
L 10/26/2018 - 20:02:05: [umc-core.smx] VOTE MENU: (Verbose) Selected map 'emp_beachfront_b2_hce' from group 'Commander Maps' was added to the vote.
L 10/26/2018 - 20:02:05: [umc-core.smx] VOTE MENU: (Verbose) Selected map 'emp_downfall_hce' from group 'Commander Maps' was added to the vote.
L 10/26/2018 - 20:02:05: [umc-core.smx] VOTE MENU: (Verbose) Selected map 'emp_drygulch_a7' from group 'Commander Maps' was added to the vote.
L 10/26/2018 - 20:02:05: [umc-core.smx] VOTE MENU: (Verbose) No more maps in map group 'Commander Maps'
L 10/26/2018 - 20:02:05: [umc-core.smx] VOTE MENU: (Verbose) Fetching 1 maps from group 'Infantry Maps'
L 10/26/2018 - 20:02:05: [umc-core.smx] VOTE MENU: (Verbose) Nominated map 'con_district402' from group 'Infantry Maps' was added to the vote.
L 10/26/2018 - 20:02:05: [umc-core.smx] VOTE MENU: (Verbose) Finished parsing nominations for map group 'Infantry Maps'
L 10/26/2018 - 20:02:05: [umc-core.smx] VOTE MENU: (Verbose) Fetching 0 maps from group 'Cooldown Maps'
L 10/26/2018 - 20:02:05: [umc-core.smx] VOTE MENU: (Verbose) Finished parsing nominations for map group 'Cooldown Maps'
L 10/26/2018 - 20:02:05: [umc-core.smx] Initiating Vote Type: Map
L 10/26/2018 - 20:02:05: [umc-core.smx] Adding Clients to Vote:
L 10/26/2018 - 20:02:05: [umc-core.smx] 0: Mr. X. (1)
L 10/26/2018 - 20:02:05: [umc-core.smx] 1: Emperor Benji (no mic) (2)
L 10/26/2018 - 20:02:05: [umc-core.smx] 2: Wolf (3)
L 10/26/2018 - 20:02:05: [umc-core.smx] 3: its not fair (4)
L 10/26/2018 - 20:02:05: [umc-core.smx] 4: Spyer (5)
L 10/26/2018 - 20:02:05: [umc-core.smx] 5: .|Ϟ|. Catface (6)
L 10/26/2018 - 20:02:05: [umc-core.smx] 6: YouzY (7)
L 10/26/2018 - 20:02:05: [umc-core.smx] VOTE MENU:
L 10/26/2018 - 20:02:05: [umc-core.smx] 2: emp_downfall (0)
L 10/26/2018 - 20:02:05: [umc-core.smx] 3: con_district402 (1)
L 10/26/2018 - 20:02:05: [umc-core.smx] 4: emp_crossroads (2)
L 10/26/2018 - 20:02:05: [umc-core.smx] 5: emp_drygulch (3)
L 10/26/2018 - 20:02:05: [umc-core.smx] 6: emp_beachfront (4)
L 10/26/2018 - 20:02:07: [umc-core.smx] its not fair<6><[U:1:438080094]><> selected menu item 3
L 10/26/2018 - 20:02:09: [umc-core.smx] Emperor Benji (no mic)<4><[U:1:14752342]><> selected menu item 2
L 10/26/2018 - 20:02:13: [umc-core.smx] Spyer<7><[U:1:34143605]><> selected menu item 2
L 10/26/2018 - 20:02:20: [umc-core.smx] Wolf<5><[U:1:129872431]><> selected menu item 2
L 10/26/2018 - 20:02:35: [umc-core.smx] Setting nextmap to: con_district402
L 10/26/2018 - 20:02:35: [umc-randomcycle.smx] Disabling random nextmap selection.
L 10/26/2018 - 20:02:35: [umc-core.smx] umc-emp-mapvote.smx: Changing map to 'con_district402' in 5 seconds.
L 10/26/2018 - 20:02:35: [umc-core.smx] MAPVOTE: Players voted for map 'con_district402' from group 'Infantry Maps'
L 10/26/2018 - 20:02:35: [umc-core.smx] Vote has concluded.
L 10/26/2018 - 20:02:41: [umc-core.smx] ---------------------MAP CHANGE: con_district402---------------------
L 10/26/2018 - 20:02:42: [umc-endvote-warnings.smx] Successfully parsed and set up 11 vote warnings.
L 10/26/2018 - 20:02:42: [umc-rockthevote.smx] RTV will be made available in 60 seconds.
L 10/26/2018 - 20:03:43: [umc-rockthevote.smx] RTV is now available.
L 10/26/2018 - 20:25:11: [umc-emp-mapvote.smx] Map vote will appear in 30 seconds.
L 10/26/2018 - 20:25:28: [umc-nominate.smx] .|Ϟ|. Catface wants to nominate a map.
L 10/26/2018 - 20:25:34: [umc-nominate.smx] .|Ϟ|. Catface has nominated 'con_urbanchaos' from group 'Infantry Maps'
L 10/26/2018 - 20:25:36: [umc-nominate.smx] .|Ϟ|. Catface wants to nominate a map.
L 10/26/2018 - 20:25:37: [umc-nominate.smx] .|Ϟ|. Catface has nominated 'con_blast_ob2' from group 'Infantry Maps'
L 10/26/2018 - 20:25:41: [umc-emp-mapvote.smx] Starting a map vote.
L 10/26/2018 - 20:25:41: [umc-core.smx] WARNING: Map "emp_temple_b3f" does not exist on the server. (Group: "Commander Maps")
L 10/26/2018 - 20:25:41: [umc-core.smx] VOTE MENU: (Verbose) Fetching 7 maps from group 'Commander Maps'
L 10/26/2018 - 20:25:41: [umc-core.smx] VOTE MENU: (Verbose) Finished parsing nominations for map group 'Commander Maps'
L 10/26/2018 - 20:25:41: [umc-core.smx] VOTE MENU: (Verbose) Still need to fetch 7 maps from the group.
L 10/26/2018 - 20:25:41: [umc-core.smx] VOTE MENU: (Verbose) Selected map 'emp_drygulch_a7' from group 'Commander Maps' was added to the vote.
L 10/26/2018 - 20:25:41: [umc-core.smx] VOTE MENU: (Verbose) Selected map 'emp_beachfront_b2_hce' from group 'Commander Maps' was added to the vote.
L 10/26/2018 - 20:25:41: [umc-core.smx] VOTE MENU: (Verbose) Selected map 'emp_crossroads_towerless_hce2' from group 'Commander Maps' was added to the vote.
L 10/26/2018 - 20:25:41: [umc-core.smx] VOTE MENU: (Verbose) Selected map 'emp_downfall_hce' from group 'Commander Maps' was added to the vote.
L 10/26/2018 - 20:25:41: [umc-core.smx] VOTE MENU: (Verbose) No more maps in map group 'Commander Maps'
L 10/26/2018 - 20:25:41: [umc-core.smx] VOTE MENU: (Verbose) Fetching 1 maps from group 'Infantry Maps'
L 10/26/2018 - 20:25:41: [umc-core.smx] VOTE MENU: (Verbose) Nominated map 'con_blast_ob2' from group 'Infantry Maps' was added to the vote.
L 10/26/2018 - 20:25:41: [umc-core.smx] VOTE MENU: (Verbose) Finished parsing nominations for map group 'Infantry Maps'
L 10/26/2018 - 20:25:41: [umc-core.smx] VOTE MENU: (Verbose) Fetching 0 maps from group 'Cooldown Maps'
L 10/26/2018 - 20:25:41: [umc-core.smx] VOTE MENU: (Verbose) Finished parsing nominations for map group 'Cooldown Maps'
L 10/26/2018 - 20:25:41: [umc-core.smx] Initiating Vote Type: Map
L 10/26/2018 - 20:25:41: [umc-core.smx] Adding Clients to Vote:
L 10/26/2018 - 20:25:41: [umc-core.smx] 0: Mr. X. (1)
L 10/26/2018 - 20:25:41: [umc-core.smx] 1: Emperor Benji (no mic) (2)
L 10/26/2018 - 20:25:41: [umc-core.smx] 2: Wolf (3)
L 10/26/2018 - 20:25:41: [umc-core.smx] 3: Spyer (5)
L 10/26/2018 - 20:25:41: [umc-core.smx] 4: .|Ϟ|. Catface (6)
L 10/26/2018 - 20:25:41: [umc-core.smx] 5: YouzY (7)
L 10/26/2018 - 20:25:41: [umc-core.smx] VOTE MENU:
L 10/26/2018 - 20:25:41: [umc-core.smx] 2: emp_crossroads (0)
L 10/26/2018 - 20:25:41: [umc-core.smx] 3: emp_beachfront (1)
L 10/26/2018 - 20:25:41: [umc-core.smx] 4: emp_downfall (2)
L 10/26/2018 - 20:25:41: [umc-core.smx] 5: emp_drygulch (3)
L 10/26/2018 - 20:25:41: [umc-core.smx] 6: con_blast (4)
L 10/26/2018 - 20:25:44: [umc-core.smx] .|Ϟ|. Catface<8><[U:1:41745247]><> selected menu item 5
L 10/26/2018 - 20:25:50: [umc-core.smx] Spyer<7><[U:1:34143605]><> selected menu item 5
L 10/26/2018 - 20:25:51: [umc-core.smx] Wolf<10><[U:1:129872431]><> selected menu item 5
L 10/26/2018 - 20:26:11: [umc-core.smx] Setting nextmap to: con_blast_ob2
L 10/26/2018 - 20:26:11: [umc-randomcycle.smx] Disabling random nextmap selection.
L 10/26/2018 - 20:26:11: [umc-core.smx] umc-emp-mapvote.smx: Changing map to 'con_blast_ob2' in 5 seconds.
L 10/26/2018 - 20:26:11: [umc-core.smx] MAPVOTE: Players voted for map 'con_blast_ob2' from group 'Infantry Maps'
L 10/26/2018 - 20:26:11: [umc-core.smx] Vote has concluded.
L 10/26/2018 - 20:26:16: [umc-core.smx] ---------------------MAP CHANGE: con_blast_ob2---------------------
L 10/26/2018 - 20:26:16: [umc-endvote-warnings.smx] Successfully parsed and set up 11 vote warnings.
L 10/26/2018 - 20:26:16: [umc-rockthevote.smx] RTV will be made available in 60 seconds.
L 10/26/2018 - 20:27:18: [umc-rockthevote.smx] RTV is now available.
L 10/26/2018 - 20:36:22: [umc-emp-mapvote.smx] Map vote will appear in 30 seconds.
L 10/26/2018 - 20:36:53: [umc-emp-mapvote.smx] Starting a map vote.
L 10/26/2018 - 20:36:53: [umc-core.smx] WARNING: Map "emp_temple_b3f" does not exist on the server. (Group: "Commander Maps")
L 10/26/2018 - 20:36:53: [umc-core.smx] VOTE MENU: (Verbose) Fetching 7 maps from group 'Commander Maps'
L 10/26/2018 - 20:36:53: [umc-core.smx] VOTE MENU: (Verbose) Finished parsing nominations for map group 'Commander Maps'
L 10/26/2018 - 20:36:53: [umc-core.smx] VOTE MENU: (Verbose) Still need to fetch 7 maps from the group.
L 10/26/2018 - 20:36:53: [umc-core.smx] VOTE MENU: (Verbose) Selected map 'emp_downfall_hce' from group 'Commander Maps' was added to the vote.
L 10/26/2018 - 20:36:53: [umc-core.smx] VOTE MENU: (Verbose) Selected map 'emp_drygulch_a7' from group 'Commander Maps' was added to the vote.
L 10/26/2018 - 20:36:53: [umc-core.smx] VOTE MENU: (Verbose) Selected map 'emp_crossroads_towerless_hce2' from group 'Commander Maps' was added to the vote.
L 10/26/2018 - 20:36:53: [umc-core.smx] VOTE MENU: (Verbose) Selected map 'emp_beachfront_b2_hce' from group 'Commander Maps' was added to the vote.
L 10/26/2018 - 20:36:53: [umc-core.smx] VOTE MENU: (Verbose) No more maps in map group 'Commander Maps'
L 10/26/2018 - 20:36:53: [umc-core.smx] VOTE MENU: (Verbose) Fetching 1 maps from group 'Infantry Maps'
L 10/26/2018 - 20:36:53: [umc-core.smx] VOTE MENU: (Verbose) Finished parsing nominations for map group 'Infantry Maps'
L 10/26/2018 - 20:36:53: [umc-core.smx] VOTE MENU: (Verbose) Still need to fetch 1 maps from the group.
L 10/26/2018 - 20:36:53: [umc-core.smx] VOTE MENU: (Verbose) No more maps in map group 'Infantry Maps'
L 10/26/2018 - 20:36:53: [umc-core.smx] VOTE MENU: (Verbose) Fetching 0 maps from group 'Cooldown Maps'
L 10/26/2018 - 20:36:53: [umc-core.smx] VOTE MENU: (Verbose) Finished parsing nominations for map group 'Cooldown Maps'
L 10/26/2018 - 20:36:53: [umc-core.smx] Initiating Vote Type: Map
L 10/26/2018 - 20:36:53: [umc-core.smx] Adding Clients to Vote:
L 10/26/2018 - 20:36:53: [umc-core.smx] 0: Mr. X. (1)
L 10/26/2018 - 20:36:53: [umc-core.smx] 1: Emperor Benji (no mic) (2)
L 10/26/2018 - 20:36:53: [umc-core.smx] 2: Spyer (5)
L 10/26/2018 - 20:36:53: [umc-core.smx] 3: YouzY (7)
L 10/26/2018 - 20:36:53: [umc-core.smx] VOTE MENU:
L 10/26/2018 - 20:36:53: [umc-core.smx] 2: emp_drygulch (0)
L 10/26/2018 - 20:36:53: [umc-core.smx] 3: emp_crossroads (1)
L 10/26/2018 - 20:36:53: [umc-core.smx] 4: emp_beachfront (2)
L 10/26/2018 - 20:36:53: [umc-core.smx] 5: emp_downfall (3)
L 10/26/2018 - 20:37:23: [umc-emp-mapvote.smx] WARNING: Map Voting failure. Initiating random map fail-safe.
L 10/26/2018 - 20:37:23: [umc-core.smx] WARNING: Map "emp_temple_b3f" does not exist on the server. (Group: "Commander Maps")
L 10/26/2018 - 20:37:23: [umc-core.smx] Setting nextmap to: emp_beachfront_b2_hce
L 10/26/2018 - 20:37:23: [umc-randomcycle.smx] Disabling random nextmap selection.
L 10/26/2018 - 20:37:23: [umc-core.smx] umc-emp-mapvote.smx: Changing map to 'emp_beachfront_b2_hce' in 5 seconds.
L 10/26/2018 - 20:37:23: [umc-core.smx] Vote has concluded.
L 10/26/2018 - 20:37:31: [umc-core.smx] ---------------------MAP CHANGE: emp_beachfront_b2_hce---------------------
L 10/26/2018 - 20:37:31: [umc-endvote-warnings.smx] Successfully parsed and set up 11 vote warnings.
L 10/26/2018 - 20:37:31: [umc-rockthevote.smx] RTV will be made available in 60 seconds.
L 10/26/2018 - 20:38:33: [umc-rockthevote.smx] RTV is now available.
L 10/26/2018 - 21:46:15: [umc-nominate.smx] Lightning [Jekotia] wants to nominate a map.
L 10/26/2018 - 21:46:22: [umc-core.smx] WARNING: Map "emp_temple_b3f" does not exist on the server. (Group: "Commander Maps")
L 10/26/2018 - 21:47:40: [umc-nominate.smx] Lightning [Jekotia] wants to nominate a map.
L 10/26/2018 - 21:47:45: [umc-core.smx] WARNING: Map "emp_temple_b3f" does not exist on the server. (Group: "Commander Maps")
L 10/26/2018 - 21:47:50: [umc-nominate.smx] Wolf wants to nominate a map.
L 10/26/2018 - 21:48:02: [umc-nominate.smx] Lightning [Jekotia] wants to nominate a map.
L 10/26/2018 - 21:48:06: [umc-nominate.smx] Lightning [Jekotia] has nominated 'con_urbanchaos' from group 'Infantry Maps'
L 10/26/2018 - 21:54:36: [umc-emp-mapvote.smx] Map vote will appear in 30 seconds.
L 10/26/2018 - 21:55:06: [umc-emp-mapvote.smx] Starting a map vote.
L 10/26/2018 - 21:55:06: [umc-core.smx] WARNING: Map "emp_temple_b3f" does not exist on the server. (Group: "Commander Maps")
L 10/26/2018 - 21:55:06: [umc-core.smx] VOTE MENU: (Verbose) Fetching 7 maps from group 'Commander Maps'
L 10/26/2018 - 21:55:06: [umc-core.smx] VOTE MENU: (Verbose) Finished parsing nominations for map group 'Commander Maps'
L 10/26/2018 - 21:55:06: [umc-core.smx] VOTE MENU: (Verbose) Still need to fetch 7 maps from the group.
L 10/26/2018 - 21:55:06: [umc-core.smx] VOTE MENU: (Verbose) Selected map 'emp_downfall_hce' from group 'Commander Maps' was added to the vote.
L 10/26/2018 - 21:55:06: [umc-core.smx] VOTE MENU: (Verbose) Selected map 'emp_crossroads_towerless_hce2' from group 'Commander Maps' was added to the vote.
L 10/26/2018 - 21:55:06: [umc-core.smx] VOTE MENU: (Verbose) Selected map 'emp_drygulch_a7' from group 'Commander Maps' was added to the vote.
L 10/26/2018 - 21:55:06: [umc-core.smx] VOTE MENU: (Verbose) No more maps in map group 'Commander Maps'
L 10/26/2018 - 21:55:06: [umc-core.smx] VOTE MENU: (Verbose) Fetching 1 maps from group 'Infantry Maps'
L 10/26/2018 - 21:55:06: [umc-core.smx] VOTE MENU: (Verbose) Nominated map 'con_urbanchaos' from group 'Infantry Maps' was added to the vote.
L 10/26/2018 - 21:55:06: [umc-core.smx] VOTE MENU: (Verbose) Finished parsing nominations for map group 'Infantry Maps'
L 10/26/2018 - 21:55:06: [umc-core.smx] VOTE MENU: (Verbose) Fetching 0 maps from group 'Cooldown Maps'
L 10/26/2018 - 21:55:06: [umc-core.smx] VOTE MENU: (Verbose) Finished parsing nominations for map group 'Cooldown Maps'
L 10/26/2018 - 21:55:06: [umc-core.smx] Initiating Vote Type: Map
L 10/26/2018 - 21:55:06: [umc-core.smx] Adding Clients to Vote:
L 10/26/2018 - 21:55:06: [umc-core.smx] 0: Mr. X. (1)
L 10/26/2018 - 21:55:06: [umc-core.smx] 1: (:EcHo:) MrMate (2)
L 10/26/2018 - 21:55:06: [umc-core.smx] 2: Lightning [Jekotia] (3)
L 10/26/2018 - 21:55:06: [umc-core.smx] 3: Justkidding (FutureFunk) (4)
L 10/26/2018 - 21:55:06: [umc-core.smx] 4: .|Ϟ|. Catface (5)
L 10/26/2018 - 21:55:06: [umc-core.smx] 5: Spyer (6)
L 10/26/2018 - 21:55:06: [umc-core.smx] 6: V1RU58E9 (7)
L 10/26/2018 - 21:55:06: [umc-core.smx] 7: Wolf (8)
L 10/26/2018 - 21:55:06: [umc-core.smx] 8: observer-3 (9)
L 10/26/2018 - 21:55:06: [umc-core.smx] 9: xsEgo (10)
L 10/26/2018 - 21:55:06: [umc-core.smx] VOTE MENU:
L 10/26/2018 - 21:55:06: [umc-core.smx] 2: emp_drygulch (0)
L 10/26/2018 - 21:55:06: [umc-core.smx] 3: con_urbanchaos (1)
L 10/26/2018 - 21:55:06: [umc-core.smx] 4: emp_crossroads (2)
L 10/26/2018 - 21:55:06: [umc-core.smx] 5: emp_downfall (3)
L 10/26/2018 - 21:55:08: [umc-core.smx] Spyer<20><[U:1:34143605]><> selected menu item 2
L 10/26/2018 - 21:55:09: [umc-core.smx] .|Ϟ|. Catface<19><[U:1:41745247]><> selected menu item 2
L 10/26/2018 - 21:55:12: [umc-core.smx] Lightning [Jekotia]<17><[U:1:44158129]><> selected menu item 2
L 10/26/2018 - 21:55:13: [umc-core.smx] xsEgo<25><[U:1:72025437]><> selected menu item 2
L 10/26/2018 - 21:55:22: [umc-core.smx] (:EcHo:) MrMate<16><[U:1:303500543]><> selected menu item 1
L 10/26/2018 - 21:55:34: [umc-core.smx] Wolf<23><[U:1:129872431]><> selected menu item 4
L 10/26/2018 - 21:55:37: [umc-core.smx] Setting nextmap to: con_urbanchaos
L 10/26/2018 - 21:55:37: [umc-randomcycle.smx] Disabling random nextmap selection.
L 10/26/2018 - 21:55:37: [umc-core.smx] umc-emp-mapvote.smx: Changing map to 'con_urbanchaos' in 5 seconds.
L 10/26/2018 - 21:55:37: [umc-core.smx] MAPVOTE: Players voted for map 'con_urbanchaos' from group 'Infantry Maps'
L 10/26/2018 - 21:55:37: [umc-core.smx] Vote has concluded.
L 10/26/2018 - 21:55:43: [umc-core.smx] ---------------------MAP CHANGE: con_urbanchaos---------------------
L 10/26/2018 - 21:55:43: [umc-endvote-warnings.smx] Successfully parsed and set up 11 vote warnings.
L 10/26/2018 - 21:55:43: [umc-rockthevote.smx] RTV will be made available in 60 seconds.
L 10/26/2018 - 21:56:45: [umc-rockthevote.smx] RTV is now available.
L 10/26/2018 - 21:56:54: [umc-nominate.smx] xsEgo wants to nominate a map.
L 10/26/2018 - 21:56:55: [umc-core.smx] WARNING: Map "emp_temple_b3f" does not exist on the server. (Group: "Commander Maps")
L 10/26/2018 - 21:56:58: [umc-nominate.smx] xsEgo has nominated 'emp_drygulch_a7' from group 'Commander Maps'
L 10/26/2018 - 22:03:24: [umc-nominate.smx] .|Ϟ|. Catface wants to nominate a map.
L 10/26/2018 - 22:03:24: [umc-core.smx] WARNING: Map "emp_temple_b3f" does not exist on the server. (Group: "Commander Maps")
L 10/26/2018 - 22:03:25: [umc-nominate.smx] .|Ϟ|. Catface has nominated 'emp_crossroads_towerless_hce2' from group 'Commander Maps'
L 10/26/2018 - 22:03:33: [umc-nominate.smx] Zeke 🐙 wants to nominate a map.
L 10/26/2018 - 22:03:34: [umc-core.smx] WARNING: Map "emp_temple_b3f" does not exist on the server. (Group: "Commander Maps")
L 10/26/2018 - 22:03:38: [umc-core.smx] WARNING: Map "emp_temple_b3f" does not exist on the server. (Group: "Commander Maps")
L 10/26/2018 - 22:03:38: [umc-nominate.smx] Zeke 🐙 has nominated 'emp_downfall_hce' from group 'Commander Maps'
L 10/26/2018 - 22:03:55: [umc-emp-mapvote.smx] Map vote will appear in 30 seconds.
L 10/26/2018 - 22:04:02: [umc-nominate.smx] Mr. X. wants to nominate a map.
L 10/26/2018 - 22:04:03: [umc-nominate.smx] Mr. X. has nominated 'emp_vehicletraining_2013' from group 'Infantry Maps'
L 10/26/2018 - 22:04:25: [umc-emp-mapvote.smx] Starting a map vote.
L 10/26/2018 - 22:04:25: [umc-core.smx] WARNING: Map "emp_temple_b3f" does not exist on the server. (Group: "Commander Maps")
L 10/26/2018 - 22:04:25: [umc-core.smx] VOTE MENU: (Verbose) Fetching 7 maps from group 'Commander Maps'
L 10/26/2018 - 22:04:25: [umc-core.smx] VOTE MENU: (Verbose) Nominated map 'emp_drygulch_a7' from group 'Commander Maps' was added to the vote.
L 10/26/2018 - 22:04:25: [umc-core.smx] VOTE MENU: (Verbose) Nominated map 'emp_crossroads_towerless_hce2' from group 'Commander Maps' was added to the vote.
L 10/26/2018 - 22:04:25: [umc-core.smx] VOTE MENU: (Verbose) Nominated map 'emp_downfall_hce' from group 'Commander Maps' was added to the vote.
L 10/26/2018 - 22:04:25: [umc-core.smx] VOTE MENU: (Verbose) Finished parsing nominations for map group 'Commander Maps'
L 10/26/2018 - 22:04:25: [umc-core.smx] VOTE MENU: (Verbose) Still need to fetch 4 maps from the group.
L 10/26/2018 - 22:04:25: [umc-core.smx] VOTE MENU: (Verbose) No more maps in map group 'Commander Maps'
L 10/26/2018 - 22:04:25: [umc-core.smx] VOTE MENU: (Verbose) Fetching 1 maps from group 'Infantry Maps'
L 10/26/2018 - 22:04:25: [umc-core.smx] VOTE MENU: (Verbose) Nominated map 'emp_vehicletraining_2013' from group 'Infantry Maps' was added to the vote.
L 10/26/2018 - 22:04:25: [umc-core.smx] VOTE MENU: (Verbose) Finished parsing nominations for map group 'Infantry Maps'
L 10/26/2018 - 22:04:25: [umc-core.smx] VOTE MENU: (Verbose) Fetching 0 maps from group 'Cooldown Maps'
L 10/26/2018 - 22:04:25: [umc-core.smx] VOTE MENU: (Verbose) Finished parsing nominations for map group 'Cooldown Maps'
L 10/26/2018 - 22:04:25: [umc-core.smx] Initiating Vote Type: Map
L 10/26/2018 - 22:04:25: [umc-core.smx] Adding Clients to Vote:
L 10/26/2018 - 22:04:25: [umc-core.smx] 0: Mr. X. (1)
L 10/26/2018 - 22:04:25: [umc-core.smx] 1: (:EcHo:) MrMate (2)
L 10/26/2018 - 22:04:25: [umc-core.smx] 2: Doc Selo (3)
L 10/26/2018 - 22:04:25: [umc-core.smx] 3: Justkidding (FutureFunk) (4)
L 10/26/2018 - 22:04:25: [umc-core.smx] 4: .|Ϟ|. Catface (5)
L 10/26/2018 - 22:04:25: [umc-core.smx] 5: Spyer (6)
L 10/26/2018 - 22:04:25: [umc-core.smx] 6: V1RU58E9 (7)
L 10/26/2018 - 22:04:25: [umc-core.smx] 7: Wolf (8)
L 10/26/2018 - 22:04:25: [umc-core.smx] 8: observer-3 (9)
L 10/26/2018 - 22:04:25: [umc-core.smx] 9: xsEgo (10)
L 10/26/2018 - 22:04:25: [umc-core.smx] 10: Zeke 🐙 (11)
L 10/26/2018 - 22:04:25: [umc-core.smx] VOTE MENU:
L 10/26/2018 - 22:04:25: [umc-core.smx] 2: emp_downfall (0)
L 10/26/2018 - 22:04:25: [umc-core.smx] 3: emp_crossroads (1)
L 10/26/2018 - 22:04:25: [umc-core.smx] 4: con_vehicletraining (2)
L 10/26/2018 - 22:04:25: [umc-core.smx] 5: emp_drygulch (3)
L 10/26/2018 - 22:04:27: [umc-core.smx] Doc Selo<27><[U:1:13043115]><> selected menu item 2
L 10/26/2018 - 22:04:28: [umc-core.smx] (:EcHo:) MrMate<16><[U:1:303500543]><> selected menu item 1
L 10/26/2018 - 22:04:28: [umc-core.smx] Spyer<20><[U:1:34143605]><> selected menu item 3
L 10/26/2018 - 22:04:32: [umc-core.smx] Wolf<23><[U:1:129872431]><> selected menu item 3
L 10/26/2018 - 22:04:32: [umc-core.smx] Mr. X.<2><[U:1:27106968]><> selected menu item 3
L 10/26/2018 - 22:04:33: [umc-core.smx] xsEgo<25><[U:1:72025437]><> selected menu item 3
L 10/26/2018 - 22:04:37: [umc-core.smx] .|Ϟ|. Catface<19><[U:1:41745247]><> selected menu item 2
L 10/26/2018 - 22:04:40: [umc-core.smx] .|Ϟ|. Catface<19><[U:1:41745247]><> selected menu item 3
L 10/26/2018 - 22:04:43: [umc-core.smx] Justkidding (FutureFunk)<18><[U:1:2788022]><> selected menu item 2
L 10/26/2018 - 22:04:48: [umc-core.smx] .|Ϟ|. Catface<19><[U:1:41745247]><> selected menu item 2
L 10/26/2018 - 22:04:55: [umc-core.smx] Justkidding (FutureFunk)<18><[U:1:2788022]><> selected menu item 2
L 10/26/2018 - 22:04:55: [umc-core.smx] V1RU58E9<21><[U:1:247428675]><> selected menu item 2
L 10/26/2018 - 22:04:56: [umc-core.smx] RUNOFF MENU: (Verbose) Building runoff vote menu.
L 10/26/2018 - 22:04:56: [umc-core.smx] RUNOFF MENU: (Verbose) 'emp_downfall' was removed from the vote. It had 1 votes (11 of total)
L 10/26/2018 - 22:04:56: [umc-core.smx] RUNOFF MENU: (Verbose) Stopped removing options from the vote. Maximum possible winning vote percentage is 55%
L 10/26/2018 - 22:04:56: [umc-core.smx] Vote has concluded.
L 10/26/2018 - 22:05:04: [umc-core.smx] RUNOFF: Starting runoff vote.
L 10/26/2018 - 22:05:04: [umc-core.smx] Initiating Vote Type: Map
L 10/26/2018 - 22:05:04: [umc-core.smx] Adding Clients to Vote:
L 10/26/2018 - 22:05:04: [umc-core.smx] 0: Mr. X. (1)
L 10/26/2018 - 22:05:04: [umc-core.smx] 1: (:EcHo:) MrMate (2)
L 10/26/2018 - 22:05:04: [umc-core.smx] 2: Doc Selo (3)
L 10/26/2018 - 22:05:04: [umc-core.smx] 3: Justkidding (FutureFunk) (4)
L 10/26/2018 - 22:05:04: [umc-core.smx] 4: .|Ϟ|. Catface (5)
L 10/26/2018 - 22:05:04: [umc-core.smx] 5: Spyer (6)
L 10/26/2018 - 22:05:04: [umc-core.smx] 6: V1RU58E9 (7)
L 10/26/2018 - 22:05:04: [umc-core.smx] 7: Wolf (8)
L 10/26/2018 - 22:05:04: [umc-core.smx] 8: observer-3 (9)
L 10/26/2018 - 22:05:04: [umc-core.smx] 9: xsEgo (10)
L 10/26/2018 - 22:05:04: [umc-core.smx] 10: Zeke 🐙 (11)
L 10/26/2018 - 22:05:04: [umc-core.smx] VOTE MENU:
L 10/26/2018 - 22:05:04: [umc-core.smx] 2: con_vehicletraining (2)
L 10/26/2018 - 22:05:04: [umc-core.smx] 3: emp_crossroads (1)
L 10/26/2018 - 22:05:05: [umc-core.smx] .|Ϟ|. Catface<19><[U:1:41745247]><> selected menu item 2
L 10/26/2018 - 22:05:05: [umc-core.smx] Spyer<20><[U:1:34143605]><> selected menu item 1
L 10/26/2018 - 22:05:06: [umc-core.smx] xsEgo<25><[U:1:72025437]><> selected menu item 1
L 10/26/2018 - 22:05:12: [umc-core.smx] V1RU58E9<21><[U:1:247428675]><> selected menu item 2
L 10/26/2018 - 22:05:16: [umc-core.smx] Mr. X.<2><[U:1:27106968]><> selected menu item 1
L 10/26/2018 - 22:05:18: [umc-core.smx] Justkidding (FutureFunk)<18><[U:1:2788022]><> selected menu item 2
L 10/26/2018 - 22:05:26: [umc-core.smx] .|Ϟ|. Catface<19><[U:1:41745247]><> selected menu item 1
L 10/26/2018 - 22:05:35: [umc-core.smx] Setting nextmap to: emp_vehicletraining_2013
L 10/26/2018 - 22:05:35: [umc-randomcycle.smx] Disabling random nextmap selection.
L 10/26/2018 - 22:05:35: [umc-core.smx] umc-emp-mapvote.smx: Changing map to 'emp_vehicletraining_2013' in 5 seconds.
L 10/26/2018 - 22:05:35: [umc-core.smx] MAPVOTE: Players voted for map 'emp_vehicletraining_2013' from group 'Infantry Maps'
L 10/26/2018 - 22:05:35: [umc-core.smx] Vote has concluded.
L 10/26/2018 - 22:05:41: [umc-core.smx] ---------------------MAP CHANGE: emp_vehicletraining_2013---------------------
L 10/26/2018 - 22:05:41: [umc-endvote-warnings.smx] Successfully parsed and set up 11 vote warnings.
L 10/26/2018 - 22:05:41: [umc-rockthevote.smx] RTV will be made available in 60 seconds.
L 10/26/2018 - 22:06:42: [umc-rockthevote.smx] RTV is now available.
L 10/26/2018 - 22:23:40: [umc-emp-mapvote.smx] Map vote will appear in 30 seconds.
L 10/26/2018 - 22:23:52: [umc-nominate.smx] .|Ϟ|. Catface wants to nominate a map.
L 10/26/2018 - 22:23:53: [umc-core.smx] WARNING: Map "emp_temple_b3f" does not exist on the server. (Group: "Commander Maps")
L 10/26/2018 - 22:23:55: [umc-nominate.smx] .|Ϟ|. Catface has nominated 'emp_cod_hce' from group 'Commander Maps'
L 10/26/2018 - 22:23:59: [umc-nominate.smx] Zeke 🐙 wants to nominate a map.
L 10/26/2018 - 22:24:00: [umc-core.smx] WARNING: Map "emp_temple_b3f" does not exist on the server. (Group: "Commander Maps")
L 10/26/2018 - 22:24:02: [umc-nominate.smx] Zeke 🐙 has nominated 'emp_crossroads_towerless_hce2' from group 'Commander Maps'
L 10/26/2018 - 22:24:10: [umc-emp-mapvote.smx] Starting a map vote.
L 10/26/2018 - 22:24:10: [umc-core.smx] WARNING: Map "emp_temple_b3f" does not exist on the server. (Group: "Commander Maps")
L 10/26/2018 - 22:24:10: [umc-core.smx] VOTE MENU: (Verbose) Fetching 7 maps from group 'Commander Maps'
L 10/26/2018 - 22:24:10: [umc-core.smx] VOTE MENU: (Verbose) Nominated map 'emp_cod_hce' from group 'Commander Maps' was added to the vote.
L 10/26/2018 - 22:24:10: [umc-core.smx] VOTE MENU: (Verbose) Nominated map 'emp_crossroads_towerless_hce2' from group 'Commander Maps' was added to the vote.
L 10/26/2018 - 22:24:10: [umc-core.smx] VOTE MENU: (Verbose) Finished parsing nominations for map group 'Commander Maps'
L 10/26/2018 - 22:24:10: [umc-core.smx] VOTE MENU: (Verbose) Still need to fetch 5 maps from the group.
L 10/26/2018 - 22:24:10: [umc-core.smx] VOTE MENU: (Verbose) Selected map 'emp_drygulch_a7' from group 'Commander Maps' was added to the vote.
L 10/26/2018 - 22:24:10: [umc-core.smx] VOTE MENU: (Verbose) Selected map 'emp_downfall_hce' from group 'Commander Maps' was added to the vote.
L 10/26/2018 - 22:24:10: [umc-core.smx] VOTE MENU: (Verbose) No more maps in map group 'Commander Maps'
L 10/26/2018 - 22:24:10: [umc-core.smx] VOTE MENU: (Verbose) Fetching 1 maps from group 'Infantry Maps'
L 10/26/2018 - 22:24:10: [umc-core.smx] VOTE MENU: (Verbose) Finished parsing nominations for map group 'Infantry Maps'
L 10/26/2018 - 22:24:10: [umc-core.smx] VOTE MENU: (Verbose) Still need to fetch 1 maps from the group.
L 10/26/2018 - 22:24:10: [umc-core.smx] VOTE MENU: (Verbose) Selected map 'emp_shadows_attacks_fix' from group 'Infantry Maps' was added to the vote.
L 10/26/2018 - 22:24:10: [umc-core.smx] VOTE MENU: (Verbose) Fetching 0 maps from group 'Cooldown Maps'
L 10/26/2018 - 22:24:10: [umc-core.smx] VOTE MENU: (Verbose) Finished parsing nominations for map group 'Cooldown Maps'
L 10/26/2018 - 22:24:10: [umc-core.smx] Initiating Vote Type: Map
L 10/26/2018 - 22:24:10: [umc-core.smx] Adding Clients to Vote:
L 10/26/2018 - 22:24:10: [umc-core.smx] 0: Mr. X. (1)
L 10/26/2018 - 22:24:10: [umc-core.smx] 1: (:EcHo:) MrMate (2)
L 10/26/2018 - 22:24:10: [umc-core.smx] 2: Justkidding (FutureFunk) (4)
L 10/26/2018 - 22:24:10: [umc-core.smx] 3: .|Ϟ|. Catface (5)
L 10/26/2018 - 22:24:10: [umc-core.smx] 4: Spyer (6)
L 10/26/2018 - 22:24:10: [umc-core.smx] 5: V1RU58E9 (7)
L 10/26/2018 - 22:24:10: [umc-core.smx] 6: wurfkeks (8)
L 10/26/2018 - 22:24:10: [umc-core.smx] 7: Nowaf8037 (9)
L 10/26/2018 - 22:24:10: [umc-core.smx] 8: xsEgo (10)
L 10/26/2018 - 22:24:10: [umc-core.smx] 9: Zeke 🐙 (11)
L 10/26/2018 - 22:24:10: [umc-core.smx] 10: ReQuisTTen (12)
L 10/26/2018 - 22:24:10: [umc-core.smx] VOTE MENU:
L 10/26/2018 - 22:24:10: [umc-core.smx] 2: emp_cod (0)
L 10/26/2018 - 22:24:10: [umc-core.smx] 3: emp_downfall (1)
L 10/26/2018 - 22:24:10: [umc-core.smx] 4: con_shadows_attacks (2)
L 10/26/2018 - 22:24:10: [umc-core.smx] 5: emp_drygulch (3)
L 10/26/2018 - 22:24:10: [umc-core.smx] 6: emp_crossroads (4)
L 10/26/2018 - 22:24:12: [umc-core.smx] Zeke 🐙<26><[U:1:5043031]><> selected menu item 5
L 10/26/2018 - 22:24:14: [umc-core.smx] Mr. X.<2><[U:1:27106968]><> selected menu item 5
L 10/26/2018 - 22:24:16: [umc-core.smx] xsEgo<25><[U:1:72025437]><> selected menu item 5
L 10/26/2018 - 22:24:17: [umc-core.smx] .|Ϟ|. Catface<19><[U:1:41745247]><> selected menu item 1
L 10/26/2018 - 22:24:18: [umc-core.smx] V1RU58E9<21><[U:1:247428675]><> selected menu item 5
L 10/26/2018 - 22:24:22: [umc-core.smx] Justkidding (FutureFunk)<18><[U:1:2788022]><> selected menu item 5
L 10/26/2018 - 22:24:23: [umc-core.smx] ReQuisTTen<31><[U:1:101494979]><> selected menu item 1
L 10/26/2018 - 22:24:24: [umc-core.smx] .|Ϟ|. Catface<19><[U:1:41745247]><> selected menu item 5
L 10/26/2018 - 22:24:31: [umc-core.smx] Spyer<20><[U:1:34143605]><> selected menu item 5
L 10/26/2018 - 22:24:40: [umc-core.smx] Setting nextmap to: emp_crossroads_towerless_hce2
L 10/26/2018 - 22:24:40: [umc-randomcycle.smx] Disabling random nextmap selection.
L 10/26/2018 - 22:24:40: [umc-core.smx] umc-emp-mapvote.smx: Changing map to 'emp_crossroads_towerless_hce2' in 5 seconds.
L 10/26/2018 - 22:24:40: [umc-core.smx] MAPVOTE: Players voted for map 'emp_crossroads_towerless_hce2' from group 'Commander Maps'
L 10/26/2018 - 22:24:40: [umc-core.smx] Vote has concluded.
L 10/26/2018 - 22:24:48: [umc-core.smx] ---------------------MAP CHANGE: emp_crossroads_towerless_hce2---------------------
L 10/26/2018 - 22:24:48: [umc-endvote-warnings.smx] Successfully parsed and set up 11 vote warnings.
L 10/26/2018 - 22:24:48: [umc-rockthevote.smx] RTV will be made available in 60 seconds.
L 10/26/2018 - 22:25:49: [umc-rockthevote.smx] RTV is now available.
L 10/26/2018 - 22:57:04: [umc-nominate.smx] .|Ϟ|. Catface wants to nominate a map.
L 10/26/2018 - 22:57:05: [umc-core.smx] WARNING: Map "emp_temple_b3f" does not exist on the server. (Group: "Commander Maps")
L 10/26/2018 - 22:57:08: [umc-nominate.smx] .|Ϟ|. Catface has nominated 'emp_cod_hce' from group 'Commander Maps'
L 10/26/2018 - 22:59:45: [umc-emp-mapvote.smx] Map vote will appear in 30 seconds.
L 10/26/2018 - 23:00:15: [umc-emp-mapvote.smx] Starting a map vote.
L 10/26/2018 - 23:00:15: [umc-core.smx] WARNING: Map "emp_temple_b3f" does not exist on the server. (Group: "Commander Maps")
L 10/26/2018 - 23:00:15: [umc-core.smx] VOTE MENU: (Verbose) Fetching 7 maps from group 'Commander Maps'
L 10/26/2018 - 23:00:15: [umc-core.smx] VOTE MENU: (Verbose) Nominated map 'emp_cod_hce' from group 'Commander Maps' was added to the vote.
L 10/26/2018 - 23:00:15: [umc-core.smx] VOTE MENU: (Verbose) Finished parsing nominations for map group 'Commander Maps'
L 10/26/2018 - 23:00:15: [umc-core.smx] VOTE MENU: (Verbose) Still need to fetch 6 maps from the group.
L 10/26/2018 - 23:00:15: [umc-core.smx] VOTE MENU: (Verbose) Selected map 'emp_downfall_hce' from group 'Commander Maps' was added to the vote.
L 10/26/2018 - 23:00:15: [umc-core.smx] VOTE MENU: (Verbose) Selected map 'emp_drygulch_a7' from group 'Commander Maps' was added to the vote.
L 10/26/2018 - 23:00:15: [umc-core.smx] VOTE MENU: (Verbose) No more maps in map group 'Commander Maps'
L 10/26/2018 - 23:00:15: [umc-core.smx] VOTE MENU: (Verbose) Fetching 1 maps from group 'Infantry Maps'
L 10/26/2018 - 23:00:15: [umc-core.smx] VOTE MENU: (Verbose) Finished parsing nominations for map group 'Infantry Maps'
L 10/26/2018 - 23:00:15: [umc-core.smx] VOTE MENU: (Verbose) Still need to fetch 1 maps from the group.
L 10/26/2018 - 23:00:15: [umc-core.smx] VOTE MENU: (Verbose) Selected map 'emp_shadows_attacks_fix' from group 'Infantry Maps' was added to the vote.
L 10/26/2018 - 23:00:15: [umc-core.smx] VOTE MENU: (Verbose) Fetching 0 maps from group 'Cooldown Maps'
L 10/26/2018 - 23:00:15: [umc-core.smx] VOTE MENU: (Verbose) Finished parsing nominations for map group 'Cooldown Maps'
L 10/26/2018 - 23:00:15: [umc-core.smx] Initiating Vote Type: Map
L 10/26/2018 - 23:00:15: [umc-core.smx] Adding Clients to Vote:
L 10/26/2018 - 23:00:15: [umc-core.smx] 0: Mr. X. (1)
L 10/26/2018 - 23:00:15: [umc-core.smx] 1: Amongst Clouds (2)
L 10/26/2018 - 23:00:15: [umc-core.smx] 2: V1RU58E9 (3)
L 10/26/2018 - 23:00:15: [umc-core.smx] 3: Justkidding (FutureFunk) (4)
L 10/26/2018 - 23:00:15: [umc-core.smx] 4: .|Ϟ|. Catface (5)
L 10/26/2018 - 23:00:15: [umc-core.smx] 5: Spyer (6)
L 10/26/2018 - 23:00:15: [umc-core.smx] 6: Nowaf8037 (9)
L 10/26/2018 - 23:00:15: [umc-core.smx] 7: xsEgo (10)
L 10/26/2018 - 23:00:15: [umc-core.smx] 8: Zeke 🐙 (11)
L 10/26/2018 - 23:00:15: [umc-core.smx] 9: ReQuisTTen (12)
L 10/26/2018 - 23:00:15: [umc-core.smx] 10: Maj Zeke 24thBattalionCommander (13)
L 10/26/2018 - 23:00:15: [umc-core.smx] VOTE MENU:
L 10/26/2018 - 23:00:15: [umc-core.smx] 2: emp_drygulch (0)
L 10/26/2018 - 23:00:15: [umc-core.smx] 3: con_shadows_attacks (1)
L 10/26/2018 - 23:00:15: [umc-core.smx] 4: emp_downfall (2)
L 10/26/2018 - 23:00:15: [umc-core.smx] 5: emp_cod (3)
L 10/26/2018 - 23:00:22: [umc-core.smx] Amongst Clouds<33><[U:1:4893430]><> selected menu item 1
L 10/26/2018 - 23:00:22: [umc-core.smx] Nowaf8037<30><[U:1:309341142]><> selected menu item 2
L 10/26/2018 - 23:00:24: [umc-core.smx] .|Ϟ|. Catface<19><[U:1:41745247]><> selected menu item 4
L 10/26/2018 - 23:00:29: [umc-core.smx] ReQuisTTen<31><[U:1:101494979]><> selected menu item 1
L 10/26/2018 - 23:00:32: [umc-core.smx] xsEgo<25><[U:1:72025437]><> selected menu item 1
L 10/26/2018 - 23:00:45: [umc-core.smx] Setting nextmap to: emp_drygulch_a7
L 10/26/2018 - 23:00:45: [umc-randomcycle.smx] Disabling random nextmap selection.
L 10/26/2018 - 23:00:45: [umc-core.smx] umc-emp-mapvote.smx: Changing map to 'emp_drygulch_a7' in 5 seconds.
L 10/26/2018 - 23:00:45: [umc-core.smx] MAPVOTE: Players voted for map 'emp_drygulch_a7' from group 'Commander Maps'
L 10/26/2018 - 23:00:45: [umc-core.smx] Vote has concluded.
L 10/26/2018 - 23:00:51: [umc-core.smx] ---------------------MAP CHANGE: emp_drygulch_a7---------------------
L 10/26/2018 - 23:00:51: [umc-endvote-warnings.smx] Successfully parsed and set up 11 vote warnings.
L 10/26/2018 - 23:00:51: [umc-rockthevote.smx] RTV will be made available in 60 seconds.
L 10/26/2018 - 23:01:52: [umc-rockthevote.smx] RTV is now available.
L 10/26/2018 - 23:48:21: [umc-emp-mapvote.smx] Map vote will appear in 30 seconds.
L 10/26/2018 - 23:48:51: [umc-emp-mapvote.smx] Starting a map vote.
L 10/26/2018 - 23:48:51: [umc-core.smx] WARNING: Map "emp_temple_b3f" does not exist on the server. (Group: "Commander Maps")
L 10/26/2018 - 23:48:51: [umc-core.smx] VOTE MENU: (Verbose) Fetching 7 maps from group 'Commander Maps'
L 10/26/2018 - 23:48:51: [umc-core.smx] VOTE MENU: (Verbose) Finished parsing nominations for map group 'Commander Maps'
L 10/26/2018 - 23:48:51: [umc-core.smx] VOTE MENU: (Verbose) Still need to fetch 7 maps from the group.
L 10/26/2018 - 23:48:51: [umc-core.smx] VOTE MENU: (Verbose) Selected map 'emp_cod_hce' from group 'Commander Maps' was added to the vote.
L 10/26/2018 - 23:48:51: [umc-core.smx] VOTE MENU: (Verbose) Selected map 'emp_downfall_hce' from group 'Commander Maps' was added to the vote.
L 10/26/2018 - 23:48:51: [umc-core.smx] VOTE MENU: (Verbose) No more maps in map group 'Commander Maps'
L 10/26/2018 - 23:48:51: [umc-core.smx] VOTE MENU: (Verbose) Fetching 1 maps from group 'Infantry Maps'
L 10/26/2018 - 23:48:51: [umc-core.smx] VOTE MENU: (Verbose) Finished parsing nominations for map group 'Infantry Maps'
L 10/26/2018 - 23:48:51: [umc-core.smx] VOTE MENU: (Verbose) Still need to fetch 1 maps from the group.
L 10/26/2018 - 23:48:51: [umc-core.smx] VOTE MENU: (Verbose) Selected map 'con_district402' from group 'Infantry Maps' was added to the vote.
L 10/26/2018 - 23:48:51: [umc-core.smx] VOTE MENU: (Verbose) Fetching 0 maps from group 'Cooldown Maps'
L 10/26/2018 - 23:48:51: [umc-core.smx] VOTE MENU: (Verbose) Finished parsing nominations for map group 'Cooldown Maps'
L 10/26/2018 - 23:48:51: [umc-core.smx] Initiating Vote Type: Map
L 10/26/2018 - 23:48:51: [umc-core.smx] Adding Clients to Vote:
L 10/26/2018 - 23:48:51: [umc-core.smx] 0: Mr. X. (1)
L 10/26/2018 - 23:48:51: [umc-core.smx] 1: Grave (2)
L 10/26/2018 - 23:48:51: [umc-core.smx] 2: V1RU58E9 (3)
L 10/26/2018 - 23:48:51: [umc-core.smx] 3: Justkidding (FutureFunk) (4)
L 10/26/2018 - 23:48:51: [umc-core.smx] 4: Spyer (6)
L 10/26/2018 - 23:48:51: [umc-core.smx] 5: Nowaf8037 (9)
L 10/26/2018 - 23:48:51: [umc-core.smx] 6: xsEgo (10)
L 10/26/2018 - 23:48:51: [umc-core.smx] 7: ReQuisTTen (12)
L 10/26/2018 - 23:48:51: [umc-core.smx] VOTE MENU:
L 10/26/2018 - 23:48:51: [umc-core.smx] 2: emp_downfall (0)
L 10/26/2018 - 23:48:51: [umc-core.smx] 3: con_district402 (1)
L 10/26/2018 - 23:48:51: [umc-core.smx] 4: emp_cod (2)
L 10/26/2018 - 23:49:00: [umc-core.smx] xsEgo<25><[U:1:72025437]><> selected menu item 3
L 10/26/2018 - 23:49:00: [umc-core.smx] ReQuisTTen<31><[U:1:101494979]><> selected menu item 1
L 10/26/2018 - 23:49:04: [umc-core.smx] Mr. X.<2><[U:1:27106968]><> selected menu item 3
L 10/26/2018 - 23:49:07: [umc-core.smx] Spyer<20><[U:1:34143605]><> selected menu item 2
L 10/26/2018 - 23:49:20: [umc-core.smx] Grave<36><[U:1:34977414]><> selected menu item 3
L 10/26/2018 - 23:49:21: [umc-core.smx] Setting nextmap to: emp_cod_hce
L 10/26/2018 - 23:49:21: [umc-randomcycle.smx] Disabling random nextmap selection.
L 10/26/2018 - 23:49:21: [umc-core.smx] umc-emp-mapvote.smx: Changing map to 'emp_cod_hce' in 5 seconds.
L 10/26/2018 - 23:49:21: [umc-core.smx] MAPVOTE: Players voted for map 'emp_cod_hce' from group 'Commander Maps'
L 10/26/2018 - 23:49:21: [umc-core.smx] Vote has concluded.
L 10/26/2018 - 23:49:26: [umc-core.smx] ---------------------MAP CHANGE: emp_cod_hce---------------------
L 10/26/2018 - 23:49:26: [umc-endvote-warnings.smx] Successfully parsed and set up 11 vote warnings.
L 10/26/2018 - 23:49:26: [umc-rockthevote.smx] RTV will be made available in 60 seconds.
L 10/26/2018 - 23:50:28: [umc-rockthevote.smx] RTV is now available.
L 10/26/2018 - 23:56:14: [umc-emp-mapvote.smx] Map vote will appear in 30 seconds.
L 10/26/2018 - 23:56:44: [umc-emp-mapvote.smx] Starting a map vote.
L 10/26/2018 - 23:56:44: [umc-core.smx] WARNING: Map "emp_temple_b3f" does not exist on the server. (Group: "Commander Maps")
L 10/26/2018 - 23:56:44: [umc-core.smx] VOTE MENU: (Verbose) Fetching 7 maps from group 'Commander Maps'
L 10/26/2018 - 23:56:44: [umc-core.smx] VOTE MENU: (Verbose) Finished parsing nominations for map group 'Commander Maps'
L 10/26/2018 - 23:56:44: [umc-core.smx] VOTE MENU: (Verbose) Still need to fetch 7 maps from the group.
L 10/26/2018 - 23:56:44: [umc-core.smx] VOTE MENU: (Verbose) Selected map 'emp_downfall_hce' from group 'Commander Maps' was added to the vote.
L 10/26/2018 - 23:56:44: [umc-core.smx] VOTE MENU: (Verbose) Selected map 'emp_beachfront_b2_hce' from group 'Commander Maps' was added to the vote.
L 10/26/2018 - 23:56:44: [umc-core.smx] VOTE MENU: (Verbose) No more maps in map group 'Commander Maps'
L 10/26/2018 - 23:56:44: [umc-core.smx] VOTE MENU: (Verbose) Fetching 1 maps from group 'Infantry Maps'
L 10/26/2018 - 23:56:44: [umc-core.smx] VOTE MENU: (Verbose) Finished parsing nominations for map group 'Infantry Maps'
L 10/26/2018 - 23:56:44: [umc-core.smx] VOTE MENU: (Verbose) Still need to fetch 1 maps from the group.
L 10/26/2018 - 23:56:44: [umc-core.smx] VOTE MENU: (Verbose) Selected map 'con_district402' from group 'Infantry Maps' was added to the vote.
L 10/26/2018 - 23:56:44: [umc-core.smx] VOTE MENU: (Verbose) Fetching 0 maps from group 'Cooldown Maps'
L 10/26/2018 - 23:56:44: [umc-core.smx] VOTE MENU: (Verbose) Finished parsing nominations for map group 'Cooldown Maps'
L 10/26/2018 - 23:56:44: [umc-core.smx] Initiating Vote Type: Map
L 10/26/2018 - 23:56:44: [umc-core.smx] Adding Clients to Vote:
L 10/26/2018 - 23:56:44: [umc-core.smx] 0: Nowaf8037 (9)
L 10/26/2018 - 23:56:44: [umc-core.smx] VOTE MENU:
L 10/26/2018 - 23:56:44: [umc-core.smx] 2: emp_beachfront (0)
L 10/26/2018 - 23:56:44: [umc-core.smx] 3: con_district402 (1)
L 10/26/2018 - 23:56:44: [umc-core.smx] 4: emp_downfall (2)
L 10/26/2018 - 23:57:14: [umc-emp-mapvote.smx] WARNING: Map Voting failure. Initiating random map fail-safe.
L 10/26/2018 - 23:57:14: [umc-core.smx] WARNING: Map "emp_temple_b3f" does not exist on the server. (Group: "Commander Maps")
L 10/26/2018 - 23:57:14: [umc-core.smx] Setting nextmap to: emp_downfall_hce
L 10/26/2018 - 23:57:14: [umc-randomcycle.smx] Disabling random nextmap selection.
L 10/26/2018 - 23:57:14: [umc-core.smx] umc-emp-mapvote.smx: Changing map to 'emp_downfall_hce' in 5 seconds.
L 10/26/2018 - 23:57:14: [umc-core.smx] Vote has concluded.
L 10/26/2018 - 23:57:20: [umc-core.smx] ---------------------MAP CHANGE: emp_downfall_hce---------------------
L 10/26/2018 - 23:57:20: [umc-endvote-warnings.smx] Successfully parsed and set up 11 vote warnings.
L 10/26/2018 - 23:57:20: [umc-rockthevote.smx] RTV will be made available in 60 seconds.
L 10/26/2018 - 23:58:22: [umc-rockthevote.smx] RTV is now available.
