L 05/08/2018 - 18:35:48: [umc-nominate.smx] rauer wants to nominate a map.
L 05/08/2018 - 18:35:52: [umc-nominate.smx] rauer has nominated 'emp_shadows_attacks_fix' from group 'Infantry Maps'
L 05/08/2018 - 18:35:56: [umc-rockthevote.smx] Starting RTV.
L 05/08/2018 - 18:35:56: [umc-core.smx] VOTE MENU: (Verbose) Fetching 6 maps from group 'Commander Maps'
L 05/08/2018 - 18:35:56: [umc-core.smx] VOTE MENU: (Verbose) Finished parsing nominations for map group 'Commander Maps'
L 05/08/2018 - 18:35:56: [umc-core.smx] VOTE MENU: (Verbose) Still need to fetch 6 maps from the group.
L 05/08/2018 - 18:35:56: [umc-core.smx] VOTE MENU: (Verbose) Selected map 'emp_drygulch_a6' from group 'Commander Maps' was added to the vote.
L 05/08/2018 - 18:35:56: [umc-core.smx] VOTE MENU: (Verbose) Selected map 'emp_beachfront_b2_hce' from group 'Commander Maps' was added to the vote.
L 05/08/2018 - 18:35:56: [umc-core.smx] VOTE MENU: (Verbose) Selected map 'emp_downfall_hce' from group 'Commander Maps' was added to the vote.
L 05/08/2018 - 18:35:56: [umc-core.smx] VOTE MENU: (Verbose) No more maps in map group 'Commander Maps'
L 05/08/2018 - 18:35:56: [umc-core.smx] VOTE MENU: (Verbose) Fetching 1 maps from group 'Infantry Maps'
L 05/08/2018 - 18:35:56: [umc-core.smx] VOTE MENU: (Verbose) Nominated map 'emp_shadows_attacks_fix' from group 'Infantry Maps' was added to the vote.
L 05/08/2018 - 18:35:56: [umc-core.smx] VOTE MENU: (Verbose) Finished parsing nominations for map group 'Infantry Maps'
L 05/08/2018 - 18:35:56: [umc-core.smx] VOTE MENU: (Verbose) Fetching 1 maps from group 'Cooldown Maps'
L 05/08/2018 - 18:35:56: [umc-core.smx] VOTE MENU: (Verbose) Finished parsing nominations for map group 'Cooldown Maps'
L 05/08/2018 - 18:35:56: [umc-core.smx] VOTE MENU: (Verbose) Still need to fetch 1 maps from the group.
L 05/08/2018 - 18:35:56: [umc-core.smx] VOTE MENU: (Verbose) Selected map 'fun_ricochet_a4' from group 'Cooldown Maps' was added to the vote.
L 05/08/2018 - 18:35:56: [umc-core.smx] Initiating Vote Type: Map
L 05/08/2018 - 18:35:56: [umc-core.smx] Adding Clients to Vote:
L 05/08/2018 - 18:35:56: [umc-core.smx] 0: rauer (2)
L 05/08/2018 - 18:35:56: [umc-core.smx] VOTE MENU:
L 05/08/2018 - 18:35:56: [umc-core.smx] 2: emp_beachfront (0)
L 05/08/2018 - 18:35:56: [umc-core.smx] 3: con_shadows_attacks (1)
L 05/08/2018 - 18:35:56: [umc-core.smx] 4: emp_downfall (2)
L 05/08/2018 - 18:35:56: [umc-core.smx] 5: emp_drygulch (3)
L 05/08/2018 - 18:35:56: [umc-core.smx] 6: fun_ricochet_a4 (4)
L 05/08/2018 - 18:35:58: [umc-core.smx] rauer<7><[U:1:2546402]><> selected menu item 2
L 05/08/2018 - 18:35:58: [umc-core.smx] Setting nextmap to: emp_shadows_attacks_fix
L 05/08/2018 - 18:35:58: [umc-randomcycle.smx] Disabling random nextmap selection.
L 05/08/2018 - 18:35:58: [umc-core.smx] umc-rockthevote.smx: Changing map to 'emp_shadows_attacks_fix' in 5 seconds.
L 05/08/2018 - 18:35:58: [umc-core.smx] MAPVOTE: Players voted for map 'emp_shadows_attacks_fix' from group 'Infantry Maps'
L 05/08/2018 - 18:35:58: [umc-core.smx] Vote has concluded.
L 05/08/2018 - 18:36:04: [umc-core.smx] ---------------------MAP CHANGE: emp_shadows_attacks_fix---------------------
L 05/08/2018 - 18:36:04: [umc-endvote-warnings.smx] Successfully parsed and set up 11 vote warnings.
L 05/08/2018 - 18:36:04: [umc-rockthevote.smx] RTV will be made available in 60 seconds.
L 05/08/2018 - 18:36:58: [umc-nominate.smx] rauer wants to nominate a map.
L 05/08/2018 - 18:37:03: [umc-nominate.smx] rauer has nominated 'emp_havoc_b1_fix' from group 'Infantry Maps'
L 05/08/2018 - 18:37:05: [umc-rockthevote.smx] RTV is now available.
L 05/08/2018 - 18:37:06: [umc-rockthevote.smx] Starting RTV.
L 05/08/2018 - 18:37:06: [umc-core.smx] VOTE MENU: (Verbose) Fetching 6 maps from group 'Commander Maps'
L 05/08/2018 - 18:37:06: [umc-core.smx] VOTE MENU: (Verbose) Finished parsing nominations for map group 'Commander Maps'
L 05/08/2018 - 18:37:06: [umc-core.smx] VOTE MENU: (Verbose) Still need to fetch 6 maps from the group.
L 05/08/2018 - 18:37:06: [umc-core.smx] VOTE MENU: (Verbose) Selected map 'emp_drygulch_a6' from group 'Commander Maps' was added to the vote.
L 05/08/2018 - 18:37:06: [umc-core.smx] VOTE MENU: (Verbose) Selected map 'emp_downfall_hce' from group 'Commander Maps' was added to the vote.
L 05/08/2018 - 18:37:06: [umc-core.smx] VOTE MENU: (Verbose) Selected map 'emp_beachfront_b2_hce' from group 'Commander Maps' was added to the vote.
L 05/08/2018 - 18:37:06: [umc-core.smx] VOTE MENU: (Verbose) No more maps in map group 'Commander Maps'
L 05/08/2018 - 18:37:06: [umc-core.smx] VOTE MENU: (Verbose) Fetching 1 maps from group 'Infantry Maps'
L 05/08/2018 - 18:37:06: [umc-core.smx] VOTE MENU: (Verbose) Nominated map 'emp_havoc_b1_fix' from group 'Infantry Maps' was added to the vote.
L 05/08/2018 - 18:37:06: [umc-core.smx] VOTE MENU: (Verbose) Finished parsing nominations for map group 'Infantry Maps'
L 05/08/2018 - 18:37:06: [umc-core.smx] VOTE MENU: (Verbose) Fetching 1 maps from group 'Cooldown Maps'
L 05/08/2018 - 18:37:06: [umc-core.smx] VOTE MENU: (Verbose) Finished parsing nominations for map group 'Cooldown Maps'
L 05/08/2018 - 18:37:06: [umc-core.smx] VOTE MENU: (Verbose) Still need to fetch 1 maps from the group.
L 05/08/2018 - 18:37:06: [umc-core.smx] VOTE MENU: (Verbose) Selected map 'fun_ricochet_a4' from group 'Cooldown Maps' was added to the vote.
L 05/08/2018 - 18:37:06: [umc-core.smx] Initiating Vote Type: Map
L 05/08/2018 - 18:37:06: [umc-core.smx] Adding Clients to Vote:
L 05/08/2018 - 18:37:06: [umc-core.smx] 0: rauer (2)
L 05/08/2018 - 18:37:06: [umc-core.smx] VOTE MENU:
L 05/08/2018 - 18:37:06: [umc-core.smx] 2: emp_drygulch (0)
L 05/08/2018 - 18:37:06: [umc-core.smx] 3: emp_downfall (1)
L 05/08/2018 - 18:37:06: [umc-core.smx] 4: fun_ricochet_a4 (2)
L 05/08/2018 - 18:37:06: [umc-core.smx] 5: emp_beachfront (3)
L 05/08/2018 - 18:37:06: [umc-core.smx] 6: con_havoc (4)
L 05/08/2018 - 18:37:09: [umc-core.smx] rauer<7><[U:1:2546402]><> selected menu item 5
L 05/08/2018 - 18:37:09: [umc-core.smx] Setting nextmap to: emp_havoc_b1_fix
L 05/08/2018 - 18:37:09: [umc-randomcycle.smx] Disabling random nextmap selection.
L 05/08/2018 - 18:37:09: [umc-core.smx] umc-rockthevote.smx: Changing map to 'emp_havoc_b1_fix' in 5 seconds.
L 05/08/2018 - 18:37:09: [umc-core.smx] MAPVOTE: Players voted for map 'emp_havoc_b1_fix' from group 'Infantry Maps'
L 05/08/2018 - 18:37:09: [umc-core.smx] Vote has concluded.
L 05/08/2018 - 18:37:15: [umc-core.smx] ---------------------MAP CHANGE: emp_havoc_b1_fix---------------------
L 05/08/2018 - 18:37:15: [umc-endvote-warnings.smx] Successfully parsed and set up 11 vote warnings.
L 05/08/2018 - 18:37:15: [umc-rockthevote.smx] RTV will be made available in 60 seconds.
L 05/08/2018 - 18:38:16: [umc-rockthevote.smx] RTV is now available.
L 05/08/2018 - 19:59:09: [umc-emp-mapvote.smx] Map vote will appear in 30 seconds.
L 05/08/2018 - 19:59:39: [umc-emp-mapvote.smx] Starting a map vote.
L 05/08/2018 - 19:59:39: [umc-core.smx] VOTE MENU: (Verbose) Fetching 6 maps from group 'Commander Maps'
L 05/08/2018 - 19:59:39: [umc-core.smx] VOTE MENU: (Verbose) Finished parsing nominations for map group 'Commander Maps'
L 05/08/2018 - 19:59:39: [umc-core.smx] VOTE MENU: (Verbose) Still need to fetch 6 maps from the group.
L 05/08/2018 - 19:59:39: [umc-core.smx] VOTE MENU: (Verbose) Selected map 'emp_beachfront_b2_hce' from group 'Commander Maps' was added to the vote.
L 05/08/2018 - 19:59:39: [umc-core.smx] VOTE MENU: (Verbose) Selected map 'emp_downfall_hce' from group 'Commander Maps' was added to the vote.
L 05/08/2018 - 19:59:39: [umc-core.smx] VOTE MENU: (Verbose) Selected map 'emp_drygulch_a6' from group 'Commander Maps' was added to the vote.
L 05/08/2018 - 19:59:39: [umc-core.smx] VOTE MENU: (Verbose) No more maps in map group 'Commander Maps'
L 05/08/2018 - 19:59:39: [umc-core.smx] VOTE MENU: (Verbose) Fetching 1 maps from group 'Infantry Maps'
L 05/08/2018 - 19:59:39: [umc-core.smx] VOTE MENU: (Verbose) Finished parsing nominations for map group 'Infantry Maps'
L 05/08/2018 - 19:59:39: [umc-core.smx] VOTE MENU: (Verbose) Still need to fetch 1 maps from the group.
L 05/08/2018 - 19:59:39: [umc-core.smx] VOTE MENU: (Verbose) Selected map 'con_blast_ob2' from group 'Infantry Maps' was added to the vote.
L 05/08/2018 - 19:59:39: [umc-core.smx] VOTE MENU: (Verbose) Fetching 1 maps from group 'Cooldown Maps'
L 05/08/2018 - 19:59:39: [umc-core.smx] VOTE MENU: (Verbose) Finished parsing nominations for map group 'Cooldown Maps'
L 05/08/2018 - 19:59:39: [umc-core.smx] VOTE MENU: (Verbose) Still need to fetch 1 maps from the group.
L 05/08/2018 - 19:59:39: [umc-core.smx] VOTE MENU: (Verbose) Selected map 'fun_ricochet_a4' from group 'Cooldown Maps' was added to the vote.
L 05/08/2018 - 19:59:39: [umc-core.smx] Initiating Vote Type: Map
L 05/08/2018 - 19:59:39: [umc-core.smx] Adding Clients to Vote:
L 05/08/2018 - 19:59:39: [umc-core.smx] 0: rauer (2)
L 05/08/2018 - 19:59:39: [umc-core.smx] 1: ARCHEOPTERYX (3)
L 05/08/2018 - 19:59:39: [umc-core.smx] VOTE MENU:
L 05/08/2018 - 19:59:39: [umc-core.smx] 2: emp_beachfront (0)
L 05/08/2018 - 19:59:39: [umc-core.smx] 3: emp_downfall (1)
L 05/08/2018 - 19:59:39: [umc-core.smx] 4: fun_ricochet_a4 (2)
L 05/08/2018 - 19:59:39: [umc-core.smx] 5: emp_drygulch (3)
L 05/08/2018 - 19:59:39: [umc-core.smx] 6: con_blast (4)
L 05/08/2018 - 19:59:47: [umc-core.smx] rauer<7><[U:1:2546402]><> selected menu item 5
L 05/08/2018 - 19:59:59: [umc-core.smx] ARCHEOPTERYX<8><[U:1:192512264]><> selected menu item 2
L 05/08/2018 - 19:59:59: [umc-core.smx] RUNOFF MENU: (Verbose) Building runoff vote menu.
L 05/08/2018 - 19:59:59: [umc-core.smx] RUNOFF MENU: (Verbose) Stopped removing options from the vote. Maximum possible winning vote percentage is 50%
L 05/08/2018 - 19:59:59: [umc-core.smx] Vote has concluded.
L 05/08/2018 - 20:00:07: [umc-core.smx] RUNOFF: Starting runoff vote.
L 05/08/2018 - 20:00:07: [umc-core.smx] Initiating Vote Type: Map
L 05/08/2018 - 20:00:07: [umc-core.smx] Adding Clients to Vote:
L 05/08/2018 - 20:00:07: [umc-core.smx] 0: rauer (2)
L 05/08/2018 - 20:00:07: [umc-core.smx] 1: ARCHEOPTERYX (3)
L 05/08/2018 - 20:00:07: [umc-core.smx] VOTE MENU:
L 05/08/2018 - 20:00:07: [umc-core.smx] 2: emp_downfall (1)
L 05/08/2018 - 20:00:07: [umc-core.smx] 3: con_blast (4)
L 05/08/2018 - 20:00:10: [umc-core.smx] ARCHEOPTERYX<8><[U:1:192512264]><> selected menu item 1
L 05/08/2018 - 20:00:15: [umc-core.smx] rauer<7><[U:1:2546402]><> selected menu item 1
L 05/08/2018 - 20:00:15: [umc-core.smx] Setting nextmap to: emp_downfall_hce
L 05/08/2018 - 20:00:15: [umc-randomcycle.smx] Disabling random nextmap selection.
L 05/08/2018 - 20:00:15: [umc-core.smx] umc-emp-mapvote.smx: Changing map to 'emp_downfall_hce' in 5 seconds.
L 05/08/2018 - 20:00:15: [umc-core.smx] MAPVOTE: Players voted for map 'emp_downfall_hce' from group 'Commander Maps'
L 05/08/2018 - 20:00:15: [umc-core.smx] Vote has concluded.
L 05/08/2018 - 20:00:21: [umc-core.smx] ---------------------MAP CHANGE: emp_downfall_hce---------------------
L 05/08/2018 - 20:00:21: [umc-endvote-warnings.smx] Successfully parsed and set up 11 vote warnings.
L 05/08/2018 - 20:00:21: [umc-rockthevote.smx] RTV will be made available in 60 seconds.
L 05/08/2018 - 20:01:22: [umc-rockthevote.smx] RTV is now available.
L 05/08/2018 - 20:07:52: [umc-emp-mapvote.smx] Map vote will appear in 30 seconds.
L 05/08/2018 - 20:08:22: [umc-emp-mapvote.smx] Starting a map vote.
L 05/08/2018 - 20:08:22: [umc-core.smx] VOTE MENU: (Verbose) Fetching 6 maps from group 'Commander Maps'
L 05/08/2018 - 20:08:22: [umc-core.smx] VOTE MENU: (Verbose) Finished parsing nominations for map group 'Commander Maps'
L 05/08/2018 - 20:08:22: [umc-core.smx] VOTE MENU: (Verbose) Still need to fetch 6 maps from the group.
L 05/08/2018 - 20:08:22: [umc-core.smx] VOTE MENU: (Verbose) Selected map 'emp_beachfront_b2_hce' from group 'Commander Maps' was added to the vote.
L 05/08/2018 - 20:08:22: [umc-core.smx] VOTE MENU: (Verbose) Selected map 'emp_drygulch_a6' from group 'Commander Maps' was added to the vote.
L 05/08/2018 - 20:08:22: [umc-core.smx] VOTE MENU: (Verbose) No more maps in map group 'Commander Maps'
L 05/08/2018 - 20:08:22: [umc-core.smx] VOTE MENU: (Verbose) Fetching 1 maps from group 'Infantry Maps'
L 05/08/2018 - 20:08:22: [umc-core.smx] VOTE MENU: (Verbose) Finished parsing nominations for map group 'Infantry Maps'
L 05/08/2018 - 20:08:22: [umc-core.smx] VOTE MENU: (Verbose) Still need to fetch 1 maps from the group.
L 05/08/2018 - 20:08:22: [umc-core.smx] VOTE MENU: (Verbose) Selected map 'emp_vehicletraining_2013' from group 'Infantry Maps' was added to the vote.
L 05/08/2018 - 20:08:22: [umc-core.smx] VOTE MENU: (Verbose) Fetching 1 maps from group 'Cooldown Maps'
L 05/08/2018 - 20:08:22: [umc-core.smx] VOTE MENU: (Verbose) Finished parsing nominations for map group 'Cooldown Maps'
L 05/08/2018 - 20:08:22: [umc-core.smx] VOTE MENU: (Verbose) Still need to fetch 1 maps from the group.
L 05/08/2018 - 20:08:22: [umc-core.smx] VOTE MENU: (Verbose) Selected map 'fun_ricochet_a4' from group 'Cooldown Maps' was added to the vote.
L 05/08/2018 - 20:08:22: [umc-core.smx] Initiating Vote Type: Map
L 05/08/2018 - 20:08:22: [umc-core.smx] Adding Clients to Vote:
L 05/08/2018 - 20:08:22: [umc-core.smx] 0: rauer (2)
L 05/08/2018 - 20:08:22: [umc-core.smx] 1: ARCHEOPTERYX (3)
L 05/08/2018 - 20:08:22: [umc-core.smx] VOTE MENU:
L 05/08/2018 - 20:08:22: [umc-core.smx] 2: fun_ricochet_a4 (0)
L 05/08/2018 - 20:08:22: [umc-core.smx] 3: emp_beachfront (1)
L 05/08/2018 - 20:08:22: [umc-core.smx] 4: con_vehicletraining (2)
L 05/08/2018 - 20:08:22: [umc-core.smx] 5: emp_drygulch (3)
L 05/08/2018 - 20:08:39: [umc-core.smx] rauer<7><[U:1:2546402]><> selected menu item 4
L 05/08/2018 - 20:08:52: [umc-core.smx] Setting nextmap to: emp_drygulch_a6
L 05/08/2018 - 20:08:52: [umc-randomcycle.smx] Disabling random nextmap selection.
L 05/08/2018 - 20:08:52: [umc-core.smx] umc-emp-mapvote.smx: Changing map to 'emp_drygulch_a6' in 5 seconds.
L 05/08/2018 - 20:08:52: [umc-core.smx] MAPVOTE: Players voted for map 'emp_drygulch_a6' from group 'Commander Maps'
L 05/08/2018 - 20:08:52: [umc-core.smx] Vote has concluded.
L 05/08/2018 - 20:08:58: [umc-core.smx] ---------------------MAP CHANGE: emp_drygulch_a6---------------------
L 05/08/2018 - 20:08:58: [umc-endvote-warnings.smx] Successfully parsed and set up 11 vote warnings.
L 05/08/2018 - 20:08:58: [umc-rockthevote.smx] RTV will be made available in 60 seconds.
L 05/08/2018 - 20:09:59: [umc-rockthevote.smx] RTV is now available.
L 05/08/2018 - 20:10:11: [umc-nominate.smx] rauer wants to nominate a map.
L 05/08/2018 - 20:10:20: [umc-nominate.smx] rauer has nominated 'emp_beachfront_b2_hce' from group 'Commander Maps'
L 05/08/2018 - 20:10:25: [umc-rockthevote.smx] Starting RTV.
L 05/08/2018 - 20:10:25: [umc-core.smx] VOTE MENU: (Verbose) Fetching 6 maps from group 'Commander Maps'
L 05/08/2018 - 20:10:25: [umc-core.smx] VOTE MENU: (Verbose) Nominated map 'emp_beachfront_b2_hce' from group 'Commander Maps' was added to the vote.
L 05/08/2018 - 20:10:25: [umc-core.smx] VOTE MENU: (Verbose) Finished parsing nominations for map group 'Commander Maps'
L 05/08/2018 - 20:10:25: [umc-core.smx] VOTE MENU: (Verbose) Still need to fetch 5 maps from the group.
L 05/08/2018 - 20:10:25: [umc-core.smx] VOTE MENU: (Verbose) No more maps in map group 'Commander Maps'
L 05/08/2018 - 20:10:25: [umc-core.smx] VOTE MENU: (Verbose) Fetching 1 maps from group 'Infantry Maps'
L 05/08/2018 - 20:10:25: [umc-core.smx] VOTE MENU: (Verbose) Finished parsing nominations for map group 'Infantry Maps'
L 05/08/2018 - 20:10:25: [umc-core.smx] VOTE MENU: (Verbose) Still need to fetch 1 maps from the group.
L 05/08/2018 - 20:10:25: [umc-core.smx] VOTE MENU: (Verbose) Selected map 'emp_vehicletraining_2013' from group 'Infantry Maps' was added to the vote.
L 05/08/2018 - 20:10:25: [umc-core.smx] VOTE MENU: (Verbose) Fetching 1 maps from group 'Cooldown Maps'
L 05/08/2018 - 20:10:25: [umc-core.smx] VOTE MENU: (Verbose) Finished parsing nominations for map group 'Cooldown Maps'
L 05/08/2018 - 20:10:25: [umc-core.smx] VOTE MENU: (Verbose) Still need to fetch 1 maps from the group.
L 05/08/2018 - 20:10:25: [umc-core.smx] VOTE MENU: (Verbose) Selected map 'fun_ricochet_a4' from group 'Cooldown Maps' was added to the vote.
L 05/08/2018 - 20:10:25: [umc-core.smx] Initiating Vote Type: Map
L 05/08/2018 - 20:10:25: [umc-core.smx] Adding Clients to Vote:
L 05/08/2018 - 20:10:25: [umc-core.smx] 0: rauer (2)
L 05/08/2018 - 20:10:25: [umc-core.smx] VOTE MENU:
L 05/08/2018 - 20:10:25: [umc-core.smx] 2: emp_beachfront (0)
L 05/08/2018 - 20:10:25: [umc-core.smx] 3: fun_ricochet_a4 (1)
L 05/08/2018 - 20:10:25: [umc-core.smx] 4: con_vehicletraining (2)
L 05/08/2018 - 20:10:30: [umc-core.smx] rauer<9><[U:1:2546402]><> selected menu item 1
L 05/08/2018 - 20:10:30: [umc-core.smx] Setting nextmap to: emp_beachfront_b2_hce
L 05/08/2018 - 20:10:30: [umc-randomcycle.smx] Disabling random nextmap selection.
L 05/08/2018 - 20:10:30: [umc-core.smx] umc-rockthevote.smx: Changing map to 'emp_beachfront_b2_hce' in 5 seconds.
L 05/08/2018 - 20:10:30: [umc-core.smx] MAPVOTE: Players voted for map 'emp_beachfront_b2_hce' from group 'Commander Maps'
L 05/08/2018 - 20:10:30: [umc-core.smx] Vote has concluded.
L 05/08/2018 - 20:10:35: [umc-core.smx] ---------------------MAP CHANGE: emp_beachfront_b2_hce---------------------
L 05/08/2018 - 20:10:35: [umc-endvote-warnings.smx] Successfully parsed and set up 11 vote warnings.
L 05/08/2018 - 20:10:35: [umc-rockthevote.smx] RTV will be made available in 60 seconds.
L 05/08/2018 - 20:11:36: [umc-rockthevote.smx] RTV is now available.
L 05/08/2018 - 20:12:51: [umc-emp-mapvote.smx] Map vote will appear in 30 seconds.
L 05/08/2018 - 20:13:01: [umc-nominate.smx] rauer wants to nominate a map.
L 05/08/2018 - 20:13:14: [umc-nominate.smx] rauer has nominated 'emp_fogtown_cl2_fix' from group 'Infantry Maps'
L 05/08/2018 - 20:13:21: [umc-emp-mapvote.smx] Starting a map vote.
L 05/08/2018 - 20:13:21: [umc-core.smx] VOTE MENU: (Verbose) Fetching 6 maps from group 'Commander Maps'
L 05/08/2018 - 20:13:21: [umc-core.smx] VOTE MENU: (Verbose) Finished parsing nominations for map group 'Commander Maps'
L 05/08/2018 - 20:13:21: [umc-core.smx] VOTE MENU: (Verbose) Still need to fetch 6 maps from the group.
L 05/08/2018 - 20:13:21: [umc-core.smx] VOTE MENU: (Verbose) No more maps in map group 'Commander Maps'
L 05/08/2018 - 20:13:21: [umc-core.smx] VOTE MENU: (Verbose) Fetching 1 maps from group 'Infantry Maps'
L 05/08/2018 - 20:13:21: [umc-core.smx] VOTE MENU: (Verbose) Nominated map 'emp_fogtown_cl2_fix' from group 'Infantry Maps' was added to the vote.
L 05/08/2018 - 20:13:21: [umc-core.smx] VOTE MENU: (Verbose) Finished parsing nominations for map group 'Infantry Maps'
L 05/08/2018 - 20:13:21: [umc-core.smx] VOTE MENU: (Verbose) Fetching 1 maps from group 'Cooldown Maps'
L 05/08/2018 - 20:13:21: [umc-core.smx] VOTE MENU: (Verbose) Finished parsing nominations for map group 'Cooldown Maps'
L 05/08/2018 - 20:13:21: [umc-core.smx] VOTE MENU: (Verbose) Still need to fetch 1 maps from the group.
L 05/08/2018 - 20:13:21: [umc-core.smx] VOTE MENU: (Verbose) Selected map 'fun_ricochet_a4' from group 'Cooldown Maps' was added to the vote.
L 05/08/2018 - 20:13:21: [umc-core.smx] Initiating Vote Type: Map
L 05/08/2018 - 20:13:21: [umc-core.smx] Adding Clients to Vote:
L 05/08/2018 - 20:13:21: [umc-core.smx] 0: rauer (2)
L 05/08/2018 - 20:13:21: [umc-core.smx] VOTE MENU:
L 05/08/2018 - 20:13:21: [umc-core.smx] 2: fun_ricochet_a4 (0)
L 05/08/2018 - 20:13:21: [umc-core.smx] 3: con_fogtown (1)
L 05/08/2018 - 20:13:52: [umc-emp-mapvote.smx] WARNING: Map Voting failure. Initiating random map fail-safe.
L 05/08/2018 - 20:13:52: [umc-core.smx] Setting nextmap to: fun_ricochet_a4
L 05/08/2018 - 20:13:52: [umc-randomcycle.smx] Disabling random nextmap selection.
L 05/08/2018 - 20:13:52: [umc-core.smx] umc-emp-mapvote.smx: Changing map to 'fun_ricochet_a4' in 5 seconds.
L 05/08/2018 - 20:13:52: [umc-core.smx] Vote has concluded.
L 05/08/2018 - 20:13:57: [umc-core.smx] ---------------------MAP CHANGE: fun_ricochet_a4---------------------
L 05/08/2018 - 20:13:57: [umc-endvote-warnings.smx] Successfully parsed and set up 11 vote warnings.
L 05/08/2018 - 20:13:57: [umc-rockthevote.smx] RTV will be made available in 60 seconds.
L 05/08/2018 - 20:14:41: [umc-nominate.smx] rauer wants to nominate a map.
L 05/08/2018 - 20:14:44: [umc-nominate.smx] rauer has nominated 'emp_crossroads_towerless_hce' from group 'Commander Maps'
L 05/08/2018 - 20:14:58: [umc-rockthevote.smx] RTV is now available.
L 05/08/2018 - 20:16:00: [umc-rockthevote.smx] Starting RTV.
L 05/08/2018 - 20:16:00: [umc-core.smx] VOTE MENU: (Verbose) Fetching 6 maps from group 'Commander Maps'
L 05/08/2018 - 20:16:00: [umc-core.smx] VOTE MENU: (Verbose) Nominated map 'emp_crossroads_towerless_hce' from group 'Commander Maps' was added to the vote.
L 05/08/2018 - 20:16:00: [umc-core.smx] VOTE MENU: (Verbose) Finished parsing nominations for map group 'Commander Maps'
L 05/08/2018 - 20:16:00: [umc-core.smx] VOTE MENU: (Verbose) Still need to fetch 5 maps from the group.
L 05/08/2018 - 20:16:00: [umc-core.smx] VOTE MENU: (Verbose) No more maps in map group 'Commander Maps'
L 05/08/2018 - 20:16:00: [umc-core.smx] VOTE MENU: (Verbose) Fetching 1 maps from group 'Infantry Maps'
L 05/08/2018 - 20:16:00: [umc-core.smx] VOTE MENU: (Verbose) Finished parsing nominations for map group 'Infantry Maps'
L 05/08/2018 - 20:16:00: [umc-core.smx] VOTE MENU: (Verbose) Still need to fetch 1 maps from the group.
L 05/08/2018 - 20:16:00: [umc-core.smx] VOTE MENU: (Verbose) Selected map 'emp_vehicletraining_2013' from group 'Infantry Maps' was added to the vote.
L 05/08/2018 - 20:16:00: [umc-core.smx] VOTE MENU: (Verbose) Fetching 1 maps from group 'Cooldown Maps'
L 05/08/2018 - 20:16:00: [umc-core.smx] VOTE MENU: (Verbose) Finished parsing nominations for map group 'Cooldown Maps'
L 05/08/2018 - 20:16:00: [umc-core.smx] VOTE MENU: (Verbose) Still need to fetch 1 maps from the group.
L 05/08/2018 - 20:16:00: [umc-core.smx] VOTE MENU: (Verbose) No more maps in map group 'Cooldown Maps'
L 05/08/2018 - 20:16:00: [umc-core.smx] Initiating Vote Type: Map
L 05/08/2018 - 20:16:00: [umc-core.smx] Adding Clients to Vote:
L 05/08/2018 - 20:16:00: [umc-core.smx] 0: rauer (2)
L 05/08/2018 - 20:16:00: [umc-core.smx] VOTE MENU:
L 05/08/2018 - 20:16:00: [umc-core.smx] 2: con_vehicletraining (0)
L 05/08/2018 - 20:16:00: [umc-core.smx] 3: emp_crossroads (1)
L 05/08/2018 - 20:16:02: [umc-core.smx] rauer<9><[U:1:2546402]><> selected menu item 2
L 05/08/2018 - 20:16:02: [umc-core.smx] Setting nextmap to: emp_crossroads_towerless_hce
L 05/08/2018 - 20:16:02: [umc-randomcycle.smx] Disabling random nextmap selection.
L 05/08/2018 - 20:16:02: [umc-core.smx] umc-rockthevote.smx: Changing map to 'emp_crossroads_towerless_hce' in 5 seconds.
L 05/08/2018 - 20:16:02: [umc-core.smx] MAPVOTE: Players voted for map 'emp_crossroads_towerless_hce' from group 'Commander Maps'
L 05/08/2018 - 20:16:02: [umc-core.smx] Vote has concluded.
L 05/08/2018 - 20:16:09: [umc-core.smx] ---------------------MAP CHANGE: emp_crossroads_towerless_hce---------------------
L 05/08/2018 - 20:16:09: [umc-endvote-warnings.smx] Successfully parsed and set up 11 vote warnings.
L 05/08/2018 - 20:16:09: [umc-rockthevote.smx] RTV will be made available in 60 seconds.
L 05/08/2018 - 20:17:10: [umc-rockthevote.smx] RTV is now available.
L 05/08/2018 - 21:17:40: [umc-emp-mapvote.smx] Map vote will appear in 30 seconds.
L 05/08/2018 - 21:18:10: [umc-emp-mapvote.smx] Starting a map vote.
L 05/08/2018 - 21:18:10: [umc-core.smx] VOTE MENU: (Verbose) Fetching 6 maps from group 'Commander Maps'
L 05/08/2018 - 21:18:10: [umc-core.smx] VOTE MENU: (Verbose) Finished parsing nominations for map group 'Commander Maps'
L 05/08/2018 - 21:18:10: [umc-core.smx] VOTE MENU: (Verbose) Still need to fetch 6 maps from the group.
L 05/08/2018 - 21:18:10: [umc-core.smx] VOTE MENU: (Verbose) No more maps in map group 'Commander Maps'
L 05/08/2018 - 21:18:10: [umc-core.smx] VOTE MENU: (Verbose) Fetching 1 maps from group 'Infantry Maps'
L 05/08/2018 - 21:18:10: [umc-core.smx] VOTE MENU: (Verbose) Finished parsing nominations for map group 'Infantry Maps'
L 05/08/2018 - 21:18:10: [umc-core.smx] VOTE MENU: (Verbose) Still need to fetch 1 maps from the group.
L 05/08/2018 - 21:18:10: [umc-core.smx] VOTE MENU: (Verbose) Selected map 'con_blast_ob2' from group 'Infantry Maps' was added to the vote.
L 05/08/2018 - 21:18:10: [umc-core.smx] VOTE MENU: (Verbose) Fetching 1 maps from group 'Cooldown Maps'
L 05/08/2018 - 21:18:10: [umc-core.smx] VOTE MENU: (Verbose) Finished parsing nominations for map group 'Cooldown Maps'
L 05/08/2018 - 21:18:10: [umc-core.smx] VOTE MENU: (Verbose) Still need to fetch 1 maps from the group.
L 05/08/2018 - 21:18:10: [umc-core.smx] VOTE MENU: (Verbose) No more maps in map group 'Cooldown Maps'
L 05/08/2018 - 21:18:10: [umc-core.smx] Initiating Vote Type: Map
L 05/08/2018 - 21:18:10: [umc-core.smx] Adding Clients to Vote:
L 05/08/2018 - 21:18:10: [umc-core.smx] Could not start core vote, no players to display vote to!
L 05/08/2018 - 21:18:10: [umc-emp-mapvote.smx] Could not start UMC vote.
L 05/08/2018 - 21:18:10: [umc-emp-mapvote.smx] WARNING: Map Voting failure. Initiating random map fail-safe.
L 05/08/2018 - 21:18:10: [umc-core.smx] Setting nextmap to: emp_shadows_attacks_fix
L 05/08/2018 - 21:18:10: [umc-randomcycle.smx] Disabling random nextmap selection.
L 05/08/2018 - 21:18:10: [umc-core.smx] umc-emp-mapvote.smx: Changing map to 'emp_shadows_attacks_fix' in 5 seconds.
L 05/08/2018 - 21:18:16: [umc-core.smx] ---------------------MAP CHANGE: emp_shadows_attacks_fix---------------------
L 05/08/2018 - 21:18:16: [umc-endvote-warnings.smx] Successfully parsed and set up 11 vote warnings.
L 05/08/2018 - 21:18:16: [umc-rockthevote.smx] RTV will be made available in 60 seconds.
L 05/08/2018 - 21:19:17: [umc-rockthevote.smx] RTV is now available.
L 05/08/2018 - 22:42:27: [umc-emp-mapvote.smx] Map vote will appear in 30 seconds.
L 05/08/2018 - 22:42:57: [umc-emp-mapvote.smx] Starting a map vote.
L 05/08/2018 - 22:42:57: [umc-core.smx] VOTE MENU: (Verbose) Fetching 6 maps from group 'Commander Maps'
L 05/08/2018 - 22:42:57: [umc-core.smx] VOTE MENU: (Verbose) Finished parsing nominations for map group 'Commander Maps'
L 05/08/2018 - 22:42:57: [umc-core.smx] VOTE MENU: (Verbose) Still need to fetch 6 maps from the group.
L 05/08/2018 - 22:42:57: [umc-core.smx] VOTE MENU: (Verbose) No more maps in map group 'Commander Maps'
L 05/08/2018 - 22:42:57: [umc-core.smx] VOTE MENU: (Verbose) Fetching 1 maps from group 'Infantry Maps'
L 05/08/2018 - 22:42:57: [umc-core.smx] VOTE MENU: (Verbose) Finished parsing nominations for map group 'Infantry Maps'
L 05/08/2018 - 22:42:57: [umc-core.smx] VOTE MENU: (Verbose) Still need to fetch 1 maps from the group.
L 05/08/2018 - 22:42:57: [umc-core.smx] VOTE MENU: (Verbose) Selected map 'con_glycencity' from group 'Infantry Maps' was added to the vote.
L 05/08/2018 - 22:42:57: [umc-core.smx] VOTE MENU: (Verbose) Fetching 1 maps from group 'Cooldown Maps'
L 05/08/2018 - 22:42:57: [umc-core.smx] VOTE MENU: (Verbose) Finished parsing nominations for map group 'Cooldown Maps'
L 05/08/2018 - 22:42:57: [umc-core.smx] VOTE MENU: (Verbose) Still need to fetch 1 maps from the group.
L 05/08/2018 - 22:42:57: [umc-core.smx] VOTE MENU: (Verbose) No more maps in map group 'Cooldown Maps'
L 05/08/2018 - 22:42:57: [umc-core.smx] Initiating Vote Type: Map
L 05/08/2018 - 22:42:57: [umc-core.smx] Adding Clients to Vote:
L 05/08/2018 - 22:42:57: [umc-core.smx] Could not start core vote, no players to display vote to!
L 05/08/2018 - 22:42:57: [umc-emp-mapvote.smx] Could not start UMC vote.
L 05/08/2018 - 22:42:57: [umc-emp-mapvote.smx] WARNING: Map Voting failure. Initiating random map fail-safe.
L 05/08/2018 - 22:42:57: [umc-core.smx] Setting nextmap to: emp_havoc_b1_fix
L 05/08/2018 - 22:42:57: [umc-randomcycle.smx] Disabling random nextmap selection.
L 05/08/2018 - 22:42:57: [umc-core.smx] umc-emp-mapvote.smx: Changing map to 'emp_havoc_b1_fix' in 5 seconds.
L 05/08/2018 - 22:43:03: [umc-core.smx] ---------------------MAP CHANGE: emp_havoc_b1_fix---------------------
L 05/08/2018 - 22:43:03: [umc-endvote-warnings.smx] Successfully parsed and set up 11 vote warnings.
L 05/08/2018 - 22:43:03: [umc-rockthevote.smx] RTV will be made available in 60 seconds.
L 05/08/2018 - 22:44:04: [umc-rockthevote.smx] RTV is now available.
