L 04/29/2017 - 00:03:37: [umc-core.smx] ---------------------MAP CHANGE: con_district402---------------------
L 04/29/2017 - 00:03:37: [umc-endvote-warnings.smx] Successfully parsed and set up 11 vote warnings.
L 04/29/2017 - 00:03:37: [umc-playercountmonitor.smx] Min Players: 0, Max Players: 20
L 04/29/2017 - 00:03:37: [umc-playercountmonitor.smx] Server will begin watching for inproper number of players in 240 seconds.
L 04/29/2017 - 00:03:37: [umc-rockthevote.smx] RTV is now available.
L 04/29/2017 - 00:04:09: [umc-core.smx] ---------------------MAP CHANGE: emp_duststorm---------------------
L 04/29/2017 - 00:04:09: [umc-endvote-warnings.smx] Successfully parsed and set up 11 vote warnings.
L 04/29/2017 - 00:04:09: [umc-playercountmonitor.smx] Min Players: 20, Max Players: 52
L 04/29/2017 - 00:04:09: [umc-playercountmonitor.smx] Server will begin watching for inproper number of players in 240 seconds.
L 04/29/2017 - 00:04:09: [umc-rockthevote.smx] RTV is now available.
L 04/29/2017 - 00:08:09: [umc-playercountmonitor.smx] Server is now watching for inproper number of players.
L 04/29/2017 - 00:18:53: [umc-nominate.smx] Neoony wants to nominate a map.
L 04/29/2017 - 00:19:49: [umc-nominate.smx] Neoony wants to nominate a map.
L 04/29/2017 - 00:43:07: [umc-nominate.smx] Mr. X. wants to nominate a map.
L 04/29/2017 - 13:03:52: [umc-emp-mapvote.smx] Map vote will appear in 1 seconds.
L 04/29/2017 - 13:03:53: [umc-emp-mapvote.smx] Starting a map vote.
L 04/29/2017 - 13:03:53: [umc-core.smx] Initiating Vote Type: Map
L 04/29/2017 - 13:04:04: [umc-core.smx] Setting nextmap to: emp_crossroads
L 04/29/2017 - 13:04:04: [umc-randomcycle.smx] Disabling random nextmap selection.
L 04/29/2017 - 13:04:04: [umc-core.smx] umc-emp-mapvote.smx: Changing map to 'emp_crossroads' in 5 seconds.
L 04/29/2017 - 13:04:04: [umc-core.smx] MAPVOTE: Players voted for map 'emp_crossroads' from group 'Commander Maps'
L 04/29/2017 - 13:04:10: [umc-core.smx] ---------------------MAP CHANGE: emp_crossroads---------------------
L 04/29/2017 - 13:04:10: [umc-endvote-warnings.smx] Successfully parsed and set up 11 vote warnings.
L 04/29/2017 - 13:04:10: [umc-playercountmonitor.smx] Min Players: 0, Max Players: 22
L 04/29/2017 - 13:04:10: [umc-playercountmonitor.smx] Server will begin watching for inproper number of players in 240 seconds.
L 04/29/2017 - 13:04:10: [umc-rockthevote.smx] RTV is now available.
L 04/29/2017 - 13:08:10: [umc-playercountmonitor.smx] Server is now watching for inproper number of players.
L 04/29/2017 - 13:44:59: [umc-emp-mapvote.smx] Map vote will appear in 1 seconds.
L 04/29/2017 - 13:45:00: [umc-emp-mapvote.smx] Starting a map vote.
L 04/29/2017 - 13:45:00: [umc-core.smx] Initiating Vote Type: Map
L 04/29/2017 - 13:45:15: [umc-core.smx] Setting nextmap to: con_urbanchaos
L 04/29/2017 - 13:45:15: [umc-randomcycle.smx] Disabling random nextmap selection.
L 04/29/2017 - 13:45:15: [umc-core.smx] umc-emp-mapvote.smx: Changing map to 'con_urbanchaos' in 5 seconds.
L 04/29/2017 - 13:45:15: [umc-core.smx] MAPVOTE: Players voted for map 'con_urbanchaos' from group 'Infantry Maps'
L 04/29/2017 - 13:45:22: [umc-core.smx] ---------------------MAP CHANGE: con_urbanchaos---------------------
L 04/29/2017 - 13:45:22: [umc-endvote-warnings.smx] Successfully parsed and set up 11 vote warnings.
L 04/29/2017 - 13:45:22: [umc-playercountmonitor.smx] Min Players: 0, Max Players: 20
L 04/29/2017 - 13:45:22: [umc-playercountmonitor.smx] Server will begin watching for inproper number of players in 240 seconds.
L 04/29/2017 - 13:45:22: [umc-rockthevote.smx] RTV is now available.
L 04/29/2017 - 13:49:22: [umc-playercountmonitor.smx] Server is now watching for inproper number of players.
L 04/29/2017 - 14:01:45: [umc-emp-mapvote.smx] Map vote will appear in 1 seconds.
L 04/29/2017 - 14:01:46: [umc-emp-mapvote.smx] Starting a map vote.
L 04/29/2017 - 14:01:46: [umc-core.smx] Initiating Vote Type: Map
L 04/29/2017 - 14:02:08: [umc-core.smx] Setting nextmap to: emp_flat_fix
L 04/29/2017 - 14:02:08: [umc-randomcycle.smx] Disabling random nextmap selection.
L 04/29/2017 - 14:02:08: [umc-core.smx] umc-emp-mapvote.smx: Changing map to 'emp_flat_fix' in 5 seconds.
L 04/29/2017 - 14:02:08: [umc-core.smx] MAPVOTE: Players voted for map 'emp_flat_fix' from group 'Commander Maps'
L 04/29/2017 - 14:02:13: [umc-core.smx] ---------------------MAP CHANGE: emp_flat_fix---------------------
L 04/29/2017 - 14:02:13: [umc-endvote-warnings.smx] Successfully parsed and set up 11 vote warnings.
L 04/29/2017 - 14:02:13: [umc-playercountmonitor.smx] Min Players: 0, Max Players: 22
L 04/29/2017 - 14:02:13: [umc-playercountmonitor.smx] Server will begin watching for inproper number of players in 240 seconds.
L 04/29/2017 - 14:02:13: [umc-rockthevote.smx] RTV is now available.
L 04/29/2017 - 14:06:14: [umc-playercountmonitor.smx] Server is now watching for inproper number of players.
L 04/29/2017 - 15:00:35: [umc-emp-mapvote.smx] Map vote will appear in 1 seconds.
L 04/29/2017 - 15:00:36: [umc-emp-mapvote.smx] Starting a map vote.
L 04/29/2017 - 15:00:36: [umc-core.smx] Initiating Vote Type: Map
L 04/29/2017 - 15:01:14: [umc-core.smx] RUNOFF: Starting runoff vote.
L 04/29/2017 - 15:01:14: [umc-core.smx] Initiating Vote Type: Map
L 04/29/2017 - 15:01:45: [umc-core.smx] Setting nextmap to: emp_drygulch_a6
L 04/29/2017 - 15:01:45: [umc-randomcycle.smx] Disabling random nextmap selection.
L 04/29/2017 - 15:01:45: [umc-core.smx] umc-emp-mapvote.smx: Changing map to 'emp_drygulch_a6' in 5 seconds.
L 04/29/2017 - 15:01:45: [umc-core.smx] MAPVOTE: Players voted for map 'emp_drygulch_a6' from group 'Commander Maps'
L 04/29/2017 - 15:01:51: [umc-core.smx] ---------------------MAP CHANGE: emp_drygulch_a6---------------------
L 04/29/2017 - 15:01:51: [umc-endvote-warnings.smx] Successfully parsed and set up 11 vote warnings.
L 04/29/2017 - 15:01:51: [umc-playercountmonitor.smx] Min Players: 0, Max Players: 22
L 04/29/2017 - 15:01:51: [umc-playercountmonitor.smx] Server will begin watching for inproper number of players in 240 seconds.
L 04/29/2017 - 15:01:51: [umc-rockthevote.smx] RTV is now available.
L 04/29/2017 - 15:02:25: [umc-nominate.smx] rauer wants to nominate a map.
L 04/29/2017 - 15:02:35: [umc-nominate.smx] rauer has nominated 'con_forestattack_a2' from group 'Infantry Maps'
L 04/29/2017 - 15:05:51: [umc-playercountmonitor.smx] Server is now watching for inproper number of players.
L 04/29/2017 - 15:23:26: [umc-emp-mapvote.smx] Map vote will appear in 1 seconds.
L 04/29/2017 - 15:23:27: [umc-emp-mapvote.smx] Starting a map vote.
L 04/29/2017 - 15:23:27: [umc-core.smx] Initiating Vote Type: Map
L 04/29/2017 - 15:23:58: [umc-core.smx] Setting nextmap to: con_forestattack_a2
L 04/29/2017 - 15:23:58: [umc-randomcycle.smx] Disabling random nextmap selection.
L 04/29/2017 - 15:23:58: [umc-core.smx] umc-emp-mapvote.smx: Changing map to 'con_forestattack_a2' in 5 seconds.
L 04/29/2017 - 15:23:58: [umc-core.smx] MAPVOTE: Players voted for map 'con_forestattack_a2' from group 'Infantry Maps'
L 04/29/2017 - 15:24:04: [umc-core.smx] ---------------------MAP CHANGE: con_forestattack_a2---------------------
L 04/29/2017 - 15:24:04: [umc-endvote-warnings.smx] Successfully parsed and set up 11 vote warnings.
L 04/29/2017 - 15:24:04: [umc-playercountmonitor.smx] Min Players: 0, Max Players: 20
L 04/29/2017 - 15:24:04: [umc-playercountmonitor.smx] Server will begin watching for inproper number of players in 240 seconds.
L 04/29/2017 - 15:24:04: [umc-rockthevote.smx] RTV is now available.
L 04/29/2017 - 15:28:04: [umc-playercountmonitor.smx] Server is now watching for inproper number of players.
L 04/29/2017 - 17:37:07: [umc-core.smx] ---------------------MAP CHANGE: con_district402---------------------
L 04/29/2017 - 17:37:07: [umc-endvote-warnings.smx] Successfully parsed and set up 11 vote warnings.
L 04/29/2017 - 17:37:07: [umc-playercountmonitor.smx] Min Players: 0, Max Players: 20
L 04/29/2017 - 17:37:07: [umc-playercountmonitor.smx] Server will begin watching for inproper number of players in 240 seconds.
L 04/29/2017 - 17:37:07: [umc-rockthevote.smx] RTV is now available.
L 04/29/2017 - 17:38:09: [umc-core.smx] ---------------------MAP CHANGE: emp_havoc_b1---------------------
L 04/29/2017 - 17:38:09: [umc-endvote-warnings.smx] Successfully parsed and set up 11 vote warnings.
L 04/29/2017 - 17:38:09: [umc-playercountmonitor.smx] Min Players: 32, Max Players: 64
L 04/29/2017 - 17:38:09: [umc-playercountmonitor.smx] Server will begin watching for inproper number of players in 240 seconds.
L 04/29/2017 - 17:38:09: [umc-rockthevote.smx] RTV is now available.
L 04/29/2017 - 17:42:09: [umc-playercountmonitor.smx] Server is now watching for inproper number of players.
L 04/29/2017 - 17:42:31: [umc-core.smx] ---------------------MAP CHANGE: emp_district402---------------------
L 04/29/2017 - 17:42:31: [umc-endvote-warnings.smx] Successfully parsed and set up 11 vote warnings.
L 04/29/2017 - 17:42:31: [umc-playercountmonitor.smx] Current Map Group could not be determined. (Non-UMC mapchange or plugin just loaded.)
L 04/29/2017 - 17:42:31: [umc-playercountmonitor.smx] Min Players: 0, Max Players: 64
L 04/29/2017 - 17:42:31: [umc-rockthevote.smx] RTV is now available.
L 04/29/2017 - 17:51:17: [umc-core.smx] ---------------------MAP CHANGE: con_district402---------------------
L 04/29/2017 - 17:51:17: [umc-endvote-warnings.smx] Successfully parsed and set up 11 vote warnings.
L 04/29/2017 - 17:51:17: [umc-playercountmonitor.smx] Min Players: 0, Max Players: 20
L 04/29/2017 - 17:51:17: [umc-playercountmonitor.smx] Server will begin watching for inproper number of players in 240 seconds.
L 04/29/2017 - 17:51:17: [umc-rockthevote.smx] RTV is now available.
L 04/29/2017 - 17:55:17: [umc-playercountmonitor.smx] Server is now watching for inproper number of players.
L 04/29/2017 - 18:47:46: [umc-core.smx] ---------------------MAP CHANGE: con_district402---------------------
L 04/29/2017 - 18:47:46: [umc-endvote-warnings.smx] Successfully parsed and set up 11 vote warnings.
L 04/29/2017 - 18:47:46: [umc-playercountmonitor.smx] Min Players: 0, Max Players: 20
L 04/29/2017 - 18:47:46: [umc-playercountmonitor.smx] Server will begin watching for inproper number of players in 240 seconds.
L 04/29/2017 - 18:47:46: [umc-rockthevote.smx] RTV is now available.
L 04/29/2017 - 18:50:40: [umc-core.smx] ---------------------MAP CHANGE: con_district402---------------------
L 04/29/2017 - 18:50:40: [umc-endvote-warnings.smx] Successfully parsed and set up 11 vote warnings.
L 04/29/2017 - 18:50:40: [umc-playercountmonitor.smx] Min Players: 0, Max Players: 20
L 04/29/2017 - 18:50:40: [umc-playercountmonitor.smx] Server will begin watching for inproper number of players in 240 seconds.
L 04/29/2017 - 18:50:40: [umc-rockthevote.smx] RTV is now available.
L 04/29/2017 - 18:51:23: [umc-core.smx] ---------------------MAP CHANGE: con_district402---------------------
L 04/29/2017 - 18:51:23: [umc-endvote-warnings.smx] Successfully parsed and set up 11 vote warnings.
L 04/29/2017 - 18:51:23: [umc-playercountmonitor.smx] Min Players: 0, Max Players: 20
L 04/29/2017 - 18:51:23: [umc-playercountmonitor.smx] Server will begin watching for inproper number of players in 240 seconds.
L 04/29/2017 - 18:51:23: [umc-rockthevote.smx] RTV is now available.
L 04/29/2017 - 18:55:23: [umc-playercountmonitor.smx] Server is now watching for inproper number of players.
L 04/29/2017 - 19:06:22: [umc-nominate.smx] Uninspired wants to nominate a map.
L 04/29/2017 - 19:06:31: [umc-nominate.smx] Uninspired has nominated 'emp_crossroads' from group 'Commander Maps'
L 04/29/2017 - 19:11:47: [umc-core.smx] Initiating Vote Type: Map
L 04/29/2017 - 19:12:07: [umc-core.smx] Setting nextmap to: emp_crossroads
L 04/29/2017 - 19:12:07: [umc-randomcycle.smx] Disabling random nextmap selection.
L 04/29/2017 - 19:12:07: [umc-core.smx] umc-votecommand.smx: Changing map to 'emp_crossroads' in 5 seconds.
L 04/29/2017 - 19:12:07: [umc-core.smx] MAPVOTE: Players voted for map 'emp_crossroads' from group 'Commander Maps'
L 04/29/2017 - 19:12:13: [umc-core.smx] ---------------------MAP CHANGE: emp_crossroads---------------------
L 04/29/2017 - 19:12:13: [umc-endvote-warnings.smx] Successfully parsed and set up 11 vote warnings.
L 04/29/2017 - 19:12:13: [umc-playercountmonitor.smx] Min Players: 0, Max Players: 22
L 04/29/2017 - 19:12:13: [umc-playercountmonitor.smx] Server will begin watching for inproper number of players in 240 seconds.
L 04/29/2017 - 19:12:13: [umc-rockthevote.smx] RTV is now available.
L 04/29/2017 - 19:16:13: [umc-playercountmonitor.smx] Server is now watching for inproper number of players.
L 04/29/2017 - 20:02:42: [umc-emp-mapvote.smx] Map vote will appear in 1 seconds.
L 04/29/2017 - 20:02:43: [umc-emp-mapvote.smx] Starting a map vote.
L 04/29/2017 - 20:02:43: [umc-core.smx] Initiating Vote Type: Map
L 04/29/2017 - 20:03:21: [umc-core.smx] RUNOFF: Starting runoff vote.
L 04/29/2017 - 20:03:21: [umc-core.smx] Initiating Vote Type: Map
L 04/29/2017 - 20:03:52: [umc-core.smx] Setting nextmap to: emp_snowstorm_rc6
L 04/29/2017 - 20:03:52: [umc-randomcycle.smx] Disabling random nextmap selection.
L 04/29/2017 - 20:03:52: [umc-core.smx] umc-emp-mapvote.smx: Changing map to 'emp_snowstorm_rc6' in 5 seconds.
L 04/29/2017 - 20:03:52: [umc-core.smx] MAPVOTE: Players voted for map 'emp_snowstorm_rc6' from group 'Commander Maps'
L 04/29/2017 - 20:03:58: [umc-core.smx] ---------------------MAP CHANGE: emp_snowstorm_rc6---------------------
L 04/29/2017 - 20:03:58: [umc-endvote-warnings.smx] Successfully parsed and set up 11 vote warnings.
L 04/29/2017 - 20:03:58: [umc-playercountmonitor.smx] Min Players: 14, Max Players: 32
L 04/29/2017 - 20:03:58: [umc-playercountmonitor.smx] Server will begin watching for inproper number of players in 240 seconds.
L 04/29/2017 - 20:03:58: [umc-rockthevote.smx] RTV is now available.
L 04/29/2017 - 20:07:58: [umc-playercountmonitor.smx] Server is now watching for inproper number of players.
L 04/29/2017 - 20:20:25: [umc-nominate.smx] Uninspired wants to nominate a map.
L 04/29/2017 - 20:21:51: [umc-nominate.smx] Mikleo wants to nominate a map.
L 04/29/2017 - 20:21:56: [umc-nominate.smx] Mikleo has nominated 'con_urbanchaos' from group 'Infantry Maps'
L 04/29/2017 - 20:24:24: [umc-emp-mapvote.smx] Map vote will appear in 1 seconds.
L 04/29/2017 - 20:24:25: [umc-emp-mapvote.smx] Starting a map vote.
L 04/29/2017 - 20:24:25: [umc-core.smx] Initiating Vote Type: Map
L 04/29/2017 - 20:24:55: [umc-core.smx] Setting nextmap to: con_urbanchaos
L 04/29/2017 - 20:24:55: [umc-randomcycle.smx] Disabling random nextmap selection.
L 04/29/2017 - 20:24:55: [umc-core.smx] umc-emp-mapvote.smx: Changing map to 'con_urbanchaos' in 5 seconds.
L 04/29/2017 - 20:24:55: [umc-core.smx] MAPVOTE: Players voted for map 'con_urbanchaos' from group 'Infantry Maps'
L 04/29/2017 - 20:25:02: [umc-core.smx] ---------------------MAP CHANGE: con_urbanchaos---------------------
L 04/29/2017 - 20:25:02: [umc-endvote-warnings.smx] Successfully parsed and set up 11 vote warnings.
L 04/29/2017 - 20:25:02: [umc-playercountmonitor.smx] Min Players: 0, Max Players: 20
L 04/29/2017 - 20:25:02: [umc-playercountmonitor.smx] Server will begin watching for inproper number of players in 240 seconds.
L 04/29/2017 - 20:25:02: [umc-rockthevote.smx] RTV is now available.
L 04/29/2017 - 20:29:02: [umc-playercountmonitor.smx] Server is now watching for inproper number of players.
L 04/29/2017 - 20:39:36: [umc-emp-mapvote.smx] Map vote will appear in 1 seconds.
L 04/29/2017 - 20:39:37: [umc-emp-mapvote.smx] Starting a map vote.
L 04/29/2017 - 20:39:37: [umc-core.smx] Initiating Vote Type: Map
L 04/29/2017 - 20:40:08: [umc-core.smx] Setting nextmap to: emp_nuclear_b8u_xfix
L 04/29/2017 - 20:40:08: [umc-randomcycle.smx] Disabling random nextmap selection.
L 04/29/2017 - 20:40:08: [umc-core.smx] umc-emp-mapvote.smx: Changing map to 'emp_nuclear_b8u_xfix' in 5 seconds.
L 04/29/2017 - 20:40:08: [umc-core.smx] MAPVOTE: Players voted for map 'emp_nuclear_b8u_xfix' from group 'Infantry Maps'
L 04/29/2017 - 20:40:14: [umc-core.smx] ---------------------MAP CHANGE: emp_nuclear_b8u_xfix---------------------
L 04/29/2017 - 20:40:14: [umc-endvote-warnings.smx] Successfully parsed and set up 11 vote warnings.
L 04/29/2017 - 20:40:14: [umc-playercountmonitor.smx] Min Players: 4, Max Players: 20
L 04/29/2017 - 20:40:14: [umc-playercountmonitor.smx] Server will begin watching for inproper number of players in 240 seconds.
L 04/29/2017 - 20:40:14: [umc-rockthevote.smx] RTV is now available.
L 04/29/2017 - 20:44:14: [umc-playercountmonitor.smx] Server is now watching for inproper number of players.
L 04/29/2017 - 21:18:41: [umc-nominate.smx] Yingliche wants to nominate a map.
L 04/29/2017 - 21:18:47: [umc-nominate.smx] Yingliche has nominated 'emp_vehicletraining_2013' from group 'Infantry Maps'
L 04/29/2017 - 21:22:21: [umc-emp-mapvote.smx] Map vote will appear in 1 seconds.
L 04/29/2017 - 21:22:22: [umc-emp-mapvote.smx] Starting a map vote.
L 04/29/2017 - 21:22:22: [umc-core.smx] Initiating Vote Type: Map
L 04/29/2017 - 21:23:00: [umc-core.smx] RUNOFF: Starting runoff vote.
L 04/29/2017 - 21:23:00: [umc-core.smx] Initiating Vote Type: Map
L 04/29/2017 - 21:23:30: [umc-core.smx] Setting nextmap to: emp_downfall
L 04/29/2017 - 21:23:31: [umc-randomcycle.smx] Disabling random nextmap selection.
L 04/29/2017 - 21:23:31: [umc-core.smx] umc-emp-mapvote.smx: Changing map to 'emp_downfall' in 5 seconds.
L 04/29/2017 - 21:23:31: [umc-core.smx] MAPVOTE: Players voted for map 'emp_downfall' from group 'Commander Maps'
L 04/29/2017 - 21:23:36: [umc-core.smx] ---------------------MAP CHANGE: emp_downfall---------------------
L 04/29/2017 - 21:23:36: [umc-endvote-warnings.smx] Successfully parsed and set up 11 vote warnings.
L 04/29/2017 - 21:23:36: [umc-playercountmonitor.smx] Min Players: 10, Max Players: 32
L 04/29/2017 - 21:23:36: [umc-playercountmonitor.smx] Server will begin watching for inproper number of players in 240 seconds.
L 04/29/2017 - 21:23:36: [umc-rockthevote.smx] RTV is now available.
L 04/29/2017 - 21:27:36: [umc-playercountmonitor.smx] Server is now watching for inproper number of players.
L 04/29/2017 - 22:27:06: [umc-emp-mapvote.smx] Map vote will appear in 1 seconds.
L 04/29/2017 - 22:27:08: [umc-emp-mapvote.smx] Starting a map vote.
L 04/29/2017 - 22:27:08: [umc-core.smx] Initiating Vote Type: Map
L 04/29/2017 - 22:27:38: [umc-core.smx] Setting nextmap to: emp_dune_ob1
L 04/29/2017 - 22:27:38: [umc-randomcycle.smx] Disabling random nextmap selection.
L 04/29/2017 - 22:27:38: [umc-core.smx] umc-emp-mapvote.smx: Changing map to 'emp_dune_ob1' in 5 seconds.
L 04/29/2017 - 22:27:38: [umc-core.smx] MAPVOTE: Players voted for map 'emp_dune_ob1' from group 'Commander Maps'
L 04/29/2017 - 22:27:43: [umc-core.smx] ---------------------MAP CHANGE: emp_dune_ob1---------------------
L 04/29/2017 - 22:27:43: [umc-endvote-warnings.smx] Successfully parsed and set up 11 vote warnings.
L 04/29/2017 - 22:27:43: [umc-playercountmonitor.smx] Min Players: 20, Max Players: 52
L 04/29/2017 - 22:27:43: [umc-playercountmonitor.smx] Server will begin watching for inproper number of players in 240 seconds.
L 04/29/2017 - 22:27:43: [umc-rockthevote.smx] RTV is now available.
L 04/29/2017 - 22:31:44: [umc-playercountmonitor.smx] Server is now watching for inproper number of players.
L 04/29/2017 - 22:51:04: [umc-nominate.smx] Uninspired wants to nominate a map.
L 04/29/2017 - 22:51:10: [umc-nominate.smx] Uninspired has nominated 'emp_duststorm' from group 'Commander Maps'
L 04/29/2017 - 22:56:19: [umc-emp-mapvote.smx] Map vote will appear in 1 seconds.
L 04/29/2017 - 22:56:20: [umc-emp-mapvote.smx] Starting a map vote.
L 04/29/2017 - 22:56:20: [umc-core.smx] Initiating Vote Type: Map
L 04/29/2017 - 22:56:59: [umc-core.smx] RUNOFF: Starting runoff vote.
L 04/29/2017 - 22:56:59: [umc-core.smx] Initiating Vote Type: Map
L 04/29/2017 - 22:57:30: [umc-core.smx] Setting nextmap to: emp_duststorm
L 04/29/2017 - 22:57:30: [umc-randomcycle.smx] Disabling random nextmap selection.
L 04/29/2017 - 22:57:30: [umc-core.smx] umc-emp-mapvote.smx: Changing map to 'emp_duststorm' in 5 seconds.
L 04/29/2017 - 22:57:30: [umc-core.smx] MAPVOTE: Players voted for map 'emp_duststorm' from group 'Commander Maps'
L 04/29/2017 - 22:57:35: [umc-core.smx] ---------------------MAP CHANGE: emp_duststorm---------------------
L 04/29/2017 - 22:57:36: [umc-endvote-warnings.smx] Successfully parsed and set up 11 vote warnings.
L 04/29/2017 - 22:57:36: [umc-playercountmonitor.smx] Min Players: 20, Max Players: 52
L 04/29/2017 - 22:57:36: [umc-playercountmonitor.smx] Server will begin watching for inproper number of players in 240 seconds.
L 04/29/2017 - 22:57:36: [umc-rockthevote.smx] RTV is now available.
L 04/29/2017 - 23:01:36: [umc-playercountmonitor.smx] Server is now watching for inproper number of players.
L 04/29/2017 - 23:15:19: [umc-emp-mapvote.smx] Map vote will appear in 1 seconds.
L 04/29/2017 - 23:15:21: [umc-emp-mapvote.smx] Starting a map vote.
L 04/29/2017 - 23:15:21: [umc-core.smx] Initiating Vote Type: Map
L 04/29/2017 - 23:15:59: [umc-core.smx] RUNOFF: Starting runoff vote.
L 04/29/2017 - 23:15:59: [umc-core.smx] Initiating Vote Type: Map
L 04/29/2017 - 23:16:30: [umc-core.smx] Setting nextmap to: emp_homeland_b9
L 04/29/2017 - 23:16:30: [umc-randomcycle.smx] Disabling random nextmap selection.
L 04/29/2017 - 23:16:30: [umc-core.smx] umc-emp-mapvote.smx: Changing map to 'emp_homeland_b9' in 5 seconds.
L 04/29/2017 - 23:16:30: [umc-core.smx] MAPVOTE: Players voted for map 'emp_homeland_b9' from group 'Commander Maps'
L 04/29/2017 - 23:16:36: [umc-core.smx] ---------------------MAP CHANGE: emp_homeland_b9---------------------
L 04/29/2017 - 23:16:36: [umc-endvote-warnings.smx] Successfully parsed and set up 11 vote warnings.
L 04/29/2017 - 23:16:36: [umc-playercountmonitor.smx] Min Players: 22, Max Players: 42
L 04/29/2017 - 23:16:36: [umc-playercountmonitor.smx] Server will begin watching for inproper number of players in 240 seconds.
L 04/29/2017 - 23:16:36: [umc-rockthevote.smx] RTV is now available.
L 04/29/2017 - 23:20:36: [umc-playercountmonitor.smx] Server is now watching for inproper number of players.
