L 10/28/2017 - 12:00:09: [umc-emp-mapvote.smx] Map vote will appear in 30 seconds.
L 10/28/2017 - 12:00:39: [umc-emp-mapvote.smx] Starting a map vote.
L 10/28/2017 - 12:00:39: [umc-core.smx] WARNING: Map "emp_duststorm_fix" does not exist on the server. (Group: "Commander Maps")
L 10/28/2017 - 12:00:39: [umc-core.smx] Initiating Vote Type: Map
L 10/28/2017 - 12:01:10: [umc-emp-mapvote.smx] WARNING: Map Voting failure. Initiating random map fail-safe.
L 10/28/2017 - 12:01:10: [umc-core.smx] WARNING: Map "emp_duststorm_fix" does not exist on the server. (Group: "Commander Maps")
L 10/28/2017 - 12:01:10: [umc-core.smx] Setting nextmap to: emp_vehicletraining_2013
L 10/28/2017 - 12:01:10: [umc-randomcycle.smx] Disabling random nextmap selection.
L 10/28/2017 - 12:01:10: [umc-core.smx] umc-emp-mapvote.smx: Changing map to 'emp_vehicletraining_2013' in 5 seconds.
L 10/28/2017 - 12:01:16: [umc-core.smx] ---------------------MAP CHANGE: emp_vehicletraining_2013---------------------
L 10/28/2017 - 12:01:16: [umc-endvote-warnings.smx] Successfully parsed and set up 11 vote warnings.
L 10/28/2017 - 12:01:16: [umc-rockthevote.smx] RTV will be made available in 60 seconds.
L 10/28/2017 - 12:02:18: [umc-rockthevote.smx] RTV is now available.
L 10/28/2017 - 12:41:50: [umc-emp-mapvote.smx] Map vote will appear in 30 seconds.
L 10/28/2017 - 12:42:20: [umc-emp-mapvote.smx] Starting a map vote.
L 10/28/2017 - 12:42:20: [umc-core.smx] WARNING: Map "emp_duststorm_fix" does not exist on the server. (Group: "Commander Maps")
L 10/28/2017 - 12:42:20: [umc-core.smx] Initiating Vote Type: Map
L 10/28/2017 - 12:42:51: [umc-emp-mapvote.smx] WARNING: Map Voting failure. Initiating random map fail-safe.
L 10/28/2017 - 12:42:51: [umc-core.smx] WARNING: Map "emp_duststorm_fix" does not exist on the server. (Group: "Commander Maps")
L 10/28/2017 - 12:42:51: [umc-core.smx] Setting nextmap to: emp_crossroads
L 10/28/2017 - 12:42:51: [umc-randomcycle.smx] Disabling random nextmap selection.
L 10/28/2017 - 12:42:51: [umc-core.smx] umc-emp-mapvote.smx: Changing map to 'emp_crossroads' in 5 seconds.
L 10/28/2017 - 12:42:57: [umc-core.smx] ---------------------MAP CHANGE: emp_crossroads---------------------
L 10/28/2017 - 12:42:57: [umc-endvote-warnings.smx] Successfully parsed and set up 11 vote warnings.
L 10/28/2017 - 12:42:57: [umc-rockthevote.smx] RTV will be made available in 60 seconds.
L 10/28/2017 - 12:43:59: [umc-rockthevote.smx] RTV is now available.
L 10/28/2017 - 17:19:29: [umc-emp-mapvote.smx] Map vote will appear in 30 seconds.
L 10/28/2017 - 17:19:59: [umc-emp-mapvote.smx] Starting a map vote.
L 10/28/2017 - 17:19:59: [umc-core.smx] WARNING: Map "emp_duststorm_fix" does not exist on the server. (Group: "Commander Maps")
L 10/28/2017 - 17:19:59: [umc-core.smx] Initiating Vote Type: Map
L 10/28/2017 - 17:20:29: [umc-core.smx] Setting nextmap to: emp_downfall
L 10/28/2017 - 17:20:29: [umc-randomcycle.smx] Disabling random nextmap selection.
L 10/28/2017 - 17:20:29: [umc-core.smx] umc-emp-mapvote.smx: Changing map to 'emp_downfall' in 5 seconds.
L 10/28/2017 - 17:20:29: [umc-core.smx] MAPVOTE: Players voted for map 'emp_downfall' from group 'Commander Maps'
L 10/28/2017 - 17:20:35: [umc-core.smx] ---------------------MAP CHANGE: emp_downfall---------------------
L 10/28/2017 - 17:20:35: [umc-endvote-warnings.smx] Successfully parsed and set up 11 vote warnings.
L 10/28/2017 - 17:20:35: [umc-rockthevote.smx] RTV will be made available in 60 seconds.
L 10/28/2017 - 17:21:36: [umc-rockthevote.smx] RTV is now available.
L 10/28/2017 - 19:09:33: [umc-core.smx] ---------------------MAP CHANGE: con_district402---------------------
L 10/28/2017 - 19:09:33: [umc-endvote-warnings.smx] Successfully parsed and set up 11 vote warnings.
L 10/28/2017 - 19:09:33: [umc-rockthevote.smx] RTV will be made available in 60 seconds.
L 10/28/2017 - 19:10:34: [umc-rockthevote.smx] RTV is now available.
L 10/28/2017 - 19:45:57: [umc-nominate.smx] rauer wants to nominate a map.
L 10/28/2017 - 19:46:02: [umc-nominate.smx] rauer has nominated 'fun_ricochet_a3' from group 'Cooldown Maps'
L 10/28/2017 - 19:49:10: [umc-emp-mapvote.smx] Map vote will appear in 30 seconds.
L 10/28/2017 - 19:49:40: [umc-emp-mapvote.smx] Starting a map vote.
L 10/28/2017 - 19:49:40: [umc-core.smx] WARNING: Map "emp_duststorm_fix" does not exist on the server. (Group: "Commander Maps")
L 10/28/2017 - 19:49:40: [umc-core.smx] Initiating Vote Type: Map
L 10/28/2017 - 19:50:10: [umc-core.smx] Setting nextmap to: fun_ricochet_a3
L 10/28/2017 - 19:50:10: [umc-randomcycle.smx] Disabling random nextmap selection.
L 10/28/2017 - 19:50:10: [umc-core.smx] umc-emp-mapvote.smx: Changing map to 'fun_ricochet_a3' in 5 seconds.
L 10/28/2017 - 19:50:10: [umc-core.smx] MAPVOTE: Players voted for map 'fun_ricochet_a3' from group 'Cooldown Maps'
L 10/28/2017 - 19:50:15: [umc-core.smx] ---------------------MAP CHANGE: fun_ricochet_a3---------------------
L 10/28/2017 - 19:50:15: [umc-endvote-warnings.smx] Successfully parsed and set up 11 vote warnings.
L 10/28/2017 - 19:50:15: [umc-rockthevote.smx] RTV will be made available in 60 seconds.
L 10/28/2017 - 19:51:01: [umc-nominate.smx] rauer wants to nominate a map.
L 10/28/2017 - 19:51:16: [umc-rockthevote.smx] RTV is now available.
L 10/28/2017 - 19:51:17: [umc-nominate.smx] rauer has nominated 'emp_havoc_b1_fix' from group 'Infantry Maps'
L 10/28/2017 - 19:54:51: [umc-nominate.smx] Mikleo wants to nominate a map.
L 10/28/2017 - 19:54:54: [umc-nominate.smx] Mikleo has nominated 'emp_nuclear_b8u_xfix' from group 'Infantry Maps'
L 10/28/2017 - 19:56:39: [umc-emp-mapvote.smx] Map vote will appear in 30 seconds.
L 10/28/2017 - 19:57:09: [umc-emp-mapvote.smx] Starting a map vote.
L 10/28/2017 - 19:57:09: [umc-core.smx] WARNING: Map "emp_duststorm_fix" does not exist on the server. (Group: "Commander Maps")
L 10/28/2017 - 19:57:09: [umc-core.smx] Initiating Vote Type: Map
L 10/28/2017 - 19:57:48: [umc-core.smx] RUNOFF: Starting runoff vote.
L 10/28/2017 - 19:57:48: [umc-core.smx] Initiating Vote Type: Map
L 10/28/2017 - 19:58:19: [umc-core.smx] Setting nextmap to: emp_beachfront_b2
L 10/28/2017 - 19:58:19: [umc-randomcycle.smx] Disabling random nextmap selection.
L 10/28/2017 - 19:58:19: [umc-core.smx] umc-emp-mapvote.smx: Changing map to 'emp_beachfront_b2' in 5 seconds.
L 10/28/2017 - 19:58:19: [umc-core.smx] MAPVOTE: Players voted for map 'emp_beachfront_b2' from group 'Commander Maps'
L 10/28/2017 - 19:58:24: [umc-rockthevote.smx] Starting RTV.
L 10/28/2017 - 19:58:24: [umc-core.smx] ---------------------MAP CHANGE: emp_beachfront_b2---------------------
L 10/28/2017 - 19:58:24: [umc-endvote-warnings.smx] Successfully parsed and set up 11 vote warnings.
L 10/28/2017 - 19:58:24: [umc-rockthevote.smx] RTV will be made available in 60 seconds.
L 10/28/2017 - 19:59:22: [umc-core.smx] ---------------------MAP CHANGE: con_district402---------------------
L 10/28/2017 - 19:59:22: [umc-endvote-warnings.smx] Successfully parsed and set up 11 vote warnings.
L 10/28/2017 - 19:59:22: [umc-rockthevote.smx] RTV will be made available in 60 seconds.
L 10/28/2017 - 20:00:22: [umc-core.smx] WARNING: Map "emp_duststorm_fix" does not exist on the server. (Group: "Commander Maps")
L 10/28/2017 - 20:00:23: [umc-rockthevote.smx] RTV is now available.
L 10/28/2017 - 20:00:25: [umc-core.smx] Setting nextmap to: emp_beachfront_b2
L 10/28/2017 - 20:00:25: [umc-randomcycle.smx] Disabling random nextmap selection.
L 10/28/2017 - 20:00:25: [umc-core.smx] umc-adminmenu.smx: Changing map to 'emp_beachfront_b2' in 5 seconds.
L 10/28/2017 - 20:00:25: [umc-adminmenu.smx] Oktay<4><[U:1:116496292]><> set the next map to emp_beachfront_b2 from group Commander Maps.
L 10/28/2017 - 20:00:31: [umc-core.smx] ---------------------MAP CHANGE: emp_beachfront_b2---------------------
L 10/28/2017 - 20:00:31: [umc-endvote-warnings.smx] Successfully parsed and set up 11 vote warnings.
L 10/28/2017 - 20:00:31: [umc-rockthevote.smx] RTV will be made available in 60 seconds.
L 10/28/2017 - 20:01:32: [umc-rockthevote.smx] RTV is now available.
L 10/28/2017 - 20:49:00: [umc-nominate.smx] Oktay wants to nominate a map.
L 10/28/2017 - 20:49:11: [umc-nominate.smx] Oktay has nominated 'emp_vehicletraining_2013' from group 'Infantry Maps'
L 10/28/2017 - 20:50:52: [umc-nominate.smx] Mikleo wants to nominate a map.
L 10/28/2017 - 20:50:56: [umc-nominate.smx] Mikleo has nominated 'emp_nuclear_b8u_xfix' from group 'Infantry Maps'
L 10/28/2017 - 20:51:03: [umc-nominate.smx] JK wants to nominate a map.
L 10/28/2017 - 20:52:10: [umc-emp-mapvote.smx] Map vote will appear in 30 seconds.
L 10/28/2017 - 20:52:40: [umc-emp-mapvote.smx] Starting a map vote.
L 10/28/2017 - 20:52:40: [umc-core.smx] WARNING: Map "emp_duststorm_fix" does not exist on the server. (Group: "Commander Maps")
L 10/28/2017 - 20:52:40: [umc-core.smx] Initiating Vote Type: Map
L 10/28/2017 - 20:53:18: [umc-core.smx] RUNOFF: Starting runoff vote.
L 10/28/2017 - 20:53:18: [umc-core.smx] Initiating Vote Type: Map
L 10/28/2017 - 20:53:43: [umc-core.smx] Setting nextmap to: con_district402
L 10/28/2017 - 20:53:43: [umc-randomcycle.smx] Disabling random nextmap selection.
L 10/28/2017 - 20:53:43: [umc-core.smx] umc-adminmenu.smx: Changing map to 'con_district402' in 5 seconds.
L 10/28/2017 - 20:53:43: [umc-adminmenu.smx] Oktay<4><[U:1:116496292]><> set the next map to con_district402 from group Infantry Maps.
L 10/28/2017 - 20:53:48: [umc-core.smx] Setting nextmap to: emp_nuclear_b8u_xfix
L 10/28/2017 - 20:53:48: [umc-randomcycle.smx] Disabling random nextmap selection.
L 10/28/2017 - 20:53:48: [umc-core.smx] umc-emp-mapvote.smx: Changing map to 'emp_nuclear_b8u_xfix' in 5 seconds.
L 10/28/2017 - 20:53:48: [umc-core.smx] MAPVOTE: Players voted for map 'emp_nuclear_b8u_xfix' from group 'Infantry Maps'
L 10/28/2017 - 20:53:49: [umc-core.smx] ---------------------MAP CHANGE: con_district402---------------------
L 10/28/2017 - 20:53:49: [umc-endvote-warnings.smx] Successfully parsed and set up 11 vote warnings.
L 10/28/2017 - 20:53:49: [umc-rockthevote.smx] RTV will be made available in 60 seconds.
L 10/28/2017 - 20:54:50: [umc-rockthevote.smx] RTV is now available.
L 10/28/2017 - 21:01:37: [umc-nominate.smx] Mikleo wants to nominate a map.
L 10/28/2017 - 21:01:41: [umc-nominate.smx] Mikleo has nominated 'con_urbanchaos_fix' from group 'Infantry Maps'
L 10/28/2017 - 21:27:05: [umc-emp-mapvote.smx] Map vote will appear in 30 seconds.
L 10/28/2017 - 21:27:35: [umc-emp-mapvote.smx] Starting a map vote.
L 10/28/2017 - 21:27:35: [umc-core.smx] WARNING: Map "emp_duststorm_fix" does not exist on the server. (Group: "Commander Maps")
L 10/28/2017 - 21:27:35: [umc-core.smx] Initiating Vote Type: Map
L 10/28/2017 - 21:28:06: [umc-core.smx] Setting nextmap to: fun_ricochet_a3
L 10/28/2017 - 21:28:06: [umc-randomcycle.smx] Disabling random nextmap selection.
L 10/28/2017 - 21:28:06: [umc-core.smx] umc-emp-mapvote.smx: Changing map to 'fun_ricochet_a3' in 5 seconds.
L 10/28/2017 - 21:28:06: [umc-core.smx] MAPVOTE: Players voted for map 'fun_ricochet_a3' from group 'Cooldown Maps'
L 10/28/2017 - 21:28:11: [umc-core.smx] ---------------------MAP CHANGE: fun_ricochet_a3---------------------
L 10/28/2017 - 21:28:11: [umc-endvote-warnings.smx] Successfully parsed and set up 11 vote warnings.
L 10/28/2017 - 21:28:11: [umc-rockthevote.smx] RTV will be made available in 60 seconds.
L 10/28/2017 - 21:29:12: [umc-rockthevote.smx] RTV is now available.
L 10/28/2017 - 21:34:08: [umc-emp-mapvote.smx] Map vote will appear in 30 seconds.
L 10/28/2017 - 21:34:38: [umc-emp-mapvote.smx] Starting a map vote.
L 10/28/2017 - 21:34:38: [umc-core.smx] WARNING: Map "emp_duststorm_fix" does not exist on the server. (Group: "Commander Maps")
L 10/28/2017 - 21:34:38: [umc-core.smx] Initiating Vote Type: Map
L 10/28/2017 - 21:35:08: [umc-core.smx] Setting nextmap to: con_urbanchaos_fix
L 10/28/2017 - 21:35:08: [umc-randomcycle.smx] Disabling random nextmap selection.
L 10/28/2017 - 21:35:08: [umc-core.smx] umc-emp-mapvote.smx: Changing map to 'con_urbanchaos_fix' in 5 seconds.
L 10/28/2017 - 21:35:08: [umc-core.smx] MAPVOTE: Players voted for map 'con_urbanchaos_fix' from group 'Infantry Maps'
L 10/28/2017 - 21:35:15: [umc-core.smx] ---------------------MAP CHANGE: con_urbanchaos_fix---------------------
L 10/28/2017 - 21:35:15: [umc-endvote-warnings.smx] Successfully parsed and set up 11 vote warnings.
L 10/28/2017 - 21:35:15: [umc-rockthevote.smx] RTV will be made available in 60 seconds.
L 10/28/2017 - 21:36:16: [umc-rockthevote.smx] RTV is now available.
L 10/28/2017 - 21:53:13: [umc-nominate.smx] Uninspired wants to nominate a map.
L 10/28/2017 - 22:04:35: [umc-emp-mapvote.smx] Map vote will appear in 30 seconds.
L 10/28/2017 - 22:05:05: [umc-emp-mapvote.smx] Starting a map vote.
L 10/28/2017 - 22:05:05: [umc-core.smx] WARNING: Map "emp_duststorm_fix" does not exist on the server. (Group: "Commander Maps")
L 10/28/2017 - 22:05:05: [umc-core.smx] Initiating Vote Type: Map
L 10/28/2017 - 22:05:35: [umc-core.smx] Setting nextmap to: emp_crossroads
L 10/28/2017 - 22:05:35: [umc-randomcycle.smx] Disabling random nextmap selection.
L 10/28/2017 - 22:05:35: [umc-core.smx] umc-emp-mapvote.smx: Changing map to 'emp_crossroads' in 5 seconds.
L 10/28/2017 - 22:05:35: [umc-core.smx] MAPVOTE: Players voted for map 'emp_crossroads' from group 'Commander Maps'
L 10/28/2017 - 22:05:41: [umc-core.smx] ---------------------MAP CHANGE: emp_crossroads---------------------
L 10/28/2017 - 22:05:41: [umc-endvote-warnings.smx] Successfully parsed and set up 11 vote warnings.
L 10/28/2017 - 22:05:41: [umc-rockthevote.smx] RTV will be made available in 60 seconds.
L 10/28/2017 - 22:06:42: [umc-rockthevote.smx] RTV is now available.
L 10/28/2017 - 22:45:28: [umc-nominate.smx] Xyber04 wants to nominate a map.
L 10/28/2017 - 22:45:30: [umc-core.smx] WARNING: Map "emp_duststorm_fix" does not exist on the server. (Group: "Commander Maps")
L 10/28/2017 - 22:45:38: [umc-nominate.smx] Xyber04 wants to nominate a map.
L 10/28/2017 - 22:45:46: [umc-nominate.smx] Xyber04 has nominated 'con_glycencity' from group 'Infantry Maps'
L 10/28/2017 - 23:10:49: [umc-nominate.smx] ScardyBob wants to nominate a map.
L 10/28/2017 - 23:10:50: [umc-core.smx] WARNING: Map "emp_duststorm_fix" does not exist on the server. (Group: "Commander Maps")
L 10/28/2017 - 23:10:56: [umc-nominate.smx] ScardyBob has nominated 'emp_snowstorm_rc6' from group 'Commander Maps'
L 10/28/2017 - 23:16:58: [umc-emp-mapvote.smx] Map vote will appear in 30 seconds.
L 10/28/2017 - 23:17:19: [umc-nominate.smx] Mr. X. wants to nominate a map.
L 10/28/2017 - 23:17:20: [umc-core.smx] WARNING: Map "emp_duststorm_fix" does not exist on the server. (Group: "Commander Maps")
L 10/28/2017 - 23:17:27: [umc-nominate.smx] c-137 Medicine wants to nominate a map.
L 10/28/2017 - 23:17:29: [umc-emp-mapvote.smx] Starting a map vote.
L 10/28/2017 - 23:17:29: [umc-core.smx] WARNING: Map "emp_duststorm_fix" does not exist on the server. (Group: "Commander Maps")
L 10/28/2017 - 23:17:29: [umc-core.smx] Initiating Vote Type: Map
L 10/28/2017 - 23:17:59: [umc-core.smx] Setting nextmap to: emp_vehicletraining_2013
L 10/28/2017 - 23:17:59: [umc-randomcycle.smx] Disabling random nextmap selection.
L 10/28/2017 - 23:17:59: [umc-core.smx] umc-emp-mapvote.smx: Changing map to 'emp_vehicletraining_2013' in 5 seconds.
L 10/28/2017 - 23:17:59: [umc-core.smx] MAPVOTE: Players voted for map 'emp_vehicletraining_2013' from group 'Infantry Maps'
L 10/28/2017 - 23:18:05: [umc-core.smx] ---------------------MAP CHANGE: emp_vehicletraining_2013---------------------
L 10/28/2017 - 23:18:05: [umc-endvote-warnings.smx] Successfully parsed and set up 11 vote warnings.
L 10/28/2017 - 23:18:05: [umc-rockthevote.smx] RTV will be made available in 60 seconds.
L 10/28/2017 - 23:18:39: [umc-nominate.smx] CrazyMRANZ wants to nominate a map.
L 10/28/2017 - 23:18:41: [umc-core.smx] WARNING: Map "emp_duststorm_fix" does not exist on the server. (Group: "Commander Maps")
L 10/28/2017 - 23:18:45: [umc-core.smx] WARNING: Map "emp_duststorm_fix" does not exist on the server. (Group: "Commander Maps")
L 10/28/2017 - 23:18:48: [umc-core.smx] WARNING: Map "emp_duststorm_fix" does not exist on the server. (Group: "Commander Maps")
L 10/28/2017 - 23:18:54: [umc-nominate.smx] CrazyMRANZ wants to nominate a map.
L 10/28/2017 - 23:18:55: [umc-core.smx] WARNING: Map "emp_duststorm_fix" does not exist on the server. (Group: "Commander Maps")
L 10/28/2017 - 23:18:58: [umc-nominate.smx] CrazyMRANZ has nominated 'emp_drygulch_a6' from group 'Commander Maps'
L 10/28/2017 - 23:19:06: [umc-rockthevote.smx] RTV is now available.
L 10/28/2017 - 23:49:49: [umc-emp-mapvote.smx] Map vote will appear in 30 seconds.
L 10/28/2017 - 23:50:20: [umc-emp-mapvote.smx] Starting a map vote.
L 10/28/2017 - 23:50:20: [umc-core.smx] WARNING: Map "emp_duststorm_fix" does not exist on the server. (Group: "Commander Maps")
L 10/28/2017 - 23:50:20: [umc-core.smx] Initiating Vote Type: Map
L 10/28/2017 - 23:50:58: [umc-core.smx] RUNOFF: Starting runoff vote.
L 10/28/2017 - 23:50:58: [umc-core.smx] Initiating Vote Type: Map
L 10/28/2017 - 23:51:20: [umc-core.smx] Setting nextmap to: emp_downfall
L 10/28/2017 - 23:51:20: [umc-randomcycle.smx] Disabling random nextmap selection.
L 10/28/2017 - 23:51:20: [umc-core.smx] umc-emp-mapvote.smx: Changing map to 'emp_downfall' in 5 seconds.
L 10/28/2017 - 23:51:20: [umc-core.smx] MAPVOTE: Players voted for map 'emp_downfall' from group 'Commander Maps'
L 10/28/2017 - 23:51:26: [umc-core.smx] ---------------------MAP CHANGE: emp_downfall---------------------
L 10/28/2017 - 23:51:26: [umc-endvote-warnings.smx] Successfully parsed and set up 11 vote warnings.
L 10/28/2017 - 23:51:26: [umc-rockthevote.smx] RTV will be made available in 60 seconds.
L 10/28/2017 - 23:52:27: [umc-rockthevote.smx] RTV is now available.
L 10/28/2017 - 23:58:02: [umc-core.smx] ---------------------MAP CHANGE: as_crackdown_a3---------------------
L 10/28/2017 - 23:58:02: [umc-endvote-warnings.smx] Successfully parsed and set up 11 vote warnings.
L 10/28/2017 - 23:58:02: [umc-rockthevote.smx] RTV will be made available in 60 seconds.
L 10/28/2017 - 23:59:03: [umc-rockthevote.smx] RTV is now available.
