L 09/04/2017 - 00:06:44: [umc-emp-mapvote.smx] Map vote will appear in 30 seconds.
L 09/04/2017 - 00:07:14: [umc-emp-mapvote.smx] Starting a map vote.
L 09/04/2017 - 00:07:14: [umc-core.smx] Initiating Vote Type: Map
L 09/04/2017 - 00:07:53: [umc-core.smx] RUNOFF: Starting runoff vote.
L 09/04/2017 - 00:07:53: [umc-core.smx] Initiating Vote Type: Map
L 09/04/2017 - 00:08:24: [umc-core.smx] Setting nextmap to: emp_canyon
L 09/04/2017 - 00:08:24: [umc-randomcycle.smx] Disabling random nextmap selection.
L 09/04/2017 - 00:08:24: [umc-core.smx] umc-emp-mapvote.smx: Changing map to 'emp_canyon' in 5 seconds.
L 09/04/2017 - 00:08:24: [umc-core.smx] MAPVOTE: Players voted for map 'emp_canyon' from group 'Commander Maps'
L 09/04/2017 - 00:08:35: [umc-core.smx] ---------------------MAP CHANGE: emp_canyon---------------------
L 09/04/2017 - 00:08:35: [umc-endvote-warnings.smx] Successfully parsed and set up 11 vote warnings.
L 09/04/2017 - 00:08:35: [umc-playercountmonitor.smx] Min Players: 14, Max Players: 32
L 09/04/2017 - 00:08:35: [umc-playercountmonitor.smx] Server will begin watching for inproper number of players in 240 seconds.
L 09/04/2017 - 00:08:35: [umc-rockthevote.smx] RTV will be made available in 60 seconds.
L 09/04/2017 - 00:09:36: [umc-rockthevote.smx] RTV is now available.
L 09/04/2017 - 00:12:35: [umc-playercountmonitor.smx] Server is now watching for inproper number of players.
L 09/04/2017 - 00:19:37: [umc-emp-mapvote.smx] Map vote will appear in 30 seconds.
L 09/04/2017 - 00:20:07: [umc-emp-mapvote.smx] Starting a map vote.
L 09/04/2017 - 00:20:07: [umc-core.smx] Initiating Vote Type: Map
L 09/04/2017 - 00:20:46: [umc-core.smx] RUNOFF: Starting runoff vote.
L 09/04/2017 - 00:20:46: [umc-core.smx] Initiating Vote Type: Map
L 09/04/2017 - 00:21:16: [umc-core.smx] Setting nextmap to: emp_massacred_rc1
L 09/04/2017 - 00:21:16: [umc-randomcycle.smx] Disabling random nextmap selection.
L 09/04/2017 - 00:21:16: [umc-core.smx] umc-emp-mapvote.smx: Changing map to 'emp_massacred_rc1' in 5 seconds.
L 09/04/2017 - 00:21:16: [umc-core.smx] MAPVOTE: Players voted for map 'emp_massacred_rc1' from group 'Commander Maps'
L 09/04/2017 - 00:21:27: [umc-core.smx] ---------------------MAP CHANGE: emp_massacred_rc1---------------------
L 09/04/2017 - 00:21:28: [umc-endvote-warnings.smx] Successfully parsed and set up 11 vote warnings.
L 09/04/2017 - 00:21:28: [umc-playercountmonitor.smx] Min Players: 14, Max Players: 42
L 09/04/2017 - 00:21:28: [umc-playercountmonitor.smx] Server will begin watching for inproper number of players in 240 seconds.
L 09/04/2017 - 00:21:28: [umc-rockthevote.smx] RTV will be made available in 60 seconds.
L 09/04/2017 - 00:22:29: [umc-rockthevote.smx] RTV is now available.
L 09/04/2017 - 00:25:28: [umc-playercountmonitor.smx] Server is now watching for inproper number of players.
L 09/04/2017 - 00:43:58: [umc-nominate.smx] jules0101 wants to nominate a map.
L 09/04/2017 - 00:45:37: [umc-emp-mapvote.smx] Map vote will appear in 30 seconds.
L 09/04/2017 - 00:46:07: [umc-emp-mapvote.smx] Starting a map vote.
L 09/04/2017 - 00:46:07: [umc-core.smx] Initiating Vote Type: Map
L 09/04/2017 - 00:46:45: [umc-core.smx] RUNOFF: Starting runoff vote.
L 09/04/2017 - 00:46:45: [umc-core.smx] Initiating Vote Type: Map
L 09/04/2017 - 00:47:16: [umc-core.smx] Setting nextmap to: emp_duststorm
L 09/04/2017 - 00:47:16: [umc-randomcycle.smx] Disabling random nextmap selection.
L 09/04/2017 - 00:47:16: [umc-core.smx] umc-emp-mapvote.smx: Changing map to 'emp_duststorm' in 5 seconds.
L 09/04/2017 - 00:47:16: [umc-core.smx] MAPVOTE: Players voted for map 'emp_duststorm' from group 'Commander Maps'
L 09/04/2017 - 00:47:30: [umc-core.smx] ---------------------MAP CHANGE: emp_duststorm---------------------
L 09/04/2017 - 00:47:30: [umc-endvote-warnings.smx] Successfully parsed and set up 11 vote warnings.
L 09/04/2017 - 00:47:30: [umc-playercountmonitor.smx] Min Players: 20, Max Players: 52
L 09/04/2017 - 00:47:30: [umc-playercountmonitor.smx] Server will begin watching for inproper number of players in 240 seconds.
L 09/04/2017 - 00:47:30: [umc-rockthevote.smx] RTV will be made available in 60 seconds.
L 09/04/2017 - 00:48:31: [umc-rockthevote.smx] RTV is now available.
L 09/04/2017 - 00:49:04: [umc-nominate.smx] Mr. X. wants to nominate a map.
L 09/04/2017 - 00:49:45: [umc-nominate.smx] Mr. X. wants to nominate a map.
L 09/04/2017 - 00:49:47: [umc-nominate.smx] Mr. X. has nominated 'con_forestattack_b1' from group 'Infantry Maps'
L 09/04/2017 - 00:49:54: [umc-nominate.smx] Icon wants to nominate a map.
L 09/04/2017 - 00:50:23: [umc-rockthevote.smx] Starting RTV.
L 09/04/2017 - 00:50:23: [umc-core.smx] Initiating Vote Type: Map
L 09/04/2017 - 00:51:30: [umc-playercountmonitor.smx] Server is now watching for inproper number of players.
L 09/04/2017 - 00:51:32: [umc-core.smx] RUNOFF: Starting runoff vote.
L 09/04/2017 - 00:51:32: [umc-core.smx] Initiating Vote Type: Map
L 09/04/2017 - 00:52:32: [umc-core.smx] Setting nextmap to: con_forestattack_b1
L 09/04/2017 - 00:52:32: [umc-randomcycle.smx] Disabling random nextmap selection.
L 09/04/2017 - 00:52:32: [umc-core.smx] umc-rockthevote.smx: Changing map to 'con_forestattack_b1' in 5 seconds.
L 09/04/2017 - 00:52:32: [umc-core.smx] MAPVOTE: Players voted for map 'con_forestattack_b1' from group 'Infantry Maps'
L 09/04/2017 - 00:52:41: [umc-core.smx] ---------------------MAP CHANGE: con_forestattack_b1---------------------
L 09/04/2017 - 00:52:41: [umc-endvote-warnings.smx] Successfully parsed and set up 11 vote warnings.
L 09/04/2017 - 00:52:41: [umc-playercountmonitor.smx] Min Players: 0, Max Players: 20
L 09/04/2017 - 00:52:41: [umc-playercountmonitor.smx] Server will begin watching for inproper number of players in 240 seconds.
L 09/04/2017 - 00:52:41: [umc-rockthevote.smx] RTV will be made available in 60 seconds.
L 09/04/2017 - 00:53:42: [umc-rockthevote.smx] RTV is now available.
L 09/04/2017 - 00:56:41: [umc-playercountmonitor.smx] Server is now watching for inproper number of players.
L 09/04/2017 - 01:10:13: [umc-emp-mapvote.smx] Map vote will appear in 30 seconds.
L 09/04/2017 - 01:10:43: [umc-emp-mapvote.smx] Starting a map vote.
L 09/04/2017 - 01:10:43: [umc-core.smx] Initiating Vote Type: Map
L 09/04/2017 - 01:11:14: [umc-emp-mapvote.smx] WARNING: Map Voting failure. Initiating random map fail-safe.
L 09/04/2017 - 01:11:14: [umc-core.smx] Setting nextmap to: emp_downfall
L 09/04/2017 - 01:11:14: [umc-randomcycle.smx] Disabling random nextmap selection.
L 09/04/2017 - 01:11:14: [umc-core.smx] umc-emp-mapvote.smx: Changing map to 'emp_downfall' in 5 seconds.
L 09/04/2017 - 01:11:21: [umc-core.smx] ---------------------MAP CHANGE: emp_downfall---------------------
L 09/04/2017 - 01:11:21: [umc-endvote-warnings.smx] Successfully parsed and set up 11 vote warnings.
L 09/04/2017 - 01:11:21: [umc-playercountmonitor.smx] Min Players: 0, Max Players: 22
L 09/04/2017 - 01:11:21: [umc-playercountmonitor.smx] Server will begin watching for inproper number of players in 240 seconds.
L 09/04/2017 - 01:11:21: [umc-rockthevote.smx] RTV will be made available in 60 seconds.
L 09/04/2017 - 01:12:22: [umc-rockthevote.smx] RTV is now available.
L 09/04/2017 - 01:15:21: [umc-playercountmonitor.smx] Server is now watching for inproper number of players.
