L 06/20/2018 - 05:08:23: [umc-emp-mapvote.smx] Map vote will appear in 30 seconds.
L 06/20/2018 - 05:08:53: [umc-emp-mapvote.smx] Starting a map vote.
L 06/20/2018 - 05:08:53: [umc-core.smx] VOTE MENU: (Verbose) Fetching 7 maps from group 'Commander Maps'
L 06/20/2018 - 05:08:53: [umc-core.smx] VOTE MENU: (Verbose) Finished parsing nominations for map group 'Commander Maps'
L 06/20/2018 - 05:08:53: [umc-core.smx] VOTE MENU: (Verbose) Still need to fetch 7 maps from the group.
L 06/20/2018 - 05:08:53: [umc-core.smx] VOTE MENU: (Verbose) Selected map 'emp_downfall_hce' from group 'Commander Maps' was added to the vote.
L 06/20/2018 - 05:08:53: [umc-core.smx] VOTE MENU: (Verbose) Selected map 'emp_drygulch_a7' from group 'Commander Maps' was added to the vote.
L 06/20/2018 - 05:08:53: [umc-core.smx] VOTE MENU: (Verbose) Selected map 'emp_beachfront_b2_hce' from group 'Commander Maps' was added to the vote.
L 06/20/2018 - 05:08:53: [umc-core.smx] VOTE MENU: (Verbose) Selected map 'emp_crossroads_towerless_hce' from group 'Commander Maps' was added to the vote.
L 06/20/2018 - 05:08:53: [umc-core.smx] VOTE MENU: (Verbose) No more maps in map group 'Commander Maps'
L 06/20/2018 - 05:08:53: [umc-core.smx] VOTE MENU: (Verbose) Fetching 1 maps from group 'Infantry Maps'
L 06/20/2018 - 05:08:53: [umc-core.smx] VOTE MENU: (Verbose) Finished parsing nominations for map group 'Infantry Maps'
L 06/20/2018 - 05:08:53: [umc-core.smx] VOTE MENU: (Verbose) Still need to fetch 1 maps from the group.
L 06/20/2018 - 05:08:53: [umc-core.smx] VOTE MENU: (Verbose) Selected map 'con_urbanchaos_comm_b2' from group 'Infantry Maps' was added to the vote.
L 06/20/2018 - 05:08:53: [umc-core.smx] VOTE MENU: (Verbose) Fetching 0 maps from group 'Cooldown Maps'
L 06/20/2018 - 05:08:53: [umc-core.smx] VOTE MENU: (Verbose) Finished parsing nominations for map group 'Cooldown Maps'
L 06/20/2018 - 05:08:53: [umc-core.smx] Initiating Vote Type: Map
L 06/20/2018 - 05:08:53: [umc-core.smx] Adding Clients to Vote:
L 06/20/2018 - 05:08:53: [umc-core.smx] Could not start core vote, no players to display vote to!
L 06/20/2018 - 05:08:53: [umc-emp-mapvote.smx] Could not start UMC vote.
L 06/20/2018 - 05:08:53: [umc-emp-mapvote.smx] WARNING: Map Voting failure. Initiating random map fail-safe.
L 06/20/2018 - 05:08:53: [umc-core.smx] Setting nextmap to: con_urbanchaos_comm_b2
L 06/20/2018 - 05:08:53: [umc-randomcycle.smx] Disabling random nextmap selection.
L 06/20/2018 - 05:08:53: [umc-core.smx] umc-emp-mapvote.smx: Changing map to 'con_urbanchaos_comm_b2' in 5 seconds.
L 06/20/2018 - 05:08:59: [umc-core.smx] ---------------------MAP CHANGE: con_urbanchaos_comm_b2---------------------
L 06/20/2018 - 05:08:59: [umc-endvote-warnings.smx] Successfully parsed and set up 11 vote warnings.
L 06/20/2018 - 05:08:59: [umc-rockthevote.smx] RTV will be made available in 60 seconds.
L 06/20/2018 - 05:10:00: [umc-rockthevote.smx] RTV is now available.
