L 10/21/2017 - 01:40:58: [umc-nominate.smx] D.D.D. Destroyer wants to nominate a map.
L 10/21/2017 - 01:41:05: [umc-nominate.smx] D.D.D. Destroyer wants to nominate a map.
L 10/21/2017 - 01:41:05: [umc-core.smx] WARNING: Map "emp_duststorm_fix" does not exist on the server. (Group: "Commander Maps")
L 10/21/2017 - 01:41:30: [umc-nominate.smx] D.D.D. Destroyer has nominated 'emp_temple_b3a' from group 'Commander Maps'
L 10/21/2017 - 15:06:23: [umc-emp-mapvote.smx] Map vote will appear in 30 seconds.
L 10/21/2017 - 15:06:53: [umc-emp-mapvote.smx] Starting a map vote.
L 10/21/2017 - 15:06:53: [umc-core.smx] WARNING: Map "emp_duststorm_fix" does not exist on the server. (Group: "Commander Maps")
L 10/21/2017 - 15:06:53: [umc-core.smx] Initiating Vote Type: Map
L 10/21/2017 - 15:06:53: [umc-core.smx] Could not start core vote, no players to display vote to!
L 10/21/2017 - 15:06:53: [umc-emp-mapvote.smx] Could not start UMC vote.
L 10/21/2017 - 15:06:53: [umc-emp-mapvote.smx] WARNING: Map Voting failure. Initiating random map fail-safe.
L 10/21/2017 - 15:06:53: [umc-core.smx] WARNING: Map "emp_duststorm_fix" does not exist on the server. (Group: "Commander Maps")
L 10/21/2017 - 15:06:53: [umc-core.smx] Setting nextmap to: con_glycencity
L 10/21/2017 - 15:06:53: [umc-randomcycle.smx] Disabling random nextmap selection.
L 10/21/2017 - 15:06:53: [umc-core.smx] umc-emp-mapvote.smx: Changing map to 'con_glycencity' in 5 seconds.
L 10/21/2017 - 15:07:00: [umc-core.smx] ---------------------MAP CHANGE: con_glycencity---------------------
L 10/21/2017 - 15:07:00: [umc-endvote-warnings.smx] Successfully parsed and set up 11 vote warnings.
L 10/21/2017 - 15:07:00: [umc-rockthevote.smx] RTV will be made available in 60 seconds.
L 10/21/2017 - 15:08:01: [umc-rockthevote.smx] RTV is now available.
L 10/21/2017 - 15:41:02: [umc-emp-mapvote.smx] Map vote will appear in 30 seconds.
L 10/21/2017 - 15:41:32: [umc-emp-mapvote.smx] Starting a map vote.
L 10/21/2017 - 15:41:32: [umc-core.smx] WARNING: Map "emp_duststorm_fix" does not exist on the server. (Group: "Commander Maps")
L 10/21/2017 - 15:41:32: [umc-core.smx] Initiating Vote Type: Map
L 10/21/2017 - 15:41:32: [umc-core.smx] Could not start core vote, no players to display vote to!
L 10/21/2017 - 15:41:32: [umc-emp-mapvote.smx] Could not start UMC vote.
L 10/21/2017 - 15:41:32: [umc-emp-mapvote.smx] WARNING: Map Voting failure. Initiating random map fail-safe.
L 10/21/2017 - 15:41:32: [umc-core.smx] WARNING: Map "emp_duststorm_fix" does not exist on the server. (Group: "Commander Maps")
L 10/21/2017 - 15:41:32: [umc-core.smx] Setting nextmap to: emp_crossroads
L 10/21/2017 - 15:41:32: [umc-randomcycle.smx] Disabling random nextmap selection.
L 10/21/2017 - 15:41:32: [umc-core.smx] umc-emp-mapvote.smx: Changing map to 'emp_crossroads' in 5 seconds.
L 10/21/2017 - 15:41:39: [umc-core.smx] ---------------------MAP CHANGE: emp_crossroads---------------------
L 10/21/2017 - 15:41:39: [umc-endvote-warnings.smx] Successfully parsed and set up 11 vote warnings.
L 10/21/2017 - 15:41:39: [umc-rockthevote.smx] RTV will be made available in 60 seconds.
L 10/21/2017 - 15:42:40: [umc-rockthevote.smx] RTV is now available.
L 10/21/2017 - 16:10:57: [umc-core.smx] ---------------------MAP CHANGE: con_district402---------------------
L 10/21/2017 - 16:10:57: [umc-endvote-warnings.smx] Successfully parsed and set up 11 vote warnings.
L 10/21/2017 - 16:10:57: [umc-rockthevote.smx] RTV will be made available in 60 seconds.
L 10/21/2017 - 16:11:58: [umc-rockthevote.smx] RTV is now available.
L 10/21/2017 - 16:50:55: [umc-nominate.smx] JK wants to nominate a map.
L 10/21/2017 - 16:51:00: [umc-core.smx] WARNING: Map "emp_duststorm_fix" does not exist on the server. (Group: "Commander Maps")
L 10/21/2017 - 16:51:03: [umc-nominate.smx] JK has nominated 'emp_downfall' from group 'Commander Maps'
L 10/21/2017 - 16:55:35: [umc-nominate.smx] JK wants to nominate a map.
L 10/21/2017 - 16:55:40: [umc-core.smx] WARNING: Map "emp_duststorm_fix" does not exist on the server. (Group: "Commander Maps")
L 10/21/2017 - 16:55:40: [umc-emp-mapvote.smx] Map vote will appear in 30 seconds.
L 10/21/2017 - 16:55:51: [umc-nominate.smx] JK has nominated 'emp_drygulch_a6' from group 'Commander Maps'
L 10/21/2017 - 16:56:10: [umc-emp-mapvote.smx] Starting a map vote.
L 10/21/2017 - 16:56:10: [umc-core.smx] WARNING: Map "emp_duststorm_fix" does not exist on the server. (Group: "Commander Maps")
L 10/21/2017 - 16:56:10: [umc-core.smx] Initiating Vote Type: Map
L 10/21/2017 - 16:56:41: [umc-core.smx] Setting nextmap to: emp_downfall
L 10/21/2017 - 16:56:41: [umc-randomcycle.smx] Disabling random nextmap selection.
L 10/21/2017 - 16:56:41: [umc-core.smx] umc-emp-mapvote.smx: Changing map to 'emp_downfall' in 5 seconds.
L 10/21/2017 - 16:56:41: [umc-core.smx] MAPVOTE: Players voted for map 'emp_downfall' from group 'Commander Maps'
L 10/21/2017 - 16:56:47: [umc-core.smx] ---------------------MAP CHANGE: emp_downfall---------------------
L 10/21/2017 - 16:56:47: [umc-endvote-warnings.smx] Successfully parsed and set up 11 vote warnings.
L 10/21/2017 - 16:56:47: [umc-rockthevote.smx] RTV will be made available in 60 seconds.
L 10/21/2017 - 16:57:48: [umc-rockthevote.smx] RTV is now available.
L 10/21/2017 - 16:59:23: [umc-nominate.smx] Mikleo wants to nominate a map.
L 10/21/2017 - 16:59:31: [umc-nominate.smx] Mikleo has nominated 'emp_nuclear_b8u_xfix' from group 'Infantry Maps'
L 10/21/2017 - 16:59:38: [umc-nominate.smx] JK wants to nominate a map.
L 10/21/2017 - 16:59:40: [umc-nominate.smx] D.D.D. Destroyer wants to nominate a map.
L 10/21/2017 - 16:59:41: [umc-nominate.smx] D.D.D. Destroyer has nominated 'fun_ricochet_a3' from group 'Cooldown Maps'
L 10/21/2017 - 16:59:57: [umc-core.smx] WARNING: Map "emp_duststorm_fix" does not exist on the server. (Group: "Commander Maps")
L 10/21/2017 - 17:00:04: [umc-nominate.smx] JK has nominated 'con_blast_ob2' from group 'Infantry Maps'
L 10/21/2017 - 17:18:42: [umc-nominate.smx] .|Ϟ|. SelectFilly wants to nominate a map.
L 10/21/2017 - 17:20:08: [umc-nominate.smx] JK wants to nominate a map.
L 10/21/2017 - 17:20:12: [umc-core.smx] WARNING: Map "emp_duststorm_fix" does not exist on the server. (Group: "Commander Maps")
L 10/21/2017 - 17:20:15: [umc-nominate.smx] JK has nominated 'emp_drygulch_a6' from group 'Commander Maps'
L 10/21/2017 - 17:24:12: [umc-emp-mapvote.smx] Map vote will appear in 30 seconds.
L 10/21/2017 - 17:24:42: [umc-emp-mapvote.smx] Starting a map vote.
L 10/21/2017 - 17:24:42: [umc-core.smx] WARNING: Map "emp_duststorm_fix" does not exist on the server. (Group: "Commander Maps")
L 10/21/2017 - 17:24:42: [umc-core.smx] Initiating Vote Type: Map
L 10/21/2017 - 17:25:13: [umc-rockthevote.smx] Starting RTV.
L 10/21/2017 - 17:25:13: [umc-rockthevote.smx] There is a vote already in progress, cannot start a new vote.
L 10/21/2017 - 17:25:15: [umc-rockthevote.smx] Starting RTV.
L 10/21/2017 - 17:25:15: [umc-rockthevote.smx] There is a vote already in progress, cannot start a new vote.
L 10/21/2017 - 17:25:16: [umc-rockthevote.smx] Starting RTV.
L 10/21/2017 - 17:25:16: [umc-rockthevote.smx] There is a vote already in progress, cannot start a new vote.
L 10/21/2017 - 17:25:17: [umc-rockthevote.smx] Starting RTV.
L 10/21/2017 - 17:25:17: [umc-rockthevote.smx] There is a vote already in progress, cannot start a new vote.
L 10/21/2017 - 17:25:18: [umc-rockthevote.smx] Starting RTV.
L 10/21/2017 - 17:25:18: [umc-rockthevote.smx] There is a vote already in progress, cannot start a new vote.
L 10/21/2017 - 17:25:19: [umc-rockthevote.smx] Starting RTV.
L 10/21/2017 - 17:25:19: [umc-rockthevote.smx] There is a vote already in progress, cannot start a new vote.
L 10/21/2017 - 17:25:20: [umc-rockthevote.smx] Starting RTV.
L 10/21/2017 - 17:25:20: [umc-rockthevote.smx] There is a vote already in progress, cannot start a new vote.
L 10/21/2017 - 17:25:21: [umc-core.smx] RUNOFF: Starting runoff vote.
L 10/21/2017 - 17:25:21: [umc-core.smx] Initiating Vote Type: Map
L 10/21/2017 - 17:25:51: [umc-core.smx] Setting nextmap to: fun_ricochet_a3
L 10/21/2017 - 17:25:51: [umc-randomcycle.smx] Disabling random nextmap selection.
L 10/21/2017 - 17:25:51: [umc-core.smx] umc-emp-mapvote.smx: Changing map to 'fun_ricochet_a3' in 5 seconds.
L 10/21/2017 - 17:25:51: [umc-core.smx] MAPVOTE: Players voted for map 'fun_ricochet_a3' from group 'Cooldown Maps'
L 10/21/2017 - 17:25:52: [umc-rockthevote.smx] Starting RTV.
L 10/21/2017 - 17:25:57: [umc-core.smx] ---------------------MAP CHANGE: fun_ricochet_a3---------------------
L 10/21/2017 - 17:25:57: [umc-endvote-warnings.smx] Successfully parsed and set up 11 vote warnings.
L 10/21/2017 - 17:25:57: [umc-rockthevote.smx] RTV will be made available in 60 seconds.
L 10/21/2017 - 17:26:58: [umc-rockthevote.smx] RTV is now available.
L 10/21/2017 - 17:32:04: [umc-emp-mapvote.smx] Map vote will appear in 30 seconds.
L 10/21/2017 - 17:32:34: [umc-emp-mapvote.smx] Starting a map vote.
L 10/21/2017 - 17:32:34: [umc-core.smx] WARNING: Map "emp_duststorm_fix" does not exist on the server. (Group: "Commander Maps")
L 10/21/2017 - 17:32:34: [umc-core.smx] Initiating Vote Type: Map
L 10/21/2017 - 17:33:12: [umc-core.smx] RUNOFF: Starting runoff vote.
L 10/21/2017 - 17:33:12: [umc-core.smx] Initiating Vote Type: Map
L 10/21/2017 - 17:33:43: [umc-core.smx] Setting nextmap to: con_blast_ob2
L 10/21/2017 - 17:33:43: [umc-randomcycle.smx] Disabling random nextmap selection.
L 10/21/2017 - 17:33:43: [umc-core.smx] umc-emp-mapvote.smx: Changing map to 'con_blast_ob2' in 5 seconds.
L 10/21/2017 - 17:33:43: [umc-core.smx] MAPVOTE: Players voted for map 'con_blast_ob2' from group 'Infantry Maps'
L 10/21/2017 - 17:33:49: [umc-core.smx] ---------------------MAP CHANGE: con_blast_ob2---------------------
L 10/21/2017 - 17:33:49: [umc-endvote-warnings.smx] Successfully parsed and set up 11 vote warnings.
L 10/21/2017 - 17:33:49: [umc-rockthevote.smx] RTV will be made available in 60 seconds.
L 10/21/2017 - 17:34:18: [umc-nominate.smx] JK wants to nominate a map.
L 10/21/2017 - 17:34:20: [umc-core.smx] WARNING: Map "emp_duststorm_fix" does not exist on the server. (Group: "Commander Maps")
L 10/21/2017 - 17:34:22: [umc-nominate.smx] JK has nominated 'emp_drygulch_a6' from group 'Commander Maps'
L 10/21/2017 - 17:34:50: [umc-rockthevote.smx] RTV is now available.
L 10/21/2017 - 17:45:37: [umc-emp-mapvote.smx] Map vote will appear in 30 seconds.
L 10/21/2017 - 17:46:07: [umc-emp-mapvote.smx] Starting a map vote.
L 10/21/2017 - 17:46:07: [umc-core.smx] WARNING: Map "emp_duststorm_fix" does not exist on the server. (Group: "Commander Maps")
L 10/21/2017 - 17:46:07: [umc-core.smx] Initiating Vote Type: Map
L 10/21/2017 - 17:46:37: [umc-core.smx] Setting nextmap to: emp_crossroads
L 10/21/2017 - 17:46:37: [umc-randomcycle.smx] Disabling random nextmap selection.
L 10/21/2017 - 17:46:37: [umc-core.smx] umc-emp-mapvote.smx: Changing map to 'emp_crossroads' in 5 seconds.
L 10/21/2017 - 17:46:37: [umc-core.smx] MAPVOTE: Players voted for map 'emp_crossroads' from group 'Commander Maps'
L 10/21/2017 - 17:46:43: [umc-core.smx] ---------------------MAP CHANGE: emp_crossroads---------------------
L 10/21/2017 - 17:46:43: [umc-endvote-warnings.smx] Successfully parsed and set up 11 vote warnings.
L 10/21/2017 - 17:46:43: [umc-rockthevote.smx] RTV will be made available in 60 seconds.
L 10/21/2017 - 17:47:44: [umc-rockthevote.smx] RTV is now available.
L 10/21/2017 - 18:23:46: [umc-emp-mapvote.smx] Map vote will appear in 30 seconds.
L 10/21/2017 - 18:24:16: [umc-emp-mapvote.smx] Starting a map vote.
L 10/21/2017 - 18:24:16: [umc-core.smx] WARNING: Map "emp_duststorm_fix" does not exist on the server. (Group: "Commander Maps")
L 10/21/2017 - 18:24:16: [umc-core.smx] Initiating Vote Type: Map
L 10/21/2017 - 18:24:46: [umc-core.smx] Setting nextmap to: emp_snowstorm_rc6
L 10/21/2017 - 18:24:46: [umc-randomcycle.smx] Disabling random nextmap selection.
L 10/21/2017 - 18:24:46: [umc-core.smx] umc-emp-mapvote.smx: Changing map to 'emp_snowstorm_rc6' in 5 seconds.
L 10/21/2017 - 18:24:46: [umc-core.smx] MAPVOTE: Players voted for map 'emp_snowstorm_rc6' from group 'Commander Maps'
L 10/21/2017 - 18:24:52: [umc-core.smx] ---------------------MAP CHANGE: emp_snowstorm_rc6---------------------
L 10/21/2017 - 18:24:52: [umc-endvote-warnings.smx] Successfully parsed and set up 11 vote warnings.
L 10/21/2017 - 18:24:52: [umc-rockthevote.smx] RTV will be made available in 60 seconds.
L 10/21/2017 - 18:25:53: [umc-rockthevote.smx] RTV is now available.
L 10/21/2017 - 18:58:59: [umc-emp-mapvote.smx] Map vote will appear in 30 seconds.
L 10/21/2017 - 18:59:29: [umc-emp-mapvote.smx] Starting a map vote.
L 10/21/2017 - 18:59:29: [umc-core.smx] WARNING: Map "emp_duststorm_fix" does not exist on the server. (Group: "Commander Maps")
L 10/21/2017 - 18:59:29: [umc-core.smx] Initiating Vote Type: Map
L 10/21/2017 - 19:00:00: [umc-core.smx] Setting nextmap to: emp_vehicletraining_2013
L 10/21/2017 - 19:00:00: [umc-randomcycle.smx] Disabling random nextmap selection.
L 10/21/2017 - 19:00:00: [umc-core.smx] umc-emp-mapvote.smx: Changing map to 'emp_vehicletraining_2013' in 5 seconds.
L 10/21/2017 - 19:00:00: [umc-core.smx] MAPVOTE: Players voted for map 'emp_vehicletraining_2013' from group 'Infantry Maps'
L 10/21/2017 - 19:00:06: [umc-core.smx] ---------------------MAP CHANGE: emp_vehicletraining_2013---------------------
L 10/21/2017 - 19:00:06: [umc-endvote-warnings.smx] Successfully parsed and set up 11 vote warnings.
L 10/21/2017 - 19:00:06: [umc-rockthevote.smx] RTV will be made available in 60 seconds.
L 10/21/2017 - 19:01:07: [umc-rockthevote.smx] RTV is now available.
L 10/21/2017 - 19:34:39: [umc-emp-mapvote.smx] Map vote will appear in 30 seconds.
L 10/21/2017 - 19:35:09: [umc-emp-mapvote.smx] Starting a map vote.
L 10/21/2017 - 19:35:09: [umc-core.smx] WARNING: Map "emp_duststorm_fix" does not exist on the server. (Group: "Commander Maps")
L 10/21/2017 - 19:35:09: [umc-core.smx] Initiating Vote Type: Map
L 10/21/2017 - 19:35:40: [umc-core.smx] Setting nextmap to: con_glycencity
L 10/21/2017 - 19:35:40: [umc-randomcycle.smx] Disabling random nextmap selection.
L 10/21/2017 - 19:35:40: [umc-core.smx] umc-emp-mapvote.smx: Changing map to 'con_glycencity' in 5 seconds.
L 10/21/2017 - 19:35:40: [umc-core.smx] MAPVOTE: Players voted for map 'con_glycencity' from group 'Infantry Maps'
L 10/21/2017 - 19:35:46: [umc-core.smx] ---------------------MAP CHANGE: con_glycencity---------------------
L 10/21/2017 - 19:35:46: [umc-endvote-warnings.smx] Successfully parsed and set up 11 vote warnings.
L 10/21/2017 - 19:35:46: [umc-rockthevote.smx] RTV will be made available in 60 seconds.
L 10/21/2017 - 19:36:47: [umc-rockthevote.smx] RTV is now available.
L 10/21/2017 - 20:09:48: [umc-emp-mapvote.smx] Map vote will appear in 30 seconds.
L 10/21/2017 - 20:10:18: [umc-emp-mapvote.smx] Starting a map vote.
L 10/21/2017 - 20:10:18: [umc-core.smx] WARNING: Map "emp_duststorm_fix" does not exist on the server. (Group: "Commander Maps")
L 10/21/2017 - 20:10:18: [umc-core.smx] Initiating Vote Type: Map
L 10/21/2017 - 20:10:49: [umc-emp-mapvote.smx] WARNING: Map Voting failure. Initiating random map fail-safe.
L 10/21/2017 - 20:10:49: [umc-core.smx] WARNING: Map "emp_duststorm_fix" does not exist on the server. (Group: "Commander Maps")
L 10/21/2017 - 20:10:49: [umc-core.smx] Setting nextmap to: emp_drygulch_a6
L 10/21/2017 - 20:10:49: [umc-randomcycle.smx] Disabling random nextmap selection.
L 10/21/2017 - 20:10:49: [umc-core.smx] umc-emp-mapvote.smx: Changing map to 'emp_drygulch_a6' in 5 seconds.
L 10/21/2017 - 20:10:55: [umc-core.smx] ---------------------MAP CHANGE: emp_drygulch_a6---------------------
L 10/21/2017 - 20:10:55: [umc-endvote-warnings.smx] Successfully parsed and set up 11 vote warnings.
L 10/21/2017 - 20:10:55: [umc-rockthevote.smx] RTV will be made available in 60 seconds.
L 10/21/2017 - 20:11:56: [umc-rockthevote.smx] RTV is now available.
L 10/21/2017 - 20:28:09: [umc-core.smx] ---------------------MAP CHANGE: con_district402---------------------
L 10/21/2017 - 20:28:09: [umc-endvote-warnings.smx] Successfully parsed and set up 11 vote warnings.
L 10/21/2017 - 20:28:09: [umc-rockthevote.smx] RTV will be made available in 60 seconds.
L 10/21/2017 - 20:29:10: [umc-rockthevote.smx] RTV is now available.
L 10/21/2017 - 21:03:48: [umc-emp-mapvote.smx] Map vote will appear in 30 seconds.
L 10/21/2017 - 21:04:12: [umc-nominate.smx] Oktay wants to nominate a map.
L 10/21/2017 - 21:04:15: [umc-nominate.smx] D.D.D. Destroyer has nominated 'fun_ricochet_a3' from group 'Cooldown Maps'
L 10/21/2017 - 21:04:18: [umc-emp-mapvote.smx] Starting a map vote.
L 10/21/2017 - 21:04:18: [umc-core.smx] WARNING: Map "emp_duststorm_fix" does not exist on the server. (Group: "Commander Maps")
L 10/21/2017 - 21:04:18: [umc-core.smx] Initiating Vote Type: Map
L 10/21/2017 - 21:04:56: [umc-core.smx] RUNOFF: Starting runoff vote.
L 10/21/2017 - 21:04:56: [umc-core.smx] Initiating Vote Type: Map
L 10/21/2017 - 21:05:27: [umc-core.smx] Setting nextmap to: emp_coast
L 10/21/2017 - 21:05:27: [umc-randomcycle.smx] Disabling random nextmap selection.
L 10/21/2017 - 21:05:27: [umc-core.smx] umc-emp-mapvote.smx: Changing map to 'emp_coast' in 5 seconds.
L 10/21/2017 - 21:05:27: [umc-core.smx] MAPVOTE: Players voted for map 'emp_coast' from group 'Commander Maps'
L 10/21/2017 - 21:05:32: [umc-rockthevote.smx] Starting RTV.
L 10/21/2017 - 21:05:33: [umc-core.smx] ---------------------MAP CHANGE: emp_coast---------------------
L 10/21/2017 - 21:05:33: [umc-endvote-warnings.smx] Successfully parsed and set up 11 vote warnings.
L 10/21/2017 - 21:05:33: [umc-rockthevote.smx] RTV will be made available in 60 seconds.
L 10/21/2017 - 21:06:34: [umc-rockthevote.smx] RTV is now available.
L 10/21/2017 - 21:34:29: [umc-nominate.smx] Oktay wants to nominate a map.
L 10/21/2017 - 21:34:30: [umc-core.smx] WARNING: Map "emp_duststorm_fix" does not exist on the server. (Group: "Commander Maps")
L 10/21/2017 - 21:34:36: [umc-emp-mapvote.smx] Map vote will appear in 30 seconds.
L 10/21/2017 - 21:34:37: [umc-nominate.smx] Oktay has nominated 'emp_silo_rc5_fix' from group 'Commander Maps'
L 10/21/2017 - 21:34:43: [umc-nominate.smx] Mr. X. wants to nominate a map.
L 10/21/2017 - 21:34:44: [umc-core.smx] WARNING: Map "emp_duststorm_fix" does not exist on the server. (Group: "Commander Maps")
L 10/21/2017 - 21:34:45: [umc-nominate.smx] Blood-Wiper wants to nominate a map.
L 10/21/2017 - 21:34:46: [umc-core.smx] WARNING: Map "emp_duststorm_fix" does not exist on the server. (Group: "Commander Maps")
L 10/21/2017 - 21:34:58: [umc-nominate.smx] Mr. X. has nominated 'emp_ward_rc2' from group 'Commander Maps'
L 10/21/2017 - 21:35:06: [umc-emp-mapvote.smx] Starting a map vote.
L 10/21/2017 - 21:35:06: [umc-core.smx] WARNING: Map "emp_duststorm_fix" does not exist on the server. (Group: "Commander Maps")
L 10/21/2017 - 21:35:06: [umc-core.smx] Initiating Vote Type: Map
L 10/21/2017 - 21:35:06: [umc-nominate.smx] VV wants to nominate a map.
L 10/21/2017 - 21:35:08: [umc-core.smx] WARNING: Map "emp_duststorm_fix" does not exist on the server. (Group: "Commander Maps")
L 10/21/2017 - 21:35:22: [umc-nominate.smx] VV has nominated 'emp_temple_b3c' from group 'Commander Maps'
L 10/21/2017 - 21:35:45: [umc-core.smx] RUNOFF: Starting runoff vote.
L 10/21/2017 - 21:35:45: [umc-core.smx] Initiating Vote Type: Map
L 10/21/2017 - 21:36:16: [umc-core.smx] Setting nextmap to: emp_palmbay_fix
L 10/21/2017 - 21:36:16: [umc-randomcycle.smx] Disabling random nextmap selection.
L 10/21/2017 - 21:36:16: [umc-core.smx] umc-emp-mapvote.smx: Changing map to 'emp_palmbay_fix' in 5 seconds.
L 10/21/2017 - 21:36:16: [umc-core.smx] MAPVOTE: Players voted for map 'emp_palmbay_fix' from group 'Commander Maps'
L 10/21/2017 - 21:36:36: [umc-core.smx] ---------------------MAP CHANGE: emp_palmbay_fix---------------------
L 10/21/2017 - 21:36:36: [umc-endvote-warnings.smx] Successfully parsed and set up 11 vote warnings.
L 10/21/2017 - 21:36:36: [umc-rockthevote.smx] RTV will be made available in 60 seconds.
L 10/21/2017 - 21:37:00: [umc-nominate.smx] Blood-Wiper wants to nominate a map.
L 10/21/2017 - 21:37:06: [umc-core.smx] WARNING: Map "emp_duststorm_fix" does not exist on the server. (Group: "Commander Maps")
L 10/21/2017 - 21:37:19: [umc-nominate.smx] Blood-Wiper has nominated 'emp_canyon' from group 'Commander Maps'
L 10/21/2017 - 21:37:37: [umc-rockthevote.smx] RTV is now available.
L 10/21/2017 - 22:00:15: [umc-nominate.smx] .|Ϟ|. Quigon wants to nominate a map.
L 10/21/2017 - 22:00:17: [umc-core.smx] WARNING: Map "emp_duststorm_fix" does not exist on the server. (Group: "Commander Maps")
L 10/21/2017 - 22:00:19: [umc-nominate.smx] .|Ϟ|. Quigon has nominated 'emp_homeland_b9' from group 'Commander Maps'
L 10/21/2017 - 22:00:28: [umc-nominate.smx] .|Ϟ|. Quigon wants to nominate a map.
L 10/21/2017 - 22:00:29: [umc-core.smx] WARNING: Map "emp_duststorm_fix" does not exist on the server. (Group: "Commander Maps")
L 10/21/2017 - 22:05:28: [umc-emp-mapvote.smx] Map vote will appear in 30 seconds.
L 10/21/2017 - 22:05:35: [umc-nominate.smx] D.D.D. Destroyer has nominated 'fun_ricochet_a3' from group 'Cooldown Maps'
L 10/21/2017 - 22:05:58: [umc-emp-mapvote.smx] Starting a map vote.
L 10/21/2017 - 22:05:58: [umc-core.smx] WARNING: Map "emp_duststorm_fix" does not exist on the server. (Group: "Commander Maps")
L 10/21/2017 - 22:05:58: [umc-core.smx] Initiating Vote Type: Map
L 10/21/2017 - 22:06:37: [umc-core.smx] RUNOFF: Starting runoff vote.
L 10/21/2017 - 22:06:37: [umc-core.smx] Initiating Vote Type: Map
L 10/21/2017 - 22:07:08: [umc-core.smx] Setting nextmap to: emp_homeland_b9
L 10/21/2017 - 22:07:08: [umc-randomcycle.smx] Disabling random nextmap selection.
L 10/21/2017 - 22:07:08: [umc-core.smx] umc-emp-mapvote.smx: Changing map to 'emp_homeland_b9' in 5 seconds.
L 10/21/2017 - 22:07:08: [umc-core.smx] MAPVOTE: Players voted for map 'emp_homeland_b9' from group 'Commander Maps'
L 10/21/2017 - 22:07:14: [umc-core.smx] ---------------------MAP CHANGE: emp_homeland_b9---------------------
L 10/21/2017 - 22:07:14: [umc-endvote-warnings.smx] Successfully parsed and set up 11 vote warnings.
L 10/21/2017 - 22:07:14: [umc-rockthevote.smx] RTV will be made available in 60 seconds.
L 10/21/2017 - 22:08:15: [umc-rockthevote.smx] RTV is now available.
L 10/21/2017 - 22:11:56: [umc-nominate.smx] Blood-Wiper wants to nominate a map.
L 10/21/2017 - 22:11:57: [umc-core.smx] WARNING: Map "emp_duststorm_fix" does not exist on the server. (Group: "Commander Maps")
L 10/21/2017 - 22:12:21: [umc-core.smx] WARNING: Map "emp_duststorm_fix" does not exist on the server. (Group: "Commander Maps")
L 10/21/2017 - 22:40:09: [umc-emp-mapvote.smx] Map vote will appear in 30 seconds.
L 10/21/2017 - 22:40:30: [umc-nominate.smx] Mr. X. wants to nominate a map.
L 10/21/2017 - 22:40:31: [umc-core.smx] WARNING: Map "emp_duststorm_fix" does not exist on the server. (Group: "Commander Maps")
L 10/21/2017 - 22:40:39: [umc-emp-mapvote.smx] Starting a map vote.
L 10/21/2017 - 22:40:39: [umc-core.smx] WARNING: Map "emp_duststorm_fix" does not exist on the server. (Group: "Commander Maps")
L 10/21/2017 - 22:40:39: [umc-core.smx] Initiating Vote Type: Map
L 10/21/2017 - 22:41:17: [umc-core.smx] RUNOFF: Starting runoff vote.
L 10/21/2017 - 22:41:17: [umc-core.smx] Initiating Vote Type: Map
L 10/21/2017 - 22:41:48: [umc-core.smx] Setting nextmap to: emp_massacred_rc1
L 10/21/2017 - 22:41:48: [umc-randomcycle.smx] Disabling random nextmap selection.
L 10/21/2017 - 22:41:48: [umc-core.smx] umc-emp-mapvote.smx: Changing map to 'emp_massacred_rc1' in 5 seconds.
L 10/21/2017 - 22:41:48: [umc-core.smx] MAPVOTE: Players voted for map 'emp_massacred_rc1' from group 'Commander Maps'
L 10/21/2017 - 22:41:56: [umc-core.smx] ---------------------MAP CHANGE: emp_massacred_rc1---------------------
L 10/21/2017 - 22:41:56: [umc-endvote-warnings.smx] Successfully parsed and set up 11 vote warnings.
L 10/21/2017 - 22:41:56: [umc-rockthevote.smx] RTV will be made available in 60 seconds.
L 10/21/2017 - 22:42:58: [umc-rockthevote.smx] RTV is now available.
L 10/21/2017 - 23:08:36: [umc-core.smx] ---------------------MAP CHANGE: con_district402---------------------
L 10/21/2017 - 23:08:36: [umc-endvote-warnings.smx] Successfully parsed and set up 11 vote warnings.
L 10/21/2017 - 23:08:36: [umc-rockthevote.smx] RTV will be made available in 60 seconds.
L 10/21/2017 - 23:09:37: [umc-rockthevote.smx] RTV is now available.
L 10/21/2017 - 23:09:38: [umc-core.smx] ---------------------MAP CHANGE: fun_ricochet_a3---------------------
L 10/21/2017 - 23:09:38: [umc-endvote-warnings.smx] Successfully parsed and set up 11 vote warnings.
L 10/21/2017 - 23:09:38: [umc-rockthevote.smx] RTV will be made available in 60 seconds.
L 10/21/2017 - 23:10:39: [umc-rockthevote.smx] RTV is now available.
L 10/21/2017 - 23:11:11: [umc-nominate.smx] D.D.D. Destroyer wants to nominate a map.
L 10/21/2017 - 23:11:11: [umc-core.smx] WARNING: Map "emp_duststorm_fix" does not exist on the server. (Group: "Commander Maps")
L 10/21/2017 - 23:11:25: [umc-nominate.smx] D.D.D. Destroyer has nominated 'emp_canyon' from group 'Commander Maps'
L 10/21/2017 - 23:11:28: [umc-nominate.smx] Oktay wants to nominate a map.
L 10/21/2017 - 23:11:29: [umc-core.smx] WARNING: Map "emp_duststorm_fix" does not exist on the server. (Group: "Commander Maps")
L 10/21/2017 - 23:11:42: [umc-nominate.smx] Oktay has nominated 'emp_silo_rc5_fix' from group 'Commander Maps'
L 10/21/2017 - 23:12:50: [umc-emp-mapvote.smx] Map vote will appear in 30 seconds.
L 10/21/2017 - 23:13:20: [umc-emp-mapvote.smx] Starting a map vote.
L 10/21/2017 - 23:13:20: [umc-core.smx] WARNING: Map "emp_duststorm_fix" does not exist on the server. (Group: "Commander Maps")
L 10/21/2017 - 23:13:20: [umc-core.smx] Initiating Vote Type: Map
L 10/21/2017 - 23:13:58: [umc-core.smx] RUNOFF: Starting runoff vote.
L 10/21/2017 - 23:13:58: [umc-core.smx] Initiating Vote Type: Map
L 10/21/2017 - 23:14:29: [umc-core.smx] Setting nextmap to: emp_canyon
L 10/21/2017 - 23:14:29: [umc-randomcycle.smx] Disabling random nextmap selection.
L 10/21/2017 - 23:14:29: [umc-core.smx] umc-emp-mapvote.smx: Changing map to 'emp_canyon' in 5 seconds.
L 10/21/2017 - 23:14:29: [umc-core.smx] MAPVOTE: Players voted for map 'emp_canyon' from group 'Commander Maps'
L 10/21/2017 - 23:14:35: [umc-core.smx] ---------------------MAP CHANGE: emp_canyon---------------------
L 10/21/2017 - 23:14:35: [umc-endvote-warnings.smx] Successfully parsed and set up 11 vote warnings.
L 10/21/2017 - 23:14:35: [umc-rockthevote.smx] RTV will be made available in 60 seconds.
L 10/21/2017 - 23:15:36: [umc-rockthevote.smx] RTV is now available.
