L 08/19/2017 - 00:26:31: [umc-emp-mapvote.smx] Map vote will appear in 30 seconds.
L 08/19/2017 - 00:27:01: [umc-emp-mapvote.smx] Starting a map vote.
L 08/19/2017 - 00:27:01: [umc-core.smx] Initiating Vote Type: Map
L 08/19/2017 - 00:27:32: [umc-core.smx] Setting nextmap to: emp_fogtown_cl2_fix
L 08/19/2017 - 00:27:32: [umc-randomcycle.smx] Disabling random nextmap selection.
L 08/19/2017 - 00:27:32: [umc-core.smx] umc-emp-mapvote.smx: Changing map to 'emp_fogtown_cl2_fix' in 5 seconds.
L 08/19/2017 - 00:27:32: [umc-core.smx] MAPVOTE: Players voted for map 'emp_fogtown_cl2_fix' from group 'Infantry Maps'
L 08/19/2017 - 00:27:38: [umc-core.smx] ---------------------MAP CHANGE: emp_fogtown_cl2_fix---------------------
L 08/19/2017 - 00:27:38: [umc-endvote-warnings.smx] Successfully parsed and set up 11 vote warnings.
L 08/19/2017 - 00:27:38: [umc-playercountmonitor.smx] Min Players: 0, Max Players: 20
L 08/19/2017 - 00:27:38: [umc-playercountmonitor.smx] Server will begin watching for inproper number of players in 240 seconds.
L 08/19/2017 - 00:27:38: [umc-rockthevote.smx] RTV will be made available in 60 seconds.
L 08/19/2017 - 00:28:39: [umc-rockthevote.smx] RTV is now available.
L 08/19/2017 - 00:31:38: [umc-playercountmonitor.smx] Server is now watching for inproper number of players.
L 08/19/2017 - 01:46:54: [umc-emp-mapvote.smx] Map vote will appear in 30 seconds.
L 08/19/2017 - 01:47:24: [umc-emp-mapvote.smx] Starting a map vote.
L 08/19/2017 - 01:47:24: [umc-core.smx] Initiating Vote Type: Map
L 08/19/2017 - 01:47:24: [umc-core.smx] Could not start core vote, no players to display vote to!
L 08/19/2017 - 01:47:24: [umc-emp-mapvote.smx] Could not start UMC vote.
L 08/19/2017 - 01:47:24: [umc-emp-mapvote.smx] WARNING: Map Voting failure. Initiating random map fail-safe.
L 08/19/2017 - 01:47:24: [umc-core.smx] Setting nextmap to: emp_shadows_attacks_fix
L 08/19/2017 - 01:47:24: [umc-randomcycle.smx] Disabling random nextmap selection.
L 08/19/2017 - 01:47:24: [umc-core.smx] umc-emp-mapvote.smx: Changing map to 'emp_shadows_attacks_fix' in 5 seconds.
L 08/19/2017 - 01:47:30: [umc-core.smx] ---------------------MAP CHANGE: emp_shadows_attacks_fix---------------------
L 08/19/2017 - 01:47:31: [umc-endvote-warnings.smx] Successfully parsed and set up 11 vote warnings.
L 08/19/2017 - 01:47:31: [umc-playercountmonitor.smx] Min Players: 0, Max Players: 20
L 08/19/2017 - 01:47:31: [umc-playercountmonitor.smx] Server will begin watching for inproper number of players in 240 seconds.
L 08/19/2017 - 01:47:31: [umc-rockthevote.smx] RTV will be made available in 60 seconds.
L 08/19/2017 - 01:48:31: [umc-rockthevote.smx] RTV is now available.
L 08/19/2017 - 01:51:31: [umc-playercountmonitor.smx] Server is now watching for inproper number of players.
L 08/19/2017 - 03:11:42: [umc-emp-mapvote.smx] Map vote will appear in 30 seconds.
L 08/19/2017 - 03:12:12: [umc-emp-mapvote.smx] Starting a map vote.
L 08/19/2017 - 03:12:12: [umc-core.smx] Initiating Vote Type: Map
L 08/19/2017 - 03:12:12: [umc-core.smx] Could not start core vote, no players to display vote to!
L 08/19/2017 - 03:12:12: [umc-emp-mapvote.smx] Could not start UMC vote.
L 08/19/2017 - 03:12:12: [umc-emp-mapvote.smx] WARNING: Map Voting failure. Initiating random map fail-safe.
L 08/19/2017 - 03:12:12: [umc-core.smx] Setting nextmap to: emp_crossroads
L 08/19/2017 - 03:12:12: [umc-randomcycle.smx] Disabling random nextmap selection.
L 08/19/2017 - 03:12:12: [umc-core.smx] umc-emp-mapvote.smx: Changing map to 'emp_crossroads' in 5 seconds.
L 08/19/2017 - 03:12:18: [umc-core.smx] ---------------------MAP CHANGE: emp_crossroads---------------------
L 08/19/2017 - 03:12:18: [umc-endvote-warnings.smx] Successfully parsed and set up 11 vote warnings.
L 08/19/2017 - 03:12:18: [umc-playercountmonitor.smx] Min Players: 0, Max Players: 22
L 08/19/2017 - 03:12:18: [umc-playercountmonitor.smx] Server will begin watching for inproper number of players in 240 seconds.
L 08/19/2017 - 03:12:18: [umc-rockthevote.smx] RTV will be made available in 60 seconds.
L 08/19/2017 - 03:13:19: [umc-rockthevote.smx] RTV is now available.
L 08/19/2017 - 03:16:18: [umc-playercountmonitor.smx] Server is now watching for inproper number of players.
L 08/19/2017 - 13:51:05: [umc-core.smx] ---------------------MAP CHANGE: con_district402---------------------
L 08/19/2017 - 13:51:05: [umc-endvote-warnings.smx] Successfully parsed and set up 11 vote warnings.
L 08/19/2017 - 13:51:05: [umc-playercountmonitor.smx] Current Map Group could not be determined. (Non-UMC mapchange or plugin just loaded.)
L 08/19/2017 - 13:51:05: [umc-playercountmonitor.smx] Min Players: 0, Max Players: 65
L 08/19/2017 - 13:51:05: [umc-rockthevote.smx] RTV will be made available in 60 seconds.
L 08/19/2017 - 13:52:06: [umc-rockthevote.smx] RTV is now available.
L 08/19/2017 - 14:39:07: [umc-emp-mapvote.smx] Map vote will appear in 30 seconds.
L 08/19/2017 - 14:39:38: [umc-emp-mapvote.smx] Starting a map vote.
L 08/19/2017 - 14:39:38: [umc-core.smx] Initiating Vote Type: Map
L 08/19/2017 - 14:40:08: [umc-emp-mapvote.smx] WARNING: Map Voting failure. Initiating random map fail-safe.
L 08/19/2017 - 14:40:08: [umc-core.smx] Setting nextmap to: con_glycencity
L 08/19/2017 - 14:40:08: [umc-randomcycle.smx] Disabling random nextmap selection.
L 08/19/2017 - 14:40:08: [umc-core.smx] umc-emp-mapvote.smx: Changing map to 'con_glycencity' in 5 seconds.
L 08/19/2017 - 14:40:14: [umc-core.smx] ---------------------MAP CHANGE: con_glycencity---------------------
L 08/19/2017 - 14:40:14: [umc-endvote-warnings.smx] Successfully parsed and set up 11 vote warnings.
L 08/19/2017 - 14:40:14: [umc-playercountmonitor.smx] Min Players: 0, Max Players: 20
L 08/19/2017 - 14:40:14: [umc-playercountmonitor.smx] Server will begin watching for inproper number of players in 240 seconds.
L 08/19/2017 - 14:40:14: [umc-rockthevote.smx] RTV will be made available in 60 seconds.
L 08/19/2017 - 14:41:15: [umc-rockthevote.smx] RTV is now available.
L 08/19/2017 - 14:44:14: [umc-playercountmonitor.smx] Server is now watching for inproper number of players.
L 08/19/2017 - 15:13:02: [umc-emp-mapvote.smx] Map vote will appear in 30 seconds.
L 08/19/2017 - 15:13:33: [umc-emp-mapvote.smx] Starting a map vote.
L 08/19/2017 - 15:13:33: [umc-core.smx] Initiating Vote Type: Map
L 08/19/2017 - 15:14:11: [umc-core.smx] RUNOFF: Starting runoff vote.
L 08/19/2017 - 15:14:11: [umc-core.smx] Initiating Vote Type: Map
L 08/19/2017 - 15:14:42: [umc-core.smx] Setting nextmap to: emp_beachfront_b2
L 08/19/2017 - 15:14:42: [umc-randomcycle.smx] Disabling random nextmap selection.
L 08/19/2017 - 15:14:42: [umc-core.smx] umc-emp-mapvote.smx: Changing map to 'emp_beachfront_b2' in 5 seconds.
L 08/19/2017 - 15:14:42: [umc-core.smx] MAPVOTE: Players voted for map 'emp_beachfront_b2' from group 'Commander Maps'
L 08/19/2017 - 15:14:49: [umc-core.smx] ---------------------MAP CHANGE: emp_beachfront_b2---------------------
L 08/19/2017 - 15:14:49: [umc-endvote-warnings.smx] Successfully parsed and set up 11 vote warnings.
L 08/19/2017 - 15:14:49: [umc-playercountmonitor.smx] Min Players: 0, Max Players: 22
L 08/19/2017 - 15:14:49: [umc-playercountmonitor.smx] Server will begin watching for inproper number of players in 240 seconds.
L 08/19/2017 - 15:14:49: [umc-rockthevote.smx] RTV will be made available in 60 seconds.
L 08/19/2017 - 15:15:50: [umc-rockthevote.smx] RTV is now available.
L 08/19/2017 - 15:18:49: [umc-playercountmonitor.smx] Server is now watching for inproper number of players.
L 08/19/2017 - 16:17:48: [umc-emp-mapvote.smx] Map vote will appear in 30 seconds.
L 08/19/2017 - 16:18:18: [umc-emp-mapvote.smx] Starting a map vote.
L 08/19/2017 - 16:18:18: [umc-core.smx] Initiating Vote Type: Map
L 08/19/2017 - 16:18:49: [umc-core.smx] Setting nextmap to: emp_downfall
L 08/19/2017 - 16:18:49: [umc-randomcycle.smx] Disabling random nextmap selection.
L 08/19/2017 - 16:18:49: [umc-core.smx] umc-emp-mapvote.smx: Changing map to 'emp_downfall' in 5 seconds.
L 08/19/2017 - 16:18:49: [umc-core.smx] MAPVOTE: Players voted for map 'emp_downfall' from group 'Commander Maps'
L 08/19/2017 - 16:18:56: [umc-core.smx] ---------------------MAP CHANGE: emp_downfall---------------------
L 08/19/2017 - 16:18:56: [umc-endvote-warnings.smx] Successfully parsed and set up 11 vote warnings.
L 08/19/2017 - 16:18:56: [umc-playercountmonitor.smx] Min Players: 0, Max Players: 22
L 08/19/2017 - 16:18:56: [umc-playercountmonitor.smx] Server will begin watching for inproper number of players in 240 seconds.
L 08/19/2017 - 16:18:56: [umc-rockthevote.smx] RTV will be made available in 60 seconds.
L 08/19/2017 - 16:19:57: [umc-rockthevote.smx] RTV is now available.
L 08/19/2017 - 16:22:56: [umc-playercountmonitor.smx] Server is now watching for inproper number of players.
L 08/19/2017 - 17:52:53: [umc-core.smx] ---------------------MAP CHANGE: emp_duststorm---------------------
L 08/19/2017 - 17:52:53: [umc-endvote-warnings.smx] Successfully parsed and set up 11 vote warnings.
L 08/19/2017 - 17:52:53: [umc-playercountmonitor.smx] Min Players: 20, Max Players: 52
L 08/19/2017 - 17:52:53: [umc-playercountmonitor.smx] Server will begin watching for inproper number of players in 240 seconds.
L 08/19/2017 - 17:52:53: [umc-rockthevote.smx] RTV will be made available in 60 seconds.
L 08/19/2017 - 17:53:55: [umc-rockthevote.smx] RTV is now available.
L 08/19/2017 - 17:56:53: [umc-playercountmonitor.smx] Server is now watching for inproper number of players.
L 08/19/2017 - 19:10:03: [umc-nominate.smx] ClerkOfDerp wants to nominate a map.
L 08/19/2017 - 19:10:10: [umc-nominate.smx] ClerkOfDerp has nominated 'con_urbanchaos_fix' from group 'Infantry Maps'
L 08/19/2017 - 19:10:15: [umc-rockthevote.smx] Starting RTV.
L 08/19/2017 - 19:10:15: [umc-core.smx] Initiating Vote Type: Map
L 08/19/2017 - 19:10:58: [umc-core.smx] Setting nextmap to: emp_crossroads
L 08/19/2017 - 19:10:58: [umc-randomcycle.smx] Disabling random nextmap selection.
L 08/19/2017 - 19:10:58: [umc-core.smx] umc-rockthevote.smx: Changing map to 'emp_crossroads' in 5 seconds.
L 08/19/2017 - 19:10:58: [umc-core.smx] MAPVOTE: Players voted for map 'emp_crossroads' from group 'Commander Maps'
L 08/19/2017 - 19:11:06: [umc-core.smx] ---------------------MAP CHANGE: emp_crossroads---------------------
L 08/19/2017 - 19:11:06: [umc-endvote-warnings.smx] Successfully parsed and set up 11 vote warnings.
L 08/19/2017 - 19:11:06: [umc-playercountmonitor.smx] Min Players: 0, Max Players: 22
L 08/19/2017 - 19:11:06: [umc-playercountmonitor.smx] Server will begin watching for inproper number of players in 240 seconds.
L 08/19/2017 - 19:11:06: [umc-rockthevote.smx] RTV will be made available in 60 seconds.
L 08/19/2017 - 19:11:22: [umc-nominate.smx] ClerkOfDerp wants to nominate a map.
L 08/19/2017 - 19:11:28: [umc-nominate.smx] Cernobylsky wants to nominate a map.
L 08/19/2017 - 19:11:32: [umc-nominate.smx] ClerkOfDerp has nominated 'emp_nuclear_b8u_xfix' from group 'Infantry Maps'
L 08/19/2017 - 19:11:32: [umc-nominate.smx] Cernobylsky has nominated 'con_urbanchaos_fix' from group 'Infantry Maps'
L 08/19/2017 - 19:12:07: [umc-rockthevote.smx] RTV is now available.
L 08/19/2017 - 19:12:46: [umc-rockthevote.smx] Starting RTV.
L 08/19/2017 - 19:12:46: [umc-core.smx] Initiating Vote Type: Map
L 08/19/2017 - 19:13:15: [umc-nominate.smx] Oktay wants to nominate a map.
L 08/19/2017 - 19:13:20: [umc-nominate.smx] Oktay has nominated 'emp_blast_ob1' from group 'Infantry Maps'
L 08/19/2017 - 19:13:54: [umc-core.smx] RUNOFF: Starting runoff vote.
L 08/19/2017 - 19:13:54: [umc-core.smx] Initiating Vote Type: Map
L 08/19/2017 - 19:14:54: [umc-core.smx] Setting nextmap to: con_urbanchaos_fix
L 08/19/2017 - 19:14:54: [umc-randomcycle.smx] Disabling random nextmap selection.
L 08/19/2017 - 19:14:54: [umc-core.smx] umc-rockthevote.smx: Changing map to 'con_urbanchaos_fix' in 5 seconds.
L 08/19/2017 - 19:14:54: [umc-core.smx] MAPVOTE: Players voted for map 'con_urbanchaos_fix' from group 'Infantry Maps'
L 08/19/2017 - 19:15:01: [umc-core.smx] ---------------------MAP CHANGE: con_urbanchaos_fix---------------------
L 08/19/2017 - 19:15:01: [umc-endvote-warnings.smx] Successfully parsed and set up 11 vote warnings.
L 08/19/2017 - 19:15:01: [umc-playercountmonitor.smx] Min Players: 0, Max Players: 20
L 08/19/2017 - 19:15:01: [umc-playercountmonitor.smx] Server will begin watching for inproper number of players in 240 seconds.
L 08/19/2017 - 19:15:01: [umc-rockthevote.smx] RTV will be made available in 60 seconds.
L 08/19/2017 - 19:16:02: [umc-rockthevote.smx] RTV is now available.
L 08/19/2017 - 19:19:01: [umc-playercountmonitor.smx] Server is now watching for inproper number of players.
L 08/19/2017 - 19:19:58: [umc-emp-mapvote.smx] Map vote will appear in 30 seconds.
L 08/19/2017 - 19:20:15: [umc-nominate.smx] ClerkOfDerp wants to nominate a map.
L 08/19/2017 - 19:20:20: [umc-nominate.smx] ClerkOfDerp has nominated 'emp_nuclear_b8u_xfix' from group 'Infantry Maps'
L 08/19/2017 - 19:20:25: [umc-nominate.smx] Cernobylsky wants to nominate a map.
L 08/19/2017 - 19:20:28: [umc-emp-mapvote.smx] Starting a map vote.
L 08/19/2017 - 19:20:28: [umc-core.smx] Initiating Vote Type: Map
L 08/19/2017 - 19:20:31: [umc-nominate.smx] Scorched Blaze wants to nominate a map.
L 08/19/2017 - 19:21:07: [umc-core.smx] RUNOFF: Starting runoff vote.
L 08/19/2017 - 19:21:07: [umc-core.smx] Initiating Vote Type: Map
L 08/19/2017 - 19:21:37: [umc-core.smx] Setting nextmap to: emp_nuclear_b8u_xfix
L 08/19/2017 - 19:21:37: [umc-randomcycle.smx] Disabling random nextmap selection.
L 08/19/2017 - 19:21:37: [umc-core.smx] umc-emp-mapvote.smx: Changing map to 'emp_nuclear_b8u_xfix' in 5 seconds.
L 08/19/2017 - 19:21:37: [umc-core.smx] MAPVOTE: Players voted for map 'emp_nuclear_b8u_xfix' from group 'Infantry Maps'
L 08/19/2017 - 19:21:44: [umc-core.smx] ---------------------MAP CHANGE: emp_nuclear_b8u_xfix---------------------
L 08/19/2017 - 19:21:44: [umc-endvote-warnings.smx] Successfully parsed and set up 11 vote warnings.
L 08/19/2017 - 19:21:44: [umc-playercountmonitor.smx] Min Players: 4, Max Players: 20
L 08/19/2017 - 19:21:44: [umc-playercountmonitor.smx] Server will begin watching for inproper number of players in 240 seconds.
L 08/19/2017 - 19:21:44: [umc-rockthevote.smx] RTV will be made available in 60 seconds.
L 08/19/2017 - 19:22:22: [umc-nominate.smx] ClerkOfDerp wants to nominate a map.
L 08/19/2017 - 19:22:29: [umc-nominate.smx] ClerkOfDerp has nominated 'emp_vehicletraining_2013' from group 'Infantry Maps'
L 08/19/2017 - 19:22:45: [umc-rockthevote.smx] RTV is now available.
L 08/19/2017 - 19:25:44: [umc-playercountmonitor.smx] Server is now watching for inproper number of players.
L 08/19/2017 - 19:29:57: [umc-nominate.smx] ClerkOfDerp wants to nominate a map.
L 08/19/2017 - 19:45:12: [umc-nominate.smx] Oktay wants to nominate a map.
L 08/19/2017 - 19:45:18: [umc-nominate.smx] Oktay has nominated 'emp_blast_ob1' from group 'Infantry Maps'
L 08/19/2017 - 20:00:16: [umc-emp-mapvote.smx] Map vote will appear in 30 seconds.
L 08/19/2017 - 20:00:46: [umc-emp-mapvote.smx] Starting a map vote.
L 08/19/2017 - 20:00:46: [umc-core.smx] Initiating Vote Type: Map
L 08/19/2017 - 20:01:24: [umc-core.smx] RUNOFF: Starting runoff vote.
L 08/19/2017 - 20:01:24: [umc-core.smx] Initiating Vote Type: Map
L 08/19/2017 - 20:01:55: [umc-core.smx] Setting nextmap to: emp_beachfront_b2
L 08/19/2017 - 20:01:55: [umc-randomcycle.smx] Disabling random nextmap selection.
L 08/19/2017 - 20:01:55: [umc-core.smx] umc-emp-mapvote.smx: Changing map to 'emp_beachfront_b2' in 5 seconds.
L 08/19/2017 - 20:01:55: [umc-core.smx] MAPVOTE: Players voted for map 'emp_beachfront_b2' from group 'Commander Maps'
L 08/19/2017 - 20:02:04: [umc-core.smx] ---------------------MAP CHANGE: emp_beachfront_b2---------------------
L 08/19/2017 - 20:02:04: [umc-endvote-warnings.smx] Successfully parsed and set up 11 vote warnings.
L 08/19/2017 - 20:02:04: [umc-playercountmonitor.smx] Min Players: 0, Max Players: 22
L 08/19/2017 - 20:02:04: [umc-playercountmonitor.smx] Server will begin watching for inproper number of players in 240 seconds.
L 08/19/2017 - 20:02:04: [umc-rockthevote.smx] RTV will be made available in 60 seconds.
L 08/19/2017 - 20:03:05: [umc-rockthevote.smx] RTV is now available.
L 08/19/2017 - 20:06:04: [umc-playercountmonitor.smx] Server is now watching for inproper number of players.
L 08/19/2017 - 20:35:09: [umc-emp-mapvote.smx] Map vote will appear in 30 seconds.
L 08/19/2017 - 20:35:39: [umc-emp-mapvote.smx] Starting a map vote.
L 08/19/2017 - 20:35:39: [umc-core.smx] Initiating Vote Type: Map
L 08/19/2017 - 20:36:10: [umc-core.smx] Setting nextmap to: emp_temple_b3a
L 08/19/2017 - 20:36:10: [umc-randomcycle.smx] Disabling random nextmap selection.
L 08/19/2017 - 20:36:10: [umc-core.smx] umc-emp-mapvote.smx: Changing map to 'emp_temple_b3a' in 5 seconds.
L 08/19/2017 - 20:36:10: [umc-core.smx] MAPVOTE: Players voted for map 'emp_temple_b3a' from group 'Commander Maps'
L 08/19/2017 - 20:36:14: [umc-core.smx] ---------------------MAP CHANGE: con_district402---------------------
L 08/19/2017 - 20:36:14: [umc-endvote-warnings.smx] Successfully parsed and set up 11 vote warnings.
L 08/19/2017 - 20:36:14: [umc-playercountmonitor.smx] Current Map Group could not be determined. (Non-UMC mapchange or plugin just loaded.)
L 08/19/2017 - 20:36:14: [umc-playercountmonitor.smx] Min Players: 0, Max Players: 65
L 08/19/2017 - 20:36:14: [umc-rockthevote.smx] RTV will be made available in 60 seconds.
L 08/19/2017 - 20:37:15: [umc-rockthevote.smx] RTV is now available.
L 08/19/2017 - 20:59:28: [umc-nominate.smx] Michael177 wants to nominate a map.
L 08/19/2017 - 20:59:55: [umc-nominate.smx] Michael177 wants to nominate a map.
L 08/19/2017 - 20:59:58: [umc-nominate.smx] Michael177 has nominated 'emp_dune_ob1' from group 'Commander Maps'
L 08/19/2017 - 21:02:13: [umc-nominate.smx] VV wants to nominate a map.
L 08/19/2017 - 21:02:19: [umc-nominate.smx] VV has nominated 'emp_glacial_b2' from group 'Commander Maps'
L 08/19/2017 - 21:02:27: [umc-nominate.smx] VV wants to nominate a map.
L 08/19/2017 - 21:03:04: [umc-nominate.smx] [=ξXξ=] † Kira † wants to nominate a map.
L 08/19/2017 - 21:03:30: [umc-nominate.smx] [=ξXξ=] † Kira † wants to nominate a map.
L 08/19/2017 - 21:03:41: [umc-nominate.smx] [=ξXξ=] † Kira † has nominated 'emp_snowstorm_rc6' from group 'Commander Maps'
L 08/19/2017 - 21:04:24: [umc-emp-mapvote.smx] Map vote will appear in 30 seconds.
L 08/19/2017 - 21:04:55: [umc-emp-mapvote.smx] Starting a map vote.
L 08/19/2017 - 21:04:55: [umc-core.smx] Initiating Vote Type: Map
L 08/19/2017 - 21:05:25: [umc-core.smx] Setting nextmap to: emp_duststorm
L 08/19/2017 - 21:05:26: [umc-randomcycle.smx] Disabling random nextmap selection.
L 08/19/2017 - 21:05:26: [umc-core.smx] umc-emp-mapvote.smx: Changing map to 'emp_duststorm' in 5 seconds.
L 08/19/2017 - 21:05:26: [umc-core.smx] MAPVOTE: Players voted for map 'emp_duststorm' from group 'Commander Maps'
L 08/19/2017 - 21:05:35: [umc-core.smx] ---------------------MAP CHANGE: emp_duststorm---------------------
L 08/19/2017 - 21:05:35: [umc-endvote-warnings.smx] Successfully parsed and set up 11 vote warnings.
L 08/19/2017 - 21:05:35: [umc-playercountmonitor.smx] Min Players: 20, Max Players: 52
L 08/19/2017 - 21:05:35: [umc-playercountmonitor.smx] Server will begin watching for inproper number of players in 240 seconds.
L 08/19/2017 - 21:05:35: [umc-rockthevote.smx] RTV will be made available in 60 seconds.
L 08/19/2017 - 21:06:36: [umc-rockthevote.smx] RTV is now available.
L 08/19/2017 - 21:07:50: [umc-nominate.smx] Michael177 wants to nominate a map.
L 08/19/2017 - 21:08:08: [umc-nominate.smx] Michael177 has nominated 'emp_traders_a8' from group 'Commander Maps'
L 08/19/2017 - 21:09:35: [umc-playercountmonitor.smx] Server is now watching for inproper number of players.
L 08/19/2017 - 21:18:33: [umc-core.smx] ---------------------MAP CHANGE: emp_duststorm---------------------
L 08/19/2017 - 21:18:33: [umc-endvote-warnings.smx] Successfully parsed and set up 11 vote warnings.
L 08/19/2017 - 21:18:33: [umc-playercountmonitor.smx] Min Players: 20, Max Players: 52
L 08/19/2017 - 21:18:33: [umc-playercountmonitor.smx] Server will begin watching for inproper number of players in 240 seconds.
L 08/19/2017 - 21:18:33: [umc-rockthevote.smx] RTV will be made available in 60 seconds.
L 08/19/2017 - 21:19:34: [umc-rockthevote.smx] RTV is now available.
L 08/19/2017 - 21:22:33: [umc-playercountmonitor.smx] Server is now watching for inproper number of players.
L 08/19/2017 - 22:01:13: [umc-emp-mapvote.smx] Map vote will appear in 30 seconds.
L 08/19/2017 - 22:01:43: [umc-emp-mapvote.smx] Starting a map vote.
L 08/19/2017 - 22:01:43: [umc-core.smx] Initiating Vote Type: Map
L 08/19/2017 - 22:02:22: [umc-core.smx] RUNOFF: Starting runoff vote.
L 08/19/2017 - 22:02:22: [umc-core.smx] Initiating Vote Type: Map
L 08/19/2017 - 22:02:53: [umc-core.smx] Setting nextmap to: emp_forest_ob_2013
L 08/19/2017 - 22:02:53: [umc-randomcycle.smx] Disabling random nextmap selection.
L 08/19/2017 - 22:02:53: [umc-core.smx] umc-emp-mapvote.smx: Changing map to 'emp_forest_ob_2013' in 5 seconds.
L 08/19/2017 - 22:02:53: [umc-core.smx] MAPVOTE: Players voted for map 'emp_forest_ob_2013' from group 'Commander Maps'
L 08/19/2017 - 22:03:07: [umc-core.smx] ---------------------MAP CHANGE: emp_forest_ob_2013---------------------
L 08/19/2017 - 22:03:07: [umc-endvote-warnings.smx] Successfully parsed and set up 11 vote warnings.
L 08/19/2017 - 22:03:07: [umc-playercountmonitor.smx] Min Players: 26, Max Players: 52
L 08/19/2017 - 22:03:07: [umc-playercountmonitor.smx] Server will begin watching for inproper number of players in 240 seconds.
L 08/19/2017 - 22:03:07: [umc-rockthevote.smx] RTV will be made available in 60 seconds.
L 08/19/2017 - 22:04:08: [umc-rockthevote.smx] RTV is now available.
L 08/19/2017 - 22:07:07: [umc-playercountmonitor.smx] Server is now watching for inproper number of players.
L 08/19/2017 - 23:01:29: [umc-emp-mapvote.smx] Map vote will appear in 30 seconds.
L 08/19/2017 - 23:01:59: [umc-emp-mapvote.smx] Starting a map vote.
L 08/19/2017 - 23:01:59: [umc-core.smx] Initiating Vote Type: Map
L 08/19/2017 - 23:02:37: [umc-core.smx] RUNOFF: Starting runoff vote.
L 08/19/2017 - 23:02:37: [umc-core.smx] Initiating Vote Type: Map
L 08/19/2017 - 23:03:07: [umc-core.smx] Setting nextmap to: emp_homeland_b9
L 08/19/2017 - 23:03:07: [umc-randomcycle.smx] Disabling random nextmap selection.
L 08/19/2017 - 23:03:07: [umc-core.smx] umc-emp-mapvote.smx: Changing map to 'emp_homeland_b9' in 5 seconds.
L 08/19/2017 - 23:03:07: [umc-core.smx] MAPVOTE: Players voted for map 'emp_homeland_b9' from group 'Commander Maps'
L 08/19/2017 - 23:03:21: [umc-core.smx] ---------------------MAP CHANGE: emp_homeland_b9---------------------
L 08/19/2017 - 23:03:21: [umc-endvote-warnings.smx] Successfully parsed and set up 11 vote warnings.
L 08/19/2017 - 23:03:21: [umc-playercountmonitor.smx] Min Players: 22, Max Players: 42
L 08/19/2017 - 23:03:21: [umc-playercountmonitor.smx] Server will begin watching for inproper number of players in 240 seconds.
L 08/19/2017 - 23:03:21: [umc-rockthevote.smx] RTV will be made available in 60 seconds.
L 08/19/2017 - 23:04:22: [umc-rockthevote.smx] RTV is now available.
L 08/19/2017 - 23:07:21: [umc-playercountmonitor.smx] Server is now watching for inproper number of players.
L 08/19/2017 - 23:26:40: [umc-nominate.smx] Mikleo wants to nominate a map.
L 08/19/2017 - 23:30:36: [umc-nominate.smx] Mikleo wants to nominate a map.
L 08/19/2017 - 23:31:05: [umc-nominate.smx] Mikleo has nominated 'emp_canyon' from group 'Commander Maps'
L 08/19/2017 - 23:34:27: [umc-emp-mapvote.smx] Map vote will appear in 30 seconds.
L 08/19/2017 - 23:34:57: [umc-emp-mapvote.smx] Starting a map vote.
L 08/19/2017 - 23:34:57: [umc-core.smx] Initiating Vote Type: Map
L 08/19/2017 - 23:35:36: [umc-core.smx] RUNOFF: Starting runoff vote.
L 08/19/2017 - 23:35:36: [umc-core.smx] Initiating Vote Type: Map
L 08/19/2017 - 23:36:06: [umc-core.smx] Setting nextmap to: emp_crossroads
L 08/19/2017 - 23:36:06: [umc-randomcycle.smx] Disabling random nextmap selection.
L 08/19/2017 - 23:36:06: [umc-core.smx] umc-emp-mapvote.smx: Changing map to 'emp_crossroads' in 5 seconds.
L 08/19/2017 - 23:36:06: [umc-core.smx] MAPVOTE: Players voted for map 'emp_crossroads' from group 'Commander Maps'
L 08/19/2017 - 23:36:16: [umc-core.smx] ---------------------MAP CHANGE: emp_crossroads---------------------
L 08/19/2017 - 23:36:16: [umc-endvote-warnings.smx] Successfully parsed and set up 11 vote warnings.
L 08/19/2017 - 23:36:16: [umc-playercountmonitor.smx] Min Players: 0, Max Players: 22
L 08/19/2017 - 23:36:16: [umc-playercountmonitor.smx] Server will begin watching for inproper number of players in 240 seconds.
L 08/19/2017 - 23:36:16: [umc-rockthevote.smx] RTV will be made available in 60 seconds.
L 08/19/2017 - 23:36:49: [umc-nominate.smx] Oktay wants to nominate a map.
L 08/19/2017 - 23:36:49: [umc-nominate.smx] JK wants to nominate a map.
L 08/19/2017 - 23:37:03: [umc-nominate.smx] Oktay has nominated 'emp_canyon' from group 'Commander Maps'
L 08/19/2017 - 23:37:11: [umc-nominate.smx] JK has nominated 'emp_downfall' from group 'Commander Maps'
L 08/19/2017 - 23:37:17: [umc-rockthevote.smx] RTV is now available.
L 08/19/2017 - 23:40:16: [umc-playercountmonitor.smx] Server is now watching for inproper number of players.
L 08/19/2017 - 23:51:06: [umc-emp-mapvote.smx] Map vote will appear in 30 seconds.
L 08/19/2017 - 23:51:36: [umc-emp-mapvote.smx] Starting a map vote.
L 08/19/2017 - 23:51:36: [umc-core.smx] Initiating Vote Type: Map
L 08/19/2017 - 23:52:14: [umc-nominate.smx] Misfire! wants to nominate a map.
L 08/19/2017 - 23:52:15: [umc-core.smx] RUNOFF: Starting runoff vote.
L 08/19/2017 - 23:52:15: [umc-core.smx] Initiating Vote Type: Map
L 08/19/2017 - 23:52:46: [umc-core.smx] Setting nextmap to: emp_downfall
L 08/19/2017 - 23:52:46: [umc-randomcycle.smx] Disabling random nextmap selection.
L 08/19/2017 - 23:52:46: [umc-core.smx] umc-emp-mapvote.smx: Changing map to 'emp_downfall' in 5 seconds.
L 08/19/2017 - 23:52:46: [umc-core.smx] MAPVOTE: Players voted for map 'emp_downfall' from group 'Commander Maps'
L 08/19/2017 - 23:52:51: [umc-rockthevote.smx] Starting RTV.
L 08/19/2017 - 23:52:55: [umc-core.smx] ---------------------MAP CHANGE: emp_downfall---------------------
L 08/19/2017 - 23:52:55: [umc-endvote-warnings.smx] Successfully parsed and set up 11 vote warnings.
L 08/19/2017 - 23:52:55: [umc-playercountmonitor.smx] Min Players: 0, Max Players: 22
L 08/19/2017 - 23:52:55: [umc-playercountmonitor.smx] Server will begin watching for inproper number of players in 240 seconds.
L 08/19/2017 - 23:52:55: [umc-rockthevote.smx] RTV will be made available in 60 seconds.
L 08/19/2017 - 23:53:56: [umc-rockthevote.smx] RTV is now available.
L 08/19/2017 - 23:54:07: [umc-nominate.smx] Cernobylsky wants to nominate a map.
L 08/19/2017 - 23:54:21: [umc-nominate.smx] -W3E- aaacowsad wants to nominate a map.
L 08/19/2017 - 23:54:37: [umc-nominate.smx] -W3E- aaacowsad has nominated 'emp_drygulch_a6' from group 'Commander Maps'
L 08/19/2017 - 23:56:55: [umc-playercountmonitor.smx] Server is now watching for inproper number of players.
