L 08/02/2017 - 00:03:37: [umc-emp-mapvote.smx] Map vote will appear in 30 seconds.
L 08/02/2017 - 00:04:07: [umc-emp-mapvote.smx] Starting a map vote.
L 08/02/2017 - 00:04:07: [umc-core.smx] Initiating Vote Type: Map
L 08/02/2017 - 00:04:18: [umc-core.smx] Setting nextmap to: emp_crossroads
L 08/02/2017 - 00:04:18: [umc-randomcycle.smx] Disabling random nextmap selection.
L 08/02/2017 - 00:04:18: [umc-core.smx] umc-emp-mapvote.smx: Changing map to 'emp_crossroads' in 5 seconds.
L 08/02/2017 - 00:04:18: [umc-core.smx] MAPVOTE: Players voted for map 'emp_crossroads' from group 'Commander Maps'
L 08/02/2017 - 00:04:25: [umc-core.smx] ---------------------MAP CHANGE: emp_crossroads---------------------
L 08/02/2017 - 00:04:25: [umc-endvote-warnings.smx] Successfully parsed and set up 11 vote warnings.
L 08/02/2017 - 00:04:25: [umc-playercountmonitor.smx] Min Players: 0, Max Players: 22
L 08/02/2017 - 00:04:25: [umc-playercountmonitor.smx] Server will begin watching for inproper number of players in 240 seconds.
L 08/02/2017 - 00:04:25: [umc-rockthevote.smx] RTV will be made available in 60 seconds.
L 08/02/2017 - 00:05:26: [umc-rockthevote.smx] RTV is now available.
L 08/02/2017 - 00:08:25: [umc-playercountmonitor.smx] Server is now watching for inproper number of players.
L 08/02/2017 - 01:02:19: [umc-emp-mapvote.smx] Map vote will appear in 30 seconds.
L 08/02/2017 - 01:02:49: [umc-emp-mapvote.smx] Starting a map vote.
L 08/02/2017 - 01:02:49: [umc-core.smx] Initiating Vote Type: Map
L 08/02/2017 - 01:03:15: [umc-core.smx] Setting nextmap to: emp_beachfront_b2
L 08/02/2017 - 01:03:15: [umc-randomcycle.smx] Disabling random nextmap selection.
L 08/02/2017 - 01:03:15: [umc-core.smx] umc-emp-mapvote.smx: Changing map to 'emp_beachfront_b2' in 5 seconds.
L 08/02/2017 - 01:03:15: [umc-core.smx] MAPVOTE: Players voted for map 'emp_beachfront_b2' from group 'Commander Maps'
L 08/02/2017 - 01:03:22: [umc-core.smx] ---------------------MAP CHANGE: emp_beachfront_b2---------------------
L 08/02/2017 - 01:03:22: [umc-endvote-warnings.smx] Successfully parsed and set up 11 vote warnings.
L 08/02/2017 - 01:03:22: [umc-playercountmonitor.smx] Min Players: 0, Max Players: 22
L 08/02/2017 - 01:03:22: [umc-playercountmonitor.smx] Server will begin watching for inproper number of players in 240 seconds.
L 08/02/2017 - 01:03:22: [umc-rockthevote.smx] RTV will be made available in 60 seconds.
L 08/02/2017 - 01:04:23: [umc-rockthevote.smx] RTV is now available.
L 08/02/2017 - 01:07:22: [umc-playercountmonitor.smx] Server is now watching for inproper number of players.
L 08/02/2017 - 02:05:51: [umc-emp-mapvote.smx] Map vote will appear in 30 seconds.
L 08/02/2017 - 02:06:21: [umc-emp-mapvote.smx] Starting a map vote.
L 08/02/2017 - 02:06:21: [umc-core.smx] Initiating Vote Type: Map
L 08/02/2017 - 02:06:21: [umc-emp-mapvote.smx] Could not start UMC vote.
L 08/02/2017 - 02:06:21: [umc-emp-mapvote.smx] WARNING: Map Voting failure. Initiating random map fail-safe.
L 08/02/2017 - 02:06:21: [umc-core.smx] Setting nextmap to: emp_shadows_attacks_fix
L 08/02/2017 - 02:06:21: [umc-randomcycle.smx] Disabling random nextmap selection.
L 08/02/2017 - 02:06:21: [umc-core.smx] umc-emp-mapvote.smx: Changing map to 'emp_shadows_attacks_fix' in 5 seconds.
L 08/02/2017 - 02:06:29: [umc-core.smx] ---------------------MAP CHANGE: emp_shadows_attacks_fix---------------------
L 08/02/2017 - 02:06:29: [umc-endvote-warnings.smx] Successfully parsed and set up 11 vote warnings.
L 08/02/2017 - 02:06:29: [umc-playercountmonitor.smx] Min Players: 0, Max Players: 20
L 08/02/2017 - 02:06:29: [umc-playercountmonitor.smx] Server will begin watching for inproper number of players in 240 seconds.
L 08/02/2017 - 02:06:29: [umc-rockthevote.smx] RTV will be made available in 60 seconds.
L 08/02/2017 - 02:07:30: [umc-rockthevote.smx] RTV is now available.
L 08/02/2017 - 02:10:29: [umc-playercountmonitor.smx] Server is now watching for inproper number of players.
L 08/02/2017 - 02:24:08: [umc-emp-mapvote.smx] Map vote will appear in 30 seconds.
L 08/02/2017 - 02:24:38: [umc-emp-mapvote.smx] Starting a map vote.
L 08/02/2017 - 02:24:38: [umc-core.smx] Initiating Vote Type: Map
L 08/02/2017 - 02:24:38: [umc-emp-mapvote.smx] Could not start UMC vote.
L 08/02/2017 - 02:24:38: [umc-emp-mapvote.smx] WARNING: Map Voting failure. Initiating random map fail-safe.
L 08/02/2017 - 02:24:38: [umc-core.smx] Setting nextmap to: emp_nuclear_b8u_xfix
L 08/02/2017 - 02:24:38: [umc-randomcycle.smx] Disabling random nextmap selection.
L 08/02/2017 - 02:24:38: [umc-core.smx] umc-emp-mapvote.smx: Changing map to 'emp_nuclear_b8u_xfix' in 5 seconds.
L 08/02/2017 - 02:24:45: [umc-core.smx] ---------------------MAP CHANGE: emp_nuclear_b8u_xfix---------------------
L 08/02/2017 - 02:24:45: [umc-endvote-warnings.smx] Successfully parsed and set up 11 vote warnings.
L 08/02/2017 - 02:24:45: [umc-playercountmonitor.smx] Min Players: 4, Max Players: 20
L 08/02/2017 - 02:24:45: [umc-playercountmonitor.smx] Server will begin watching for inproper number of players in 240 seconds.
L 08/02/2017 - 02:24:45: [umc-rockthevote.smx] RTV will be made available in 60 seconds.
L 08/02/2017 - 02:25:46: [umc-rockthevote.smx] RTV is now available.
L 08/02/2017 - 02:28:45: [umc-playercountmonitor.smx] Server is now watching for inproper number of players.
L 08/02/2017 - 02:33:13: [umc-nominate.smx] Charlie (voice-chat off) wants to nominate a map.
L 08/02/2017 - 02:33:16: [umc-nominate.smx] Charlie (voice-chat off) has nominated 'emp_vehicletraining_2013' from group 'Infantry Maps'
L 08/02/2017 - 02:33:23: [umc-nominate.smx] LT wants to nominate a map.
L 08/02/2017 - 02:33:32: [umc-nominate.smx] LT has nominated 'emp_drygulch_a6' from group 'Commander Maps'
L 08/02/2017 - 02:43:08: [umc-emp-mapvote.smx] Map vote will appear in 30 seconds.
L 08/02/2017 - 02:43:38: [umc-emp-mapvote.smx] Starting a map vote.
L 08/02/2017 - 02:43:38: [umc-core.smx] Initiating Vote Type: Map
L 08/02/2017 - 02:44:08: [umc-core.smx] Setting nextmap to: emp_drygulch_a6
L 08/02/2017 - 02:44:08: [umc-randomcycle.smx] Disabling random nextmap selection.
L 08/02/2017 - 02:44:08: [umc-core.smx] umc-emp-mapvote.smx: Changing map to 'emp_drygulch_a6' in 5 seconds.
L 08/02/2017 - 02:44:08: [umc-core.smx] MAPVOTE: Players voted for map 'emp_drygulch_a6' from group 'Commander Maps'
L 08/02/2017 - 02:44:16: [umc-core.smx] ---------------------MAP CHANGE: emp_drygulch_a6---------------------
L 08/02/2017 - 02:44:16: [umc-endvote-warnings.smx] Successfully parsed and set up 11 vote warnings.
L 08/02/2017 - 02:44:16: [umc-playercountmonitor.smx] Min Players: 0, Max Players: 22
L 08/02/2017 - 02:44:16: [umc-playercountmonitor.smx] Server will begin watching for inproper number of players in 240 seconds.
L 08/02/2017 - 02:44:16: [umc-rockthevote.smx] RTV will be made available in 60 seconds.
L 08/02/2017 - 02:45:17: [umc-rockthevote.smx] RTV is now available.
L 08/02/2017 - 02:48:16: [umc-playercountmonitor.smx] Server is now watching for inproper number of players.
L 08/02/2017 - 03:08:48: [umc-nominate.smx] Sody-Pop! wants to nominate a map.
L 08/02/2017 - 03:09:03: [umc-nominate.smx] Sody-Pop! wants to nominate a map.
L 08/02/2017 - 03:09:06: [umc-nominate.smx] Sody-Pop! has nominated 'emp_downfall' from group 'Commander Maps'
L 08/02/2017 - 03:11:57: [umc-nominate.smx] LT wants to nominate a map.
L 08/02/2017 - 03:12:10: [umc-nominate.smx] LT wants to nominate a map.
L 08/02/2017 - 03:16:14: [umc-nominate.smx] Blood-Wiper wants to nominate a map.
L 08/02/2017 - 03:16:21: [umc-nominate.smx] Blood-Wiper wants to nominate a map.
L 08/02/2017 - 03:16:26: [umc-nominate.smx] Blood-Wiper wants to nominate a map.
L 08/02/2017 - 03:16:36: [umc-nominate.smx] Blood-Wiper has nominated 'emp_vehicletraining_2013' from group 'Infantry Maps'
L 08/02/2017 - 03:17:19: [umc-emp-mapvote.smx] Map vote will appear in 30 seconds.
L 08/02/2017 - 03:17:49: [umc-emp-mapvote.smx] Starting a map vote.
L 08/02/2017 - 03:17:49: [umc-core.smx] Initiating Vote Type: Map
L 08/02/2017 - 03:18:20: [umc-core.smx] Setting nextmap to: emp_downfall
L 08/02/2017 - 03:18:20: [umc-randomcycle.smx] Disabling random nextmap selection.
L 08/02/2017 - 03:18:20: [umc-core.smx] umc-emp-mapvote.smx: Changing map to 'emp_downfall' in 5 seconds.
L 08/02/2017 - 03:18:20: [umc-core.smx] MAPVOTE: Players voted for map 'emp_downfall' from group 'Commander Maps'
L 08/02/2017 - 03:18:25: [umc-rockthevote.smx] Starting RTV.
L 08/02/2017 - 03:18:29: [umc-core.smx] ---------------------MAP CHANGE: emp_downfall---------------------
L 08/02/2017 - 03:18:29: [umc-endvote-warnings.smx] Successfully parsed and set up 11 vote warnings.
L 08/02/2017 - 03:18:29: [umc-playercountmonitor.smx] Min Players: 0, Max Players: 22
L 08/02/2017 - 03:18:29: [umc-playercountmonitor.smx] Server will begin watching for inproper number of players in 240 seconds.
L 08/02/2017 - 03:18:29: [umc-rockthevote.smx] RTV will be made available in 60 seconds.
L 08/02/2017 - 03:19:30: [umc-rockthevote.smx] RTV is now available.
L 08/02/2017 - 03:22:29: [umc-playercountmonitor.smx] Server is now watching for inproper number of players.
L 08/02/2017 - 03:31:43: [umc-emp-mapvote.smx] Map vote will appear in 30 seconds.
L 08/02/2017 - 03:32:13: [umc-emp-mapvote.smx] Starting a map vote.
L 08/02/2017 - 03:32:13: [umc-core.smx] Initiating Vote Type: Map
L 08/02/2017 - 03:32:13: [umc-emp-mapvote.smx] Could not start UMC vote.
L 08/02/2017 - 03:32:13: [umc-emp-mapvote.smx] WARNING: Map Voting failure. Initiating random map fail-safe.
L 08/02/2017 - 03:32:13: [umc-core.smx] Setting nextmap to: emp_vehicletraining_2013
L 08/02/2017 - 03:32:13: [umc-randomcycle.smx] Disabling random nextmap selection.
L 08/02/2017 - 03:32:13: [umc-core.smx] umc-emp-mapvote.smx: Changing map to 'emp_vehicletraining_2013' in 5 seconds.
L 08/02/2017 - 03:32:21: [umc-core.smx] ---------------------MAP CHANGE: emp_vehicletraining_2013---------------------
L 08/02/2017 - 03:32:21: [umc-endvote-warnings.smx] Successfully parsed and set up 11 vote warnings.
L 08/02/2017 - 03:32:21: [umc-playercountmonitor.smx] Min Players: 0, Max Players: 20
L 08/02/2017 - 03:32:21: [umc-playercountmonitor.smx] Server will begin watching for inproper number of players in 240 seconds.
L 08/02/2017 - 03:32:21: [umc-rockthevote.smx] RTV will be made available in 60 seconds.
L 08/02/2017 - 03:33:22: [umc-rockthevote.smx] RTV is now available.
L 08/02/2017 - 03:36:21: [umc-playercountmonitor.smx] Server is now watching for inproper number of players.
L 08/02/2017 - 04:07:12: [umc-emp-mapvote.smx] Map vote will appear in 30 seconds.
L 08/02/2017 - 04:07:42: [umc-emp-mapvote.smx] Starting a map vote.
L 08/02/2017 - 04:07:42: [umc-core.smx] Initiating Vote Type: Map
L 08/02/2017 - 04:07:42: [umc-core.smx] Could not start core vote, no players to display vote to!
L 08/02/2017 - 04:07:42: [umc-emp-mapvote.smx] Could not start UMC vote.
L 08/02/2017 - 04:07:42: [umc-emp-mapvote.smx] WARNING: Map Voting failure. Initiating random map fail-safe.
L 08/02/2017 - 04:07:42: [umc-core.smx] Setting nextmap to: emp_fogtown_cl2_fix
L 08/02/2017 - 04:07:42: [umc-randomcycle.smx] Disabling random nextmap selection.
L 08/02/2017 - 04:07:42: [umc-core.smx] umc-emp-mapvote.smx: Changing map to 'emp_fogtown_cl2_fix' in 5 seconds.
L 08/02/2017 - 04:07:49: [umc-core.smx] ---------------------MAP CHANGE: emp_fogtown_cl2_fix---------------------
L 08/02/2017 - 04:07:49: [umc-endvote-warnings.smx] Successfully parsed and set up 11 vote warnings.
L 08/02/2017 - 04:07:49: [umc-playercountmonitor.smx] Min Players: 0, Max Players: 20
L 08/02/2017 - 04:07:49: [umc-playercountmonitor.smx] Server will begin watching for inproper number of players in 240 seconds.
L 08/02/2017 - 04:07:49: [umc-rockthevote.smx] RTV will be made available in 60 seconds.
L 08/02/2017 - 04:08:50: [umc-rockthevote.smx] RTV is now available.
L 08/02/2017 - 04:11:49: [umc-playercountmonitor.smx] Server is now watching for inproper number of players.
L 08/02/2017 - 16:33:40: [umc-emp-mapvote.smx] Map vote will appear in 30 seconds.
L 08/02/2017 - 16:34:10: [umc-emp-mapvote.smx] Starting a map vote.
L 08/02/2017 - 16:34:10: [umc-core.smx] Initiating Vote Type: Map
L 08/02/2017 - 16:34:41: [umc-core.smx] Setting nextmap to: emp_blast_ob1
L 08/02/2017 - 16:34:41: [umc-randomcycle.smx] Disabling random nextmap selection.
L 08/02/2017 - 16:34:41: [umc-core.smx] umc-emp-mapvote.smx: Changing map to 'emp_blast_ob1' in 5 seconds.
L 08/02/2017 - 16:34:41: [umc-core.smx] MAPVOTE: Players voted for map 'emp_blast_ob1' from group 'Infantry Maps'
L 08/02/2017 - 16:34:49: [umc-core.smx] ---------------------MAP CHANGE: emp_blast_ob1---------------------
L 08/02/2017 - 16:34:49: [umc-endvote-warnings.smx] Successfully parsed and set up 11 vote warnings.
L 08/02/2017 - 16:34:49: [umc-playercountmonitor.smx] Min Players: 0, Max Players: 20
L 08/02/2017 - 16:34:49: [umc-playercountmonitor.smx] Server will begin watching for inproper number of players in 240 seconds.
L 08/02/2017 - 16:34:49: [umc-rockthevote.smx] RTV will be made available in 60 seconds.
L 08/02/2017 - 16:35:50: [umc-rockthevote.smx] RTV is now available.
L 08/02/2017 - 16:38:49: [umc-playercountmonitor.smx] Server is now watching for inproper number of players.
L 08/02/2017 - 20:00:31: [umc-emp-mapvote.smx] Map vote will appear in 30 seconds.
L 08/02/2017 - 20:01:01: [umc-emp-mapvote.smx] Starting a map vote.
L 08/02/2017 - 20:01:01: [umc-core.smx] Initiating Vote Type: Map
L 08/02/2017 - 20:01:01: [umc-core.smx] Could not start core vote, no players to display vote to!
L 08/02/2017 - 20:01:01: [umc-emp-mapvote.smx] Could not start UMC vote.
L 08/02/2017 - 20:01:01: [umc-emp-mapvote.smx] WARNING: Map Voting failure. Initiating random map fail-safe.
L 08/02/2017 - 20:01:01: [umc-core.smx] Setting nextmap to: con_glycencity
L 08/02/2017 - 20:01:01: [umc-randomcycle.smx] Disabling random nextmap selection.
L 08/02/2017 - 20:01:01: [umc-core.smx] umc-emp-mapvote.smx: Changing map to 'con_glycencity' in 5 seconds.
L 08/02/2017 - 20:01:08: [umc-core.smx] ---------------------MAP CHANGE: con_glycencity---------------------
L 08/02/2017 - 20:01:08: [umc-endvote-warnings.smx] Successfully parsed and set up 11 vote warnings.
L 08/02/2017 - 20:01:08: [umc-playercountmonitor.smx] Min Players: 0, Max Players: 20
L 08/02/2017 - 20:01:08: [umc-playercountmonitor.smx] Server will begin watching for inproper number of players in 240 seconds.
L 08/02/2017 - 20:01:08: [umc-rockthevote.smx] RTV will be made available in 60 seconds.
L 08/02/2017 - 20:02:09: [umc-rockthevote.smx] RTV is now available.
L 08/02/2017 - 20:05:08: [umc-playercountmonitor.smx] Server is now watching for inproper number of players.
L 08/02/2017 - 20:35:10: [umc-emp-mapvote.smx] Map vote will appear in 30 seconds.
L 08/02/2017 - 20:35:40: [umc-emp-mapvote.smx] Starting a map vote.
L 08/02/2017 - 20:35:40: [umc-core.smx] Initiating Vote Type: Map
L 08/02/2017 - 20:35:40: [umc-core.smx] Could not start core vote, no players to display vote to!
L 08/02/2017 - 20:35:40: [umc-emp-mapvote.smx] Could not start UMC vote.
L 08/02/2017 - 20:35:40: [umc-emp-mapvote.smx] WARNING: Map Voting failure. Initiating random map fail-safe.
L 08/02/2017 - 20:35:40: [umc-core.smx] Setting nextmap to: emp_drygulch_a6
L 08/02/2017 - 20:35:40: [umc-randomcycle.smx] Disabling random nextmap selection.
L 08/02/2017 - 20:35:40: [umc-core.smx] umc-emp-mapvote.smx: Changing map to 'emp_drygulch_a6' in 5 seconds.
L 08/02/2017 - 20:35:46: [umc-core.smx] ---------------------MAP CHANGE: emp_drygulch_a6---------------------
L 08/02/2017 - 20:35:46: [umc-endvote-warnings.smx] Successfully parsed and set up 11 vote warnings.
L 08/02/2017 - 20:35:46: [umc-playercountmonitor.smx] Min Players: 0, Max Players: 22
L 08/02/2017 - 20:35:46: [umc-playercountmonitor.smx] Server will begin watching for inproper number of players in 240 seconds.
L 08/02/2017 - 20:35:46: [umc-rockthevote.smx] RTV will be made available in 60 seconds.
L 08/02/2017 - 20:36:47: [umc-rockthevote.smx] RTV is now available.
L 08/02/2017 - 20:39:46: [umc-playercountmonitor.smx] Server is now watching for inproper number of players.
