L 08/24/2017 - 01:22:08: [umc-nominate.smx] [BϟP] VulcanStorm wants to nominate a map.
L 08/24/2017 - 01:22:16: [umc-nominate.smx] [BϟP] VulcanStorm has nominated 'con_glycencity' from group 'Infantry Maps'
L 08/24/2017 - 01:22:24: [umc-nominate.smx] [BϟP] VulcanStorm wants to nominate a map.
L 08/24/2017 - 01:22:31: [umc-nominate.smx] [BϟP] VulcanStorm has nominated 'emp_blast_ob1' from group 'Infantry Maps'
L 08/24/2017 - 01:32:05: [umc-emp-mapvote.smx] Map vote will appear in 30 seconds.
L 08/24/2017 - 01:32:35: [umc-emp-mapvote.smx] Starting a map vote.
L 08/24/2017 - 01:32:35: [umc-core.smx] Initiating Vote Type: Map
L 08/24/2017 - 01:33:06: [umc-core.smx] Setting nextmap to: emp_blast_ob1
L 08/24/2017 - 01:33:06: [umc-randomcycle.smx] Disabling random nextmap selection.
L 08/24/2017 - 01:33:06: [umc-core.smx] umc-emp-mapvote.smx: Changing map to 'emp_blast_ob1' in 5 seconds.
L 08/24/2017 - 01:33:06: [umc-core.smx] MAPVOTE: Players voted for map 'emp_blast_ob1' from group 'Infantry Maps'
L 08/24/2017 - 01:33:14: [umc-core.smx] ---------------------MAP CHANGE: emp_blast_ob1---------------------
L 08/24/2017 - 01:33:14: [umc-endvote-warnings.smx] Successfully parsed and set up 11 vote warnings.
L 08/24/2017 - 01:33:14: [umc-playercountmonitor.smx] Min Players: 0, Max Players: 20
L 08/24/2017 - 01:33:14: [umc-playercountmonitor.smx] Server will begin watching for inproper number of players in 240 seconds.
L 08/24/2017 - 01:33:14: [umc-rockthevote.smx] RTV will be made available in 60 seconds.
L 08/24/2017 - 01:34:15: [umc-rockthevote.smx] RTV is now available.
L 08/24/2017 - 01:37:14: [umc-playercountmonitor.smx] Server is now watching for inproper number of players.
L 08/24/2017 - 01:48:53: [umc-emp-mapvote.smx] Map vote will appear in 30 seconds.
L 08/24/2017 - 01:49:23: [umc-emp-mapvote.smx] Starting a map vote.
L 08/24/2017 - 01:49:23: [umc-core.smx] Initiating Vote Type: Map
L 08/24/2017 - 01:49:43: [umc-core.smx] Setting nextmap to: emp_beachfront_b2
L 08/24/2017 - 01:49:43: [umc-randomcycle.smx] Disabling random nextmap selection.
L 08/24/2017 - 01:49:43: [umc-core.smx] umc-emp-mapvote.smx: Changing map to 'emp_beachfront_b2' in 5 seconds.
L 08/24/2017 - 01:49:43: [umc-core.smx] MAPVOTE: Players voted for map 'emp_beachfront_b2' from group 'Commander Maps'
L 08/24/2017 - 01:49:51: [umc-core.smx] ---------------------MAP CHANGE: emp_beachfront_b2---------------------
L 08/24/2017 - 01:49:51: [umc-endvote-warnings.smx] Successfully parsed and set up 11 vote warnings.
L 08/24/2017 - 01:49:51: [umc-playercountmonitor.smx] Min Players: 0, Max Players: 22
L 08/24/2017 - 01:49:51: [umc-playercountmonitor.smx] Server will begin watching for inproper number of players in 240 seconds.
L 08/24/2017 - 01:49:51: [umc-rockthevote.smx] RTV will be made available in 60 seconds.
L 08/24/2017 - 01:50:52: [umc-rockthevote.smx] RTV is now available.
L 08/24/2017 - 01:53:51: [umc-playercountmonitor.smx] Server is now watching for inproper number of players.
L 08/24/2017 - 02:30:21: [umc-nominate.smx] Sody-Pop! wants to nominate a map.
L 08/24/2017 - 02:30:39: [umc-nominate.smx] Sody-Pop! has nominated 'emp_downfall' from group 'Commander Maps'
L 08/24/2017 - 02:36:04: [umc-emp-mapvote.smx] Map vote will appear in 30 seconds.
L 08/24/2017 - 02:36:34: [umc-emp-mapvote.smx] Starting a map vote.
L 08/24/2017 - 02:36:34: [umc-core.smx] Initiating Vote Type: Map
L 08/24/2017 - 02:37:05: [umc-core.smx] Setting nextmap to: emp_crossroads
L 08/24/2017 - 02:37:05: [umc-randomcycle.smx] Disabling random nextmap selection.
L 08/24/2017 - 02:37:05: [umc-core.smx] umc-emp-mapvote.smx: Changing map to 'emp_crossroads' in 5 seconds.
L 08/24/2017 - 02:37:05: [umc-core.smx] MAPVOTE: Players voted for map 'emp_crossroads' from group 'Commander Maps'
L 08/24/2017 - 02:37:12: [umc-core.smx] ---------------------MAP CHANGE: emp_crossroads---------------------
L 08/24/2017 - 02:37:12: [umc-endvote-warnings.smx] Successfully parsed and set up 11 vote warnings.
L 08/24/2017 - 02:37:12: [umc-playercountmonitor.smx] Min Players: 0, Max Players: 22
L 08/24/2017 - 02:37:12: [umc-playercountmonitor.smx] Server will begin watching for inproper number of players in 240 seconds.
L 08/24/2017 - 02:37:12: [umc-rockthevote.smx] RTV will be made available in 60 seconds.
L 08/24/2017 - 02:38:13: [umc-rockthevote.smx] RTV is now available.
L 08/24/2017 - 02:41:12: [umc-playercountmonitor.smx] Server is now watching for inproper number of players.
L 08/24/2017 - 03:32:44: [umc-nominate.smx] =(eGO)= MB wants to nominate a map.
L 08/24/2017 - 03:32:56: [umc-nominate.smx] Sody-Pop! wants to nominate a map.
L 08/24/2017 - 03:32:58: [umc-nominate.smx] Sody-Pop! has nominated 'emp_downfall' from group 'Commander Maps'
L 08/24/2017 - 03:33:06: [umc-nominate.smx] =(eGO)= MB has nominated 'emp_fogtown_cl2_fix' from group 'Infantry Maps'
L 08/24/2017 - 03:44:17: [umc-emp-mapvote.smx] Map vote will appear in 30 seconds.
L 08/24/2017 - 03:44:47: [umc-emp-mapvote.smx] Starting a map vote.
L 08/24/2017 - 03:44:47: [umc-core.smx] Initiating Vote Type: Map
L 08/24/2017 - 03:45:04: [umc-nominate.smx] Sody-Pop! wants to nominate a map.
L 08/24/2017 - 03:45:18: [umc-core.smx] Setting nextmap to: emp_downfall
L 08/24/2017 - 03:45:18: [umc-randomcycle.smx] Disabling random nextmap selection.
L 08/24/2017 - 03:45:18: [umc-core.smx] umc-emp-mapvote.smx: Changing map to 'emp_downfall' in 5 seconds.
L 08/24/2017 - 03:45:18: [umc-core.smx] MAPVOTE: Players voted for map 'emp_downfall' from group 'Commander Maps'
L 08/24/2017 - 03:45:27: [umc-core.smx] ---------------------MAP CHANGE: emp_downfall---------------------
L 08/24/2017 - 03:45:27: [umc-endvote-warnings.smx] Successfully parsed and set up 11 vote warnings.
L 08/24/2017 - 03:45:27: [umc-playercountmonitor.smx] Min Players: 0, Max Players: 22
L 08/24/2017 - 03:45:27: [umc-playercountmonitor.smx] Server will begin watching for inproper number of players in 240 seconds.
L 08/24/2017 - 03:45:27: [umc-rockthevote.smx] RTV will be made available in 60 seconds.
L 08/24/2017 - 03:46:28: [umc-rockthevote.smx] RTV is now available.
L 08/24/2017 - 03:49:27: [umc-playercountmonitor.smx] Server is now watching for inproper number of players.
L 08/24/2017 - 04:00:32: [umc-nominate.smx] =(eGO)= MB wants to nominate a map.
L 08/24/2017 - 04:00:42: [umc-nominate.smx] =(eGO)= MB has nominated 'emp_fogtown_cl2_fix' from group 'Infantry Maps'
L 08/24/2017 - 04:17:53: [umc-emp-mapvote.smx] Map vote will appear in 30 seconds.
L 08/24/2017 - 04:18:23: [umc-emp-mapvote.smx] Starting a map vote.
L 08/24/2017 - 04:18:23: [umc-core.smx] Initiating Vote Type: Map
L 08/24/2017 - 04:18:23: [umc-emp-mapvote.smx] Could not start UMC vote.
L 08/24/2017 - 04:18:23: [umc-emp-mapvote.smx] WARNING: Map Voting failure. Initiating random map fail-safe.
L 08/24/2017 - 04:18:23: [umc-core.smx] Setting nextmap to: con_glycencity
L 08/24/2017 - 04:18:23: [umc-randomcycle.smx] Disabling random nextmap selection.
L 08/24/2017 - 04:18:23: [umc-core.smx] umc-emp-mapvote.smx: Changing map to 'con_glycencity' in 5 seconds.
L 08/24/2017 - 04:18:32: [umc-core.smx] ---------------------MAP CHANGE: con_glycencity---------------------
L 08/24/2017 - 04:18:32: [umc-endvote-warnings.smx] Successfully parsed and set up 11 vote warnings.
L 08/24/2017 - 04:18:32: [umc-playercountmonitor.smx] Min Players: 0, Max Players: 20
L 08/24/2017 - 04:18:32: [umc-playercountmonitor.smx] Server will begin watching for inproper number of players in 240 seconds.
L 08/24/2017 - 04:18:32: [umc-rockthevote.smx] RTV will be made available in 60 seconds.
L 08/24/2017 - 04:19:33: [umc-rockthevote.smx] RTV is now available.
L 08/24/2017 - 04:22:32: [umc-playercountmonitor.smx] Server is now watching for inproper number of players.
L 08/24/2017 - 04:47:10: [umc-emp-mapvote.smx] Map vote will appear in 30 seconds.
L 08/24/2017 - 04:47:40: [umc-emp-mapvote.smx] Starting a map vote.
L 08/24/2017 - 04:47:40: [umc-core.smx] Initiating Vote Type: Map
L 08/24/2017 - 04:48:09: [umc-core.smx] Setting nextmap to: emp_havoc_b1_fix
L 08/24/2017 - 04:48:09: [umc-randomcycle.smx] Disabling random nextmap selection.
L 08/24/2017 - 04:48:09: [umc-core.smx] umc-emp-mapvote.smx: Changing map to 'emp_havoc_b1_fix' in 5 seconds.
L 08/24/2017 - 04:48:09: [umc-core.smx] MAPVOTE: Players voted for map 'emp_havoc_b1_fix' from group 'Infantry Maps'
L 08/24/2017 - 04:48:15: [umc-core.smx] ---------------------MAP CHANGE: emp_havoc_b1_fix---------------------
L 08/24/2017 - 04:48:15: [umc-endvote-warnings.smx] Successfully parsed and set up 11 vote warnings.
L 08/24/2017 - 04:48:15: [umc-playercountmonitor.smx] Min Players: 0, Max Players: 20
L 08/24/2017 - 04:48:15: [umc-playercountmonitor.smx] Server will begin watching for inproper number of players in 240 seconds.
L 08/24/2017 - 04:48:15: [umc-rockthevote.smx] RTV will be made available in 60 seconds.
L 08/24/2017 - 04:49:16: [umc-rockthevote.smx] RTV is now available.
L 08/24/2017 - 04:52:15: [umc-playercountmonitor.smx] Server is now watching for inproper number of players.
L 08/24/2017 - 05:08:09: [umc-emp-mapvote.smx] Map vote will appear in 30 seconds.
L 08/24/2017 - 05:08:39: [umc-emp-mapvote.smx] Starting a map vote.
L 08/24/2017 - 05:08:39: [umc-core.smx] Initiating Vote Type: Map
L 08/24/2017 - 05:08:51: [umc-core.smx] Setting nextmap to: emp_drygulch_a6
L 08/24/2017 - 05:08:51: [umc-randomcycle.smx] Disabling random nextmap selection.
L 08/24/2017 - 05:08:51: [umc-core.smx] umc-emp-mapvote.smx: Changing map to 'emp_drygulch_a6' in 5 seconds.
L 08/24/2017 - 05:08:51: [umc-core.smx] MAPVOTE: Players voted for map 'emp_drygulch_a6' from group 'Commander Maps'
L 08/24/2017 - 05:08:57: [umc-core.smx] ---------------------MAP CHANGE: emp_drygulch_a6---------------------
L 08/24/2017 - 05:08:57: [umc-endvote-warnings.smx] Successfully parsed and set up 11 vote warnings.
L 08/24/2017 - 05:08:57: [umc-playercountmonitor.smx] Min Players: 0, Max Players: 22
L 08/24/2017 - 05:08:57: [umc-playercountmonitor.smx] Server will begin watching for inproper number of players in 240 seconds.
L 08/24/2017 - 05:08:57: [umc-rockthevote.smx] RTV will be made available in 60 seconds.
L 08/24/2017 - 05:09:58: [umc-rockthevote.smx] RTV is now available.
L 08/24/2017 - 05:12:57: [umc-playercountmonitor.smx] Server is now watching for inproper number of players.
L 08/24/2017 - 05:25:39: [umc-emp-mapvote.smx] Map vote will appear in 30 seconds.
L 08/24/2017 - 05:26:09: [umc-emp-mapvote.smx] Starting a map vote.
L 08/24/2017 - 05:26:09: [umc-core.smx] Initiating Vote Type: Map
L 08/24/2017 - 05:26:09: [umc-emp-mapvote.smx] Could not start UMC vote.
L 08/24/2017 - 05:26:09: [umc-emp-mapvote.smx] WARNING: Map Voting failure. Initiating random map fail-safe.
L 08/24/2017 - 05:26:09: [umc-core.smx] Setting nextmap to: emp_vehicletraining_2013
L 08/24/2017 - 05:26:09: [umc-randomcycle.smx] Disabling random nextmap selection.
L 08/24/2017 - 05:26:09: [umc-core.smx] umc-emp-mapvote.smx: Changing map to 'emp_vehicletraining_2013' in 5 seconds.
L 08/24/2017 - 05:26:14: [umc-core.smx] ---------------------MAP CHANGE: emp_vehicletraining_2013---------------------
L 08/24/2017 - 05:26:14: [umc-endvote-warnings.smx] Successfully parsed and set up 11 vote warnings.
L 08/24/2017 - 05:26:14: [umc-playercountmonitor.smx] Min Players: 0, Max Players: 20
L 08/24/2017 - 05:26:14: [umc-playercountmonitor.smx] Server will begin watching for inproper number of players in 240 seconds.
L 08/24/2017 - 05:26:14: [umc-rockthevote.smx] RTV will be made available in 60 seconds.
L 08/24/2017 - 05:27:16: [umc-rockthevote.smx] RTV is now available.
L 08/24/2017 - 05:30:15: [umc-playercountmonitor.smx] Server is now watching for inproper number of players.
L 08/24/2017 - 05:59:19: [umc-emp-mapvote.smx] Map vote will appear in 30 seconds.
L 08/24/2017 - 05:59:49: [umc-emp-mapvote.smx] Starting a map vote.
L 08/24/2017 - 05:59:49: [umc-core.smx] Initiating Vote Type: Map
L 08/24/2017 - 06:00:06: [umc-core.smx] Setting nextmap to: emp_beachfront_b2
L 08/24/2017 - 06:00:06: [umc-randomcycle.smx] Disabling random nextmap selection.
L 08/24/2017 - 06:00:06: [umc-core.smx] umc-emp-mapvote.smx: Changing map to 'emp_beachfront_b2' in 5 seconds.
L 08/24/2017 - 06:00:06: [umc-core.smx] MAPVOTE: Players voted for map 'emp_beachfront_b2' from group 'Commander Maps'
L 08/24/2017 - 06:00:11: [umc-core.smx] ---------------------MAP CHANGE: emp_beachfront_b2---------------------
L 08/24/2017 - 06:00:11: [umc-endvote-warnings.smx] Successfully parsed and set up 11 vote warnings.
L 08/24/2017 - 06:00:11: [umc-playercountmonitor.smx] Min Players: 0, Max Players: 22
L 08/24/2017 - 06:00:11: [umc-playercountmonitor.smx] Server will begin watching for inproper number of players in 240 seconds.
L 08/24/2017 - 06:00:11: [umc-rockthevote.smx] RTV will be made available in 60 seconds.
L 08/24/2017 - 06:01:13: [umc-rockthevote.smx] RTV is now available.
L 08/24/2017 - 06:04:12: [umc-playercountmonitor.smx] Server is now watching for inproper number of players.
L 08/24/2017 - 13:42:11: [umc-core.smx] ---------------------MAP CHANGE: emp_coast---------------------
L 08/24/2017 - 13:42:11: [umc-endvote-warnings.smx] Successfully parsed and set up 11 vote warnings.
L 08/24/2017 - 13:42:11: [umc-playercountmonitor.smx] Current Map Group could not be determined. (Non-UMC mapchange or plugin just loaded.)
L 08/24/2017 - 13:42:11: [umc-playercountmonitor.smx] Min Players: 0, Max Players: 64
L 08/24/2017 - 13:42:11: [umc-rockthevote.smx] RTV will be made available in 60 seconds.
L 08/24/2017 - 13:43:12: [umc-rockthevote.smx] RTV is now available.
L 08/24/2017 - 13:43:16: [umc-core.smx] ---------------------MAP CHANGE: emp_drygulch_a6---------------------
L 08/24/2017 - 13:43:16: [umc-endvote-warnings.smx] Successfully parsed and set up 11 vote warnings.
L 08/24/2017 - 13:43:16: [umc-playercountmonitor.smx] Min Players: 0, Max Players: 22
L 08/24/2017 - 13:43:16: [umc-playercountmonitor.smx] Server will begin watching for inproper number of players in 240 seconds.
L 08/24/2017 - 13:43:16: [umc-rockthevote.smx] RTV will be made available in 60 seconds.
L 08/24/2017 - 13:43:35: [umc-core.smx] ---------------------MAP CHANGE: emp_drygulch_a6---------------------
L 08/24/2017 - 13:43:35: [umc-endvote-warnings.smx] Successfully parsed and set up 11 vote warnings.
L 08/24/2017 - 13:43:35: [umc-playercountmonitor.smx] Min Players: 0, Max Players: 22
L 08/24/2017 - 13:43:35: [umc-playercountmonitor.smx] Server will begin watching for inproper number of players in 240 seconds.
L 08/24/2017 - 13:43:35: [umc-rockthevote.smx] RTV will be made available in 60 seconds.
L 08/24/2017 - 13:43:52: [umc-core.smx] ---------------------MAP CHANGE: emp_drygulch_a6---------------------
L 08/24/2017 - 13:43:52: [umc-endvote-warnings.smx] Successfully parsed and set up 11 vote warnings.
L 08/24/2017 - 13:43:52: [umc-playercountmonitor.smx] Min Players: 0, Max Players: 22
L 08/24/2017 - 13:43:52: [umc-playercountmonitor.smx] Server will begin watching for inproper number of players in 240 seconds.
L 08/24/2017 - 13:43:52: [umc-rockthevote.smx] RTV will be made available in 60 seconds.
L 08/24/2017 - 13:44:53: [umc-rockthevote.smx] RTV is now available.
L 08/24/2017 - 13:47:52: [umc-playercountmonitor.smx] Server is now watching for inproper number of players.
L 08/24/2017 - 14:27:09: [umc-emp-mapvote.smx] Map vote will appear in 30 seconds.
L 08/24/2017 - 14:27:39: [umc-emp-mapvote.smx] Starting a map vote.
L 08/24/2017 - 14:27:39: [umc-core.smx] Initiating Vote Type: Map
L 08/24/2017 - 14:28:01: [umc-core.smx] Setting nextmap to: con_glycencity
L 08/24/2017 - 14:28:01: [umc-randomcycle.smx] Disabling random nextmap selection.
L 08/24/2017 - 14:28:01: [umc-core.smx] umc-emp-mapvote.smx: Changing map to 'con_glycencity' in 5 seconds.
L 08/24/2017 - 14:28:01: [umc-core.smx] MAPVOTE: Players voted for map 'con_glycencity' from group 'Infantry Maps'
L 08/24/2017 - 14:28:08: [umc-core.smx] ---------------------MAP CHANGE: con_glycencity---------------------
L 08/24/2017 - 14:28:08: [umc-endvote-warnings.smx] Successfully parsed and set up 11 vote warnings.
L 08/24/2017 - 14:28:08: [umc-playercountmonitor.smx] Min Players: 0, Max Players: 20
L 08/24/2017 - 14:28:08: [umc-playercountmonitor.smx] Server will begin watching for inproper number of players in 240 seconds.
L 08/24/2017 - 14:28:08: [umc-rockthevote.smx] RTV will be made available in 60 seconds.
L 08/24/2017 - 14:29:09: [umc-rockthevote.smx] RTV is now available.
L 08/24/2017 - 14:32:08: [umc-playercountmonitor.smx] Server is now watching for inproper number of players.
L 08/24/2017 - 14:44:58: [umc-core.smx] Setting nextmap to: emp_vehicletraining_2013
L 08/24/2017 - 14:44:58: [umc-randomcycle.smx] Disabling random nextmap selection.
L 08/24/2017 - 14:44:58: [umc-core.smx] umc-adminmenu.smx: Changing map to 'emp_vehicletraining_2013' in 5 seconds.
L 08/24/2017 - 14:44:58: [umc-adminmenu.smx] Oktay<60><[U:1:116496292]><> set the next map to emp_vehicletraining_2013 from group Infantry Maps.
L 08/24/2017 - 14:45:04: [umc-core.smx] ---------------------MAP CHANGE: emp_vehicletraining_2013---------------------
L 08/24/2017 - 14:45:04: [umc-endvote-warnings.smx] Successfully parsed and set up 11 vote warnings.
L 08/24/2017 - 14:45:04: [umc-playercountmonitor.smx] Min Players: 0, Max Players: 20
L 08/24/2017 - 14:45:04: [umc-playercountmonitor.smx] Server will begin watching for inproper number of players in 240 seconds.
L 08/24/2017 - 14:45:04: [umc-rockthevote.smx] RTV will be made available in 60 seconds.
L 08/24/2017 - 14:46:05: [umc-rockthevote.smx] RTV is now available.
L 08/24/2017 - 14:49:04: [umc-playercountmonitor.smx] Server is now watching for inproper number of players.
L 08/24/2017 - 15:01:37: [umc-core.smx] Setting nextmap to: emp_king_r5_nosplt
L 08/24/2017 - 15:01:37: [umc-randomcycle.smx] Disabling random nextmap selection.
L 08/24/2017 - 15:01:37: [umc-core.smx] umc-adminmenu.smx: Changing map to 'emp_king_r5_nosplt' in 5 seconds.
L 08/24/2017 - 15:01:37: [umc-adminmenu.smx] Oktay<60><[U:1:116496292]><> set the next map to emp_king_r5_nosplt from group Commander Maps.
L 08/24/2017 - 15:01:44: [umc-core.smx] ---------------------MAP CHANGE: emp_king_r5_nosplt---------------------
L 08/24/2017 - 15:01:44: [umc-endvote-warnings.smx] Successfully parsed and set up 11 vote warnings.
L 08/24/2017 - 15:01:44: [umc-playercountmonitor.smx] Min Players: 40, Max Players: 64
L 08/24/2017 - 15:01:44: [umc-playercountmonitor.smx] Server will begin watching for inproper number of players in 240 seconds.
L 08/24/2017 - 15:01:44: [umc-rockthevote.smx] RTV will be made available in 60 seconds.
L 08/24/2017 - 15:02:45: [umc-rockthevote.smx] RTV is now available.
L 08/24/2017 - 15:05:44: [umc-playercountmonitor.smx] Server is now watching for inproper number of players.
L 08/24/2017 - 16:27:55: [umc-core.smx] ---------------------MAP CHANGE: con_district402---------------------
L 08/24/2017 - 16:27:55: [umc-endvote-warnings.smx] Successfully parsed and set up 11 vote warnings.
L 08/24/2017 - 16:27:55: [umc-playercountmonitor.smx] Current Map Group could not be determined. (Non-UMC mapchange or plugin just loaded.)
L 08/24/2017 - 16:27:55: [umc-playercountmonitor.smx] Min Players: 0, Max Players: 64
L 08/24/2017 - 16:27:55: [umc-rockthevote.smx] RTV will be made available in 60 seconds.
L 08/24/2017 - 16:28:57: [umc-rockthevote.smx] RTV is now available.
L 08/24/2017 - 17:41:44: [umc-core.smx] ---------------------MAP CHANGE: con_district402---------------------
L 08/24/2017 - 17:41:44: [umc-endvote-warnings.smx] Successfully parsed and set up 11 vote warnings.
L 08/24/2017 - 17:41:44: [umc-playercountmonitor.smx] Current Map Group could not be determined. (Non-UMC mapchange or plugin just loaded.)
L 08/24/2017 - 17:41:44: [umc-playercountmonitor.smx] Min Players: 0, Max Players: 64
L 08/24/2017 - 17:41:44: [umc-rockthevote.smx] RTV will be made available in 60 seconds.
L 08/24/2017 - 17:42:37: [umc-core.smx] ---------------------MAP CHANGE: emp_canyon---------------------
L 08/24/2017 - 17:42:37: [umc-endvote-warnings.smx] Successfully parsed and set up 11 vote warnings.
L 08/24/2017 - 17:42:37: [umc-playercountmonitor.smx] Min Players: 14, Max Players: 32
L 08/24/2017 - 17:42:37: [umc-playercountmonitor.smx] Server will begin watching for inproper number of players in 240 seconds.
L 08/24/2017 - 17:42:37: [umc-rockthevote.smx] RTV will be made available in 60 seconds.
L 08/24/2017 - 17:43:38: [umc-rockthevote.smx] RTV is now available.
L 08/24/2017 - 17:44:03: [umc-core.smx] ---------------------MAP CHANGE: con_district402---------------------
L 08/24/2017 - 17:44:03: [umc-endvote-warnings.smx] Successfully parsed and set up 11 vote warnings.
L 08/24/2017 - 17:44:03: [umc-playercountmonitor.smx] Current Map Group could not be determined. (Non-UMC mapchange or plugin just loaded.)
L 08/24/2017 - 17:44:03: [umc-playercountmonitor.smx] Min Players: 0, Max Players: 64
L 08/24/2017 - 17:44:03: [umc-rockthevote.smx] RTV will be made available in 60 seconds.
L 08/24/2017 - 17:44:10: [umc-core.smx] ---------------------MAP CHANGE: emp_canyon---------------------
L 08/24/2017 - 17:44:10: [umc-endvote-warnings.smx] Successfully parsed and set up 11 vote warnings.
L 08/24/2017 - 17:44:10: [umc-playercountmonitor.smx] Min Players: 14, Max Players: 32
L 08/24/2017 - 17:44:10: [umc-playercountmonitor.smx] Server will begin watching for inproper number of players in 240 seconds.
L 08/24/2017 - 17:44:10: [umc-rockthevote.smx] RTV will be made available in 60 seconds.
L 08/24/2017 - 17:44:25: [umc-emp-mapvote.smx] Map vote will appear in 30 seconds.
L 08/24/2017 - 17:44:55: [umc-emp-mapvote.smx] Starting a map vote.
L 08/24/2017 - 17:44:55: [umc-core.smx] Initiating Vote Type: Map
L 08/24/2017 - 17:45:06: [umc-emp-mapvote.smx] WARNING: Map Voting failure. Initiating random map fail-safe.
L 08/24/2017 - 17:45:06: [umc-core.smx] Setting nextmap to: emp_downfall
L 08/24/2017 - 17:45:06: [umc-randomcycle.smx] Disabling random nextmap selection.
L 08/24/2017 - 17:45:06: [umc-core.smx] umc-emp-mapvote.smx: Changing map to 'emp_downfall' in 5 seconds.
L 08/24/2017 - 17:45:06: [umc-core.smx] ---------------------MAP CHANGE: emp_canyon---------------------
L 08/24/2017 - 17:45:06: [umc-endvote-warnings.smx] Successfully parsed and set up 11 vote warnings.
L 08/24/2017 - 17:45:06: [umc-playercountmonitor.smx] Min Players: 14, Max Players: 32
L 08/24/2017 - 17:45:06: [umc-playercountmonitor.smx] Server will begin watching for inproper number of players in 240 seconds.
L 08/24/2017 - 17:45:06: [umc-rockthevote.smx] RTV will be made available in 60 seconds.
L 08/24/2017 - 17:46:07: [umc-rockthevote.smx] RTV is now available.
L 08/24/2017 - 17:49:06: [umc-playercountmonitor.smx] Server is now watching for inproper number of players.
L 08/24/2017 - 18:24:20: [umc-nominate.smx] Oktay wants to nominate a map.
L 08/24/2017 - 18:25:08: [umc-emp-mapvote.smx] Map vote will appear in 30 seconds.
L 08/24/2017 - 18:25:38: [umc-emp-mapvote.smx] Starting a map vote.
L 08/24/2017 - 18:25:38: [umc-core.smx] Initiating Vote Type: Map
L 08/24/2017 - 18:26:09: [umc-core.smx] Setting nextmap to: emp_beachfront_b2
L 08/24/2017 - 18:26:09: [umc-randomcycle.smx] Disabling random nextmap selection.
L 08/24/2017 - 18:26:09: [umc-core.smx] umc-emp-mapvote.smx: Changing map to 'emp_beachfront_b2' in 5 seconds.
L 08/24/2017 - 18:26:09: [umc-core.smx] MAPVOTE: Players voted for map 'emp_beachfront_b2' from group 'Commander Maps'
L 08/24/2017 - 18:26:14: [umc-core.smx] ---------------------MAP CHANGE: emp_beachfront_b2---------------------
L 08/24/2017 - 18:26:14: [umc-endvote-warnings.smx] Successfully parsed and set up 11 vote warnings.
L 08/24/2017 - 18:26:14: [umc-playercountmonitor.smx] Min Players: 0, Max Players: 22
L 08/24/2017 - 18:26:14: [umc-playercountmonitor.smx] Server will begin watching for inproper number of players in 240 seconds.
L 08/24/2017 - 18:26:14: [umc-rockthevote.smx] RTV will be made available in 60 seconds.
L 08/24/2017 - 18:27:15: [umc-rockthevote.smx] RTV is now available.
L 08/24/2017 - 18:28:10: [umc-nominate.smx] Oktay wants to nominate a map.
L 08/24/2017 - 18:28:21: [umc-nominate.smx] Oktay has nominated 'emp_fogtown_cl2_fix' from group 'Infantry Maps'
L 08/24/2017 - 18:30:14: [umc-playercountmonitor.smx] Server is now watching for inproper number of players.
L 08/24/2017 - 18:33:22: [umc-emp-mapvote.smx] Map vote will appear in 30 seconds.
L 08/24/2017 - 18:33:52: [umc-emp-mapvote.smx] Starting a map vote.
L 08/24/2017 - 18:33:52: [umc-core.smx] Initiating Vote Type: Map
L 08/24/2017 - 18:34:23: [umc-core.smx] Setting nextmap to: emp_fogtown_cl2_fix
L 08/24/2017 - 18:34:23: [umc-randomcycle.smx] Disabling random nextmap selection.
L 08/24/2017 - 18:34:23: [umc-core.smx] umc-emp-mapvote.smx: Changing map to 'emp_fogtown_cl2_fix' in 5 seconds.
L 08/24/2017 - 18:34:23: [umc-core.smx] MAPVOTE: Players voted for map 'emp_fogtown_cl2_fix' from group 'Infantry Maps'
L 08/24/2017 - 18:34:29: [umc-core.smx] ---------------------MAP CHANGE: emp_fogtown_cl2_fix---------------------
L 08/24/2017 - 18:34:29: [umc-endvote-warnings.smx] Successfully parsed and set up 11 vote warnings.
L 08/24/2017 - 18:34:29: [umc-playercountmonitor.smx] Min Players: 0, Max Players: 20
L 08/24/2017 - 18:34:29: [umc-playercountmonitor.smx] Server will begin watching for inproper number of players in 240 seconds.
L 08/24/2017 - 18:34:29: [umc-rockthevote.smx] RTV will be made available in 60 seconds.
L 08/24/2017 - 18:35:30: [umc-rockthevote.smx] RTV is now available.
L 08/24/2017 - 18:38:29: [umc-playercountmonitor.smx] Server is now watching for inproper number of players.
L 08/24/2017 - 19:18:22: [umc-emp-mapvote.smx] Map vote will appear in 30 seconds.
L 08/24/2017 - 19:18:52: [umc-emp-mapvote.smx] Starting a map vote.
L 08/24/2017 - 19:18:52: [umc-core.smx] Initiating Vote Type: Map
L 08/24/2017 - 19:19:22: [umc-core.smx] Setting nextmap to: emp_blast_ob1
L 08/24/2017 - 19:19:22: [umc-randomcycle.smx] Disabling random nextmap selection.
L 08/24/2017 - 19:19:22: [umc-core.smx] umc-emp-mapvote.smx: Changing map to 'emp_blast_ob1' in 5 seconds.
L 08/24/2017 - 19:19:22: [umc-core.smx] MAPVOTE: Players voted for map 'emp_blast_ob1' from group 'Infantry Maps'
L 08/24/2017 - 19:19:28: [umc-core.smx] ---------------------MAP CHANGE: emp_blast_ob1---------------------
L 08/24/2017 - 19:19:28: [umc-endvote-warnings.smx] Successfully parsed and set up 11 vote warnings.
L 08/24/2017 - 19:19:28: [umc-playercountmonitor.smx] Min Players: 0, Max Players: 20
L 08/24/2017 - 19:19:28: [umc-playercountmonitor.smx] Server will begin watching for inproper number of players in 240 seconds.
L 08/24/2017 - 19:19:28: [umc-rockthevote.smx] RTV will be made available in 60 seconds.
L 08/24/2017 - 19:20:29: [umc-rockthevote.smx] RTV is now available.
L 08/24/2017 - 19:23:28: [umc-playercountmonitor.smx] Server is now watching for inproper number of players.
L 08/24/2017 - 19:32:18: [umc-emp-mapvote.smx] Map vote will appear in 30 seconds.
L 08/24/2017 - 19:32:48: [umc-emp-mapvote.smx] Starting a map vote.
L 08/24/2017 - 19:32:48: [umc-core.smx] Initiating Vote Type: Map
L 08/24/2017 - 19:33:18: [umc-core.smx] Setting nextmap to: emp_crossroads
L 08/24/2017 - 19:33:18: [umc-randomcycle.smx] Disabling random nextmap selection.
L 08/24/2017 - 19:33:18: [umc-core.smx] umc-emp-mapvote.smx: Changing map to 'emp_crossroads' in 5 seconds.
L 08/24/2017 - 19:33:18: [umc-core.smx] MAPVOTE: Players voted for map 'emp_crossroads' from group 'Commander Maps'
L 08/24/2017 - 19:33:25: [umc-core.smx] ---------------------MAP CHANGE: emp_crossroads---------------------
L 08/24/2017 - 19:33:25: [umc-endvote-warnings.smx] Successfully parsed and set up 11 vote warnings.
L 08/24/2017 - 19:33:25: [umc-playercountmonitor.smx] Min Players: 0, Max Players: 22
L 08/24/2017 - 19:33:25: [umc-playercountmonitor.smx] Server will begin watching for inproper number of players in 240 seconds.
L 08/24/2017 - 19:33:25: [umc-rockthevote.smx] RTV will be made available in 60 seconds.
L 08/24/2017 - 19:34:27: [umc-rockthevote.smx] RTV is now available.
L 08/24/2017 - 19:37:26: [umc-playercountmonitor.smx] Server is now watching for inproper number of players.
L 08/24/2017 - 20:46:33: [umc-emp-mapvote.smx] Map vote will appear in 30 seconds.
L 08/24/2017 - 20:47:03: [umc-emp-mapvote.smx] Starting a map vote.
L 08/24/2017 - 20:47:03: [umc-core.smx] Initiating Vote Type: Map
L 08/24/2017 - 20:47:34: [umc-core.smx] Setting nextmap to: emp_downfall
L 08/24/2017 - 20:47:34: [umc-randomcycle.smx] Disabling random nextmap selection.
L 08/24/2017 - 20:47:34: [umc-core.smx] umc-emp-mapvote.smx: Changing map to 'emp_downfall' in 5 seconds.
L 08/24/2017 - 20:47:34: [umc-core.smx] MAPVOTE: Players voted for map 'emp_downfall' from group 'Commander Maps'
L 08/24/2017 - 20:47:39: [umc-core.smx] ---------------------MAP CHANGE: emp_downfall---------------------
L 08/24/2017 - 20:47:39: [umc-endvote-warnings.smx] Successfully parsed and set up 11 vote warnings.
L 08/24/2017 - 20:47:39: [umc-playercountmonitor.smx] Min Players: 0, Max Players: 22
L 08/24/2017 - 20:47:39: [umc-playercountmonitor.smx] Server will begin watching for inproper number of players in 240 seconds.
L 08/24/2017 - 20:47:39: [umc-rockthevote.smx] RTV will be made available in 60 seconds.
L 08/24/2017 - 20:48:41: [umc-rockthevote.smx] RTV is now available.
L 08/24/2017 - 20:51:40: [umc-playercountmonitor.smx] Server is now watching for inproper number of players.
L 08/24/2017 - 21:34:24: [umc-emp-mapvote.smx] Map vote will appear in 30 seconds.
L 08/24/2017 - 21:34:54: [umc-emp-mapvote.smx] Starting a map vote.
L 08/24/2017 - 21:34:54: [umc-core.smx] Initiating Vote Type: Map
L 08/24/2017 - 21:35:25: [umc-core.smx] Setting nextmap to: emp_drygulch_a6
L 08/24/2017 - 21:35:25: [umc-randomcycle.smx] Disabling random nextmap selection.
L 08/24/2017 - 21:35:25: [umc-core.smx] umc-emp-mapvote.smx: Changing map to 'emp_drygulch_a6' in 5 seconds.
L 08/24/2017 - 21:35:25: [umc-core.smx] MAPVOTE: Players voted for map 'emp_drygulch_a6' from group 'Commander Maps'
L 08/24/2017 - 21:35:36: [umc-core.smx] ---------------------MAP CHANGE: emp_drygulch_a6---------------------
L 08/24/2017 - 21:35:36: [umc-endvote-warnings.smx] Successfully parsed and set up 11 vote warnings.
L 08/24/2017 - 21:35:36: [umc-playercountmonitor.smx] Min Players: 0, Max Players: 22
L 08/24/2017 - 21:35:36: [umc-playercountmonitor.smx] Server will begin watching for inproper number of players in 240 seconds.
L 08/24/2017 - 21:35:36: [umc-rockthevote.smx] RTV will be made available in 60 seconds.
L 08/24/2017 - 21:36:37: [umc-rockthevote.smx] RTV is now available.
L 08/24/2017 - 21:39:36: [umc-playercountmonitor.smx] Server is now watching for inproper number of players.
L 08/24/2017 - 22:40:05: [umc-emp-mapvote.smx] Map vote will appear in 30 seconds.
L 08/24/2017 - 22:40:35: [umc-emp-mapvote.smx] Starting a map vote.
L 08/24/2017 - 22:40:35: [umc-core.smx] Initiating Vote Type: Map
L 08/24/2017 - 22:40:35: [umc-emp-mapvote.smx] Could not start UMC vote.
L 08/24/2017 - 22:40:35: [umc-emp-mapvote.smx] WARNING: Map Voting failure. Initiating random map fail-safe.
L 08/24/2017 - 22:40:35: [umc-core.smx] Setting nextmap to: emp_nuclear_b8u_xfix
L 08/24/2017 - 22:40:35: [umc-randomcycle.smx] Disabling random nextmap selection.
L 08/24/2017 - 22:40:35: [umc-core.smx] umc-emp-mapvote.smx: Changing map to 'emp_nuclear_b8u_xfix' in 5 seconds.
L 08/24/2017 - 22:40:43: [umc-core.smx] ---------------------MAP CHANGE: emp_nuclear_b8u_xfix---------------------
L 08/24/2017 - 22:40:43: [umc-endvote-warnings.smx] Successfully parsed and set up 11 vote warnings.
L 08/24/2017 - 22:40:43: [umc-playercountmonitor.smx] Min Players: 4, Max Players: 20
L 08/24/2017 - 22:40:43: [umc-playercountmonitor.smx] Server will begin watching for inproper number of players in 240 seconds.
L 08/24/2017 - 22:40:43: [umc-rockthevote.smx] RTV will be made available in 60 seconds.
L 08/24/2017 - 22:41:44: [umc-rockthevote.smx] RTV is now available.
L 08/24/2017 - 22:44:43: [umc-playercountmonitor.smx] Server is now watching for inproper number of players.
L 08/24/2017 - 23:00:31: [umc-emp-mapvote.smx] Map vote will appear in 30 seconds.
L 08/24/2017 - 23:01:01: [umc-emp-mapvote.smx] Starting a map vote.
L 08/24/2017 - 23:01:01: [umc-core.smx] Initiating Vote Type: Map
L 08/24/2017 - 23:01:31: [umc-core.smx] Setting nextmap to: emp_beachfront_b2
L 08/24/2017 - 23:01:31: [umc-randomcycle.smx] Disabling random nextmap selection.
L 08/24/2017 - 23:01:31: [umc-core.smx] umc-emp-mapvote.smx: Changing map to 'emp_beachfront_b2' in 5 seconds.
L 08/24/2017 - 23:01:31: [umc-core.smx] MAPVOTE: Players voted for map 'emp_beachfront_b2' from group 'Commander Maps'
L 08/24/2017 - 23:01:36: [umc-rockthevote.smx] Starting RTV.
L 08/24/2017 - 23:01:38: [umc-core.smx] ---------------------MAP CHANGE: emp_beachfront_b2---------------------
L 08/24/2017 - 23:01:38: [umc-endvote-warnings.smx] Successfully parsed and set up 11 vote warnings.
L 08/24/2017 - 23:01:38: [umc-playercountmonitor.smx] Min Players: 0, Max Players: 22
L 08/24/2017 - 23:01:38: [umc-playercountmonitor.smx] Server will begin watching for inproper number of players in 240 seconds.
L 08/24/2017 - 23:01:38: [umc-rockthevote.smx] RTV will be made available in 60 seconds.
L 08/24/2017 - 23:02:39: [umc-rockthevote.smx] RTV is now available.
L 08/24/2017 - 23:05:38: [umc-playercountmonitor.smx] Server is now watching for inproper number of players.
L 08/24/2017 - 23:45:29: [umc-emp-mapvote.smx] Map vote will appear in 30 seconds.
L 08/24/2017 - 23:45:40: [umc-rockthevote.smx] Starting RTV.
L 08/24/2017 - 23:45:40: [umc-core.smx] Initiating Vote Type: Map
L 08/24/2017 - 23:45:40: [umc-rockthevote.smx] Could not start UMC vote.
L 08/24/2017 - 23:45:59: [umc-emp-mapvote.smx] Starting a map vote.
L 08/24/2017 - 23:45:59: [umc-core.smx] Initiating Vote Type: Map
L 08/24/2017 - 23:45:59: [umc-emp-mapvote.smx] Could not start UMC vote.
L 08/24/2017 - 23:45:59: [umc-emp-mapvote.smx] WARNING: Map Voting failure. Initiating random map fail-safe.
L 08/24/2017 - 23:45:59: [umc-core.smx] Setting nextmap to: con_urbanchaos_fix
L 08/24/2017 - 23:45:59: [umc-randomcycle.smx] Disabling random nextmap selection.
L 08/24/2017 - 23:45:59: [umc-core.smx] umc-emp-mapvote.smx: Changing map to 'con_urbanchaos_fix' in 5 seconds.
L 08/24/2017 - 23:46:06: [umc-core.smx] ---------------------MAP CHANGE: con_urbanchaos_fix---------------------
L 08/24/2017 - 23:46:06: [umc-endvote-warnings.smx] Successfully parsed and set up 11 vote warnings.
L 08/24/2017 - 23:46:06: [umc-playercountmonitor.smx] Min Players: 0, Max Players: 20
L 08/24/2017 - 23:46:06: [umc-playercountmonitor.smx] Server will begin watching for inproper number of players in 240 seconds.
L 08/24/2017 - 23:46:06: [umc-rockthevote.smx] RTV will be made available in 60 seconds.
L 08/24/2017 - 23:47:08: [umc-rockthevote.smx] RTV is now available.
L 08/24/2017 - 23:50:07: [umc-playercountmonitor.smx] Server is now watching for inproper number of players.
