L 07/09/2018 - 00:28:01: [umc-emp-mapvote.smx] Map vote will appear in 30 seconds.
L 07/09/2018 - 00:28:17: [umc-nominate.smx] ScardyBob wants to nominate a map.
L 07/09/2018 - 00:28:17: [umc-core.smx] WARNING: Map "con_urbanchaos" does not exist on the server. (Group: "Infantry Maps")
L 07/09/2018 - 00:28:25: [umc-nominate.smx] ScardyBob has nominated 'emp_fuel_a3_2013_hce' from group 'Commander Maps'
L 07/09/2018 - 00:28:31: [umc-emp-mapvote.smx] Starting a map vote.
L 07/09/2018 - 00:28:31: [umc-core.smx] WARNING: Map "con_urbanchaos" does not exist on the server. (Group: "Infantry Maps")
L 07/09/2018 - 00:28:31: [umc-core.smx] VOTE MENU: (Verbose) Fetching 7 maps from group 'Commander Maps'
L 07/09/2018 - 00:28:31: [umc-core.smx] VOTE MENU: (Verbose) Nominated map 'emp_fuel_a3_2013_hce' from group 'Commander Maps' was added to the vote.
L 07/09/2018 - 00:28:31: [umc-core.smx] VOTE MENU: (Verbose) Finished parsing nominations for map group 'Commander Maps'
L 07/09/2018 - 00:28:31: [umc-core.smx] VOTE MENU: (Verbose) Still need to fetch 6 maps from the group.
L 07/09/2018 - 00:28:31: [umc-core.smx] VOTE MENU: (Verbose) Selected map 'emp_massacred_rc1_hce' from group 'Commander Maps' was added to the vote.
L 07/09/2018 - 00:28:31: [umc-core.smx] VOTE MENU: (Verbose) Selected map 'emp_dune_ob1' from group 'Commander Maps' was added to the vote.
L 07/09/2018 - 00:28:31: [umc-core.smx] VOTE MENU: (Verbose) Selected map 'emp_mesa_d6_hce' from group 'Commander Maps' was added to the vote.
L 07/09/2018 - 00:28:31: [umc-core.smx] VOTE MENU: (Verbose) Selected map 'emp_temple_b3f' from group 'Commander Maps' was added to the vote.
L 07/09/2018 - 00:28:31: [umc-core.smx] VOTE MENU: (Verbose) Selected map 'emp_frozensummit_b2_2013_fix2' from group 'Commander Maps' was added to the vote.
L 07/09/2018 - 00:28:31: [umc-core.smx] VOTE MENU: (Verbose) Selected map 'emp_ward_rc2' from group 'Commander Maps' was added to the vote.
L 07/09/2018 - 00:28:31: [umc-core.smx] VOTE MENU: (Verbose) Fetching 1 maps from group 'Infantry Maps'
L 07/09/2018 - 00:28:31: [umc-core.smx] VOTE MENU: (Verbose) Finished parsing nominations for map group 'Infantry Maps'
L 07/09/2018 - 00:28:31: [umc-core.smx] VOTE MENU: (Verbose) Still need to fetch 1 maps from the group.
L 07/09/2018 - 00:28:31: [umc-core.smx] VOTE MENU: (Verbose) No more maps in map group 'Infantry Maps'
L 07/09/2018 - 00:28:31: [umc-core.smx] VOTE MENU: (Verbose) Fetching 0 maps from group 'Cooldown Maps'
L 07/09/2018 - 00:28:31: [umc-core.smx] VOTE MENU: (Verbose) Finished parsing nominations for map group 'Cooldown Maps'
L 07/09/2018 - 00:28:31: [umc-core.smx] Initiating Vote Type: Map
L 07/09/2018 - 00:28:31: [umc-core.smx] Adding Clients to Vote:
L 07/09/2018 - 00:28:31: [umc-core.smx] 0: Spyer (2)
L 07/09/2018 - 00:28:31: [umc-core.smx] 1: V1RU58E9 (3)
L 07/09/2018 - 00:28:31: [umc-core.smx] 2: Mr. X. (4)
L 07/09/2018 - 00:28:31: [umc-core.smx] 3: Griffin One Two (6)
L 07/09/2018 - 00:28:31: [umc-core.smx] 4: PYA (7)
L 07/09/2018 - 00:28:31: [umc-core.smx] 5: Big Boss BigTeef (8)
L 07/09/2018 - 00:28:31: [umc-core.smx] 6: Quigon (9)
L 07/09/2018 - 00:28:31: [umc-core.smx] 7: object™ (10)
L 07/09/2018 - 00:28:31: [umc-core.smx] 8: Grave (11)
L 07/09/2018 - 00:28:31: [umc-core.smx] 9: Steve_[UK] (12)
L 07/09/2018 - 00:28:31: [umc-core.smx] 10: =F= MrBlueSky (13)
L 07/09/2018 - 00:28:31: [umc-core.smx] 11: Sir.DieALot (14)
L 07/09/2018 - 00:28:31: [umc-core.smx] 12: Mikleo (15)
L 07/09/2018 - 00:28:31: [umc-core.smx] 13: Oktay (16)
L 07/09/2018 - 00:28:31: [umc-core.smx] 14: .|Ϟ|. Spike (17)
L 07/09/2018 - 00:28:31: [umc-core.smx] 15: ScardyBob (18)
L 07/09/2018 - 00:28:31: [umc-core.smx] 16: Misfire! (19)
L 07/09/2018 - 00:28:31: [umc-core.smx] 17: Señor_Awesome (20)
L 07/09/2018 - 00:28:31: [umc-core.smx] 18: Allready (voice-chat off) (21)
L 07/09/2018 - 00:28:31: [umc-core.smx] 19: TacticalMoonDiaper (23)
L 07/09/2018 - 00:28:31: [umc-core.smx] 20: =[KXIC]= yusundur (24)
L 07/09/2018 - 00:28:31: [umc-core.smx] 21: POOTISMAN (26)
L 07/09/2018 - 00:28:31: [umc-core.smx] 22: Dragolich (28)
L 07/09/2018 - 00:28:31: [umc-core.smx] 23: Triad (29)
L 07/09/2018 - 00:28:31: [umc-core.smx] 24: FMI (31)
L 07/09/2018 - 00:28:31: [umc-core.smx] 25: =[KXIC]= The Blue Baron (32)
L 07/09/2018 - 00:28:31: [umc-core.smx] 26: Solace (33)
L 07/09/2018 - 00:28:31: [umc-core.smx] 27: Justkidding (FutureFunk) (34)
L 07/09/2018 - 00:28:31: [umc-core.smx] 28: Kaene (35)
L 07/09/2018 - 00:28:31: [umc-core.smx] VOTE MENU:
L 07/09/2018 - 00:28:31: [umc-core.smx] 2: emp_dune (0)
L 07/09/2018 - 00:28:31: [umc-core.smx] 3: emp_mesa (1)
L 07/09/2018 - 00:28:31: [umc-core.smx] 4: emp_ward (2)
L 07/09/2018 - 00:28:31: [umc-core.smx] 5: emp_fuel (3)
L 07/09/2018 - 00:28:31: [umc-core.smx] 6: emp_frozensummit (4)
L 07/09/2018 - 00:28:31: [umc-core.smx] 7: emp_temple (5)
L 07/09/2018 - 00:28:31: [umc-core.smx] 8: emp_massacred (6)
L 07/09/2018 - 00:28:33: [umc-core.smx] Mr. X.<67><[U:1:27106968]><> selected menu item 2
L 07/09/2018 - 00:28:34: [umc-core.smx] Oktay<72><[U:1:116496292]><> selected menu item 2
L 07/09/2018 - 00:28:35: [umc-core.smx] =[KXIC]= yusundur<69><[U:1:18257170]><> selected menu item 1
L 07/09/2018 - 00:28:36: [umc-core.smx] Grave<36><[U:1:34977414]><> selected menu item 2
L 07/09/2018 - 00:28:37: [umc-core.smx] Misfire!<85><[U:1:146071390]><> selected menu item 2
L 07/09/2018 - 00:28:37: [umc-core.smx] object™<17><[U:1:1221009]><> selected menu item 7
L 07/09/2018 - 00:28:38: [umc-core.smx] Quigon<88><[U:1:5653485]><> selected menu item 6
L 07/09/2018 - 00:28:39: [umc-core.smx] POOTISMAN<61><[U:1:26527408]><> selected menu item 4
L 07/09/2018 - 00:28:40: [umc-core.smx] Triad<74><[U:1:33877906]><> selected menu item 2
L 07/09/2018 - 00:28:41: [umc-core.smx] Big Boss BigTeef<83><[U:1:19757187]><> selected menu item 3
L 07/09/2018 - 00:28:42: [umc-core.smx] ScardyBob<68><[U:1:21571057]><> selected menu item 5
L 07/09/2018 - 00:28:48: [umc-core.smx] Mikleo<89><[U:1:376259319]><> selected menu item 6
L 07/09/2018 - 00:28:55: [umc-core.smx] PYA<84><[U:1:35045005]><> selected menu item 7
L 07/09/2018 - 00:29:02: [umc-core.smx] RUNOFF MENU: (Verbose) Building runoff vote menu.
L 07/09/2018 - 00:29:02: [umc-core.smx] RUNOFF MENU: (Verbose) 'emp_frozensummit' was removed from the vote. It had 1 votes (8 of total)
L 07/09/2018 - 00:29:02: [umc-core.smx] RUNOFF MENU: (Verbose) 'emp_ward' was removed from the vote. It had 1 votes (8 of total)
L 07/09/2018 - 00:29:02: [umc-core.smx] RUNOFF MENU: (Verbose) 'emp_fuel' was removed from the vote. It had 1 votes (8 of total)
L 07/09/2018 - 00:29:02: [umc-core.smx] RUNOFF MENU: (Verbose) 'emp_temple' was removed from the vote. It had 2 votes (16 of total)
L 07/09/2018 - 00:29:02: [umc-core.smx] RUNOFF MENU: (Verbose) Stopped removing options from the vote. Maximum possible winning vote percentage is 83%
L 07/09/2018 - 00:29:02: [umc-core.smx] Vote has concluded.
L 07/09/2018 - 00:29:10: [umc-core.smx] RUNOFF: Starting runoff vote.
L 07/09/2018 - 00:29:10: [umc-core.smx] Initiating Vote Type: Map
L 07/09/2018 - 00:29:10: [umc-core.smx] Adding Clients to Vote:
L 07/09/2018 - 00:29:10: [umc-core.smx] 0: Spyer (2)
L 07/09/2018 - 00:29:10: [umc-core.smx] 1: V1RU58E9 (3)
L 07/09/2018 - 00:29:10: [umc-core.smx] 2: Mr. X. (4)
L 07/09/2018 - 00:29:10: [umc-core.smx] 3: Griffin One Two (6)
L 07/09/2018 - 00:29:10: [umc-core.smx] 4: PYA (7)
L 07/09/2018 - 00:29:10: [umc-core.smx] 5: Big Boss BigTeef (8)
L 07/09/2018 - 00:29:10: [umc-core.smx] 6: Quigon (9)
L 07/09/2018 - 00:29:10: [umc-core.smx] 7: object™ (10)
L 07/09/2018 - 00:29:10: [umc-core.smx] 8: Grave (11)
L 07/09/2018 - 00:29:10: [umc-core.smx] 9: Steve_[UK] (12)
L 07/09/2018 - 00:29:10: [umc-core.smx] 11: Sir.DieALot (14)
L 07/09/2018 - 00:29:10: [umc-core.smx] 12: Mikleo (15)
L 07/09/2018 - 00:29:10: [umc-core.smx] 13: Oktay (16)
L 07/09/2018 - 00:29:10: [umc-core.smx] 14: .|Ϟ|. Spike (17)
L 07/09/2018 - 00:29:10: [umc-core.smx] 15: ScardyBob (18)
L 07/09/2018 - 00:29:10: [umc-core.smx] 16: Misfire! (19)
L 07/09/2018 - 00:29:10: [umc-core.smx] 17: Señor_Awesome (20)
L 07/09/2018 - 00:29:10: [umc-core.smx] 18: Allready (voice-chat off) (21)
L 07/09/2018 - 00:29:10: [umc-core.smx] 19: TacticalMoonDiaper (23)
L 07/09/2018 - 00:29:10: [umc-core.smx] 21: POOTISMAN (26)
L 07/09/2018 - 00:29:10: [umc-core.smx] 22: Dragolich (28)
L 07/09/2018 - 00:29:10: [umc-core.smx] 23: Triad (29)
L 07/09/2018 - 00:29:10: [umc-core.smx] 24: FMI (31)
L 07/09/2018 - 00:29:10: [umc-core.smx] 25: =[KXIC]= The Blue Baron (32)
L 07/09/2018 - 00:29:10: [umc-core.smx] 26: Solace (33)
L 07/09/2018 - 00:29:10: [umc-core.smx] 27: Justkidding (FutureFunk) (34)
L 07/09/2018 - 00:29:10: [umc-core.smx] 28: Kaene (35)
L 07/09/2018 - 00:29:10: [umc-core.smx] VOTE MENU:
L 07/09/2018 - 00:29:10: [umc-core.smx] 2: emp_mesa (1)
L 07/09/2018 - 00:29:10: [umc-core.smx] 3: emp_massacred (6)
L 07/09/2018 - 00:29:11: [umc-core.smx] Oktay<72><[U:1:116496292]><> selected menu item 1
L 07/09/2018 - 00:29:11: [umc-core.smx] ScardyBob<68><[U:1:21571057]><> selected menu item 2
L 07/09/2018 - 00:29:12: [umc-core.smx] Mr. X.<67><[U:1:27106968]><> selected menu item 1
L 07/09/2018 - 00:29:12: [umc-core.smx] Grave<36><[U:1:34977414]><> selected menu item 1
L 07/09/2018 - 00:29:13: [umc-core.smx] object™<17><[U:1:1221009]><> selected menu item 2
L 07/09/2018 - 00:29:14: [umc-core.smx] Steve_[UK]<28><[U:1:7600510]><> selected menu item 2
L 07/09/2018 - 00:29:14: [umc-core.smx] Triad<74><[U:1:33877906]><> selected menu item 1
L 07/09/2018 - 00:29:16: [umc-core.smx] Allready (voice-chat off)<87><[U:1:41513856]><> selected menu item 1
L 07/09/2018 - 00:29:16: [umc-core.smx] .|Ϟ|. Spike<32><[U:1:39029790]><> selected menu item 2
L 07/09/2018 - 00:29:21: [umc-core.smx] POOTISMAN<61><[U:1:26527408]><> selected menu item 2
L 07/09/2018 - 00:29:23: [umc-core.smx] PYA<84><[U:1:35045005]><> selected menu item 2
L 07/09/2018 - 00:29:24: [umc-core.smx] Quigon<88><[U:1:5653485]><> selected menu item 2
L 07/09/2018 - 00:29:27: [umc-core.smx] Mikleo<89><[U:1:376259319]><> selected menu item 2
L 07/09/2018 - 00:29:40: [umc-core.smx] V1RU58E9<53><[U:1:247428675]><> selected menu item 2
L 07/09/2018 - 00:29:40: [umc-core.smx] Setting nextmap to: emp_massacred_rc1_hce
L 07/09/2018 - 00:29:40: [umc-randomcycle.smx] Disabling random nextmap selection.
L 07/09/2018 - 00:29:40: [umc-core.smx] umc-emp-mapvote.smx: Changing map to 'emp_massacred_rc1_hce' in 5 seconds.
L 07/09/2018 - 00:29:40: [umc-core.smx] MAPVOTE: Players voted for map 'emp_massacred_rc1_hce' from group 'Commander Maps'
L 07/09/2018 - 00:29:40: [umc-core.smx] Vote has concluded.
L 07/09/2018 - 00:29:46: [umc-rockthevote.smx] Starting RTV.
L 07/09/2018 - 00:29:49: [umc-core.smx] ---------------------MAP CHANGE: emp_massacred_rc1_hce---------------------
L 07/09/2018 - 00:29:49: [umc-endvote-warnings.smx] Successfully parsed and set up 11 vote warnings.
L 07/09/2018 - 00:29:49: [umc-rockthevote.smx] RTV will be made available in 60 seconds.
L 07/09/2018 - 00:30:50: [umc-rockthevote.smx] RTV is now available.
L 07/09/2018 - 00:32:48: [umc-nominate.smx] ScardyBob wants to nominate a map.
L 07/09/2018 - 00:32:48: [umc-core.smx] WARNING: Map "con_urbanchaos" does not exist on the server. (Group: "Infantry Maps")
L 07/09/2018 - 00:33:04: [umc-nominate.smx] ScardyBob has nominated 'emp_snowstorm_rc6' from group 'Commander Maps'
L 07/09/2018 - 00:33:11: [umc-nominate.smx] Quigon wants to nominate a map.
L 07/09/2018 - 00:33:11: [umc-core.smx] WARNING: Map "con_urbanchaos" does not exist on the server. (Group: "Infantry Maps")
L 07/09/2018 - 00:33:16: [umc-nominate.smx] Quigon has nominated 'emp_homeland_b9_hce' from group 'Commander Maps'
L 07/09/2018 - 00:33:23: [umc-nominate.smx] Oktay wants to nominate a map.
L 07/09/2018 - 00:33:23: [umc-core.smx] WARNING: Map "con_urbanchaos" does not exist on the server. (Group: "Infantry Maps")
L 07/09/2018 - 00:33:34: [umc-core.smx] WARNING: Map "con_urbanchaos" does not exist on the server. (Group: "Infantry Maps")
L 07/09/2018 - 01:07:55: [umc-emp-mapvote.smx] Map vote will appear in 30 seconds.
L 07/09/2018 - 01:08:25: [umc-emp-mapvote.smx] Starting a map vote.
L 07/09/2018 - 01:08:25: [umc-core.smx] WARNING: Map "con_urbanchaos" does not exist on the server. (Group: "Infantry Maps")
L 07/09/2018 - 01:08:25: [umc-core.smx] VOTE MENU: (Verbose) Fetching 7 maps from group 'Commander Maps'
L 07/09/2018 - 01:08:25: [umc-core.smx] VOTE MENU: (Verbose) Nominated map 'emp_snowstorm_rc6' from group 'Commander Maps' was added to the vote.
L 07/09/2018 - 01:08:25: [umc-core.smx] VOTE MENU: (Verbose) Nominated map 'emp_homeland_b9_hce' from group 'Commander Maps' was added to the vote.
L 07/09/2018 - 01:08:25: [umc-core.smx] VOTE MENU: (Verbose) Finished parsing nominations for map group 'Commander Maps'
L 07/09/2018 - 01:08:25: [umc-core.smx] VOTE MENU: (Verbose) Still need to fetch 5 maps from the group.
L 07/09/2018 - 01:08:25: [umc-core.smx] VOTE MENU: (Verbose) Selected map 'emp_research_1_2_2013' from group 'Commander Maps' was added to the vote.
L 07/09/2018 - 01:08:25: [umc-core.smx] VOTE MENU: (Verbose) Selected map 'emp_dune_ob1' from group 'Commander Maps' was added to the vote.
L 07/09/2018 - 01:08:25: [umc-core.smx] VOTE MENU: (Verbose) Selected map 'emp_streetsoffire_fix' from group 'Commander Maps' was added to the vote.
L 07/09/2018 - 01:08:25: [umc-core.smx] VOTE MENU: (Verbose) Selected map 'emp_flat_hce' from group 'Commander Maps' was added to the vote.
L 07/09/2018 - 01:08:25: [umc-core.smx] VOTE MENU: (Verbose) Selected map 'emp_smokies_rc2_hce' from group 'Commander Maps' was added to the vote.
L 07/09/2018 - 01:08:25: [umc-core.smx] VOTE MENU: (Verbose) Fetching 1 maps from group 'Infantry Maps'
L 07/09/2018 - 01:08:25: [umc-core.smx] VOTE MENU: (Verbose) Finished parsing nominations for map group 'Infantry Maps'
L 07/09/2018 - 01:08:25: [umc-core.smx] VOTE MENU: (Verbose) Still need to fetch 1 maps from the group.
L 07/09/2018 - 01:08:25: [umc-core.smx] VOTE MENU: (Verbose) No more maps in map group 'Infantry Maps'
L 07/09/2018 - 01:08:25: [umc-core.smx] VOTE MENU: (Verbose) Fetching 0 maps from group 'Cooldown Maps'
L 07/09/2018 - 01:08:25: [umc-core.smx] VOTE MENU: (Verbose) Finished parsing nominations for map group 'Cooldown Maps'
L 07/09/2018 - 01:08:25: [umc-core.smx] Initiating Vote Type: Map
L 07/09/2018 - 01:08:25: [umc-core.smx] Adding Clients to Vote:
L 07/09/2018 - 01:08:25: [umc-core.smx] 0: Spyer (2)
L 07/09/2018 - 01:08:25: [umc-core.smx] 1: V1RU58E9 (3)
L 07/09/2018 - 01:08:25: [umc-core.smx] 2: Mr. X. (4)
L 07/09/2018 - 01:08:25: [umc-core.smx] 3: CrazyMRANZ (5)
L 07/09/2018 - 01:08:25: [umc-core.smx] 4: Griffin One Two (6)
L 07/09/2018 - 01:08:25: [umc-core.smx] 5: PYA (7)
L 07/09/2018 - 01:08:25: [umc-core.smx] 6: Saber Artoria (8)
L 07/09/2018 - 01:08:25: [umc-core.smx] 7: Quigon (9)
L 07/09/2018 - 01:08:25: [umc-core.smx] 8: object™ (10)
L 07/09/2018 - 01:08:25: [umc-core.smx] 9: Grave (11)
L 07/09/2018 - 01:08:25: [umc-core.smx] 10: Steve_[UK] (12)
L 07/09/2018 - 01:08:25: [umc-core.smx] 11: Remcosplay™ (13)
L 07/09/2018 - 01:08:25: [umc-core.smx] 12: wonderjunior223 (14)
L 07/09/2018 - 01:08:25: [umc-core.smx] 13: Mikleo (15)
L 07/09/2018 - 01:08:25: [umc-core.smx] 14: .|Ϟ|. Spike (17)
L 07/09/2018 - 01:08:25: [umc-core.smx] 15: ScardyBob (18)
L 07/09/2018 - 01:08:25: [umc-core.smx] 16: Señor_Awesome (20)
L 07/09/2018 - 01:08:25: [umc-core.smx] 17: Allready (voice-chat off) (21)
L 07/09/2018 - 01:08:25: [umc-core.smx] 18: TacticalMoonDiaper (23)
L 07/09/2018 - 01:08:25: [umc-core.smx] 19: POOTISMAN (26)
L 07/09/2018 - 01:08:25: [umc-core.smx] 20: Dragolich (28)
L 07/09/2018 - 01:08:25: [umc-core.smx] 21: Triad (29)
L 07/09/2018 - 01:08:25: [umc-core.smx] 22: FMI (31)
L 07/09/2018 - 01:08:25: [umc-core.smx] 23: Solace (33)
L 07/09/2018 - 01:08:25: [umc-core.smx] VOTE MENU:
L 07/09/2018 - 01:08:25: [umc-core.smx] 2: emp_homeland (0)
L 07/09/2018 - 01:08:25: [umc-core.smx] 3: emp_research (1)
L 07/09/2018 - 01:08:25: [umc-core.smx] 4: emp_streetsoffire (2)
L 07/09/2018 - 01:08:25: [umc-core.smx] 5: emp_smokies (3)
L 07/09/2018 - 01:08:25: [umc-core.smx] 6: emp_dune (4)
L 07/09/2018 - 01:08:25: [umc-core.smx] 7: emp_flat (5)
L 07/09/2018 - 01:08:25: [umc-core.smx] 8: emp_snowstorm (6)
L 07/09/2018 - 01:08:29: [umc-core.smx] CrazyMRANZ<105><[U:1:42657167]><> selected menu item 1
L 07/09/2018 - 01:08:30: [umc-core.smx] Quigon<88><[U:1:5653485]><> selected menu item 1
L 07/09/2018 - 01:08:32: [umc-core.smx] Griffin One Two<27><[U:1:39016421]><> selected menu item 1
L 07/09/2018 - 01:08:33: [umc-core.smx] Spyer<20><[U:1:34143605]><> selected menu item 1
L 07/09/2018 - 01:08:33: [umc-nominate.smx] Allready (voice-chat off) wants to nominate a map.
L 07/09/2018 - 01:08:33: [umc-core.smx] WARNING: Map "con_urbanchaos" does not exist on the server. (Group: "Infantry Maps")
L 07/09/2018 - 01:08:34: [umc-core.smx] Saber Artoria<93><[U:1:241289173]><> selected menu item 1
L 07/09/2018 - 01:08:34: [umc-core.smx] Triad<74><[U:1:33877906]><> selected menu item 1
L 07/09/2018 - 01:08:36: [umc-core.smx] wonderjunior223<106><[U:1:486887272]><> selected menu item 7
L 07/09/2018 - 01:08:38: [umc-core.smx] object™<17><[U:1:1221009]><> selected menu item 7
L 07/09/2018 - 01:08:38: [umc-core.smx] Grave<36><[U:1:34977414]><> selected menu item 7
L 07/09/2018 - 01:08:39: [umc-core.smx] .|Ϟ|. Spike<32><[U:1:39029790]><> selected menu item 1
L 07/09/2018 - 01:08:40: [umc-core.smx] WARNING: Map "con_urbanchaos" does not exist on the server. (Group: "Infantry Maps")
L 07/09/2018 - 01:08:41: [umc-core.smx] POOTISMAN<61><[U:1:26527408]><> selected menu item 2
L 07/09/2018 - 01:08:44: [umc-core.smx] ScardyBob<68><[U:1:21571057]><> selected menu item 7
L 07/09/2018 - 01:08:49: [umc-core.smx] PYA<84><[U:1:35045005]><> selected menu item 1
L 07/09/2018 - 01:08:53: [umc-core.smx] Mr. X.<67><[U:1:27106968]><> selected menu item 7
L 07/09/2018 - 01:08:55: [umc-core.smx] Setting nextmap to: emp_homeland_b9_hce
L 07/09/2018 - 01:08:55: [umc-randomcycle.smx] Disabling random nextmap selection.
L 07/09/2018 - 01:08:55: [umc-core.smx] umc-emp-mapvote.smx: Changing map to 'emp_homeland_b9_hce' in 5 seconds.
L 07/09/2018 - 01:08:55: [umc-core.smx] MAPVOTE: Players voted for map 'emp_homeland_b9_hce' from group 'Commander Maps'
L 07/09/2018 - 01:08:55: [umc-core.smx] Vote has concluded.
L 07/09/2018 - 01:09:01: [umc-core.smx] ---------------------MAP CHANGE: emp_homeland_b9_hce---------------------
L 07/09/2018 - 01:09:01: [umc-endvote-warnings.smx] Successfully parsed and set up 11 vote warnings.
L 07/09/2018 - 01:09:01: [umc-rockthevote.smx] RTV will be made available in 60 seconds.
L 07/09/2018 - 01:10:02: [umc-rockthevote.smx] RTV is now available.
L 07/09/2018 - 01:11:41: [umc-rockthevote.smx] Starting RTV.
L 07/09/2018 - 01:11:41: [umc-core.smx] WARNING: Map "con_urbanchaos" does not exist on the server. (Group: "Infantry Maps")
L 07/09/2018 - 01:11:41: [umc-core.smx] VOTE MENU: (Verbose) Fetching 7 maps from group 'Commander Maps'
L 07/09/2018 - 01:11:41: [umc-core.smx] VOTE MENU: (Verbose) Finished parsing nominations for map group 'Commander Maps'
L 07/09/2018 - 01:11:41: [umc-core.smx] VOTE MENU: (Verbose) Still need to fetch 7 maps from the group.
L 07/09/2018 - 01:11:41: [umc-core.smx] VOTE MENU: (Verbose) Selected map 'emp_streetsoffire_fix' from group 'Commander Maps' was added to the vote.
L 07/09/2018 - 01:11:41: [umc-core.smx] VOTE MENU: (Verbose) Selected map 'emp_hazard_rc6' from group 'Commander Maps' was added to the vote.
L 07/09/2018 - 01:11:41: [umc-core.smx] VOTE MENU: (Verbose) Selected map 'emp_blah4_hce' from group 'Commander Maps' was added to the vote.
L 07/09/2018 - 01:11:41: [umc-core.smx] VOTE MENU: (Verbose) Selected map 'emp_snowstorm_rc6' from group 'Commander Maps' was added to the vote.
L 07/09/2018 - 01:11:41: [umc-core.smx] VOTE MENU: (Verbose) Selected map 'emp_traders_a8' from group 'Commander Maps' was added to the vote.
L 07/09/2018 - 01:11:41: [umc-core.smx] VOTE MENU: (Verbose) Selected map 'emp_crossroads_towerless_hce' from group 'Commander Maps' was added to the vote.
L 07/09/2018 - 01:11:41: [umc-core.smx] VOTE MENU: (Verbose) Selected map 'emp_research_1_2_2013' from group 'Commander Maps' was added to the vote.
L 07/09/2018 - 01:11:41: [umc-core.smx] VOTE MENU: (Verbose) Fetching 1 maps from group 'Infantry Maps'
L 07/09/2018 - 01:11:41: [umc-core.smx] VOTE MENU: (Verbose) Finished parsing nominations for map group 'Infantry Maps'
L 07/09/2018 - 01:11:41: [umc-core.smx] VOTE MENU: (Verbose) Still need to fetch 1 maps from the group.
L 07/09/2018 - 01:11:41: [umc-core.smx] VOTE MENU: (Verbose) Selected map 'emp_shadows_attacks_fix' from group 'Infantry Maps' was added to the vote.
L 07/09/2018 - 01:11:41: [umc-core.smx] VOTE MENU: (Verbose) Fetching 0 maps from group 'Cooldown Maps'
L 07/09/2018 - 01:11:41: [umc-core.smx] VOTE MENU: (Verbose) Finished parsing nominations for map group 'Cooldown Maps'
L 07/09/2018 - 01:11:41: [umc-core.smx] Initiating Vote Type: Map
L 07/09/2018 - 01:11:41: [umc-core.smx] Adding Clients to Vote:
L 07/09/2018 - 01:11:41: [umc-core.smx] 0: Spyer (2)
L 07/09/2018 - 01:11:41: [umc-core.smx] 1: Mr. X. (4)
L 07/09/2018 - 01:11:41: [umc-core.smx] 2: CrazyMRANZ (5)
L 07/09/2018 - 01:11:41: [umc-core.smx] 3: Griffin One Two (6)
L 07/09/2018 - 01:11:41: [umc-core.smx] 4: Quigon (9)
L 07/09/2018 - 01:11:41: [umc-core.smx] 5: object™ (10)
L 07/09/2018 - 01:11:41: [umc-core.smx] 6: Steve_[UK] (12)
L 07/09/2018 - 01:11:41: [umc-core.smx] 7: Remcosplay™ (13)
L 07/09/2018 - 01:11:41: [umc-core.smx] 8: wonderjunior223 (14)
L 07/09/2018 - 01:11:41: [umc-core.smx] 9: Señor_Awesome (20)
L 07/09/2018 - 01:11:41: [umc-core.smx] 10: TacticalMoonDiaper (23)
L 07/09/2018 - 01:11:41: [umc-core.smx] 11: POOTISMAN (26)
L 07/09/2018 - 01:11:41: [umc-core.smx] 12: Dragolich (28)
L 07/09/2018 - 01:11:41: [umc-core.smx] 13: FMI (31)
L 07/09/2018 - 01:11:41: [umc-core.smx] VOTE MENU:
L 07/09/2018 - 01:11:41: [umc-core.smx] 2: con_shadows_attacks (0)
L 07/09/2018 - 01:11:41: [umc-core.smx] 3: emp_blah4 (1)
L 07/09/2018 - 01:11:41: [umc-core.smx] 4: emp_crossroads (2)
L 07/09/2018 - 01:11:41: [umc-core.smx] 5: emp_streetsoffire (3)
L 07/09/2018 - 01:11:41: [umc-core.smx] 6: emp_research (4)
L 07/09/2018 - 01:11:41: [umc-core.smx] 7: emp_hazard (5)
L 07/09/2018 - 01:11:41: [umc-core.smx] 8: emp_traders (6)
L 07/09/2018 - 01:11:41: [umc-core.smx] 9: emp_snowstorm (7)
L 07/09/2018 - 01:11:45: [umc-core.smx] CrazyMRANZ<105><[U:1:42657167]><> selected menu item 3
L 07/09/2018 - 01:11:46: [umc-core.smx] Mr. X.<67><[U:1:27106968]><> selected menu item 1
L 07/09/2018 - 01:11:53: [umc-core.smx] object™<17><[U:1:1221009]><> selected menu item 3
L 07/09/2018 - 01:11:54: [umc-core.smx] TacticalMoonDiaper<46><[U:1:28347240]><> selected menu item 3
L 07/09/2018 - 01:11:59: [umc-core.smx] Griffin One Two<27><[U:1:39016421]><> selected menu item 3
L 07/09/2018 - 01:12:05: [umc-core.smx] Quigon<88><[U:1:5653485]><> selected menu item 4
L 07/09/2018 - 01:12:06: [umc-core.smx] Señor_Awesome<86><[U:1:34941040]><> selected menu item 1
L 07/09/2018 - 01:12:19: [umc-core.smx] wonderjunior223<106><[U:1:486887272]><> selected menu item 1
L 07/09/2018 - 01:12:23: [umc-core.smx] Quigon<88><[U:1:5653485]><> selected menu item 1
L 07/09/2018 - 01:12:42: [umc-core.smx] RUNOFF MENU: (Verbose) Building runoff vote menu.
L 07/09/2018 - 01:12:42: [umc-core.smx] RUNOFF MENU: (Verbose) Stopped removing options from the vote. Maximum possible winning vote percentage is 50%
L 07/09/2018 - 01:12:42: [umc-core.smx] Vote has concluded.
L 07/09/2018 - 01:12:50: [umc-core.smx] RUNOFF: Starting runoff vote.
L 07/09/2018 - 01:12:50: [umc-core.smx] Initiating Vote Type: Map
L 07/09/2018 - 01:12:50: [umc-core.smx] Adding Clients to Vote:
L 07/09/2018 - 01:12:50: [umc-core.smx] 0: Spyer (2)
L 07/09/2018 - 01:12:50: [umc-core.smx] 3: Griffin One Two (6)
L 07/09/2018 - 01:12:50: [umc-core.smx] 4: Quigon (9)
L 07/09/2018 - 01:12:50: [umc-core.smx] 5: object™ (10)
L 07/09/2018 - 01:12:50: [umc-core.smx] 6: Steve_[UK] (12)
L 07/09/2018 - 01:12:50: [umc-core.smx] 7: Remcosplay™ (13)
L 07/09/2018 - 01:12:50: [umc-core.smx] 8: wonderjunior223 (14)
L 07/09/2018 - 01:12:50: [umc-core.smx] 9: Señor_Awesome (20)
L 07/09/2018 - 01:12:50: [umc-core.smx] 10: TacticalMoonDiaper (23)
L 07/09/2018 - 01:12:50: [umc-core.smx] 11: POOTISMAN (26)
L 07/09/2018 - 01:12:50: [umc-core.smx] 12: Dragolich (28)
L 07/09/2018 - 01:12:50: [umc-core.smx] 13: FMI (31)
L 07/09/2018 - 01:12:50: [umc-core.smx] VOTE MENU:
L 07/09/2018 - 01:12:50: [umc-core.smx] 2: con_shadows_attacks (0)
L 07/09/2018 - 01:12:50: [umc-core.smx] 3: emp_crossroads (2)
L 07/09/2018 - 01:12:53: [umc-core.smx] Quigon<88><[U:1:5653485]><> selected menu item 1
L 07/09/2018 - 01:12:54: [umc-core.smx] Griffin One Two<27><[U:1:39016421]><> selected menu item 2
L 07/09/2018 - 01:12:59: [umc-core.smx] wonderjunior223<106><[U:1:486887272]><> selected menu item 1
L 07/09/2018 - 01:13:13: [umc-core.smx] object™<17><[U:1:1221009]><> selected menu item 2
L 07/09/2018 - 01:13:50: [umc-core.smx] Setting nextmap to: emp_crossroads_towerless_hce
L 07/09/2018 - 01:13:50: [umc-randomcycle.smx] Disabling random nextmap selection.
L 07/09/2018 - 01:13:50: [umc-core.smx] umc-rockthevote.smx: Changing map to 'emp_crossroads_towerless_hce' in 5 seconds.
L 07/09/2018 - 01:13:50: [umc-core.smx] MAPVOTE: Players voted for map 'emp_crossroads_towerless_hce' from group 'Commander Maps'
L 07/09/2018 - 01:13:50: [umc-core.smx] Vote has concluded.
L 07/09/2018 - 01:13:56: [umc-core.smx] ---------------------MAP CHANGE: emp_crossroads_towerless_hce---------------------
L 07/09/2018 - 01:13:56: [umc-endvote-warnings.smx] Successfully parsed and set up 11 vote warnings.
L 07/09/2018 - 01:13:56: [umc-rockthevote.smx] RTV will be made available in 60 seconds.
L 07/09/2018 - 01:14:57: [umc-rockthevote.smx] RTV is now available.
