L 12/10/2017 - 00:00:17: [umc-emp-mapvote.smx] Starting a map vote.
L 12/10/2017 - 00:00:17: [umc-core.smx] Initiating Vote Type: Map
L 12/10/2017 - 00:00:55: [umc-core.smx] RUNOFF: Starting runoff vote.
L 12/10/2017 - 00:00:55: [umc-core.smx] Initiating Vote Type: Map
L 12/10/2017 - 00:01:26: [umc-core.smx] Setting nextmap to: emp_silo_rc5_fix
L 12/10/2017 - 00:01:26: [umc-randomcycle.smx] Disabling random nextmap selection.
L 12/10/2017 - 00:01:26: [umc-core.smx] umc-emp-mapvote.smx: Changing map to 'emp_silo_rc5_fix' in 5 seconds.
L 12/10/2017 - 00:01:26: [umc-core.smx] MAPVOTE: Players voted for map 'emp_silo_rc5_fix' from group 'Commander Maps'
L 12/10/2017 - 00:01:32: [umc-core.smx] ---------------------MAP CHANGE: emp_silo_rc5_fix---------------------
L 12/10/2017 - 00:01:32: [umc-endvote-warnings.smx] Successfully parsed and set up 11 vote warnings.
L 12/10/2017 - 00:01:32: [umc-rockthevote.smx] RTV will be made available in 60 seconds.
L 12/10/2017 - 00:02:33: [umc-rockthevote.smx] RTV is now available.
L 12/10/2017 - 00:17:28: [umc-nominate.smx] Oktay wants to nominate a map.
L 12/10/2017 - 00:17:38: [umc-nominate.smx] Oktay has nominated 'emp_cyclopean' from group 'Commander Maps'
L 12/10/2017 - 00:24:54: [umc-emp-mapvote.smx] Map vote will appear in 30 seconds.
L 12/10/2017 - 00:25:02: [umc-nominate.smx] ScardyBob wants to nominate a map.
L 12/10/2017 - 00:25:08: [umc-nominate.smx] .|Ϟ|. Manu wants to nominate a map.
L 12/10/2017 - 00:25:09: [umc-nominate.smx] ScardyBob has nominated 'emp_isle' from group 'Commander Maps'
L 12/10/2017 - 00:25:13: [umc-nominate.smx] .|Ϟ|. Manu has nominated 'emp_canyon' from group 'Commander Maps'
L 12/10/2017 - 00:25:24: [umc-emp-mapvote.smx] Starting a map vote.
L 12/10/2017 - 00:25:24: [umc-core.smx] Initiating Vote Type: Map
L 12/10/2017 - 00:25:54: [umc-core.smx] Setting nextmap to: emp_mvalley_fix
L 12/10/2017 - 00:25:54: [umc-randomcycle.smx] Disabling random nextmap selection.
L 12/10/2017 - 00:25:54: [umc-core.smx] umc-emp-mapvote.smx: Changing map to 'emp_mvalley_fix' in 5 seconds.
L 12/10/2017 - 00:25:54: [umc-core.smx] MAPVOTE: Players voted for map 'emp_mvalley_fix' from group 'Commander Maps'
L 12/10/2017 - 00:26:00: [umc-core.smx] ---------------------MAP CHANGE: emp_mvalley_fix---------------------
L 12/10/2017 - 00:26:00: [umc-endvote-warnings.smx] Successfully parsed and set up 11 vote warnings.
L 12/10/2017 - 00:26:00: [umc-rockthevote.smx] RTV will be made available in 60 seconds.
L 12/10/2017 - 00:27:01: [umc-rockthevote.smx] RTV is now available.
L 12/10/2017 - 00:30:23: [umc-nominate.smx] Oktay wants to nominate a map.
L 12/10/2017 - 00:30:26: [umc-nominate.smx] Oktay has nominated 'emp_duststorm_fix2' from group 'Commander Maps'
L 12/10/2017 - 00:49:29: [umc-nominate.smx] Uninspired wants to nominate a map.
L 12/10/2017 - 00:49:38: [umc-emp-mapvote.smx] Map vote will appear in 30 seconds.
L 12/10/2017 - 00:49:57: [umc-nominate.smx] Uninspired wants to nominate a map.
L 12/10/2017 - 00:50:01: [umc-nominate.smx] ScardyBob wants to nominate a map.
L 12/10/2017 - 00:50:06: [umc-nominate.smx] ScardyBob has nominated 'emp_isle' from group 'Commander Maps'
L 12/10/2017 - 00:50:08: [umc-emp-mapvote.smx] Starting a map vote.
L 12/10/2017 - 00:50:08: [umc-core.smx] Initiating Vote Type: Map
L 12/10/2017 - 00:50:46: [umc-core.smx] RUNOFF: Starting runoff vote.
L 12/10/2017 - 00:50:46: [umc-core.smx] Initiating Vote Type: Map
L 12/10/2017 - 00:51:17: [umc-core.smx] Setting nextmap to: emp_isle
L 12/10/2017 - 00:51:17: [umc-randomcycle.smx] Disabling random nextmap selection.
L 12/10/2017 - 00:51:17: [umc-core.smx] umc-emp-mapvote.smx: Changing map to 'emp_isle' in 5 seconds.
L 12/10/2017 - 00:51:17: [umc-core.smx] MAPVOTE: Players voted for map 'emp_isle' from group 'Commander Maps'
L 12/10/2017 - 00:51:22: [umc-core.smx] ---------------------MAP CHANGE: emp_isle---------------------
L 12/10/2017 - 00:51:22: [umc-endvote-warnings.smx] Successfully parsed and set up 11 vote warnings.
L 12/10/2017 - 00:51:22: [umc-rockthevote.smx] RTV will be made available in 60 seconds.
L 12/10/2017 - 00:52:23: [umc-rockthevote.smx] RTV is now available.
L 12/10/2017 - 01:13:17: [umc-emp-mapvote.smx] Map vote will appear in 30 seconds.
L 12/10/2017 - 01:13:47: [umc-emp-mapvote.smx] Starting a map vote.
L 12/10/2017 - 01:13:47: [umc-core.smx] Initiating Vote Type: Map
L 12/10/2017 - 01:14:25: [umc-core.smx] RUNOFF: Starting runoff vote.
L 12/10/2017 - 01:14:25: [umc-core.smx] Initiating Vote Type: Map
L 12/10/2017 - 01:14:56: [umc-core.smx] Setting nextmap to: emp_mesa_d6
L 12/10/2017 - 01:14:56: [umc-randomcycle.smx] Disabling random nextmap selection.
L 12/10/2017 - 01:14:56: [umc-core.smx] umc-emp-mapvote.smx: Changing map to 'emp_mesa_d6' in 5 seconds.
L 12/10/2017 - 01:14:56: [umc-core.smx] MAPVOTE: Players voted for map 'emp_mesa_d6' from group 'Commander Maps'
L 12/10/2017 - 01:15:02: [umc-core.smx] ---------------------MAP CHANGE: emp_mesa_d6---------------------
L 12/10/2017 - 01:15:02: [umc-endvote-warnings.smx] Successfully parsed and set up 11 vote warnings.
L 12/10/2017 - 01:15:02: [umc-rockthevote.smx] RTV will be made available in 60 seconds.
L 12/10/2017 - 01:15:39: [umc-nominate.smx] Oktay wants to nominate a map.
L 12/10/2017 - 01:15:48: [umc-nominate.smx] .|Ϟ|. Quigon wants to nominate a map.
L 12/10/2017 - 01:16:00: [umc-nominate.smx] .|Ϟ|. Quigon has nominated 'emp_streetsoffire_fix' from group 'Commander Maps'
L 12/10/2017 - 01:16:03: [umc-rockthevote.smx] RTV is now available.
L 12/10/2017 - 01:42:42: [umc-nominate.smx] .|Ϟ|. Quigon wants to nominate a map.
L 12/10/2017 - 01:42:52: [umc-nominate.smx] .|Ϟ|. Quigon wants to nominate a map.
L 12/10/2017 - 01:42:53: [umc-emp-mapvote.smx] Map vote will appear in 30 seconds.
L 12/10/2017 - 01:42:55: [umc-nominate.smx] .|Ϟ|. Quigon has nominated 'emp_crossroads_towerless' from group 'Commander Maps'
L 12/10/2017 - 01:43:23: [umc-emp-mapvote.smx] Starting a map vote.
L 12/10/2017 - 01:43:23: [umc-core.smx] Initiating Vote Type: Map
L 12/10/2017 - 01:44:02: [umc-core.smx] RUNOFF: Starting runoff vote.
L 12/10/2017 - 01:44:02: [umc-core.smx] Initiating Vote Type: Map
L 12/10/2017 - 01:44:33: [umc-core.smx] Setting nextmap to: emp_crossroads_towerless
L 12/10/2017 - 01:44:33: [umc-randomcycle.smx] Disabling random nextmap selection.
L 12/10/2017 - 01:44:33: [umc-core.smx] umc-emp-mapvote.smx: Changing map to 'emp_crossroads_towerless' in 5 seconds.
L 12/10/2017 - 01:44:33: [umc-core.smx] MAPVOTE: Players voted for map 'emp_crossroads_towerless' from group 'Commander Maps'
L 12/10/2017 - 01:44:39: [umc-core.smx] ---------------------MAP CHANGE: emp_crossroads_towerless---------------------
L 12/10/2017 - 01:44:39: [umc-endvote-warnings.smx] Successfully parsed and set up 11 vote warnings.
L 12/10/2017 - 01:44:39: [umc-rockthevote.smx] RTV will be made available in 60 seconds.
L 12/10/2017 - 01:45:40: [umc-rockthevote.smx] RTV is now available.
L 12/10/2017 - 01:46:22: [umc-core.smx] ---------------------MAP CHANGE: as_crackdown_a6---------------------
L 12/10/2017 - 01:46:22: [umc-endvote-warnings.smx] Successfully parsed and set up 11 vote warnings.
L 12/10/2017 - 01:46:22: [umc-rockthevote.smx] RTV will be made available in 60 seconds.
L 12/10/2017 - 01:47:23: [umc-rockthevote.smx] RTV is now available.
L 12/10/2017 - 01:51:52: [umc-emp-mapvote.smx] Map vote will appear in 30 seconds.
L 12/10/2017 - 01:52:22: [umc-emp-mapvote.smx] Starting a map vote.
L 12/10/2017 - 01:52:22: [umc-core.smx] Initiating Vote Type: Map
L 12/10/2017 - 01:52:52: [umc-core.smx] Setting nextmap to: emp_drygulch_a6
L 12/10/2017 - 01:52:52: [umc-randomcycle.smx] Disabling random nextmap selection.
L 12/10/2017 - 01:52:52: [umc-core.smx] umc-emp-mapvote.smx: Changing map to 'emp_drygulch_a6' in 5 seconds.
L 12/10/2017 - 01:52:52: [umc-core.smx] MAPVOTE: Players voted for map 'emp_drygulch_a6' from group 'Commander Maps'
L 12/10/2017 - 01:52:59: [umc-core.smx] ---------------------MAP CHANGE: emp_drygulch_a6---------------------
L 12/10/2017 - 01:52:59: [umc-endvote-warnings.smx] Successfully parsed and set up 11 vote warnings.
L 12/10/2017 - 01:52:59: [umc-rockthevote.smx] RTV will be made available in 60 seconds.
L 12/10/2017 - 01:54:00: [umc-rockthevote.smx] RTV is now available.
L 12/10/2017 - 02:02:21: [umc-emp-mapvote.smx] Map vote will appear in 30 seconds.
L 12/10/2017 - 02:02:51: [umc-emp-mapvote.smx] Starting a map vote.
L 12/10/2017 - 02:02:51: [umc-core.smx] Initiating Vote Type: Map
L 12/10/2017 - 02:03:22: [umc-core.smx] Setting nextmap to: emp_beachfront_b2
L 12/10/2017 - 02:03:22: [umc-randomcycle.smx] Disabling random nextmap selection.
L 12/10/2017 - 02:03:22: [umc-core.smx] umc-emp-mapvote.smx: Changing map to 'emp_beachfront_b2' in 5 seconds.
L 12/10/2017 - 02:03:22: [umc-core.smx] MAPVOTE: Players voted for map 'emp_beachfront_b2' from group 'Commander Maps'
L 12/10/2017 - 02:03:27: [umc-core.smx] ---------------------MAP CHANGE: emp_beachfront_b2---------------------
L 12/10/2017 - 02:03:27: [umc-endvote-warnings.smx] Successfully parsed and set up 11 vote warnings.
L 12/10/2017 - 02:03:27: [umc-rockthevote.smx] RTV will be made available in 60 seconds.
L 12/10/2017 - 02:04:29: [umc-rockthevote.smx] RTV is now available.
L 12/10/2017 - 04:21:04: [umc-emp-mapvote.smx] Map vote will appear in 30 seconds.
L 12/10/2017 - 04:21:35: [umc-emp-mapvote.smx] Starting a map vote.
L 12/10/2017 - 04:21:35: [umc-core.smx] Initiating Vote Type: Map
L 12/10/2017 - 04:21:35: [umc-core.smx] Could not start core vote, no players to display vote to!
L 12/10/2017 - 04:21:35: [umc-emp-mapvote.smx] Could not start UMC vote.
L 12/10/2017 - 04:21:35: [umc-emp-mapvote.smx] WARNING: Map Voting failure. Initiating random map fail-safe.
L 12/10/2017 - 04:21:35: [umc-core.smx] Setting nextmap to: fun_ricochet_a3
L 12/10/2017 - 04:21:35: [umc-randomcycle.smx] Disabling random nextmap selection.
L 12/10/2017 - 04:21:35: [umc-core.smx] umc-emp-mapvote.smx: Changing map to 'fun_ricochet_a3' in 5 seconds.
L 12/10/2017 - 04:21:40: [umc-core.smx] ---------------------MAP CHANGE: fun_ricochet_a3---------------------
L 12/10/2017 - 04:21:40: [umc-endvote-warnings.smx] Successfully parsed and set up 11 vote warnings.
L 12/10/2017 - 04:21:40: [umc-rockthevote.smx] RTV will be made available in 60 seconds.
L 12/10/2017 - 04:22:41: [umc-rockthevote.smx] RTV is now available.
L 12/10/2017 - 17:53:01: [umc-core.smx] ---------------------MAP CHANGE: con_district402---------------------
L 12/10/2017 - 17:53:01: [umc-endvote-warnings.smx] Successfully parsed and set up 11 vote warnings.
L 12/10/2017 - 17:53:01: [umc-rockthevote.smx] RTV will be made available in 60 seconds.
L 12/10/2017 - 17:54:02: [umc-rockthevote.smx] RTV is now available.
