L 06/15/2018 - 01:58:35: [umc-emp-mapvote.smx] Map vote will appear in 30 seconds.
L 06/15/2018 - 01:59:05: [umc-emp-mapvote.smx] Starting a map vote.
L 06/15/2018 - 01:59:05: [umc-core.smx] VOTE MENU: (Verbose) Fetching 7 maps from group 'Commander Maps'
L 06/15/2018 - 01:59:05: [umc-core.smx] VOTE MENU: (Verbose) Finished parsing nominations for map group 'Commander Maps'
L 06/15/2018 - 01:59:05: [umc-core.smx] VOTE MENU: (Verbose) Still need to fetch 7 maps from the group.
L 06/15/2018 - 01:59:05: [umc-core.smx] VOTE MENU: (Verbose) Selected map 'emp_beachfront_b2_hce' from group 'Commander Maps' was added to the vote.
L 06/15/2018 - 01:59:05: [umc-core.smx] VOTE MENU: (Verbose) Selected map 'emp_drygulch_a7' from group 'Commander Maps' was added to the vote.
L 06/15/2018 - 01:59:05: [umc-core.smx] VOTE MENU: (Verbose) No more maps in map group 'Commander Maps'
L 06/15/2018 - 01:59:05: [umc-core.smx] VOTE MENU: (Verbose) Fetching 1 maps from group 'Infantry Maps'
L 06/15/2018 - 01:59:05: [umc-core.smx] VOTE MENU: (Verbose) Finished parsing nominations for map group 'Infantry Maps'
L 06/15/2018 - 01:59:05: [umc-core.smx] VOTE MENU: (Verbose) Still need to fetch 1 maps from the group.
L 06/15/2018 - 01:59:05: [umc-core.smx] VOTE MENU: (Verbose) Selected map 'con_glycencity' from group 'Infantry Maps' was added to the vote.
L 06/15/2018 - 01:59:05: [umc-core.smx] VOTE MENU: (Verbose) Fetching 0 maps from group 'Cooldown Maps'
L 06/15/2018 - 01:59:05: [umc-core.smx] VOTE MENU: (Verbose) Finished parsing nominations for map group 'Cooldown Maps'
L 06/15/2018 - 01:59:05: [umc-core.smx] Initiating Vote Type: Map
L 06/15/2018 - 01:59:05: [umc-core.smx] Adding Clients to Vote:
L 06/15/2018 - 01:59:05: [umc-core.smx] 0: Nowaf8037 (2)
L 06/15/2018 - 01:59:05: [umc-core.smx] VOTE MENU:
L 06/15/2018 - 01:59:05: [umc-core.smx] 2: emp_drygulch (0)
L 06/15/2018 - 01:59:05: [umc-core.smx] 3: con_glycencity (1)
L 06/15/2018 - 01:59:05: [umc-core.smx] 4: emp_beachfront (2)
L 06/15/2018 - 01:59:36: [umc-emp-mapvote.smx] WARNING: Map Voting failure. Initiating random map fail-safe.
L 06/15/2018 - 01:59:36: [umc-core.smx] Setting nextmap to: emp_beachfront_b2_hce
L 06/15/2018 - 01:59:36: [umc-randomcycle.smx] Disabling random nextmap selection.
L 06/15/2018 - 01:59:36: [umc-core.smx] umc-emp-mapvote.smx: Changing map to 'emp_beachfront_b2_hce' in 5 seconds.
L 06/15/2018 - 01:59:36: [umc-core.smx] Vote has concluded.
L 06/15/2018 - 01:59:42: [umc-core.smx] ---------------------MAP CHANGE: emp_beachfront_b2_hce---------------------
L 06/15/2018 - 01:59:42: [umc-endvote-warnings.smx] Successfully parsed and set up 11 vote warnings.
L 06/15/2018 - 01:59:42: [umc-rockthevote.smx] RTV will be made available in 60 seconds.
L 06/15/2018 - 02:00:43: [umc-rockthevote.smx] RTV is now available.
L 06/15/2018 - 14:11:20: [umc-core.smx] ---------------------MAP CHANGE: emp_forest_ob_2013_fix---------------------
L 06/15/2018 - 14:11:20: [umc-endvote-warnings.smx] Successfully parsed and set up 11 vote warnings.
L 06/15/2018 - 14:11:20: [umc-rockthevote.smx] RTV will be made available in 60 seconds.
L 06/15/2018 - 14:12:21: [umc-rockthevote.smx] RTV is now available.
L 06/15/2018 - 17:18:34: [umc-nominate.smx] Hyperbolic Hubris wants to nominate a map.
L 06/15/2018 - 17:18:40: [umc-nominate.smx] Hyperbolic Hubris has nominated 'con_urbanchaos_comm_b2' from group 'Infantry Maps'
L 06/15/2018 - 17:26:58: [umc-emp-mapvote.smx] Map vote will appear in 30 seconds.
L 06/15/2018 - 17:27:28: [umc-emp-mapvote.smx] Starting a map vote.
L 06/15/2018 - 17:27:28: [umc-core.smx] VOTE MENU: (Verbose) Fetching 7 maps from group 'Commander Maps'
L 06/15/2018 - 17:27:28: [umc-core.smx] VOTE MENU: (Verbose) Finished parsing nominations for map group 'Commander Maps'
L 06/15/2018 - 17:27:28: [umc-core.smx] VOTE MENU: (Verbose) Still need to fetch 7 maps from the group.
L 06/15/2018 - 17:27:28: [umc-core.smx] VOTE MENU: (Verbose) Selected map 'emp_drygulch_a7' from group 'Commander Maps' was added to the vote.
L 06/15/2018 - 17:27:28: [umc-core.smx] VOTE MENU: (Verbose) No more maps in map group 'Commander Maps'
L 06/15/2018 - 17:27:28: [umc-core.smx] VOTE MENU: (Verbose) Fetching 1 maps from group 'Infantry Maps'
L 06/15/2018 - 17:27:28: [umc-core.smx] VOTE MENU: (Verbose) Nominated map 'con_urbanchaos_comm_b2' from group 'Infantry Maps' was added to the vote.
L 06/15/2018 - 17:27:28: [umc-core.smx] VOTE MENU: (Verbose) Finished parsing nominations for map group 'Infantry Maps'
L 06/15/2018 - 17:27:28: [umc-core.smx] VOTE MENU: (Verbose) Fetching 0 maps from group 'Cooldown Maps'
L 06/15/2018 - 17:27:28: [umc-core.smx] VOTE MENU: (Verbose) Finished parsing nominations for map group 'Cooldown Maps'
L 06/15/2018 - 17:27:28: [umc-core.smx] Initiating Vote Type: Map
L 06/15/2018 - 17:27:28: [umc-core.smx] Adding Clients to Vote:
L 06/15/2018 - 17:27:28: [umc-core.smx] 0: Hyperbolic Hubris (2)
L 06/15/2018 - 17:27:28: [umc-core.smx] VOTE MENU:
L 06/15/2018 - 17:27:28: [umc-core.smx] 2: con_urbanchaos (0)
L 06/15/2018 - 17:27:28: [umc-core.smx] 3: emp_drygulch (1)
L 06/15/2018 - 17:27:55: [umc-core.smx] Hyperbolic Hubris<224><[U:1:15813678]><> selected menu item 1
L 06/15/2018 - 17:27:55: [umc-core.smx] Setting nextmap to: con_urbanchaos_comm_b2
L 06/15/2018 - 17:27:55: [umc-randomcycle.smx] Disabling random nextmap selection.
L 06/15/2018 - 17:27:55: [umc-core.smx] umc-emp-mapvote.smx: Changing map to 'con_urbanchaos_comm_b2' in 5 seconds.
L 06/15/2018 - 17:27:55: [umc-core.smx] MAPVOTE: Players voted for map 'con_urbanchaos_comm_b2' from group 'Infantry Maps'
L 06/15/2018 - 17:27:55: [umc-core.smx] Vote has concluded.
L 06/15/2018 - 17:28:01: [umc-core.smx] ---------------------MAP CHANGE: con_urbanchaos_comm_b2---------------------
L 06/15/2018 - 17:28:01: [umc-endvote-warnings.smx] Successfully parsed and set up 11 vote warnings.
L 06/15/2018 - 17:28:01: [umc-rockthevote.smx] RTV will be made available in 60 seconds.
L 06/15/2018 - 17:29:02: [umc-rockthevote.smx] RTV is now available.
L 06/15/2018 - 20:18:08: [umc-emp-mapvote.smx] Map vote will appear in 30 seconds.
L 06/15/2018 - 20:18:38: [umc-emp-mapvote.smx] Starting a map vote.
L 06/15/2018 - 20:18:38: [umc-core.smx] VOTE MENU: (Verbose) Fetching 7 maps from group 'Commander Maps'
L 06/15/2018 - 20:18:38: [umc-core.smx] VOTE MENU: (Verbose) Finished parsing nominations for map group 'Commander Maps'
L 06/15/2018 - 20:18:38: [umc-core.smx] VOTE MENU: (Verbose) Still need to fetch 7 maps from the group.
L 06/15/2018 - 20:18:38: [umc-core.smx] VOTE MENU: (Verbose) Selected map 'emp_drygulch_a7' from group 'Commander Maps' was added to the vote.
L 06/15/2018 - 20:18:38: [umc-core.smx] VOTE MENU: (Verbose) No more maps in map group 'Commander Maps'
L 06/15/2018 - 20:18:38: [umc-core.smx] VOTE MENU: (Verbose) Fetching 1 maps from group 'Infantry Maps'
L 06/15/2018 - 20:18:38: [umc-core.smx] VOTE MENU: (Verbose) Finished parsing nominations for map group 'Infantry Maps'
L 06/15/2018 - 20:18:38: [umc-core.smx] VOTE MENU: (Verbose) Still need to fetch 1 maps from the group.
L 06/15/2018 - 20:18:38: [umc-core.smx] VOTE MENU: (Verbose) Selected map 'emp_shadows_attacks_fix' from group 'Infantry Maps' was added to the vote.
L 06/15/2018 - 20:18:38: [umc-core.smx] VOTE MENU: (Verbose) Fetching 0 maps from group 'Cooldown Maps'
L 06/15/2018 - 20:18:38: [umc-core.smx] VOTE MENU: (Verbose) Finished parsing nominations for map group 'Cooldown Maps'
L 06/15/2018 - 20:18:38: [umc-core.smx] Initiating Vote Type: Map
L 06/15/2018 - 20:18:38: [umc-core.smx] Adding Clients to Vote:
L 06/15/2018 - 20:18:38: [umc-core.smx] 0: Mr. X. (2)
L 06/15/2018 - 20:18:38: [umc-core.smx] 1: Luigi Di Maio (3)
L 06/15/2018 - 20:18:38: [umc-core.smx] 2: Trainzack (4)
L 06/15/2018 - 20:18:38: [umc-core.smx] 3: trivarfield (5)
L 06/15/2018 - 20:18:38: [umc-core.smx] VOTE MENU:
L 06/15/2018 - 20:18:38: [umc-core.smx] 2: emp_drygulch (0)
L 06/15/2018 - 20:18:38: [umc-core.smx] 3: con_shadows_attacks (1)
L 06/15/2018 - 20:18:43: [umc-core.smx] Luigi Di Maio<231><[U:1:215910085]><> selected menu item 1
L 06/15/2018 - 20:18:44: [umc-core.smx] trivarfield<235><[U:1:451901555]><> selected menu item 2
L 06/15/2018 - 20:19:09: [umc-core.smx] RUNOFF MENU: (Verbose) Building runoff vote menu.
L 06/15/2018 - 20:19:09: [umc-core.smx] RUNOFF MENU: (Verbose) Stopped removing options from the vote. Maximum possible winning vote percentage is 50%
L 06/15/2018 - 20:19:09: [umc-core.smx] Vote has concluded.
L 06/15/2018 - 20:19:17: [umc-core.smx] RUNOFF: Starting runoff vote.
L 06/15/2018 - 20:19:17: [umc-core.smx] Initiating Vote Type: Map
L 06/15/2018 - 20:19:17: [umc-core.smx] Adding Clients to Vote:
L 06/15/2018 - 20:19:17: [umc-core.smx] 0: Mr. X. (2)
L 06/15/2018 - 20:19:17: [umc-core.smx] 1: Luigi Di Maio (3)
L 06/15/2018 - 20:19:17: [umc-core.smx] 2: Trainzack (4)
L 06/15/2018 - 20:19:17: [umc-core.smx] 3: trivarfield (5)
L 06/15/2018 - 20:19:17: [umc-core.smx] VOTE MENU:
L 06/15/2018 - 20:19:17: [umc-core.smx] 2: emp_drygulch (0)
L 06/15/2018 - 20:19:17: [umc-core.smx] 3: con_shadows_attacks (1)
L 06/15/2018 - 20:19:47: [umc-core.smx] trivarfield<235><[U:1:451901555]><> selected menu item 1
L 06/15/2018 - 20:19:48: [umc-core.smx] Setting nextmap to: emp_drygulch_a7
L 06/15/2018 - 20:19:48: [umc-randomcycle.smx] Disabling random nextmap selection.
L 06/15/2018 - 20:19:48: [umc-core.smx] umc-emp-mapvote.smx: Changing map to 'emp_drygulch_a7' in 5 seconds.
L 06/15/2018 - 20:19:48: [umc-core.smx] MAPVOTE: Players voted for map 'emp_drygulch_a7' from group 'Commander Maps'
L 06/15/2018 - 20:19:48: [umc-core.smx] Vote has concluded.
L 06/15/2018 - 20:19:55: [umc-core.smx] ---------------------MAP CHANGE: emp_drygulch_a7---------------------
L 06/15/2018 - 20:19:55: [umc-endvote-warnings.smx] Successfully parsed and set up 11 vote warnings.
L 06/15/2018 - 20:19:55: [umc-rockthevote.smx] RTV will be made available in 60 seconds.
L 06/15/2018 - 20:20:56: [umc-rockthevote.smx] RTV is now available.
L 06/15/2018 - 21:45:14: [umc-nominate.smx] rauer wants to nominate a map.
L 06/15/2018 - 21:45:22: [umc-nominate.smx] rauer has nominated 'emp_nuclear_b8u_xfix' from group 'Infantry Maps'
L 06/15/2018 - 21:58:16: [umc-emp-mapvote.smx] Map vote will appear in 30 seconds.
L 06/15/2018 - 21:58:46: [umc-emp-mapvote.smx] Starting a map vote.
L 06/15/2018 - 21:58:46: [umc-core.smx] VOTE MENU: (Verbose) Fetching 7 maps from group 'Commander Maps'
L 06/15/2018 - 21:58:46: [umc-core.smx] VOTE MENU: (Verbose) Finished parsing nominations for map group 'Commander Maps'
L 06/15/2018 - 21:58:46: [umc-core.smx] VOTE MENU: (Verbose) Still need to fetch 7 maps from the group.
L 06/15/2018 - 21:58:46: [umc-core.smx] VOTE MENU: (Verbose) No more maps in map group 'Commander Maps'
L 06/15/2018 - 21:58:46: [umc-core.smx] VOTE MENU: (Verbose) Fetching 1 maps from group 'Infantry Maps'
L 06/15/2018 - 21:58:46: [umc-core.smx] VOTE MENU: (Verbose) Nominated map 'emp_nuclear_b8u_xfix' from group 'Infantry Maps' was added to the vote.
L 06/15/2018 - 21:58:46: [umc-core.smx] VOTE MENU: (Verbose) Finished parsing nominations for map group 'Infantry Maps'
L 06/15/2018 - 21:58:46: [umc-core.smx] VOTE MENU: (Verbose) Fetching 0 maps from group 'Cooldown Maps'
L 06/15/2018 - 21:58:46: [umc-core.smx] VOTE MENU: (Verbose) Finished parsing nominations for map group 'Cooldown Maps'
L 06/15/2018 - 21:58:46: [umc-core.smx] Initiating Vote Type: Map
L 06/15/2018 - 21:58:46: [umc-core.smx] Adding Clients to Vote:
L 06/15/2018 - 21:58:46: [umc-core.smx] 0: Mr. X. (2)
L 06/15/2018 - 21:58:46: [umc-core.smx] 1: rauer (3)
L 06/15/2018 - 21:58:46: [umc-core.smx] 2: Skalk (4)
L 06/15/2018 - 21:58:46: [umc-core.smx] 3: Oktay (8)
L 06/15/2018 - 21:58:46: [umc-core.smx] 4: MoonRock (9)
L 06/15/2018 - 21:58:46: [umc-core.smx] VOTE MENU:
L 06/15/2018 - 21:58:46: [umc-emp-mapvote.smx] Could not start UMC vote.
L 06/15/2018 - 21:58:46: [umc-emp-mapvote.smx] WARNING: Map Voting failure. Initiating random map fail-safe.
L 06/15/2018 - 21:58:46: [umc-core.smx] Setting nextmap to: con_blast_ob2
L 06/15/2018 - 21:58:46: [umc-randomcycle.smx] Disabling random nextmap selection.
L 06/15/2018 - 21:58:46: [umc-core.smx] umc-emp-mapvote.smx: Changing map to 'con_blast_ob2' in 5 seconds.
L 06/15/2018 - 21:58:54: [umc-core.smx] ---------------------MAP CHANGE: con_blast_ob2---------------------
L 06/15/2018 - 21:58:54: [umc-endvote-warnings.smx] Successfully parsed and set up 11 vote warnings.
L 06/15/2018 - 21:58:54: [umc-rockthevote.smx] RTV will be made available in 60 seconds.
L 06/15/2018 - 21:59:55: [umc-rockthevote.smx] RTV is now available.
L 06/15/2018 - 22:16:52: [umc-nominate.smx] Oktay wants to nominate a map.
L 06/15/2018 - 22:16:58: [umc-nominate.smx] Oktay has nominated 'emp_vehicletraining_2013' from group 'Infantry Maps'
L 06/15/2018 - 22:25:12: [umc-emp-mapvote.smx] Map vote will appear in 30 seconds.
L 06/15/2018 - 22:25:32: [umc-nominate.smx] rauer wants to nominate a map.
L 06/15/2018 - 22:25:36: [umc-nominate.smx] rauer has nominated 'con_district402' from group 'Infantry Maps'
L 06/15/2018 - 22:25:42: [umc-emp-mapvote.smx] Starting a map vote.
L 06/15/2018 - 22:25:42: [umc-core.smx] VOTE MENU: (Verbose) Fetching 7 maps from group 'Commander Maps'
L 06/15/2018 - 22:25:42: [umc-core.smx] VOTE MENU: (Verbose) Finished parsing nominations for map group 'Commander Maps'
L 06/15/2018 - 22:25:42: [umc-core.smx] VOTE MENU: (Verbose) Still need to fetch 7 maps from the group.
L 06/15/2018 - 22:25:42: [umc-core.smx] VOTE MENU: (Verbose) Selected map 'emp_beachfront_b2_hce' from group 'Commander Maps' was added to the vote.
L 06/15/2018 - 22:25:42: [umc-core.smx] VOTE MENU: (Verbose) Selected map 'emp_crossroads_towerless_hce' from group 'Commander Maps' was added to the vote.
L 06/15/2018 - 22:25:42: [umc-core.smx] VOTE MENU: (Verbose) Selected map 'emp_downfall_hce' from group 'Commander Maps' was added to the vote.
L 06/15/2018 - 22:25:42: [umc-core.smx] VOTE MENU: (Verbose) No more maps in map group 'Commander Maps'
L 06/15/2018 - 22:25:42: [umc-core.smx] VOTE MENU: (Verbose) Fetching 1 maps from group 'Infantry Maps'
L 06/15/2018 - 22:25:42: [umc-core.smx] VOTE MENU: (Verbose) Nominated map 'emp_vehicletraining_2013' from group 'Infantry Maps' was added to the vote.
L 06/15/2018 - 22:25:42: [umc-core.smx] VOTE MENU: (Verbose) Finished parsing nominations for map group 'Infantry Maps'
L 06/15/2018 - 22:25:42: [umc-core.smx] VOTE MENU: (Verbose) Fetching 0 maps from group 'Cooldown Maps'
L 06/15/2018 - 22:25:42: [umc-core.smx] VOTE MENU: (Verbose) Finished parsing nominations for map group 'Cooldown Maps'
L 06/15/2018 - 22:25:42: [umc-core.smx] Initiating Vote Type: Map
L 06/15/2018 - 22:25:42: [umc-core.smx] Adding Clients to Vote:
L 06/15/2018 - 22:25:42: [umc-core.smx] 0: Mr. X. (2)
L 06/15/2018 - 22:25:42: [umc-core.smx] 1: Oktay (8)
L 06/15/2018 - 22:25:42: [umc-core.smx] VOTE MENU:
L 06/15/2018 - 22:25:42: [umc-core.smx] 2: emp_beachfront (0)
L 06/15/2018 - 22:25:42: [umc-core.smx] 3: emp_downfall (1)
L 06/15/2018 - 22:25:42: [umc-core.smx] 4: con_vehicletraining (2)
L 06/15/2018 - 22:25:42: [umc-core.smx] 5: emp_crossroads (3)
L 06/15/2018 - 22:25:44: [umc-core.smx] Oktay<246><[U:1:116496292]><> selected menu item 3
L 06/15/2018 - 22:26:12: [umc-core.smx] Setting nextmap to: emp_vehicletraining_2013
L 06/15/2018 - 22:26:13: [umc-randomcycle.smx] Disabling random nextmap selection.
L 06/15/2018 - 22:26:13: [umc-core.smx] umc-emp-mapvote.smx: Changing map to 'emp_vehicletraining_2013' in 5 seconds.
L 06/15/2018 - 22:26:13: [umc-core.smx] MAPVOTE: Players voted for map 'emp_vehicletraining_2013' from group 'Infantry Maps'
L 06/15/2018 - 22:26:13: [umc-core.smx] Vote has concluded.
L 06/15/2018 - 22:26:18: [umc-core.smx] ---------------------MAP CHANGE: emp_vehicletraining_2013---------------------
L 06/15/2018 - 22:26:19: [umc-endvote-warnings.smx] Successfully parsed and set up 11 vote warnings.
L 06/15/2018 - 22:26:19: [umc-rockthevote.smx] RTV will be made available in 60 seconds.
L 06/15/2018 - 22:27:20: [umc-rockthevote.smx] RTV is now available.
