L 04/04/2017 - 00:21:41: [umc-core.smx] ---------------------MAP CHANGE: emp_canyon---------------------
L 04/04/2017 - 00:21:41: [umc-endvote-warnings.smx] Successfully parsed and set up 11 vote warnings.
L 04/04/2017 - 00:21:41: [umc-playercountmonitor.smx] Min Players: 14, Max Players: 32
L 04/04/2017 - 00:21:41: [umc-playercountmonitor.smx] Server will begin watching for inproper number of players in 240 seconds.
L 04/04/2017 - 00:21:41: [umc-rockthevote.smx] RTV is now available.
L 04/04/2017 - 00:25:41: [umc-playercountmonitor.smx] Server is now watching for inproper number of players.
L 04/04/2017 - 00:26:13: [umc-core.smx] ---------------------MAP CHANGE: emp_district402---------------------
L 04/04/2017 - 00:26:13: [umc-endvote-warnings.smx] Successfully parsed and set up 11 vote warnings.
L 04/04/2017 - 00:26:13: [umc-playercountmonitor.smx] Min Players: 0, Max Players: 13
L 04/04/2017 - 00:26:13: [umc-playercountmonitor.smx] Server will begin watching for inproper number of players in 240 seconds.
L 04/04/2017 - 00:26:13: [umc-rockthevote.smx] RTV is now available.
L 04/04/2017 - 00:26:31: [umc-core.smx] ---------------------MAP CHANGE: emp_canyon---------------------
L 04/04/2017 - 00:26:31: [umc-endvote-warnings.smx] Successfully parsed and set up 11 vote warnings.
L 04/04/2017 - 00:26:31: [umc-playercountmonitor.smx] Min Players: 14, Max Players: 32
L 04/04/2017 - 00:26:31: [umc-playercountmonitor.smx] Server will begin watching for inproper number of players in 240 seconds.
L 04/04/2017 - 00:26:31: [umc-rockthevote.smx] RTV is now available.
L 04/04/2017 - 00:30:31: [umc-playercountmonitor.smx] Server is now watching for inproper number of players.
L 04/04/2017 - 16:42:11: [umc-nominate.smx] Mr. X. wants to nominate a map.
L 04/04/2017 - 17:09:14: [umc-core.smx] ---------------------MAP CHANGE: emp_district402---------------------
L 04/04/2017 - 17:09:14: [umc-endvote-warnings.smx] Successfully parsed and set up 11 vote warnings.
L 04/04/2017 - 17:09:14: [umc-playercountmonitor.smx] Min Players: 0, Max Players: 13
L 04/04/2017 - 17:09:14: [umc-playercountmonitor.smx] Server will begin watching for inproper number of players in 240 seconds.
L 04/04/2017 - 17:09:14: [umc-rockthevote.smx] RTV is now available.
L 04/04/2017 - 17:13:15: [umc-playercountmonitor.smx] Server is now watching for inproper number of players.
L 04/04/2017 - 17:46:59: [umc-nominate.smx] Mr. X. wants to nominate a map.
L 04/04/2017 - 17:52:36: [umc-emp-mapvote.smx] Map vote will appear in 1 seconds.
L 04/04/2017 - 17:52:37: [umc-emp-mapvote.smx] Starting a map vote.
L 04/04/2017 - 17:52:37: [umc-core.smx] Initiating Vote Type: Map
L 04/04/2017 - 17:53:01: [umc-core.smx] Setting nextmap to: emp_drygulch_a6
L 04/04/2017 - 17:53:01: [umc-randomcycle.smx] Disabling random nextmap selection.
L 04/04/2017 - 17:53:01: [umc-core.smx] umc-emp-mapvote.smx: Changing map to 'emp_drygulch_a6' in 5 seconds.
L 04/04/2017 - 17:53:01: [umc-core.smx] MAPVOTE: Players voted for map 'emp_drygulch_a6' from group 'Commander Maps'
L 04/04/2017 - 17:53:07: [umc-core.smx] ---------------------MAP CHANGE: emp_drygulch_a6---------------------
L 04/04/2017 - 17:53:07: [umc-endvote-warnings.smx] Successfully parsed and set up 11 vote warnings.
L 04/04/2017 - 17:53:07: [umc-playercountmonitor.smx] Min Players: 0, Max Players: 22
L 04/04/2017 - 17:53:07: [umc-playercountmonitor.smx] Server will begin watching for inproper number of players in 240 seconds.
L 04/04/2017 - 17:53:07: [umc-rockthevote.smx] RTV is now available.
L 04/04/2017 - 17:57:07: [umc-playercountmonitor.smx] Server is now watching for inproper number of players.
L 04/04/2017 - 23:03:25: [umc-core.smx] Initiating Vote Type: Map
L 04/04/2017 - 23:03:46: [umc-core.smx] Setting nextmap to: emp_beachfront_b2
L 04/04/2017 - 23:03:46: [umc-randomcycle.smx] Disabling random nextmap selection.
L 04/04/2017 - 23:03:46: [umc-core.smx] umc-votecommand.smx: Changing map to 'emp_beachfront_b2' in 5 seconds.
L 04/04/2017 - 23:03:46: [umc-core.smx] MAPVOTE: Players voted for map 'emp_beachfront_b2' from group 'Commander Maps'
L 04/04/2017 - 23:03:51: [umc-core.smx] ---------------------MAP CHANGE: emp_beachfront_b2---------------------
L 04/04/2017 - 23:03:51: [umc-endvote-warnings.smx] Successfully parsed and set up 11 vote warnings.
L 04/04/2017 - 23:03:51: [umc-playercountmonitor.smx] Min Players: 0, Max Players: 22
L 04/04/2017 - 23:03:51: [umc-playercountmonitor.smx] Server will begin watching for inproper number of players in 240 seconds.
L 04/04/2017 - 23:03:51: [umc-rockthevote.smx] RTV is now available.
L 04/04/2017 - 23:07:52: [umc-playercountmonitor.smx] Server is now watching for inproper number of players.
L 04/04/2017 - 23:52:34: [umc-nominate.smx] .|Ϟ|. Yinglet Matriarch wants to nominate a map.
L 04/04/2017 - 23:52:52: [umc-nominate.smx] .|Ϟ|. Yinglet Matriarch has nominated 'emp_homeland_b9' from group 'Commander Maps'
L 04/04/2017 - 23:53:55: [umc-emp-mapvote.smx] Map vote will appear in 1 seconds.
L 04/04/2017 - 23:53:56: [umc-emp-mapvote.smx] Starting a map vote.
L 04/04/2017 - 23:53:56: [umc-core.smx] Initiating Vote Type: Map
L 04/04/2017 - 23:54:35: [umc-core.smx] RUNOFF: Starting runoff vote.
L 04/04/2017 - 23:54:35: [umc-core.smx] Initiating Vote Type: Map
L 04/04/2017 - 23:55:06: [umc-core.smx] Setting nextmap to: emp_streetsoffire
L 04/04/2017 - 23:55:06: [umc-randomcycle.smx] Disabling random nextmap selection.
L 04/04/2017 - 23:55:06: [umc-core.smx] umc-emp-mapvote.smx: Changing map to 'emp_streetsoffire' in 5 seconds.
L 04/04/2017 - 23:55:06: [umc-core.smx] MAPVOTE: Players voted for map 'emp_streetsoffire' from group 'Commander Maps'
L 04/04/2017 - 23:55:12: [umc-core.smx] ---------------------MAP CHANGE: emp_streetsoffire---------------------
L 04/04/2017 - 23:55:12: [umc-endvote-warnings.smx] Successfully parsed and set up 11 vote warnings.
L 04/04/2017 - 23:55:12: [umc-playercountmonitor.smx] Min Players: 14, Max Players: 42
L 04/04/2017 - 23:55:12: [umc-playercountmonitor.smx] Server will begin watching for inproper number of players in 240 seconds.
L 04/04/2017 - 23:55:12: [umc-rockthevote.smx] RTV is now available.
L 04/04/2017 - 23:59:12: [umc-playercountmonitor.smx] Server is now watching for inproper number of players.
