L 04/18/2018 - 01:13:24: [umc-emp-mapvote.smx] Map vote will appear in 30 seconds.
L 04/18/2018 - 01:13:54: [umc-emp-mapvote.smx] Starting a map vote.
L 04/18/2018 - 01:13:54: [umc-core.smx] VOTE MENU: (Verbose) Fetching 6 maps from group 'Commander Maps'
L 04/18/2018 - 01:13:54: [umc-core.smx] VOTE MENU: (Verbose) Finished parsing nominations for map group 'Commander Maps'
L 04/18/2018 - 01:13:54: [umc-core.smx] VOTE MENU: (Verbose) Still need to fetch 6 maps from the group.
L 04/18/2018 - 01:13:54: [umc-core.smx] VOTE MENU: (Verbose) Selected map 'emp_crossroads_towerless_hce' from group 'Commander Maps' was added to the vote.
L 04/18/2018 - 01:13:54: [umc-core.smx] VOTE MENU: (Verbose) Selected map 'emp_beachfront_b2_hce' from group 'Commander Maps' was added to the vote.
L 04/18/2018 - 01:13:54: [umc-core.smx] VOTE MENU: (Verbose) Selected map 'emp_downfall_hce' from group 'Commander Maps' was added to the vote.
L 04/18/2018 - 01:13:54: [umc-core.smx] VOTE MENU: (Verbose) No more maps in map group 'Commander Maps'
L 04/18/2018 - 01:13:54: [umc-core.smx] VOTE MENU: (Verbose) Fetching 1 maps from group 'Infantry Maps'
L 04/18/2018 - 01:13:54: [umc-core.smx] VOTE MENU: (Verbose) Finished parsing nominations for map group 'Infantry Maps'
L 04/18/2018 - 01:13:54: [umc-core.smx] VOTE MENU: (Verbose) Still need to fetch 1 maps from the group.
L 04/18/2018 - 01:13:54: [umc-core.smx] VOTE MENU: (Verbose) Selected map 'emp_shadows_attacks_fix' from group 'Infantry Maps' was added to the vote.
L 04/18/2018 - 01:13:54: [umc-core.smx] VOTE MENU: (Verbose) Fetching 1 maps from group 'Cooldown Maps'
L 04/18/2018 - 01:13:54: [umc-core.smx] VOTE MENU: (Verbose) Finished parsing nominations for map group 'Cooldown Maps'
L 04/18/2018 - 01:13:54: [umc-core.smx] VOTE MENU: (Verbose) Still need to fetch 1 maps from the group.
L 04/18/2018 - 01:13:54: [umc-core.smx] VOTE MENU: (Verbose) Selected map 'fun_ricochet_a4' from group 'Cooldown Maps' was added to the vote.
L 04/18/2018 - 01:13:54: [umc-core.smx] Initiating Vote Type: Map
L 04/18/2018 - 01:13:54: [umc-core.smx] Adding Clients to Vote:
L 04/18/2018 - 01:13:54: [umc-core.smx] Could not start core vote, no players to display vote to!
L 04/18/2018 - 01:13:54: [umc-emp-mapvote.smx] Could not start UMC vote.
L 04/18/2018 - 01:13:54: [umc-emp-mapvote.smx] WARNING: Map Voting failure. Initiating random map fail-safe.
L 04/18/2018 - 01:13:54: [umc-core.smx] Setting nextmap to: emp_havoc_b1_fix
L 04/18/2018 - 01:13:54: [umc-randomcycle.smx] Disabling random nextmap selection.
L 04/18/2018 - 01:13:54: [umc-core.smx] umc-emp-mapvote.smx: Changing map to 'emp_havoc_b1_fix' in 5 seconds.
L 04/18/2018 - 01:14:00: [umc-core.smx] ---------------------MAP CHANGE: emp_havoc_b1_fix---------------------
L 04/18/2018 - 01:14:00: [umc-endvote-warnings.smx] Successfully parsed and set up 11 vote warnings.
L 04/18/2018 - 01:14:00: [umc-rockthevote.smx] RTV will be made available in 60 seconds.
L 04/18/2018 - 01:15:01: [umc-rockthevote.smx] RTV is now available.
L 04/18/2018 - 16:16:46: [umc-core.smx] ---------------------MAP CHANGE: con_district402---------------------
L 04/18/2018 - 16:16:46: [umc-endvote-warnings.smx] Successfully parsed and set up 11 vote warnings.
L 04/18/2018 - 16:16:46: [umc-rockthevote.smx] RTV will be made available in 60 seconds.
L 04/18/2018 - 16:17:47: [umc-rockthevote.smx] RTV is now available.
L 04/18/2018 - 19:09:53: [umc-emp-mapvote.smx] Map vote will appear in 30 seconds.
L 04/18/2018 - 19:10:23: [umc-emp-mapvote.smx] Starting a map vote.
L 04/18/2018 - 19:10:23: [umc-core.smx] VOTE MENU: (Verbose) Fetching 6 maps from group 'Commander Maps'
L 04/18/2018 - 19:10:23: [umc-core.smx] VOTE MENU: (Verbose) Finished parsing nominations for map group 'Commander Maps'
L 04/18/2018 - 19:10:23: [umc-core.smx] VOTE MENU: (Verbose) Still need to fetch 6 maps from the group.
L 04/18/2018 - 19:10:23: [umc-core.smx] VOTE MENU: (Verbose) Selected map 'emp_downfall_hce' from group 'Commander Maps' was added to the vote.
L 04/18/2018 - 19:10:23: [umc-core.smx] VOTE MENU: (Verbose) Selected map 'emp_beachfront_b2_hce' from group 'Commander Maps' was added to the vote.
L 04/18/2018 - 19:10:23: [umc-core.smx] VOTE MENU: (Verbose) Selected map 'emp_crossroads_towerless_hce' from group 'Commander Maps' was added to the vote.
L 04/18/2018 - 19:10:23: [umc-core.smx] VOTE MENU: (Verbose) Selected map 'emp_drygulch_a6' from group 'Commander Maps' was added to the vote.
L 04/18/2018 - 19:10:23: [umc-core.smx] VOTE MENU: (Verbose) No more maps in map group 'Commander Maps'
L 04/18/2018 - 19:10:23: [umc-core.smx] VOTE MENU: (Verbose) Fetching 1 maps from group 'Infantry Maps'
L 04/18/2018 - 19:10:23: [umc-core.smx] VOTE MENU: (Verbose) Finished parsing nominations for map group 'Infantry Maps'
L 04/18/2018 - 19:10:23: [umc-core.smx] VOTE MENU: (Verbose) Still need to fetch 1 maps from the group.
L 04/18/2018 - 19:10:23: [umc-core.smx] VOTE MENU: (Verbose) Selected map 'con_urbanchaos_comm_b2' from group 'Infantry Maps' was added to the vote.
L 04/18/2018 - 19:10:23: [umc-core.smx] VOTE MENU: (Verbose) Fetching 1 maps from group 'Cooldown Maps'
L 04/18/2018 - 19:10:23: [umc-core.smx] VOTE MENU: (Verbose) Finished parsing nominations for map group 'Cooldown Maps'
L 04/18/2018 - 19:10:23: [umc-core.smx] VOTE MENU: (Verbose) Still need to fetch 1 maps from the group.
L 04/18/2018 - 19:10:23: [umc-core.smx] VOTE MENU: (Verbose) Selected map 'fun_ricochet_a4' from group 'Cooldown Maps' was added to the vote.
L 04/18/2018 - 19:10:23: [umc-core.smx] Initiating Vote Type: Map
L 04/18/2018 - 19:10:23: [umc-core.smx] Adding Clients to Vote:
L 04/18/2018 - 19:10:23: [umc-core.smx] Could not start core vote, no players to display vote to!
L 04/18/2018 - 19:10:23: [umc-emp-mapvote.smx] Could not start UMC vote.
L 04/18/2018 - 19:10:23: [umc-emp-mapvote.smx] WARNING: Map Voting failure. Initiating random map fail-safe.
L 04/18/2018 - 19:10:23: [umc-core.smx] Setting nextmap to: emp_crossroads_towerless_hce
L 04/18/2018 - 19:10:23: [umc-randomcycle.smx] Disabling random nextmap selection.
L 04/18/2018 - 19:10:23: [umc-core.smx] umc-emp-mapvote.smx: Changing map to 'emp_crossroads_towerless_hce' in 5 seconds.
L 04/18/2018 - 19:10:30: [umc-core.smx] ---------------------MAP CHANGE: emp_crossroads_towerless_hce---------------------
L 04/18/2018 - 19:10:30: [umc-endvote-warnings.smx] Successfully parsed and set up 11 vote warnings.
L 04/18/2018 - 19:10:30: [umc-rockthevote.smx] RTV will be made available in 60 seconds.
L 04/18/2018 - 19:11:31: [umc-rockthevote.smx] RTV is now available.
