L 08/24/2019 - 17:33:09: Update available for "draftpick" (draftpick.smx). Current: 0.94 - Latest: 0.95
L 08/24/2019 - 17:33:10: Update available for "empstats" (empstats.smx). Current: 0.63 - Latest: 0.65
L 08/24/2019 - 17:33:12: Update available for "squadcontrol" (squadcontrol.smx). Current: 1.26 - Latest: 1.27
L 08/24/2019 - 17:33:26: Successfully updated and installed "draftpick".
L 08/24/2019 - 17:33:26: Successfully updated and installed "empstats".
L 08/24/2019 - 17:33:28: Successfully updated and installed "squadcontrol".
L 10/12/2019 - 18:25:14: Update available for "draftpick" (draftpick.smx). Current: 0.95 - Latest: 0.97
L 10/12/2019 - 18:25:14: Update available for "empstats" (empstats.smx). Current: 0.65 - Latest: 0.67
L 10/12/2019 - 18:25:14: Update available for "EmpUtils" (emputils.smx). Current: 0.17 - Latest: 0.19
L 10/12/2019 - 18:25:15: Update available for "squadcontrol" (squadcontrol.smx). Current: 1.27 - Latest: 1.28
L 10/12/2019 - 18:25:21: Successfully updated and installed "draftpick".
L 10/12/2019 - 18:25:21: Successfully updated and installed "empstats".
L 10/12/2019 - 18:25:22: Successfully updated and installed "EmpUtils".
L 10/12/2019 - 18:25:24: Successfully updated and installed "squadcontrol".
L 10/19/2019 - 20:28:04: Update available for "draftpick" (draftpick.smx). Current: 0.97 - Latest: 0.98
L 10/19/2019 - 20:28:04: Update available for "EmpUtils" (emputils.smx). Current: 0.19 - Latest: 0.22
L 10/19/2019 - 20:28:04: Update available for "squadcontrol" (squadcontrol.smx). Current: 1.28 - Latest: 1.29
L 10/19/2019 - 20:28:10: Successfully updated and installed "draftpick".
L 10/19/2019 - 20:28:10: Successfully updated and installed "EmpUtils".
L 10/19/2019 - 20:28:12: Successfully updated and installed "squadcontrol".
L 10/19/2019 - 21:28:01: Update available for "Surrender" (Surrender.smx). Current: v0.3.3 - Latest: v0.3.4
L 10/19/2019 - 21:28:01:   [0]  Updater rescue for emputils
L 10/19/2019 - 21:28:05: Update available for "EmpUtils" (emputils.smx). Current: 0.22 - Latest: 0.23
L 10/19/2019 - 21:28:05: Update available for "No Commander Extend Vote" (NoCommExtendVote.smx). Current: v0.9 WIP3 - Latest: v0.9 WIP5
L 10/19/2019 - 21:28:05:   [0]  [NCEV] NoCommExtendVote. v0.9 WIP Changelog:
L 10/19/2019 - 21:28:05:   [1]  - Added updater support (https://git.empiresmod.com/sourcemod/Updater)
L 10/19/2019 - 21:28:05:   [2]  - Ported to SourcePawn Transitional Syntax
L 10/19/2019 - 21:28:05:   [3]  - Updated version handling, added command nc_version
L 10/19/2019 - 21:28:05:   [4]  - Replaced extending with pausing. It will pause if below marktime with no comms
L 10/19/2019 - 21:28:05:   [5]  - Therefore removed cvars nc_addvotetime, nc_howmanytimese, nc_howmanytimes
L 10/19/2019 - 21:28:05:   [6]  - Added new cvar nc_howlongmax, to stop pausing after specified time, since first pause happened (0 = Disabled)
L 10/19/2019 - 21:28:05:   [7]  - Improved commander vote detection
L 10/19/2019 - 21:28:05:   [8]  - Plugin now has a dependency: https://git.empiresmod.com/sourcemod/EmpUtils
L 10/19/2019 - 21:28:05:   [9]  - Added HUD messages
L 10/19/2019 - 21:28:05:   [10]  - Disabled Comm HUD for infantry maps - WIP1
L 10/19/2019 - 21:28:05:   [11]  - Fixed comm detection not setting 'comms not ready', after both teams get a comm and one team loses a comm - WIP2
L 10/19/2019 - 21:28:05:   [12]  - Update dependencies - WIP2.1
L 10/19/2019 - 21:28:05:   [13]  - Added configs execution on comms ready or not ready - WIP3
L 10/19/2019 - 21:28:05:   [14]  - Fixed unpausing, after minimum players not reached - WIP3
L 10/19/2019 - 21:28:05:   [15]  - Update to latest emputils - WIP4
L 10/19/2019 - 21:28:05:   [16]  - Update to latest emputils again - WIP5
L 10/19/2019 - 21:28:06: Successfully updated and installed "Surrender".
L 10/19/2019 - 21:28:06: Successfully updated and installed "EmpUtils".
L 10/19/2019 - 21:28:06: Successfully updated and installed "No Commander Extend Vote".
L 10/20/2019 - 15:29:01: Update available for "draftpick" (draftpick.smx). Current: 0.98 - Latest: 1.01
L 10/20/2019 - 15:29:08: Successfully updated and installed "draftpick".
L 10/20/2019 - 16:29:01: Update available for "empstats" (empstats.smx). Current: 0.67 - Latest: 0.68
L 10/20/2019 - 16:29:01: Update available for "squadcontrol" (squadcontrol.smx). Current: 1.29 - Latest: 1.30
L 10/20/2019 - 16:29:02: Successfully updated and installed "empstats".
L 10/20/2019 - 16:29:04: Successfully updated and installed "squadcontrol".
L 10/20/2019 - 18:06:43: Update available for "Updater" (updater.smx). Current: 1.2.3 - Latest: 1.2.4
L 10/20/2019 - 18:06:43:   [0]  *YOU WILL NEED TO MANUALLY UPDATE TO THIS VERSION*
L 10/20/2019 - 18:06:43:   [1]  Updated license
L 10/20/2019 - 18:06:43:   [2]  Updater will now only check for updates automatically at the end of each round
L 10/20/2019 - 18:06:43:   [3]  Added cvar u_debug 0/1, Updater will now only log and do debug stuff if this cvar is 1
L 10/20/2019 - 18:06:43:   [4]  Updater will still be logged in logs/Updater.log
L 10/20/2019 - 18:06:43:   [5]  Added console command u_version to get version of the plugin output
L 10/20/2019 - 18:06:43:   [6]  Fixed self updating for updater *YOU WILL NEED TO MANUALLY UPDATE TO THIS VERSION*
L 10/20/2019 - 18:06:51: Successfully updated and installed "Updater".
L 10/20/2019 - 18:06:51: Reloading Updater plugin... updates will resume automatically.
L 11/06/2019 - 15:29:06: Update available for "empfun" (empfun.smx). Current: 0.42 - Latest: 0.44
L 11/06/2019 - 15:29:12: Error downloading update for plugin: empfun.smx
L 11/06/2019 - 15:29:12:   [0]  URL: https://sourcemod.docs.empiresmod.com/empfun/dist/scenarios/standard_vehiclepresets.txt
L 11/06/2019 - 15:29:12:   [1]  Destination: scenarios/standard_vehiclepresets.txt.temp
L 11/06/2019 - 15:29:12:   [2]  SteamWorks error (status code 404). Request successful: True
L 11/08/2019 - 01:38:37: Update available for "empfun" (empfun.smx). Current: 0.42 - Latest: 0.47
L 11/08/2019 - 01:38:43: Successfully updated and installed "empfun".
L 11/10/2019 - 14:30:39: Update available for "empfun" (empfun.smx). Current: 0.47 - Latest: 0.49
L 11/10/2019 - 14:30:40: Successfully updated and installed "empfun".
L 11/10/2019 - 14:52:25: Update available for "empfun" (empfun.smx). Current: 0.49 - Latest: 0.50
L 11/10/2019 - 14:52:30: Successfully updated and installed "empfun".
L 11/10/2019 - 16:24:13: Update available for "empfun" (empfun.smx). Current: 0.50 - Latest: 0.51
L 11/10/2019 - 16:24:21: Successfully updated and installed "empfun".
L 11/11/2019 - 21:28:13: Update available for "empfun" (empfun.smx). Current: 0.51 - Latest: 0.52
L 11/11/2019 - 21:28:18: Successfully updated and installed "empfun".
L 11/17/2019 - 17:53:44: Update available for "empfun" (empfun.smx). Current: 0.52 - Latest: 0.53
L 11/17/2019 - 17:54:04: Successfully updated and installed "empfun".
L 11/22/2019 - 16:39:47: Update available for "empfun" (empfun.smx). Current: 0.53 - Latest: 0.54
L 11/22/2019 - 16:40:01: Successfully updated and installed "empfun".
L 11/22/2019 - 20:41:08: Update available for "empfun" (empfun.smx). Current: 0.53 - Latest: 0.54
L 11/22/2019 - 20:41:13: Successfully updated and installed "empfun".
L 11/22/2019 - 23:57:19: Update available for "empfun" (empfun.smx). Current: 0.53 - Latest: 0.54
L 11/22/2019 - 23:57:29: Successfully updated and installed "empfun".
L 11/23/2019 - 16:21:05: Update available for "empfun" (empfun.smx). Current: 0.53 - Latest: 0.54
L 11/23/2019 - 16:21:12: Successfully updated and installed "empfun".
L 11/23/2019 - 18:24:08: Update available for "empfun" (empfun.smx). Current: 0.53 - Latest: 0.55
L 11/23/2019 - 18:24:11: Successfully updated and installed "empfun".
L 11/23/2019 - 22:25:23: Update available for "empfun" (empfun.smx). Current: 0.55 - Latest: 0.56
L 11/23/2019 - 22:25:27: Error downloading update for plugin: empfun.smx
L 11/23/2019 - 22:25:27:   [0]  URL: https://sourcemod.docs.empiresmod.com/empfun/dist/scenarios/emp_palmbay/votelist_base.txt
L 11/23/2019 - 22:25:27:   [1]  Destination: scenarios/emp_palmbay/votelist_base.txt.temp
L 11/23/2019 - 22:25:27:   [2]  SteamWorks error (status code 404). Request successful: True
L 11/29/2019 - 18:47:55: Update available for "empfun" (empfun.smx). Current: 0.55 - Latest: 0.58
L 11/29/2019 - 18:48:02: Successfully updated and installed "empfun".
L 11/30/2019 - 17:13:21: Update available for "empfun" (empfun.smx). Current: 0.58 - Latest: 0.60
L 11/30/2019 - 17:13:31: Successfully updated and installed "empfun".
L 11/30/2019 - 20:58:46: Update available for "squadcontrol" (squadcontrol.smx). Current: 1.30 - Latest: 1.31
L 11/30/2019 - 20:59:01: Successfully updated and installed "squadcontrol".
L 12/04/2019 - 16:14:14: Update available for "empfun" (empfun.smx). Current: 0.60 - Latest: 0.61
L 12/04/2019 - 16:14:20: Successfully updated and installed "empfun".
L 12/04/2019 - 23:01:59: Update available for "empfun" (empfun.smx). Current: 0.61 - Latest: 0.62
L 12/04/2019 - 23:02:06: Successfully updated and installed "empfun".
L 12/05/2019 - 01:03:14: Update available for "empfun" (empfun.smx). Current: 0.62 - Latest: 0.66
L 12/05/2019 - 01:03:20: Successfully updated and installed "empfun".
L 12/06/2019 - 15:14:38: Update available for "empfun" (empfun.smx). Current: 0.66 - Latest: 0.68
L 12/06/2019 - 15:14:45: Successfully updated and installed "empfun".
L 12/20/2019 - 18:41:55: Update available for "empfun" (empfun.smx). Current: 0.68 - Latest: 0.70
L 12/20/2019 - 18:42:04: Successfully updated and installed "empfun".
L 12/22/2019 - 18:35:33: Update available for "empfun" (empfun.smx). Current: 0.70 - Latest: 0.71
L 12/22/2019 - 18:35:43: Successfully updated and installed "empfun".
L 12/22/2019 - 21:10:22: Update available for "squadcontrol" (squadcontrol.smx). Current: 1.31 - Latest: 1.32
L 12/22/2019 - 21:10:41: Successfully updated and installed "squadcontrol".
L 12/28/2019 - 19:53:22: SMC parsing error on line 26
L 12/28/2019 - 19:53:22:   [0]  URL: https://sourcemod.docs.empiresmod.com/no_commander_extend_vote/updater.txt
L 12/28/2019 - 19:53:22:   [1]  ERROR: Line contained too many invalid tokens
L 12/28/2019 - 21:02:25: SMC parsing error on line 26
L 12/28/2019 - 21:02:25:   [0]  URL: https://sourcemod.docs.empiresmod.com/no_commander_extend_vote/updater.txt
L 12/28/2019 - 21:02:25:   [1]  ERROR: Line contained too many invalid tokens
L 12/28/2019 - 21:29:26: SMC parsing error on line 26
L 12/28/2019 - 21:29:26:   [0]  URL: https://sourcemod.docs.empiresmod.com/no_commander_extend_vote/updater.txt
L 12/28/2019 - 21:29:26:   [1]  ERROR: Line contained too many invalid tokens
L 12/28/2019 - 22:04:11: SMC parsing error on line 26
L 12/28/2019 - 22:04:11:   [0]  URL: https://sourcemod.docs.empiresmod.com/no_commander_extend_vote/updater.txt
L 12/28/2019 - 22:04:11:   [1]  ERROR: Line contained too many invalid tokens
L 12/28/2019 - 22:37:41: SMC parsing error on line 26
L 12/28/2019 - 22:37:41:   [0]  URL: https://sourcemod.docs.empiresmod.com/no_commander_extend_vote/updater.txt
L 12/28/2019 - 22:37:41:   [1]  ERROR: Line contained too many invalid tokens
L 12/28/2019 - 23:13:48: Update available for "No Commander Extend Vote" (NoCommExtendVote.smx). Current: v0.9 WIP5 - Latest: v0.9 WIP6
L 12/28/2019 - 23:13:48:   [0]  [NCEV] NoCommExtendVote. v0.9 WIP Changelog:
L 12/28/2019 - 23:13:48:   [1]  - Added updater support (https://git.empiresmod.com/sourcemod/Updater)
L 12/28/2019 - 23:13:48:   [2]  - Ported to SourcePawn Transitional Syntax
L 12/28/2019 - 23:13:48:   [3]  - Updated version handling, added command nc_version
L 12/28/2019 - 23:13:48:   [4]  - Replaced extending with pausing. It will pause if below marktime with no comms
L 12/28/2019 - 23:13:48:   [5]  - Therefore removed cvars nc_addvotetime, nc_howmanytimese, nc_howmanytimes
L 12/28/2019 - 23:13:48:   [6]  - Added new cvar nc_howlongmax, to stop pausing after specified time, since first pause happened (0 = Disabled)
L 12/28/2019 - 23:13:48:   [7]  - Improved commander vote detection
L 12/28/2019 - 23:13:48:   [8]  - Plugin now has a dependency: https://git.empiresmod.com/sourcemod/EmpUtils
L 12/28/2019 - 23:13:48:   [9]  - Added HUD messages
L 12/28/2019 - 23:13:48:   [10]  - Disabled Comm HUD for infantry maps - WIP1
L 12/28/2019 - 23:13:48:   [11]  - Fixed comm detection not setting 'comms not ready', after both teams get a comm and one team loses a comm - WIP2
L 12/28/2019 - 23:13:48:   [12]  - Update dependencies - WIP2.1
L 12/28/2019 - 23:13:48:   [13]  - Added configs execution on comms ready or not ready - WIP3
L 12/28/2019 - 23:13:48:   [14]  - Fixed unpausing, after minimum players not reached - WIP3
L 12/28/2019 - 23:13:48:   [15]  - Update to latest emputils - WIP4
L 12/28/2019 - 23:13:48:   [16]  - Update to latest emputils again - WIP5
L 12/28/2019 - 23:13:48:   [17]  - Fixed message 'Maximum amount of pausing time...' showing up after round has started - WIP6
L 12/28/2019 - 23:13:54: Successfully updated and installed "No Commander Extend Vote".
L 12/29/2019 - 19:26:59: Update available for "empfun" (empfun.smx). Current: 0.71 - Latest: 0.72
L 12/29/2019 - 19:27:15: Successfully updated and installed "empfun".
L 01/04/2020 - 13:57:06: Update available for "EventTimeleftHostname" (EventTimeleftHostname.smx). Current: v0.1 WIP2 - Latest: v0.2
L 01/04/2020 - 13:57:06:   [0]  Implemented leap years
L 01/04/2020 - 13:57:06:   [1]  Message Event Started is now customizable with eth_messagestart
L 01/04/2020 - 13:57:06:   [2]  You can now run commands on event start with file sourcemod/ETH/EventStart.cfg
L 01/04/2020 - 13:57:06: Update available for "No Commander Extend Vote" (NoCommExtendVote.smx). Current: v0.9 WIP6 - Latest: v0.9.1
L 01/04/2020 - 13:57:06:   [0]  - Added a HUD icon for alltalk during the vote
L 01/04/2020 - 13:57:06:   [1]  - CommCheck kill will no longer use SDKHooks to kill the cv, as it seems it can crash windows listenserver
L 01/04/2020 - 13:57:10: Successfully updated and installed "EventTimeleftHostname".
L 01/04/2020 - 13:57:10: Successfully updated and installed "No Commander Extend Vote".
L 01/06/2020 - 01:17:23: Update available for "squadcontrol" (squadcontrol.smx). Current: 1.32 - Latest: 1.33
L 01/06/2020 - 01:17:35: Successfully updated and installed "squadcontrol".
L 01/12/2020 - 19:52:09: Update available for "empstats" (empstats.smx). Current: 0.68 - Latest: 0.70
L 01/12/2020 - 19:52:10: Update available for "No Commander Extend Vote" (NoCommExtendVote.smx). Current: v0.9.1 - Latest: v0.9.2
L 01/12/2020 - 19:52:10:   [0]  - Changed channel of alltalk hud icon, was colliding with Mikleos plugin
L 01/12/2020 - 19:52:18: Successfully updated and installed "empstats".
L 01/12/2020 - 19:52:18: Successfully updated and installed "No Commander Extend Vote".
L 01/24/2020 - 19:04:13: Update available for "draftpick" (draftpick.smx). Current: 1.01 - Latest: 1.04
L 01/24/2020 - 19:04:14: Update available for "empstats" (empstats.smx). Current: 0.70 - Latest: 0.71
L 01/24/2020 - 19:04:42: Successfully updated and installed "draftpick".
L 01/24/2020 - 19:04:43: Successfully updated and installed "empstats".
L 01/26/2020 - 15:58:36: Update available for "draftpick" (draftpick.smx). Current: 1.04 - Latest: 1.05
L 01/26/2020 - 15:59:19: Successfully updated and installed "draftpick".
L 02/01/2020 - 21:29:59: Update available for "draftpick" (draftpick.smx). Current: 1.05 - Latest: 1.07
L 02/01/2020 - 21:32:15: Successfully updated and installed "draftpick".
L 02/02/2020 - 19:14:35: Update available for "draftpick" (draftpick.smx). Current: 1.07 - Latest: 1.08
L 02/02/2020 - 19:14:39: Successfully updated and installed "draftpick".
L 02/09/2020 - 00:07:50: Update available for "squadcontrol" (squadcontrol.smx). Current: 1.33 - Latest: 1.34
L 02/09/2020 - 00:08:07: Successfully updated and installed "squadcontrol".
L 02/09/2020 - 15:06:55: Update available for "draftpick" (draftpick.smx). Current: 1.08 - Latest: 1.09
L 02/09/2020 - 15:06:59: Update available for "squadcontrol" (squadcontrol.smx). Current: 1.34 - Latest: 1.36
L 02/09/2020 - 15:07:28: Successfully updated and installed "draftpick".
L 02/09/2020 - 15:07:36: Successfully updated and installed "squadcontrol".
L 02/15/2020 - 16:47:49: Update available for "empfun" (empfun.smx). Current: 0.72 - Latest: 0.73
L 02/15/2020 - 16:47:57: Successfully updated and installed "empfun".
L 02/15/2020 - 17:52:50: Update available for "empfun" (empfun.smx). Current: 0.73 - Latest: 0.74
L 02/15/2020 - 17:53:14: Successfully updated and installed "empfun".
L 02/16/2020 - 04:19:43: Update available for "empfun" (empfun.smx). Current: 0.74 - Latest: 0.75
L 02/16/2020 - 04:19:50: Successfully updated and installed "empfun".
L 02/16/2020 - 17:59:52: Update available for "empfun" (empfun.smx). Current: 0.75 - Latest: 0.76
L 02/16/2020 - 18:00:03: Successfully updated and installed "empfun".
L 02/17/2020 - 23:18:21: Update available for "empfun" (empfun.smx). Current: 0.76 - Latest: 0.79
L 02/17/2020 - 23:19:01: Successfully updated and installed "empfun".
L 02/21/2020 - 14:53:03: Update available for "empfun" (empfun.smx). Current: 0.79 - Latest: 0.80
L 02/21/2020 - 14:53:09: Successfully updated and installed "empfun".
L 02/22/2020 - 15:06:12: Update available for "empfun" (empfun.smx). Current: 0.80 - Latest: 0.81
L 02/22/2020 - 15:06:18: Successfully updated and installed "empfun".
L 02/23/2020 - 19:00:23: Update available for "empfun" (empfun.smx). Current: 0.81 - Latest: 0.83
L 02/23/2020 - 19:00:37: Successfully updated and installed "empfun".
L 02/29/2020 - 13:40:30: Update available for "squadcontrol" (squadcontrol.smx). Current: 1.36 - Latest: 1.38
L 02/29/2020 - 13:40:43: Successfully updated and installed "squadcontrol".
L 03/04/2020 - 00:24:02: Update available for "empfun" (empfun.smx). Current: 0.83 - Latest: 0.85
L 03/04/2020 - 00:24:19: Successfully updated and installed "empfun".
L 03/14/2020 - 15:37:44: Update available for "empfun" (empfun.smx). Current: 0.85 - Latest: 0.86
L 03/14/2020 - 15:37:46: Update available for "squadcontrol" (squadcontrol.smx). Current: 1.38 - Latest: 1.39
L 03/14/2020 - 15:38:01: Successfully updated and installed "empfun".
L 03/14/2020 - 15:38:07: Successfully updated and installed "squadcontrol".
L 03/21/2020 - 18:15:04: Update available for "empfun" (empfun.smx). Current: 0.86 - Latest: 0.87
L 03/21/2020 - 18:15:21: Successfully updated and installed "empfun".
L 03/21/2020 - 20:34:50: Update available for "squadcontrol" (squadcontrol.smx). Current: 1.39 - Latest: 1.40
L 03/21/2020 - 20:34:57: Update available for "empfun" (empfun.smx). Current: 0.87 - Latest: 0.88
L 03/21/2020 - 20:35:03: Successfully updated and installed "squadcontrol".
L 03/21/2020 - 20:35:12: Successfully updated and installed "empfun".
L 03/27/2020 - 16:52:49: Update available for "empfun" (empfun.smx). Current: 0.88 - Latest: 0.92
L 03/27/2020 - 16:53:04: Successfully updated and installed "empfun".
L 03/27/2020 - 17:01:27: Update available for "empfun" (empfun.smx). Current: 0.91 - Latest: 0.92
L 03/27/2020 - 17:01:31: Successfully updated and installed "empfun".
L 03/27/2020 - 17:04:46: Update available for "empfun" (empfun.smx). Current: 0.91 - Latest: 0.92
L 03/27/2020 - 17:04:54: Successfully updated and installed "empfun".
L 03/27/2020 - 17:09:45: Update available for "empfun" (empfun.smx). Current: 0.91 - Latest: 0.92
L 03/27/2020 - 17:10:05: Successfully updated and installed "empfun".
L 03/28/2020 - 15:50:32: Update available for "empfun" (empfun.smx). Current: 0.92 - Latest: 0.93
L 03/28/2020 - 15:50:40: Successfully updated and installed "empfun".
L 03/30/2020 - 18:58:35: Update available for "empfun" (empfun.smx). Current: 0.93 - Latest: 0.94
L 03/30/2020 - 18:58:51: Successfully updated and installed "empfun".
L 03/30/2020 - 20:12:42: Update available for "empfun" (empfun.smx). Current: 0.94 - Latest: 0.95
L 03/30/2020 - 20:12:52: Successfully updated and installed "empfun".
L 04/01/2020 - 21:19:34: Update available for "empfun" (empfun.smx). Current: 0.95 - Latest: 0.96
L 04/01/2020 - 21:19:42: Successfully updated and installed "empfun".
L 04/01/2020 - 23:14:22: Update available for "empfun" (empfun.smx). Current: 0.95 - Latest: 0.96
L 04/01/2020 - 23:14:25: Successfully updated and installed "empfun".
L 04/01/2020 - 23:58:42: Update available for "empfun" (empfun.smx). Current: 0.95 - Latest: 0.96
L 04/01/2020 - 23:58:45: Successfully updated and installed "empfun".
L 04/02/2020 - 00:59:15: Update available for "empfun" (empfun.smx). Current: 0.95 - Latest: 0.96
L 04/02/2020 - 00:59:22: Successfully updated and installed "empfun".
L 04/02/2020 - 05:00:41: Update available for "empfun" (empfun.smx). Current: 0.95 - Latest: 0.96
L 04/02/2020 - 05:00:52: Successfully updated and installed "empfun".
L 04/02/2020 - 09:02:04: Update available for "empfun" (empfun.smx). Current: 0.95 - Latest: 0.96
L 04/02/2020 - 09:02:12: Successfully updated and installed "empfun".
L 04/02/2020 - 13:03:38: Update available for "empfun" (empfun.smx). Current: 0.95 - Latest: 0.96
L 04/02/2020 - 13:03:46: Successfully updated and installed "empfun".
L 04/02/2020 - 17:05:00: Update available for "empfun" (empfun.smx). Current: 0.95 - Latest: 0.96
L 04/02/2020 - 17:05:08: Successfully updated and installed "empfun".
L 04/02/2020 - 18:32:39: Update available for "empfun" (empfun.smx). Current: 0.95 - Latest: 0.96
L 04/02/2020 - 18:32:58: Successfully updated and installed "empfun".
L 04/02/2020 - 19:01:43: Update available for "empfun" (empfun.smx). Current: 0.95 - Latest: 0.96
L 04/02/2020 - 19:02:08: Successfully updated and installed "empfun".
L 04/02/2020 - 22:56:19: Update available for "empfun" (empfun.smx). Current: 0.95 - Latest: 0.96
L 04/02/2020 - 22:56:27: Successfully updated and installed "empfun".
L 04/03/2020 - 02:57:44: Update available for "empfun" (empfun.smx). Current: 0.95 - Latest: 0.96
L 04/03/2020 - 02:57:52: Successfully updated and installed "empfun".
L 04/03/2020 - 06:59:10: Update available for "empfun" (empfun.smx). Current: 0.95 - Latest: 0.96
L 04/03/2020 - 06:59:17: Successfully updated and installed "empfun".
L 04/03/2020 - 11:00:35: Update available for "empfun" (empfun.smx). Current: 0.95 - Latest: 0.96
L 04/03/2020 - 11:00:43: Successfully updated and installed "empfun".
L 04/03/2020 - 15:02:14: Update available for "empfun" (empfun.smx). Current: 0.95 - Latest: 0.96
L 04/03/2020 - 15:02:22: Successfully updated and installed "empfun".
L 04/03/2020 - 16:01:53: Update available for "empfun" (empfun.smx). Current: 0.95 - Latest: 0.96
L 04/03/2020 - 16:02:17: Successfully updated and installed "empfun".
L 04/03/2020 - 16:39:28: Update available for "empfun" (empfun.smx). Current: 0.95 - Latest: 0.96
L 04/03/2020 - 16:40:33: Successfully updated and installed "empfun".
L 04/03/2020 - 20:48:27: Update available for "empfun" (empfun.smx). Current: 0.95 - Latest: 0.96
L 04/03/2020 - 20:48:35: Successfully updated and installed "empfun".
L 04/03/2020 - 21:14:18: Update available for "empfun" (empfun.smx). Current: 0.95 - Latest: 0.96
L 04/03/2020 - 21:14:27: Successfully updated and installed "empfun".
L 04/03/2020 - 22:47:15: Update available for "empfun" (empfun.smx). Current: 0.95 - Latest: 0.96
L 04/03/2020 - 22:47:22: Successfully updated and installed "empfun".
L 04/04/2020 - 00:03:54: Update available for "empfun" (empfun.smx). Current: 0.95 - Latest: 0.96
L 04/04/2020 - 00:04:00: Successfully updated and installed "empfun".
L 04/04/2020 - 02:04:35: Update available for "empfun" (empfun.smx). Current: 0.95 - Latest: 0.96
L 04/04/2020 - 02:04:42: Successfully updated and installed "empfun".
L 04/04/2020 - 02:37:22: Update available for "smoffsets" (smoffsets.smx). Current: v0.2.3 - Latest: v0.2.4
L 04/04/2020 - 02:37:22:   [0]  v0.2.4: Fixed SDKTOOLS signatures, it was using pre 2017 signatures
L 04/04/2020 - 02:37:29: Successfully updated and installed "smoffsets".
L 04/04/2020 - 02:54:25: Update available for "empfun" (empfun.smx). Current: 0.95 - Latest: 0.96
L 04/04/2020 - 02:54:33: Successfully updated and installed "empfun".
L 04/04/2020 - 06:55:53: Update available for "empfun" (empfun.smx). Current: 0.95 - Latest: 0.96
L 04/04/2020 - 06:56:00: Successfully updated and installed "empfun".
L 04/04/2020 - 10:57:20: Update available for "empfun" (empfun.smx). Current: 0.95 - Latest: 0.96
L 04/04/2020 - 10:57:27: Successfully updated and installed "empfun".
L 04/04/2020 - 14:58:45: Update available for "empfun" (empfun.smx). Current: 0.95 - Latest: 0.96
L 04/04/2020 - 14:58:53: Successfully updated and installed "empfun".
L 04/04/2020 - 20:12:04: Update available for "empfun" (empfun.smx). Current: 0.95 - Latest: 0.96
L 04/04/2020 - 20:12:12: Successfully updated and installed "empfun".
L 04/04/2020 - 20:50:37: Update available for "empfun" (empfun.smx). Current: 0.95 - Latest: 0.96
L 04/04/2020 - 20:50:45: Successfully updated and installed "empfun".
L 04/04/2020 - 21:57:28: Update available for "empfun" (empfun.smx). Current: 0.95 - Latest: 0.96
L 04/04/2020 - 21:57:35: Successfully updated and installed "empfun".
L 04/04/2020 - 23:39:29: Update available for "empfun" (empfun.smx). Current: 0.95 - Latest: 0.96
L 04/04/2020 - 23:39:38: Successfully updated and installed "empfun".
L 04/05/2020 - 01:03:55: Update available for "empfun" (empfun.smx). Current: 0.95 - Latest: 0.96
L 04/05/2020 - 01:04:01: Successfully updated and installed "empfun".
L 04/05/2020 - 02:11:17: Update available for "empfun" (empfun.smx). Current: 0.95 - Latest: 0.96
L 04/05/2020 - 02:11:24: Successfully updated and installed "empfun".
L 04/05/2020 - 02:34:57: Update available for "empfun" (empfun.smx). Current: 0.95 - Latest: 0.96
L 04/05/2020 - 02:35:01: Successfully updated and installed "empfun".
L 04/05/2020 - 20:01:52: Update available for "empfun" (empfun.smx). Current: 0.95 - Latest: 0.96
L 04/05/2020 - 20:02:18: Successfully updated and installed "empfun".
L 04/05/2020 - 21:50:49: Update available for "empfun" (empfun.smx). Current: 0.95 - Latest: 0.96
L 04/05/2020 - 21:51:02: Successfully updated and installed "empfun".
L 04/05/2020 - 22:55:58: Update available for "empfun" (empfun.smx). Current: 0.95 - Latest: 0.96
L 04/05/2020 - 22:56:06: Successfully updated and installed "empfun".
L 04/06/2020 - 00:10:17: Update available for "empfun" (empfun.smx). Current: 0.95 - Latest: 0.96
L 04/06/2020 - 00:10:24: Successfully updated and installed "empfun".
L 04/06/2020 - 01:32:35: Update available for "empfun" (empfun.smx). Current: 0.95 - Latest: 0.96
L 04/06/2020 - 01:32:43: Successfully updated and installed "empfun".
L 04/06/2020 - 03:09:34: Update available for "empfun" (empfun.smx). Current: 0.95 - Latest: 0.96
L 04/06/2020 - 03:09:41: Successfully updated and installed "empfun".
L 04/06/2020 - 05:52:37: Update available for "empfun" (empfun.smx). Current: 0.95 - Latest: 0.96
L 04/06/2020 - 05:52:43: Successfully updated and installed "empfun".
L 04/06/2020 - 09:05:36: Update available for "empfun" (empfun.smx). Current: 0.95 - Latest: 0.96
L 04/06/2020 - 09:05:44: Successfully updated and installed "empfun".
L 04/06/2020 - 13:07:02: Update available for "empfun" (empfun.smx). Current: 0.95 - Latest: 0.96
L 04/06/2020 - 13:07:10: Successfully updated and installed "empfun".
L 04/06/2020 - 17:08:26: Update available for "empfun" (empfun.smx). Current: 0.95 - Latest: 0.96
L 04/06/2020 - 17:08:36: Successfully updated and installed "empfun".
L 04/06/2020 - 18:06:11: Update available for "empfun" (empfun.smx). Current: 0.95 - Latest: 0.96
L 04/06/2020 - 18:06:21: Successfully updated and installed "empfun".
L 04/06/2020 - 22:56:09: Update available for "empfun" (empfun.smx). Current: 0.95 - Latest: 0.96
L 04/06/2020 - 22:56:26: Successfully updated and installed "empfun".
L 04/08/2020 - 00:52:56: Update available for "empfun" (empfun.smx). Current: 0.95 - Latest: 0.96
L 04/08/2020 - 00:53:14: Successfully updated and installed "empfun".
L 04/08/2020 - 19:47:45: Update available for "empfun" (empfun.smx). Current: 0.95 - Latest: 0.97
L 04/08/2020 - 19:47:57: Error downloading update for plugin: empfun.smx
L 04/08/2020 - 19:47:57:   [0]  URL: https://sourcemod.docs.empiresmod.com/empfun/dist/scenarios/emp_duststorm/mik_walljeeps.snr
L 04/08/2020 - 19:47:57:   [1]  Destination: scenarios/emp_duststorm/mik_walljeeps.snr.temp
L 04/08/2020 - 19:47:57:   [2]  SteamWorks error (status code 404). Request successful: True
L 04/08/2020 - 20:08:38: Update available for "empfun" (empfun.smx). Current: 0.95 - Latest: 0.97
L 04/08/2020 - 20:09:02: Successfully updated and installed "empfun".
L 04/11/2020 - 19:14:32: Update available for "empfun" (empfun.smx). Current: 0.97 - Latest: 0.98
L 04/11/2020 - 19:14:57: Successfully updated and installed "empfun".
L 04/13/2020 - 15:17:29: Update available for "empfun" (empfun.smx). Current: 0.98 - Latest: 0.99
L 04/13/2020 - 15:17:38: Successfully updated and installed "empfun".
L 04/13/2020 - 15:44:47: Update available for "empfun" (empfun.smx). Current: 0.99 - Latest: 1.00
L 04/13/2020 - 15:44:54: Successfully updated and installed "empfun".
L 04/17/2020 - 12:04:39: Update available for "empfun" (empfun.smx). Current: 1.00 - Latest: 1.01
L 04/17/2020 - 12:04:46: Successfully updated and installed "empfun".
L 04/18/2020 - 13:40:26: Update available for "empfun" (empfun.smx). Current: 1.01 - Latest: 1.02
L 04/18/2020 - 13:40:29: Successfully updated and installed "empfun".
L 04/18/2020 - 17:41:37: Update available for "empfun" (empfun.smx). Current: 1.02 - Latest: 1.03
L 04/18/2020 - 17:41:41: Successfully updated and installed "empfun".
L 04/23/2020 - 18:32:47: Update available for "empfun" (empfun.smx). Current: 1.03 - Latest: 1.04
L 04/23/2020 - 18:32:55: Successfully updated and installed "empfun".
L 04/23/2020 - 19:48:45: Update available for "draftpick" (draftpick.smx). Current: 1.09 - Latest: 1.10
L 04/23/2020 - 19:48:45: Update available for "squadcontrol" (squadcontrol.smx). Current: 1.40 - Latest: 1.41
L 04/23/2020 - 19:48:51: Successfully updated and installed "draftpick".
L 04/23/2020 - 19:48:54: Successfully updated and installed "squadcontrol".
L 04/23/2020 - 20:30:31: Update available for "squadcontrol" (squadcontrol.smx). Current: 1.41 - Latest: 1.43
L 04/23/2020 - 20:30:34: Successfully updated and installed "squadcontrol".
L 04/24/2020 - 20:40:42: Update available for "squadcontrol" (squadcontrol.smx). Current: 1.43 - Latest: 1.44
L 04/24/2020 - 20:40:44: Successfully updated and installed "squadcontrol".
L 04/25/2020 - 00:41:54: Update available for "draftpick" (draftpick.smx). Current: 1.10 - Latest: 1.11
L 04/25/2020 - 00:41:54: Update available for "squadcontrol" (squadcontrol.smx). Current: 1.44 - Latest: 1.45
L 04/25/2020 - 00:41:57: Successfully updated and installed "draftpick".
L 04/25/2020 - 00:41:59: Successfully updated and installed "squadcontrol".
L 04/25/2020 - 18:21:24: Update available for "empfun" (empfun.smx). Current: 1.04 - Latest: 1.05
L 04/25/2020 - 18:21:29: Successfully updated and installed "empfun".
L 04/25/2020 - 21:22:30: Update available for "empfun" (empfun.smx). Current: 1.05 - Latest: 1.06
L 04/25/2020 - 21:22:35: Successfully updated and installed "empfun".
L 04/26/2020 - 01:08:21: Update available for "empfun" (empfun.smx). Current: 1.06 - Latest: 1.08
L 04/26/2020 - 01:08:29: Successfully updated and installed "empfun".
L 04/26/2020 - 02:25:47: Update available for "empfun" (empfun.smx). Current: 1.07 - Latest: 1.08
L 04/26/2020 - 02:25:51: Successfully updated and installed "empfun".
L 04/26/2020 - 05:22:20: Update available for "empfun" (empfun.smx). Current: 1.07 - Latest: 1.08
L 04/26/2020 - 05:22:24: Successfully updated and installed "empfun".
L 04/26/2020 - 09:23:38: Update available for "empfun" (empfun.smx). Current: 1.07 - Latest: 1.08
L 04/26/2020 - 09:23:41: Successfully updated and installed "empfun".
L 04/26/2020 - 13:24:54: Update available for "empfun" (empfun.smx). Current: 1.07 - Latest: 1.08
L 04/26/2020 - 13:24:58: Successfully updated and installed "empfun".
L 04/26/2020 - 15:53:54: Update available for "empfun" (empfun.smx). Current: 1.07 - Latest: 1.08
L 04/26/2020 - 15:53:58: Successfully updated and installed "empfun".
L 04/26/2020 - 16:17:13: Update available for "empfun" (empfun.smx). Current: 1.07 - Latest: 1.08
L 04/26/2020 - 16:17:17: Successfully updated and installed "empfun".
L 04/26/2020 - 18:51:31: Update available for "empfun" (empfun.smx). Current: 1.07 - Latest: 1.09
L 04/26/2020 - 18:51:34: Successfully updated and installed "empfun".
L 05/08/2020 - 21:23:22: Update available for "empfun" (empfun.smx). Current: 1.09 - Latest: 1.12
L 05/08/2020 - 21:23:32: Successfully updated and installed "empfun".
L 05/10/2020 - 21:17:59: Update available for "squadcontrol" (squadcontrol.smx). Current: 1.45 - Latest: 1.47
L 05/10/2020 - 21:18:03: Update available for "empfun" (empfun.smx). Current: 1.12 - Latest: 1.13
L 05/10/2020 - 21:18:06: Successfully updated and installed "squadcontrol".
L 05/10/2020 - 21:18:09: Successfully updated and installed "empfun".
L 06/05/2020 - 19:06:56: Update available for "empfun" (empfun.smx). Current: 1.13 - Latest: 1.14
L 06/05/2020 - 19:07:04: Successfully updated and installed "empfun".
L 07/05/2020 - 00:33:40: Update available for "empfun" (empfun.smx). Current: 1.14 - Latest: 1.15
L 07/05/2020 - 00:33:47: Successfully updated and installed "empfun".
L 07/11/2020 - 17:21:13: Update available for "empfun" (empfun.smx). Current: 1.15 - Latest: 1.17
L 07/11/2020 - 17:21:24: Successfully updated and installed "empfun".
L 08/29/2020 - 17:07:31: Update available for "empfun" (empfun.smx). Current: 1.17 - Latest: 1.18
L 08/29/2020 - 17:07:44: Successfully updated and installed "empfun".
L 08/30/2020 - 19:36:17: Update available for "empfun" (empfun.smx). Current: 1.18 - Latest: 1.19
L 08/30/2020 - 19:36:30: Successfully updated and installed "empfun".
L 09/19/2020 - 15:33:44: Update available for "empfun" (empfun.smx). Current: 1.19 - Latest: 1.21
L 09/19/2020 - 15:33:55: Successfully updated and installed "empfun".
L 09/19/2020 - 21:46:29: Update available for "empfun" (empfun.smx). Current: 1.21 - Latest: 1.22
L 09/19/2020 - 21:46:31: Successfully updated and installed "empfun".
L 09/21/2020 - 21:00:39: Update available for "empfun" (empfun.smx). Current: 1.22 - Latest: 1.23
L 09/21/2020 - 21:00:51: Successfully updated and installed "empfun".
L 09/27/2020 - 19:44:37: Update available for "empfun" (empfun.smx). Current: 1.23 - Latest: 1.24
L 09/27/2020 - 19:44:49: Update available for "empfun" (empfun.smx). Current: 1.23 - Latest: 1.24
L 10/15/2020 - 01:44:16: Update available for "empfun" (empfun.smx). Current: 1.24 - Latest: 1.25
L 10/15/2020 - 01:44:17: Update available for "EmpUtils" (emputils.smx). Current: 0.23 - Latest: 0.24
L 10/15/2020 - 01:44:26: Successfully updated and installed "empfun".
L 10/15/2020 - 01:44:26: Successfully updated and installed "EmpUtils".
L 10/17/2020 - 13:37:18: Update available for "empfun" (empfun.smx). Current: 1.25 - Latest: 1.26
L 10/17/2020 - 13:37:32: Successfully updated and installed "empfun".
L 10/24/2020 - 15:19:45: Update available for "squadcontrol" (squadcontrol.smx). Current: 1.47 - Latest: 1.48
L 10/24/2020 - 15:19:55: Successfully updated and installed "squadcontrol".
L 12/09/2020 - 00:36:32: Update available for "draftpick" (draftpick.smx). Current: 1.12 - Latest: 1.11
L 12/09/2020 - 00:36:42: Successfully updated and installed "draftpick".
L 12/19/2020 - 18:33:53: Update available for "draftpick" (draftpick.smx). Current: 1.11 - Latest: 1.13
L 12/19/2020 - 18:33:53: Update available for "empfun" (empfun.smx). Current: 1.28 - Latest: 1.31
L 12/19/2020 - 18:34:01: Successfully updated and installed "draftpick".
L 12/19/2020 - 18:34:03: Successfully updated and installed "empfun".
L 01/17/2021 - 18:24:56: Update available for "empfun" (empfun.smx). Current: 1.31 - Latest: 1.32
L 01/17/2021 - 18:25:04: Successfully updated and installed "empfun".
L 01/31/2021 - 19:49:43: Update available for "empfun" (empfun.smx). Current: 1.32 - Latest: 1.33
L 01/31/2021 - 19:49:55: Successfully updated and installed "empfun".
L 01/31/2021 - 20:37:57: Update available for "empfun" (empfun.smx). Current: 1.33 - Latest: 1.34
L 01/31/2021 - 20:38:10: Successfully updated and installed "empfun".
L 02/06/2021 - 19:52:56: Update available for "empfun" (empfun.smx). Current: 1.34 - Latest: 1.35
L 02/06/2021 - 19:53:02: Successfully updated and installed "empfun".
L 02/14/2021 - 20:14:47: Update available for "empfun" (empfun.smx). Current: 1.35 - Latest: 1.37
L 02/14/2021 - 20:14:56: Successfully updated and installed "empfun".
L 02/21/2021 - 19:09:02: Update available for "draftpick" (draftpick.smx). Current: 1.13 - Latest: 1.14
L 02/21/2021 - 19:09:08: Successfully updated and installed "draftpick".
L 02/28/2021 - 17:24:03: Update available for "empfun" (empfun.smx). Current: 1.37 - Latest: 1.38
L 02/28/2021 - 17:24:13: Successfully updated and installed "empfun".
L 03/04/2021 - 14:32:11: Update available for "empfun" (empfun.smx). Current: 1.38 - Latest: 1.39
L 03/04/2021 - 14:32:12: Error downloading update for plugin: empfun.smx
L 03/04/2021 - 14:32:12:   [0]  URL: https://sourcemod.docs.empiresmod.com/empfun/dist/scenarios/emp_atoll/votelist_base.txt
L 03/04/2021 - 14:32:12:   [1]  Destination: scenarios/emp_atoll/votelist_base.txt.temp
L 03/04/2021 - 14:32:12:   [2]  SteamWorks error (status code 404). Request successful: True
L 03/04/2021 - 15:02:33: Update available for "empfun" (empfun.smx). Current: 1.38 - Latest: 1.40
L 03/04/2021 - 15:02:41: Successfully updated and installed "empfun".
